[LightGBM] [Warning] discretized_grad_renew is set=false, discretized_grad_renew=true will be ignored. Current value: discretized_grad_renew=false
[LightGBM] [Warning] use_discretized_grad is set=false, use_discretized_grad=true will be ignored. Current value: use_discretized_grad=false
[LightGBM] [Warning] force_row_wise is set=false, force_row_wise=true will be ignored. Current value: force_row_wise=false
[LightGBM] [Warning] Unknown parameter: stochastic_rounding
[LightGBM] [Warning] Unknown parameter: discretized_grad_renew
[LightGBM] [Warning] Unknown parameter: use_compressed_histogram_distributed
[LightGBM] [Warning] Unknown parameter: use_discretized_grad
[LightGBM] [Warning] Unknown parameter: per_bin_div
[LightGBM] [Info] Finished loading parameters
[LightGBM] [Debug] Loading train file...
[LightGBM] [Debug] Read 10.0 GBs from /home/shiyu/boosting_tree_benchmarks/data//epsilon.train.
[LightGBM] [Info] Construct bin mappers from text data time 39.21 seconds
[LightGBM] [Info] Finished loading data in 70.257822 seconds
[LightGBM] [Info] Number of positive: 199823, number of negative: 200177
[LightGBM] [Info] Total Bins 510000
[LightGBM] [Info] Number of data points in the train set: 400000, number of used features: 2000
[LightGBM] [Info] Finished initializing training
[LightGBM] [Info] Started training...
[LightGBM] [Info] [binary:BoostFromScore]: pavg=0.499557 -> initscore=-0.001770
[LightGBM] [Info] Start training from score -0.001770
[LightGBM] [Debug] Trained a tree with leaves = 255 and depth = 10
[LightGBM] [Info] 1.179378 seconds elapsed, finished iteration 1
[LightGBM] [Debug] Trained a tree with leaves = 255 and depth = 10
[LightGBM] [Info] 2.253940 seconds elapsed, finished iteration 2
[LightGBM] [Debug] Trained a tree with leaves = 255 and depth = 10
[LightGBM] [Info] 3.337177 seconds elapsed, finished iteration 3
[LightGBM] [Debug] Trained a tree with leaves = 255 and depth = 11
[LightGBM] [Info] 4.412831 seconds elapsed, finished iteration 4
[LightGBM] [Debug] Trained a tree with leaves = 255 and depth = 12
[LightGBM] [Info] 5.481796 seconds elapsed, finished iteration 5
[LightGBM] [Debug] Trained a tree with leaves = 255 and depth = 11
[LightGBM] [Info] 6.586985 seconds elapsed, finished iteration 6
[LightGBM] [Debug] Trained a tree with leaves = 255 and depth = 13
[LightGBM] [Info] 7.639345 seconds elapsed, finished iteration 7
[LightGBM] [Debug] Trained a tree with leaves = 255 and depth = 11
[LightGBM] [Info] 8.685903 seconds elapsed, finished iteration 8
[LightGBM] [Debug] Trained a tree with leaves = 255 and depth = 12
[LightGBM] [Info] 9.777960 seconds elapsed, finished iteration 9
[LightGBM] [Debug] Trained a tree with leaves = 255 and depth = 12
[LightGBM] [Info] 10.815534 seconds elapsed, finished iteration 10
[LightGBM] [Debug] Trained a tree with leaves = 255 and depth = 11
[LightGBM] [Info] 11.867935 seconds elapsed, finished iteration 11
[LightGBM] [Debug] Trained a tree with leaves = 255 and depth = 12
[LightGBM] [Info] 12.917037 seconds elapsed, finished iteration 12
[LightGBM] [Debug] Trained a tree with leaves = 255 and depth = 12
[LightGBM] [Info] 13.993393 seconds elapsed, finished iteration 13
[LightGBM] [Debug] Trained a tree with leaves = 255 and depth = 11
[LightGBM] [Info] 15.172837 seconds elapsed, finished iteration 14
[LightGBM] [Debug] Trained a tree with leaves = 255 and depth = 13
[LightGBM] [Info] 16.360149 seconds elapsed, finished iteration 15
[LightGBM] [Debug] Trained a tree with leaves = 255 and depth = 14
[LightGBM] [Info] 17.406125 seconds elapsed, finished iteration 16
[LightGBM] [Debug] Trained a tree with leaves = 255 and depth = 11
[LightGBM] [Info] 18.483726 seconds elapsed, finished iteration 17
[LightGBM] [Debug] Trained a tree with leaves = 255 and depth = 12
[LightGBM] [Info] 19.532581 seconds elapsed, finished iteration 18
[LightGBM] [Debug] Trained a tree with leaves = 255 and depth = 13
[LightGBM] [Info] 20.618481 seconds elapsed, finished iteration 19
[LightGBM] [Debug] Trained a tree with leaves = 255 and depth = 11
[LightGBM] [Info] 21.682023 seconds elapsed, finished iteration 20
[LightGBM] [Debug] Trained a tree with leaves = 255 and depth = 12
[LightGBM] [Info] 22.748359 seconds elapsed, finished iteration 21
[LightGBM] [Debug] Trained a tree with leaves = 255 and depth = 13
[LightGBM] [Info] 23.778459 seconds elapsed, finished iteration 22
[LightGBM] [Debug] Trained a tree with leaves = 255 and depth = 14
[LightGBM] [Info] 24.830200 seconds elapsed, finished iteration 23
[LightGBM] [Debug] Trained a tree with leaves = 255 and depth = 12
[LightGBM] [Info] 26.000940 seconds elapsed, finished iteration 24
[LightGBM] [Debug] Trained a tree with leaves = 255 and depth = 13
[LightGBM] [Info] 27.073490 seconds elapsed, finished iteration 25
[LightGBM] [Debug] Trained a tree with leaves = 255 and depth = 12
[LightGBM] [Info] 28.134396 seconds elapsed, finished iteration 26
[LightGBM] [Debug] Trained a tree with leaves = 255 and depth = 13
[LightGBM] [Info] 29.212920 seconds elapsed, finished iteration 27
[LightGBM] [Debug] Trained a tree with leaves = 255 and depth = 13
[LightGBM] [Info] 30.279248 seconds elapsed, finished iteration 28
[LightGBM] [Debug] Trained a tree with leaves = 255 and depth = 12
[LightGBM] [Info] 31.498611 seconds elapsed, finished iteration 29
[LightGBM] [Debug] Trained a tree with leaves = 255 and depth = 12
[LightGBM] [Info] 32.702820 seconds elapsed, finished iteration 30
[LightGBM] [Debug] Trained a tree with leaves = 255 and depth = 13
[LightGBM] [Info] 33.940612 seconds elapsed, finished iteration 31
[LightGBM] [Debug] Trained a tree with leaves = 255 and depth = 13
[LightGBM] [Info] 34.984027 seconds elapsed, finished iteration 32
[LightGBM] [Debug] Trained a tree with leaves = 255 and depth = 13
[LightGBM] [Info] 36.040986 seconds elapsed, finished iteration 33
[LightGBM] [Debug] Trained a tree with leaves = 255 and depth = 12
[LightGBM] [Info] 37.089762 seconds elapsed, finished iteration 34
[LightGBM] [Debug] Trained a tree with leaves = 255 and depth = 13
[LightGBM] [Info] 38.146760 seconds elapsed, finished iteration 35
[LightGBM] [Debug] Trained a tree with leaves = 255 and depth = 14
[LightGBM] [Info] 39.186885 seconds elapsed, finished iteration 36
[LightGBM] [Debug] Trained a tree with leaves = 255 and depth = 17
[LightGBM] [Info] 40.232361 seconds elapsed, finished iteration 37
[LightGBM] [Debug] Trained a tree with leaves = 255 and depth = 13
[LightGBM] [Info] 41.258199 seconds elapsed, finished iteration 38
[LightGBM] [Debug] Trained a tree with leaves = 255 and depth = 12
[LightGBM] [Info] 42.325283 seconds elapsed, finished iteration 39
[LightGBM] [Debug] Trained a tree with leaves = 255 and depth = 14
[LightGBM] [Info] 43.368436 seconds elapsed, finished iteration 40
[LightGBM] [Debug] Trained a tree with leaves = 255 and depth = 13
[LightGBM] [Info] 44.417402 seconds elapsed, finished iteration 41
[LightGBM] [Debug] Trained a tree with leaves = 255 and depth = 15
[LightGBM] [Info] 45.478107 seconds elapsed, finished iteration 42
[LightGBM] [Debug] Trained a tree with leaves = 255 and depth = 13
[LightGBM] [Info] 46.535375 seconds elapsed, finished iteration 43
[LightGBM] [Debug] Trained a tree with leaves = 255 and depth = 13
[LightGBM] [Info] 47.601752 seconds elapsed, finished iteration 44
[LightGBM] [Debug] Trained a tree with leaves = 255 and depth = 14
[LightGBM] [Info] 48.661036 seconds elapsed, finished iteration 45
[LightGBM] [Debug] Trained a tree with leaves = 255 and depth = 13
[LightGBM] [Info] 50.028559 seconds elapsed, finished iteration 46
[LightGBM] [Debug] Trained a tree with leaves = 255 and depth = 15
[LightGBM] [Info] 51.116694 seconds elapsed, finished iteration 47
[LightGBM] [Debug] Trained a tree with leaves = 255 and depth = 12
[LightGBM] [Info] 52.178776 seconds elapsed, finished iteration 48
[LightGBM] [Debug] Trained a tree with leaves = 255 and depth = 14
[LightGBM] [Info] 53.213034 seconds elapsed, finished iteration 49
[LightGBM] [Debug] Trained a tree with leaves = 255 and depth = 15
[LightGBM] [Info] 54.248431 seconds elapsed, finished iteration 50
[LightGBM] [Debug] Trained a tree with leaves = 255 and depth = 14
[LightGBM] [Info] 55.288180 seconds elapsed, finished iteration 51
[LightGBM] [Debug] Trained a tree with leaves = 255 and depth = 12
[LightGBM] [Info] 56.323374 seconds elapsed, finished iteration 52
[LightGBM] [Debug] Trained a tree with leaves = 255 and depth = 12
[LightGBM] [Info] 57.508747 seconds elapsed, finished iteration 53
[LightGBM] [Debug] Trained a tree with leaves = 255 and depth = 14
[LightGBM] [Info] 58.553818 seconds elapsed, finished iteration 54
[LightGBM] [Debug] Trained a tree with leaves = 255 and depth = 15
[LightGBM] [Info] 59.679999 seconds elapsed, finished iteration 55
[LightGBM] [Debug] Trained a tree with leaves = 255 and depth = 14
[LightGBM] [Info] 60.705896 seconds elapsed, finished iteration 56
[LightGBM] [Debug] Trained a tree with leaves = 255 and depth = 15
[LightGBM] [Info] 61.740092 seconds elapsed, finished iteration 57
[LightGBM] [Debug] Trained a tree with leaves = 255 and depth = 15
[LightGBM] [Info] 62.741662 seconds elapsed, finished iteration 58
[LightGBM] [Debug] Trained a tree with leaves = 255 and depth = 13
[LightGBM] [Info] 63.776985 seconds elapsed, finished iteration 59
[LightGBM] [Debug] Trained a tree with leaves = 255 and depth = 13
[LightGBM] [Info] 64.852989 seconds elapsed, finished iteration 60
[LightGBM] [Debug] Trained a tree with leaves = 255 and depth = 15
[LightGBM] [Info] 66.026604 seconds elapsed, finished iteration 61
[LightGBM] [Debug] Trained a tree with leaves = 255 and depth = 14
[LightGBM] [Info] 67.214540 seconds elapsed, finished iteration 62
[LightGBM] [Debug] Trained a tree with leaves = 255 and depth = 14
[LightGBM] [Info] 68.277052 seconds elapsed, finished iteration 63
[LightGBM] [Debug] Trained a tree with leaves = 255 and depth = 12
[LightGBM] [Info] 69.305754 seconds elapsed, finished iteration 64
[LightGBM] [Debug] Trained a tree with leaves = 255 and depth = 13
[LightGBM] [Info] 70.338352 seconds elapsed, finished iteration 65
[LightGBM] [Debug] Trained a tree with leaves = 255 and depth = 14
[LightGBM] [Info] 71.358585 seconds elapsed, finished iteration 66
[LightGBM] [Debug] Trained a tree with leaves = 255 and depth = 13
[LightGBM] [Info] 72.416507 seconds elapsed, finished iteration 67
[LightGBM] [Debug] Trained a tree with leaves = 255 and depth = 15
[LightGBM] [Info] 73.458983 seconds elapsed, finished iteration 68
[LightGBM] [Debug] Trained a tree with leaves = 255 and depth = 14
[LightGBM] [Info] 74.484447 seconds elapsed, finished iteration 69
[LightGBM] [Debug] Trained a tree with leaves = 255 and depth = 15
[LightGBM] [Info] 75.524983 seconds elapsed, finished iteration 70
[LightGBM] [Debug] Trained a tree with leaves = 255 and depth = 14
[LightGBM] [Info] 76.527565 seconds elapsed, finished iteration 71
[LightGBM] [Debug] Trained a tree with leaves = 255 and depth = 13
[LightGBM] [Info] 77.573854 seconds elapsed, finished iteration 72
[LightGBM] [Debug] Trained a tree with leaves = 255 and depth = 13
[LightGBM] [Info] 78.639457 seconds elapsed, finished iteration 73
[LightGBM] [Debug] Trained a tree with leaves = 255 and depth = 12
[LightGBM] [Info] 79.711802 seconds elapsed, finished iteration 74
[LightGBM] [Debug] Trained a tree with leaves = 255 and depth = 14
[LightGBM] [Info] 80.746590 seconds elapsed, finished iteration 75
[LightGBM] [Debug] Trained a tree with leaves = 255 and depth = 13
[LightGBM] [Info] 81.805249 seconds elapsed, finished iteration 76
[LightGBM] [Debug] Trained a tree with leaves = 255 and depth = 13
[LightGBM] [Info] 82.970487 seconds elapsed, finished iteration 77
[LightGBM] [Debug] Trained a tree with leaves = 255 and depth = 14
[LightGBM] [Info] 84.359993 seconds elapsed, finished iteration 78
[LightGBM] [Debug] Trained a tree with leaves = 255 and depth = 12
[LightGBM] [Info] 85.406512 seconds elapsed, finished iteration 79
[LightGBM] [Debug] Trained a tree with leaves = 255 and depth = 15
[LightGBM] [Info] 86.462449 seconds elapsed, finished iteration 80
[LightGBM] [Debug] Trained a tree with leaves = 255 and depth = 13
[LightGBM] [Info] 87.478883 seconds elapsed, finished iteration 81
[LightGBM] [Debug] Trained a tree with leaves = 255 and depth = 13
[LightGBM] [Info] 88.534867 seconds elapsed, finished iteration 82
[LightGBM] [Debug] Trained a tree with leaves = 255 and depth = 14
[LightGBM] [Info] 89.564175 seconds elapsed, finished iteration 83
[LightGBM] [Debug] Trained a tree with leaves = 255 and depth = 15
[LightGBM] [Info] 90.653538 seconds elapsed, finished iteration 84
[LightGBM] [Debug] Trained a tree with leaves = 255 and depth = 14
[LightGBM] [Info] 91.676124 seconds elapsed, finished iteration 85
[LightGBM] [Debug] Trained a tree with leaves = 255 and depth = 13
[LightGBM] [Info] 92.738842 seconds elapsed, finished iteration 86
[LightGBM] [Debug] Trained a tree with leaves = 255 and depth = 13
[LightGBM] [Info] 93.764426 seconds elapsed, finished iteration 87
[LightGBM] [Debug] Trained a tree with leaves = 255 and depth = 13
[LightGBM] [Info] 94.816352 seconds elapsed, finished iteration 88
[LightGBM] [Debug] Trained a tree with leaves = 255 and depth = 14
[LightGBM] [Info] 95.838975 seconds elapsed, finished iteration 89
[LightGBM] [Debug] Trained a tree with leaves = 255 and depth = 15
[LightGBM] [Info] 96.886401 seconds elapsed, finished iteration 90
[LightGBM] [Debug] Trained a tree with leaves = 255 and depth = 14
[LightGBM] [Info] 97.920764 seconds elapsed, finished iteration 91
[LightGBM] [Debug] Trained a tree with leaves = 255 and depth = 14
[LightGBM] [Info] 99.045309 seconds elapsed, finished iteration 92
[LightGBM] [Debug] Trained a tree with leaves = 255 and depth = 15
[LightGBM] [Info] 100.232073 seconds elapsed, finished iteration 93
[LightGBM] [Debug] Trained a tree with leaves = 255 and depth = 16
[LightGBM] [Info] 101.399354 seconds elapsed, finished iteration 94
[LightGBM] [Debug] Trained a tree with leaves = 255 and depth = 14
[LightGBM] [Info] 102.426964 seconds elapsed, finished iteration 95
[LightGBM] [Debug] Trained a tree with leaves = 255 and depth = 14
[LightGBM] [Info] 103.477579 seconds elapsed, finished iteration 96
[LightGBM] [Debug] Trained a tree with leaves = 255 and depth = 17
[LightGBM] [Info] 104.492173 seconds elapsed, finished iteration 97
[LightGBM] [Debug] Trained a tree with leaves = 255 and depth = 13
[LightGBM] [Info] 105.552238 seconds elapsed, finished iteration 98
[LightGBM] [Debug] Trained a tree with leaves = 255 and depth = 14
[LightGBM] [Info] 106.564252 seconds elapsed, finished iteration 99
[LightGBM] [Debug] Trained a tree with leaves = 255 and depth = 13
[LightGBM] [Info] 107.629478 seconds elapsed, finished iteration 100
[LightGBM] [Debug] Trained a tree with leaves = 255 and depth = 15
[LightGBM] [Info] 108.641731 seconds elapsed, finished iteration 101
[LightGBM] [Debug] Trained a tree with leaves = 255 and depth = 15
[LightGBM] [Info] 109.681562 seconds elapsed, finished iteration 102
[LightGBM] [Debug] Trained a tree with leaves = 255 and depth = 14
[LightGBM] [Info] 110.714544 seconds elapsed, finished iteration 103
[LightGBM] [Debug] Trained a tree with leaves = 255 and depth = 16
[LightGBM] [Info] 111.752028 seconds elapsed, finished iteration 104
[LightGBM] [Debug] Trained a tree with leaves = 255 and depth = 15
[LightGBM] [Info] 112.761614 seconds elapsed, finished iteration 105
[LightGBM] [Debug] Trained a tree with leaves = 255 and depth = 20
[LightGBM] [Info] 113.815394 seconds elapsed, finished iteration 106
[LightGBM] [Debug] Trained a tree with leaves = 255 and depth = 16
[LightGBM] [Info] 114.821793 seconds elapsed, finished iteration 107
[LightGBM] [Debug] Trained a tree with leaves = 255 and depth = 13
[LightGBM] [Info] 115.885183 seconds elapsed, finished iteration 108
[LightGBM] [Debug] Trained a tree with leaves = 255 and depth = 15
[LightGBM] [Info] 117.066596 seconds elapsed, finished iteration 109
[LightGBM] [Debug] Trained a tree with leaves = 255 and depth = 17
[LightGBM] [Info] 118.492921 seconds elapsed, finished iteration 110
[LightGBM] [Debug] Trained a tree with leaves = 255 and depth = 14
[LightGBM] [Info] 119.686471 seconds elapsed, finished iteration 111
[LightGBM] [Debug] Trained a tree with leaves = 255 and depth = 19
[LightGBM] [Info] 120.713529 seconds elapsed, finished iteration 112
[LightGBM] [Debug] Trained a tree with leaves = 255 and depth = 18
[LightGBM] [Info] 121.733888 seconds elapsed, finished iteration 113
[LightGBM] [Debug] Trained a tree with leaves = 255 and depth = 16
[LightGBM] [Info] 122.759965 seconds elapsed, finished iteration 114
[LightGBM] [Debug] Trained a tree with leaves = 255 and depth = 14
[LightGBM] [Info] 123.773662 seconds elapsed, finished iteration 115
[LightGBM] [Debug] Trained a tree with leaves = 255 and depth = 17
[LightGBM] [Info] 124.807051 seconds elapsed, finished iteration 116
[LightGBM] [Debug] Trained a tree with leaves = 255 and depth = 15
[LightGBM] [Info] 125.804370 seconds elapsed, finished iteration 117
[LightGBM] [Debug] Trained a tree with leaves = 255 and depth = 15
[LightGBM] [Info] 126.844181 seconds elapsed, finished iteration 118
[LightGBM] [Debug] Trained a tree with leaves = 255 and depth = 17
[LightGBM] [Info] 127.859878 seconds elapsed, finished iteration 119
[LightGBM] [Debug] Trained a tree with leaves = 255 and depth = 15
[LightGBM] [Info] 128.888414 seconds elapsed, finished iteration 120
[LightGBM] [Debug] Trained a tree with leaves = 255 and depth = 15
[LightGBM] [Info] 129.913110 seconds elapsed, finished iteration 121
[LightGBM] [Debug] Trained a tree with leaves = 255 and depth = 17
[LightGBM] [Info] 130.929695 seconds elapsed, finished iteration 122
[LightGBM] [Debug] Trained a tree with leaves = 255 and depth = 15
[LightGBM] [Info] 131.953905 seconds elapsed, finished iteration 123
[LightGBM] [Debug] Trained a tree with leaves = 255 and depth = 17
[LightGBM] [Info] 132.964925 seconds elapsed, finished iteration 124
[LightGBM] [Debug] Trained a tree with leaves = 255 and depth = 16
[LightGBM] [Info] 134.000643 seconds elapsed, finished iteration 125
[LightGBM] [Debug] Trained a tree with leaves = 255 and depth = 17
[LightGBM] [Info] 135.069810 seconds elapsed, finished iteration 126
[LightGBM] [Debug] Trained a tree with leaves = 255 and depth = 16
[LightGBM] [Info] 136.240019 seconds elapsed, finished iteration 127
[LightGBM] [Debug] Trained a tree with leaves = 255 and depth = 16
[LightGBM] [Info] 137.443846 seconds elapsed, finished iteration 128
[LightGBM] [Debug] Trained a tree with leaves = 255 and depth = 15
[LightGBM] [Info] 138.467180 seconds elapsed, finished iteration 129
[LightGBM] [Debug] Trained a tree with leaves = 255 and depth = 14
[LightGBM] [Info] 139.499994 seconds elapsed, finished iteration 130
[LightGBM] [Debug] Trained a tree with leaves = 255 and depth = 15
[LightGBM] [Info] 140.534519 seconds elapsed, finished iteration 131
[LightGBM] [Debug] Trained a tree with leaves = 255 and depth = 14
[LightGBM] [Info] 141.573349 seconds elapsed, finished iteration 132
[LightGBM] [Debug] Trained a tree with leaves = 255 and depth = 16
[LightGBM] [Info] 142.603903 seconds elapsed, finished iteration 133
[LightGBM] [Debug] Trained a tree with leaves = 255 and depth = 15
[LightGBM] [Info] 143.644330 seconds elapsed, finished iteration 134
[LightGBM] [Debug] Trained a tree with leaves = 255 and depth = 15
[LightGBM] [Info] 144.665967 seconds elapsed, finished iteration 135
[LightGBM] [Debug] Trained a tree with leaves = 255 and depth = 16
[LightGBM] [Info] 145.669470 seconds elapsed, finished iteration 136
[LightGBM] [Debug] Trained a tree with leaves = 255 and depth = 17
[LightGBM] [Info] 146.731023 seconds elapsed, finished iteration 137
[LightGBM] [Debug] Trained a tree with leaves = 255 and depth = 16
[LightGBM] [Info] 147.757167 seconds elapsed, finished iteration 138
[LightGBM] [Debug] Trained a tree with leaves = 255 and depth = 15
[LightGBM] [Info] 148.810751 seconds elapsed, finished iteration 139
[LightGBM] [Debug] Trained a tree with leaves = 255 and depth = 16
[LightGBM] [Info] 149.858394 seconds elapsed, finished iteration 140
[LightGBM] [Debug] Trained a tree with leaves = 255 and depth = 16
[LightGBM] [Info] 150.944276 seconds elapsed, finished iteration 141
[LightGBM] [Debug] Trained a tree with leaves = 255 and depth = 15
[LightGBM] [Info] 152.025062 seconds elapsed, finished iteration 142
[LightGBM] [Debug] Trained a tree with leaves = 255 and depth = 16
[LightGBM] [Info] 153.347305 seconds elapsed, finished iteration 143
[LightGBM] [Debug] Trained a tree with leaves = 255 and depth = 14
[LightGBM] [Info] 154.470005 seconds elapsed, finished iteration 144
[LightGBM] [Debug] Trained a tree with leaves = 255 and depth = 18
[LightGBM] [Info] 155.547858 seconds elapsed, finished iteration 145
[LightGBM] [Debug] Trained a tree with leaves = 255 and depth = 18
[LightGBM] [Info] 156.589727 seconds elapsed, finished iteration 146
[LightGBM] [Debug] Trained a tree with leaves = 255 and depth = 15
[LightGBM] [Info] 157.616554 seconds elapsed, finished iteration 147
[LightGBM] [Debug] Trained a tree with leaves = 255 and depth = 19
[LightGBM] [Info] 158.641605 seconds elapsed, finished iteration 148
[LightGBM] [Debug] Trained a tree with leaves = 255 and depth = 16
[LightGBM] [Info] 159.654501 seconds elapsed, finished iteration 149
[LightGBM] [Debug] Trained a tree with leaves = 255 and depth = 19
[LightGBM] [Info] 160.666739 seconds elapsed, finished iteration 150
[LightGBM] [Debug] Trained a tree with leaves = 255 and depth = 16
[LightGBM] [Info] 161.676641 seconds elapsed, finished iteration 151
[LightGBM] [Debug] Trained a tree with leaves = 255 and depth = 17
[LightGBM] [Info] 162.701755 seconds elapsed, finished iteration 152
[LightGBM] [Debug] Trained a tree with leaves = 255 and depth = 16
[LightGBM] [Info] 163.725824 seconds elapsed, finished iteration 153
[LightGBM] [Debug] Trained a tree with leaves = 255 and depth = 20
[LightGBM] [Info] 164.722471 seconds elapsed, finished iteration 154
[LightGBM] [Debug] Trained a tree with leaves = 255 and depth = 18
[LightGBM] [Info] 165.793062 seconds elapsed, finished iteration 155
[LightGBM] [Debug] Trained a tree with leaves = 255 and depth = 18
[LightGBM] [Info] 166.794907 seconds elapsed, finished iteration 156
[LightGBM] [Debug] Trained a tree with leaves = 255 and depth = 16
[LightGBM] [Info] 167.861284 seconds elapsed, finished iteration 157
[LightGBM] [Debug] Trained a tree with leaves = 255 and depth = 16
[LightGBM] [Info] 168.878069 seconds elapsed, finished iteration 158
[LightGBM] [Debug] Trained a tree with leaves = 255 and depth = 16
[LightGBM] [Info] 169.956108 seconds elapsed, finished iteration 159
[LightGBM] [Debug] Trained a tree with leaves = 255 and depth = 17
[LightGBM] [Info] 171.420863 seconds elapsed, finished iteration 160
[LightGBM] [Debug] Trained a tree with leaves = 255 and depth = 17
[LightGBM] [Info] 172.459122 seconds elapsed, finished iteration 161
[LightGBM] [Debug] Trained a tree with leaves = 255 and depth = 15
[LightGBM] [Info] 173.506896 seconds elapsed, finished iteration 162
[LightGBM] [Debug] Trained a tree with leaves = 255 and depth = 16
[LightGBM] [Info] 174.524407 seconds elapsed, finished iteration 163
[LightGBM] [Debug] Trained a tree with leaves = 255 and depth = 15
[LightGBM] [Info] 175.570961 seconds elapsed, finished iteration 164
[LightGBM] [Debug] Trained a tree with leaves = 255 and depth = 16
[LightGBM] [Info] 176.589279 seconds elapsed, finished iteration 165
[LightGBM] [Debug] Trained a tree with leaves = 255 and depth = 17
[LightGBM] [Info] 177.612233 seconds elapsed, finished iteration 166
[LightGBM] [Debug] Trained a tree with leaves = 255 and depth = 17
[LightGBM] [Info] 178.637649 seconds elapsed, finished iteration 167
[LightGBM] [Debug] Trained a tree with leaves = 255 and depth = 17
[LightGBM] [Info] 179.827174 seconds elapsed, finished iteration 168
[LightGBM] [Debug] Trained a tree with leaves = 255 and depth = 16
[LightGBM] [Info] 180.842533 seconds elapsed, finished iteration 169
[LightGBM] [Debug] Trained a tree with leaves = 255 and depth = 18
[LightGBM] [Info] 181.874053 seconds elapsed, finished iteration 170
[LightGBM] [Debug] Trained a tree with leaves = 255 and depth = 16
[LightGBM] [Info] 182.900956 seconds elapsed, finished iteration 171
[LightGBM] [Debug] Trained a tree with leaves = 255 and depth = 18
[LightGBM] [Info] 183.958998 seconds elapsed, finished iteration 172
[LightGBM] [Debug] Trained a tree with leaves = 255 and depth = 20
[LightGBM] [Info] 184.997347 seconds elapsed, finished iteration 173
[LightGBM] [Debug] Trained a tree with leaves = 255 and depth = 18
[LightGBM] [Info] 186.099591 seconds elapsed, finished iteration 174
[LightGBM] [Debug] Trained a tree with leaves = 255 and depth = 17
[LightGBM] [Info] 187.289979 seconds elapsed, finished iteration 175
[LightGBM] [Debug] Trained a tree with leaves = 255 and depth = 15
[LightGBM] [Info] 188.445660 seconds elapsed, finished iteration 176
[LightGBM] [Debug] Trained a tree with leaves = 255 and depth = 17
[LightGBM] [Info] 189.474000 seconds elapsed, finished iteration 177
[LightGBM] [Debug] Trained a tree with leaves = 255 and depth = 14
[LightGBM] [Info] 190.530107 seconds elapsed, finished iteration 178
[LightGBM] [Debug] Trained a tree with leaves = 255 and depth = 17
[LightGBM] [Info] 191.550930 seconds elapsed, finished iteration 179
[LightGBM] [Debug] Trained a tree with leaves = 255 and depth = 18
[LightGBM] [Info] 192.601164 seconds elapsed, finished iteration 180
[LightGBM] [Debug] Trained a tree with leaves = 255 and depth = 18
[LightGBM] [Info] 193.610397 seconds elapsed, finished iteration 181
[LightGBM] [Debug] Trained a tree with leaves = 255 and depth = 16
[LightGBM] [Info] 194.619065 seconds elapsed, finished iteration 182
[LightGBM] [Debug] Trained a tree with leaves = 255 and depth = 19
[LightGBM] [Info] 195.694818 seconds elapsed, finished iteration 183
[LightGBM] [Debug] Trained a tree with leaves = 255 and depth = 19
[LightGBM] [Info] 196.690810 seconds elapsed, finished iteration 184
[LightGBM] [Debug] Trained a tree with leaves = 255 and depth = 18
[LightGBM] [Info] 197.757365 seconds elapsed, finished iteration 185
[LightGBM] [Debug] Trained a tree with leaves = 255 and depth = 15
[LightGBM] [Info] 198.803924 seconds elapsed, finished iteration 186
[LightGBM] [Debug] Trained a tree with leaves = 255 and depth = 17
[LightGBM] [Info] 199.859312 seconds elapsed, finished iteration 187
[LightGBM] [Debug] Trained a tree with leaves = 255 and depth = 18
[LightGBM] [Info] 200.891206 seconds elapsed, finished iteration 188
[LightGBM] [Debug] Trained a tree with leaves = 255 and depth = 16
[LightGBM] [Info] 201.960084 seconds elapsed, finished iteration 189
[LightGBM] [Debug] Trained a tree with leaves = 255 and depth = 20
[LightGBM] [Info] 202.978391 seconds elapsed, finished iteration 190
[LightGBM] [Debug] Trained a tree with leaves = 255 and depth = 17
[LightGBM] [Info] 204.136056 seconds elapsed, finished iteration 191
[LightGBM] [Debug] Trained a tree with leaves = 255 and depth = 15
[LightGBM] [Info] 205.397451 seconds elapsed, finished iteration 192
[LightGBM] [Debug] Trained a tree with leaves = 255 and depth = 16
[LightGBM] [Info] 206.425113 seconds elapsed, finished iteration 193
[LightGBM] [Debug] Trained a tree with leaves = 255 and depth = 16
[LightGBM] [Info] 207.471207 seconds elapsed, finished iteration 194
[LightGBM] [Debug] Trained a tree with leaves = 255 and depth = 16
[LightGBM] [Info] 208.506283 seconds elapsed, finished iteration 195
[LightGBM] [Debug] Trained a tree with leaves = 255 and depth = 17
[LightGBM] [Info] 209.546483 seconds elapsed, finished iteration 196
[LightGBM] [Debug] Trained a tree with leaves = 255 and depth = 19
[LightGBM] [Info] 210.563248 seconds elapsed, finished iteration 197
[LightGBM] [Debug] Trained a tree with leaves = 255 and depth = 18
[LightGBM] [Info] 211.619179 seconds elapsed, finished iteration 198
[LightGBM] [Debug] Trained a tree with leaves = 255 and depth = 20
[LightGBM] [Info] 212.656357 seconds elapsed, finished iteration 199
[LightGBM] [Debug] Trained a tree with leaves = 255 and depth = 18
[LightGBM] [Info] 213.682966 seconds elapsed, finished iteration 200
[LightGBM] [Debug] Trained a tree with leaves = 255 and depth = 19
[LightGBM] [Info] 214.787091 seconds elapsed, finished iteration 201
[LightGBM] [Debug] Trained a tree with leaves = 255 and depth = 19
[LightGBM] [Info] 215.832635 seconds elapsed, finished iteration 202
[LightGBM] [Debug] Trained a tree with leaves = 255 and depth = 16
[LightGBM] [Info] 216.885891 seconds elapsed, finished iteration 203
[LightGBM] [Debug] Trained a tree with leaves = 255 and depth = 17
[LightGBM] [Info] 217.926275 seconds elapsed, finished iteration 204
[LightGBM] [Debug] Trained a tree with leaves = 255 and depth = 22
[LightGBM] [Info] 218.977181 seconds elapsed, finished iteration 205
[LightGBM] [Debug] Trained a tree with leaves = 255 and depth = 16
[LightGBM] [Info] 220.009095 seconds elapsed, finished iteration 206
[LightGBM] [Debug] Trained a tree with leaves = 255 and depth = 19
[LightGBM] [Info] 221.383177 seconds elapsed, finished iteration 207
[LightGBM] [Debug] Trained a tree with leaves = 255 and depth = 17
[LightGBM] [Info] 222.626922 seconds elapsed, finished iteration 208
[LightGBM] [Debug] Trained a tree with leaves = 255 and depth = 17
[LightGBM] [Info] 223.660360 seconds elapsed, finished iteration 209
[LightGBM] [Debug] Trained a tree with leaves = 255 and depth = 19
[LightGBM] [Info] 224.727971 seconds elapsed, finished iteration 210
[LightGBM] [Debug] Trained a tree with leaves = 255 and depth = 19
[LightGBM] [Info] 225.754707 seconds elapsed, finished iteration 211
[LightGBM] [Debug] Trained a tree with leaves = 255 and depth = 15
[LightGBM] [Info] 226.799862 seconds elapsed, finished iteration 212
[LightGBM] [Debug] Trained a tree with leaves = 255 and depth = 16
[LightGBM] [Info] 227.840584 seconds elapsed, finished iteration 213
[LightGBM] [Debug] Trained a tree with leaves = 255 and depth = 17
[LightGBM] [Info] 228.882595 seconds elapsed, finished iteration 214
[LightGBM] [Debug] Trained a tree with leaves = 255 and depth = 20
[LightGBM] [Info] 229.903051 seconds elapsed, finished iteration 215
[LightGBM] [Debug] Trained a tree with leaves = 255 and depth = 17
[LightGBM] [Info] 230.943914 seconds elapsed, finished iteration 216
[LightGBM] [Debug] Trained a tree with leaves = 255 and depth = 17
[LightGBM] [Info] 231.954334 seconds elapsed, finished iteration 217
[LightGBM] [Debug] Trained a tree with leaves = 255 and depth = 16
[LightGBM] [Info] 232.978441 seconds elapsed, finished iteration 218
[LightGBM] [Debug] Trained a tree with leaves = 255 and depth = 16
[LightGBM] [Info] 234.039074 seconds elapsed, finished iteration 219
[LightGBM] [Debug] Trained a tree with leaves = 255 and depth = 18
[LightGBM] [Info] 235.055851 seconds elapsed, finished iteration 220
[LightGBM] [Debug] Trained a tree with leaves = 255 and depth = 21
[LightGBM] [Info] 236.128347 seconds elapsed, finished iteration 221
[LightGBM] [Debug] Trained a tree with leaves = 255 and depth = 17
[LightGBM] [Info] 237.219510 seconds elapsed, finished iteration 222
[LightGBM] [Debug] Trained a tree with leaves = 255 and depth = 17
[LightGBM] [Info] 238.686109 seconds elapsed, finished iteration 223
[LightGBM] [Debug] Trained a tree with leaves = 255 and depth = 17
[LightGBM] [Info] 239.750806 seconds elapsed, finished iteration 224
[LightGBM] [Debug] Trained a tree with leaves = 255 and depth = 17
[LightGBM] [Info] 240.787039 seconds elapsed, finished iteration 225
[LightGBM] [Debug] Trained a tree with leaves = 255 and depth = 21
[LightGBM] [Info] 241.815121 seconds elapsed, finished iteration 226
[LightGBM] [Debug] Trained a tree with leaves = 255 and depth = 19
[LightGBM] [Info] 242.833994 seconds elapsed, finished iteration 227
[LightGBM] [Debug] Trained a tree with leaves = 255 and depth = 17
[LightGBM] [Info] 243.884120 seconds elapsed, finished iteration 228
[LightGBM] [Debug] Trained a tree with leaves = 255 and depth = 20
[LightGBM] [Info] 244.902705 seconds elapsed, finished iteration 229
[LightGBM] [Debug] Trained a tree with leaves = 255 and depth = 16
[LightGBM] [Info] 245.941168 seconds elapsed, finished iteration 230
[LightGBM] [Debug] Trained a tree with leaves = 255 and depth = 21
[LightGBM] [Info] 247.002209 seconds elapsed, finished iteration 231
[LightGBM] [Debug] Trained a tree with leaves = 255 and depth = 20
[LightGBM] [Info] 248.050822 seconds elapsed, finished iteration 232
[LightGBM] [Debug] Trained a tree with leaves = 255 and depth = 19
[LightGBM] [Info] 249.106288 seconds elapsed, finished iteration 233
[LightGBM] [Debug] Trained a tree with leaves = 255 and depth = 17
[LightGBM] [Info] 250.154640 seconds elapsed, finished iteration 234
[LightGBM] [Debug] Trained a tree with leaves = 255 and depth = 26
[LightGBM] [Info] 251.189950 seconds elapsed, finished iteration 235
[LightGBM] [Debug] Trained a tree with leaves = 255 and depth = 17
[LightGBM] [Info] 252.222570 seconds elapsed, finished iteration 236
[LightGBM] [Debug] Trained a tree with leaves = 255 and depth = 20
[LightGBM] [Info] 253.307126 seconds elapsed, finished iteration 237
[LightGBM] [Debug] Trained a tree with leaves = 255 and depth = 18
[LightGBM] [Info] 254.521370 seconds elapsed, finished iteration 238
[LightGBM] [Debug] Trained a tree with leaves = 255 and depth = 18
[LightGBM] [Info] 255.738012 seconds elapsed, finished iteration 239
[LightGBM] [Debug] Trained a tree with leaves = 255 and depth = 16
[LightGBM] [Info] 256.795748 seconds elapsed, finished iteration 240
[LightGBM] [Debug] Trained a tree with leaves = 255 and depth = 19
[LightGBM] [Info] 257.815510 seconds elapsed, finished iteration 241
[LightGBM] [Debug] Trained a tree with leaves = 255 and depth = 16
[LightGBM] [Info] 258.871908 seconds elapsed, finished iteration 242
[LightGBM] [Debug] Trained a tree with leaves = 255 and depth = 22
[LightGBM] [Info] 259.896089 seconds elapsed, finished iteration 243
[LightGBM] [Debug] Trained a tree with leaves = 255 and depth = 16
[LightGBM] [Info] 260.945322 seconds elapsed, finished iteration 244
[LightGBM] [Debug] Trained a tree with leaves = 255 and depth = 18
[LightGBM] [Info] 261.979274 seconds elapsed, finished iteration 245
[LightGBM] [Debug] Trained a tree with leaves = 255 and depth = 19
[LightGBM] [Info] 263.018846 seconds elapsed, finished iteration 246
[LightGBM] [Debug] Trained a tree with leaves = 255 and depth = 18
[LightGBM] [Info] 264.090079 seconds elapsed, finished iteration 247
[LightGBM] [Debug] Trained a tree with leaves = 255 and depth = 18
[LightGBM] [Info] 265.138618 seconds elapsed, finished iteration 248
[LightGBM] [Debug] Trained a tree with leaves = 255 and depth = 19
[LightGBM] [Info] 266.192103 seconds elapsed, finished iteration 249
[LightGBM] [Debug] Trained a tree with leaves = 255 and depth = 17
[LightGBM] [Info] 267.239317 seconds elapsed, finished iteration 250
[LightGBM] [Debug] Trained a tree with leaves = 255 and depth = 17
[LightGBM] [Info] 268.291531 seconds elapsed, finished iteration 251
[LightGBM] [Debug] Trained a tree with leaves = 255 and depth = 20
[LightGBM] [Info] 269.330406 seconds elapsed, finished iteration 252
[LightGBM] [Debug] Trained a tree with leaves = 255 and depth = 20
[LightGBM] [Info] 270.474138 seconds elapsed, finished iteration 253
[LightGBM] [Debug] Trained a tree with leaves = 255 and depth = 18
[LightGBM] [Info] 271.665752 seconds elapsed, finished iteration 254
[LightGBM] [Debug] Trained a tree with leaves = 255 and depth = 17
[LightGBM] [Info] 272.891394 seconds elapsed, finished iteration 255
[LightGBM] [Debug] Trained a tree with leaves = 255 and depth = 20
[LightGBM] [Info] 273.939384 seconds elapsed, finished iteration 256
[LightGBM] [Debug] Trained a tree with leaves = 255 and depth = 20
[LightGBM] [Info] 274.966574 seconds elapsed, finished iteration 257
[LightGBM] [Debug] Trained a tree with leaves = 255 and depth = 21
[LightGBM] [Info] 276.020759 seconds elapsed, finished iteration 258
[LightGBM] [Debug] Trained a tree with leaves = 255 and depth = 16
[LightGBM] [Info] 277.084146 seconds elapsed, finished iteration 259
[LightGBM] [Debug] Trained a tree with leaves = 255 and depth = 16
[LightGBM] [Info] 278.196072 seconds elapsed, finished iteration 260
[LightGBM] [Debug] Trained a tree with leaves = 255 and depth = 18
[LightGBM] [Info] 279.241609 seconds elapsed, finished iteration 261
[LightGBM] [Debug] Trained a tree with leaves = 255 and depth = 19
[LightGBM] [Info] 280.411207 seconds elapsed, finished iteration 262
[LightGBM] [Debug] Trained a tree with leaves = 255 and depth = 23
[LightGBM] [Info] 281.430756 seconds elapsed, finished iteration 263
[LightGBM] [Debug] Trained a tree with leaves = 255 and depth = 17
[LightGBM] [Info] 282.492317 seconds elapsed, finished iteration 264
[LightGBM] [Debug] Trained a tree with leaves = 255 and depth = 19
[LightGBM] [Info] 283.535830 seconds elapsed, finished iteration 265
[LightGBM] [Debug] Trained a tree with leaves = 255 and depth = 18
[LightGBM] [Info] 284.580897 seconds elapsed, finished iteration 266
[LightGBM] [Debug] Trained a tree with leaves = 255 and depth = 17
[LightGBM] [Info] 285.626810 seconds elapsed, finished iteration 267
[LightGBM] [Debug] Trained a tree with leaves = 255 and depth = 18
[LightGBM] [Info] 286.679938 seconds elapsed, finished iteration 268
[LightGBM] [Debug] Trained a tree with leaves = 255 and depth = 17
[LightGBM] [Info] 287.862285 seconds elapsed, finished iteration 269
[LightGBM] [Debug] Trained a tree with leaves = 255 and depth = 19
[LightGBM] [Info] 289.085308 seconds elapsed, finished iteration 270
[LightGBM] [Debug] Trained a tree with leaves = 255 and depth = 19
[LightGBM] [Info] 290.219437 seconds elapsed, finished iteration 271
[LightGBM] [Debug] Trained a tree with leaves = 255 and depth = 17
[LightGBM] [Info] 291.252666 seconds elapsed, finished iteration 272
[LightGBM] [Debug] Trained a tree with leaves = 255 and depth = 18
[LightGBM] [Info] 292.265803 seconds elapsed, finished iteration 273
[LightGBM] [Debug] Trained a tree with leaves = 255 and depth = 20
[LightGBM] [Info] 293.326341 seconds elapsed, finished iteration 274
[LightGBM] [Debug] Trained a tree with leaves = 255 and depth = 18
[LightGBM] [Info] 294.352163 seconds elapsed, finished iteration 275
[LightGBM] [Debug] Trained a tree with leaves = 255 and depth = 20
[LightGBM] [Info] 295.403241 seconds elapsed, finished iteration 276
[LightGBM] [Debug] Trained a tree with leaves = 255 and depth = 19
[LightGBM] [Info] 296.453200 seconds elapsed, finished iteration 277
[LightGBM] [Debug] Trained a tree with leaves = 255 and depth = 20
[LightGBM] [Info] 297.499763 seconds elapsed, finished iteration 278
[LightGBM] [Debug] Trained a tree with leaves = 255 and depth = 20
[LightGBM] [Info] 298.526547 seconds elapsed, finished iteration 279
[LightGBM] [Debug] Trained a tree with leaves = 255 and depth = 20
[LightGBM] [Info] 299.587181 seconds elapsed, finished iteration 280
[LightGBM] [Debug] Trained a tree with leaves = 255 and depth = 20
[LightGBM] [Info] 300.718432 seconds elapsed, finished iteration 281
[LightGBM] [Debug] Trained a tree with leaves = 255 and depth = 20
[LightGBM] [Info] 301.779133 seconds elapsed, finished iteration 282
[LightGBM] [Debug] Trained a tree with leaves = 255 and depth = 20
[LightGBM] [Info] 302.847946 seconds elapsed, finished iteration 283
[LightGBM] [Debug] Trained a tree with leaves = 255 and depth = 19
[LightGBM] [Info] 303.917870 seconds elapsed, finished iteration 284
[LightGBM] [Debug] Trained a tree with leaves = 255 and depth = 22
[LightGBM] [Info] 305.091485 seconds elapsed, finished iteration 285
[LightGBM] [Debug] Trained a tree with leaves = 255 and depth = 17
[LightGBM] [Info] 306.272835 seconds elapsed, finished iteration 286
[LightGBM] [Debug] Trained a tree with leaves = 255 and depth = 20
[LightGBM] [Info] 307.305530 seconds elapsed, finished iteration 287
[LightGBM] [Debug] Trained a tree with leaves = 255 and depth = 17
[LightGBM] [Info] 308.391737 seconds elapsed, finished iteration 288
[LightGBM] [Debug] Trained a tree with leaves = 255 and depth = 19
[LightGBM] [Info] 309.459044 seconds elapsed, finished iteration 289
[LightGBM] [Debug] Trained a tree with leaves = 255 and depth = 18
[LightGBM] [Info] 310.533685 seconds elapsed, finished iteration 290
[LightGBM] [Warning] No further splits with positive gain, best gain: -inf
[LightGBM] [Debug] Trained a tree with leaves = 254 and depth = 21
[LightGBM] [Info] 311.576200 seconds elapsed, finished iteration 291
[LightGBM] [Debug] Trained a tree with leaves = 255 and depth = 21
[LightGBM] [Info] 312.649332 seconds elapsed, finished iteration 292
[LightGBM] [Debug] Trained a tree with leaves = 255 and depth = 18
[LightGBM] [Info] 313.683109 seconds elapsed, finished iteration 293
[LightGBM] [Debug] Trained a tree with leaves = 255 and depth = 18
[LightGBM] [Info] 314.742740 seconds elapsed, finished iteration 294
[LightGBM] [Debug] Trained a tree with leaves = 255 and depth = 20
[LightGBM] [Info] 315.793051 seconds elapsed, finished iteration 295
[LightGBM] [Debug] Trained a tree with leaves = 255 and depth = 19
[LightGBM] [Info] 316.853893 seconds elapsed, finished iteration 296
[LightGBM] [Debug] Trained a tree with leaves = 255 and depth = 18
[LightGBM] [Info] 317.897823 seconds elapsed, finished iteration 297
[LightGBM] [Debug] Trained a tree with leaves = 255 and depth = 17
[LightGBM] [Info] 318.958045 seconds elapsed, finished iteration 298
[LightGBM] [Debug] Trained a tree with leaves = 255 and depth = 22
[LightGBM] [Info] 319.998883 seconds elapsed, finished iteration 299
[LightGBM] [Debug] Trained a tree with leaves = 255 and depth = 19
[LightGBM] [Info] 321.033360 seconds elapsed, finished iteration 300
[LightGBM] [Debug] Trained a tree with leaves = 255 and depth = 17
[LightGBM] [Info] 322.241453 seconds elapsed, finished iteration 301
[LightGBM] [Debug] Trained a tree with leaves = 255 and depth = 19
[LightGBM] [Info] 323.462278 seconds elapsed, finished iteration 302
[LightGBM] [Debug] Trained a tree with leaves = 255 and depth = 18
[LightGBM] [Info] 324.493118 seconds elapsed, finished iteration 303
[LightGBM] [Warning] No further splits with positive gain, best gain: -inf
[LightGBM] [Debug] Trained a tree with leaves = 251 and depth = 18
[LightGBM] [Info] 325.542313 seconds elapsed, finished iteration 304
[LightGBM] [Warning] No further splits with positive gain, best gain: -inf
[LightGBM] [Debug] Trained a tree with leaves = 252 and depth = 19
[LightGBM] [Info] 326.567204 seconds elapsed, finished iteration 305
[LightGBM] [Warning] No further splits with positive gain, best gain: -inf
[LightGBM] [Debug] Trained a tree with leaves = 253 and depth = 19
[LightGBM] [Info] 327.639687 seconds elapsed, finished iteration 306
[LightGBM] [Warning] No further splits with positive gain, best gain: -inf
[LightGBM] [Debug] Trained a tree with leaves = 254 and depth = 19
[LightGBM] [Info] 328.686819 seconds elapsed, finished iteration 307
[LightGBM] [Debug] Trained a tree with leaves = 255 and depth = 20
[LightGBM] [Info] 329.749444 seconds elapsed, finished iteration 308
[LightGBM] [Warning] No further splits with positive gain, best gain: -inf
[LightGBM] [Debug] Trained a tree with leaves = 251 and depth = 19
[LightGBM] [Info] 330.796980 seconds elapsed, finished iteration 309
[LightGBM] [Debug] Trained a tree with leaves = 255 and depth = 18
[LightGBM] [Info] 331.906733 seconds elapsed, finished iteration 310
[LightGBM] [Debug] Trained a tree with leaves = 255 and depth = 17
[LightGBM] [Info] 332.957381 seconds elapsed, finished iteration 311
[LightGBM] [Warning] No further splits with positive gain, best gain: -inf
[LightGBM] [Debug] Trained a tree with leaves = 250 and depth = 25
[LightGBM] [Info] 333.985761 seconds elapsed, finished iteration 312
[LightGBM] [Warning] No further splits with positive gain, best gain: -inf
[LightGBM] [Debug] Trained a tree with leaves = 252 and depth = 18
[LightGBM] [Info] 335.041794 seconds elapsed, finished iteration 313
[LightGBM] [Warning] No further splits with positive gain, best gain: -inf
[LightGBM] [Debug] Trained a tree with leaves = 246 and depth = 18
[LightGBM] [Info] 336.078767 seconds elapsed, finished iteration 314
[LightGBM] [Warning] No further splits with positive gain, best gain: -inf
[LightGBM] [Debug] Trained a tree with leaves = 245 and depth = 17
[LightGBM] [Info] 337.136365 seconds elapsed, finished iteration 315
[LightGBM] [Warning] No further splits with positive gain, best gain: -inf
[LightGBM] [Debug] Trained a tree with leaves = 246 and depth = 20
[LightGBM] [Info] 338.211593 seconds elapsed, finished iteration 316
[LightGBM] [Warning] No further splits with positive gain, best gain: -inf
[LightGBM] [Debug] Trained a tree with leaves = 248 and depth = 18
[LightGBM] [Info] 339.407217 seconds elapsed, finished iteration 317
[LightGBM] [Warning] No further splits with positive gain, best gain: -inf
[LightGBM] [Debug] Trained a tree with leaves = 249 and depth = 19
[LightGBM] [Info] 340.502640 seconds elapsed, finished iteration 318
[LightGBM] [Warning] No further splits with positive gain, best gain: -inf
[LightGBM] [Debug] Trained a tree with leaves = 250 and depth = 20
[LightGBM] [Info] 341.674971 seconds elapsed, finished iteration 319
[LightGBM] [Warning] No further splits with positive gain, best gain: -inf
[LightGBM] [Debug] Trained a tree with leaves = 242 and depth = 17
[LightGBM] [Info] 342.711274 seconds elapsed, finished iteration 320
[LightGBM] [Warning] No further splits with positive gain, best gain: -inf
[LightGBM] [Debug] Trained a tree with leaves = 247 and depth = 21
[LightGBM] [Info] 343.749930 seconds elapsed, finished iteration 321
[LightGBM] [Warning] No further splits with positive gain, best gain: -inf
[LightGBM] [Debug] Trained a tree with leaves = 248 and depth = 17
[LightGBM] [Info] 344.806341 seconds elapsed, finished iteration 322
[LightGBM] [Warning] No further splits with positive gain, best gain: -inf
[LightGBM] [Debug] Trained a tree with leaves = 243 and depth = 18
[LightGBM] [Info] 345.825631 seconds elapsed, finished iteration 323
[LightGBM] [Warning] No further splits with positive gain, best gain: -inf
[LightGBM] [Debug] Trained a tree with leaves = 248 and depth = 22
[LightGBM] [Info] 346.868750 seconds elapsed, finished iteration 324
[LightGBM] [Warning] No further splits with positive gain, best gain: -inf
[LightGBM] [Debug] Trained a tree with leaves = 243 and depth = 21
[LightGBM] [Info] 347.890900 seconds elapsed, finished iteration 325
[LightGBM] [Warning] No further splits with positive gain, best gain: -inf
[LightGBM] [Debug] Trained a tree with leaves = 245 and depth = 17
[LightGBM] [Info] 348.920715 seconds elapsed, finished iteration 326
[LightGBM] [Warning] No further splits with positive gain, best gain: -inf
[LightGBM] [Debug] Trained a tree with leaves = 245 and depth = 18
[LightGBM] [Info] 349.984838 seconds elapsed, finished iteration 327
[LightGBM] [Warning] No further splits with positive gain, best gain: -inf
[LightGBM] [Debug] Trained a tree with leaves = 240 and depth = 19
[LightGBM] [Info] 351.034730 seconds elapsed, finished iteration 328
[LightGBM] [Warning] No further splits with positive gain, best gain: -inf
[LightGBM] [Debug] Trained a tree with leaves = 241 and depth = 19
[LightGBM] [Info] 352.094211 seconds elapsed, finished iteration 329
[LightGBM] [Warning] No further splits with positive gain, best gain: -inf
[LightGBM] [Debug] Trained a tree with leaves = 240 and depth = 19
[LightGBM] [Info] 353.103585 seconds elapsed, finished iteration 330
[LightGBM] [Warning] No further splits with positive gain, best gain: -inf
[LightGBM] [Debug] Trained a tree with leaves = 246 and depth = 22
[LightGBM] [Info] 354.162953 seconds elapsed, finished iteration 331
[LightGBM] [Warning] No further splits with positive gain, best gain: -inf
[LightGBM] [Debug] Trained a tree with leaves = 239 and depth = 19
[LightGBM] [Info] 355.157159 seconds elapsed, finished iteration 332
[LightGBM] [Warning] No further splits with positive gain, best gain: -inf
[LightGBM] [Debug] Trained a tree with leaves = 238 and depth = 18
[LightGBM] [Info] 356.193081 seconds elapsed, finished iteration 333
[LightGBM] [Warning] No further splits with positive gain, best gain: -inf
[LightGBM] [Debug] Trained a tree with leaves = 238 and depth = 20
[LightGBM] [Info] 357.269677 seconds elapsed, finished iteration 334
[LightGBM] [Warning] No further splits with positive gain, best gain: -inf
[LightGBM] [Debug] Trained a tree with leaves = 238 and depth = 17
[LightGBM] [Info] 358.470716 seconds elapsed, finished iteration 335
[LightGBM] [Warning] No further splits with positive gain, best gain: -inf
[LightGBM] [Debug] Trained a tree with leaves = 234 and depth = 18
[LightGBM] [Info] 359.559301 seconds elapsed, finished iteration 336
[LightGBM] [Warning] No further splits with positive gain, best gain: -inf
[LightGBM] [Debug] Trained a tree with leaves = 240 and depth = 17
[LightGBM] [Info] 360.630318 seconds elapsed, finished iteration 337
[LightGBM] [Warning] No further splits with positive gain, best gain: -inf
[LightGBM] [Debug] Trained a tree with leaves = 234 and depth = 17
[LightGBM] [Info] 361.630501 seconds elapsed, finished iteration 338
[LightGBM] [Warning] No further splits with positive gain, best gain: -inf
[LightGBM] [Debug] Trained a tree with leaves = 245 and depth = 19
[LightGBM] [Info] 362.666735 seconds elapsed, finished iteration 339
[LightGBM] [Warning] No further splits with positive gain, best gain: -inf
[LightGBM] [Debug] Trained a tree with leaves = 240 and depth = 19
[LightGBM] [Info] 363.683065 seconds elapsed, finished iteration 340
[LightGBM] [Warning] No further splits with positive gain, best gain: -inf
[LightGBM] [Debug] Trained a tree with leaves = 238 and depth = 20
[LightGBM] [Info] 364.754705 seconds elapsed, finished iteration 341
[LightGBM] [Warning] No further splits with positive gain, best gain: -inf
[LightGBM] [Debug] Trained a tree with leaves = 241 and depth = 18
[LightGBM] [Info] 365.778043 seconds elapsed, finished iteration 342
[LightGBM] [Warning] No further splits with positive gain, best gain: -inf
[LightGBM] [Debug] Trained a tree with leaves = 239 and depth = 18
[LightGBM] [Info] 366.818171 seconds elapsed, finished iteration 343
[LightGBM] [Warning] No further splits with positive gain, best gain: -inf
[LightGBM] [Debug] Trained a tree with leaves = 235 and depth = 17
[LightGBM] [Info] 367.847278 seconds elapsed, finished iteration 344
[LightGBM] [Warning] No further splits with positive gain, best gain: -inf
[LightGBM] [Debug] Trained a tree with leaves = 232 and depth = 22
[LightGBM] [Info] 368.864308 seconds elapsed, finished iteration 345
[LightGBM] [Warning] No further splits with positive gain, best gain: -inf
[LightGBM] [Debug] Trained a tree with leaves = 232 and depth = 17
[LightGBM] [Info] 369.847425 seconds elapsed, finished iteration 346
[LightGBM] [Warning] No further splits with positive gain, best gain: -inf
[LightGBM] [Debug] Trained a tree with leaves = 228 and depth = 18
[LightGBM] [Info] 370.887968 seconds elapsed, finished iteration 347
[LightGBM] [Warning] No further splits with positive gain, best gain: -inf
[LightGBM] [Debug] Trained a tree with leaves = 235 and depth = 17
[LightGBM] [Info] 371.919998 seconds elapsed, finished iteration 348
[LightGBM] [Warning] No further splits with positive gain, best gain: -inf
[LightGBM] [Debug] Trained a tree with leaves = 237 and depth = 20
[LightGBM] [Info] 372.942041 seconds elapsed, finished iteration 349
[LightGBM] [Warning] No further splits with positive gain, best gain: -inf
[LightGBM] [Debug] Trained a tree with leaves = 235 and depth = 16
[LightGBM] [Info] 374.005941 seconds elapsed, finished iteration 350
[LightGBM] [Warning] No further splits with positive gain, best gain: -inf
[LightGBM] [Debug] Trained a tree with leaves = 233 and depth = 19
[LightGBM] [Info] 375.170767 seconds elapsed, finished iteration 351
[LightGBM] [Warning] No further splits with positive gain, best gain: -inf
[LightGBM] [Debug] Trained a tree with leaves = 232 and depth = 16
[LightGBM] [Info] 376.310340 seconds elapsed, finished iteration 352
[LightGBM] [Warning] No further splits with positive gain, best gain: -inf
[LightGBM] [Debug] Trained a tree with leaves = 234 and depth = 18
[LightGBM] [Info] 377.364987 seconds elapsed, finished iteration 353
[LightGBM] [Warning] No further splits with positive gain, best gain: -inf
[LightGBM] [Debug] Trained a tree with leaves = 226 and depth = 20
[LightGBM] [Info] 378.344286 seconds elapsed, finished iteration 354
[LightGBM] [Warning] No further splits with positive gain, best gain: -inf
[LightGBM] [Debug] Trained a tree with leaves = 233 and depth = 20
[LightGBM] [Info] 379.385814 seconds elapsed, finished iteration 355
[LightGBM] [Warning] No further splits with positive gain, best gain: -inf
[LightGBM] [Debug] Trained a tree with leaves = 224 and depth = 20
[LightGBM] [Info] 380.359017 seconds elapsed, finished iteration 356
[LightGBM] [Warning] No further splits with positive gain, best gain: -inf
[LightGBM] [Debug] Trained a tree with leaves = 231 and depth = 21
[LightGBM] [Info] 381.399583 seconds elapsed, finished iteration 357
[LightGBM] [Warning] No further splits with positive gain, best gain: -inf
[LightGBM] [Debug] Trained a tree with leaves = 232 and depth = 18
[LightGBM] [Info] 382.388967 seconds elapsed, finished iteration 358
[LightGBM] [Warning] No further splits with positive gain, best gain: -inf
[LightGBM] [Debug] Trained a tree with leaves = 228 and depth = 18
[LightGBM] [Info] 383.420968 seconds elapsed, finished iteration 359
[LightGBM] [Warning] No further splits with positive gain, best gain: -inf
[LightGBM] [Debug] Trained a tree with leaves = 225 and depth = 20
[LightGBM] [Info] 384.404468 seconds elapsed, finished iteration 360
[LightGBM] [Warning] No further splits with positive gain, best gain: -inf
[LightGBM] [Debug] Trained a tree with leaves = 226 and depth = 20
[LightGBM] [Info] 385.411633 seconds elapsed, finished iteration 361
[LightGBM] [Warning] No further splits with positive gain, best gain: -inf
[LightGBM] [Debug] Trained a tree with leaves = 228 and depth = 18
[LightGBM] [Info] 386.391074 seconds elapsed, finished iteration 362
[LightGBM] [Warning] No further splits with positive gain, best gain: -inf
[LightGBM] [Debug] Trained a tree with leaves = 226 and depth = 21
[LightGBM] [Info] 387.381575 seconds elapsed, finished iteration 363
[LightGBM] [Warning] No further splits with positive gain, best gain: -inf
[LightGBM] [Debug] Trained a tree with leaves = 228 and depth = 18
[LightGBM] [Info] 388.353277 seconds elapsed, finished iteration 364
[LightGBM] [Warning] No further splits with positive gain, best gain: -inf
[LightGBM] [Debug] Trained a tree with leaves = 224 and depth = 16
[LightGBM] [Info] 389.551717 seconds elapsed, finished iteration 365
[LightGBM] [Warning] No further splits with positive gain, best gain: -inf
[LightGBM] [Debug] Trained a tree with leaves = 230 and depth = 18
[LightGBM] [Info] 390.700147 seconds elapsed, finished iteration 366
[LightGBM] [Warning] No further splits with positive gain, best gain: -inf
[LightGBM] [Debug] Trained a tree with leaves = 232 and depth = 18
[LightGBM] [Info] 391.808457 seconds elapsed, finished iteration 367
[LightGBM] [Warning] No further splits with positive gain, best gain: -inf
[LightGBM] [Debug] Trained a tree with leaves = 230 and depth = 19
[LightGBM] [Info] 392.979610 seconds elapsed, finished iteration 368
[LightGBM] [Warning] No further splits with positive gain, best gain: -inf
[LightGBM] [Debug] Trained a tree with leaves = 226 and depth = 21
[LightGBM] [Info] 394.050786 seconds elapsed, finished iteration 369
[LightGBM] [Warning] No further splits with positive gain, best gain: -inf
[LightGBM] [Debug] Trained a tree with leaves = 220 and depth = 19
[LightGBM] [Info] 395.028695 seconds elapsed, finished iteration 370
[LightGBM] [Warning] No further splits with positive gain, best gain: -inf
[LightGBM] [Debug] Trained a tree with leaves = 223 and depth = 21
[LightGBM] [Info] 396.019923 seconds elapsed, finished iteration 371
[LightGBM] [Warning] No further splits with positive gain, best gain: -inf
[LightGBM] [Debug] Trained a tree with leaves = 222 and depth = 20
[LightGBM] [Info] 397.014293 seconds elapsed, finished iteration 372
[LightGBM] [Warning] No further splits with positive gain, best gain: -inf
[LightGBM] [Debug] Trained a tree with leaves = 221 and depth = 23
[LightGBM] [Info] 398.001600 seconds elapsed, finished iteration 373
[LightGBM] [Warning] No further splits with positive gain, best gain: -inf
[LightGBM] [Debug] Trained a tree with leaves = 221 and depth = 22
[LightGBM] [Info] 398.985911 seconds elapsed, finished iteration 374
[LightGBM] [Warning] No further splits with positive gain, best gain: -inf
[LightGBM] [Debug] Trained a tree with leaves = 226 and depth = 18
[LightGBM] [Info] 400.011126 seconds elapsed, finished iteration 375
[LightGBM] [Warning] No further splits with positive gain, best gain: -inf
[LightGBM] [Debug] Trained a tree with leaves = 221 and depth = 17
[LightGBM] [Info] 400.991078 seconds elapsed, finished iteration 376
[LightGBM] [Warning] No further splits with positive gain, best gain: -inf
[LightGBM] [Debug] Trained a tree with leaves = 219 and depth = 18
[LightGBM] [Info] 401.981697 seconds elapsed, finished iteration 377
[LightGBM] [Warning] No further splits with positive gain, best gain: -inf
[LightGBM] [Debug] Trained a tree with leaves = 219 and depth = 17
[LightGBM] [Info] 402.985570 seconds elapsed, finished iteration 378
[LightGBM] [Warning] No further splits with positive gain, best gain: -inf
[LightGBM] [Debug] Trained a tree with leaves = 221 and depth = 19
[LightGBM] [Info] 403.936790 seconds elapsed, finished iteration 379
[LightGBM] [Warning] No further splits with positive gain, best gain: -inf
[LightGBM] [Debug] Trained a tree with leaves = 218 and depth = 18
[LightGBM] [Info] 404.932573 seconds elapsed, finished iteration 380
[LightGBM] [Warning] No further splits with positive gain, best gain: -inf
[LightGBM] [Debug] Trained a tree with leaves = 219 and depth = 24
[LightGBM] [Info] 405.892824 seconds elapsed, finished iteration 381
[LightGBM] [Warning] No further splits with positive gain, best gain: -inf
[LightGBM] [Debug] Trained a tree with leaves = 219 and depth = 22
[LightGBM] [Info] 406.863922 seconds elapsed, finished iteration 382
[LightGBM] [Warning] No further splits with positive gain, best gain: -inf
[LightGBM] [Debug] Trained a tree with leaves = 217 and depth = 16
[LightGBM] [Info] 407.830849 seconds elapsed, finished iteration 383
[LightGBM] [Warning] No further splits with positive gain, best gain: -inf
[LightGBM] [Debug] Trained a tree with leaves = 219 and depth = 16
[LightGBM] [Info] 408.879769 seconds elapsed, finished iteration 384
[LightGBM] [Warning] No further splits with positive gain, best gain: -inf
[LightGBM] [Debug] Trained a tree with leaves = 217 and depth = 19
[LightGBM] [Info] 409.966265 seconds elapsed, finished iteration 385
[LightGBM] [Warning] No further splits with positive gain, best gain: -inf
[LightGBM] [Debug] Trained a tree with leaves = 215 and depth = 19
[LightGBM] [Info] 411.152117 seconds elapsed, finished iteration 386
[LightGBM] [Warning] No further splits with positive gain, best gain: -inf
[LightGBM] [Debug] Trained a tree with leaves = 222 and depth = 17
[LightGBM] [Info] 412.121688 seconds elapsed, finished iteration 387
[LightGBM] [Warning] No further splits with positive gain, best gain: -inf
[LightGBM] [Debug] Trained a tree with leaves = 211 and depth = 18
[LightGBM] [Info] 413.096007 seconds elapsed, finished iteration 388
[LightGBM] [Warning] No further splits with positive gain, best gain: -inf
[LightGBM] [Debug] Trained a tree with leaves = 225 and depth = 17
[LightGBM] [Info] 414.069998 seconds elapsed, finished iteration 389
[LightGBM] [Warning] No further splits with positive gain, best gain: -inf
[LightGBM] [Debug] Trained a tree with leaves = 211 and depth = 20
[LightGBM] [Info] 415.032469 seconds elapsed, finished iteration 390
[LightGBM] [Warning] No further splits with positive gain, best gain: -inf
[LightGBM] [Debug] Trained a tree with leaves = 216 and depth = 17
[LightGBM] [Info] 415.991478 seconds elapsed, finished iteration 391
[LightGBM] [Warning] No further splits with positive gain, best gain: -inf
[LightGBM] [Debug] Trained a tree with leaves = 213 and depth = 20
[LightGBM] [Info] 416.946615 seconds elapsed, finished iteration 392
[LightGBM] [Warning] No further splits with positive gain, best gain: -inf
[LightGBM] [Debug] Trained a tree with leaves = 217 and depth = 16
[LightGBM] [Info] 417.903480 seconds elapsed, finished iteration 393
[LightGBM] [Warning] No further splits with positive gain, best gain: -inf
[LightGBM] [Debug] Trained a tree with leaves = 211 and depth = 18
[LightGBM] [Info] 418.853030 seconds elapsed, finished iteration 394
[LightGBM] [Warning] No further splits with positive gain, best gain: -inf
[LightGBM] [Debug] Trained a tree with leaves = 213 and depth = 19
[LightGBM] [Info] 419.831451 seconds elapsed, finished iteration 395
[LightGBM] [Warning] No further splits with positive gain, best gain: -inf
[LightGBM] [Debug] Trained a tree with leaves = 219 and depth = 15
[LightGBM] [Info] 420.831433 seconds elapsed, finished iteration 396
[LightGBM] [Warning] No further splits with positive gain, best gain: -inf
[LightGBM] [Debug] Trained a tree with leaves = 215 and depth = 20
[LightGBM] [Info] 421.921276 seconds elapsed, finished iteration 397
[LightGBM] [Warning] No further splits with positive gain, best gain: -inf
[LightGBM] [Debug] Trained a tree with leaves = 210 and depth = 17
[LightGBM] [Info] 422.858261 seconds elapsed, finished iteration 398
[LightGBM] [Warning] No further splits with positive gain, best gain: -inf
[LightGBM] [Debug] Trained a tree with leaves = 217 and depth = 21
[LightGBM] [Info] 423.828309 seconds elapsed, finished iteration 399
[LightGBM] [Warning] No further splits with positive gain, best gain: -inf
[LightGBM] [Debug] Trained a tree with leaves = 214 and depth = 19
[LightGBM] [Info] 424.777247 seconds elapsed, finished iteration 400
[LightGBM] [Warning] No further splits with positive gain, best gain: -inf
[LightGBM] [Debug] Trained a tree with leaves = 210 and depth = 23
[LightGBM] [Info] 425.759930 seconds elapsed, finished iteration 401
[LightGBM] [Warning] No further splits with positive gain, best gain: -inf
[LightGBM] [Debug] Trained a tree with leaves = 217 and depth = 21
[LightGBM] [Info] 426.850439 seconds elapsed, finished iteration 402
[LightGBM] [Warning] No further splits with positive gain, best gain: -inf
[LightGBM] [Debug] Trained a tree with leaves = 217 and depth = 19
[LightGBM] [Info] 428.016717 seconds elapsed, finished iteration 403
[LightGBM] [Warning] No further splits with positive gain, best gain: -inf
[LightGBM] [Debug] Trained a tree with leaves = 215 and depth = 16
[LightGBM] [Info] 428.991106 seconds elapsed, finished iteration 404
[LightGBM] [Warning] No further splits with positive gain, best gain: -inf
[LightGBM] [Debug] Trained a tree with leaves = 212 and depth = 19
[LightGBM] [Info] 429.972541 seconds elapsed, finished iteration 405
[LightGBM] [Warning] No further splits with positive gain, best gain: -inf
[LightGBM] [Debug] Trained a tree with leaves = 207 and depth = 21
[LightGBM] [Info] 430.892625 seconds elapsed, finished iteration 406
[LightGBM] [Warning] No further splits with positive gain, best gain: -inf
[LightGBM] [Debug] Trained a tree with leaves = 210 and depth = 19
[LightGBM] [Info] 431.848210 seconds elapsed, finished iteration 407
[LightGBM] [Warning] No further splits with positive gain, best gain: -inf
[LightGBM] [Debug] Trained a tree with leaves = 208 and depth = 18
[LightGBM] [Info] 432.815551 seconds elapsed, finished iteration 408
[LightGBM] [Warning] No further splits with positive gain, best gain: -inf
[LightGBM] [Debug] Trained a tree with leaves = 210 and depth = 20
[LightGBM] [Info] 433.758854 seconds elapsed, finished iteration 409
[LightGBM] [Warning] No further splits with positive gain, best gain: -inf
[LightGBM] [Debug] Trained a tree with leaves = 205 and depth = 19
[LightGBM] [Info] 434.752210 seconds elapsed, finished iteration 410
[LightGBM] [Warning] No further splits with positive gain, best gain: -inf
[LightGBM] [Debug] Trained a tree with leaves = 208 and depth = 21
[LightGBM] [Info] 435.679431 seconds elapsed, finished iteration 411
[LightGBM] [Warning] No further splits with positive gain, best gain: -inf
[LightGBM] [Debug] Trained a tree with leaves = 204 and depth = 18
[LightGBM] [Info] 436.621852 seconds elapsed, finished iteration 412
[LightGBM] [Warning] No further splits with positive gain, best gain: -inf
[LightGBM] [Debug] Trained a tree with leaves = 211 and depth = 16
[LightGBM] [Info] 437.561491 seconds elapsed, finished iteration 413
[LightGBM] [Warning] No further splits with positive gain, best gain: -inf
[LightGBM] [Debug] Trained a tree with leaves = 213 and depth = 19
[LightGBM] [Info] 438.534487 seconds elapsed, finished iteration 414
[LightGBM] [Warning] No further splits with positive gain, best gain: -inf
[LightGBM] [Debug] Trained a tree with leaves = 212 and depth = 20
[LightGBM] [Info] 439.466315 seconds elapsed, finished iteration 415
[LightGBM] [Warning] No further splits with positive gain, best gain: -inf
[LightGBM] [Debug] Trained a tree with leaves = 209 and depth = 19
[LightGBM] [Info] 440.414797 seconds elapsed, finished iteration 416
[LightGBM] [Warning] No further splits with positive gain, best gain: -inf
[LightGBM] [Debug] Trained a tree with leaves = 203 and depth = 17
[LightGBM] [Info] 441.349554 seconds elapsed, finished iteration 417
[LightGBM] [Warning] No further splits with positive gain, best gain: -inf
[LightGBM] [Debug] Trained a tree with leaves = 203 and depth = 19
[LightGBM] [Info] 442.293846 seconds elapsed, finished iteration 418
[LightGBM] [Warning] No further splits with positive gain, best gain: -inf
[LightGBM] [Debug] Trained a tree with leaves = 205 and depth = 19
[LightGBM] [Info] 443.469123 seconds elapsed, finished iteration 419
[LightGBM] [Warning] No further splits with positive gain, best gain: -inf
[LightGBM] [Debug] Trained a tree with leaves = 203 and depth = 23
[LightGBM] [Info] 444.874785 seconds elapsed, finished iteration 420
[LightGBM] [Warning] No further splits with positive gain, best gain: -inf
[LightGBM] [Debug] Trained a tree with leaves = 208 and depth = 17
[LightGBM] [Info] 445.985482 seconds elapsed, finished iteration 421
[LightGBM] [Warning] No further splits with positive gain, best gain: -inf
[LightGBM] [Debug] Trained a tree with leaves = 207 and depth = 24
[LightGBM] [Info] 447.352629 seconds elapsed, finished iteration 422
[LightGBM] [Warning] No further splits with positive gain, best gain: -inf
[LightGBM] [Debug] Trained a tree with leaves = 203 and depth = 18
[LightGBM] [Info] 448.602412 seconds elapsed, finished iteration 423
[LightGBM] [Warning] No further splits with positive gain, best gain: -inf
[LightGBM] [Debug] Trained a tree with leaves = 207 and depth = 21
[LightGBM] [Info] 449.989469 seconds elapsed, finished iteration 424
[LightGBM] [Warning] No further splits with positive gain, best gain: -inf
[LightGBM] [Debug] Trained a tree with leaves = 205 and depth = 17
[LightGBM] [Info] 451.443600 seconds elapsed, finished iteration 425
[LightGBM] [Warning] No further splits with positive gain, best gain: -inf
[LightGBM] [Debug] Trained a tree with leaves = 207 and depth = 21
[LightGBM] [Info] 452.830913 seconds elapsed, finished iteration 426
[LightGBM] [Warning] No further splits with positive gain, best gain: -inf
[LightGBM] [Debug] Trained a tree with leaves = 203 and depth = 15
[LightGBM] [Info] 454.218631 seconds elapsed, finished iteration 427
[LightGBM] [Warning] No further splits with positive gain, best gain: -inf
[LightGBM] [Debug] Trained a tree with leaves = 203 and depth = 25
[LightGBM] [Info] 455.467721 seconds elapsed, finished iteration 428
[LightGBM] [Warning] No further splits with positive gain, best gain: -inf
[LightGBM] [Debug] Trained a tree with leaves = 203 and depth = 17
[LightGBM] [Info] 456.401421 seconds elapsed, finished iteration 429
[LightGBM] [Warning] No further splits with positive gain, best gain: -inf
[LightGBM] [Debug] Trained a tree with leaves = 203 and depth = 17
[LightGBM] [Info] 457.330863 seconds elapsed, finished iteration 430
[LightGBM] [Warning] No further splits with positive gain, best gain: -inf
[LightGBM] [Debug] Trained a tree with leaves = 204 and depth = 21
[LightGBM] [Info] 458.296275 seconds elapsed, finished iteration 431
[LightGBM] [Warning] No further splits with positive gain, best gain: -inf
[LightGBM] [Debug] Trained a tree with leaves = 200 and depth = 18
[LightGBM] [Info] 459.255814 seconds elapsed, finished iteration 432
[LightGBM] [Warning] No further splits with positive gain, best gain: -inf
[LightGBM] [Debug] Trained a tree with leaves = 199 and depth = 18
[LightGBM] [Info] 460.374949 seconds elapsed, finished iteration 433
[LightGBM] [Warning] No further splits with positive gain, best gain: -inf
[LightGBM] [Debug] Trained a tree with leaves = 207 and depth = 21
[LightGBM] [Info] 461.500021 seconds elapsed, finished iteration 434
[LightGBM] [Warning] No further splits with positive gain, best gain: -inf
[LightGBM] [Debug] Trained a tree with leaves = 194 and depth = 23
[LightGBM] [Info] 462.430709 seconds elapsed, finished iteration 435
[LightGBM] [Warning] No further splits with positive gain, best gain: -inf
[LightGBM] [Debug] Trained a tree with leaves = 205 and depth = 19
[LightGBM] [Info] 463.377553 seconds elapsed, finished iteration 436
[LightGBM] [Warning] No further splits with positive gain, best gain: -inf
[LightGBM] [Debug] Trained a tree with leaves = 202 and depth = 17
[LightGBM] [Info] 464.326163 seconds elapsed, finished iteration 437
[LightGBM] [Warning] No further splits with positive gain, best gain: -inf
[LightGBM] [Debug] Trained a tree with leaves = 203 and depth = 17
[LightGBM] [Info] 465.274307 seconds elapsed, finished iteration 438
[LightGBM] [Warning] No further splits with positive gain, best gain: -inf
[LightGBM] [Debug] Trained a tree with leaves = 196 and depth = 20
[LightGBM] [Info] 466.176705 seconds elapsed, finished iteration 439
[LightGBM] [Warning] No further splits with positive gain, best gain: -inf
[LightGBM] [Debug] Trained a tree with leaves = 195 and depth = 19
[LightGBM] [Info] 467.088861 seconds elapsed, finished iteration 440
[LightGBM] [Warning] No further splits with positive gain, best gain: -inf
[LightGBM] [Debug] Trained a tree with leaves = 199 and depth = 19
[LightGBM] [Info] 468.016758 seconds elapsed, finished iteration 441
[LightGBM] [Warning] No further splits with positive gain, best gain: -inf
[LightGBM] [Debug] Trained a tree with leaves = 201 and depth = 16
[LightGBM] [Info] 468.955870 seconds elapsed, finished iteration 442
[LightGBM] [Warning] No further splits with positive gain, best gain: -inf
[LightGBM] [Debug] Trained a tree with leaves = 197 and depth = 21
[LightGBM] [Info] 469.873762 seconds elapsed, finished iteration 443
[LightGBM] [Warning] No further splits with positive gain, best gain: -inf
[LightGBM] [Debug] Trained a tree with leaves = 201 and depth = 18
[LightGBM] [Info] 470.809475 seconds elapsed, finished iteration 444
[LightGBM] [Warning] No further splits with positive gain, best gain: -inf
[LightGBM] [Debug] Trained a tree with leaves = 195 and depth = 19
[LightGBM] [Info] 471.719729 seconds elapsed, finished iteration 445
[LightGBM] [Warning] No further splits with positive gain, best gain: -inf
[LightGBM] [Debug] Trained a tree with leaves = 189 and depth = 22
[LightGBM] [Info] 472.644793 seconds elapsed, finished iteration 446
[LightGBM] [Warning] No further splits with positive gain, best gain: -inf
[LightGBM] [Debug] Trained a tree with leaves = 196 and depth = 21
[LightGBM] [Info] 473.551320 seconds elapsed, finished iteration 447
[LightGBM] [Warning] No further splits with positive gain, best gain: -inf
[LightGBM] [Debug] Trained a tree with leaves = 200 and depth = 23
[LightGBM] [Info] 474.478768 seconds elapsed, finished iteration 448
[LightGBM] [Warning] No further splits with positive gain, best gain: -inf
[LightGBM] [Debug] Trained a tree with leaves = 190 and depth = 21
[LightGBM] [Info] 475.368506 seconds elapsed, finished iteration 449
[LightGBM] [Warning] No further splits with positive gain, best gain: -inf
[LightGBM] [Debug] Trained a tree with leaves = 195 and depth = 19
[LightGBM] [Info] 476.356149 seconds elapsed, finished iteration 450
[LightGBM] [Warning] No further splits with positive gain, best gain: -inf
[LightGBM] [Debug] Trained a tree with leaves = 195 and depth = 16
[LightGBM] [Info] 477.412821 seconds elapsed, finished iteration 451
[LightGBM] [Warning] No further splits with positive gain, best gain: -inf
[LightGBM] [Debug] Trained a tree with leaves = 199 and depth = 18
[LightGBM] [Info] 478.424319 seconds elapsed, finished iteration 452
[LightGBM] [Warning] No further splits with positive gain, best gain: -inf
[LightGBM] [Debug] Trained a tree with leaves = 189 and depth = 19
[LightGBM] [Info] 479.320582 seconds elapsed, finished iteration 453
[LightGBM] [Warning] No further splits with positive gain, best gain: -inf
[LightGBM] [Debug] Trained a tree with leaves = 192 and depth = 20
[LightGBM] [Info] 480.209290 seconds elapsed, finished iteration 454
[LightGBM] [Warning] No further splits with positive gain, best gain: -inf
[LightGBM] [Debug] Trained a tree with leaves = 193 and depth = 17
[LightGBM] [Info] 481.160191 seconds elapsed, finished iteration 455
[LightGBM] [Warning] No further splits with positive gain, best gain: -inf
[LightGBM] [Debug] Trained a tree with leaves = 189 and depth = 23
[LightGBM] [Info] 482.136395 seconds elapsed, finished iteration 456
[LightGBM] [Warning] No further splits with positive gain, best gain: -inf
[LightGBM] [Debug] Trained a tree with leaves = 197 and depth = 20
[LightGBM] [Info] 483.036795 seconds elapsed, finished iteration 457
[LightGBM] [Warning] No further splits with positive gain, best gain: -inf
[LightGBM] [Debug] Trained a tree with leaves = 194 and depth = 17
[LightGBM] [Info] 483.988446 seconds elapsed, finished iteration 458
[LightGBM] [Warning] No further splits with positive gain, best gain: -inf
[LightGBM] [Debug] Trained a tree with leaves = 190 and depth = 21
[LightGBM] [Info] 484.881617 seconds elapsed, finished iteration 459
[LightGBM] [Warning] No further splits with positive gain, best gain: -inf
[LightGBM] [Debug] Trained a tree with leaves = 190 and depth = 19
[LightGBM] [Info] 485.799856 seconds elapsed, finished iteration 460
[LightGBM] [Warning] No further splits with positive gain, best gain: -inf
[LightGBM] [Debug] Trained a tree with leaves = 191 and depth = 17
[LightGBM] [Info] 486.686975 seconds elapsed, finished iteration 461
[LightGBM] [Warning] No further splits with positive gain, best gain: -inf
[LightGBM] [Debug] Trained a tree with leaves = 190 and depth = 17
[LightGBM] [Info] 487.598839 seconds elapsed, finished iteration 462
[LightGBM] [Warning] No further splits with positive gain, best gain: -inf
[LightGBM] [Debug] Trained a tree with leaves = 184 and depth = 18
[LightGBM] [Info] 488.531795 seconds elapsed, finished iteration 463
[LightGBM] [Warning] No further splits with positive gain, best gain: -inf
[LightGBM] [Debug] Trained a tree with leaves = 194 and depth = 17
[LightGBM] [Info] 489.422460 seconds elapsed, finished iteration 464
[LightGBM] [Warning] No further splits with positive gain, best gain: -inf
[LightGBM] [Debug] Trained a tree with leaves = 189 and depth = 15
[LightGBM] [Info] 490.348411 seconds elapsed, finished iteration 465
[LightGBM] [Warning] No further splits with positive gain, best gain: -inf
[LightGBM] [Debug] Trained a tree with leaves = 191 and depth = 20
[LightGBM] [Info] 491.239436 seconds elapsed, finished iteration 466
[LightGBM] [Warning] No further splits with positive gain, best gain: -inf
[LightGBM] [Debug] Trained a tree with leaves = 194 and depth = 17
[LightGBM] [Info] 492.175450 seconds elapsed, finished iteration 467
[LightGBM] [Warning] No further splits with positive gain, best gain: -inf
[LightGBM] [Debug] Trained a tree with leaves = 185 and depth = 17
[LightGBM] [Info] 493.114239 seconds elapsed, finished iteration 468
[LightGBM] [Warning] No further splits with positive gain, best gain: -inf
[LightGBM] [Debug] Trained a tree with leaves = 185 and depth = 17
[LightGBM] [Info] 494.144161 seconds elapsed, finished iteration 469
[LightGBM] [Warning] No further splits with positive gain, best gain: -inf
[LightGBM] [Debug] Trained a tree with leaves = 188 and depth = 21
[LightGBM] [Info] 495.180067 seconds elapsed, finished iteration 470
[LightGBM] [Warning] No further splits with positive gain, best gain: -inf
[LightGBM] [Debug] Trained a tree with leaves = 190 and depth = 16
[LightGBM] [Info] 496.072793 seconds elapsed, finished iteration 471
[LightGBM] [Warning] No further splits with positive gain, best gain: -inf
[LightGBM] [Debug] Trained a tree with leaves = 186 and depth = 24
[LightGBM] [Info] 497.048022 seconds elapsed, finished iteration 472
[LightGBM] [Warning] No further splits with positive gain, best gain: -inf
[LightGBM] [Debug] Trained a tree with leaves = 191 and depth = 19
[LightGBM] [Info] 497.930029 seconds elapsed, finished iteration 473
[LightGBM] [Warning] No further splits with positive gain, best gain: -inf
[LightGBM] [Debug] Trained a tree with leaves = 189 and depth = 19
[LightGBM] [Info] 498.824938 seconds elapsed, finished iteration 474
[LightGBM] [Warning] No further splits with positive gain, best gain: -inf
[LightGBM] [Debug] Trained a tree with leaves = 191 and depth = 21
[LightGBM] [Info] 499.706133 seconds elapsed, finished iteration 475
[LightGBM] [Warning] No further splits with positive gain, best gain: -inf
[LightGBM] [Debug] Trained a tree with leaves = 188 and depth = 19
[LightGBM] [Info] 500.626641 seconds elapsed, finished iteration 476
[LightGBM] [Warning] No further splits with positive gain, best gain: -inf
[LightGBM] [Debug] Trained a tree with leaves = 188 and depth = 17
[LightGBM] [Info] 501.532544 seconds elapsed, finished iteration 477
[LightGBM] [Warning] No further splits with positive gain, best gain: -inf
[LightGBM] [Debug] Trained a tree with leaves = 187 and depth = 18
[LightGBM] [Info] 502.425147 seconds elapsed, finished iteration 478
[LightGBM] [Warning] No further splits with positive gain, best gain: -inf
[LightGBM] [Debug] Trained a tree with leaves = 188 and depth = 19
[LightGBM] [Info] 503.355473 seconds elapsed, finished iteration 479
[LightGBM] [Warning] No further splits with positive gain, best gain: -inf
[LightGBM] [Debug] Trained a tree with leaves = 183 and depth = 17
[LightGBM] [Info] 504.246943 seconds elapsed, finished iteration 480
[LightGBM] [Warning] No further splits with positive gain, best gain: -inf
[LightGBM] [Debug] Trained a tree with leaves = 179 and depth = 18
[LightGBM] [Info] 505.130240 seconds elapsed, finished iteration 481
[LightGBM] [Warning] No further splits with positive gain, best gain: -inf
[LightGBM] [Debug] Trained a tree with leaves = 186 and depth = 18
[LightGBM] [Info] 506.022918 seconds elapsed, finished iteration 482
[LightGBM] [Warning] No further splits with positive gain, best gain: -inf
[LightGBM] [Debug] Trained a tree with leaves = 183 and depth = 22
[LightGBM] [Info] 506.912961 seconds elapsed, finished iteration 483
[LightGBM] [Warning] No further splits with positive gain, best gain: -inf
[LightGBM] [Debug] Trained a tree with leaves = 186 and depth = 18
[LightGBM] [Info] 507.806821 seconds elapsed, finished iteration 484
[LightGBM] [Warning] No further splits with positive gain, best gain: -inf
[LightGBM] [Debug] Trained a tree with leaves = 192 and depth = 16
[LightGBM] [Info] 508.698586 seconds elapsed, finished iteration 485
[LightGBM] [Warning] No further splits with positive gain, best gain: -inf
[LightGBM] [Debug] Trained a tree with leaves = 187 and depth = 15
[LightGBM] [Info] 509.616983 seconds elapsed, finished iteration 486
[LightGBM] [Warning] No further splits with positive gain, best gain: -inf
[LightGBM] [Debug] Trained a tree with leaves = 181 and depth = 23
[LightGBM] [Info] 510.864288 seconds elapsed, finished iteration 487
[LightGBM] [Warning] No further splits with positive gain, best gain: -inf
[LightGBM] [Debug] Trained a tree with leaves = 179 and depth = 17
[LightGBM] [Info] 511.862801 seconds elapsed, finished iteration 488
[LightGBM] [Warning] No further splits with positive gain, best gain: -inf
[LightGBM] [Debug] Trained a tree with leaves = 179 and depth = 24
[LightGBM] [Info] 512.706419 seconds elapsed, finished iteration 489
[LightGBM] [Warning] No further splits with positive gain, best gain: -inf
[LightGBM] [Debug] Trained a tree with leaves = 181 and depth = 22
[LightGBM] [Info] 513.619145 seconds elapsed, finished iteration 490
[LightGBM] [Warning] No further splits with positive gain, best gain: -inf
[LightGBM] [Debug] Trained a tree with leaves = 183 and depth = 23
[LightGBM] [Info] 514.489533 seconds elapsed, finished iteration 491
[LightGBM] [Warning] No further splits with positive gain, best gain: -inf
[LightGBM] [Debug] Trained a tree with leaves = 183 and depth = 22
[LightGBM] [Info] 515.380318 seconds elapsed, finished iteration 492
[LightGBM] [Warning] No further splits with positive gain, best gain: -inf
[LightGBM] [Debug] Trained a tree with leaves = 185 and depth = 18
[LightGBM] [Info] 516.293490 seconds elapsed, finished iteration 493
[LightGBM] [Warning] No further splits with positive gain, best gain: -inf
[LightGBM] [Debug] Trained a tree with leaves = 178 and depth = 15
[LightGBM] [Info] 517.202212 seconds elapsed, finished iteration 494
[LightGBM] [Warning] No further splits with positive gain, best gain: -inf
[LightGBM] [Debug] Trained a tree with leaves = 178 and depth = 19
[LightGBM] [Info] 518.090317 seconds elapsed, finished iteration 495
[LightGBM] [Warning] No further splits with positive gain, best gain: -inf
[LightGBM] [Debug] Trained a tree with leaves = 178 and depth = 17
[LightGBM] [Info] 518.971650 seconds elapsed, finished iteration 496
[LightGBM] [Warning] No further splits with positive gain, best gain: -inf
[LightGBM] [Debug] Trained a tree with leaves = 184 and depth = 20
[LightGBM] [Info] 519.870469 seconds elapsed, finished iteration 497
[LightGBM] [Warning] No further splits with positive gain, best gain: -inf
[LightGBM] [Debug] Trained a tree with leaves = 184 and depth = 19
[LightGBM] [Info] 520.769406 seconds elapsed, finished iteration 498
[LightGBM] [Warning] No further splits with positive gain, best gain: -inf
[LightGBM] [Debug] Trained a tree with leaves = 183 and depth = 17
[LightGBM] [Info] 521.644040 seconds elapsed, finished iteration 499
[LightGBM] [Warning] No further splits with positive gain, best gain: -inf
[LightGBM] [Debug] Trained a tree with leaves = 179 and depth = 23
[LightGBM] [Info] 522.551275 seconds elapsed, finished iteration 500
[LightGBM] [Info] Finished training
[LightGBM] [Info] DataPartition::Split costs:	 2.328765
[LightGBM] [Info] Dataset::FastFeatureBundling costs:	 1.542582
[LightGBM] [Info] Dataset::GetMultiBinFromSparseFeatures costs:	 0.000003
[LightGBM] [Info] Dataset::InitTrain costs:	 0.000114
[LightGBM] [Info] Dataset::TestMultiThreadingMethod costs:	 0.000047
[LightGBM] [Info] Dataset::dense_bin_histogram costs:	 458.541287
[LightGBM] [Info] GBDT::Bagging costs:	 0.000133
[LightGBM] [Info] GBDT::BoostFromAverage costs:	 0.000259
[LightGBM] [Info] GBDT::Boosting costs:	 0.363175
[LightGBM] [Info] GBDT::Train costs:	 522.551283
[LightGBM] [Info] GBDT::TrainOneIter costs:	 522.541332
[LightGBM] [Info] GBDT::UpdateScore costs:	 0.091329
[LightGBM] [Info] ScoreUpdater::AddScore costs:	 0.090454
[LightGBM] [Info] SerialTreeLearner::BeforeFindBestSplit costs:	 0.046651
[LightGBM] [Info] SerialTreeLearner::BeforeTrain costs:	 0.054317
[LightGBM] [Info] SerialTreeLearner::ConstructHistograms costs:	 460.977258
[LightGBM] [Info] SerialTreeLearner::FindBestSplitsFromHistograms costs:	 56.690988
[LightGBM] [Info] SerialTreeLearner::SplitInner costs:	 2.571333
[LightGBM] [Info] SerialTreeLearner::Train costs:	 522.075795
