0:	learn: 0.6692804	total: 2.04s	remaining: 16m 58s
1:	learn: 0.6501885	total: 4.09s	remaining: 16m 57s
2:	learn: 0.6340125	total: 6.19s	remaining: 17m 5s
3:	learn: 0.6209049	total: 8.27s	remaining: 17m 5s
4:	learn: 0.6100200	total: 10.4s	remaining: 17m 6s
5:	learn: 0.6008397	total: 12.5s	remaining: 17m 6s
6:	learn: 0.5931255	total: 14.7s	remaining: 17m 14s
7:	learn: 0.5860575	total: 17s	remaining: 17m 26s
8:	learn: 0.5800339	total: 19.2s	remaining: 17m 29s
9:	learn: 0.5751331	total: 21.3s	remaining: 17m 24s
10:	learn: 0.5705344	total: 23.5s	remaining: 17m 24s
11:	learn: 0.5663972	total: 25.6s	remaining: 17m 21s
12:	learn: 0.5628062	total: 27.7s	remaining: 17m 18s
13:	learn: 0.5594548	total: 30s	remaining: 17m 20s
14:	learn: 0.5564102	total: 32.3s	remaining: 17m 24s
15:	learn: 0.5536965	total: 34.4s	remaining: 17m 20s
16:	learn: 0.5511601	total: 36.6s	remaining: 17m 19s
17:	learn: 0.5487411	total: 38.7s	remaining: 17m 17s
18:	learn: 0.5466171	total: 41s	remaining: 17m 18s
19:	learn: 0.5446161	total: 43.3s	remaining: 17m 18s
20:	learn: 0.5428360	total: 45.5s	remaining: 17m 18s
21:	learn: 0.5412348	total: 47.8s	remaining: 17m 19s
22:	learn: 0.5397252	total: 50s	remaining: 17m 17s
23:	learn: 0.5382422	total: 52.3s	remaining: 17m 16s
24:	learn: 0.5370262	total: 54.5s	remaining: 17m 15s
25:	learn: 0.5357415	total: 56.8s	remaining: 17m 15s
26:	learn: 0.5345079	total: 59.1s	remaining: 17m 14s
27:	learn: 0.5333613	total: 1m 1s	remaining: 17m 15s
28:	learn: 0.5323751	total: 1m 3s	remaining: 17m 16s
29:	learn: 0.5314918	total: 1m 6s	remaining: 17m 15s
30:	learn: 0.5305828	total: 1m 8s	remaining: 17m 13s
31:	learn: 0.5298216	total: 1m 10s	remaining: 17m 10s
32:	learn: 0.5289354	total: 1m 12s	remaining: 17m 9s
33:	learn: 0.5281786	total: 1m 14s	remaining: 17m 6s
34:	learn: 0.5273969	total: 1m 17s	remaining: 17m 8s
35:	learn: 0.5266470	total: 1m 20s	remaining: 17m 11s
36:	learn: 0.5258771	total: 1m 22s	remaining: 17m 10s
37:	learn: 0.5252130	total: 1m 24s	remaining: 17m 8s
38:	learn: 0.5245091	total: 1m 26s	remaining: 17m 7s
39:	learn: 0.5238042	total: 1m 29s	remaining: 17m 10s
40:	learn: 0.5230658	total: 1m 31s	remaining: 17m 9s
41:	learn: 0.5225628	total: 1m 34s	remaining: 17m 6s
42:	learn: 0.5219803	total: 1m 36s	remaining: 17m 5s
43:	learn: 0.5214183	total: 1m 38s	remaining: 17m 2s
44:	learn: 0.5206630	total: 1m 41s	remaining: 17m 3s
45:	learn: 0.5201737	total: 1m 43s	remaining: 17m 1s
46:	learn: 0.5196777	total: 1m 45s	remaining: 16m 59s
47:	learn: 0.5191080	total: 1m 48s	remaining: 16m 58s
48:	learn: 0.5186985	total: 1m 50s	remaining: 16m 57s
49:	learn: 0.5182391	total: 1m 53s	remaining: 17m 2s
50:	learn: 0.5177153	total: 1m 55s	remaining: 17m
51:	learn: 0.5172676	total: 1m 58s	remaining: 16m 58s
52:	learn: 0.5168743	total: 2m	remaining: 16m 59s
53:	learn: 0.5162973	total: 2m 3s	remaining: 17m 1s
54:	learn: 0.5159125	total: 2m 5s	remaining: 16m 58s
55:	learn: 0.5154435	total: 2m 8s	remaining: 16m 57s
56:	learn: 0.5150954	total: 2m 10s	remaining: 16m 55s
57:	learn: 0.5147037	total: 2m 12s	remaining: 16m 51s
58:	learn: 0.5143174	total: 2m 15s	remaining: 16m 52s
59:	learn: 0.5139130	total: 2m 17s	remaining: 16m 50s
60:	learn: 0.5135110	total: 2m 20s	remaining: 16m 50s
61:	learn: 0.5131528	total: 2m 22s	remaining: 16m 49s
62:	learn: 0.5128425	total: 2m 25s	remaining: 16m 47s
63:	learn: 0.5124408	total: 2m 27s	remaining: 16m 45s
64:	learn: 0.5121006	total: 2m 30s	remaining: 16m 45s
65:	learn: 0.5118332	total: 2m 32s	remaining: 16m 43s
66:	learn: 0.5115746	total: 2m 34s	remaining: 16m 41s
67:	learn: 0.5112683	total: 2m 37s	remaining: 16m 40s
68:	learn: 0.5109708	total: 2m 39s	remaining: 16m 37s
69:	learn: 0.5105673	total: 2m 42s	remaining: 16m 40s
70:	learn: 0.5102978	total: 2m 45s	remaining: 16m 37s
71:	learn: 0.5099677	total: 2m 47s	remaining: 16m 36s
72:	learn: 0.5096954	total: 2m 49s	remaining: 16m 33s
73:	learn: 0.5094108	total: 2m 51s	remaining: 16m 30s
74:	learn: 0.5090824	total: 2m 55s	remaining: 16m 31s
75:	learn: 0.5088213	total: 2m 57s	remaining: 16m 28s
76:	learn: 0.5084980	total: 3m	remaining: 16m 29s
77:	learn: 0.5082645	total: 3m 2s	remaining: 16m 25s
78:	learn: 0.5080135	total: 3m 4s	remaining: 16m 21s
79:	learn: 0.5077980	total: 3m 6s	remaining: 16m 17s
80:	learn: 0.5075947	total: 3m 8s	remaining: 16m 14s
81:	learn: 0.5073201	total: 3m 11s	remaining: 16m 13s
82:	learn: 0.5071175	total: 3m 13s	remaining: 16m 11s
83:	learn: 0.5069243	total: 3m 15s	remaining: 16m 8s
84:	learn: 0.5067197	total: 3m 17s	remaining: 16m 4s
85:	learn: 0.5064908	total: 3m 20s	remaining: 16m 3s
86:	learn: 0.5062885	total: 3m 22s	remaining: 16m 1s
87:	learn: 0.5060974	total: 3m 24s	remaining: 15m 59s
88:	learn: 0.5059020	total: 3m 27s	remaining: 15m 56s
89:	learn: 0.5055685	total: 3m 30s	remaining: 15m 57s
90:	learn: 0.5053790	total: 3m 32s	remaining: 15m 54s
91:	learn: 0.5050909	total: 3m 34s	remaining: 15m 52s
92:	learn: 0.5048908	total: 3m 37s	remaining: 15m 50s
93:	learn: 0.5046366	total: 3m 39s	remaining: 15m 49s
94:	learn: 0.5044405	total: 3m 42s	remaining: 15m 48s
95:	learn: 0.5042362	total: 3m 44s	remaining: 15m 46s
96:	learn: 0.5039825	total: 3m 47s	remaining: 15m 45s
97:	learn: 0.5037906	total: 3m 50s	remaining: 15m 43s
98:	learn: 0.5036280	total: 3m 51s	remaining: 15m 39s
99:	learn: 0.5033846	total: 3m 54s	remaining: 15m 38s
100:	learn: 0.5032148	total: 3m 56s	remaining: 15m 35s
101:	learn: 0.5030692	total: 3m 58s	remaining: 15m 31s
102:	learn: 0.5028910	total: 4m 1s	remaining: 15m 29s
103:	learn: 0.5027170	total: 4m 4s	remaining: 15m 29s
104:	learn: 0.5025548	total: 4m 6s	remaining: 15m 26s
105:	learn: 0.5024088	total: 4m 8s	remaining: 15m 24s
106:	learn: 0.5021917	total: 4m 11s	remaining: 15m 23s
107:	learn: 0.5019901	total: 4m 13s	remaining: 15m 20s
108:	learn: 0.5017804	total: 4m 16s	remaining: 15m 18s
109:	learn: 0.5016302	total: 4m 18s	remaining: 15m 15s
110:	learn: 0.5014199	total: 4m 20s	remaining: 15m 13s
111:	learn: 0.5012373	total: 4m 23s	remaining: 15m 12s
112:	learn: 0.5010644	total: 4m 25s	remaining: 15m 10s
113:	learn: 0.5008520	total: 4m 28s	remaining: 15m 8s
114:	learn: 0.5006951	total: 4m 30s	remaining: 15m 6s
115:	learn: 0.5004602	total: 4m 33s	remaining: 15m 4s
116:	learn: 0.5003146	total: 4m 35s	remaining: 15m 1s
117:	learn: 0.5001631	total: 4m 38s	remaining: 15m 1s
118:	learn: 0.4999884	total: 4m 40s	remaining: 14m 58s
119:	learn: 0.4998667	total: 4m 43s	remaining: 14m 56s
120:	learn: 0.4996642	total: 4m 46s	remaining: 14m 56s
121:	learn: 0.4994976	total: 4m 48s	remaining: 14m 55s
122:	learn: 0.4992354	total: 4m 51s	remaining: 14m 53s
123:	learn: 0.4990842	total: 4m 54s	remaining: 14m 53s
124:	learn: 0.4989650	total: 4m 56s	remaining: 14m 50s
125:	learn: 0.4988144	total: 4m 59s	remaining: 14m 47s
126:	learn: 0.4986902	total: 5m	remaining: 14m 43s
127:	learn: 0.4985538	total: 5m 3s	remaining: 14m 41s
128:	learn: 0.4983949	total: 5m 5s	remaining: 14m 39s
129:	learn: 0.4982321	total: 5m 9s	remaining: 14m 41s
130:	learn: 0.4981030	total: 5m 11s	remaining: 14m 38s
131:	learn: 0.4979234	total: 5m 15s	remaining: 14m 39s
132:	learn: 0.4977705	total: 5m 17s	remaining: 14m 36s
133:	learn: 0.4976533	total: 5m 19s	remaining: 14m 33s
134:	learn: 0.4975144	total: 5m 22s	remaining: 14m 30s
135:	learn: 0.4973966	total: 5m 24s	remaining: 14m 28s
136:	learn: 0.4972664	total: 5m 26s	remaining: 14m 26s
137:	learn: 0.4971104	total: 5m 29s	remaining: 14m 23s
138:	learn: 0.4969835	total: 5m 31s	remaining: 14m 21s
139:	learn: 0.4968742	total: 5m 33s	remaining: 14m 18s
140:	learn: 0.4967330	total: 5m 36s	remaining: 14m 16s
141:	learn: 0.4965992	total: 5m 39s	remaining: 14m 16s
142:	learn: 0.4964625	total: 5m 42s	remaining: 14m 15s
143:	learn: 0.4963487	total: 5m 45s	remaining: 14m 13s
144:	learn: 0.4962442	total: 5m 46s	remaining: 14m 9s
145:	learn: 0.4961350	total: 5m 49s	remaining: 14m 7s
146:	learn: 0.4959623	total: 5m 51s	remaining: 14m 5s
147:	learn: 0.4958338	total: 5m 54s	remaining: 14m 4s
148:	learn: 0.4957078	total: 5m 57s	remaining: 14m 3s
149:	learn: 0.4955047	total: 6m	remaining: 14m 1s
150:	learn: 0.4953720	total: 6m 2s	remaining: 13m 57s
151:	learn: 0.4952539	total: 6m 4s	remaining: 13m 54s
152:	learn: 0.4951029	total: 6m 6s	remaining: 13m 51s
153:	learn: 0.4949772	total: 6m 9s	remaining: 13m 50s
154:	learn: 0.4948699	total: 6m 12s	remaining: 13m 48s
155:	learn: 0.4947592	total: 6m 14s	remaining: 13m 45s
156:	learn: 0.4946397	total: 6m 17s	remaining: 13m 44s
157:	learn: 0.4945086	total: 6m 19s	remaining: 13m 42s
158:	learn: 0.4944449	total: 6m 21s	remaining: 13m 37s
159:	learn: 0.4943178	total: 6m 24s	remaining: 13m 36s
160:	learn: 0.4941653	total: 6m 26s	remaining: 13m 33s
161:	learn: 0.4940830	total: 6m 28s	remaining: 13m 30s
162:	learn: 0.4939951	total: 6m 30s	remaining: 13m 27s
163:	learn: 0.4938628	total: 6m 33s	remaining: 13m 25s
164:	learn: 0.4937540	total: 6m 35s	remaining: 13m 23s
165:	learn: 0.4936547	total: 6m 37s	remaining: 13m 20s
166:	learn: 0.4935448	total: 6m 41s	remaining: 13m 19s
167:	learn: 0.4934282	total: 6m 43s	remaining: 13m 16s
168:	learn: 0.4933382	total: 6m 45s	remaining: 13m 15s
169:	learn: 0.4932256	total: 6m 48s	remaining: 13m 12s
170:	learn: 0.4931083	total: 6m 51s	remaining: 13m 11s
171:	learn: 0.4930033	total: 6m 53s	remaining: 13m 8s
172:	learn: 0.4929186	total: 6m 55s	remaining: 13m 5s
173:	learn: 0.4928065	total: 6m 58s	remaining: 13m 3s
174:	learn: 0.4927262	total: 7m	remaining: 13m 1s
175:	learn: 0.4926023	total: 7m 3s	remaining: 12m 58s
176:	learn: 0.4925253	total: 7m 4s	remaining: 12m 55s
177:	learn: 0.4924237	total: 7m 6s	remaining: 12m 52s
178:	learn: 0.4923219	total: 7m 9s	remaining: 12m 49s
179:	learn: 0.4922074	total: 7m 10s	remaining: 12m 45s
180:	learn: 0.4921487	total: 7m 12s	remaining: 12m 41s
181:	learn: 0.4920299	total: 7m 15s	remaining: 12m 40s
182:	learn: 0.4919314	total: 7m 17s	remaining: 12m 38s
183:	learn: 0.4917987	total: 7m 20s	remaining: 12m 35s
184:	learn: 0.4916759	total: 7m 22s	remaining: 12m 33s
185:	learn: 0.4915983	total: 7m 24s	remaining: 12m 30s
186:	learn: 0.4914509	total: 7m 27s	remaining: 12m 28s
187:	learn: 0.4913518	total: 7m 29s	remaining: 12m 25s
188:	learn: 0.4912626	total: 7m 32s	remaining: 12m 23s
189:	learn: 0.4911401	total: 7m 34s	remaining: 12m 22s
190:	learn: 0.4910233	total: 7m 37s	remaining: 12m 19s
191:	learn: 0.4909087	total: 7m 39s	remaining: 12m 17s
192:	learn: 0.4908168	total: 7m 41s	remaining: 12m 14s
193:	learn: 0.4907287	total: 7m 44s	remaining: 12m 11s
194:	learn: 0.4906100	total: 7m 46s	remaining: 12m 9s
195:	learn: 0.4905182	total: 7m 49s	remaining: 12m 7s
196:	learn: 0.4904707	total: 7m 50s	remaining: 12m 3s
197:	learn: 0.4903766	total: 7m 52s	remaining: 12m
198:	learn: 0.4902388	total: 7m 55s	remaining: 11m 59s
199:	learn: 0.4901502	total: 7m 57s	remaining: 11m 56s
200:	learn: 0.4900479	total: 8m	remaining: 11m 54s
201:	learn: 0.4899460	total: 8m 3s	remaining: 11m 52s
202:	learn: 0.4898631	total: 8m 5s	remaining: 11m 49s
203:	learn: 0.4897669	total: 8m 8s	remaining: 11m 48s
204:	learn: 0.4896884	total: 8m 10s	remaining: 11m 46s
205:	learn: 0.4896332	total: 8m 12s	remaining: 11m 42s
206:	learn: 0.4895675	total: 8m 13s	remaining: 11m 38s
207:	learn: 0.4894932	total: 8m 15s	remaining: 11m 36s
208:	learn: 0.4894257	total: 8m 17s	remaining: 11m 33s
209:	learn: 0.4893453	total: 8m 20s	remaining: 11m 31s
210:	learn: 0.4892450	total: 8m 24s	remaining: 11m 30s
211:	learn: 0.4891443	total: 8m 26s	remaining: 11m 27s
212:	learn: 0.4890456	total: 8m 29s	remaining: 11m 25s
213:	learn: 0.4889201	total: 8m 31s	remaining: 11m 23s
214:	learn: 0.4888437	total: 8m 32s	remaining: 11m 19s
215:	learn: 0.4887721	total: 8m 35s	remaining: 11m 17s
216:	learn: 0.4886812	total: 8m 38s	remaining: 11m 16s
217:	learn: 0.4886402	total: 8m 40s	remaining: 11m 12s
218:	learn: 0.4885764	total: 8m 42s	remaining: 11m 10s
219:	learn: 0.4884694	total: 8m 45s	remaining: 11m 9s
220:	learn: 0.4883992	total: 8m 47s	remaining: 11m 6s
221:	learn: 0.4883031	total: 8m 50s	remaining: 11m 4s
222:	learn: 0.4882029	total: 8m 52s	remaining: 11m 1s
223:	learn: 0.4881295	total: 8m 55s	remaining: 11m
224:	learn: 0.4880417	total: 8m 57s	remaining: 10m 57s
225:	learn: 0.4879674	total: 9m	remaining: 10m 54s
226:	learn: 0.4878893	total: 9m 2s	remaining: 10m 52s
227:	learn: 0.4878194	total: 9m 4s	remaining: 10m 49s
228:	learn: 0.4877333	total: 9m 7s	remaining: 10m 47s
229:	learn: 0.4876433	total: 9m 9s	remaining: 10m 45s
230:	learn: 0.4875801	total: 9m 12s	remaining: 10m 43s
231:	learn: 0.4875200	total: 9m 14s	remaining: 10m 40s
232:	learn: 0.4874337	total: 9m 17s	remaining: 10m 38s
233:	learn: 0.4873795	total: 9m 19s	remaining: 10m 35s
234:	learn: 0.4872925	total: 9m 23s	remaining: 10m 35s
235:	learn: 0.4871918	total: 9m 25s	remaining: 10m 33s
236:	learn: 0.4870966	total: 9m 28s	remaining: 10m 30s
237:	learn: 0.4870096	total: 9m 31s	remaining: 10m 28s
238:	learn: 0.4869651	total: 9m 32s	remaining: 10m 24s
239:	learn: 0.4868562	total: 9m 35s	remaining: 10m 23s
240:	learn: 0.4867886	total: 9m 37s	remaining: 10m 20s
241:	learn: 0.4867007	total: 9m 39s	remaining: 10m 17s
242:	learn: 0.4865658	total: 9m 41s	remaining: 10m 14s
243:	learn: 0.4865064	total: 9m 43s	remaining: 10m 12s
244:	learn: 0.4864566	total: 9m 45s	remaining: 10m 8s
245:	learn: 0.4863939	total: 9m 47s	remaining: 10m 6s
246:	learn: 0.4862601	total: 9m 49s	remaining: 10m 3s
247:	learn: 0.4861967	total: 9m 50s	remaining: 10m
248:	learn: 0.4861331	total: 9m 52s	remaining: 9m 57s
249:	learn: 0.4860657	total: 9m 54s	remaining: 9m 54s
250:	learn: 0.4859812	total: 9m 57s	remaining: 9m 52s
251:	learn: 0.4859167	total: 10m 1s	remaining: 9m 52s
252:	learn: 0.4858780	total: 10m 3s	remaining: 9m 48s
253:	learn: 0.4858215	total: 10m 4s	remaining: 9m 45s
254:	learn: 0.4857482	total: 10m 6s	remaining: 9m 43s
255:	learn: 0.4856772	total: 10m 8s	remaining: 9m 40s
256:	learn: 0.4856325	total: 10m 10s	remaining: 9m 37s
257:	learn: 0.4855119	total: 10m 12s	remaining: 9m 34s
258:	learn: 0.4854320	total: 10m 14s	remaining: 9m 31s
259:	learn: 0.4853786	total: 10m 16s	remaining: 9m 29s
260:	learn: 0.4852451	total: 10m 18s	remaining: 9m 26s
261:	learn: 0.4851875	total: 10m 21s	remaining: 9m 24s
262:	learn: 0.4851530	total: 10m 22s	remaining: 9m 20s
263:	learn: 0.4850816	total: 10m 24s	remaining: 9m 18s
264:	learn: 0.4850311	total: 10m 26s	remaining: 9m 15s
265:	learn: 0.4849962	total: 10m 27s	remaining: 9m 11s
266:	learn: 0.4849145	total: 10m 29s	remaining: 9m 9s
267:	learn: 0.4848099	total: 10m 32s	remaining: 9m 7s
268:	learn: 0.4847233	total: 10m 35s	remaining: 9m 5s
269:	learn: 0.4846515	total: 10m 37s	remaining: 9m 3s
270:	learn: 0.4845552	total: 10m 40s	remaining: 9m
271:	learn: 0.4844817	total: 10m 42s	remaining: 8m 58s
272:	learn: 0.4844265	total: 10m 43s	remaining: 8m 55s
273:	learn: 0.4843738	total: 10m 45s	remaining: 8m 52s
274:	learn: 0.4843265	total: 10m 46s	remaining: 8m 48s
275:	learn: 0.4842619	total: 10m 49s	remaining: 8m 46s
276:	learn: 0.4842110	total: 10m 50s	remaining: 8m 43s
277:	learn: 0.4841406	total: 10m 52s	remaining: 8m 40s
278:	learn: 0.4840715	total: 10m 54s	remaining: 8m 38s
279:	learn: 0.4839853	total: 10m 57s	remaining: 8m 36s
280:	learn: 0.4839068	total: 10m 59s	remaining: 8m 34s
281:	learn: 0.4838456	total: 11m 2s	remaining: 8m 31s
282:	learn: 0.4838161	total: 11m 2s	remaining: 8m 28s
283:	learn: 0.4837824	total: 11m 3s	remaining: 8m 24s
284:	learn: 0.4836751	total: 11m 6s	remaining: 8m 22s
285:	learn: 0.4836219	total: 11m 8s	remaining: 8m 20s
286:	learn: 0.4835775	total: 11m 9s	remaining: 8m 17s
287:	learn: 0.4835227	total: 11m 11s	remaining: 8m 14s
288:	learn: 0.4834720	total: 11m 13s	remaining: 8m 12s
289:	learn: 0.4834436	total: 11m 14s	remaining: 8m 8s
290:	learn: 0.4833933	total: 11m 16s	remaining: 8m 6s
291:	learn: 0.4833367	total: 11m 19s	remaining: 8m 3s
292:	learn: 0.4832561	total: 11m 21s	remaining: 8m 1s
293:	learn: 0.4832091	total: 11m 23s	remaining: 7m 58s
294:	learn: 0.4831822	total: 11m 24s	remaining: 7m 55s
295:	learn: 0.4831123	total: 11m 26s	remaining: 7m 53s
296:	learn: 0.4830661	total: 11m 28s	remaining: 7m 50s
297:	learn: 0.4830242	total: 11m 30s	remaining: 7m 47s
298:	learn: 0.4829403	total: 11m 32s	remaining: 7m 45s
299:	learn: 0.4828967	total: 11m 33s	remaining: 7m 42s
300:	learn: 0.4828505	total: 11m 35s	remaining: 7m 40s
301:	learn: 0.4828009	total: 11m 37s	remaining: 7m 37s
302:	learn: 0.4827598	total: 11m 38s	remaining: 7m 34s
303:	learn: 0.4826659	total: 11m 40s	remaining: 7m 31s
304:	learn: 0.4826176	total: 11m 42s	remaining: 7m 29s
305:	learn: 0.4825166	total: 11m 45s	remaining: 7m 27s
306:	learn: 0.4824509	total: 11m 47s	remaining: 7m 24s
307:	learn: 0.4823925	total: 11m 49s	remaining: 7m 22s
308:	learn: 0.4823314	total: 11m 51s	remaining: 7m 20s
309:	learn: 0.4822887	total: 11m 54s	remaining: 7m 17s
310:	learn: 0.4822449	total: 11m 55s	remaining: 7m 14s
311:	learn: 0.4822008	total: 11m 57s	remaining: 7m 12s
312:	learn: 0.4821474	total: 11m 59s	remaining: 7m 10s
313:	learn: 0.4820935	total: 12m 2s	remaining: 7m 7s
314:	learn: 0.4820328	total: 12m 3s	remaining: 7m 5s
315:	learn: 0.4819955	total: 12m 5s	remaining: 7m 2s
316:	learn: 0.4819328	total: 12m 7s	remaining: 6m 59s
317:	learn: 0.4818755	total: 12m 9s	remaining: 6m 57s
318:	learn: 0.4818298	total: 12m 11s	remaining: 6m 54s
319:	learn: 0.4817873	total: 12m 12s	remaining: 6m 51s
320:	learn: 0.4817464	total: 12m 14s	remaining: 6m 49s
321:	learn: 0.4817038	total: 12m 15s	remaining: 6m 46s
322:	learn: 0.4816498	total: 12m 17s	remaining: 6m 44s
323:	learn: 0.4816228	total: 12m 18s	remaining: 6m 41s
324:	learn: 0.4815970	total: 12m 19s	remaining: 6m 38s
325:	learn: 0.4815204	total: 12m 21s	remaining: 6m 35s
326:	learn: 0.4814701	total: 12m 24s	remaining: 6m 33s
327:	learn: 0.4814074	total: 12m 26s	remaining: 6m 31s
328:	learn: 0.4813683	total: 12m 28s	remaining: 6m 29s
329:	learn: 0.4813206	total: 12m 30s	remaining: 6m 26s
330:	learn: 0.4812910	total: 12m 31s	remaining: 6m 23s
331:	learn: 0.4812687	total: 12m 32s	remaining: 6m 20s
332:	learn: 0.4812153	total: 12m 34s	remaining: 6m 18s
333:	learn: 0.4811908	total: 12m 34s	remaining: 6m 15s
334:	learn: 0.4811619	total: 12m 35s	remaining: 6m 12s
335:	learn: 0.4811357	total: 12m 36s	remaining: 6m 9s
336:	learn: 0.4810636	total: 12m 38s	remaining: 6m 6s
337:	learn: 0.4810199	total: 12m 40s	remaining: 6m 4s
338:	learn: 0.4809686	total: 12m 43s	remaining: 6m 2s
339:	learn: 0.4809271	total: 12m 44s	remaining: 5m 59s
340:	learn: 0.4808907	total: 12m 45s	remaining: 5m 56s
341:	learn: 0.4807637	total: 12m 47s	remaining: 5m 54s
342:	learn: 0.4806979	total: 12m 49s	remaining: 5m 52s
343:	learn: 0.4806457	total: 12m 51s	remaining: 5m 49s
344:	learn: 0.4805998	total: 12m 53s	remaining: 5m 47s
345:	learn: 0.4805414	total: 12m 55s	remaining: 5m 45s
346:	learn: 0.4804930	total: 12m 56s	remaining: 5m 42s
347:	learn: 0.4804128	total: 12m 58s	remaining: 5m 39s
348:	learn: 0.4803447	total: 13m	remaining: 5m 37s
349:	learn: 0.4802794	total: 13m 1s	remaining: 5m 35s
350:	learn: 0.4802114	total: 13m 3s	remaining: 5m 32s
351:	learn: 0.4801716	total: 13m 4s	remaining: 5m 30s
352:	learn: 0.4801287	total: 13m 6s	remaining: 5m 27s
353:	learn: 0.4800774	total: 13m 8s	remaining: 5m 25s
354:	learn: 0.4800280	total: 13m 10s	remaining: 5m 23s
355:	learn: 0.4799787	total: 13m 13s	remaining: 5m 20s
356:	learn: 0.4799369	total: 13m 14s	remaining: 5m 18s
357:	learn: 0.4799021	total: 13m 16s	remaining: 5m 15s
358:	learn: 0.4798517	total: 13m 18s	remaining: 5m 13s
359:	learn: 0.4797915	total: 13m 20s	remaining: 5m 11s
360:	learn: 0.4797122	total: 13m 22s	remaining: 5m 9s
361:	learn: 0.4796376	total: 13m 24s	remaining: 5m 6s
362:	learn: 0.4795713	total: 13m 26s	remaining: 5m 4s
363:	learn: 0.4794721	total: 13m 28s	remaining: 5m 2s
364:	learn: 0.4794231	total: 13m 30s	remaining: 4m 59s
365:	learn: 0.4793569	total: 13m 32s	remaining: 4m 57s
366:	learn: 0.4793087	total: 13m 34s	remaining: 4m 55s
367:	learn: 0.4792452	total: 13m 37s	remaining: 4m 53s
368:	learn: 0.4791739	total: 13m 39s	remaining: 4m 50s
369:	learn: 0.4790935	total: 13m 41s	remaining: 4m 48s
370:	learn: 0.4790701	total: 13m 41s	remaining: 4m 45s
371:	learn: 0.4790123	total: 13m 43s	remaining: 4m 43s
372:	learn: 0.4789739	total: 13m 45s	remaining: 4m 41s
373:	learn: 0.4789400	total: 13m 46s	remaining: 4m 38s
374:	learn: 0.4788815	total: 13m 47s	remaining: 4m 35s
375:	learn: 0.4788467	total: 13m 48s	remaining: 4m 33s
376:	learn: 0.4787745	total: 13m 50s	remaining: 4m 31s
377:	learn: 0.4787192	total: 13m 52s	remaining: 4m 28s
378:	learn: 0.4786640	total: 13m 54s	remaining: 4m 26s
379:	learn: 0.4786325	total: 13m 55s	remaining: 4m 23s
380:	learn: 0.4785861	total: 13m 57s	remaining: 4m 21s
381:	learn: 0.4785276	total: 13m 58s	remaining: 4m 19s
382:	learn: 0.4784833	total: 14m	remaining: 4m 16s
383:	learn: 0.4784462	total: 14m 1s	remaining: 4m 14s
384:	learn: 0.4784021	total: 14m 4s	remaining: 4m 12s
385:	learn: 0.4783405	total: 14m 6s	remaining: 4m 9s
386:	learn: 0.4783032	total: 14m 7s	remaining: 4m 7s
387:	learn: 0.4782607	total: 14m 9s	remaining: 4m 5s
388:	learn: 0.4782366	total: 14m 9s	remaining: 4m 2s
389:	learn: 0.4781791	total: 14m 11s	remaining: 4m
390:	learn: 0.4781441	total: 14m 12s	remaining: 3m 57s
391:	learn: 0.4780934	total: 14m 14s	remaining: 3m 55s
392:	learn: 0.4780322	total: 14m 16s	remaining: 3m 53s
393:	learn: 0.4780071	total: 14m 17s	remaining: 3m 50s
394:	learn: 0.4779741	total: 14m 18s	remaining: 3m 48s
395:	learn: 0.4779175	total: 14m 20s	remaining: 3m 46s
396:	learn: 0.4778620	total: 14m 22s	remaining: 3m 43s
397:	learn: 0.4778320	total: 14m 23s	remaining: 3m 41s
398:	learn: 0.4777996	total: 14m 25s	remaining: 3m 39s
399:	learn: 0.4777457	total: 14m 27s	remaining: 3m 36s
400:	learn: 0.4777114	total: 14m 28s	remaining: 3m 34s
401:	learn: 0.4776331	total: 14m 30s	remaining: 3m 32s
402:	learn: 0.4775752	total: 14m 32s	remaining: 3m 30s
403:	learn: 0.4775097	total: 14m 35s	remaining: 3m 27s
404:	learn: 0.4774526	total: 14m 36s	remaining: 3m 25s
405:	learn: 0.4774195	total: 14m 37s	remaining: 3m 23s
406:	learn: 0.4773898	total: 14m 39s	remaining: 3m 20s
407:	learn: 0.4773641	total: 14m 39s	remaining: 3m 18s
408:	learn: 0.4773389	total: 14m 40s	remaining: 3m 15s
409:	learn: 0.4773140	total: 14m 41s	remaining: 3m 13s
410:	learn: 0.4772889	total: 14m 42s	remaining: 3m 11s
411:	learn: 0.4772430	total: 14m 43s	remaining: 3m 8s
412:	learn: 0.4772160	total: 14m 44s	remaining: 3m 6s
413:	learn: 0.4771696	total: 14m 46s	remaining: 3m 4s
414:	learn: 0.4771324	total: 14m 48s	remaining: 3m 1s
415:	learn: 0.4770913	total: 14m 50s	remaining: 2m 59s
416:	learn: 0.4770662	total: 14m 50s	remaining: 2m 57s
417:	learn: 0.4770300	total: 14m 52s	remaining: 2m 55s
418:	learn: 0.4770015	total: 14m 53s	remaining: 2m 52s
419:	learn: 0.4769788	total: 14m 54s	remaining: 2m 50s
420:	learn: 0.4769556	total: 14m 54s	remaining: 2m 47s
421:	learn: 0.4769000	total: 14m 57s	remaining: 2m 45s
422:	learn: 0.4768568	total: 14m 59s	remaining: 2m 43s
423:	learn: 0.4768105	total: 15m 1s	remaining: 2m 41s
424:	learn: 0.4767802	total: 15m 2s	remaining: 2m 39s
425:	learn: 0.4767559	total: 15m 3s	remaining: 2m 36s
426:	learn: 0.4767133	total: 15m 4s	remaining: 2m 34s
427:	learn: 0.4766798	total: 15m 5s	remaining: 2m 32s
428:	learn: 0.4766567	total: 15m 6s	remaining: 2m 30s
429:	learn: 0.4766146	total: 15m 8s	remaining: 2m 27s
430:	learn: 0.4765703	total: 15m 9s	remaining: 2m 25s
431:	learn: 0.4765444	total: 15m 10s	remaining: 2m 23s
432:	learn: 0.4765143	total: 15m 11s	remaining: 2m 21s
433:	learn: 0.4764840	total: 15m 12s	remaining: 2m 18s
434:	learn: 0.4764600	total: 15m 13s	remaining: 2m 16s
435:	learn: 0.4764198	total: 15m 14s	remaining: 2m 14s
436:	learn: 0.4763703	total: 15m 16s	remaining: 2m 12s
437:	learn: 0.4763475	total: 15m 17s	remaining: 2m 9s
438:	learn: 0.4763200	total: 15m 17s	remaining: 2m 7s
439:	learn: 0.4762597	total: 15m 19s	remaining: 2m 5s
440:	learn: 0.4762158	total: 15m 21s	remaining: 2m 3s
441:	learn: 0.4761807	total: 15m 23s	remaining: 2m 1s
442:	learn: 0.4761556	total: 15m 24s	remaining: 1m 58s
443:	learn: 0.4761319	total: 15m 24s	remaining: 1m 56s
444:	learn: 0.4760893	total: 15m 25s	remaining: 1m 54s
445:	learn: 0.4760490	total: 15m 27s	remaining: 1m 52s
446:	learn: 0.4760022	total: 15m 29s	remaining: 1m 50s
447:	learn: 0.4759514	total: 15m 31s	remaining: 1m 48s
448:	learn: 0.4758705	total: 15m 33s	remaining: 1m 46s
449:	learn: 0.4758052	total: 15m 35s	remaining: 1m 43s
450:	learn: 0.4757609	total: 15m 37s	remaining: 1m 41s
451:	learn: 0.4757171	total: 15m 39s	remaining: 1m 39s
452:	learn: 0.4756565	total: 15m 41s	remaining: 1m 37s
453:	learn: 0.4756018	total: 15m 43s	remaining: 1m 35s
454:	learn: 0.4755664	total: 15m 45s	remaining: 1m 33s
455:	learn: 0.4755431	total: 15m 45s	remaining: 1m 31s
456:	learn: 0.4755119	total: 15m 46s	remaining: 1m 29s
457:	learn: 0.4754521	total: 15m 48s	remaining: 1m 27s
458:	learn: 0.4753651	total: 15m 51s	remaining: 1m 24s
459:	learn: 0.4753306	total: 15m 52s	remaining: 1m 22s
460:	learn: 0.4752872	total: 15m 53s	remaining: 1m 20s
461:	learn: 0.4752557	total: 15m 54s	remaining: 1m 18s
462:	learn: 0.4752318	total: 15m 54s	remaining: 1m 16s
463:	learn: 0.4751963	total: 15m 55s	remaining: 1m 14s
464:	learn: 0.4751733	total: 15m 56s	remaining: 1m 12s
465:	learn: 0.4751327	total: 15m 58s	remaining: 1m 9s
466:	learn: 0.4750897	total: 15m 59s	remaining: 1m 7s
467:	learn: 0.4750505	total: 16m	remaining: 1m 5s
468:	learn: 0.4750028	total: 16m 2s	remaining: 1m 3s
469:	learn: 0.4749469	total: 16m 4s	remaining: 1m 1s
470:	learn: 0.4748945	total: 16m 6s	remaining: 59.5s
471:	learn: 0.4748435	total: 16m 8s	remaining: 57.5s
472:	learn: 0.4748156	total: 16m 9s	remaining: 55.3s
473:	learn: 0.4747764	total: 16m 11s	remaining: 53.3s
474:	learn: 0.4747294	total: 16m 13s	remaining: 51.2s
475:	learn: 0.4747050	total: 16m 14s	remaining: 49.1s
476:	learn: 0.4746682	total: 16m 16s	remaining: 47.1s
477:	learn: 0.4746366	total: 16m 18s	remaining: 45s
478:	learn: 0.4745969	total: 16m 18s	remaining: 42.9s
479:	learn: 0.4745420	total: 16m 20s	remaining: 40.9s
480:	learn: 0.4745140	total: 16m 21s	remaining: 38.8s
481:	learn: 0.4744916	total: 16m 22s	remaining: 36.7s
482:	learn: 0.4744424	total: 16m 24s	remaining: 34.6s
483:	learn: 0.4744015	total: 16m 25s	remaining: 32.6s
484:	learn: 0.4743711	total: 16m 26s	remaining: 30.5s
485:	learn: 0.4743451	total: 16m 27s	remaining: 28.4s
486:	learn: 0.4743131	total: 16m 28s	remaining: 26.4s
487:	learn: 0.4742841	total: 16m 29s	remaining: 24.3s
488:	learn: 0.4742216	total: 16m 31s	remaining: 22.3s
489:	learn: 0.4741170	total: 16m 34s	remaining: 20.3s
490:	learn: 0.4740777	total: 16m 35s	remaining: 18.3s
491:	learn: 0.4740384	total: 16m 37s	remaining: 16.2s
492:	learn: 0.4740111	total: 16m 38s	remaining: 14.2s
493:	learn: 0.4739521	total: 16m 40s	remaining: 12.1s
494:	learn: 0.4739193	total: 16m 41s	remaining: 10.1s
495:	learn: 0.4738942	total: 16m 42s	remaining: 8.08s
496:	learn: 0.4738482	total: 16m 44s	remaining: 6.06s
497:	learn: 0.4738027	total: 16m 46s	remaining: 4.04s
498:	learn: 0.4737700	total: 16m 47s	remaining: 2.02s
499:	learn: 0.4737380	total: 16m 49s	remaining: 0us
Skipping test eval output
17.05672646 min passed
