[LightGBM] [Warning] use_discretized_grad is set=true, use_discretized_grad=true will be ignored. Current value: use_discretized_grad=true
[LightGBM] [Warning] discretized_grad_renew is set=true, discretized_grad_renew=true will be ignored. Current value: discretized_grad_renew=true
[LightGBM] [Warning] force_row_wise is set=false, force_row_wise=true will be ignored. Current value: force_row_wise=false
[LightGBM] [Info] Finished loading parameters
[LightGBM] [Debug] Loading train file...
[LightGBM] [Info] Construct bin mappers from text data time 1.18 seconds
[LightGBM] [Info] Finished loading data in 2.548111 seconds
[LightGBM] [Info] Total Bins 22950
[LightGBM] [Info] Number of data points in the train set: 463715, number of used features: 90
[LightGBM] [Info] Finished initializing training
[LightGBM] [Info] Started training...
[LightGBM] [Info] Start training from score 1998.386095
[LightGBM] [Debug] Trained a tree with leaves = 255 and depth = 16
[LightGBM] [Info] 0.039286 seconds elapsed, finished iteration 1
[LightGBM] [Debug] Trained a tree with leaves = 255 and depth = 13
[LightGBM] [Info] 0.075120 seconds elapsed, finished iteration 2
[LightGBM] [Debug] Trained a tree with leaves = 255 and depth = 13
[LightGBM] [Info] 0.110318 seconds elapsed, finished iteration 3
[LightGBM] [Debug] Trained a tree with leaves = 255 and depth = 17
[LightGBM] [Info] 0.144525 seconds elapsed, finished iteration 4
[LightGBM] [Debug] Trained a tree with leaves = 255 and depth = 17
[LightGBM] [Info] 0.183312 seconds elapsed, finished iteration 5
[LightGBM] [Debug] Trained a tree with leaves = 255 and depth = 15
[LightGBM] [Info] 0.227953 seconds elapsed, finished iteration 6
[LightGBM] [Debug] Trained a tree with leaves = 255 and depth = 16
[LightGBM] [Info] 0.261786 seconds elapsed, finished iteration 7
[LightGBM] [Debug] Trained a tree with leaves = 255 and depth = 17
[LightGBM] [Info] 0.296143 seconds elapsed, finished iteration 8
[LightGBM] [Debug] Trained a tree with leaves = 255 and depth = 16
[LightGBM] [Info] 0.330343 seconds elapsed, finished iteration 9
[LightGBM] [Debug] Trained a tree with leaves = 255 and depth = 18
[LightGBM] [Info] 0.364862 seconds elapsed, finished iteration 10
[LightGBM] [Debug] Trained a tree with leaves = 255 and depth = 16
[LightGBM] [Info] 0.398939 seconds elapsed, finished iteration 11
[LightGBM] [Debug] Trained a tree with leaves = 255 and depth = 20
[LightGBM] [Info] 0.431448 seconds elapsed, finished iteration 12
[LightGBM] [Debug] Trained a tree with leaves = 255 and depth = 18
[LightGBM] [Info] 0.464931 seconds elapsed, finished iteration 13
[LightGBM] [Debug] Trained a tree with leaves = 255 and depth = 18
[LightGBM] [Info] 0.499264 seconds elapsed, finished iteration 14
[LightGBM] [Debug] Trained a tree with leaves = 255 and depth = 16
[LightGBM] [Info] 0.531697 seconds elapsed, finished iteration 15
[LightGBM] [Debug] Trained a tree with leaves = 255 and depth = 18
[LightGBM] [Info] 0.563614 seconds elapsed, finished iteration 16
[LightGBM] [Debug] Trained a tree with leaves = 255 and depth = 20
[LightGBM] [Info] 0.596578 seconds elapsed, finished iteration 17
[LightGBM] [Debug] Trained a tree with leaves = 255 and depth = 15
[LightGBM] [Info] 0.628534 seconds elapsed, finished iteration 18
[LightGBM] [Debug] Trained a tree with leaves = 255 and depth = 18
[LightGBM] [Info] 0.659849 seconds elapsed, finished iteration 19
[LightGBM] [Debug] Trained a tree with leaves = 255 and depth = 17
[LightGBM] [Info] 0.691664 seconds elapsed, finished iteration 20
[LightGBM] [Debug] Trained a tree with leaves = 255 and depth = 19
[LightGBM] [Info] 0.722673 seconds elapsed, finished iteration 21
[LightGBM] [Debug] Trained a tree with leaves = 255 and depth = 18
[LightGBM] [Info] 0.753723 seconds elapsed, finished iteration 22
[LightGBM] [Debug] Trained a tree with leaves = 255 and depth = 19
[LightGBM] [Info] 0.785068 seconds elapsed, finished iteration 23
[LightGBM] [Debug] Trained a tree with leaves = 255 and depth = 16
[LightGBM] [Info] 0.816176 seconds elapsed, finished iteration 24
[LightGBM] [Debug] Trained a tree with leaves = 255 and depth = 17
[LightGBM] [Info] 0.846995 seconds elapsed, finished iteration 25
[LightGBM] [Debug] Trained a tree with leaves = 255 and depth = 17
[LightGBM] [Info] 0.878308 seconds elapsed, finished iteration 26
[LightGBM] [Debug] Trained a tree with leaves = 255 and depth = 17
[LightGBM] [Info] 0.907547 seconds elapsed, finished iteration 27
[LightGBM] [Debug] Trained a tree with leaves = 255 and depth = 19
[LightGBM] [Info] 0.936822 seconds elapsed, finished iteration 28
[LightGBM] [Debug] Trained a tree with leaves = 255 and depth = 18
[LightGBM] [Info] 0.966355 seconds elapsed, finished iteration 29
[LightGBM] [Debug] Trained a tree with leaves = 255 and depth = 23
[LightGBM] [Info] 0.997389 seconds elapsed, finished iteration 30
[LightGBM] [Debug] Trained a tree with leaves = 255 and depth = 19
[LightGBM] [Info] 1.027566 seconds elapsed, finished iteration 31
[LightGBM] [Debug] Trained a tree with leaves = 255 and depth = 20
[LightGBM] [Info] 1.057911 seconds elapsed, finished iteration 32
[LightGBM] [Debug] Trained a tree with leaves = 255 and depth = 20
[LightGBM] [Info] 1.087901 seconds elapsed, finished iteration 33
[LightGBM] [Debug] Trained a tree with leaves = 255 and depth = 17
[LightGBM] [Info] 1.117697 seconds elapsed, finished iteration 34
[LightGBM] [Debug] Trained a tree with leaves = 255 and depth = 20
[LightGBM] [Info] 1.149964 seconds elapsed, finished iteration 35
[LightGBM] [Debug] Trained a tree with leaves = 255 and depth = 21
[LightGBM] [Info] 1.184598 seconds elapsed, finished iteration 36
[LightGBM] [Debug] Trained a tree with leaves = 255 and depth = 20
[LightGBM] [Info] 1.217562 seconds elapsed, finished iteration 37
[LightGBM] [Debug] Trained a tree with leaves = 255 and depth = 18
[LightGBM] [Info] 1.247863 seconds elapsed, finished iteration 38
[LightGBM] [Debug] Trained a tree with leaves = 255 and depth = 19
[LightGBM] [Info] 1.277442 seconds elapsed, finished iteration 39
[LightGBM] [Debug] Trained a tree with leaves = 255 and depth = 16
[LightGBM] [Info] 1.306693 seconds elapsed, finished iteration 40
[LightGBM] [Debug] Trained a tree with leaves = 255 and depth = 20
[LightGBM] [Info] 1.335755 seconds elapsed, finished iteration 41
[LightGBM] [Debug] Trained a tree with leaves = 255 and depth = 19
[LightGBM] [Info] 1.364406 seconds elapsed, finished iteration 42
[LightGBM] [Debug] Trained a tree with leaves = 255 and depth = 20
[LightGBM] [Info] 1.393474 seconds elapsed, finished iteration 43
[LightGBM] [Debug] Trained a tree with leaves = 255 and depth = 22
[LightGBM] [Info] 1.421176 seconds elapsed, finished iteration 44
[LightGBM] [Debug] Trained a tree with leaves = 255 and depth = 20
[LightGBM] [Info] 1.450414 seconds elapsed, finished iteration 45
[LightGBM] [Debug] Trained a tree with leaves = 255 and depth = 20
[LightGBM] [Info] 1.481938 seconds elapsed, finished iteration 46
[LightGBM] [Debug] Trained a tree with leaves = 255 and depth = 20
[LightGBM] [Info] 1.511240 seconds elapsed, finished iteration 47
[LightGBM] [Debug] Trained a tree with leaves = 255 and depth = 17
[LightGBM] [Info] 1.540520 seconds elapsed, finished iteration 48
[LightGBM] [Debug] Trained a tree with leaves = 255 and depth = 16
[LightGBM] [Info] 1.571171 seconds elapsed, finished iteration 49
[LightGBM] [Debug] Trained a tree with leaves = 255 and depth = 22
[LightGBM] [Info] 1.601098 seconds elapsed, finished iteration 50
[LightGBM] [Debug] Trained a tree with leaves = 255 and depth = 21
[LightGBM] [Info] 1.630557 seconds elapsed, finished iteration 51
[LightGBM] [Debug] Trained a tree with leaves = 255 and depth = 17
[LightGBM] [Info] 1.660280 seconds elapsed, finished iteration 52
[LightGBM] [Debug] Trained a tree with leaves = 255 and depth = 20
[LightGBM] [Info] 1.690665 seconds elapsed, finished iteration 53
[LightGBM] [Debug] Trained a tree with leaves = 255 and depth = 22
[LightGBM] [Info] 1.719004 seconds elapsed, finished iteration 54
[LightGBM] [Debug] Trained a tree with leaves = 255 and depth = 23
[LightGBM] [Info] 1.748367 seconds elapsed, finished iteration 55
[LightGBM] [Debug] Trained a tree with leaves = 255 and depth = 24
[LightGBM] [Info] 1.778309 seconds elapsed, finished iteration 56
[LightGBM] [Debug] Trained a tree with leaves = 255 and depth = 19
[LightGBM] [Info] 1.807393 seconds elapsed, finished iteration 57
[LightGBM] [Debug] Trained a tree with leaves = 255 and depth = 20
[LightGBM] [Info] 1.836471 seconds elapsed, finished iteration 58
[LightGBM] [Debug] Trained a tree with leaves = 255 and depth = 23
[LightGBM] [Info] 1.866166 seconds elapsed, finished iteration 59
[LightGBM] [Debug] Trained a tree with leaves = 255 and depth = 28
[LightGBM] [Info] 1.895242 seconds elapsed, finished iteration 60
[LightGBM] [Debug] Trained a tree with leaves = 255 and depth = 21
[LightGBM] [Info] 1.922916 seconds elapsed, finished iteration 61
[LightGBM] [Debug] Trained a tree with leaves = 255 and depth = 17
[LightGBM] [Info] 1.950653 seconds elapsed, finished iteration 62
[LightGBM] [Debug] Trained a tree with leaves = 255 and depth = 22
[LightGBM] [Info] 1.980052 seconds elapsed, finished iteration 63
[LightGBM] [Debug] Trained a tree with leaves = 255 and depth = 21
[LightGBM] [Info] 2.007868 seconds elapsed, finished iteration 64
[LightGBM] [Debug] Trained a tree with leaves = 255 and depth = 24
[LightGBM] [Info] 2.035980 seconds elapsed, finished iteration 65
[LightGBM] [Debug] Trained a tree with leaves = 255 and depth = 19
[LightGBM] [Info] 2.064131 seconds elapsed, finished iteration 66
[LightGBM] [Debug] Trained a tree with leaves = 255 and depth = 21
[LightGBM] [Info] 2.093545 seconds elapsed, finished iteration 67
[LightGBM] [Debug] Trained a tree with leaves = 255 and depth = 18
[LightGBM] [Info] 2.121988 seconds elapsed, finished iteration 68
[LightGBM] [Debug] Trained a tree with leaves = 255 and depth = 18
[LightGBM] [Info] 2.150423 seconds elapsed, finished iteration 69
[LightGBM] [Debug] Trained a tree with leaves = 255 and depth = 20
[LightGBM] [Info] 2.179860 seconds elapsed, finished iteration 70
[LightGBM] [Debug] Trained a tree with leaves = 255 and depth = 17
[LightGBM] [Info] 2.209736 seconds elapsed, finished iteration 71
[LightGBM] [Debug] Trained a tree with leaves = 255 and depth = 21
[LightGBM] [Info] 2.236156 seconds elapsed, finished iteration 72
[LightGBM] [Debug] Trained a tree with leaves = 255 and depth = 19
[LightGBM] [Info] 2.264032 seconds elapsed, finished iteration 73
[LightGBM] [Debug] Trained a tree with leaves = 255 and depth = 19
[LightGBM] [Info] 2.292208 seconds elapsed, finished iteration 74
[LightGBM] [Debug] Trained a tree with leaves = 255 and depth = 25
[LightGBM] [Info] 2.320517 seconds elapsed, finished iteration 75
[LightGBM] [Debug] Trained a tree with leaves = 255 and depth = 28
[LightGBM] [Info] 2.347769 seconds elapsed, finished iteration 76
[LightGBM] [Debug] Trained a tree with leaves = 255 and depth = 20
[LightGBM] [Info] 2.376315 seconds elapsed, finished iteration 77
[LightGBM] [Debug] Trained a tree with leaves = 255 and depth = 25
[LightGBM] [Info] 2.403945 seconds elapsed, finished iteration 78
[LightGBM] [Debug] Trained a tree with leaves = 255 and depth = 21
[LightGBM] [Info] 2.431591 seconds elapsed, finished iteration 79
[LightGBM] [Debug] Trained a tree with leaves = 255 and depth = 17
[LightGBM] [Info] 2.458492 seconds elapsed, finished iteration 80
[LightGBM] [Debug] Trained a tree with leaves = 255 and depth = 20
[LightGBM] [Info] 2.486254 seconds elapsed, finished iteration 81
[LightGBM] [Debug] Trained a tree with leaves = 255 and depth = 23
[LightGBM] [Info] 2.513898 seconds elapsed, finished iteration 82
[LightGBM] [Debug] Trained a tree with leaves = 255 and depth = 23
[LightGBM] [Info] 2.540948 seconds elapsed, finished iteration 83
[LightGBM] [Debug] Trained a tree with leaves = 255 and depth = 19
[LightGBM] [Info] 2.569206 seconds elapsed, finished iteration 84
[LightGBM] [Debug] Trained a tree with leaves = 255 and depth = 16
[LightGBM] [Info] 2.597459 seconds elapsed, finished iteration 85
[LightGBM] [Debug] Trained a tree with leaves = 255 and depth = 17
[LightGBM] [Info] 2.625692 seconds elapsed, finished iteration 86
[LightGBM] [Debug] Trained a tree with leaves = 255 and depth = 20
[LightGBM] [Info] 2.652614 seconds elapsed, finished iteration 87
[LightGBM] [Debug] Trained a tree with leaves = 255 and depth = 18
[LightGBM] [Info] 2.680732 seconds elapsed, finished iteration 88
[LightGBM] [Debug] Trained a tree with leaves = 255 and depth = 22
[LightGBM] [Info] 2.706470 seconds elapsed, finished iteration 89
[LightGBM] [Debug] Trained a tree with leaves = 255 and depth = 20
[LightGBM] [Info] 2.733409 seconds elapsed, finished iteration 90
[LightGBM] [Debug] Trained a tree with leaves = 255 and depth = 22
[LightGBM] [Info] 2.760605 seconds elapsed, finished iteration 91
[LightGBM] [Debug] Trained a tree with leaves = 255 and depth = 21
[LightGBM] [Info] 2.795456 seconds elapsed, finished iteration 92
[LightGBM] [Debug] Trained a tree with leaves = 255 and depth = 22
[LightGBM] [Info] 2.829656 seconds elapsed, finished iteration 93
[LightGBM] [Debug] Trained a tree with leaves = 255 and depth = 22
[LightGBM] [Info] 2.862983 seconds elapsed, finished iteration 94
[LightGBM] [Debug] Trained a tree with leaves = 255 and depth = 22
[LightGBM] [Info] 2.891906 seconds elapsed, finished iteration 95
[LightGBM] [Debug] Trained a tree with leaves = 255 and depth = 18
[LightGBM] [Info] 2.918473 seconds elapsed, finished iteration 96
[LightGBM] [Debug] Trained a tree with leaves = 255 and depth = 19
[LightGBM] [Info] 2.944628 seconds elapsed, finished iteration 97
[LightGBM] [Debug] Trained a tree with leaves = 255 and depth = 28
[LightGBM] [Info] 2.971505 seconds elapsed, finished iteration 98
[LightGBM] [Debug] Trained a tree with leaves = 255 and depth = 23
[LightGBM] [Info] 2.998716 seconds elapsed, finished iteration 99
[LightGBM] [Debug] Trained a tree with leaves = 255 and depth = 26
[LightGBM] [Info] 3.025961 seconds elapsed, finished iteration 100
[LightGBM] [Debug] Trained a tree with leaves = 255 and depth = 21
[LightGBM] [Info] 3.053068 seconds elapsed, finished iteration 101
[LightGBM] [Debug] Trained a tree with leaves = 255 and depth = 28
[LightGBM] [Info] 3.081420 seconds elapsed, finished iteration 102
[LightGBM] [Debug] Trained a tree with leaves = 255 and depth = 22
[LightGBM] [Info] 3.108785 seconds elapsed, finished iteration 103
[LightGBM] [Debug] Trained a tree with leaves = 255 and depth = 26
[LightGBM] [Info] 3.134818 seconds elapsed, finished iteration 104
[LightGBM] [Debug] Trained a tree with leaves = 255 and depth = 20
[LightGBM] [Info] 3.161937 seconds elapsed, finished iteration 105
[LightGBM] [Debug] Trained a tree with leaves = 255 and depth = 22
[LightGBM] [Info] 3.190350 seconds elapsed, finished iteration 106
[LightGBM] [Debug] Trained a tree with leaves = 255 and depth = 21
[LightGBM] [Info] 3.216724 seconds elapsed, finished iteration 107
[LightGBM] [Debug] Trained a tree with leaves = 255 and depth = 25
[LightGBM] [Info] 3.246946 seconds elapsed, finished iteration 108
[LightGBM] [Debug] Trained a tree with leaves = 255 and depth = 24
[LightGBM] [Info] 3.282496 seconds elapsed, finished iteration 109
[LightGBM] [Debug] Trained a tree with leaves = 255 and depth = 24
[LightGBM] [Info] 3.316369 seconds elapsed, finished iteration 110
[LightGBM] [Debug] Trained a tree with leaves = 255 and depth = 21
[LightGBM] [Info] 3.341234 seconds elapsed, finished iteration 111
[LightGBM] [Debug] Trained a tree with leaves = 255 and depth = 27
[LightGBM] [Info] 3.367299 seconds elapsed, finished iteration 112
[LightGBM] [Debug] Trained a tree with leaves = 255 and depth = 19
[LightGBM] [Info] 3.394692 seconds elapsed, finished iteration 113
[LightGBM] [Debug] Trained a tree with leaves = 255 and depth = 23
[LightGBM] [Info] 3.421442 seconds elapsed, finished iteration 114
[LightGBM] [Debug] Trained a tree with leaves = 255 and depth = 23
[LightGBM] [Info] 3.459096 seconds elapsed, finished iteration 115
[LightGBM] [Debug] Trained a tree with leaves = 255 and depth = 30
[LightGBM] [Info] 3.489280 seconds elapsed, finished iteration 116
[LightGBM] [Debug] Trained a tree with leaves = 255 and depth = 21
[LightGBM] [Info] 3.516733 seconds elapsed, finished iteration 117
[LightGBM] [Debug] Trained a tree with leaves = 255 and depth = 23
[LightGBM] [Info] 3.543035 seconds elapsed, finished iteration 118
[LightGBM] [Debug] Trained a tree with leaves = 255 and depth = 21
[LightGBM] [Info] 3.571855 seconds elapsed, finished iteration 119
[LightGBM] [Debug] Trained a tree with leaves = 255 and depth = 24
[LightGBM] [Info] 3.601058 seconds elapsed, finished iteration 120
[LightGBM] [Debug] Trained a tree with leaves = 255 and depth = 30
[LightGBM] [Info] 3.627838 seconds elapsed, finished iteration 121
[LightGBM] [Debug] Trained a tree with leaves = 255 and depth = 24
[LightGBM] [Info] 3.654427 seconds elapsed, finished iteration 122
[LightGBM] [Debug] Trained a tree with leaves = 255 and depth = 24
[LightGBM] [Info] 3.682972 seconds elapsed, finished iteration 123
[LightGBM] [Debug] Trained a tree with leaves = 255 and depth = 26
[LightGBM] [Info] 3.708379 seconds elapsed, finished iteration 124
[LightGBM] [Debug] Trained a tree with leaves = 255 and depth = 30
[LightGBM] [Info] 3.734607 seconds elapsed, finished iteration 125
[LightGBM] [Debug] Trained a tree with leaves = 255 and depth = 21
[LightGBM] [Info] 3.760219 seconds elapsed, finished iteration 126
[LightGBM] [Debug] Trained a tree with leaves = 255 and depth = 30
[LightGBM] [Info] 3.787491 seconds elapsed, finished iteration 127
[LightGBM] [Debug] Trained a tree with leaves = 255 and depth = 22
[LightGBM] [Info] 3.814020 seconds elapsed, finished iteration 128
[LightGBM] [Debug] Trained a tree with leaves = 255 and depth = 23
[LightGBM] [Info] 3.839631 seconds elapsed, finished iteration 129
[LightGBM] [Debug] Trained a tree with leaves = 255 and depth = 28
[LightGBM] [Info] 3.864328 seconds elapsed, finished iteration 130
[LightGBM] [Debug] Trained a tree with leaves = 255 and depth = 26
[LightGBM] [Info] 3.892227 seconds elapsed, finished iteration 131
[LightGBM] [Debug] Trained a tree with leaves = 255 and depth = 22
[LightGBM] [Info] 3.917230 seconds elapsed, finished iteration 132
[LightGBM] [Debug] Trained a tree with leaves = 255 and depth = 22
[LightGBM] [Info] 3.942097 seconds elapsed, finished iteration 133
[LightGBM] [Debug] Trained a tree with leaves = 255 and depth = 24
[LightGBM] [Info] 3.972217 seconds elapsed, finished iteration 134
[LightGBM] [Debug] Trained a tree with leaves = 255 and depth = 22
[LightGBM] [Info] 3.999617 seconds elapsed, finished iteration 135
[LightGBM] [Debug] Trained a tree with leaves = 255 and depth = 18
[LightGBM] [Info] 4.025956 seconds elapsed, finished iteration 136
[LightGBM] [Debug] Trained a tree with leaves = 255 and depth = 25
[LightGBM] [Info] 4.051449 seconds elapsed, finished iteration 137
[LightGBM] [Debug] Trained a tree with leaves = 255 and depth = 22
[LightGBM] [Info] 4.079339 seconds elapsed, finished iteration 138
[LightGBM] [Debug] Trained a tree with leaves = 255 and depth = 19
[LightGBM] [Info] 4.101941 seconds elapsed, finished iteration 139
[LightGBM] [Debug] Trained a tree with leaves = 255 and depth = 20
[LightGBM] [Info] 4.128309 seconds elapsed, finished iteration 140
[LightGBM] [Debug] Trained a tree with leaves = 255 and depth = 24
[LightGBM] [Info] 4.154039 seconds elapsed, finished iteration 141
[LightGBM] [Debug] Trained a tree with leaves = 255 and depth = 23
[LightGBM] [Info] 4.182321 seconds elapsed, finished iteration 142
[LightGBM] [Debug] Trained a tree with leaves = 255 and depth = 22
[LightGBM] [Info] 4.208895 seconds elapsed, finished iteration 143
[LightGBM] [Debug] Trained a tree with leaves = 255 and depth = 20
[LightGBM] [Info] 4.235332 seconds elapsed, finished iteration 144
[LightGBM] [Debug] Trained a tree with leaves = 255 and depth = 17
[LightGBM] [Info] 4.256994 seconds elapsed, finished iteration 145
[LightGBM] [Debug] Trained a tree with leaves = 255 and depth = 26
[LightGBM] [Info] 4.283983 seconds elapsed, finished iteration 146
[LightGBM] [Debug] Trained a tree with leaves = 255 and depth = 19
[LightGBM] [Info] 4.311534 seconds elapsed, finished iteration 147
[LightGBM] [Debug] Trained a tree with leaves = 255 and depth = 21
[LightGBM] [Info] 4.335970 seconds elapsed, finished iteration 148
[LightGBM] [Debug] Trained a tree with leaves = 255 and depth = 24
[LightGBM] [Info] 4.361932 seconds elapsed, finished iteration 149
[LightGBM] [Debug] Trained a tree with leaves = 255 and depth = 25
[LightGBM] [Info] 4.389139 seconds elapsed, finished iteration 150
[LightGBM] [Debug] Trained a tree with leaves = 255 and depth = 22
[LightGBM] [Info] 4.414825 seconds elapsed, finished iteration 151
[LightGBM] [Debug] Trained a tree with leaves = 255 and depth = 25
[LightGBM] [Info] 4.438827 seconds elapsed, finished iteration 152
[LightGBM] [Debug] Trained a tree with leaves = 255 and depth = 24
[LightGBM] [Info] 4.464711 seconds elapsed, finished iteration 153
[LightGBM] [Debug] Trained a tree with leaves = 255 and depth = 22
[LightGBM] [Info] 4.492907 seconds elapsed, finished iteration 154
[LightGBM] [Debug] Trained a tree with leaves = 255 and depth = 17
[LightGBM] [Info] 4.519368 seconds elapsed, finished iteration 155
[LightGBM] [Debug] Trained a tree with leaves = 255 and depth = 17
[LightGBM] [Info] 4.545140 seconds elapsed, finished iteration 156
[LightGBM] [Debug] Trained a tree with leaves = 255 and depth = 35
[LightGBM] [Info] 4.570697 seconds elapsed, finished iteration 157
[LightGBM] [Debug] Trained a tree with leaves = 255 and depth = 27
[LightGBM] [Info] 4.596475 seconds elapsed, finished iteration 158
[LightGBM] [Debug] Trained a tree with leaves = 255 and depth = 24
[LightGBM] [Info] 4.621976 seconds elapsed, finished iteration 159
[LightGBM] [Debug] Trained a tree with leaves = 255 and depth = 19
[LightGBM] [Info] 4.647481 seconds elapsed, finished iteration 160
[LightGBM] [Debug] Trained a tree with leaves = 255 and depth = 16
[LightGBM] [Info] 4.674533 seconds elapsed, finished iteration 161
[LightGBM] [Debug] Trained a tree with leaves = 255 and depth = 24
[LightGBM] [Info] 4.700390 seconds elapsed, finished iteration 162
[LightGBM] [Debug] Trained a tree with leaves = 255 and depth = 24
[LightGBM] [Info] 4.725434 seconds elapsed, finished iteration 163
[LightGBM] [Debug] Trained a tree with leaves = 255 and depth = 20
[LightGBM] [Info] 4.750790 seconds elapsed, finished iteration 164
[LightGBM] [Debug] Trained a tree with leaves = 255 and depth = 28
[LightGBM] [Info] 4.776641 seconds elapsed, finished iteration 165
[LightGBM] [Debug] Trained a tree with leaves = 255 and depth = 27
[LightGBM] [Info] 4.802271 seconds elapsed, finished iteration 166
[LightGBM] [Debug] Trained a tree with leaves = 255 and depth = 25
[LightGBM] [Info] 4.824175 seconds elapsed, finished iteration 167
[LightGBM] [Debug] Trained a tree with leaves = 255 and depth = 21
[LightGBM] [Info] 4.851278 seconds elapsed, finished iteration 168
[LightGBM] [Debug] Trained a tree with leaves = 255 and depth = 34
[LightGBM] [Info] 4.874708 seconds elapsed, finished iteration 169
[LightGBM] [Debug] Trained a tree with leaves = 255 and depth = 20
[LightGBM] [Info] 4.896430 seconds elapsed, finished iteration 170
[LightGBM] [Debug] Trained a tree with leaves = 255 and depth = 31
[LightGBM] [Info] 4.918735 seconds elapsed, finished iteration 171
[LightGBM] [Debug] Trained a tree with leaves = 255 and depth = 27
[LightGBM] [Info] 4.943981 seconds elapsed, finished iteration 172
[LightGBM] [Debug] Trained a tree with leaves = 255 and depth = 27
[LightGBM] [Info] 4.968824 seconds elapsed, finished iteration 173
[LightGBM] [Debug] Trained a tree with leaves = 255 and depth = 22
[LightGBM] [Info] 4.993281 seconds elapsed, finished iteration 174
[LightGBM] [Debug] Trained a tree with leaves = 255 and depth = 26
[LightGBM] [Info] 5.017651 seconds elapsed, finished iteration 175
[LightGBM] [Debug] Trained a tree with leaves = 255 and depth = 19
[LightGBM] [Info] 5.040394 seconds elapsed, finished iteration 176
[LightGBM] [Debug] Trained a tree with leaves = 255 and depth = 19
[LightGBM] [Info] 5.066078 seconds elapsed, finished iteration 177
[LightGBM] [Debug] Trained a tree with leaves = 255 and depth = 31
[LightGBM] [Info] 5.094125 seconds elapsed, finished iteration 178
[LightGBM] [Debug] Trained a tree with leaves = 255 and depth = 20
[LightGBM] [Info] 5.114495 seconds elapsed, finished iteration 179
[LightGBM] [Debug] Trained a tree with leaves = 255 and depth = 19
[LightGBM] [Info] 5.139741 seconds elapsed, finished iteration 180
[LightGBM] [Debug] Trained a tree with leaves = 255 and depth = 24
[LightGBM] [Info] 5.162055 seconds elapsed, finished iteration 181
[LightGBM] [Debug] Trained a tree with leaves = 255 and depth = 20
[LightGBM] [Info] 5.188220 seconds elapsed, finished iteration 182
[LightGBM] [Debug] Trained a tree with leaves = 255 and depth = 30
[LightGBM] [Info] 5.207588 seconds elapsed, finished iteration 183
[LightGBM] [Debug] Trained a tree with leaves = 255 and depth = 33
[LightGBM] [Info] 5.232316 seconds elapsed, finished iteration 184
[LightGBM] [Debug] Trained a tree with leaves = 255 and depth = 22
[LightGBM] [Info] 5.258548 seconds elapsed, finished iteration 185
[LightGBM] [Debug] Trained a tree with leaves = 255 and depth = 24
[LightGBM] [Info] 5.280428 seconds elapsed, finished iteration 186
[LightGBM] [Debug] Trained a tree with leaves = 255 and depth = 27
[LightGBM] [Info] 5.304335 seconds elapsed, finished iteration 187
[LightGBM] [Debug] Trained a tree with leaves = 255 and depth = 24
[LightGBM] [Info] 5.327975 seconds elapsed, finished iteration 188
[LightGBM] [Debug] Trained a tree with leaves = 255 and depth = 18
[LightGBM] [Info] 5.363815 seconds elapsed, finished iteration 189
[LightGBM] [Debug] Trained a tree with leaves = 255 and depth = 20
[LightGBM] [Info] 5.394908 seconds elapsed, finished iteration 190
[LightGBM] [Debug] Trained a tree with leaves = 255 and depth = 18
[LightGBM] [Info] 5.422008 seconds elapsed, finished iteration 191
[LightGBM] [Debug] Trained a tree with leaves = 255 and depth = 23
[LightGBM] [Info] 5.447778 seconds elapsed, finished iteration 192
[LightGBM] [Debug] Trained a tree with leaves = 255 and depth = 26
[LightGBM] [Info] 5.474551 seconds elapsed, finished iteration 193
[LightGBM] [Debug] Trained a tree with leaves = 255 and depth = 27
[LightGBM] [Info] 5.499913 seconds elapsed, finished iteration 194
[LightGBM] [Debug] Trained a tree with leaves = 255 and depth = 22
[LightGBM] [Info] 5.525248 seconds elapsed, finished iteration 195
[LightGBM] [Debug] Trained a tree with leaves = 255 and depth = 22
[LightGBM] [Info] 5.549247 seconds elapsed, finished iteration 196
[LightGBM] [Debug] Trained a tree with leaves = 255 and depth = 20
[LightGBM] [Info] 5.568885 seconds elapsed, finished iteration 197
[LightGBM] [Debug] Trained a tree with leaves = 255 and depth = 23
[LightGBM] [Info] 5.592841 seconds elapsed, finished iteration 198
[LightGBM] [Debug] Trained a tree with leaves = 255 and depth = 26
[LightGBM] [Info] 5.613097 seconds elapsed, finished iteration 199
[LightGBM] [Debug] Trained a tree with leaves = 255 and depth = 20
[LightGBM] [Info] 5.636808 seconds elapsed, finished iteration 200
[LightGBM] [Debug] Trained a tree with leaves = 255 and depth = 19
[LightGBM] [Info] 5.663647 seconds elapsed, finished iteration 201
[LightGBM] [Debug] Trained a tree with leaves = 255 and depth = 19
[LightGBM] [Info] 5.688001 seconds elapsed, finished iteration 202
[LightGBM] [Debug] Trained a tree with leaves = 255 and depth = 22
[LightGBM] [Info] 5.714711 seconds elapsed, finished iteration 203
[LightGBM] [Debug] Trained a tree with leaves = 255 and depth = 26
[LightGBM] [Info] 5.737862 seconds elapsed, finished iteration 204
[LightGBM] [Debug] Trained a tree with leaves = 255 and depth = 31
[LightGBM] [Info] 5.758822 seconds elapsed, finished iteration 205
[LightGBM] [Debug] Trained a tree with leaves = 255 and depth = 23
[LightGBM] [Info] 5.783206 seconds elapsed, finished iteration 206
[LightGBM] [Debug] Trained a tree with leaves = 255 and depth = 22
[LightGBM] [Info] 5.808295 seconds elapsed, finished iteration 207
[LightGBM] [Debug] Trained a tree with leaves = 255 and depth = 24
[LightGBM] [Info] 5.833731 seconds elapsed, finished iteration 208
[LightGBM] [Debug] Trained a tree with leaves = 255 and depth = 20
[LightGBM] [Info] 5.854750 seconds elapsed, finished iteration 209
[LightGBM] [Debug] Trained a tree with leaves = 255 and depth = 30
[LightGBM] [Info] 5.881097 seconds elapsed, finished iteration 210
[LightGBM] [Debug] Trained a tree with leaves = 255 and depth = 24
[LightGBM] [Info] 5.898616 seconds elapsed, finished iteration 211
[LightGBM] [Debug] Trained a tree with leaves = 255 and depth = 17
[LightGBM] [Info] 5.918897 seconds elapsed, finished iteration 212
[LightGBM] [Debug] Trained a tree with leaves = 255 and depth = 23
[LightGBM] [Info] 5.943723 seconds elapsed, finished iteration 213
[LightGBM] [Debug] Trained a tree with leaves = 255 and depth = 25
[LightGBM] [Info] 5.968593 seconds elapsed, finished iteration 214
[LightGBM] [Debug] Trained a tree with leaves = 255 and depth = 20
[LightGBM] [Info] 5.994065 seconds elapsed, finished iteration 215
[LightGBM] [Debug] Trained a tree with leaves = 255 and depth = 20
[LightGBM] [Info] 6.019780 seconds elapsed, finished iteration 216
[LightGBM] [Debug] Trained a tree with leaves = 255 and depth = 23
[LightGBM] [Info] 6.042372 seconds elapsed, finished iteration 217
[LightGBM] [Debug] Trained a tree with leaves = 255 and depth = 24
[LightGBM] [Info] 6.069491 seconds elapsed, finished iteration 218
[LightGBM] [Debug] Trained a tree with leaves = 255 and depth = 19
[LightGBM] [Info] 6.091580 seconds elapsed, finished iteration 219
[LightGBM] [Debug] Trained a tree with leaves = 255 and depth = 19
[LightGBM] [Info] 6.113060 seconds elapsed, finished iteration 220
[LightGBM] [Debug] Trained a tree with leaves = 255 and depth = 23
[LightGBM] [Info] 6.136257 seconds elapsed, finished iteration 221
[LightGBM] [Debug] Trained a tree with leaves = 255 and depth = 24
[LightGBM] [Info] 6.158272 seconds elapsed, finished iteration 222
[LightGBM] [Debug] Trained a tree with leaves = 255 and depth = 22
[LightGBM] [Info] 6.186587 seconds elapsed, finished iteration 223
[LightGBM] [Debug] Trained a tree with leaves = 255 and depth = 20
[LightGBM] [Info] 6.209058 seconds elapsed, finished iteration 224
[LightGBM] [Debug] Trained a tree with leaves = 255 and depth = 22
[LightGBM] [Info] 6.232861 seconds elapsed, finished iteration 225
[LightGBM] [Debug] Trained a tree with leaves = 255 and depth = 25
[LightGBM] [Info] 6.257101 seconds elapsed, finished iteration 226
[LightGBM] [Debug] Trained a tree with leaves = 255 and depth = 24
[LightGBM] [Info] 6.282337 seconds elapsed, finished iteration 227
[LightGBM] [Debug] Trained a tree with leaves = 255 and depth = 23
[LightGBM] [Info] 6.308349 seconds elapsed, finished iteration 228
[LightGBM] [Debug] Trained a tree with leaves = 255 and depth = 28
[LightGBM] [Info] 6.333410 seconds elapsed, finished iteration 229
[LightGBM] [Debug] Trained a tree with leaves = 255 and depth = 17
[LightGBM] [Info] 6.356409 seconds elapsed, finished iteration 230
[LightGBM] [Debug] Trained a tree with leaves = 255 and depth = 25
[LightGBM] [Info] 6.384218 seconds elapsed, finished iteration 231
[LightGBM] [Debug] Trained a tree with leaves = 255 and depth = 31
[LightGBM] [Info] 6.416042 seconds elapsed, finished iteration 232
[LightGBM] [Debug] Trained a tree with leaves = 255 and depth = 23
[LightGBM] [Info] 6.450933 seconds elapsed, finished iteration 233
[LightGBM] [Debug] Trained a tree with leaves = 255 and depth = 21
[LightGBM] [Info] 6.477646 seconds elapsed, finished iteration 234
[LightGBM] [Debug] Trained a tree with leaves = 255 and depth = 33
[LightGBM] [Info] 6.508419 seconds elapsed, finished iteration 235
[LightGBM] [Debug] Trained a tree with leaves = 255 and depth = 19
[LightGBM] [Info] 6.536712 seconds elapsed, finished iteration 236
[LightGBM] [Debug] Trained a tree with leaves = 255 and depth = 27
[LightGBM] [Info] 6.569608 seconds elapsed, finished iteration 237
[LightGBM] [Debug] Trained a tree with leaves = 255 and depth = 23
[LightGBM] [Info] 6.592997 seconds elapsed, finished iteration 238
[LightGBM] [Debug] Trained a tree with leaves = 255 and depth = 17
[LightGBM] [Info] 6.619627 seconds elapsed, finished iteration 239
[LightGBM] [Debug] Trained a tree with leaves = 255 and depth = 20
[LightGBM] [Info] 6.648825 seconds elapsed, finished iteration 240
[LightGBM] [Debug] Trained a tree with leaves = 255 and depth = 19
[LightGBM] [Info] 6.672768 seconds elapsed, finished iteration 241
[LightGBM] [Debug] Trained a tree with leaves = 255 and depth = 25
[LightGBM] [Info] 6.706895 seconds elapsed, finished iteration 242
[LightGBM] [Debug] Trained a tree with leaves = 255 and depth = 23
[LightGBM] [Info] 6.733782 seconds elapsed, finished iteration 243
[LightGBM] [Debug] Trained a tree with leaves = 255 and depth = 20
[LightGBM] [Info] 6.760227 seconds elapsed, finished iteration 244
[LightGBM] [Debug] Trained a tree with leaves = 255 and depth = 25
[LightGBM] [Info] 6.785100 seconds elapsed, finished iteration 245
[LightGBM] [Debug] Trained a tree with leaves = 255 and depth = 24
[LightGBM] [Info] 6.809789 seconds elapsed, finished iteration 246
[LightGBM] [Debug] Trained a tree with leaves = 255 and depth = 22
[LightGBM] [Info] 6.832755 seconds elapsed, finished iteration 247
[LightGBM] [Debug] Trained a tree with leaves = 255 and depth = 24
[LightGBM] [Info] 6.856170 seconds elapsed, finished iteration 248
[LightGBM] [Debug] Trained a tree with leaves = 255 and depth = 22
[LightGBM] [Info] 6.876655 seconds elapsed, finished iteration 249
[LightGBM] [Debug] Trained a tree with leaves = 255 and depth = 17
[LightGBM] [Info] 6.899355 seconds elapsed, finished iteration 250
[LightGBM] [Debug] Trained a tree with leaves = 255 and depth = 25
[LightGBM] [Info] 6.920201 seconds elapsed, finished iteration 251
[LightGBM] [Debug] Trained a tree with leaves = 255 and depth = 22
[LightGBM] [Info] 6.944611 seconds elapsed, finished iteration 252
[LightGBM] [Debug] Trained a tree with leaves = 255 and depth = 18
[LightGBM] [Info] 6.963909 seconds elapsed, finished iteration 253
[LightGBM] [Debug] Trained a tree with leaves = 255 and depth = 22
[LightGBM] [Info] 6.986321 seconds elapsed, finished iteration 254
[LightGBM] [Debug] Trained a tree with leaves = 255 and depth = 16
[LightGBM] [Info] 7.006635 seconds elapsed, finished iteration 255
[LightGBM] [Debug] Trained a tree with leaves = 255 and depth = 25
[LightGBM] [Info] 7.029130 seconds elapsed, finished iteration 256
[LightGBM] [Debug] Trained a tree with leaves = 255 and depth = 20
[LightGBM] [Info] 7.052205 seconds elapsed, finished iteration 257
[LightGBM] [Debug] Trained a tree with leaves = 255 and depth = 21
[LightGBM] [Info] 7.078196 seconds elapsed, finished iteration 258
[LightGBM] [Debug] Trained a tree with leaves = 255 and depth = 20
[LightGBM] [Info] 7.098627 seconds elapsed, finished iteration 259
[LightGBM] [Debug] Trained a tree with leaves = 255 and depth = 19
[LightGBM] [Info] 7.122107 seconds elapsed, finished iteration 260
[LightGBM] [Debug] Trained a tree with leaves = 255 and depth = 32
[LightGBM] [Info] 7.148303 seconds elapsed, finished iteration 261
[LightGBM] [Debug] Trained a tree with leaves = 255 and depth = 16
[LightGBM] [Info] 7.170539 seconds elapsed, finished iteration 262
[LightGBM] [Debug] Trained a tree with leaves = 255 and depth = 19
[LightGBM] [Info] 7.190230 seconds elapsed, finished iteration 263
[LightGBM] [Debug] Trained a tree with leaves = 255 and depth = 22
[LightGBM] [Info] 7.211397 seconds elapsed, finished iteration 264
[LightGBM] [Debug] Trained a tree with leaves = 255 and depth = 18
[LightGBM] [Info] 7.234763 seconds elapsed, finished iteration 265
[LightGBM] [Debug] Trained a tree with leaves = 255 and depth = 25
[LightGBM] [Info] 7.255838 seconds elapsed, finished iteration 266
[LightGBM] [Debug] Trained a tree with leaves = 255 and depth = 28
[LightGBM] [Info] 7.278684 seconds elapsed, finished iteration 267
[LightGBM] [Debug] Trained a tree with leaves = 255 and depth = 20
[LightGBM] [Info] 7.299753 seconds elapsed, finished iteration 268
[LightGBM] [Debug] Trained a tree with leaves = 255 and depth = 20
[LightGBM] [Info] 7.318696 seconds elapsed, finished iteration 269
[LightGBM] [Debug] Trained a tree with leaves = 255 and depth = 25
[LightGBM] [Info] 7.338667 seconds elapsed, finished iteration 270
[LightGBM] [Debug] Trained a tree with leaves = 255 and depth = 23
[LightGBM] [Info] 7.362882 seconds elapsed, finished iteration 271
[LightGBM] [Debug] Trained a tree with leaves = 255 and depth = 19
[LightGBM] [Info] 7.383687 seconds elapsed, finished iteration 272
[LightGBM] [Debug] Trained a tree with leaves = 255 and depth = 27
[LightGBM] [Info] 7.406965 seconds elapsed, finished iteration 273
[LightGBM] [Debug] Trained a tree with leaves = 255 and depth = 21
[LightGBM] [Info] 7.437853 seconds elapsed, finished iteration 274
[LightGBM] [Debug] Trained a tree with leaves = 255 and depth = 22
[LightGBM] [Info] 7.466644 seconds elapsed, finished iteration 275
[LightGBM] [Debug] Trained a tree with leaves = 255 and depth = 27
[LightGBM] [Info] 7.494813 seconds elapsed, finished iteration 276
[LightGBM] [Debug] Trained a tree with leaves = 255 and depth = 21
[LightGBM] [Info] 7.514538 seconds elapsed, finished iteration 277
[LightGBM] [Debug] Trained a tree with leaves = 255 and depth = 24
[LightGBM] [Info] 7.539416 seconds elapsed, finished iteration 278
[LightGBM] [Debug] Trained a tree with leaves = 255 and depth = 29
[LightGBM] [Info] 7.560650 seconds elapsed, finished iteration 279
[LightGBM] [Debug] Trained a tree with leaves = 255 and depth = 19
[LightGBM] [Info] 7.588060 seconds elapsed, finished iteration 280
[LightGBM] [Debug] Trained a tree with leaves = 255 and depth = 21
[LightGBM] [Info] 7.610734 seconds elapsed, finished iteration 281
[LightGBM] [Debug] Trained a tree with leaves = 255 and depth = 20
[LightGBM] [Info] 7.631486 seconds elapsed, finished iteration 282
[LightGBM] [Debug] Trained a tree with leaves = 255 and depth = 20
[LightGBM] [Info] 7.652686 seconds elapsed, finished iteration 283
[LightGBM] [Debug] Trained a tree with leaves = 255 and depth = 22
[LightGBM] [Info] 7.678781 seconds elapsed, finished iteration 284
[LightGBM] [Debug] Trained a tree with leaves = 255 and depth = 30
[LightGBM] [Info] 7.702099 seconds elapsed, finished iteration 285
[LightGBM] [Debug] Trained a tree with leaves = 255 and depth = 24
[LightGBM] [Info] 7.727828 seconds elapsed, finished iteration 286
[LightGBM] [Debug] Trained a tree with leaves = 255 and depth = 24
[LightGBM] [Info] 7.754883 seconds elapsed, finished iteration 287
[LightGBM] [Debug] Trained a tree with leaves = 255 and depth = 21
[LightGBM] [Info] 7.774130 seconds elapsed, finished iteration 288
[LightGBM] [Debug] Trained a tree with leaves = 255 and depth = 22
[LightGBM] [Info] 7.801983 seconds elapsed, finished iteration 289
[LightGBM] [Debug] Trained a tree with leaves = 255 and depth = 22
[LightGBM] [Info] 7.828515 seconds elapsed, finished iteration 290
[LightGBM] [Debug] Trained a tree with leaves = 255 and depth = 23
[LightGBM] [Info] 7.855404 seconds elapsed, finished iteration 291
[LightGBM] [Debug] Trained a tree with leaves = 255 and depth = 24
[LightGBM] [Info] 7.880132 seconds elapsed, finished iteration 292
[LightGBM] [Debug] Trained a tree with leaves = 255 and depth = 21
[LightGBM] [Info] 7.909475 seconds elapsed, finished iteration 293
[LightGBM] [Debug] Trained a tree with leaves = 255 and depth = 22
[LightGBM] [Info] 7.934197 seconds elapsed, finished iteration 294
[LightGBM] [Debug] Trained a tree with leaves = 255 and depth = 25
[LightGBM] [Info] 7.965746 seconds elapsed, finished iteration 295
[LightGBM] [Debug] Trained a tree with leaves = 255 and depth = 31
[LightGBM] [Info] 7.997430 seconds elapsed, finished iteration 296
[LightGBM] [Debug] Trained a tree with leaves = 255 and depth = 20
[LightGBM] [Info] 8.029331 seconds elapsed, finished iteration 297
[LightGBM] [Debug] Trained a tree with leaves = 255 and depth = 24
[LightGBM] [Info] 8.058375 seconds elapsed, finished iteration 298
[LightGBM] [Debug] Trained a tree with leaves = 255 and depth = 18
[LightGBM] [Info] 8.085029 seconds elapsed, finished iteration 299
[LightGBM] [Debug] Trained a tree with leaves = 255 and depth = 21
[LightGBM] [Info] 8.116544 seconds elapsed, finished iteration 300
[LightGBM] [Debug] Trained a tree with leaves = 255 and depth = 22
[LightGBM] [Info] 8.147283 seconds elapsed, finished iteration 301
[LightGBM] [Debug] Trained a tree with leaves = 255 and depth = 27
[LightGBM] [Info] 8.177822 seconds elapsed, finished iteration 302
[LightGBM] [Debug] Trained a tree with leaves = 255 and depth = 26
[LightGBM] [Info] 8.206520 seconds elapsed, finished iteration 303
[LightGBM] [Debug] Trained a tree with leaves = 255 and depth = 24
[LightGBM] [Info] 8.237390 seconds elapsed, finished iteration 304
[LightGBM] [Debug] Trained a tree with leaves = 255 and depth = 25
[LightGBM] [Info] 8.265202 seconds elapsed, finished iteration 305
[LightGBM] [Debug] Trained a tree with leaves = 255 and depth = 23
[LightGBM] [Info] 8.294325 seconds elapsed, finished iteration 306
[LightGBM] [Debug] Trained a tree with leaves = 255 and depth = 19
[LightGBM] [Info] 8.324852 seconds elapsed, finished iteration 307
[LightGBM] [Debug] Trained a tree with leaves = 255 and depth = 23
[LightGBM] [Info] 8.349572 seconds elapsed, finished iteration 308
[LightGBM] [Debug] Trained a tree with leaves = 255 and depth = 18
[LightGBM] [Info] 8.374946 seconds elapsed, finished iteration 309
[LightGBM] [Debug] Trained a tree with leaves = 255 and depth = 25
[LightGBM] [Info] 8.400702 seconds elapsed, finished iteration 310
[LightGBM] [Debug] Trained a tree with leaves = 255 and depth = 20
[LightGBM] [Info] 8.424114 seconds elapsed, finished iteration 311
[LightGBM] [Debug] Trained a tree with leaves = 255 and depth = 26
[LightGBM] [Info] 8.452556 seconds elapsed, finished iteration 312
[LightGBM] [Debug] Trained a tree with leaves = 255 and depth = 22
[LightGBM] [Info] 8.481627 seconds elapsed, finished iteration 313
[LightGBM] [Debug] Trained a tree with leaves = 255 and depth = 21
[LightGBM] [Info] 8.508859 seconds elapsed, finished iteration 314
[LightGBM] [Debug] Trained a tree with leaves = 255 and depth = 25
[LightGBM] [Info] 8.533257 seconds elapsed, finished iteration 315
[LightGBM] [Debug] Trained a tree with leaves = 255 and depth = 29
[LightGBM] [Info] 8.557876 seconds elapsed, finished iteration 316
[LightGBM] [Debug] Trained a tree with leaves = 255 and depth = 21
[LightGBM] [Info] 8.581679 seconds elapsed, finished iteration 317
[LightGBM] [Debug] Trained a tree with leaves = 255 and depth = 20
[LightGBM] [Info] 8.612205 seconds elapsed, finished iteration 318
[LightGBM] [Debug] Trained a tree with leaves = 255 and depth = 21
[LightGBM] [Info] 8.640721 seconds elapsed, finished iteration 319
[LightGBM] [Debug] Trained a tree with leaves = 255 and depth = 27
[LightGBM] [Info] 8.662956 seconds elapsed, finished iteration 320
[LightGBM] [Debug] Trained a tree with leaves = 255 and depth = 19
[LightGBM] [Info] 8.691422 seconds elapsed, finished iteration 321
[LightGBM] [Debug] Trained a tree with leaves = 255 and depth = 23
[LightGBM] [Info] 8.715513 seconds elapsed, finished iteration 322
[LightGBM] [Debug] Trained a tree with leaves = 255 and depth = 20
[LightGBM] [Info] 8.742550 seconds elapsed, finished iteration 323
[LightGBM] [Debug] Trained a tree with leaves = 255 and depth = 22
[LightGBM] [Info] 8.771100 seconds elapsed, finished iteration 324
[LightGBM] [Debug] Trained a tree with leaves = 255 and depth = 19
[LightGBM] [Info] 8.803061 seconds elapsed, finished iteration 325
[LightGBM] [Debug] Trained a tree with leaves = 255 and depth = 21
[LightGBM] [Info] 8.829285 seconds elapsed, finished iteration 326
[LightGBM] [Debug] Trained a tree with leaves = 255 and depth = 20
[LightGBM] [Info] 8.857355 seconds elapsed, finished iteration 327
[LightGBM] [Debug] Trained a tree with leaves = 255 and depth = 25
[LightGBM] [Info] 8.883839 seconds elapsed, finished iteration 328
[LightGBM] [Debug] Trained a tree with leaves = 255 and depth = 21
[LightGBM] [Info] 8.910835 seconds elapsed, finished iteration 329
[LightGBM] [Debug] Trained a tree with leaves = 255 and depth = 19
[LightGBM] [Info] 8.939902 seconds elapsed, finished iteration 330
[LightGBM] [Debug] Trained a tree with leaves = 255 and depth = 22
[LightGBM] [Info] 8.965511 seconds elapsed, finished iteration 331
[LightGBM] [Debug] Trained a tree with leaves = 255 and depth = 19
[LightGBM] [Info] 8.989791 seconds elapsed, finished iteration 332
[LightGBM] [Debug] Trained a tree with leaves = 255 and depth = 25
[LightGBM] [Info] 9.014066 seconds elapsed, finished iteration 333
[LightGBM] [Debug] Trained a tree with leaves = 255 and depth = 21
[LightGBM] [Info] 9.036685 seconds elapsed, finished iteration 334
[LightGBM] [Debug] Trained a tree with leaves = 255 and depth = 23
[LightGBM] [Info] 9.058146 seconds elapsed, finished iteration 335
[LightGBM] [Debug] Trained a tree with leaves = 255 and depth = 18
[LightGBM] [Info] 9.092157 seconds elapsed, finished iteration 336
[LightGBM] [Debug] Trained a tree with leaves = 255 and depth = 22
[LightGBM] [Info] 9.120866 seconds elapsed, finished iteration 337
[LightGBM] [Debug] Trained a tree with leaves = 255 and depth = 25
[LightGBM] [Info] 9.147848 seconds elapsed, finished iteration 338
[LightGBM] [Debug] Trained a tree with leaves = 255 and depth = 21
[LightGBM] [Info] 9.180157 seconds elapsed, finished iteration 339
[LightGBM] [Debug] Trained a tree with leaves = 255 and depth = 22
[LightGBM] [Info] 9.212301 seconds elapsed, finished iteration 340
[LightGBM] [Debug] Trained a tree with leaves = 255 and depth = 24
[LightGBM] [Info] 9.241885 seconds elapsed, finished iteration 341
[LightGBM] [Debug] Trained a tree with leaves = 255 and depth = 24
[LightGBM] [Info] 9.269705 seconds elapsed, finished iteration 342
[LightGBM] [Debug] Trained a tree with leaves = 255 and depth = 29
[LightGBM] [Info] 9.302833 seconds elapsed, finished iteration 343
[LightGBM] [Debug] Trained a tree with leaves = 255 and depth = 25
[LightGBM] [Info] 9.327969 seconds elapsed, finished iteration 344
[LightGBM] [Debug] Trained a tree with leaves = 255 and depth = 18
[LightGBM] [Info] 9.359454 seconds elapsed, finished iteration 345
[LightGBM] [Debug] Trained a tree with leaves = 255 and depth = 28
[LightGBM] [Info] 9.389843 seconds elapsed, finished iteration 346
[LightGBM] [Debug] Trained a tree with leaves = 255 and depth = 21
[LightGBM] [Info] 9.415087 seconds elapsed, finished iteration 347
[LightGBM] [Debug] Trained a tree with leaves = 255 and depth = 31
[LightGBM] [Info] 9.445414 seconds elapsed, finished iteration 348
[LightGBM] [Debug] Trained a tree with leaves = 255 and depth = 25
[LightGBM] [Info] 9.480573 seconds elapsed, finished iteration 349
[LightGBM] [Debug] Trained a tree with leaves = 255 and depth = 24
[LightGBM] [Info] 9.513436 seconds elapsed, finished iteration 350
[LightGBM] [Debug] Trained a tree with leaves = 255 and depth = 20
[LightGBM] [Info] 9.549157 seconds elapsed, finished iteration 351
[LightGBM] [Debug] Trained a tree with leaves = 255 and depth = 21
[LightGBM] [Info] 9.582248 seconds elapsed, finished iteration 352
[LightGBM] [Debug] Trained a tree with leaves = 255 and depth = 24
[LightGBM] [Info] 9.615848 seconds elapsed, finished iteration 353
[LightGBM] [Debug] Trained a tree with leaves = 255 and depth = 21
[LightGBM] [Info] 9.641631 seconds elapsed, finished iteration 354
[LightGBM] [Debug] Trained a tree with leaves = 255 and depth = 21
[LightGBM] [Info] 9.668434 seconds elapsed, finished iteration 355
[LightGBM] [Debug] Trained a tree with leaves = 255 and depth = 29
[LightGBM] [Info] 9.693355 seconds elapsed, finished iteration 356
[LightGBM] [Debug] Trained a tree with leaves = 255 and depth = 23
[LightGBM] [Info] 9.714535 seconds elapsed, finished iteration 357
[LightGBM] [Debug] Trained a tree with leaves = 255 and depth = 23
[LightGBM] [Info] 9.737651 seconds elapsed, finished iteration 358
[LightGBM] [Debug] Trained a tree with leaves = 255 and depth = 25
[LightGBM] [Info] 9.758458 seconds elapsed, finished iteration 359
[LightGBM] [Debug] Trained a tree with leaves = 255 and depth = 24
[LightGBM] [Info] 9.782026 seconds elapsed, finished iteration 360
[LightGBM] [Debug] Trained a tree with leaves = 255 and depth = 22
[LightGBM] [Info] 9.809433 seconds elapsed, finished iteration 361
[LightGBM] [Debug] Trained a tree with leaves = 255 and depth = 23
[LightGBM] [Info] 9.832264 seconds elapsed, finished iteration 362
[LightGBM] [Debug] Trained a tree with leaves = 255 and depth = 25
[LightGBM] [Info] 9.851548 seconds elapsed, finished iteration 363
[LightGBM] [Debug] Trained a tree with leaves = 255 and depth = 31
[LightGBM] [Info] 9.871281 seconds elapsed, finished iteration 364
[LightGBM] [Debug] Trained a tree with leaves = 255 and depth = 22
[LightGBM] [Info] 9.894069 seconds elapsed, finished iteration 365
[LightGBM] [Debug] Trained a tree with leaves = 255 and depth = 29
[LightGBM] [Info] 9.914824 seconds elapsed, finished iteration 366
[LightGBM] [Debug] Trained a tree with leaves = 255 and depth = 19
[LightGBM] [Info] 9.937108 seconds elapsed, finished iteration 367
[LightGBM] [Debug] Trained a tree with leaves = 255 and depth = 21
[LightGBM] [Info] 9.960936 seconds elapsed, finished iteration 368
[LightGBM] [Debug] Trained a tree with leaves = 255 and depth = 29
[LightGBM] [Info] 9.982348 seconds elapsed, finished iteration 369
[LightGBM] [Debug] Trained a tree with leaves = 255 and depth = 19
[LightGBM] [Info] 10.003937 seconds elapsed, finished iteration 370
[LightGBM] [Debug] Trained a tree with leaves = 255 and depth = 27
[LightGBM] [Info] 10.025138 seconds elapsed, finished iteration 371
[LightGBM] [Debug] Trained a tree with leaves = 255 and depth = 21
[LightGBM] [Info] 10.050685 seconds elapsed, finished iteration 372
[LightGBM] [Debug] Trained a tree with leaves = 255 and depth = 21
[LightGBM] [Info] 10.073415 seconds elapsed, finished iteration 373
[LightGBM] [Debug] Trained a tree with leaves = 255 and depth = 24
[LightGBM] [Info] 10.092953 seconds elapsed, finished iteration 374
[LightGBM] [Debug] Trained a tree with leaves = 255 and depth = 26
[LightGBM] [Info] 10.119083 seconds elapsed, finished iteration 375
[LightGBM] [Debug] Trained a tree with leaves = 255 and depth = 19
[LightGBM] [Info] 10.142527 seconds elapsed, finished iteration 376
[LightGBM] [Debug] Trained a tree with leaves = 255 and depth = 27
[LightGBM] [Info] 10.166608 seconds elapsed, finished iteration 377
[LightGBM] [Debug] Trained a tree with leaves = 255 and depth = 27
[LightGBM] [Info] 10.192191 seconds elapsed, finished iteration 378
[LightGBM] [Debug] Trained a tree with leaves = 255 and depth = 23
[LightGBM] [Info] 10.214184 seconds elapsed, finished iteration 379
[LightGBM] [Debug] Trained a tree with leaves = 255 and depth = 24
[LightGBM] [Info] 10.238311 seconds elapsed, finished iteration 380
[LightGBM] [Debug] Trained a tree with leaves = 255 and depth = 19
[LightGBM] [Info] 10.264337 seconds elapsed, finished iteration 381
[LightGBM] [Debug] Trained a tree with leaves = 255 and depth = 17
[LightGBM] [Info] 10.287366 seconds elapsed, finished iteration 382
[LightGBM] [Debug] Trained a tree with leaves = 255 and depth = 22
[LightGBM] [Info] 10.308430 seconds elapsed, finished iteration 383
[LightGBM] [Debug] Trained a tree with leaves = 255 and depth = 23
[LightGBM] [Info] 10.333056 seconds elapsed, finished iteration 384
[LightGBM] [Debug] Trained a tree with leaves = 255 and depth = 22
[LightGBM] [Info] 10.356475 seconds elapsed, finished iteration 385
[LightGBM] [Debug] Trained a tree with leaves = 255 and depth = 21
[LightGBM] [Info] 10.378427 seconds elapsed, finished iteration 386
[LightGBM] [Debug] Trained a tree with leaves = 255 and depth = 22
[LightGBM] [Info] 10.402442 seconds elapsed, finished iteration 387
[LightGBM] [Debug] Trained a tree with leaves = 255 and depth = 24
[LightGBM] [Info] 10.423064 seconds elapsed, finished iteration 388
[LightGBM] [Debug] Trained a tree with leaves = 255 and depth = 22
[LightGBM] [Info] 10.446740 seconds elapsed, finished iteration 389
[LightGBM] [Debug] Trained a tree with leaves = 255 and depth = 22
[LightGBM] [Info] 10.466867 seconds elapsed, finished iteration 390
[LightGBM] [Debug] Trained a tree with leaves = 255 and depth = 25
[LightGBM] [Info] 10.487023 seconds elapsed, finished iteration 391
[LightGBM] [Debug] Trained a tree with leaves = 255 and depth = 27
[LightGBM] [Info] 10.512090 seconds elapsed, finished iteration 392
[LightGBM] [Debug] Trained a tree with leaves = 255 and depth = 22
[LightGBM] [Info] 10.536863 seconds elapsed, finished iteration 393
[LightGBM] [Debug] Trained a tree with leaves = 255 and depth = 23
[LightGBM] [Info] 10.556340 seconds elapsed, finished iteration 394
[LightGBM] [Debug] Trained a tree with leaves = 255 and depth = 20
[LightGBM] [Info] 10.578744 seconds elapsed, finished iteration 395
[LightGBM] [Debug] Trained a tree with leaves = 255 and depth = 20
[LightGBM] [Info] 10.599350 seconds elapsed, finished iteration 396
[LightGBM] [Debug] Trained a tree with leaves = 255 and depth = 23
[LightGBM] [Info] 10.622838 seconds elapsed, finished iteration 397
[LightGBM] [Debug] Trained a tree with leaves = 255 and depth = 24
[LightGBM] [Info] 10.648138 seconds elapsed, finished iteration 398
[LightGBM] [Debug] Trained a tree with leaves = 255 and depth = 22
[LightGBM] [Info] 10.668064 seconds elapsed, finished iteration 399
[LightGBM] [Debug] Trained a tree with leaves = 255 and depth = 18
[LightGBM] [Info] 10.692120 seconds elapsed, finished iteration 400
[LightGBM] [Debug] Trained a tree with leaves = 255 and depth = 27
[LightGBM] [Info] 10.715510 seconds elapsed, finished iteration 401
[LightGBM] [Debug] Trained a tree with leaves = 255 and depth = 22
[LightGBM] [Info] 10.734459 seconds elapsed, finished iteration 402
[LightGBM] [Debug] Trained a tree with leaves = 255 and depth = 25
[LightGBM] [Info] 10.757116 seconds elapsed, finished iteration 403
[LightGBM] [Debug] Trained a tree with leaves = 255 and depth = 26
[LightGBM] [Info] 10.781519 seconds elapsed, finished iteration 404
[LightGBM] [Debug] Trained a tree with leaves = 255 and depth = 22
[LightGBM] [Info] 10.800036 seconds elapsed, finished iteration 405
[LightGBM] [Debug] Trained a tree with leaves = 255 and depth = 23
[LightGBM] [Info] 10.824761 seconds elapsed, finished iteration 406
[LightGBM] [Debug] Trained a tree with leaves = 255 and depth = 20
[LightGBM] [Info] 10.850758 seconds elapsed, finished iteration 407
[LightGBM] [Debug] Trained a tree with leaves = 255 and depth = 25
[LightGBM] [Info] 10.871179 seconds elapsed, finished iteration 408
[LightGBM] [Debug] Trained a tree with leaves = 255 and depth = 21
[LightGBM] [Info] 10.890297 seconds elapsed, finished iteration 409
[LightGBM] [Debug] Trained a tree with leaves = 255 and depth = 23
[LightGBM] [Info] 10.912959 seconds elapsed, finished iteration 410
[LightGBM] [Debug] Trained a tree with leaves = 255 and depth = 23
[LightGBM] [Info] 10.937614 seconds elapsed, finished iteration 411
[LightGBM] [Debug] Trained a tree with leaves = 255 and depth = 20
[LightGBM] [Info] 10.958172 seconds elapsed, finished iteration 412
[LightGBM] [Debug] Trained a tree with leaves = 255 and depth = 21
[LightGBM] [Info] 10.979724 seconds elapsed, finished iteration 413
[LightGBM] [Debug] Trained a tree with leaves = 255 and depth = 23
[LightGBM] [Info] 10.998558 seconds elapsed, finished iteration 414
[LightGBM] [Debug] Trained a tree with leaves = 255 and depth = 20
[LightGBM] [Info] 11.023502 seconds elapsed, finished iteration 415
[LightGBM] [Debug] Trained a tree with leaves = 255 and depth = 21
[LightGBM] [Info] 11.045564 seconds elapsed, finished iteration 416
[LightGBM] [Debug] Trained a tree with leaves = 255 and depth = 24
[LightGBM] [Info] 11.069089 seconds elapsed, finished iteration 417
[LightGBM] [Debug] Trained a tree with leaves = 255 and depth = 24
[LightGBM] [Info] 11.091713 seconds elapsed, finished iteration 418
[LightGBM] [Debug] Trained a tree with leaves = 255 and depth = 21
[LightGBM] [Info] 11.113770 seconds elapsed, finished iteration 419
[LightGBM] [Debug] Trained a tree with leaves = 255 and depth = 27
[LightGBM] [Info] 11.134507 seconds elapsed, finished iteration 420
[LightGBM] [Debug] Trained a tree with leaves = 255 and depth = 23
[LightGBM] [Info] 11.157277 seconds elapsed, finished iteration 421
[LightGBM] [Debug] Trained a tree with leaves = 255 and depth = 22
[LightGBM] [Info] 11.178558 seconds elapsed, finished iteration 422
[LightGBM] [Debug] Trained a tree with leaves = 255 and depth = 18
[LightGBM] [Info] 11.201015 seconds elapsed, finished iteration 423
[LightGBM] [Debug] Trained a tree with leaves = 255 and depth = 24
[LightGBM] [Info] 11.222788 seconds elapsed, finished iteration 424
[LightGBM] [Debug] Trained a tree with leaves = 255 and depth = 21
[LightGBM] [Info] 11.240937 seconds elapsed, finished iteration 425
[LightGBM] [Debug] Trained a tree with leaves = 255 and depth = 21
[LightGBM] [Info] 11.263669 seconds elapsed, finished iteration 426
[LightGBM] [Debug] Trained a tree with leaves = 255 and depth = 22
[LightGBM] [Info] 11.287168 seconds elapsed, finished iteration 427
[LightGBM] [Debug] Trained a tree with leaves = 255 and depth = 18
[LightGBM] [Info] 11.306859 seconds elapsed, finished iteration 428
[LightGBM] [Debug] Trained a tree with leaves = 255 and depth = 20
[LightGBM] [Info] 11.332938 seconds elapsed, finished iteration 429
[LightGBM] [Debug] Trained a tree with leaves = 255 and depth = 22
[LightGBM] [Info] 11.358291 seconds elapsed, finished iteration 430
[LightGBM] [Debug] Trained a tree with leaves = 255 and depth = 23
[LightGBM] [Info] 11.380285 seconds elapsed, finished iteration 431
[LightGBM] [Debug] Trained a tree with leaves = 255 and depth = 20
[LightGBM] [Info] 11.400965 seconds elapsed, finished iteration 432
[LightGBM] [Debug] Trained a tree with leaves = 255 and depth = 23
[LightGBM] [Info] 11.424366 seconds elapsed, finished iteration 433
[LightGBM] [Debug] Trained a tree with leaves = 255 and depth = 20
[LightGBM] [Info] 11.443604 seconds elapsed, finished iteration 434
[LightGBM] [Debug] Trained a tree with leaves = 255 and depth = 21
[LightGBM] [Info] 11.468263 seconds elapsed, finished iteration 435
[LightGBM] [Debug] Trained a tree with leaves = 255 and depth = 21
[LightGBM] [Info] 11.491541 seconds elapsed, finished iteration 436
[LightGBM] [Debug] Trained a tree with leaves = 255 and depth = 31
[LightGBM] [Info] 11.514423 seconds elapsed, finished iteration 437
[LightGBM] [Debug] Trained a tree with leaves = 255 and depth = 26
[LightGBM] [Info] 11.536568 seconds elapsed, finished iteration 438
[LightGBM] [Debug] Trained a tree with leaves = 255 and depth = 25
[LightGBM] [Info] 11.560294 seconds elapsed, finished iteration 439
[LightGBM] [Debug] Trained a tree with leaves = 255 and depth = 19
[LightGBM] [Info] 11.583865 seconds elapsed, finished iteration 440
[LightGBM] [Debug] Trained a tree with leaves = 255 and depth = 18
[LightGBM] [Info] 11.751615 seconds elapsed, finished iteration 441
[LightGBM] [Debug] Trained a tree with leaves = 255 and depth = 22
[LightGBM] [Info] 11.772483 seconds elapsed, finished iteration 442
[LightGBM] [Debug] Trained a tree with leaves = 255 and depth = 21
[LightGBM] [Info] 11.796492 seconds elapsed, finished iteration 443
[LightGBM] [Debug] Trained a tree with leaves = 255 and depth = 19
[LightGBM] [Info] 11.816706 seconds elapsed, finished iteration 444
[LightGBM] [Debug] Trained a tree with leaves = 255 and depth = 23
[LightGBM] [Info] 11.839580 seconds elapsed, finished iteration 445
[LightGBM] [Debug] Trained a tree with leaves = 255 and depth = 21
[LightGBM] [Info] 11.871423 seconds elapsed, finished iteration 446
[LightGBM] [Debug] Trained a tree with leaves = 255 and depth = 22
[LightGBM] [Info] 11.901379 seconds elapsed, finished iteration 447
[LightGBM] [Debug] Trained a tree with leaves = 255 and depth = 21
[LightGBM] [Info] 11.925437 seconds elapsed, finished iteration 448
[LightGBM] [Debug] Trained a tree with leaves = 255 and depth = 24
[LightGBM] [Info] 11.949837 seconds elapsed, finished iteration 449
[LightGBM] [Debug] Trained a tree with leaves = 255 and depth = 24
[LightGBM] [Info] 11.972347 seconds elapsed, finished iteration 450
[LightGBM] [Debug] Trained a tree with leaves = 255 and depth = 23
[LightGBM] [Info] 11.997354 seconds elapsed, finished iteration 451
[LightGBM] [Debug] Trained a tree with leaves = 255 and depth = 20
[LightGBM] [Info] 12.015490 seconds elapsed, finished iteration 452
[LightGBM] [Debug] Trained a tree with leaves = 255 and depth = 22
[LightGBM] [Info] 12.037064 seconds elapsed, finished iteration 453
[LightGBM] [Debug] Trained a tree with leaves = 255 and depth = 24
[LightGBM] [Info] 12.059272 seconds elapsed, finished iteration 454
[LightGBM] [Debug] Trained a tree with leaves = 255 and depth = 20
[LightGBM] [Info] 12.083789 seconds elapsed, finished iteration 455
[LightGBM] [Debug] Trained a tree with leaves = 255 and depth = 19
[LightGBM] [Info] 12.105489 seconds elapsed, finished iteration 456
[LightGBM] [Debug] Trained a tree with leaves = 255 and depth = 18
[LightGBM] [Info] 12.124554 seconds elapsed, finished iteration 457
[LightGBM] [Debug] Trained a tree with leaves = 255 and depth = 26
[LightGBM] [Info] 12.145000 seconds elapsed, finished iteration 458
[LightGBM] [Debug] Trained a tree with leaves = 255 and depth = 20
[LightGBM] [Info] 12.166521 seconds elapsed, finished iteration 459
[LightGBM] [Debug] Trained a tree with leaves = 255 and depth = 22
[LightGBM] [Info] 12.187866 seconds elapsed, finished iteration 460
[LightGBM] [Debug] Trained a tree with leaves = 255 and depth = 26
[LightGBM] [Info] 12.207984 seconds elapsed, finished iteration 461
[LightGBM] [Debug] Trained a tree with leaves = 255 and depth = 27
[LightGBM] [Info] 12.229255 seconds elapsed, finished iteration 462
[LightGBM] [Debug] Trained a tree with leaves = 255 and depth = 23
[LightGBM] [Info] 12.250989 seconds elapsed, finished iteration 463
[LightGBM] [Debug] Trained a tree with leaves = 255 and depth = 22
[LightGBM] [Info] 12.275778 seconds elapsed, finished iteration 464
[LightGBM] [Debug] Trained a tree with leaves = 255 and depth = 22
[LightGBM] [Info] 12.294907 seconds elapsed, finished iteration 465
[LightGBM] [Debug] Trained a tree with leaves = 255 and depth = 30
[LightGBM] [Info] 12.316460 seconds elapsed, finished iteration 466
[LightGBM] [Debug] Trained a tree with leaves = 255 and depth = 28
[LightGBM] [Info] 12.341125 seconds elapsed, finished iteration 467
[LightGBM] [Debug] Trained a tree with leaves = 255 and depth = 17
[LightGBM] [Info] 12.362942 seconds elapsed, finished iteration 468
[LightGBM] [Debug] Trained a tree with leaves = 255 and depth = 18
[LightGBM] [Info] 12.385388 seconds elapsed, finished iteration 469
[LightGBM] [Debug] Trained a tree with leaves = 255 and depth = 29
[LightGBM] [Info] 12.406195 seconds elapsed, finished iteration 470
[LightGBM] [Debug] Trained a tree with leaves = 255 and depth = 21
[LightGBM] [Info] 12.427004 seconds elapsed, finished iteration 471
[LightGBM] [Debug] Trained a tree with leaves = 255 and depth = 19
[LightGBM] [Info] 12.448270 seconds elapsed, finished iteration 472
[LightGBM] [Debug] Trained a tree with leaves = 255 and depth = 22
[LightGBM] [Info] 12.468409 seconds elapsed, finished iteration 473
[LightGBM] [Debug] Trained a tree with leaves = 255 and depth = 21
[LightGBM] [Info] 12.490275 seconds elapsed, finished iteration 474
[LightGBM] [Debug] Trained a tree with leaves = 255 and depth = 16
[LightGBM] [Info] 12.510544 seconds elapsed, finished iteration 475
[LightGBM] [Debug] Trained a tree with leaves = 255 and depth = 28
[LightGBM] [Info] 12.535106 seconds elapsed, finished iteration 476
[LightGBM] [Debug] Trained a tree with leaves = 255 and depth = 20
[LightGBM] [Info] 12.553383 seconds elapsed, finished iteration 477
[LightGBM] [Debug] Trained a tree with leaves = 255 and depth = 22
[LightGBM] [Info] 12.573514 seconds elapsed, finished iteration 478
[LightGBM] [Debug] Trained a tree with leaves = 255 and depth = 23
[LightGBM] [Info] 12.596246 seconds elapsed, finished iteration 479
[LightGBM] [Debug] Trained a tree with leaves = 255 and depth = 20
[LightGBM] [Info] 12.615754 seconds elapsed, finished iteration 480
[LightGBM] [Debug] Trained a tree with leaves = 255 and depth = 24
[LightGBM] [Info] 12.634476 seconds elapsed, finished iteration 481
[LightGBM] [Debug] Trained a tree with leaves = 255 and depth = 19
[LightGBM] [Info] 12.654631 seconds elapsed, finished iteration 482
[LightGBM] [Debug] Trained a tree with leaves = 255 and depth = 26
[LightGBM] [Info] 12.675325 seconds elapsed, finished iteration 483
[LightGBM] [Debug] Trained a tree with leaves = 255 and depth = 19
[LightGBM] [Info] 12.698653 seconds elapsed, finished iteration 484
[LightGBM] [Debug] Trained a tree with leaves = 255 and depth = 23
[LightGBM] [Info] 12.720297 seconds elapsed, finished iteration 485
[LightGBM] [Debug] Trained a tree with leaves = 255 and depth = 22
[LightGBM] [Info] 12.740482 seconds elapsed, finished iteration 486
[LightGBM] [Debug] Trained a tree with leaves = 255 and depth = 20
[LightGBM] [Info] 12.761812 seconds elapsed, finished iteration 487
[LightGBM] [Debug] Trained a tree with leaves = 255 and depth = 26
[LightGBM] [Info] 12.781325 seconds elapsed, finished iteration 488
[LightGBM] [Debug] Trained a tree with leaves = 255 and depth = 22
[LightGBM] [Info] 12.800330 seconds elapsed, finished iteration 489
[LightGBM] [Debug] Trained a tree with leaves = 255 and depth = 21
[LightGBM] [Info] 12.819928 seconds elapsed, finished iteration 490
[LightGBM] [Debug] Trained a tree with leaves = 255 and depth = 24
[LightGBM] [Info] 12.844476 seconds elapsed, finished iteration 491
[LightGBM] [Debug] Trained a tree with leaves = 255 and depth = 17
[LightGBM] [Info] 12.867987 seconds elapsed, finished iteration 492
[LightGBM] [Debug] Trained a tree with leaves = 255 and depth = 27
[LightGBM] [Info] 12.892656 seconds elapsed, finished iteration 493
[LightGBM] [Debug] Trained a tree with leaves = 255 and depth = 22
[LightGBM] [Info] 12.912432 seconds elapsed, finished iteration 494
[LightGBM] [Debug] Trained a tree with leaves = 255 and depth = 16
[LightGBM] [Info] 12.938195 seconds elapsed, finished iteration 495
[LightGBM] [Debug] Trained a tree with leaves = 255 and depth = 28
[LightGBM] [Info] 12.966987 seconds elapsed, finished iteration 496
[LightGBM] [Debug] Trained a tree with leaves = 255 and depth = 19
[LightGBM] [Info] 12.987224 seconds elapsed, finished iteration 497
[LightGBM] [Debug] Trained a tree with leaves = 255 and depth = 20
[LightGBM] [Info] 13.007239 seconds elapsed, finished iteration 498
[LightGBM] [Debug] Trained a tree with leaves = 255 and depth = 22
[LightGBM] [Info] 13.031343 seconds elapsed, finished iteration 499
[LightGBM] [Debug] Trained a tree with leaves = 255 and depth = 26
[LightGBM] [Info] 13.054196 seconds elapsed, finished iteration 500
[LightGBM] [Info] Finished training
[LightGBM] [Info] DataPartition::Split costs:	 1.882043
[LightGBM] [Info] Dataset::FastFeatureBundling costs:	 0.066144
[LightGBM] [Info] Dataset::GetMultiBinFromSparseFeatures costs:	 0.000001
[LightGBM] [Info] Dataset::InitTrain costs:	 0.000067
[LightGBM] [Info] Dataset::TestMultiThreadingMethod costs:	 0.000144
[LightGBM] [Info] Dataset::dense_bin_histogram costs:	 5.739691
[LightGBM] [Info] GBDT::Bagging costs:	 0.000102
[LightGBM] [Info] GBDT::BoostFromAverage costs:	 0.000158
[LightGBM] [Info] GBDT::Boosting costs:	 0.027620
[LightGBM] [Info] GBDT::Train costs:	 13.054204
[LightGBM] [Info] GBDT::TrainOneIter costs:	 13.046048
[LightGBM] [Info] GBDT::UpdateScore costs:	 0.217271
[LightGBM] [Info] ScoreUpdater::AddScore costs:	 0.216457
[LightGBM] [Info] SerialTreeLearner::BeforeFindBestSplit costs:	 0.012709
[LightGBM] [Info] SerialTreeLearner::BeforeTrain costs:	 0.064774
[LightGBM] [Info] SerialTreeLearner::ConstructHistograms costs:	 5.924483
[LightGBM] [Info] SerialTreeLearner::FindBestSplitsFromHistograms costs:	 3.112931
[LightGBM] [Info] SerialTreeLearner::RenewIntGradTreeOutput costs:	 0.940530
[LightGBM] [Info] SerialTreeLearner::SplitInner costs:	 2.010180
[LightGBM] [Info] SerialTreeLearner::Train costs:	 12.791637
