[LightGBM] [Warning] learning_rate is set=0.015, learning_rate=0.1 will be ignored. Current value: learning_rate=0.015
[LightGBM] [Warning] num_leaves is set=45, num_leaves=255 will be ignored. Current value: num_leaves=45
[LightGBM] [Warning] use_discretized_grad is set=true, use_discretized_grad=true will be ignored. Current value: use_discretized_grad=true
[LightGBM] [Warning] discretized_grad_renew is set=true, discretized_grad_renew=true will be ignored. Current value: discretized_grad_renew=true
[LightGBM] [Warning] force_row_wise is set=false, force_row_wise=true will be ignored. Current value: force_row_wise=false
[LightGBM] [Info] Finished loading parameters
[LightGBM] [Debug] Loading train file...
[LightGBM] [Debug] Read 10.0 GBs from /home/shiyu/boosting_tree_benchmarks/data/bosch.train.
[LightGBM] [Debug] Read 20.0 GBs from /home/shiyu/boosting_tree_benchmarks/data/bosch.train.
[LightGBM] [Info] Construct bin mappers from text data time 16.61 seconds
[LightGBM] [Info] Finished loading data in 54.941685 seconds
[LightGBM] [Info] Number of positive: 5828, number of negative: 994172
[LightGBM] [Debug] Dataset::GetMultiBinFromSparseFeatures: sparse rate 0.942715
[LightGBM] [Info] Total Bins 119611
[LightGBM] [Info] Number of data points in the train set: 1000000, number of used features: 968
[LightGBM] [Info] Finished initializing training
[LightGBM] [Info] Started training...
[LightGBM] [Info] [binary:BoostFromScore]: pavg=0.005828 -> initscore=-5.139236
[LightGBM] [Info] Start training from score -5.139236
[LightGBM] [Debug] Trained a tree with leaves = 45 and depth = 15
[LightGBM] [Info] 0.097813 seconds elapsed, finished iteration 1
[LightGBM] [Warning] No further splits with positive gain, best gain: -inf
[LightGBM] [Debug] Trained a tree with leaves = 43 and depth = 13
[LightGBM] [Info] 0.190960 seconds elapsed, finished iteration 2
[LightGBM] [Debug] Trained a tree with leaves = 45 and depth = 13
[LightGBM] [Info] 0.290521 seconds elapsed, finished iteration 3
[LightGBM] [Debug] Trained a tree with leaves = 45 and depth = 11
[LightGBM] [Info] 0.400241 seconds elapsed, finished iteration 4
[LightGBM] [Warning] No further splits with positive gain, best gain: -inf
[LightGBM] [Debug] Trained a tree with leaves = 44 and depth = 10
[LightGBM] [Info] 0.506888 seconds elapsed, finished iteration 5
[LightGBM] [Warning] No further splits with positive gain, best gain: -inf
[LightGBM] [Debug] Trained a tree with leaves = 42 and depth = 14
[LightGBM] [Info] 0.601313 seconds elapsed, finished iteration 6
[LightGBM] [Warning] No further splits with positive gain, best gain: -inf
[LightGBM] [Debug] Trained a tree with leaves = 44 and depth = 14
[LightGBM] [Info] 0.695963 seconds elapsed, finished iteration 7
[LightGBM] [Warning] No further splits with positive gain, best gain: -inf
[LightGBM] [Debug] Trained a tree with leaves = 44 and depth = 14
[LightGBM] [Info] 0.788232 seconds elapsed, finished iteration 8
[LightGBM] [Warning] No further splits with positive gain, best gain: -inf
[LightGBM] [Debug] Trained a tree with leaves = 44 and depth = 10
[LightGBM] [Info] 0.886724 seconds elapsed, finished iteration 9
[LightGBM] [Debug] Trained a tree with leaves = 45 and depth = 13
[LightGBM] [Info] 0.979198 seconds elapsed, finished iteration 10
[LightGBM] [Warning] No further splits with positive gain, best gain: -inf
[LightGBM] [Debug] Trained a tree with leaves = 44 and depth = 16
[LightGBM] [Info] 1.070648 seconds elapsed, finished iteration 11
[LightGBM] [Warning] No further splits with positive gain, best gain: -inf
[LightGBM] [Debug] Trained a tree with leaves = 43 and depth = 11
[LightGBM] [Info] 1.159057 seconds elapsed, finished iteration 12
[LightGBM] [Warning] No further splits with positive gain, best gain: -inf
[LightGBM] [Debug] Trained a tree with leaves = 43 and depth = 12
[LightGBM] [Info] 1.251099 seconds elapsed, finished iteration 13
[LightGBM] [Warning] No further splits with positive gain, best gain: -inf
[LightGBM] [Debug] Trained a tree with leaves = 44 and depth = 15
[LightGBM] [Info] 1.342351 seconds elapsed, finished iteration 14
[LightGBM] [Debug] Trained a tree with leaves = 45 and depth = 12
[LightGBM] [Info] 1.435555 seconds elapsed, finished iteration 15
[LightGBM] [Warning] No further splits with positive gain, best gain: -inf
[LightGBM] [Debug] Trained a tree with leaves = 44 and depth = 17
[LightGBM] [Info] 1.531345 seconds elapsed, finished iteration 16
[LightGBM] [Debug] Trained a tree with leaves = 45 and depth = 16
[LightGBM] [Info] 1.621567 seconds elapsed, finished iteration 17
[LightGBM] [Debug] Trained a tree with leaves = 45 and depth = 15
[LightGBM] [Info] 1.717409 seconds elapsed, finished iteration 18
[LightGBM] [Warning] No further splits with positive gain, best gain: -inf
[LightGBM] [Debug] Trained a tree with leaves = 44 and depth = 18
[LightGBM] [Info] 1.807360 seconds elapsed, finished iteration 19
[LightGBM] [Debug] Trained a tree with leaves = 45 and depth = 13
[LightGBM] [Info] 1.903252 seconds elapsed, finished iteration 20
[LightGBM] [Debug] Trained a tree with leaves = 45 and depth = 13
[LightGBM] [Info] 1.997443 seconds elapsed, finished iteration 21
[LightGBM] [Debug] Trained a tree with leaves = 45 and depth = 12
[LightGBM] [Info] 2.093950 seconds elapsed, finished iteration 22
[LightGBM] [Debug] Trained a tree with leaves = 45 and depth = 13
[LightGBM] [Info] 2.184718 seconds elapsed, finished iteration 23
[LightGBM] [Debug] Trained a tree with leaves = 45 and depth = 15
[LightGBM] [Info] 2.275471 seconds elapsed, finished iteration 24
[LightGBM] [Debug] Trained a tree with leaves = 45 and depth = 14
[LightGBM] [Info] 2.372120 seconds elapsed, finished iteration 25
[LightGBM] [Debug] Trained a tree with leaves = 45 and depth = 15
[LightGBM] [Info] 2.487002 seconds elapsed, finished iteration 26
[LightGBM] [Warning] No further splits with positive gain, best gain: -inf
[LightGBM] [Debug] Trained a tree with leaves = 43 and depth = 11
[LightGBM] [Info] 2.582692 seconds elapsed, finished iteration 27
[LightGBM] [Warning] No further splits with positive gain, best gain: -inf
[LightGBM] [Debug] Trained a tree with leaves = 43 and depth = 11
[LightGBM] [Info] 2.674473 seconds elapsed, finished iteration 28
[LightGBM] [Debug] Trained a tree with leaves = 45 and depth = 13
[LightGBM] [Info] 2.770330 seconds elapsed, finished iteration 29
[LightGBM] [Warning] No further splits with positive gain, best gain: -inf
[LightGBM] [Debug] Trained a tree with leaves = 44 and depth = 13
[LightGBM] [Info] 2.880643 seconds elapsed, finished iteration 30
[LightGBM] [Debug] Trained a tree with leaves = 45 and depth = 13
[LightGBM] [Info] 2.975920 seconds elapsed, finished iteration 31
[LightGBM] [Warning] No further splits with positive gain, best gain: -inf
[LightGBM] [Debug] Trained a tree with leaves = 43 and depth = 13
[LightGBM] [Info] 3.066457 seconds elapsed, finished iteration 32
[LightGBM] [Warning] No further splits with positive gain, best gain: -inf
[LightGBM] [Debug] Trained a tree with leaves = 43 and depth = 18
[LightGBM] [Info] 3.157270 seconds elapsed, finished iteration 33
[LightGBM] [Warning] No further splits with positive gain, best gain: -inf
[LightGBM] [Debug] Trained a tree with leaves = 42 and depth = 18
[LightGBM] [Info] 3.246715 seconds elapsed, finished iteration 34
[LightGBM] [Debug] Trained a tree with leaves = 45 and depth = 12
[LightGBM] [Info] 3.339941 seconds elapsed, finished iteration 35
[LightGBM] [Warning] No further splits with positive gain, best gain: -inf
[LightGBM] [Debug] Trained a tree with leaves = 43 and depth = 16
[LightGBM] [Info] 3.428158 seconds elapsed, finished iteration 36
[LightGBM] [Debug] Trained a tree with leaves = 45 and depth = 15
[LightGBM] [Info] 3.519208 seconds elapsed, finished iteration 37
[LightGBM] [Debug] Trained a tree with leaves = 45 and depth = 9
[LightGBM] [Info] 3.614646 seconds elapsed, finished iteration 38
[LightGBM] [Debug] Trained a tree with leaves = 45 and depth = 14
[LightGBM] [Info] 3.713801 seconds elapsed, finished iteration 39
[LightGBM] [Warning] No further splits with positive gain, best gain: -inf
[LightGBM] [Debug] Trained a tree with leaves = 44 and depth = 15
[LightGBM] [Info] 3.807023 seconds elapsed, finished iteration 40
[LightGBM] [Warning] No further splits with positive gain, best gain: -inf
[LightGBM] [Debug] Trained a tree with leaves = 43 and depth = 13
[LightGBM] [Info] 3.897809 seconds elapsed, finished iteration 41
[LightGBM] [Debug] Trained a tree with leaves = 45 and depth = 11
[LightGBM] [Info] 3.992664 seconds elapsed, finished iteration 42
[LightGBM] [Debug] Trained a tree with leaves = 45 and depth = 15
[LightGBM] [Info] 4.084175 seconds elapsed, finished iteration 43
[LightGBM] [Debug] Trained a tree with leaves = 45 and depth = 13
[LightGBM] [Info] 4.177747 seconds elapsed, finished iteration 44
[LightGBM] [Debug] Trained a tree with leaves = 45 and depth = 14
[LightGBM] [Info] 4.269574 seconds elapsed, finished iteration 45
[LightGBM] [Warning] No further splits with positive gain, best gain: -inf
[LightGBM] [Debug] Trained a tree with leaves = 44 and depth = 14
[LightGBM] [Info] 4.359763 seconds elapsed, finished iteration 46
[LightGBM] [Debug] Trained a tree with leaves = 45 and depth = 15
[LightGBM] [Info] 4.456216 seconds elapsed, finished iteration 47
[LightGBM] [Warning] No further splits with positive gain, best gain: -inf
[LightGBM] [Debug] Trained a tree with leaves = 44 and depth = 10
[LightGBM] [Info] 4.573467 seconds elapsed, finished iteration 48
[LightGBM] [Debug] Trained a tree with leaves = 45 and depth = 14
[LightGBM] [Info] 4.663154 seconds elapsed, finished iteration 49
[LightGBM] [Debug] Trained a tree with leaves = 45 and depth = 15
[LightGBM] [Info] 4.757481 seconds elapsed, finished iteration 50
[LightGBM] [Debug] Trained a tree with leaves = 45 and depth = 12
[LightGBM] [Info] 4.852699 seconds elapsed, finished iteration 51
[LightGBM] [Warning] No further splits with positive gain, best gain: -inf
[LightGBM] [Debug] Trained a tree with leaves = 44 and depth = 12
[LightGBM] [Info] 4.946801 seconds elapsed, finished iteration 52
[LightGBM] [Warning] No further splits with positive gain, best gain: -inf
[LightGBM] [Debug] Trained a tree with leaves = 44 and depth = 15
[LightGBM] [Info] 5.036863 seconds elapsed, finished iteration 53
[LightGBM] [Debug] Trained a tree with leaves = 45 and depth = 13
[LightGBM] [Info] 5.129515 seconds elapsed, finished iteration 54
[LightGBM] [Debug] Trained a tree with leaves = 45 and depth = 13
[LightGBM] [Info] 5.225138 seconds elapsed, finished iteration 55
[LightGBM] [Debug] Trained a tree with leaves = 45 and depth = 15
[LightGBM] [Info] 5.315109 seconds elapsed, finished iteration 56
[LightGBM] [Warning] No further splits with positive gain, best gain: -inf
[LightGBM] [Debug] Trained a tree with leaves = 43 and depth = 14
[LightGBM] [Info] 5.403195 seconds elapsed, finished iteration 57
[LightGBM] [Warning] No further splits with positive gain, best gain: -inf
[LightGBM] [Debug] Trained a tree with leaves = 44 and depth = 12
[LightGBM] [Info] 5.497924 seconds elapsed, finished iteration 58
[LightGBM] [Warning] No further splits with positive gain, best gain: -inf
[LightGBM] [Debug] Trained a tree with leaves = 44 and depth = 18
[LightGBM] [Info] 5.584941 seconds elapsed, finished iteration 59
[LightGBM] [Warning] No further splits with positive gain, best gain: -inf
[LightGBM] [Debug] Trained a tree with leaves = 44 and depth = 13
[LightGBM] [Info] 5.679171 seconds elapsed, finished iteration 60
[LightGBM] [Warning] No further splits with positive gain, best gain: -inf
[LightGBM] [Debug] Trained a tree with leaves = 42 and depth = 23
[LightGBM] [Info] 5.764697 seconds elapsed, finished iteration 61
[LightGBM] [Warning] No further splits with positive gain, best gain: -inf
[LightGBM] [Debug] Trained a tree with leaves = 43 and depth = 14
[LightGBM] [Info] 5.853001 seconds elapsed, finished iteration 62
[LightGBM] [Warning] No further splits with positive gain, best gain: -inf
[LightGBM] [Debug] Trained a tree with leaves = 42 and depth = 11
[LightGBM] [Info] 5.945872 seconds elapsed, finished iteration 63
[LightGBM] [Warning] No further splits with positive gain, best gain: -inf
[LightGBM] [Debug] Trained a tree with leaves = 43 and depth = 13
[LightGBM] [Info] 6.033537 seconds elapsed, finished iteration 64
[LightGBM] [Warning] No further splits with positive gain, best gain: -inf
[LightGBM] [Debug] Trained a tree with leaves = 44 and depth = 12
[LightGBM] [Info] 6.126273 seconds elapsed, finished iteration 65
[LightGBM] [Debug] Trained a tree with leaves = 45 and depth = 14
[LightGBM] [Info] 6.218312 seconds elapsed, finished iteration 66
[LightGBM] [Debug] Trained a tree with leaves = 45 and depth = 14
[LightGBM] [Info] 6.309948 seconds elapsed, finished iteration 67
[LightGBM] [Warning] No further splits with positive gain, best gain: -inf
[LightGBM] [Debug] Trained a tree with leaves = 43 and depth = 14
[LightGBM] [Info] 6.399031 seconds elapsed, finished iteration 68
[LightGBM] [Warning] No further splits with positive gain, best gain: -inf
[LightGBM] [Debug] Trained a tree with leaves = 42 and depth = 11
[LightGBM] [Info] 6.491361 seconds elapsed, finished iteration 69
[LightGBM] [Debug] Trained a tree with leaves = 45 and depth = 13
[LightGBM] [Info] 6.590928 seconds elapsed, finished iteration 70
[LightGBM] [Warning] No further splits with positive gain, best gain: -inf
[LightGBM] [Debug] Trained a tree with leaves = 44 and depth = 13
[LightGBM] [Info] 6.699074 seconds elapsed, finished iteration 71
[LightGBM] [Warning] No further splits with positive gain, best gain: -inf
[LightGBM] [Debug] Trained a tree with leaves = 43 and depth = 15
[LightGBM] [Info] 6.790849 seconds elapsed, finished iteration 72
[LightGBM] [Warning] No further splits with positive gain, best gain: -inf
[LightGBM] [Debug] Trained a tree with leaves = 44 and depth = 17
[LightGBM] [Info] 6.880185 seconds elapsed, finished iteration 73
[LightGBM] [Warning] No further splits with positive gain, best gain: -inf
[LightGBM] [Debug] Trained a tree with leaves = 42 and depth = 19
[LightGBM] [Info] 6.977973 seconds elapsed, finished iteration 74
[LightGBM] [Warning] No further splits with positive gain, best gain: -inf
[LightGBM] [Debug] Trained a tree with leaves = 43 and depth = 14
[LightGBM] [Info] 7.087701 seconds elapsed, finished iteration 75
[LightGBM] [Warning] No further splits with positive gain, best gain: -inf
[LightGBM] [Debug] Trained a tree with leaves = 44 and depth = 18
[LightGBM] [Info] 7.181589 seconds elapsed, finished iteration 76
[LightGBM] [Debug] Trained a tree with leaves = 45 and depth = 20
[LightGBM] [Info] 7.269526 seconds elapsed, finished iteration 77
[LightGBM] [Warning] No further splits with positive gain, best gain: -inf
[LightGBM] [Debug] Trained a tree with leaves = 43 and depth = 15
[LightGBM] [Info] 7.356109 seconds elapsed, finished iteration 78
[LightGBM] [Debug] Trained a tree with leaves = 45 and depth = 10
[LightGBM] [Info] 7.450069 seconds elapsed, finished iteration 79
[LightGBM] [Warning] No further splits with positive gain, best gain: -inf
[LightGBM] [Debug] Trained a tree with leaves = 44 and depth = 16
[LightGBM] [Info] 7.542049 seconds elapsed, finished iteration 80
[LightGBM] [Warning] No further splits with positive gain, best gain: -inf
[LightGBM] [Debug] Trained a tree with leaves = 44 and depth = 15
[LightGBM] [Info] 7.629738 seconds elapsed, finished iteration 81
[LightGBM] [Warning] No further splits with positive gain, best gain: -inf
[LightGBM] [Debug] Trained a tree with leaves = 43 and depth = 15
[LightGBM] [Info] 7.718410 seconds elapsed, finished iteration 82
[LightGBM] [Warning] No further splits with positive gain, best gain: -inf
[LightGBM] [Debug] Trained a tree with leaves = 44 and depth = 16
[LightGBM] [Info] 7.816914 seconds elapsed, finished iteration 83
[LightGBM] [Warning] No further splits with positive gain, best gain: -inf
[LightGBM] [Debug] Trained a tree with leaves = 44 and depth = 18
[LightGBM] [Info] 7.918177 seconds elapsed, finished iteration 84
[LightGBM] [Debug] Trained a tree with leaves = 45 and depth = 14
[LightGBM] [Info] 8.022356 seconds elapsed, finished iteration 85
[LightGBM] [Warning] No further splits with positive gain, best gain: -inf
[LightGBM] [Debug] Trained a tree with leaves = 43 and depth = 24
[LightGBM] [Info] 8.121292 seconds elapsed, finished iteration 86
[LightGBM] [Warning] No further splits with positive gain, best gain: -inf
[LightGBM] [Debug] Trained a tree with leaves = 43 and depth = 16
[LightGBM] [Info] 8.231366 seconds elapsed, finished iteration 87
[LightGBM] [Warning] No further splits with positive gain, best gain: -inf
[LightGBM] [Debug] Trained a tree with leaves = 44 and depth = 18
[LightGBM] [Info] 8.336718 seconds elapsed, finished iteration 88
[LightGBM] [Warning] No further splits with positive gain, best gain: -inf
[LightGBM] [Debug] Trained a tree with leaves = 42 and depth = 11
[LightGBM] [Info] 8.442846 seconds elapsed, finished iteration 89
[LightGBM] [Debug] Trained a tree with leaves = 45 and depth = 18
[LightGBM] [Info] 8.549273 seconds elapsed, finished iteration 90
[LightGBM] [Warning] No further splits with positive gain, best gain: -inf
[LightGBM] [Debug] Trained a tree with leaves = 44 and depth = 13
[LightGBM] [Info] 8.661447 seconds elapsed, finished iteration 91
[LightGBM] [Debug] Trained a tree with leaves = 45 and depth = 17
[LightGBM] [Info] 8.769312 seconds elapsed, finished iteration 92
[LightGBM] [Warning] No further splits with positive gain, best gain: -inf
[LightGBM] [Debug] Trained a tree with leaves = 44 and depth = 12
[LightGBM] [Info] 8.881852 seconds elapsed, finished iteration 93
[LightGBM] [Debug] Trained a tree with leaves = 45 and depth = 14
[LightGBM] [Info] 8.987909 seconds elapsed, finished iteration 94
[LightGBM] [Warning] No further splits with positive gain, best gain: -inf
[LightGBM] [Debug] Trained a tree with leaves = 44 and depth = 13
[LightGBM] [Info] 9.099582 seconds elapsed, finished iteration 95
[LightGBM] [Warning] No further splits with positive gain, best gain: -inf
[LightGBM] [Debug] Trained a tree with leaves = 43 and depth = 16
[LightGBM] [Info] 9.199173 seconds elapsed, finished iteration 96
[LightGBM] [Warning] No further splits with positive gain, best gain: -inf
[LightGBM] [Debug] Trained a tree with leaves = 44 and depth = 15
[LightGBM] [Info] 9.302514 seconds elapsed, finished iteration 97
[LightGBM] [Debug] Trained a tree with leaves = 45 and depth = 19
[LightGBM] [Info] 9.404535 seconds elapsed, finished iteration 98
[LightGBM] [Warning] No further splits with positive gain, best gain: -inf
[LightGBM] [Debug] Trained a tree with leaves = 43 and depth = 15
[LightGBM] [Info] 9.495745 seconds elapsed, finished iteration 99
[LightGBM] [Warning] No further splits with positive gain, best gain: -inf
[LightGBM] [Debug] Trained a tree with leaves = 44 and depth = 17
[LightGBM] [Info] 9.584238 seconds elapsed, finished iteration 100
[LightGBM] [Warning] No further splits with positive gain, best gain: -inf
[LightGBM] [Debug] Trained a tree with leaves = 43 and depth = 13
[LightGBM] [Info] 9.674045 seconds elapsed, finished iteration 101
[LightGBM] [Warning] No further splits with positive gain, best gain: -inf
[LightGBM] [Debug] Trained a tree with leaves = 43 and depth = 13
[LightGBM] [Info] 9.765973 seconds elapsed, finished iteration 102
[LightGBM] [Warning] No further splits with positive gain, best gain: -inf
[LightGBM] [Debug] Trained a tree with leaves = 44 and depth = 16
[LightGBM] [Info] 9.857244 seconds elapsed, finished iteration 103
[LightGBM] [Debug] Trained a tree with leaves = 45 and depth = 15
[LightGBM] [Info] 9.948549 seconds elapsed, finished iteration 104
[LightGBM] [Debug] Trained a tree with leaves = 45 and depth = 16
[LightGBM] [Info] 10.037569 seconds elapsed, finished iteration 105
[LightGBM] [Warning] No further splits with positive gain, best gain: -inf
[LightGBM] [Debug] Trained a tree with leaves = 43 and depth = 16
[LightGBM] [Info] 10.126373 seconds elapsed, finished iteration 106
[LightGBM] [Warning] No further splits with positive gain, best gain: -inf
[LightGBM] [Debug] Trained a tree with leaves = 43 and depth = 19
[LightGBM] [Info] 10.223087 seconds elapsed, finished iteration 107
[LightGBM] [Debug] Trained a tree with leaves = 45 and depth = 13
[LightGBM] [Info] 10.370793 seconds elapsed, finished iteration 108
[LightGBM] [Debug] Trained a tree with leaves = 45 and depth = 14
[LightGBM] [Info] 10.464272 seconds elapsed, finished iteration 109
[LightGBM] [Warning] No further splits with positive gain, best gain: -inf
[LightGBM] [Debug] Trained a tree with leaves = 41 and depth = 23
[LightGBM] [Info] 10.549938 seconds elapsed, finished iteration 110
[LightGBM] [Debug] Trained a tree with leaves = 45 and depth = 13
[LightGBM] [Info] 10.639954 seconds elapsed, finished iteration 111
[LightGBM] [Warning] No further splits with positive gain, best gain: -inf
[LightGBM] [Debug] Trained a tree with leaves = 44 and depth = 20
[LightGBM] [Info] 10.727775 seconds elapsed, finished iteration 112
[LightGBM] [Warning] No further splits with positive gain, best gain: -inf
[LightGBM] [Debug] Trained a tree with leaves = 42 and depth = 18
[LightGBM] [Info] 10.831183 seconds elapsed, finished iteration 113
[LightGBM] [Warning] No further splits with positive gain, best gain: -inf
[LightGBM] [Debug] Trained a tree with leaves = 44 and depth = 16
[LightGBM] [Info] 10.923435 seconds elapsed, finished iteration 114
[LightGBM] [Debug] Trained a tree with leaves = 45 and depth = 23
[LightGBM] [Info] 11.010674 seconds elapsed, finished iteration 115
[LightGBM] [Warning] No further splits with positive gain, best gain: -inf
[LightGBM] [Debug] Trained a tree with leaves = 44 and depth = 20
[LightGBM] [Info] 11.097730 seconds elapsed, finished iteration 116
[LightGBM] [Warning] No further splits with positive gain, best gain: -inf
[LightGBM] [Debug] Trained a tree with leaves = 43 and depth = 17
[LightGBM] [Info] 11.187101 seconds elapsed, finished iteration 117
[LightGBM] [Warning] No further splits with positive gain, best gain: -inf
[LightGBM] [Debug] Trained a tree with leaves = 43 and depth = 19
[LightGBM] [Info] 11.275427 seconds elapsed, finished iteration 118
[LightGBM] [Debug] Trained a tree with leaves = 45 and depth = 15
[LightGBM] [Info] 11.365991 seconds elapsed, finished iteration 119
[LightGBM] [Debug] Trained a tree with leaves = 45 and depth = 19
[LightGBM] [Info] 11.454392 seconds elapsed, finished iteration 120
[LightGBM] [Warning] No further splits with positive gain, best gain: -inf
[LightGBM] [Debug] Trained a tree with leaves = 42 and depth = 13
[LightGBM] [Info] 11.542622 seconds elapsed, finished iteration 121
[LightGBM] [Debug] Trained a tree with leaves = 45 and depth = 16
[LightGBM] [Info] 11.632643 seconds elapsed, finished iteration 122
[LightGBM] [Warning] No further splits with positive gain, best gain: -inf
[LightGBM] [Debug] Trained a tree with leaves = 42 and depth = 24
[LightGBM] [Info] 11.716376 seconds elapsed, finished iteration 123
[LightGBM] [Warning] No further splits with positive gain, best gain: -inf
[LightGBM] [Debug] Trained a tree with leaves = 44 and depth = 16
[LightGBM] [Info] 11.810758 seconds elapsed, finished iteration 124
[LightGBM] [Warning] No further splits with positive gain, best gain: -inf
[LightGBM] [Debug] Trained a tree with leaves = 42 and depth = 19
[LightGBM] [Info] 11.898653 seconds elapsed, finished iteration 125
[LightGBM] [Warning] No further splits with positive gain, best gain: -inf
[LightGBM] [Debug] Trained a tree with leaves = 44 and depth = 18
[LightGBM] [Info] 11.985276 seconds elapsed, finished iteration 126
[LightGBM] [Warning] No further splits with positive gain, best gain: -inf
[LightGBM] [Debug] Trained a tree with leaves = 43 and depth = 23
[LightGBM] [Info] 12.073155 seconds elapsed, finished iteration 127
[LightGBM] [Warning] No further splits with positive gain, best gain: -inf
[LightGBM] [Debug] Trained a tree with leaves = 43 and depth = 18
[LightGBM] [Info] 12.163889 seconds elapsed, finished iteration 128
[LightGBM] [Debug] Trained a tree with leaves = 45 and depth = 18
[LightGBM] [Info] 12.255461 seconds elapsed, finished iteration 129
[LightGBM] [Debug] Trained a tree with leaves = 45 and depth = 19
[LightGBM] [Info] 12.342776 seconds elapsed, finished iteration 130
[LightGBM] [Debug] Trained a tree with leaves = 45 and depth = 23
[LightGBM] [Info] 12.429588 seconds elapsed, finished iteration 131
[LightGBM] [Warning] No further splits with positive gain, best gain: -inf
[LightGBM] [Debug] Trained a tree with leaves = 42 and depth = 20
[LightGBM] [Info] 12.517680 seconds elapsed, finished iteration 132
[LightGBM] [Debug] Trained a tree with leaves = 45 and depth = 20
[LightGBM] [Info] 12.607244 seconds elapsed, finished iteration 133
[LightGBM] [Warning] No further splits with positive gain, best gain: -inf
[LightGBM] [Debug] Trained a tree with leaves = 43 and depth = 16
[LightGBM] [Info] 12.694728 seconds elapsed, finished iteration 134
[LightGBM] [Warning] No further splits with positive gain, best gain: -inf
[LightGBM] [Debug] Trained a tree with leaves = 43 and depth = 21
[LightGBM] [Info] 12.781786 seconds elapsed, finished iteration 135
[LightGBM] [Debug] Trained a tree with leaves = 45 and depth = 17
[LightGBM] [Info] 12.875208 seconds elapsed, finished iteration 136
[LightGBM] [Warning] No further splits with positive gain, best gain: -inf
[LightGBM] [Debug] Trained a tree with leaves = 43 and depth = 13
[LightGBM] [Info] 12.986222 seconds elapsed, finished iteration 137
[LightGBM] [Warning] No further splits with positive gain, best gain: -inf
[LightGBM] [Debug] Trained a tree with leaves = 44 and depth = 16
[LightGBM] [Info] 13.074774 seconds elapsed, finished iteration 138
[LightGBM] [Warning] No further splits with positive gain, best gain: -inf
[LightGBM] [Debug] Trained a tree with leaves = 44 and depth = 25
[LightGBM] [Info] 13.158925 seconds elapsed, finished iteration 139
[LightGBM] [Warning] No further splits with positive gain, best gain: -inf
[LightGBM] [Debug] Trained a tree with leaves = 41 and depth = 15
[LightGBM] [Info] 13.250195 seconds elapsed, finished iteration 140
[LightGBM] [Warning] No further splits with positive gain, best gain: -inf
[LightGBM] [Debug] Trained a tree with leaves = 40 and depth = 18
[LightGBM] [Info] 13.337203 seconds elapsed, finished iteration 141
[LightGBM] [Warning] No further splits with positive gain, best gain: -inf
[LightGBM] [Debug] Trained a tree with leaves = 43 and depth = 16
[LightGBM] [Info] 13.430699 seconds elapsed, finished iteration 142
[LightGBM] [Debug] Trained a tree with leaves = 45 and depth = 17
[LightGBM] [Info] 13.526315 seconds elapsed, finished iteration 143
[LightGBM] [Debug] Trained a tree with leaves = 45 and depth = 16
[LightGBM] [Info] 13.614807 seconds elapsed, finished iteration 144
[LightGBM] [Debug] Trained a tree with leaves = 45 and depth = 19
[LightGBM] [Info] 13.705562 seconds elapsed, finished iteration 145
[LightGBM] [Debug] Trained a tree with leaves = 45 and depth = 14
[LightGBM] [Info] 13.793948 seconds elapsed, finished iteration 146
[LightGBM] [Warning] No further splits with positive gain, best gain: -inf
[LightGBM] [Debug] Trained a tree with leaves = 44 and depth = 19
[LightGBM] [Info] 13.882817 seconds elapsed, finished iteration 147
[LightGBM] [Warning] No further splits with positive gain, best gain: -inf
[LightGBM] [Debug] Trained a tree with leaves = 44 and depth = 20
[LightGBM] [Info] 13.971493 seconds elapsed, finished iteration 148
[LightGBM] [Debug] Trained a tree with leaves = 45 and depth = 20
[LightGBM] [Info] 14.066691 seconds elapsed, finished iteration 149
[LightGBM] [Warning] No further splits with positive gain, best gain: -inf
[LightGBM] [Debug] Trained a tree with leaves = 42 and depth = 21
[LightGBM] [Info] 14.151187 seconds elapsed, finished iteration 150
[LightGBM] [Warning] No further splits with positive gain, best gain: -inf
[LightGBM] [Debug] Trained a tree with leaves = 44 and depth = 22
[LightGBM] [Info] 14.241523 seconds elapsed, finished iteration 151
[LightGBM] [Warning] No further splits with positive gain, best gain: -inf
[LightGBM] [Debug] Trained a tree with leaves = 44 and depth = 15
[LightGBM] [Info] 14.335798 seconds elapsed, finished iteration 152
[LightGBM] [Debug] Trained a tree with leaves = 45 and depth = 20
[LightGBM] [Info] 14.425545 seconds elapsed, finished iteration 153
[LightGBM] [Warning] No further splits with positive gain, best gain: -inf
[LightGBM] [Debug] Trained a tree with leaves = 42 and depth = 20
[LightGBM] [Info] 14.513432 seconds elapsed, finished iteration 154
[LightGBM] [Warning] No further splits with positive gain, best gain: -inf
[LightGBM] [Debug] Trained a tree with leaves = 43 and depth = 18
[LightGBM] [Info] 14.607510 seconds elapsed, finished iteration 155
[LightGBM] [Debug] Trained a tree with leaves = 45 and depth = 23
[LightGBM] [Info] 14.704981 seconds elapsed, finished iteration 156
[LightGBM] [Warning] No further splits with positive gain, best gain: -inf
[LightGBM] [Debug] Trained a tree with leaves = 42 and depth = 14
[LightGBM] [Info] 14.794519 seconds elapsed, finished iteration 157
[LightGBM] [Warning] No further splits with positive gain, best gain: -inf
[LightGBM] [Debug] Trained a tree with leaves = 43 and depth = 24
[LightGBM] [Info] 14.881485 seconds elapsed, finished iteration 158
[LightGBM] [Warning] No further splits with positive gain, best gain: -inf
[LightGBM] [Debug] Trained a tree with leaves = 44 and depth = 20
[LightGBM] [Info] 14.970158 seconds elapsed, finished iteration 159
[LightGBM] [Debug] Trained a tree with leaves = 45 and depth = 17
[LightGBM] [Info] 15.077883 seconds elapsed, finished iteration 160
[LightGBM] [Warning] No further splits with positive gain, best gain: -inf
[LightGBM] [Debug] Trained a tree with leaves = 44 and depth = 20
[LightGBM] [Info] 15.163806 seconds elapsed, finished iteration 161
[LightGBM] [Warning] No further splits with positive gain, best gain: -inf
[LightGBM] [Debug] Trained a tree with leaves = 43 and depth = 21
[LightGBM] [Info] 15.254415 seconds elapsed, finished iteration 162
[LightGBM] [Debug] Trained a tree with leaves = 45 and depth = 15
[LightGBM] [Info] 15.347497 seconds elapsed, finished iteration 163
[LightGBM] [Debug] Trained a tree with leaves = 45 and depth = 19
[LightGBM] [Info] 15.436031 seconds elapsed, finished iteration 164
[LightGBM] [Debug] Trained a tree with leaves = 45 and depth = 27
[LightGBM] [Info] 15.526630 seconds elapsed, finished iteration 165
[LightGBM] [Warning] No further splits with positive gain, best gain: -inf
[LightGBM] [Debug] Trained a tree with leaves = 43 and depth = 23
[LightGBM] [Info] 15.614337 seconds elapsed, finished iteration 166
[LightGBM] [Warning] No further splits with positive gain, best gain: -inf
[LightGBM] [Debug] Trained a tree with leaves = 42 and depth = 16
[LightGBM] [Info] 15.707040 seconds elapsed, finished iteration 167
[LightGBM] [Warning] No further splits with positive gain, best gain: -inf
[LightGBM] [Debug] Trained a tree with leaves = 42 and depth = 22
[LightGBM] [Info] 15.808002 seconds elapsed, finished iteration 168
[LightGBM] [Warning] No further splits with positive gain, best gain: -inf
[LightGBM] [Debug] Trained a tree with leaves = 41 and depth = 14
[LightGBM] [Info] 15.917721 seconds elapsed, finished iteration 169
[LightGBM] [Debug] Trained a tree with leaves = 45 and depth = 22
[LightGBM] [Info] 16.015551 seconds elapsed, finished iteration 170
[LightGBM] [Debug] Trained a tree with leaves = 45 and depth = 21
[LightGBM] [Info] 16.103368 seconds elapsed, finished iteration 171
[LightGBM] [Debug] Trained a tree with leaves = 45 and depth = 20
[LightGBM] [Info] 16.197554 seconds elapsed, finished iteration 172
[LightGBM] [Warning] No further splits with positive gain, best gain: -inf
[LightGBM] [Debug] Trained a tree with leaves = 44 and depth = 16
[LightGBM] [Info] 16.288510 seconds elapsed, finished iteration 173
[LightGBM] [Warning] No further splits with positive gain, best gain: -inf
[LightGBM] [Debug] Trained a tree with leaves = 42 and depth = 16
[LightGBM] [Info] 16.373661 seconds elapsed, finished iteration 174
[LightGBM] [Warning] No further splits with positive gain, best gain: -inf
[LightGBM] [Debug] Trained a tree with leaves = 43 and depth = 19
[LightGBM] [Info] 16.460157 seconds elapsed, finished iteration 175
[LightGBM] [Warning] No further splits with positive gain, best gain: -inf
[LightGBM] [Debug] Trained a tree with leaves = 42 and depth = 17
[LightGBM] [Info] 16.547400 seconds elapsed, finished iteration 176
[LightGBM] [Warning] No further splits with positive gain, best gain: -inf
[LightGBM] [Debug] Trained a tree with leaves = 43 and depth = 24
[LightGBM] [Info] 16.635060 seconds elapsed, finished iteration 177
[LightGBM] [Warning] No further splits with positive gain, best gain: -inf
[LightGBM] [Debug] Trained a tree with leaves = 43 and depth = 19
[LightGBM] [Info] 16.735142 seconds elapsed, finished iteration 178
[LightGBM] [Warning] No further splits with positive gain, best gain: -inf
[LightGBM] [Debug] Trained a tree with leaves = 43 and depth = 17
[LightGBM] [Info] 16.826398 seconds elapsed, finished iteration 179
[LightGBM] [Warning] No further splits with positive gain, best gain: -inf
[LightGBM] [Debug] Trained a tree with leaves = 43 and depth = 16
[LightGBM] [Info] 16.918102 seconds elapsed, finished iteration 180
[LightGBM] [Warning] No further splits with positive gain, best gain: -inf
[LightGBM] [Debug] Trained a tree with leaves = 44 and depth = 20
[LightGBM] [Info] 17.005992 seconds elapsed, finished iteration 181
[LightGBM] [Warning] No further splits with positive gain, best gain: -inf
[LightGBM] [Debug] Trained a tree with leaves = 43 and depth = 15
[LightGBM] [Info] 17.102103 seconds elapsed, finished iteration 182
[LightGBM] [Warning] No further splits with positive gain, best gain: -inf
[LightGBM] [Debug] Trained a tree with leaves = 41 and depth = 28
[LightGBM] [Info] 17.194786 seconds elapsed, finished iteration 183
[LightGBM] [Debug] Trained a tree with leaves = 45 and depth = 17
[LightGBM] [Info] 17.286196 seconds elapsed, finished iteration 184
[LightGBM] [Debug] Trained a tree with leaves = 45 and depth = 20
[LightGBM] [Info] 17.376260 seconds elapsed, finished iteration 185
[LightGBM] [Debug] Trained a tree with leaves = 45 and depth = 28
[LightGBM] [Info] 17.461590 seconds elapsed, finished iteration 186
[LightGBM] [Warning] No further splits with positive gain, best gain: -inf
[LightGBM] [Debug] Trained a tree with leaves = 44 and depth = 19
[LightGBM] [Info] 17.550747 seconds elapsed, finished iteration 187
[LightGBM] [Debug] Trained a tree with leaves = 45 and depth = 18
[LightGBM] [Info] 17.640487 seconds elapsed, finished iteration 188
[LightGBM] [Debug] Trained a tree with leaves = 45 and depth = 20
[LightGBM] [Info] 17.730012 seconds elapsed, finished iteration 189
[LightGBM] [Debug] Trained a tree with leaves = 45 and depth = 13
[LightGBM] [Info] 17.822198 seconds elapsed, finished iteration 190
[LightGBM] [Debug] Trained a tree with leaves = 45 and depth = 16
[LightGBM] [Info] 17.910319 seconds elapsed, finished iteration 191
[LightGBM] [Debug] Trained a tree with leaves = 45 and depth = 22
[LightGBM] [Info] 17.997175 seconds elapsed, finished iteration 192
[LightGBM] [Warning] No further splits with positive gain, best gain: -inf
[LightGBM] [Debug] Trained a tree with leaves = 43 and depth = 22
[LightGBM] [Info] 18.083170 seconds elapsed, finished iteration 193
[LightGBM] [Debug] Trained a tree with leaves = 45 and depth = 18
[LightGBM] [Info] 18.172322 seconds elapsed, finished iteration 194
[LightGBM] [Warning] No further splits with positive gain, best gain: -inf
[LightGBM] [Debug] Trained a tree with leaves = 44 and depth = 17
[LightGBM] [Info] 18.259413 seconds elapsed, finished iteration 195
[LightGBM] [Debug] Trained a tree with leaves = 45 and depth = 20
[LightGBM] [Info] 18.348404 seconds elapsed, finished iteration 196
[LightGBM] [Warning] No further splits with positive gain, best gain: -inf
[LightGBM] [Debug] Trained a tree with leaves = 44 and depth = 27
[LightGBM] [Info] 18.434605 seconds elapsed, finished iteration 197
[LightGBM] [Warning] No further splits with positive gain, best gain: -inf
[LightGBM] [Debug] Trained a tree with leaves = 44 and depth = 19
[LightGBM] [Info] 18.524489 seconds elapsed, finished iteration 198
[LightGBM] [Debug] Trained a tree with leaves = 45 and depth = 20
[LightGBM] [Info] 18.613025 seconds elapsed, finished iteration 199
[LightGBM] [Debug] Trained a tree with leaves = 45 and depth = 20
[LightGBM] [Info] 18.705928 seconds elapsed, finished iteration 200
[LightGBM] [Warning] No further splits with positive gain, best gain: -inf
[LightGBM] [Debug] Trained a tree with leaves = 41 and depth = 20
[LightGBM] [Info] 18.791683 seconds elapsed, finished iteration 201
[LightGBM] [Debug] Trained a tree with leaves = 45 and depth = 24
[LightGBM] [Info] 18.882785 seconds elapsed, finished iteration 202
[LightGBM] [Debug] Trained a tree with leaves = 45 and depth = 24
[LightGBM] [Info] 18.973153 seconds elapsed, finished iteration 203
[LightGBM] [Debug] Trained a tree with leaves = 45 and depth = 19
[LightGBM] [Info] 19.059357 seconds elapsed, finished iteration 204
[LightGBM] [Warning] No further splits with positive gain, best gain: -inf
[LightGBM] [Debug] Trained a tree with leaves = 43 and depth = 22
[LightGBM] [Info] 19.146744 seconds elapsed, finished iteration 205
[LightGBM] [Warning] No further splits with positive gain, best gain: -inf
[LightGBM] [Debug] Trained a tree with leaves = 44 and depth = 26
[LightGBM] [Info] 19.244036 seconds elapsed, finished iteration 206
[LightGBM] [Warning] No further splits with positive gain, best gain: -inf
[LightGBM] [Debug] Trained a tree with leaves = 44 and depth = 21
[LightGBM] [Info] 19.335430 seconds elapsed, finished iteration 207
[LightGBM] [Debug] Trained a tree with leaves = 45 and depth = 17
[LightGBM] [Info] 19.423225 seconds elapsed, finished iteration 208
[LightGBM] [Warning] No further splits with positive gain, best gain: -inf
[LightGBM] [Debug] Trained a tree with leaves = 43 and depth = 22
[LightGBM] [Info] 19.508706 seconds elapsed, finished iteration 209
[LightGBM] [Warning] No further splits with positive gain, best gain: -inf
[LightGBM] [Debug] Trained a tree with leaves = 43 and depth = 23
[LightGBM] [Info] 19.595139 seconds elapsed, finished iteration 210
[LightGBM] [Debug] Trained a tree with leaves = 45 and depth = 26
[LightGBM] [Info] 19.682019 seconds elapsed, finished iteration 211
[LightGBM] [Warning] No further splits with positive gain, best gain: -inf
[LightGBM] [Debug] Trained a tree with leaves = 44 and depth = 27
[LightGBM] [Info] 19.769157 seconds elapsed, finished iteration 212
[LightGBM] [Debug] Trained a tree with leaves = 45 and depth = 28
[LightGBM] [Info] 19.856353 seconds elapsed, finished iteration 213
[LightGBM] [Warning] No further splits with positive gain, best gain: -inf
[LightGBM] [Debug] Trained a tree with leaves = 42 and depth = 22
[LightGBM] [Info] 19.951745 seconds elapsed, finished iteration 214
[LightGBM] [Debug] Trained a tree with leaves = 45 and depth = 18
[LightGBM] [Info] 20.042586 seconds elapsed, finished iteration 215
[LightGBM] [Warning] No further splits with positive gain, best gain: -inf
[LightGBM] [Debug] Trained a tree with leaves = 43 and depth = 24
[LightGBM] [Info] 20.131158 seconds elapsed, finished iteration 216
[LightGBM] [Warning] No further splits with positive gain, best gain: -inf
[LightGBM] [Debug] Trained a tree with leaves = 44 and depth = 19
[LightGBM] [Info] 20.218034 seconds elapsed, finished iteration 217
[LightGBM] [Debug] Trained a tree with leaves = 45 and depth = 21
[LightGBM] [Info] 20.307104 seconds elapsed, finished iteration 218
[LightGBM] [Debug] Trained a tree with leaves = 45 and depth = 20
[LightGBM] [Info] 20.395737 seconds elapsed, finished iteration 219
[LightGBM] [Warning] No further splits with positive gain, best gain: -inf
[LightGBM] [Debug] Trained a tree with leaves = 41 and depth = 16
[LightGBM] [Info] 20.483909 seconds elapsed, finished iteration 220
[LightGBM] [Debug] Trained a tree with leaves = 45 and depth = 18
[LightGBM] [Info] 20.575262 seconds elapsed, finished iteration 221
[LightGBM] [Warning] No further splits with positive gain, best gain: -inf
[LightGBM] [Debug] Trained a tree with leaves = 43 and depth = 21
[LightGBM] [Info] 20.663418 seconds elapsed, finished iteration 222
[LightGBM] [Warning] No further splits with positive gain, best gain: -inf
[LightGBM] [Debug] Trained a tree with leaves = 43 and depth = 17
[LightGBM] [Info] 20.751494 seconds elapsed, finished iteration 223
[LightGBM] [Warning] No further splits with positive gain, best gain: -inf
[LightGBM] [Debug] Trained a tree with leaves = 43 and depth = 23
[LightGBM] [Info] 20.839746 seconds elapsed, finished iteration 224
[LightGBM] [Warning] No further splits with positive gain, best gain: -inf
[LightGBM] [Debug] Trained a tree with leaves = 43 and depth = 25
[LightGBM] [Info] 20.924963 seconds elapsed, finished iteration 225
[LightGBM] [Warning] No further splits with positive gain, best gain: -inf
[LightGBM] [Debug] Trained a tree with leaves = 44 and depth = 17
[LightGBM] [Info] 21.015363 seconds elapsed, finished iteration 226
[LightGBM] [Warning] No further splits with positive gain, best gain: -inf
[LightGBM] [Debug] Trained a tree with leaves = 44 and depth = 19
[LightGBM] [Info] 21.107285 seconds elapsed, finished iteration 227
[LightGBM] [Warning] No further splits with positive gain, best gain: -inf
[LightGBM] [Debug] Trained a tree with leaves = 41 and depth = 23
[LightGBM] [Info] 21.191241 seconds elapsed, finished iteration 228
[LightGBM] [Debug] Trained a tree with leaves = 45 and depth = 17
[LightGBM] [Info] 21.325125 seconds elapsed, finished iteration 229
[LightGBM] [Warning] No further splits with positive gain, best gain: -inf
[LightGBM] [Debug] Trained a tree with leaves = 42 and depth = 18
[LightGBM] [Info] 21.415179 seconds elapsed, finished iteration 230
[LightGBM] [Warning] No further splits with positive gain, best gain: -inf
[LightGBM] [Debug] Trained a tree with leaves = 44 and depth = 19
[LightGBM] [Info] 21.506292 seconds elapsed, finished iteration 231
[LightGBM] [Debug] Trained a tree with leaves = 45 and depth = 22
[LightGBM] [Info] 21.593493 seconds elapsed, finished iteration 232
[LightGBM] [Warning] No further splits with positive gain, best gain: -inf
[LightGBM] [Debug] Trained a tree with leaves = 43 and depth = 26
[LightGBM] [Info] 21.681223 seconds elapsed, finished iteration 233
[LightGBM] [Warning] No further splits with positive gain, best gain: -inf
[LightGBM] [Debug] Trained a tree with leaves = 44 and depth = 20
[LightGBM] [Info] 21.766043 seconds elapsed, finished iteration 234
[LightGBM] [Warning] No further splits with positive gain, best gain: -inf
[LightGBM] [Debug] Trained a tree with leaves = 42 and depth = 23
[LightGBM] [Info] 21.854112 seconds elapsed, finished iteration 235
[LightGBM] [Debug] Trained a tree with leaves = 45 and depth = 23
[LightGBM] [Info] 21.943915 seconds elapsed, finished iteration 236
[LightGBM] [Warning] No further splits with positive gain, best gain: -inf
[LightGBM] [Debug] Trained a tree with leaves = 44 and depth = 21
[LightGBM] [Info] 22.037132 seconds elapsed, finished iteration 237
[LightGBM] [Warning] No further splits with positive gain, best gain: -inf
[LightGBM] [Debug] Trained a tree with leaves = 42 and depth = 23
[LightGBM] [Info] 22.122688 seconds elapsed, finished iteration 238
[LightGBM] [Warning] No further splits with positive gain, best gain: -inf
[LightGBM] [Debug] Trained a tree with leaves = 43 and depth = 19
[LightGBM] [Info] 22.210212 seconds elapsed, finished iteration 239
[LightGBM] [Debug] Trained a tree with leaves = 45 and depth = 22
[LightGBM] [Info] 22.300326 seconds elapsed, finished iteration 240
[LightGBM] [Warning] No further splits with positive gain, best gain: -inf
[LightGBM] [Debug] Trained a tree with leaves = 43 and depth = 18
[LightGBM] [Info] 22.387906 seconds elapsed, finished iteration 241
[LightGBM] [Warning] No further splits with positive gain, best gain: -inf
[LightGBM] [Debug] Trained a tree with leaves = 43 and depth = 28
[LightGBM] [Info] 22.473695 seconds elapsed, finished iteration 242
[LightGBM] [Warning] No further splits with positive gain, best gain: -inf
[LightGBM] [Debug] Trained a tree with leaves = 43 and depth = 15
[LightGBM] [Info] 22.566105 seconds elapsed, finished iteration 243
[LightGBM] [Warning] No further splits with positive gain, best gain: -inf
[LightGBM] [Debug] Trained a tree with leaves = 43 and depth = 16
[LightGBM] [Info] 22.654332 seconds elapsed, finished iteration 244
[LightGBM] [Warning] No further splits with positive gain, best gain: -inf
[LightGBM] [Debug] Trained a tree with leaves = 42 and depth = 18
[LightGBM] [Info] 22.741915 seconds elapsed, finished iteration 245
[LightGBM] [Warning] No further splits with positive gain, best gain: -inf
[LightGBM] [Debug] Trained a tree with leaves = 42 and depth = 19
[LightGBM] [Info] 22.826468 seconds elapsed, finished iteration 246
[LightGBM] [Warning] No further splits with positive gain, best gain: -inf
[LightGBM] [Debug] Trained a tree with leaves = 44 and depth = 17
[LightGBM] [Info] 22.915710 seconds elapsed, finished iteration 247
[LightGBM] [Warning] No further splits with positive gain, best gain: -inf
[LightGBM] [Debug] Trained a tree with leaves = 44 and depth = 20
[LightGBM] [Info] 23.001106 seconds elapsed, finished iteration 248
[LightGBM] [Warning] No further splits with positive gain, best gain: -inf
[LightGBM] [Debug] Trained a tree with leaves = 41 and depth = 21
[LightGBM] [Info] 23.087200 seconds elapsed, finished iteration 249
[LightGBM] [Debug] Trained a tree with leaves = 45 and depth = 18
[LightGBM] [Info] 23.178419 seconds elapsed, finished iteration 250
[LightGBM] [Debug] Trained a tree with leaves = 45 and depth = 19
[LightGBM] [Info] 23.274894 seconds elapsed, finished iteration 251
[LightGBM] [Warning] No further splits with positive gain, best gain: -inf
[LightGBM] [Debug] Trained a tree with leaves = 43 and depth = 23
[LightGBM] [Info] 23.365479 seconds elapsed, finished iteration 252
[LightGBM] [Warning] No further splits with positive gain, best gain: -inf
[LightGBM] [Debug] Trained a tree with leaves = 44 and depth = 21
[LightGBM] [Info] 23.464065 seconds elapsed, finished iteration 253
[LightGBM] [Warning] No further splits with positive gain, best gain: -inf
[LightGBM] [Debug] Trained a tree with leaves = 43 and depth = 28
[LightGBM] [Info] 23.548979 seconds elapsed, finished iteration 254
[LightGBM] [Warning] No further splits with positive gain, best gain: -inf
[LightGBM] [Debug] Trained a tree with leaves = 44 and depth = 18
[LightGBM] [Info] 23.640607 seconds elapsed, finished iteration 255
[LightGBM] [Warning] No further splits with positive gain, best gain: -inf
[LightGBM] [Debug] Trained a tree with leaves = 44 and depth = 14
[LightGBM] [Info] 23.732326 seconds elapsed, finished iteration 256
[LightGBM] [Warning] No further splits with positive gain, best gain: -inf
[LightGBM] [Debug] Trained a tree with leaves = 43 and depth = 21
[LightGBM] [Info] 23.825436 seconds elapsed, finished iteration 257
[LightGBM] [Debug] Trained a tree with leaves = 45 and depth = 23
[LightGBM] [Info] 23.913928 seconds elapsed, finished iteration 258
[LightGBM] [Warning] No further splits with positive gain, best gain: -inf
[LightGBM] [Debug] Trained a tree with leaves = 41 and depth = 21
[LightGBM] [Info] 23.998720 seconds elapsed, finished iteration 259
[LightGBM] [Debug] Trained a tree with leaves = 45 and depth = 25
[LightGBM] [Info] 24.087907 seconds elapsed, finished iteration 260
[LightGBM] [Warning] No further splits with positive gain, best gain: -inf
[LightGBM] [Debug] Trained a tree with leaves = 44 and depth = 21
[LightGBM] [Info] 24.178498 seconds elapsed, finished iteration 261
[LightGBM] [Warning] No further splits with positive gain, best gain: -inf
[LightGBM] [Debug] Trained a tree with leaves = 42 and depth = 20
[LightGBM] [Info] 24.266344 seconds elapsed, finished iteration 262
[LightGBM] [Warning] No further splits with positive gain, best gain: -inf
[LightGBM] [Debug] Trained a tree with leaves = 41 and depth = 25
[LightGBM] [Info] 24.350692 seconds elapsed, finished iteration 263
[LightGBM] [Warning] No further splits with positive gain, best gain: -inf
[LightGBM] [Debug] Trained a tree with leaves = 44 and depth = 21
[LightGBM] [Info] 24.437792 seconds elapsed, finished iteration 264
[LightGBM] [Warning] No further splits with positive gain, best gain: -inf
[LightGBM] [Debug] Trained a tree with leaves = 39 and depth = 22
[LightGBM] [Info] 24.523720 seconds elapsed, finished iteration 265
[LightGBM] [Warning] No further splits with positive gain, best gain: -inf
[LightGBM] [Debug] Trained a tree with leaves = 43 and depth = 22
[LightGBM] [Info] 24.618329 seconds elapsed, finished iteration 266
[LightGBM] [Warning] No further splits with positive gain, best gain: -inf
[LightGBM] [Debug] Trained a tree with leaves = 44 and depth = 27
[LightGBM] [Info] 24.718521 seconds elapsed, finished iteration 267
[LightGBM] [Warning] No further splits with positive gain, best gain: -inf
[LightGBM] [Debug] Trained a tree with leaves = 42 and depth = 21
[LightGBM] [Info] 24.817656 seconds elapsed, finished iteration 268
[LightGBM] [Warning] No further splits with positive gain, best gain: -inf
[LightGBM] [Debug] Trained a tree with leaves = 44 and depth = 19
[LightGBM] [Info] 24.923342 seconds elapsed, finished iteration 269
[LightGBM] [Warning] No further splits with positive gain, best gain: -inf
[LightGBM] [Debug] Trained a tree with leaves = 40 and depth = 13
[LightGBM] [Info] 25.027298 seconds elapsed, finished iteration 270
[LightGBM] [Debug] Trained a tree with leaves = 45 and depth = 18
[LightGBM] [Info] 25.131695 seconds elapsed, finished iteration 271
[LightGBM] [Debug] Trained a tree with leaves = 45 and depth = 18
[LightGBM] [Info] 25.238212 seconds elapsed, finished iteration 272
[LightGBM] [Debug] Trained a tree with leaves = 45 and depth = 19
[LightGBM] [Info] 25.337049 seconds elapsed, finished iteration 273
[LightGBM] [Warning] No further splits with positive gain, best gain: -inf
[LightGBM] [Debug] Trained a tree with leaves = 40 and depth = 19
[LightGBM] [Info] 25.434287 seconds elapsed, finished iteration 274
[LightGBM] [Warning] No further splits with positive gain, best gain: -inf
[LightGBM] [Debug] Trained a tree with leaves = 44 and depth = 19
[LightGBM] [Info] 25.543624 seconds elapsed, finished iteration 275
[LightGBM] [Warning] No further splits with positive gain, best gain: -inf
[LightGBM] [Debug] Trained a tree with leaves = 40 and depth = 18
[LightGBM] [Info] 25.646304 seconds elapsed, finished iteration 276
[LightGBM] [Warning] No further splits with positive gain, best gain: -inf
[LightGBM] [Debug] Trained a tree with leaves = 44 and depth = 16
[LightGBM] [Info] 25.751968 seconds elapsed, finished iteration 277
[LightGBM] [Warning] No further splits with positive gain, best gain: -inf
[LightGBM] [Debug] Trained a tree with leaves = 42 and depth = 17
[LightGBM] [Info] 25.864101 seconds elapsed, finished iteration 278
[LightGBM] [Warning] No further splits with positive gain, best gain: -inf
[LightGBM] [Debug] Trained a tree with leaves = 44 and depth = 25
[LightGBM] [Info] 25.972676 seconds elapsed, finished iteration 279
[LightGBM] [Warning] No further splits with positive gain, best gain: -inf
[LightGBM] [Debug] Trained a tree with leaves = 41 and depth = 23
[LightGBM] [Info] 26.075477 seconds elapsed, finished iteration 280
[LightGBM] [Warning] No further splits with positive gain, best gain: -inf
[LightGBM] [Debug] Trained a tree with leaves = 44 and depth = 19
[LightGBM] [Info] 26.208101 seconds elapsed, finished iteration 281
[LightGBM] [Warning] No further splits with positive gain, best gain: -inf
[LightGBM] [Debug] Trained a tree with leaves = 44 and depth = 20
[LightGBM] [Info] 26.320092 seconds elapsed, finished iteration 282
[LightGBM] [Warning] No further splits with positive gain, best gain: -inf
[LightGBM] [Debug] Trained a tree with leaves = 43 and depth = 20
[LightGBM] [Info] 26.408733 seconds elapsed, finished iteration 283
[LightGBM] [Warning] No further splits with positive gain, best gain: -inf
[LightGBM] [Debug] Trained a tree with leaves = 44 and depth = 23
[LightGBM] [Info] 26.506775 seconds elapsed, finished iteration 284
[LightGBM] [Warning] No further splits with positive gain, best gain: -inf
[LightGBM] [Debug] Trained a tree with leaves = 44 and depth = 18
[LightGBM] [Info] 26.595652 seconds elapsed, finished iteration 285
[LightGBM] [Warning] No further splits with positive gain, best gain: -inf
[LightGBM] [Debug] Trained a tree with leaves = 42 and depth = 19
[LightGBM] [Info] 26.684956 seconds elapsed, finished iteration 286
[LightGBM] [Warning] No further splits with positive gain, best gain: -inf
[LightGBM] [Debug] Trained a tree with leaves = 43 and depth = 20
[LightGBM] [Info] 26.772163 seconds elapsed, finished iteration 287
[LightGBM] [Warning] No further splits with positive gain, best gain: -inf
[LightGBM] [Debug] Trained a tree with leaves = 43 and depth = 17
[LightGBM] [Info] 26.863593 seconds elapsed, finished iteration 288
[LightGBM] [Warning] No further splits with positive gain, best gain: -inf
[LightGBM] [Debug] Trained a tree with leaves = 41 and depth = 17
[LightGBM] [Info] 26.947980 seconds elapsed, finished iteration 289
[LightGBM] [Warning] No further splits with positive gain, best gain: -inf
[LightGBM] [Debug] Trained a tree with leaves = 44 and depth = 17
[LightGBM] [Info] 27.036018 seconds elapsed, finished iteration 290
[LightGBM] [Warning] No further splits with positive gain, best gain: -inf
[LightGBM] [Debug] Trained a tree with leaves = 44 and depth = 22
[LightGBM] [Info] 27.121477 seconds elapsed, finished iteration 291
[LightGBM] [Warning] No further splits with positive gain, best gain: -inf
[LightGBM] [Debug] Trained a tree with leaves = 44 and depth = 25
[LightGBM] [Info] 27.209964 seconds elapsed, finished iteration 292
[LightGBM] [Warning] No further splits with positive gain, best gain: -inf
[LightGBM] [Debug] Trained a tree with leaves = 42 and depth = 24
[LightGBM] [Info] 27.296858 seconds elapsed, finished iteration 293
[LightGBM] [Warning] No further splits with positive gain, best gain: -inf
[LightGBM] [Debug] Trained a tree with leaves = 43 and depth = 21
[LightGBM] [Info] 27.384328 seconds elapsed, finished iteration 294
[LightGBM] [Debug] Trained a tree with leaves = 45 and depth = 18
[LightGBM] [Info] 27.472758 seconds elapsed, finished iteration 295
[LightGBM] [Debug] Trained a tree with leaves = 45 and depth = 20
[LightGBM] [Info] 27.559663 seconds elapsed, finished iteration 296
[LightGBM] [Warning] No further splits with positive gain, best gain: -inf
[LightGBM] [Debug] Trained a tree with leaves = 43 and depth = 25
[LightGBM] [Info] 27.658336 seconds elapsed, finished iteration 297
[LightGBM] [Warning] No further splits with positive gain, best gain: -inf
[LightGBM] [Debug] Trained a tree with leaves = 44 and depth = 19
[LightGBM] [Info] 27.747777 seconds elapsed, finished iteration 298
[LightGBM] [Warning] No further splits with positive gain, best gain: -inf
[LightGBM] [Debug] Trained a tree with leaves = 42 and depth = 15
[LightGBM] [Info] 27.835487 seconds elapsed, finished iteration 299
[LightGBM] [Warning] No further splits with positive gain, best gain: -inf
[LightGBM] [Debug] Trained a tree with leaves = 43 and depth = 18
[LightGBM] [Info] 27.923852 seconds elapsed, finished iteration 300
[LightGBM] [Warning] No further splits with positive gain, best gain: -inf
[LightGBM] [Debug] Trained a tree with leaves = 43 and depth = 21
[LightGBM] [Info] 28.008169 seconds elapsed, finished iteration 301
[LightGBM] [Warning] No further splits with positive gain, best gain: -inf
[LightGBM] [Debug] Trained a tree with leaves = 44 and depth = 23
[LightGBM] [Info] 28.095625 seconds elapsed, finished iteration 302
[LightGBM] [Debug] Trained a tree with leaves = 45 and depth = 13
[LightGBM] [Info] 28.185491 seconds elapsed, finished iteration 303
[LightGBM] [Warning] No further splits with positive gain, best gain: -inf
[LightGBM] [Debug] Trained a tree with leaves = 42 and depth = 13
[LightGBM] [Info] 28.275304 seconds elapsed, finished iteration 304
[LightGBM] [Warning] No further splits with positive gain, best gain: -inf
[LightGBM] [Debug] Trained a tree with leaves = 44 and depth = 24
[LightGBM] [Info] 28.364710 seconds elapsed, finished iteration 305
[LightGBM] [Warning] No further splits with positive gain, best gain: -inf
[LightGBM] [Debug] Trained a tree with leaves = 42 and depth = 24
[LightGBM] [Info] 28.451577 seconds elapsed, finished iteration 306
[LightGBM] [Warning] No further splits with positive gain, best gain: -inf
[LightGBM] [Debug] Trained a tree with leaves = 42 and depth = 24
[LightGBM] [Info] 28.542990 seconds elapsed, finished iteration 307
[LightGBM] [Warning] No further splits with positive gain, best gain: -inf
[LightGBM] [Debug] Trained a tree with leaves = 44 and depth = 24
[LightGBM] [Info] 28.629334 seconds elapsed, finished iteration 308
[LightGBM] [Warning] No further splits with positive gain, best gain: -inf
[LightGBM] [Debug] Trained a tree with leaves = 43 and depth = 20
[LightGBM] [Info] 28.718357 seconds elapsed, finished iteration 309
[LightGBM] [Warning] No further splits with positive gain, best gain: -inf
[LightGBM] [Debug] Trained a tree with leaves = 42 and depth = 17
[LightGBM] [Info] 28.806350 seconds elapsed, finished iteration 310
[LightGBM] [Warning] No further splits with positive gain, best gain: -inf
[LightGBM] [Debug] Trained a tree with leaves = 44 and depth = 22
[LightGBM] [Info] 28.894678 seconds elapsed, finished iteration 311
[LightGBM] [Debug] Trained a tree with leaves = 45 and depth = 21
[LightGBM] [Info] 28.983955 seconds elapsed, finished iteration 312
[LightGBM] [Warning] No further splits with positive gain, best gain: -inf
[LightGBM] [Debug] Trained a tree with leaves = 41 and depth = 24
[LightGBM] [Info] 29.069077 seconds elapsed, finished iteration 313
[LightGBM] [Debug] Trained a tree with leaves = 45 and depth = 19
[LightGBM] [Info] 29.159538 seconds elapsed, finished iteration 314
[LightGBM] [Debug] Trained a tree with leaves = 45 and depth = 20
[LightGBM] [Info] 29.247186 seconds elapsed, finished iteration 315
[LightGBM] [Warning] No further splits with positive gain, best gain: -inf
[LightGBM] [Debug] Trained a tree with leaves = 43 and depth = 15
[LightGBM] [Info] 29.336883 seconds elapsed, finished iteration 316
[LightGBM] [Warning] No further splits with positive gain, best gain: -inf
[LightGBM] [Debug] Trained a tree with leaves = 42 and depth = 22
[LightGBM] [Info] 29.425356 seconds elapsed, finished iteration 317
[LightGBM] [Warning] No further splits with positive gain, best gain: -inf
[LightGBM] [Debug] Trained a tree with leaves = 41 and depth = 23
[LightGBM] [Info] 29.509707 seconds elapsed, finished iteration 318
[LightGBM] [Warning] No further splits with positive gain, best gain: -inf
[LightGBM] [Debug] Trained a tree with leaves = 43 and depth = 25
[LightGBM] [Info] 29.594573 seconds elapsed, finished iteration 319
[LightGBM] [Warning] No further splits with positive gain, best gain: -inf
[LightGBM] [Debug] Trained a tree with leaves = 44 and depth = 21
[LightGBM] [Info] 29.688071 seconds elapsed, finished iteration 320
[LightGBM] [Debug] Trained a tree with leaves = 45 and depth = 30
[LightGBM] [Info] 29.810914 seconds elapsed, finished iteration 321
[LightGBM] [Debug] Trained a tree with leaves = 45 and depth = 21
[LightGBM] [Info] 29.899556 seconds elapsed, finished iteration 322
[LightGBM] [Debug] Trained a tree with leaves = 45 and depth = 21
[LightGBM] [Info] 29.987449 seconds elapsed, finished iteration 323
[LightGBM] [Warning] No further splits with positive gain, best gain: -inf
[LightGBM] [Debug] Trained a tree with leaves = 42 and depth = 16
[LightGBM] [Info] 30.080669 seconds elapsed, finished iteration 324
[LightGBM] [Debug] Trained a tree with leaves = 45 and depth = 28
[LightGBM] [Info] 30.169562 seconds elapsed, finished iteration 325
[LightGBM] [Warning] No further splits with positive gain, best gain: -inf
[LightGBM] [Debug] Trained a tree with leaves = 44 and depth = 23
[LightGBM] [Info] 30.257825 seconds elapsed, finished iteration 326
[LightGBM] [Debug] Trained a tree with leaves = 45 and depth = 23
[LightGBM] [Info] 30.346354 seconds elapsed, finished iteration 327
[LightGBM] [Warning] No further splits with positive gain, best gain: -inf
[LightGBM] [Debug] Trained a tree with leaves = 44 and depth = 25
[LightGBM] [Info] 30.432480 seconds elapsed, finished iteration 328
[LightGBM] [Warning] No further splits with positive gain, best gain: -inf
[LightGBM] [Debug] Trained a tree with leaves = 43 and depth = 20
[LightGBM] [Info] 30.522474 seconds elapsed, finished iteration 329
[LightGBM] [Warning] No further splits with positive gain, best gain: -inf
[LightGBM] [Debug] Trained a tree with leaves = 44 and depth = 23
[LightGBM] [Info] 30.614148 seconds elapsed, finished iteration 330
[LightGBM] [Warning] No further splits with positive gain, best gain: -inf
[LightGBM] [Debug] Trained a tree with leaves = 44 and depth = 14
[LightGBM] [Info] 30.704983 seconds elapsed, finished iteration 331
[LightGBM] [Warning] No further splits with positive gain, best gain: -inf
[LightGBM] [Debug] Trained a tree with leaves = 41 and depth = 22
[LightGBM] [Info] 30.790076 seconds elapsed, finished iteration 332
[LightGBM] [Warning] No further splits with positive gain, best gain: -inf
[LightGBM] [Debug] Trained a tree with leaves = 43 and depth = 28
[LightGBM] [Info] 30.876307 seconds elapsed, finished iteration 333
[LightGBM] [Debug] Trained a tree with leaves = 45 and depth = 27
[LightGBM] [Info] 30.964441 seconds elapsed, finished iteration 334
[LightGBM] [Warning] No further splits with positive gain, best gain: -inf
[LightGBM] [Debug] Trained a tree with leaves = 43 and depth = 18
[LightGBM] [Info] 31.050927 seconds elapsed, finished iteration 335
[LightGBM] [Debug] Trained a tree with leaves = 45 and depth = 25
[LightGBM] [Info] 31.134592 seconds elapsed, finished iteration 336
[LightGBM] [Warning] No further splits with positive gain, best gain: -inf
[LightGBM] [Debug] Trained a tree with leaves = 41 and depth = 24
[LightGBM] [Info] 31.222027 seconds elapsed, finished iteration 337
[LightGBM] [Warning] No further splits with positive gain, best gain: -inf
[LightGBM] [Debug] Trained a tree with leaves = 41 and depth = 27
[LightGBM] [Info] 31.305219 seconds elapsed, finished iteration 338
[LightGBM] [Warning] No further splits with positive gain, best gain: -inf
[LightGBM] [Debug] Trained a tree with leaves = 43 and depth = 21
[LightGBM] [Info] 31.394269 seconds elapsed, finished iteration 339
[LightGBM] [Warning] No further splits with positive gain, best gain: -inf
[LightGBM] [Debug] Trained a tree with leaves = 44 and depth = 21
[LightGBM] [Info] 31.481795 seconds elapsed, finished iteration 340
[LightGBM] [Warning] No further splits with positive gain, best gain: -inf
[LightGBM] [Debug] Trained a tree with leaves = 44 and depth = 19
[LightGBM] [Info] 31.571590 seconds elapsed, finished iteration 341
[LightGBM] [Warning] No further splits with positive gain, best gain: -inf
[LightGBM] [Debug] Trained a tree with leaves = 42 and depth = 17
[LightGBM] [Info] 31.655651 seconds elapsed, finished iteration 342
[LightGBM] [Warning] No further splits with positive gain, best gain: -inf
[LightGBM] [Debug] Trained a tree with leaves = 41 and depth = 20
[LightGBM] [Info] 31.745504 seconds elapsed, finished iteration 343
[LightGBM] [Warning] No further splits with positive gain, best gain: -inf
[LightGBM] [Debug] Trained a tree with leaves = 44 and depth = 20
[LightGBM] [Info] 31.845586 seconds elapsed, finished iteration 344
[LightGBM] [Warning] No further splits with positive gain, best gain: -inf
[LightGBM] [Debug] Trained a tree with leaves = 42 and depth = 22
[LightGBM] [Info] 31.931700 seconds elapsed, finished iteration 345
[LightGBM] [Warning] No further splits with positive gain, best gain: -inf
[LightGBM] [Debug] Trained a tree with leaves = 43 and depth = 26
[LightGBM] [Info] 32.017554 seconds elapsed, finished iteration 346
[LightGBM] [Warning] No further splits with positive gain, best gain: -inf
[LightGBM] [Debug] Trained a tree with leaves = 43 and depth = 21
[LightGBM] [Info] 32.105247 seconds elapsed, finished iteration 347
[LightGBM] [Warning] No further splits with positive gain, best gain: -inf
[LightGBM] [Debug] Trained a tree with leaves = 42 and depth = 19
[LightGBM] [Info] 32.192852 seconds elapsed, finished iteration 348
[LightGBM] [Warning] No further splits with positive gain, best gain: -inf
[LightGBM] [Debug] Trained a tree with leaves = 43 and depth = 19
[LightGBM] [Info] 32.281665 seconds elapsed, finished iteration 349
[LightGBM] [Debug] Trained a tree with leaves = 45 and depth = 15
[LightGBM] [Info] 32.372702 seconds elapsed, finished iteration 350
[LightGBM] [Warning] No further splits with positive gain, best gain: -inf
[LightGBM] [Debug] Trained a tree with leaves = 41 and depth = 16
[LightGBM] [Info] 32.459117 seconds elapsed, finished iteration 351
[LightGBM] [Warning] No further splits with positive gain, best gain: -inf
[LightGBM] [Debug] Trained a tree with leaves = 43 and depth = 21
[LightGBM] [Info] 32.547485 seconds elapsed, finished iteration 352
[LightGBM] [Warning] No further splits with positive gain, best gain: -inf
[LightGBM] [Debug] Trained a tree with leaves = 44 and depth = 20
[LightGBM] [Info] 32.636919 seconds elapsed, finished iteration 353
[LightGBM] [Warning] No further splits with positive gain, best gain: -inf
[LightGBM] [Debug] Trained a tree with leaves = 43 and depth = 22
[LightGBM] [Info] 32.722177 seconds elapsed, finished iteration 354
[LightGBM] [Warning] No further splits with positive gain, best gain: -inf
[LightGBM] [Debug] Trained a tree with leaves = 42 and depth = 21
[LightGBM] [Info] 32.808343 seconds elapsed, finished iteration 355
[LightGBM] [Warning] No further splits with positive gain, best gain: -inf
[LightGBM] [Debug] Trained a tree with leaves = 43 and depth = 25
[LightGBM] [Info] 32.893484 seconds elapsed, finished iteration 356
[LightGBM] [Warning] No further splits with positive gain, best gain: -inf
[LightGBM] [Debug] Trained a tree with leaves = 44 and depth = 26
[LightGBM] [Info] 32.992367 seconds elapsed, finished iteration 357
[LightGBM] [Warning] No further splits with positive gain, best gain: -inf
[LightGBM] [Debug] Trained a tree with leaves = 44 and depth = 18
[LightGBM] [Info] 33.082543 seconds elapsed, finished iteration 358
[LightGBM] [Debug] Trained a tree with leaves = 45 and depth = 20
[LightGBM] [Info] 33.169858 seconds elapsed, finished iteration 359
[LightGBM] [Warning] No further splits with positive gain, best gain: -inf
[LightGBM] [Debug] Trained a tree with leaves = 44 and depth = 17
[LightGBM] [Info] 33.260178 seconds elapsed, finished iteration 360
[LightGBM] [Warning] No further splits with positive gain, best gain: -inf
[LightGBM] [Debug] Trained a tree with leaves = 44 and depth = 17
[LightGBM] [Info] 33.349682 seconds elapsed, finished iteration 361
[LightGBM] [Warning] No further splits with positive gain, best gain: -inf
[LightGBM] [Debug] Trained a tree with leaves = 42 and depth = 24
[LightGBM] [Info] 33.435322 seconds elapsed, finished iteration 362
[LightGBM] [Warning] No further splits with positive gain, best gain: -inf
[LightGBM] [Debug] Trained a tree with leaves = 42 and depth = 20
[LightGBM] [Info] 33.524269 seconds elapsed, finished iteration 363
[LightGBM] [Warning] No further splits with positive gain, best gain: -inf
[LightGBM] [Debug] Trained a tree with leaves = 43 and depth = 23
[LightGBM] [Info] 33.608584 seconds elapsed, finished iteration 364
[LightGBM] [Warning] No further splits with positive gain, best gain: -inf
[LightGBM] [Debug] Trained a tree with leaves = 44 and depth = 19
[LightGBM] [Info] 33.697767 seconds elapsed, finished iteration 365
[LightGBM] [Warning] No further splits with positive gain, best gain: -inf
[LightGBM] [Debug] Trained a tree with leaves = 42 and depth = 22
[LightGBM] [Info] 33.783662 seconds elapsed, finished iteration 366
[LightGBM] [Warning] No further splits with positive gain, best gain: -inf
[LightGBM] [Debug] Trained a tree with leaves = 43 and depth = 20
[LightGBM] [Info] 33.871031 seconds elapsed, finished iteration 367
[LightGBM] [Warning] No further splits with positive gain, best gain: -inf
[LightGBM] [Debug] Trained a tree with leaves = 42 and depth = 23
[LightGBM] [Info] 33.971031 seconds elapsed, finished iteration 368
[LightGBM] [Warning] No further splits with positive gain, best gain: -inf
[LightGBM] [Debug] Trained a tree with leaves = 44 and depth = 18
[LightGBM] [Info] 34.076899 seconds elapsed, finished iteration 369
[LightGBM] [Warning] No further splits with positive gain, best gain: -inf
[LightGBM] [Debug] Trained a tree with leaves = 43 and depth = 16
[LightGBM] [Info] 34.167779 seconds elapsed, finished iteration 370
[LightGBM] [Warning] No further splits with positive gain, best gain: -inf
[LightGBM] [Debug] Trained a tree with leaves = 43 and depth = 18
[LightGBM] [Info] 34.259737 seconds elapsed, finished iteration 371
[LightGBM] [Warning] No further splits with positive gain, best gain: -inf
[LightGBM] [Debug] Trained a tree with leaves = 39 and depth = 25
[LightGBM] [Info] 34.343133 seconds elapsed, finished iteration 372
[LightGBM] [Warning] No further splits with positive gain, best gain: -inf
[LightGBM] [Debug] Trained a tree with leaves = 43 and depth = 23
[LightGBM] [Info] 34.428168 seconds elapsed, finished iteration 373
[LightGBM] [Warning] No further splits with positive gain, best gain: -inf
[LightGBM] [Debug] Trained a tree with leaves = 42 and depth = 17
[LightGBM] [Info] 34.517778 seconds elapsed, finished iteration 374
[LightGBM] [Warning] No further splits with positive gain, best gain: -inf
[LightGBM] [Debug] Trained a tree with leaves = 42 and depth = 21
[LightGBM] [Info] 34.604869 seconds elapsed, finished iteration 375
[LightGBM] [Warning] No further splits with positive gain, best gain: -inf
[LightGBM] [Debug] Trained a tree with leaves = 42 and depth = 19
[LightGBM] [Info] 34.692573 seconds elapsed, finished iteration 376
[LightGBM] [Warning] No further splits with positive gain, best gain: -inf
[LightGBM] [Debug] Trained a tree with leaves = 44 and depth = 16
[LightGBM] [Info] 34.782471 seconds elapsed, finished iteration 377
[LightGBM] [Warning] No further splits with positive gain, best gain: -inf
[LightGBM] [Debug] Trained a tree with leaves = 43 and depth = 22
[LightGBM] [Info] 34.869279 seconds elapsed, finished iteration 378
[LightGBM] [Warning] No further splits with positive gain, best gain: -inf
[LightGBM] [Debug] Trained a tree with leaves = 43 and depth = 23
[LightGBM] [Info] 34.958570 seconds elapsed, finished iteration 379
[LightGBM] [Warning] No further splits with positive gain, best gain: -inf
[LightGBM] [Debug] Trained a tree with leaves = 44 and depth = 20
[LightGBM] [Info] 35.048161 seconds elapsed, finished iteration 380
[LightGBM] [Warning] No further splits with positive gain, best gain: -inf
[LightGBM] [Debug] Trained a tree with leaves = 44 and depth = 20
[LightGBM] [Info] 35.136310 seconds elapsed, finished iteration 381
[LightGBM] [Warning] No further splits with positive gain, best gain: -inf
[LightGBM] [Debug] Trained a tree with leaves = 39 and depth = 21
[LightGBM] [Info] 35.220986 seconds elapsed, finished iteration 382
[LightGBM] [Debug] Trained a tree with leaves = 45 and depth = 24
[LightGBM] [Info] 35.310474 seconds elapsed, finished iteration 383
[LightGBM] [Warning] No further splits with positive gain, best gain: -inf
[LightGBM] [Debug] Trained a tree with leaves = 43 and depth = 23
[LightGBM] [Info] 35.396592 seconds elapsed, finished iteration 384
[LightGBM] [Warning] No further splits with positive gain, best gain: -inf
[LightGBM] [Debug] Trained a tree with leaves = 40 and depth = 16
[LightGBM] [Info] 35.480390 seconds elapsed, finished iteration 385
[LightGBM] [Warning] No further splits with positive gain, best gain: -inf
[LightGBM] [Debug] Trained a tree with leaves = 44 and depth = 18
[LightGBM] [Info] 35.569354 seconds elapsed, finished iteration 386
[LightGBM] [Warning] No further splits with positive gain, best gain: -inf
[LightGBM] [Debug] Trained a tree with leaves = 44 and depth = 22
[LightGBM] [Info] 35.657271 seconds elapsed, finished iteration 387
[LightGBM] [Warning] No further splits with positive gain, best gain: -inf
[LightGBM] [Debug] Trained a tree with leaves = 41 and depth = 17
[LightGBM] [Info] 35.746378 seconds elapsed, finished iteration 388
[LightGBM] [Warning] No further splits with positive gain, best gain: -inf
[LightGBM] [Debug] Trained a tree with leaves = 43 and depth = 17
[LightGBM] [Info] 35.836106 seconds elapsed, finished iteration 389
[LightGBM] [Warning] No further splits with positive gain, best gain: -inf
[LightGBM] [Debug] Trained a tree with leaves = 44 and depth = 24
[LightGBM] [Info] 35.923449 seconds elapsed, finished iteration 390
[LightGBM] [Warning] No further splits with positive gain, best gain: -inf
[LightGBM] [Debug] Trained a tree with leaves = 44 and depth = 22
[LightGBM] [Info] 36.015234 seconds elapsed, finished iteration 391
[LightGBM] [Debug] Trained a tree with leaves = 45 and depth = 20
[LightGBM] [Info] 36.113939 seconds elapsed, finished iteration 392
[LightGBM] [Warning] No further splits with positive gain, best gain: -inf
[LightGBM] [Debug] Trained a tree with leaves = 41 and depth = 19
[LightGBM] [Info] 36.207414 seconds elapsed, finished iteration 393
[LightGBM] [Warning] No further splits with positive gain, best gain: -inf
[LightGBM] [Debug] Trained a tree with leaves = 42 and depth = 14
[LightGBM] [Info] 36.302208 seconds elapsed, finished iteration 394
[LightGBM] [Warning] No further splits with positive gain, best gain: -inf
[LightGBM] [Debug] Trained a tree with leaves = 42 and depth = 26
[LightGBM] [Info] 36.391260 seconds elapsed, finished iteration 395
[LightGBM] [Warning] No further splits with positive gain, best gain: -inf
[LightGBM] [Debug] Trained a tree with leaves = 41 and depth = 19
[LightGBM] [Info] 36.480236 seconds elapsed, finished iteration 396
[LightGBM] [Warning] No further splits with positive gain, best gain: -inf
[LightGBM] [Debug] Trained a tree with leaves = 41 and depth = 19
[LightGBM] [Info] 36.565072 seconds elapsed, finished iteration 397
[LightGBM] [Warning] No further splits with positive gain, best gain: -inf
[LightGBM] [Debug] Trained a tree with leaves = 42 and depth = 19
[LightGBM] [Info] 36.654951 seconds elapsed, finished iteration 398
[LightGBM] [Warning] No further splits with positive gain, best gain: -inf
[LightGBM] [Debug] Trained a tree with leaves = 44 and depth = 11
[LightGBM] [Info] 36.747325 seconds elapsed, finished iteration 399
[LightGBM] [Warning] No further splits with positive gain, best gain: -inf
[LightGBM] [Debug] Trained a tree with leaves = 44 and depth = 22
[LightGBM] [Info] 36.837488 seconds elapsed, finished iteration 400
[LightGBM] [Debug] Trained a tree with leaves = 45 and depth = 20
[LightGBM] [Info] 36.927481 seconds elapsed, finished iteration 401
[LightGBM] [Warning] No further splits with positive gain, best gain: -inf
[LightGBM] [Debug] Trained a tree with leaves = 44 and depth = 23
[LightGBM] [Info] 37.021149 seconds elapsed, finished iteration 402
[LightGBM] [Warning] No further splits with positive gain, best gain: -inf
[LightGBM] [Debug] Trained a tree with leaves = 43 and depth = 23
[LightGBM] [Info] 37.109161 seconds elapsed, finished iteration 403
[LightGBM] [Warning] No further splits with positive gain, best gain: -inf
[LightGBM] [Debug] Trained a tree with leaves = 43 and depth = 18
[LightGBM] [Info] 37.198612 seconds elapsed, finished iteration 404
[LightGBM] [Warning] No further splits with positive gain, best gain: -inf
[LightGBM] [Debug] Trained a tree with leaves = 42 and depth = 17
[LightGBM] [Info] 37.291091 seconds elapsed, finished iteration 405
[LightGBM] [Warning] No further splits with positive gain, best gain: -inf
[LightGBM] [Debug] Trained a tree with leaves = 43 and depth = 18
[LightGBM] [Info] 37.383097 seconds elapsed, finished iteration 406
[LightGBM] [Warning] No further splits with positive gain, best gain: -inf
[LightGBM] [Debug] Trained a tree with leaves = 44 and depth = 19
[LightGBM] [Info] 37.471434 seconds elapsed, finished iteration 407
[LightGBM] [Warning] No further splits with positive gain, best gain: -inf
[LightGBM] [Debug] Trained a tree with leaves = 41 and depth = 15
[LightGBM] [Info] 37.563014 seconds elapsed, finished iteration 408
[LightGBM] [Warning] No further splits with positive gain, best gain: -inf
[LightGBM] [Debug] Trained a tree with leaves = 41 and depth = 19
[LightGBM] [Info] 37.650691 seconds elapsed, finished iteration 409
[LightGBM] [Warning] No further splits with positive gain, best gain: -inf
[LightGBM] [Debug] Trained a tree with leaves = 42 and depth = 21
[LightGBM] [Info] 37.733987 seconds elapsed, finished iteration 410
[LightGBM] [Warning] No further splits with positive gain, best gain: -inf
[LightGBM] [Debug] Trained a tree with leaves = 41 and depth = 17
[LightGBM] [Info] 37.820133 seconds elapsed, finished iteration 411
[LightGBM] [Warning] No further splits with positive gain, best gain: -inf
[LightGBM] [Debug] Trained a tree with leaves = 43 and depth = 20
[LightGBM] [Info] 37.905234 seconds elapsed, finished iteration 412
[LightGBM] [Debug] Trained a tree with leaves = 45 and depth = 18
[LightGBM] [Info] 37.994578 seconds elapsed, finished iteration 413
[LightGBM] [Warning] No further splits with positive gain, best gain: -inf
[LightGBM] [Debug] Trained a tree with leaves = 43 and depth = 19
[LightGBM] [Info] 38.084737 seconds elapsed, finished iteration 414
[LightGBM] [Warning] No further splits with positive gain, best gain: -inf
[LightGBM] [Debug] Trained a tree with leaves = 44 and depth = 28
[LightGBM] [Info] 38.186664 seconds elapsed, finished iteration 415
[LightGBM] [Warning] No further splits with positive gain, best gain: -inf
[LightGBM] [Debug] Trained a tree with leaves = 43 and depth = 22
[LightGBM] [Info] 38.274966 seconds elapsed, finished iteration 416
[LightGBM] [Warning] No further splits with positive gain, best gain: -inf
[LightGBM] [Debug] Trained a tree with leaves = 42 and depth = 19
[LightGBM] [Info] 38.363721 seconds elapsed, finished iteration 417
[LightGBM] [Warning] No further splits with positive gain, best gain: -inf
[LightGBM] [Debug] Trained a tree with leaves = 42 and depth = 28
[LightGBM] [Info] 38.446516 seconds elapsed, finished iteration 418
[LightGBM] [Warning] No further splits with positive gain, best gain: -inf
[LightGBM] [Debug] Trained a tree with leaves = 43 and depth = 30
[LightGBM] [Info] 38.531184 seconds elapsed, finished iteration 419
[LightGBM] [Warning] No further splits with positive gain, best gain: -inf
[LightGBM] [Debug] Trained a tree with leaves = 42 and depth = 20
[LightGBM] [Info] 38.618568 seconds elapsed, finished iteration 420
[LightGBM] [Warning] No further splits with positive gain, best gain: -inf
[LightGBM] [Debug] Trained a tree with leaves = 42 and depth = 25
[LightGBM] [Info] 38.703915 seconds elapsed, finished iteration 421
[LightGBM] [Warning] No further splits with positive gain, best gain: -inf
[LightGBM] [Debug] Trained a tree with leaves = 42 and depth = 24
[LightGBM] [Info] 38.789768 seconds elapsed, finished iteration 422
[LightGBM] [Warning] No further splits with positive gain, best gain: -inf
[LightGBM] [Debug] Trained a tree with leaves = 41 and depth = 14
[LightGBM] [Info] 38.880884 seconds elapsed, finished iteration 423
[LightGBM] [Warning] No further splits with positive gain, best gain: -inf
[LightGBM] [Debug] Trained a tree with leaves = 43 and depth = 24
[LightGBM] [Info] 38.969986 seconds elapsed, finished iteration 424
[LightGBM] [Warning] No further splits with positive gain, best gain: -inf
[LightGBM] [Debug] Trained a tree with leaves = 44 and depth = 22
[LightGBM] [Info] 39.053811 seconds elapsed, finished iteration 425
[LightGBM] [Warning] No further splits with positive gain, best gain: -inf
[LightGBM] [Debug] Trained a tree with leaves = 43 and depth = 23
[LightGBM] [Info] 39.138896 seconds elapsed, finished iteration 426
[LightGBM] [Warning] No further splits with positive gain, best gain: -inf
[LightGBM] [Debug] Trained a tree with leaves = 43 and depth = 19
[LightGBM] [Info] 39.226629 seconds elapsed, finished iteration 427
[LightGBM] [Warning] No further splits with positive gain, best gain: -inf
[LightGBM] [Debug] Trained a tree with leaves = 42 and depth = 25
[LightGBM] [Info] 39.311976 seconds elapsed, finished iteration 428
[LightGBM] [Warning] No further splits with positive gain, best gain: -inf
[LightGBM] [Debug] Trained a tree with leaves = 43 and depth = 17
[LightGBM] [Info] 39.396230 seconds elapsed, finished iteration 429
[LightGBM] [Warning] No further splits with positive gain, best gain: -inf
[LightGBM] [Debug] Trained a tree with leaves = 42 and depth = 16
[LightGBM] [Info] 39.494375 seconds elapsed, finished iteration 430
[LightGBM] [Warning] No further splits with positive gain, best gain: -inf
[LightGBM] [Debug] Trained a tree with leaves = 43 and depth = 21
[LightGBM] [Info] 39.583674 seconds elapsed, finished iteration 431
[LightGBM] [Warning] No further splits with positive gain, best gain: -inf
[LightGBM] [Debug] Trained a tree with leaves = 40 and depth = 21
[LightGBM] [Info] 39.670200 seconds elapsed, finished iteration 432
[LightGBM] [Warning] No further splits with positive gain, best gain: -inf
[LightGBM] [Debug] Trained a tree with leaves = 42 and depth = 19
[LightGBM] [Info] 39.760553 seconds elapsed, finished iteration 433
[LightGBM] [Warning] No further splits with positive gain, best gain: -inf
[LightGBM] [Debug] Trained a tree with leaves = 43 and depth = 22
[LightGBM] [Info] 39.846604 seconds elapsed, finished iteration 434
[LightGBM] [Warning] No further splits with positive gain, best gain: -inf
[LightGBM] [Debug] Trained a tree with leaves = 43 and depth = 16
[LightGBM] [Info] 39.936668 seconds elapsed, finished iteration 435
[LightGBM] [Warning] No further splits with positive gain, best gain: -inf
[LightGBM] [Debug] Trained a tree with leaves = 42 and depth = 20
[LightGBM] [Info] 40.022319 seconds elapsed, finished iteration 436
[LightGBM] [Warning] No further splits with positive gain, best gain: -inf
[LightGBM] [Debug] Trained a tree with leaves = 40 and depth = 24
[LightGBM] [Info] 40.109575 seconds elapsed, finished iteration 437
[LightGBM] [Warning] No further splits with positive gain, best gain: -inf
[LightGBM] [Debug] Trained a tree with leaves = 43 and depth = 14
[LightGBM] [Info] 40.200407 seconds elapsed, finished iteration 438
[LightGBM] [Warning] No further splits with positive gain, best gain: -inf
[LightGBM] [Debug] Trained a tree with leaves = 43 and depth = 26
[LightGBM] [Info] 40.301444 seconds elapsed, finished iteration 439
[LightGBM] [Warning] No further splits with positive gain, best gain: -inf
[LightGBM] [Debug] Trained a tree with leaves = 44 and depth = 16
[LightGBM] [Info] 40.391010 seconds elapsed, finished iteration 440
[LightGBM] [Warning] No further splits with positive gain, best gain: -inf
[LightGBM] [Debug] Trained a tree with leaves = 42 and depth = 18
[LightGBM] [Info] 40.479601 seconds elapsed, finished iteration 441
[LightGBM] [Warning] No further splits with positive gain, best gain: -inf
[LightGBM] [Debug] Trained a tree with leaves = 44 and depth = 20
[LightGBM] [Info] 40.567057 seconds elapsed, finished iteration 442
[LightGBM] [Warning] No further splits with positive gain, best gain: -inf
[LightGBM] [Debug] Trained a tree with leaves = 44 and depth = 20
[LightGBM] [Info] 40.658341 seconds elapsed, finished iteration 443
[LightGBM] [Warning] No further splits with positive gain, best gain: -inf
[LightGBM] [Debug] Trained a tree with leaves = 41 and depth = 18
[LightGBM] [Info] 40.748144 seconds elapsed, finished iteration 444
[LightGBM] [Warning] No further splits with positive gain, best gain: -inf
[LightGBM] [Debug] Trained a tree with leaves = 44 and depth = 14
[LightGBM] [Info] 40.842818 seconds elapsed, finished iteration 445
[LightGBM] [Warning] No further splits with positive gain, best gain: -inf
[LightGBM] [Debug] Trained a tree with leaves = 42 and depth = 22
[LightGBM] [Info] 40.929398 seconds elapsed, finished iteration 446
[LightGBM] [Warning] No further splits with positive gain, best gain: -inf
[LightGBM] [Debug] Trained a tree with leaves = 41 and depth = 24
[LightGBM] [Info] 41.014677 seconds elapsed, finished iteration 447
[LightGBM] [Warning] No further splits with positive gain, best gain: -inf
[LightGBM] [Debug] Trained a tree with leaves = 42 and depth = 15
[LightGBM] [Info] 41.104577 seconds elapsed, finished iteration 448
[LightGBM] [Warning] No further splits with positive gain, best gain: -inf
[LightGBM] [Debug] Trained a tree with leaves = 42 and depth = 17
[LightGBM] [Info] 41.194471 seconds elapsed, finished iteration 449
[LightGBM] [Warning] No further splits with positive gain, best gain: -inf
[LightGBM] [Debug] Trained a tree with leaves = 42 and depth = 22
[LightGBM] [Info] 41.289182 seconds elapsed, finished iteration 450
[LightGBM] [Warning] No further splits with positive gain, best gain: -inf
[LightGBM] [Debug] Trained a tree with leaves = 42 and depth = 19
[LightGBM] [Info] 41.390918 seconds elapsed, finished iteration 451
[LightGBM] [Warning] No further splits with positive gain, best gain: -inf
[LightGBM] [Debug] Trained a tree with leaves = 42 and depth = 26
[LightGBM] [Info] 41.486146 seconds elapsed, finished iteration 452
[LightGBM] [Warning] No further splits with positive gain, best gain: -inf
[LightGBM] [Debug] Trained a tree with leaves = 41 and depth = 20
[LightGBM] [Info] 41.588051 seconds elapsed, finished iteration 453
[LightGBM] [Warning] No further splits with positive gain, best gain: -inf
[LightGBM] [Debug] Trained a tree with leaves = 41 and depth = 15
[LightGBM] [Info] 41.696439 seconds elapsed, finished iteration 454
[LightGBM] [Warning] No further splits with positive gain, best gain: -inf
[LightGBM] [Debug] Trained a tree with leaves = 43 and depth = 19
[LightGBM] [Info] 41.833619 seconds elapsed, finished iteration 455
[LightGBM] [Warning] No further splits with positive gain, best gain: -inf
[LightGBM] [Debug] Trained a tree with leaves = 43 and depth = 21
[LightGBM] [Info] 41.970007 seconds elapsed, finished iteration 456
[LightGBM] [Warning] No further splits with positive gain, best gain: -inf
[LightGBM] [Debug] Trained a tree with leaves = 41 and depth = 23
[LightGBM] [Info] 42.099399 seconds elapsed, finished iteration 457
[LightGBM] [Debug] Trained a tree with leaves = 45 and depth = 20
[LightGBM] [Info] 42.233015 seconds elapsed, finished iteration 458
[LightGBM] [Warning] No further splits with positive gain, best gain: -inf
[LightGBM] [Debug] Trained a tree with leaves = 42 and depth = 16
[LightGBM] [Info] 42.362566 seconds elapsed, finished iteration 459
[LightGBM] [Warning] No further splits with positive gain, best gain: -inf
[LightGBM] [Debug] Trained a tree with leaves = 44 and depth = 21
[LightGBM] [Info] 42.491642 seconds elapsed, finished iteration 460
[LightGBM] [Warning] No further splits with positive gain, best gain: -inf
[LightGBM] [Debug] Trained a tree with leaves = 42 and depth = 17
[LightGBM] [Info] 42.624693 seconds elapsed, finished iteration 461
[LightGBM] [Warning] No further splits with positive gain, best gain: -inf
[LightGBM] [Debug] Trained a tree with leaves = 42 and depth = 19
[LightGBM] [Info] 42.752752 seconds elapsed, finished iteration 462
[LightGBM] [Warning] No further splits with positive gain, best gain: -inf
[LightGBM] [Debug] Trained a tree with leaves = 40 and depth = 20
[LightGBM] [Info] 42.851186 seconds elapsed, finished iteration 463
[LightGBM] [Warning] No further splits with positive gain, best gain: -inf
[LightGBM] [Debug] Trained a tree with leaves = 41 and depth = 15
[LightGBM] [Info] 42.938977 seconds elapsed, finished iteration 464
[LightGBM] [Warning] No further splits with positive gain, best gain: -inf
[LightGBM] [Debug] Trained a tree with leaves = 44 and depth = 22
[LightGBM] [Info] 43.027570 seconds elapsed, finished iteration 465
[LightGBM] [Warning] No further splits with positive gain, best gain: -inf
[LightGBM] [Debug] Trained a tree with leaves = 42 and depth = 26
[LightGBM] [Info] 43.116272 seconds elapsed, finished iteration 466
[LightGBM] [Debug] Trained a tree with leaves = 45 and depth = 25
[LightGBM] [Info] 43.199484 seconds elapsed, finished iteration 467
[LightGBM] [Warning] No further splits with positive gain, best gain: -inf
[LightGBM] [Debug] Trained a tree with leaves = 42 and depth = 17
[LightGBM] [Info] 43.290490 seconds elapsed, finished iteration 468
[LightGBM] [Warning] No further splits with positive gain, best gain: -inf
[LightGBM] [Debug] Trained a tree with leaves = 42 and depth = 18
[LightGBM] [Info] 43.380995 seconds elapsed, finished iteration 469
[LightGBM] [Warning] No further splits with positive gain, best gain: -inf
[LightGBM] [Debug] Trained a tree with leaves = 43 and depth = 18
[LightGBM] [Info] 43.470699 seconds elapsed, finished iteration 470
[LightGBM] [Warning] No further splits with positive gain, best gain: -inf
[LightGBM] [Debug] Trained a tree with leaves = 43 and depth = 21
[LightGBM] [Info] 43.556988 seconds elapsed, finished iteration 471
[LightGBM] [Warning] No further splits with positive gain, best gain: -inf
[LightGBM] [Debug] Trained a tree with leaves = 42 and depth = 20
[LightGBM] [Info] 43.642627 seconds elapsed, finished iteration 472
[LightGBM] [Warning] No further splits with positive gain, best gain: -inf
[LightGBM] [Debug] Trained a tree with leaves = 40 and depth = 18
[LightGBM] [Info] 43.727949 seconds elapsed, finished iteration 473
[LightGBM] [Warning] No further splits with positive gain, best gain: -inf
[LightGBM] [Debug] Trained a tree with leaves = 41 and depth = 21
[LightGBM] [Info] 43.815285 seconds elapsed, finished iteration 474
[LightGBM] [Warning] No further splits with positive gain, best gain: -inf
[LightGBM] [Debug] Trained a tree with leaves = 44 and depth = 17
[LightGBM] [Info] 43.905954 seconds elapsed, finished iteration 475
[LightGBM] [Warning] No further splits with positive gain, best gain: -inf
[LightGBM] [Debug] Trained a tree with leaves = 44 and depth = 19
[LightGBM] [Info] 43.996407 seconds elapsed, finished iteration 476
[LightGBM] [Warning] No further splits with positive gain, best gain: -inf
[LightGBM] [Debug] Trained a tree with leaves = 41 and depth = 19
[LightGBM] [Info] 44.087567 seconds elapsed, finished iteration 477
[LightGBM] [Warning] No further splits with positive gain, best gain: -inf
[LightGBM] [Debug] Trained a tree with leaves = 43 and depth = 17
[LightGBM] [Info] 44.178955 seconds elapsed, finished iteration 478
[LightGBM] [Warning] No further splits with positive gain, best gain: -inf
[LightGBM] [Debug] Trained a tree with leaves = 42 and depth = 23
[LightGBM] [Info] 44.265246 seconds elapsed, finished iteration 479
[LightGBM] [Warning] No further splits with positive gain, best gain: -inf
[LightGBM] [Debug] Trained a tree with leaves = 43 and depth = 22
[LightGBM] [Info] 44.356813 seconds elapsed, finished iteration 480
[LightGBM] [Warning] No further splits with positive gain, best gain: -inf
[LightGBM] [Debug] Trained a tree with leaves = 42 and depth = 26
[LightGBM] [Info] 44.455434 seconds elapsed, finished iteration 481
[LightGBM] [Warning] No further splits with positive gain, best gain: -inf
[LightGBM] [Debug] Trained a tree with leaves = 42 and depth = 14
[LightGBM] [Info] 44.549152 seconds elapsed, finished iteration 482
[LightGBM] [Warning] No further splits with positive gain, best gain: -inf
[LightGBM] [Debug] Trained a tree with leaves = 43 and depth = 23
[LightGBM] [Info] 44.636929 seconds elapsed, finished iteration 483
[LightGBM] [Warning] No further splits with positive gain, best gain: -inf
[LightGBM] [Debug] Trained a tree with leaves = 42 and depth = 22
[LightGBM] [Info] 44.724198 seconds elapsed, finished iteration 484
[LightGBM] [Warning] No further splits with positive gain, best gain: -inf
[LightGBM] [Debug] Trained a tree with leaves = 43 and depth = 21
[LightGBM] [Info] 44.811456 seconds elapsed, finished iteration 485
[LightGBM] [Warning] No further splits with positive gain, best gain: -inf
[LightGBM] [Debug] Trained a tree with leaves = 42 and depth = 20
[LightGBM] [Info] 44.898420 seconds elapsed, finished iteration 486
[LightGBM] [Warning] No further splits with positive gain, best gain: -inf
[LightGBM] [Debug] Trained a tree with leaves = 42 and depth = 22
[LightGBM] [Info] 44.985437 seconds elapsed, finished iteration 487
[LightGBM] [Warning] No further splits with positive gain, best gain: -inf
[LightGBM] [Debug] Trained a tree with leaves = 42 and depth = 21
[LightGBM] [Info] 45.072068 seconds elapsed, finished iteration 488
[LightGBM] [Warning] No further splits with positive gain, best gain: -inf
[LightGBM] [Debug] Trained a tree with leaves = 42 and depth = 24
[LightGBM] [Info] 45.159748 seconds elapsed, finished iteration 489
[LightGBM] [Warning] No further splits with positive gain, best gain: -inf
[LightGBM] [Debug] Trained a tree with leaves = 40 and depth = 23
[LightGBM] [Info] 45.243960 seconds elapsed, finished iteration 490
[LightGBM] [Warning] No further splits with positive gain, best gain: -inf
[LightGBM] [Debug] Trained a tree with leaves = 42 and depth = 15
[LightGBM] [Info] 45.333286 seconds elapsed, finished iteration 491
[LightGBM] [Warning] No further splits with positive gain, best gain: -inf
[LightGBM] [Debug] Trained a tree with leaves = 41 and depth = 21
[LightGBM] [Info] 45.421449 seconds elapsed, finished iteration 492
[LightGBM] [Warning] No further splits with positive gain, best gain: -inf
[LightGBM] [Debug] Trained a tree with leaves = 44 and depth = 27
[LightGBM] [Info] 45.505134 seconds elapsed, finished iteration 493
[LightGBM] [Warning] No further splits with positive gain, best gain: -inf
[LightGBM] [Debug] Trained a tree with leaves = 41 and depth = 19
[LightGBM] [Info] 45.591476 seconds elapsed, finished iteration 494
[LightGBM] [Warning] No further splits with positive gain, best gain: -inf
[LightGBM] [Debug] Trained a tree with leaves = 42 and depth = 22
[LightGBM] [Info] 45.677340 seconds elapsed, finished iteration 495
[LightGBM] [Warning] No further splits with positive gain, best gain: -inf
[LightGBM] [Debug] Trained a tree with leaves = 41 and depth = 24
[LightGBM] [Info] 45.763912 seconds elapsed, finished iteration 496
[LightGBM] [Warning] No further splits with positive gain, best gain: -inf
[LightGBM] [Debug] Trained a tree with leaves = 42 and depth = 20
[LightGBM] [Info] 45.853368 seconds elapsed, finished iteration 497
[LightGBM] [Warning] No further splits with positive gain, best gain: -inf
[LightGBM] [Debug] Trained a tree with leaves = 44 and depth = 18
[LightGBM] [Info] 45.950594 seconds elapsed, finished iteration 498
[LightGBM] [Warning] No further splits with positive gain, best gain: -inf
[LightGBM] [Debug] Trained a tree with leaves = 41 and depth = 24
[LightGBM] [Info] 46.039302 seconds elapsed, finished iteration 499
[LightGBM] [Warning] No further splits with positive gain, best gain: -inf
[LightGBM] [Debug] Trained a tree with leaves = 43 and depth = 19
[LightGBM] [Info] 46.135081 seconds elapsed, finished iteration 500
[LightGBM] [Info] Finished training
[LightGBM] [Info] DataPartition::Split costs:	 2.458350
[LightGBM] [Info] Dataset::ConstructHistogramsMultiVal costs:	 12.903018
[LightGBM] [Info] Dataset::FastFeatureBundling costs:	 2.248277
[LightGBM] [Info] Dataset::GetMultiBinFromSparseFeatures costs:	 0.391355
[LightGBM] [Info] Dataset::InitTrain costs:	 0.013529
[LightGBM] [Info] Dataset::PushDataToMultiValBin costs:	 0.331433
[LightGBM] [Info] Dataset::TestMultiThreadingMethod costs:	 0.391418
[LightGBM] [Info] Dataset::dense_bin_histogram costs:	 26.637323
[LightGBM] [Info] Dataset::sparse_bin_histogram costs:	 10.770511
[LightGBM] [Info] Dataset::sparse_bin_histogram_merge costs:	 2.089529
[LightGBM] [Info] Dataset::sparse_bin_histogram_move costs:	 0.002712
[LightGBM] [Info] GBDT::Bagging costs:	 0.000133
[LightGBM] [Info] GBDT::BoostFromAverage costs:	 0.004001
[LightGBM] [Info] GBDT::Boosting costs:	 0.837244
[LightGBM] [Info] GBDT::Train costs:	 46.135097
[LightGBM] [Info] GBDT::TrainOneIter costs:	 46.123400
[LightGBM] [Info] GBDT::UpdateScore costs:	 0.530153
[LightGBM] [Info] MultiValSparseBin::MergeData costs:	 0.029682
[LightGBM] [Info] ScoreUpdater::AddScore costs:	 0.529194
[LightGBM] [Info] SerialTreeLearner::BeforeFindBestSplit costs:	 0.008422
[LightGBM] [Info] SerialTreeLearner::BeforeTrain costs:	 0.124519
[LightGBM] [Info] SerialTreeLearner::ConstructHistograms costs:	 39.635921
[LightGBM] [Info] SerialTreeLearner::FindBestSplitsFromHistograms costs:	 1.675712
[LightGBM] [Info] SerialTreeLearner::RenewIntGradTreeOutput costs:	 0.253532
[LightGBM] [Info] SerialTreeLearner::SplitInner costs:	 2.503795
[LightGBM] [Info] SerialTreeLearner::Train costs:	 44.741820
