[LightGBM] [Warning] use_discretized_grad is set=true, use_discretized_grad=true will be ignored. Current value: use_discretized_grad=true
[LightGBM] [Warning] discretized_grad_renew is set=true, discretized_grad_renew=true will be ignored. Current value: discretized_grad_renew=true
[LightGBM] [Info] Finished loading parameters
[LightGBM] [Debug] Loading train file...
[LightGBM] [Debug] Read 10.0 GBs from /data/shiyu/boosting_tree_benchmarks/data//criteo.train.
[LightGBM] [Debug] Read 20.0 GBs from /data/shiyu/boosting_tree_benchmarks/data//criteo.train.
[LightGBM] [Debug] Read 30.0 GBs from /data/shiyu/boosting_tree_benchmarks/data//criteo.train.
[LightGBM] [Info] Construct bin mappers from text data time 3.57 seconds
[LightGBM] [Debug] Loading validation file #1...
[LightGBM] [Info] Finished loading data in 117.305841 seconds
[LightGBM] [Info] Number of positive: 10556897, number of negative: 30699658
[LightGBM] [Debug] Dataset::GetMultiBinFromAllFeatures: sparse rate 0.061871
[LightGBM] [Info] Total Bins 11409
[LightGBM] [Info] Number of data points in the train set: 41256555, number of used features: 65
[LightGBM] [Debug] Number of data points in validation set #1: 4584061
[LightGBM] [Info] Finished initializing training
[LightGBM] [Info] Started training...
[LightGBM] [Info] [binary:BoostFromScore]: pavg=0.255884 -> initscore=-1.067472
[LightGBM] [Info] Start training from score -1.067472
[LightGBM] [Debug] Trained a tree with leaves = 255 and depth = 13
[LightGBM] [Info] Iteration:1, valid_1 auc : 0.758199
[LightGBM] [Info] 3.161503 seconds elapsed, finished iteration 1
[LightGBM] [Debug] Trained a tree with leaves = 255 and depth = 12
[LightGBM] [Info] Iteration:2, valid_1 auc : 0.763587
[LightGBM] [Info] 6.815684 seconds elapsed, finished iteration 2
[LightGBM] [Debug] Trained a tree with leaves = 255 and depth = 14
[LightGBM] [Info] Iteration:3, valid_1 auc : 0.7656
[LightGBM] [Info] 10.155842 seconds elapsed, finished iteration 3
[LightGBM] [Debug] Trained a tree with leaves = 255 and depth = 13
[LightGBM] [Info] Iteration:4, valid_1 auc : 0.766822
[LightGBM] [Info] 13.637169 seconds elapsed, finished iteration 4
[LightGBM] [Debug] Trained a tree with leaves = 255 and depth = 13
[LightGBM] [Info] Iteration:5, valid_1 auc : 0.767912
[LightGBM] [Info] 17.082622 seconds elapsed, finished iteration 5
[LightGBM] [Debug] Trained a tree with leaves = 255 and depth = 14
[LightGBM] [Info] Iteration:6, valid_1 auc : 0.76909
[LightGBM] [Info] 20.652099 seconds elapsed, finished iteration 6
[LightGBM] [Debug] Trained a tree with leaves = 255 and depth = 14
[LightGBM] [Info] Iteration:7, valid_1 auc : 0.769925
[LightGBM] [Info] 24.168646 seconds elapsed, finished iteration 7
[LightGBM] [Debug] Trained a tree with leaves = 255 and depth = 14
[LightGBM] [Info] Iteration:8, valid_1 auc : 0.770797
[LightGBM] [Info] 27.836456 seconds elapsed, finished iteration 8
[LightGBM] [Debug] Trained a tree with leaves = 255 and depth = 14
[LightGBM] [Info] Iteration:9, valid_1 auc : 0.771616
[LightGBM] [Info] 31.500905 seconds elapsed, finished iteration 9
[LightGBM] [Debug] Trained a tree with leaves = 255 and depth = 13
[LightGBM] [Info] Iteration:10, valid_1 auc : 0.77234
[LightGBM] [Info] 34.912006 seconds elapsed, finished iteration 10
[LightGBM] [Debug] Trained a tree with leaves = 255 and depth = 14
[LightGBM] [Info] Iteration:11, valid_1 auc : 0.773059
[LightGBM] [Info] 38.504121 seconds elapsed, finished iteration 11
[LightGBM] [Debug] Trained a tree with leaves = 255 and depth = 14
[LightGBM] [Info] Iteration:12, valid_1 auc : 0.773713
[LightGBM] [Info] 42.168226 seconds elapsed, finished iteration 12
[LightGBM] [Debug] Trained a tree with leaves = 255 and depth = 14
[LightGBM] [Info] Iteration:13, valid_1 auc : 0.774401
[LightGBM] [Info] 45.849875 seconds elapsed, finished iteration 13
[LightGBM] [Debug] Trained a tree with leaves = 255 and depth = 15
[LightGBM] [Info] Iteration:14, valid_1 auc : 0.774956
[LightGBM] [Info] 49.313090 seconds elapsed, finished iteration 14
[LightGBM] [Debug] Trained a tree with leaves = 255 and depth = 16
[LightGBM] [Info] Iteration:15, valid_1 auc : 0.775524
[LightGBM] [Info] 52.496424 seconds elapsed, finished iteration 15
[LightGBM] [Debug] Trained a tree with leaves = 255 and depth = 14
[LightGBM] [Info] Iteration:16, valid_1 auc : 0.776168
[LightGBM] [Info] 55.443627 seconds elapsed, finished iteration 16
[LightGBM] [Debug] Trained a tree with leaves = 255 and depth = 15
[LightGBM] [Info] Iteration:17, valid_1 auc : 0.776667
[LightGBM] [Info] 58.588333 seconds elapsed, finished iteration 17
[LightGBM] [Debug] Trained a tree with leaves = 255 and depth = 15
[LightGBM] [Info] Iteration:18, valid_1 auc : 0.777207
[LightGBM] [Info] 62.282085 seconds elapsed, finished iteration 18
[LightGBM] [Debug] Trained a tree with leaves = 255 and depth = 15
[LightGBM] [Info] Iteration:19, valid_1 auc : 0.777746
[LightGBM] [Info] 65.675619 seconds elapsed, finished iteration 19
[LightGBM] [Debug] Trained a tree with leaves = 255 and depth = 15
[LightGBM] [Info] Iteration:20, valid_1 auc : 0.778308
[LightGBM] [Info] 68.920057 seconds elapsed, finished iteration 20
[LightGBM] [Debug] Trained a tree with leaves = 255 and depth = 17
[LightGBM] [Info] Iteration:21, valid_1 auc : 0.77885
[LightGBM] [Info] 71.974981 seconds elapsed, finished iteration 21
[LightGBM] [Debug] Trained a tree with leaves = 255 and depth = 16
[LightGBM] [Info] Iteration:22, valid_1 auc : 0.779309
[LightGBM] [Info] 74.972186 seconds elapsed, finished iteration 22
[LightGBM] [Debug] Trained a tree with leaves = 255 and depth = 16
[LightGBM] [Info] Iteration:23, valid_1 auc : 0.779794
[LightGBM] [Info] 78.434093 seconds elapsed, finished iteration 23
[LightGBM] [Debug] Trained a tree with leaves = 255 and depth = 16
[LightGBM] [Info] Iteration:24, valid_1 auc : 0.780217
[LightGBM] [Info] 81.341370 seconds elapsed, finished iteration 24
[LightGBM] [Debug] Trained a tree with leaves = 255 and depth = 15
[LightGBM] [Info] Iteration:25, valid_1 auc : 0.780685
[LightGBM] [Info] 84.870102 seconds elapsed, finished iteration 25
[LightGBM] [Debug] Trained a tree with leaves = 255 and depth = 15
[LightGBM] [Info] Iteration:26, valid_1 auc : 0.781157
[LightGBM] [Info] 88.182851 seconds elapsed, finished iteration 26
[LightGBM] [Debug] Trained a tree with leaves = 255 and depth = 20
[LightGBM] [Info] Iteration:27, valid_1 auc : 0.781541
[LightGBM] [Info] 91.404490 seconds elapsed, finished iteration 27
[LightGBM] [Debug] Trained a tree with leaves = 255 and depth = 17
[LightGBM] [Info] Iteration:28, valid_1 auc : 0.781929
[LightGBM] [Info] 94.527984 seconds elapsed, finished iteration 28
[LightGBM] [Debug] Trained a tree with leaves = 255 and depth = 20
[LightGBM] [Info] Iteration:29, valid_1 auc : 0.782397
[LightGBM] [Info] 97.458030 seconds elapsed, finished iteration 29
[LightGBM] [Debug] Trained a tree with leaves = 255 and depth = 22
[LightGBM] [Info] Iteration:30, valid_1 auc : 0.782795
[LightGBM] [Info] 100.516210 seconds elapsed, finished iteration 30
[LightGBM] [Debug] Trained a tree with leaves = 255 and depth = 21
[LightGBM] [Info] Iteration:31, valid_1 auc : 0.783156
[LightGBM] [Info] 103.796974 seconds elapsed, finished iteration 31
[LightGBM] [Debug] Trained a tree with leaves = 255 and depth = 21
[LightGBM] [Info] Iteration:32, valid_1 auc : 0.783517
[LightGBM] [Info] 107.193986 seconds elapsed, finished iteration 32
[LightGBM] [Debug] Trained a tree with leaves = 255 and depth = 17
[LightGBM] [Info] Iteration:33, valid_1 auc : 0.783943
[LightGBM] [Info] 110.414246 seconds elapsed, finished iteration 33
[LightGBM] [Debug] Trained a tree with leaves = 255 and depth = 19
[LightGBM] [Info] Iteration:34, valid_1 auc : 0.784314
[LightGBM] [Info] 113.563883 seconds elapsed, finished iteration 34
[LightGBM] [Debug] Trained a tree with leaves = 255 and depth = 19
[LightGBM] [Info] Iteration:35, valid_1 auc : 0.784623
[LightGBM] [Info] 116.977020 seconds elapsed, finished iteration 35
[LightGBM] [Debug] Trained a tree with leaves = 255 and depth = 19
[LightGBM] [Info] Iteration:36, valid_1 auc : 0.784918
[LightGBM] [Info] 119.880978 seconds elapsed, finished iteration 36
[LightGBM] [Debug] Trained a tree with leaves = 255 and depth = 19
[LightGBM] [Info] Iteration:37, valid_1 auc : 0.785164
[LightGBM] [Info] 123.021854 seconds elapsed, finished iteration 37
[LightGBM] [Debug] Trained a tree with leaves = 255 and depth = 23
[LightGBM] [Info] Iteration:38, valid_1 auc : 0.78547
[LightGBM] [Info] 126.274978 seconds elapsed, finished iteration 38
[LightGBM] [Debug] Trained a tree with leaves = 255 and depth = 22
[LightGBM] [Info] Iteration:39, valid_1 auc : 0.78579
[LightGBM] [Info] 129.509835 seconds elapsed, finished iteration 39
[LightGBM] [Debug] Trained a tree with leaves = 255 and depth = 20
[LightGBM] [Info] Iteration:40, valid_1 auc : 0.786084
[LightGBM] [Info] 132.845228 seconds elapsed, finished iteration 40
[LightGBM] [Debug] Trained a tree with leaves = 255 and depth = 23
[LightGBM] [Info] Iteration:41, valid_1 auc : 0.786307
[LightGBM] [Info] 135.940021 seconds elapsed, finished iteration 41
[LightGBM] [Debug] Trained a tree with leaves = 255 and depth = 23
[LightGBM] [Info] Iteration:42, valid_1 auc : 0.786684
[LightGBM] [Info] 139.423792 seconds elapsed, finished iteration 42
[LightGBM] [Debug] Trained a tree with leaves = 255 and depth = 21
[LightGBM] [Info] Iteration:43, valid_1 auc : 0.787007
[LightGBM] [Info] 142.837121 seconds elapsed, finished iteration 43
[LightGBM] [Debug] Trained a tree with leaves = 255 and depth = 22
[LightGBM] [Info] Iteration:44, valid_1 auc : 0.787303
[LightGBM] [Info] 145.951839 seconds elapsed, finished iteration 44
[LightGBM] [Debug] Trained a tree with leaves = 255 and depth = 18
[LightGBM] [Info] Iteration:45, valid_1 auc : 0.787502
[LightGBM] [Info] 148.921556 seconds elapsed, finished iteration 45
[LightGBM] [Debug] Trained a tree with leaves = 255 and depth = 18
[LightGBM] [Info] Iteration:46, valid_1 auc : 0.78776
[LightGBM] [Info] 151.901657 seconds elapsed, finished iteration 46
[LightGBM] [Debug] Trained a tree with leaves = 255 and depth = 18
[LightGBM] [Info] Iteration:47, valid_1 auc : 0.787958
[LightGBM] [Info] 154.949010 seconds elapsed, finished iteration 47
[LightGBM] [Debug] Trained a tree with leaves = 255 and depth = 15
[LightGBM] [Info] Iteration:48, valid_1 auc : 0.788137
[LightGBM] [Info] 158.083450 seconds elapsed, finished iteration 48
[LightGBM] [Debug] Trained a tree with leaves = 255 and depth = 20
[LightGBM] [Info] Iteration:49, valid_1 auc : 0.788376
[LightGBM] [Info] 161.360577 seconds elapsed, finished iteration 49
[LightGBM] [Debug] Trained a tree with leaves = 255 and depth = 24
[LightGBM] [Info] Iteration:50, valid_1 auc : 0.788568
[LightGBM] [Info] 164.698573 seconds elapsed, finished iteration 50
[LightGBM] [Debug] Trained a tree with leaves = 255 and depth = 19
[LightGBM] [Info] Iteration:51, valid_1 auc : 0.788771
[LightGBM] [Info] 167.520452 seconds elapsed, finished iteration 51
[LightGBM] [Debug] Trained a tree with leaves = 255 and depth = 16
[LightGBM] [Info] Iteration:52, valid_1 auc : 0.788929
[LightGBM] [Info] 170.735903 seconds elapsed, finished iteration 52
[LightGBM] [Debug] Trained a tree with leaves = 255 and depth = 18
[LightGBM] [Info] Iteration:53, valid_1 auc : 0.789142
[LightGBM] [Info] 173.937137 seconds elapsed, finished iteration 53
[LightGBM] [Debug] Trained a tree with leaves = 255 and depth = 20
[LightGBM] [Info] Iteration:54, valid_1 auc : 0.789357
[LightGBM] [Info] 177.026504 seconds elapsed, finished iteration 54
[LightGBM] [Debug] Trained a tree with leaves = 255 and depth = 24
[LightGBM] [Info] Iteration:55, valid_1 auc : 0.789645
[LightGBM] [Info] 179.919465 seconds elapsed, finished iteration 55
[LightGBM] [Debug] Trained a tree with leaves = 255 and depth = 21
[LightGBM] [Info] Iteration:56, valid_1 auc : 0.789799
[LightGBM] [Info] 182.991096 seconds elapsed, finished iteration 56
[LightGBM] [Debug] Trained a tree with leaves = 255 and depth = 22
[LightGBM] [Info] Iteration:57, valid_1 auc : 0.789955
[LightGBM] [Info] 186.345495 seconds elapsed, finished iteration 57
[LightGBM] [Debug] Trained a tree with leaves = 255 and depth = 19
[LightGBM] [Info] Iteration:58, valid_1 auc : 0.790148
[LightGBM] [Info] 189.751943 seconds elapsed, finished iteration 58
[LightGBM] [Debug] Trained a tree with leaves = 255 and depth = 18
[LightGBM] [Info] Iteration:59, valid_1 auc : 0.790329
[LightGBM] [Info] 193.129351 seconds elapsed, finished iteration 59
[LightGBM] [Debug] Trained a tree with leaves = 255 and depth = 16
[LightGBM] [Info] Iteration:60, valid_1 auc : 0.790454
[LightGBM] [Info] 196.142937 seconds elapsed, finished iteration 60
[LightGBM] [Debug] Trained a tree with leaves = 255 and depth = 27
[LightGBM] [Info] Iteration:61, valid_1 auc : 0.790676
[LightGBM] [Info] 199.064399 seconds elapsed, finished iteration 61
[LightGBM] [Debug] Trained a tree with leaves = 255 and depth = 18
[LightGBM] [Info] Iteration:62, valid_1 auc : 0.790822
[LightGBM] [Info] 201.977093 seconds elapsed, finished iteration 62
[LightGBM] [Debug] Trained a tree with leaves = 255 and depth = 20
[LightGBM] [Info] Iteration:63, valid_1 auc : 0.790962
[LightGBM] [Info] 205.126971 seconds elapsed, finished iteration 63
[LightGBM] [Debug] Trained a tree with leaves = 255 and depth = 23
[LightGBM] [Info] Iteration:64, valid_1 auc : 0.791093
[LightGBM] [Info] 208.463598 seconds elapsed, finished iteration 64
[LightGBM] [Debug] Trained a tree with leaves = 255 and depth = 22
[LightGBM] [Info] Iteration:65, valid_1 auc : 0.791264
[LightGBM] [Info] 211.665012 seconds elapsed, finished iteration 65
[LightGBM] [Debug] Trained a tree with leaves = 255 and depth = 26
[LightGBM] [Info] Iteration:66, valid_1 auc : 0.791402
[LightGBM] [Info] 214.945907 seconds elapsed, finished iteration 66
[LightGBM] [Debug] Trained a tree with leaves = 255 and depth = 16
[LightGBM] [Info] Iteration:67, valid_1 auc : 0.791518
[LightGBM] [Info] 218.298157 seconds elapsed, finished iteration 67
[LightGBM] [Debug] Trained a tree with leaves = 255 and depth = 22
[LightGBM] [Info] Iteration:68, valid_1 auc : 0.791703
[LightGBM] [Info] 221.051353 seconds elapsed, finished iteration 68
[LightGBM] [Debug] Trained a tree with leaves = 255 and depth = 18
[LightGBM] [Info] Iteration:69, valid_1 auc : 0.791817
[LightGBM] [Info] 224.140515 seconds elapsed, finished iteration 69
[LightGBM] [Debug] Trained a tree with leaves = 255 and depth = 19
[LightGBM] [Info] Iteration:70, valid_1 auc : 0.791948
[LightGBM] [Info] 227.039896 seconds elapsed, finished iteration 70
[LightGBM] [Debug] Trained a tree with leaves = 255 and depth = 24
[LightGBM] [Info] Iteration:71, valid_1 auc : 0.792074
[LightGBM] [Info] 230.468475 seconds elapsed, finished iteration 71
[LightGBM] [Debug] Trained a tree with leaves = 255 and depth = 28
[LightGBM] [Info] Iteration:72, valid_1 auc : 0.792239
[LightGBM] [Info] 233.873372 seconds elapsed, finished iteration 72
[LightGBM] [Debug] Trained a tree with leaves = 255 and depth = 18
[LightGBM] [Info] Iteration:73, valid_1 auc : 0.792368
[LightGBM] [Info] 237.024187 seconds elapsed, finished iteration 73
[LightGBM] [Debug] Trained a tree with leaves = 255 and depth = 29
[LightGBM] [Info] Iteration:74, valid_1 auc : 0.792485
[LightGBM] [Info] 240.354572 seconds elapsed, finished iteration 74
[LightGBM] [Debug] Trained a tree with leaves = 255 and depth = 21
[LightGBM] [Info] Iteration:75, valid_1 auc : 0.792595
[LightGBM] [Info] 243.357949 seconds elapsed, finished iteration 75
[LightGBM] [Debug] Trained a tree with leaves = 255 and depth = 26
[LightGBM] [Info] Iteration:76, valid_1 auc : 0.7927
[LightGBM] [Info] 246.536937 seconds elapsed, finished iteration 76
[LightGBM] [Debug] Trained a tree with leaves = 255 and depth = 16
[LightGBM] [Info] Iteration:77, valid_1 auc : 0.792805
[LightGBM] [Info] 250.228946 seconds elapsed, finished iteration 77
[LightGBM] [Debug] Trained a tree with leaves = 255 and depth = 23
[LightGBM] [Info] Iteration:78, valid_1 auc : 0.79296
[LightGBM] [Info] 253.373199 seconds elapsed, finished iteration 78
[LightGBM] [Debug] Trained a tree with leaves = 255 and depth = 16
[LightGBM] [Info] Iteration:79, valid_1 auc : 0.793054
[LightGBM] [Info] 256.774367 seconds elapsed, finished iteration 79
[LightGBM] [Debug] Trained a tree with leaves = 255 and depth = 21
[LightGBM] [Info] Iteration:80, valid_1 auc : 0.793151
[LightGBM] [Info] 259.922930 seconds elapsed, finished iteration 80
[LightGBM] [Debug] Trained a tree with leaves = 255 and depth = 28
[LightGBM] [Info] Iteration:81, valid_1 auc : 0.793239
[LightGBM] [Info] 263.033215 seconds elapsed, finished iteration 81
[LightGBM] [Debug] Trained a tree with leaves = 255 and depth = 17
[LightGBM] [Info] Iteration:82, valid_1 auc : 0.793346
[LightGBM] [Info] 265.919412 seconds elapsed, finished iteration 82
[LightGBM] [Debug] Trained a tree with leaves = 255 and depth = 26
[LightGBM] [Info] Iteration:83, valid_1 auc : 0.793442
[LightGBM] [Info] 269.255795 seconds elapsed, finished iteration 83
[LightGBM] [Debug] Trained a tree with leaves = 255 and depth = 32
[LightGBM] [Info] Iteration:84, valid_1 auc : 0.79355
[LightGBM] [Info] 272.168449 seconds elapsed, finished iteration 84
[LightGBM] [Debug] Trained a tree with leaves = 255 and depth = 23
[LightGBM] [Info] Iteration:85, valid_1 auc : 0.793641
[LightGBM] [Info] 275.916965 seconds elapsed, finished iteration 85
[LightGBM] [Debug] Trained a tree with leaves = 255 and depth = 26
[LightGBM] [Info] Iteration:86, valid_1 auc : 0.793765
[LightGBM] [Info] 279.116019 seconds elapsed, finished iteration 86
[LightGBM] [Debug] Trained a tree with leaves = 255 and depth = 21
[LightGBM] [Info] Iteration:87, valid_1 auc : 0.793865
[LightGBM] [Info] 282.299567 seconds elapsed, finished iteration 87
[LightGBM] [Debug] Trained a tree with leaves = 255 and depth = 20
[LightGBM] [Info] Iteration:88, valid_1 auc : 0.793942
[LightGBM] [Info] 285.189197 seconds elapsed, finished iteration 88
[LightGBM] [Debug] Trained a tree with leaves = 255 and depth = 22
[LightGBM] [Info] Iteration:89, valid_1 auc : 0.794061
[LightGBM] [Info] 288.026037 seconds elapsed, finished iteration 89
[LightGBM] [Debug] Trained a tree with leaves = 255 and depth = 25
[LightGBM] [Info] Iteration:90, valid_1 auc : 0.794181
[LightGBM] [Info] 291.069465 seconds elapsed, finished iteration 90
[LightGBM] [Debug] Trained a tree with leaves = 255 and depth = 21
[LightGBM] [Info] Iteration:91, valid_1 auc : 0.794254
[LightGBM] [Info] 294.372368 seconds elapsed, finished iteration 91
[LightGBM] [Debug] Trained a tree with leaves = 255 and depth = 23
[LightGBM] [Info] Iteration:92, valid_1 auc : 0.794344
[LightGBM] [Info] 297.521487 seconds elapsed, finished iteration 92
[LightGBM] [Debug] Trained a tree with leaves = 255 and depth = 17
[LightGBM] [Info] Iteration:93, valid_1 auc : 0.794436
[LightGBM] [Info] 300.729939 seconds elapsed, finished iteration 93
[LightGBM] [Debug] Trained a tree with leaves = 255 and depth = 22
[LightGBM] [Info] Iteration:94, valid_1 auc : 0.794501
[LightGBM] [Info] 303.393844 seconds elapsed, finished iteration 94
[LightGBM] [Debug] Trained a tree with leaves = 255 and depth = 19
[LightGBM] [Info] Iteration:95, valid_1 auc : 0.794575
[LightGBM] [Info] 306.470336 seconds elapsed, finished iteration 95
[LightGBM] [Debug] Trained a tree with leaves = 255 and depth = 24
[LightGBM] [Info] Iteration:96, valid_1 auc : 0.794656
[LightGBM] [Info] 309.294300 seconds elapsed, finished iteration 96
[LightGBM] [Debug] Trained a tree with leaves = 255 and depth = 27
[LightGBM] [Info] Iteration:97, valid_1 auc : 0.79472
[LightGBM] [Info] 312.713066 seconds elapsed, finished iteration 97
[LightGBM] [Debug] Trained a tree with leaves = 255 and depth = 27
[LightGBM] [Info] Iteration:98, valid_1 auc : 0.794811
[LightGBM] [Info] 316.402001 seconds elapsed, finished iteration 98
[LightGBM] [Debug] Trained a tree with leaves = 255 and depth = 29
[LightGBM] [Info] Iteration:99, valid_1 auc : 0.79489
[LightGBM] [Info] 319.886947 seconds elapsed, finished iteration 99
[LightGBM] [Debug] Trained a tree with leaves = 255 and depth = 21
[LightGBM] [Info] Iteration:100, valid_1 auc : 0.794992
[LightGBM] [Info] 322.629219 seconds elapsed, finished iteration 100
[LightGBM] [Debug] Trained a tree with leaves = 255 and depth = 26
[LightGBM] [Info] Iteration:101, valid_1 auc : 0.795056
[LightGBM] [Info] 325.318183 seconds elapsed, finished iteration 101
[LightGBM] [Debug] Trained a tree with leaves = 255 and depth = 24
[LightGBM] [Info] Iteration:102, valid_1 auc : 0.795132
[LightGBM] [Info] 328.664152 seconds elapsed, finished iteration 102
[LightGBM] [Debug] Trained a tree with leaves = 255 and depth = 23
[LightGBM] [Info] Iteration:103, valid_1 auc : 0.79522
[LightGBM] [Info] 331.857388 seconds elapsed, finished iteration 103
[LightGBM] [Debug] Trained a tree with leaves = 255 and depth = 23
[LightGBM] [Info] Iteration:104, valid_1 auc : 0.795289
[LightGBM] [Info] 335.009832 seconds elapsed, finished iteration 104
[LightGBM] [Debug] Trained a tree with leaves = 255 and depth = 25
[LightGBM] [Info] Iteration:105, valid_1 auc : 0.795349
[LightGBM] [Info] 337.632864 seconds elapsed, finished iteration 105
[LightGBM] [Debug] Trained a tree with leaves = 255 and depth = 22
[LightGBM] [Info] Iteration:106, valid_1 auc : 0.795393
[LightGBM] [Info] 340.787672 seconds elapsed, finished iteration 106
[LightGBM] [Debug] Trained a tree with leaves = 255 and depth = 19
[LightGBM] [Info] Iteration:107, valid_1 auc : 0.795469
[LightGBM] [Info] 343.746895 seconds elapsed, finished iteration 107
[LightGBM] [Debug] Trained a tree with leaves = 255 and depth = 23
[LightGBM] [Info] Iteration:108, valid_1 auc : 0.795525
[LightGBM] [Info] 346.684151 seconds elapsed, finished iteration 108
[LightGBM] [Debug] Trained a tree with leaves = 255 and depth = 24
[LightGBM] [Info] Iteration:109, valid_1 auc : 0.795571
[LightGBM] [Info] 350.233772 seconds elapsed, finished iteration 109
[LightGBM] [Debug] Trained a tree with leaves = 255 and depth = 24
[LightGBM] [Info] Iteration:110, valid_1 auc : 0.795662
[LightGBM] [Info] 353.756231 seconds elapsed, finished iteration 110
[LightGBM] [Debug] Trained a tree with leaves = 255 and depth = 21
[LightGBM] [Info] Iteration:111, valid_1 auc : 0.795715
[LightGBM] [Info] 356.594431 seconds elapsed, finished iteration 111
[LightGBM] [Debug] Trained a tree with leaves = 255 and depth = 19
[LightGBM] [Info] Iteration:112, valid_1 auc : 0.795798
[LightGBM] [Info] 359.410869 seconds elapsed, finished iteration 112
[LightGBM] [Debug] Trained a tree with leaves = 255 and depth = 27
[LightGBM] [Info] Iteration:113, valid_1 auc : 0.795865
[LightGBM] [Info] 362.539380 seconds elapsed, finished iteration 113
[LightGBM] [Debug] Trained a tree with leaves = 255 and depth = 26
[LightGBM] [Info] Iteration:114, valid_1 auc : 0.795908
[LightGBM] [Info] 365.817234 seconds elapsed, finished iteration 114
[LightGBM] [Debug] Trained a tree with leaves = 255 and depth = 23
[LightGBM] [Info] Iteration:115, valid_1 auc : 0.795964
[LightGBM] [Info] 369.029538 seconds elapsed, finished iteration 115
[LightGBM] [Debug] Trained a tree with leaves = 255 and depth = 21
[LightGBM] [Info] Iteration:116, valid_1 auc : 0.79603
[LightGBM] [Info] 372.265012 seconds elapsed, finished iteration 116
[LightGBM] [Debug] Trained a tree with leaves = 255 and depth = 17
[LightGBM] [Info] Iteration:117, valid_1 auc : 0.796096
[LightGBM] [Info] 375.017703 seconds elapsed, finished iteration 117
[LightGBM] [Debug] Trained a tree with leaves = 255 and depth = 19
[LightGBM] [Info] Iteration:118, valid_1 auc : 0.796142
[LightGBM] [Info] 378.142418 seconds elapsed, finished iteration 118
[LightGBM] [Debug] Trained a tree with leaves = 255 and depth = 21
[LightGBM] [Info] Iteration:119, valid_1 auc : 0.796187
[LightGBM] [Info] 381.163221 seconds elapsed, finished iteration 119
[LightGBM] [Debug] Trained a tree with leaves = 255 and depth = 34
[LightGBM] [Info] Iteration:120, valid_1 auc : 0.796257
[LightGBM] [Info] 384.431684 seconds elapsed, finished iteration 120
[LightGBM] [Debug] Trained a tree with leaves = 255 and depth = 26
[LightGBM] [Info] Iteration:121, valid_1 auc : 0.796317
[LightGBM] [Info] 387.993605 seconds elapsed, finished iteration 121
[LightGBM] [Debug] Trained a tree with leaves = 255 and depth = 22
[LightGBM] [Info] Iteration:122, valid_1 auc : 0.796357
[LightGBM] [Info] 391.269410 seconds elapsed, finished iteration 122
[LightGBM] [Debug] Trained a tree with leaves = 255 and depth = 29
[LightGBM] [Info] Iteration:123, valid_1 auc : 0.796374
[LightGBM] [Info] 394.108922 seconds elapsed, finished iteration 123
[LightGBM] [Debug] Trained a tree with leaves = 255 and depth = 29
[LightGBM] [Info] Iteration:124, valid_1 auc : 0.79642
[LightGBM] [Info] 397.270416 seconds elapsed, finished iteration 124
[LightGBM] [Debug] Trained a tree with leaves = 255 and depth = 24
[LightGBM] [Info] Iteration:125, valid_1 auc : 0.796491
[LightGBM] [Info] 400.514378 seconds elapsed, finished iteration 125
[LightGBM] [Debug] Trained a tree with leaves = 255 and depth = 36
[LightGBM] [Info] Iteration:126, valid_1 auc : 0.796542
[LightGBM] [Info] 403.780212 seconds elapsed, finished iteration 126
[LightGBM] [Debug] Trained a tree with leaves = 255 and depth = 23
[LightGBM] [Info] Iteration:127, valid_1 auc : 0.796589
[LightGBM] [Info] 406.580999 seconds elapsed, finished iteration 127
[LightGBM] [Debug] Trained a tree with leaves = 255 and depth = 25
[LightGBM] [Info] Iteration:128, valid_1 auc : 0.79663
[LightGBM] [Info] 409.659797 seconds elapsed, finished iteration 128
[LightGBM] [Debug] Trained a tree with leaves = 255 and depth = 26
[LightGBM] [Info] Iteration:129, valid_1 auc : 0.796674
[LightGBM] [Info] 412.919880 seconds elapsed, finished iteration 129
[LightGBM] [Debug] Trained a tree with leaves = 255 and depth = 18
[LightGBM] [Info] Iteration:130, valid_1 auc : 0.796752
[LightGBM] [Info] 416.319913 seconds elapsed, finished iteration 130
[LightGBM] [Debug] Trained a tree with leaves = 255 and depth = 23
[LightGBM] [Info] Iteration:131, valid_1 auc : 0.796805
[LightGBM] [Info] 419.483304 seconds elapsed, finished iteration 131
[LightGBM] [Debug] Trained a tree with leaves = 255 and depth = 26
[LightGBM] [Info] Iteration:132, valid_1 auc : 0.796841
[LightGBM] [Info] 422.852001 seconds elapsed, finished iteration 132
[LightGBM] [Debug] Trained a tree with leaves = 255 and depth = 26
[LightGBM] [Info] Iteration:133, valid_1 auc : 0.796919
[LightGBM] [Info] 425.656648 seconds elapsed, finished iteration 133
[LightGBM] [Debug] Trained a tree with leaves = 255 and depth = 22
[LightGBM] [Info] Iteration:134, valid_1 auc : 0.796987
[LightGBM] [Info] 428.624787 seconds elapsed, finished iteration 134
[LightGBM] [Debug] Trained a tree with leaves = 255 and depth = 28
[LightGBM] [Info] Iteration:135, valid_1 auc : 0.797024
[LightGBM] [Info] 432.012902 seconds elapsed, finished iteration 135
[LightGBM] [Debug] Trained a tree with leaves = 255 and depth = 21
[LightGBM] [Info] Iteration:136, valid_1 auc : 0.797077
[LightGBM] [Info] 435.339943 seconds elapsed, finished iteration 136
[LightGBM] [Debug] Trained a tree with leaves = 255 and depth = 19
[LightGBM] [Info] Iteration:137, valid_1 auc : 0.797121
[LightGBM] [Info] 438.470963 seconds elapsed, finished iteration 137
[LightGBM] [Debug] Trained a tree with leaves = 255 and depth = 26
[LightGBM] [Info] Iteration:138, valid_1 auc : 0.797185
[LightGBM] [Info] 441.643577 seconds elapsed, finished iteration 138
[LightGBM] [Debug] Trained a tree with leaves = 255 and depth = 22
[LightGBM] [Info] Iteration:139, valid_1 auc : 0.797225
[LightGBM] [Info] 444.629611 seconds elapsed, finished iteration 139
[LightGBM] [Debug] Trained a tree with leaves = 255 and depth = 27
[LightGBM] [Info] Iteration:140, valid_1 auc : 0.797293
[LightGBM] [Info] 447.791415 seconds elapsed, finished iteration 140
[LightGBM] [Debug] Trained a tree with leaves = 255 and depth = 22
[LightGBM] [Info] Iteration:141, valid_1 auc : 0.797336
[LightGBM] [Info] 451.207895 seconds elapsed, finished iteration 141
[LightGBM] [Debug] Trained a tree with leaves = 255 and depth = 26
[LightGBM] [Info] Iteration:142, valid_1 auc : 0.797374
[LightGBM] [Info] 454.140933 seconds elapsed, finished iteration 142
[LightGBM] [Debug] Trained a tree with leaves = 255 and depth = 21
[LightGBM] [Info] Iteration:143, valid_1 auc : 0.797424
[LightGBM] [Info] 457.179925 seconds elapsed, finished iteration 143
[LightGBM] [Debug] Trained a tree with leaves = 255 and depth = 20
[LightGBM] [Info] Iteration:144, valid_1 auc : 0.797462
[LightGBM] [Info] 460.430112 seconds elapsed, finished iteration 144
[LightGBM] [Debug] Trained a tree with leaves = 255 and depth = 27
[LightGBM] [Info] Iteration:145, valid_1 auc : 0.797493
[LightGBM] [Info] 463.507014 seconds elapsed, finished iteration 145
[LightGBM] [Debug] Trained a tree with leaves = 255 and depth = 20
[LightGBM] [Info] Iteration:146, valid_1 auc : 0.797531
[LightGBM] [Info] 466.708097 seconds elapsed, finished iteration 146
[LightGBM] [Debug] Trained a tree with leaves = 255 and depth = 23
[LightGBM] [Info] Iteration:147, valid_1 auc : 0.797565
[LightGBM] [Info] 469.133308 seconds elapsed, finished iteration 147
[LightGBM] [Debug] Trained a tree with leaves = 255 and depth = 22
[LightGBM] [Info] Iteration:148, valid_1 auc : 0.797611
[LightGBM] [Info] 472.085002 seconds elapsed, finished iteration 148
[LightGBM] [Debug] Trained a tree with leaves = 255 and depth = 25
[LightGBM] [Info] Iteration:149, valid_1 auc : 0.797678
[LightGBM] [Info] 474.649787 seconds elapsed, finished iteration 149
[LightGBM] [Debug] Trained a tree with leaves = 255 and depth = 33
[LightGBM] [Info] Iteration:150, valid_1 auc : 0.797703
[LightGBM] [Info] 477.797312 seconds elapsed, finished iteration 150
[LightGBM] [Debug] Trained a tree with leaves = 255 and depth = 25
[LightGBM] [Info] Iteration:151, valid_1 auc : 0.797736
[LightGBM] [Info] 481.182625 seconds elapsed, finished iteration 151
[LightGBM] [Debug] Trained a tree with leaves = 255 and depth = 20
[LightGBM] [Info] Iteration:152, valid_1 auc : 0.797788
[LightGBM] [Info] 484.349306 seconds elapsed, finished iteration 152
[LightGBM] [Debug] Trained a tree with leaves = 255 and depth = 18
[LightGBM] [Info] Iteration:153, valid_1 auc : 0.797815
[LightGBM] [Info] 487.635792 seconds elapsed, finished iteration 153
[LightGBM] [Debug] Trained a tree with leaves = 255 and depth = 31
[LightGBM] [Info] Iteration:154, valid_1 auc : 0.797838
[LightGBM] [Info] 490.236091 seconds elapsed, finished iteration 154
[LightGBM] [Debug] Trained a tree with leaves = 255 and depth = 27
[LightGBM] [Info] Iteration:155, valid_1 auc : 0.797913
[LightGBM] [Info] 493.283292 seconds elapsed, finished iteration 155
[LightGBM] [Debug] Trained a tree with leaves = 255 and depth = 21
[LightGBM] [Info] Iteration:156, valid_1 auc : 0.797954
[LightGBM] [Info] 496.188795 seconds elapsed, finished iteration 156
[LightGBM] [Debug] Trained a tree with leaves = 255 and depth = 24
[LightGBM] [Info] Iteration:157, valid_1 auc : 0.797983
[LightGBM] [Info] 499.567257 seconds elapsed, finished iteration 157
[LightGBM] [Debug] Trained a tree with leaves = 255 and depth = 26
[LightGBM] [Info] Iteration:158, valid_1 auc : 0.798026
[LightGBM] [Info] 502.723925 seconds elapsed, finished iteration 158
[LightGBM] [Debug] Trained a tree with leaves = 255 and depth = 30
[LightGBM] [Info] Iteration:159, valid_1 auc : 0.798061
[LightGBM] [Info] 505.623509 seconds elapsed, finished iteration 159
[LightGBM] [Debug] Trained a tree with leaves = 255 and depth = 22
[LightGBM] [Info] Iteration:160, valid_1 auc : 0.798087
[LightGBM] [Info] 509.096329 seconds elapsed, finished iteration 160
[LightGBM] [Debug] Trained a tree with leaves = 255 and depth = 26
[LightGBM] [Info] Iteration:161, valid_1 auc : 0.798112
[LightGBM] [Info] 512.356803 seconds elapsed, finished iteration 161
[LightGBM] [Debug] Trained a tree with leaves = 255 and depth = 21
[LightGBM] [Info] Iteration:162, valid_1 auc : 0.798158
[LightGBM] [Info] 515.190129 seconds elapsed, finished iteration 162
[LightGBM] [Debug] Trained a tree with leaves = 255 and depth = 25
[LightGBM] [Info] Iteration:163, valid_1 auc : 0.798175
[LightGBM] [Info] 518.589383 seconds elapsed, finished iteration 163
[LightGBM] [Debug] Trained a tree with leaves = 255 and depth = 23
[LightGBM] [Info] Iteration:164, valid_1 auc : 0.798223
[LightGBM] [Info] 521.983669 seconds elapsed, finished iteration 164
[LightGBM] [Debug] Trained a tree with leaves = 255 and depth = 27
[LightGBM] [Info] Iteration:165, valid_1 auc : 0.798263
[LightGBM] [Info] 525.237886 seconds elapsed, finished iteration 165
[LightGBM] [Debug] Trained a tree with leaves = 255 and depth = 19
[LightGBM] [Info] Iteration:166, valid_1 auc : 0.798309
[LightGBM] [Info] 528.207095 seconds elapsed, finished iteration 166
[LightGBM] [Debug] Trained a tree with leaves = 255 and depth = 19
[LightGBM] [Info] Iteration:167, valid_1 auc : 0.798335
[LightGBM] [Info] 531.509683 seconds elapsed, finished iteration 167
[LightGBM] [Debug] Trained a tree with leaves = 255 and depth = 31
[LightGBM] [Info] Iteration:168, valid_1 auc : 0.798367
[LightGBM] [Info] 534.738128 seconds elapsed, finished iteration 168
[LightGBM] [Debug] Trained a tree with leaves = 255 and depth = 35
[LightGBM] [Info] Iteration:169, valid_1 auc : 0.798414
[LightGBM] [Info] 538.148843 seconds elapsed, finished iteration 169
[LightGBM] [Debug] Trained a tree with leaves = 255 and depth = 20
[LightGBM] [Info] Iteration:170, valid_1 auc : 0.798449
[LightGBM] [Info] 541.024567 seconds elapsed, finished iteration 170
[LightGBM] [Debug] Trained a tree with leaves = 255 and depth = 32
[LightGBM] [Info] Iteration:171, valid_1 auc : 0.798484
[LightGBM] [Info] 544.660912 seconds elapsed, finished iteration 171
[LightGBM] [Debug] Trained a tree with leaves = 255 and depth = 28
[LightGBM] [Info] Iteration:172, valid_1 auc : 0.798525
[LightGBM] [Info] 547.686951 seconds elapsed, finished iteration 172
[LightGBM] [Debug] Trained a tree with leaves = 255 and depth = 26
[LightGBM] [Info] Iteration:173, valid_1 auc : 0.798566
[LightGBM] [Info] 550.703685 seconds elapsed, finished iteration 173
[LightGBM] [Debug] Trained a tree with leaves = 255 and depth = 28
[LightGBM] [Info] Iteration:174, valid_1 auc : 0.798603
[LightGBM] [Info] 553.402615 seconds elapsed, finished iteration 174
[LightGBM] [Debug] Trained a tree with leaves = 255 and depth = 29
[LightGBM] [Info] Iteration:175, valid_1 auc : 0.798657
[LightGBM] [Info] 556.570618 seconds elapsed, finished iteration 175
[LightGBM] [Debug] Trained a tree with leaves = 255 and depth = 21
[LightGBM] [Info] Iteration:176, valid_1 auc : 0.798689
[LightGBM] [Info] 559.808869 seconds elapsed, finished iteration 176
[LightGBM] [Debug] Trained a tree with leaves = 255 and depth = 22
[LightGBM] [Info] Iteration:177, valid_1 auc : 0.798712
[LightGBM] [Info] 563.498198 seconds elapsed, finished iteration 177
[LightGBM] [Debug] Trained a tree with leaves = 255 and depth = 25
[LightGBM] [Info] Iteration:178, valid_1 auc : 0.798731
[LightGBM] [Info] 566.634317 seconds elapsed, finished iteration 178
[LightGBM] [Debug] Trained a tree with leaves = 255 and depth = 18
[LightGBM] [Info] Iteration:179, valid_1 auc : 0.798763
[LightGBM] [Info] 569.482938 seconds elapsed, finished iteration 179
[LightGBM] [Debug] Trained a tree with leaves = 255 and depth = 22
[LightGBM] [Info] Iteration:180, valid_1 auc : 0.798797
[LightGBM] [Info] 572.264942 seconds elapsed, finished iteration 180
[LightGBM] [Debug] Trained a tree with leaves = 255 and depth = 25
[LightGBM] [Info] Iteration:181, valid_1 auc : 0.798825
[LightGBM] [Info] 575.335685 seconds elapsed, finished iteration 181
[LightGBM] [Debug] Trained a tree with leaves = 255 and depth = 24
[LightGBM] [Info] Iteration:182, valid_1 auc : 0.798847
[LightGBM] [Info] 578.140114 seconds elapsed, finished iteration 182
[LightGBM] [Debug] Trained a tree with leaves = 255 and depth = 24
[LightGBM] [Info] Iteration:183, valid_1 auc : 0.798874
[LightGBM] [Info] 581.543563 seconds elapsed, finished iteration 183
[LightGBM] [Debug] Trained a tree with leaves = 255 and depth = 28
[LightGBM] [Info] Iteration:184, valid_1 auc : 0.798905
[LightGBM] [Info] 584.663281 seconds elapsed, finished iteration 184
[LightGBM] [Debug] Trained a tree with leaves = 255 and depth = 24
[LightGBM] [Info] Iteration:185, valid_1 auc : 0.798943
[LightGBM] [Info] 587.466590 seconds elapsed, finished iteration 185
[LightGBM] [Debug] Trained a tree with leaves = 255 and depth = 23
[LightGBM] [Info] Iteration:186, valid_1 auc : 0.798971
[LightGBM] [Info] 590.622379 seconds elapsed, finished iteration 186
[LightGBM] [Debug] Trained a tree with leaves = 255 and depth = 32
[LightGBM] [Info] Iteration:187, valid_1 auc : 0.799008
[LightGBM] [Info] 593.425094 seconds elapsed, finished iteration 187
[LightGBM] [Debug] Trained a tree with leaves = 255 and depth = 21
[LightGBM] [Info] Iteration:188, valid_1 auc : 0.79903
[LightGBM] [Info] 596.722992 seconds elapsed, finished iteration 188
[LightGBM] [Debug] Trained a tree with leaves = 255 and depth = 25
[LightGBM] [Info] Iteration:189, valid_1 auc : 0.799082
[LightGBM] [Info] 600.210543 seconds elapsed, finished iteration 189
[LightGBM] [Debug] Trained a tree with leaves = 255 and depth = 35
[LightGBM] [Info] Iteration:190, valid_1 auc : 0.799115
[LightGBM] [Info] 603.589410 seconds elapsed, finished iteration 190
[LightGBM] [Debug] Trained a tree with leaves = 255 and depth = 25
[LightGBM] [Info] Iteration:191, valid_1 auc : 0.79914
[LightGBM] [Info] 606.253693 seconds elapsed, finished iteration 191
[LightGBM] [Debug] Trained a tree with leaves = 255 and depth = 20
[LightGBM] [Info] Iteration:192, valid_1 auc : 0.799174
[LightGBM] [Info] 609.016906 seconds elapsed, finished iteration 192
[LightGBM] [Debug] Trained a tree with leaves = 255 and depth = 22
[LightGBM] [Info] Iteration:193, valid_1 auc : 0.799206
[LightGBM] [Info] 612.643181 seconds elapsed, finished iteration 193
[LightGBM] [Debug] Trained a tree with leaves = 255 and depth = 21
[LightGBM] [Info] Iteration:194, valid_1 auc : 0.799229
[LightGBM] [Info] 615.984693 seconds elapsed, finished iteration 194
[LightGBM] [Debug] Trained a tree with leaves = 255 and depth = 20
[LightGBM] [Info] Iteration:195, valid_1 auc : 0.799261
[LightGBM] [Info] 618.782562 seconds elapsed, finished iteration 195
[LightGBM] [Debug] Trained a tree with leaves = 255 and depth = 17
[LightGBM] [Info] Iteration:196, valid_1 auc : 0.799284
[LightGBM] [Info] 621.599366 seconds elapsed, finished iteration 196
[LightGBM] [Debug] Trained a tree with leaves = 255 and depth = 22
[LightGBM] [Info] Iteration:197, valid_1 auc : 0.799306
[LightGBM] [Info] 624.851778 seconds elapsed, finished iteration 197
[LightGBM] [Debug] Trained a tree with leaves = 255 and depth = 19
[LightGBM] [Info] Iteration:198, valid_1 auc : 0.799333
[LightGBM] [Info] 628.118287 seconds elapsed, finished iteration 198
[LightGBM] [Debug] Trained a tree with leaves = 255 and depth = 17
[LightGBM] [Info] Iteration:199, valid_1 auc : 0.79937
[LightGBM] [Info] 631.099242 seconds elapsed, finished iteration 199
[LightGBM] [Debug] Trained a tree with leaves = 255 and depth = 21
[LightGBM] [Info] Iteration:200, valid_1 auc : 0.799405
[LightGBM] [Info] 633.791336 seconds elapsed, finished iteration 200
[LightGBM] [Debug] Trained a tree with leaves = 255 and depth = 18
[LightGBM] [Info] Iteration:201, valid_1 auc : 0.799435
[LightGBM] [Info] 637.001026 seconds elapsed, finished iteration 201
[LightGBM] [Debug] Trained a tree with leaves = 255 and depth = 25
[LightGBM] [Info] Iteration:202, valid_1 auc : 0.799484
[LightGBM] [Info] 639.912388 seconds elapsed, finished iteration 202
[LightGBM] [Debug] Trained a tree with leaves = 255 and depth = 25
[LightGBM] [Info] Iteration:203, valid_1 auc : 0.799509
[LightGBM] [Info] 643.134438 seconds elapsed, finished iteration 203
[LightGBM] [Debug] Trained a tree with leaves = 255 and depth = 24
[LightGBM] [Info] Iteration:204, valid_1 auc : 0.799556
[LightGBM] [Info] 646.587846 seconds elapsed, finished iteration 204
[LightGBM] [Debug] Trained a tree with leaves = 255 and depth = 24
[LightGBM] [Info] Iteration:205, valid_1 auc : 0.799574
[LightGBM] [Info] 649.573369 seconds elapsed, finished iteration 205
[LightGBM] [Debug] Trained a tree with leaves = 255 and depth = 28
[LightGBM] [Info] Iteration:206, valid_1 auc : 0.799619
[LightGBM] [Info] 652.310959 seconds elapsed, finished iteration 206
[LightGBM] [Debug] Trained a tree with leaves = 255 and depth = 24
[LightGBM] [Info] Iteration:207, valid_1 auc : 0.79964
[LightGBM] [Info] 655.473727 seconds elapsed, finished iteration 207
[LightGBM] [Debug] Trained a tree with leaves = 255 and depth = 20
[LightGBM] [Info] Iteration:208, valid_1 auc : 0.799669
[LightGBM] [Info] 658.456099 seconds elapsed, finished iteration 208
[LightGBM] [Debug] Trained a tree with leaves = 255 and depth = 24
[LightGBM] [Info] Iteration:209, valid_1 auc : 0.799694
[LightGBM] [Info] 661.430017 seconds elapsed, finished iteration 209
[LightGBM] [Debug] Trained a tree with leaves = 255 and depth = 23
[LightGBM] [Info] Iteration:210, valid_1 auc : 0.799717
[LightGBM] [Info] 664.238408 seconds elapsed, finished iteration 210
[LightGBM] [Debug] Trained a tree with leaves = 255 and depth = 19
[LightGBM] [Info] Iteration:211, valid_1 auc : 0.799738
[LightGBM] [Info] 667.511824 seconds elapsed, finished iteration 211
[LightGBM] [Debug] Trained a tree with leaves = 255 and depth = 29
[LightGBM] [Info] Iteration:212, valid_1 auc : 0.799711
[LightGBM] [Info] 670.879720 seconds elapsed, finished iteration 212
[LightGBM] [Debug] Trained a tree with leaves = 255 and depth = 19
[LightGBM] [Info] Iteration:213, valid_1 auc : 0.799731
[LightGBM] [Info] 674.182182 seconds elapsed, finished iteration 213
[LightGBM] [Debug] Trained a tree with leaves = 255 and depth = 23
[LightGBM] [Info] Iteration:214, valid_1 auc : 0.799767
[LightGBM] [Info] 677.147811 seconds elapsed, finished iteration 214
[LightGBM] [Debug] Trained a tree with leaves = 255 and depth = 27
[LightGBM] [Info] Iteration:215, valid_1 auc : 0.799789
[LightGBM] [Info] 680.006595 seconds elapsed, finished iteration 215
[LightGBM] [Debug] Trained a tree with leaves = 255 and depth = 23
[LightGBM] [Info] Iteration:216, valid_1 auc : 0.79981
[LightGBM] [Info] 682.592406 seconds elapsed, finished iteration 216
[LightGBM] [Debug] Trained a tree with leaves = 255 and depth = 25
[LightGBM] [Info] Iteration:217, valid_1 auc : 0.79983
[LightGBM] [Info] 685.332505 seconds elapsed, finished iteration 217
[LightGBM] [Debug] Trained a tree with leaves = 255 and depth = 27
[LightGBM] [Info] Iteration:218, valid_1 auc : 0.799853
[LightGBM] [Info] 688.256718 seconds elapsed, finished iteration 218
[LightGBM] [Debug] Trained a tree with leaves = 255 and depth = 21
[LightGBM] [Info] Iteration:219, valid_1 auc : 0.799874
[LightGBM] [Info] 691.328765 seconds elapsed, finished iteration 219
[LightGBM] [Debug] Trained a tree with leaves = 255 and depth = 17
[LightGBM] [Info] Iteration:220, valid_1 auc : 0.799902
[LightGBM] [Info] 694.105550 seconds elapsed, finished iteration 220
[LightGBM] [Debug] Trained a tree with leaves = 255 and depth = 26
[LightGBM] [Info] Iteration:221, valid_1 auc : 0.799919
[LightGBM] [Info] 697.110329 seconds elapsed, finished iteration 221
[LightGBM] [Debug] Trained a tree with leaves = 255 and depth = 21
[LightGBM] [Info] Iteration:222, valid_1 auc : 0.799945
[LightGBM] [Info] 700.120393 seconds elapsed, finished iteration 222
[LightGBM] [Debug] Trained a tree with leaves = 255 and depth = 25
[LightGBM] [Info] Iteration:223, valid_1 auc : 0.799965
[LightGBM] [Info] 703.609546 seconds elapsed, finished iteration 223
[LightGBM] [Debug] Trained a tree with leaves = 255 and depth = 20
[LightGBM] [Info] Iteration:224, valid_1 auc : 0.799998
[LightGBM] [Info] 707.355126 seconds elapsed, finished iteration 224
[LightGBM] [Debug] Trained a tree with leaves = 255 and depth = 24
[LightGBM] [Info] Iteration:225, valid_1 auc : 0.800025
[LightGBM] [Info] 710.387048 seconds elapsed, finished iteration 225
[LightGBM] [Debug] Trained a tree with leaves = 255 and depth = 18
[LightGBM] [Info] Iteration:226, valid_1 auc : 0.80004
[LightGBM] [Info] 713.079033 seconds elapsed, finished iteration 226
[LightGBM] [Debug] Trained a tree with leaves = 255 and depth = 32
[LightGBM] [Info] Iteration:227, valid_1 auc : 0.800062
[LightGBM] [Info] 716.736449 seconds elapsed, finished iteration 227
[LightGBM] [Debug] Trained a tree with leaves = 255 and depth = 25
[LightGBM] [Info] Iteration:228, valid_1 auc : 0.800085
[LightGBM] [Info] 719.984482 seconds elapsed, finished iteration 228
[LightGBM] [Debug] Trained a tree with leaves = 255 and depth = 20
[LightGBM] [Info] Iteration:229, valid_1 auc : 0.800105
[LightGBM] [Info] 722.893737 seconds elapsed, finished iteration 229
[LightGBM] [Debug] Trained a tree with leaves = 255 and depth = 23
[LightGBM] [Info] Iteration:230, valid_1 auc : 0.800121
[LightGBM] [Info] 725.200934 seconds elapsed, finished iteration 230
[LightGBM] [Debug] Trained a tree with leaves = 255 and depth = 25
[LightGBM] [Info] Iteration:231, valid_1 auc : 0.800135
[LightGBM] [Info] 728.402335 seconds elapsed, finished iteration 231
[LightGBM] [Debug] Trained a tree with leaves = 255 and depth = 18
[LightGBM] [Info] Iteration:232, valid_1 auc : 0.800157
[LightGBM] [Info] 731.667959 seconds elapsed, finished iteration 232
[LightGBM] [Debug] Trained a tree with leaves = 255 and depth = 26
[LightGBM] [Info] Iteration:233, valid_1 auc : 0.800173
[LightGBM] [Info] 734.855197 seconds elapsed, finished iteration 233
[LightGBM] [Debug] Trained a tree with leaves = 255 and depth = 17
[LightGBM] [Info] Iteration:234, valid_1 auc : 0.800193
[LightGBM] [Info] 737.751970 seconds elapsed, finished iteration 234
[LightGBM] [Debug] Trained a tree with leaves = 255 and depth = 21
[LightGBM] [Info] Iteration:235, valid_1 auc : 0.800211
[LightGBM] [Info] 739.637345 seconds elapsed, finished iteration 235
[LightGBM] [Debug] Trained a tree with leaves = 255 and depth = 24
[LightGBM] [Info] Iteration:236, valid_1 auc : 0.800245
[LightGBM] [Info] 742.619887 seconds elapsed, finished iteration 236
[LightGBM] [Debug] Trained a tree with leaves = 255 and depth = 24
[LightGBM] [Info] Iteration:237, valid_1 auc : 0.800272
[LightGBM] [Info] 745.189483 seconds elapsed, finished iteration 237
[LightGBM] [Debug] Trained a tree with leaves = 255 and depth = 20
[LightGBM] [Info] Iteration:238, valid_1 auc : 0.800292
[LightGBM] [Info] 748.098824 seconds elapsed, finished iteration 238
[LightGBM] [Debug] Trained a tree with leaves = 255 and depth = 18
[LightGBM] [Info] Iteration:239, valid_1 auc : 0.800315
[LightGBM] [Info] 750.992408 seconds elapsed, finished iteration 239
[LightGBM] [Debug] Trained a tree with leaves = 255 and depth = 22
[LightGBM] [Info] Iteration:240, valid_1 auc : 0.800328
[LightGBM] [Info] 753.922959 seconds elapsed, finished iteration 240
[LightGBM] [Debug] Trained a tree with leaves = 255 and depth = 22
[LightGBM] [Info] Iteration:241, valid_1 auc : 0.800373
[LightGBM] [Info] 756.801634 seconds elapsed, finished iteration 241
[LightGBM] [Debug] Trained a tree with leaves = 255 and depth = 21
[LightGBM] [Info] Iteration:242, valid_1 auc : 0.80039
[LightGBM] [Info] 759.577511 seconds elapsed, finished iteration 242
[LightGBM] [Debug] Trained a tree with leaves = 255 and depth = 21
[LightGBM] [Info] Iteration:243, valid_1 auc : 0.800408
[LightGBM] [Info] 761.701180 seconds elapsed, finished iteration 243
[LightGBM] [Debug] Trained a tree with leaves = 255 and depth = 22
[LightGBM] [Info] Iteration:244, valid_1 auc : 0.800442
[LightGBM] [Info] 764.946796 seconds elapsed, finished iteration 244
[LightGBM] [Debug] Trained a tree with leaves = 255 and depth = 21
[LightGBM] [Info] Iteration:245, valid_1 auc : 0.800466
[LightGBM] [Info] 768.066324 seconds elapsed, finished iteration 245
[LightGBM] [Debug] Trained a tree with leaves = 255 and depth = 21
[LightGBM] [Info] Iteration:246, valid_1 auc : 0.800491
[LightGBM] [Info] 771.233681 seconds elapsed, finished iteration 246
[LightGBM] [Debug] Trained a tree with leaves = 255 and depth = 20
[LightGBM] [Info] Iteration:247, valid_1 auc : 0.800512
[LightGBM] [Info] 773.550360 seconds elapsed, finished iteration 247
[LightGBM] [Debug] Trained a tree with leaves = 255 and depth = 21
[LightGBM] [Info] Iteration:248, valid_1 auc : 0.800521
[LightGBM] [Info] 775.574553 seconds elapsed, finished iteration 248
[LightGBM] [Debug] Trained a tree with leaves = 255 and depth = 18
[LightGBM] [Info] Iteration:249, valid_1 auc : 0.800546
[LightGBM] [Info] 777.921223 seconds elapsed, finished iteration 249
[LightGBM] [Debug] Trained a tree with leaves = 255 and depth = 25
[LightGBM] [Info] Iteration:250, valid_1 auc : 0.80057
[LightGBM] [Info] 781.004036 seconds elapsed, finished iteration 250
[LightGBM] [Debug] Trained a tree with leaves = 255 and depth = 18
[LightGBM] [Info] Iteration:251, valid_1 auc : 0.800584
[LightGBM] [Info] 784.188736 seconds elapsed, finished iteration 251
[LightGBM] [Debug] Trained a tree with leaves = 255 and depth = 19
[LightGBM] [Info] Iteration:252, valid_1 auc : 0.800606
[LightGBM] [Info] 787.353306 seconds elapsed, finished iteration 252
[LightGBM] [Debug] Trained a tree with leaves = 255 and depth = 21
[LightGBM] [Info] Iteration:253, valid_1 auc : 0.800622
[LightGBM] [Info] 790.118316 seconds elapsed, finished iteration 253
[LightGBM] [Debug] Trained a tree with leaves = 255 and depth = 24
[LightGBM] [Info] Iteration:254, valid_1 auc : 0.800649
[LightGBM] [Info] 793.194349 seconds elapsed, finished iteration 254
[LightGBM] [Debug] Trained a tree with leaves = 255 and depth = 17
[LightGBM] [Info] Iteration:255, valid_1 auc : 0.800661
[LightGBM] [Info] 795.838051 seconds elapsed, finished iteration 255
[LightGBM] [Debug] Trained a tree with leaves = 255 and depth = 22
[LightGBM] [Info] Iteration:256, valid_1 auc : 0.800678
[LightGBM] [Info] 798.885690 seconds elapsed, finished iteration 256
[LightGBM] [Debug] Trained a tree with leaves = 255 and depth = 26
[LightGBM] [Info] Iteration:257, valid_1 auc : 0.800695
[LightGBM] [Info] 801.311191 seconds elapsed, finished iteration 257
[LightGBM] [Debug] Trained a tree with leaves = 255 and depth = 21
[LightGBM] [Info] Iteration:258, valid_1 auc : 0.800711
[LightGBM] [Info] 804.007979 seconds elapsed, finished iteration 258
[LightGBM] [Debug] Trained a tree with leaves = 255 and depth = 25
[LightGBM] [Info] Iteration:259, valid_1 auc : 0.800733
[LightGBM] [Info] 806.540636 seconds elapsed, finished iteration 259
[LightGBM] [Debug] Trained a tree with leaves = 255 and depth = 26
[LightGBM] [Info] Iteration:260, valid_1 auc : 0.80076
[LightGBM] [Info] 808.827749 seconds elapsed, finished iteration 260
[LightGBM] [Debug] Trained a tree with leaves = 255 and depth = 20
[LightGBM] [Info] Iteration:261, valid_1 auc : 0.800777
[LightGBM] [Info] 811.227843 seconds elapsed, finished iteration 261
[LightGBM] [Debug] Trained a tree with leaves = 255 and depth = 18
[LightGBM] [Info] Iteration:262, valid_1 auc : 0.800799
[LightGBM] [Info] 813.774934 seconds elapsed, finished iteration 262
[LightGBM] [Debug] Trained a tree with leaves = 255 and depth = 21
[LightGBM] [Info] Iteration:263, valid_1 auc : 0.800811
[LightGBM] [Info] 816.527440 seconds elapsed, finished iteration 263
[LightGBM] [Debug] Trained a tree with leaves = 255 and depth = 21
[LightGBM] [Info] Iteration:264, valid_1 auc : 0.800827
[LightGBM] [Info] 819.390128 seconds elapsed, finished iteration 264
[LightGBM] [Debug] Trained a tree with leaves = 255 and depth = 22
[LightGBM] [Info] Iteration:265, valid_1 auc : 0.800849
[LightGBM] [Info] 822.122363 seconds elapsed, finished iteration 265
[LightGBM] [Debug] Trained a tree with leaves = 255 and depth = 23
[LightGBM] [Info] Iteration:266, valid_1 auc : 0.800874
[LightGBM] [Info] 825.132710 seconds elapsed, finished iteration 266
[LightGBM] [Debug] Trained a tree with leaves = 255 and depth = 21
[LightGBM] [Info] Iteration:267, valid_1 auc : 0.800886
[LightGBM] [Info] 828.109996 seconds elapsed, finished iteration 267
[LightGBM] [Debug] Trained a tree with leaves = 255 and depth = 20
[LightGBM] [Info] Iteration:268, valid_1 auc : 0.800896
[LightGBM] [Info] 830.950973 seconds elapsed, finished iteration 268
[LightGBM] [Debug] Trained a tree with leaves = 255 and depth = 23
[LightGBM] [Info] Iteration:269, valid_1 auc : 0.800909
[LightGBM] [Info] 834.327398 seconds elapsed, finished iteration 269
[LightGBM] [Debug] Trained a tree with leaves = 255 and depth = 20
[LightGBM] [Info] Iteration:270, valid_1 auc : 0.800922
[LightGBM] [Info] 837.264268 seconds elapsed, finished iteration 270
[LightGBM] [Debug] Trained a tree with leaves = 255 and depth = 19
[LightGBM] [Info] Iteration:271, valid_1 auc : 0.800934
[LightGBM] [Info] 839.468343 seconds elapsed, finished iteration 271
[LightGBM] [Debug] Trained a tree with leaves = 255 and depth = 27
[LightGBM] [Info] Iteration:272, valid_1 auc : 0.800949
[LightGBM] [Info] 842.046690 seconds elapsed, finished iteration 272
[LightGBM] [Debug] Trained a tree with leaves = 255 and depth = 22
[LightGBM] [Info] Iteration:273, valid_1 auc : 0.800965
[LightGBM] [Info] 845.635767 seconds elapsed, finished iteration 273
[LightGBM] [Debug] Trained a tree with leaves = 255 and depth = 18
[LightGBM] [Info] Iteration:274, valid_1 auc : 0.800975
[LightGBM] [Info] 848.232635 seconds elapsed, finished iteration 274
[LightGBM] [Debug] Trained a tree with leaves = 255 and depth = 22
[LightGBM] [Info] Iteration:275, valid_1 auc : 0.800993
[LightGBM] [Info] 850.834282 seconds elapsed, finished iteration 275
[LightGBM] [Debug] Trained a tree with leaves = 255 and depth = 20
[LightGBM] [Info] Iteration:276, valid_1 auc : 0.801002
[LightGBM] [Info] 853.178984 seconds elapsed, finished iteration 276
[LightGBM] [Debug] Trained a tree with leaves = 255 and depth = 16
[LightGBM] [Info] Iteration:277, valid_1 auc : 0.801024
[LightGBM] [Info] 855.399981 seconds elapsed, finished iteration 277
[LightGBM] [Debug] Trained a tree with leaves = 255 and depth = 20
[LightGBM] [Info] Iteration:278, valid_1 auc : 0.801042
[LightGBM] [Info] 857.895773 seconds elapsed, finished iteration 278
[LightGBM] [Debug] Trained a tree with leaves = 255 and depth = 24
[LightGBM] [Info] Iteration:279, valid_1 auc : 0.80106
[LightGBM] [Info] 860.825840 seconds elapsed, finished iteration 279
[LightGBM] [Debug] Trained a tree with leaves = 255 and depth = 19
[LightGBM] [Info] Iteration:280, valid_1 auc : 0.80107
[LightGBM] [Info] 863.077029 seconds elapsed, finished iteration 280
[LightGBM] [Debug] Trained a tree with leaves = 255 and depth = 22
[LightGBM] [Info] Iteration:281, valid_1 auc : 0.801077
[LightGBM] [Info] 866.015223 seconds elapsed, finished iteration 281
[LightGBM] [Debug] Trained a tree with leaves = 255 and depth = 20
[LightGBM] [Info] Iteration:282, valid_1 auc : 0.801105
[LightGBM] [Info] 868.819101 seconds elapsed, finished iteration 282
[LightGBM] [Debug] Trained a tree with leaves = 255 and depth = 18
[LightGBM] [Info] Iteration:283, valid_1 auc : 0.801119
[LightGBM] [Info] 872.280677 seconds elapsed, finished iteration 283
[LightGBM] [Debug] Trained a tree with leaves = 255 and depth = 21
[LightGBM] [Info] Iteration:284, valid_1 auc : 0.801143
[LightGBM] [Info] 874.517165 seconds elapsed, finished iteration 284
[LightGBM] [Debug] Trained a tree with leaves = 255 and depth = 22
[LightGBM] [Info] Iteration:285, valid_1 auc : 0.801151
[LightGBM] [Info] 877.330904 seconds elapsed, finished iteration 285
[LightGBM] [Debug] Trained a tree with leaves = 255 and depth = 19
[LightGBM] [Info] Iteration:286, valid_1 auc : 0.801165
[LightGBM] [Info] 880.095602 seconds elapsed, finished iteration 286
[LightGBM] [Debug] Trained a tree with leaves = 255 and depth = 28
[LightGBM] [Info] Iteration:287, valid_1 auc : 0.801193
[LightGBM] [Info] 882.281078 seconds elapsed, finished iteration 287
[LightGBM] [Debug] Trained a tree with leaves = 255 and depth = 18
[LightGBM] [Info] Iteration:288, valid_1 auc : 0.801211
[LightGBM] [Info] 884.994021 seconds elapsed, finished iteration 288
[LightGBM] [Debug] Trained a tree with leaves = 255 and depth = 19
[LightGBM] [Info] Iteration:289, valid_1 auc : 0.801224
[LightGBM] [Info] 887.460527 seconds elapsed, finished iteration 289
[LightGBM] [Debug] Trained a tree with leaves = 255 and depth = 23
[LightGBM] [Info] Iteration:290, valid_1 auc : 0.801233
[LightGBM] [Info] 889.782098 seconds elapsed, finished iteration 290
[LightGBM] [Debug] Trained a tree with leaves = 255 and depth = 17
[LightGBM] [Info] Iteration:291, valid_1 auc : 0.801246
[LightGBM] [Info] 892.649456 seconds elapsed, finished iteration 291
[LightGBM] [Debug] Trained a tree with leaves = 255 and depth = 20
[LightGBM] [Info] Iteration:292, valid_1 auc : 0.801263
[LightGBM] [Info] 895.423046 seconds elapsed, finished iteration 292
[LightGBM] [Debug] Trained a tree with leaves = 255 and depth = 23
[LightGBM] [Info] Iteration:293, valid_1 auc : 0.801277
[LightGBM] [Info] 898.535051 seconds elapsed, finished iteration 293
[LightGBM] [Debug] Trained a tree with leaves = 255 and depth = 22
[LightGBM] [Info] Iteration:294, valid_1 auc : 0.801295
[LightGBM] [Info] 900.560071 seconds elapsed, finished iteration 294
[LightGBM] [Debug] Trained a tree with leaves = 255 and depth = 18
[LightGBM] [Info] Iteration:295, valid_1 auc : 0.801303
[LightGBM] [Info] 903.268094 seconds elapsed, finished iteration 295
[LightGBM] [Debug] Trained a tree with leaves = 255 and depth = 23
[LightGBM] [Info] Iteration:296, valid_1 auc : 0.801314
[LightGBM] [Info] 906.159012 seconds elapsed, finished iteration 296
[LightGBM] [Debug] Trained a tree with leaves = 255 and depth = 27
[LightGBM] [Info] Iteration:297, valid_1 auc : 0.801331
[LightGBM] [Info] 908.238413 seconds elapsed, finished iteration 297
[LightGBM] [Debug] Trained a tree with leaves = 255 and depth = 18
[LightGBM] [Info] Iteration:298, valid_1 auc : 0.801345
[LightGBM] [Info] 911.035370 seconds elapsed, finished iteration 298
[LightGBM] [Debug] Trained a tree with leaves = 255 and depth = 23
[LightGBM] [Info] Iteration:299, valid_1 auc : 0.801355
[LightGBM] [Info] 914.376514 seconds elapsed, finished iteration 299
[LightGBM] [Debug] Trained a tree with leaves = 255 and depth = 19
[LightGBM] [Info] Iteration:300, valid_1 auc : 0.801361
[LightGBM] [Info] 916.706666 seconds elapsed, finished iteration 300
[LightGBM] [Debug] Trained a tree with leaves = 255 and depth = 20
[LightGBM] [Info] Iteration:301, valid_1 auc : 0.801366
[LightGBM] [Info] 919.110836 seconds elapsed, finished iteration 301
[LightGBM] [Debug] Trained a tree with leaves = 255 and depth = 18
[LightGBM] [Info] Iteration:302, valid_1 auc : 0.801377
[LightGBM] [Info] 921.467909 seconds elapsed, finished iteration 302
[LightGBM] [Debug] Trained a tree with leaves = 255 and depth = 24
[LightGBM] [Info] Iteration:303, valid_1 auc : 0.801386
[LightGBM] [Info] 923.968380 seconds elapsed, finished iteration 303
[LightGBM] [Debug] Trained a tree with leaves = 255 and depth = 23
[LightGBM] [Info] Iteration:304, valid_1 auc : 0.801397
[LightGBM] [Info] 925.651144 seconds elapsed, finished iteration 304
[LightGBM] [Debug] Trained a tree with leaves = 255 and depth = 33
[LightGBM] [Info] Iteration:305, valid_1 auc : 0.801411
[LightGBM] [Info] 928.762695 seconds elapsed, finished iteration 305
[LightGBM] [Debug] Trained a tree with leaves = 255 and depth = 16
[LightGBM] [Info] Iteration:306, valid_1 auc : 0.801418
[LightGBM] [Info] 930.744122 seconds elapsed, finished iteration 306
[LightGBM] [Debug] Trained a tree with leaves = 255 and depth = 17
[LightGBM] [Info] Iteration:307, valid_1 auc : 0.801431
[LightGBM] [Info] 932.716349 seconds elapsed, finished iteration 307
[LightGBM] [Debug] Trained a tree with leaves = 255 and depth = 20
[LightGBM] [Info] Iteration:308, valid_1 auc : 0.801444
[LightGBM] [Info] 934.848655 seconds elapsed, finished iteration 308
[LightGBM] [Debug] Trained a tree with leaves = 255 and depth = 22
[LightGBM] [Info] Iteration:309, valid_1 auc : 0.801457
[LightGBM] [Info] 937.225454 seconds elapsed, finished iteration 309
[LightGBM] [Debug] Trained a tree with leaves = 255 and depth = 19
[LightGBM] [Info] Iteration:310, valid_1 auc : 0.801475
[LightGBM] [Info] 939.596564 seconds elapsed, finished iteration 310
[LightGBM] [Debug] Trained a tree with leaves = 255 and depth = 19
[LightGBM] [Info] Iteration:311, valid_1 auc : 0.801485
[LightGBM] [Info] 941.675797 seconds elapsed, finished iteration 311
[LightGBM] [Debug] Trained a tree with leaves = 255 and depth = 23
[LightGBM] [Info] Iteration:312, valid_1 auc : 0.80149
[LightGBM] [Info] 943.448386 seconds elapsed, finished iteration 312
[LightGBM] [Debug] Trained a tree with leaves = 255 and depth = 21
[LightGBM] [Info] Iteration:313, valid_1 auc : 0.801498
[LightGBM] [Info] 945.525638 seconds elapsed, finished iteration 313
[LightGBM] [Debug] Trained a tree with leaves = 255 and depth = 24
[LightGBM] [Info] Iteration:314, valid_1 auc : 0.801506
[LightGBM] [Info] 947.897960 seconds elapsed, finished iteration 314
[LightGBM] [Debug] Trained a tree with leaves = 255 and depth = 21
[LightGBM] [Info] Iteration:315, valid_1 auc : 0.801515
[LightGBM] [Info] 950.738273 seconds elapsed, finished iteration 315
[LightGBM] [Debug] Trained a tree with leaves = 255 and depth = 17
[LightGBM] [Info] Iteration:316, valid_1 auc : 0.801523
[LightGBM] [Info] 953.602700 seconds elapsed, finished iteration 316
[LightGBM] [Debug] Trained a tree with leaves = 255 and depth = 30
[LightGBM] [Info] Iteration:317, valid_1 auc : 0.801535
[LightGBM] [Info] 956.078475 seconds elapsed, finished iteration 317
[LightGBM] [Debug] Trained a tree with leaves = 255 and depth = 19
[LightGBM] [Info] Iteration:318, valid_1 auc : 0.801541
[LightGBM] [Info] 957.884368 seconds elapsed, finished iteration 318
[LightGBM] [Debug] Trained a tree with leaves = 255 and depth = 18
[LightGBM] [Info] Iteration:319, valid_1 auc : 0.801578
[LightGBM] [Info] 960.413117 seconds elapsed, finished iteration 319
[LightGBM] [Debug] Trained a tree with leaves = 255 and depth = 20
[LightGBM] [Info] Iteration:320, valid_1 auc : 0.801584
[LightGBM] [Info] 962.122599 seconds elapsed, finished iteration 320
[LightGBM] [Debug] Trained a tree with leaves = 255 and depth = 19
[LightGBM] [Info] Iteration:321, valid_1 auc : 0.801597
[LightGBM] [Info] 964.661002 seconds elapsed, finished iteration 321
[LightGBM] [Debug] Trained a tree with leaves = 255 and depth = 24
[LightGBM] [Info] Iteration:322, valid_1 auc : 0.80161
[LightGBM] [Info] 966.457009 seconds elapsed, finished iteration 322
[LightGBM] [Debug] Trained a tree with leaves = 255 and depth = 31
[LightGBM] [Info] Iteration:323, valid_1 auc : 0.801622
[LightGBM] [Info] 970.318463 seconds elapsed, finished iteration 323
[LightGBM] [Debug] Trained a tree with leaves = 255 and depth = 20
[LightGBM] [Info] Iteration:324, valid_1 auc : 0.801628
[LightGBM] [Info] 972.676511 seconds elapsed, finished iteration 324
[LightGBM] [Debug] Trained a tree with leaves = 255 and depth = 18
[LightGBM] [Info] Iteration:325, valid_1 auc : 0.801634
[LightGBM] [Info] 974.849245 seconds elapsed, finished iteration 325
[LightGBM] [Debug] Trained a tree with leaves = 255 and depth = 17
[LightGBM] [Info] Iteration:326, valid_1 auc : 0.801652
[LightGBM] [Info] 977.868941 seconds elapsed, finished iteration 326
[LightGBM] [Debug] Trained a tree with leaves = 255 and depth = 30
[LightGBM] [Info] Iteration:327, valid_1 auc : 0.801666
[LightGBM] [Info] 980.924861 seconds elapsed, finished iteration 327
[LightGBM] [Debug] Trained a tree with leaves = 255 and depth = 18
[LightGBM] [Info] Iteration:328, valid_1 auc : 0.80168
[LightGBM] [Info] 983.277844 seconds elapsed, finished iteration 328
[LightGBM] [Debug] Trained a tree with leaves = 255 and depth = 21
[LightGBM] [Info] Iteration:329, valid_1 auc : 0.801694
[LightGBM] [Info] 986.146599 seconds elapsed, finished iteration 329
[LightGBM] [Debug] Trained a tree with leaves = 255 and depth = 21
[LightGBM] [Info] Iteration:330, valid_1 auc : 0.80171
[LightGBM] [Info] 988.804201 seconds elapsed, finished iteration 330
[LightGBM] [Debug] Trained a tree with leaves = 255 and depth = 17
[LightGBM] [Info] Iteration:331, valid_1 auc : 0.801714
[LightGBM] [Info] 990.610454 seconds elapsed, finished iteration 331
[LightGBM] [Debug] Trained a tree with leaves = 255 and depth = 21
[LightGBM] [Info] Iteration:332, valid_1 auc : 0.801724
[LightGBM] [Info] 993.038891 seconds elapsed, finished iteration 332
[LightGBM] [Debug] Trained a tree with leaves = 255 and depth = 17
[LightGBM] [Info] Iteration:333, valid_1 auc : 0.80173
[LightGBM] [Info] 994.990282 seconds elapsed, finished iteration 333
[LightGBM] [Debug] Trained a tree with leaves = 255 and depth = 19
[LightGBM] [Info] Iteration:334, valid_1 auc : 0.801746
[LightGBM] [Info] 997.322216 seconds elapsed, finished iteration 334
[LightGBM] [Debug] Trained a tree with leaves = 255 and depth = 22
[LightGBM] [Info] Iteration:335, valid_1 auc : 0.801759
[LightGBM] [Info] 1000.160487 seconds elapsed, finished iteration 335
[LightGBM] [Debug] Trained a tree with leaves = 255 and depth = 20
[LightGBM] [Info] Iteration:336, valid_1 auc : 0.801775
[LightGBM] [Info] 1002.437183 seconds elapsed, finished iteration 336
[LightGBM] [Debug] Trained a tree with leaves = 255 and depth = 19
[LightGBM] [Info] Iteration:337, valid_1 auc : 0.801785
[LightGBM] [Info] 1004.556554 seconds elapsed, finished iteration 337
[LightGBM] [Debug] Trained a tree with leaves = 255 and depth = 25
[LightGBM] [Info] Iteration:338, valid_1 auc : 0.801789
[LightGBM] [Info] 1006.715405 seconds elapsed, finished iteration 338
[LightGBM] [Debug] Trained a tree with leaves = 255 and depth = 23
[LightGBM] [Info] Iteration:339, valid_1 auc : 0.8018
[LightGBM] [Info] 1009.044665 seconds elapsed, finished iteration 339
[LightGBM] [Debug] Trained a tree with leaves = 255 and depth = 19
[LightGBM] [Info] Iteration:340, valid_1 auc : 0.80181
[LightGBM] [Info] 1011.198520 seconds elapsed, finished iteration 340
[LightGBM] [Debug] Trained a tree with leaves = 255 and depth = 24
[LightGBM] [Info] Iteration:341, valid_1 auc : 0.801821
[LightGBM] [Info] 1013.356190 seconds elapsed, finished iteration 341
[LightGBM] [Debug] Trained a tree with leaves = 255 and depth = 20
[LightGBM] [Info] Iteration:342, valid_1 auc : 0.80184
[LightGBM] [Info] 1016.178193 seconds elapsed, finished iteration 342
[LightGBM] [Debug] Trained a tree with leaves = 255 and depth = 23
[LightGBM] [Info] Iteration:343, valid_1 auc : 0.801855
[LightGBM] [Info] 1018.330832 seconds elapsed, finished iteration 343
[LightGBM] [Debug] Trained a tree with leaves = 255 and depth = 20
[LightGBM] [Info] Iteration:344, valid_1 auc : 0.801863
[LightGBM] [Info] 1020.626408 seconds elapsed, finished iteration 344
[LightGBM] [Debug] Trained a tree with leaves = 255 and depth = 24
[LightGBM] [Info] Iteration:345, valid_1 auc : 0.801878
[LightGBM] [Info] 1023.059860 seconds elapsed, finished iteration 345
[LightGBM] [Debug] Trained a tree with leaves = 255 and depth = 21
[LightGBM] [Info] Iteration:346, valid_1 auc : 0.801895
[LightGBM] [Info] 1025.791793 seconds elapsed, finished iteration 346
[LightGBM] [Debug] Trained a tree with leaves = 255 and depth = 23
[LightGBM] [Info] Iteration:347, valid_1 auc : 0.801902
[LightGBM] [Info] 1027.829533 seconds elapsed, finished iteration 347
[LightGBM] [Debug] Trained a tree with leaves = 255 and depth = 24
[LightGBM] [Info] Iteration:348, valid_1 auc : 0.801915
[LightGBM] [Info] 1030.339329 seconds elapsed, finished iteration 348
[LightGBM] [Debug] Trained a tree with leaves = 255 and depth = 21
[LightGBM] [Info] Iteration:349, valid_1 auc : 0.801926
[LightGBM] [Info] 1033.016317 seconds elapsed, finished iteration 349
[LightGBM] [Debug] Trained a tree with leaves = 255 and depth = 23
[LightGBM] [Info] Iteration:350, valid_1 auc : 0.801935
[LightGBM] [Info] 1035.932871 seconds elapsed, finished iteration 350
[LightGBM] [Debug] Trained a tree with leaves = 255 and depth = 20
[LightGBM] [Info] Iteration:351, valid_1 auc : 0.801949
[LightGBM] [Info] 1038.469039 seconds elapsed, finished iteration 351
[LightGBM] [Debug] Trained a tree with leaves = 255 and depth = 24
[LightGBM] [Info] Iteration:352, valid_1 auc : 0.801958
[LightGBM] [Info] 1041.215595 seconds elapsed, finished iteration 352
[LightGBM] [Debug] Trained a tree with leaves = 255 and depth = 21
[LightGBM] [Info] Iteration:353, valid_1 auc : 0.801966
[LightGBM] [Info] 1044.045950 seconds elapsed, finished iteration 353
[LightGBM] [Debug] Trained a tree with leaves = 255 and depth = 18
[LightGBM] [Info] Iteration:354, valid_1 auc : 0.801981
[LightGBM] [Info] 1046.175197 seconds elapsed, finished iteration 354
[LightGBM] [Debug] Trained a tree with leaves = 255 and depth = 20
[LightGBM] [Info] Iteration:355, valid_1 auc : 0.802003
[LightGBM] [Info] 1048.514403 seconds elapsed, finished iteration 355
[LightGBM] [Debug] Trained a tree with leaves = 255 and depth = 22
[LightGBM] [Info] Iteration:356, valid_1 auc : 0.802009
[LightGBM] [Info] 1050.701563 seconds elapsed, finished iteration 356
[LightGBM] [Debug] Trained a tree with leaves = 255 and depth = 20
[LightGBM] [Info] Iteration:357, valid_1 auc : 0.802012
[LightGBM] [Info] 1052.745173 seconds elapsed, finished iteration 357
[LightGBM] [Debug] Trained a tree with leaves = 255 and depth = 18
[LightGBM] [Info] Iteration:358, valid_1 auc : 0.802022
[LightGBM] [Info] 1055.557720 seconds elapsed, finished iteration 358
[LightGBM] [Debug] Trained a tree with leaves = 255 and depth = 21
[LightGBM] [Info] Iteration:359, valid_1 auc : 0.802024
[LightGBM] [Info] 1057.945979 seconds elapsed, finished iteration 359
[LightGBM] [Debug] Trained a tree with leaves = 255 and depth = 21
[LightGBM] [Info] Iteration:360, valid_1 auc : 0.802032
[LightGBM] [Info] 1060.701146 seconds elapsed, finished iteration 360
[LightGBM] [Debug] Trained a tree with leaves = 255 and depth = 25
[LightGBM] [Info] Iteration:361, valid_1 auc : 0.802044
[LightGBM] [Info] 1063.015835 seconds elapsed, finished iteration 361
[LightGBM] [Debug] Trained a tree with leaves = 255 and depth = 19
[LightGBM] [Info] Iteration:362, valid_1 auc : 0.802071
[LightGBM] [Info] 1065.874419 seconds elapsed, finished iteration 362
[LightGBM] [Debug] Trained a tree with leaves = 255 and depth = 26
[LightGBM] [Info] Iteration:363, valid_1 auc : 0.802074
[LightGBM] [Info] 1068.477967 seconds elapsed, finished iteration 363
[LightGBM] [Debug] Trained a tree with leaves = 255 and depth = 26
[LightGBM] [Info] Iteration:364, valid_1 auc : 0.802084
[LightGBM] [Info] 1071.058065 seconds elapsed, finished iteration 364
[LightGBM] [Debug] Trained a tree with leaves = 255 and depth = 26
[LightGBM] [Info] Iteration:365, valid_1 auc : 0.802096
[LightGBM] [Info] 1072.902615 seconds elapsed, finished iteration 365
[LightGBM] [Debug] Trained a tree with leaves = 255 and depth = 28
[LightGBM] [Info] Iteration:366, valid_1 auc : 0.802114
[LightGBM] [Info] 1075.150875 seconds elapsed, finished iteration 366
[LightGBM] [Debug] Trained a tree with leaves = 255 and depth = 27
[LightGBM] [Info] Iteration:367, valid_1 auc : 0.802133
[LightGBM] [Info] 1077.284798 seconds elapsed, finished iteration 367
[LightGBM] [Debug] Trained a tree with leaves = 255 and depth = 23
[LightGBM] [Info] Iteration:368, valid_1 auc : 0.802144
[LightGBM] [Info] 1080.009492 seconds elapsed, finished iteration 368
[LightGBM] [Debug] Trained a tree with leaves = 255 and depth = 19
[LightGBM] [Info] Iteration:369, valid_1 auc : 0.802148
[LightGBM] [Info] 1081.664476 seconds elapsed, finished iteration 369
[LightGBM] [Debug] Trained a tree with leaves = 255 and depth = 25
[LightGBM] [Info] Iteration:370, valid_1 auc : 0.802154
[LightGBM] [Info] 1083.470590 seconds elapsed, finished iteration 370
[LightGBM] [Debug] Trained a tree with leaves = 255 and depth = 17
[LightGBM] [Info] Iteration:371, valid_1 auc : 0.802162
[LightGBM] [Info] 1085.970727 seconds elapsed, finished iteration 371
[LightGBM] [Debug] Trained a tree with leaves = 255 and depth = 25
[LightGBM] [Info] Iteration:372, valid_1 auc : 0.802165
[LightGBM] [Info] 1087.729628 seconds elapsed, finished iteration 372
[LightGBM] [Debug] Trained a tree with leaves = 255 and depth = 16
[LightGBM] [Info] Iteration:373, valid_1 auc : 0.802177
[LightGBM] [Info] 1090.233417 seconds elapsed, finished iteration 373
[LightGBM] [Debug] Trained a tree with leaves = 255 and depth = 16
[LightGBM] [Info] Iteration:374, valid_1 auc : 0.802187
[LightGBM] [Info] 1092.386758 seconds elapsed, finished iteration 374
[LightGBM] [Debug] Trained a tree with leaves = 255 and depth = 22
[LightGBM] [Info] Iteration:375, valid_1 auc : 0.802194
[LightGBM] [Info] 1094.174794 seconds elapsed, finished iteration 375
[LightGBM] [Debug] Trained a tree with leaves = 255 and depth = 21
[LightGBM] [Info] Iteration:376, valid_1 auc : 0.802198
[LightGBM] [Info] 1096.342159 seconds elapsed, finished iteration 376
[LightGBM] [Debug] Trained a tree with leaves = 255 and depth = 17
[LightGBM] [Info] Iteration:377, valid_1 auc : 0.802204
[LightGBM] [Info] 1098.489027 seconds elapsed, finished iteration 377
[LightGBM] [Debug] Trained a tree with leaves = 255 and depth = 20
[LightGBM] [Info] Iteration:378, valid_1 auc : 0.802208
[LightGBM] [Info] 1100.425100 seconds elapsed, finished iteration 378
[LightGBM] [Debug] Trained a tree with leaves = 255 and depth = 26
[LightGBM] [Info] Iteration:379, valid_1 auc : 0.802213
[LightGBM] [Info] 1102.304488 seconds elapsed, finished iteration 379
[LightGBM] [Debug] Trained a tree with leaves = 255 and depth = 21
[LightGBM] [Info] Iteration:380, valid_1 auc : 0.80222
[LightGBM] [Info] 1104.258955 seconds elapsed, finished iteration 380
[LightGBM] [Debug] Trained a tree with leaves = 255 and depth = 17
[LightGBM] [Info] Iteration:381, valid_1 auc : 0.802226
[LightGBM] [Info] 1106.945387 seconds elapsed, finished iteration 381
[LightGBM] [Debug] Trained a tree with leaves = 255 and depth = 22
[LightGBM] [Info] Iteration:382, valid_1 auc : 0.802236
[LightGBM] [Info] 1109.256514 seconds elapsed, finished iteration 382
[LightGBM] [Debug] Trained a tree with leaves = 255 and depth = 17
[LightGBM] [Info] Iteration:383, valid_1 auc : 0.802241
[LightGBM] [Info] 1112.240175 seconds elapsed, finished iteration 383
[LightGBM] [Debug] Trained a tree with leaves = 255 and depth = 19
[LightGBM] [Info] Iteration:384, valid_1 auc : 0.802247
[LightGBM] [Info] 1114.084468 seconds elapsed, finished iteration 384
[LightGBM] [Debug] Trained a tree with leaves = 255 and depth = 23
[LightGBM] [Info] Iteration:385, valid_1 auc : 0.802263
[LightGBM] [Info] 1116.246474 seconds elapsed, finished iteration 385
[LightGBM] [Debug] Trained a tree with leaves = 255 and depth = 20
[LightGBM] [Info] Iteration:386, valid_1 auc : 0.802275
[LightGBM] [Info] 1118.947599 seconds elapsed, finished iteration 386
[LightGBM] [Debug] Trained a tree with leaves = 255 and depth = 27
[LightGBM] [Info] Iteration:387, valid_1 auc : 0.802289
[LightGBM] [Info] 1120.476656 seconds elapsed, finished iteration 387
[LightGBM] [Debug] Trained a tree with leaves = 255 and depth = 19
[LightGBM] [Info] Iteration:388, valid_1 auc : 0.802304
[LightGBM] [Info] 1122.769399 seconds elapsed, finished iteration 388
[LightGBM] [Debug] Trained a tree with leaves = 255 and depth = 20
[LightGBM] [Info] Iteration:389, valid_1 auc : 0.80231
[LightGBM] [Info] 1124.219525 seconds elapsed, finished iteration 389
[LightGBM] [Debug] Trained a tree with leaves = 255 and depth = 21
[LightGBM] [Info] Iteration:390, valid_1 auc : 0.802318
[LightGBM] [Info] 1126.837780 seconds elapsed, finished iteration 390
[LightGBM] [Debug] Trained a tree with leaves = 255 and depth = 20
[LightGBM] [Info] Iteration:391, valid_1 auc : 0.802325
[LightGBM] [Info] 1129.073154 seconds elapsed, finished iteration 391
[LightGBM] [Debug] Trained a tree with leaves = 255 and depth = 20
[LightGBM] [Info] Iteration:392, valid_1 auc : 0.80233
[LightGBM] [Info] 1131.197952 seconds elapsed, finished iteration 392
[LightGBM] [Debug] Trained a tree with leaves = 255 and depth = 20
[LightGBM] [Info] Iteration:393, valid_1 auc : 0.802351
[LightGBM] [Info] 1133.808266 seconds elapsed, finished iteration 393
[LightGBM] [Debug] Trained a tree with leaves = 255 and depth = 24
[LightGBM] [Info] Iteration:394, valid_1 auc : 0.802361
[LightGBM] [Info] 1135.690584 seconds elapsed, finished iteration 394
[LightGBM] [Debug] Trained a tree with leaves = 255 and depth = 22
[LightGBM] [Info] Iteration:395, valid_1 auc : 0.802367
[LightGBM] [Info] 1138.046403 seconds elapsed, finished iteration 395
[LightGBM] [Debug] Trained a tree with leaves = 255 and depth = 23
[LightGBM] [Info] Iteration:396, valid_1 auc : 0.802369
[LightGBM] [Info] 1140.180757 seconds elapsed, finished iteration 396
[LightGBM] [Debug] Trained a tree with leaves = 255 and depth = 18
[LightGBM] [Info] Iteration:397, valid_1 auc : 0.802376
[LightGBM] [Info] 1142.444335 seconds elapsed, finished iteration 397
[LightGBM] [Debug] Trained a tree with leaves = 255 and depth = 20
[LightGBM] [Info] Iteration:398, valid_1 auc : 0.802384
[LightGBM] [Info] 1144.577694 seconds elapsed, finished iteration 398
[LightGBM] [Debug] Trained a tree with leaves = 255 and depth = 24
[LightGBM] [Info] Iteration:399, valid_1 auc : 0.802392
[LightGBM] [Info] 1147.039545 seconds elapsed, finished iteration 399
[LightGBM] [Debug] Trained a tree with leaves = 255 and depth = 26
[LightGBM] [Info] Iteration:400, valid_1 auc : 0.802396
[LightGBM] [Info] 1148.936352 seconds elapsed, finished iteration 400
[LightGBM] [Debug] Trained a tree with leaves = 255 and depth = 20
[LightGBM] [Info] Iteration:401, valid_1 auc : 0.802374
[LightGBM] [Info] 1150.963055 seconds elapsed, finished iteration 401
[LightGBM] [Debug] Trained a tree with leaves = 255 and depth = 18
[LightGBM] [Info] Iteration:402, valid_1 auc : 0.802382
[LightGBM] [Info] 1153.051896 seconds elapsed, finished iteration 402
[LightGBM] [Debug] Trained a tree with leaves = 255 and depth = 18
[LightGBM] [Info] Iteration:403, valid_1 auc : 0.80239
[LightGBM] [Info] 1155.518439 seconds elapsed, finished iteration 403
[LightGBM] [Debug] Trained a tree with leaves = 255 and depth = 23
[LightGBM] [Info] Iteration:404, valid_1 auc : 0.802401
[LightGBM] [Info] 1157.926153 seconds elapsed, finished iteration 404
[LightGBM] [Debug] Trained a tree with leaves = 255 and depth = 21
[LightGBM] [Info] Iteration:405, valid_1 auc : 0.802408
[LightGBM] [Info] 1160.226827 seconds elapsed, finished iteration 405
[LightGBM] [Debug] Trained a tree with leaves = 255 and depth = 22
[LightGBM] [Info] Iteration:406, valid_1 auc : 0.802416
[LightGBM] [Info] 1162.716267 seconds elapsed, finished iteration 406
[LightGBM] [Debug] Trained a tree with leaves = 255 and depth = 22
[LightGBM] [Info] Iteration:407, valid_1 auc : 0.802426
[LightGBM] [Info] 1165.365813 seconds elapsed, finished iteration 407
[LightGBM] [Debug] Trained a tree with leaves = 255 and depth = 20
[LightGBM] [Info] Iteration:408, valid_1 auc : 0.802434
[LightGBM] [Info] 1167.437826 seconds elapsed, finished iteration 408
[LightGBM] [Debug] Trained a tree with leaves = 255 and depth = 20
[LightGBM] [Info] Iteration:409, valid_1 auc : 0.80244
[LightGBM] [Info] 1169.918194 seconds elapsed, finished iteration 409
[LightGBM] [Debug] Trained a tree with leaves = 255 and depth = 21
[LightGBM] [Info] Iteration:410, valid_1 auc : 0.802443
[LightGBM] [Info] 1171.876520 seconds elapsed, finished iteration 410
[LightGBM] [Debug] Trained a tree with leaves = 255 and depth = 18
[LightGBM] [Info] Iteration:411, valid_1 auc : 0.802459
[LightGBM] [Info] 1174.247426 seconds elapsed, finished iteration 411
[LightGBM] [Debug] Trained a tree with leaves = 255 and depth = 18
[LightGBM] [Info] Iteration:412, valid_1 auc : 0.802482
[LightGBM] [Info] 1176.698099 seconds elapsed, finished iteration 412
[LightGBM] [Debug] Trained a tree with leaves = 255 and depth = 19
[LightGBM] [Info] Iteration:413, valid_1 auc : 0.8025
[LightGBM] [Info] 1179.397738 seconds elapsed, finished iteration 413
[LightGBM] [Debug] Trained a tree with leaves = 255 and depth = 22
[LightGBM] [Info] Iteration:414, valid_1 auc : 0.802508
[LightGBM] [Info] 1181.541535 seconds elapsed, finished iteration 414
[LightGBM] [Debug] Trained a tree with leaves = 255 and depth = 24
[LightGBM] [Info] Iteration:415, valid_1 auc : 0.802516
[LightGBM] [Info] 1183.391468 seconds elapsed, finished iteration 415
[LightGBM] [Debug] Trained a tree with leaves = 255 and depth = 24
[LightGBM] [Info] Iteration:416, valid_1 auc : 0.802528
[LightGBM] [Info] 1185.803397 seconds elapsed, finished iteration 416
[LightGBM] [Debug] Trained a tree with leaves = 255 and depth = 21
[LightGBM] [Info] Iteration:417, valid_1 auc : 0.802544
[LightGBM] [Info] 1187.499029 seconds elapsed, finished iteration 417
[LightGBM] [Debug] Trained a tree with leaves = 255 and depth = 21
[LightGBM] [Info] Iteration:418, valid_1 auc : 0.802553
[LightGBM] [Info] 1189.396437 seconds elapsed, finished iteration 418
[LightGBM] [Debug] Trained a tree with leaves = 255 and depth = 19
[LightGBM] [Info] Iteration:419, valid_1 auc : 0.802562
[LightGBM] [Info] 1191.697885 seconds elapsed, finished iteration 419
[LightGBM] [Debug] Trained a tree with leaves = 255 and depth = 22
[LightGBM] [Info] Iteration:420, valid_1 auc : 0.802587
[LightGBM] [Info] 1193.477681 seconds elapsed, finished iteration 420
[LightGBM] [Debug] Trained a tree with leaves = 255 and depth = 34
[LightGBM] [Info] Iteration:421, valid_1 auc : 0.802593
[LightGBM] [Info] 1195.113319 seconds elapsed, finished iteration 421
[LightGBM] [Debug] Trained a tree with leaves = 255 and depth = 17
[LightGBM] [Info] Iteration:422, valid_1 auc : 0.802606
[LightGBM] [Info] 1197.532600 seconds elapsed, finished iteration 422
[LightGBM] [Debug] Trained a tree with leaves = 255 and depth = 18
[LightGBM] [Info] Iteration:423, valid_1 auc : 0.802606
[LightGBM] [Info] 1199.075980 seconds elapsed, finished iteration 423
[LightGBM] [Debug] Trained a tree with leaves = 255 and depth = 20
[LightGBM] [Info] Iteration:424, valid_1 auc : 0.802625
[LightGBM] [Info] 1201.564364 seconds elapsed, finished iteration 424
[LightGBM] [Debug] Trained a tree with leaves = 255 and depth = 18
[LightGBM] [Info] Iteration:425, valid_1 auc : 0.802638
[LightGBM] [Info] 1203.831180 seconds elapsed, finished iteration 425
[LightGBM] [Debug] Trained a tree with leaves = 255 and depth = 22
[LightGBM] [Info] Iteration:426, valid_1 auc : 0.802645
[LightGBM] [Info] 1207.114082 seconds elapsed, finished iteration 426
[LightGBM] [Debug] Trained a tree with leaves = 255 and depth = 19
[LightGBM] [Info] Iteration:427, valid_1 auc : 0.802647
[LightGBM] [Info] 1208.595087 seconds elapsed, finished iteration 427
[LightGBM] [Debug] Trained a tree with leaves = 255 and depth = 22
[LightGBM] [Info] Iteration:428, valid_1 auc : 0.80265
[LightGBM] [Info] 1210.551517 seconds elapsed, finished iteration 428
[LightGBM] [Debug] Trained a tree with leaves = 255 and depth = 21
[LightGBM] [Info] Iteration:429, valid_1 auc : 0.802662
[LightGBM] [Info] 1212.820074 seconds elapsed, finished iteration 429
[LightGBM] [Debug] Trained a tree with leaves = 255 and depth = 23
[LightGBM] [Info] Iteration:430, valid_1 auc : 0.80267
[LightGBM] [Info] 1214.992374 seconds elapsed, finished iteration 430
[LightGBM] [Debug] Trained a tree with leaves = 255 and depth = 20
[LightGBM] [Info] Iteration:431, valid_1 auc : 0.802679
[LightGBM] [Info] 1217.749823 seconds elapsed, finished iteration 431
[LightGBM] [Debug] Trained a tree with leaves = 255 and depth = 21
[LightGBM] [Info] Iteration:432, valid_1 auc : 0.802696
[LightGBM] [Info] 1219.764301 seconds elapsed, finished iteration 432
[LightGBM] [Debug] Trained a tree with leaves = 255 and depth = 21
[LightGBM] [Info] Iteration:433, valid_1 auc : 0.802705
[LightGBM] [Info] 1221.648805 seconds elapsed, finished iteration 433
[LightGBM] [Debug] Trained a tree with leaves = 255 and depth = 17
[LightGBM] [Info] Iteration:434, valid_1 auc : 0.802708
[LightGBM] [Info] 1223.528201 seconds elapsed, finished iteration 434
[LightGBM] [Debug] Trained a tree with leaves = 255 and depth = 26
[LightGBM] [Info] Iteration:435, valid_1 auc : 0.802716
[LightGBM] [Info] 1225.218219 seconds elapsed, finished iteration 435
[LightGBM] [Debug] Trained a tree with leaves = 255 and depth = 17
[LightGBM] [Info] Iteration:436, valid_1 auc : 0.802717
[LightGBM] [Info] 1226.835251 seconds elapsed, finished iteration 436
[LightGBM] [Debug] Trained a tree with leaves = 255 and depth = 19
[LightGBM] [Info] Iteration:437, valid_1 auc : 0.802729
[LightGBM] [Info] 1228.933369 seconds elapsed, finished iteration 437
[LightGBM] [Debug] Trained a tree with leaves = 255 and depth = 20
[LightGBM] [Info] Iteration:438, valid_1 auc : 0.802739
[LightGBM] [Info] 1231.208135 seconds elapsed, finished iteration 438
[LightGBM] [Debug] Trained a tree with leaves = 255 and depth = 23
[LightGBM] [Info] Iteration:439, valid_1 auc : 0.802741
[LightGBM] [Info] 1233.261486 seconds elapsed, finished iteration 439
[LightGBM] [Debug] Trained a tree with leaves = 255 and depth = 20
[LightGBM] [Info] Iteration:440, valid_1 auc : 0.802754
[LightGBM] [Info] 1235.481696 seconds elapsed, finished iteration 440
[LightGBM] [Debug] Trained a tree with leaves = 255 and depth = 23
[LightGBM] [Info] Iteration:441, valid_1 auc : 0.802757
[LightGBM] [Info] 1237.420585 seconds elapsed, finished iteration 441
[LightGBM] [Debug] Trained a tree with leaves = 255 and depth = 20
[LightGBM] [Info] Iteration:442, valid_1 auc : 0.802767
[LightGBM] [Info] 1239.310030 seconds elapsed, finished iteration 442
[LightGBM] [Debug] Trained a tree with leaves = 255 and depth = 20
[LightGBM] [Info] Iteration:443, valid_1 auc : 0.802776
[LightGBM] [Info] 1241.819607 seconds elapsed, finished iteration 443
[LightGBM] [Debug] Trained a tree with leaves = 255 and depth = 21
[LightGBM] [Info] Iteration:444, valid_1 auc : 0.802782
[LightGBM] [Info] 1244.182903 seconds elapsed, finished iteration 444
[LightGBM] [Debug] Trained a tree with leaves = 255 and depth = 18
[LightGBM] [Info] Iteration:445, valid_1 auc : 0.802792
[LightGBM] [Info] 1246.988422 seconds elapsed, finished iteration 445
[LightGBM] [Debug] Trained a tree with leaves = 255 and depth = 22
[LightGBM] [Info] Iteration:446, valid_1 auc : 0.802798
[LightGBM] [Info] 1248.997367 seconds elapsed, finished iteration 446
[LightGBM] [Debug] Trained a tree with leaves = 255 and depth = 27
[LightGBM] [Info] Iteration:447, valid_1 auc : 0.802808
[LightGBM] [Info] 1251.471385 seconds elapsed, finished iteration 447
[LightGBM] [Debug] Trained a tree with leaves = 255 and depth = 20
[LightGBM] [Info] Iteration:448, valid_1 auc : 0.802816
[LightGBM] [Info] 1253.592125 seconds elapsed, finished iteration 448
[LightGBM] [Debug] Trained a tree with leaves = 255 and depth = 20
[LightGBM] [Info] Iteration:449, valid_1 auc : 0.802818
[LightGBM] [Info] 1255.108208 seconds elapsed, finished iteration 449
[LightGBM] [Debug] Trained a tree with leaves = 255 and depth = 23
[LightGBM] [Info] Iteration:450, valid_1 auc : 0.80283
[LightGBM] [Info] 1257.660888 seconds elapsed, finished iteration 450
[LightGBM] [Debug] Trained a tree with leaves = 255 and depth = 21
[LightGBM] [Info] Iteration:451, valid_1 auc : 0.802835
[LightGBM] [Info] 1259.921774 seconds elapsed, finished iteration 451
[LightGBM] [Debug] Trained a tree with leaves = 255 and depth = 22
[LightGBM] [Info] Iteration:452, valid_1 auc : 0.802838
[LightGBM] [Info] 1261.997302 seconds elapsed, finished iteration 452
[LightGBM] [Debug] Trained a tree with leaves = 255 and depth = 23
[LightGBM] [Info] Iteration:453, valid_1 auc : 0.802848
[LightGBM] [Info] 1263.935745 seconds elapsed, finished iteration 453
[LightGBM] [Debug] Trained a tree with leaves = 255 and depth = 21
[LightGBM] [Info] Iteration:454, valid_1 auc : 0.802858
[LightGBM] [Info] 1266.444854 seconds elapsed, finished iteration 454
[LightGBM] [Debug] Trained a tree with leaves = 255 and depth = 20
[LightGBM] [Info] Iteration:455, valid_1 auc : 0.802874
[LightGBM] [Info] 1268.258242 seconds elapsed, finished iteration 455
[LightGBM] [Debug] Trained a tree with leaves = 255 and depth = 21
[LightGBM] [Info] Iteration:456, valid_1 auc : 0.802879
[LightGBM] [Info] 1269.997138 seconds elapsed, finished iteration 456
[LightGBM] [Debug] Trained a tree with leaves = 255 and depth = 20
[LightGBM] [Info] Iteration:457, valid_1 auc : 0.802881
[LightGBM] [Info] 1271.889298 seconds elapsed, finished iteration 457
[LightGBM] [Debug] Trained a tree with leaves = 255 and depth = 21
[LightGBM] [Info] Iteration:458, valid_1 auc : 0.802887
[LightGBM] [Info] 1273.659162 seconds elapsed, finished iteration 458
[LightGBM] [Debug] Trained a tree with leaves = 255 and depth = 21
[LightGBM] [Info] Iteration:459, valid_1 auc : 0.802891
[LightGBM] [Info] 1275.603146 seconds elapsed, finished iteration 459
[LightGBM] [Debug] Trained a tree with leaves = 255 and depth = 24
[LightGBM] [Info] Iteration:460, valid_1 auc : 0.802894
[LightGBM] [Info] 1277.247906 seconds elapsed, finished iteration 460
[LightGBM] [Debug] Trained a tree with leaves = 255 and depth = 23
[LightGBM] [Info] Iteration:461, valid_1 auc : 0.802899
[LightGBM] [Info] 1279.159305 seconds elapsed, finished iteration 461
[LightGBM] [Debug] Trained a tree with leaves = 255 and depth = 23
[LightGBM] [Info] Iteration:462, valid_1 auc : 0.802912
[LightGBM] [Info] 1281.355233 seconds elapsed, finished iteration 462
[LightGBM] [Debug] Trained a tree with leaves = 255 and depth = 21
[LightGBM] [Info] Iteration:463, valid_1 auc : 0.802909
[LightGBM] [Info] 1284.034285 seconds elapsed, finished iteration 463
[LightGBM] [Debug] Trained a tree with leaves = 255 and depth = 19
[LightGBM] [Info] Iteration:464, valid_1 auc : 0.802903
[LightGBM] [Info] 1286.008686 seconds elapsed, finished iteration 464
[LightGBM] [Debug] Trained a tree with leaves = 255 and depth = 21
[LightGBM] [Info] Iteration:465, valid_1 auc : 0.802907
[LightGBM] [Info] 1288.702274 seconds elapsed, finished iteration 465
[LightGBM] [Debug] Trained a tree with leaves = 255 and depth = 22
[LightGBM] [Info] Iteration:466, valid_1 auc : 0.802908
[LightGBM] [Info] 1290.680812 seconds elapsed, finished iteration 466
[LightGBM] [Debug] Trained a tree with leaves = 255 and depth = 22
[LightGBM] [Info] Iteration:467, valid_1 auc : 0.802913
[LightGBM] [Info] 1292.839539 seconds elapsed, finished iteration 467
[LightGBM] [Debug] Trained a tree with leaves = 255 and depth = 20
[LightGBM] [Info] Iteration:468, valid_1 auc : 0.80293
[LightGBM] [Info] 1294.952251 seconds elapsed, finished iteration 468
[LightGBM] [Debug] Trained a tree with leaves = 255 and depth = 24
[LightGBM] [Info] Iteration:469, valid_1 auc : 0.802938
[LightGBM] [Info] 1297.226533 seconds elapsed, finished iteration 469
[LightGBM] [Debug] Trained a tree with leaves = 255 and depth = 22
[LightGBM] [Info] Iteration:470, valid_1 auc : 0.802948
[LightGBM] [Info] 1298.988096 seconds elapsed, finished iteration 470
[LightGBM] [Debug] Trained a tree with leaves = 255 and depth = 27
[LightGBM] [Info] Iteration:471, valid_1 auc : 0.802953
[LightGBM] [Info] 1300.668161 seconds elapsed, finished iteration 471
[LightGBM] [Debug] Trained a tree with leaves = 255 and depth = 24
[LightGBM] [Info] Iteration:472, valid_1 auc : 0.802958
[LightGBM] [Info] 1302.653743 seconds elapsed, finished iteration 472
[LightGBM] [Debug] Trained a tree with leaves = 255 and depth = 22
[LightGBM] [Info] Iteration:473, valid_1 auc : 0.802968
[LightGBM] [Info] 1304.522397 seconds elapsed, finished iteration 473
[LightGBM] [Debug] Trained a tree with leaves = 255 and depth = 19
[LightGBM] [Info] Iteration:474, valid_1 auc : 0.802977
[LightGBM] [Info] 1306.458345 seconds elapsed, finished iteration 474
[LightGBM] [Debug] Trained a tree with leaves = 255 and depth = 23
[LightGBM] [Info] Iteration:475, valid_1 auc : 0.802981
[LightGBM] [Info] 1308.447349 seconds elapsed, finished iteration 475
[LightGBM] [Debug] Trained a tree with leaves = 255 and depth = 24
[LightGBM] [Info] Iteration:476, valid_1 auc : 0.80299
[LightGBM] [Info] 1310.900385 seconds elapsed, finished iteration 476
[LightGBM] [Debug] Trained a tree with leaves = 255 and depth = 21
[LightGBM] [Info] Iteration:477, valid_1 auc : 0.802997
[LightGBM] [Info] 1313.013982 seconds elapsed, finished iteration 477
[LightGBM] [Debug] Trained a tree with leaves = 255 and depth = 24
[LightGBM] [Info] Iteration:478, valid_1 auc : 0.802999
[LightGBM] [Info] 1314.963792 seconds elapsed, finished iteration 478
[LightGBM] [Debug] Trained a tree with leaves = 255 and depth = 19
[LightGBM] [Info] Iteration:479, valid_1 auc : 0.803003
[LightGBM] [Info] 1316.585241 seconds elapsed, finished iteration 479
[LightGBM] [Debug] Trained a tree with leaves = 255 and depth = 18
[LightGBM] [Info] Iteration:480, valid_1 auc : 0.803008
[LightGBM] [Info] 1318.607188 seconds elapsed, finished iteration 480
[LightGBM] [Debug] Trained a tree with leaves = 255 and depth = 26
[LightGBM] [Info] Iteration:481, valid_1 auc : 0.803012
[LightGBM] [Info] 1320.279357 seconds elapsed, finished iteration 481
[LightGBM] [Debug] Trained a tree with leaves = 255 and depth = 21
[LightGBM] [Info] Iteration:482, valid_1 auc : 0.80302
[LightGBM] [Info] 1322.289143 seconds elapsed, finished iteration 482
[LightGBM] [Debug] Trained a tree with leaves = 255 and depth = 19
[LightGBM] [Info] Iteration:483, valid_1 auc : 0.803026
[LightGBM] [Info] 1324.294281 seconds elapsed, finished iteration 483
[LightGBM] [Debug] Trained a tree with leaves = 255 and depth = 22
[LightGBM] [Info] Iteration:484, valid_1 auc : 0.803034
[LightGBM] [Info] 1326.086738 seconds elapsed, finished iteration 484
[LightGBM] [Debug] Trained a tree with leaves = 255 and depth = 22
[LightGBM] [Info] Iteration:485, valid_1 auc : 0.803045
[LightGBM] [Info] 1327.987693 seconds elapsed, finished iteration 485
[LightGBM] [Debug] Trained a tree with leaves = 255 and depth = 20
[LightGBM] [Info] Iteration:486, valid_1 auc : 0.803054
[LightGBM] [Info] 1330.346675 seconds elapsed, finished iteration 486
[LightGBM] [Debug] Trained a tree with leaves = 255 and depth = 22
[LightGBM] [Info] Iteration:487, valid_1 auc : 0.803059
[LightGBM] [Info] 1332.347897 seconds elapsed, finished iteration 487
[LightGBM] [Debug] Trained a tree with leaves = 255 and depth = 21
[LightGBM] [Info] Iteration:488, valid_1 auc : 0.803069
[LightGBM] [Info] 1334.520048 seconds elapsed, finished iteration 488
[LightGBM] [Debug] Trained a tree with leaves = 255 and depth = 19
[LightGBM] [Info] Iteration:489, valid_1 auc : 0.803077
[LightGBM] [Info] 1336.245591 seconds elapsed, finished iteration 489
[LightGBM] [Debug] Trained a tree with leaves = 255 and depth = 17
[LightGBM] [Info] Iteration:490, valid_1 auc : 0.803086
[LightGBM] [Info] 1338.391751 seconds elapsed, finished iteration 490
[LightGBM] [Debug] Trained a tree with leaves = 255 and depth = 20
[LightGBM] [Info] Iteration:491, valid_1 auc : 0.803092
[LightGBM] [Info] 1340.312715 seconds elapsed, finished iteration 491
[LightGBM] [Debug] Trained a tree with leaves = 255 and depth = 31
[LightGBM] [Info] Iteration:492, valid_1 auc : 0.803096
[LightGBM] [Info] 1342.311913 seconds elapsed, finished iteration 492
[LightGBM] [Debug] Trained a tree with leaves = 255 and depth = 20
[LightGBM] [Info] Iteration:493, valid_1 auc : 0.8031
[LightGBM] [Info] 1344.299811 seconds elapsed, finished iteration 493
[LightGBM] [Debug] Trained a tree with leaves = 255 and depth = 21
[LightGBM] [Info] Iteration:494, valid_1 auc : 0.803105
[LightGBM] [Info] 1346.036551 seconds elapsed, finished iteration 494
[LightGBM] [Debug] Trained a tree with leaves = 255 and depth = 28
[LightGBM] [Info] Iteration:495, valid_1 auc : 0.803118
[LightGBM] [Info] 1348.111178 seconds elapsed, finished iteration 495
[LightGBM] [Debug] Trained a tree with leaves = 255 and depth = 17
[LightGBM] [Info] Iteration:496, valid_1 auc : 0.803129
[LightGBM] [Info] 1351.151939 seconds elapsed, finished iteration 496
[LightGBM] [Debug] Trained a tree with leaves = 255 and depth = 29
[LightGBM] [Info] Iteration:497, valid_1 auc : 0.803131
[LightGBM] [Info] 1352.791139 seconds elapsed, finished iteration 497
[LightGBM] [Debug] Trained a tree with leaves = 255 and depth = 29
[LightGBM] [Info] Iteration:498, valid_1 auc : 0.803131
[LightGBM] [Info] 1354.243383 seconds elapsed, finished iteration 498
[LightGBM] [Debug] Trained a tree with leaves = 255 and depth = 25
[LightGBM] [Info] Iteration:499, valid_1 auc : 0.803138
[LightGBM] [Info] 1356.182235 seconds elapsed, finished iteration 499
[LightGBM] [Debug] Trained a tree with leaves = 255 and depth = 20
[LightGBM] [Info] Iteration:500, valid_1 auc : 0.803142
[LightGBM] [Info] 1357.924924 seconds elapsed, finished iteration 500
[LightGBM] [Info] Finished training
