[LightGBM] [Warning] num_threads is set=24, num_threads=16 will be ignored. Current value: num_threads=24
[LightGBM] [Warning] device_type is set=cuda, device_type=cpu will be ignored. Current value: device_type=cuda
[LightGBM] [Warning] use_discretized_grad is set=true, use_discretized_grad=true will be ignored. Current value: use_discretized_grad=true
[LightGBM] [Warning] discretized_grad_renew is set=true, discretized_grad_renew=true will be ignored. Current value: discretized_grad_renew=true
[LightGBM] [Warning] force_row_wise is set=false, force_row_wise=true will be ignored. Current value: force_row_wise=false
[LightGBM] [Info] Finished loading parameters
[LightGBM] [Debug] Loading train file...
[LightGBM] [Info] Loading query boundaries...
[LightGBM] [Warning] Using sparse features with CUDA is currently not supported.
[LightGBM] [Info] Construct bin mappers from text data time 10.03 seconds
[LightGBM] [Debug] Number of queries in /home/shiyu/boosting_tree_benchmarks/data/yahoo.train: 19944. Average number of rows per query: 23.723125.
[LightGBM] [Info] Finished loading data in 13.834588 seconds
[LightGBM] [Debug] Dataset::GetMultiBinFromAllFeatures: sparse rate 0.562601
[LightGBM] [Info] Total Bins 83500
[LightGBM] [Info] Number of data points in the train set: 473134, number of used features: 519
[LightGBM] [Info] Finished initializing training
[LightGBM] [Info] Started training...
[LightGBM] [Debug] Trained a tree with leaves = 255
[LightGBM] [Info] 0.058808 seconds elapsed, finished iteration 1
[LightGBM] [Debug] Trained a tree with leaves = 255
[LightGBM] [Info] 0.111544 seconds elapsed, finished iteration 2
[LightGBM] [Debug] Trained a tree with leaves = 255
[LightGBM] [Info] 0.162689 seconds elapsed, finished iteration 3
[LightGBM] [Debug] Trained a tree with leaves = 255
[LightGBM] [Info] 0.215968 seconds elapsed, finished iteration 4
[LightGBM] [Debug] Trained a tree with leaves = 255
[LightGBM] [Info] 0.266048 seconds elapsed, finished iteration 5
[LightGBM] [Debug] Trained a tree with leaves = 255
[LightGBM] [Info] 0.319055 seconds elapsed, finished iteration 6
[LightGBM] [Debug] Trained a tree with leaves = 255
[LightGBM] [Info] 0.370635 seconds elapsed, finished iteration 7
[LightGBM] [Debug] Trained a tree with leaves = 255
[LightGBM] [Info] 0.422623 seconds elapsed, finished iteration 8
[LightGBM] [Debug] Trained a tree with leaves = 255
[LightGBM] [Info] 0.474996 seconds elapsed, finished iteration 9
[LightGBM] [Debug] Trained a tree with leaves = 255
[LightGBM] [Info] 0.524323 seconds elapsed, finished iteration 10
[LightGBM] [Debug] Trained a tree with leaves = 255
[LightGBM] [Info] 0.576224 seconds elapsed, finished iteration 11
[LightGBM] [Debug] Trained a tree with leaves = 255
[LightGBM] [Info] 0.625819 seconds elapsed, finished iteration 12
[LightGBM] [Debug] Trained a tree with leaves = 255
[LightGBM] [Info] 0.675191 seconds elapsed, finished iteration 13
[LightGBM] [Debug] Trained a tree with leaves = 255
[LightGBM] [Info] 0.733107 seconds elapsed, finished iteration 14
[LightGBM] [Debug] Trained a tree with leaves = 255
[LightGBM] [Info] 0.785395 seconds elapsed, finished iteration 15
[LightGBM] [Debug] Trained a tree with leaves = 255
[LightGBM] [Info] 0.839918 seconds elapsed, finished iteration 16
[LightGBM] [Debug] Trained a tree with leaves = 255
[LightGBM] [Info] 0.888835 seconds elapsed, finished iteration 17
[LightGBM] [Debug] Trained a tree with leaves = 255
[LightGBM] [Info] 0.938015 seconds elapsed, finished iteration 18
[LightGBM] [Debug] Trained a tree with leaves = 255
[LightGBM] [Info] 0.987152 seconds elapsed, finished iteration 19
[LightGBM] [Debug] Trained a tree with leaves = 255
[LightGBM] [Info] 1.036122 seconds elapsed, finished iteration 20
[LightGBM] [Debug] Trained a tree with leaves = 255
[LightGBM] [Info] 1.085840 seconds elapsed, finished iteration 21
[LightGBM] [Debug] Trained a tree with leaves = 255
[LightGBM] [Info] 1.138384 seconds elapsed, finished iteration 22
[LightGBM] [Debug] Trained a tree with leaves = 255
[LightGBM] [Info] 1.187091 seconds elapsed, finished iteration 23
[LightGBM] [Debug] Trained a tree with leaves = 255
[LightGBM] [Info] 1.243642 seconds elapsed, finished iteration 24
[LightGBM] [Debug] Trained a tree with leaves = 255
[LightGBM] [Info] 1.295352 seconds elapsed, finished iteration 25
[LightGBM] [Debug] Trained a tree with leaves = 255
[LightGBM] [Info] 1.344810 seconds elapsed, finished iteration 26
[LightGBM] [Debug] Trained a tree with leaves = 255
[LightGBM] [Info] 1.394671 seconds elapsed, finished iteration 27
[LightGBM] [Debug] Trained a tree with leaves = 255
[LightGBM] [Info] 1.456244 seconds elapsed, finished iteration 28
[LightGBM] [Debug] Trained a tree with leaves = 255
[LightGBM] [Info] 1.505305 seconds elapsed, finished iteration 29
[LightGBM] [Debug] Trained a tree with leaves = 255
[LightGBM] [Info] 1.554402 seconds elapsed, finished iteration 30
[LightGBM] [Debug] Trained a tree with leaves = 255
[LightGBM] [Info] 1.603484 seconds elapsed, finished iteration 31
[LightGBM] [Debug] Trained a tree with leaves = 255
[LightGBM] [Info] 1.653253 seconds elapsed, finished iteration 32
[LightGBM] [Debug] Trained a tree with leaves = 255
[LightGBM] [Info] 1.711035 seconds elapsed, finished iteration 33
[LightGBM] [Debug] Trained a tree with leaves = 255
[LightGBM] [Info] 1.760689 seconds elapsed, finished iteration 34
[LightGBM] [Debug] Trained a tree with leaves = 255
[LightGBM] [Info] 1.815483 seconds elapsed, finished iteration 35
[LightGBM] [Debug] Trained a tree with leaves = 255
[LightGBM] [Info] 1.865498 seconds elapsed, finished iteration 36
[LightGBM] [Debug] Trained a tree with leaves = 255
[LightGBM] [Info] 1.915104 seconds elapsed, finished iteration 37
[LightGBM] [Debug] Trained a tree with leaves = 255
[LightGBM] [Info] 1.966890 seconds elapsed, finished iteration 38
[LightGBM] [Debug] Trained a tree with leaves = 255
[LightGBM] [Info] 2.015852 seconds elapsed, finished iteration 39
[LightGBM] [Debug] Trained a tree with leaves = 255
[LightGBM] [Info] 2.064959 seconds elapsed, finished iteration 40
[LightGBM] [Debug] Trained a tree with leaves = 255
[LightGBM] [Info] 2.122137 seconds elapsed, finished iteration 41
[LightGBM] [Debug] Trained a tree with leaves = 255
[LightGBM] [Info] 2.173952 seconds elapsed, finished iteration 42
[LightGBM] [Debug] Trained a tree with leaves = 255
[LightGBM] [Info] 2.223694 seconds elapsed, finished iteration 43
[LightGBM] [Debug] Trained a tree with leaves = 255
[LightGBM] [Info] 2.273251 seconds elapsed, finished iteration 44
[LightGBM] [Debug] Trained a tree with leaves = 255
[LightGBM] [Info] 2.322942 seconds elapsed, finished iteration 45
[LightGBM] [Debug] Trained a tree with leaves = 255
[LightGBM] [Info] 2.372068 seconds elapsed, finished iteration 46
[LightGBM] [Debug] Trained a tree with leaves = 255
[LightGBM] [Info] 2.424885 seconds elapsed, finished iteration 47
[LightGBM] [Debug] Trained a tree with leaves = 255
[LightGBM] [Info] 2.474784 seconds elapsed, finished iteration 48
[LightGBM] [Debug] Trained a tree with leaves = 255
[LightGBM] [Info] 2.525028 seconds elapsed, finished iteration 49
[LightGBM] [Debug] Trained a tree with leaves = 255
[LightGBM] [Info] 2.577581 seconds elapsed, finished iteration 50
[LightGBM] [Debug] Trained a tree with leaves = 255
[LightGBM] [Info] 2.627584 seconds elapsed, finished iteration 51
[LightGBM] [Debug] Trained a tree with leaves = 255
[LightGBM] [Info] 2.677191 seconds elapsed, finished iteration 52
[LightGBM] [Debug] Trained a tree with leaves = 255
[LightGBM] [Info] 2.726711 seconds elapsed, finished iteration 53
[LightGBM] [Debug] Trained a tree with leaves = 255
[LightGBM] [Info] 2.779265 seconds elapsed, finished iteration 54
[LightGBM] [Debug] Trained a tree with leaves = 255
[LightGBM] [Info] 2.828511 seconds elapsed, finished iteration 55
[LightGBM] [Debug] Trained a tree with leaves = 255
[LightGBM] [Info] 2.878100 seconds elapsed, finished iteration 56
[LightGBM] [Debug] Trained a tree with leaves = 255
[LightGBM] [Info] 2.927779 seconds elapsed, finished iteration 57
[LightGBM] [Debug] Trained a tree with leaves = 255
[LightGBM] [Info] 2.991074 seconds elapsed, finished iteration 58
[LightGBM] [Debug] Trained a tree with leaves = 255
[LightGBM] [Info] 3.041865 seconds elapsed, finished iteration 59
[LightGBM] [Debug] Trained a tree with leaves = 255
[LightGBM] [Info] 3.092512 seconds elapsed, finished iteration 60
[LightGBM] [Debug] Trained a tree with leaves = 255
[LightGBM] [Info] 3.142132 seconds elapsed, finished iteration 61
[LightGBM] [Debug] Trained a tree with leaves = 255
[LightGBM] [Info] 3.192046 seconds elapsed, finished iteration 62
[LightGBM] [Debug] Trained a tree with leaves = 255
[LightGBM] [Info] 3.241617 seconds elapsed, finished iteration 63
[LightGBM] [Debug] Trained a tree with leaves = 255
[LightGBM] [Info] 3.293291 seconds elapsed, finished iteration 64
[LightGBM] [Debug] Trained a tree with leaves = 255
[LightGBM] [Info] 3.345024 seconds elapsed, finished iteration 65
[LightGBM] [Debug] Trained a tree with leaves = 255
[LightGBM] [Info] 3.394716 seconds elapsed, finished iteration 66
[LightGBM] [Debug] Trained a tree with leaves = 255
[LightGBM] [Info] 3.444712 seconds elapsed, finished iteration 67
[LightGBM] [Debug] Trained a tree with leaves = 255
[LightGBM] [Info] 3.494742 seconds elapsed, finished iteration 68
[LightGBM] [Debug] Trained a tree with leaves = 255
[LightGBM] [Info] 3.546500 seconds elapsed, finished iteration 69
[LightGBM] [Debug] Trained a tree with leaves = 255
[LightGBM] [Info] 3.594872 seconds elapsed, finished iteration 70
[LightGBM] [Debug] Trained a tree with leaves = 255
[LightGBM] [Info] 3.648440 seconds elapsed, finished iteration 71
[LightGBM] [Debug] Trained a tree with leaves = 255
[LightGBM] [Info] 3.702803 seconds elapsed, finished iteration 72
[LightGBM] [Debug] Trained a tree with leaves = 255
[LightGBM] [Info] 3.753613 seconds elapsed, finished iteration 73
[LightGBM] [Debug] Trained a tree with leaves = 255
[LightGBM] [Info] 3.803248 seconds elapsed, finished iteration 74
[LightGBM] [Debug] Trained a tree with leaves = 255
[LightGBM] [Info] 3.858229 seconds elapsed, finished iteration 75
[LightGBM] [Debug] Trained a tree with leaves = 255
[LightGBM] [Info] 3.916192 seconds elapsed, finished iteration 76
[LightGBM] [Debug] Trained a tree with leaves = 255
[LightGBM] [Info] 3.972024 seconds elapsed, finished iteration 77
[LightGBM] [Debug] Trained a tree with leaves = 255
[LightGBM] [Info] 4.023615 seconds elapsed, finished iteration 78
[LightGBM] [Debug] Trained a tree with leaves = 255
[LightGBM] [Info] 4.073245 seconds elapsed, finished iteration 79
[LightGBM] [Debug] Trained a tree with leaves = 255
[LightGBM] [Info] 4.122824 seconds elapsed, finished iteration 80
[LightGBM] [Debug] Trained a tree with leaves = 255
[LightGBM] [Info] 4.172100 seconds elapsed, finished iteration 81
[LightGBM] [Debug] Trained a tree with leaves = 255
[LightGBM] [Info] 4.225072 seconds elapsed, finished iteration 82
[LightGBM] [Debug] Trained a tree with leaves = 255
[LightGBM] [Info] 4.275029 seconds elapsed, finished iteration 83
[LightGBM] [Debug] Trained a tree with leaves = 255
[LightGBM] [Info] 4.324390 seconds elapsed, finished iteration 84
[LightGBM] [Debug] Trained a tree with leaves = 255
[LightGBM] [Info] 4.373824 seconds elapsed, finished iteration 85
[LightGBM] [Debug] Trained a tree with leaves = 255
[LightGBM] [Info] 4.423498 seconds elapsed, finished iteration 86
[LightGBM] [Debug] Trained a tree with leaves = 255
[LightGBM] [Info] 4.475300 seconds elapsed, finished iteration 87
[LightGBM] [Debug] Trained a tree with leaves = 255
[LightGBM] [Info] 4.524154 seconds elapsed, finished iteration 88
[LightGBM] [Debug] Trained a tree with leaves = 255
[LightGBM] [Info] 4.573452 seconds elapsed, finished iteration 89
[LightGBM] [Debug] Trained a tree with leaves = 255
[LightGBM] [Info] 4.622525 seconds elapsed, finished iteration 90
[LightGBM] [Debug] Trained a tree with leaves = 255
[LightGBM] [Info] 4.690281 seconds elapsed, finished iteration 91
[LightGBM] [Debug] Trained a tree with leaves = 255
[LightGBM] [Info] 4.742582 seconds elapsed, finished iteration 92
[LightGBM] [Debug] Trained a tree with leaves = 255
[LightGBM] [Info] 4.792629 seconds elapsed, finished iteration 93
[LightGBM] [Debug] Trained a tree with leaves = 255
[LightGBM] [Info] 4.842533 seconds elapsed, finished iteration 94
[LightGBM] [Debug] Trained a tree with leaves = 255
[LightGBM] [Info] 4.892958 seconds elapsed, finished iteration 95
[LightGBM] [Debug] Trained a tree with leaves = 255
[LightGBM] [Info] 4.942810 seconds elapsed, finished iteration 96
[LightGBM] [Debug] Trained a tree with leaves = 255
[LightGBM] [Info] 4.992388 seconds elapsed, finished iteration 97
[LightGBM] [Debug] Trained a tree with leaves = 255
[LightGBM] [Info] 5.041939 seconds elapsed, finished iteration 98
[LightGBM] [Debug] Trained a tree with leaves = 255
[LightGBM] [Info] 5.091324 seconds elapsed, finished iteration 99
[LightGBM] [Debug] Trained a tree with leaves = 255
[LightGBM] [Info] 5.141588 seconds elapsed, finished iteration 100
[LightGBM] [Debug] Trained a tree with leaves = 255
[LightGBM] [Info] 5.190963 seconds elapsed, finished iteration 101
[LightGBM] [Debug] Trained a tree with leaves = 255
[LightGBM] [Info] 5.240555 seconds elapsed, finished iteration 102
[LightGBM] [Debug] Trained a tree with leaves = 255
[LightGBM] [Info] 5.292641 seconds elapsed, finished iteration 103
[LightGBM] [Debug] Trained a tree with leaves = 255
[LightGBM] [Info] 5.342634 seconds elapsed, finished iteration 104
[LightGBM] [Debug] Trained a tree with leaves = 255
[LightGBM] [Info] 5.392855 seconds elapsed, finished iteration 105
[LightGBM] [Debug] Trained a tree with leaves = 255
[LightGBM] [Info] 5.443792 seconds elapsed, finished iteration 106
[LightGBM] [Debug] Trained a tree with leaves = 255
[LightGBM] [Info] 5.497491 seconds elapsed, finished iteration 107
[LightGBM] [Debug] Trained a tree with leaves = 255
[LightGBM] [Info] 5.547177 seconds elapsed, finished iteration 108
[LightGBM] [Debug] Trained a tree with leaves = 255
[LightGBM] [Info] 5.596686 seconds elapsed, finished iteration 109
[LightGBM] [Debug] Trained a tree with leaves = 255
[LightGBM] [Info] 5.646246 seconds elapsed, finished iteration 110
[LightGBM] [Debug] Trained a tree with leaves = 255
[LightGBM] [Info] 5.696345 seconds elapsed, finished iteration 111
[LightGBM] [Debug] Trained a tree with leaves = 255
[LightGBM] [Info] 5.755845 seconds elapsed, finished iteration 112
[LightGBM] [Debug] Trained a tree with leaves = 255
[LightGBM] [Info] 5.812011 seconds elapsed, finished iteration 113
[LightGBM] [Debug] Trained a tree with leaves = 255
[LightGBM] [Info] 5.866893 seconds elapsed, finished iteration 114
[LightGBM] [Debug] Trained a tree with leaves = 255
[LightGBM] [Info] 5.917212 seconds elapsed, finished iteration 115
[LightGBM] [Debug] Trained a tree with leaves = 255
[LightGBM] [Info] 5.969438 seconds elapsed, finished iteration 116
[LightGBM] [Debug] Trained a tree with leaves = 255
[LightGBM] [Info] 6.028851 seconds elapsed, finished iteration 117
[LightGBM] [Debug] Trained a tree with leaves = 255
[LightGBM] [Info] 6.089641 seconds elapsed, finished iteration 118
[LightGBM] [Debug] Trained a tree with leaves = 255
[LightGBM] [Info] 6.141828 seconds elapsed, finished iteration 119
[LightGBM] [Debug] Trained a tree with leaves = 255
[LightGBM] [Info] 6.192629 seconds elapsed, finished iteration 120
[LightGBM] [Debug] Trained a tree with leaves = 255
[LightGBM] [Info] 6.244027 seconds elapsed, finished iteration 121
[LightGBM] [Debug] Trained a tree with leaves = 255
[LightGBM] [Info] 6.292458 seconds elapsed, finished iteration 122
[LightGBM] [Debug] Trained a tree with leaves = 255
[LightGBM] [Info] 6.344482 seconds elapsed, finished iteration 123
[LightGBM] [Debug] Trained a tree with leaves = 255
[LightGBM] [Info] 6.394794 seconds elapsed, finished iteration 124
[LightGBM] [Debug] Trained a tree with leaves = 255
[LightGBM] [Info] 6.444758 seconds elapsed, finished iteration 125
[LightGBM] [Debug] Trained a tree with leaves = 255
[LightGBM] [Info] 6.494785 seconds elapsed, finished iteration 126
[LightGBM] [Debug] Trained a tree with leaves = 255
[LightGBM] [Info] 6.544926 seconds elapsed, finished iteration 127
[LightGBM] [Debug] Trained a tree with leaves = 255
[LightGBM] [Info] 6.594561 seconds elapsed, finished iteration 128
[LightGBM] [Debug] Trained a tree with leaves = 255
[LightGBM] [Info] 6.658270 seconds elapsed, finished iteration 129
[LightGBM] [Debug] Trained a tree with leaves = 255
[LightGBM] [Info] 6.711029 seconds elapsed, finished iteration 130
[LightGBM] [Debug] Trained a tree with leaves = 255
[LightGBM] [Info] 6.763685 seconds elapsed, finished iteration 131
[LightGBM] [Debug] Trained a tree with leaves = 255
[LightGBM] [Info] 6.813229 seconds elapsed, finished iteration 132
[LightGBM] [Debug] Trained a tree with leaves = 255
[LightGBM] [Info] 6.863892 seconds elapsed, finished iteration 133
[LightGBM] [Debug] Trained a tree with leaves = 255
[LightGBM] [Info] 6.913220 seconds elapsed, finished iteration 134
[LightGBM] [Debug] Trained a tree with leaves = 255
[LightGBM] [Info] 6.963031 seconds elapsed, finished iteration 135
[LightGBM] [Debug] Trained a tree with leaves = 255
[LightGBM] [Info] 7.012859 seconds elapsed, finished iteration 136
[LightGBM] [Debug] Trained a tree with leaves = 255
[LightGBM] [Info] 7.063290 seconds elapsed, finished iteration 137
[LightGBM] [Debug] Trained a tree with leaves = 255
[LightGBM] [Info] 7.112696 seconds elapsed, finished iteration 138
[LightGBM] [Debug] Trained a tree with leaves = 255
[LightGBM] [Info] 7.162687 seconds elapsed, finished iteration 139
[LightGBM] [Debug] Trained a tree with leaves = 255
[LightGBM] [Info] 7.213034 seconds elapsed, finished iteration 140
[LightGBM] [Debug] Trained a tree with leaves = 255
[LightGBM] [Info] 7.265695 seconds elapsed, finished iteration 141
[LightGBM] [Debug] Trained a tree with leaves = 255
[LightGBM] [Info] 7.315643 seconds elapsed, finished iteration 142
[LightGBM] [Debug] Trained a tree with leaves = 255
[LightGBM] [Info] 7.365278 seconds elapsed, finished iteration 143
[LightGBM] [Debug] Trained a tree with leaves = 255
[LightGBM] [Info] 7.416098 seconds elapsed, finished iteration 144
[LightGBM] [Debug] Trained a tree with leaves = 255
[LightGBM] [Info] 7.467404 seconds elapsed, finished iteration 145
[LightGBM] [Debug] Trained a tree with leaves = 255
[LightGBM] [Info] 7.521375 seconds elapsed, finished iteration 146
[LightGBM] [Debug] Trained a tree with leaves = 255
[LightGBM] [Info] 7.571388 seconds elapsed, finished iteration 147
[LightGBM] [Debug] Trained a tree with leaves = 255
[LightGBM] [Info] 7.621350 seconds elapsed, finished iteration 148
[LightGBM] [Debug] Trained a tree with leaves = 255
[LightGBM] [Info] 7.671388 seconds elapsed, finished iteration 149
[LightGBM] [Debug] Trained a tree with leaves = 255
[LightGBM] [Info] 7.721974 seconds elapsed, finished iteration 150
[LightGBM] [Debug] Trained a tree with leaves = 255
[LightGBM] [Info] 7.773347 seconds elapsed, finished iteration 151
[LightGBM] [Debug] Trained a tree with leaves = 255
[LightGBM] [Info] 7.824093 seconds elapsed, finished iteration 152
[LightGBM] [Debug] Trained a tree with leaves = 255
[LightGBM] [Info] 7.874166 seconds elapsed, finished iteration 153
[LightGBM] [Debug] Trained a tree with leaves = 255
[LightGBM] [Info] 7.926998 seconds elapsed, finished iteration 154
[LightGBM] [Debug] Trained a tree with leaves = 255
[LightGBM] [Info] 7.976687 seconds elapsed, finished iteration 155
[LightGBM] [Debug] Trained a tree with leaves = 255
[LightGBM] [Info] 8.027441 seconds elapsed, finished iteration 156
[LightGBM] [Debug] Trained a tree with leaves = 255
[LightGBM] [Info] 8.077790 seconds elapsed, finished iteration 157
[LightGBM] [Debug] Trained a tree with leaves = 255
[LightGBM] [Info] 8.131090 seconds elapsed, finished iteration 158
[LightGBM] [Debug] Trained a tree with leaves = 255
[LightGBM] [Info] 8.189539 seconds elapsed, finished iteration 159
[LightGBM] [Debug] Trained a tree with leaves = 255
[LightGBM] [Info] 8.250840 seconds elapsed, finished iteration 160
[LightGBM] [Debug] Trained a tree with leaves = 255
[LightGBM] [Info] 8.302058 seconds elapsed, finished iteration 161
[LightGBM] [Debug] Trained a tree with leaves = 255
[LightGBM] [Info] 8.357533 seconds elapsed, finished iteration 162
[LightGBM] [Debug] Trained a tree with leaves = 255
[LightGBM] [Info] 8.408155 seconds elapsed, finished iteration 163
[LightGBM] [Debug] Trained a tree with leaves = 255
[LightGBM] [Info] 8.458715 seconds elapsed, finished iteration 164
[LightGBM] [Debug] Trained a tree with leaves = 255
[LightGBM] [Info] 8.509753 seconds elapsed, finished iteration 165
[LightGBM] [Debug] Trained a tree with leaves = 255
[LightGBM] [Info] 8.562559 seconds elapsed, finished iteration 166
[LightGBM] [Warning] No further splits with positive gain, training stopped with 254 leaves.
[LightGBM] [Debug] Trained a tree with leaves = 254
[LightGBM] [Info] 8.613248 seconds elapsed, finished iteration 167
[LightGBM] [Debug] Trained a tree with leaves = 255
[LightGBM] [Info] 8.663117 seconds elapsed, finished iteration 168
[LightGBM] [Debug] Trained a tree with leaves = 255
[LightGBM] [Info] 8.712838 seconds elapsed, finished iteration 169
[LightGBM] [Debug] Trained a tree with leaves = 255
[LightGBM] [Info] 8.762587 seconds elapsed, finished iteration 170
[LightGBM] [Warning] No further splits with positive gain, training stopped with 247 leaves.
[LightGBM] [Debug] Trained a tree with leaves = 247
[LightGBM] [Info] 8.812448 seconds elapsed, finished iteration 171
[LightGBM] [Debug] Trained a tree with leaves = 255
[LightGBM] [Info] 8.875918 seconds elapsed, finished iteration 172
[LightGBM] [Debug] Trained a tree with leaves = 255
[LightGBM] [Info] 8.926689 seconds elapsed, finished iteration 173
[LightGBM] [Warning] No further splits with positive gain, training stopped with 254 leaves.
[LightGBM] [Debug] Trained a tree with leaves = 254
[LightGBM] [Info] 8.977683 seconds elapsed, finished iteration 174
[LightGBM] [Debug] Trained a tree with leaves = 255
[LightGBM] [Info] 9.027875 seconds elapsed, finished iteration 175
[LightGBM] [Warning] No further splits with positive gain, training stopped with 251 leaves.
[LightGBM] [Debug] Trained a tree with leaves = 251
[LightGBM] [Info] 9.079783 seconds elapsed, finished iteration 176
[LightGBM] [Debug] Trained a tree with leaves = 255
[LightGBM] [Info] 9.129853 seconds elapsed, finished iteration 177
[LightGBM] [Debug] Trained a tree with leaves = 255
[LightGBM] [Info] 9.179359 seconds elapsed, finished iteration 178
[LightGBM] [Debug] Trained a tree with leaves = 255
[LightGBM] [Info] 9.229618 seconds elapsed, finished iteration 179
[LightGBM] [Warning] No further splits with positive gain, training stopped with 246 leaves.
[LightGBM] [Debug] Trained a tree with leaves = 246
[LightGBM] [Info] 9.278496 seconds elapsed, finished iteration 180
[LightGBM] [Debug] Trained a tree with leaves = 255
[LightGBM] [Info] 9.328759 seconds elapsed, finished iteration 181
[LightGBM] [Warning] No further splits with positive gain, training stopped with 248 leaves.
[LightGBM] [Debug] Trained a tree with leaves = 248
[LightGBM] [Info] 9.378006 seconds elapsed, finished iteration 182
[LightGBM] [Warning] No further splits with positive gain, training stopped with 251 leaves.
[LightGBM] [Debug] Trained a tree with leaves = 251
[LightGBM] [Info] 9.427668 seconds elapsed, finished iteration 183
[LightGBM] [Warning] No further splits with positive gain, training stopped with 250 leaves.
[LightGBM] [Debug] Trained a tree with leaves = 250
[LightGBM] [Info] 9.477469 seconds elapsed, finished iteration 184
[LightGBM] [Warning] No further splits with positive gain, training stopped with 254 leaves.
[LightGBM] [Debug] Trained a tree with leaves = 254
[LightGBM] [Info] 9.531485 seconds elapsed, finished iteration 185
[LightGBM] [Warning] No further splits with positive gain, training stopped with 252 leaves.
[LightGBM] [Debug] Trained a tree with leaves = 252
[LightGBM] [Info] 9.582298 seconds elapsed, finished iteration 186
[LightGBM] [Debug] Trained a tree with leaves = 255
[LightGBM] [Info] 9.633981 seconds elapsed, finished iteration 187
[LightGBM] [Warning] No further splits with positive gain, training stopped with 251 leaves.
[LightGBM] [Debug] Trained a tree with leaves = 251
[LightGBM] [Info] 9.684370 seconds elapsed, finished iteration 188
[LightGBM] [Warning] No further splits with positive gain, training stopped with 248 leaves.
[LightGBM] [Debug] Trained a tree with leaves = 248
[LightGBM] [Info] 9.735534 seconds elapsed, finished iteration 189
[LightGBM] [Warning] No further splits with positive gain, training stopped with 253 leaves.
[LightGBM] [Debug] Trained a tree with leaves = 253
[LightGBM] [Info] 9.786428 seconds elapsed, finished iteration 190
[LightGBM] [Warning] No further splits with positive gain, training stopped with 249 leaves.
[LightGBM] [Debug] Trained a tree with leaves = 249
[LightGBM] [Info] 9.836167 seconds elapsed, finished iteration 191
[LightGBM] [Warning] No further splits with positive gain, training stopped with 252 leaves.
[LightGBM] [Debug] Trained a tree with leaves = 252
[LightGBM] [Info] 9.890475 seconds elapsed, finished iteration 192
[LightGBM] [Warning] No further splits with positive gain, training stopped with 249 leaves.
[LightGBM] [Debug] Trained a tree with leaves = 249
[LightGBM] [Info] 9.940712 seconds elapsed, finished iteration 193
[LightGBM] [Debug] Trained a tree with leaves = 255
[LightGBM] [Info] 9.991723 seconds elapsed, finished iteration 194
[LightGBM] [Warning] No further splits with positive gain, training stopped with 250 leaves.
[LightGBM] [Debug] Trained a tree with leaves = 250
[LightGBM] [Info] 10.042151 seconds elapsed, finished iteration 195
[LightGBM] [Warning] No further splits with positive gain, training stopped with 253 leaves.
[LightGBM] [Debug] Trained a tree with leaves = 253
[LightGBM] [Info] 10.093477 seconds elapsed, finished iteration 196
[LightGBM] [Warning] No further splits with positive gain, training stopped with 250 leaves.
[LightGBM] [Debug] Trained a tree with leaves = 250
[LightGBM] [Info] 10.143191 seconds elapsed, finished iteration 197
[LightGBM] [Warning] No further splits with positive gain, training stopped with 248 leaves.
[LightGBM] [Debug] Trained a tree with leaves = 248
[LightGBM] [Info] 10.192482 seconds elapsed, finished iteration 198
[LightGBM] [Warning] No further splits with positive gain, training stopped with 254 leaves.
[LightGBM] [Debug] Trained a tree with leaves = 254
[LightGBM] [Info] 10.247158 seconds elapsed, finished iteration 199
[LightGBM] [Warning] No further splits with positive gain, training stopped with 249 leaves.
[LightGBM] [Debug] Trained a tree with leaves = 249
[LightGBM] [Info] 10.299623 seconds elapsed, finished iteration 200
[LightGBM] [Warning] No further splits with positive gain, training stopped with 247 leaves.
[LightGBM] [Debug] Trained a tree with leaves = 247
[LightGBM] [Info] 10.349594 seconds elapsed, finished iteration 201
[LightGBM] [Warning] No further splits with positive gain, training stopped with 247 leaves.
[LightGBM] [Debug] Trained a tree with leaves = 247
[LightGBM] [Info] 10.403718 seconds elapsed, finished iteration 202
[LightGBM] [Warning] No further splits with positive gain, training stopped with 250 leaves.
[LightGBM] [Debug] Trained a tree with leaves = 250
[LightGBM] [Info] 10.453252 seconds elapsed, finished iteration 203
[LightGBM] [Warning] No further splits with positive gain, training stopped with 248 leaves.
[LightGBM] [Debug] Trained a tree with leaves = 248
[LightGBM] [Info] 10.502860 seconds elapsed, finished iteration 204
[LightGBM] [Warning] No further splits with positive gain, training stopped with 246 leaves.
[LightGBM] [Debug] Trained a tree with leaves = 246
[LightGBM] [Info] 10.552475 seconds elapsed, finished iteration 205
[LightGBM] [Warning] No further splits with positive gain, training stopped with 253 leaves.
[LightGBM] [Debug] Trained a tree with leaves = 253
[LightGBM] [Info] 10.610144 seconds elapsed, finished iteration 206
[LightGBM] [Warning] No further splits with positive gain, training stopped with 248 leaves.
[LightGBM] [Debug] Trained a tree with leaves = 248
[LightGBM] [Info] 10.662363 seconds elapsed, finished iteration 207
[LightGBM] [Warning] No further splits with positive gain, training stopped with 248 leaves.
[LightGBM] [Debug] Trained a tree with leaves = 248
[LightGBM] [Info] 10.712271 seconds elapsed, finished iteration 208
[LightGBM] [Warning] No further splits with positive gain, training stopped with 245 leaves.
[LightGBM] [Debug] Trained a tree with leaves = 245
[LightGBM] [Info] 10.761961 seconds elapsed, finished iteration 209
[LightGBM] [Warning] No further splits with positive gain, training stopped with 248 leaves.
[LightGBM] [Debug] Trained a tree with leaves = 248
[LightGBM] [Info] 10.811545 seconds elapsed, finished iteration 210
[LightGBM] [Warning] No further splits with positive gain, training stopped with 252 leaves.
[LightGBM] [Debug] Trained a tree with leaves = 252
[LightGBM] [Info] 10.867739 seconds elapsed, finished iteration 211
[LightGBM] [Warning] No further splits with positive gain, training stopped with 248 leaves.
[LightGBM] [Debug] Trained a tree with leaves = 248
[LightGBM] [Info] 10.917160 seconds elapsed, finished iteration 212
[LightGBM] [Warning] No further splits with positive gain, training stopped with 250 leaves.
[LightGBM] [Debug] Trained a tree with leaves = 250
[LightGBM] [Info] 10.967243 seconds elapsed, finished iteration 213
[LightGBM] [Warning] No further splits with positive gain, training stopped with 246 leaves.
[LightGBM] [Debug] Trained a tree with leaves = 246
[LightGBM] [Info] 11.018368 seconds elapsed, finished iteration 214
[LightGBM] [Warning] No further splits with positive gain, training stopped with 250 leaves.
[LightGBM] [Debug] Trained a tree with leaves = 250
[LightGBM] [Info] 11.071360 seconds elapsed, finished iteration 215
[LightGBM] [Warning] No further splits with positive gain, training stopped with 244 leaves.
[LightGBM] [Debug] Trained a tree with leaves = 244
[LightGBM] [Info] 11.121063 seconds elapsed, finished iteration 216
[LightGBM] [Warning] No further splits with positive gain, training stopped with 248 leaves.
[LightGBM] [Debug] Trained a tree with leaves = 248
[LightGBM] [Info] 11.171258 seconds elapsed, finished iteration 217
[LightGBM] [Warning] No further splits with positive gain, training stopped with 245 leaves.
[LightGBM] [Debug] Trained a tree with leaves = 245
[LightGBM] [Info] 11.220410 seconds elapsed, finished iteration 218
[LightGBM] [Warning] No further splits with positive gain, training stopped with 248 leaves.
[LightGBM] [Debug] Trained a tree with leaves = 248
[LightGBM] [Info] 11.275236 seconds elapsed, finished iteration 219
[LightGBM] [Warning] No further splits with positive gain, training stopped with 244 leaves.
[LightGBM] [Debug] Trained a tree with leaves = 244
[LightGBM] [Info] 11.324685 seconds elapsed, finished iteration 220
[LightGBM] [Warning] No further splits with positive gain, training stopped with 249 leaves.
[LightGBM] [Debug] Trained a tree with leaves = 249
[LightGBM] [Info] 11.374309 seconds elapsed, finished iteration 221
[LightGBM] [Warning] No further splits with positive gain, training stopped with 242 leaves.
[LightGBM] [Debug] Trained a tree with leaves = 242
[LightGBM] [Info] 11.436886 seconds elapsed, finished iteration 222
[LightGBM] [Warning] No further splits with positive gain, training stopped with 249 leaves.
[LightGBM] [Debug] Trained a tree with leaves = 249
[LightGBM] [Info] 11.488113 seconds elapsed, finished iteration 223
[LightGBM] [Warning] No further splits with positive gain, training stopped with 239 leaves.
[LightGBM] [Debug] Trained a tree with leaves = 239
[LightGBM] [Info] 11.537103 seconds elapsed, finished iteration 224
[LightGBM] [Warning] No further splits with positive gain, training stopped with 248 leaves.
[LightGBM] [Debug] Trained a tree with leaves = 248
[LightGBM] [Info] 11.587264 seconds elapsed, finished iteration 225
[LightGBM] [Warning] No further splits with positive gain, training stopped with 251 leaves.
[LightGBM] [Debug] Trained a tree with leaves = 251
[LightGBM] [Info] 11.638467 seconds elapsed, finished iteration 226
[LightGBM] [Warning] No further splits with positive gain, training stopped with 247 leaves.
[LightGBM] [Debug] Trained a tree with leaves = 247
[LightGBM] [Info] 11.688225 seconds elapsed, finished iteration 227
[LightGBM] [Warning] No further splits with positive gain, training stopped with 250 leaves.
[LightGBM] [Debug] Trained a tree with leaves = 250
[LightGBM] [Info] 11.738584 seconds elapsed, finished iteration 228
[LightGBM] [Warning] No further splits with positive gain, training stopped with 245 leaves.
[LightGBM] [Debug] Trained a tree with leaves = 245
[LightGBM] [Info] 11.789693 seconds elapsed, finished iteration 229
[LightGBM] [Warning] No further splits with positive gain, training stopped with 250 leaves.
[LightGBM] [Debug] Trained a tree with leaves = 250
[LightGBM] [Info] 11.842291 seconds elapsed, finished iteration 230
[LightGBM] [Warning] No further splits with positive gain, training stopped with 241 leaves.
[LightGBM] [Debug] Trained a tree with leaves = 241
[LightGBM] [Info] 11.891477 seconds elapsed, finished iteration 231
[LightGBM] [Warning] No further splits with positive gain, training stopped with 243 leaves.
[LightGBM] [Debug] Trained a tree with leaves = 243
[LightGBM] [Info] 11.940399 seconds elapsed, finished iteration 232
[LightGBM] [Warning] No further splits with positive gain, training stopped with 244 leaves.
[LightGBM] [Debug] Trained a tree with leaves = 244
[LightGBM] [Info] 11.991316 seconds elapsed, finished iteration 233
[LightGBM] [Warning] No further splits with positive gain, training stopped with 249 leaves.
[LightGBM] [Debug] Trained a tree with leaves = 249
[LightGBM] [Info] 12.041379 seconds elapsed, finished iteration 234
[LightGBM] [Warning] No further splits with positive gain, training stopped with 244 leaves.
[LightGBM] [Debug] Trained a tree with leaves = 244
[LightGBM] [Info] 12.090591 seconds elapsed, finished iteration 235
[LightGBM] [Warning] No further splits with positive gain, training stopped with 250 leaves.
[LightGBM] [Debug] Trained a tree with leaves = 250
[LightGBM] [Info] 12.141008 seconds elapsed, finished iteration 236
[LightGBM] [Warning] No further splits with positive gain, training stopped with 243 leaves.
[LightGBM] [Debug] Trained a tree with leaves = 243
[LightGBM] [Info] 12.192518 seconds elapsed, finished iteration 237
[LightGBM] [Warning] No further splits with positive gain, training stopped with 247 leaves.
[LightGBM] [Debug] Trained a tree with leaves = 247
[LightGBM] [Info] 12.242336 seconds elapsed, finished iteration 238
[LightGBM] [Warning] No further splits with positive gain, training stopped with 247 leaves.
[LightGBM] [Debug] Trained a tree with leaves = 247
[LightGBM] [Info] 12.291717 seconds elapsed, finished iteration 239
[LightGBM] [Warning] No further splits with positive gain, training stopped with 242 leaves.
[LightGBM] [Debug] Trained a tree with leaves = 242
[LightGBM] [Info] 12.343461 seconds elapsed, finished iteration 240
[LightGBM] [Warning] No further splits with positive gain, training stopped with 243 leaves.
[LightGBM] [Debug] Trained a tree with leaves = 243
[LightGBM] [Info] 12.394663 seconds elapsed, finished iteration 241
[LightGBM] [Warning] No further splits with positive gain, training stopped with 242 leaves.
[LightGBM] [Debug] Trained a tree with leaves = 242
[LightGBM] [Info] 12.449411 seconds elapsed, finished iteration 242
[LightGBM] [Warning] No further splits with positive gain, training stopped with 239 leaves.
[LightGBM] [Debug] Trained a tree with leaves = 239
[LightGBM] [Info] 12.499400 seconds elapsed, finished iteration 243
[LightGBM] [Warning] No further splits with positive gain, training stopped with 236 leaves.
[LightGBM] [Debug] Trained a tree with leaves = 236
[LightGBM] [Info] 12.552760 seconds elapsed, finished iteration 244
[LightGBM] [Warning] No further splits with positive gain, training stopped with 242 leaves.
[LightGBM] [Debug] Trained a tree with leaves = 242
[LightGBM] [Info] 12.602476 seconds elapsed, finished iteration 245
[LightGBM] [Warning] No further splits with positive gain, training stopped with 247 leaves.
[LightGBM] [Debug] Trained a tree with leaves = 247
[LightGBM] [Info] 12.651874 seconds elapsed, finished iteration 246
[LightGBM] [Warning] No further splits with positive gain, training stopped with 238 leaves.
[LightGBM] [Debug] Trained a tree with leaves = 238
[LightGBM] [Info] 12.700832 seconds elapsed, finished iteration 247
[LightGBM] [Warning] No further splits with positive gain, training stopped with 247 leaves.
[LightGBM] [Debug] Trained a tree with leaves = 247
[LightGBM] [Info] 12.755888 seconds elapsed, finished iteration 248
[LightGBM] [Warning] No further splits with positive gain, training stopped with 243 leaves.
[LightGBM] [Debug] Trained a tree with leaves = 243
[LightGBM] [Info] 12.806314 seconds elapsed, finished iteration 249
[LightGBM] [Warning] No further splits with positive gain, training stopped with 246 leaves.
[LightGBM] [Debug] Trained a tree with leaves = 246
[LightGBM] [Info] 12.856146 seconds elapsed, finished iteration 250
[LightGBM] [Warning] No further splits with positive gain, training stopped with 245 leaves.
[LightGBM] [Debug] Trained a tree with leaves = 245
[LightGBM] [Info] 12.905119 seconds elapsed, finished iteration 251
[LightGBM] [Warning] No further splits with positive gain, training stopped with 244 leaves.
[LightGBM] [Debug] Trained a tree with leaves = 244
[LightGBM] [Info] 12.954648 seconds elapsed, finished iteration 252
[LightGBM] [Warning] No further splits with positive gain, training stopped with 248 leaves.
[LightGBM] [Debug] Trained a tree with leaves = 248
[LightGBM] [Info] 13.005198 seconds elapsed, finished iteration 253
[LightGBM] [Warning] No further splits with positive gain, training stopped with 239 leaves.
[LightGBM] [Debug] Trained a tree with leaves = 239
[LightGBM] [Info] 13.056235 seconds elapsed, finished iteration 254
[LightGBM] [Warning] No further splits with positive gain, training stopped with 239 leaves.
[LightGBM] [Debug] Trained a tree with leaves = 239
[LightGBM] [Info] 13.105376 seconds elapsed, finished iteration 255
[LightGBM] [Warning] No further splits with positive gain, training stopped with 237 leaves.
[LightGBM] [Debug] Trained a tree with leaves = 237
[LightGBM] [Info] 13.154086 seconds elapsed, finished iteration 256
[LightGBM] [Warning] No further splits with positive gain, training stopped with 244 leaves.
[LightGBM] [Debug] Trained a tree with leaves = 244
[LightGBM] [Info] 13.203878 seconds elapsed, finished iteration 257
[LightGBM] [Warning] No further splits with positive gain, training stopped with 243 leaves.
[LightGBM] [Debug] Trained a tree with leaves = 243
[LightGBM] [Info] 13.258004 seconds elapsed, finished iteration 258
[LightGBM] [Warning] No further splits with positive gain, training stopped with 243 leaves.
[LightGBM] [Debug] Trained a tree with leaves = 243
[LightGBM] [Info] 13.307874 seconds elapsed, finished iteration 259
[LightGBM] [Warning] No further splits with positive gain, training stopped with 244 leaves.
[LightGBM] [Debug] Trained a tree with leaves = 244
[LightGBM] [Info] 13.363766 seconds elapsed, finished iteration 260
[LightGBM] [Warning] No further splits with positive gain, training stopped with 239 leaves.
[LightGBM] [Debug] Trained a tree with leaves = 239
[LightGBM] [Info] 13.418608 seconds elapsed, finished iteration 261
[LightGBM] [Warning] No further splits with positive gain, training stopped with 242 leaves.
[LightGBM] [Debug] Trained a tree with leaves = 242
[LightGBM] [Info] 13.468579 seconds elapsed, finished iteration 262
[LightGBM] [Warning] No further splits with positive gain, training stopped with 237 leaves.
[LightGBM] [Debug] Trained a tree with leaves = 237
[LightGBM] [Info] 13.519783 seconds elapsed, finished iteration 263
[LightGBM] [Warning] No further splits with positive gain, training stopped with 236 leaves.
[LightGBM] [Debug] Trained a tree with leaves = 236
[LightGBM] [Info] 13.568182 seconds elapsed, finished iteration 264
[LightGBM] [Warning] No further splits with positive gain, training stopped with 232 leaves.
[LightGBM] [Debug] Trained a tree with leaves = 232
[LightGBM] [Info] 13.616046 seconds elapsed, finished iteration 265
[LightGBM] [Warning] No further splits with positive gain, training stopped with 235 leaves.
[LightGBM] [Debug] Trained a tree with leaves = 235
[LightGBM] [Info] 13.664898 seconds elapsed, finished iteration 266
[LightGBM] [Warning] No further splits with positive gain, training stopped with 236 leaves.
[LightGBM] [Debug] Trained a tree with leaves = 236
[LightGBM] [Info] 13.712740 seconds elapsed, finished iteration 267
[LightGBM] [Warning] No further splits with positive gain, training stopped with 234 leaves.
[LightGBM] [Debug] Trained a tree with leaves = 234
[LightGBM] [Info] 13.761671 seconds elapsed, finished iteration 268
[LightGBM] [Warning] No further splits with positive gain, training stopped with 243 leaves.
[LightGBM] [Debug] Trained a tree with leaves = 243
[LightGBM] [Info] 13.811670 seconds elapsed, finished iteration 269
[LightGBM] [Warning] No further splits with positive gain, training stopped with 242 leaves.
[LightGBM] [Debug] Trained a tree with leaves = 242
[LightGBM] [Info] 13.860364 seconds elapsed, finished iteration 270
[LightGBM] [Warning] No further splits with positive gain, training stopped with 239 leaves.
[LightGBM] [Debug] Trained a tree with leaves = 239
[LightGBM] [Info] 13.909003 seconds elapsed, finished iteration 271
[LightGBM] [Warning] No further splits with positive gain, training stopped with 233 leaves.
[LightGBM] [Debug] Trained a tree with leaves = 233
[LightGBM] [Info] 13.960830 seconds elapsed, finished iteration 272
[LightGBM] [Warning] No further splits with positive gain, training stopped with 233 leaves.
[LightGBM] [Debug] Trained a tree with leaves = 233
[LightGBM] [Info] 14.009349 seconds elapsed, finished iteration 273
[LightGBM] [Warning] No further splits with positive gain, training stopped with 249 leaves.
[LightGBM] [Debug] Trained a tree with leaves = 249
[LightGBM] [Info] 14.059707 seconds elapsed, finished iteration 274
[LightGBM] [Warning] No further splits with positive gain, training stopped with 238 leaves.
[LightGBM] [Debug] Trained a tree with leaves = 238
[LightGBM] [Info] 14.108588 seconds elapsed, finished iteration 275
[LightGBM] [Warning] No further splits with positive gain, training stopped with 235 leaves.
[LightGBM] [Debug] Trained a tree with leaves = 235
[LightGBM] [Info] 14.157244 seconds elapsed, finished iteration 276
[LightGBM] [Warning] No further splits with positive gain, training stopped with 243 leaves.
[LightGBM] [Debug] Trained a tree with leaves = 243
[LightGBM] [Info] 14.206592 seconds elapsed, finished iteration 277
[LightGBM] [Warning] No further splits with positive gain, training stopped with 242 leaves.
[LightGBM] [Debug] Trained a tree with leaves = 242
[LightGBM] [Info] 14.255984 seconds elapsed, finished iteration 278
[LightGBM] [Warning] No further splits with positive gain, training stopped with 237 leaves.
[LightGBM] [Debug] Trained a tree with leaves = 237
[LightGBM] [Info] 14.304100 seconds elapsed, finished iteration 279
[LightGBM] [Warning] No further splits with positive gain, training stopped with 238 leaves.
[LightGBM] [Debug] Trained a tree with leaves = 238
[LightGBM] [Info] 14.353020 seconds elapsed, finished iteration 280
[LightGBM] [Warning] No further splits with positive gain, training stopped with 232 leaves.
[LightGBM] [Debug] Trained a tree with leaves = 232
[LightGBM] [Info] 14.407097 seconds elapsed, finished iteration 281
[LightGBM] [Warning] No further splits with positive gain, training stopped with 240 leaves.
[LightGBM] [Debug] Trained a tree with leaves = 240
[LightGBM] [Info] 14.456435 seconds elapsed, finished iteration 282
[LightGBM] [Warning] No further splits with positive gain, training stopped with 239 leaves.
[LightGBM] [Debug] Trained a tree with leaves = 239
[LightGBM] [Info] 14.505580 seconds elapsed, finished iteration 283
[LightGBM] [Warning] No further splits with positive gain, training stopped with 235 leaves.
[LightGBM] [Debug] Trained a tree with leaves = 235
[LightGBM] [Info] 14.553938 seconds elapsed, finished iteration 284
[LightGBM] [Warning] No further splits with positive gain, training stopped with 230 leaves.
[LightGBM] [Debug] Trained a tree with leaves = 230
[LightGBM] [Info] 14.609784 seconds elapsed, finished iteration 285
[LightGBM] [Warning] No further splits with positive gain, training stopped with 238 leaves.
[LightGBM] [Debug] Trained a tree with leaves = 238
[LightGBM] [Info] 14.663369 seconds elapsed, finished iteration 286
[LightGBM] [Warning] No further splits with positive gain, training stopped with 232 leaves.
[LightGBM] [Debug] Trained a tree with leaves = 232
[LightGBM] [Info] 14.717048 seconds elapsed, finished iteration 287
[LightGBM] [Warning] No further splits with positive gain, training stopped with 233 leaves.
[LightGBM] [Debug] Trained a tree with leaves = 233
[LightGBM] [Info] 14.768628 seconds elapsed, finished iteration 288
[LightGBM] [Warning] No further splits with positive gain, training stopped with 229 leaves.
[LightGBM] [Debug] Trained a tree with leaves = 229
[LightGBM] [Info] 14.816084 seconds elapsed, finished iteration 289
[LightGBM] [Warning] No further splits with positive gain, training stopped with 240 leaves.
[LightGBM] [Debug] Trained a tree with leaves = 240
[LightGBM] [Info] 14.865208 seconds elapsed, finished iteration 290
[LightGBM] [Warning] No further splits with positive gain, training stopped with 235 leaves.
[LightGBM] [Debug] Trained a tree with leaves = 235
[LightGBM] [Info] 14.913767 seconds elapsed, finished iteration 291
[LightGBM] [Warning] No further splits with positive gain, training stopped with 232 leaves.
[LightGBM] [Debug] Trained a tree with leaves = 232
[LightGBM] [Info] 14.969976 seconds elapsed, finished iteration 292
[LightGBM] [Warning] No further splits with positive gain, training stopped with 235 leaves.
[LightGBM] [Debug] Trained a tree with leaves = 235
[LightGBM] [Info] 15.019051 seconds elapsed, finished iteration 293
[LightGBM] [Warning] No further splits with positive gain, training stopped with 239 leaves.
[LightGBM] [Debug] Trained a tree with leaves = 239
[LightGBM] [Info] 15.068842 seconds elapsed, finished iteration 294
[LightGBM] [Warning] No further splits with positive gain, training stopped with 236 leaves.
[LightGBM] [Debug] Trained a tree with leaves = 236
[LightGBM] [Info] 15.118215 seconds elapsed, finished iteration 295
[LightGBM] [Warning] No further splits with positive gain, training stopped with 232 leaves.
[LightGBM] [Debug] Trained a tree with leaves = 232
[LightGBM] [Info] 15.166709 seconds elapsed, finished iteration 296
[LightGBM] [Warning] No further splits with positive gain, training stopped with 235 leaves.
[LightGBM] [Debug] Trained a tree with leaves = 235
[LightGBM] [Info] 15.215428 seconds elapsed, finished iteration 297
[LightGBM] [Warning] No further splits with positive gain, training stopped with 231 leaves.
[LightGBM] [Debug] Trained a tree with leaves = 231
[LightGBM] [Info] 15.264083 seconds elapsed, finished iteration 298
[LightGBM] [Warning] No further splits with positive gain, training stopped with 235 leaves.
[LightGBM] [Debug] Trained a tree with leaves = 235
[LightGBM] [Info] 15.312647 seconds elapsed, finished iteration 299
[LightGBM] [Warning] No further splits with positive gain, training stopped with 238 leaves.
[LightGBM] [Debug] Trained a tree with leaves = 238
[LightGBM] [Info] 15.361513 seconds elapsed, finished iteration 300
[LightGBM] [Warning] No further splits with positive gain, training stopped with 242 leaves.
[LightGBM] [Debug] Trained a tree with leaves = 242
[LightGBM] [Info] 15.411662 seconds elapsed, finished iteration 301
[LightGBM] [Warning] No further splits with positive gain, training stopped with 229 leaves.
[LightGBM] [Debug] Trained a tree with leaves = 229
[LightGBM] [Info] 15.459977 seconds elapsed, finished iteration 302
[LightGBM] [Warning] No further splits with positive gain, training stopped with 236 leaves.
[LightGBM] [Debug] Trained a tree with leaves = 236
[LightGBM] [Info] 15.508421 seconds elapsed, finished iteration 303
[LightGBM] [Warning] No further splits with positive gain, training stopped with 231 leaves.
[LightGBM] [Debug] Trained a tree with leaves = 231
[LightGBM] [Info] 15.560511 seconds elapsed, finished iteration 304
[LightGBM] [Warning] No further splits with positive gain, training stopped with 225 leaves.
[LightGBM] [Debug] Trained a tree with leaves = 225
[LightGBM] [Info] 15.607486 seconds elapsed, finished iteration 305
[LightGBM] [Warning] No further splits with positive gain, training stopped with 231 leaves.
[LightGBM] [Debug] Trained a tree with leaves = 231
[LightGBM] [Info] 15.654971 seconds elapsed, finished iteration 306
[LightGBM] [Warning] No further splits with positive gain, training stopped with 232 leaves.
[LightGBM] [Debug] Trained a tree with leaves = 232
[LightGBM] [Info] 15.703494 seconds elapsed, finished iteration 307
[LightGBM] [Warning] No further splits with positive gain, training stopped with 240 leaves.
[LightGBM] [Debug] Trained a tree with leaves = 240
[LightGBM] [Info] 15.754822 seconds elapsed, finished iteration 308
[LightGBM] [Warning] No further splits with positive gain, training stopped with 232 leaves.
[LightGBM] [Debug] Trained a tree with leaves = 232
[LightGBM] [Info] 15.802459 seconds elapsed, finished iteration 309
[LightGBM] [Warning] No further splits with positive gain, training stopped with 243 leaves.
[LightGBM] [Debug] Trained a tree with leaves = 243
[LightGBM] [Info] 15.852446 seconds elapsed, finished iteration 310
[LightGBM] [Warning] No further splits with positive gain, training stopped with 230 leaves.
[LightGBM] [Debug] Trained a tree with leaves = 230
[LightGBM] [Info] 15.900421 seconds elapsed, finished iteration 311
[LightGBM] [Warning] No further splits with positive gain, training stopped with 231 leaves.
[LightGBM] [Debug] Trained a tree with leaves = 231
[LightGBM] [Info] 15.948894 seconds elapsed, finished iteration 312
[LightGBM] [Warning] No further splits with positive gain, training stopped with 233 leaves.
[LightGBM] [Debug] Trained a tree with leaves = 233
[LightGBM] [Info] 16.001802 seconds elapsed, finished iteration 313
[LightGBM] [Warning] No further splits with positive gain, training stopped with 238 leaves.
[LightGBM] [Debug] Trained a tree with leaves = 238
[LightGBM] [Info] 16.051145 seconds elapsed, finished iteration 314
[LightGBM] [Warning] No further splits with positive gain, training stopped with 234 leaves.
[LightGBM] [Debug] Trained a tree with leaves = 234
[LightGBM] [Info] 16.099964 seconds elapsed, finished iteration 315
[LightGBM] [Warning] No further splits with positive gain, training stopped with 230 leaves.
[LightGBM] [Debug] Trained a tree with leaves = 230
[LightGBM] [Info] 16.147981 seconds elapsed, finished iteration 316
[LightGBM] [Warning] No further splits with positive gain, training stopped with 232 leaves.
[LightGBM] [Debug] Trained a tree with leaves = 232
[LightGBM] [Info] 16.196393 seconds elapsed, finished iteration 317
[LightGBM] [Warning] No further splits with positive gain, training stopped with 229 leaves.
[LightGBM] [Debug] Trained a tree with leaves = 229
[LightGBM] [Info] 16.244925 seconds elapsed, finished iteration 318
[LightGBM] [Warning] No further splits with positive gain, training stopped with 231 leaves.
[LightGBM] [Debug] Trained a tree with leaves = 231
[LightGBM] [Info] 16.292756 seconds elapsed, finished iteration 319
[LightGBM] [Warning] No further splits with positive gain, training stopped with 230 leaves.
[LightGBM] [Debug] Trained a tree with leaves = 230
[LightGBM] [Info] 16.340846 seconds elapsed, finished iteration 320
[LightGBM] [Warning] No further splits with positive gain, training stopped with 227 leaves.
[LightGBM] [Debug] Trained a tree with leaves = 227
[LightGBM] [Info] 16.398739 seconds elapsed, finished iteration 321
[LightGBM] [Warning] No further splits with positive gain, training stopped with 225 leaves.
[LightGBM] [Debug] Trained a tree with leaves = 225
[LightGBM] [Info] 16.446335 seconds elapsed, finished iteration 322
[LightGBM] [Warning] No further splits with positive gain, training stopped with 230 leaves.
[LightGBM] [Debug] Trained a tree with leaves = 230
[LightGBM] [Info] 16.494134 seconds elapsed, finished iteration 323
[LightGBM] [Warning] No further splits with positive gain, training stopped with 230 leaves.
[LightGBM] [Debug] Trained a tree with leaves = 230
[LightGBM] [Info] 16.542061 seconds elapsed, finished iteration 324
[LightGBM] [Warning] No further splits with positive gain, training stopped with 238 leaves.
[LightGBM] [Debug] Trained a tree with leaves = 238
[LightGBM] [Info] 16.594252 seconds elapsed, finished iteration 325
[LightGBM] [Warning] No further splits with positive gain, training stopped with 232 leaves.
[LightGBM] [Debug] Trained a tree with leaves = 232
[LightGBM] [Info] 16.642891 seconds elapsed, finished iteration 326
[LightGBM] [Warning] No further splits with positive gain, training stopped with 232 leaves.
[LightGBM] [Debug] Trained a tree with leaves = 232
[LightGBM] [Info] 16.691664 seconds elapsed, finished iteration 327
[LightGBM] [Warning] No further splits with positive gain, training stopped with 230 leaves.
[LightGBM] [Debug] Trained a tree with leaves = 230
[LightGBM] [Info] 16.739407 seconds elapsed, finished iteration 328
[LightGBM] [Warning] No further splits with positive gain, training stopped with 233 leaves.
[LightGBM] [Debug] Trained a tree with leaves = 233
[LightGBM] [Info] 16.794639 seconds elapsed, finished iteration 329
[LightGBM] [Warning] No further splits with positive gain, training stopped with 228 leaves.
[LightGBM] [Debug] Trained a tree with leaves = 228
[LightGBM] [Info] 16.854610 seconds elapsed, finished iteration 330
[LightGBM] [Warning] No further splits with positive gain, training stopped with 226 leaves.
[LightGBM] [Debug] Trained a tree with leaves = 226
[LightGBM] [Info] 16.905960 seconds elapsed, finished iteration 331
[LightGBM] [Warning] No further splits with positive gain, training stopped with 233 leaves.
[LightGBM] [Debug] Trained a tree with leaves = 233
[LightGBM] [Info] 16.954558 seconds elapsed, finished iteration 332
[LightGBM] [Warning] No further splits with positive gain, training stopped with 228 leaves.
[LightGBM] [Debug] Trained a tree with leaves = 228
[LightGBM] [Info] 17.002480 seconds elapsed, finished iteration 333
[LightGBM] [Warning] No further splits with positive gain, training stopped with 223 leaves.
[LightGBM] [Debug] Trained a tree with leaves = 223
[LightGBM] [Info] 17.049235 seconds elapsed, finished iteration 334
[LightGBM] [Warning] No further splits with positive gain, training stopped with 230 leaves.
[LightGBM] [Debug] Trained a tree with leaves = 230
[LightGBM] [Info] 17.099282 seconds elapsed, finished iteration 335
[LightGBM] [Warning] No further splits with positive gain, training stopped with 224 leaves.
[LightGBM] [Debug] Trained a tree with leaves = 224
[LightGBM] [Info] 17.146006 seconds elapsed, finished iteration 336
[LightGBM] [Warning] No further splits with positive gain, training stopped with 232 leaves.
[LightGBM] [Debug] Trained a tree with leaves = 232
[LightGBM] [Info] 17.193800 seconds elapsed, finished iteration 337
[LightGBM] [Warning] No further splits with positive gain, training stopped with 233 leaves.
[LightGBM] [Debug] Trained a tree with leaves = 233
[LightGBM] [Info] 17.242257 seconds elapsed, finished iteration 338
[LightGBM] [Warning] No further splits with positive gain, training stopped with 222 leaves.
[LightGBM] [Debug] Trained a tree with leaves = 222
[LightGBM] [Info] 17.289482 seconds elapsed, finished iteration 339
[LightGBM] [Warning] No further splits with positive gain, training stopped with 231 leaves.
[LightGBM] [Debug] Trained a tree with leaves = 231
[LightGBM] [Info] 17.337264 seconds elapsed, finished iteration 340
[LightGBM] [Warning] No further splits with positive gain, training stopped with 233 leaves.
[LightGBM] [Debug] Trained a tree with leaves = 233
[LightGBM] [Info] 17.384948 seconds elapsed, finished iteration 341
[LightGBM] [Warning] No further splits with positive gain, training stopped with 234 leaves.
[LightGBM] [Debug] Trained a tree with leaves = 234
[LightGBM] [Info] 17.433358 seconds elapsed, finished iteration 342
[LightGBM] [Warning] No further splits with positive gain, training stopped with 220 leaves.
[LightGBM] [Debug] Trained a tree with leaves = 220
[LightGBM] [Info] 17.480282 seconds elapsed, finished iteration 343
[LightGBM] [Warning] No further splits with positive gain, training stopped with 235 leaves.
[LightGBM] [Debug] Trained a tree with leaves = 235
[LightGBM] [Info] 17.528767 seconds elapsed, finished iteration 344
[LightGBM] [Warning] No further splits with positive gain, training stopped with 226 leaves.
[LightGBM] [Debug] Trained a tree with leaves = 226
[LightGBM] [Info] 17.578249 seconds elapsed, finished iteration 345
[LightGBM] [Warning] No further splits with positive gain, training stopped with 229 leaves.
[LightGBM] [Debug] Trained a tree with leaves = 229
[LightGBM] [Info] 17.626349 seconds elapsed, finished iteration 346
[LightGBM] [Warning] No further splits with positive gain, training stopped with 222 leaves.
[LightGBM] [Debug] Trained a tree with leaves = 222
[LightGBM] [Info] 17.675480 seconds elapsed, finished iteration 347
[LightGBM] [Warning] No further splits with positive gain, training stopped with 231 leaves.
[LightGBM] [Debug] Trained a tree with leaves = 231
[LightGBM] [Info] 17.723538 seconds elapsed, finished iteration 348
[LightGBM] [Warning] No further splits with positive gain, training stopped with 232 leaves.
[LightGBM] [Debug] Trained a tree with leaves = 232
[LightGBM] [Info] 17.772535 seconds elapsed, finished iteration 349
[LightGBM] [Warning] No further splits with positive gain, training stopped with 228 leaves.
[LightGBM] [Debug] Trained a tree with leaves = 228
[LightGBM] [Info] 17.820330 seconds elapsed, finished iteration 350
[LightGBM] [Warning] No further splits with positive gain, training stopped with 225 leaves.
[LightGBM] [Debug] Trained a tree with leaves = 225
[LightGBM] [Info] 17.868440 seconds elapsed, finished iteration 351
[LightGBM] [Warning] No further splits with positive gain, training stopped with 222 leaves.
[LightGBM] [Debug] Trained a tree with leaves = 222
[LightGBM] [Info] 17.916147 seconds elapsed, finished iteration 352
[LightGBM] [Warning] No further splits with positive gain, training stopped with 228 leaves.
[LightGBM] [Debug] Trained a tree with leaves = 228
[LightGBM] [Info] 17.965152 seconds elapsed, finished iteration 353
[LightGBM] [Warning] No further splits with positive gain, training stopped with 228 leaves.
[LightGBM] [Debug] Trained a tree with leaves = 228
[LightGBM] [Info] 18.014189 seconds elapsed, finished iteration 354
[LightGBM] [Warning] No further splits with positive gain, training stopped with 226 leaves.
[LightGBM] [Debug] Trained a tree with leaves = 226
[LightGBM] [Info] 18.061811 seconds elapsed, finished iteration 355
[LightGBM] [Warning] No further splits with positive gain, training stopped with 227 leaves.
[LightGBM] [Debug] Trained a tree with leaves = 227
[LightGBM] [Info] 18.110621 seconds elapsed, finished iteration 356
[LightGBM] [Warning] No further splits with positive gain, training stopped with 220 leaves.
[LightGBM] [Debug] Trained a tree with leaves = 220
[LightGBM] [Info] 18.158184 seconds elapsed, finished iteration 357
[LightGBM] [Warning] No further splits with positive gain, training stopped with 229 leaves.
[LightGBM] [Debug] Trained a tree with leaves = 229
[LightGBM] [Info] 18.210802 seconds elapsed, finished iteration 358
[LightGBM] [Warning] No further splits with positive gain, training stopped with 225 leaves.
[LightGBM] [Debug] Trained a tree with leaves = 225
[LightGBM] [Info] 18.261987 seconds elapsed, finished iteration 359
[LightGBM] [Warning] No further splits with positive gain, training stopped with 227 leaves.
[LightGBM] [Debug] Trained a tree with leaves = 227
[LightGBM] [Info] 18.310470 seconds elapsed, finished iteration 360
[LightGBM] [Warning] No further splits with positive gain, training stopped with 229 leaves.
[LightGBM] [Debug] Trained a tree with leaves = 229
[LightGBM] [Info] 18.358659 seconds elapsed, finished iteration 361
[LightGBM] [Warning] No further splits with positive gain, training stopped with 223 leaves.
[LightGBM] [Debug] Trained a tree with leaves = 223
[LightGBM] [Info] 18.414593 seconds elapsed, finished iteration 362
[LightGBM] [Warning] No further splits with positive gain, training stopped with 229 leaves.
[LightGBM] [Debug] Trained a tree with leaves = 229
[LightGBM] [Info] 18.465128 seconds elapsed, finished iteration 363
[LightGBM] [Warning] No further splits with positive gain, training stopped with 225 leaves.
[LightGBM] [Debug] Trained a tree with leaves = 225
[LightGBM] [Info] 18.513079 seconds elapsed, finished iteration 364
[LightGBM] [Warning] No further splits with positive gain, training stopped with 228 leaves.
[LightGBM] [Debug] Trained a tree with leaves = 228
[LightGBM] [Info] 18.562266 seconds elapsed, finished iteration 365
[LightGBM] [Warning] No further splits with positive gain, training stopped with 228 leaves.
[LightGBM] [Debug] Trained a tree with leaves = 228
[LightGBM] [Info] 18.610210 seconds elapsed, finished iteration 366
[LightGBM] [Warning] No further splits with positive gain, training stopped with 223 leaves.
[LightGBM] [Debug] Trained a tree with leaves = 223
[LightGBM] [Info] 18.657022 seconds elapsed, finished iteration 367
[LightGBM] [Warning] No further splits with positive gain, training stopped with 225 leaves.
[LightGBM] [Debug] Trained a tree with leaves = 225
[LightGBM] [Info] 18.707848 seconds elapsed, finished iteration 368
[LightGBM] [Warning] No further splits with positive gain, training stopped with 221 leaves.
[LightGBM] [Debug] Trained a tree with leaves = 221
[LightGBM] [Info] 18.763213 seconds elapsed, finished iteration 369
[LightGBM] [Warning] No further splits with positive gain, training stopped with 228 leaves.
[LightGBM] [Debug] Trained a tree with leaves = 228
[LightGBM] [Info] 18.811478 seconds elapsed, finished iteration 370
[LightGBM] [Warning] No further splits with positive gain, training stopped with 226 leaves.
[LightGBM] [Debug] Trained a tree with leaves = 226
[LightGBM] [Info] 18.867286 seconds elapsed, finished iteration 371
[LightGBM] [Warning] No further splits with positive gain, training stopped with 221 leaves.
[LightGBM] [Debug] Trained a tree with leaves = 221
[LightGBM] [Info] 18.920708 seconds elapsed, finished iteration 372
[LightGBM] [Warning] No further splits with positive gain, training stopped with 232 leaves.
[LightGBM] [Debug] Trained a tree with leaves = 232
[LightGBM] [Info] 18.976062 seconds elapsed, finished iteration 373
[LightGBM] [Warning] No further splits with positive gain, training stopped with 226 leaves.
[LightGBM] [Debug] Trained a tree with leaves = 226
[LightGBM] [Info] 19.031242 seconds elapsed, finished iteration 374
[LightGBM] [Warning] No further splits with positive gain, training stopped with 226 leaves.
[LightGBM] [Debug] Trained a tree with leaves = 226
[LightGBM] [Info] 19.078713 seconds elapsed, finished iteration 375
[LightGBM] [Warning] No further splits with positive gain, training stopped with 225 leaves.
[LightGBM] [Debug] Trained a tree with leaves = 225
[LightGBM] [Info] 19.126841 seconds elapsed, finished iteration 376
[LightGBM] [Warning] No further splits with positive gain, training stopped with 222 leaves.
[LightGBM] [Debug] Trained a tree with leaves = 222
[LightGBM] [Info] 19.174367 seconds elapsed, finished iteration 377
[LightGBM] [Warning] No further splits with positive gain, training stopped with 221 leaves.
[LightGBM] [Debug] Trained a tree with leaves = 221
[LightGBM] [Info] 19.221738 seconds elapsed, finished iteration 378
[LightGBM] [Warning] No further splits with positive gain, training stopped with 221 leaves.
[LightGBM] [Debug] Trained a tree with leaves = 221
[LightGBM] [Info] 19.269413 seconds elapsed, finished iteration 379
[LightGBM] [Warning] No further splits with positive gain, training stopped with 223 leaves.
[LightGBM] [Debug] Trained a tree with leaves = 223
[LightGBM] [Info] 19.316661 seconds elapsed, finished iteration 380
[LightGBM] [Warning] No further splits with positive gain, training stopped with 221 leaves.
[LightGBM] [Debug] Trained a tree with leaves = 221
[LightGBM] [Info] 19.364473 seconds elapsed, finished iteration 381
[LightGBM] [Warning] No further splits with positive gain, training stopped with 221 leaves.
[LightGBM] [Debug] Trained a tree with leaves = 221
[LightGBM] [Info] 19.411634 seconds elapsed, finished iteration 382
[LightGBM] [Warning] No further splits with positive gain, training stopped with 225 leaves.
[LightGBM] [Debug] Trained a tree with leaves = 225
[LightGBM] [Info] 19.459530 seconds elapsed, finished iteration 383
[LightGBM] [Warning] No further splits with positive gain, training stopped with 224 leaves.
[LightGBM] [Debug] Trained a tree with leaves = 224
[LightGBM] [Info] 19.510295 seconds elapsed, finished iteration 384
[LightGBM] [Warning] No further splits with positive gain, training stopped with 221 leaves.
[LightGBM] [Debug] Trained a tree with leaves = 221
[LightGBM] [Info] 19.557334 seconds elapsed, finished iteration 385
[LightGBM] [Warning] No further splits with positive gain, training stopped with 226 leaves.
[LightGBM] [Debug] Trained a tree with leaves = 226
[LightGBM] [Info] 19.605892 seconds elapsed, finished iteration 386
[LightGBM] [Warning] No further splits with positive gain, training stopped with 222 leaves.
[LightGBM] [Debug] Trained a tree with leaves = 222
[LightGBM] [Info] 19.655338 seconds elapsed, finished iteration 387
[LightGBM] [Warning] No further splits with positive gain, training stopped with 220 leaves.
[LightGBM] [Debug] Trained a tree with leaves = 220
[LightGBM] [Info] 19.705395 seconds elapsed, finished iteration 388
[LightGBM] [Warning] No further splits with positive gain, training stopped with 224 leaves.
[LightGBM] [Debug] Trained a tree with leaves = 224
[LightGBM] [Info] 19.753135 seconds elapsed, finished iteration 389
[LightGBM] [Warning] No further splits with positive gain, training stopped with 221 leaves.
[LightGBM] [Debug] Trained a tree with leaves = 221
[LightGBM] [Info] 19.802923 seconds elapsed, finished iteration 390
[LightGBM] [Warning] No further splits with positive gain, training stopped with 225 leaves.
[LightGBM] [Debug] Trained a tree with leaves = 225
[LightGBM] [Info] 19.850942 seconds elapsed, finished iteration 391
[LightGBM] [Warning] No further splits with positive gain, training stopped with 220 leaves.
[LightGBM] [Debug] Trained a tree with leaves = 220
[LightGBM] [Info] 19.897974 seconds elapsed, finished iteration 392
[LightGBM] [Warning] No further splits with positive gain, training stopped with 222 leaves.
[LightGBM] [Debug] Trained a tree with leaves = 222
[LightGBM] [Info] 19.945824 seconds elapsed, finished iteration 393
[LightGBM] [Warning] No further splits with positive gain, training stopped with 218 leaves.
[LightGBM] [Debug] Trained a tree with leaves = 218
[LightGBM] [Info] 19.992167 seconds elapsed, finished iteration 394
[LightGBM] [Warning] No further splits with positive gain, training stopped with 222 leaves.
[LightGBM] [Debug] Trained a tree with leaves = 222
[LightGBM] [Info] 20.044510 seconds elapsed, finished iteration 395
[LightGBM] [Warning] No further splits with positive gain, training stopped with 223 leaves.
[LightGBM] [Debug] Trained a tree with leaves = 223
[LightGBM] [Info] 20.094512 seconds elapsed, finished iteration 396
[LightGBM] [Warning] No further splits with positive gain, training stopped with 221 leaves.
[LightGBM] [Debug] Trained a tree with leaves = 221
[LightGBM] [Info] 20.142187 seconds elapsed, finished iteration 397
[LightGBM] [Warning] No further splits with positive gain, training stopped with 222 leaves.
[LightGBM] [Debug] Trained a tree with leaves = 222
[LightGBM] [Info] 20.189096 seconds elapsed, finished iteration 398
[LightGBM] [Warning] No further splits with positive gain, training stopped with 225 leaves.
[LightGBM] [Debug] Trained a tree with leaves = 225
[LightGBM] [Info] 20.237244 seconds elapsed, finished iteration 399
[LightGBM] [Warning] No further splits with positive gain, training stopped with 224 leaves.
[LightGBM] [Debug] Trained a tree with leaves = 224
[LightGBM] [Info] 20.284972 seconds elapsed, finished iteration 400
[LightGBM] [Warning] No further splits with positive gain, training stopped with 218 leaves.
[LightGBM] [Debug] Trained a tree with leaves = 218
[LightGBM] [Info] 20.331705 seconds elapsed, finished iteration 401
[LightGBM] [Warning] No further splits with positive gain, training stopped with 231 leaves.
[LightGBM] [Debug] Trained a tree with leaves = 231
[LightGBM] [Info] 20.380351 seconds elapsed, finished iteration 402
[LightGBM] [Warning] No further splits with positive gain, training stopped with 221 leaves.
[LightGBM] [Debug] Trained a tree with leaves = 221
[LightGBM] [Info] 20.427430 seconds elapsed, finished iteration 403
[LightGBM] [Warning] No further splits with positive gain, training stopped with 214 leaves.
[LightGBM] [Debug] Trained a tree with leaves = 214
[LightGBM] [Info] 20.474341 seconds elapsed, finished iteration 404
[LightGBM] [Warning] No further splits with positive gain, training stopped with 222 leaves.
[LightGBM] [Debug] Trained a tree with leaves = 222
[LightGBM] [Info] 20.522172 seconds elapsed, finished iteration 405
[LightGBM] [Warning] No further splits with positive gain, training stopped with 221 leaves.
[LightGBM] [Debug] Trained a tree with leaves = 221
[LightGBM] [Info] 20.569438 seconds elapsed, finished iteration 406
[LightGBM] [Warning] No further splits with positive gain, training stopped with 222 leaves.
[LightGBM] [Debug] Trained a tree with leaves = 222
[LightGBM] [Info] 20.617962 seconds elapsed, finished iteration 407
[LightGBM] [Warning] No further splits with positive gain, training stopped with 222 leaves.
[LightGBM] [Debug] Trained a tree with leaves = 222
[LightGBM] [Info] 20.665214 seconds elapsed, finished iteration 408
[LightGBM] [Warning] No further splits with positive gain, training stopped with 217 leaves.
[LightGBM] [Debug] Trained a tree with leaves = 217
[LightGBM] [Info] 20.714453 seconds elapsed, finished iteration 409
[LightGBM] [Warning] No further splits with positive gain, training stopped with 221 leaves.
[LightGBM] [Debug] Trained a tree with leaves = 221
[LightGBM] [Info] 20.761907 seconds elapsed, finished iteration 410
[LightGBM] [Warning] No further splits with positive gain, training stopped with 215 leaves.
[LightGBM] [Debug] Trained a tree with leaves = 215
[LightGBM] [Info] 20.808582 seconds elapsed, finished iteration 411
[LightGBM] [Warning] No further splits with positive gain, training stopped with 219 leaves.
[LightGBM] [Debug] Trained a tree with leaves = 219
[LightGBM] [Info] 20.856272 seconds elapsed, finished iteration 412
[LightGBM] [Warning] No further splits with positive gain, training stopped with 220 leaves.
[LightGBM] [Debug] Trained a tree with leaves = 220
[LightGBM] [Info] 20.903193 seconds elapsed, finished iteration 413
[LightGBM] [Warning] No further splits with positive gain, training stopped with 219 leaves.
[LightGBM] [Debug] Trained a tree with leaves = 219
[LightGBM] [Info] 20.950088 seconds elapsed, finished iteration 414
[LightGBM] [Warning] No further splits with positive gain, training stopped with 221 leaves.
[LightGBM] [Debug] Trained a tree with leaves = 221
[LightGBM] [Info] 20.997768 seconds elapsed, finished iteration 415
[LightGBM] [Warning] No further splits with positive gain, training stopped with 215 leaves.
[LightGBM] [Debug] Trained a tree with leaves = 215
[LightGBM] [Info] 21.050539 seconds elapsed, finished iteration 416
[LightGBM] [Warning] No further splits with positive gain, training stopped with 223 leaves.
[LightGBM] [Debug] Trained a tree with leaves = 223
[LightGBM] [Info] 21.105649 seconds elapsed, finished iteration 417
[LightGBM] [Warning] No further splits with positive gain, training stopped with 221 leaves.
[LightGBM] [Debug] Trained a tree with leaves = 221
[LightGBM] [Info] 21.153153 seconds elapsed, finished iteration 418
[LightGBM] [Warning] No further splits with positive gain, training stopped with 214 leaves.
[LightGBM] [Debug] Trained a tree with leaves = 214
[LightGBM] [Info] 21.208958 seconds elapsed, finished iteration 419
[LightGBM] [Warning] No further splits with positive gain, training stopped with 224 leaves.
[LightGBM] [Debug] Trained a tree with leaves = 224
[LightGBM] [Info] 21.256874 seconds elapsed, finished iteration 420
[LightGBM] [Warning] No further splits with positive gain, training stopped with 219 leaves.
[LightGBM] [Debug] Trained a tree with leaves = 219
[LightGBM] [Info] 21.314215 seconds elapsed, finished iteration 421
[LightGBM] [Warning] No further splits with positive gain, training stopped with 215 leaves.
[LightGBM] [Debug] Trained a tree with leaves = 215
[LightGBM] [Info] 21.363444 seconds elapsed, finished iteration 422
[LightGBM] [Warning] No further splits with positive gain, training stopped with 219 leaves.
[LightGBM] [Debug] Trained a tree with leaves = 219
[LightGBM] [Info] 21.410845 seconds elapsed, finished iteration 423
[LightGBM] [Warning] No further splits with positive gain, training stopped with 219 leaves.
[LightGBM] [Debug] Trained a tree with leaves = 219
[LightGBM] [Info] 21.458305 seconds elapsed, finished iteration 424
[LightGBM] [Warning] No further splits with positive gain, training stopped with 221 leaves.
[LightGBM] [Debug] Trained a tree with leaves = 221
[LightGBM] [Info] 21.506631 seconds elapsed, finished iteration 425
[LightGBM] [Warning] No further splits with positive gain, training stopped with 213 leaves.
[LightGBM] [Debug] Trained a tree with leaves = 213
[LightGBM] [Info] 21.552429 seconds elapsed, finished iteration 426
[LightGBM] [Warning] No further splits with positive gain, training stopped with 219 leaves.
[LightGBM] [Debug] Trained a tree with leaves = 219
[LightGBM] [Info] 21.599455 seconds elapsed, finished iteration 427
[LightGBM] [Warning] No further splits with positive gain, training stopped with 216 leaves.
[LightGBM] [Debug] Trained a tree with leaves = 216
[LightGBM] [Info] 21.645996 seconds elapsed, finished iteration 428
[LightGBM] [Warning] No further splits with positive gain, training stopped with 213 leaves.
[LightGBM] [Debug] Trained a tree with leaves = 213
[LightGBM] [Info] 21.692178 seconds elapsed, finished iteration 429
[LightGBM] [Warning] No further splits with positive gain, training stopped with 218 leaves.
[LightGBM] [Debug] Trained a tree with leaves = 218
[LightGBM] [Info] 21.739617 seconds elapsed, finished iteration 430
[LightGBM] [Warning] No further splits with positive gain, training stopped with 213 leaves.
[LightGBM] [Debug] Trained a tree with leaves = 213
[LightGBM] [Info] 21.787517 seconds elapsed, finished iteration 431
[LightGBM] [Warning] No further splits with positive gain, training stopped with 218 leaves.
[LightGBM] [Debug] Trained a tree with leaves = 218
[LightGBM] [Info] 21.835263 seconds elapsed, finished iteration 432
[LightGBM] [Warning] No further splits with positive gain, training stopped with 219 leaves.
[LightGBM] [Debug] Trained a tree with leaves = 219
[LightGBM] [Info] 21.883216 seconds elapsed, finished iteration 433
[LightGBM] [Warning] No further splits with positive gain, training stopped with 210 leaves.
[LightGBM] [Debug] Trained a tree with leaves = 210
[LightGBM] [Info] 21.930899 seconds elapsed, finished iteration 434
[LightGBM] [Warning] No further splits with positive gain, training stopped with 220 leaves.
[LightGBM] [Debug] Trained a tree with leaves = 220
[LightGBM] [Info] 21.981193 seconds elapsed, finished iteration 435
[LightGBM] [Warning] No further splits with positive gain, training stopped with 225 leaves.
[LightGBM] [Debug] Trained a tree with leaves = 225
[LightGBM] [Info] 22.029405 seconds elapsed, finished iteration 436
[LightGBM] [Warning] No further splits with positive gain, training stopped with 221 leaves.
[LightGBM] [Debug] Trained a tree with leaves = 221
[LightGBM] [Info] 22.077382 seconds elapsed, finished iteration 437
[LightGBM] [Warning] No further splits with positive gain, training stopped with 216 leaves.
[LightGBM] [Debug] Trained a tree with leaves = 216
[LightGBM] [Info] 22.124697 seconds elapsed, finished iteration 438
[LightGBM] [Warning] No further splits with positive gain, training stopped with 216 leaves.
[LightGBM] [Debug] Trained a tree with leaves = 216
[LightGBM] [Info] 22.170639 seconds elapsed, finished iteration 439
[LightGBM] [Warning] No further splits with positive gain, training stopped with 218 leaves.
[LightGBM] [Debug] Trained a tree with leaves = 218
[LightGBM] [Info] 22.217401 seconds elapsed, finished iteration 440
[LightGBM] [Warning] No further splits with positive gain, training stopped with 214 leaves.
[LightGBM] [Debug] Trained a tree with leaves = 214
[LightGBM] [Info] 22.265768 seconds elapsed, finished iteration 441
[LightGBM] [Warning] No further splits with positive gain, training stopped with 216 leaves.
[LightGBM] [Debug] Trained a tree with leaves = 216
[LightGBM] [Info] 22.314656 seconds elapsed, finished iteration 442
[LightGBM] [Warning] No further splits with positive gain, training stopped with 212 leaves.
[LightGBM] [Debug] Trained a tree with leaves = 212
[LightGBM] [Info] 22.361895 seconds elapsed, finished iteration 443
[LightGBM] [Warning] No further splits with positive gain, training stopped with 217 leaves.
[LightGBM] [Debug] Trained a tree with leaves = 217
[LightGBM] [Info] 22.410620 seconds elapsed, finished iteration 444
[LightGBM] [Warning] No further splits with positive gain, training stopped with 214 leaves.
[LightGBM] [Debug] Trained a tree with leaves = 214
[LightGBM] [Info] 22.458665 seconds elapsed, finished iteration 445
[LightGBM] [Warning] No further splits with positive gain, training stopped with 217 leaves.
[LightGBM] [Debug] Trained a tree with leaves = 217
[LightGBM] [Info] 22.506458 seconds elapsed, finished iteration 446
[LightGBM] [Warning] No further splits with positive gain, training stopped with 217 leaves.
[LightGBM] [Debug] Trained a tree with leaves = 217
[LightGBM] [Info] 22.554293 seconds elapsed, finished iteration 447
[LightGBM] [Warning] No further splits with positive gain, training stopped with 211 leaves.
[LightGBM] [Debug] Trained a tree with leaves = 211
[LightGBM] [Info] 22.602282 seconds elapsed, finished iteration 448
[LightGBM] [Warning] No further splits with positive gain, training stopped with 214 leaves.
[LightGBM] [Debug] Trained a tree with leaves = 214
[LightGBM] [Info] 22.651454 seconds elapsed, finished iteration 449
[LightGBM] [Warning] No further splits with positive gain, training stopped with 212 leaves.
[LightGBM] [Debug] Trained a tree with leaves = 212
[LightGBM] [Info] 22.699317 seconds elapsed, finished iteration 450
[LightGBM] [Warning] No further splits with positive gain, training stopped with 214 leaves.
[LightGBM] [Debug] Trained a tree with leaves = 214
[LightGBM] [Info] 22.747884 seconds elapsed, finished iteration 451
[LightGBM] [Warning] No further splits with positive gain, training stopped with 217 leaves.
[LightGBM] [Debug] Trained a tree with leaves = 217
[LightGBM] [Info] 22.797431 seconds elapsed, finished iteration 452
[LightGBM] [Warning] No further splits with positive gain, training stopped with 214 leaves.
[LightGBM] [Debug] Trained a tree with leaves = 214
[LightGBM] [Info] 22.845820 seconds elapsed, finished iteration 453
[LightGBM] [Warning] No further splits with positive gain, training stopped with 212 leaves.
[LightGBM] [Debug] Trained a tree with leaves = 212
[LightGBM] [Info] 22.893699 seconds elapsed, finished iteration 454
[LightGBM] [Warning] No further splits with positive gain, training stopped with 212 leaves.
[LightGBM] [Debug] Trained a tree with leaves = 212
[LightGBM] [Info] 22.951388 seconds elapsed, finished iteration 455
[LightGBM] [Warning] No further splits with positive gain, training stopped with 213 leaves.
[LightGBM] [Debug] Trained a tree with leaves = 213
[LightGBM] [Info] 22.999172 seconds elapsed, finished iteration 456
[LightGBM] [Warning] No further splits with positive gain, training stopped with 216 leaves.
[LightGBM] [Debug] Trained a tree with leaves = 216
[LightGBM] [Info] 23.047499 seconds elapsed, finished iteration 457
[LightGBM] [Warning] No further splits with positive gain, training stopped with 219 leaves.
[LightGBM] [Debug] Trained a tree with leaves = 219
[LightGBM] [Info] 23.095875 seconds elapsed, finished iteration 458
[LightGBM] [Warning] No further splits with positive gain, training stopped with 218 leaves.
[LightGBM] [Debug] Trained a tree with leaves = 218
[LightGBM] [Info] 23.145050 seconds elapsed, finished iteration 459
[LightGBM] [Warning] No further splits with positive gain, training stopped with 218 leaves.
[LightGBM] [Debug] Trained a tree with leaves = 218
[LightGBM] [Info] 23.194410 seconds elapsed, finished iteration 460
[LightGBM] [Warning] No further splits with positive gain, training stopped with 217 leaves.
[LightGBM] [Debug] Trained a tree with leaves = 217
[LightGBM] [Info] 23.247980 seconds elapsed, finished iteration 461
[LightGBM] [Warning] No further splits with positive gain, training stopped with 217 leaves.
[LightGBM] [Debug] Trained a tree with leaves = 217
[LightGBM] [Info] 23.302757 seconds elapsed, finished iteration 462
[LightGBM] [Warning] No further splits with positive gain, training stopped with 217 leaves.
[LightGBM] [Debug] Trained a tree with leaves = 217
[LightGBM] [Info] 23.363805 seconds elapsed, finished iteration 463
[LightGBM] [Warning] No further splits with positive gain, training stopped with 215 leaves.
[LightGBM] [Debug] Trained a tree with leaves = 215
[LightGBM] [Info] 23.414541 seconds elapsed, finished iteration 464
[LightGBM] [Warning] No further splits with positive gain, training stopped with 209 leaves.
[LightGBM] [Debug] Trained a tree with leaves = 209
[LightGBM] [Info] 23.462023 seconds elapsed, finished iteration 465
[LightGBM] [Warning] No further splits with positive gain, training stopped with 216 leaves.
[LightGBM] [Debug] Trained a tree with leaves = 216
[LightGBM] [Info] 23.511467 seconds elapsed, finished iteration 466
[LightGBM] [Warning] No further splits with positive gain, training stopped with 215 leaves.
[LightGBM] [Debug] Trained a tree with leaves = 215
[LightGBM] [Info] 23.560220 seconds elapsed, finished iteration 467
[LightGBM] [Warning] No further splits with positive gain, training stopped with 211 leaves.
[LightGBM] [Debug] Trained a tree with leaves = 211
[LightGBM] [Info] 23.611044 seconds elapsed, finished iteration 468
[LightGBM] [Warning] No further splits with positive gain, training stopped with 210 leaves.
[LightGBM] [Debug] Trained a tree with leaves = 210
[LightGBM] [Info] 23.660618 seconds elapsed, finished iteration 469
[LightGBM] [Warning] No further splits with positive gain, training stopped with 213 leaves.
[LightGBM] [Debug] Trained a tree with leaves = 213
[LightGBM] [Info] 23.708193 seconds elapsed, finished iteration 470
[LightGBM] [Warning] No further splits with positive gain, training stopped with 218 leaves.
[LightGBM] [Debug] Trained a tree with leaves = 218
[LightGBM] [Info] 23.757822 seconds elapsed, finished iteration 471
[LightGBM] [Warning] No further splits with positive gain, training stopped with 210 leaves.
[LightGBM] [Debug] Trained a tree with leaves = 210
[LightGBM] [Info] 23.805192 seconds elapsed, finished iteration 472
[LightGBM] [Warning] No further splits with positive gain, training stopped with 213 leaves.
[LightGBM] [Debug] Trained a tree with leaves = 213
[LightGBM] [Info] 23.853111 seconds elapsed, finished iteration 473
[LightGBM] [Warning] No further splits with positive gain, training stopped with 215 leaves.
[LightGBM] [Debug] Trained a tree with leaves = 215
[LightGBM] [Info] 23.901081 seconds elapsed, finished iteration 474
[LightGBM] [Warning] No further splits with positive gain, training stopped with 215 leaves.
[LightGBM] [Debug] Trained a tree with leaves = 215
[LightGBM] [Info] 23.952180 seconds elapsed, finished iteration 475
[LightGBM] [Warning] No further splits with positive gain, training stopped with 212 leaves.
[LightGBM] [Debug] Trained a tree with leaves = 212
[LightGBM] [Info] 24.000382 seconds elapsed, finished iteration 476
[LightGBM] [Warning] No further splits with positive gain, training stopped with 211 leaves.
[LightGBM] [Debug] Trained a tree with leaves = 211
[LightGBM] [Info] 24.048177 seconds elapsed, finished iteration 477
[LightGBM] [Warning] No further splits with positive gain, training stopped with 213 leaves.
[LightGBM] [Debug] Trained a tree with leaves = 213
[LightGBM] [Info] 24.095630 seconds elapsed, finished iteration 478
[LightGBM] [Warning] No further splits with positive gain, training stopped with 211 leaves.
[LightGBM] [Debug] Trained a tree with leaves = 211
[LightGBM] [Info] 24.151648 seconds elapsed, finished iteration 479
[LightGBM] [Warning] No further splits with positive gain, training stopped with 208 leaves.
[LightGBM] [Debug] Trained a tree with leaves = 208
[LightGBM] [Info] 24.199086 seconds elapsed, finished iteration 480
[LightGBM] [Warning] No further splits with positive gain, training stopped with 211 leaves.
[LightGBM] [Debug] Trained a tree with leaves = 211
[LightGBM] [Info] 24.253217 seconds elapsed, finished iteration 481
[LightGBM] [Warning] No further splits with positive gain, training stopped with 205 leaves.
[LightGBM] [Debug] Trained a tree with leaves = 205
[LightGBM] [Info] 24.300071 seconds elapsed, finished iteration 482
[LightGBM] [Warning] No further splits with positive gain, training stopped with 211 leaves.
[LightGBM] [Debug] Trained a tree with leaves = 211
[LightGBM] [Info] 24.347169 seconds elapsed, finished iteration 483
[LightGBM] [Warning] No further splits with positive gain, training stopped with 211 leaves.
[LightGBM] [Debug] Trained a tree with leaves = 211
[LightGBM] [Info] 24.394240 seconds elapsed, finished iteration 484
[LightGBM] [Warning] No further splits with positive gain, training stopped with 206 leaves.
[LightGBM] [Debug] Trained a tree with leaves = 206
[LightGBM] [Info] 24.441292 seconds elapsed, finished iteration 485
[LightGBM] [Warning] No further splits with positive gain, training stopped with 213 leaves.
[LightGBM] [Debug] Trained a tree with leaves = 213
[LightGBM] [Info] 24.488774 seconds elapsed, finished iteration 486
[LightGBM] [Warning] No further splits with positive gain, training stopped with 216 leaves.
[LightGBM] [Debug] Trained a tree with leaves = 216
[LightGBM] [Info] 24.538156 seconds elapsed, finished iteration 487
[LightGBM] [Warning] No further splits with positive gain, training stopped with 214 leaves.
[LightGBM] [Debug] Trained a tree with leaves = 214
[LightGBM] [Info] 24.586861 seconds elapsed, finished iteration 488
[LightGBM] [Warning] No further splits with positive gain, training stopped with 210 leaves.
[LightGBM] [Debug] Trained a tree with leaves = 210
[LightGBM] [Info] 24.633903 seconds elapsed, finished iteration 489
[LightGBM] [Warning] No further splits with positive gain, training stopped with 212 leaves.
[LightGBM] [Debug] Trained a tree with leaves = 212
[LightGBM] [Info] 24.684969 seconds elapsed, finished iteration 490
[LightGBM] [Warning] No further splits with positive gain, training stopped with 212 leaves.
[LightGBM] [Debug] Trained a tree with leaves = 212
[LightGBM] [Info] 24.733566 seconds elapsed, finished iteration 491
[LightGBM] [Warning] No further splits with positive gain, training stopped with 206 leaves.
[LightGBM] [Debug] Trained a tree with leaves = 206
[LightGBM] [Info] 24.780771 seconds elapsed, finished iteration 492
[LightGBM] [Warning] No further splits with positive gain, training stopped with 213 leaves.
[LightGBM] [Debug] Trained a tree with leaves = 213
[LightGBM] [Info] 24.827313 seconds elapsed, finished iteration 493
[LightGBM] [Warning] No further splits with positive gain, training stopped with 211 leaves.
[LightGBM] [Debug] Trained a tree with leaves = 211
[LightGBM] [Info] 24.880699 seconds elapsed, finished iteration 494
[LightGBM] [Warning] No further splits with positive gain, training stopped with 209 leaves.
[LightGBM] [Debug] Trained a tree with leaves = 209
[LightGBM] [Info] 24.927762 seconds elapsed, finished iteration 495
[LightGBM] [Warning] No further splits with positive gain, training stopped with 209 leaves.
[LightGBM] [Debug] Trained a tree with leaves = 209
[LightGBM] [Info] 24.976175 seconds elapsed, finished iteration 496
[LightGBM] [Warning] No further splits with positive gain, training stopped with 208 leaves.
[LightGBM] [Debug] Trained a tree with leaves = 208
[LightGBM] [Info] 25.023144 seconds elapsed, finished iteration 497
[LightGBM] [Warning] No further splits with positive gain, training stopped with 213 leaves.
[LightGBM] [Debug] Trained a tree with leaves = 213
[LightGBM] [Info] 25.073453 seconds elapsed, finished iteration 498
[LightGBM] [Warning] No further splits with positive gain, training stopped with 209 leaves.
[LightGBM] [Debug] Trained a tree with leaves = 209
[LightGBM] [Info] 25.119178 seconds elapsed, finished iteration 499
[LightGBM] [Warning] No further splits with positive gain, training stopped with 208 leaves.
[LightGBM] [Debug] Trained a tree with leaves = 208
[LightGBM] [Info] 25.165571 seconds elapsed, finished iteration 500
[LightGBM] [Info] Finished training
[LightGBM] [Info] CUDABestSplitFinder::LaunchSyncBestSplitForLeafKernel costs:	 3.901173
[LightGBM] [Info] CUDADataPartition::AddPredictionToScoreKernel costs:	 0.043297
[LightGBM] [Info] CUDADataPartition::AggregateBlockOffsetKernel costs:	 1.418212
[LightGBM] [Info] CUDADataPartition::CopyDataIndicesKernel costs:	 0.337930
[LightGBM] [Info] CUDADataPartition::CopyFromCUDADeviceToHostAsync costs:	 1.309888
[LightGBM] [Info] CUDADataPartition::LaunchAddPredictionToScoreKernel::BitonicArgSortGlobal costs:	 0.022180
[LightGBM] [Info] CUDADataPartition::SplitInnerKernel costs:	 0.323954
[LightGBM] [Info] CUDADataPartition::SplitTreeStructureKernel costs:	 0.294192
[LightGBM] [Info] CUDAHistogramConstructor::ConstructHistogramForLeaf::LaunchSubtractHistogramKernel costs:	 0.760913
[LightGBM] [Info] CUDAHistogramConstructor::FixHistogramDiscretizedKernel costs:	 0.329886
[LightGBM] [Info] CUDAHistogramConstructor::SubtractHistogramDiscretizedKernel costs:	 0.313944
[LightGBM] [Info] CUDASingleGPUTreeLearner::BeforeTrain costs:	 0.318188
[LightGBM] [Info] CUDASingleGPUTreeLearner::CPUFindBestFromAllSplits costs:	 0.031190
[LightGBM] [Info] CUDASingleGPUTreeLearner::ConstructHistogramForLeaf costs:	 8.738838
[LightGBM] [Info] CUDASingleGPUTreeLearner::FindBestFromAllSplits costs:	 2.201864
[LightGBM] [Info] CUDASingleGPUTreeLearner::FindBestSplitsForLeaf costs:	 6.970951
[LightGBM] [Info] CUDASingleGPUTreeLearner::NCCLReduceHistogram costs:	 0.007180
[LightGBM] [Info] CUDASingleGPUTreeLearner::RenewDiscretizedTreeLeaves costs:	 0.023637
[LightGBM] [Info] CUDASingleGPUTreeLearner::Split costs:	 4.801897
[LightGBM] [Info] Dataset::FastFeatureBundling costs:	 0.160642
[LightGBM] [Info] Dataset::GetMultiBinFromAllFeatures costs:	 0.693967
[LightGBM] [Info] Dataset::PushDataToMultiValBin costs:	 0.428210
[LightGBM] [Info] Dataset::TestMultiThreadingMethod costs:	 0.698835
[LightGBM] [Info] GBDT::Bagging costs:	 0.000096
[LightGBM] [Info] GBDT::BoostFromAverage costs:	 0.000062
[LightGBM] [Info] GBDT::Boosting costs:	 0.714975
[LightGBM] [Info] GBDT::Train costs:	 25.165582
[LightGBM] [Info] GBDT::TrainOneIter costs:	 25.158059
[LightGBM] [Info] GBDT::UpdateScore costs:	 0.044396
[LightGBM] [Info] GenDataToLeftBitVector costs:	 0.352521
[LightGBM] [Info] MultiValSparseBin::MergeData costs:	 0.198311
[LightGBM] [Info] ScoreUpdater::AddScore costs:	 0.043827
[LightGBM] [Info] SplitInner costs:	 3.899804
