0:	learn: 10.6981200	total: 157ms	remaining: 1m 18s
1:	learn: 10.4887746	total: 313ms	remaining: 1m 17s
2:	learn: 10.3092620	total: 394ms	remaining: 1m 5s
3:	learn: 10.1507340	total: 467ms	remaining: 57.9s
4:	learn: 10.0139045	total: 544ms	remaining: 53.8s
5:	learn: 9.8917375	total: 617ms	remaining: 50.8s
6:	learn: 9.7816142	total: 691ms	remaining: 48.7s
7:	learn: 9.6845672	total: 762ms	remaining: 46.9s
8:	learn: 9.5988509	total: 831ms	remaining: 45.3s
9:	learn: 9.5212956	total: 901ms	remaining: 44.2s
10:	learn: 9.4519777	total: 980ms	remaining: 43.6s
11:	learn: 9.3871108	total: 1.05s	remaining: 42.8s
12:	learn: 9.3268393	total: 1.13s	remaining: 42.4s
13:	learn: 9.2724052	total: 1.21s	remaining: 41.9s
14:	learn: 9.2201971	total: 1.28s	remaining: 41.5s
15:	learn: 9.1721172	total: 1.35s	remaining: 40.9s
16:	learn: 9.1275582	total: 1.43s	remaining: 40.5s
17:	learn: 9.0864410	total: 1.5s	remaining: 40.1s
18:	learn: 9.0463075	total: 1.57s	remaining: 39.7s
19:	learn: 9.0089633	total: 1.65s	remaining: 39.5s
20:	learn: 8.9751373	total: 1.73s	remaining: 39.4s
21:	learn: 8.9421022	total: 1.8s	remaining: 39.1s
22:	learn: 8.9116591	total: 1.87s	remaining: 38.8s
23:	learn: 8.8813797	total: 1.94s	remaining: 38.4s
24:	learn: 8.8546887	total: 2.02s	remaining: 38.4s
25:	learn: 8.8273053	total: 2.09s	remaining: 38.1s
26:	learn: 8.8008423	total: 2.16s	remaining: 37.8s
27:	learn: 8.7768365	total: 2.23s	remaining: 37.6s
28:	learn: 8.7535365	total: 2.3s	remaining: 37.3s
29:	learn: 8.7279607	total: 2.36s	remaining: 37s
30:	learn: 8.7042197	total: 2.44s	remaining: 36.9s
31:	learn: 8.6824258	total: 2.59s	remaining: 37.8s
32:	learn: 8.6607644	total: 2.66s	remaining: 37.7s
33:	learn: 8.6397225	total: 2.73s	remaining: 37.4s
34:	learn: 8.6198533	total: 2.81s	remaining: 37.3s
35:	learn: 8.6000420	total: 2.88s	remaining: 37.2s
36:	learn: 8.5803945	total: 2.95s	remaining: 37s
37:	learn: 8.5614364	total: 3.02s	remaining: 36.8s
38:	learn: 8.5432431	total: 3.1s	remaining: 36.6s
39:	learn: 8.5257986	total: 3.17s	remaining: 36.4s
40:	learn: 8.5070079	total: 3.26s	remaining: 36.5s
41:	learn: 8.4889748	total: 3.33s	remaining: 36.3s
42:	learn: 8.4702155	total: 3.4s	remaining: 36.2s
43:	learn: 8.4535545	total: 3.47s	remaining: 36s
44:	learn: 8.4384639	total: 3.54s	remaining: 35.8s
45:	learn: 8.4216525	total: 3.61s	remaining: 35.7s
46:	learn: 8.4053795	total: 3.68s	remaining: 35.5s
47:	learn: 8.3889807	total: 3.75s	remaining: 35.3s
48:	learn: 8.3738090	total: 3.82s	remaining: 35.2s
49:	learn: 8.3579542	total: 3.89s	remaining: 35s
50:	learn: 8.3417164	total: 3.96s	remaining: 34.8s
51:	learn: 8.3272114	total: 4.03s	remaining: 34.7s
52:	learn: 8.3124674	total: 4.11s	remaining: 34.7s
53:	learn: 8.2976069	total: 4.18s	remaining: 34.5s
54:	learn: 8.2832429	total: 4.24s	remaining: 34.3s
55:	learn: 8.2695865	total: 4.31s	remaining: 34.2s
56:	learn: 8.2555948	total: 4.38s	remaining: 34.1s
57:	learn: 8.2412656	total: 4.45s	remaining: 33.9s
58:	learn: 8.2268839	total: 4.53s	remaining: 33.9s
59:	learn: 8.2138479	total: 4.61s	remaining: 33.8s
60:	learn: 8.2004946	total: 4.68s	remaining: 33.7s
61:	learn: 8.1877174	total: 4.75s	remaining: 33.6s
62:	learn: 8.1742799	total: 4.82s	remaining: 33.5s
63:	learn: 8.1620646	total: 4.89s	remaining: 33.3s
64:	learn: 8.1492676	total: 4.96s	remaining: 33.2s
65:	learn: 8.1367200	total: 5.03s	remaining: 33.1s
66:	learn: 8.1243447	total: 5.1s	remaining: 33s
67:	learn: 8.1113330	total: 5.18s	remaining: 32.9s
68:	learn: 8.0990541	total: 5.24s	remaining: 32.8s
69:	learn: 8.0865564	total: 5.31s	remaining: 32.6s
70:	learn: 8.0741376	total: 5.38s	remaining: 32.5s
71:	learn: 8.0611282	total: 5.45s	remaining: 32.4s
72:	learn: 8.0498511	total: 5.52s	remaining: 32.3s
73:	learn: 8.0385751	total: 5.58s	remaining: 32.1s
74:	learn: 8.0270805	total: 5.65s	remaining: 32s
75:	learn: 8.0154359	total: 5.72s	remaining: 31.9s
76:	learn: 8.0035340	total: 5.79s	remaining: 31.8s
77:	learn: 7.9913780	total: 5.85s	remaining: 31.7s
78:	learn: 7.9798759	total: 5.92s	remaining: 31.5s
79:	learn: 7.9689817	total: 5.98s	remaining: 31.4s
80:	learn: 7.9573280	total: 6.05s	remaining: 31.3s
81:	learn: 7.9463186	total: 6.12s	remaining: 31.2s
82:	learn: 7.9345992	total: 6.18s	remaining: 31s
83:	learn: 7.9232721	total: 6.25s	remaining: 30.9s
84:	learn: 7.9123774	total: 6.31s	remaining: 30.8s
85:	learn: 7.9020693	total: 6.38s	remaining: 30.7s
86:	learn: 7.8915850	total: 6.44s	remaining: 30.6s
87:	learn: 7.8810105	total: 6.51s	remaining: 30.5s
88:	learn: 7.8708843	total: 6.58s	remaining: 30.4s
89:	learn: 7.8605461	total: 6.64s	remaining: 30.3s
90:	learn: 7.8508030	total: 6.71s	remaining: 30.2s
91:	learn: 7.8408891	total: 6.78s	remaining: 30.1s
92:	learn: 7.8306372	total: 6.85s	remaining: 30s
93:	learn: 7.8200531	total: 6.92s	remaining: 29.9s
94:	learn: 7.8102272	total: 7s	remaining: 29.8s
95:	learn: 7.8001113	total: 7.07s	remaining: 29.7s
96:	learn: 7.7904964	total: 7.13s	remaining: 29.6s
97:	learn: 7.7805096	total: 7.2s	remaining: 29.5s
98:	learn: 7.7705219	total: 7.26s	remaining: 29.4s
99:	learn: 7.7608036	total: 7.33s	remaining: 29.3s
100:	learn: 7.7499009	total: 7.39s	remaining: 29.2s
101:	learn: 7.7395469	total: 7.46s	remaining: 29.1s
102:	learn: 7.7300346	total: 7.53s	remaining: 29s
103:	learn: 7.7205170	total: 7.59s	remaining: 28.9s
104:	learn: 7.7113272	total: 7.66s	remaining: 28.8s
105:	learn: 7.7019257	total: 7.73s	remaining: 28.7s
106:	learn: 7.6925192	total: 7.79s	remaining: 28.6s
107:	learn: 7.6837230	total: 7.86s	remaining: 28.5s
108:	learn: 7.6747654	total: 7.92s	remaining: 28.4s
109:	learn: 7.6655562	total: 7.99s	remaining: 28.3s
110:	learn: 7.6562644	total: 8.05s	remaining: 28.2s
111:	learn: 7.6470918	total: 8.15s	remaining: 28.2s
112:	learn: 7.6378992	total: 8.22s	remaining: 28.2s
113:	learn: 7.6277222	total: 8.29s	remaining: 28.1s
114:	learn: 7.6186506	total: 8.36s	remaining: 28s
115:	learn: 7.6094517	total: 8.43s	remaining: 27.9s
116:	learn: 7.6006375	total: 8.49s	remaining: 27.8s
117:	learn: 7.5916287	total: 8.57s	remaining: 27.7s
118:	learn: 7.5828421	total: 8.64s	remaining: 27.7s
119:	learn: 7.5738622	total: 8.71s	remaining: 27.6s
120:	learn: 7.5642098	total: 8.77s	remaining: 27.5s
121:	learn: 7.5557395	total: 8.85s	remaining: 27.4s
122:	learn: 7.5466014	total: 8.92s	remaining: 27.3s
123:	learn: 7.5380798	total: 9s	remaining: 27.3s
124:	learn: 7.5297595	total: 9.08s	remaining: 27.2s
125:	learn: 7.5211973	total: 9.15s	remaining: 27.2s
126:	learn: 7.5125359	total: 9.21s	remaining: 27.1s
127:	learn: 7.5044634	total: 9.28s	remaining: 27s
128:	learn: 7.4952538	total: 9.35s	remaining: 26.9s
129:	learn: 7.4856881	total: 9.41s	remaining: 26.8s
130:	learn: 7.4776042	total: 9.48s	remaining: 26.7s
131:	learn: 7.4689964	total: 9.55s	remaining: 26.6s
132:	learn: 7.4612461	total: 9.61s	remaining: 26.5s
133:	learn: 7.4534016	total: 9.68s	remaining: 26.4s
134:	learn: 7.4452861	total: 9.74s	remaining: 26.3s
135:	learn: 7.4372673	total: 9.81s	remaining: 26.3s
136:	learn: 7.4286409	total: 9.87s	remaining: 26.2s
137:	learn: 7.4204632	total: 9.94s	remaining: 26.1s
138:	learn: 7.4138842	total: 10s	remaining: 26s
139:	learn: 7.4058745	total: 10.1s	remaining: 25.9s
140:	learn: 7.3978753	total: 10.1s	remaining: 25.8s
141:	learn: 7.3910916	total: 10.3s	remaining: 25.9s
142:	learn: 7.3835402	total: 10.4s	remaining: 25.9s
143:	learn: 7.3764068	total: 10.4s	remaining: 25.8s
144:	learn: 7.3691085	total: 10.5s	remaining: 25.7s
145:	learn: 7.3618126	total: 10.6s	remaining: 25.6s
146:	learn: 7.3532983	total: 10.6s	remaining: 25.6s
147:	learn: 7.3458041	total: 10.7s	remaining: 25.5s
148:	learn: 7.3381206	total: 10.8s	remaining: 25.4s
149:	learn: 7.3304009	total: 10.8s	remaining: 25.3s
150:	learn: 7.3230861	total: 10.9s	remaining: 25.2s
151:	learn: 7.3163297	total: 11s	remaining: 25.1s
152:	learn: 7.3101438	total: 11s	remaining: 25s
153:	learn: 7.3021420	total: 11.1s	remaining: 25s
154:	learn: 7.2962984	total: 11.2s	remaining: 24.9s
155:	learn: 7.2879642	total: 11.2s	remaining: 24.8s
156:	learn: 7.2811029	total: 11.3s	remaining: 24.7s
157:	learn: 7.2742171	total: 11.4s	remaining: 24.6s
158:	learn: 7.2668155	total: 11.4s	remaining: 24.5s
159:	learn: 7.2605954	total: 11.5s	remaining: 24.5s
160:	learn: 7.2549833	total: 11.6s	remaining: 24.4s
161:	learn: 7.2500536	total: 11.6s	remaining: 24.3s
162:	learn: 7.2439379	total: 11.7s	remaining: 24.2s
163:	learn: 7.2377041	total: 11.8s	remaining: 24.1s
164:	learn: 7.2309974	total: 11.8s	remaining: 24s
165:	learn: 7.2235121	total: 11.9s	remaining: 23.9s
166:	learn: 7.2161141	total: 12s	remaining: 23.8s
167:	learn: 7.2097109	total: 12s	remaining: 23.8s
168:	learn: 7.2041830	total: 12.1s	remaining: 23.7s
169:	learn: 7.1973156	total: 12.1s	remaining: 23.6s
170:	learn: 7.1906900	total: 12.2s	remaining: 23.5s
171:	learn: 7.1831888	total: 12.3s	remaining: 23.4s
172:	learn: 7.1763698	total: 12.3s	remaining: 23.3s
173:	learn: 7.1691855	total: 12.4s	remaining: 23.2s
174:	learn: 7.1637642	total: 12.5s	remaining: 23.1s
175:	learn: 7.1590970	total: 12.5s	remaining: 23.1s
176:	learn: 7.1531405	total: 12.6s	remaining: 23s
177:	learn: 7.1480016	total: 12.7s	remaining: 22.9s
178:	learn: 7.1416641	total: 12.7s	remaining: 22.8s
179:	learn: 7.1353573	total: 12.8s	remaining: 22.7s
180:	learn: 7.1299787	total: 12.8s	remaining: 22.6s
181:	learn: 7.1250869	total: 12.9s	remaining: 22.5s
182:	learn: 7.1185146	total: 13.1s	remaining: 22.7s
183:	learn: 7.1132505	total: 13.1s	remaining: 22.6s
184:	learn: 7.1059311	total: 13.2s	remaining: 22.5s
185:	learn: 7.1010340	total: 13.3s	remaining: 22.4s
186:	learn: 7.0933492	total: 13.4s	remaining: 22.4s
187:	learn: 7.0880248	total: 13.4s	remaining: 22.3s
188:	learn: 7.0826160	total: 13.5s	remaining: 22.2s
189:	learn: 7.0772421	total: 13.6s	remaining: 22.1s
190:	learn: 7.0717509	total: 13.6s	remaining: 22.1s
191:	learn: 7.0651330	total: 13.7s	remaining: 22s
192:	learn: 7.0597979	total: 13.8s	remaining: 21.9s
193:	learn: 7.0541315	total: 13.8s	remaining: 21.8s
194:	learn: 7.0493795	total: 13.9s	remaining: 21.7s
195:	learn: 7.0451646	total: 13.9s	remaining: 21.6s
196:	learn: 7.0390639	total: 14s	remaining: 21.5s
197:	learn: 7.0339796	total: 14.1s	remaining: 21.5s
198:	learn: 7.0291931	total: 14.1s	remaining: 21.4s
199:	learn: 7.0243991	total: 14.2s	remaining: 21.3s
200:	learn: 7.0174823	total: 14.3s	remaining: 21.2s
201:	learn: 7.0124336	total: 14.3s	remaining: 21.1s
202:	learn: 7.0069720	total: 14.4s	remaining: 21s
203:	learn: 7.0002278	total: 14.4s	remaining: 21s
204:	learn: 6.9951932	total: 14.5s	remaining: 20.9s
205:	learn: 6.9903577	total: 14.6s	remaining: 20.8s
206:	learn: 6.9851557	total: 14.6s	remaining: 20.7s
207:	learn: 6.9797339	total: 14.7s	remaining: 20.6s
208:	learn: 6.9740510	total: 14.8s	remaining: 20.6s
209:	learn: 6.9695671	total: 14.8s	remaining: 20.5s
210:	learn: 6.9649649	total: 14.9s	remaining: 20.4s
211:	learn: 6.9598283	total: 15s	remaining: 20.3s
212:	learn: 6.9538741	total: 15s	remaining: 20.3s
213:	learn: 6.9474949	total: 15.1s	remaining: 20.2s
214:	learn: 6.9418943	total: 15.2s	remaining: 20.1s
215:	learn: 6.9369458	total: 15.2s	remaining: 20s
216:	learn: 6.9316655	total: 15.3s	remaining: 19.9s
217:	learn: 6.9267461	total: 15.3s	remaining: 19.9s
218:	learn: 6.9198027	total: 15.4s	remaining: 19.8s
219:	learn: 6.9152563	total: 15.5s	remaining: 19.7s
220:	learn: 6.9080111	total: 15.5s	remaining: 19.6s
221:	learn: 6.9021794	total: 15.6s	remaining: 19.6s
222:	learn: 6.8957759	total: 15.7s	remaining: 19.5s
223:	learn: 6.8901498	total: 15.7s	remaining: 19.4s
224:	learn: 6.8862865	total: 15.8s	remaining: 19.3s
225:	learn: 6.8808924	total: 15.9s	remaining: 19.2s
226:	learn: 6.8760392	total: 15.9s	remaining: 19.2s
227:	learn: 6.8714873	total: 16s	remaining: 19.1s
228:	learn: 6.8666498	total: 16.1s	remaining: 19s
229:	learn: 6.8609495	total: 16.1s	remaining: 18.9s
230:	learn: 6.8554339	total: 16.2s	remaining: 18.9s
231:	learn: 6.8508262	total: 16.3s	remaining: 18.8s
232:	learn: 6.8442813	total: 16.3s	remaining: 18.7s
233:	learn: 6.8398647	total: 16.4s	remaining: 18.6s
234:	learn: 6.8352978	total: 16.4s	remaining: 18.5s
235:	learn: 6.8287760	total: 16.5s	remaining: 18.5s
236:	learn: 6.8218578	total: 16.6s	remaining: 18.4s
237:	learn: 6.8175111	total: 16.6s	remaining: 18.3s
238:	learn: 6.8116830	total: 16.7s	remaining: 18.2s
239:	learn: 6.8083346	total: 16.8s	remaining: 18.2s
240:	learn: 6.8047278	total: 16.8s	remaining: 18.1s
241:	learn: 6.8004554	total: 16.9s	remaining: 18s
242:	learn: 6.7952551	total: 17s	remaining: 18s
243:	learn: 6.7907684	total: 17.1s	remaining: 17.9s
244:	learn: 6.7837393	total: 17.1s	remaining: 17.8s
245:	learn: 6.7783073	total: 17.2s	remaining: 17.7s
246:	learn: 6.7723359	total: 17.3s	remaining: 17.7s
247:	learn: 6.7672968	total: 17.3s	remaining: 17.6s
248:	learn: 6.7605438	total: 17.4s	remaining: 17.5s
249:	learn: 6.7554560	total: 17.5s	remaining: 17.5s
250:	learn: 6.7502430	total: 17.5s	remaining: 17.4s
251:	learn: 6.7454637	total: 17.6s	remaining: 17.3s
252:	learn: 6.7411681	total: 17.7s	remaining: 17.2s
253:	learn: 6.7343483	total: 17.7s	remaining: 17.2s
254:	learn: 6.7300780	total: 17.8s	remaining: 17.1s
255:	learn: 6.7248264	total: 17.8s	remaining: 17s
256:	learn: 6.7210584	total: 17.9s	remaining: 16.9s
257:	learn: 6.7146908	total: 18s	remaining: 16.9s
258:	learn: 6.7087927	total: 18s	remaining: 16.8s
259:	learn: 6.7043019	total: 18.1s	remaining: 16.7s
260:	learn: 6.6997653	total: 18.2s	remaining: 16.6s
261:	learn: 6.6946590	total: 18.2s	remaining: 16.6s
262:	learn: 6.6911131	total: 18.3s	remaining: 16.5s
263:	learn: 6.6875099	total: 18.4s	remaining: 16.4s
264:	learn: 6.6818150	total: 18.4s	remaining: 16.3s
265:	learn: 6.6757466	total: 18.5s	remaining: 16.3s
266:	learn: 6.6716832	total: 18.6s	remaining: 16.2s
267:	learn: 6.6648567	total: 18.6s	remaining: 16.1s
268:	learn: 6.6608452	total: 18.7s	remaining: 16.1s
269:	learn: 6.6574112	total: 18.8s	remaining: 16s
270:	learn: 6.6530254	total: 18.8s	remaining: 15.9s
271:	learn: 6.6469973	total: 18.9s	remaining: 15.8s
272:	learn: 6.6406085	total: 19s	remaining: 15.8s
273:	learn: 6.6378141	total: 19s	remaining: 15.7s
274:	learn: 6.6334407	total: 19.1s	remaining: 15.6s
275:	learn: 6.6277521	total: 19.2s	remaining: 15.6s
276:	learn: 6.6209525	total: 19.2s	remaining: 15.5s
277:	learn: 6.6146588	total: 19.3s	remaining: 15.4s
278:	learn: 6.6079019	total: 19.4s	remaining: 15.4s
279:	learn: 6.6028771	total: 19.5s	remaining: 15.3s
280:	learn: 6.5979070	total: 19.5s	remaining: 15.2s
281:	learn: 6.5915644	total: 19.6s	remaining: 15.1s
282:	learn: 6.5872150	total: 19.7s	remaining: 15.1s
283:	learn: 6.5841078	total: 19.7s	remaining: 15s
284:	learn: 6.5805355	total: 19.8s	remaining: 14.9s
285:	learn: 6.5767507	total: 19.9s	remaining: 14.9s
286:	learn: 6.5731605	total: 19.9s	remaining: 14.8s
287:	learn: 6.5685015	total: 20s	remaining: 14.7s
288:	learn: 6.5638444	total: 20.1s	remaining: 14.7s
289:	learn: 6.5588247	total: 20.2s	remaining: 14.6s
290:	learn: 6.5535935	total: 20.2s	remaining: 14.5s
291:	learn: 6.5481602	total: 20.3s	remaining: 14.4s
292:	learn: 6.5429455	total: 20.3s	remaining: 14.4s
293:	learn: 6.5391557	total: 20.4s	remaining: 14.3s
294:	learn: 6.5359194	total: 20.5s	remaining: 14.2s
295:	learn: 6.5299586	total: 20.5s	remaining: 14.2s
296:	learn: 6.5244471	total: 20.6s	remaining: 14.1s
297:	learn: 6.5179923	total: 20.7s	remaining: 14s
298:	learn: 6.5134382	total: 20.7s	remaining: 13.9s
299:	learn: 6.5072158	total: 20.8s	remaining: 13.9s
300:	learn: 6.5011746	total: 20.9s	remaining: 13.8s
301:	learn: 6.4964198	total: 20.9s	remaining: 13.7s
302:	learn: 6.4929858	total: 21s	remaining: 13.7s
303:	learn: 6.4886066	total: 21.1s	remaining: 13.6s
304:	learn: 6.4836317	total: 21.1s	remaining: 13.5s
305:	learn: 6.4807660	total: 21.2s	remaining: 13.4s
306:	learn: 6.4753322	total: 21.3s	remaining: 13.4s
307:	learn: 6.4705231	total: 21.3s	remaining: 13.3s
308:	learn: 6.4668636	total: 21.4s	remaining: 13.2s
309:	learn: 6.4643811	total: 21.5s	remaining: 13.2s
310:	learn: 6.4597328	total: 21.5s	remaining: 13.1s
311:	learn: 6.4533681	total: 21.6s	remaining: 13s
312:	learn: 6.4478282	total: 21.7s	remaining: 12.9s
313:	learn: 6.4453350	total: 21.7s	remaining: 12.9s
314:	learn: 6.4421099	total: 21.8s	remaining: 12.8s
315:	learn: 6.4370723	total: 21.9s	remaining: 12.7s
316:	learn: 6.4338875	total: 22s	remaining: 12.7s
317:	learn: 6.4277955	total: 22s	remaining: 12.6s
318:	learn: 6.4228873	total: 22.1s	remaining: 12.5s
319:	learn: 6.4192655	total: 22.2s	remaining: 12.5s
320:	learn: 6.4164329	total: 22.2s	remaining: 12.4s
321:	learn: 6.4130513	total: 22.3s	remaining: 12.3s
322:	learn: 6.4099589	total: 22.4s	remaining: 12.3s
323:	learn: 6.4047792	total: 22.4s	remaining: 12.2s
324:	learn: 6.3995659	total: 22.5s	remaining: 12.1s
325:	learn: 6.3958895	total: 22.6s	remaining: 12s
326:	learn: 6.3930425	total: 22.7s	remaining: 12s
327:	learn: 6.3893042	total: 22.7s	remaining: 11.9s
328:	learn: 6.3831318	total: 22.8s	remaining: 11.8s
329:	learn: 6.3773733	total: 22.9s	remaining: 11.8s
330:	learn: 6.3717765	total: 22.9s	remaining: 11.7s
331:	learn: 6.3682642	total: 23s	remaining: 11.6s
332:	learn: 6.3635311	total: 23.1s	remaining: 11.6s
333:	learn: 6.3585343	total: 23.2s	remaining: 11.5s
334:	learn: 6.3542769	total: 23.3s	remaining: 11.5s
335:	learn: 6.3499548	total: 23.3s	remaining: 11.4s
336:	learn: 6.3465565	total: 23.4s	remaining: 11.3s
337:	learn: 6.3431250	total: 23.5s	remaining: 11.2s
338:	learn: 6.3369821	total: 23.5s	remaining: 11.2s
339:	learn: 6.3320495	total: 23.6s	remaining: 11.1s
340:	learn: 6.3263039	total: 23.7s	remaining: 11s
341:	learn: 6.3220067	total: 23.7s	remaining: 11s
342:	learn: 6.3175212	total: 23.8s	remaining: 10.9s
343:	learn: 6.3118844	total: 23.9s	remaining: 10.8s
344:	learn: 6.3052572	total: 24s	remaining: 10.8s
345:	learn: 6.3012502	total: 24s	remaining: 10.7s
346:	learn: 6.2976397	total: 24.1s	remaining: 10.6s
347:	learn: 6.2943659	total: 24.2s	remaining: 10.6s
348:	learn: 6.2903448	total: 24.2s	remaining: 10.5s
349:	learn: 6.2845792	total: 24.3s	remaining: 10.4s
350:	learn: 6.2799657	total: 24.4s	remaining: 10.4s
351:	learn: 6.2743322	total: 24.5s	remaining: 10.3s
352:	learn: 6.2715411	total: 24.5s	remaining: 10.2s
353:	learn: 6.2684236	total: 24.6s	remaining: 10.1s
354:	learn: 6.2653590	total: 24.7s	remaining: 10.1s
355:	learn: 6.2630019	total: 24.7s	remaining: 10s
356:	learn: 6.2571932	total: 24.8s	remaining: 9.93s
357:	learn: 6.2538434	total: 24.9s	remaining: 9.86s
358:	learn: 6.2498452	total: 24.9s	remaining: 9.79s
359:	learn: 6.2440039	total: 25s	remaining: 9.73s
360:	learn: 6.2407175	total: 25.1s	remaining: 9.66s
361:	learn: 6.2367372	total: 25.2s	remaining: 9.6s
362:	learn: 6.2341714	total: 25.2s	remaining: 9.53s
363:	learn: 6.2298297	total: 25.3s	remaining: 9.46s
364:	learn: 6.2252432	total: 25.4s	remaining: 9.39s
365:	learn: 6.2225146	total: 25.5s	remaining: 9.32s
366:	learn: 6.2193736	total: 25.5s	remaining: 9.25s
367:	learn: 6.2134582	total: 25.6s	remaining: 9.18s
368:	learn: 6.2100122	total: 25.7s	remaining: 9.11s
369:	learn: 6.2046020	total: 25.7s	remaining: 9.04s
370:	learn: 6.1988937	total: 25.8s	remaining: 8.97s
371:	learn: 6.1938028	total: 25.9s	remaining: 8.9s
372:	learn: 6.1884738	total: 26s	remaining: 8.84s
373:	learn: 6.1838646	total: 26s	remaining: 8.77s
374:	learn: 6.1806590	total: 26.1s	remaining: 8.7s
375:	learn: 6.1780161	total: 26.2s	remaining: 8.63s
376:	learn: 6.1744561	total: 26.2s	remaining: 8.56s
377:	learn: 6.1716020	total: 26.3s	remaining: 8.49s
378:	learn: 6.1673215	total: 26.4s	remaining: 8.42s
379:	learn: 6.1640218	total: 26.4s	remaining: 8.35s
380:	learn: 6.1613148	total: 26.5s	remaining: 8.28s
381:	learn: 6.1584206	total: 26.6s	remaining: 8.21s
382:	learn: 6.1562628	total: 26.6s	remaining: 8.14s
383:	learn: 6.1514872	total: 26.7s	remaining: 8.07s
384:	learn: 6.1459163	total: 26.8s	remaining: 8s
385:	learn: 6.1418658	total: 26.8s	remaining: 7.93s
386:	learn: 6.1363135	total: 26.9s	remaining: 7.86s
387:	learn: 6.1326776	total: 27s	remaining: 7.79s
388:	learn: 6.1283305	total: 27s	remaining: 7.71s
389:	learn: 6.1246578	total: 27.1s	remaining: 7.64s
390:	learn: 6.1216645	total: 27.2s	remaining: 7.57s
391:	learn: 6.1170297	total: 27.2s	remaining: 7.5s
392:	learn: 6.1129586	total: 27.3s	remaining: 7.43s
393:	learn: 6.1101552	total: 27.4s	remaining: 7.36s
394:	learn: 6.1066410	total: 27.4s	remaining: 7.29s
395:	learn: 6.1031273	total: 27.5s	remaining: 7.22s
396:	learn: 6.0991760	total: 27.6s	remaining: 7.15s
397:	learn: 6.0945878	total: 27.6s	remaining: 7.08s
398:	learn: 6.0897181	total: 27.7s	remaining: 7.01s
399:	learn: 6.0843086	total: 27.8s	remaining: 6.94s
400:	learn: 6.0801862	total: 27.8s	remaining: 6.87s
401:	learn: 6.0763215	total: 27.9s	remaining: 6.8s
402:	learn: 6.0710706	total: 28s	remaining: 6.73s
403:	learn: 6.0650781	total: 28s	remaining: 6.66s
404:	learn: 6.0606782	total: 28.1s	remaining: 6.59s
405:	learn: 6.0556028	total: 28.2s	remaining: 6.52s
406:	learn: 6.0499251	total: 28.2s	remaining: 6.45s
407:	learn: 6.0462454	total: 28.3s	remaining: 6.38s
408:	learn: 6.0433033	total: 28.4s	remaining: 6.32s
409:	learn: 6.0384215	total: 28.5s	remaining: 6.25s
410:	learn: 6.0351550	total: 28.5s	remaining: 6.18s
411:	learn: 6.0305023	total: 28.6s	remaining: 6.11s
412:	learn: 6.0253428	total: 28.7s	remaining: 6.04s
413:	learn: 6.0224793	total: 28.7s	remaining: 5.97s
414:	learn: 6.0196118	total: 28.8s	remaining: 5.9s
415:	learn: 6.0171194	total: 28.9s	remaining: 5.83s
416:	learn: 6.0120198	total: 28.9s	remaining: 5.76s
417:	learn: 6.0079911	total: 29s	remaining: 5.69s
418:	learn: 6.0036931	total: 29.1s	remaining: 5.62s
419:	learn: 5.9999396	total: 29.1s	remaining: 5.55s
420:	learn: 5.9963526	total: 29.2s	remaining: 5.48s
421:	learn: 5.9930868	total: 29.3s	remaining: 5.41s
422:	learn: 5.9892224	total: 29.3s	remaining: 5.34s
423:	learn: 5.9857536	total: 29.4s	remaining: 5.27s
424:	learn: 5.9808653	total: 29.5s	remaining: 5.2s
425:	learn: 5.9753304	total: 29.5s	remaining: 5.13s
426:	learn: 5.9712967	total: 29.6s	remaining: 5.06s
427:	learn: 5.9666533	total: 29.7s	remaining: 4.99s
428:	learn: 5.9620954	total: 29.7s	remaining: 4.92s
429:	learn: 5.9581588	total: 29.8s	remaining: 4.85s
430:	learn: 5.9541455	total: 29.9s	remaining: 4.78s
431:	learn: 5.9505568	total: 30s	remaining: 4.71s
432:	learn: 5.9462000	total: 30s	remaining: 4.64s
433:	learn: 5.9436996	total: 30.1s	remaining: 4.57s
434:	learn: 5.9390298	total: 30.1s	remaining: 4.5s
435:	learn: 5.9349009	total: 30.2s	remaining: 4.43s
436:	learn: 5.9319686	total: 30.3s	remaining: 4.37s
437:	learn: 5.9291943	total: 30.3s	remaining: 4.29s
438:	learn: 5.9267663	total: 30.4s	remaining: 4.22s
439:	learn: 5.9222724	total: 30.5s	remaining: 4.16s
440:	learn: 5.9174150	total: 30.6s	remaining: 4.09s
441:	learn: 5.9139740	total: 30.6s	remaining: 4.02s
442:	learn: 5.9099776	total: 30.7s	remaining: 3.95s
443:	learn: 5.9069296	total: 30.8s	remaining: 3.88s
444:	learn: 5.9024327	total: 30.9s	remaining: 3.81s
445:	learn: 5.8972959	total: 30.9s	remaining: 3.74s
446:	learn: 5.8935626	total: 31s	remaining: 3.68s
447:	learn: 5.8914649	total: 31.1s	remaining: 3.61s
448:	learn: 5.8887103	total: 31.2s	remaining: 3.54s
449:	learn: 5.8840538	total: 31.2s	remaining: 3.47s
450:	learn: 5.8806667	total: 31.3s	remaining: 3.4s
451:	learn: 5.8786807	total: 31.4s	remaining: 3.33s
452:	learn: 5.8730500	total: 31.4s	remaining: 3.26s
453:	learn: 5.8702913	total: 31.5s	remaining: 3.19s
454:	learn: 5.8662498	total: 31.6s	remaining: 3.12s
455:	learn: 5.8611003	total: 31.6s	remaining: 3.05s
456:	learn: 5.8573224	total: 31.7s	remaining: 2.98s
457:	learn: 5.8538556	total: 31.8s	remaining: 2.91s
458:	learn: 5.8486457	total: 31.8s	remaining: 2.84s
459:	learn: 5.8430568	total: 31.9s	remaining: 2.77s
460:	learn: 5.8397021	total: 32s	remaining: 2.7s
461:	learn: 5.8358212	total: 32s	remaining: 2.63s
462:	learn: 5.8335006	total: 32.1s	remaining: 2.57s
463:	learn: 5.8294278	total: 32.2s	remaining: 2.5s
464:	learn: 5.8275360	total: 32.3s	remaining: 2.43s
465:	learn: 5.8239991	total: 32.4s	remaining: 2.36s
466:	learn: 5.8201968	total: 32.4s	remaining: 2.29s
467:	learn: 5.8159524	total: 32.5s	remaining: 2.22s
468:	learn: 5.8132315	total: 32.6s	remaining: 2.15s
469:	learn: 5.8091323	total: 32.7s	remaining: 2.08s
470:	learn: 5.8060888	total: 32.7s	remaining: 2.02s
471:	learn: 5.8038422	total: 32.8s	remaining: 1.95s
472:	learn: 5.8017075	total: 32.9s	remaining: 1.88s
473:	learn: 5.7970578	total: 33s	remaining: 1.81s
474:	learn: 5.7944500	total: 33s	remaining: 1.74s
475:	learn: 5.7918634	total: 33.1s	remaining: 1.67s
476:	learn: 5.7892012	total: 33.2s	remaining: 1.6s
477:	learn: 5.7855411	total: 33.2s	remaining: 1.53s
478:	learn: 5.7800240	total: 33.3s	remaining: 1.46s
479:	learn: 5.7748908	total: 33.4s	remaining: 1.39s
480:	learn: 5.7702764	total: 33.4s	remaining: 1.32s
481:	learn: 5.7668619	total: 33.5s	remaining: 1.25s
482:	learn: 5.7630056	total: 33.6s	remaining: 1.18s
483:	learn: 5.7586202	total: 33.7s	remaining: 1.11s
484:	learn: 5.7540876	total: 33.7s	remaining: 1.04s
485:	learn: 5.7492969	total: 33.8s	remaining: 973ms
486:	learn: 5.7464022	total: 33.9s	remaining: 904ms
487:	learn: 5.7429589	total: 33.9s	remaining: 834ms
488:	learn: 5.7391110	total: 34s	remaining: 764ms
489:	learn: 5.7353123	total: 34s	remaining: 695ms
490:	learn: 5.7305185	total: 34.1s	remaining: 625ms
491:	learn: 5.7263587	total: 34.2s	remaining: 556ms
492:	learn: 5.7210655	total: 34.3s	remaining: 486ms
493:	learn: 5.7192635	total: 34.3s	remaining: 417ms
494:	learn: 5.7171587	total: 34.4s	remaining: 347ms
495:	learn: 5.7144281	total: 34.4s	remaining: 278ms
496:	learn: 5.7116930	total: 34.5s	remaining: 208ms
497:	learn: 5.7069105	total: 34.6s	remaining: 139ms
498:	learn: 5.7034317	total: 34.6s	remaining: 69.4ms
499:	learn: 5.7008950	total: 34.7s	remaining: 0us
Skipping test eval output
0.6125079007 min passed
