[LightGBM] [Warning] num_threads is set=24, num_threads=16 will be ignored. Current value: num_threads=24
[LightGBM] [Warning] device_type is set=cuda, device_type=cpu will be ignored. Current value: device_type=cuda
[LightGBM] [Warning] use_discretized_grad is set=true, use_discretized_grad=true will be ignored. Current value: use_discretized_grad=true
[LightGBM] [Warning] discretized_grad_renew is set=true, discretized_grad_renew=true will be ignored. Current value: discretized_grad_renew=true
[LightGBM] [Info] Finished loading parameters
[LightGBM] [Debug] Loading train file...
[LightGBM] [Info] Loading query boundaries...
[LightGBM] [Warning] Using sparse features with CUDA is currently not supported.
[LightGBM] [Info] Construct bin mappers from text data time 8.19 seconds
[LightGBM] [Debug] Number of queries in /home/shiyu/boosting_tree_benchmarks/data/msltr.train: 18919. Average number of rows per query: 120.000846.
[LightGBM] [Info] Finished loading data in 14.950743 seconds
[LightGBM] [Debug] Dataset::GetMultiBinFromAllFeatures: sparse rate 0.380394
[LightGBM] [Info] Total Bins 25644
[LightGBM] [Info] Number of data points in the train set: 2270296, number of used features: 136
[LightGBM] [Info] Finished initializing training
[LightGBM] [Info] Started training...
[LightGBM] [Debug] Trained a tree with leaves = 255
[LightGBM] [Info] 0.075980 seconds elapsed, finished iteration 1
[LightGBM] [Debug] Trained a tree with leaves = 255
[LightGBM] [Info] 0.146410 seconds elapsed, finished iteration 2
[LightGBM] [Debug] Trained a tree with leaves = 255
[LightGBM] [Info] 0.214775 seconds elapsed, finished iteration 3
[LightGBM] [Debug] Trained a tree with leaves = 255
[LightGBM] [Info] 0.282077 seconds elapsed, finished iteration 4
[LightGBM] [Debug] Trained a tree with leaves = 255
[LightGBM] [Info] 0.349992 seconds elapsed, finished iteration 5
[LightGBM] [Debug] Trained a tree with leaves = 255
[LightGBM] [Info] 0.421089 seconds elapsed, finished iteration 6
[LightGBM] [Debug] Trained a tree with leaves = 255
[LightGBM] [Info] 0.488184 seconds elapsed, finished iteration 7
[LightGBM] [Debug] Trained a tree with leaves = 255
[LightGBM] [Info] 0.555950 seconds elapsed, finished iteration 8
[LightGBM] [Debug] Trained a tree with leaves = 255
[LightGBM] [Info] 0.629028 seconds elapsed, finished iteration 9
[LightGBM] [Debug] Trained a tree with leaves = 255
[LightGBM] [Info] 0.701085 seconds elapsed, finished iteration 10
[LightGBM] [Debug] Trained a tree with leaves = 255
[LightGBM] [Info] 0.768605 seconds elapsed, finished iteration 11
[LightGBM] [Debug] Trained a tree with leaves = 255
[LightGBM] [Info] 0.836504 seconds elapsed, finished iteration 12
[LightGBM] [Debug] Trained a tree with leaves = 255
[LightGBM] [Info] 0.904248 seconds elapsed, finished iteration 13
[LightGBM] [Debug] Trained a tree with leaves = 255
[LightGBM] [Info] 0.975387 seconds elapsed, finished iteration 14
[LightGBM] [Debug] Trained a tree with leaves = 255
[LightGBM] [Info] 1.042879 seconds elapsed, finished iteration 15
[LightGBM] [Debug] Trained a tree with leaves = 255
[LightGBM] [Info] 1.110827 seconds elapsed, finished iteration 16
[LightGBM] [Debug] Trained a tree with leaves = 255
[LightGBM] [Info] 1.178322 seconds elapsed, finished iteration 17
[LightGBM] [Debug] Trained a tree with leaves = 255
[LightGBM] [Info] 1.246648 seconds elapsed, finished iteration 18
[LightGBM] [Debug] Trained a tree with leaves = 255
[LightGBM] [Info] 1.315172 seconds elapsed, finished iteration 19
[LightGBM] [Debug] Trained a tree with leaves = 255
[LightGBM] [Info] 1.383516 seconds elapsed, finished iteration 20
[LightGBM] [Debug] Trained a tree with leaves = 255
[LightGBM] [Info] 1.452136 seconds elapsed, finished iteration 21
[LightGBM] [Debug] Trained a tree with leaves = 255
[LightGBM] [Info] 1.519439 seconds elapsed, finished iteration 22
[LightGBM] [Debug] Trained a tree with leaves = 255
[LightGBM] [Info] 1.587072 seconds elapsed, finished iteration 23
[LightGBM] [Debug] Trained a tree with leaves = 255
[LightGBM] [Info] 1.653996 seconds elapsed, finished iteration 24
[LightGBM] [Debug] Trained a tree with leaves = 255
[LightGBM] [Info] 1.723467 seconds elapsed, finished iteration 25
[LightGBM] [Debug] Trained a tree with leaves = 255
[LightGBM] [Info] 1.791745 seconds elapsed, finished iteration 26
[LightGBM] [Debug] Trained a tree with leaves = 255
[LightGBM] [Info] 1.859469 seconds elapsed, finished iteration 27
[LightGBM] [Debug] Trained a tree with leaves = 255
[LightGBM] [Info] 1.926616 seconds elapsed, finished iteration 28
[LightGBM] [Debug] Trained a tree with leaves = 255
[LightGBM] [Info] 1.995941 seconds elapsed, finished iteration 29
[LightGBM] [Debug] Trained a tree with leaves = 255
[LightGBM] [Info] 2.063059 seconds elapsed, finished iteration 30
[LightGBM] [Debug] Trained a tree with leaves = 255
[LightGBM] [Info] 2.130311 seconds elapsed, finished iteration 31
[LightGBM] [Debug] Trained a tree with leaves = 255
[LightGBM] [Info] 2.197768 seconds elapsed, finished iteration 32
[LightGBM] [Debug] Trained a tree with leaves = 255
[LightGBM] [Info] 2.264694 seconds elapsed, finished iteration 33
[LightGBM] [Debug] Trained a tree with leaves = 255
[LightGBM] [Info] 2.332177 seconds elapsed, finished iteration 34
[LightGBM] [Debug] Trained a tree with leaves = 255
[LightGBM] [Info] 2.399935 seconds elapsed, finished iteration 35
[LightGBM] [Debug] Trained a tree with leaves = 255
[LightGBM] [Info] 2.466864 seconds elapsed, finished iteration 36
[LightGBM] [Debug] Trained a tree with leaves = 255
[LightGBM] [Info] 2.533697 seconds elapsed, finished iteration 37
[LightGBM] [Debug] Trained a tree with leaves = 255
[LightGBM] [Info] 2.600346 seconds elapsed, finished iteration 38
[LightGBM] [Debug] Trained a tree with leaves = 255
[LightGBM] [Info] 2.667994 seconds elapsed, finished iteration 39
[LightGBM] [Debug] Trained a tree with leaves = 255
[LightGBM] [Info] 2.735597 seconds elapsed, finished iteration 40
[LightGBM] [Debug] Trained a tree with leaves = 255
[LightGBM] [Info] 2.802988 seconds elapsed, finished iteration 41
[LightGBM] [Debug] Trained a tree with leaves = 255
[LightGBM] [Info] 2.872244 seconds elapsed, finished iteration 42
[LightGBM] [Debug] Trained a tree with leaves = 255
[LightGBM] [Info] 2.940311 seconds elapsed, finished iteration 43
[LightGBM] [Debug] Trained a tree with leaves = 255
[LightGBM] [Info] 3.007351 seconds elapsed, finished iteration 44
[LightGBM] [Debug] Trained a tree with leaves = 255
[LightGBM] [Info] 3.075078 seconds elapsed, finished iteration 45
[LightGBM] [Debug] Trained a tree with leaves = 255
[LightGBM] [Info] 3.142475 seconds elapsed, finished iteration 46
[LightGBM] [Debug] Trained a tree with leaves = 255
[LightGBM] [Info] 3.209495 seconds elapsed, finished iteration 47
[LightGBM] [Debug] Trained a tree with leaves = 255
[LightGBM] [Info] 3.278267 seconds elapsed, finished iteration 48
[LightGBM] [Debug] Trained a tree with leaves = 255
[LightGBM] [Info] 3.346993 seconds elapsed, finished iteration 49
[LightGBM] [Debug] Trained a tree with leaves = 255
[LightGBM] [Info] 3.414119 seconds elapsed, finished iteration 50
[LightGBM] [Debug] Trained a tree with leaves = 255
[LightGBM] [Info] 3.488826 seconds elapsed, finished iteration 51
[LightGBM] [Debug] Trained a tree with leaves = 255
[LightGBM] [Info] 3.558225 seconds elapsed, finished iteration 52
[LightGBM] [Debug] Trained a tree with leaves = 255
[LightGBM] [Info] 3.624654 seconds elapsed, finished iteration 53
[LightGBM] [Debug] Trained a tree with leaves = 255
[LightGBM] [Info] 3.692263 seconds elapsed, finished iteration 54
[LightGBM] [Debug] Trained a tree with leaves = 255
[LightGBM] [Info] 3.760049 seconds elapsed, finished iteration 55
[LightGBM] [Debug] Trained a tree with leaves = 255
[LightGBM] [Info] 3.826801 seconds elapsed, finished iteration 56
[LightGBM] [Debug] Trained a tree with leaves = 255
[LightGBM] [Info] 3.895306 seconds elapsed, finished iteration 57
[LightGBM] [Debug] Trained a tree with leaves = 255
[LightGBM] [Info] 3.961781 seconds elapsed, finished iteration 58
[LightGBM] [Debug] Trained a tree with leaves = 255
[LightGBM] [Info] 4.029103 seconds elapsed, finished iteration 59
[LightGBM] [Debug] Trained a tree with leaves = 255
[LightGBM] [Info] 4.094788 seconds elapsed, finished iteration 60
[LightGBM] [Debug] Trained a tree with leaves = 255
[LightGBM] [Info] 4.163140 seconds elapsed, finished iteration 61
[LightGBM] [Debug] Trained a tree with leaves = 255
[LightGBM] [Info] 4.232930 seconds elapsed, finished iteration 62
[LightGBM] [Debug] Trained a tree with leaves = 255
[LightGBM] [Info] 4.301237 seconds elapsed, finished iteration 63
[LightGBM] [Debug] Trained a tree with leaves = 255
[LightGBM] [Info] 4.367381 seconds elapsed, finished iteration 64
[LightGBM] [Debug] Trained a tree with leaves = 255
[LightGBM] [Info] 4.434704 seconds elapsed, finished iteration 65
[LightGBM] [Debug] Trained a tree with leaves = 255
[LightGBM] [Info] 4.501811 seconds elapsed, finished iteration 66
[LightGBM] [Debug] Trained a tree with leaves = 255
[LightGBM] [Info] 4.569516 seconds elapsed, finished iteration 67
[LightGBM] [Debug] Trained a tree with leaves = 255
[LightGBM] [Info] 4.635898 seconds elapsed, finished iteration 68
[LightGBM] [Debug] Trained a tree with leaves = 255
[LightGBM] [Info] 4.707322 seconds elapsed, finished iteration 69
[LightGBM] [Debug] Trained a tree with leaves = 255
[LightGBM] [Info] 4.774687 seconds elapsed, finished iteration 70
[LightGBM] [Debug] Trained a tree with leaves = 255
[LightGBM] [Info] 4.841863 seconds elapsed, finished iteration 71
[LightGBM] [Debug] Trained a tree with leaves = 255
[LightGBM] [Info] 4.908835 seconds elapsed, finished iteration 72
[LightGBM] [Debug] Trained a tree with leaves = 255
[LightGBM] [Info] 4.974066 seconds elapsed, finished iteration 73
[LightGBM] [Debug] Trained a tree with leaves = 255
[LightGBM] [Info] 5.045900 seconds elapsed, finished iteration 74
[LightGBM] [Debug] Trained a tree with leaves = 255
[LightGBM] [Info] 5.113228 seconds elapsed, finished iteration 75
[LightGBM] [Debug] Trained a tree with leaves = 255
[LightGBM] [Info] 5.184495 seconds elapsed, finished iteration 76
[LightGBM] [Debug] Trained a tree with leaves = 255
[LightGBM] [Info] 5.251719 seconds elapsed, finished iteration 77
[LightGBM] [Debug] Trained a tree with leaves = 255
[LightGBM] [Info] 5.319703 seconds elapsed, finished iteration 78
[LightGBM] [Debug] Trained a tree with leaves = 255
[LightGBM] [Info] 5.386760 seconds elapsed, finished iteration 79
[LightGBM] [Debug] Trained a tree with leaves = 255
[LightGBM] [Info] 5.451616 seconds elapsed, finished iteration 80
[LightGBM] [Debug] Trained a tree with leaves = 255
[LightGBM] [Info] 5.518533 seconds elapsed, finished iteration 81
[LightGBM] [Debug] Trained a tree with leaves = 255
[LightGBM] [Info] 5.585175 seconds elapsed, finished iteration 82
[LightGBM] [Debug] Trained a tree with leaves = 255
[LightGBM] [Info] 5.652291 seconds elapsed, finished iteration 83
[LightGBM] [Debug] Trained a tree with leaves = 255
[LightGBM] [Info] 5.720019 seconds elapsed, finished iteration 84
[LightGBM] [Debug] Trained a tree with leaves = 255
[LightGBM] [Info] 5.786580 seconds elapsed, finished iteration 85
[LightGBM] [Debug] Trained a tree with leaves = 255
[LightGBM] [Info] 5.852604 seconds elapsed, finished iteration 86
[LightGBM] [Debug] Trained a tree with leaves = 255
[LightGBM] [Info] 5.919604 seconds elapsed, finished iteration 87
[LightGBM] [Debug] Trained a tree with leaves = 255
[LightGBM] [Info] 5.986398 seconds elapsed, finished iteration 88
[LightGBM] [Debug] Trained a tree with leaves = 255
[LightGBM] [Info] 6.052363 seconds elapsed, finished iteration 89
[LightGBM] [Debug] Trained a tree with leaves = 255
[LightGBM] [Info] 6.118518 seconds elapsed, finished iteration 90
[LightGBM] [Debug] Trained a tree with leaves = 255
[LightGBM] [Info] 6.188064 seconds elapsed, finished iteration 91
[LightGBM] [Debug] Trained a tree with leaves = 255
[LightGBM] [Info] 6.255743 seconds elapsed, finished iteration 92
[LightGBM] [Debug] Trained a tree with leaves = 255
[LightGBM] [Info] 6.324254 seconds elapsed, finished iteration 93
[LightGBM] [Debug] Trained a tree with leaves = 255
[LightGBM] [Info] 6.390004 seconds elapsed, finished iteration 94
[LightGBM] [Debug] Trained a tree with leaves = 255
[LightGBM] [Info] 6.456856 seconds elapsed, finished iteration 95
[LightGBM] [Debug] Trained a tree with leaves = 255
[LightGBM] [Info] 6.523327 seconds elapsed, finished iteration 96
[LightGBM] [Debug] Trained a tree with leaves = 255
[LightGBM] [Info] 6.591242 seconds elapsed, finished iteration 97
[LightGBM] [Debug] Trained a tree with leaves = 255
[LightGBM] [Info] 6.659835 seconds elapsed, finished iteration 98
[LightGBM] [Debug] Trained a tree with leaves = 255
[LightGBM] [Info] 6.724167 seconds elapsed, finished iteration 99
[LightGBM] [Debug] Trained a tree with leaves = 255
[LightGBM] [Info] 6.790854 seconds elapsed, finished iteration 100
[LightGBM] [Debug] Trained a tree with leaves = 255
[LightGBM] [Info] 6.857944 seconds elapsed, finished iteration 101
[LightGBM] [Debug] Trained a tree with leaves = 255
[LightGBM] [Info] 6.929438 seconds elapsed, finished iteration 102
[LightGBM] [Debug] Trained a tree with leaves = 255
[LightGBM] [Info] 6.998012 seconds elapsed, finished iteration 103
[LightGBM] [Debug] Trained a tree with leaves = 255
[LightGBM] [Info] 7.064494 seconds elapsed, finished iteration 104
[LightGBM] [Debug] Trained a tree with leaves = 255
[LightGBM] [Info] 7.142937 seconds elapsed, finished iteration 105
[LightGBM] [Debug] Trained a tree with leaves = 255
[LightGBM] [Info] 7.210335 seconds elapsed, finished iteration 106
[LightGBM] [Debug] Trained a tree with leaves = 255
[LightGBM] [Info] 7.279338 seconds elapsed, finished iteration 107
[LightGBM] [Debug] Trained a tree with leaves = 255
[LightGBM] [Info] 7.343546 seconds elapsed, finished iteration 108
[LightGBM] [Debug] Trained a tree with leaves = 255
[LightGBM] [Info] 7.413397 seconds elapsed, finished iteration 109
[LightGBM] [Debug] Trained a tree with leaves = 255
[LightGBM] [Info] 7.479346 seconds elapsed, finished iteration 110
[LightGBM] [Debug] Trained a tree with leaves = 255
[LightGBM] [Info] 7.544201 seconds elapsed, finished iteration 111
[LightGBM] [Debug] Trained a tree with leaves = 255
[LightGBM] [Info] 7.615067 seconds elapsed, finished iteration 112
[LightGBM] [Debug] Trained a tree with leaves = 255
[LightGBM] [Info] 7.681694 seconds elapsed, finished iteration 113
[LightGBM] [Debug] Trained a tree with leaves = 255
[LightGBM] [Info] 7.747865 seconds elapsed, finished iteration 114
[LightGBM] [Debug] Trained a tree with leaves = 255
[LightGBM] [Info] 7.814232 seconds elapsed, finished iteration 115
[LightGBM] [Debug] Trained a tree with leaves = 255
[LightGBM] [Info] 7.882909 seconds elapsed, finished iteration 116
[LightGBM] [Debug] Trained a tree with leaves = 255
[LightGBM] [Info] 7.950580 seconds elapsed, finished iteration 117
[LightGBM] [Debug] Trained a tree with leaves = 255
[LightGBM] [Info] 8.018393 seconds elapsed, finished iteration 118
[LightGBM] [Debug] Trained a tree with leaves = 255
[LightGBM] [Info] 8.084453 seconds elapsed, finished iteration 119
[LightGBM] [Debug] Trained a tree with leaves = 255
[LightGBM] [Info] 8.151802 seconds elapsed, finished iteration 120
[LightGBM] [Debug] Trained a tree with leaves = 255
[LightGBM] [Info] 8.218417 seconds elapsed, finished iteration 121
[LightGBM] [Debug] Trained a tree with leaves = 255
[LightGBM] [Info] 8.283748 seconds elapsed, finished iteration 122
[LightGBM] [Debug] Trained a tree with leaves = 255
[LightGBM] [Info] 8.353926 seconds elapsed, finished iteration 123
[LightGBM] [Debug] Trained a tree with leaves = 255
[LightGBM] [Info] 8.422276 seconds elapsed, finished iteration 124
[LightGBM] [Debug] Trained a tree with leaves = 255
[LightGBM] [Info] 8.487288 seconds elapsed, finished iteration 125
[LightGBM] [Debug] Trained a tree with leaves = 255
[LightGBM] [Info] 8.553925 seconds elapsed, finished iteration 126
[LightGBM] [Debug] Trained a tree with leaves = 255
[LightGBM] [Info] 8.619767 seconds elapsed, finished iteration 127
[LightGBM] [Debug] Trained a tree with leaves = 255
[LightGBM] [Info] 8.686149 seconds elapsed, finished iteration 128
[LightGBM] [Debug] Trained a tree with leaves = 255
[LightGBM] [Info] 8.756680 seconds elapsed, finished iteration 129
[LightGBM] [Debug] Trained a tree with leaves = 255
[LightGBM] [Info] 8.822967 seconds elapsed, finished iteration 130
[LightGBM] [Debug] Trained a tree with leaves = 255
[LightGBM] [Info] 8.890034 seconds elapsed, finished iteration 131
[LightGBM] [Debug] Trained a tree with leaves = 255
[LightGBM] [Info] 8.958210 seconds elapsed, finished iteration 132
[LightGBM] [Debug] Trained a tree with leaves = 255
[LightGBM] [Info] 9.024522 seconds elapsed, finished iteration 133
[LightGBM] [Debug] Trained a tree with leaves = 255
[LightGBM] [Info] 9.091437 seconds elapsed, finished iteration 134
[LightGBM] [Debug] Trained a tree with leaves = 255
[LightGBM] [Info] 9.157491 seconds elapsed, finished iteration 135
[LightGBM] [Debug] Trained a tree with leaves = 255
[LightGBM] [Info] 9.223761 seconds elapsed, finished iteration 136
[LightGBM] [Debug] Trained a tree with leaves = 255
[LightGBM] [Info] 9.288692 seconds elapsed, finished iteration 137
[LightGBM] [Debug] Trained a tree with leaves = 255
[LightGBM] [Info] 9.357244 seconds elapsed, finished iteration 138
[LightGBM] [Debug] Trained a tree with leaves = 255
[LightGBM] [Info] 9.423621 seconds elapsed, finished iteration 139
[LightGBM] [Debug] Trained a tree with leaves = 255
[LightGBM] [Info] 9.487819 seconds elapsed, finished iteration 140
[LightGBM] [Debug] Trained a tree with leaves = 255
[LightGBM] [Info] 9.553821 seconds elapsed, finished iteration 141
[LightGBM] [Debug] Trained a tree with leaves = 255
[LightGBM] [Info] 9.624077 seconds elapsed, finished iteration 142
[LightGBM] [Debug] Trained a tree with leaves = 255
[LightGBM] [Info] 9.690614 seconds elapsed, finished iteration 143
[LightGBM] [Debug] Trained a tree with leaves = 255
[LightGBM] [Info] 9.757022 seconds elapsed, finished iteration 144
[LightGBM] [Debug] Trained a tree with leaves = 255
[LightGBM] [Info] 9.823785 seconds elapsed, finished iteration 145
[LightGBM] [Debug] Trained a tree with leaves = 255
[LightGBM] [Info] 9.887991 seconds elapsed, finished iteration 146
[LightGBM] [Debug] Trained a tree with leaves = 255
[LightGBM] [Info] 9.954266 seconds elapsed, finished iteration 147
[LightGBM] [Debug] Trained a tree with leaves = 255
[LightGBM] [Info] 10.020289 seconds elapsed, finished iteration 148
[LightGBM] [Debug] Trained a tree with leaves = 255
[LightGBM] [Info] 10.091177 seconds elapsed, finished iteration 149
[LightGBM] [Debug] Trained a tree with leaves = 255
[LightGBM] [Info] 10.155784 seconds elapsed, finished iteration 150
[LightGBM] [Debug] Trained a tree with leaves = 255
[LightGBM] [Info] 10.221775 seconds elapsed, finished iteration 151
[LightGBM] [Debug] Trained a tree with leaves = 255
[LightGBM] [Info] 10.288421 seconds elapsed, finished iteration 152
[LightGBM] [Debug] Trained a tree with leaves = 255
[LightGBM] [Info] 10.355322 seconds elapsed, finished iteration 153
[LightGBM] [Debug] Trained a tree with leaves = 255
[LightGBM] [Info] 10.419124 seconds elapsed, finished iteration 154
[LightGBM] [Debug] Trained a tree with leaves = 255
[LightGBM] [Info] 10.485734 seconds elapsed, finished iteration 155
[LightGBM] [Debug] Trained a tree with leaves = 255
[LightGBM] [Info] 10.551218 seconds elapsed, finished iteration 156
[LightGBM] [Debug] Trained a tree with leaves = 255
[LightGBM] [Info] 10.618377 seconds elapsed, finished iteration 157
[LightGBM] [Debug] Trained a tree with leaves = 255
[LightGBM] [Info] 10.684897 seconds elapsed, finished iteration 158
[LightGBM] [Debug] Trained a tree with leaves = 255
[LightGBM] [Info] 10.749516 seconds elapsed, finished iteration 159
[LightGBM] [Debug] Trained a tree with leaves = 255
[LightGBM] [Info] 10.834060 seconds elapsed, finished iteration 160
[LightGBM] [Debug] Trained a tree with leaves = 255
[LightGBM] [Info] 10.899133 seconds elapsed, finished iteration 161
[LightGBM] [Debug] Trained a tree with leaves = 255
[LightGBM] [Info] 10.963441 seconds elapsed, finished iteration 162
[LightGBM] [Debug] Trained a tree with leaves = 255
[LightGBM] [Info] 11.029653 seconds elapsed, finished iteration 163
[LightGBM] [Debug] Trained a tree with leaves = 255
[LightGBM] [Info] 11.095647 seconds elapsed, finished iteration 164
[LightGBM] [Debug] Trained a tree with leaves = 255
[LightGBM] [Info] 11.160463 seconds elapsed, finished iteration 165
[LightGBM] [Debug] Trained a tree with leaves = 255
[LightGBM] [Info] 11.226396 seconds elapsed, finished iteration 166
[LightGBM] [Debug] Trained a tree with leaves = 255
[LightGBM] [Info] 11.291090 seconds elapsed, finished iteration 167
[LightGBM] [Debug] Trained a tree with leaves = 255
[LightGBM] [Info] 11.358588 seconds elapsed, finished iteration 168
[LightGBM] [Debug] Trained a tree with leaves = 255
[LightGBM] [Info] 11.440042 seconds elapsed, finished iteration 169
[LightGBM] [Debug] Trained a tree with leaves = 255
[LightGBM] [Info] 11.505496 seconds elapsed, finished iteration 170
[LightGBM] [Debug] Trained a tree with leaves = 255
[LightGBM] [Info] 11.570282 seconds elapsed, finished iteration 171
[LightGBM] [Debug] Trained a tree with leaves = 255
[LightGBM] [Info] 11.633887 seconds elapsed, finished iteration 172
[LightGBM] [Debug] Trained a tree with leaves = 255
[LightGBM] [Info] 11.698635 seconds elapsed, finished iteration 173
[LightGBM] [Debug] Trained a tree with leaves = 255
[LightGBM] [Info] 11.765126 seconds elapsed, finished iteration 174
[LightGBM] [Debug] Trained a tree with leaves = 255
[LightGBM] [Info] 11.833967 seconds elapsed, finished iteration 175
[LightGBM] [Debug] Trained a tree with leaves = 255
[LightGBM] [Info] 11.903386 seconds elapsed, finished iteration 176
[LightGBM] [Debug] Trained a tree with leaves = 255
[LightGBM] [Info] 11.969597 seconds elapsed, finished iteration 177
[LightGBM] [Debug] Trained a tree with leaves = 255
[LightGBM] [Info] 12.036130 seconds elapsed, finished iteration 178
[LightGBM] [Debug] Trained a tree with leaves = 255
[LightGBM] [Info] 12.101763 seconds elapsed, finished iteration 179
[LightGBM] [Debug] Trained a tree with leaves = 255
[LightGBM] [Info] 12.168582 seconds elapsed, finished iteration 180
[LightGBM] [Debug] Trained a tree with leaves = 255
[LightGBM] [Info] 12.235832 seconds elapsed, finished iteration 181
[LightGBM] [Debug] Trained a tree with leaves = 255
[LightGBM] [Info] 12.303650 seconds elapsed, finished iteration 182
[LightGBM] [Debug] Trained a tree with leaves = 255
[LightGBM] [Info] 12.370528 seconds elapsed, finished iteration 183
[LightGBM] [Debug] Trained a tree with leaves = 255
[LightGBM] [Info] 12.437375 seconds elapsed, finished iteration 184
[LightGBM] [Debug] Trained a tree with leaves = 255
[LightGBM] [Info] 12.504368 seconds elapsed, finished iteration 185
[LightGBM] [Debug] Trained a tree with leaves = 255
[LightGBM] [Info] 12.570141 seconds elapsed, finished iteration 186
[LightGBM] [Debug] Trained a tree with leaves = 255
[LightGBM] [Info] 12.638108 seconds elapsed, finished iteration 187
[LightGBM] [Debug] Trained a tree with leaves = 255
[LightGBM] [Info] 12.704790 seconds elapsed, finished iteration 188
[LightGBM] [Debug] Trained a tree with leaves = 255
[LightGBM] [Info] 12.771424 seconds elapsed, finished iteration 189
[LightGBM] [Debug] Trained a tree with leaves = 255
[LightGBM] [Info] 12.837102 seconds elapsed, finished iteration 190
[LightGBM] [Debug] Trained a tree with leaves = 255
[LightGBM] [Info] 12.903633 seconds elapsed, finished iteration 191
[LightGBM] [Debug] Trained a tree with leaves = 255
[LightGBM] [Info] 12.969326 seconds elapsed, finished iteration 192
[LightGBM] [Debug] Trained a tree with leaves = 255
[LightGBM] [Info] 13.034703 seconds elapsed, finished iteration 193
[LightGBM] [Debug] Trained a tree with leaves = 255
[LightGBM] [Info] 13.101753 seconds elapsed, finished iteration 194
[LightGBM] [Debug] Trained a tree with leaves = 255
[LightGBM] [Info] 13.171769 seconds elapsed, finished iteration 195
[LightGBM] [Debug] Trained a tree with leaves = 255
[LightGBM] [Info] 13.240098 seconds elapsed, finished iteration 196
[LightGBM] [Debug] Trained a tree with leaves = 255
[LightGBM] [Info] 13.306470 seconds elapsed, finished iteration 197
[LightGBM] [Debug] Trained a tree with leaves = 255
[LightGBM] [Info] 13.373598 seconds elapsed, finished iteration 198
[LightGBM] [Debug] Trained a tree with leaves = 255
[LightGBM] [Info] 13.441712 seconds elapsed, finished iteration 199
[LightGBM] [Debug] Trained a tree with leaves = 255
[LightGBM] [Info] 13.508718 seconds elapsed, finished iteration 200
[LightGBM] [Debug] Trained a tree with leaves = 255
[LightGBM] [Info] 13.575642 seconds elapsed, finished iteration 201
[LightGBM] [Debug] Trained a tree with leaves = 255
[LightGBM] [Info] 13.640438 seconds elapsed, finished iteration 202
[LightGBM] [Debug] Trained a tree with leaves = 255
[LightGBM] [Info] 13.709395 seconds elapsed, finished iteration 203
[LightGBM] [Debug] Trained a tree with leaves = 255
[LightGBM] [Info] 13.775845 seconds elapsed, finished iteration 204
[LightGBM] [Debug] Trained a tree with leaves = 255
[LightGBM] [Info] 13.845620 seconds elapsed, finished iteration 205
[LightGBM] [Debug] Trained a tree with leaves = 255
[LightGBM] [Info] 13.912528 seconds elapsed, finished iteration 206
[LightGBM] [Debug] Trained a tree with leaves = 255
[LightGBM] [Info] 13.977719 seconds elapsed, finished iteration 207
[LightGBM] [Debug] Trained a tree with leaves = 255
[LightGBM] [Info] 14.045221 seconds elapsed, finished iteration 208
[LightGBM] [Debug] Trained a tree with leaves = 255
[LightGBM] [Info] 14.111870 seconds elapsed, finished iteration 209
[LightGBM] [Debug] Trained a tree with leaves = 255
[LightGBM] [Info] 14.177462 seconds elapsed, finished iteration 210
[LightGBM] [Debug] Trained a tree with leaves = 255
[LightGBM] [Info] 14.242579 seconds elapsed, finished iteration 211
[LightGBM] [Debug] Trained a tree with leaves = 255
[LightGBM] [Info] 14.309401 seconds elapsed, finished iteration 212
[LightGBM] [Debug] Trained a tree with leaves = 255
[LightGBM] [Info] 14.375248 seconds elapsed, finished iteration 213
[LightGBM] [Debug] Trained a tree with leaves = 255
[LightGBM] [Info] 14.441856 seconds elapsed, finished iteration 214
[LightGBM] [Debug] Trained a tree with leaves = 255
[LightGBM] [Info] 14.510606 seconds elapsed, finished iteration 215
[LightGBM] [Debug] Trained a tree with leaves = 255
[LightGBM] [Info] 14.579052 seconds elapsed, finished iteration 216
[LightGBM] [Debug] Trained a tree with leaves = 255
[LightGBM] [Info] 14.645875 seconds elapsed, finished iteration 217
[LightGBM] [Debug] Trained a tree with leaves = 255
[LightGBM] [Info] 14.712230 seconds elapsed, finished iteration 218
[LightGBM] [Debug] Trained a tree with leaves = 255
[LightGBM] [Info] 14.779754 seconds elapsed, finished iteration 219
[LightGBM] [Debug] Trained a tree with leaves = 255
[LightGBM] [Info] 14.845132 seconds elapsed, finished iteration 220
[LightGBM] [Debug] Trained a tree with leaves = 255
[LightGBM] [Info] 14.911643 seconds elapsed, finished iteration 221
[LightGBM] [Debug] Trained a tree with leaves = 255
[LightGBM] [Info] 14.978341 seconds elapsed, finished iteration 222
[LightGBM] [Debug] Trained a tree with leaves = 255
[LightGBM] [Info] 15.045135 seconds elapsed, finished iteration 223
[LightGBM] [Debug] Trained a tree with leaves = 255
[LightGBM] [Info] 15.111842 seconds elapsed, finished iteration 224
[LightGBM] [Debug] Trained a tree with leaves = 255
[LightGBM] [Info] 15.177929 seconds elapsed, finished iteration 225
[LightGBM] [Debug] Trained a tree with leaves = 255
[LightGBM] [Info] 15.244088 seconds elapsed, finished iteration 226
[LightGBM] [Debug] Trained a tree with leaves = 255
[LightGBM] [Info] 15.310052 seconds elapsed, finished iteration 227
[LightGBM] [Debug] Trained a tree with leaves = 255
[LightGBM] [Info] 15.393426 seconds elapsed, finished iteration 228
[LightGBM] [Debug] Trained a tree with leaves = 255
[LightGBM] [Info] 15.462024 seconds elapsed, finished iteration 229
[LightGBM] [Debug] Trained a tree with leaves = 255
[LightGBM] [Info] 15.528039 seconds elapsed, finished iteration 230
[LightGBM] [Debug] Trained a tree with leaves = 255
[LightGBM] [Info] 15.594525 seconds elapsed, finished iteration 231
[LightGBM] [Debug] Trained a tree with leaves = 255
[LightGBM] [Info] 15.661423 seconds elapsed, finished iteration 232
[LightGBM] [Debug] Trained a tree with leaves = 255
[LightGBM] [Info] 15.725807 seconds elapsed, finished iteration 233
[LightGBM] [Debug] Trained a tree with leaves = 255
[LightGBM] [Info] 15.791643 seconds elapsed, finished iteration 234
[LightGBM] [Debug] Trained a tree with leaves = 255
[LightGBM] [Info] 15.858390 seconds elapsed, finished iteration 235
[LightGBM] [Debug] Trained a tree with leaves = 255
[LightGBM] [Info] 15.924145 seconds elapsed, finished iteration 236
[LightGBM] [Debug] Trained a tree with leaves = 255
[LightGBM] [Info] 15.989948 seconds elapsed, finished iteration 237
[LightGBM] [Debug] Trained a tree with leaves = 255
[LightGBM] [Info] 16.056103 seconds elapsed, finished iteration 238
[LightGBM] [Debug] Trained a tree with leaves = 255
[LightGBM] [Info] 16.123063 seconds elapsed, finished iteration 239
[LightGBM] [Debug] Trained a tree with leaves = 255
[LightGBM] [Info] 16.192901 seconds elapsed, finished iteration 240
[LightGBM] [Debug] Trained a tree with leaves = 255
[LightGBM] [Info] 16.259378 seconds elapsed, finished iteration 241
[LightGBM] [Debug] Trained a tree with leaves = 255
[LightGBM] [Info] 16.327545 seconds elapsed, finished iteration 242
[LightGBM] [Debug] Trained a tree with leaves = 255
[LightGBM] [Info] 16.394363 seconds elapsed, finished iteration 243
[LightGBM] [Debug] Trained a tree with leaves = 255
[LightGBM] [Info] 16.463436 seconds elapsed, finished iteration 244
[LightGBM] [Debug] Trained a tree with leaves = 255
[LightGBM] [Info] 16.529518 seconds elapsed, finished iteration 245
[LightGBM] [Debug] Trained a tree with leaves = 255
[LightGBM] [Info] 16.597435 seconds elapsed, finished iteration 246
[LightGBM] [Debug] Trained a tree with leaves = 255
[LightGBM] [Info] 16.663929 seconds elapsed, finished iteration 247
[LightGBM] [Debug] Trained a tree with leaves = 255
[LightGBM] [Info] 16.730003 seconds elapsed, finished iteration 248
[LightGBM] [Debug] Trained a tree with leaves = 255
[LightGBM] [Info] 16.797009 seconds elapsed, finished iteration 249
[LightGBM] [Debug] Trained a tree with leaves = 255
[LightGBM] [Info] 16.863137 seconds elapsed, finished iteration 250
[LightGBM] [Debug] Trained a tree with leaves = 255
[LightGBM] [Info] 16.930697 seconds elapsed, finished iteration 251
[LightGBM] [Debug] Trained a tree with leaves = 255
[LightGBM] [Info] 16.996781 seconds elapsed, finished iteration 252
[LightGBM] [Debug] Trained a tree with leaves = 255
[LightGBM] [Info] 17.064095 seconds elapsed, finished iteration 253
[LightGBM] [Debug] Trained a tree with leaves = 255
[LightGBM] [Info] 17.131441 seconds elapsed, finished iteration 254
[LightGBM] [Debug] Trained a tree with leaves = 255
[LightGBM] [Info] 17.198791 seconds elapsed, finished iteration 255
[LightGBM] [Debug] Trained a tree with leaves = 255
[LightGBM] [Info] 17.268741 seconds elapsed, finished iteration 256
[LightGBM] [Debug] Trained a tree with leaves = 255
[LightGBM] [Info] 17.334934 seconds elapsed, finished iteration 257
[LightGBM] [Debug] Trained a tree with leaves = 255
[LightGBM] [Info] 17.403174 seconds elapsed, finished iteration 258
[LightGBM] [Debug] Trained a tree with leaves = 255
[LightGBM] [Info] 17.471159 seconds elapsed, finished iteration 259
[LightGBM] [Debug] Trained a tree with leaves = 255
[LightGBM] [Info] 17.536053 seconds elapsed, finished iteration 260
[LightGBM] [Debug] Trained a tree with leaves = 255
[LightGBM] [Info] 17.602216 seconds elapsed, finished iteration 261
[LightGBM] [Debug] Trained a tree with leaves = 255
[LightGBM] [Info] 17.666579 seconds elapsed, finished iteration 262
[LightGBM] [Debug] Trained a tree with leaves = 255
[LightGBM] [Info] 17.737410 seconds elapsed, finished iteration 263
[LightGBM] [Debug] Trained a tree with leaves = 255
[LightGBM] [Info] 17.805284 seconds elapsed, finished iteration 264
[LightGBM] [Debug] Trained a tree with leaves = 255
[LightGBM] [Info] 17.873576 seconds elapsed, finished iteration 265
[LightGBM] [Debug] Trained a tree with leaves = 255
[LightGBM] [Info] 17.939953 seconds elapsed, finished iteration 266
[LightGBM] [Debug] Trained a tree with leaves = 255
[LightGBM] [Info] 18.007534 seconds elapsed, finished iteration 267
[LightGBM] [Debug] Trained a tree with leaves = 255
[LightGBM] [Info] 18.075656 seconds elapsed, finished iteration 268
[LightGBM] [Debug] Trained a tree with leaves = 255
[LightGBM] [Info] 18.144059 seconds elapsed, finished iteration 269
[LightGBM] [Debug] Trained a tree with leaves = 255
[LightGBM] [Info] 18.210579 seconds elapsed, finished iteration 270
[LightGBM] [Debug] Trained a tree with leaves = 255
[LightGBM] [Info] 18.279740 seconds elapsed, finished iteration 271
[LightGBM] [Debug] Trained a tree with leaves = 255
[LightGBM] [Info] 18.347329 seconds elapsed, finished iteration 272
[LightGBM] [Debug] Trained a tree with leaves = 255
[LightGBM] [Info] 18.412553 seconds elapsed, finished iteration 273
[LightGBM] [Debug] Trained a tree with leaves = 255
[LightGBM] [Info] 18.488771 seconds elapsed, finished iteration 274
[LightGBM] [Debug] Trained a tree with leaves = 255
[LightGBM] [Info] 18.555063 seconds elapsed, finished iteration 275
[LightGBM] [Debug] Trained a tree with leaves = 255
[LightGBM] [Info] 18.621565 seconds elapsed, finished iteration 276
[LightGBM] [Debug] Trained a tree with leaves = 255
[LightGBM] [Info] 18.689803 seconds elapsed, finished iteration 277
[LightGBM] [Debug] Trained a tree with leaves = 255
[LightGBM] [Info] 18.758401 seconds elapsed, finished iteration 278
[LightGBM] [Debug] Trained a tree with leaves = 255
[LightGBM] [Info] 18.826351 seconds elapsed, finished iteration 279
[LightGBM] [Debug] Trained a tree with leaves = 255
[LightGBM] [Info] 18.891665 seconds elapsed, finished iteration 280
[LightGBM] [Debug] Trained a tree with leaves = 255
[LightGBM] [Info] 18.962086 seconds elapsed, finished iteration 281
[LightGBM] [Debug] Trained a tree with leaves = 255
[LightGBM] [Info] 19.028999 seconds elapsed, finished iteration 282
[LightGBM] [Debug] Trained a tree with leaves = 255
[LightGBM] [Info] 19.096333 seconds elapsed, finished iteration 283
[LightGBM] [Debug] Trained a tree with leaves = 255
[LightGBM] [Info] 19.163641 seconds elapsed, finished iteration 284
[LightGBM] [Debug] Trained a tree with leaves = 255
[LightGBM] [Info] 19.229805 seconds elapsed, finished iteration 285
[LightGBM] [Debug] Trained a tree with leaves = 255
[LightGBM] [Info] 19.296891 seconds elapsed, finished iteration 286
[LightGBM] [Debug] Trained a tree with leaves = 255
[LightGBM] [Info] 19.366246 seconds elapsed, finished iteration 287
[LightGBM] [Debug] Trained a tree with leaves = 255
[LightGBM] [Info] 19.433589 seconds elapsed, finished iteration 288
[LightGBM] [Debug] Trained a tree with leaves = 255
[LightGBM] [Info] 19.499510 seconds elapsed, finished iteration 289
[LightGBM] [Debug] Trained a tree with leaves = 255
[LightGBM] [Info] 19.566000 seconds elapsed, finished iteration 290
[LightGBM] [Debug] Trained a tree with leaves = 255
[LightGBM] [Info] 19.633756 seconds elapsed, finished iteration 291
[LightGBM] [Debug] Trained a tree with leaves = 255
[LightGBM] [Info] 19.698690 seconds elapsed, finished iteration 292
[LightGBM] [Debug] Trained a tree with leaves = 255
[LightGBM] [Info] 19.769551 seconds elapsed, finished iteration 293
[LightGBM] [Debug] Trained a tree with leaves = 255
[LightGBM] [Info] 19.838042 seconds elapsed, finished iteration 294
[LightGBM] [Debug] Trained a tree with leaves = 255
[LightGBM] [Info] 19.904132 seconds elapsed, finished iteration 295
[LightGBM] [Debug] Trained a tree with leaves = 255
[LightGBM] [Info] 19.976665 seconds elapsed, finished iteration 296
[LightGBM] [Debug] Trained a tree with leaves = 255
[LightGBM] [Info] 20.043084 seconds elapsed, finished iteration 297
[LightGBM] [Debug] Trained a tree with leaves = 255
[LightGBM] [Info] 20.108856 seconds elapsed, finished iteration 298
[LightGBM] [Debug] Trained a tree with leaves = 255
[LightGBM] [Info] 20.173980 seconds elapsed, finished iteration 299
[LightGBM] [Debug] Trained a tree with leaves = 255
[LightGBM] [Info] 20.239278 seconds elapsed, finished iteration 300
[LightGBM] [Debug] Trained a tree with leaves = 255
[LightGBM] [Info] 20.303288 seconds elapsed, finished iteration 301
[LightGBM] [Debug] Trained a tree with leaves = 255
[LightGBM] [Info] 20.370856 seconds elapsed, finished iteration 302
[LightGBM] [Debug] Trained a tree with leaves = 255
[LightGBM] [Info] 20.438255 seconds elapsed, finished iteration 303
[LightGBM] [Debug] Trained a tree with leaves = 255
[LightGBM] [Info] 20.506909 seconds elapsed, finished iteration 304
[LightGBM] [Debug] Trained a tree with leaves = 255
[LightGBM] [Info] 20.573545 seconds elapsed, finished iteration 305
[LightGBM] [Debug] Trained a tree with leaves = 255
[LightGBM] [Info] 20.637613 seconds elapsed, finished iteration 306
[LightGBM] [Debug] Trained a tree with leaves = 255
[LightGBM] [Info] 20.703044 seconds elapsed, finished iteration 307
[LightGBM] [Debug] Trained a tree with leaves = 255
[LightGBM] [Info] 20.785923 seconds elapsed, finished iteration 308
[LightGBM] [Debug] Trained a tree with leaves = 255
[LightGBM] [Info] 20.852303 seconds elapsed, finished iteration 309
[LightGBM] [Debug] Trained a tree with leaves = 255
[LightGBM] [Info] 20.921108 seconds elapsed, finished iteration 310
[LightGBM] [Debug] Trained a tree with leaves = 255
[LightGBM] [Info] 20.990269 seconds elapsed, finished iteration 311
[LightGBM] [Debug] Trained a tree with leaves = 255
[LightGBM] [Info] 21.059486 seconds elapsed, finished iteration 312
[LightGBM] [Debug] Trained a tree with leaves = 255
[LightGBM] [Info] 21.128279 seconds elapsed, finished iteration 313
[LightGBM] [Debug] Trained a tree with leaves = 255
[LightGBM] [Info] 21.195959 seconds elapsed, finished iteration 314
[LightGBM] [Debug] Trained a tree with leaves = 255
[LightGBM] [Info] 21.264042 seconds elapsed, finished iteration 315
[LightGBM] [Debug] Trained a tree with leaves = 255
[LightGBM] [Info] 21.330539 seconds elapsed, finished iteration 316
[LightGBM] [Debug] Trained a tree with leaves = 255
[LightGBM] [Info] 21.397574 seconds elapsed, finished iteration 317
[LightGBM] [Debug] Trained a tree with leaves = 255
[LightGBM] [Info] 21.465272 seconds elapsed, finished iteration 318
[LightGBM] [Debug] Trained a tree with leaves = 255
[LightGBM] [Info] 21.533557 seconds elapsed, finished iteration 319
[LightGBM] [Debug] Trained a tree with leaves = 255
[LightGBM] [Info] 21.602138 seconds elapsed, finished iteration 320
[LightGBM] [Debug] Trained a tree with leaves = 255
[LightGBM] [Info] 21.670374 seconds elapsed, finished iteration 321
[LightGBM] [Debug] Trained a tree with leaves = 255
[LightGBM] [Info] 21.738276 seconds elapsed, finished iteration 322
[LightGBM] [Debug] Trained a tree with leaves = 255
[LightGBM] [Info] 21.806372 seconds elapsed, finished iteration 323
[LightGBM] [Debug] Trained a tree with leaves = 255
[LightGBM] [Info] 21.873284 seconds elapsed, finished iteration 324
[LightGBM] [Debug] Trained a tree with leaves = 255
[LightGBM] [Info] 21.939066 seconds elapsed, finished iteration 325
[LightGBM] [Debug] Trained a tree with leaves = 255
[LightGBM] [Info] 22.005851 seconds elapsed, finished iteration 326
[LightGBM] [Debug] Trained a tree with leaves = 255
[LightGBM] [Info] 22.074872 seconds elapsed, finished iteration 327
[LightGBM] [Debug] Trained a tree with leaves = 255
[LightGBM] [Info] 22.142213 seconds elapsed, finished iteration 328
[LightGBM] [Debug] Trained a tree with leaves = 255
[LightGBM] [Info] 22.209348 seconds elapsed, finished iteration 329
[LightGBM] [Debug] Trained a tree with leaves = 255
[LightGBM] [Info] 22.275851 seconds elapsed, finished iteration 330
[LightGBM] [Debug] Trained a tree with leaves = 255
[LightGBM] [Info] 22.343084 seconds elapsed, finished iteration 331
[LightGBM] [Debug] Trained a tree with leaves = 255
[LightGBM] [Info] 22.410080 seconds elapsed, finished iteration 332
[LightGBM] [Debug] Trained a tree with leaves = 255
[LightGBM] [Info] 22.477188 seconds elapsed, finished iteration 333
[LightGBM] [Debug] Trained a tree with leaves = 255
[LightGBM] [Info] 22.544243 seconds elapsed, finished iteration 334
[LightGBM] [Debug] Trained a tree with leaves = 255
[LightGBM] [Info] 22.612141 seconds elapsed, finished iteration 335
[LightGBM] [Debug] Trained a tree with leaves = 255
[LightGBM] [Info] 22.684400 seconds elapsed, finished iteration 336
[LightGBM] [Debug] Trained a tree with leaves = 255
[LightGBM] [Info] 22.752219 seconds elapsed, finished iteration 337
[LightGBM] [Debug] Trained a tree with leaves = 255
[LightGBM] [Info] 22.821941 seconds elapsed, finished iteration 338
[LightGBM] [Debug] Trained a tree with leaves = 255
[LightGBM] [Info] 22.891442 seconds elapsed, finished iteration 339
[LightGBM] [Debug] Trained a tree with leaves = 255
[LightGBM] [Info] 22.957867 seconds elapsed, finished iteration 340
[LightGBM] [Debug] Trained a tree with leaves = 255
[LightGBM] [Info] 23.025581 seconds elapsed, finished iteration 341
[LightGBM] [Debug] Trained a tree with leaves = 255
[LightGBM] [Info] 23.096172 seconds elapsed, finished iteration 342
[LightGBM] [Debug] Trained a tree with leaves = 255
[LightGBM] [Info] 23.165450 seconds elapsed, finished iteration 343
[LightGBM] [Debug] Trained a tree with leaves = 255
[LightGBM] [Info] 23.234978 seconds elapsed, finished iteration 344
[LightGBM] [Debug] Trained a tree with leaves = 255
[LightGBM] [Info] 23.302381 seconds elapsed, finished iteration 345
[LightGBM] [Debug] Trained a tree with leaves = 255
[LightGBM] [Info] 23.370744 seconds elapsed, finished iteration 346
[LightGBM] [Debug] Trained a tree with leaves = 255
[LightGBM] [Info] 23.438548 seconds elapsed, finished iteration 347
[LightGBM] [Debug] Trained a tree with leaves = 255
[LightGBM] [Info] 23.506214 seconds elapsed, finished iteration 348
[LightGBM] [Debug] Trained a tree with leaves = 255
[LightGBM] [Info] 23.574746 seconds elapsed, finished iteration 349
[LightGBM] [Debug] Trained a tree with leaves = 255
[LightGBM] [Info] 23.641766 seconds elapsed, finished iteration 350
[LightGBM] [Debug] Trained a tree with leaves = 255
[LightGBM] [Info] 23.709051 seconds elapsed, finished iteration 351
[LightGBM] [Debug] Trained a tree with leaves = 255
[LightGBM] [Info] 23.776331 seconds elapsed, finished iteration 352
[LightGBM] [Debug] Trained a tree with leaves = 255
[LightGBM] [Info] 23.843910 seconds elapsed, finished iteration 353
[LightGBM] [Debug] Trained a tree with leaves = 255
[LightGBM] [Info] 23.914039 seconds elapsed, finished iteration 354
[LightGBM] [Debug] Trained a tree with leaves = 255
[LightGBM] [Info] 23.982133 seconds elapsed, finished iteration 355
[LightGBM] [Debug] Trained a tree with leaves = 255
[LightGBM] [Info] 24.049905 seconds elapsed, finished iteration 356
[LightGBM] [Debug] Trained a tree with leaves = 255
[LightGBM] [Info] 24.118746 seconds elapsed, finished iteration 357
[LightGBM] [Debug] Trained a tree with leaves = 255
[LightGBM] [Info] 24.184912 seconds elapsed, finished iteration 358
[LightGBM] [Debug] Trained a tree with leaves = 255
[LightGBM] [Info] 24.252432 seconds elapsed, finished iteration 359
[LightGBM] [Debug] Trained a tree with leaves = 255
[LightGBM] [Info] 24.319821 seconds elapsed, finished iteration 360
[LightGBM] [Debug] Trained a tree with leaves = 255
[LightGBM] [Info] 24.388510 seconds elapsed, finished iteration 361
[LightGBM] [Debug] Trained a tree with leaves = 255
[LightGBM] [Info] 24.455050 seconds elapsed, finished iteration 362
[LightGBM] [Debug] Trained a tree with leaves = 255
[LightGBM] [Info] 24.521914 seconds elapsed, finished iteration 363
[LightGBM] [Debug] Trained a tree with leaves = 255
[LightGBM] [Info] 24.588909 seconds elapsed, finished iteration 364
[LightGBM] [Debug] Trained a tree with leaves = 255
[LightGBM] [Info] 24.655970 seconds elapsed, finished iteration 365
[LightGBM] [Debug] Trained a tree with leaves = 255
[LightGBM] [Info] 24.723317 seconds elapsed, finished iteration 366
[LightGBM] [Debug] Trained a tree with leaves = 255
[LightGBM] [Info] 24.791583 seconds elapsed, finished iteration 367
[LightGBM] [Debug] Trained a tree with leaves = 255
[LightGBM] [Info] 24.860202 seconds elapsed, finished iteration 368
[LightGBM] [Debug] Trained a tree with leaves = 255
[LightGBM] [Info] 24.931400 seconds elapsed, finished iteration 369
[LightGBM] [Debug] Trained a tree with leaves = 255
[LightGBM] [Info] 24.999799 seconds elapsed, finished iteration 370
[LightGBM] [Debug] Trained a tree with leaves = 255
[LightGBM] [Info] 25.068158 seconds elapsed, finished iteration 371
[LightGBM] [Debug] Trained a tree with leaves = 255
[LightGBM] [Info] 25.135779 seconds elapsed, finished iteration 372
[LightGBM] [Debug] Trained a tree with leaves = 255
[LightGBM] [Info] 25.201331 seconds elapsed, finished iteration 373
[LightGBM] [Debug] Trained a tree with leaves = 255
[LightGBM] [Info] 25.270449 seconds elapsed, finished iteration 374
[LightGBM] [Debug] Trained a tree with leaves = 255
[LightGBM] [Info] 25.338366 seconds elapsed, finished iteration 375
[LightGBM] [Debug] Trained a tree with leaves = 255
[LightGBM] [Info] 25.406279 seconds elapsed, finished iteration 376
[LightGBM] [Debug] Trained a tree with leaves = 255
[LightGBM] [Info] 25.472288 seconds elapsed, finished iteration 377
[LightGBM] [Debug] Trained a tree with leaves = 255
[LightGBM] [Info] 25.551408 seconds elapsed, finished iteration 378
[LightGBM] [Debug] Trained a tree with leaves = 255
[LightGBM] [Info] 25.618113 seconds elapsed, finished iteration 379
[LightGBM] [Debug] Trained a tree with leaves = 255
[LightGBM] [Info] 25.687055 seconds elapsed, finished iteration 380
[LightGBM] [Debug] Trained a tree with leaves = 255
[LightGBM] [Info] 25.755954 seconds elapsed, finished iteration 381
[LightGBM] [Debug] Trained a tree with leaves = 255
[LightGBM] [Info] 25.824954 seconds elapsed, finished iteration 382
[LightGBM] [Debug] Trained a tree with leaves = 255
[LightGBM] [Info] 25.897847 seconds elapsed, finished iteration 383
[LightGBM] [Debug] Trained a tree with leaves = 255
[LightGBM] [Info] 25.965489 seconds elapsed, finished iteration 384
[LightGBM] [Debug] Trained a tree with leaves = 255
[LightGBM] [Info] 26.033584 seconds elapsed, finished iteration 385
[LightGBM] [Debug] Trained a tree with leaves = 255
[LightGBM] [Info] 26.102711 seconds elapsed, finished iteration 386
[LightGBM] [Debug] Trained a tree with leaves = 255
[LightGBM] [Info] 26.170660 seconds elapsed, finished iteration 387
[LightGBM] [Debug] Trained a tree with leaves = 255
[LightGBM] [Info] 26.237510 seconds elapsed, finished iteration 388
[LightGBM] [Debug] Trained a tree with leaves = 255
[LightGBM] [Info] 26.305275 seconds elapsed, finished iteration 389
[LightGBM] [Debug] Trained a tree with leaves = 255
[LightGBM] [Info] 26.372512 seconds elapsed, finished iteration 390
[LightGBM] [Debug] Trained a tree with leaves = 255
[LightGBM] [Info] 26.440826 seconds elapsed, finished iteration 391
[LightGBM] [Debug] Trained a tree with leaves = 255
[LightGBM] [Info] 26.507505 seconds elapsed, finished iteration 392
[LightGBM] [Debug] Trained a tree with leaves = 255
[LightGBM] [Info] 26.573335 seconds elapsed, finished iteration 393
[LightGBM] [Debug] Trained a tree with leaves = 255
[LightGBM] [Info] 26.640438 seconds elapsed, finished iteration 394
[LightGBM] [Debug] Trained a tree with leaves = 255
[LightGBM] [Info] 26.709057 seconds elapsed, finished iteration 395
[LightGBM] [Debug] Trained a tree with leaves = 255
[LightGBM] [Info] 26.778142 seconds elapsed, finished iteration 396
[LightGBM] [Debug] Trained a tree with leaves = 255
[LightGBM] [Info] 26.845468 seconds elapsed, finished iteration 397
[LightGBM] [Debug] Trained a tree with leaves = 255
[LightGBM] [Info] 26.920553 seconds elapsed, finished iteration 398
[LightGBM] [Debug] Trained a tree with leaves = 255
[LightGBM] [Info] 26.986975 seconds elapsed, finished iteration 399
[LightGBM] [Debug] Trained a tree with leaves = 255
[LightGBM] [Info] 27.072019 seconds elapsed, finished iteration 400
[LightGBM] [Debug] Trained a tree with leaves = 255
[LightGBM] [Info] 27.137403 seconds elapsed, finished iteration 401
[LightGBM] [Debug] Trained a tree with leaves = 255
[LightGBM] [Info] 27.205902 seconds elapsed, finished iteration 402
[LightGBM] [Debug] Trained a tree with leaves = 255
[LightGBM] [Info] 27.275292 seconds elapsed, finished iteration 403
[LightGBM] [Debug] Trained a tree with leaves = 255
[LightGBM] [Info] 27.342180 seconds elapsed, finished iteration 404
[LightGBM] [Debug] Trained a tree with leaves = 255
[LightGBM] [Info] 27.409773 seconds elapsed, finished iteration 405
[LightGBM] [Debug] Trained a tree with leaves = 255
[LightGBM] [Info] 27.477631 seconds elapsed, finished iteration 406
[LightGBM] [Debug] Trained a tree with leaves = 255
[LightGBM] [Info] 27.545766 seconds elapsed, finished iteration 407
[LightGBM] [Debug] Trained a tree with leaves = 255
[LightGBM] [Info] 27.612503 seconds elapsed, finished iteration 408
[LightGBM] [Debug] Trained a tree with leaves = 255
[LightGBM] [Info] 27.682248 seconds elapsed, finished iteration 409
[LightGBM] [Debug] Trained a tree with leaves = 255
[LightGBM] [Info] 27.750141 seconds elapsed, finished iteration 410
[LightGBM] [Debug] Trained a tree with leaves = 255
[LightGBM] [Info] 27.821474 seconds elapsed, finished iteration 411
[LightGBM] [Debug] Trained a tree with leaves = 255
[LightGBM] [Info] 27.889097 seconds elapsed, finished iteration 412
[LightGBM] [Debug] Trained a tree with leaves = 255
[LightGBM] [Info] 27.955760 seconds elapsed, finished iteration 413
[LightGBM] [Debug] Trained a tree with leaves = 255
[LightGBM] [Info] 28.021992 seconds elapsed, finished iteration 414
[LightGBM] [Debug] Trained a tree with leaves = 255
[LightGBM] [Info] 28.087870 seconds elapsed, finished iteration 415
[LightGBM] [Debug] Trained a tree with leaves = 255
[LightGBM] [Info] 28.156480 seconds elapsed, finished iteration 416
[LightGBM] [Debug] Trained a tree with leaves = 255
[LightGBM] [Info] 28.224594 seconds elapsed, finished iteration 417
[LightGBM] [Debug] Trained a tree with leaves = 255
[LightGBM] [Info] 28.290765 seconds elapsed, finished iteration 418
[LightGBM] [Debug] Trained a tree with leaves = 255
[LightGBM] [Info] 28.357842 seconds elapsed, finished iteration 419
[LightGBM] [Debug] Trained a tree with leaves = 255
[LightGBM] [Info] 28.425421 seconds elapsed, finished iteration 420
[LightGBM] [Debug] Trained a tree with leaves = 255
[LightGBM] [Info] 28.495709 seconds elapsed, finished iteration 421
[LightGBM] [Debug] Trained a tree with leaves = 255
[LightGBM] [Info] 28.567306 seconds elapsed, finished iteration 422
[LightGBM] [Debug] Trained a tree with leaves = 255
[LightGBM] [Info] 28.634625 seconds elapsed, finished iteration 423
[LightGBM] [Debug] Trained a tree with leaves = 255
[LightGBM] [Info] 28.705856 seconds elapsed, finished iteration 424
[LightGBM] [Debug] Trained a tree with leaves = 255
[LightGBM] [Info] 28.774790 seconds elapsed, finished iteration 425
[LightGBM] [Debug] Trained a tree with leaves = 255
[LightGBM] [Info] 28.844681 seconds elapsed, finished iteration 426
[LightGBM] [Debug] Trained a tree with leaves = 255
[LightGBM] [Info] 28.915162 seconds elapsed, finished iteration 427
[LightGBM] [Debug] Trained a tree with leaves = 255
[LightGBM] [Info] 28.981955 seconds elapsed, finished iteration 428
[LightGBM] [Debug] Trained a tree with leaves = 255
[LightGBM] [Info] 29.050466 seconds elapsed, finished iteration 429
[LightGBM] [Debug] Trained a tree with leaves = 255
[LightGBM] [Info] 29.117617 seconds elapsed, finished iteration 430
[LightGBM] [Debug] Trained a tree with leaves = 255
[LightGBM] [Info] 29.184938 seconds elapsed, finished iteration 431
[LightGBM] [Debug] Trained a tree with leaves = 255
[LightGBM] [Info] 29.252117 seconds elapsed, finished iteration 432
[LightGBM] [Debug] Trained a tree with leaves = 255
[LightGBM] [Info] 29.318860 seconds elapsed, finished iteration 433
[LightGBM] [Debug] Trained a tree with leaves = 255
[LightGBM] [Info] 29.385631 seconds elapsed, finished iteration 434
[LightGBM] [Debug] Trained a tree with leaves = 255
[LightGBM] [Info] 29.452366 seconds elapsed, finished iteration 435
[LightGBM] [Debug] Trained a tree with leaves = 255
[LightGBM] [Info] 29.519229 seconds elapsed, finished iteration 436
[LightGBM] [Debug] Trained a tree with leaves = 255
[LightGBM] [Info] 29.597904 seconds elapsed, finished iteration 437
[LightGBM] [Debug] Trained a tree with leaves = 255
[LightGBM] [Info] 29.666239 seconds elapsed, finished iteration 438
[LightGBM] [Debug] Trained a tree with leaves = 255
[LightGBM] [Info] 29.738341 seconds elapsed, finished iteration 439
[LightGBM] [Debug] Trained a tree with leaves = 255
[LightGBM] [Info] 29.807697 seconds elapsed, finished iteration 440
[LightGBM] [Debug] Trained a tree with leaves = 255
[LightGBM] [Info] 29.877316 seconds elapsed, finished iteration 441
[LightGBM] [Debug] Trained a tree with leaves = 255
[LightGBM] [Info] 29.945218 seconds elapsed, finished iteration 442
[LightGBM] [Debug] Trained a tree with leaves = 255
[LightGBM] [Info] 30.013596 seconds elapsed, finished iteration 443
[LightGBM] [Debug] Trained a tree with leaves = 255
[LightGBM] [Info] 30.082966 seconds elapsed, finished iteration 444
[LightGBM] [Debug] Trained a tree with leaves = 255
[LightGBM] [Info] 30.151243 seconds elapsed, finished iteration 445
[LightGBM] [Debug] Trained a tree with leaves = 255
[LightGBM] [Info] 30.220334 seconds elapsed, finished iteration 446
[LightGBM] [Debug] Trained a tree with leaves = 255
[LightGBM] [Info] 30.289547 seconds elapsed, finished iteration 447
[LightGBM] [Debug] Trained a tree with leaves = 255
[LightGBM] [Info] 30.359043 seconds elapsed, finished iteration 448
[LightGBM] [Debug] Trained a tree with leaves = 255
[LightGBM] [Info] 30.428126 seconds elapsed, finished iteration 449
[LightGBM] [Debug] Trained a tree with leaves = 255
[LightGBM] [Info] 30.496757 seconds elapsed, finished iteration 450
[LightGBM] [Debug] Trained a tree with leaves = 255
[LightGBM] [Info] 30.565098 seconds elapsed, finished iteration 451
[LightGBM] [Debug] Trained a tree with leaves = 255
[LightGBM] [Info] 30.633864 seconds elapsed, finished iteration 452
[LightGBM] [Debug] Trained a tree with leaves = 255
[LightGBM] [Info] 30.702306 seconds elapsed, finished iteration 453
[LightGBM] [Debug] Trained a tree with leaves = 255
[LightGBM] [Info] 30.772273 seconds elapsed, finished iteration 454
[LightGBM] [Debug] Trained a tree with leaves = 255
[LightGBM] [Info] 30.841623 seconds elapsed, finished iteration 455
[LightGBM] [Debug] Trained a tree with leaves = 255
[LightGBM] [Info] 30.910245 seconds elapsed, finished iteration 456
[LightGBM] [Debug] Trained a tree with leaves = 255
[LightGBM] [Info] 30.979259 seconds elapsed, finished iteration 457
[LightGBM] [Debug] Trained a tree with leaves = 255
[LightGBM] [Info] 31.046806 seconds elapsed, finished iteration 458
[LightGBM] [Debug] Trained a tree with leaves = 255
[LightGBM] [Info] 31.115316 seconds elapsed, finished iteration 459
[LightGBM] [Debug] Trained a tree with leaves = 255
[LightGBM] [Info] 31.183383 seconds elapsed, finished iteration 460
[LightGBM] [Debug] Trained a tree with leaves = 255
[LightGBM] [Info] 31.252229 seconds elapsed, finished iteration 461
[LightGBM] [Debug] Trained a tree with leaves = 255
[LightGBM] [Info] 31.320853 seconds elapsed, finished iteration 462
[LightGBM] [Debug] Trained a tree with leaves = 255
[LightGBM] [Info] 31.389860 seconds elapsed, finished iteration 463
[LightGBM] [Debug] Trained a tree with leaves = 255
[LightGBM] [Info] 31.457863 seconds elapsed, finished iteration 464
[LightGBM] [Debug] Trained a tree with leaves = 255
[LightGBM] [Info] 31.524287 seconds elapsed, finished iteration 465
[LightGBM] [Debug] Trained a tree with leaves = 255
[LightGBM] [Info] 31.591585 seconds elapsed, finished iteration 466
[LightGBM] [Debug] Trained a tree with leaves = 255
[LightGBM] [Info] 31.660622 seconds elapsed, finished iteration 467
[LightGBM] [Debug] Trained a tree with leaves = 255
[LightGBM] [Info] 31.736375 seconds elapsed, finished iteration 468
[LightGBM] [Debug] Trained a tree with leaves = 255
[LightGBM] [Info] 31.803613 seconds elapsed, finished iteration 469
[LightGBM] [Debug] Trained a tree with leaves = 255
[LightGBM] [Info] 31.874407 seconds elapsed, finished iteration 470
[LightGBM] [Debug] Trained a tree with leaves = 255
[LightGBM] [Info] 31.954122 seconds elapsed, finished iteration 471
[LightGBM] [Debug] Trained a tree with leaves = 255
[LightGBM] [Info] 32.022537 seconds elapsed, finished iteration 472
[LightGBM] [Debug] Trained a tree with leaves = 255
[LightGBM] [Info] 32.091682 seconds elapsed, finished iteration 473
[LightGBM] [Debug] Trained a tree with leaves = 255
[LightGBM] [Info] 32.161381 seconds elapsed, finished iteration 474
[LightGBM] [Debug] Trained a tree with leaves = 255
[LightGBM] [Info] 32.229329 seconds elapsed, finished iteration 475
[LightGBM] [Debug] Trained a tree with leaves = 255
[LightGBM] [Info] 32.298556 seconds elapsed, finished iteration 476
[LightGBM] [Debug] Trained a tree with leaves = 255
[LightGBM] [Info] 32.366494 seconds elapsed, finished iteration 477
[LightGBM] [Debug] Trained a tree with leaves = 255
[LightGBM] [Info] 32.434719 seconds elapsed, finished iteration 478
[LightGBM] [Debug] Trained a tree with leaves = 255
[LightGBM] [Info] 32.504510 seconds elapsed, finished iteration 479
[LightGBM] [Debug] Trained a tree with leaves = 255
[LightGBM] [Info] 32.575797 seconds elapsed, finished iteration 480
[LightGBM] [Debug] Trained a tree with leaves = 255
[LightGBM] [Info] 32.642563 seconds elapsed, finished iteration 481
[LightGBM] [Debug] Trained a tree with leaves = 255
[LightGBM] [Info] 32.713357 seconds elapsed, finished iteration 482
[LightGBM] [Debug] Trained a tree with leaves = 255
[LightGBM] [Info] 32.781616 seconds elapsed, finished iteration 483
[LightGBM] [Debug] Trained a tree with leaves = 255
[LightGBM] [Info] 32.849335 seconds elapsed, finished iteration 484
[LightGBM] [Debug] Trained a tree with leaves = 255
[LightGBM] [Info] 32.918022 seconds elapsed, finished iteration 485
[LightGBM] [Debug] Trained a tree with leaves = 255
[LightGBM] [Info] 32.985539 seconds elapsed, finished iteration 486
[LightGBM] [Debug] Trained a tree with leaves = 255
[LightGBM] [Info] 33.054412 seconds elapsed, finished iteration 487
[LightGBM] [Debug] Trained a tree with leaves = 255
[LightGBM] [Info] 33.123627 seconds elapsed, finished iteration 488
[LightGBM] [Debug] Trained a tree with leaves = 255
[LightGBM] [Info] 33.191406 seconds elapsed, finished iteration 489
[LightGBM] [Debug] Trained a tree with leaves = 255
[LightGBM] [Info] 33.261078 seconds elapsed, finished iteration 490
[LightGBM] [Debug] Trained a tree with leaves = 255
[LightGBM] [Info] 33.329727 seconds elapsed, finished iteration 491
[LightGBM] [Debug] Trained a tree with leaves = 255
[LightGBM] [Info] 33.398596 seconds elapsed, finished iteration 492
[LightGBM] [Debug] Trained a tree with leaves = 255
[LightGBM] [Info] 33.467857 seconds elapsed, finished iteration 493
[LightGBM] [Debug] Trained a tree with leaves = 255
[LightGBM] [Info] 33.537616 seconds elapsed, finished iteration 494
[LightGBM] [Debug] Trained a tree with leaves = 255
[LightGBM] [Info] 33.608117 seconds elapsed, finished iteration 495
[LightGBM] [Debug] Trained a tree with leaves = 255
[LightGBM] [Info] 33.683085 seconds elapsed, finished iteration 496
[LightGBM] [Debug] Trained a tree with leaves = 255
[LightGBM] [Info] 33.750436 seconds elapsed, finished iteration 497
[LightGBM] [Debug] Trained a tree with leaves = 255
[LightGBM] [Info] 33.820047 seconds elapsed, finished iteration 498
[LightGBM] [Debug] Trained a tree with leaves = 255
[LightGBM] [Info] 33.888750 seconds elapsed, finished iteration 499
[LightGBM] [Debug] Trained a tree with leaves = 255
[LightGBM] [Info] 33.958087 seconds elapsed, finished iteration 500
[LightGBM] [Info] Finished training
[LightGBM] [Info] CUDABestSplitFinder::LaunchSyncBestSplitForLeafKernel costs:	 3.114704
[LightGBM] [Info] CUDADataPartition::AddPredictionToScoreKernel costs:	 0.223159
[LightGBM] [Info] CUDADataPartition::AggregateBlockOffsetKernel costs:	 1.900697
[LightGBM] [Info] CUDADataPartition::CopyDataIndicesKernel costs:	 0.354245
[LightGBM] [Info] CUDADataPartition::CopyFromCUDADeviceToHostAsync costs:	 1.575757
[LightGBM] [Info] CUDADataPartition::LaunchAddPredictionToScoreKernel::BitonicArgSortGlobal costs:	 0.022590
[LightGBM] [Info] CUDADataPartition::SplitInnerKernel costs:	 0.350188
[LightGBM] [Info] CUDADataPartition::SplitTreeStructureKernel costs:	 0.312013
[LightGBM] [Info] CUDAHistogramConstructor::ConstructHistogramForLeaf::LaunchSubtractHistogramKernel costs:	 0.787050
[LightGBM] [Info] CUDAHistogramConstructor::FixHistogramDiscretizedKernel costs:	 0.342697
[LightGBM] [Info] CUDAHistogramConstructor::SubtractHistogramDiscretizedKernel costs:	 0.329757
[LightGBM] [Info] CUDASingleGPUTreeLearner::BeforeTrain costs:	 0.321035
[LightGBM] [Info] CUDASingleGPUTreeLearner::CPUFindBestFromAllSplits costs:	 0.030868
[LightGBM] [Info] CUDASingleGPUTreeLearner::ConstructHistogramForLeaf costs:	 10.514419
[LightGBM] [Info] CUDASingleGPUTreeLearner::FindBestFromAllSplits costs:	 2.348981
[LightGBM] [Info] CUDASingleGPUTreeLearner::FindBestSplitsForLeaf costs:	 5.293315
[LightGBM] [Info] CUDASingleGPUTreeLearner::NCCLReduceHistogram costs:	 0.007568
[LightGBM] [Info] CUDASingleGPUTreeLearner::RenewDiscretizedTreeLeaves costs:	 0.204014
[LightGBM] [Info] CUDASingleGPUTreeLearner::Split costs:	 5.665607
[LightGBM] [Info] Dataset::FastFeatureBundling costs:	 0.059921
[LightGBM] [Info] Dataset::GetMultiBinFromAllFeatures costs:	 1.109377
[LightGBM] [Info] Dataset::PushDataToMultiValBin costs:	 0.549831
[LightGBM] [Info] Dataset::TestMultiThreadingMethod costs:	 1.114850
[LightGBM] [Info] GBDT::Bagging costs:	 0.000187
[LightGBM] [Info] GBDT::BoostFromAverage costs:	 0.000052
[LightGBM] [Info] GBDT::Boosting costs:	 8.040257
[LightGBM] [Info] GBDT::Train costs:	 33.958098
[LightGBM] [Info] GBDT::TrainOneIter costs:	 33.950493
[LightGBM] [Info] GBDT::UpdateScore costs:	 0.224313
[LightGBM] [Info] GenDataToLeftBitVector costs:	 0.368013
[LightGBM] [Info] MultiValSparseBin::MergeData costs:	 0.343751
[LightGBM] [Info] ScoreUpdater::AddScore costs:	 0.223733
[LightGBM] [Info] SplitInner costs:	 4.729605
