[08:21:40] INFO: /home/shiyu/NeurIPS-2022-camera-ready/Quantized-GBDT/xgboost/src/cli_main.cc:226: Loading data: 99.8361 sec
[08:21:40] INFO: /home/shiyu/NeurIPS-2022-camera-ready/Quantized-GBDT/xgboost/src/cli_main.cc:235: boosting round 0, 0 sec elapsed
[08:21:47] [0]
[08:21:47] INFO: /home/shiyu/NeurIPS-2022-camera-ready/Quantized-GBDT/xgboost/src/cli_main.cc:235: boosting round 1, 6.98608 sec elapsed
[08:21:47] [1]
[08:21:47] INFO: /home/shiyu/NeurIPS-2022-camera-ready/Quantized-GBDT/xgboost/src/cli_main.cc:235: boosting round 2, 7.25605 sec elapsed
[08:21:47] [2]
[08:21:47] INFO: /home/shiyu/NeurIPS-2022-camera-ready/Quantized-GBDT/xgboost/src/cli_main.cc:235: boosting round 3, 7.51747 sec elapsed
[08:21:48] [3]
[08:21:48] INFO: /home/shiyu/NeurIPS-2022-camera-ready/Quantized-GBDT/xgboost/src/cli_main.cc:235: boosting round 4, 7.79819 sec elapsed
[08:21:48] [4]
[08:21:48] INFO: /home/shiyu/NeurIPS-2022-camera-ready/Quantized-GBDT/xgboost/src/cli_main.cc:235: boosting round 5, 8.07965 sec elapsed
[08:21:48] [5]
[08:21:48] INFO: /home/shiyu/NeurIPS-2022-camera-ready/Quantized-GBDT/xgboost/src/cli_main.cc:235: boosting round 6, 8.3634 sec elapsed
[08:21:49] [6]
[08:21:49] INFO: /home/shiyu/NeurIPS-2022-camera-ready/Quantized-GBDT/xgboost/src/cli_main.cc:235: boosting round 7, 8.63446 sec elapsed
[08:21:49] [7]
[08:21:49] INFO: /home/shiyu/NeurIPS-2022-camera-ready/Quantized-GBDT/xgboost/src/cli_main.cc:235: boosting round 8, 8.90853 sec elapsed
[08:21:49] [8]
[08:21:49] INFO: /home/shiyu/NeurIPS-2022-camera-ready/Quantized-GBDT/xgboost/src/cli_main.cc:235: boosting round 9, 9.18975 sec elapsed
[08:21:49] [9]
[08:21:49] INFO: /home/shiyu/NeurIPS-2022-camera-ready/Quantized-GBDT/xgboost/src/cli_main.cc:235: boosting round 10, 9.46955 sec elapsed
[08:21:50] [10]
[08:21:50] INFO: /home/shiyu/NeurIPS-2022-camera-ready/Quantized-GBDT/xgboost/src/cli_main.cc:235: boosting round 11, 9.74887 sec elapsed
[08:21:50] [11]
[08:21:50] INFO: /home/shiyu/NeurIPS-2022-camera-ready/Quantized-GBDT/xgboost/src/cli_main.cc:235: boosting round 12, 10.0352 sec elapsed
[08:21:50] [12]
[08:21:50] INFO: /home/shiyu/NeurIPS-2022-camera-ready/Quantized-GBDT/xgboost/src/cli_main.cc:235: boosting round 13, 10.322 sec elapsed
[08:21:51] [13]
[08:21:51] INFO: /home/shiyu/NeurIPS-2022-camera-ready/Quantized-GBDT/xgboost/src/cli_main.cc:235: boosting round 14, 10.6089 sec elapsed
[08:21:51] [14]
[08:21:51] INFO: /home/shiyu/NeurIPS-2022-camera-ready/Quantized-GBDT/xgboost/src/cli_main.cc:235: boosting round 15, 10.8992 sec elapsed
[08:21:51] [15]
[08:21:51] INFO: /home/shiyu/NeurIPS-2022-camera-ready/Quantized-GBDT/xgboost/src/cli_main.cc:235: boosting round 16, 11.1753 sec elapsed
[08:21:51] [16]
[08:21:51] INFO: /home/shiyu/NeurIPS-2022-camera-ready/Quantized-GBDT/xgboost/src/cli_main.cc:235: boosting round 17, 11.4626 sec elapsed
[08:21:52] [17]
[08:21:52] INFO: /home/shiyu/NeurIPS-2022-camera-ready/Quantized-GBDT/xgboost/src/cli_main.cc:235: boosting round 18, 11.7567 sec elapsed
[08:21:52] [18]
[08:21:52] INFO: /home/shiyu/NeurIPS-2022-camera-ready/Quantized-GBDT/xgboost/src/cli_main.cc:235: boosting round 19, 12.0434 sec elapsed
[08:21:52] [19]
[08:21:52] INFO: /home/shiyu/NeurIPS-2022-camera-ready/Quantized-GBDT/xgboost/src/cli_main.cc:235: boosting round 20, 12.3281 sec elapsed
[08:21:53] [20]
[08:21:53] INFO: /home/shiyu/NeurIPS-2022-camera-ready/Quantized-GBDT/xgboost/src/cli_main.cc:235: boosting round 21, 12.6163 sec elapsed
[08:21:53] [21]
[08:21:53] INFO: /home/shiyu/NeurIPS-2022-camera-ready/Quantized-GBDT/xgboost/src/cli_main.cc:235: boosting round 22, 12.9035 sec elapsed
[08:21:53] [22]
[08:21:53] INFO: /home/shiyu/NeurIPS-2022-camera-ready/Quantized-GBDT/xgboost/src/cli_main.cc:235: boosting round 23, 13.1873 sec elapsed
[08:21:53] [23]
[08:21:53] INFO: /home/shiyu/NeurIPS-2022-camera-ready/Quantized-GBDT/xgboost/src/cli_main.cc:235: boosting round 24, 13.4791 sec elapsed
[08:21:54] [24]
[08:21:54] INFO: /home/shiyu/NeurIPS-2022-camera-ready/Quantized-GBDT/xgboost/src/cli_main.cc:235: boosting round 25, 13.7703 sec elapsed
[08:21:54] [25]
[08:21:54] INFO: /home/shiyu/NeurIPS-2022-camera-ready/Quantized-GBDT/xgboost/src/cli_main.cc:235: boosting round 26, 14.0567 sec elapsed
[08:21:54] [26]
[08:21:54] INFO: /home/shiyu/NeurIPS-2022-camera-ready/Quantized-GBDT/xgboost/src/cli_main.cc:235: boosting round 27, 14.3581 sec elapsed
[08:21:55] [27]
[08:21:55] INFO: /home/shiyu/NeurIPS-2022-camera-ready/Quantized-GBDT/xgboost/src/cli_main.cc:235: boosting round 28, 14.6588 sec elapsed
[08:21:55] [28]
[08:21:55] INFO: /home/shiyu/NeurIPS-2022-camera-ready/Quantized-GBDT/xgboost/src/cli_main.cc:235: boosting round 29, 14.9655 sec elapsed
[08:21:55] [29]
[08:21:55] INFO: /home/shiyu/NeurIPS-2022-camera-ready/Quantized-GBDT/xgboost/src/cli_main.cc:235: boosting round 30, 15.2653 sec elapsed
[08:21:56] [30]
[08:21:56] INFO: /home/shiyu/NeurIPS-2022-camera-ready/Quantized-GBDT/xgboost/src/cli_main.cc:235: boosting round 31, 15.5648 sec elapsed
[08:21:56] [31]
[08:21:56] INFO: /home/shiyu/NeurIPS-2022-camera-ready/Quantized-GBDT/xgboost/src/cli_main.cc:235: boosting round 32, 15.8658 sec elapsed
[08:21:56] [32]
[08:21:56] INFO: /home/shiyu/NeurIPS-2022-camera-ready/Quantized-GBDT/xgboost/src/cli_main.cc:235: boosting round 33, 16.1673 sec elapsed
[08:21:56] [33]
[08:21:56] INFO: /home/shiyu/NeurIPS-2022-camera-ready/Quantized-GBDT/xgboost/src/cli_main.cc:235: boosting round 34, 16.4765 sec elapsed
[08:21:57] [34]
[08:21:57] INFO: /home/shiyu/NeurIPS-2022-camera-ready/Quantized-GBDT/xgboost/src/cli_main.cc:235: boosting round 35, 16.7783 sec elapsed
[08:21:57] [35]
[08:21:57] INFO: /home/shiyu/NeurIPS-2022-camera-ready/Quantized-GBDT/xgboost/src/cli_main.cc:235: boosting round 36, 17.1043 sec elapsed
[08:21:57] [36]
[08:21:57] INFO: /home/shiyu/NeurIPS-2022-camera-ready/Quantized-GBDT/xgboost/src/cli_main.cc:235: boosting round 37, 17.4343 sec elapsed
[08:21:58] [37]
[08:21:58] INFO: /home/shiyu/NeurIPS-2022-camera-ready/Quantized-GBDT/xgboost/src/cli_main.cc:235: boosting round 38, 17.7622 sec elapsed
[08:21:58] [38]
[08:21:58] INFO: /home/shiyu/NeurIPS-2022-camera-ready/Quantized-GBDT/xgboost/src/cli_main.cc:235: boosting round 39, 18.0887 sec elapsed
[08:21:58] [39]
[08:21:58] INFO: /home/shiyu/NeurIPS-2022-camera-ready/Quantized-GBDT/xgboost/src/cli_main.cc:235: boosting round 40, 18.4813 sec elapsed
[08:21:59] [40]
[08:21:59] INFO: /home/shiyu/NeurIPS-2022-camera-ready/Quantized-GBDT/xgboost/src/cli_main.cc:235: boosting round 41, 18.8766 sec elapsed
[08:21:59] [41]
[08:21:59] INFO: /home/shiyu/NeurIPS-2022-camera-ready/Quantized-GBDT/xgboost/src/cli_main.cc:235: boosting round 42, 19.2697 sec elapsed
[08:22:00] [42]
[08:22:00] INFO: /home/shiyu/NeurIPS-2022-camera-ready/Quantized-GBDT/xgboost/src/cli_main.cc:235: boosting round 43, 19.6795 sec elapsed
[08:22:00] [43]
[08:22:00] INFO: /home/shiyu/NeurIPS-2022-camera-ready/Quantized-GBDT/xgboost/src/cli_main.cc:235: boosting round 44, 20.0831 sec elapsed
[08:22:00] [44]
[08:22:00] INFO: /home/shiyu/NeurIPS-2022-camera-ready/Quantized-GBDT/xgboost/src/cli_main.cc:235: boosting round 45, 20.4921 sec elapsed
[08:22:01] [45]
[08:22:01] INFO: /home/shiyu/NeurIPS-2022-camera-ready/Quantized-GBDT/xgboost/src/cli_main.cc:235: boosting round 46, 20.9178 sec elapsed
[08:22:01] [46]
[08:22:01] INFO: /home/shiyu/NeurIPS-2022-camera-ready/Quantized-GBDT/xgboost/src/cli_main.cc:235: boosting round 47, 21.3523 sec elapsed
[08:22:02] [47]
[08:22:02] INFO: /home/shiyu/NeurIPS-2022-camera-ready/Quantized-GBDT/xgboost/src/cli_main.cc:235: boosting round 48, 21.7885 sec elapsed
[08:22:02] [48]
[08:22:02] INFO: /home/shiyu/NeurIPS-2022-camera-ready/Quantized-GBDT/xgboost/src/cli_main.cc:235: boosting round 49, 22.2663 sec elapsed
[08:22:03] [49]
[08:22:03] INFO: /home/shiyu/NeurIPS-2022-camera-ready/Quantized-GBDT/xgboost/src/cli_main.cc:235: boosting round 50, 22.7323 sec elapsed
[08:22:03] [50]
[08:22:03] INFO: /home/shiyu/NeurIPS-2022-camera-ready/Quantized-GBDT/xgboost/src/cli_main.cc:235: boosting round 51, 23.1988 sec elapsed
[08:22:04] [51]
[08:22:04] INFO: /home/shiyu/NeurIPS-2022-camera-ready/Quantized-GBDT/xgboost/src/cli_main.cc:235: boosting round 52, 23.6601 sec elapsed
[08:22:04] [52]
[08:22:04] INFO: /home/shiyu/NeurIPS-2022-camera-ready/Quantized-GBDT/xgboost/src/cli_main.cc:235: boosting round 53, 24.1201 sec elapsed
[08:22:05] [53]
[08:22:05] INFO: /home/shiyu/NeurIPS-2022-camera-ready/Quantized-GBDT/xgboost/src/cli_main.cc:235: boosting round 54, 24.5896 sec elapsed
[08:22:05] [54]
[08:22:05] INFO: /home/shiyu/NeurIPS-2022-camera-ready/Quantized-GBDT/xgboost/src/cli_main.cc:235: boosting round 55, 25.0556 sec elapsed
[08:22:05] [55]
[08:22:05] INFO: /home/shiyu/NeurIPS-2022-camera-ready/Quantized-GBDT/xgboost/src/cli_main.cc:235: boosting round 56, 25.5131 sec elapsed
[08:22:06] [56]
[08:22:06] INFO: /home/shiyu/NeurIPS-2022-camera-ready/Quantized-GBDT/xgboost/src/cli_main.cc:235: boosting round 57, 25.9762 sec elapsed
[08:22:06] [57]
[08:22:06] INFO: /home/shiyu/NeurIPS-2022-camera-ready/Quantized-GBDT/xgboost/src/cli_main.cc:235: boosting round 58, 26.3654 sec elapsed
[08:22:07] [58]
[08:22:07] INFO: /home/shiyu/NeurIPS-2022-camera-ready/Quantized-GBDT/xgboost/src/cli_main.cc:235: boosting round 59, 26.7602 sec elapsed
[08:22:07] [59]
[08:22:07] INFO: /home/shiyu/NeurIPS-2022-camera-ready/Quantized-GBDT/xgboost/src/cli_main.cc:235: boosting round 60, 27.1527 sec elapsed
[08:22:08] [60]
[08:22:08] INFO: /home/shiyu/NeurIPS-2022-camera-ready/Quantized-GBDT/xgboost/src/cli_main.cc:235: boosting round 61, 27.5449 sec elapsed
[08:22:08] [61]
[08:22:08] INFO: /home/shiyu/NeurIPS-2022-camera-ready/Quantized-GBDT/xgboost/src/cli_main.cc:235: boosting round 62, 27.9556 sec elapsed
[08:22:08] [62]
[08:22:08] INFO: /home/shiyu/NeurIPS-2022-camera-ready/Quantized-GBDT/xgboost/src/cli_main.cc:235: boosting round 63, 28.3626 sec elapsed
[08:22:09] [63]
[08:22:09] INFO: /home/shiyu/NeurIPS-2022-camera-ready/Quantized-GBDT/xgboost/src/cli_main.cc:235: boosting round 64, 28.7709 sec elapsed
[08:22:09] [64]
[08:22:09] INFO: /home/shiyu/NeurIPS-2022-camera-ready/Quantized-GBDT/xgboost/src/cli_main.cc:235: boosting round 65, 29.1646 sec elapsed
[08:22:10] [65]
[08:22:10] INFO: /home/shiyu/NeurIPS-2022-camera-ready/Quantized-GBDT/xgboost/src/cli_main.cc:235: boosting round 66, 29.5721 sec elapsed
[08:22:10] [66]
[08:22:10] INFO: /home/shiyu/NeurIPS-2022-camera-ready/Quantized-GBDT/xgboost/src/cli_main.cc:235: boosting round 67, 29.9847 sec elapsed
[08:22:10] [67]
[08:22:10] INFO: /home/shiyu/NeurIPS-2022-camera-ready/Quantized-GBDT/xgboost/src/cli_main.cc:235: boosting round 68, 30.3732 sec elapsed
[08:22:11] [68]
[08:22:11] INFO: /home/shiyu/NeurIPS-2022-camera-ready/Quantized-GBDT/xgboost/src/cli_main.cc:235: boosting round 69, 30.7757 sec elapsed
[08:22:11] [69]
[08:22:11] INFO: /home/shiyu/NeurIPS-2022-camera-ready/Quantized-GBDT/xgboost/src/cli_main.cc:235: boosting round 70, 31.1897 sec elapsed
[08:22:12] [70]
[08:22:12] INFO: /home/shiyu/NeurIPS-2022-camera-ready/Quantized-GBDT/xgboost/src/cli_main.cc:235: boosting round 71, 31.6264 sec elapsed
[08:22:12] [71]
[08:22:12] INFO: /home/shiyu/NeurIPS-2022-camera-ready/Quantized-GBDT/xgboost/src/cli_main.cc:235: boosting round 72, 32.0441 sec elapsed
[08:22:12] [72]
[08:22:12] INFO: /home/shiyu/NeurIPS-2022-camera-ready/Quantized-GBDT/xgboost/src/cli_main.cc:235: boosting round 73, 32.4736 sec elapsed
[08:22:13] [73]
[08:22:13] INFO: /home/shiyu/NeurIPS-2022-camera-ready/Quantized-GBDT/xgboost/src/cli_main.cc:235: boosting round 74, 32.916 sec elapsed
[08:22:13] [74]
[08:22:13] INFO: /home/shiyu/NeurIPS-2022-camera-ready/Quantized-GBDT/xgboost/src/cli_main.cc:235: boosting round 75, 33.3218 sec elapsed
[08:22:14] [75]
[08:22:14] INFO: /home/shiyu/NeurIPS-2022-camera-ready/Quantized-GBDT/xgboost/src/cli_main.cc:235: boosting round 76, 33.7581 sec elapsed
[08:22:14] [76]
[08:22:14] INFO: /home/shiyu/NeurIPS-2022-camera-ready/Quantized-GBDT/xgboost/src/cli_main.cc:235: boosting round 77, 34.235 sec elapsed
[08:22:15] [77]
[08:22:15] INFO: /home/shiyu/NeurIPS-2022-camera-ready/Quantized-GBDT/xgboost/src/cli_main.cc:235: boosting round 78, 34.6672 sec elapsed
[08:22:15] [78]
[08:22:15] INFO: /home/shiyu/NeurIPS-2022-camera-ready/Quantized-GBDT/xgboost/src/cli_main.cc:235: boosting round 79, 35.1081 sec elapsed
[08:22:16] [79]
[08:22:16] INFO: /home/shiyu/NeurIPS-2022-camera-ready/Quantized-GBDT/xgboost/src/cli_main.cc:235: boosting round 80, 35.61 sec elapsed
[08:22:16] [80]
[08:22:16] INFO: /home/shiyu/NeurIPS-2022-camera-ready/Quantized-GBDT/xgboost/src/cli_main.cc:235: boosting round 81, 36.1224 sec elapsed
[08:22:17] [81]
[08:22:17] INFO: /home/shiyu/NeurIPS-2022-camera-ready/Quantized-GBDT/xgboost/src/cli_main.cc:235: boosting round 82, 36.5999 sec elapsed
[08:22:17] [82]
[08:22:17] INFO: /home/shiyu/NeurIPS-2022-camera-ready/Quantized-GBDT/xgboost/src/cli_main.cc:235: boosting round 83, 37.0686 sec elapsed
[08:22:17] [83]
[08:22:17] INFO: /home/shiyu/NeurIPS-2022-camera-ready/Quantized-GBDT/xgboost/src/cli_main.cc:235: boosting round 84, 37.4504 sec elapsed
[08:22:18] [84]
[08:22:18] INFO: /home/shiyu/NeurIPS-2022-camera-ready/Quantized-GBDT/xgboost/src/cli_main.cc:235: boosting round 85, 37.8574 sec elapsed
[08:22:18] [85]
[08:22:18] INFO: /home/shiyu/NeurIPS-2022-camera-ready/Quantized-GBDT/xgboost/src/cli_main.cc:235: boosting round 86, 38.2225 sec elapsed
[08:22:19] [86]
[08:22:19] INFO: /home/shiyu/NeurIPS-2022-camera-ready/Quantized-GBDT/xgboost/src/cli_main.cc:235: boosting round 87, 38.6155 sec elapsed
[08:22:19] [87]
[08:22:19] INFO: /home/shiyu/NeurIPS-2022-camera-ready/Quantized-GBDT/xgboost/src/cli_main.cc:235: boosting round 88, 38.9972 sec elapsed
[08:22:19] [88]
[08:22:19] INFO: /home/shiyu/NeurIPS-2022-camera-ready/Quantized-GBDT/xgboost/src/cli_main.cc:235: boosting round 89, 39.4036 sec elapsed
[08:22:20] [89]
[08:22:20] INFO: /home/shiyu/NeurIPS-2022-camera-ready/Quantized-GBDT/xgboost/src/cli_main.cc:235: boosting round 90, 39.8208 sec elapsed
[08:22:20] [90]
[08:22:20] INFO: /home/shiyu/NeurIPS-2022-camera-ready/Quantized-GBDT/xgboost/src/cli_main.cc:235: boosting round 91, 40.2455 sec elapsed
[08:22:21] [91]
[08:22:21] INFO: /home/shiyu/NeurIPS-2022-camera-ready/Quantized-GBDT/xgboost/src/cli_main.cc:235: boosting round 92, 40.6893 sec elapsed
[08:22:21] [92]
[08:22:21] INFO: /home/shiyu/NeurIPS-2022-camera-ready/Quantized-GBDT/xgboost/src/cli_main.cc:235: boosting round 93, 41.1035 sec elapsed
[08:22:21] [93]
[08:22:21] INFO: /home/shiyu/NeurIPS-2022-camera-ready/Quantized-GBDT/xgboost/src/cli_main.cc:235: boosting round 94, 41.5244 sec elapsed
[08:22:22] [94]
[08:22:22] INFO: /home/shiyu/NeurIPS-2022-camera-ready/Quantized-GBDT/xgboost/src/cli_main.cc:235: boosting round 95, 41.9528 sec elapsed
[08:22:22] [95]
[08:22:22] INFO: /home/shiyu/NeurIPS-2022-camera-ready/Quantized-GBDT/xgboost/src/cli_main.cc:235: boosting round 96, 42.3198 sec elapsed
[08:22:23] [96]
[08:22:23] INFO: /home/shiyu/NeurIPS-2022-camera-ready/Quantized-GBDT/xgboost/src/cli_main.cc:235: boosting round 97, 42.7116 sec elapsed
[08:22:23] [97]
[08:22:23] INFO: /home/shiyu/NeurIPS-2022-camera-ready/Quantized-GBDT/xgboost/src/cli_main.cc:235: boosting round 98, 43.0778 sec elapsed
[08:22:23] [98]
[08:22:23] INFO: /home/shiyu/NeurIPS-2022-camera-ready/Quantized-GBDT/xgboost/src/cli_main.cc:235: boosting round 99, 43.4365 sec elapsed
[08:22:24] [99]
[08:22:24] INFO: /home/shiyu/NeurIPS-2022-camera-ready/Quantized-GBDT/xgboost/src/cli_main.cc:235: boosting round 100, 43.9184 sec elapsed
[08:22:24] [100]
[08:22:24] INFO: /home/shiyu/NeurIPS-2022-camera-ready/Quantized-GBDT/xgboost/src/cli_main.cc:235: boosting round 101, 44.311 sec elapsed
[08:22:25] [101]
[08:22:25] INFO: /home/shiyu/NeurIPS-2022-camera-ready/Quantized-GBDT/xgboost/src/cli_main.cc:235: boosting round 102, 44.6242 sec elapsed
[08:22:25] [102]
[08:22:25] INFO: /home/shiyu/NeurIPS-2022-camera-ready/Quantized-GBDT/xgboost/src/cli_main.cc:235: boosting round 103, 45.0224 sec elapsed
[08:22:25] [103]
[08:22:25] INFO: /home/shiyu/NeurIPS-2022-camera-ready/Quantized-GBDT/xgboost/src/cli_main.cc:235: boosting round 104, 45.3379 sec elapsed
[08:22:26] [104]
[08:22:26] INFO: /home/shiyu/NeurIPS-2022-camera-ready/Quantized-GBDT/xgboost/src/cli_main.cc:235: boosting round 105, 45.7367 sec elapsed
[08:22:26] [105]
[08:22:26] INFO: /home/shiyu/NeurIPS-2022-camera-ready/Quantized-GBDT/xgboost/src/cli_main.cc:235: boosting round 106, 46.1345 sec elapsed
[08:22:27] [106]
[08:22:27] INFO: /home/shiyu/NeurIPS-2022-camera-ready/Quantized-GBDT/xgboost/src/cli_main.cc:235: boosting round 107, 46.5457 sec elapsed
[08:22:27] [107]
[08:22:27] INFO: /home/shiyu/NeurIPS-2022-camera-ready/Quantized-GBDT/xgboost/src/cli_main.cc:235: boosting round 108, 46.9882 sec elapsed
[08:22:27] [108]
[08:22:27] INFO: /home/shiyu/NeurIPS-2022-camera-ready/Quantized-GBDT/xgboost/src/cli_main.cc:235: boosting round 109, 47.2727 sec elapsed
[08:22:28] [109]
[08:22:28] INFO: /home/shiyu/NeurIPS-2022-camera-ready/Quantized-GBDT/xgboost/src/cli_main.cc:235: boosting round 110, 47.6518 sec elapsed
[08:22:28] [110]
[08:22:28] INFO: /home/shiyu/NeurIPS-2022-camera-ready/Quantized-GBDT/xgboost/src/cli_main.cc:235: boosting round 111, 47.9441 sec elapsed
[08:22:28] [111]
[08:22:28] INFO: /home/shiyu/NeurIPS-2022-camera-ready/Quantized-GBDT/xgboost/src/cli_main.cc:235: boosting round 112, 48.3352 sec elapsed
[08:22:29] [112]
[08:22:29] INFO: /home/shiyu/NeurIPS-2022-camera-ready/Quantized-GBDT/xgboost/src/cli_main.cc:235: boosting round 113, 48.651 sec elapsed
[08:22:29] [113]
[08:22:29] INFO: /home/shiyu/NeurIPS-2022-camera-ready/Quantized-GBDT/xgboost/src/cli_main.cc:235: boosting round 114, 48.9902 sec elapsed
[08:22:29] [114]
[08:22:29] INFO: /home/shiyu/NeurIPS-2022-camera-ready/Quantized-GBDT/xgboost/src/cli_main.cc:235: boosting round 115, 49.318 sec elapsed
[08:22:30] [115]
[08:22:30] INFO: /home/shiyu/NeurIPS-2022-camera-ready/Quantized-GBDT/xgboost/src/cli_main.cc:235: boosting round 116, 49.7042 sec elapsed
[08:22:30] [116]
[08:22:30] INFO: /home/shiyu/NeurIPS-2022-camera-ready/Quantized-GBDT/xgboost/src/cli_main.cc:235: boosting round 117, 50.0862 sec elapsed
[08:22:31] [117]
[08:22:31] INFO: /home/shiyu/NeurIPS-2022-camera-ready/Quantized-GBDT/xgboost/src/cli_main.cc:235: boosting round 118, 50.5441 sec elapsed
[08:22:31] [118]
[08:22:31] INFO: /home/shiyu/NeurIPS-2022-camera-ready/Quantized-GBDT/xgboost/src/cli_main.cc:235: boosting round 119, 50.9056 sec elapsed
[08:22:31] [119]
[08:22:31] INFO: /home/shiyu/NeurIPS-2022-camera-ready/Quantized-GBDT/xgboost/src/cli_main.cc:235: boosting round 120, 51.3055 sec elapsed
[08:22:32] [120]
[08:22:32] INFO: /home/shiyu/NeurIPS-2022-camera-ready/Quantized-GBDT/xgboost/src/cli_main.cc:235: boosting round 121, 51.7184 sec elapsed
[08:22:32] [121]
[08:22:32] INFO: /home/shiyu/NeurIPS-2022-camera-ready/Quantized-GBDT/xgboost/src/cli_main.cc:235: boosting round 122, 52.1341 sec elapsed
[08:22:33] [122]
[08:22:33] INFO: /home/shiyu/NeurIPS-2022-camera-ready/Quantized-GBDT/xgboost/src/cli_main.cc:235: boosting round 123, 52.5826 sec elapsed
[08:22:33] [123]
[08:22:33] INFO: /home/shiyu/NeurIPS-2022-camera-ready/Quantized-GBDT/xgboost/src/cli_main.cc:235: boosting round 124, 52.8757 sec elapsed
[08:22:33] [124]
[08:22:33] INFO: /home/shiyu/NeurIPS-2022-camera-ready/Quantized-GBDT/xgboost/src/cli_main.cc:235: boosting round 125, 53.3113 sec elapsed
[08:22:34] [125]
[08:22:34] INFO: /home/shiyu/NeurIPS-2022-camera-ready/Quantized-GBDT/xgboost/src/cli_main.cc:235: boosting round 126, 53.7106 sec elapsed
[08:22:34] [126]
[08:22:34] INFO: /home/shiyu/NeurIPS-2022-camera-ready/Quantized-GBDT/xgboost/src/cli_main.cc:235: boosting round 127, 54.0716 sec elapsed
[08:22:34] [127]
[08:22:34] INFO: /home/shiyu/NeurIPS-2022-camera-ready/Quantized-GBDT/xgboost/src/cli_main.cc:235: boosting round 128, 54.363 sec elapsed
[08:22:35] [128]
[08:22:35] INFO: /home/shiyu/NeurIPS-2022-camera-ready/Quantized-GBDT/xgboost/src/cli_main.cc:235: boosting round 129, 54.7693 sec elapsed
[08:22:35] [129]
[08:22:35] INFO: /home/shiyu/NeurIPS-2022-camera-ready/Quantized-GBDT/xgboost/src/cli_main.cc:235: boosting round 130, 55.1649 sec elapsed
[08:22:36] [130]
[08:22:36] INFO: /home/shiyu/NeurIPS-2022-camera-ready/Quantized-GBDT/xgboost/src/cli_main.cc:235: boosting round 131, 55.5703 sec elapsed
[08:22:36] [131]
[08:22:36] INFO: /home/shiyu/NeurIPS-2022-camera-ready/Quantized-GBDT/xgboost/src/cli_main.cc:235: boosting round 132, 55.939 sec elapsed
[08:22:36] [132]
[08:22:36] INFO: /home/shiyu/NeurIPS-2022-camera-ready/Quantized-GBDT/xgboost/src/cli_main.cc:235: boosting round 133, 56.4093 sec elapsed
[08:22:37] [133]
[08:22:37] INFO: /home/shiyu/NeurIPS-2022-camera-ready/Quantized-GBDT/xgboost/src/cli_main.cc:235: boosting round 134, 56.7794 sec elapsed
[08:22:37] [134]
[08:22:37] INFO: /home/shiyu/NeurIPS-2022-camera-ready/Quantized-GBDT/xgboost/src/cli_main.cc:235: boosting round 135, 57.2145 sec elapsed
[08:22:38] [135]
[08:22:38] INFO: /home/shiyu/NeurIPS-2022-camera-ready/Quantized-GBDT/xgboost/src/cli_main.cc:235: boosting round 136, 57.6367 sec elapsed
[08:22:38] [136]
[08:22:38] INFO: /home/shiyu/NeurIPS-2022-camera-ready/Quantized-GBDT/xgboost/src/cli_main.cc:235: boosting round 137, 57.9591 sec elapsed
[08:22:38] [137]
[08:22:38] INFO: /home/shiyu/NeurIPS-2022-camera-ready/Quantized-GBDT/xgboost/src/cli_main.cc:235: boosting round 138, 58.2266 sec elapsed
[08:22:39] [138]
[08:22:39] INFO: /home/shiyu/NeurIPS-2022-camera-ready/Quantized-GBDT/xgboost/src/cli_main.cc:235: boosting round 139, 58.5719 sec elapsed
[08:22:39] [139]
[08:22:39] INFO: /home/shiyu/NeurIPS-2022-camera-ready/Quantized-GBDT/xgboost/src/cli_main.cc:235: boosting round 140, 58.8901 sec elapsed
[08:22:39] [140]
[08:22:39] INFO: /home/shiyu/NeurIPS-2022-camera-ready/Quantized-GBDT/xgboost/src/cli_main.cc:235: boosting round 141, 59.2918 sec elapsed
[08:22:40] [141]
[08:22:40] INFO: /home/shiyu/NeurIPS-2022-camera-ready/Quantized-GBDT/xgboost/src/cli_main.cc:235: boosting round 142, 59.6706 sec elapsed
[08:22:40] [142]
[08:22:40] INFO: /home/shiyu/NeurIPS-2022-camera-ready/Quantized-GBDT/xgboost/src/cli_main.cc:235: boosting round 143, 60.0025 sec elapsed
[08:22:40] [143]
[08:22:40] INFO: /home/shiyu/NeurIPS-2022-camera-ready/Quantized-GBDT/xgboost/src/cli_main.cc:235: boosting round 144, 60.3782 sec elapsed
[08:22:41] [144]
[08:22:41] INFO: /home/shiyu/NeurIPS-2022-camera-ready/Quantized-GBDT/xgboost/src/cli_main.cc:235: boosting round 145, 60.789 sec elapsed
[08:22:41] [145]
[08:22:41] INFO: /home/shiyu/NeurIPS-2022-camera-ready/Quantized-GBDT/xgboost/src/cli_main.cc:235: boosting round 146, 61.2141 sec elapsed
[08:22:42] [146]
[08:22:42] INFO: /home/shiyu/NeurIPS-2022-camera-ready/Quantized-GBDT/xgboost/src/cli_main.cc:235: boosting round 147, 61.6691 sec elapsed
[08:22:42] [147]
[08:22:42] INFO: /home/shiyu/NeurIPS-2022-camera-ready/Quantized-GBDT/xgboost/src/cli_main.cc:235: boosting round 148, 62.0737 sec elapsed
[08:22:42] [148]
[08:22:42] INFO: /home/shiyu/NeurIPS-2022-camera-ready/Quantized-GBDT/xgboost/src/cli_main.cc:235: boosting round 149, 62.5257 sec elapsed
[08:22:43] [149]
[08:22:43] INFO: /home/shiyu/NeurIPS-2022-camera-ready/Quantized-GBDT/xgboost/src/cli_main.cc:235: boosting round 150, 62.9198 sec elapsed
[08:22:43] [150]
[08:22:43] INFO: /home/shiyu/NeurIPS-2022-camera-ready/Quantized-GBDT/xgboost/src/cli_main.cc:235: boosting round 151, 63.2557 sec elapsed
[08:22:43] [151]
[08:22:43] INFO: /home/shiyu/NeurIPS-2022-camera-ready/Quantized-GBDT/xgboost/src/cli_main.cc:235: boosting round 152, 63.521 sec elapsed
[08:22:44] [152]
[08:22:44] INFO: /home/shiyu/NeurIPS-2022-camera-ready/Quantized-GBDT/xgboost/src/cli_main.cc:235: boosting round 153, 63.84 sec elapsed
[08:22:44] [153]
[08:22:44] INFO: /home/shiyu/NeurIPS-2022-camera-ready/Quantized-GBDT/xgboost/src/cli_main.cc:235: boosting round 154, 64.1293 sec elapsed
[08:22:45] [154]
[08:22:45] INFO: /home/shiyu/NeurIPS-2022-camera-ready/Quantized-GBDT/xgboost/src/cli_main.cc:235: boosting round 155, 64.5398 sec elapsed
[08:22:45] [155]
[08:22:45] INFO: /home/shiyu/NeurIPS-2022-camera-ready/Quantized-GBDT/xgboost/src/cli_main.cc:235: boosting round 156, 64.9547 sec elapsed
[08:22:45] [156]
[08:22:45] INFO: /home/shiyu/NeurIPS-2022-camera-ready/Quantized-GBDT/xgboost/src/cli_main.cc:235: boosting round 157, 65.3995 sec elapsed
[08:22:46] [157]
[08:22:46] INFO: /home/shiyu/NeurIPS-2022-camera-ready/Quantized-GBDT/xgboost/src/cli_main.cc:235: boosting round 158, 65.7284 sec elapsed
[08:22:46] [158]
[08:22:46] INFO: /home/shiyu/NeurIPS-2022-camera-ready/Quantized-GBDT/xgboost/src/cli_main.cc:235: boosting round 159, 65.9529 sec elapsed
[08:22:46] [159]
[08:22:46] INFO: /home/shiyu/NeurIPS-2022-camera-ready/Quantized-GBDT/xgboost/src/cli_main.cc:235: boosting round 160, 66.37 sec elapsed
[08:22:47] [160]
[08:22:47] INFO: /home/shiyu/NeurIPS-2022-camera-ready/Quantized-GBDT/xgboost/src/cli_main.cc:235: boosting round 161, 66.6958 sec elapsed
[08:22:47] [161]
[08:22:47] INFO: /home/shiyu/NeurIPS-2022-camera-ready/Quantized-GBDT/xgboost/src/cli_main.cc:235: boosting round 162, 66.9273 sec elapsed
[08:22:47] [162]
[08:22:47] INFO: /home/shiyu/NeurIPS-2022-camera-ready/Quantized-GBDT/xgboost/src/cli_main.cc:235: boosting round 163, 67.3238 sec elapsed
[08:22:48] [163]
[08:22:48] INFO: /home/shiyu/NeurIPS-2022-camera-ready/Quantized-GBDT/xgboost/src/cli_main.cc:235: boosting round 164, 67.6309 sec elapsed
[08:22:48] [164]
[08:22:48] INFO: /home/shiyu/NeurIPS-2022-camera-ready/Quantized-GBDT/xgboost/src/cli_main.cc:235: boosting round 165, 68.0647 sec elapsed
[08:22:48] [165]
[08:22:48] INFO: /home/shiyu/NeurIPS-2022-camera-ready/Quantized-GBDT/xgboost/src/cli_main.cc:235: boosting round 166, 68.3894 sec elapsed
[08:22:49] [166]
[08:22:49] INFO: /home/shiyu/NeurIPS-2022-camera-ready/Quantized-GBDT/xgboost/src/cli_main.cc:235: boosting round 167, 68.784 sec elapsed
[08:22:49] [167]
[08:22:49] INFO: /home/shiyu/NeurIPS-2022-camera-ready/Quantized-GBDT/xgboost/src/cli_main.cc:235: boosting round 168, 69.0803 sec elapsed
[08:22:49] [168]
[08:22:49] INFO: /home/shiyu/NeurIPS-2022-camera-ready/Quantized-GBDT/xgboost/src/cli_main.cc:235: boosting round 169, 69.3759 sec elapsed
[08:22:50] [169]
[08:22:50] INFO: /home/shiyu/NeurIPS-2022-camera-ready/Quantized-GBDT/xgboost/src/cli_main.cc:235: boosting round 170, 69.8369 sec elapsed
[08:22:50] [170]
[08:22:50] INFO: /home/shiyu/NeurIPS-2022-camera-ready/Quantized-GBDT/xgboost/src/cli_main.cc:235: boosting round 171, 70.2574 sec elapsed
[08:22:50] [171]
[08:22:50] INFO: /home/shiyu/NeurIPS-2022-camera-ready/Quantized-GBDT/xgboost/src/cli_main.cc:235: boosting round 172, 70.5215 sec elapsed
[08:22:51] [172]
[08:22:51] INFO: /home/shiyu/NeurIPS-2022-camera-ready/Quantized-GBDT/xgboost/src/cli_main.cc:235: boosting round 173, 70.8555 sec elapsed
[08:22:51] [173]
[08:22:51] INFO: /home/shiyu/NeurIPS-2022-camera-ready/Quantized-GBDT/xgboost/src/cli_main.cc:235: boosting round 174, 71.1701 sec elapsed
[08:22:52] [174]
[08:22:52] INFO: /home/shiyu/NeurIPS-2022-camera-ready/Quantized-GBDT/xgboost/src/cli_main.cc:235: boosting round 175, 71.5979 sec elapsed
[08:22:52] [175]
[08:22:52] INFO: /home/shiyu/NeurIPS-2022-camera-ready/Quantized-GBDT/xgboost/src/cli_main.cc:235: boosting round 176, 72.0162 sec elapsed
[08:22:52] [176]
[08:22:52] INFO: /home/shiyu/NeurIPS-2022-camera-ready/Quantized-GBDT/xgboost/src/cli_main.cc:235: boosting round 177, 72.3872 sec elapsed
[08:22:53] [177]
[08:22:53] INFO: /home/shiyu/NeurIPS-2022-camera-ready/Quantized-GBDT/xgboost/src/cli_main.cc:235: boosting round 178, 72.6844 sec elapsed
[08:22:53] [178]
[08:22:53] INFO: /home/shiyu/NeurIPS-2022-camera-ready/Quantized-GBDT/xgboost/src/cli_main.cc:235: boosting round 179, 72.918 sec elapsed
[08:22:53] [179]
[08:22:53] INFO: /home/shiyu/NeurIPS-2022-camera-ready/Quantized-GBDT/xgboost/src/cli_main.cc:235: boosting round 180, 73.2166 sec elapsed
[08:22:53] [180]
[08:22:53] INFO: /home/shiyu/NeurIPS-2022-camera-ready/Quantized-GBDT/xgboost/src/cli_main.cc:235: boosting round 181, 73.4495 sec elapsed
[08:22:54] [181]
[08:22:54] INFO: /home/shiyu/NeurIPS-2022-camera-ready/Quantized-GBDT/xgboost/src/cli_main.cc:235: boosting round 182, 73.7444 sec elapsed
[08:22:54] [182]
[08:22:54] INFO: /home/shiyu/NeurIPS-2022-camera-ready/Quantized-GBDT/xgboost/src/cli_main.cc:235: boosting round 183, 74.1645 sec elapsed
[08:22:55] [183]
[08:22:55] INFO: /home/shiyu/NeurIPS-2022-camera-ready/Quantized-GBDT/xgboost/src/cli_main.cc:235: boosting round 184, 74.5766 sec elapsed
[08:22:55] [184]
[08:22:55] INFO: /home/shiyu/NeurIPS-2022-camera-ready/Quantized-GBDT/xgboost/src/cli_main.cc:235: boosting round 185, 74.89 sec elapsed
[08:22:55] [185]
[08:22:55] INFO: /home/shiyu/NeurIPS-2022-camera-ready/Quantized-GBDT/xgboost/src/cli_main.cc:235: boosting round 186, 75.3334 sec elapsed
[08:22:56] [186]
[08:22:56] INFO: /home/shiyu/NeurIPS-2022-camera-ready/Quantized-GBDT/xgboost/src/cli_main.cc:235: boosting round 187, 75.7927 sec elapsed
[08:22:56] [187]
[08:22:56] INFO: /home/shiyu/NeurIPS-2022-camera-ready/Quantized-GBDT/xgboost/src/cli_main.cc:235: boosting round 188, 76.1554 sec elapsed
[08:22:56] [188]
[08:22:56] INFO: /home/shiyu/NeurIPS-2022-camera-ready/Quantized-GBDT/xgboost/src/cli_main.cc:235: boosting round 189, 76.3818 sec elapsed
[08:22:57] [189]
[08:22:57] INFO: /home/shiyu/NeurIPS-2022-camera-ready/Quantized-GBDT/xgboost/src/cli_main.cc:235: boosting round 190, 76.8177 sec elapsed
[08:22:57] [190]
[08:22:57] INFO: /home/shiyu/NeurIPS-2022-camera-ready/Quantized-GBDT/xgboost/src/cli_main.cc:235: boosting round 191, 77.1962 sec elapsed
[08:22:57] [191]
[08:22:57] INFO: /home/shiyu/NeurIPS-2022-camera-ready/Quantized-GBDT/xgboost/src/cli_main.cc:235: boosting round 192, 77.4926 sec elapsed
[08:22:58] [192]
[08:22:58] INFO: /home/shiyu/NeurIPS-2022-camera-ready/Quantized-GBDT/xgboost/src/cli_main.cc:235: boosting round 193, 77.8074 sec elapsed
[08:22:58] [193]
[08:22:58] INFO: /home/shiyu/NeurIPS-2022-camera-ready/Quantized-GBDT/xgboost/src/cli_main.cc:235: boosting round 194, 78.1516 sec elapsed
[08:22:58] [194]
[08:22:58] INFO: /home/shiyu/NeurIPS-2022-camera-ready/Quantized-GBDT/xgboost/src/cli_main.cc:235: boosting round 195, 78.3691 sec elapsed
[08:22:59] [195]
[08:22:59] INFO: /home/shiyu/NeurIPS-2022-camera-ready/Quantized-GBDT/xgboost/src/cli_main.cc:235: boosting round 196, 78.7998 sec elapsed
[08:22:59] [196]
[08:22:59] INFO: /home/shiyu/NeurIPS-2022-camera-ready/Quantized-GBDT/xgboost/src/cli_main.cc:235: boosting round 197, 79.1427 sec elapsed
[08:22:59] [197]
[08:22:59] INFO: /home/shiyu/NeurIPS-2022-camera-ready/Quantized-GBDT/xgboost/src/cli_main.cc:235: boosting round 198, 79.3759 sec elapsed
[08:23:00] [198]
[08:23:00] INFO: /home/shiyu/NeurIPS-2022-camera-ready/Quantized-GBDT/xgboost/src/cli_main.cc:235: boosting round 199, 79.6732 sec elapsed
[08:23:00] [199]
[08:23:00] INFO: /home/shiyu/NeurIPS-2022-camera-ready/Quantized-GBDT/xgboost/src/cli_main.cc:235: boosting round 200, 79.9523 sec elapsed
[08:23:00] [200]
[08:23:00] INFO: /home/shiyu/NeurIPS-2022-camera-ready/Quantized-GBDT/xgboost/src/cli_main.cc:235: boosting round 201, 80.3703 sec elapsed
[08:23:01] [201]
[08:23:01] INFO: /home/shiyu/NeurIPS-2022-camera-ready/Quantized-GBDT/xgboost/src/cli_main.cc:235: boosting round 202, 80.7207 sec elapsed
[08:23:01] [202]
[08:23:01] INFO: /home/shiyu/NeurIPS-2022-camera-ready/Quantized-GBDT/xgboost/src/cli_main.cc:235: boosting round 203, 81.1579 sec elapsed
[08:23:01] [203]
[08:23:01] INFO: /home/shiyu/NeurIPS-2022-camera-ready/Quantized-GBDT/xgboost/src/cli_main.cc:235: boosting round 204, 81.4859 sec elapsed
[08:23:02] [204]
[08:23:02] INFO: /home/shiyu/NeurIPS-2022-camera-ready/Quantized-GBDT/xgboost/src/cli_main.cc:235: boosting round 205, 81.8679 sec elapsed
[08:23:02] [205]
[08:23:02] INFO: /home/shiyu/NeurIPS-2022-camera-ready/Quantized-GBDT/xgboost/src/cli_main.cc:235: boosting round 206, 82.348 sec elapsed
[08:23:03] [206]
[08:23:03] INFO: /home/shiyu/NeurIPS-2022-camera-ready/Quantized-GBDT/xgboost/src/cli_main.cc:235: boosting round 207, 82.7168 sec elapsed
[08:23:03] [207]
[08:23:03] INFO: /home/shiyu/NeurIPS-2022-camera-ready/Quantized-GBDT/xgboost/src/cli_main.cc:235: boosting round 208, 83.1024 sec elapsed
[08:23:03] [208]
[08:23:03] INFO: /home/shiyu/NeurIPS-2022-camera-ready/Quantized-GBDT/xgboost/src/cli_main.cc:235: boosting round 209, 83.4993 sec elapsed
[08:23:04] [209]
[08:23:04] INFO: /home/shiyu/NeurIPS-2022-camera-ready/Quantized-GBDT/xgboost/src/cli_main.cc:235: boosting round 210, 83.8146 sec elapsed
[08:23:04] [210]
[08:23:04] INFO: /home/shiyu/NeurIPS-2022-camera-ready/Quantized-GBDT/xgboost/src/cli_main.cc:235: boosting round 211, 84.2659 sec elapsed
[08:23:05] [211]
[08:23:05] INFO: /home/shiyu/NeurIPS-2022-camera-ready/Quantized-GBDT/xgboost/src/cli_main.cc:235: boosting round 212, 84.6706 sec elapsed
[08:23:05] [212]
[08:23:05] INFO: /home/shiyu/NeurIPS-2022-camera-ready/Quantized-GBDT/xgboost/src/cli_main.cc:235: boosting round 213, 85.0433 sec elapsed
[08:23:05] [213]
[08:23:05] INFO: /home/shiyu/NeurIPS-2022-camera-ready/Quantized-GBDT/xgboost/src/cli_main.cc:235: boosting round 214, 85.4222 sec elapsed
[08:23:06] [214]
[08:23:06] INFO: /home/shiyu/NeurIPS-2022-camera-ready/Quantized-GBDT/xgboost/src/cli_main.cc:235: boosting round 215, 85.8033 sec elapsed
[08:23:06] [215]
[08:23:06] INFO: /home/shiyu/NeurIPS-2022-camera-ready/Quantized-GBDT/xgboost/src/cli_main.cc:235: boosting round 216, 86.0788 sec elapsed
[08:23:06] [216]
[08:23:06] INFO: /home/shiyu/NeurIPS-2022-camera-ready/Quantized-GBDT/xgboost/src/cli_main.cc:235: boosting round 217, 86.4589 sec elapsed
[08:23:07] [217]
[08:23:07] INFO: /home/shiyu/NeurIPS-2022-camera-ready/Quantized-GBDT/xgboost/src/cli_main.cc:235: boosting round 218, 86.8771 sec elapsed
[08:23:07] [218]
[08:23:07] INFO: /home/shiyu/NeurIPS-2022-camera-ready/Quantized-GBDT/xgboost/src/cli_main.cc:235: boosting round 219, 87.2448 sec elapsed
[08:23:08] [219]
[08:23:08] INFO: /home/shiyu/NeurIPS-2022-camera-ready/Quantized-GBDT/xgboost/src/cli_main.cc:235: boosting round 220, 87.5984 sec elapsed
[08:23:08] [220]
[08:23:08] INFO: /home/shiyu/NeurIPS-2022-camera-ready/Quantized-GBDT/xgboost/src/cli_main.cc:235: boosting round 221, 88.0602 sec elapsed
[08:23:08] [221]
[08:23:08] INFO: /home/shiyu/NeurIPS-2022-camera-ready/Quantized-GBDT/xgboost/src/cli_main.cc:235: boosting round 222, 88.4771 sec elapsed
[08:23:09] [222]
[08:23:09] INFO: /home/shiyu/NeurIPS-2022-camera-ready/Quantized-GBDT/xgboost/src/cli_main.cc:235: boosting round 223, 88.7647 sec elapsed
[08:23:09] [223]
[08:23:09] INFO: /home/shiyu/NeurIPS-2022-camera-ready/Quantized-GBDT/xgboost/src/cli_main.cc:235: boosting round 224, 89.0589 sec elapsed
[08:23:09] [224]
[08:23:09] INFO: /home/shiyu/NeurIPS-2022-camera-ready/Quantized-GBDT/xgboost/src/cli_main.cc:235: boosting round 225, 89.3968 sec elapsed
[08:23:10] [225]
[08:23:10] INFO: /home/shiyu/NeurIPS-2022-camera-ready/Quantized-GBDT/xgboost/src/cli_main.cc:235: boosting round 226, 89.683 sec elapsed
[08:23:10] [226]
[08:23:10] INFO: /home/shiyu/NeurIPS-2022-camera-ready/Quantized-GBDT/xgboost/src/cli_main.cc:235: boosting round 227, 89.9958 sec elapsed
[08:23:10] [227]
[08:23:10] INFO: /home/shiyu/NeurIPS-2022-camera-ready/Quantized-GBDT/xgboost/src/cli_main.cc:235: boosting round 228, 90.3664 sec elapsed
[08:23:11] [228]
[08:23:11] INFO: /home/shiyu/NeurIPS-2022-camera-ready/Quantized-GBDT/xgboost/src/cli_main.cc:235: boosting round 229, 90.7377 sec elapsed
[08:23:11] [229]
[08:23:11] INFO: /home/shiyu/NeurIPS-2022-camera-ready/Quantized-GBDT/xgboost/src/cli_main.cc:235: boosting round 230, 91.226 sec elapsed
[08:23:12] [230]
[08:23:12] INFO: /home/shiyu/NeurIPS-2022-camera-ready/Quantized-GBDT/xgboost/src/cli_main.cc:235: boosting round 231, 91.607 sec elapsed
[08:23:12] [231]
[08:23:12] INFO: /home/shiyu/NeurIPS-2022-camera-ready/Quantized-GBDT/xgboost/src/cli_main.cc:235: boosting round 232, 91.9939 sec elapsed
[08:23:12] [232]
[08:23:12] INFO: /home/shiyu/NeurIPS-2022-camera-ready/Quantized-GBDT/xgboost/src/cli_main.cc:235: boosting round 233, 92.3281 sec elapsed
[08:23:13] [233]
[08:23:13] INFO: /home/shiyu/NeurIPS-2022-camera-ready/Quantized-GBDT/xgboost/src/cli_main.cc:235: boosting round 234, 92.7805 sec elapsed
[08:23:13] [234]
[08:23:13] INFO: /home/shiyu/NeurIPS-2022-camera-ready/Quantized-GBDT/xgboost/src/cli_main.cc:235: boosting round 235, 93.1084 sec elapsed
[08:23:13] [235]
[08:23:13] INFO: /home/shiyu/NeurIPS-2022-camera-ready/Quantized-GBDT/xgboost/src/cli_main.cc:235: boosting round 236, 93.4582 sec elapsed
[08:23:14] [236]
[08:23:14] INFO: /home/shiyu/NeurIPS-2022-camera-ready/Quantized-GBDT/xgboost/src/cli_main.cc:235: boosting round 237, 93.9036 sec elapsed
[08:23:14] [237]
[08:23:14] INFO: /home/shiyu/NeurIPS-2022-camera-ready/Quantized-GBDT/xgboost/src/cli_main.cc:235: boosting round 238, 94.2364 sec elapsed
[08:23:15] [238]
[08:23:15] INFO: /home/shiyu/NeurIPS-2022-camera-ready/Quantized-GBDT/xgboost/src/cli_main.cc:235: boosting round 239, 94.6996 sec elapsed
[08:23:15] [239]
[08:23:15] INFO: /home/shiyu/NeurIPS-2022-camera-ready/Quantized-GBDT/xgboost/src/cli_main.cc:235: boosting round 240, 95.0462 sec elapsed
[08:23:15] [240]
[08:23:15] INFO: /home/shiyu/NeurIPS-2022-camera-ready/Quantized-GBDT/xgboost/src/cli_main.cc:235: boosting round 241, 95.3706 sec elapsed
[08:23:16] [241]
[08:23:16] INFO: /home/shiyu/NeurIPS-2022-camera-ready/Quantized-GBDT/xgboost/src/cli_main.cc:235: boosting round 242, 95.638 sec elapsed
[08:23:16] [242]
[08:23:16] INFO: /home/shiyu/NeurIPS-2022-camera-ready/Quantized-GBDT/xgboost/src/cli_main.cc:235: boosting round 243, 96.1202 sec elapsed
[08:23:16] [243]
[08:23:16] INFO: /home/shiyu/NeurIPS-2022-camera-ready/Quantized-GBDT/xgboost/src/cli_main.cc:235: boosting round 244, 96.4564 sec elapsed
[08:23:17] [244]
[08:23:17] INFO: /home/shiyu/NeurIPS-2022-camera-ready/Quantized-GBDT/xgboost/src/cli_main.cc:235: boosting round 245, 96.7756 sec elapsed
[08:23:17] [245]
[08:23:17] INFO: /home/shiyu/NeurIPS-2022-camera-ready/Quantized-GBDT/xgboost/src/cli_main.cc:235: boosting round 246, 97.1516 sec elapsed
[08:23:18] [246]
[08:23:18] INFO: /home/shiyu/NeurIPS-2022-camera-ready/Quantized-GBDT/xgboost/src/cli_main.cc:235: boosting round 247, 97.5337 sec elapsed
[08:23:18] [247]
[08:23:18] INFO: /home/shiyu/NeurIPS-2022-camera-ready/Quantized-GBDT/xgboost/src/cli_main.cc:235: boosting round 248, 97.8717 sec elapsed
[08:23:18] [248]
[08:23:18] INFO: /home/shiyu/NeurIPS-2022-camera-ready/Quantized-GBDT/xgboost/src/cli_main.cc:235: boosting round 249, 98.2124 sec elapsed
[08:23:19] [249]
[08:23:19] INFO: /home/shiyu/NeurIPS-2022-camera-ready/Quantized-GBDT/xgboost/src/cli_main.cc:235: boosting round 250, 98.5472 sec elapsed
[08:23:19] [250]
[08:23:19] INFO: /home/shiyu/NeurIPS-2022-camera-ready/Quantized-GBDT/xgboost/src/cli_main.cc:235: boosting round 251, 99.0232 sec elapsed
[08:23:19] [251]
[08:23:19] INFO: /home/shiyu/NeurIPS-2022-camera-ready/Quantized-GBDT/xgboost/src/cli_main.cc:235: boosting round 252, 99.4206 sec elapsed
[08:23:20] [252]
[08:23:20] INFO: /home/shiyu/NeurIPS-2022-camera-ready/Quantized-GBDT/xgboost/src/cli_main.cc:235: boosting round 253, 99.9118 sec elapsed
[08:23:20] [253]
[08:23:20] INFO: /home/shiyu/NeurIPS-2022-camera-ready/Quantized-GBDT/xgboost/src/cli_main.cc:235: boosting round 254, 100.385 sec elapsed
[08:23:21] [254]
[08:23:21] INFO: /home/shiyu/NeurIPS-2022-camera-ready/Quantized-GBDT/xgboost/src/cli_main.cc:235: boosting round 255, 100.743 sec elapsed
[08:23:21] [255]
[08:23:21] INFO: /home/shiyu/NeurIPS-2022-camera-ready/Quantized-GBDT/xgboost/src/cli_main.cc:235: boosting round 256, 101.07 sec elapsed
[08:23:21] [256]
[08:23:21] INFO: /home/shiyu/NeurIPS-2022-camera-ready/Quantized-GBDT/xgboost/src/cli_main.cc:235: boosting round 257, 101.492 sec elapsed
[08:23:22] [257]
[08:23:22] INFO: /home/shiyu/NeurIPS-2022-camera-ready/Quantized-GBDT/xgboost/src/cli_main.cc:235: boosting round 258, 102.015 sec elapsed
[08:23:22] [258]
[08:23:22] INFO: /home/shiyu/NeurIPS-2022-camera-ready/Quantized-GBDT/xgboost/src/cli_main.cc:235: boosting round 259, 102.377 sec elapsed
[08:23:23] [259]
[08:23:23] INFO: /home/shiyu/NeurIPS-2022-camera-ready/Quantized-GBDT/xgboost/src/cli_main.cc:235: boosting round 260, 102.736 sec elapsed
[08:23:23] [260]
[08:23:23] INFO: /home/shiyu/NeurIPS-2022-camera-ready/Quantized-GBDT/xgboost/src/cli_main.cc:235: boosting round 261, 102.972 sec elapsed
[08:23:23] [261]
[08:23:23] INFO: /home/shiyu/NeurIPS-2022-camera-ready/Quantized-GBDT/xgboost/src/cli_main.cc:235: boosting round 262, 103.242 sec elapsed
[08:23:24] [262]
[08:23:24] INFO: /home/shiyu/NeurIPS-2022-camera-ready/Quantized-GBDT/xgboost/src/cli_main.cc:235: boosting round 263, 103.621 sec elapsed
[08:23:24] [263]
[08:23:24] INFO: /home/shiyu/NeurIPS-2022-camera-ready/Quantized-GBDT/xgboost/src/cli_main.cc:235: boosting round 264, 104.066 sec elapsed
[08:23:24] [264]
[08:23:24] INFO: /home/shiyu/NeurIPS-2022-camera-ready/Quantized-GBDT/xgboost/src/cli_main.cc:235: boosting round 265, 104.425 sec elapsed
[08:23:25] [265]
[08:23:25] INFO: /home/shiyu/NeurIPS-2022-camera-ready/Quantized-GBDT/xgboost/src/cli_main.cc:235: boosting round 266, 104.791 sec elapsed
[08:23:25] [266]
[08:23:25] INFO: /home/shiyu/NeurIPS-2022-camera-ready/Quantized-GBDT/xgboost/src/cli_main.cc:235: boosting round 267, 105.219 sec elapsed
[08:23:26] [267]
[08:23:26] INFO: /home/shiyu/NeurIPS-2022-camera-ready/Quantized-GBDT/xgboost/src/cli_main.cc:235: boosting round 268, 105.702 sec elapsed
[08:23:26] [268]
[08:23:26] INFO: /home/shiyu/NeurIPS-2022-camera-ready/Quantized-GBDT/xgboost/src/cli_main.cc:235: boosting round 269, 105.996 sec elapsed
[08:23:26] [269]
[08:23:26] INFO: /home/shiyu/NeurIPS-2022-camera-ready/Quantized-GBDT/xgboost/src/cli_main.cc:235: boosting round 270, 106.249 sec elapsed
[08:23:27] [270]
[08:23:27] INFO: /home/shiyu/NeurIPS-2022-camera-ready/Quantized-GBDT/xgboost/src/cli_main.cc:235: boosting round 271, 106.632 sec elapsed
[08:23:27] [271]
[08:23:27] INFO: /home/shiyu/NeurIPS-2022-camera-ready/Quantized-GBDT/xgboost/src/cli_main.cc:235: boosting round 272, 107.03 sec elapsed
[08:23:27] [272]
[08:23:27] INFO: /home/shiyu/NeurIPS-2022-camera-ready/Quantized-GBDT/xgboost/src/cli_main.cc:235: boosting round 273, 107.374 sec elapsed
[08:23:28] [273]
[08:23:28] INFO: /home/shiyu/NeurIPS-2022-camera-ready/Quantized-GBDT/xgboost/src/cli_main.cc:235: boosting round 274, 107.603 sec elapsed
[08:23:28] [274]
[08:23:28] INFO: /home/shiyu/NeurIPS-2022-camera-ready/Quantized-GBDT/xgboost/src/cli_main.cc:235: boosting round 275, 107.901 sec elapsed
[08:23:28] [275]
[08:23:28] INFO: /home/shiyu/NeurIPS-2022-camera-ready/Quantized-GBDT/xgboost/src/cli_main.cc:235: boosting round 276, 108.289 sec elapsed
[08:23:29] [276]
[08:23:29] INFO: /home/shiyu/NeurIPS-2022-camera-ready/Quantized-GBDT/xgboost/src/cli_main.cc:235: boosting round 277, 108.655 sec elapsed
[08:23:29] [277]
[08:23:29] INFO: /home/shiyu/NeurIPS-2022-camera-ready/Quantized-GBDT/xgboost/src/cli_main.cc:235: boosting round 278, 109.004 sec elapsed
[08:23:29] [278]
[08:23:29] INFO: /home/shiyu/NeurIPS-2022-camera-ready/Quantized-GBDT/xgboost/src/cli_main.cc:235: boosting round 279, 109.283 sec elapsed
[08:23:30] [279]
[08:23:30] INFO: /home/shiyu/NeurIPS-2022-camera-ready/Quantized-GBDT/xgboost/src/cli_main.cc:235: boosting round 280, 109.578 sec elapsed
[08:23:30] [280]
[08:23:30] INFO: /home/shiyu/NeurIPS-2022-camera-ready/Quantized-GBDT/xgboost/src/cli_main.cc:235: boosting round 281, 109.885 sec elapsed
[08:23:30] [281]
[08:23:30] INFO: /home/shiyu/NeurIPS-2022-camera-ready/Quantized-GBDT/xgboost/src/cli_main.cc:235: boosting round 282, 110.242 sec elapsed
[08:23:31] [282]
[08:23:31] INFO: /home/shiyu/NeurIPS-2022-camera-ready/Quantized-GBDT/xgboost/src/cli_main.cc:235: boosting round 283, 110.591 sec elapsed
[08:23:31] [283]
[08:23:31] INFO: /home/shiyu/NeurIPS-2022-camera-ready/Quantized-GBDT/xgboost/src/cli_main.cc:235: boosting round 284, 111.091 sec elapsed
[08:23:31] [284]
[08:23:31] INFO: /home/shiyu/NeurIPS-2022-camera-ready/Quantized-GBDT/xgboost/src/cli_main.cc:235: boosting round 285, 111.509 sec elapsed
[08:23:32] [285]
[08:23:32] INFO: /home/shiyu/NeurIPS-2022-camera-ready/Quantized-GBDT/xgboost/src/cli_main.cc:235: boosting round 286, 111.803 sec elapsed
[08:23:32] [286]
[08:23:32] INFO: /home/shiyu/NeurIPS-2022-camera-ready/Quantized-GBDT/xgboost/src/cli_main.cc:235: boosting round 287, 112.039 sec elapsed
[08:23:32] [287]
[08:23:32] INFO: /home/shiyu/NeurIPS-2022-camera-ready/Quantized-GBDT/xgboost/src/cli_main.cc:235: boosting round 288, 112.288 sec elapsed
[08:23:33] [288]
[08:23:33] INFO: /home/shiyu/NeurIPS-2022-camera-ready/Quantized-GBDT/xgboost/src/cli_main.cc:235: boosting round 289, 112.606 sec elapsed
[08:23:33] [289]
[08:23:33] INFO: /home/shiyu/NeurIPS-2022-camera-ready/Quantized-GBDT/xgboost/src/cli_main.cc:235: boosting round 290, 112.901 sec elapsed
[08:23:33] [290]
[08:23:33] INFO: /home/shiyu/NeurIPS-2022-camera-ready/Quantized-GBDT/xgboost/src/cli_main.cc:235: boosting round 291, 113.277 sec elapsed
[08:23:34] [291]
[08:23:34] INFO: /home/shiyu/NeurIPS-2022-camera-ready/Quantized-GBDT/xgboost/src/cli_main.cc:235: boosting round 292, 113.733 sec elapsed
[08:23:34] [292]
[08:23:34] INFO: /home/shiyu/NeurIPS-2022-camera-ready/Quantized-GBDT/xgboost/src/cli_main.cc:235: boosting round 293, 114.027 sec elapsed
[08:23:34] [293]
[08:23:34] INFO: /home/shiyu/NeurIPS-2022-camera-ready/Quantized-GBDT/xgboost/src/cli_main.cc:235: boosting round 294, 114.381 sec elapsed
[08:23:35] [294]
[08:23:35] INFO: /home/shiyu/NeurIPS-2022-camera-ready/Quantized-GBDT/xgboost/src/cli_main.cc:235: boosting round 295, 114.687 sec elapsed
[08:23:35] [295]
[08:23:35] INFO: /home/shiyu/NeurIPS-2022-camera-ready/Quantized-GBDT/xgboost/src/cli_main.cc:235: boosting round 296, 114.986 sec elapsed
[08:23:35] [296]
[08:23:35] INFO: /home/shiyu/NeurIPS-2022-camera-ready/Quantized-GBDT/xgboost/src/cli_main.cc:235: boosting round 297, 115.286 sec elapsed
[08:23:36] [297]
[08:23:36] INFO: /home/shiyu/NeurIPS-2022-camera-ready/Quantized-GBDT/xgboost/src/cli_main.cc:235: boosting round 298, 115.695 sec elapsed
[08:23:36] [298]
[08:23:36] INFO: /home/shiyu/NeurIPS-2022-camera-ready/Quantized-GBDT/xgboost/src/cli_main.cc:235: boosting round 299, 116.097 sec elapsed
[08:23:36] [299]
[08:23:36] INFO: /home/shiyu/NeurIPS-2022-camera-ready/Quantized-GBDT/xgboost/src/cli_main.cc:235: boosting round 300, 116.43 sec elapsed
[08:23:37] [300]
[08:23:37] INFO: /home/shiyu/NeurIPS-2022-camera-ready/Quantized-GBDT/xgboost/src/cli_main.cc:235: boosting round 301, 116.729 sec elapsed
[08:23:37] [301]
[08:23:37] INFO: /home/shiyu/NeurIPS-2022-camera-ready/Quantized-GBDT/xgboost/src/cli_main.cc:235: boosting round 302, 116.993 sec elapsed
[08:23:37] [302]
[08:23:37] INFO: /home/shiyu/NeurIPS-2022-camera-ready/Quantized-GBDT/xgboost/src/cli_main.cc:235: boosting round 303, 117.275 sec elapsed
[08:23:38] [303]
[08:23:38] INFO: /home/shiyu/NeurIPS-2022-camera-ready/Quantized-GBDT/xgboost/src/cli_main.cc:235: boosting round 304, 117.573 sec elapsed
[08:23:38] [304]
[08:23:38] INFO: /home/shiyu/NeurIPS-2022-camera-ready/Quantized-GBDT/xgboost/src/cli_main.cc:235: boosting round 305, 117.989 sec elapsed
[08:23:38] [305]
[08:23:38] INFO: /home/shiyu/NeurIPS-2022-camera-ready/Quantized-GBDT/xgboost/src/cli_main.cc:235: boosting round 306, 118.312 sec elapsed
[08:23:39] [306]
[08:23:39] INFO: /home/shiyu/NeurIPS-2022-camera-ready/Quantized-GBDT/xgboost/src/cli_main.cc:235: boosting round 307, 118.541 sec elapsed
[08:23:39] [307]
[08:23:39] INFO: /home/shiyu/NeurIPS-2022-camera-ready/Quantized-GBDT/xgboost/src/cli_main.cc:235: boosting round 308, 118.866 sec elapsed
[08:23:39] [308]
[08:23:39] INFO: /home/shiyu/NeurIPS-2022-camera-ready/Quantized-GBDT/xgboost/src/cli_main.cc:235: boosting round 309, 119.323 sec elapsed
[08:23:40] [309]
[08:23:40] INFO: /home/shiyu/NeurIPS-2022-camera-ready/Quantized-GBDT/xgboost/src/cli_main.cc:235: boosting round 310, 119.628 sec elapsed
[08:23:40] [310]
[08:23:40] INFO: /home/shiyu/NeurIPS-2022-camera-ready/Quantized-GBDT/xgboost/src/cli_main.cc:235: boosting round 311, 119.943 sec elapsed
[08:23:40] [311]
[08:23:40] INFO: /home/shiyu/NeurIPS-2022-camera-ready/Quantized-GBDT/xgboost/src/cli_main.cc:235: boosting round 312, 120.296 sec elapsed
[08:23:41] [312]
[08:23:41] INFO: /home/shiyu/NeurIPS-2022-camera-ready/Quantized-GBDT/xgboost/src/cli_main.cc:235: boosting round 313, 120.596 sec elapsed
[08:23:41] [313]
[08:23:41] INFO: /home/shiyu/NeurIPS-2022-camera-ready/Quantized-GBDT/xgboost/src/cli_main.cc:235: boosting round 314, 120.95 sec elapsed
[08:23:41] [314]
[08:23:41] INFO: /home/shiyu/NeurIPS-2022-camera-ready/Quantized-GBDT/xgboost/src/cli_main.cc:235: boosting round 315, 121.29 sec elapsed
[08:23:42] [315]
[08:23:42] INFO: /home/shiyu/NeurIPS-2022-camera-ready/Quantized-GBDT/xgboost/src/cli_main.cc:235: boosting round 316, 121.614 sec elapsed
[08:23:42] [316]
[08:23:42] INFO: /home/shiyu/NeurIPS-2022-camera-ready/Quantized-GBDT/xgboost/src/cli_main.cc:235: boosting round 317, 121.931 sec elapsed
[08:23:42] [317]
[08:23:42] INFO: /home/shiyu/NeurIPS-2022-camera-ready/Quantized-GBDT/xgboost/src/cli_main.cc:235: boosting round 318, 122.361 sec elapsed
[08:23:43] [318]
[08:23:43] INFO: /home/shiyu/NeurIPS-2022-camera-ready/Quantized-GBDT/xgboost/src/cli_main.cc:235: boosting round 319, 122.626 sec elapsed
[08:23:43] [319]
[08:23:43] INFO: /home/shiyu/NeurIPS-2022-camera-ready/Quantized-GBDT/xgboost/src/cli_main.cc:235: boosting round 320, 123.056 sec elapsed
[08:23:43] [320]
[08:23:43] INFO: /home/shiyu/NeurIPS-2022-camera-ready/Quantized-GBDT/xgboost/src/cli_main.cc:235: boosting round 321, 123.505 sec elapsed
[08:23:44] [321]
[08:23:44] INFO: /home/shiyu/NeurIPS-2022-camera-ready/Quantized-GBDT/xgboost/src/cli_main.cc:235: boosting round 322, 123.941 sec elapsed
[08:23:44] [322]
[08:23:44] INFO: /home/shiyu/NeurIPS-2022-camera-ready/Quantized-GBDT/xgboost/src/cli_main.cc:235: boosting round 323, 124.465 sec elapsed
[08:23:45] [323]
[08:23:45] INFO: /home/shiyu/NeurIPS-2022-camera-ready/Quantized-GBDT/xgboost/src/cli_main.cc:235: boosting round 324, 124.764 sec elapsed
[08:23:45] [324]
[08:23:45] INFO: /home/shiyu/NeurIPS-2022-camera-ready/Quantized-GBDT/xgboost/src/cli_main.cc:235: boosting round 325, 125.151 sec elapsed
[08:23:46] [325]
[08:23:46] INFO: /home/shiyu/NeurIPS-2022-camera-ready/Quantized-GBDT/xgboost/src/cli_main.cc:235: boosting round 326, 125.53 sec elapsed
[08:23:46] [326]
[08:23:46] INFO: /home/shiyu/NeurIPS-2022-camera-ready/Quantized-GBDT/xgboost/src/cli_main.cc:235: boosting round 327, 126.045 sec elapsed
[08:23:46] [327]
[08:23:46] INFO: /home/shiyu/NeurIPS-2022-camera-ready/Quantized-GBDT/xgboost/src/cli_main.cc:235: boosting round 328, 126.487 sec elapsed
[08:23:47] [328]
[08:23:47] INFO: /home/shiyu/NeurIPS-2022-camera-ready/Quantized-GBDT/xgboost/src/cli_main.cc:235: boosting round 329, 126.795 sec elapsed
[08:23:47] [329]
[08:23:47] INFO: /home/shiyu/NeurIPS-2022-camera-ready/Quantized-GBDT/xgboost/src/cli_main.cc:235: boosting round 330, 127.163 sec elapsed
[08:23:48] [330]
[08:23:48] INFO: /home/shiyu/NeurIPS-2022-camera-ready/Quantized-GBDT/xgboost/src/cli_main.cc:235: boosting round 331, 127.68 sec elapsed
[08:23:48] [331]
[08:23:48] INFO: /home/shiyu/NeurIPS-2022-camera-ready/Quantized-GBDT/xgboost/src/cli_main.cc:235: boosting round 332, 127.963 sec elapsed
[08:23:48] [332]
[08:23:48] INFO: /home/shiyu/NeurIPS-2022-camera-ready/Quantized-GBDT/xgboost/src/cli_main.cc:235: boosting round 333, 128.265 sec elapsed
[08:23:49] [333]
[08:23:49] INFO: /home/shiyu/NeurIPS-2022-camera-ready/Quantized-GBDT/xgboost/src/cli_main.cc:235: boosting round 334, 128.71 sec elapsed
[08:23:49] [334]
[08:23:49] INFO: /home/shiyu/NeurIPS-2022-camera-ready/Quantized-GBDT/xgboost/src/cli_main.cc:235: boosting round 335, 129.043 sec elapsed
[08:23:49] [335]
[08:23:49] INFO: /home/shiyu/NeurIPS-2022-camera-ready/Quantized-GBDT/xgboost/src/cli_main.cc:235: boosting round 336, 129.382 sec elapsed
[08:23:50] [336]
[08:23:50] INFO: /home/shiyu/NeurIPS-2022-camera-ready/Quantized-GBDT/xgboost/src/cli_main.cc:235: boosting round 337, 129.923 sec elapsed
[08:23:50] [337]
[08:23:50] INFO: /home/shiyu/NeurIPS-2022-camera-ready/Quantized-GBDT/xgboost/src/cli_main.cc:235: boosting round 338, 130.223 sec elapsed
[08:23:51] [338]
[08:23:51] INFO: /home/shiyu/NeurIPS-2022-camera-ready/Quantized-GBDT/xgboost/src/cli_main.cc:235: boosting round 339, 130.577 sec elapsed
[08:23:51] [339]
[08:23:51] INFO: /home/shiyu/NeurIPS-2022-camera-ready/Quantized-GBDT/xgboost/src/cli_main.cc:235: boosting round 340, 130.828 sec elapsed
[08:23:51] [340]
[08:23:51] INFO: /home/shiyu/NeurIPS-2022-camera-ready/Quantized-GBDT/xgboost/src/cli_main.cc:235: boosting round 341, 131.159 sec elapsed
[08:23:51] [341]
[08:23:51] INFO: /home/shiyu/NeurIPS-2022-camera-ready/Quantized-GBDT/xgboost/src/cli_main.cc:235: boosting round 342, 131.464 sec elapsed
[08:23:52] [342]
[08:23:52] INFO: /home/shiyu/NeurIPS-2022-camera-ready/Quantized-GBDT/xgboost/src/cli_main.cc:235: boosting round 343, 131.792 sec elapsed
[08:23:52] [343]
[08:23:52] INFO: /home/shiyu/NeurIPS-2022-camera-ready/Quantized-GBDT/xgboost/src/cli_main.cc:235: boosting round 344, 132.11 sec elapsed
[08:23:52] [344]
[08:23:52] INFO: /home/shiyu/NeurIPS-2022-camera-ready/Quantized-GBDT/xgboost/src/cli_main.cc:235: boosting round 345, 132.418 sec elapsed
[08:23:53] [345]
[08:23:53] INFO: /home/shiyu/NeurIPS-2022-camera-ready/Quantized-GBDT/xgboost/src/cli_main.cc:235: boosting round 346, 132.672 sec elapsed
[08:23:53] [346]
[08:23:53] INFO: /home/shiyu/NeurIPS-2022-camera-ready/Quantized-GBDT/xgboost/src/cli_main.cc:235: boosting round 347, 133.101 sec elapsed
[08:23:54] [347]
[08:23:54] INFO: /home/shiyu/NeurIPS-2022-camera-ready/Quantized-GBDT/xgboost/src/cli_main.cc:235: boosting round 348, 133.546 sec elapsed
[08:23:54] [348]
[08:23:54] INFO: /home/shiyu/NeurIPS-2022-camera-ready/Quantized-GBDT/xgboost/src/cli_main.cc:235: boosting round 349, 134.077 sec elapsed
[08:23:54] [349]
[08:23:54] INFO: /home/shiyu/NeurIPS-2022-camera-ready/Quantized-GBDT/xgboost/src/cli_main.cc:235: boosting round 350, 134.381 sec elapsed
[08:23:55] [350]
[08:23:55] INFO: /home/shiyu/NeurIPS-2022-camera-ready/Quantized-GBDT/xgboost/src/cli_main.cc:235: boosting round 351, 134.727 sec elapsed
[08:23:55] [351]
[08:23:55] INFO: /home/shiyu/NeurIPS-2022-camera-ready/Quantized-GBDT/xgboost/src/cli_main.cc:235: boosting round 352, 135.107 sec elapsed
[08:23:55] [352]
[08:23:55] INFO: /home/shiyu/NeurIPS-2022-camera-ready/Quantized-GBDT/xgboost/src/cli_main.cc:235: boosting round 353, 135.506 sec elapsed
[08:23:56] [353]
[08:23:56] INFO: /home/shiyu/NeurIPS-2022-camera-ready/Quantized-GBDT/xgboost/src/cli_main.cc:235: boosting round 354, 135.899 sec elapsed
[08:23:56] [354]
[08:23:56] INFO: /home/shiyu/NeurIPS-2022-camera-ready/Quantized-GBDT/xgboost/src/cli_main.cc:235: boosting round 355, 136.125 sec elapsed
[08:23:57] [355]
[08:23:57] INFO: /home/shiyu/NeurIPS-2022-camera-ready/Quantized-GBDT/xgboost/src/cli_main.cc:235: boosting round 356, 136.641 sec elapsed
[08:23:57] [356]
[08:23:57] INFO: /home/shiyu/NeurIPS-2022-camera-ready/Quantized-GBDT/xgboost/src/cli_main.cc:235: boosting round 357, 136.982 sec elapsed
[08:23:57] [357]
[08:23:57] INFO: /home/shiyu/NeurIPS-2022-camera-ready/Quantized-GBDT/xgboost/src/cli_main.cc:235: boosting round 358, 137.301 sec elapsed
[08:23:58] [358]
[08:23:58] INFO: /home/shiyu/NeurIPS-2022-camera-ready/Quantized-GBDT/xgboost/src/cli_main.cc:235: boosting round 359, 137.702 sec elapsed
[08:23:58] [359]
[08:23:58] INFO: /home/shiyu/NeurIPS-2022-camera-ready/Quantized-GBDT/xgboost/src/cli_main.cc:235: boosting round 360, 138.189 sec elapsed
[08:23:59] [360]
[08:23:59] INFO: /home/shiyu/NeurIPS-2022-camera-ready/Quantized-GBDT/xgboost/src/cli_main.cc:235: boosting round 361, 138.654 sec elapsed
[08:23:59] [361]
[08:23:59] INFO: /home/shiyu/NeurIPS-2022-camera-ready/Quantized-GBDT/xgboost/src/cli_main.cc:235: boosting round 362, 138.876 sec elapsed
[08:23:59] [362]
[08:23:59] INFO: /home/shiyu/NeurIPS-2022-camera-ready/Quantized-GBDT/xgboost/src/cli_main.cc:235: boosting round 363, 139.253 sec elapsed
[08:24:00] [363]
[08:24:00] INFO: /home/shiyu/NeurIPS-2022-camera-ready/Quantized-GBDT/xgboost/src/cli_main.cc:235: boosting round 364, 139.552 sec elapsed
[08:24:00] [364]
[08:24:00] INFO: /home/shiyu/NeurIPS-2022-camera-ready/Quantized-GBDT/xgboost/src/cli_main.cc:235: boosting round 365, 139.885 sec elapsed
[08:24:00] [365]
[08:24:00] INFO: /home/shiyu/NeurIPS-2022-camera-ready/Quantized-GBDT/xgboost/src/cli_main.cc:235: boosting round 366, 140.214 sec elapsed
[08:24:00] [366]
[08:24:00] INFO: /home/shiyu/NeurIPS-2022-camera-ready/Quantized-GBDT/xgboost/src/cli_main.cc:235: boosting round 367, 140.513 sec elapsed
[08:24:01] [367]
[08:24:01] INFO: /home/shiyu/NeurIPS-2022-camera-ready/Quantized-GBDT/xgboost/src/cli_main.cc:235: boosting round 368, 140.998 sec elapsed
[08:24:01] [368]
[08:24:01] INFO: /home/shiyu/NeurIPS-2022-camera-ready/Quantized-GBDT/xgboost/src/cli_main.cc:235: boosting round 369, 141.261 sec elapsed
[08:24:02] [369]
[08:24:02] INFO: /home/shiyu/NeurIPS-2022-camera-ready/Quantized-GBDT/xgboost/src/cli_main.cc:235: boosting round 370, 141.554 sec elapsed
[08:24:02] [370]
[08:24:02] INFO: /home/shiyu/NeurIPS-2022-camera-ready/Quantized-GBDT/xgboost/src/cli_main.cc:235: boosting round 371, 142.009 sec elapsed
[08:24:02] [371]
[08:24:02] INFO: /home/shiyu/NeurIPS-2022-camera-ready/Quantized-GBDT/xgboost/src/cli_main.cc:235: boosting round 372, 142.348 sec elapsed
[08:24:03] [372]
[08:24:03] INFO: /home/shiyu/NeurIPS-2022-camera-ready/Quantized-GBDT/xgboost/src/cli_main.cc:235: boosting round 373, 142.699 sec elapsed
[08:24:03] [373]
[08:24:03] INFO: /home/shiyu/NeurIPS-2022-camera-ready/Quantized-GBDT/xgboost/src/cli_main.cc:235: boosting round 374, 143.012 sec elapsed
[08:24:03] [374]
[08:24:03] INFO: /home/shiyu/NeurIPS-2022-camera-ready/Quantized-GBDT/xgboost/src/cli_main.cc:235: boosting round 375, 143.412 sec elapsed
[08:24:04] [375]
[08:24:04] INFO: /home/shiyu/NeurIPS-2022-camera-ready/Quantized-GBDT/xgboost/src/cli_main.cc:235: boosting round 376, 143.687 sec elapsed
[08:24:04] [376]
[08:24:04] INFO: /home/shiyu/NeurIPS-2022-camera-ready/Quantized-GBDT/xgboost/src/cli_main.cc:235: boosting round 377, 144.085 sec elapsed
[08:24:04] [377]
[08:24:04] INFO: /home/shiyu/NeurIPS-2022-camera-ready/Quantized-GBDT/xgboost/src/cli_main.cc:235: boosting round 378, 144.375 sec elapsed
[08:24:05] [378]
[08:24:05] INFO: /home/shiyu/NeurIPS-2022-camera-ready/Quantized-GBDT/xgboost/src/cli_main.cc:235: boosting round 379, 144.748 sec elapsed
[08:24:05] [379]
[08:24:05] INFO: /home/shiyu/NeurIPS-2022-camera-ready/Quantized-GBDT/xgboost/src/cli_main.cc:235: boosting round 380, 145.067 sec elapsed
[08:24:05] [380]
[08:24:05] INFO: /home/shiyu/NeurIPS-2022-camera-ready/Quantized-GBDT/xgboost/src/cli_main.cc:235: boosting round 381, 145.448 sec elapsed
[08:24:06] [381]
[08:24:06] INFO: /home/shiyu/NeurIPS-2022-camera-ready/Quantized-GBDT/xgboost/src/cli_main.cc:235: boosting round 382, 145.794 sec elapsed
[08:24:06] [382]
[08:24:06] INFO: /home/shiyu/NeurIPS-2022-camera-ready/Quantized-GBDT/xgboost/src/cli_main.cc:235: boosting round 383, 146.207 sec elapsed
[08:24:06] [383]
[08:24:06] INFO: /home/shiyu/NeurIPS-2022-camera-ready/Quantized-GBDT/xgboost/src/cli_main.cc:235: boosting round 384, 146.511 sec elapsed
[08:24:07] [384]
[08:24:07] INFO: /home/shiyu/NeurIPS-2022-camera-ready/Quantized-GBDT/xgboost/src/cli_main.cc:235: boosting round 385, 146.826 sec elapsed
[08:24:07] [385]
[08:24:07] INFO: /home/shiyu/NeurIPS-2022-camera-ready/Quantized-GBDT/xgboost/src/cli_main.cc:235: boosting round 386, 147.064 sec elapsed
[08:24:07] [386]
[08:24:07] INFO: /home/shiyu/NeurIPS-2022-camera-ready/Quantized-GBDT/xgboost/src/cli_main.cc:235: boosting round 387, 147.362 sec elapsed
[08:24:08] [387]
[08:24:08] INFO: /home/shiyu/NeurIPS-2022-camera-ready/Quantized-GBDT/xgboost/src/cli_main.cc:235: boosting round 388, 147.693 sec elapsed
[08:24:08] [388]
[08:24:08] INFO: /home/shiyu/NeurIPS-2022-camera-ready/Quantized-GBDT/xgboost/src/cli_main.cc:235: boosting round 389, 148.121 sec elapsed
[08:24:08] [389]
[08:24:08] INFO: /home/shiyu/NeurIPS-2022-camera-ready/Quantized-GBDT/xgboost/src/cli_main.cc:235: boosting round 390, 148.453 sec elapsed
[08:24:09] [390]
[08:24:09] INFO: /home/shiyu/NeurIPS-2022-camera-ready/Quantized-GBDT/xgboost/src/cli_main.cc:235: boosting round 391, 148.91 sec elapsed
[08:24:09] [391]
[08:24:09] INFO: /home/shiyu/NeurIPS-2022-camera-ready/Quantized-GBDT/xgboost/src/cli_main.cc:235: boosting round 392, 149.344 sec elapsed
[08:24:10] [392]
[08:24:10] INFO: /home/shiyu/NeurIPS-2022-camera-ready/Quantized-GBDT/xgboost/src/cli_main.cc:235: boosting round 393, 149.627 sec elapsed
[08:24:10] [393]
[08:24:10] INFO: /home/shiyu/NeurIPS-2022-camera-ready/Quantized-GBDT/xgboost/src/cli_main.cc:235: boosting round 394, 150.063 sec elapsed
[08:24:10] [394]
[08:24:10] INFO: /home/shiyu/NeurIPS-2022-camera-ready/Quantized-GBDT/xgboost/src/cli_main.cc:235: boosting round 395, 150.522 sec elapsed
[08:24:11] [395]
[08:24:11] INFO: /home/shiyu/NeurIPS-2022-camera-ready/Quantized-GBDT/xgboost/src/cli_main.cc:235: boosting round 396, 150.782 sec elapsed
[08:24:11] [396]
[08:24:11] INFO: /home/shiyu/NeurIPS-2022-camera-ready/Quantized-GBDT/xgboost/src/cli_main.cc:235: boosting round 397, 151.121 sec elapsed
[08:24:11] [397]
[08:24:11] INFO: /home/shiyu/NeurIPS-2022-camera-ready/Quantized-GBDT/xgboost/src/cli_main.cc:235: boosting round 398, 151.405 sec elapsed
[08:24:12] [398]
[08:24:12] INFO: /home/shiyu/NeurIPS-2022-camera-ready/Quantized-GBDT/xgboost/src/cli_main.cc:235: boosting round 399, 151.798 sec elapsed
[08:24:12] [399]
[08:24:12] INFO: /home/shiyu/NeurIPS-2022-camera-ready/Quantized-GBDT/xgboost/src/cli_main.cc:235: boosting round 400, 152.049 sec elapsed
[08:24:12] [400]
[08:24:12] INFO: /home/shiyu/NeurIPS-2022-camera-ready/Quantized-GBDT/xgboost/src/cli_main.cc:235: boosting round 401, 152.441 sec elapsed
[08:24:13] [401]
[08:24:13] INFO: /home/shiyu/NeurIPS-2022-camera-ready/Quantized-GBDT/xgboost/src/cli_main.cc:235: boosting round 402, 152.784 sec elapsed
[08:24:13] [402]
[08:24:13] INFO: /home/shiyu/NeurIPS-2022-camera-ready/Quantized-GBDT/xgboost/src/cli_main.cc:235: boosting round 403, 153.117 sec elapsed
[08:24:13] [403]
[08:24:13] INFO: /home/shiyu/NeurIPS-2022-camera-ready/Quantized-GBDT/xgboost/src/cli_main.cc:235: boosting round 404, 153.449 sec elapsed
[08:24:14] [404]
[08:24:14] INFO: /home/shiyu/NeurIPS-2022-camera-ready/Quantized-GBDT/xgboost/src/cli_main.cc:235: boosting round 405, 153.856 sec elapsed
[08:24:14] [405]
[08:24:14] INFO: /home/shiyu/NeurIPS-2022-camera-ready/Quantized-GBDT/xgboost/src/cli_main.cc:235: boosting round 406, 154.222 sec elapsed
[08:24:15] [406]
[08:24:15] INFO: /home/shiyu/NeurIPS-2022-camera-ready/Quantized-GBDT/xgboost/src/cli_main.cc:235: boosting round 407, 154.551 sec elapsed
[08:24:15] [407]
[08:24:15] INFO: /home/shiyu/NeurIPS-2022-camera-ready/Quantized-GBDT/xgboost/src/cli_main.cc:235: boosting round 408, 154.874 sec elapsed
[08:24:15] [408]
[08:24:15] INFO: /home/shiyu/NeurIPS-2022-camera-ready/Quantized-GBDT/xgboost/src/cli_main.cc:235: boosting round 409, 155.307 sec elapsed
[08:24:16] [409]
[08:24:16] INFO: /home/shiyu/NeurIPS-2022-camera-ready/Quantized-GBDT/xgboost/src/cli_main.cc:235: boosting round 410, 155.794 sec elapsed
[08:24:16] [410]
[08:24:16] INFO: /home/shiyu/NeurIPS-2022-camera-ready/Quantized-GBDT/xgboost/src/cli_main.cc:235: boosting round 411, 156.148 sec elapsed
[08:24:16] [411]
[08:24:16] INFO: /home/shiyu/NeurIPS-2022-camera-ready/Quantized-GBDT/xgboost/src/cli_main.cc:235: boosting round 412, 156.438 sec elapsed
[08:24:17] [412]
[08:24:17] INFO: /home/shiyu/NeurIPS-2022-camera-ready/Quantized-GBDT/xgboost/src/cli_main.cc:235: boosting round 413, 156.686 sec elapsed
[08:24:17] [413]
[08:24:17] INFO: /home/shiyu/NeurIPS-2022-camera-ready/Quantized-GBDT/xgboost/src/cli_main.cc:235: boosting round 414, 157.122 sec elapsed
[08:24:17] [414]
[08:24:17] INFO: /home/shiyu/NeurIPS-2022-camera-ready/Quantized-GBDT/xgboost/src/cli_main.cc:235: boosting round 415, 157.396 sec elapsed
[08:24:18] [415]
[08:24:18] INFO: /home/shiyu/NeurIPS-2022-camera-ready/Quantized-GBDT/xgboost/src/cli_main.cc:235: boosting round 416, 157.755 sec elapsed
[08:24:18] [416]
[08:24:18] INFO: /home/shiyu/NeurIPS-2022-camera-ready/Quantized-GBDT/xgboost/src/cli_main.cc:235: boosting round 417, 158.105 sec elapsed
[08:24:18] [417]
[08:24:18] INFO: /home/shiyu/NeurIPS-2022-camera-ready/Quantized-GBDT/xgboost/src/cli_main.cc:235: boosting round 418, 158.494 sec elapsed
[08:24:19] [418]
[08:24:19] INFO: /home/shiyu/NeurIPS-2022-camera-ready/Quantized-GBDT/xgboost/src/cli_main.cc:235: boosting round 419, 158.847 sec elapsed
[08:24:19] [419]
[08:24:19] INFO: /home/shiyu/NeurIPS-2022-camera-ready/Quantized-GBDT/xgboost/src/cli_main.cc:235: boosting round 420, 159.178 sec elapsed
[08:24:20] [420]
[08:24:20] INFO: /home/shiyu/NeurIPS-2022-camera-ready/Quantized-GBDT/xgboost/src/cli_main.cc:235: boosting round 421, 159.554 sec elapsed
[08:24:20] [421]
[08:24:20] INFO: /home/shiyu/NeurIPS-2022-camera-ready/Quantized-GBDT/xgboost/src/cli_main.cc:235: boosting round 422, 159.903 sec elapsed
[08:24:20] [422]
[08:24:20] INFO: /home/shiyu/NeurIPS-2022-camera-ready/Quantized-GBDT/xgboost/src/cli_main.cc:235: boosting round 423, 160.302 sec elapsed
[08:24:21] [423]
[08:24:21] INFO: /home/shiyu/NeurIPS-2022-camera-ready/Quantized-GBDT/xgboost/src/cli_main.cc:235: boosting round 424, 160.655 sec elapsed
[08:24:21] [424]
[08:24:21] INFO: /home/shiyu/NeurIPS-2022-camera-ready/Quantized-GBDT/xgboost/src/cli_main.cc:235: boosting round 425, 161.001 sec elapsed
[08:24:21] [425]
[08:24:21] INFO: /home/shiyu/NeurIPS-2022-camera-ready/Quantized-GBDT/xgboost/src/cli_main.cc:235: boosting round 426, 161.362 sec elapsed
[08:24:22] [426]
[08:24:22] INFO: /home/shiyu/NeurIPS-2022-camera-ready/Quantized-GBDT/xgboost/src/cli_main.cc:235: boosting round 427, 161.768 sec elapsed
[08:24:22] [427]
[08:24:22] INFO: /home/shiyu/NeurIPS-2022-camera-ready/Quantized-GBDT/xgboost/src/cli_main.cc:235: boosting round 428, 162.226 sec elapsed
[08:24:23] [428]
[08:24:23] INFO: /home/shiyu/NeurIPS-2022-camera-ready/Quantized-GBDT/xgboost/src/cli_main.cc:235: boosting round 429, 162.706 sec elapsed
[08:24:23] [429]
[08:24:23] INFO: /home/shiyu/NeurIPS-2022-camera-ready/Quantized-GBDT/xgboost/src/cli_main.cc:235: boosting round 430, 163.119 sec elapsed
[08:24:23] [430]
[08:24:23] INFO: /home/shiyu/NeurIPS-2022-camera-ready/Quantized-GBDT/xgboost/src/cli_main.cc:235: boosting round 431, 163.459 sec elapsed
[08:24:24] [431]
[08:24:24] INFO: /home/shiyu/NeurIPS-2022-camera-ready/Quantized-GBDT/xgboost/src/cli_main.cc:235: boosting round 432, 163.793 sec elapsed
[08:24:24] [432]
[08:24:24] INFO: /home/shiyu/NeurIPS-2022-camera-ready/Quantized-GBDT/xgboost/src/cli_main.cc:235: boosting round 433, 164.175 sec elapsed
[08:24:25] [433]
[08:24:25] INFO: /home/shiyu/NeurIPS-2022-camera-ready/Quantized-GBDT/xgboost/src/cli_main.cc:235: boosting round 434, 164.537 sec elapsed
[08:24:25] [434]
[08:24:25] INFO: /home/shiyu/NeurIPS-2022-camera-ready/Quantized-GBDT/xgboost/src/cli_main.cc:235: boosting round 435, 164.831 sec elapsed
[08:24:25] [435]
[08:24:25] INFO: /home/shiyu/NeurIPS-2022-camera-ready/Quantized-GBDT/xgboost/src/cli_main.cc:235: boosting round 436, 165.175 sec elapsed
[08:24:25] [436]
[08:24:25] INFO: /home/shiyu/NeurIPS-2022-camera-ready/Quantized-GBDT/xgboost/src/cli_main.cc:235: boosting round 437, 165.462 sec elapsed
[08:24:26] [437]
[08:24:26] INFO: /home/shiyu/NeurIPS-2022-camera-ready/Quantized-GBDT/xgboost/src/cli_main.cc:235: boosting round 438, 165.745 sec elapsed
[08:24:26] [438]
[08:24:26] INFO: /home/shiyu/NeurIPS-2022-camera-ready/Quantized-GBDT/xgboost/src/cli_main.cc:235: boosting round 439, 166.043 sec elapsed
[08:24:26] [439]
[08:24:26] INFO: /home/shiyu/NeurIPS-2022-camera-ready/Quantized-GBDT/xgboost/src/cli_main.cc:235: boosting round 440, 166.329 sec elapsed
[08:24:27] [440]
[08:24:27] INFO: /home/shiyu/NeurIPS-2022-camera-ready/Quantized-GBDT/xgboost/src/cli_main.cc:235: boosting round 441, 166.665 sec elapsed
[08:24:27] [441]
[08:24:27] INFO: /home/shiyu/NeurIPS-2022-camera-ready/Quantized-GBDT/xgboost/src/cli_main.cc:235: boosting round 442, 167.007 sec elapsed
[08:24:27] [442]
[08:24:27] INFO: /home/shiyu/NeurIPS-2022-camera-ready/Quantized-GBDT/xgboost/src/cli_main.cc:235: boosting round 443, 167.437 sec elapsed
[08:24:28] [443]
[08:24:28] INFO: /home/shiyu/NeurIPS-2022-camera-ready/Quantized-GBDT/xgboost/src/cli_main.cc:235: boosting round 444, 167.841 sec elapsed
[08:24:28] [444]
[08:24:28] INFO: /home/shiyu/NeurIPS-2022-camera-ready/Quantized-GBDT/xgboost/src/cli_main.cc:235: boosting round 445, 168.21 sec elapsed
[08:24:29] [445]
[08:24:29] INFO: /home/shiyu/NeurIPS-2022-camera-ready/Quantized-GBDT/xgboost/src/cli_main.cc:235: boosting round 446, 168.554 sec elapsed
[08:24:29] [446]
[08:24:29] INFO: /home/shiyu/NeurIPS-2022-camera-ready/Quantized-GBDT/xgboost/src/cli_main.cc:235: boosting round 447, 168.892 sec elapsed
[08:24:29] [447]
[08:24:29] INFO: /home/shiyu/NeurIPS-2022-camera-ready/Quantized-GBDT/xgboost/src/cli_main.cc:235: boosting round 448, 169.249 sec elapsed
[08:24:30] [448]
[08:24:30] INFO: /home/shiyu/NeurIPS-2022-camera-ready/Quantized-GBDT/xgboost/src/cli_main.cc:235: boosting round 449, 169.618 sec elapsed
[08:24:30] [449]
[08:24:30] INFO: /home/shiyu/NeurIPS-2022-camera-ready/Quantized-GBDT/xgboost/src/cli_main.cc:235: boosting round 450, 169.952 sec elapsed
[08:24:30] [450]
[08:24:30] INFO: /home/shiyu/NeurIPS-2022-camera-ready/Quantized-GBDT/xgboost/src/cli_main.cc:235: boosting round 451, 170.301 sec elapsed
[08:24:31] [451]
[08:24:31] INFO: /home/shiyu/NeurIPS-2022-camera-ready/Quantized-GBDT/xgboost/src/cli_main.cc:235: boosting round 452, 170.638 sec elapsed
[08:24:31] [452]
[08:24:31] INFO: /home/shiyu/NeurIPS-2022-camera-ready/Quantized-GBDT/xgboost/src/cli_main.cc:235: boosting round 453, 170.968 sec elapsed
[08:24:31] [453]
[08:24:31] INFO: /home/shiyu/NeurIPS-2022-camera-ready/Quantized-GBDT/xgboost/src/cli_main.cc:235: boosting round 454, 171.328 sec elapsed
[08:24:32] [454]
[08:24:32] INFO: /home/shiyu/NeurIPS-2022-camera-ready/Quantized-GBDT/xgboost/src/cli_main.cc:235: boosting round 455, 171.735 sec elapsed
[08:24:32] [455]
[08:24:32] INFO: /home/shiyu/NeurIPS-2022-camera-ready/Quantized-GBDT/xgboost/src/cli_main.cc:235: boosting round 456, 172.133 sec elapsed
[08:24:32] [456]
[08:24:32] INFO: /home/shiyu/NeurIPS-2022-camera-ready/Quantized-GBDT/xgboost/src/cli_main.cc:235: boosting round 457, 172.474 sec elapsed
[08:24:33] [457]
[08:24:33] INFO: /home/shiyu/NeurIPS-2022-camera-ready/Quantized-GBDT/xgboost/src/cli_main.cc:235: boosting round 458, 172.821 sec elapsed
[08:24:33] [458]
[08:24:33] INFO: /home/shiyu/NeurIPS-2022-camera-ready/Quantized-GBDT/xgboost/src/cli_main.cc:235: boosting round 459, 173.235 sec elapsed
[08:24:34] [459]
[08:24:34] INFO: /home/shiyu/NeurIPS-2022-camera-ready/Quantized-GBDT/xgboost/src/cli_main.cc:235: boosting round 460, 173.667 sec elapsed
[08:24:34] [460]
[08:24:34] INFO: /home/shiyu/NeurIPS-2022-camera-ready/Quantized-GBDT/xgboost/src/cli_main.cc:235: boosting round 461, 173.99 sec elapsed
[08:24:34] [461]
[08:24:34] INFO: /home/shiyu/NeurIPS-2022-camera-ready/Quantized-GBDT/xgboost/src/cli_main.cc:235: boosting round 462, 174.292 sec elapsed
[08:24:35] [462]
[08:24:35] INFO: /home/shiyu/NeurIPS-2022-camera-ready/Quantized-GBDT/xgboost/src/cli_main.cc:235: boosting round 463, 174.633 sec elapsed
[08:24:35] [463]
[08:24:35] INFO: /home/shiyu/NeurIPS-2022-camera-ready/Quantized-GBDT/xgboost/src/cli_main.cc:235: boosting round 464, 174.92 sec elapsed
[08:24:35] [464]
[08:24:35] INFO: /home/shiyu/NeurIPS-2022-camera-ready/Quantized-GBDT/xgboost/src/cli_main.cc:235: boosting round 465, 175.242 sec elapsed
[08:24:36] [465]
[08:24:36] INFO: /home/shiyu/NeurIPS-2022-camera-ready/Quantized-GBDT/xgboost/src/cli_main.cc:235: boosting round 466, 175.664 sec elapsed
[08:24:36] [466]
[08:24:36] INFO: /home/shiyu/NeurIPS-2022-camera-ready/Quantized-GBDT/xgboost/src/cli_main.cc:235: boosting round 467, 176.111 sec elapsed
[08:24:37] [467]
[08:24:37] INFO: /home/shiyu/NeurIPS-2022-camera-ready/Quantized-GBDT/xgboost/src/cli_main.cc:235: boosting round 468, 176.577 sec elapsed
[08:24:37] [468]
[08:24:37] INFO: /home/shiyu/NeurIPS-2022-camera-ready/Quantized-GBDT/xgboost/src/cli_main.cc:235: boosting round 469, 176.95 sec elapsed
[08:24:37] [469]
[08:24:37] INFO: /home/shiyu/NeurIPS-2022-camera-ready/Quantized-GBDT/xgboost/src/cli_main.cc:235: boosting round 470, 177.219 sec elapsed
[08:24:38] [470]
[08:24:38] INFO: /home/shiyu/NeurIPS-2022-camera-ready/Quantized-GBDT/xgboost/src/cli_main.cc:235: boosting round 471, 177.622 sec elapsed
[08:24:38] [471]
[08:24:38] INFO: /home/shiyu/NeurIPS-2022-camera-ready/Quantized-GBDT/xgboost/src/cli_main.cc:235: boosting round 472, 178.017 sec elapsed
[08:24:38] [472]
[08:24:38] INFO: /home/shiyu/NeurIPS-2022-camera-ready/Quantized-GBDT/xgboost/src/cli_main.cc:235: boosting round 473, 178.474 sec elapsed
[08:24:39] [473]
[08:24:39] INFO: /home/shiyu/NeurIPS-2022-camera-ready/Quantized-GBDT/xgboost/src/cli_main.cc:235: boosting round 474, 178.817 sec elapsed
[08:24:39] [474]
[08:24:39] INFO: /home/shiyu/NeurIPS-2022-camera-ready/Quantized-GBDT/xgboost/src/cli_main.cc:235: boosting round 475, 179.283 sec elapsed
[08:24:40] [475]
[08:24:40] INFO: /home/shiyu/NeurIPS-2022-camera-ready/Quantized-GBDT/xgboost/src/cli_main.cc:235: boosting round 476, 179.644 sec elapsed
[08:24:40] [476]
[08:24:40] INFO: /home/shiyu/NeurIPS-2022-camera-ready/Quantized-GBDT/xgboost/src/cli_main.cc:235: boosting round 477, 180.052 sec elapsed
[08:24:40] [477]
[08:24:40] INFO: /home/shiyu/NeurIPS-2022-camera-ready/Quantized-GBDT/xgboost/src/cli_main.cc:235: boosting round 478, 180.438 sec elapsed
[08:24:41] [478]
[08:24:41] INFO: /home/shiyu/NeurIPS-2022-camera-ready/Quantized-GBDT/xgboost/src/cli_main.cc:235: boosting round 479, 180.764 sec elapsed
[08:24:41] [479]
[08:24:41] INFO: /home/shiyu/NeurIPS-2022-camera-ready/Quantized-GBDT/xgboost/src/cli_main.cc:235: boosting round 480, 181.024 sec elapsed
[08:24:41] [480]
[08:24:41] INFO: /home/shiyu/NeurIPS-2022-camera-ready/Quantized-GBDT/xgboost/src/cli_main.cc:235: boosting round 481, 181.474 sec elapsed
[08:24:42] [481]
[08:24:42] INFO: /home/shiyu/NeurIPS-2022-camera-ready/Quantized-GBDT/xgboost/src/cli_main.cc:235: boosting round 482, 181.752 sec elapsed
[08:24:42] [482]
[08:24:42] INFO: /home/shiyu/NeurIPS-2022-camera-ready/Quantized-GBDT/xgboost/src/cli_main.cc:235: boosting round 483, 182.127 sec elapsed
[08:24:43] [483]
[08:24:43] INFO: /home/shiyu/NeurIPS-2022-camera-ready/Quantized-GBDT/xgboost/src/cli_main.cc:235: boosting round 484, 182.587 sec elapsed
[08:24:43] [484]
[08:24:43] INFO: /home/shiyu/NeurIPS-2022-camera-ready/Quantized-GBDT/xgboost/src/cli_main.cc:235: boosting round 485, 182.999 sec elapsed
[08:24:43] [485]
[08:24:43] INFO: /home/shiyu/NeurIPS-2022-camera-ready/Quantized-GBDT/xgboost/src/cli_main.cc:235: boosting round 486, 183.374 sec elapsed
[08:24:44] [486]
[08:24:44] INFO: /home/shiyu/NeurIPS-2022-camera-ready/Quantized-GBDT/xgboost/src/cli_main.cc:235: boosting round 487, 183.882 sec elapsed
[08:24:44] [487]
[08:24:44] INFO: /home/shiyu/NeurIPS-2022-camera-ready/Quantized-GBDT/xgboost/src/cli_main.cc:235: boosting round 488, 184.211 sec elapsed
[08:24:45] [488]
[08:24:45] INFO: /home/shiyu/NeurIPS-2022-camera-ready/Quantized-GBDT/xgboost/src/cli_main.cc:235: boosting round 489, 184.561 sec elapsed
[08:24:45] [489]
[08:24:45] INFO: /home/shiyu/NeurIPS-2022-camera-ready/Quantized-GBDT/xgboost/src/cli_main.cc:235: boosting round 490, 184.948 sec elapsed
[08:24:45] [490]
[08:24:45] INFO: /home/shiyu/NeurIPS-2022-camera-ready/Quantized-GBDT/xgboost/src/cli_main.cc:235: boosting round 491, 185.389 sec elapsed
[08:24:46] [491]
[08:24:46] INFO: /home/shiyu/NeurIPS-2022-camera-ready/Quantized-GBDT/xgboost/src/cli_main.cc:235: boosting round 492, 185.715 sec elapsed
[08:24:46] [492]
[08:24:46] INFO: /home/shiyu/NeurIPS-2022-camera-ready/Quantized-GBDT/xgboost/src/cli_main.cc:235: boosting round 493, 186.115 sec elapsed
[08:24:46] [493]
[08:24:46] INFO: /home/shiyu/NeurIPS-2022-camera-ready/Quantized-GBDT/xgboost/src/cli_main.cc:235: boosting round 494, 186.487 sec elapsed
[08:24:47] [494]
[08:24:47] INFO: /home/shiyu/NeurIPS-2022-camera-ready/Quantized-GBDT/xgboost/src/cli_main.cc:235: boosting round 495, 186.824 sec elapsed
[08:24:47] [495]
[08:24:47] INFO: /home/shiyu/NeurIPS-2022-camera-ready/Quantized-GBDT/xgboost/src/cli_main.cc:235: boosting round 496, 187.149 sec elapsed
[08:24:48] [496]
[08:24:48] INFO: /home/shiyu/NeurIPS-2022-camera-ready/Quantized-GBDT/xgboost/src/cli_main.cc:235: boosting round 497, 187.631 sec elapsed
[08:24:48] [497]
[08:24:48] INFO: /home/shiyu/NeurIPS-2022-camera-ready/Quantized-GBDT/xgboost/src/cli_main.cc:235: boosting round 498, 188.018 sec elapsed
[08:24:48] [498]
[08:24:48] INFO: /home/shiyu/NeurIPS-2022-camera-ready/Quantized-GBDT/xgboost/src/cli_main.cc:235: boosting round 499, 188.314 sec elapsed
[08:24:49] [499]
[08:24:49] INFO: /home/shiyu/NeurIPS-2022-camera-ready/Quantized-GBDT/xgboost/src/cli_main.cc:258: Complete Training loop time: 188.614 sec
[08:24:49] INFO: /home/shiyu/NeurIPS-2022-camera-ready/Quantized-GBDT/xgboost/src/cli_main.cc:275: update end, 188.635 sec in all
