[LightGBM] [Warning] num_threads is set=24, num_threads=16 will be ignored. Current value: num_threads=24
[LightGBM] [Warning] device_type is set=cuda, device_type=cpu will be ignored. Current value: device_type=cuda
[LightGBM] [Warning] use_discretized_grad is set=true, use_discretized_grad=true will be ignored. Current value: use_discretized_grad=true
[LightGBM] [Warning] discretized_grad_renew is set=true, discretized_grad_renew=true will be ignored. Current value: discretized_grad_renew=true
[LightGBM] [Info] Finished loading parameters
[LightGBM] [Debug] Loading train file...
[LightGBM] [Debug] Read 10.0 GBs from /home/shiyu/boosting_tree_benchmarks/data/kitsune.train.
[LightGBM] [Debug] Read 20.0 GBs from /home/shiyu/boosting_tree_benchmarks/data/kitsune.train.
[LightGBM] [Debug] Read 30.0 GBs from /home/shiyu/boosting_tree_benchmarks/data/kitsune.train.
[LightGBM] [Debug] Read 40.0 GBs from /home/shiyu/boosting_tree_benchmarks/data/kitsune.train.
[LightGBM] [Debug] Read 50.0 GBs from /home/shiyu/boosting_tree_benchmarks/data/kitsune.train.
[LightGBM] [Warning] Using sparse features with CUDA is currently not supported.
[LightGBM] [Info] Construct bin mappers from text data time 10.34 seconds
[LightGBM] [Info] Finished loading data in 111.562403 seconds
[LightGBM] [Info] Number of positive: 2569562, number of negative: 14244516
[LightGBM] [Debug] Dataset::GetMultiBinFromAllFeatures: sparse rate 0.087330
[LightGBM] [Info] Total Bins 29325
[LightGBM] [Info] Number of data points in the train set: 16814078, number of used features: 115
[LightGBM] [Info] Finished initializing training
[LightGBM] [Info] Started training...
[LightGBM] [Warning] boost_from_score = -1.712637
[LightGBM] [Warning] adding init score = -1.712637
[LightGBM] [Info] Start training from score -1.712637
[LightGBM] [Debug] Trained a tree with leaves = 255
[LightGBM] [Info] 0.073745 seconds elapsed, finished iteration 1
[LightGBM] [Debug] Trained a tree with leaves = 255
[LightGBM] [Info] 0.143135 seconds elapsed, finished iteration 2
[LightGBM] [Debug] Trained a tree with leaves = 255
[LightGBM] [Info] 0.213380 seconds elapsed, finished iteration 3
[LightGBM] [Debug] Trained a tree with leaves = 255
[LightGBM] [Info] 0.281806 seconds elapsed, finished iteration 4
[LightGBM] [Debug] Trained a tree with leaves = 255
[LightGBM] [Info] 0.350610 seconds elapsed, finished iteration 5
[LightGBM] [Debug] Trained a tree with leaves = 255
[LightGBM] [Info] 0.417696 seconds elapsed, finished iteration 6
[LightGBM] [Debug] Trained a tree with leaves = 255
[LightGBM] [Info] 0.485821 seconds elapsed, finished iteration 7
[LightGBM] [Debug] Trained a tree with leaves = 255
[LightGBM] [Info] 0.556949 seconds elapsed, finished iteration 8
[LightGBM] [Debug] Trained a tree with leaves = 255
[LightGBM] [Info] 0.624986 seconds elapsed, finished iteration 9
[LightGBM] [Debug] Trained a tree with leaves = 255
[LightGBM] [Info] 0.692183 seconds elapsed, finished iteration 10
[LightGBM] [Debug] Trained a tree with leaves = 255
[LightGBM] [Info] 0.760240 seconds elapsed, finished iteration 11
[LightGBM] [Debug] Trained a tree with leaves = 255
[LightGBM] [Info] 0.829405 seconds elapsed, finished iteration 12
[LightGBM] [Debug] Trained a tree with leaves = 255
[LightGBM] [Info] 0.897563 seconds elapsed, finished iteration 13
[LightGBM] [Debug] Trained a tree with leaves = 255
[LightGBM] [Info] 0.972465 seconds elapsed, finished iteration 14
[LightGBM] [Debug] Trained a tree with leaves = 255
[LightGBM] [Info] 1.040031 seconds elapsed, finished iteration 15
[LightGBM] [Debug] Trained a tree with leaves = 255
[LightGBM] [Info] 1.109487 seconds elapsed, finished iteration 16
[LightGBM] [Debug] Trained a tree with leaves = 255
[LightGBM] [Info] 1.178328 seconds elapsed, finished iteration 17
[LightGBM] [Debug] Trained a tree with leaves = 255
[LightGBM] [Info] 1.246477 seconds elapsed, finished iteration 18
[LightGBM] [Debug] Trained a tree with leaves = 255
[LightGBM] [Info] 1.315119 seconds elapsed, finished iteration 19
[LightGBM] [Debug] Trained a tree with leaves = 255
[LightGBM] [Info] 1.386337 seconds elapsed, finished iteration 20
[LightGBM] [Debug] Trained a tree with leaves = 255
[LightGBM] [Info] 1.453607 seconds elapsed, finished iteration 21
[LightGBM] [Debug] Trained a tree with leaves = 255
[LightGBM] [Info] 1.520323 seconds elapsed, finished iteration 22
[LightGBM] [Debug] Trained a tree with leaves = 255
[LightGBM] [Info] 1.587921 seconds elapsed, finished iteration 23
[LightGBM] [Debug] Trained a tree with leaves = 255
[LightGBM] [Info] 1.659502 seconds elapsed, finished iteration 24
[LightGBM] [Debug] Trained a tree with leaves = 255
[LightGBM] [Info] 1.726695 seconds elapsed, finished iteration 25
[LightGBM] [Debug] Trained a tree with leaves = 255
[LightGBM] [Info] 1.794667 seconds elapsed, finished iteration 26
[LightGBM] [Debug] Trained a tree with leaves = 255
[LightGBM] [Info] 1.863375 seconds elapsed, finished iteration 27
[LightGBM] [Debug] Trained a tree with leaves = 255
[LightGBM] [Info] 1.934282 seconds elapsed, finished iteration 28
[LightGBM] [Debug] Trained a tree with leaves = 255
[LightGBM] [Info] 2.002749 seconds elapsed, finished iteration 29
[LightGBM] [Debug] Trained a tree with leaves = 255
[LightGBM] [Info] 2.070963 seconds elapsed, finished iteration 30
[LightGBM] [Debug] Trained a tree with leaves = 255
[LightGBM] [Info] 2.137911 seconds elapsed, finished iteration 31
[LightGBM] [Debug] Trained a tree with leaves = 255
[LightGBM] [Info] 2.209195 seconds elapsed, finished iteration 32
[LightGBM] [Debug] Trained a tree with leaves = 255
[LightGBM] [Info] 2.279068 seconds elapsed, finished iteration 33
[LightGBM] [Debug] Trained a tree with leaves = 255
[LightGBM] [Info] 2.348628 seconds elapsed, finished iteration 34
[LightGBM] [Debug] Trained a tree with leaves = 255
[LightGBM] [Info] 2.418440 seconds elapsed, finished iteration 35
[LightGBM] [Debug] Trained a tree with leaves = 255
[LightGBM] [Info] 2.489795 seconds elapsed, finished iteration 36
[LightGBM] [Debug] Trained a tree with leaves = 255
[LightGBM] [Info] 2.559044 seconds elapsed, finished iteration 37
[LightGBM] [Debug] Trained a tree with leaves = 255
[LightGBM] [Info] 2.628352 seconds elapsed, finished iteration 38
[LightGBM] [Debug] Trained a tree with leaves = 255
[LightGBM] [Info] 2.697758 seconds elapsed, finished iteration 39
[LightGBM] [Debug] Trained a tree with leaves = 255
[LightGBM] [Info] 2.765241 seconds elapsed, finished iteration 40
[LightGBM] [Debug] Trained a tree with leaves = 255
[LightGBM] [Info] 2.833332 seconds elapsed, finished iteration 41
[LightGBM] [Debug] Trained a tree with leaves = 255
[LightGBM] [Info] 2.909235 seconds elapsed, finished iteration 42
[LightGBM] [Debug] Trained a tree with leaves = 255
[LightGBM] [Info] 2.979217 seconds elapsed, finished iteration 43
[LightGBM] [Debug] Trained a tree with leaves = 255
[LightGBM] [Info] 3.049594 seconds elapsed, finished iteration 44
[LightGBM] [Debug] Trained a tree with leaves = 255
[LightGBM] [Info] 3.120997 seconds elapsed, finished iteration 45
[LightGBM] [Debug] Trained a tree with leaves = 255
[LightGBM] [Info] 3.192223 seconds elapsed, finished iteration 46
[LightGBM] [Debug] Trained a tree with leaves = 255
[LightGBM] [Info] 3.263678 seconds elapsed, finished iteration 47
[LightGBM] [Debug] Trained a tree with leaves = 255
[LightGBM] [Info] 3.335819 seconds elapsed, finished iteration 48
[LightGBM] [Debug] Trained a tree with leaves = 255
[LightGBM] [Info] 3.406330 seconds elapsed, finished iteration 49
[LightGBM] [Debug] Trained a tree with leaves = 255
[LightGBM] [Info] 3.477286 seconds elapsed, finished iteration 50
[LightGBM] [Debug] Trained a tree with leaves = 255
[LightGBM] [Info] 3.546476 seconds elapsed, finished iteration 51
[LightGBM] [Debug] Trained a tree with leaves = 255
[LightGBM] [Info] 3.618163 seconds elapsed, finished iteration 52
[LightGBM] [Debug] Trained a tree with leaves = 255
[LightGBM] [Info] 3.688035 seconds elapsed, finished iteration 53
[LightGBM] [Debug] Trained a tree with leaves = 255
[LightGBM] [Info] 3.761882 seconds elapsed, finished iteration 54
[LightGBM] [Debug] Trained a tree with leaves = 255
[LightGBM] [Info] 3.831633 seconds elapsed, finished iteration 55
[LightGBM] [Debug] Trained a tree with leaves = 255
[LightGBM] [Info] 3.903061 seconds elapsed, finished iteration 56
[LightGBM] [Debug] Trained a tree with leaves = 255
[LightGBM] [Info] 3.975580 seconds elapsed, finished iteration 57
[LightGBM] [Debug] Trained a tree with leaves = 255
[LightGBM] [Info] 4.046442 seconds elapsed, finished iteration 58
[LightGBM] [Debug] Trained a tree with leaves = 255
[LightGBM] [Info] 4.121022 seconds elapsed, finished iteration 59
[LightGBM] [Debug] Trained a tree with leaves = 255
[LightGBM] [Info] 4.191362 seconds elapsed, finished iteration 60
[LightGBM] [Debug] Trained a tree with leaves = 255
[LightGBM] [Info] 4.265955 seconds elapsed, finished iteration 61
[LightGBM] [Debug] Trained a tree with leaves = 255
[LightGBM] [Info] 4.337223 seconds elapsed, finished iteration 62
[LightGBM] [Debug] Trained a tree with leaves = 255
[LightGBM] [Info] 4.409030 seconds elapsed, finished iteration 63
[LightGBM] [Debug] Trained a tree with leaves = 255
[LightGBM] [Info] 4.484825 seconds elapsed, finished iteration 64
[LightGBM] [Debug] Trained a tree with leaves = 255
[LightGBM] [Info] 4.557555 seconds elapsed, finished iteration 65
[LightGBM] [Debug] Trained a tree with leaves = 255
[LightGBM] [Info] 4.630702 seconds elapsed, finished iteration 66
[LightGBM] [Debug] Trained a tree with leaves = 255
[LightGBM] [Info] 4.706910 seconds elapsed, finished iteration 67
[LightGBM] [Debug] Trained a tree with leaves = 255
[LightGBM] [Info] 4.782113 seconds elapsed, finished iteration 68
[LightGBM] [Debug] Trained a tree with leaves = 255
[LightGBM] [Info] 4.851322 seconds elapsed, finished iteration 69
[LightGBM] [Debug] Trained a tree with leaves = 255
[LightGBM] [Info] 4.922470 seconds elapsed, finished iteration 70
[LightGBM] [Debug] Trained a tree with leaves = 255
[LightGBM] [Info] 4.994542 seconds elapsed, finished iteration 71
[LightGBM] [Debug] Trained a tree with leaves = 255
[LightGBM] [Info] 5.066100 seconds elapsed, finished iteration 72
[LightGBM] [Debug] Trained a tree with leaves = 255
[LightGBM] [Info] 5.135064 seconds elapsed, finished iteration 73
[LightGBM] [Debug] Trained a tree with leaves = 255
[LightGBM] [Info] 5.205427 seconds elapsed, finished iteration 74
[LightGBM] [Debug] Trained a tree with leaves = 255
[LightGBM] [Info] 5.278556 seconds elapsed, finished iteration 75
[LightGBM] [Debug] Trained a tree with leaves = 255
[LightGBM] [Info] 5.347883 seconds elapsed, finished iteration 76
[LightGBM] [Debug] Trained a tree with leaves = 255
[LightGBM] [Info] 5.420884 seconds elapsed, finished iteration 77
[LightGBM] [Debug] Trained a tree with leaves = 255
[LightGBM] [Info] 5.494032 seconds elapsed, finished iteration 78
[LightGBM] [Debug] Trained a tree with leaves = 255
[LightGBM] [Info] 5.568637 seconds elapsed, finished iteration 79
[LightGBM] [Debug] Trained a tree with leaves = 255
[LightGBM] [Info] 5.645909 seconds elapsed, finished iteration 80
[LightGBM] [Debug] Trained a tree with leaves = 255
[LightGBM] [Info] 5.718867 seconds elapsed, finished iteration 81
[LightGBM] [Debug] Trained a tree with leaves = 255
[LightGBM] [Info] 5.797303 seconds elapsed, finished iteration 82
[LightGBM] [Debug] Trained a tree with leaves = 255
[LightGBM] [Info] 5.871474 seconds elapsed, finished iteration 83
[LightGBM] [Debug] Trained a tree with leaves = 255
[LightGBM] [Info] 5.946579 seconds elapsed, finished iteration 84
[LightGBM] [Debug] Trained a tree with leaves = 255
[LightGBM] [Info] 6.022496 seconds elapsed, finished iteration 85
[LightGBM] [Debug] Trained a tree with leaves = 255
[LightGBM] [Info] 6.097380 seconds elapsed, finished iteration 86
[LightGBM] [Debug] Trained a tree with leaves = 255
[LightGBM] [Info] 6.170983 seconds elapsed, finished iteration 87
[LightGBM] [Debug] Trained a tree with leaves = 255
[LightGBM] [Info] 6.237911 seconds elapsed, finished iteration 88
[LightGBM] [Debug] Trained a tree with leaves = 255
[LightGBM] [Info] 6.312370 seconds elapsed, finished iteration 89
[LightGBM] [Debug] Trained a tree with leaves = 255
[LightGBM] [Info] 6.389810 seconds elapsed, finished iteration 90
[LightGBM] [Debug] Trained a tree with leaves = 255
[LightGBM] [Info] 6.469965 seconds elapsed, finished iteration 91
[LightGBM] [Debug] Trained a tree with leaves = 255
[LightGBM] [Info] 6.546183 seconds elapsed, finished iteration 92
[LightGBM] [Debug] Trained a tree with leaves = 255
[LightGBM] [Info] 6.620115 seconds elapsed, finished iteration 93
[LightGBM] [Debug] Trained a tree with leaves = 255
[LightGBM] [Info] 6.704342 seconds elapsed, finished iteration 94
[LightGBM] [Debug] Trained a tree with leaves = 255
[LightGBM] [Info] 6.779709 seconds elapsed, finished iteration 95
[LightGBM] [Debug] Trained a tree with leaves = 255
[LightGBM] [Info] 6.856170 seconds elapsed, finished iteration 96
[LightGBM] [Debug] Trained a tree with leaves = 255
[LightGBM] [Info] 6.931089 seconds elapsed, finished iteration 97
[LightGBM] [Debug] Trained a tree with leaves = 255
[LightGBM] [Info] 7.003431 seconds elapsed, finished iteration 98
[LightGBM] [Debug] Trained a tree with leaves = 255
[LightGBM] [Info] 7.080368 seconds elapsed, finished iteration 99
[LightGBM] [Debug] Trained a tree with leaves = 255
[LightGBM] [Info] 7.153408 seconds elapsed, finished iteration 100
[LightGBM] [Debug] Trained a tree with leaves = 255
[LightGBM] [Info] 7.234261 seconds elapsed, finished iteration 101
[LightGBM] [Debug] Trained a tree with leaves = 255
[LightGBM] [Info] 7.311081 seconds elapsed, finished iteration 102
[LightGBM] [Debug] Trained a tree with leaves = 255
[LightGBM] [Info] 7.394062 seconds elapsed, finished iteration 103
[LightGBM] [Debug] Trained a tree with leaves = 255
[LightGBM] [Info] 7.468808 seconds elapsed, finished iteration 104
[LightGBM] [Debug] Trained a tree with leaves = 255
[LightGBM] [Info] 7.542945 seconds elapsed, finished iteration 105
[LightGBM] [Debug] Trained a tree with leaves = 255
[LightGBM] [Info] 7.622708 seconds elapsed, finished iteration 106
[LightGBM] [Debug] Trained a tree with leaves = 255
[LightGBM] [Info] 7.703503 seconds elapsed, finished iteration 107
[LightGBM] [Debug] Trained a tree with leaves = 255
[LightGBM] [Info] 7.785930 seconds elapsed, finished iteration 108
[LightGBM] [Debug] Trained a tree with leaves = 255
[LightGBM] [Info] 7.870329 seconds elapsed, finished iteration 109
[LightGBM] [Debug] Trained a tree with leaves = 255
[LightGBM] [Info] 7.939885 seconds elapsed, finished iteration 110
[LightGBM] [Debug] Trained a tree with leaves = 255
[LightGBM] [Info] 8.018554 seconds elapsed, finished iteration 111
[LightGBM] [Debug] Trained a tree with leaves = 255
[LightGBM] [Info] 8.096245 seconds elapsed, finished iteration 112
[LightGBM] [Debug] Trained a tree with leaves = 255
[LightGBM] [Info] 8.166795 seconds elapsed, finished iteration 113
[LightGBM] [Debug] Trained a tree with leaves = 255
[LightGBM] [Info] 8.256422 seconds elapsed, finished iteration 114
[LightGBM] [Debug] Trained a tree with leaves = 255
[LightGBM] [Info] 8.331318 seconds elapsed, finished iteration 115
[LightGBM] [Debug] Trained a tree with leaves = 255
[LightGBM] [Info] 8.415166 seconds elapsed, finished iteration 116
[LightGBM] [Debug] Trained a tree with leaves = 255
[LightGBM] [Info] 8.489301 seconds elapsed, finished iteration 117
[LightGBM] [Debug] Trained a tree with leaves = 255
[LightGBM] [Info] 8.560019 seconds elapsed, finished iteration 118
[LightGBM] [Debug] Trained a tree with leaves = 255
[LightGBM] [Info] 8.633574 seconds elapsed, finished iteration 119
[LightGBM] [Debug] Trained a tree with leaves = 255
[LightGBM] [Info] 8.712898 seconds elapsed, finished iteration 120
[LightGBM] [Debug] Trained a tree with leaves = 255
[LightGBM] [Info] 8.788331 seconds elapsed, finished iteration 121
[LightGBM] [Debug] Trained a tree with leaves = 255
[LightGBM] [Info] 8.865795 seconds elapsed, finished iteration 122
[LightGBM] [Debug] Trained a tree with leaves = 255
[LightGBM] [Info] 8.942723 seconds elapsed, finished iteration 123
[LightGBM] [Debug] Trained a tree with leaves = 255
[LightGBM] [Info] 9.018627 seconds elapsed, finished iteration 124
[LightGBM] [Debug] Trained a tree with leaves = 255
[LightGBM] [Info] 9.097664 seconds elapsed, finished iteration 125
[LightGBM] [Debug] Trained a tree with leaves = 255
[LightGBM] [Info] 9.169014 seconds elapsed, finished iteration 126
[LightGBM] [Debug] Trained a tree with leaves = 255
[LightGBM] [Info] 9.244842 seconds elapsed, finished iteration 127
[LightGBM] [Debug] Trained a tree with leaves = 255
[LightGBM] [Info] 9.325402 seconds elapsed, finished iteration 128
[LightGBM] [Debug] Trained a tree with leaves = 255
[LightGBM] [Info] 9.407815 seconds elapsed, finished iteration 129
[LightGBM] [Debug] Trained a tree with leaves = 255
[LightGBM] [Info] 9.480557 seconds elapsed, finished iteration 130
[LightGBM] [Debug] Trained a tree with leaves = 255
[LightGBM] [Info] 9.560620 seconds elapsed, finished iteration 131
[LightGBM] [Debug] Trained a tree with leaves = 255
[LightGBM] [Info] 9.635366 seconds elapsed, finished iteration 132
[LightGBM] [Debug] Trained a tree with leaves = 255
[LightGBM] [Info] 9.705894 seconds elapsed, finished iteration 133
[LightGBM] [Debug] Trained a tree with leaves = 255
[LightGBM] [Info] 9.778821 seconds elapsed, finished iteration 134
[LightGBM] [Debug] Trained a tree with leaves = 255
[LightGBM] [Info] 9.855189 seconds elapsed, finished iteration 135
[LightGBM] [Debug] Trained a tree with leaves = 255
[LightGBM] [Info] 9.925573 seconds elapsed, finished iteration 136
[LightGBM] [Debug] Trained a tree with leaves = 255
[LightGBM] [Info] 9.997979 seconds elapsed, finished iteration 137
[LightGBM] [Debug] Trained a tree with leaves = 255
[LightGBM] [Info] 10.074950 seconds elapsed, finished iteration 138
[LightGBM] [Debug] Trained a tree with leaves = 255
[LightGBM] [Info] 10.157486 seconds elapsed, finished iteration 139
[LightGBM] [Debug] Trained a tree with leaves = 255
[LightGBM] [Info] 10.231802 seconds elapsed, finished iteration 140
[LightGBM] [Debug] Trained a tree with leaves = 255
[LightGBM] [Info] 10.301692 seconds elapsed, finished iteration 141
[LightGBM] [Debug] Trained a tree with leaves = 255
[LightGBM] [Info] 10.381455 seconds elapsed, finished iteration 142
[LightGBM] [Debug] Trained a tree with leaves = 255
[LightGBM] [Info] 10.463850 seconds elapsed, finished iteration 143
[LightGBM] [Debug] Trained a tree with leaves = 255
[LightGBM] [Info] 10.542328 seconds elapsed, finished iteration 144
[LightGBM] [Debug] Trained a tree with leaves = 255
[LightGBM] [Info] 10.614457 seconds elapsed, finished iteration 145
[LightGBM] [Debug] Trained a tree with leaves = 255
[LightGBM] [Info] 10.681186 seconds elapsed, finished iteration 146
[LightGBM] [Debug] Trained a tree with leaves = 255
[LightGBM] [Info] 10.755092 seconds elapsed, finished iteration 147
[LightGBM] [Debug] Trained a tree with leaves = 255
[LightGBM] [Info] 10.842700 seconds elapsed, finished iteration 148
[LightGBM] [Debug] Trained a tree with leaves = 255
[LightGBM] [Info] 10.918743 seconds elapsed, finished iteration 149
[LightGBM] [Debug] Trained a tree with leaves = 255
[LightGBM] [Info] 10.996986 seconds elapsed, finished iteration 150
[LightGBM] [Debug] Trained a tree with leaves = 255
[LightGBM] [Info] 11.070334 seconds elapsed, finished iteration 151
[LightGBM] [Debug] Trained a tree with leaves = 255
[LightGBM] [Info] 11.146414 seconds elapsed, finished iteration 152
[LightGBM] [Debug] Trained a tree with leaves = 255
[LightGBM] [Info] 11.215623 seconds elapsed, finished iteration 153
[LightGBM] [Debug] Trained a tree with leaves = 255
[LightGBM] [Info] 11.292646 seconds elapsed, finished iteration 154
[LightGBM] [Debug] Trained a tree with leaves = 255
[LightGBM] [Info] 11.367634 seconds elapsed, finished iteration 155
[LightGBM] [Debug] Trained a tree with leaves = 255
[LightGBM] [Info] 11.442220 seconds elapsed, finished iteration 156
[LightGBM] [Debug] Trained a tree with leaves = 255
[LightGBM] [Info] 11.512227 seconds elapsed, finished iteration 157
[LightGBM] [Debug] Trained a tree with leaves = 255
[LightGBM] [Info] 11.587069 seconds elapsed, finished iteration 158
[LightGBM] [Debug] Trained a tree with leaves = 255
[LightGBM] [Info] 11.655585 seconds elapsed, finished iteration 159
[LightGBM] [Debug] Trained a tree with leaves = 255
[LightGBM] [Info] 11.734106 seconds elapsed, finished iteration 160
[LightGBM] [Debug] Trained a tree with leaves = 255
[LightGBM] [Info] 11.809648 seconds elapsed, finished iteration 161
[LightGBM] [Debug] Trained a tree with leaves = 255
[LightGBM] [Info] 11.884430 seconds elapsed, finished iteration 162
[LightGBM] [Debug] Trained a tree with leaves = 255
[LightGBM] [Info] 11.972801 seconds elapsed, finished iteration 163
[LightGBM] [Debug] Trained a tree with leaves = 255
[LightGBM] [Info] 12.044687 seconds elapsed, finished iteration 164
[LightGBM] [Debug] Trained a tree with leaves = 255
[LightGBM] [Info] 12.127692 seconds elapsed, finished iteration 165
[LightGBM] [Debug] Trained a tree with leaves = 255
[LightGBM] [Info] 12.201129 seconds elapsed, finished iteration 166
[LightGBM] [Debug] Trained a tree with leaves = 255
[LightGBM] [Info] 12.285649 seconds elapsed, finished iteration 167
[LightGBM] [Debug] Trained a tree with leaves = 255
[LightGBM] [Info] 12.365603 seconds elapsed, finished iteration 168
[LightGBM] [Debug] Trained a tree with leaves = 255
[LightGBM] [Info] 12.441338 seconds elapsed, finished iteration 169
[LightGBM] [Debug] Trained a tree with leaves = 255
[LightGBM] [Info] 12.519349 seconds elapsed, finished iteration 170
[LightGBM] [Debug] Trained a tree with leaves = 255
[LightGBM] [Info] 12.595437 seconds elapsed, finished iteration 171
[LightGBM] [Debug] Trained a tree with leaves = 255
[LightGBM] [Info] 12.669225 seconds elapsed, finished iteration 172
[LightGBM] [Debug] Trained a tree with leaves = 255
[LightGBM] [Info] 12.738910 seconds elapsed, finished iteration 173
[LightGBM] [Debug] Trained a tree with leaves = 255
[LightGBM] [Info] 12.817857 seconds elapsed, finished iteration 174
[LightGBM] [Debug] Trained a tree with leaves = 255
[LightGBM] [Info] 12.887295 seconds elapsed, finished iteration 175
[LightGBM] [Debug] Trained a tree with leaves = 255
[LightGBM] [Info] 12.961955 seconds elapsed, finished iteration 176
[LightGBM] [Debug] Trained a tree with leaves = 255
[LightGBM] [Info] 13.041173 seconds elapsed, finished iteration 177
[LightGBM] [Debug] Trained a tree with leaves = 255
[LightGBM] [Info] 13.118306 seconds elapsed, finished iteration 178
[LightGBM] [Debug] Trained a tree with leaves = 255
[LightGBM] [Info] 13.199749 seconds elapsed, finished iteration 179
[LightGBM] [Debug] Trained a tree with leaves = 255
[LightGBM] [Info] 13.271415 seconds elapsed, finished iteration 180
[LightGBM] [Debug] Trained a tree with leaves = 255
[LightGBM] [Info] 13.344313 seconds elapsed, finished iteration 181
[LightGBM] [Debug] Trained a tree with leaves = 255
[LightGBM] [Info] 13.414725 seconds elapsed, finished iteration 182
[LightGBM] [Debug] Trained a tree with leaves = 255
[LightGBM] [Info] 13.491653 seconds elapsed, finished iteration 183
[LightGBM] [Debug] Trained a tree with leaves = 255
[LightGBM] [Info] 13.566078 seconds elapsed, finished iteration 184
[LightGBM] [Debug] Trained a tree with leaves = 255
[LightGBM] [Info] 13.652252 seconds elapsed, finished iteration 185
[LightGBM] [Debug] Trained a tree with leaves = 255
[LightGBM] [Info] 13.725351 seconds elapsed, finished iteration 186
[LightGBM] [Debug] Trained a tree with leaves = 255
[LightGBM] [Info] 13.798224 seconds elapsed, finished iteration 187
[LightGBM] [Debug] Trained a tree with leaves = 255
[LightGBM] [Info] 13.880293 seconds elapsed, finished iteration 188
[LightGBM] [Debug] Trained a tree with leaves = 255
[LightGBM] [Info] 13.958039 seconds elapsed, finished iteration 189
[LightGBM] [Debug] Trained a tree with leaves = 255
[LightGBM] [Info] 14.030220 seconds elapsed, finished iteration 190
[LightGBM] [Debug] Trained a tree with leaves = 255
[LightGBM] [Info] 14.107776 seconds elapsed, finished iteration 191
[LightGBM] [Debug] Trained a tree with leaves = 255
[LightGBM] [Info] 14.184963 seconds elapsed, finished iteration 192
[LightGBM] [Debug] Trained a tree with leaves = 255
[LightGBM] [Info] 14.251852 seconds elapsed, finished iteration 193
[LightGBM] [Debug] Trained a tree with leaves = 255
[LightGBM] [Info] 14.322909 seconds elapsed, finished iteration 194
[LightGBM] [Debug] Trained a tree with leaves = 255
[LightGBM] [Info] 14.393693 seconds elapsed, finished iteration 195
[LightGBM] [Debug] Trained a tree with leaves = 255
[LightGBM] [Info] 14.464834 seconds elapsed, finished iteration 196
[LightGBM] [Debug] Trained a tree with leaves = 255
[LightGBM] [Info] 14.539773 seconds elapsed, finished iteration 197
[LightGBM] [Debug] Trained a tree with leaves = 255
[LightGBM] [Info] 14.623486 seconds elapsed, finished iteration 198
[LightGBM] [Debug] Trained a tree with leaves = 255
[LightGBM] [Info] 14.696764 seconds elapsed, finished iteration 199
[LightGBM] [Debug] Trained a tree with leaves = 255
[LightGBM] [Info] 14.777271 seconds elapsed, finished iteration 200
[LightGBM] [Debug] Trained a tree with leaves = 255
[LightGBM] [Info] 14.848451 seconds elapsed, finished iteration 201
[LightGBM] [Debug] Trained a tree with leaves = 255
[LightGBM] [Info] 14.917023 seconds elapsed, finished iteration 202
[LightGBM] [Debug] Trained a tree with leaves = 255
[LightGBM] [Info] 14.992810 seconds elapsed, finished iteration 203
[LightGBM] [Debug] Trained a tree with leaves = 255
[LightGBM] [Info] 15.061077 seconds elapsed, finished iteration 204
[LightGBM] [Debug] Trained a tree with leaves = 255
[LightGBM] [Info] 15.140219 seconds elapsed, finished iteration 205
[LightGBM] [Debug] Trained a tree with leaves = 255
[LightGBM] [Info] 15.219557 seconds elapsed, finished iteration 206
[LightGBM] [Debug] Trained a tree with leaves = 255
[LightGBM] [Info] 15.293579 seconds elapsed, finished iteration 207
[LightGBM] [Debug] Trained a tree with leaves = 255
[LightGBM] [Info] 15.376347 seconds elapsed, finished iteration 208
[LightGBM] [Debug] Trained a tree with leaves = 255
[LightGBM] [Info] 15.444936 seconds elapsed, finished iteration 209
[LightGBM] [Debug] Trained a tree with leaves = 255
[LightGBM] [Info] 15.509764 seconds elapsed, finished iteration 210
[LightGBM] [Debug] Trained a tree with leaves = 255
[LightGBM] [Info] 15.578387 seconds elapsed, finished iteration 211
[LightGBM] [Debug] Trained a tree with leaves = 255
[LightGBM] [Info] 15.656294 seconds elapsed, finished iteration 212
[LightGBM] [Debug] Trained a tree with leaves = 255
[LightGBM] [Info] 15.725904 seconds elapsed, finished iteration 213
[LightGBM] [Debug] Trained a tree with leaves = 255
[LightGBM] [Info] 15.801094 seconds elapsed, finished iteration 214
[LightGBM] [Debug] Trained a tree with leaves = 255
[LightGBM] [Info] 15.876198 seconds elapsed, finished iteration 215
[LightGBM] [Debug] Trained a tree with leaves = 255
[LightGBM] [Info] 15.954938 seconds elapsed, finished iteration 216
[LightGBM] [Debug] Trained a tree with leaves = 255
[LightGBM] [Info] 16.035236 seconds elapsed, finished iteration 217
[LightGBM] [Debug] Trained a tree with leaves = 255
[LightGBM] [Info] 16.108222 seconds elapsed, finished iteration 218
[LightGBM] [Debug] Trained a tree with leaves = 255
[LightGBM] [Info] 16.184099 seconds elapsed, finished iteration 219
[LightGBM] [Debug] Trained a tree with leaves = 255
[LightGBM] [Info] 16.262411 seconds elapsed, finished iteration 220
[LightGBM] [Debug] Trained a tree with leaves = 255
[LightGBM] [Info] 16.339809 seconds elapsed, finished iteration 221
[LightGBM] [Debug] Trained a tree with leaves = 255
[LightGBM] [Info] 16.426211 seconds elapsed, finished iteration 222
[LightGBM] [Debug] Trained a tree with leaves = 255
[LightGBM] [Info] 16.499908 seconds elapsed, finished iteration 223
[LightGBM] [Debug] Trained a tree with leaves = 255
[LightGBM] [Info] 16.586529 seconds elapsed, finished iteration 224
[LightGBM] [Debug] Trained a tree with leaves = 255
[LightGBM] [Info] 16.660843 seconds elapsed, finished iteration 225
[LightGBM] [Debug] Trained a tree with leaves = 255
[LightGBM] [Info] 16.741178 seconds elapsed, finished iteration 226
[LightGBM] [Debug] Trained a tree with leaves = 255
[LightGBM] [Info] 16.822141 seconds elapsed, finished iteration 227
[LightGBM] [Debug] Trained a tree with leaves = 255
[LightGBM] [Info] 16.900489 seconds elapsed, finished iteration 228
[LightGBM] [Debug] Trained a tree with leaves = 255
[LightGBM] [Info] 16.977225 seconds elapsed, finished iteration 229
[LightGBM] [Debug] Trained a tree with leaves = 255
[LightGBM] [Info] 17.077591 seconds elapsed, finished iteration 230
[LightGBM] [Debug] Trained a tree with leaves = 255
[LightGBM] [Info] 17.164061 seconds elapsed, finished iteration 231
[LightGBM] [Debug] Trained a tree with leaves = 255
[LightGBM] [Info] 17.244679 seconds elapsed, finished iteration 232
[LightGBM] [Debug] Trained a tree with leaves = 255
[LightGBM] [Info] 17.320523 seconds elapsed, finished iteration 233
[LightGBM] [Debug] Trained a tree with leaves = 255
[LightGBM] [Info] 17.398232 seconds elapsed, finished iteration 234
[LightGBM] [Debug] Trained a tree with leaves = 255
[LightGBM] [Info] 17.472461 seconds elapsed, finished iteration 235
[LightGBM] [Debug] Trained a tree with leaves = 255
[LightGBM] [Info] 17.548649 seconds elapsed, finished iteration 236
[LightGBM] [Debug] Trained a tree with leaves = 255
[LightGBM] [Info] 17.619765 seconds elapsed, finished iteration 237
[LightGBM] [Debug] Trained a tree with leaves = 255
[LightGBM] [Info] 17.690100 seconds elapsed, finished iteration 238
[LightGBM] [Debug] Trained a tree with leaves = 255
[LightGBM] [Info] 17.769016 seconds elapsed, finished iteration 239
[LightGBM] [Debug] Trained a tree with leaves = 255
[LightGBM] [Info] 17.842815 seconds elapsed, finished iteration 240
[LightGBM] [Debug] Trained a tree with leaves = 255
[LightGBM] [Info] 17.922645 seconds elapsed, finished iteration 241
[LightGBM] [Debug] Trained a tree with leaves = 255
[LightGBM] [Info] 18.002610 seconds elapsed, finished iteration 242
[LightGBM] [Debug] Trained a tree with leaves = 255
[LightGBM] [Info] 18.080408 seconds elapsed, finished iteration 243
[LightGBM] [Debug] Trained a tree with leaves = 255
[LightGBM] [Info] 18.159953 seconds elapsed, finished iteration 244
[LightGBM] [Debug] Trained a tree with leaves = 255
[LightGBM] [Info] 18.234622 seconds elapsed, finished iteration 245
[LightGBM] [Debug] Trained a tree with leaves = 255
[LightGBM] [Info] 18.311867 seconds elapsed, finished iteration 246
[LightGBM] [Debug] Trained a tree with leaves = 255
[LightGBM] [Info] 18.393539 seconds elapsed, finished iteration 247
[LightGBM] [Debug] Trained a tree with leaves = 255
[LightGBM] [Info] 18.475879 seconds elapsed, finished iteration 248
[LightGBM] [Debug] Trained a tree with leaves = 255
[LightGBM] [Info] 18.547458 seconds elapsed, finished iteration 249
[LightGBM] [Debug] Trained a tree with leaves = 255
[LightGBM] [Info] 18.619775 seconds elapsed, finished iteration 250
[LightGBM] [Debug] Trained a tree with leaves = 255
[LightGBM] [Info] 18.699676 seconds elapsed, finished iteration 251
[LightGBM] [Debug] Trained a tree with leaves = 255
[LightGBM] [Info] 18.775972 seconds elapsed, finished iteration 252
[LightGBM] [Debug] Trained a tree with leaves = 255
[LightGBM] [Info] 18.859060 seconds elapsed, finished iteration 253
[LightGBM] [Debug] Trained a tree with leaves = 255
[LightGBM] [Info] 18.939472 seconds elapsed, finished iteration 254
[LightGBM] [Debug] Trained a tree with leaves = 255
[LightGBM] [Info] 19.011865 seconds elapsed, finished iteration 255
[LightGBM] [Debug] Trained a tree with leaves = 255
[LightGBM] [Info] 19.092361 seconds elapsed, finished iteration 256
[LightGBM] [Debug] Trained a tree with leaves = 255
[LightGBM] [Info] 19.184241 seconds elapsed, finished iteration 257
[LightGBM] [Debug] Trained a tree with leaves = 255
[LightGBM] [Info] 19.259284 seconds elapsed, finished iteration 258
[LightGBM] [Debug] Trained a tree with leaves = 255
[LightGBM] [Info] 19.335829 seconds elapsed, finished iteration 259
[LightGBM] [Debug] Trained a tree with leaves = 255
[LightGBM] [Info] 19.414600 seconds elapsed, finished iteration 260
[LightGBM] [Debug] Trained a tree with leaves = 255
[LightGBM] [Info] 19.497730 seconds elapsed, finished iteration 261
[LightGBM] [Debug] Trained a tree with leaves = 255
[LightGBM] [Info] 19.580108 seconds elapsed, finished iteration 262
[LightGBM] [Debug] Trained a tree with leaves = 255
[LightGBM] [Info] 19.659287 seconds elapsed, finished iteration 263
[LightGBM] [Debug] Trained a tree with leaves = 255
[LightGBM] [Info] 19.732431 seconds elapsed, finished iteration 264
[LightGBM] [Debug] Trained a tree with leaves = 255
[LightGBM] [Info] 19.809366 seconds elapsed, finished iteration 265
[LightGBM] [Debug] Trained a tree with leaves = 255
[LightGBM] [Info] 19.886717 seconds elapsed, finished iteration 266
[LightGBM] [Debug] Trained a tree with leaves = 255
[LightGBM] [Info] 19.962455 seconds elapsed, finished iteration 267
[LightGBM] [Debug] Trained a tree with leaves = 255
[LightGBM] [Info] 20.037415 seconds elapsed, finished iteration 268
[LightGBM] [Debug] Trained a tree with leaves = 255
[LightGBM] [Info] 20.103197 seconds elapsed, finished iteration 269
[LightGBM] [Debug] Trained a tree with leaves = 255
[LightGBM] [Info] 20.197199 seconds elapsed, finished iteration 270
[LightGBM] [Debug] Trained a tree with leaves = 255
[LightGBM] [Info] 20.267164 seconds elapsed, finished iteration 271
[LightGBM] [Debug] Trained a tree with leaves = 255
[LightGBM] [Info] 20.342244 seconds elapsed, finished iteration 272
[LightGBM] [Debug] Trained a tree with leaves = 255
[LightGBM] [Info] 20.414877 seconds elapsed, finished iteration 273
[LightGBM] [Debug] Trained a tree with leaves = 255
[LightGBM] [Info] 20.494610 seconds elapsed, finished iteration 274
[LightGBM] [Debug] Trained a tree with leaves = 255
[LightGBM] [Info] 20.564761 seconds elapsed, finished iteration 275
[LightGBM] [Debug] Trained a tree with leaves = 255
[LightGBM] [Info] 20.642897 seconds elapsed, finished iteration 276
[LightGBM] [Debug] Trained a tree with leaves = 255
[LightGBM] [Info] 20.722106 seconds elapsed, finished iteration 277
[LightGBM] [Debug] Trained a tree with leaves = 255
[LightGBM] [Info] 20.800428 seconds elapsed, finished iteration 278
[LightGBM] [Debug] Trained a tree with leaves = 255
[LightGBM] [Info] 20.877692 seconds elapsed, finished iteration 279
[LightGBM] [Debug] Trained a tree with leaves = 255
[LightGBM] [Info] 20.948575 seconds elapsed, finished iteration 280
[LightGBM] [Debug] Trained a tree with leaves = 255
[LightGBM] [Info] 21.013011 seconds elapsed, finished iteration 281
[LightGBM] [Debug] Trained a tree with leaves = 255
[LightGBM] [Info] 21.092903 seconds elapsed, finished iteration 282
[LightGBM] [Debug] Trained a tree with leaves = 255
[LightGBM] [Info] 21.167827 seconds elapsed, finished iteration 283
[LightGBM] [Debug] Trained a tree with leaves = 255
[LightGBM] [Info] 21.243778 seconds elapsed, finished iteration 284
[LightGBM] [Debug] Trained a tree with leaves = 255
[LightGBM] [Info] 21.319092 seconds elapsed, finished iteration 285
[LightGBM] [Debug] Trained a tree with leaves = 255
[LightGBM] [Info] 21.398926 seconds elapsed, finished iteration 286
[LightGBM] [Debug] Trained a tree with leaves = 255
[LightGBM] [Info] 21.474308 seconds elapsed, finished iteration 287
[LightGBM] [Debug] Trained a tree with leaves = 255
[LightGBM] [Info] 21.550513 seconds elapsed, finished iteration 288
[LightGBM] [Debug] Trained a tree with leaves = 255
[LightGBM] [Info] 21.628741 seconds elapsed, finished iteration 289
[LightGBM] [Debug] Trained a tree with leaves = 255
[LightGBM] [Info] 21.708825 seconds elapsed, finished iteration 290
[LightGBM] [Debug] Trained a tree with leaves = 255
[LightGBM] [Info] 21.783184 seconds elapsed, finished iteration 291
[LightGBM] [Debug] Trained a tree with leaves = 255
[LightGBM] [Info] 21.856746 seconds elapsed, finished iteration 292
[LightGBM] [Debug] Trained a tree with leaves = 255
[LightGBM] [Info] 21.934894 seconds elapsed, finished iteration 293
[LightGBM] [Debug] Trained a tree with leaves = 255
[LightGBM] [Info] 22.006634 seconds elapsed, finished iteration 294
[LightGBM] [Debug] Trained a tree with leaves = 255
[LightGBM] [Info] 22.087424 seconds elapsed, finished iteration 295
[LightGBM] [Debug] Trained a tree with leaves = 255
[LightGBM] [Info] 22.168675 seconds elapsed, finished iteration 296
[LightGBM] [Debug] Trained a tree with leaves = 255
[LightGBM] [Info] 22.243607 seconds elapsed, finished iteration 297
[LightGBM] [Debug] Trained a tree with leaves = 255
[LightGBM] [Info] 22.319668 seconds elapsed, finished iteration 298
[LightGBM] [Debug] Trained a tree with leaves = 255
[LightGBM] [Info] 22.388053 seconds elapsed, finished iteration 299
[LightGBM] [Debug] Trained a tree with leaves = 255
[LightGBM] [Info] 22.464315 seconds elapsed, finished iteration 300
[LightGBM] [Debug] Trained a tree with leaves = 255
[LightGBM] [Info] 22.543595 seconds elapsed, finished iteration 301
[LightGBM] [Debug] Trained a tree with leaves = 255
[LightGBM] [Info] 22.623987 seconds elapsed, finished iteration 302
[LightGBM] [Debug] Trained a tree with leaves = 255
[LightGBM] [Info] 22.707776 seconds elapsed, finished iteration 303
[LightGBM] [Debug] Trained a tree with leaves = 255
[LightGBM] [Info] 22.792449 seconds elapsed, finished iteration 304
[LightGBM] [Debug] Trained a tree with leaves = 255
[LightGBM] [Info] 22.873410 seconds elapsed, finished iteration 305
[LightGBM] [Debug] Trained a tree with leaves = 255
[LightGBM] [Info] 22.955979 seconds elapsed, finished iteration 306
[LightGBM] [Debug] Trained a tree with leaves = 255
[LightGBM] [Info] 23.040141 seconds elapsed, finished iteration 307
[LightGBM] [Debug] Trained a tree with leaves = 255
[LightGBM] [Info] 23.134682 seconds elapsed, finished iteration 308
[LightGBM] [Debug] Trained a tree with leaves = 255
[LightGBM] [Info] 23.208931 seconds elapsed, finished iteration 309
[LightGBM] [Debug] Trained a tree with leaves = 255
[LightGBM] [Info] 23.282918 seconds elapsed, finished iteration 310
[LightGBM] [Debug] Trained a tree with leaves = 255
[LightGBM] [Info] 23.359779 seconds elapsed, finished iteration 311
[LightGBM] [Debug] Trained a tree with leaves = 255
[LightGBM] [Info] 23.447746 seconds elapsed, finished iteration 312
[LightGBM] [Debug] Trained a tree with leaves = 255
[LightGBM] [Info] 23.528161 seconds elapsed, finished iteration 313
[LightGBM] [Debug] Trained a tree with leaves = 255
[LightGBM] [Info] 23.600989 seconds elapsed, finished iteration 314
[LightGBM] [Debug] Trained a tree with leaves = 255
[LightGBM] [Info] 23.677168 seconds elapsed, finished iteration 315
[LightGBM] [Debug] Trained a tree with leaves = 255
[LightGBM] [Info] 23.745644 seconds elapsed, finished iteration 316
[LightGBM] [Debug] Trained a tree with leaves = 255
[LightGBM] [Info] 23.831094 seconds elapsed, finished iteration 317
[LightGBM] [Debug] Trained a tree with leaves = 255
[LightGBM] [Info] 23.911091 seconds elapsed, finished iteration 318
[LightGBM] [Debug] Trained a tree with leaves = 255
[LightGBM] [Info] 23.991370 seconds elapsed, finished iteration 319
[LightGBM] [Debug] Trained a tree with leaves = 255
[LightGBM] [Info] 24.074172 seconds elapsed, finished iteration 320
[LightGBM] [Debug] Trained a tree with leaves = 255
[LightGBM] [Info] 24.148759 seconds elapsed, finished iteration 321
[LightGBM] [Debug] Trained a tree with leaves = 255
[LightGBM] [Info] 24.224839 seconds elapsed, finished iteration 322
[LightGBM] [Debug] Trained a tree with leaves = 255
[LightGBM] [Info] 24.303557 seconds elapsed, finished iteration 323
[LightGBM] [Debug] Trained a tree with leaves = 255
[LightGBM] [Info] 24.377527 seconds elapsed, finished iteration 324
[LightGBM] [Debug] Trained a tree with leaves = 255
[LightGBM] [Info] 24.459779 seconds elapsed, finished iteration 325
[LightGBM] [Debug] Trained a tree with leaves = 255
[LightGBM] [Info] 24.533534 seconds elapsed, finished iteration 326
[LightGBM] [Debug] Trained a tree with leaves = 255
[LightGBM] [Info] 24.609150 seconds elapsed, finished iteration 327
[LightGBM] [Debug] Trained a tree with leaves = 255
[LightGBM] [Info] 24.691357 seconds elapsed, finished iteration 328
[LightGBM] [Debug] Trained a tree with leaves = 255
[LightGBM] [Info] 24.762800 seconds elapsed, finished iteration 329
[LightGBM] [Debug] Trained a tree with leaves = 255
[LightGBM] [Info] 24.849230 seconds elapsed, finished iteration 330
[LightGBM] [Debug] Trained a tree with leaves = 255
[LightGBM] [Info] 24.930173 seconds elapsed, finished iteration 331
[LightGBM] [Debug] Trained a tree with leaves = 255
[LightGBM] [Info] 25.002075 seconds elapsed, finished iteration 332
[LightGBM] [Debug] Trained a tree with leaves = 255
[LightGBM] [Info] 25.084131 seconds elapsed, finished iteration 333
[LightGBM] [Debug] Trained a tree with leaves = 255
[LightGBM] [Info] 25.163217 seconds elapsed, finished iteration 334
[LightGBM] [Debug] Trained a tree with leaves = 255
[LightGBM] [Info] 25.234687 seconds elapsed, finished iteration 335
[LightGBM] [Debug] Trained a tree with leaves = 255
[LightGBM] [Info] 25.305042 seconds elapsed, finished iteration 336
[LightGBM] [Debug] Trained a tree with leaves = 255
[LightGBM] [Info] 25.380574 seconds elapsed, finished iteration 337
[LightGBM] [Debug] Trained a tree with leaves = 255
[LightGBM] [Info] 25.448841 seconds elapsed, finished iteration 338
[LightGBM] [Debug] Trained a tree with leaves = 255
[LightGBM] [Info] 25.527933 seconds elapsed, finished iteration 339
[LightGBM] [Debug] Trained a tree with leaves = 255
[LightGBM] [Info] 25.602312 seconds elapsed, finished iteration 340
[LightGBM] [Debug] Trained a tree with leaves = 255
[LightGBM] [Info] 25.677072 seconds elapsed, finished iteration 341
[LightGBM] [Debug] Trained a tree with leaves = 255
[LightGBM] [Info] 25.763995 seconds elapsed, finished iteration 342
[LightGBM] [Debug] Trained a tree with leaves = 255
[LightGBM] [Info] 25.837617 seconds elapsed, finished iteration 343
[LightGBM] [Debug] Trained a tree with leaves = 255
[LightGBM] [Info] 25.913787 seconds elapsed, finished iteration 344
[LightGBM] [Debug] Trained a tree with leaves = 255
[LightGBM] [Info] 26.003138 seconds elapsed, finished iteration 345
[LightGBM] [Debug] Trained a tree with leaves = 255
[LightGBM] [Info] 26.084154 seconds elapsed, finished iteration 346
[LightGBM] [Debug] Trained a tree with leaves = 255
[LightGBM] [Info] 26.154130 seconds elapsed, finished iteration 347
[LightGBM] [Debug] Trained a tree with leaves = 255
[LightGBM] [Info] 26.231165 seconds elapsed, finished iteration 348
[LightGBM] [Debug] Trained a tree with leaves = 255
[LightGBM] [Info] 26.318167 seconds elapsed, finished iteration 349
[LightGBM] [Debug] Trained a tree with leaves = 255
[LightGBM] [Info] 26.399841 seconds elapsed, finished iteration 350
[LightGBM] [Debug] Trained a tree with leaves = 255
[LightGBM] [Info] 26.476391 seconds elapsed, finished iteration 351
[LightGBM] [Debug] Trained a tree with leaves = 255
[LightGBM] [Info] 26.562566 seconds elapsed, finished iteration 352
[LightGBM] [Debug] Trained a tree with leaves = 255
[LightGBM] [Info] 26.638385 seconds elapsed, finished iteration 353
[LightGBM] [Debug] Trained a tree with leaves = 255
[LightGBM] [Info] 26.708295 seconds elapsed, finished iteration 354
[LightGBM] [Debug] Trained a tree with leaves = 255
[LightGBM] [Info] 26.781494 seconds elapsed, finished iteration 355
[LightGBM] [Debug] Trained a tree with leaves = 255
[LightGBM] [Info] 26.860009 seconds elapsed, finished iteration 356
[LightGBM] [Debug] Trained a tree with leaves = 255
[LightGBM] [Info] 26.940912 seconds elapsed, finished iteration 357
[LightGBM] [Debug] Trained a tree with leaves = 255
[LightGBM] [Info] 27.018406 seconds elapsed, finished iteration 358
[LightGBM] [Debug] Trained a tree with leaves = 255
[LightGBM] [Info] 27.086999 seconds elapsed, finished iteration 359
[LightGBM] [Debug] Trained a tree with leaves = 255
[LightGBM] [Info] 27.167517 seconds elapsed, finished iteration 360
[LightGBM] [Debug] Trained a tree with leaves = 255
[LightGBM] [Info] 27.244546 seconds elapsed, finished iteration 361
[LightGBM] [Debug] Trained a tree with leaves = 255
[LightGBM] [Info] 27.323752 seconds elapsed, finished iteration 362
[LightGBM] [Debug] Trained a tree with leaves = 255
[LightGBM] [Info] 27.406858 seconds elapsed, finished iteration 363
[LightGBM] [Debug] Trained a tree with leaves = 255
[LightGBM] [Info] 27.484254 seconds elapsed, finished iteration 364
[LightGBM] [Debug] Trained a tree with leaves = 255
[LightGBM] [Info] 27.562938 seconds elapsed, finished iteration 365
[LightGBM] [Debug] Trained a tree with leaves = 255
[LightGBM] [Info] 27.647393 seconds elapsed, finished iteration 366
[LightGBM] [Debug] Trained a tree with leaves = 255
[LightGBM] [Info] 27.728179 seconds elapsed, finished iteration 367
[LightGBM] [Debug] Trained a tree with leaves = 255
[LightGBM] [Info] 27.802887 seconds elapsed, finished iteration 368
[LightGBM] [Debug] Trained a tree with leaves = 255
[LightGBM] [Info] 27.872808 seconds elapsed, finished iteration 369
[LightGBM] [Debug] Trained a tree with leaves = 255
[LightGBM] [Info] 27.960800 seconds elapsed, finished iteration 370
[LightGBM] [Debug] Trained a tree with leaves = 255
[LightGBM] [Info] 28.039869 seconds elapsed, finished iteration 371
[LightGBM] [Debug] Trained a tree with leaves = 255
[LightGBM] [Info] 28.121427 seconds elapsed, finished iteration 372
[LightGBM] [Debug] Trained a tree with leaves = 255
[LightGBM] [Info] 28.206340 seconds elapsed, finished iteration 373
[LightGBM] [Debug] Trained a tree with leaves = 255
[LightGBM] [Info] 28.288166 seconds elapsed, finished iteration 374
[LightGBM] [Debug] Trained a tree with leaves = 255
[LightGBM] [Info] 28.360491 seconds elapsed, finished iteration 375
[LightGBM] [Debug] Trained a tree with leaves = 255
[LightGBM] [Info] 28.436104 seconds elapsed, finished iteration 376
[LightGBM] [Debug] Trained a tree with leaves = 255
[LightGBM] [Info] 28.514276 seconds elapsed, finished iteration 377
[LightGBM] [Debug] Trained a tree with leaves = 255
[LightGBM] [Info] 28.589574 seconds elapsed, finished iteration 378
[LightGBM] [Debug] Trained a tree with leaves = 255
[LightGBM] [Info] 28.669500 seconds elapsed, finished iteration 379
[LightGBM] [Debug] Trained a tree with leaves = 255
[LightGBM] [Info] 28.748087 seconds elapsed, finished iteration 380
[LightGBM] [Debug] Trained a tree with leaves = 255
[LightGBM] [Info] 28.830941 seconds elapsed, finished iteration 381
[LightGBM] [Debug] Trained a tree with leaves = 255
[LightGBM] [Info] 28.913230 seconds elapsed, finished iteration 382
[LightGBM] [Debug] Trained a tree with leaves = 255
[LightGBM] [Info] 28.990602 seconds elapsed, finished iteration 383
[LightGBM] [Debug] Trained a tree with leaves = 255
[LightGBM] [Info] 29.065589 seconds elapsed, finished iteration 384
[LightGBM] [Debug] Trained a tree with leaves = 255
[LightGBM] [Info] 29.146682 seconds elapsed, finished iteration 385
[LightGBM] [Debug] Trained a tree with leaves = 255
[LightGBM] [Info] 29.228405 seconds elapsed, finished iteration 386
[LightGBM] [Debug] Trained a tree with leaves = 255
[LightGBM] [Info] 29.309299 seconds elapsed, finished iteration 387
[LightGBM] [Debug] Trained a tree with leaves = 255
[LightGBM] [Info] 29.386278 seconds elapsed, finished iteration 388
[LightGBM] [Debug] Trained a tree with leaves = 255
[LightGBM] [Info] 29.461750 seconds elapsed, finished iteration 389
[LightGBM] [Debug] Trained a tree with leaves = 255
[LightGBM] [Info] 29.549442 seconds elapsed, finished iteration 390
[LightGBM] [Debug] Trained a tree with leaves = 255
[LightGBM] [Info] 29.628383 seconds elapsed, finished iteration 391
[LightGBM] [Debug] Trained a tree with leaves = 255
[LightGBM] [Info] 29.701382 seconds elapsed, finished iteration 392
[LightGBM] [Debug] Trained a tree with leaves = 255
[LightGBM] [Info] 29.774640 seconds elapsed, finished iteration 393
[LightGBM] [Debug] Trained a tree with leaves = 255
[LightGBM] [Info] 29.847188 seconds elapsed, finished iteration 394
[LightGBM] [Debug] Trained a tree with leaves = 255
[LightGBM] [Info] 29.923878 seconds elapsed, finished iteration 395
[LightGBM] [Debug] Trained a tree with leaves = 255
[LightGBM] [Info] 30.009540 seconds elapsed, finished iteration 396
[LightGBM] [Debug] Trained a tree with leaves = 255
[LightGBM] [Info] 30.084109 seconds elapsed, finished iteration 397
[LightGBM] [Debug] Trained a tree with leaves = 255
[LightGBM] [Info] 30.172911 seconds elapsed, finished iteration 398
[LightGBM] [Debug] Trained a tree with leaves = 255
[LightGBM] [Info] 30.257270 seconds elapsed, finished iteration 399
[LightGBM] [Debug] Trained a tree with leaves = 255
[LightGBM] [Info] 30.341614 seconds elapsed, finished iteration 400
[LightGBM] [Debug] Trained a tree with leaves = 255
[LightGBM] [Info] 30.419786 seconds elapsed, finished iteration 401
[LightGBM] [Debug] Trained a tree with leaves = 255
[LightGBM] [Info] 30.506366 seconds elapsed, finished iteration 402
[LightGBM] [Debug] Trained a tree with leaves = 255
[LightGBM] [Info] 30.584218 seconds elapsed, finished iteration 403
[LightGBM] [Debug] Trained a tree with leaves = 255
[LightGBM] [Info] 30.665452 seconds elapsed, finished iteration 404
[LightGBM] [Debug] Trained a tree with leaves = 255
[LightGBM] [Info] 30.741902 seconds elapsed, finished iteration 405
[LightGBM] [Debug] Trained a tree with leaves = 255
[LightGBM] [Info] 30.820845 seconds elapsed, finished iteration 406
[LightGBM] [Debug] Trained a tree with leaves = 255
[LightGBM] [Info] 30.898936 seconds elapsed, finished iteration 407
[LightGBM] [Debug] Trained a tree with leaves = 255
[LightGBM] [Info] 30.987984 seconds elapsed, finished iteration 408
[LightGBM] [Debug] Trained a tree with leaves = 255
[LightGBM] [Info] 31.067293 seconds elapsed, finished iteration 409
[LightGBM] [Debug] Trained a tree with leaves = 255
[LightGBM] [Info] 31.149473 seconds elapsed, finished iteration 410
[LightGBM] [Debug] Trained a tree with leaves = 255
[LightGBM] [Info] 31.232308 seconds elapsed, finished iteration 411
[LightGBM] [Debug] Trained a tree with leaves = 255
[LightGBM] [Info] 31.314427 seconds elapsed, finished iteration 412
[LightGBM] [Debug] Trained a tree with leaves = 255
[LightGBM] [Info] 31.397800 seconds elapsed, finished iteration 413
[LightGBM] [Debug] Trained a tree with leaves = 255
[LightGBM] [Info] 31.490114 seconds elapsed, finished iteration 414
[LightGBM] [Debug] Trained a tree with leaves = 255
[LightGBM] [Info] 31.561938 seconds elapsed, finished iteration 415
[LightGBM] [Debug] Trained a tree with leaves = 255
[LightGBM] [Info] 31.651082 seconds elapsed, finished iteration 416
[LightGBM] [Debug] Trained a tree with leaves = 255
[LightGBM] [Info] 31.737999 seconds elapsed, finished iteration 417
[LightGBM] [Debug] Trained a tree with leaves = 255
[LightGBM] [Info] 31.815292 seconds elapsed, finished iteration 418
[LightGBM] [Debug] Trained a tree with leaves = 255
[LightGBM] [Info] 31.890851 seconds elapsed, finished iteration 419
[LightGBM] [Debug] Trained a tree with leaves = 255
[LightGBM] [Info] 31.972134 seconds elapsed, finished iteration 420
[LightGBM] [Debug] Trained a tree with leaves = 255
[LightGBM] [Info] 32.051266 seconds elapsed, finished iteration 421
[LightGBM] [Debug] Trained a tree with leaves = 255
[LightGBM] [Info] 32.136310 seconds elapsed, finished iteration 422
[LightGBM] [Debug] Trained a tree with leaves = 255
[LightGBM] [Info] 32.213189 seconds elapsed, finished iteration 423
[LightGBM] [Debug] Trained a tree with leaves = 255
[LightGBM] [Info] 32.293060 seconds elapsed, finished iteration 424
[LightGBM] [Debug] Trained a tree with leaves = 255
[LightGBM] [Info] 32.387921 seconds elapsed, finished iteration 425
[LightGBM] [Debug] Trained a tree with leaves = 255
[LightGBM] [Info] 32.465003 seconds elapsed, finished iteration 426
[LightGBM] [Debug] Trained a tree with leaves = 255
[LightGBM] [Info] 32.538737 seconds elapsed, finished iteration 427
[LightGBM] [Debug] Trained a tree with leaves = 255
[LightGBM] [Info] 32.625885 seconds elapsed, finished iteration 428
[LightGBM] [Debug] Trained a tree with leaves = 255
[LightGBM] [Info] 32.705466 seconds elapsed, finished iteration 429
[LightGBM] [Debug] Trained a tree with leaves = 255
[LightGBM] [Info] 32.785993 seconds elapsed, finished iteration 430
[LightGBM] [Debug] Trained a tree with leaves = 255
[LightGBM] [Info] 32.866488 seconds elapsed, finished iteration 431
[LightGBM] [Debug] Trained a tree with leaves = 255
[LightGBM] [Info] 32.943751 seconds elapsed, finished iteration 432
[LightGBM] [Debug] Trained a tree with leaves = 255
[LightGBM] [Info] 33.023878 seconds elapsed, finished iteration 433
[LightGBM] [Debug] Trained a tree with leaves = 255
[LightGBM] [Info] 33.099338 seconds elapsed, finished iteration 434
[LightGBM] [Debug] Trained a tree with leaves = 255
[LightGBM] [Info] 33.178248 seconds elapsed, finished iteration 435
[LightGBM] [Debug] Trained a tree with leaves = 255
[LightGBM] [Info] 33.253457 seconds elapsed, finished iteration 436
[LightGBM] [Debug] Trained a tree with leaves = 255
[LightGBM] [Info] 33.331571 seconds elapsed, finished iteration 437
[LightGBM] [Debug] Trained a tree with leaves = 255
[LightGBM] [Info] 33.409469 seconds elapsed, finished iteration 438
[LightGBM] [Debug] Trained a tree with leaves = 255
[LightGBM] [Info] 33.480677 seconds elapsed, finished iteration 439
[LightGBM] [Debug] Trained a tree with leaves = 255
[LightGBM] [Info] 33.549741 seconds elapsed, finished iteration 440
[LightGBM] [Debug] Trained a tree with leaves = 255
[LightGBM] [Info] 33.619940 seconds elapsed, finished iteration 441
[LightGBM] [Debug] Trained a tree with leaves = 255
[LightGBM] [Info] 33.697015 seconds elapsed, finished iteration 442
[LightGBM] [Debug] Trained a tree with leaves = 255
[LightGBM] [Info] 33.764324 seconds elapsed, finished iteration 443
[LightGBM] [Debug] Trained a tree with leaves = 255
[LightGBM] [Info] 33.844662 seconds elapsed, finished iteration 444
[LightGBM] [Debug] Trained a tree with leaves = 255
[LightGBM] [Info] 33.921086 seconds elapsed, finished iteration 445
[LightGBM] [Debug] Trained a tree with leaves = 255
[LightGBM] [Info] 33.996511 seconds elapsed, finished iteration 446
[LightGBM] [Debug] Trained a tree with leaves = 255
[LightGBM] [Info] 34.079155 seconds elapsed, finished iteration 447
[LightGBM] [Debug] Trained a tree with leaves = 255
[LightGBM] [Info] 34.160816 seconds elapsed, finished iteration 448
[LightGBM] [Debug] Trained a tree with leaves = 255
[LightGBM] [Info] 34.242410 seconds elapsed, finished iteration 449
[LightGBM] [Debug] Trained a tree with leaves = 255
[LightGBM] [Info] 34.315936 seconds elapsed, finished iteration 450
[LightGBM] [Debug] Trained a tree with leaves = 255
[LightGBM] [Info] 34.393353 seconds elapsed, finished iteration 451
[LightGBM] [Debug] Trained a tree with leaves = 255
[LightGBM] [Info] 34.467824 seconds elapsed, finished iteration 452
[LightGBM] [Debug] Trained a tree with leaves = 255
[LightGBM] [Info] 34.556225 seconds elapsed, finished iteration 453
[LightGBM] [Debug] Trained a tree with leaves = 255
[LightGBM] [Info] 34.643573 seconds elapsed, finished iteration 454
[LightGBM] [Debug] Trained a tree with leaves = 255
[LightGBM] [Info] 34.722314 seconds elapsed, finished iteration 455
[LightGBM] [Debug] Trained a tree with leaves = 255
[LightGBM] [Info] 34.797459 seconds elapsed, finished iteration 456
[LightGBM] [Debug] Trained a tree with leaves = 255
[LightGBM] [Info] 34.874630 seconds elapsed, finished iteration 457
[LightGBM] [Debug] Trained a tree with leaves = 255
[LightGBM] [Info] 34.951486 seconds elapsed, finished iteration 458
[LightGBM] [Debug] Trained a tree with leaves = 255
[LightGBM] [Info] 35.021436 seconds elapsed, finished iteration 459
[LightGBM] [Debug] Trained a tree with leaves = 255
[LightGBM] [Info] 35.094717 seconds elapsed, finished iteration 460
[LightGBM] [Debug] Trained a tree with leaves = 255
[LightGBM] [Info] 35.181269 seconds elapsed, finished iteration 461
[LightGBM] [Debug] Trained a tree with leaves = 255
[LightGBM] [Info] 35.272337 seconds elapsed, finished iteration 462
[LightGBM] [Debug] Trained a tree with leaves = 255
[LightGBM] [Info] 35.337899 seconds elapsed, finished iteration 463
[LightGBM] [Debug] Trained a tree with leaves = 255
[LightGBM] [Info] 35.414025 seconds elapsed, finished iteration 464
[LightGBM] [Debug] Trained a tree with leaves = 255
[LightGBM] [Info] 35.497861 seconds elapsed, finished iteration 465
[LightGBM] [Debug] Trained a tree with leaves = 255
[LightGBM] [Info] 35.572874 seconds elapsed, finished iteration 466
[LightGBM] [Debug] Trained a tree with leaves = 255
[LightGBM] [Info] 35.643115 seconds elapsed, finished iteration 467
[LightGBM] [Debug] Trained a tree with leaves = 255
[LightGBM] [Info] 35.718071 seconds elapsed, finished iteration 468
[LightGBM] [Debug] Trained a tree with leaves = 255
[LightGBM] [Info] 35.790767 seconds elapsed, finished iteration 469
[LightGBM] [Debug] Trained a tree with leaves = 255
[LightGBM] [Info] 35.871850 seconds elapsed, finished iteration 470
[LightGBM] [Debug] Trained a tree with leaves = 255
[LightGBM] [Info] 35.956550 seconds elapsed, finished iteration 471
[LightGBM] [Debug] Trained a tree with leaves = 255
[LightGBM] [Info] 36.032782 seconds elapsed, finished iteration 472
[LightGBM] [Debug] Trained a tree with leaves = 255
[LightGBM] [Info] 36.110459 seconds elapsed, finished iteration 473
[LightGBM] [Debug] Trained a tree with leaves = 255
[LightGBM] [Info] 36.179681 seconds elapsed, finished iteration 474
[LightGBM] [Debug] Trained a tree with leaves = 255
[LightGBM] [Info] 36.257347 seconds elapsed, finished iteration 475
[LightGBM] [Debug] Trained a tree with leaves = 255
[LightGBM] [Info] 36.334119 seconds elapsed, finished iteration 476
[LightGBM] [Debug] Trained a tree with leaves = 255
[LightGBM] [Info] 36.409056 seconds elapsed, finished iteration 477
[LightGBM] [Debug] Trained a tree with leaves = 255
[LightGBM] [Info] 36.489506 seconds elapsed, finished iteration 478
[LightGBM] [Debug] Trained a tree with leaves = 255
[LightGBM] [Info] 36.569690 seconds elapsed, finished iteration 479
[LightGBM] [Debug] Trained a tree with leaves = 255
[LightGBM] [Info] 36.657041 seconds elapsed, finished iteration 480
[LightGBM] [Debug] Trained a tree with leaves = 255
[LightGBM] [Info] 36.745357 seconds elapsed, finished iteration 481
[LightGBM] [Debug] Trained a tree with leaves = 255
[LightGBM] [Info] 36.835796 seconds elapsed, finished iteration 482
[LightGBM] [Debug] Trained a tree with leaves = 255
[LightGBM] [Info] 36.911433 seconds elapsed, finished iteration 483
[LightGBM] [Debug] Trained a tree with leaves = 255
[LightGBM] [Info] 36.981916 seconds elapsed, finished iteration 484
[LightGBM] [Debug] Trained a tree with leaves = 255
[LightGBM] [Info] 37.065066 seconds elapsed, finished iteration 485
[LightGBM] [Debug] Trained a tree with leaves = 255
[LightGBM] [Info] 37.145325 seconds elapsed, finished iteration 486
[LightGBM] [Debug] Trained a tree with leaves = 255
[LightGBM] [Info] 37.220068 seconds elapsed, finished iteration 487
[LightGBM] [Debug] Trained a tree with leaves = 255
[LightGBM] [Info] 37.309612 seconds elapsed, finished iteration 488
[LightGBM] [Debug] Trained a tree with leaves = 255
[LightGBM] [Info] 37.389259 seconds elapsed, finished iteration 489
[LightGBM] [Debug] Trained a tree with leaves = 255
[LightGBM] [Info] 37.469986 seconds elapsed, finished iteration 490
[LightGBM] [Debug] Trained a tree with leaves = 255
[LightGBM] [Info] 37.546748 seconds elapsed, finished iteration 491
[LightGBM] [Debug] Trained a tree with leaves = 255
[LightGBM] [Info] 37.623766 seconds elapsed, finished iteration 492
[LightGBM] [Debug] Trained a tree with leaves = 255
[LightGBM] [Info] 37.693115 seconds elapsed, finished iteration 493
[LightGBM] [Debug] Trained a tree with leaves = 255
[LightGBM] [Info] 37.772360 seconds elapsed, finished iteration 494
[LightGBM] [Debug] Trained a tree with leaves = 255
[LightGBM] [Info] 37.848521 seconds elapsed, finished iteration 495
[LightGBM] [Debug] Trained a tree with leaves = 255
[LightGBM] [Info] 37.921927 seconds elapsed, finished iteration 496
[LightGBM] [Debug] Trained a tree with leaves = 255
[LightGBM] [Info] 38.005058 seconds elapsed, finished iteration 497
[LightGBM] [Debug] Trained a tree with leaves = 255
[LightGBM] [Info] 38.081690 seconds elapsed, finished iteration 498
[LightGBM] [Debug] Trained a tree with leaves = 255
[LightGBM] [Info] 38.173686 seconds elapsed, finished iteration 499
[LightGBM] [Debug] Trained a tree with leaves = 255
[LightGBM] [Info] 38.255894 seconds elapsed, finished iteration 500
[LightGBM] [Info] Finished training
[LightGBM] [Info] CUDABestSplitFinder::LaunchSyncBestSplitForLeafKernel costs:	 3.091239
[LightGBM] [Info] CUDADataPartition::AddPredictionToScoreKernel costs:	 0.435249
[LightGBM] [Info] CUDADataPartition::AggregateBlockOffsetKernel costs:	 4.234107
[LightGBM] [Info] CUDADataPartition::CopyDataIndicesKernel costs:	 0.357739
[LightGBM] [Info] CUDADataPartition::CopyFromCUDADeviceToHostAsync costs:	 3.029922
[LightGBM] [Info] CUDADataPartition::LaunchAddPredictionToScoreKernel::BitonicArgSortGlobal costs:	 0.022619
[LightGBM] [Info] CUDADataPartition::SplitInnerKernel costs:	 0.350630
[LightGBM] [Info] CUDADataPartition::SplitTreeStructureKernel costs:	 0.314230
[LightGBM] [Info] CUDAHistogramConstructor::ConstructHistogramForLeaf::LaunchSubtractHistogramKernel costs:	 0.807011
[LightGBM] [Info] CUDAHistogramConstructor::FixHistogramDiscretizedKernel costs:	 0.357400
[LightGBM] [Info] CUDAHistogramConstructor::SubtractHistogramDiscretizedKernel costs:	 0.333721
[LightGBM] [Info] CUDAScoreUpdater::AddScore costs:	 0.000018
[LightGBM] [Info] CUDASingleGPUTreeLearner::BeforeTrain costs:	 1.421546
[LightGBM] [Info] CUDASingleGPUTreeLearner::CPUFindBestFromAllSplits costs:	 0.033035
[LightGBM] [Info] CUDASingleGPUTreeLearner::ConstructHistogramForLeaf costs:	 16.023757
[LightGBM] [Info] CUDASingleGPUTreeLearner::FindBestFromAllSplits costs:	 2.387217
[LightGBM] [Info] CUDASingleGPUTreeLearner::FindBestSplitsForLeaf costs:	 5.248098
[LightGBM] [Info] CUDASingleGPUTreeLearner::NCCLReduceHistogram costs:	 0.007902
[LightGBM] [Info] CUDASingleGPUTreeLearner::RenewDiscretizedTreeLeaves costs:	 1.715318
[LightGBM] [Info] CUDASingleGPUTreeLearner::Split costs:	 9.431197
[LightGBM] [Info] Dataset::FastFeatureBundling costs:	 0.069138
[LightGBM] [Info] Dataset::GetMultiBinFromAllFeatures costs:	 2.873169
[LightGBM] [Info] Dataset::PushDataToMultiValBin costs:	 2.070338
[LightGBM] [Info] Dataset::TestMultiThreadingMethod costs:	 2.873242
[LightGBM] [Info] GBDT::Bagging costs:	 0.000092
[LightGBM] [Info] GBDT::BoostFromAverage costs:	 0.000337
[LightGBM] [Info] GBDT::Boosting costs:	 0.213773
[LightGBM] [Info] GBDT::Train costs:	 38.255909
[LightGBM] [Info] GBDT::TrainOneIter costs:	 38.247055
[LightGBM] [Info] GBDT::UpdateScore costs:	 0.436528
[LightGBM] [Info] GenDataToLeftBitVector costs:	 0.361564
[LightGBM] [Info] ScoreUpdater::AddScore costs:	 0.435869
[LightGBM] [Info] SplitInner costs:	 8.503553
