[LightGBM] [Warning] use_discretized_grad is set=true, use_discretized_grad=true will be ignored. Current value: use_discretized_grad=true
[LightGBM] [Warning] discretized_grad_renew is set=true, discretized_grad_renew=true will be ignored. Current value: discretized_grad_renew=true
[LightGBM] [Warning] force_row_wise is set=true, force_row_wise=true will be ignored. Current value: force_row_wise=true
[LightGBM] [Info] Finished loading parameters
[LightGBM] [Debug] Loading train file...
[LightGBM] [Debug] Read 10.0 GBs from /home/shiyu/boosting_tree_benchmarks/data//epsilon.train.
[LightGBM] [Info] Construct bin mappers from text data time 38.64 seconds
[LightGBM] [Info] Finished loading data in 69.692339 seconds
[LightGBM] [Info] Number of positive: 199823, number of negative: 200177
[LightGBM] [Debug] Dataset::GetMultiBinFromAllFeatures: sparse rate 0.000000
[LightGBM] [Info] Total Bins 510000
[LightGBM] [Info] Number of data points in the train set: 400000, number of used features: 2000
[LightGBM] [Info] Finished initializing training
[LightGBM] [Info] Started training...
[LightGBM] [Info] [binary:BoostFromScore]: pavg=0.499557 -> initscore=-0.001770
[LightGBM] [Info] Start training from score -0.001770
[LightGBM] [Debug] Trained a tree with leaves = 255 and depth = 11
[LightGBM] [Info] 1.129827 seconds elapsed, finished iteration 1
[LightGBM] [Debug] Trained a tree with leaves = 255 and depth = 11
[LightGBM] [Info] 2.186521 seconds elapsed, finished iteration 2
[LightGBM] [Debug] Trained a tree with leaves = 255 and depth = 12
[LightGBM] [Info] 3.260447 seconds elapsed, finished iteration 3
[LightGBM] [Debug] Trained a tree with leaves = 255 and depth = 11
[LightGBM] [Info] 4.312520 seconds elapsed, finished iteration 4
[LightGBM] [Debug] Trained a tree with leaves = 255 and depth = 12
[LightGBM] [Info] 5.331944 seconds elapsed, finished iteration 5
[LightGBM] [Debug] Trained a tree with leaves = 255 and depth = 10
[LightGBM] [Info] 6.352331 seconds elapsed, finished iteration 6
[LightGBM] [Debug] Trained a tree with leaves = 255 and depth = 11
[LightGBM] [Info] 7.381938 seconds elapsed, finished iteration 7
[LightGBM] [Debug] Trained a tree with leaves = 255 and depth = 12
[LightGBM] [Info] 8.504144 seconds elapsed, finished iteration 8
[LightGBM] [Debug] Trained a tree with leaves = 255 and depth = 11
[LightGBM] [Info] 9.840563 seconds elapsed, finished iteration 9
[LightGBM] [Debug] Trained a tree with leaves = 255 and depth = 12
[LightGBM] [Info] 10.902033 seconds elapsed, finished iteration 10
[LightGBM] [Debug] Trained a tree with leaves = 255 and depth = 12
[LightGBM] [Info] 12.053952 seconds elapsed, finished iteration 11
[LightGBM] [Debug] Trained a tree with leaves = 255 and depth = 13
[LightGBM] [Info] 13.039120 seconds elapsed, finished iteration 12
[LightGBM] [Debug] Trained a tree with leaves = 255 and depth = 11
[LightGBM] [Info] 14.053525 seconds elapsed, finished iteration 13
[LightGBM] [Debug] Trained a tree with leaves = 255 and depth = 12
[LightGBM] [Info] 15.046760 seconds elapsed, finished iteration 14
[LightGBM] [Debug] Trained a tree with leaves = 255 and depth = 12
[LightGBM] [Info] 16.015718 seconds elapsed, finished iteration 15
[LightGBM] [Debug] Trained a tree with leaves = 255 and depth = 13
[LightGBM] [Info] 17.013967 seconds elapsed, finished iteration 16
[LightGBM] [Debug] Trained a tree with leaves = 255 and depth = 12
[LightGBM] [Info] 18.014035 seconds elapsed, finished iteration 17
[LightGBM] [Debug] Trained a tree with leaves = 255 and depth = 13
[LightGBM] [Info] 18.967108 seconds elapsed, finished iteration 18
[LightGBM] [Debug] Trained a tree with leaves = 255 and depth = 13
[LightGBM] [Info] 19.939836 seconds elapsed, finished iteration 19
[LightGBM] [Debug] Trained a tree with leaves = 255 and depth = 12
[LightGBM] [Info] 20.993183 seconds elapsed, finished iteration 20
[LightGBM] [Debug] Trained a tree with leaves = 255 and depth = 12
[LightGBM] [Info] 21.991454 seconds elapsed, finished iteration 21
[LightGBM] [Debug] Trained a tree with leaves = 255 and depth = 11
[LightGBM] [Info] 23.039608 seconds elapsed, finished iteration 22
[LightGBM] [Debug] Trained a tree with leaves = 255 and depth = 13
[LightGBM] [Info] 24.043811 seconds elapsed, finished iteration 23
[LightGBM] [Debug] Trained a tree with leaves = 255 and depth = 13
[LightGBM] [Info] 25.495685 seconds elapsed, finished iteration 24
[LightGBM] [Debug] Trained a tree with leaves = 255 and depth = 14
[LightGBM] [Info] 26.602404 seconds elapsed, finished iteration 25
[LightGBM] [Debug] Trained a tree with leaves = 255 and depth = 12
[LightGBM] [Info] 27.609492 seconds elapsed, finished iteration 26
[LightGBM] [Debug] Trained a tree with leaves = 255 and depth = 16
[LightGBM] [Info] 28.577251 seconds elapsed, finished iteration 27
[LightGBM] [Debug] Trained a tree with leaves = 255 and depth = 12
[LightGBM] [Info] 29.569877 seconds elapsed, finished iteration 28
[LightGBM] [Debug] Trained a tree with leaves = 255 and depth = 12
[LightGBM] [Info] 30.576565 seconds elapsed, finished iteration 29
[LightGBM] [Debug] Trained a tree with leaves = 255 and depth = 13
[LightGBM] [Info] 31.552672 seconds elapsed, finished iteration 30
[LightGBM] [Debug] Trained a tree with leaves = 255 and depth = 12
[LightGBM] [Info] 32.566907 seconds elapsed, finished iteration 31
[LightGBM] [Debug] Trained a tree with leaves = 255 and depth = 13
[LightGBM] [Info] 33.590287 seconds elapsed, finished iteration 32
[LightGBM] [Debug] Trained a tree with leaves = 255 and depth = 12
[LightGBM] [Info] 34.558713 seconds elapsed, finished iteration 33
[LightGBM] [Debug] Trained a tree with leaves = 255 and depth = 13
[LightGBM] [Info] 35.596688 seconds elapsed, finished iteration 34
[LightGBM] [Debug] Trained a tree with leaves = 255 and depth = 12
[LightGBM] [Info] 36.580113 seconds elapsed, finished iteration 35
[LightGBM] [Debug] Trained a tree with leaves = 255 and depth = 14
[LightGBM] [Info] 37.554408 seconds elapsed, finished iteration 36
[LightGBM] [Debug] Trained a tree with leaves = 255 and depth = 13
[LightGBM] [Info] 38.480757 seconds elapsed, finished iteration 37
[LightGBM] [Debug] Trained a tree with leaves = 255 and depth = 13
[LightGBM] [Info] 39.483764 seconds elapsed, finished iteration 38
[LightGBM] [Debug] Trained a tree with leaves = 255 and depth = 13
[LightGBM] [Info] 40.472870 seconds elapsed, finished iteration 39
[LightGBM] [Debug] Trained a tree with leaves = 255 and depth = 13
[LightGBM] [Info] 41.882038 seconds elapsed, finished iteration 40
[LightGBM] [Debug] Trained a tree with leaves = 255 and depth = 12
[LightGBM] [Info] 42.976696 seconds elapsed, finished iteration 41
[LightGBM] [Debug] Trained a tree with leaves = 255 and depth = 13
[LightGBM] [Info] 43.967759 seconds elapsed, finished iteration 42
[LightGBM] [Debug] Trained a tree with leaves = 255 and depth = 13
[LightGBM] [Info] 44.943546 seconds elapsed, finished iteration 43
[LightGBM] [Debug] Trained a tree with leaves = 255 and depth = 14
[LightGBM] [Info] 45.922180 seconds elapsed, finished iteration 44
[LightGBM] [Debug] Trained a tree with leaves = 255 and depth = 14
[LightGBM] [Info] 46.875549 seconds elapsed, finished iteration 45
[LightGBM] [Debug] Trained a tree with leaves = 255 and depth = 12
[LightGBM] [Info] 48.040272 seconds elapsed, finished iteration 46
[LightGBM] [Debug] Trained a tree with leaves = 255 and depth = 13
[LightGBM] [Info] 48.961526 seconds elapsed, finished iteration 47
[LightGBM] [Debug] Trained a tree with leaves = 255 and depth = 14
[LightGBM] [Info] 49.935318 seconds elapsed, finished iteration 48
[LightGBM] [Debug] Trained a tree with leaves = 255 and depth = 14
[LightGBM] [Info] 50.854692 seconds elapsed, finished iteration 49
[LightGBM] [Debug] Trained a tree with leaves = 255 and depth = 14
[LightGBM] [Info] 51.810154 seconds elapsed, finished iteration 50
[LightGBM] [Debug] Trained a tree with leaves = 255 and depth = 12
[LightGBM] [Info] 52.839331 seconds elapsed, finished iteration 51
[LightGBM] [Debug] Trained a tree with leaves = 255 and depth = 14
[LightGBM] [Info] 53.757037 seconds elapsed, finished iteration 52
[LightGBM] [Debug] Trained a tree with leaves = 255 and depth = 13
[LightGBM] [Info] 54.775122 seconds elapsed, finished iteration 53
[LightGBM] [Debug] Trained a tree with leaves = 255 and depth = 15
[LightGBM] [Info] 55.731449 seconds elapsed, finished iteration 54
[LightGBM] [Debug] Trained a tree with leaves = 255 and depth = 14
[LightGBM] [Info] 56.717894 seconds elapsed, finished iteration 55
[LightGBM] [Debug] Trained a tree with leaves = 255 and depth = 14
[LightGBM] [Info] 57.794935 seconds elapsed, finished iteration 56
[LightGBM] [Debug] Trained a tree with leaves = 255 and depth = 15
[LightGBM] [Info] 58.961862 seconds elapsed, finished iteration 57
[LightGBM] [Debug] Trained a tree with leaves = 255 and depth = 14
[LightGBM] [Info] 59.942553 seconds elapsed, finished iteration 58
[LightGBM] [Debug] Trained a tree with leaves = 255 and depth = 13
[LightGBM] [Info] 60.909724 seconds elapsed, finished iteration 59
[LightGBM] [Debug] Trained a tree with leaves = 255 and depth = 13
[LightGBM] [Info] 61.857955 seconds elapsed, finished iteration 60
[LightGBM] [Debug] Trained a tree with leaves = 255 and depth = 13
[LightGBM] [Info] 62.839065 seconds elapsed, finished iteration 61
[LightGBM] [Debug] Trained a tree with leaves = 255 and depth = 13
[LightGBM] [Info] 63.824753 seconds elapsed, finished iteration 62
[LightGBM] [Debug] Trained a tree with leaves = 255 and depth = 15
[LightGBM] [Info] 64.812901 seconds elapsed, finished iteration 63
[LightGBM] [Debug] Trained a tree with leaves = 255 and depth = 14
[LightGBM] [Info] 65.775077 seconds elapsed, finished iteration 64
[LightGBM] [Debug] Trained a tree with leaves = 255 and depth = 13
[LightGBM] [Info] 66.745196 seconds elapsed, finished iteration 65
[LightGBM] [Debug] Trained a tree with leaves = 255 and depth = 14
[LightGBM] [Info] 67.720063 seconds elapsed, finished iteration 66
[LightGBM] [Debug] Trained a tree with leaves = 255 and depth = 14
[LightGBM] [Info] 68.657019 seconds elapsed, finished iteration 67
[LightGBM] [Debug] Trained a tree with leaves = 255 and depth = 16
[LightGBM] [Info] 69.625907 seconds elapsed, finished iteration 68
[LightGBM] [Debug] Trained a tree with leaves = 255 and depth = 14
[LightGBM] [Info] 70.581567 seconds elapsed, finished iteration 69
[LightGBM] [Debug] Trained a tree with leaves = 255 and depth = 13
[LightGBM] [Info] 71.592321 seconds elapsed, finished iteration 70
[LightGBM] [Debug] Trained a tree with leaves = 255 and depth = 16
[LightGBM] [Info] 72.608171 seconds elapsed, finished iteration 71
[LightGBM] [Debug] Trained a tree with leaves = 255 and depth = 13
[LightGBM] [Info] 73.582576 seconds elapsed, finished iteration 72
[LightGBM] [Debug] Trained a tree with leaves = 255 and depth = 14
[LightGBM] [Info] 74.726252 seconds elapsed, finished iteration 73
[LightGBM] [Debug] Trained a tree with leaves = 255 and depth = 14
[LightGBM] [Info] 75.961834 seconds elapsed, finished iteration 74
[LightGBM] [Debug] Trained a tree with leaves = 255 and depth = 13
[LightGBM] [Info] 76.962161 seconds elapsed, finished iteration 75
[LightGBM] [Debug] Trained a tree with leaves = 255 and depth = 13
[LightGBM] [Info] 77.907057 seconds elapsed, finished iteration 76
[LightGBM] [Debug] Trained a tree with leaves = 255 and depth = 13
[LightGBM] [Info] 78.872655 seconds elapsed, finished iteration 77
[LightGBM] [Debug] Trained a tree with leaves = 255 and depth = 15
[LightGBM] [Info] 79.768532 seconds elapsed, finished iteration 78
[LightGBM] [Debug] Trained a tree with leaves = 255 and depth = 15
[LightGBM] [Info] 80.684132 seconds elapsed, finished iteration 79
[LightGBM] [Debug] Trained a tree with leaves = 255 and depth = 15
[LightGBM] [Info] 81.593007 seconds elapsed, finished iteration 80
[LightGBM] [Debug] Trained a tree with leaves = 255 and depth = 14
[LightGBM] [Info] 82.582335 seconds elapsed, finished iteration 81
[LightGBM] [Debug] Trained a tree with leaves = 255 and depth = 13
[LightGBM] [Info] 83.545322 seconds elapsed, finished iteration 82
[LightGBM] [Debug] Trained a tree with leaves = 255 and depth = 16
[LightGBM] [Info] 84.473838 seconds elapsed, finished iteration 83
[LightGBM] [Debug] Trained a tree with leaves = 255 and depth = 14
[LightGBM] [Info] 85.390371 seconds elapsed, finished iteration 84
[LightGBM] [Debug] Trained a tree with leaves = 255 and depth = 14
[LightGBM] [Info] 86.364323 seconds elapsed, finished iteration 85
[LightGBM] [Debug] Trained a tree with leaves = 255 and depth = 16
[LightGBM] [Info] 87.261437 seconds elapsed, finished iteration 86
[LightGBM] [Debug] Trained a tree with leaves = 255 and depth = 15
[LightGBM] [Info] 88.192299 seconds elapsed, finished iteration 87
[LightGBM] [Debug] Trained a tree with leaves = 255 and depth = 15
[LightGBM] [Info] 89.142783 seconds elapsed, finished iteration 88
[LightGBM] [Debug] Trained a tree with leaves = 255 and depth = 14
[LightGBM] [Info] 90.120951 seconds elapsed, finished iteration 89
[LightGBM] [Debug] Trained a tree with leaves = 255 and depth = 13
[LightGBM] [Info] 91.259222 seconds elapsed, finished iteration 90
[LightGBM] [Debug] Trained a tree with leaves = 255 and depth = 15
[LightGBM] [Info] 92.390777 seconds elapsed, finished iteration 91
[LightGBM] [Debug] Trained a tree with leaves = 255 and depth = 14
[LightGBM] [Info] 93.385289 seconds elapsed, finished iteration 92
[LightGBM] [Debug] Trained a tree with leaves = 255 and depth = 14
[LightGBM] [Info] 94.323911 seconds elapsed, finished iteration 93
[LightGBM] [Debug] Trained a tree with leaves = 255 and depth = 17
[LightGBM] [Info] 95.314613 seconds elapsed, finished iteration 94
[LightGBM] [Debug] Trained a tree with leaves = 255 and depth = 18
[LightGBM] [Info] 96.192763 seconds elapsed, finished iteration 95
[LightGBM] [Debug] Trained a tree with leaves = 255 and depth = 15
[LightGBM] [Info] 97.096259 seconds elapsed, finished iteration 96
[LightGBM] [Debug] Trained a tree with leaves = 255 and depth = 16
[LightGBM] [Info] 97.988150 seconds elapsed, finished iteration 97
[LightGBM] [Debug] Trained a tree with leaves = 255 and depth = 16
[LightGBM] [Info] 98.928369 seconds elapsed, finished iteration 98
[LightGBM] [Debug] Trained a tree with leaves = 255 and depth = 14
[LightGBM] [Info] 99.878679 seconds elapsed, finished iteration 99
[LightGBM] [Debug] Trained a tree with leaves = 255 and depth = 14
[LightGBM] [Info] 100.796646 seconds elapsed, finished iteration 100
[LightGBM] [Debug] Trained a tree with leaves = 255 and depth = 15
[LightGBM] [Info] 101.772151 seconds elapsed, finished iteration 101
[LightGBM] [Debug] Trained a tree with leaves = 255 and depth = 14
[LightGBM] [Info] 102.682777 seconds elapsed, finished iteration 102
[LightGBM] [Debug] Trained a tree with leaves = 255 and depth = 16
[LightGBM] [Info] 103.620084 seconds elapsed, finished iteration 103
[LightGBM] [Debug] Trained a tree with leaves = 255 and depth = 15
[LightGBM] [Info] 104.518639 seconds elapsed, finished iteration 104
[LightGBM] [Debug] Trained a tree with leaves = 255 and depth = 16
[LightGBM] [Info] 105.545152 seconds elapsed, finished iteration 105
[LightGBM] [Debug] Trained a tree with leaves = 255 and depth = 16
[LightGBM] [Info] 106.470286 seconds elapsed, finished iteration 106
[LightGBM] [Debug] Trained a tree with leaves = 255 and depth = 17
[LightGBM] [Info] 107.516253 seconds elapsed, finished iteration 107
[LightGBM] [Debug] Trained a tree with leaves = 255 and depth = 15
[LightGBM] [Info] 108.658896 seconds elapsed, finished iteration 108
[LightGBM] [Debug] Trained a tree with leaves = 255 and depth = 17
[LightGBM] [Info] 109.584383 seconds elapsed, finished iteration 109
[LightGBM] [Debug] Trained a tree with leaves = 255 and depth = 15
[LightGBM] [Info] 110.504497 seconds elapsed, finished iteration 110
[LightGBM] [Debug] Trained a tree with leaves = 255 and depth = 14
[LightGBM] [Info] 111.452243 seconds elapsed, finished iteration 111
[LightGBM] [Debug] Trained a tree with leaves = 255 and depth = 16
[LightGBM] [Info] 112.423109 seconds elapsed, finished iteration 112
[LightGBM] [Debug] Trained a tree with leaves = 255 and depth = 14
[LightGBM] [Info] 113.355857 seconds elapsed, finished iteration 113
[LightGBM] [Debug] Trained a tree with leaves = 255 and depth = 15
[LightGBM] [Info] 114.274067 seconds elapsed, finished iteration 114
[LightGBM] [Debug] Trained a tree with leaves = 255 and depth = 16
[LightGBM] [Info] 115.175907 seconds elapsed, finished iteration 115
[LightGBM] [Debug] Trained a tree with leaves = 255 and depth = 15
[LightGBM] [Info] 116.080159 seconds elapsed, finished iteration 116
[LightGBM] [Debug] Trained a tree with leaves = 255 and depth = 17
[LightGBM] [Info] 116.979646 seconds elapsed, finished iteration 117
[LightGBM] [Debug] Trained a tree with leaves = 255 and depth = 15
[LightGBM] [Info] 117.914737 seconds elapsed, finished iteration 118
[LightGBM] [Debug] Trained a tree with leaves = 255 and depth = 16
[LightGBM] [Info] 118.875886 seconds elapsed, finished iteration 119
[LightGBM] [Debug] Trained a tree with leaves = 255 and depth = 16
[LightGBM] [Info] 119.770621 seconds elapsed, finished iteration 120
[LightGBM] [Debug] Trained a tree with leaves = 255 and depth = 15
[LightGBM] [Info] 120.658480 seconds elapsed, finished iteration 121
[LightGBM] [Debug] Trained a tree with leaves = 255 and depth = 17
[LightGBM] [Info] 121.565067 seconds elapsed, finished iteration 122
[LightGBM] [Debug] Trained a tree with leaves = 255 and depth = 14
[LightGBM] [Info] 122.550223 seconds elapsed, finished iteration 123
[LightGBM] [Debug] Trained a tree with leaves = 255 and depth = 16
[LightGBM] [Info] 123.442482 seconds elapsed, finished iteration 124
[LightGBM] [Debug] Trained a tree with leaves = 255 and depth = 18
[LightGBM] [Info] 124.725493 seconds elapsed, finished iteration 125
[LightGBM] [Debug] Trained a tree with leaves = 255 and depth = 15
[LightGBM] [Info] 125.754186 seconds elapsed, finished iteration 126
[LightGBM] [Debug] Trained a tree with leaves = 255 and depth = 17
[LightGBM] [Info] 126.694059 seconds elapsed, finished iteration 127
[LightGBM] [Debug] Trained a tree with leaves = 255 and depth = 16
[LightGBM] [Info] 127.639795 seconds elapsed, finished iteration 128
[LightGBM] [Debug] Trained a tree with leaves = 255 and depth = 15
[LightGBM] [Info] 128.533223 seconds elapsed, finished iteration 129
[LightGBM] [Debug] Trained a tree with leaves = 255 and depth = 14
[LightGBM] [Info] 129.503901 seconds elapsed, finished iteration 130
[LightGBM] [Debug] Trained a tree with leaves = 255 and depth = 16
[LightGBM] [Info] 130.403985 seconds elapsed, finished iteration 131
[LightGBM] [Debug] Trained a tree with leaves = 255 and depth = 15
[LightGBM] [Info] 131.388547 seconds elapsed, finished iteration 132
[LightGBM] [Debug] Trained a tree with leaves = 255 and depth = 16
[LightGBM] [Info] 132.300950 seconds elapsed, finished iteration 133
[LightGBM] [Debug] Trained a tree with leaves = 255 and depth = 16
[LightGBM] [Info] 133.222358 seconds elapsed, finished iteration 134
[LightGBM] [Debug] Trained a tree with leaves = 255 and depth = 17
[LightGBM] [Info] 134.102861 seconds elapsed, finished iteration 135
[LightGBM] [Debug] Trained a tree with leaves = 255 and depth = 15
[LightGBM] [Info] 135.070352 seconds elapsed, finished iteration 136
[LightGBM] [Debug] Trained a tree with leaves = 255 and depth = 15
[LightGBM] [Info] 135.973271 seconds elapsed, finished iteration 137
[LightGBM] [Debug] Trained a tree with leaves = 255 and depth = 14
[LightGBM] [Info] 136.902811 seconds elapsed, finished iteration 138
[LightGBM] [Debug] Trained a tree with leaves = 255 and depth = 15
[LightGBM] [Info] 137.840316 seconds elapsed, finished iteration 139
[LightGBM] [Debug] Trained a tree with leaves = 255 and depth = 16
[LightGBM] [Info] 138.788358 seconds elapsed, finished iteration 140
[LightGBM] [Debug] Trained a tree with leaves = 255 and depth = 15
[LightGBM] [Info] 139.731486 seconds elapsed, finished iteration 141
[LightGBM] [Debug] Trained a tree with leaves = 255 and depth = 14
[LightGBM] [Info] 140.767890 seconds elapsed, finished iteration 142
[LightGBM] [Debug] Trained a tree with leaves = 255 and depth = 19
[LightGBM] [Info] 141.865929 seconds elapsed, finished iteration 143
[LightGBM] [Debug] Trained a tree with leaves = 255 and depth = 17
[LightGBM] [Info] 142.783598 seconds elapsed, finished iteration 144
[LightGBM] [Debug] Trained a tree with leaves = 255 and depth = 15
[LightGBM] [Info] 143.702786 seconds elapsed, finished iteration 145
[LightGBM] [Debug] Trained a tree with leaves = 255 and depth = 17
[LightGBM] [Info] 144.625150 seconds elapsed, finished iteration 146
[LightGBM] [Debug] Trained a tree with leaves = 255 and depth = 15
[LightGBM] [Info] 145.523609 seconds elapsed, finished iteration 147
[LightGBM] [Debug] Trained a tree with leaves = 255 and depth = 15
[LightGBM] [Info] 146.442893 seconds elapsed, finished iteration 148
[LightGBM] [Debug] Trained a tree with leaves = 255 and depth = 18
[LightGBM] [Info] 147.342676 seconds elapsed, finished iteration 149
[LightGBM] [Debug] Trained a tree with leaves = 255 and depth = 18
[LightGBM] [Info] 148.217686 seconds elapsed, finished iteration 150
[LightGBM] [Debug] Trained a tree with leaves = 255 and depth = 18
[LightGBM] [Info] 149.132623 seconds elapsed, finished iteration 151
[LightGBM] [Debug] Trained a tree with leaves = 255 and depth = 16
[LightGBM] [Info] 150.015967 seconds elapsed, finished iteration 152
[LightGBM] [Debug] Trained a tree with leaves = 255 and depth = 18
[LightGBM] [Info] 150.933649 seconds elapsed, finished iteration 153
[LightGBM] [Debug] Trained a tree with leaves = 255 and depth = 16
[LightGBM] [Info] 151.825214 seconds elapsed, finished iteration 154
[LightGBM] [Debug] Trained a tree with leaves = 255 and depth = 19
[LightGBM] [Info] 152.692488 seconds elapsed, finished iteration 155
[LightGBM] [Debug] Trained a tree with leaves = 255 and depth = 16
[LightGBM] [Info] 153.617315 seconds elapsed, finished iteration 156
[LightGBM] [Debug] Trained a tree with leaves = 255 and depth = 17
[LightGBM] [Info] 154.478512 seconds elapsed, finished iteration 157
[LightGBM] [Debug] Trained a tree with leaves = 255 and depth = 15
[LightGBM] [Info] 155.429339 seconds elapsed, finished iteration 158
[LightGBM] [Debug] Trained a tree with leaves = 255 and depth = 16
[LightGBM] [Info] 156.311872 seconds elapsed, finished iteration 159
[LightGBM] [Debug] Trained a tree with leaves = 255 and depth = 16
[LightGBM] [Info] 157.353738 seconds elapsed, finished iteration 160
[LightGBM] [Debug] Trained a tree with leaves = 255 and depth = 15
[LightGBM] [Info] 158.283296 seconds elapsed, finished iteration 161
[LightGBM] [Debug] Trained a tree with leaves = 255 and depth = 16
[LightGBM] [Info] 159.428131 seconds elapsed, finished iteration 162
[LightGBM] [Debug] Trained a tree with leaves = 255 and depth = 14
[LightGBM] [Info] 160.351320 seconds elapsed, finished iteration 163
[LightGBM] [Debug] Trained a tree with leaves = 255 and depth = 17
[LightGBM] [Info] 161.261494 seconds elapsed, finished iteration 164
[LightGBM] [Debug] Trained a tree with leaves = 255 and depth = 18
[LightGBM] [Info] 162.182498 seconds elapsed, finished iteration 165
[LightGBM] [Debug] Trained a tree with leaves = 255 and depth = 16
[LightGBM] [Info] 163.053862 seconds elapsed, finished iteration 166
[LightGBM] [Debug] Trained a tree with leaves = 255 and depth = 20
[LightGBM] [Info] 163.959270 seconds elapsed, finished iteration 167
[LightGBM] [Debug] Trained a tree with leaves = 255 and depth = 20
[LightGBM] [Info] 164.866583 seconds elapsed, finished iteration 168
[LightGBM] [Debug] Trained a tree with leaves = 255 and depth = 15
[LightGBM] [Info] 165.819207 seconds elapsed, finished iteration 169
[LightGBM] [Debug] Trained a tree with leaves = 255 and depth = 17
[LightGBM] [Info] 166.699837 seconds elapsed, finished iteration 170
[LightGBM] [Debug] Trained a tree with leaves = 255 and depth = 16
[LightGBM] [Info] 167.586732 seconds elapsed, finished iteration 171
[LightGBM] [Debug] Trained a tree with leaves = 255 and depth = 15
[LightGBM] [Info] 168.499745 seconds elapsed, finished iteration 172
[LightGBM] [Debug] Trained a tree with leaves = 255 and depth = 16
[LightGBM] [Info] 169.375477 seconds elapsed, finished iteration 173
[LightGBM] [Debug] Trained a tree with leaves = 255 and depth = 18
[LightGBM] [Info] 170.297564 seconds elapsed, finished iteration 174
[LightGBM] [Debug] Trained a tree with leaves = 255 and depth = 16
[LightGBM] [Info] 171.209754 seconds elapsed, finished iteration 175
[LightGBM] [Debug] Trained a tree with leaves = 255 and depth = 19
[LightGBM] [Info] 172.087128 seconds elapsed, finished iteration 176
[LightGBM] [Debug] Trained a tree with leaves = 255 and depth = 16
[LightGBM] [Info] 172.991545 seconds elapsed, finished iteration 177
[LightGBM] [Debug] Trained a tree with leaves = 255 and depth = 20
[LightGBM] [Info] 173.867886 seconds elapsed, finished iteration 178
[LightGBM] [Debug] Trained a tree with leaves = 255 and depth = 20
[LightGBM] [Info] 174.860248 seconds elapsed, finished iteration 179
[LightGBM] [Debug] Trained a tree with leaves = 255 and depth = 16
[LightGBM] [Info] 176.024276 seconds elapsed, finished iteration 180
[LightGBM] [Debug] Trained a tree with leaves = 255 and depth = 18
[LightGBM] [Info] 176.936115 seconds elapsed, finished iteration 181
[LightGBM] [Debug] Trained a tree with leaves = 255 and depth = 18
[LightGBM] [Info] 177.804631 seconds elapsed, finished iteration 182
[LightGBM] [Debug] Trained a tree with leaves = 255 and depth = 17
[LightGBM] [Info] 178.715477 seconds elapsed, finished iteration 183
[LightGBM] [Debug] Trained a tree with leaves = 255 and depth = 17
[LightGBM] [Info] 179.592627 seconds elapsed, finished iteration 184
[LightGBM] [Debug] Trained a tree with leaves = 255 and depth = 20
[LightGBM] [Info] 180.514682 seconds elapsed, finished iteration 185
[LightGBM] [Debug] Trained a tree with leaves = 255 and depth = 17
[LightGBM] [Info] 181.365599 seconds elapsed, finished iteration 186
[LightGBM] [Debug] Trained a tree with leaves = 255 and depth = 16
[LightGBM] [Info] 182.279520 seconds elapsed, finished iteration 187
[LightGBM] [Debug] Trained a tree with leaves = 255 and depth = 16
[LightGBM] [Info] 183.238834 seconds elapsed, finished iteration 188
[LightGBM] [Debug] Trained a tree with leaves = 255 and depth = 15
[LightGBM] [Info] 184.153332 seconds elapsed, finished iteration 189
[LightGBM] [Debug] Trained a tree with leaves = 255 and depth = 14
[LightGBM] [Info] 185.111226 seconds elapsed, finished iteration 190
[LightGBM] [Debug] Trained a tree with leaves = 255 and depth = 15
[LightGBM] [Info] 186.004663 seconds elapsed, finished iteration 191
[LightGBM] [Debug] Trained a tree with leaves = 255 and depth = 16
[LightGBM] [Info] 186.930227 seconds elapsed, finished iteration 192
[LightGBM] [Debug] Trained a tree with leaves = 255 and depth = 18
[LightGBM] [Info] 187.811570 seconds elapsed, finished iteration 193
[LightGBM] [Debug] Trained a tree with leaves = 255 and depth = 19
[LightGBM] [Info] 188.706206 seconds elapsed, finished iteration 194
[LightGBM] [Debug] Trained a tree with leaves = 255 and depth = 18
[LightGBM] [Info] 189.609597 seconds elapsed, finished iteration 195
[LightGBM] [Debug] Trained a tree with leaves = 255 and depth = 20
[LightGBM] [Info] 190.474703 seconds elapsed, finished iteration 196
[LightGBM] [Debug] Trained a tree with leaves = 255 and depth = 18
[LightGBM] [Info] 191.451646 seconds elapsed, finished iteration 197
[LightGBM] [Debug] Trained a tree with leaves = 255 and depth = 18
[LightGBM] [Info] 192.518072 seconds elapsed, finished iteration 198
[LightGBM] [Debug] Trained a tree with leaves = 255 and depth = 19
[LightGBM] [Info] 193.440226 seconds elapsed, finished iteration 199
[LightGBM] [Debug] Trained a tree with leaves = 255 and depth = 17
[LightGBM] [Info] 194.295201 seconds elapsed, finished iteration 200
[LightGBM] [Debug] Trained a tree with leaves = 255 and depth = 16
[LightGBM] [Info] 195.250424 seconds elapsed, finished iteration 201
[LightGBM] [Debug] Trained a tree with leaves = 255 and depth = 18
[LightGBM] [Info] 196.145971 seconds elapsed, finished iteration 202
[LightGBM] [Debug] Trained a tree with leaves = 255 and depth = 17
[LightGBM] [Info] 197.015319 seconds elapsed, finished iteration 203
[LightGBM] [Debug] Trained a tree with leaves = 255 and depth = 16
[LightGBM] [Info] 197.942974 seconds elapsed, finished iteration 204
[LightGBM] [Debug] Trained a tree with leaves = 255 and depth = 17
[LightGBM] [Info] 198.836144 seconds elapsed, finished iteration 205
[LightGBM] [Debug] Trained a tree with leaves = 255 and depth = 17
[LightGBM] [Info] 199.765292 seconds elapsed, finished iteration 206
[LightGBM] [Debug] Trained a tree with leaves = 255 and depth = 18
[LightGBM] [Info] 200.635749 seconds elapsed, finished iteration 207
[LightGBM] [Debug] Trained a tree with leaves = 255 and depth = 17
[LightGBM] [Info] 201.495232 seconds elapsed, finished iteration 208
[LightGBM] [Debug] Trained a tree with leaves = 255 and depth = 17
[LightGBM] [Info] 202.453662 seconds elapsed, finished iteration 209
[LightGBM] [Debug] Trained a tree with leaves = 255 and depth = 16
[LightGBM] [Info] 203.383852 seconds elapsed, finished iteration 210
[LightGBM] [Debug] Trained a tree with leaves = 255 and depth = 17
[LightGBM] [Info] 204.306665 seconds elapsed, finished iteration 211
[LightGBM] [Debug] Trained a tree with leaves = 255 and depth = 18
[LightGBM] [Info] 205.160659 seconds elapsed, finished iteration 212
[LightGBM] [Debug] Trained a tree with leaves = 255 and depth = 18
[LightGBM] [Info] 206.052183 seconds elapsed, finished iteration 213
[LightGBM] [Debug] Trained a tree with leaves = 255 and depth = 17
[LightGBM] [Info] 206.937542 seconds elapsed, finished iteration 214
[LightGBM] [Debug] Trained a tree with leaves = 255 and depth = 18
[LightGBM] [Info] 207.827160 seconds elapsed, finished iteration 215
[LightGBM] [Debug] Trained a tree with leaves = 255 and depth = 16
[LightGBM] [Info] 208.898487 seconds elapsed, finished iteration 216
[LightGBM] [Debug] Trained a tree with leaves = 255 and depth = 18
[LightGBM] [Info] 209.894310 seconds elapsed, finished iteration 217
[LightGBM] [Debug] Trained a tree with leaves = 255 and depth = 18
[LightGBM] [Info] 210.794879 seconds elapsed, finished iteration 218
[LightGBM] [Debug] Trained a tree with leaves = 255 and depth = 18
[LightGBM] [Info] 211.673440 seconds elapsed, finished iteration 219
[LightGBM] [Debug] Trained a tree with leaves = 255 and depth = 17
[LightGBM] [Info] 212.600348 seconds elapsed, finished iteration 220
[LightGBM] [Debug] Trained a tree with leaves = 255 and depth = 15
[LightGBM] [Info] 213.489658 seconds elapsed, finished iteration 221
[LightGBM] [Debug] Trained a tree with leaves = 255 and depth = 19
[LightGBM] [Info] 214.365479 seconds elapsed, finished iteration 222
[LightGBM] [Debug] Trained a tree with leaves = 255 and depth = 20
[LightGBM] [Info] 215.311409 seconds elapsed, finished iteration 223
[LightGBM] [Debug] Trained a tree with leaves = 255 and depth = 17
[LightGBM] [Info] 216.208590 seconds elapsed, finished iteration 224
[LightGBM] [Debug] Trained a tree with leaves = 255 and depth = 19
[LightGBM] [Info] 217.093819 seconds elapsed, finished iteration 225
[LightGBM] [Debug] Trained a tree with leaves = 255 and depth = 19
[LightGBM] [Info] 217.972650 seconds elapsed, finished iteration 226
[LightGBM] [Debug] Trained a tree with leaves = 255 and depth = 15
[LightGBM] [Info] 218.864057 seconds elapsed, finished iteration 227
[LightGBM] [Debug] Trained a tree with leaves = 255 and depth = 19
[LightGBM] [Info] 219.788626 seconds elapsed, finished iteration 228
[LightGBM] [Debug] Trained a tree with leaves = 255 and depth = 16
[LightGBM] [Info] 220.687796 seconds elapsed, finished iteration 229
[LightGBM] [Debug] Trained a tree with leaves = 255 and depth = 18
[LightGBM] [Info] 221.576363 seconds elapsed, finished iteration 230
[LightGBM] [Debug] Trained a tree with leaves = 255 and depth = 20
[LightGBM] [Info] 222.461180 seconds elapsed, finished iteration 231
[LightGBM] [Debug] Trained a tree with leaves = 255 and depth = 16
[LightGBM] [Info] 223.403501 seconds elapsed, finished iteration 232
[LightGBM] [Debug] Trained a tree with leaves = 255 and depth = 16
[LightGBM] [Info] 224.266823 seconds elapsed, finished iteration 233
[LightGBM] [Debug] Trained a tree with leaves = 255 and depth = 16
[LightGBM] [Info] 225.418407 seconds elapsed, finished iteration 234
[LightGBM] [Debug] Trained a tree with leaves = 255 and depth = 17
[LightGBM] [Info] 226.391317 seconds elapsed, finished iteration 235
[LightGBM] [Debug] Trained a tree with leaves = 255 and depth = 16
[LightGBM] [Info] 227.289115 seconds elapsed, finished iteration 236
[LightGBM] [Debug] Trained a tree with leaves = 255 and depth = 17
[LightGBM] [Info] 228.196958 seconds elapsed, finished iteration 237
[LightGBM] [Debug] Trained a tree with leaves = 255 and depth = 17
[LightGBM] [Info] 229.108160 seconds elapsed, finished iteration 238
[LightGBM] [Debug] Trained a tree with leaves = 255 and depth = 19
[LightGBM] [Info] 229.989260 seconds elapsed, finished iteration 239
[LightGBM] [Debug] Trained a tree with leaves = 255 and depth = 20
[LightGBM] [Info] 230.849055 seconds elapsed, finished iteration 240
[LightGBM] [Debug] Trained a tree with leaves = 255 and depth = 18
[LightGBM] [Info] 231.763795 seconds elapsed, finished iteration 241
[LightGBM] [Debug] Trained a tree with leaves = 255 and depth = 16
[LightGBM] [Info] 232.695293 seconds elapsed, finished iteration 242
[LightGBM] [Debug] Trained a tree with leaves = 255 and depth = 17
[LightGBM] [Info] 233.616238 seconds elapsed, finished iteration 243
[LightGBM] [Debug] Trained a tree with leaves = 255 and depth = 18
[LightGBM] [Info] 234.532661 seconds elapsed, finished iteration 244
[LightGBM] [Debug] Trained a tree with leaves = 255 and depth = 21
[LightGBM] [Info] 235.426589 seconds elapsed, finished iteration 245
[LightGBM] [Debug] Trained a tree with leaves = 255 and depth = 19
[LightGBM] [Info] 236.273129 seconds elapsed, finished iteration 246
[LightGBM] [Debug] Trained a tree with leaves = 255 and depth = 20
[LightGBM] [Info] 237.122341 seconds elapsed, finished iteration 247
[LightGBM] [Debug] Trained a tree with leaves = 255 and depth = 18
[LightGBM] [Info] 237.997002 seconds elapsed, finished iteration 248
[LightGBM] [Debug] Trained a tree with leaves = 255 and depth = 21
[LightGBM] [Info] 238.914630 seconds elapsed, finished iteration 249
[LightGBM] [Debug] Trained a tree with leaves = 255 and depth = 18
[LightGBM] [Info] 239.785176 seconds elapsed, finished iteration 250
[LightGBM] [Debug] Trained a tree with leaves = 255 and depth = 18
[LightGBM] [Info] 240.672680 seconds elapsed, finished iteration 251
[LightGBM] [Debug] Trained a tree with leaves = 255 and depth = 18
[LightGBM] [Info] 241.872501 seconds elapsed, finished iteration 252
[LightGBM] [Debug] Trained a tree with leaves = 255 and depth = 16
[LightGBM] [Info] 243.052756 seconds elapsed, finished iteration 253
[LightGBM] [Debug] Trained a tree with leaves = 255 and depth = 21
[LightGBM] [Info] 243.892932 seconds elapsed, finished iteration 254
[LightGBM] [Debug] Trained a tree with leaves = 255 and depth = 17
[LightGBM] [Info] 244.801924 seconds elapsed, finished iteration 255
[LightGBM] [Debug] Trained a tree with leaves = 255 and depth = 21
[LightGBM] [Info] 245.657676 seconds elapsed, finished iteration 256
[LightGBM] [Debug] Trained a tree with leaves = 255 and depth = 18
[LightGBM] [Info] 246.515953 seconds elapsed, finished iteration 257
[LightGBM] [Debug] Trained a tree with leaves = 255 and depth = 18
[LightGBM] [Info] 247.394566 seconds elapsed, finished iteration 258
[LightGBM] [Debug] Trained a tree with leaves = 255 and depth = 18
[LightGBM] [Info] 248.296534 seconds elapsed, finished iteration 259
[LightGBM] [Debug] Trained a tree with leaves = 255 and depth = 19
[LightGBM] [Info] 249.210284 seconds elapsed, finished iteration 260
[LightGBM] [Debug] Trained a tree with leaves = 255 and depth = 18
[LightGBM] [Info] 250.065484 seconds elapsed, finished iteration 261
[LightGBM] [Debug] Trained a tree with leaves = 255 and depth = 18
[LightGBM] [Info] 251.018586 seconds elapsed, finished iteration 262
[LightGBM] [Debug] Trained a tree with leaves = 255 and depth = 19
[LightGBM] [Info] 251.903800 seconds elapsed, finished iteration 263
[LightGBM] [Debug] Trained a tree with leaves = 255 and depth = 17
[LightGBM] [Info] 252.780208 seconds elapsed, finished iteration 264
[LightGBM] [Debug] Trained a tree with leaves = 255 and depth = 17
[LightGBM] [Info] 253.718399 seconds elapsed, finished iteration 265
[LightGBM] [Debug] Trained a tree with leaves = 255 and depth = 19
[LightGBM] [Info] 254.629346 seconds elapsed, finished iteration 266
[LightGBM] [Debug] Trained a tree with leaves = 255 and depth = 20
[LightGBM] [Info] 255.530800 seconds elapsed, finished iteration 267
[LightGBM] [Debug] Trained a tree with leaves = 255 and depth = 19
[LightGBM] [Info] 256.448268 seconds elapsed, finished iteration 268
[LightGBM] [Debug] Trained a tree with leaves = 255 and depth = 18
[LightGBM] [Info] 257.326006 seconds elapsed, finished iteration 269
[LightGBM] [Debug] Trained a tree with leaves = 255 and depth = 18
[LightGBM] [Info] 258.387095 seconds elapsed, finished iteration 270
[LightGBM] [Debug] Trained a tree with leaves = 255 and depth = 18
[LightGBM] [Info] 259.403525 seconds elapsed, finished iteration 271
[LightGBM] [Debug] Trained a tree with leaves = 255 and depth = 19
[LightGBM] [Info] 260.250887 seconds elapsed, finished iteration 272
[LightGBM] [Debug] Trained a tree with leaves = 255 and depth = 21
[LightGBM] [Info] 261.100376 seconds elapsed, finished iteration 273
[LightGBM] [Debug] Trained a tree with leaves = 255 and depth = 19
[LightGBM] [Info] 261.969749 seconds elapsed, finished iteration 274
[LightGBM] [Debug] Trained a tree with leaves = 255 and depth = 18
[LightGBM] [Info] 262.868110 seconds elapsed, finished iteration 275
[LightGBM] [Debug] Trained a tree with leaves = 255 and depth = 18
[LightGBM] [Info] 263.732368 seconds elapsed, finished iteration 276
[LightGBM] [Debug] Trained a tree with leaves = 255 and depth = 18
[LightGBM] [Info] 264.626989 seconds elapsed, finished iteration 277
[LightGBM] [Debug] Trained a tree with leaves = 255 and depth = 19
[LightGBM] [Info] 265.515541 seconds elapsed, finished iteration 278
[LightGBM] [Debug] Trained a tree with leaves = 255 and depth = 19
[LightGBM] [Info] 266.459891 seconds elapsed, finished iteration 279
[LightGBM] [Debug] Trained a tree with leaves = 255 and depth = 23
[LightGBM] [Info] 267.291758 seconds elapsed, finished iteration 280
[LightGBM] [Debug] Trained a tree with leaves = 255 and depth = 20
[LightGBM] [Info] 268.170345 seconds elapsed, finished iteration 281
[LightGBM] [Debug] Trained a tree with leaves = 255 and depth = 18
[LightGBM] [Info] 269.042887 seconds elapsed, finished iteration 282
[LightGBM] [Debug] Trained a tree with leaves = 255 and depth = 17
[LightGBM] [Info] 269.916845 seconds elapsed, finished iteration 283
[LightGBM] [Debug] Trained a tree with leaves = 255 and depth = 17
[LightGBM] [Info] 270.813388 seconds elapsed, finished iteration 284
[LightGBM] [Debug] Trained a tree with leaves = 255 and depth = 21
[LightGBM] [Info] 271.675384 seconds elapsed, finished iteration 285
[LightGBM] [Debug] Trained a tree with leaves = 255 and depth = 19
[LightGBM] [Info] 272.546524 seconds elapsed, finished iteration 286
[LightGBM] [Debug] Trained a tree with leaves = 255 and depth = 17
[LightGBM] [Info] 273.430003 seconds elapsed, finished iteration 287
[LightGBM] [Debug] Trained a tree with leaves = 255 and depth = 16
[LightGBM] [Info] 274.411030 seconds elapsed, finished iteration 288
[LightGBM] [Debug] Trained a tree with leaves = 255 and depth = 15
[LightGBM] [Info] 275.565923 seconds elapsed, finished iteration 289
[LightGBM] [Debug] Trained a tree with leaves = 255 and depth = 20
[LightGBM] [Info] 276.592734 seconds elapsed, finished iteration 290
[LightGBM] [Debug] Trained a tree with leaves = 255 and depth = 22
[LightGBM] [Info] 277.482884 seconds elapsed, finished iteration 291
[LightGBM] [Debug] Trained a tree with leaves = 255 and depth = 17
[LightGBM] [Info] 278.347914 seconds elapsed, finished iteration 292
[LightGBM] [Debug] Trained a tree with leaves = 255 and depth = 19
[LightGBM] [Info] 279.221707 seconds elapsed, finished iteration 293
[LightGBM] [Debug] Trained a tree with leaves = 255 and depth = 23
[LightGBM] [Info] 280.031516 seconds elapsed, finished iteration 294
[LightGBM] [Debug] Trained a tree with leaves = 255 and depth = 20
[LightGBM] [Info] 280.958404 seconds elapsed, finished iteration 295
[LightGBM] [Debug] Trained a tree with leaves = 255 and depth = 18
[LightGBM] [Info] 281.904094 seconds elapsed, finished iteration 296
[LightGBM] [Debug] Trained a tree with leaves = 255 and depth = 19
[LightGBM] [Info] 282.786329 seconds elapsed, finished iteration 297
[LightGBM] [Debug] Trained a tree with leaves = 255 and depth = 17
[LightGBM] [Info] 283.708747 seconds elapsed, finished iteration 298
[LightGBM] [Debug] Trained a tree with leaves = 255 and depth = 20
[LightGBM] [Info] 284.589958 seconds elapsed, finished iteration 299
[LightGBM] [Debug] Trained a tree with leaves = 255 and depth = 19
[LightGBM] [Info] 285.451167 seconds elapsed, finished iteration 300
[LightGBM] [Debug] Trained a tree with leaves = 255 and depth = 20
[LightGBM] [Info] 286.326807 seconds elapsed, finished iteration 301
[LightGBM] [Debug] Trained a tree with leaves = 255 and depth = 17
[LightGBM] [Info] 287.205737 seconds elapsed, finished iteration 302
[LightGBM] [Debug] Trained a tree with leaves = 255 and depth = 19
[LightGBM] [Info] 288.107654 seconds elapsed, finished iteration 303
[LightGBM] [Debug] Trained a tree with leaves = 255 and depth = 22
[LightGBM] [Info] 288.937844 seconds elapsed, finished iteration 304
[LightGBM] [Debug] Trained a tree with leaves = 255 and depth = 19
[LightGBM] [Info] 289.807479 seconds elapsed, finished iteration 305
[LightGBM] [Debug] Trained a tree with leaves = 255 and depth = 18
[LightGBM] [Info] 290.671990 seconds elapsed, finished iteration 306
[LightGBM] [Debug] Trained a tree with leaves = 255 and depth = 19
[LightGBM] [Info] 291.706405 seconds elapsed, finished iteration 307
[LightGBM] [Debug] Trained a tree with leaves = 255 and depth = 16
[LightGBM] [Info] 292.799136 seconds elapsed, finished iteration 308
[LightGBM] [Debug] Trained a tree with leaves = 255 and depth = 22
[LightGBM] [Info] 293.712078 seconds elapsed, finished iteration 309
[LightGBM] [Debug] Trained a tree with leaves = 255 and depth = 19
[LightGBM] [Info] 294.657939 seconds elapsed, finished iteration 310
[LightGBM] [Debug] Trained a tree with leaves = 255 and depth = 21
[LightGBM] [Info] 295.485173 seconds elapsed, finished iteration 311
[LightGBM] [Debug] Trained a tree with leaves = 255 and depth = 18
[LightGBM] [Info] 296.388367 seconds elapsed, finished iteration 312
[LightGBM] [Debug] Trained a tree with leaves = 255 and depth = 21
[LightGBM] [Info] 297.292560 seconds elapsed, finished iteration 313
[LightGBM] [Debug] Trained a tree with leaves = 255 and depth = 17
[LightGBM] [Info] 298.187883 seconds elapsed, finished iteration 314
[LightGBM] [Debug] Trained a tree with leaves = 255 and depth = 21
[LightGBM] [Info] 299.025135 seconds elapsed, finished iteration 315
[LightGBM] [Debug] Trained a tree with leaves = 255 and depth = 19
[LightGBM] [Info] 299.904900 seconds elapsed, finished iteration 316
[LightGBM] [Debug] Trained a tree with leaves = 255 and depth = 20
[LightGBM] [Info] 300.752566 seconds elapsed, finished iteration 317
[LightGBM] [Debug] Trained a tree with leaves = 255 and depth = 18
[LightGBM] [Info] 301.609001 seconds elapsed, finished iteration 318
[LightGBM] [Debug] Trained a tree with leaves = 255 and depth = 19
[LightGBM] [Info] 302.427009 seconds elapsed, finished iteration 319
[LightGBM] [Debug] Trained a tree with leaves = 255 and depth = 17
[LightGBM] [Info] 303.353017 seconds elapsed, finished iteration 320
[LightGBM] [Debug] Trained a tree with leaves = 255 and depth = 18
[LightGBM] [Info] 304.185418 seconds elapsed, finished iteration 321
[LightGBM] [Debug] Trained a tree with leaves = 255 and depth = 17
[LightGBM] [Info] 305.059676 seconds elapsed, finished iteration 322
[LightGBM] [Debug] Trained a tree with leaves = 255 and depth = 18
[LightGBM] [Info] 305.919210 seconds elapsed, finished iteration 323
[LightGBM] [Debug] Trained a tree with leaves = 255 and depth = 19
[LightGBM] [Info] 306.762097 seconds elapsed, finished iteration 324
[LightGBM] [Debug] Trained a tree with leaves = 255 and depth = 21
[LightGBM] [Info] 307.712309 seconds elapsed, finished iteration 325
[LightGBM] [Debug] Trained a tree with leaves = 255 and depth = 18
[LightGBM] [Info] 308.738869 seconds elapsed, finished iteration 326
[LightGBM] [Debug] Trained a tree with leaves = 255 and depth = 20
[LightGBM] [Info] 309.741023 seconds elapsed, finished iteration 327
[LightGBM] [Debug] Trained a tree with leaves = 255 and depth = 23
[LightGBM] [Info] 310.580154 seconds elapsed, finished iteration 328
[LightGBM] [Debug] Trained a tree with leaves = 255 and depth = 16
[LightGBM] [Info] 311.538718 seconds elapsed, finished iteration 329
[LightGBM] [Debug] Trained a tree with leaves = 255 and depth = 20
[LightGBM] [Info] 312.384616 seconds elapsed, finished iteration 330
[LightGBM] [Debug] Trained a tree with leaves = 255 and depth = 19
[LightGBM] [Info] 313.283457 seconds elapsed, finished iteration 331
[LightGBM] [Debug] Trained a tree with leaves = 255 and depth = 22
[LightGBM] [Info] 314.106157 seconds elapsed, finished iteration 332
[LightGBM] [Debug] Trained a tree with leaves = 255 and depth = 18
[LightGBM] [Info] 315.006308 seconds elapsed, finished iteration 333
[LightGBM] [Debug] Trained a tree with leaves = 255 and depth = 21
[LightGBM] [Info] 315.868852 seconds elapsed, finished iteration 334
[LightGBM] [Debug] Trained a tree with leaves = 255 and depth = 18
[LightGBM] [Info] 316.855867 seconds elapsed, finished iteration 335
[LightGBM] [Debug] Trained a tree with leaves = 255 and depth = 19
[LightGBM] [Info] 317.733213 seconds elapsed, finished iteration 336
[LightGBM] [Warning] No further splits with positive gain, best gain: -inf
[LightGBM] [Debug] Trained a tree with leaves = 254 and depth = 27
[LightGBM] [Info] 318.621892 seconds elapsed, finished iteration 337
[LightGBM] [Debug] Trained a tree with leaves = 255 and depth = 17
[LightGBM] [Info] 319.528902 seconds elapsed, finished iteration 338
[LightGBM] [Debug] Trained a tree with leaves = 255 and depth = 20
[LightGBM] [Info] 320.409833 seconds elapsed, finished iteration 339
[LightGBM] [Debug] Trained a tree with leaves = 255 and depth = 20
[LightGBM] [Info] 321.264644 seconds elapsed, finished iteration 340
[LightGBM] [Debug] Trained a tree with leaves = 255 and depth = 19
[LightGBM] [Info] 322.134301 seconds elapsed, finished iteration 341
[LightGBM] [Debug] Trained a tree with leaves = 255 and depth = 16
[LightGBM] [Info] 323.003374 seconds elapsed, finished iteration 342
[LightGBM] [Debug] Trained a tree with leaves = 255 and depth = 19
[LightGBM] [Info] 323.878226 seconds elapsed, finished iteration 343
[LightGBM] [Debug] Trained a tree with leaves = 255 and depth = 18
[LightGBM] [Info] 324.905204 seconds elapsed, finished iteration 344
[LightGBM] [Debug] Trained a tree with leaves = 255 and depth = 20
[LightGBM] [Info] 326.012237 seconds elapsed, finished iteration 345
[LightGBM] [Debug] Trained a tree with leaves = 255 and depth = 21
[LightGBM] [Info] 326.906965 seconds elapsed, finished iteration 346
[LightGBM] [Debug] Trained a tree with leaves = 255 and depth = 22
[LightGBM] [Info] 327.767188 seconds elapsed, finished iteration 347
[LightGBM] [Debug] Trained a tree with leaves = 255 and depth = 19
[LightGBM] [Info] 328.672308 seconds elapsed, finished iteration 348
[LightGBM] [Warning] No further splits with positive gain, best gain: -inf
[LightGBM] [Debug] Trained a tree with leaves = 250 and depth = 19
[LightGBM] [Info] 329.577766 seconds elapsed, finished iteration 349
[LightGBM] [Warning] No further splits with positive gain, best gain: -inf
[LightGBM] [Debug] Trained a tree with leaves = 251 and depth = 19
[LightGBM] [Info] 330.465877 seconds elapsed, finished iteration 350
[LightGBM] [Debug] Trained a tree with leaves = 255 and depth = 17
[LightGBM] [Info] 331.313274 seconds elapsed, finished iteration 351
[LightGBM] [Debug] Trained a tree with leaves = 255 and depth = 22
[LightGBM] [Info] 332.137205 seconds elapsed, finished iteration 352
[LightGBM] [Debug] Trained a tree with leaves = 255 and depth = 19
[LightGBM] [Info] 332.987677 seconds elapsed, finished iteration 353
[LightGBM] [Debug] Trained a tree with leaves = 255 and depth = 21
[LightGBM] [Info] 333.829846 seconds elapsed, finished iteration 354
[LightGBM] [Warning] No further splits with positive gain, best gain: -inf
[LightGBM] [Debug] Trained a tree with leaves = 251 and depth = 18
[LightGBM] [Info] 334.743733 seconds elapsed, finished iteration 355
[LightGBM] [Warning] No further splits with positive gain, best gain: -inf
[LightGBM] [Debug] Trained a tree with leaves = 251 and depth = 20
[LightGBM] [Info] 335.591380 seconds elapsed, finished iteration 356
[LightGBM] [Warning] No further splits with positive gain, best gain: -inf
[LightGBM] [Debug] Trained a tree with leaves = 251 and depth = 21
[LightGBM] [Info] 336.422185 seconds elapsed, finished iteration 357
[LightGBM] [Warning] No further splits with positive gain, best gain: -inf
[LightGBM] [Debug] Trained a tree with leaves = 253 and depth = 18
[LightGBM] [Info] 337.314940 seconds elapsed, finished iteration 358
[LightGBM] [Warning] No further splits with positive gain, best gain: -inf
[LightGBM] [Debug] Trained a tree with leaves = 253 and depth = 18
[LightGBM] [Info] 338.164054 seconds elapsed, finished iteration 359
[LightGBM] [Warning] No further splits with positive gain, best gain: -inf
[LightGBM] [Debug] Trained a tree with leaves = 254 and depth = 25
[LightGBM] [Info] 339.085418 seconds elapsed, finished iteration 360
[LightGBM] [Debug] Trained a tree with leaves = 255 and depth = 17
[LightGBM] [Info] 339.989597 seconds elapsed, finished iteration 361
[LightGBM] [Warning] No further splits with positive gain, best gain: -inf
[LightGBM] [Debug] Trained a tree with leaves = 253 and depth = 20
[LightGBM] [Info] 340.904810 seconds elapsed, finished iteration 362
[LightGBM] [Warning] No further splits with positive gain, best gain: -inf
[LightGBM] [Debug] Trained a tree with leaves = 249 and depth = 19
[LightGBM] [Info] 341.963013 seconds elapsed, finished iteration 363
[LightGBM] [Warning] No further splits with positive gain, best gain: -inf
[LightGBM] [Debug] Trained a tree with leaves = 243 and depth = 19
[LightGBM] [Info] 342.944152 seconds elapsed, finished iteration 364
[LightGBM] [Debug] Trained a tree with leaves = 255 and depth = 16
[LightGBM] [Info] 343.896245 seconds elapsed, finished iteration 365
[LightGBM] [Warning] No further splits with positive gain, best gain: -inf
[LightGBM] [Debug] Trained a tree with leaves = 249 and depth = 23
[LightGBM] [Info] 344.791971 seconds elapsed, finished iteration 366
[LightGBM] [Warning] No further splits with positive gain, best gain: -inf
[LightGBM] [Debug] Trained a tree with leaves = 248 and depth = 16
[LightGBM] [Info] 345.717881 seconds elapsed, finished iteration 367
[LightGBM] [Warning] No further splits with positive gain, best gain: -inf
[LightGBM] [Debug] Trained a tree with leaves = 248 and depth = 20
[LightGBM] [Info] 346.591814 seconds elapsed, finished iteration 368
[LightGBM] [Debug] Trained a tree with leaves = 255 and depth = 18
[LightGBM] [Info] 347.468926 seconds elapsed, finished iteration 369
[LightGBM] [Warning] No further splits with positive gain, best gain: -inf
[LightGBM] [Debug] Trained a tree with leaves = 250 and depth = 18
[LightGBM] [Info] 348.369081 seconds elapsed, finished iteration 370
[LightGBM] [Warning] No further splits with positive gain, best gain: -inf
[LightGBM] [Debug] Trained a tree with leaves = 248 and depth = 24
[LightGBM] [Info] 349.230012 seconds elapsed, finished iteration 371
[LightGBM] [Warning] No further splits with positive gain, best gain: -inf
[LightGBM] [Debug] Trained a tree with leaves = 251 and depth = 25
[LightGBM] [Info] 350.044272 seconds elapsed, finished iteration 372
[LightGBM] [Warning] No further splits with positive gain, best gain: -inf
[LightGBM] [Debug] Trained a tree with leaves = 245 and depth = 16
[LightGBM] [Info] 350.886047 seconds elapsed, finished iteration 373
[LightGBM] [Warning] No further splits with positive gain, best gain: -inf
[LightGBM] [Debug] Trained a tree with leaves = 246 and depth = 27
[LightGBM] [Info] 351.692582 seconds elapsed, finished iteration 374
[LightGBM] [Warning] No further splits with positive gain, best gain: -inf
[LightGBM] [Debug] Trained a tree with leaves = 249 and depth = 19
[LightGBM] [Info] 352.585205 seconds elapsed, finished iteration 375
[LightGBM] [Warning] No further splits with positive gain, best gain: -inf
[LightGBM] [Debug] Trained a tree with leaves = 247 and depth = 18
[LightGBM] [Info] 353.412083 seconds elapsed, finished iteration 376
[LightGBM] [Warning] No further splits with positive gain, best gain: -inf
[LightGBM] [Debug] Trained a tree with leaves = 253 and depth = 19
[LightGBM] [Info] 354.291768 seconds elapsed, finished iteration 377
[LightGBM] [Warning] No further splits with positive gain, best gain: -inf
[LightGBM] [Debug] Trained a tree with leaves = 242 and depth = 19
[LightGBM] [Info] 355.123473 seconds elapsed, finished iteration 378
[LightGBM] [Warning] No further splits with positive gain, best gain: -inf
[LightGBM] [Debug] Trained a tree with leaves = 245 and depth = 21
[LightGBM] [Info] 355.958078 seconds elapsed, finished iteration 379
[LightGBM] [Warning] No further splits with positive gain, best gain: -inf
[LightGBM] [Debug] Trained a tree with leaves = 246 and depth = 16
[LightGBM] [Info] 356.854181 seconds elapsed, finished iteration 380
[LightGBM] [Warning] No further splits with positive gain, best gain: -inf
[LightGBM] [Debug] Trained a tree with leaves = 247 and depth = 16
[LightGBM] [Info] 357.834379 seconds elapsed, finished iteration 381
[LightGBM] [Warning] No further splits with positive gain, best gain: -inf
[LightGBM] [Debug] Trained a tree with leaves = 246 and depth = 20
[LightGBM] [Info] 358.811799 seconds elapsed, finished iteration 382
[LightGBM] [Warning] No further splits with positive gain, best gain: -inf
[LightGBM] [Debug] Trained a tree with leaves = 241 and depth = 16
[LightGBM] [Info] 359.767674 seconds elapsed, finished iteration 383
[LightGBM] [Warning] No further splits with positive gain, best gain: -inf
[LightGBM] [Debug] Trained a tree with leaves = 240 and depth = 20
[LightGBM] [Info] 360.622835 seconds elapsed, finished iteration 384
[LightGBM] [Warning] No further splits with positive gain, best gain: -inf
[LightGBM] [Debug] Trained a tree with leaves = 250 and depth = 18
[LightGBM] [Info] 361.519509 seconds elapsed, finished iteration 385
[LightGBM] [Warning] No further splits with positive gain, best gain: -inf
[LightGBM] [Debug] Trained a tree with leaves = 241 and depth = 18
[LightGBM] [Info] 362.344343 seconds elapsed, finished iteration 386
[LightGBM] [Warning] No further splits with positive gain, best gain: -inf
[LightGBM] [Debug] Trained a tree with leaves = 242 and depth = 19
[LightGBM] [Info] 363.203910 seconds elapsed, finished iteration 387
[LightGBM] [Warning] No further splits with positive gain, best gain: -inf
[LightGBM] [Debug] Trained a tree with leaves = 240 and depth = 24
[LightGBM] [Info] 364.033652 seconds elapsed, finished iteration 388
[LightGBM] [Warning] No further splits with positive gain, best gain: -inf
[LightGBM] [Debug] Trained a tree with leaves = 242 and depth = 21
[LightGBM] [Info] 364.897811 seconds elapsed, finished iteration 389
[LightGBM] [Warning] No further splits with positive gain, best gain: -inf
[LightGBM] [Debug] Trained a tree with leaves = 249 and depth = 26
[LightGBM] [Info] 365.755632 seconds elapsed, finished iteration 390
[LightGBM] [Warning] No further splits with positive gain, best gain: -inf
[LightGBM] [Debug] Trained a tree with leaves = 243 and depth = 20
[LightGBM] [Info] 366.600952 seconds elapsed, finished iteration 391
[LightGBM] [Warning] No further splits with positive gain, best gain: -inf
[LightGBM] [Debug] Trained a tree with leaves = 242 and depth = 19
[LightGBM] [Info] 367.463521 seconds elapsed, finished iteration 392
[LightGBM] [Warning] No further splits with positive gain, best gain: -inf
[LightGBM] [Debug] Trained a tree with leaves = 240 and depth = 17
[LightGBM] [Info] 368.334274 seconds elapsed, finished iteration 393
[LightGBM] [Warning] No further splits with positive gain, best gain: -inf
[LightGBM] [Debug] Trained a tree with leaves = 234 and depth = 17
[LightGBM] [Info] 369.202358 seconds elapsed, finished iteration 394
[LightGBM] [Warning] No further splits with positive gain, best gain: -inf
[LightGBM] [Debug] Trained a tree with leaves = 244 and depth = 22
[LightGBM] [Info] 370.015952 seconds elapsed, finished iteration 395
[LightGBM] [Warning] No further splits with positive gain, best gain: -inf
[LightGBM] [Debug] Trained a tree with leaves = 239 and depth = 30
[LightGBM] [Info] 370.854703 seconds elapsed, finished iteration 396
[LightGBM] [Warning] No further splits with positive gain, best gain: -inf
[LightGBM] [Debug] Trained a tree with leaves = 230 and depth = 16
[LightGBM] [Info] 371.726253 seconds elapsed, finished iteration 397
[LightGBM] [Warning] No further splits with positive gain, best gain: -inf
[LightGBM] [Debug] Trained a tree with leaves = 238 and depth = 18
[LightGBM] [Info] 372.548726 seconds elapsed, finished iteration 398
[LightGBM] [Warning] No further splits with positive gain, best gain: -inf
[LightGBM] [Debug] Trained a tree with leaves = 238 and depth = 20
[LightGBM] [Info] 373.369795 seconds elapsed, finished iteration 399
[LightGBM] [Warning] No further splits with positive gain, best gain: -inf
[LightGBM] [Debug] Trained a tree with leaves = 236 and depth = 19
[LightGBM] [Info] 374.221802 seconds elapsed, finished iteration 400
[LightGBM] [Warning] No further splits with positive gain, best gain: -inf
[LightGBM] [Debug] Trained a tree with leaves = 239 and depth = 19
[LightGBM] [Info] 375.186919 seconds elapsed, finished iteration 401
[LightGBM] [Warning] No further splits with positive gain, best gain: -inf
[LightGBM] [Debug] Trained a tree with leaves = 232 and depth = 17
[LightGBM] [Info] 376.205426 seconds elapsed, finished iteration 402
[LightGBM] [Warning] No further splits with positive gain, best gain: -inf
[LightGBM] [Debug] Trained a tree with leaves = 233 and depth = 21
[LightGBM] [Info] 377.070821 seconds elapsed, finished iteration 403
[LightGBM] [Warning] No further splits with positive gain, best gain: -inf
[LightGBM] [Debug] Trained a tree with leaves = 234 and depth = 19
[LightGBM] [Info] 377.937109 seconds elapsed, finished iteration 404
[LightGBM] [Warning] No further splits with positive gain, best gain: -inf
[LightGBM] [Debug] Trained a tree with leaves = 239 and depth = 18
[LightGBM] [Info] 378.799181 seconds elapsed, finished iteration 405
[LightGBM] [Warning] No further splits with positive gain, best gain: -inf
[LightGBM] [Debug] Trained a tree with leaves = 243 and depth = 20
[LightGBM] [Info] 379.689353 seconds elapsed, finished iteration 406
[LightGBM] [Warning] No further splits with positive gain, best gain: -inf
[LightGBM] [Debug] Trained a tree with leaves = 241 and depth = 18
[LightGBM] [Info] 380.520352 seconds elapsed, finished iteration 407
[LightGBM] [Warning] No further splits with positive gain, best gain: -inf
[LightGBM] [Debug] Trained a tree with leaves = 227 and depth = 16
[LightGBM] [Info] 381.365044 seconds elapsed, finished iteration 408
[LightGBM] [Warning] No further splits with positive gain, best gain: -inf
[LightGBM] [Debug] Trained a tree with leaves = 234 and depth = 19
[LightGBM] [Info] 382.234115 seconds elapsed, finished iteration 409
[LightGBM] [Warning] No further splits with positive gain, best gain: -inf
[LightGBM] [Debug] Trained a tree with leaves = 233 and depth = 20
[LightGBM] [Info] 383.039999 seconds elapsed, finished iteration 410
[LightGBM] [Warning] No further splits with positive gain, best gain: -inf
[LightGBM] [Debug] Trained a tree with leaves = 230 and depth = 20
[LightGBM] [Info] 383.918777 seconds elapsed, finished iteration 411
[LightGBM] [Warning] No further splits with positive gain, best gain: -inf
[LightGBM] [Debug] Trained a tree with leaves = 237 and depth = 20
[LightGBM] [Info] 384.763860 seconds elapsed, finished iteration 412
[LightGBM] [Warning] No further splits with positive gain, best gain: -inf
[LightGBM] [Debug] Trained a tree with leaves = 238 and depth = 21
[LightGBM] [Info] 385.599693 seconds elapsed, finished iteration 413
[LightGBM] [Warning] No further splits with positive gain, best gain: -inf
[LightGBM] [Debug] Trained a tree with leaves = 240 and depth = 18
[LightGBM] [Info] 386.482050 seconds elapsed, finished iteration 414
[LightGBM] [Warning] No further splits with positive gain, best gain: -inf
[LightGBM] [Debug] Trained a tree with leaves = 232 and depth = 20
[LightGBM] [Info] 387.299702 seconds elapsed, finished iteration 415
[LightGBM] [Warning] No further splits with positive gain, best gain: -inf
[LightGBM] [Debug] Trained a tree with leaves = 232 and depth = 22
[LightGBM] [Info] 388.134855 seconds elapsed, finished iteration 416
[LightGBM] [Warning] No further splits with positive gain, best gain: -inf
[LightGBM] [Debug] Trained a tree with leaves = 234 and depth = 17
[LightGBM] [Info] 388.963272 seconds elapsed, finished iteration 417
[LightGBM] [Warning] No further splits with positive gain, best gain: -inf
[LightGBM] [Debug] Trained a tree with leaves = 235 and depth = 18
[LightGBM] [Info] 389.773932 seconds elapsed, finished iteration 418
[LightGBM] [Warning] No further splits with positive gain, best gain: -inf
[LightGBM] [Debug] Trained a tree with leaves = 229 and depth = 20
[LightGBM] [Info] 390.631092 seconds elapsed, finished iteration 419
[LightGBM] [Warning] No further splits with positive gain, best gain: -inf
[LightGBM] [Debug] Trained a tree with leaves = 240 and depth = 18
[LightGBM] [Info] 391.487601 seconds elapsed, finished iteration 420
[LightGBM] [Warning] No further splits with positive gain, best gain: -inf
[LightGBM] [Debug] Trained a tree with leaves = 231 and depth = 20
[LightGBM] [Info] 392.450872 seconds elapsed, finished iteration 421
[LightGBM] [Warning] No further splits with positive gain, best gain: -inf
[LightGBM] [Debug] Trained a tree with leaves = 237 and depth = 21
[LightGBM] [Info] 393.472612 seconds elapsed, finished iteration 422
[LightGBM] [Warning] No further splits with positive gain, best gain: -inf
[LightGBM] [Debug] Trained a tree with leaves = 228 and depth = 21
[LightGBM] [Info] 394.327157 seconds elapsed, finished iteration 423
[LightGBM] [Warning] No further splits with positive gain, best gain: -inf
[LightGBM] [Debug] Trained a tree with leaves = 228 and depth = 20
[LightGBM] [Info] 395.135538 seconds elapsed, finished iteration 424
[LightGBM] [Warning] No further splits with positive gain, best gain: -inf
[LightGBM] [Debug] Trained a tree with leaves = 232 and depth = 19
[LightGBM] [Info] 395.970293 seconds elapsed, finished iteration 425
[LightGBM] [Warning] No further splits with positive gain, best gain: -inf
[LightGBM] [Debug] Trained a tree with leaves = 227 and depth = 22
[LightGBM] [Info] 396.770120 seconds elapsed, finished iteration 426
[LightGBM] [Warning] No further splits with positive gain, best gain: -inf
[LightGBM] [Debug] Trained a tree with leaves = 228 and depth = 19
[LightGBM] [Info] 397.605226 seconds elapsed, finished iteration 427
[LightGBM] [Warning] No further splits with positive gain, best gain: -inf
[LightGBM] [Debug] Trained a tree with leaves = 230 and depth = 22
[LightGBM] [Info] 398.420445 seconds elapsed, finished iteration 428
[LightGBM] [Warning] No further splits with positive gain, best gain: -inf
[LightGBM] [Debug] Trained a tree with leaves = 229 and depth = 19
[LightGBM] [Info] 399.278977 seconds elapsed, finished iteration 429
[LightGBM] [Warning] No further splits with positive gain, best gain: -inf
[LightGBM] [Debug] Trained a tree with leaves = 225 and depth = 20
[LightGBM] [Info] 400.065634 seconds elapsed, finished iteration 430
[LightGBM] [Warning] No further splits with positive gain, best gain: -inf
[LightGBM] [Debug] Trained a tree with leaves = 231 and depth = 19
[LightGBM] [Info] 400.939832 seconds elapsed, finished iteration 431
[LightGBM] [Warning] No further splits with positive gain, best gain: -inf
[LightGBM] [Debug] Trained a tree with leaves = 223 and depth = 21
[LightGBM] [Info] 401.729064 seconds elapsed, finished iteration 432
[LightGBM] [Warning] No further splits with positive gain, best gain: -inf
[LightGBM] [Debug] Trained a tree with leaves = 223 and depth = 16
[LightGBM] [Info] 402.584807 seconds elapsed, finished iteration 433
[LightGBM] [Warning] No further splits with positive gain, best gain: -inf
[LightGBM] [Debug] Trained a tree with leaves = 226 and depth = 22
[LightGBM] [Info] 403.425955 seconds elapsed, finished iteration 434
[LightGBM] [Warning] No further splits with positive gain, best gain: -inf
[LightGBM] [Debug] Trained a tree with leaves = 221 and depth = 22
[LightGBM] [Info] 404.238450 seconds elapsed, finished iteration 435
[LightGBM] [Warning] No further splits with positive gain, best gain: -inf
[LightGBM] [Debug] Trained a tree with leaves = 220 and depth = 21
[LightGBM] [Info] 405.098087 seconds elapsed, finished iteration 436
[LightGBM] [Warning] No further splits with positive gain, best gain: -inf
[LightGBM] [Debug] Trained a tree with leaves = 230 and depth = 19
[LightGBM] [Info] 405.959607 seconds elapsed, finished iteration 437
[LightGBM] [Warning] No further splits with positive gain, best gain: -inf
[LightGBM] [Debug] Trained a tree with leaves = 229 and depth = 20
[LightGBM] [Info] 406.820419 seconds elapsed, finished iteration 438
[LightGBM] [Warning] No further splits with positive gain, best gain: -inf
[LightGBM] [Debug] Trained a tree with leaves = 228 and depth = 18
[LightGBM] [Info] 407.683777 seconds elapsed, finished iteration 439
[LightGBM] [Warning] No further splits with positive gain, best gain: -inf
[LightGBM] [Debug] Trained a tree with leaves = 230 and depth = 18
[LightGBM] [Info] 408.533759 seconds elapsed, finished iteration 440
[LightGBM] [Warning] No further splits with positive gain, best gain: -inf
[LightGBM] [Debug] Trained a tree with leaves = 217 and depth = 19
[LightGBM] [Info] 409.494530 seconds elapsed, finished iteration 441
[LightGBM] [Warning] No further splits with positive gain, best gain: -inf
[LightGBM] [Debug] Trained a tree with leaves = 230 and depth = 18
[LightGBM] [Info] 410.526465 seconds elapsed, finished iteration 442
[LightGBM] [Warning] No further splits with positive gain, best gain: -inf
[LightGBM] [Debug] Trained a tree with leaves = 227 and depth = 19
[LightGBM] [Info] 411.353024 seconds elapsed, finished iteration 443
[LightGBM] [Warning] No further splits with positive gain, best gain: -inf
[LightGBM] [Debug] Trained a tree with leaves = 230 and depth = 19
[LightGBM] [Info] 412.194516 seconds elapsed, finished iteration 444
[LightGBM] [Warning] No further splits with positive gain, best gain: -inf
[LightGBM] [Debug] Trained a tree with leaves = 231 and depth = 22
[LightGBM] [Info] 412.986112 seconds elapsed, finished iteration 445
[LightGBM] [Warning] No further splits with positive gain, best gain: -inf
[LightGBM] [Debug] Trained a tree with leaves = 226 and depth = 23
[LightGBM] [Info] 413.823084 seconds elapsed, finished iteration 446
[LightGBM] [Warning] No further splits with positive gain, best gain: -inf
[LightGBM] [Debug] Trained a tree with leaves = 227 and depth = 17
[LightGBM] [Info] 414.685307 seconds elapsed, finished iteration 447
[LightGBM] [Warning] No further splits with positive gain, best gain: -inf
[LightGBM] [Debug] Trained a tree with leaves = 226 and depth = 20
[LightGBM] [Info] 415.884736 seconds elapsed, finished iteration 448
[LightGBM] [Warning] No further splits with positive gain, best gain: -inf
[LightGBM] [Debug] Trained a tree with leaves = 222 and depth = 19
[LightGBM] [Info] 417.132264 seconds elapsed, finished iteration 449
[LightGBM] [Warning] No further splits with positive gain, best gain: -inf
[LightGBM] [Debug] Trained a tree with leaves = 226 and depth = 20
[LightGBM] [Info] 418.074216 seconds elapsed, finished iteration 450
[LightGBM] [Warning] No further splits with positive gain, best gain: -inf
[LightGBM] [Debug] Trained a tree with leaves = 221 and depth = 24
[LightGBM] [Info] 418.837967 seconds elapsed, finished iteration 451
[LightGBM] [Warning] No further splits with positive gain, best gain: -inf
[LightGBM] [Debug] Trained a tree with leaves = 221 and depth = 20
[LightGBM] [Info] 419.674313 seconds elapsed, finished iteration 452
[LightGBM] [Warning] No further splits with positive gain, best gain: -inf
[LightGBM] [Debug] Trained a tree with leaves = 224 and depth = 22
[LightGBM] [Info] 420.487522 seconds elapsed, finished iteration 453
[LightGBM] [Warning] No further splits with positive gain, best gain: -inf
[LightGBM] [Debug] Trained a tree with leaves = 221 and depth = 25
[LightGBM] [Info] 421.268628 seconds elapsed, finished iteration 454
[LightGBM] [Warning] No further splits with positive gain, best gain: -inf
[LightGBM] [Debug] Trained a tree with leaves = 219 and depth = 21
[LightGBM] [Info] 422.083275 seconds elapsed, finished iteration 455
[LightGBM] [Warning] No further splits with positive gain, best gain: -inf
[LightGBM] [Debug] Trained a tree with leaves = 218 and depth = 19
[LightGBM] [Info] 422.916320 seconds elapsed, finished iteration 456
[LightGBM] [Warning] No further splits with positive gain, best gain: -inf
[LightGBM] [Debug] Trained a tree with leaves = 224 and depth = 24
[LightGBM] [Info] 423.727587 seconds elapsed, finished iteration 457
[LightGBM] [Warning] No further splits with positive gain, best gain: -inf
[LightGBM] [Debug] Trained a tree with leaves = 212 and depth = 21
[LightGBM] [Info] 424.543370 seconds elapsed, finished iteration 458
[LightGBM] [Warning] No further splits with positive gain, best gain: -inf
[LightGBM] [Debug] Trained a tree with leaves = 223 and depth = 21
[LightGBM] [Info] 425.470613 seconds elapsed, finished iteration 459
[LightGBM] [Warning] No further splits with positive gain, best gain: -inf
[LightGBM] [Debug] Trained a tree with leaves = 219 and depth = 18
[LightGBM] [Info] 426.743127 seconds elapsed, finished iteration 460
[LightGBM] [Warning] No further splits with positive gain, best gain: -inf
[LightGBM] [Debug] Trained a tree with leaves = 221 and depth = 20
[LightGBM] [Info] 427.570632 seconds elapsed, finished iteration 461
[LightGBM] [Warning] No further splits with positive gain, best gain: -inf
[LightGBM] [Debug] Trained a tree with leaves = 220 and depth = 25
[LightGBM] [Info] 428.417798 seconds elapsed, finished iteration 462
[LightGBM] [Warning] No further splits with positive gain, best gain: -inf
[LightGBM] [Debug] Trained a tree with leaves = 222 and depth = 19
[LightGBM] [Info] 429.239144 seconds elapsed, finished iteration 463
[LightGBM] [Warning] No further splits with positive gain, best gain: -inf
[LightGBM] [Debug] Trained a tree with leaves = 211 and depth = 19
[LightGBM] [Info] 430.047596 seconds elapsed, finished iteration 464
[LightGBM] [Warning] No further splits with positive gain, best gain: -inf
[LightGBM] [Debug] Trained a tree with leaves = 224 and depth = 16
[LightGBM] [Info] 430.990365 seconds elapsed, finished iteration 465
[LightGBM] [Warning] No further splits with positive gain, best gain: -inf
[LightGBM] [Debug] Trained a tree with leaves = 223 and depth = 20
[LightGBM] [Info] 431.817441 seconds elapsed, finished iteration 466
[LightGBM] [Warning] No further splits with positive gain, best gain: -inf
[LightGBM] [Debug] Trained a tree with leaves = 220 and depth = 28
[LightGBM] [Info] 432.688410 seconds elapsed, finished iteration 467
[LightGBM] [Warning] No further splits with positive gain, best gain: -inf
[LightGBM] [Debug] Trained a tree with leaves = 222 and depth = 17
[LightGBM] [Info] 433.543090 seconds elapsed, finished iteration 468
[LightGBM] [Warning] No further splits with positive gain, best gain: -inf
[LightGBM] [Debug] Trained a tree with leaves = 214 and depth = 19
[LightGBM] [Info] 434.346006 seconds elapsed, finished iteration 469
[LightGBM] [Warning] No further splits with positive gain, best gain: -inf
[LightGBM] [Debug] Trained a tree with leaves = 216 and depth = 20
[LightGBM] [Info] 435.152715 seconds elapsed, finished iteration 470
[LightGBM] [Warning] No further splits with positive gain, best gain: -inf
[LightGBM] [Debug] Trained a tree with leaves = 216 and depth = 19
[LightGBM] [Info] 435.990543 seconds elapsed, finished iteration 471
[LightGBM] [Warning] No further splits with positive gain, best gain: -inf
[LightGBM] [Debug] Trained a tree with leaves = 213 and depth = 21
[LightGBM] [Info] 436.792803 seconds elapsed, finished iteration 472
[LightGBM] [Warning] No further splits with positive gain, best gain: -inf
[LightGBM] [Debug] Trained a tree with leaves = 215 and depth = 18
[LightGBM] [Info] 437.677713 seconds elapsed, finished iteration 473
[LightGBM] [Warning] No further splits with positive gain, best gain: -inf
[LightGBM] [Debug] Trained a tree with leaves = 211 and depth = 16
[LightGBM] [Info] 438.565497 seconds elapsed, finished iteration 474
[LightGBM] [Warning] No further splits with positive gain, best gain: -inf
[LightGBM] [Debug] Trained a tree with leaves = 217 and depth = 17
[LightGBM] [Info] 439.441110 seconds elapsed, finished iteration 475
[LightGBM] [Warning] No further splits with positive gain, best gain: -inf
[LightGBM] [Debug] Trained a tree with leaves = 215 and depth = 20
[LightGBM] [Info] 440.234538 seconds elapsed, finished iteration 476
[LightGBM] [Warning] No further splits with positive gain, best gain: -inf
[LightGBM] [Debug] Trained a tree with leaves = 219 and depth = 17
[LightGBM] [Info] 441.084238 seconds elapsed, finished iteration 477
[LightGBM] [Warning] No further splits with positive gain, best gain: -inf
[LightGBM] [Debug] Trained a tree with leaves = 212 and depth = 20
[LightGBM] [Info] 441.939169 seconds elapsed, finished iteration 478
[LightGBM] [Warning] No further splits with positive gain, best gain: -inf
[LightGBM] [Debug] Trained a tree with leaves = 213 and depth = 17
[LightGBM] [Info] 442.896563 seconds elapsed, finished iteration 479
[LightGBM] [Warning] No further splits with positive gain, best gain: -inf
[LightGBM] [Debug] Trained a tree with leaves = 212 and depth = 18
[LightGBM] [Info] 443.812252 seconds elapsed, finished iteration 480
[LightGBM] [Warning] No further splits with positive gain, best gain: -inf
[LightGBM] [Debug] Trained a tree with leaves = 209 and depth = 18
[LightGBM] [Info] 444.643177 seconds elapsed, finished iteration 481
[LightGBM] [Warning] No further splits with positive gain, best gain: -inf
[LightGBM] [Debug] Trained a tree with leaves = 211 and depth = 18
[LightGBM] [Info] 445.489096 seconds elapsed, finished iteration 482
[LightGBM] [Warning] No further splits with positive gain, best gain: -inf
[LightGBM] [Debug] Trained a tree with leaves = 221 and depth = 19
[LightGBM] [Info] 446.333309 seconds elapsed, finished iteration 483
[LightGBM] [Warning] No further splits with positive gain, best gain: -inf
[LightGBM] [Debug] Trained a tree with leaves = 213 and depth = 17
[LightGBM] [Info] 447.177318 seconds elapsed, finished iteration 484
[LightGBM] [Warning] No further splits with positive gain, best gain: -inf
[LightGBM] [Debug] Trained a tree with leaves = 209 and depth = 20
[LightGBM] [Info] 447.968160 seconds elapsed, finished iteration 485
[LightGBM] [Warning] No further splits with positive gain, best gain: -inf
[LightGBM] [Debug] Trained a tree with leaves = 211 and depth = 20
[LightGBM] [Info] 448.766262 seconds elapsed, finished iteration 486
[LightGBM] [Warning] No further splits with positive gain, best gain: -inf
[LightGBM] [Debug] Trained a tree with leaves = 213 and depth = 16
[LightGBM] [Info] 449.595478 seconds elapsed, finished iteration 487
[LightGBM] [Warning] No further splits with positive gain, best gain: -inf
[LightGBM] [Debug] Trained a tree with leaves = 213 and depth = 16
[LightGBM] [Info] 450.435534 seconds elapsed, finished iteration 488
[LightGBM] [Warning] No further splits with positive gain, best gain: -inf
[LightGBM] [Debug] Trained a tree with leaves = 210 and depth = 22
[LightGBM] [Info] 451.233305 seconds elapsed, finished iteration 489
[LightGBM] [Warning] No further splits with positive gain, best gain: -inf
[LightGBM] [Debug] Trained a tree with leaves = 216 and depth = 17
[LightGBM] [Info] 452.073028 seconds elapsed, finished iteration 490
[LightGBM] [Warning] No further splits with positive gain, best gain: -inf
[LightGBM] [Debug] Trained a tree with leaves = 215 and depth = 18
[LightGBM] [Info] 452.878176 seconds elapsed, finished iteration 491
[LightGBM] [Warning] No further splits with positive gain, best gain: -inf
[LightGBM] [Debug] Trained a tree with leaves = 211 and depth = 17
[LightGBM] [Info] 453.692578 seconds elapsed, finished iteration 492
[LightGBM] [Warning] No further splits with positive gain, best gain: -inf
[LightGBM] [Debug] Trained a tree with leaves = 213 and depth = 21
[LightGBM] [Info] 454.541424 seconds elapsed, finished iteration 493
[LightGBM] [Warning] No further splits with positive gain, best gain: -inf
[LightGBM] [Debug] Trained a tree with leaves = 215 and depth = 21
[LightGBM] [Info] 455.341526 seconds elapsed, finished iteration 494
[LightGBM] [Warning] No further splits with positive gain, best gain: -inf
[LightGBM] [Debug] Trained a tree with leaves = 213 and depth = 17
[LightGBM] [Info] 456.190104 seconds elapsed, finished iteration 495
[LightGBM] [Warning] No further splits with positive gain, best gain: -inf
[LightGBM] [Debug] Trained a tree with leaves = 208 and depth = 21
[LightGBM] [Info] 456.961350 seconds elapsed, finished iteration 496
[LightGBM] [Warning] No further splits with positive gain, best gain: -inf
[LightGBM] [Debug] Trained a tree with leaves = 206 and depth = 19
[LightGBM] [Info] 457.761839 seconds elapsed, finished iteration 497
[LightGBM] [Warning] No further splits with positive gain, best gain: -inf
[LightGBM] [Debug] Trained a tree with leaves = 214 and depth = 15
[LightGBM] [Info] 458.638105 seconds elapsed, finished iteration 498
[LightGBM] [Warning] No further splits with positive gain, best gain: -inf
[LightGBM] [Debug] Trained a tree with leaves = 212 and depth = 22
[LightGBM] [Info] 459.726560 seconds elapsed, finished iteration 499
[LightGBM] [Warning] No further splits with positive gain, best gain: -inf
[LightGBM] [Debug] Trained a tree with leaves = 211 and depth = 22
[LightGBM] [Info] 460.652361 seconds elapsed, finished iteration 500
[LightGBM] [Info] Finished training
[LightGBM] [Info] DataPartition::Split costs:	 2.333834
[LightGBM] [Info] Dataset::ConstructHistogramsMultiVal costs:	 411.454981
[LightGBM] [Info] Dataset::FastFeatureBundling costs:	 1.537610
[LightGBM] [Info] Dataset::GetMultiBinFromAllFeatures costs:	 1.513021
[LightGBM] [Info] Dataset::InitTrain costs:	 0.027556
[LightGBM] [Info] Dataset::PushDataToMultiValBin costs:	 1.183130
[LightGBM] [Info] Dataset::TestMultiThreadingMethod costs:	 1.513154
[LightGBM] [Info] Dataset::sparse_bin_histogram costs:	 378.598615
[LightGBM] [Info] Dataset::sparse_bin_histogram_merge costs:	 32.662509
[LightGBM] [Info] Dataset::sparse_bin_histogram_move costs:	 0.010639
[LightGBM] [Info] GBDT::Bagging costs:	 0.000096
[LightGBM] [Info] GBDT::BoostFromAverage costs:	 0.000208
[LightGBM] [Info] GBDT::Boosting costs:	 0.339438
[LightGBM] [Info] GBDT::Train costs:	 460.652370
[LightGBM] [Info] GBDT::TrainOneIter costs:	 460.642682
[LightGBM] [Info] GBDT::UpdateScore costs:	 0.091442
[LightGBM] [Info] ScoreUpdater::AddScore costs:	 0.090629
[LightGBM] [Info] SerialTreeLearner::BeforeFindBestSplit costs:	 0.030704
[LightGBM] [Info] SerialTreeLearner::BeforeTrain costs:	 0.084855
[LightGBM] [Info] SerialTreeLearner::ConstructHistograms costs:	 411.576778
[LightGBM] [Info] SerialTreeLearner::FindBestSplitsFromHistograms costs:	 43.452369
[LightGBM] [Info] SerialTreeLearner::RenewIntGradTreeOutput costs:	 0.907584
[LightGBM] [Info] SerialTreeLearner::SplitInner costs:	 2.557110
[LightGBM] [Info] SerialTreeLearner::Train costs:	 460.201220
