[LightGBM] [Warning] use_discretized_grad is set=true, use_discretized_grad=true will be ignored. Current value: use_discretized_grad=true
[LightGBM] [Warning] discretized_grad_renew is set=false, discretized_grad_renew=true will be ignored. Current value: discretized_grad_renew=false
[LightGBM] [Info] Finished loading parameters
[LightGBM] [Debug] Loading train file...
[LightGBM] [Info] Construct bin mappers from text data time 0.67 seconds
[LightGBM] [Debug] Loading validation file #1...
[LightGBM] [Info] Finished loading data in 16.711481 seconds
[LightGBM] [Info] Number of positive: 5564616, number of negative: 4935384
[LightGBM] [Debug] Dataset::GetMultiBinFromAllFeatures: sparse rate 0.078954
[LightGBM] [Info] Total Bins 6132
[LightGBM] [Info] Number of data points in the train set: 10500000, number of used features: 28
[LightGBM] [Debug] Number of data points in validation set #1: 500000
[LightGBM] [Info] Finished initializing training
[LightGBM] [Info] Started training...
[LightGBM] [Info] [binary:BoostFromScore]: pavg=0.529963 -> initscore=0.119997
[LightGBM] [Info] Start training from score 0.119997
[LightGBM] [Debug] Trained a tree with leaves = 255 and depth = 13
[LightGBM] [Info] Iteration:1, valid_1 auc : 0.771692
[LightGBM] [Info] 0.500338 seconds elapsed, finished iteration 1
[LightGBM] [Debug] Trained a tree with leaves = 255 and depth = 13
[LightGBM] [Info] Iteration:2, valid_1 auc : 0.771692
[LightGBM] [Info] 1.002463 seconds elapsed, finished iteration 2
[LightGBM] [Debug] Trained a tree with leaves = 255 and depth = 13
[LightGBM] [Info] Iteration:3, valid_1 auc : 0.771692
[LightGBM] [Info] 1.439108 seconds elapsed, finished iteration 3
[LightGBM] [Debug] Trained a tree with leaves = 255 and depth = 16
[LightGBM] [Info] Iteration:4, valid_1 auc : 0.77528
[LightGBM] [Info] 1.879975 seconds elapsed, finished iteration 4
[LightGBM] [Debug] Trained a tree with leaves = 255 and depth = 16
[LightGBM] [Info] Iteration:5, valid_1 auc : 0.780037
[LightGBM] [Info] 2.382656 seconds elapsed, finished iteration 5
[LightGBM] [Debug] Trained a tree with leaves = 255 and depth = 17
[LightGBM] [Info] Iteration:6, valid_1 auc : 0.783541
[LightGBM] [Info] 2.895361 seconds elapsed, finished iteration 6
[LightGBM] [Debug] Trained a tree with leaves = 255 and depth = 16
[LightGBM] [Info] Iteration:7, valid_1 auc : 0.786445
[LightGBM] [Info] 3.319723 seconds elapsed, finished iteration 7
[LightGBM] [Debug] Trained a tree with leaves = 255 and depth = 16
[LightGBM] [Info] Iteration:8, valid_1 auc : 0.789438
[LightGBM] [Info] 3.799949 seconds elapsed, finished iteration 8
[LightGBM] [Debug] Trained a tree with leaves = 255 and depth = 14
[LightGBM] [Info] Iteration:9, valid_1 auc : 0.791626
[LightGBM] [Info] 4.348416 seconds elapsed, finished iteration 9
[LightGBM] [Debug] Trained a tree with leaves = 255 and depth = 16
[LightGBM] [Info] Iteration:10, valid_1 auc : 0.793289
[LightGBM] [Info] 4.761541 seconds elapsed, finished iteration 10
[LightGBM] [Debug] Trained a tree with leaves = 255 and depth = 19
[LightGBM] [Info] Iteration:11, valid_1 auc : 0.794858
[LightGBM] [Info] 5.262423 seconds elapsed, finished iteration 11
[LightGBM] [Debug] Trained a tree with leaves = 255 and depth = 17
[LightGBM] [Info] Iteration:12, valid_1 auc : 0.79622
[LightGBM] [Info] 5.805295 seconds elapsed, finished iteration 12
[LightGBM] [Debug] Trained a tree with leaves = 255 and depth = 15
[LightGBM] [Info] Iteration:13, valid_1 auc : 0.7973
[LightGBM] [Info] 6.207462 seconds elapsed, finished iteration 13
[LightGBM] [Debug] Trained a tree with leaves = 255 and depth = 19
[LightGBM] [Info] Iteration:14, valid_1 auc : 0.798705
[LightGBM] [Info] 6.632561 seconds elapsed, finished iteration 14
[LightGBM] [Debug] Trained a tree with leaves = 255 and depth = 23
[LightGBM] [Info] Iteration:15, valid_1 auc : 0.799949
[LightGBM] [Info] 7.128832 seconds elapsed, finished iteration 15
[LightGBM] [Debug] Trained a tree with leaves = 255 and depth = 17
[LightGBM] [Info] Iteration:16, valid_1 auc : 0.800951
[LightGBM] [Info] 7.664006 seconds elapsed, finished iteration 16
[LightGBM] [Debug] Trained a tree with leaves = 255 and depth = 18
[LightGBM] [Info] Iteration:17, valid_1 auc : 0.802005
[LightGBM] [Info] 8.169665 seconds elapsed, finished iteration 17
[LightGBM] [Debug] Trained a tree with leaves = 255 and depth = 19
[LightGBM] [Info] Iteration:18, valid_1 auc : 0.802696
[LightGBM] [Info] 8.638925 seconds elapsed, finished iteration 18
[LightGBM] [Debug] Trained a tree with leaves = 255 and depth = 22
[LightGBM] [Info] Iteration:19, valid_1 auc : 0.80353
[LightGBM] [Info] 9.068687 seconds elapsed, finished iteration 19
[LightGBM] [Debug] Trained a tree with leaves = 255 and depth = 17
[LightGBM] [Info] Iteration:20, valid_1 auc : 0.804257
[LightGBM] [Info] 9.508541 seconds elapsed, finished iteration 20
[LightGBM] [Debug] Trained a tree with leaves = 255 and depth = 17
[LightGBM] [Info] Iteration:21, valid_1 auc : 0.805036
[LightGBM] [Info] 9.960256 seconds elapsed, finished iteration 21
[LightGBM] [Debug] Trained a tree with leaves = 255 and depth = 20
[LightGBM] [Info] Iteration:22, valid_1 auc : 0.805768
[LightGBM] [Info] 10.422067 seconds elapsed, finished iteration 22
[LightGBM] [Debug] Trained a tree with leaves = 255 and depth = 26
[LightGBM] [Info] Iteration:23, valid_1 auc : 0.80651
[LightGBM] [Info] 10.842865 seconds elapsed, finished iteration 23
[LightGBM] [Debug] Trained a tree with leaves = 255 and depth = 22
[LightGBM] [Info] Iteration:24, valid_1 auc : 0.807284
[LightGBM] [Info] 11.288479 seconds elapsed, finished iteration 24
[LightGBM] [Debug] Trained a tree with leaves = 255 and depth = 25
[LightGBM] [Info] Iteration:25, valid_1 auc : 0.807866
[LightGBM] [Info] 11.803130 seconds elapsed, finished iteration 25
[LightGBM] [Debug] Trained a tree with leaves = 255 and depth = 16
[LightGBM] [Info] Iteration:26, valid_1 auc : 0.808839
[LightGBM] [Info] 12.209051 seconds elapsed, finished iteration 26
[LightGBM] [Debug] Trained a tree with leaves = 255 and depth = 17
[LightGBM] [Info] Iteration:27, valid_1 auc : 0.809643
[LightGBM] [Info] 12.667345 seconds elapsed, finished iteration 27
[LightGBM] [Debug] Trained a tree with leaves = 255 and depth = 25
[LightGBM] [Info] Iteration:28, valid_1 auc : 0.810268
[LightGBM] [Info] 13.075217 seconds elapsed, finished iteration 28
[LightGBM] [Debug] Trained a tree with leaves = 255 and depth = 16
[LightGBM] [Info] Iteration:29, valid_1 auc : 0.811134
[LightGBM] [Info] 13.488260 seconds elapsed, finished iteration 29
[LightGBM] [Debug] Trained a tree with leaves = 255 and depth = 17
[LightGBM] [Info] Iteration:30, valid_1 auc : 0.811432
[LightGBM] [Info] 13.965710 seconds elapsed, finished iteration 30
[LightGBM] [Debug] Trained a tree with leaves = 255 and depth = 15
[LightGBM] [Info] Iteration:31, valid_1 auc : 0.811902
[LightGBM] [Info] 14.492997 seconds elapsed, finished iteration 31
[LightGBM] [Debug] Trained a tree with leaves = 255 and depth = 20
[LightGBM] [Info] Iteration:32, valid_1 auc : 0.812354
[LightGBM] [Info] 14.971160 seconds elapsed, finished iteration 32
[LightGBM] [Debug] Trained a tree with leaves = 255 and depth = 17
[LightGBM] [Info] Iteration:33, valid_1 auc : 0.812633
[LightGBM] [Info] 15.383810 seconds elapsed, finished iteration 33
[LightGBM] [Debug] Trained a tree with leaves = 255 and depth = 18
[LightGBM] [Info] Iteration:34, valid_1 auc : 0.81307
[LightGBM] [Info] 15.759919 seconds elapsed, finished iteration 34
[LightGBM] [Debug] Trained a tree with leaves = 255 and depth = 17
[LightGBM] [Info] Iteration:35, valid_1 auc : 0.813687
[LightGBM] [Info] 16.193054 seconds elapsed, finished iteration 35
[LightGBM] [Debug] Trained a tree with leaves = 255 and depth = 17
[LightGBM] [Info] Iteration:36, valid_1 auc : 0.814077
[LightGBM] [Info] 16.610577 seconds elapsed, finished iteration 36
[LightGBM] [Debug] Trained a tree with leaves = 255 and depth = 17
[LightGBM] [Info] Iteration:37, valid_1 auc : 0.814297
[LightGBM] [Info] 17.022166 seconds elapsed, finished iteration 37
[LightGBM] [Debug] Trained a tree with leaves = 255 and depth = 22
[LightGBM] [Info] Iteration:38, valid_1 auc : 0.814554
[LightGBM] [Info] 17.485459 seconds elapsed, finished iteration 38
[LightGBM] [Debug] Trained a tree with leaves = 255 and depth = 21
[LightGBM] [Info] Iteration:39, valid_1 auc : 0.814772
[LightGBM] [Info] 17.994901 seconds elapsed, finished iteration 39
[LightGBM] [Debug] Trained a tree with leaves = 255 and depth = 19
[LightGBM] [Info] Iteration:40, valid_1 auc : 0.815032
[LightGBM] [Info] 18.481916 seconds elapsed, finished iteration 40
[LightGBM] [Debug] Trained a tree with leaves = 255 and depth = 23
[LightGBM] [Info] Iteration:41, valid_1 auc : 0.815594
[LightGBM] [Info] 18.972981 seconds elapsed, finished iteration 41
[LightGBM] [Debug] Trained a tree with leaves = 255 and depth = 23
[LightGBM] [Info] Iteration:42, valid_1 auc : 0.816006
[LightGBM] [Info] 19.462227 seconds elapsed, finished iteration 42
[LightGBM] [Debug] Trained a tree with leaves = 255 and depth = 16
[LightGBM] [Info] Iteration:43, valid_1 auc : 0.816357
[LightGBM] [Info] 19.843749 seconds elapsed, finished iteration 43
[LightGBM] [Debug] Trained a tree with leaves = 255 and depth = 15
[LightGBM] [Info] Iteration:44, valid_1 auc : 0.816617
[LightGBM] [Info] 20.187897 seconds elapsed, finished iteration 44
[LightGBM] [Debug] Trained a tree with leaves = 255 and depth = 18
[LightGBM] [Info] Iteration:45, valid_1 auc : 0.81695
[LightGBM] [Info] 20.586209 seconds elapsed, finished iteration 45
[LightGBM] [Debug] Trained a tree with leaves = 255 and depth = 22
[LightGBM] [Info] Iteration:46, valid_1 auc : 0.817275
[LightGBM] [Info] 21.018854 seconds elapsed, finished iteration 46
[LightGBM] [Debug] Trained a tree with leaves = 255 and depth = 18
[LightGBM] [Info] Iteration:47, valid_1 auc : 0.817714
[LightGBM] [Info] 21.397224 seconds elapsed, finished iteration 47
[LightGBM] [Debug] Trained a tree with leaves = 255 and depth = 22
[LightGBM] [Info] Iteration:48, valid_1 auc : 0.818186
[LightGBM] [Info] 21.818641 seconds elapsed, finished iteration 48
[LightGBM] [Debug] Trained a tree with leaves = 255 and depth = 15
[LightGBM] [Info] Iteration:49, valid_1 auc : 0.818539
[LightGBM] [Info] 22.196470 seconds elapsed, finished iteration 49
[LightGBM] [Debug] Trained a tree with leaves = 255 and depth = 22
[LightGBM] [Info] Iteration:50, valid_1 auc : 0.818858
[LightGBM] [Info] 22.692683 seconds elapsed, finished iteration 50
[LightGBM] [Debug] Trained a tree with leaves = 255 and depth = 17
[LightGBM] [Info] Iteration:51, valid_1 auc : 0.819137
[LightGBM] [Info] 23.191736 seconds elapsed, finished iteration 51
[LightGBM] [Debug] Trained a tree with leaves = 255 and depth = 19
[LightGBM] [Info] Iteration:52, valid_1 auc : 0.819249
[LightGBM] [Info] 23.539237 seconds elapsed, finished iteration 52
[LightGBM] [Debug] Trained a tree with leaves = 255 and depth = 22
[LightGBM] [Info] Iteration:53, valid_1 auc : 0.819508
[LightGBM] [Info] 23.891046 seconds elapsed, finished iteration 53
[LightGBM] [Debug] Trained a tree with leaves = 255 and depth = 26
[LightGBM] [Info] Iteration:54, valid_1 auc : 0.819787
[LightGBM] [Info] 24.264875 seconds elapsed, finished iteration 54
[LightGBM] [Debug] Trained a tree with leaves = 255 and depth = 16
[LightGBM] [Info] Iteration:55, valid_1 auc : 0.82001
[LightGBM] [Info] 24.687812 seconds elapsed, finished iteration 55
[LightGBM] [Debug] Trained a tree with leaves = 255 and depth = 16
[LightGBM] [Info] Iteration:56, valid_1 auc : 0.820237
[LightGBM] [Info] 25.028761 seconds elapsed, finished iteration 56
[LightGBM] [Debug] Trained a tree with leaves = 255 and depth = 27
[LightGBM] [Info] Iteration:57, valid_1 auc : 0.820369
[LightGBM] [Info] 25.351765 seconds elapsed, finished iteration 57
[LightGBM] [Debug] Trained a tree with leaves = 255 and depth = 21
[LightGBM] [Info] Iteration:58, valid_1 auc : 0.820443
[LightGBM] [Info] 25.599684 seconds elapsed, finished iteration 58
[LightGBM] [Debug] Trained a tree with leaves = 255 and depth = 23
[LightGBM] [Info] Iteration:59, valid_1 auc : 0.820559
[LightGBM] [Info] 25.921749 seconds elapsed, finished iteration 59
[LightGBM] [Debug] Trained a tree with leaves = 255 and depth = 23
[LightGBM] [Info] Iteration:60, valid_1 auc : 0.820746
[LightGBM] [Info] 26.260520 seconds elapsed, finished iteration 60
[LightGBM] [Debug] Trained a tree with leaves = 255 and depth = 20
[LightGBM] [Info] Iteration:61, valid_1 auc : 0.820984
[LightGBM] [Info] 26.667587 seconds elapsed, finished iteration 61
[LightGBM] [Debug] Trained a tree with leaves = 255 and depth = 22
[LightGBM] [Info] Iteration:62, valid_1 auc : 0.821262
[LightGBM] [Info] 27.077799 seconds elapsed, finished iteration 62
[LightGBM] [Debug] Trained a tree with leaves = 255 and depth = 20
[LightGBM] [Info] Iteration:63, valid_1 auc : 0.821391
[LightGBM] [Info] 27.430861 seconds elapsed, finished iteration 63
[LightGBM] [Debug] Trained a tree with leaves = 255 and depth = 18
[LightGBM] [Info] Iteration:64, valid_1 auc : 0.82165
[LightGBM] [Info] 27.910629 seconds elapsed, finished iteration 64
[LightGBM] [Debug] Trained a tree with leaves = 255 and depth = 16
[LightGBM] [Info] Iteration:65, valid_1 auc : 0.821992
[LightGBM] [Info] 28.391586 seconds elapsed, finished iteration 65
[LightGBM] [Debug] Trained a tree with leaves = 255 and depth = 15
[LightGBM] [Info] Iteration:66, valid_1 auc : 0.822227
[LightGBM] [Info] 28.785130 seconds elapsed, finished iteration 66
[LightGBM] [Debug] Trained a tree with leaves = 255 and depth = 19
[LightGBM] [Info] Iteration:67, valid_1 auc : 0.822604
[LightGBM] [Info] 29.255584 seconds elapsed, finished iteration 67
[LightGBM] [Debug] Trained a tree with leaves = 255 and depth = 22
[LightGBM] [Info] Iteration:68, valid_1 auc : 0.822718
[LightGBM] [Info] 29.575940 seconds elapsed, finished iteration 68
[LightGBM] [Debug] Trained a tree with leaves = 255 and depth = 21
[LightGBM] [Info] Iteration:69, valid_1 auc : 0.822912
[LightGBM] [Info] 29.968959 seconds elapsed, finished iteration 69
[LightGBM] [Debug] Trained a tree with leaves = 255 and depth = 19
[LightGBM] [Info] Iteration:70, valid_1 auc : 0.823022
[LightGBM] [Info] 30.352376 seconds elapsed, finished iteration 70
[LightGBM] [Debug] Trained a tree with leaves = 255 and depth = 18
[LightGBM] [Info] Iteration:71, valid_1 auc : 0.823118
[LightGBM] [Info] 30.657263 seconds elapsed, finished iteration 71
[LightGBM] [Debug] Trained a tree with leaves = 255 and depth = 25
[LightGBM] [Info] Iteration:72, valid_1 auc : 0.823229
[LightGBM] [Info] 31.058653 seconds elapsed, finished iteration 72
[LightGBM] [Debug] Trained a tree with leaves = 255 and depth = 18
[LightGBM] [Info] Iteration:73, valid_1 auc : 0.823333
[LightGBM] [Info] 31.472140 seconds elapsed, finished iteration 73
[LightGBM] [Debug] Trained a tree with leaves = 255 and depth = 22
[LightGBM] [Info] Iteration:74, valid_1 auc : 0.823503
[LightGBM] [Info] 31.849701 seconds elapsed, finished iteration 74
[LightGBM] [Debug] Trained a tree with leaves = 255 and depth = 17
[LightGBM] [Info] Iteration:75, valid_1 auc : 0.823608
[LightGBM] [Info] 32.179140 seconds elapsed, finished iteration 75
[LightGBM] [Debug] Trained a tree with leaves = 255 and depth = 20
[LightGBM] [Info] Iteration:76, valid_1 auc : 0.823661
[LightGBM] [Info] 32.468671 seconds elapsed, finished iteration 76
[LightGBM] [Debug] Trained a tree with leaves = 255 and depth = 21
[LightGBM] [Info] Iteration:77, valid_1 auc : 0.823713
[LightGBM] [Info] 32.699984 seconds elapsed, finished iteration 77
[LightGBM] [Debug] Trained a tree with leaves = 255 and depth = 16
[LightGBM] [Info] Iteration:78, valid_1 auc : 0.823975
[LightGBM] [Info] 33.104374 seconds elapsed, finished iteration 78
[LightGBM] [Debug] Trained a tree with leaves = 255 and depth = 17
[LightGBM] [Info] Iteration:79, valid_1 auc : 0.824075
[LightGBM] [Info] 33.447348 seconds elapsed, finished iteration 79
[LightGBM] [Debug] Trained a tree with leaves = 255 and depth = 19
[LightGBM] [Info] Iteration:80, valid_1 auc : 0.824202
[LightGBM] [Info] 33.782868 seconds elapsed, finished iteration 80
[LightGBM] [Debug] Trained a tree with leaves = 255 and depth = 19
[LightGBM] [Info] Iteration:81, valid_1 auc : 0.824287
[LightGBM] [Info] 34.030377 seconds elapsed, finished iteration 81
[LightGBM] [Debug] Trained a tree with leaves = 255 and depth = 27
[LightGBM] [Info] Iteration:82, valid_1 auc : 0.824451
[LightGBM] [Info] 34.374224 seconds elapsed, finished iteration 82
[LightGBM] [Debug] Trained a tree with leaves = 255 and depth = 20
[LightGBM] [Info] Iteration:83, valid_1 auc : 0.824558
[LightGBM] [Info] 34.758955 seconds elapsed, finished iteration 83
[LightGBM] [Debug] Trained a tree with leaves = 255 and depth = 18
[LightGBM] [Info] Iteration:84, valid_1 auc : 0.824651
[LightGBM] [Info] 34.983118 seconds elapsed, finished iteration 84
[LightGBM] [Debug] Trained a tree with leaves = 255 and depth = 19
[LightGBM] [Info] Iteration:85, valid_1 auc : 0.82468
[LightGBM] [Info] 35.165676 seconds elapsed, finished iteration 85
[LightGBM] [Debug] Trained a tree with leaves = 255 and depth = 20
[LightGBM] [Info] Iteration:86, valid_1 auc : 0.824764
[LightGBM] [Info] 35.416898 seconds elapsed, finished iteration 86
[LightGBM] [Debug] Trained a tree with leaves = 255 and depth = 20
[LightGBM] [Info] Iteration:87, valid_1 auc : 0.824912
[LightGBM] [Info] 35.729315 seconds elapsed, finished iteration 87
[LightGBM] [Debug] Trained a tree with leaves = 255 and depth = 17
[LightGBM] [Info] Iteration:88, valid_1 auc : 0.825053
[LightGBM] [Info] 36.159705 seconds elapsed, finished iteration 88
[LightGBM] [Debug] Trained a tree with leaves = 255 and depth = 17
[LightGBM] [Info] Iteration:89, valid_1 auc : 0.82507
[LightGBM] [Info] 36.408887 seconds elapsed, finished iteration 89
[LightGBM] [Debug] Trained a tree with leaves = 255 and depth = 21
[LightGBM] [Info] Iteration:90, valid_1 auc : 0.825191
[LightGBM] [Info] 36.837278 seconds elapsed, finished iteration 90
[LightGBM] [Debug] Trained a tree with leaves = 255 and depth = 21
[LightGBM] [Info] Iteration:91, valid_1 auc : 0.825216
[LightGBM] [Info] 37.056137 seconds elapsed, finished iteration 91
[LightGBM] [Debug] Trained a tree with leaves = 255 and depth = 21
[LightGBM] [Info] Iteration:92, valid_1 auc : 0.825368
[LightGBM] [Info] 37.396432 seconds elapsed, finished iteration 92
[LightGBM] [Debug] Trained a tree with leaves = 255 and depth = 18
[LightGBM] [Info] Iteration:93, valid_1 auc : 0.825566
[LightGBM] [Info] 37.754986 seconds elapsed, finished iteration 93
[LightGBM] [Debug] Trained a tree with leaves = 255 and depth = 16
[LightGBM] [Info] Iteration:94, valid_1 auc : 0.825717
[LightGBM] [Info] 38.070735 seconds elapsed, finished iteration 94
[LightGBM] [Debug] Trained a tree with leaves = 255 and depth = 18
[LightGBM] [Info] Iteration:95, valid_1 auc : 0.82583
[LightGBM] [Info] 38.416569 seconds elapsed, finished iteration 95
[LightGBM] [Debug] Trained a tree with leaves = 255 and depth = 22
[LightGBM] [Info] Iteration:96, valid_1 auc : 0.825924
[LightGBM] [Info] 38.868432 seconds elapsed, finished iteration 96
[LightGBM] [Debug] Trained a tree with leaves = 255 and depth = 24
[LightGBM] [Info] Iteration:97, valid_1 auc : 0.826008
[LightGBM] [Info] 39.207787 seconds elapsed, finished iteration 97
[LightGBM] [Debug] Trained a tree with leaves = 255 and depth = 18
[LightGBM] [Info] Iteration:98, valid_1 auc : 0.82606
[LightGBM] [Info] 39.493014 seconds elapsed, finished iteration 98
[LightGBM] [Debug] Trained a tree with leaves = 255 and depth = 21
[LightGBM] [Info] Iteration:99, valid_1 auc : 0.826165
[LightGBM] [Info] 39.920228 seconds elapsed, finished iteration 99
[LightGBM] [Debug] Trained a tree with leaves = 255 and depth = 18
[LightGBM] [Info] Iteration:100, valid_1 auc : 0.826284
[LightGBM] [Info] 40.186164 seconds elapsed, finished iteration 100
[LightGBM] [Debug] Trained a tree with leaves = 255 and depth = 19
[LightGBM] [Info] Iteration:101, valid_1 auc : 0.826347
[LightGBM] [Info] 40.363351 seconds elapsed, finished iteration 101
[LightGBM] [Debug] Trained a tree with leaves = 255 and depth = 22
[LightGBM] [Info] Iteration:102, valid_1 auc : 0.826475
[LightGBM] [Info] 40.672406 seconds elapsed, finished iteration 102
[LightGBM] [Debug] Trained a tree with leaves = 255 and depth = 18
[LightGBM] [Info] Iteration:103, valid_1 auc : 0.82657
[LightGBM] [Info] 41.042052 seconds elapsed, finished iteration 103
[LightGBM] [Debug] Trained a tree with leaves = 255 and depth = 23
[LightGBM] [Info] Iteration:104, valid_1 auc : 0.826591
[LightGBM] [Info] 41.254477 seconds elapsed, finished iteration 104
[LightGBM] [Debug] Trained a tree with leaves = 255 and depth = 18
[LightGBM] [Info] Iteration:105, valid_1 auc : 0.826652
[LightGBM] [Info] 41.594576 seconds elapsed, finished iteration 105
[LightGBM] [Debug] Trained a tree with leaves = 255 and depth = 21
[LightGBM] [Info] Iteration:106, valid_1 auc : 0.826731
[LightGBM] [Info] 41.908799 seconds elapsed, finished iteration 106
[LightGBM] [Debug] Trained a tree with leaves = 255 and depth = 25
[LightGBM] [Info] Iteration:107, valid_1 auc : 0.826785
[LightGBM] [Info] 42.114566 seconds elapsed, finished iteration 107
[LightGBM] [Debug] Trained a tree with leaves = 255 and depth = 18
[LightGBM] [Info] Iteration:108, valid_1 auc : 0.826802
[LightGBM] [Info] 42.325619 seconds elapsed, finished iteration 108
[LightGBM] [Debug] Trained a tree with leaves = 255 and depth = 18
[LightGBM] [Info] Iteration:109, valid_1 auc : 0.826828
[LightGBM] [Info] 42.543742 seconds elapsed, finished iteration 109
[LightGBM] [Debug] Trained a tree with leaves = 255 and depth = 19
[LightGBM] [Info] Iteration:110, valid_1 auc : 0.82688
[LightGBM] [Info] 42.837456 seconds elapsed, finished iteration 110
[LightGBM] [Debug] Trained a tree with leaves = 255 and depth = 18
[LightGBM] [Info] Iteration:111, valid_1 auc : 0.826904
[LightGBM] [Info] 43.151685 seconds elapsed, finished iteration 111
[LightGBM] [Debug] Trained a tree with leaves = 255 and depth = 22
[LightGBM] [Info] Iteration:112, valid_1 auc : 0.826955
[LightGBM] [Info] 43.431589 seconds elapsed, finished iteration 112
[LightGBM] [Debug] Trained a tree with leaves = 255 and depth = 24
[LightGBM] [Info] Iteration:113, valid_1 auc : 0.826941
[LightGBM] [Info] 43.636250 seconds elapsed, finished iteration 113
[LightGBM] [Debug] Trained a tree with leaves = 255 and depth = 26
[LightGBM] [Info] Iteration:114, valid_1 auc : 0.826985
[LightGBM] [Info] 43.881529 seconds elapsed, finished iteration 114
[LightGBM] [Debug] Trained a tree with leaves = 255 and depth = 17
[LightGBM] [Info] Iteration:115, valid_1 auc : 0.827278
[LightGBM] [Info] 44.247060 seconds elapsed, finished iteration 115
[LightGBM] [Debug] Trained a tree with leaves = 255 and depth = 23
[LightGBM] [Info] Iteration:116, valid_1 auc : 0.827318
[LightGBM] [Info] 44.662608 seconds elapsed, finished iteration 116
[LightGBM] [Debug] Trained a tree with leaves = 255 and depth = 19
[LightGBM] [Info] Iteration:117, valid_1 auc : 0.827394
[LightGBM] [Info] 44.946594 seconds elapsed, finished iteration 117
[LightGBM] [Debug] Trained a tree with leaves = 255 and depth = 16
[LightGBM] [Info] Iteration:118, valid_1 auc : 0.827727
[LightGBM] [Info] 45.426019 seconds elapsed, finished iteration 118
[LightGBM] [Debug] Trained a tree with leaves = 255 and depth = 17
[LightGBM] [Info] Iteration:119, valid_1 auc : 0.827791
[LightGBM] [Info] 45.728658 seconds elapsed, finished iteration 119
[LightGBM] [Debug] Trained a tree with leaves = 255 and depth = 21
[LightGBM] [Info] Iteration:120, valid_1 auc : 0.827865
[LightGBM] [Info] 46.005407 seconds elapsed, finished iteration 120
[LightGBM] [Debug] Trained a tree with leaves = 255 and depth = 21
[LightGBM] [Info] Iteration:121, valid_1 auc : 0.82791
[LightGBM] [Info] 46.299374 seconds elapsed, finished iteration 121
[LightGBM] [Debug] Trained a tree with leaves = 255 and depth = 20
[LightGBM] [Info] Iteration:122, valid_1 auc : 0.828084
[LightGBM] [Info] 46.778931 seconds elapsed, finished iteration 122
[LightGBM] [Debug] Trained a tree with leaves = 255 and depth = 29
[LightGBM] [Info] Iteration:123, valid_1 auc : 0.828204
[LightGBM] [Info] 47.053399 seconds elapsed, finished iteration 123
[LightGBM] [Debug] Trained a tree with leaves = 255 and depth = 19
[LightGBM] [Info] Iteration:124, valid_1 auc : 0.828268
[LightGBM] [Info] 47.281727 seconds elapsed, finished iteration 124
[LightGBM] [Debug] Trained a tree with leaves = 255 and depth = 19
[LightGBM] [Info] Iteration:125, valid_1 auc : 0.828429
[LightGBM] [Info] 47.663267 seconds elapsed, finished iteration 125
[LightGBM] [Debug] Trained a tree with leaves = 255 and depth = 23
[LightGBM] [Info] Iteration:126, valid_1 auc : 0.828452
[LightGBM] [Info] 47.858809 seconds elapsed, finished iteration 126
[LightGBM] [Debug] Trained a tree with leaves = 255 and depth = 21
[LightGBM] [Info] Iteration:127, valid_1 auc : 0.828538
[LightGBM] [Info] 48.110717 seconds elapsed, finished iteration 127
[LightGBM] [Debug] Trained a tree with leaves = 255 and depth = 16
[LightGBM] [Info] Iteration:128, valid_1 auc : 0.828569
[LightGBM] [Info] 48.321279 seconds elapsed, finished iteration 128
[LightGBM] [Debug] Trained a tree with leaves = 255 and depth = 19
[LightGBM] [Info] Iteration:129, valid_1 auc : 0.828582
[LightGBM] [Info] 48.545069 seconds elapsed, finished iteration 129
[LightGBM] [Debug] Trained a tree with leaves = 255 and depth = 23
[LightGBM] [Info] Iteration:130, valid_1 auc : 0.828571
[LightGBM] [Info] 48.783302 seconds elapsed, finished iteration 130
[LightGBM] [Debug] Trained a tree with leaves = 255 and depth = 20
[LightGBM] [Info] Iteration:131, valid_1 auc : 0.828605
[LightGBM] [Info] 49.007594 seconds elapsed, finished iteration 131
[LightGBM] [Debug] Trained a tree with leaves = 255 and depth = 17
[LightGBM] [Info] Iteration:132, valid_1 auc : 0.8288
[LightGBM] [Info] 49.454864 seconds elapsed, finished iteration 132
[LightGBM] [Debug] Trained a tree with leaves = 255 and depth = 24
[LightGBM] [Info] Iteration:133, valid_1 auc : 0.828925
[LightGBM] [Info] 49.794078 seconds elapsed, finished iteration 133
[LightGBM] [Debug] Trained a tree with leaves = 255 and depth = 18
[LightGBM] [Info] Iteration:134, valid_1 auc : 0.829052
[LightGBM] [Info] 50.132907 seconds elapsed, finished iteration 134
[LightGBM] [Debug] Trained a tree with leaves = 255 and depth = 17
[LightGBM] [Info] Iteration:135, valid_1 auc : 0.829104
[LightGBM] [Info] 50.393018 seconds elapsed, finished iteration 135
[LightGBM] [Debug] Trained a tree with leaves = 255 and depth = 19
[LightGBM] [Info] Iteration:136, valid_1 auc : 0.829232
[LightGBM] [Info] 50.799913 seconds elapsed, finished iteration 136
[LightGBM] [Debug] Trained a tree with leaves = 255 and depth = 22
[LightGBM] [Info] Iteration:137, valid_1 auc : 0.829298
[LightGBM] [Info] 51.111994 seconds elapsed, finished iteration 137
[LightGBM] [Debug] Trained a tree with leaves = 255 and depth = 22
[LightGBM] [Info] Iteration:138, valid_1 auc : 0.829309
[LightGBM] [Info] 51.349430 seconds elapsed, finished iteration 138
[LightGBM] [Debug] Trained a tree with leaves = 255 and depth = 23
[LightGBM] [Info] Iteration:139, valid_1 auc : 0.82936
[LightGBM] [Info] 51.629973 seconds elapsed, finished iteration 139
[LightGBM] [Debug] Trained a tree with leaves = 255 and depth = 23
[LightGBM] [Info] Iteration:140, valid_1 auc : 0.829387
[LightGBM] [Info] 51.888702 seconds elapsed, finished iteration 140
[LightGBM] [Debug] Trained a tree with leaves = 255 and depth = 20
[LightGBM] [Info] Iteration:141, valid_1 auc : 0.829437
[LightGBM] [Info] 52.227853 seconds elapsed, finished iteration 141
[LightGBM] [Debug] Trained a tree with leaves = 255 and depth = 16
[LightGBM] [Info] Iteration:142, valid_1 auc : 0.829452
[LightGBM] [Info] 52.469079 seconds elapsed, finished iteration 142
[LightGBM] [Debug] Trained a tree with leaves = 255 and depth = 25
[LightGBM] [Info] Iteration:143, valid_1 auc : 0.829468
[LightGBM] [Info] 52.669782 seconds elapsed, finished iteration 143
[LightGBM] [Debug] Trained a tree with leaves = 255 and depth = 21
[LightGBM] [Info] Iteration:144, valid_1 auc : 0.829481
[LightGBM] [Info] 52.885273 seconds elapsed, finished iteration 144
[LightGBM] [Debug] Trained a tree with leaves = 255 and depth = 22
[LightGBM] [Info] Iteration:145, valid_1 auc : 0.829519
[LightGBM] [Info] 53.197601 seconds elapsed, finished iteration 145
[LightGBM] [Debug] Trained a tree with leaves = 255 and depth = 24
[LightGBM] [Info] Iteration:146, valid_1 auc : 0.829609
[LightGBM] [Info] 53.507463 seconds elapsed, finished iteration 146
[LightGBM] [Debug] Trained a tree with leaves = 255 and depth = 17
[LightGBM] [Info] Iteration:147, valid_1 auc : 0.8297
[LightGBM] [Info] 53.906604 seconds elapsed, finished iteration 147
[LightGBM] [Debug] Trained a tree with leaves = 255 and depth = 24
[LightGBM] [Info] Iteration:148, valid_1 auc : 0.829745
[LightGBM] [Info] 54.217777 seconds elapsed, finished iteration 148
[LightGBM] [Debug] Trained a tree with leaves = 255 and depth = 15
[LightGBM] [Info] Iteration:149, valid_1 auc : 0.829821
[LightGBM] [Info] 54.484999 seconds elapsed, finished iteration 149
[LightGBM] [Debug] Trained a tree with leaves = 255 and depth = 18
[LightGBM] [Info] Iteration:150, valid_1 auc : 0.829835
[LightGBM] [Info] 54.660565 seconds elapsed, finished iteration 150
[LightGBM] [Debug] Trained a tree with leaves = 255 and depth = 23
[LightGBM] [Info] Iteration:151, valid_1 auc : 0.829866
[LightGBM] [Info] 54.843075 seconds elapsed, finished iteration 151
[LightGBM] [Debug] Trained a tree with leaves = 255 and depth = 19
[LightGBM] [Info] Iteration:152, valid_1 auc : 0.830076
[LightGBM] [Info] 55.198818 seconds elapsed, finished iteration 152
[LightGBM] [Debug] Trained a tree with leaves = 255 and depth = 20
[LightGBM] [Info] Iteration:153, valid_1 auc : 0.830078
[LightGBM] [Info] 55.410413 seconds elapsed, finished iteration 153
[LightGBM] [Debug] Trained a tree with leaves = 255 and depth = 24
[LightGBM] [Info] Iteration:154, valid_1 auc : 0.830147
[LightGBM] [Info] 55.723139 seconds elapsed, finished iteration 154
[LightGBM] [Debug] Trained a tree with leaves = 255 and depth = 23
[LightGBM] [Info] Iteration:155, valid_1 auc : 0.830161
[LightGBM] [Info] 55.978791 seconds elapsed, finished iteration 155
[LightGBM] [Debug] Trained a tree with leaves = 255 and depth = 25
[LightGBM] [Info] Iteration:156, valid_1 auc : 0.830211
[LightGBM] [Info] 56.224177 seconds elapsed, finished iteration 156
[LightGBM] [Debug] Trained a tree with leaves = 255 and depth = 20
[LightGBM] [Info] Iteration:157, valid_1 auc : 0.830234
[LightGBM] [Info] 56.455234 seconds elapsed, finished iteration 157
[LightGBM] [Debug] Trained a tree with leaves = 255 and depth = 17
[LightGBM] [Info] Iteration:158, valid_1 auc : 0.830278
[LightGBM] [Info] 56.722728 seconds elapsed, finished iteration 158
[LightGBM] [Debug] Trained a tree with leaves = 255 and depth = 20
[LightGBM] [Info] Iteration:159, valid_1 auc : 0.830325
[LightGBM] [Info] 57.005697 seconds elapsed, finished iteration 159
[LightGBM] [Debug] Trained a tree with leaves = 255 and depth = 19
[LightGBM] [Info] Iteration:160, valid_1 auc : 0.830346
[LightGBM] [Info] 57.303895 seconds elapsed, finished iteration 160
[LightGBM] [Debug] Trained a tree with leaves = 255 and depth = 24
[LightGBM] [Info] Iteration:161, valid_1 auc : 0.830383
[LightGBM] [Info] 57.587797 seconds elapsed, finished iteration 161
[LightGBM] [Debug] Trained a tree with leaves = 255 and depth = 18
[LightGBM] [Info] Iteration:162, valid_1 auc : 0.830463
[LightGBM] [Info] 57.857658 seconds elapsed, finished iteration 162
[LightGBM] [Debug] Trained a tree with leaves = 255 and depth = 18
[LightGBM] [Info] Iteration:163, valid_1 auc : 0.830487
[LightGBM] [Info] 58.055410 seconds elapsed, finished iteration 163
[LightGBM] [Debug] Trained a tree with leaves = 255 and depth = 26
[LightGBM] [Info] Iteration:164, valid_1 auc : 0.830506
[LightGBM] [Info] 58.253618 seconds elapsed, finished iteration 164
[LightGBM] [Debug] Trained a tree with leaves = 255 and depth = 22
[LightGBM] [Info] Iteration:165, valid_1 auc : 0.830584
[LightGBM] [Info] 58.503320 seconds elapsed, finished iteration 165
[LightGBM] [Debug] Trained a tree with leaves = 255 and depth = 19
[LightGBM] [Info] Iteration:166, valid_1 auc : 0.830619
[LightGBM] [Info] 58.716769 seconds elapsed, finished iteration 166
[LightGBM] [Debug] Trained a tree with leaves = 255 and depth = 22
[LightGBM] [Info] Iteration:167, valid_1 auc : 0.830644
[LightGBM] [Info] 58.946705 seconds elapsed, finished iteration 167
[LightGBM] [Debug] Trained a tree with leaves = 255 and depth = 24
[LightGBM] [Info] Iteration:168, valid_1 auc : 0.830665
[LightGBM] [Info] 59.157697 seconds elapsed, finished iteration 168
[LightGBM] [Debug] Trained a tree with leaves = 255 and depth = 19
[LightGBM] [Info] Iteration:169, valid_1 auc : 0.830672
[LightGBM] [Info] 59.356200 seconds elapsed, finished iteration 169
[LightGBM] [Debug] Trained a tree with leaves = 255 and depth = 19
[LightGBM] [Info] Iteration:170, valid_1 auc : 0.830678
[LightGBM] [Info] 59.562273 seconds elapsed, finished iteration 170
[LightGBM] [Debug] Trained a tree with leaves = 255 and depth = 19
[LightGBM] [Info] Iteration:171, valid_1 auc : 0.83071
[LightGBM] [Info] 59.764043 seconds elapsed, finished iteration 171
[LightGBM] [Debug] Trained a tree with leaves = 255 and depth = 22
[LightGBM] [Info] Iteration:172, valid_1 auc : 0.830733
[LightGBM] [Info] 60.022145 seconds elapsed, finished iteration 172
[LightGBM] [Debug] Trained a tree with leaves = 255 and depth = 26
[LightGBM] [Info] Iteration:173, valid_1 auc : 0.830741
[LightGBM] [Info] 60.199307 seconds elapsed, finished iteration 173
[LightGBM] [Debug] Trained a tree with leaves = 255 and depth = 21
[LightGBM] [Info] Iteration:174, valid_1 auc : 0.830749
[LightGBM] [Info] 60.460529 seconds elapsed, finished iteration 174
[LightGBM] [Debug] Trained a tree with leaves = 255 and depth = 16
[LightGBM] [Info] Iteration:175, valid_1 auc : 0.830949
[LightGBM] [Info] 60.971559 seconds elapsed, finished iteration 175
[LightGBM] [Debug] Trained a tree with leaves = 255 and depth = 23
[LightGBM] [Info] Iteration:176, valid_1 auc : 0.831008
[LightGBM] [Info] 61.223023 seconds elapsed, finished iteration 176
[LightGBM] [Debug] Trained a tree with leaves = 255 and depth = 21
[LightGBM] [Info] Iteration:177, valid_1 auc : 0.831036
[LightGBM] [Info] 61.434370 seconds elapsed, finished iteration 177
[LightGBM] [Debug] Trained a tree with leaves = 255 and depth = 21
[LightGBM] [Info] Iteration:178, valid_1 auc : 0.831097
[LightGBM] [Info] 61.699870 seconds elapsed, finished iteration 178
[LightGBM] [Debug] Trained a tree with leaves = 255 and depth = 18
[LightGBM] [Info] Iteration:179, valid_1 auc : 0.831134
[LightGBM] [Info] 61.989993 seconds elapsed, finished iteration 179
[LightGBM] [Debug] Trained a tree with leaves = 255 and depth = 24
[LightGBM] [Info] Iteration:180, valid_1 auc : 0.831149
[LightGBM] [Info] 62.201397 seconds elapsed, finished iteration 180
[LightGBM] [Debug] Trained a tree with leaves = 255 and depth = 22
[LightGBM] [Info] Iteration:181, valid_1 auc : 0.831138
[LightGBM] [Info] 62.376525 seconds elapsed, finished iteration 181
[LightGBM] [Debug] Trained a tree with leaves = 255 and depth = 18
[LightGBM] [Info] Iteration:182, valid_1 auc : 0.831123
[LightGBM] [Info] 62.550509 seconds elapsed, finished iteration 182
[LightGBM] [Debug] Trained a tree with leaves = 255 and depth = 24
[LightGBM] [Info] Iteration:183, valid_1 auc : 0.831159
[LightGBM] [Info] 62.790787 seconds elapsed, finished iteration 183
[LightGBM] [Debug] Trained a tree with leaves = 255 and depth = 23
[LightGBM] [Info] Iteration:184, valid_1 auc : 0.831155
[LightGBM] [Info] 62.971619 seconds elapsed, finished iteration 184
[LightGBM] [Debug] Trained a tree with leaves = 255 and depth = 20
[LightGBM] [Info] Iteration:185, valid_1 auc : 0.831207
[LightGBM] [Info] 63.232192 seconds elapsed, finished iteration 185
[LightGBM] [Debug] Trained a tree with leaves = 255 and depth = 20
[LightGBM] [Info] Iteration:186, valid_1 auc : 0.831224
[LightGBM] [Info] 63.413022 seconds elapsed, finished iteration 186
[LightGBM] [Debug] Trained a tree with leaves = 255 and depth = 21
[LightGBM] [Info] Iteration:187, valid_1 auc : 0.831251
[LightGBM] [Info] 63.617841 seconds elapsed, finished iteration 187
[LightGBM] [Debug] Trained a tree with leaves = 255 and depth = 17
[LightGBM] [Info] Iteration:188, valid_1 auc : 0.83129
[LightGBM] [Info] 63.873530 seconds elapsed, finished iteration 188
[LightGBM] [Debug] Trained a tree with leaves = 255 and depth = 22
[LightGBM] [Info] Iteration:189, valid_1 auc : 0.831311
[LightGBM] [Info] 64.071080 seconds elapsed, finished iteration 189
[LightGBM] [Debug] Trained a tree with leaves = 255 and depth = 18
[LightGBM] [Info] Iteration:190, valid_1 auc : 0.831305
[LightGBM] [Info] 64.242860 seconds elapsed, finished iteration 190
[LightGBM] [Debug] Trained a tree with leaves = 255 and depth = 17
[LightGBM] [Info] Iteration:191, valid_1 auc : 0.831402
[LightGBM] [Info] 64.558316 seconds elapsed, finished iteration 191
[LightGBM] [Debug] Trained a tree with leaves = 255 and depth = 23
[LightGBM] [Info] Iteration:192, valid_1 auc : 0.831518
[LightGBM] [Info] 64.819947 seconds elapsed, finished iteration 192
[LightGBM] [Debug] Trained a tree with leaves = 255 and depth = 20
[LightGBM] [Info] Iteration:193, valid_1 auc : 0.831593
[LightGBM] [Info] 65.092477 seconds elapsed, finished iteration 193
[LightGBM] [Debug] Trained a tree with leaves = 255 and depth = 19
[LightGBM] [Info] Iteration:194, valid_1 auc : 0.83161
[LightGBM] [Info] 65.272713 seconds elapsed, finished iteration 194
[LightGBM] [Debug] Trained a tree with leaves = 255 and depth = 16
[LightGBM] [Info] Iteration:195, valid_1 auc : 0.831625
[LightGBM] [Info] 65.488048 seconds elapsed, finished iteration 195
[LightGBM] [Debug] Trained a tree with leaves = 255 and depth = 18
[LightGBM] [Info] Iteration:196, valid_1 auc : 0.831629
[LightGBM] [Info] 65.709883 seconds elapsed, finished iteration 196
[LightGBM] [Debug] Trained a tree with leaves = 255 and depth = 16
[LightGBM] [Info] Iteration:197, valid_1 auc : 0.83166
[LightGBM] [Info] 65.914097 seconds elapsed, finished iteration 197
[LightGBM] [Debug] Trained a tree with leaves = 255 and depth = 23
[LightGBM] [Info] Iteration:198, valid_1 auc : 0.83184
[LightGBM] [Info] 66.235732 seconds elapsed, finished iteration 198
[LightGBM] [Debug] Trained a tree with leaves = 255 and depth = 26
[LightGBM] [Info] Iteration:199, valid_1 auc : 0.831919
[LightGBM] [Info] 66.582034 seconds elapsed, finished iteration 199
[LightGBM] [Debug] Trained a tree with leaves = 255 and depth = 19
[LightGBM] [Info] Iteration:200, valid_1 auc : 0.832025
[LightGBM] [Info] 66.850553 seconds elapsed, finished iteration 200
[LightGBM] [Debug] Trained a tree with leaves = 255 and depth = 19
[LightGBM] [Info] Iteration:201, valid_1 auc : 0.832068
[LightGBM] [Info] 67.143784 seconds elapsed, finished iteration 201
[LightGBM] [Debug] Trained a tree with leaves = 255 and depth = 22
[LightGBM] [Info] Iteration:202, valid_1 auc : 0.832109
[LightGBM] [Info] 67.397103 seconds elapsed, finished iteration 202
[LightGBM] [Debug] Trained a tree with leaves = 255 and depth = 20
[LightGBM] [Info] Iteration:203, valid_1 auc : 0.832167
[LightGBM] [Info] 67.763848 seconds elapsed, finished iteration 203
[LightGBM] [Debug] Trained a tree with leaves = 255 and depth = 20
[LightGBM] [Info] Iteration:204, valid_1 auc : 0.832186
[LightGBM] [Info] 68.108350 seconds elapsed, finished iteration 204
[LightGBM] [Debug] Trained a tree with leaves = 255 and depth = 22
[LightGBM] [Info] Iteration:205, valid_1 auc : 0.832205
[LightGBM] [Info] 68.288395 seconds elapsed, finished iteration 205
[LightGBM] [Debug] Trained a tree with leaves = 255 and depth = 23
[LightGBM] [Info] Iteration:206, valid_1 auc : 0.832263
[LightGBM] [Info] 68.608957 seconds elapsed, finished iteration 206
[LightGBM] [Debug] Trained a tree with leaves = 255 and depth = 18
[LightGBM] [Info] Iteration:207, valid_1 auc : 0.832273
[LightGBM] [Info] 68.813576 seconds elapsed, finished iteration 207
[LightGBM] [Debug] Trained a tree with leaves = 255 and depth = 20
[LightGBM] [Info] Iteration:208, valid_1 auc : 0.832362
[LightGBM] [Info] 69.186778 seconds elapsed, finished iteration 208
[LightGBM] [Debug] Trained a tree with leaves = 255 and depth = 18
[LightGBM] [Info] Iteration:209, valid_1 auc : 0.832389
[LightGBM] [Info] 69.479047 seconds elapsed, finished iteration 209
[LightGBM] [Debug] Trained a tree with leaves = 255 and depth = 21
[LightGBM] [Info] Iteration:210, valid_1 auc : 0.832388
[LightGBM] [Info] 69.835243 seconds elapsed, finished iteration 210
[LightGBM] [Debug] Trained a tree with leaves = 255 and depth = 25
[LightGBM] [Info] Iteration:211, valid_1 auc : 0.832398
[LightGBM] [Info] 70.125679 seconds elapsed, finished iteration 211
[LightGBM] [Debug] Trained a tree with leaves = 255 and depth = 23
[LightGBM] [Info] Iteration:212, valid_1 auc : 0.832493
[LightGBM] [Info] 70.514233 seconds elapsed, finished iteration 212
[LightGBM] [Debug] Trained a tree with leaves = 255 and depth = 21
[LightGBM] [Info] Iteration:213, valid_1 auc : 0.83256
[LightGBM] [Info] 70.807379 seconds elapsed, finished iteration 213
[LightGBM] [Debug] Trained a tree with leaves = 255 and depth = 20
[LightGBM] [Info] Iteration:214, valid_1 auc : 0.832628
[LightGBM] [Info] 71.145949 seconds elapsed, finished iteration 214
[LightGBM] [Debug] Trained a tree with leaves = 255 and depth = 28
[LightGBM] [Info] Iteration:215, valid_1 auc : 0.832693
[LightGBM] [Info] 71.441456 seconds elapsed, finished iteration 215
[LightGBM] [Debug] Trained a tree with leaves = 255 and depth = 18
[LightGBM] [Info] Iteration:216, valid_1 auc : 0.832714
[LightGBM] [Info] 71.677100 seconds elapsed, finished iteration 216
[LightGBM] [Debug] Trained a tree with leaves = 255 and depth = 26
[LightGBM] [Info] Iteration:217, valid_1 auc : 0.832745
[LightGBM] [Info] 71.870262 seconds elapsed, finished iteration 217
[LightGBM] [Debug] Trained a tree with leaves = 255 and depth = 25
[LightGBM] [Info] Iteration:218, valid_1 auc : 0.832768
[LightGBM] [Info] 72.045285 seconds elapsed, finished iteration 218
[LightGBM] [Debug] Trained a tree with leaves = 255 and depth = 21
[LightGBM] [Info] Iteration:219, valid_1 auc : 0.832815
[LightGBM] [Info] 72.287673 seconds elapsed, finished iteration 219
[LightGBM] [Debug] Trained a tree with leaves = 255 and depth = 27
[LightGBM] [Info] Iteration:220, valid_1 auc : 0.832818
[LightGBM] [Info] 72.496773 seconds elapsed, finished iteration 220
[LightGBM] [Debug] Trained a tree with leaves = 255 and depth = 24
[LightGBM] [Info] Iteration:221, valid_1 auc : 0.832868
[LightGBM] [Info] 72.806305 seconds elapsed, finished iteration 221
[LightGBM] [Debug] Trained a tree with leaves = 255 and depth = 18
[LightGBM] [Info] Iteration:222, valid_1 auc : 0.832891
[LightGBM] [Info] 73.007508 seconds elapsed, finished iteration 222
[LightGBM] [Debug] Trained a tree with leaves = 255 and depth = 20
[LightGBM] [Info] Iteration:223, valid_1 auc : 0.832946
[LightGBM] [Info] 73.292174 seconds elapsed, finished iteration 223
[LightGBM] [Debug] Trained a tree with leaves = 255 and depth = 19
[LightGBM] [Info] Iteration:224, valid_1 auc : 0.833028
[LightGBM] [Info] 73.546182 seconds elapsed, finished iteration 224
[LightGBM] [Debug] Trained a tree with leaves = 255 and depth = 23
[LightGBM] [Info] Iteration:225, valid_1 auc : 0.833021
[LightGBM] [Info] 73.741365 seconds elapsed, finished iteration 225
[LightGBM] [Debug] Trained a tree with leaves = 255 and depth = 18
[LightGBM] [Info] Iteration:226, valid_1 auc : 0.8331
[LightGBM] [Info] 74.020591 seconds elapsed, finished iteration 226
[LightGBM] [Debug] Trained a tree with leaves = 255 and depth = 19
[LightGBM] [Info] Iteration:227, valid_1 auc : 0.833112
[LightGBM] [Info] 74.205542 seconds elapsed, finished iteration 227
[LightGBM] [Debug] Trained a tree with leaves = 255 and depth = 22
[LightGBM] [Info] Iteration:228, valid_1 auc : 0.833126
[LightGBM] [Info] 74.397202 seconds elapsed, finished iteration 228
[LightGBM] [Debug] Trained a tree with leaves = 255 and depth = 18
[LightGBM] [Info] Iteration:229, valid_1 auc : 0.833173
[LightGBM] [Info] 74.670930 seconds elapsed, finished iteration 229
[LightGBM] [Debug] Trained a tree with leaves = 255 and depth = 21
[LightGBM] [Info] Iteration:230, valid_1 auc : 0.833201
[LightGBM] [Info] 74.895592 seconds elapsed, finished iteration 230
[LightGBM] [Debug] Trained a tree with leaves = 255 and depth = 21
[LightGBM] [Info] Iteration:231, valid_1 auc : 0.833211
[LightGBM] [Info] 75.074540 seconds elapsed, finished iteration 231
[LightGBM] [Debug] Trained a tree with leaves = 255 and depth = 20
[LightGBM] [Info] Iteration:232, valid_1 auc : 0.833195
[LightGBM] [Info] 75.238786 seconds elapsed, finished iteration 232
[LightGBM] [Debug] Trained a tree with leaves = 255 and depth = 19
[LightGBM] [Info] Iteration:233, valid_1 auc : 0.833213
[LightGBM] [Info] 75.420428 seconds elapsed, finished iteration 233
[LightGBM] [Debug] Trained a tree with leaves = 255 and depth = 20
[LightGBM] [Info] Iteration:234, valid_1 auc : 0.833227
[LightGBM] [Info] 75.625989 seconds elapsed, finished iteration 234
[LightGBM] [Debug] Trained a tree with leaves = 255 and depth = 20
[LightGBM] [Info] Iteration:235, valid_1 auc : 0.833275
[LightGBM] [Info] 75.921200 seconds elapsed, finished iteration 235
[LightGBM] [Debug] Trained a tree with leaves = 255 and depth = 20
[LightGBM] [Info] Iteration:236, valid_1 auc : 0.833288
[LightGBM] [Info] 76.157705 seconds elapsed, finished iteration 236
[LightGBM] [Debug] Trained a tree with leaves = 255 and depth = 21
[LightGBM] [Info] Iteration:237, valid_1 auc : 0.833342
[LightGBM] [Info] 76.388026 seconds elapsed, finished iteration 237
[LightGBM] [Debug] Trained a tree with leaves = 255 and depth = 23
[LightGBM] [Info] Iteration:238, valid_1 auc : 0.833356
[LightGBM] [Info] 76.576251 seconds elapsed, finished iteration 238
[LightGBM] [Debug] Trained a tree with leaves = 255 and depth = 17
[LightGBM] [Info] Iteration:239, valid_1 auc : 0.833389
[LightGBM] [Info] 76.803679 seconds elapsed, finished iteration 239
[LightGBM] [Debug] Trained a tree with leaves = 255 and depth = 24
[LightGBM] [Info] Iteration:240, valid_1 auc : 0.83339
[LightGBM] [Info] 77.046857 seconds elapsed, finished iteration 240
[LightGBM] [Debug] Trained a tree with leaves = 255 and depth = 16
[LightGBM] [Info] Iteration:241, valid_1 auc : 0.833495
[LightGBM] [Info] 77.487941 seconds elapsed, finished iteration 241
[LightGBM] [Debug] Trained a tree with leaves = 255 and depth = 24
[LightGBM] [Info] Iteration:242, valid_1 auc : 0.833557
[LightGBM] [Info] 77.832716 seconds elapsed, finished iteration 242
[LightGBM] [Debug] Trained a tree with leaves = 255 and depth = 16
[LightGBM] [Info] Iteration:243, valid_1 auc : 0.833559
[LightGBM] [Info] 78.210104 seconds elapsed, finished iteration 243
[LightGBM] [Debug] Trained a tree with leaves = 255 and depth = 24
[LightGBM] [Info] Iteration:244, valid_1 auc : 0.833549
[LightGBM] [Info] 78.540225 seconds elapsed, finished iteration 244
[LightGBM] [Debug] Trained a tree with leaves = 255 and depth = 19
[LightGBM] [Info] Iteration:245, valid_1 auc : 0.833552
[LightGBM] [Info] 78.866211 seconds elapsed, finished iteration 245
[LightGBM] [Debug] Trained a tree with leaves = 255 and depth = 22
[LightGBM] [Info] Iteration:246, valid_1 auc : 0.833569
[LightGBM] [Info] 79.157846 seconds elapsed, finished iteration 246
[LightGBM] [Debug] Trained a tree with leaves = 255 and depth = 23
[LightGBM] [Info] Iteration:247, valid_1 auc : 0.833586
[LightGBM] [Info] 79.404728 seconds elapsed, finished iteration 247
[LightGBM] [Debug] Trained a tree with leaves = 255 and depth = 20
[LightGBM] [Info] Iteration:248, valid_1 auc : 0.833602
[LightGBM] [Info] 79.631562 seconds elapsed, finished iteration 248
[LightGBM] [Debug] Trained a tree with leaves = 255 and depth = 23
[LightGBM] [Info] Iteration:249, valid_1 auc : 0.833604
[LightGBM] [Info] 79.873134 seconds elapsed, finished iteration 249
[LightGBM] [Debug] Trained a tree with leaves = 255 and depth = 22
[LightGBM] [Info] Iteration:250, valid_1 auc : 0.833612
[LightGBM] [Info] 80.146192 seconds elapsed, finished iteration 250
[LightGBM] [Debug] Trained a tree with leaves = 255 and depth = 21
[LightGBM] [Info] Iteration:251, valid_1 auc : 0.833622
[LightGBM] [Info] 80.363491 seconds elapsed, finished iteration 251
[LightGBM] [Debug] Trained a tree with leaves = 255 and depth = 18
[LightGBM] [Info] Iteration:252, valid_1 auc : 0.83362
[LightGBM] [Info] 80.562470 seconds elapsed, finished iteration 252
[LightGBM] [Debug] Trained a tree with leaves = 255 and depth = 16
[LightGBM] [Info] Iteration:253, valid_1 auc : 0.833643
[LightGBM] [Info] 80.755483 seconds elapsed, finished iteration 253
[LightGBM] [Debug] Trained a tree with leaves = 255 and depth = 21
[LightGBM] [Info] Iteration:254, valid_1 auc : 0.833627
[LightGBM] [Info] 80.942721 seconds elapsed, finished iteration 254
[LightGBM] [Debug] Trained a tree with leaves = 255 and depth = 20
[LightGBM] [Info] Iteration:255, valid_1 auc : 0.833645
[LightGBM] [Info] 81.156888 seconds elapsed, finished iteration 255
[LightGBM] [Debug] Trained a tree with leaves = 255 and depth = 19
[LightGBM] [Info] Iteration:256, valid_1 auc : 0.833644
[LightGBM] [Info] 81.395177 seconds elapsed, finished iteration 256
[LightGBM] [Debug] Trained a tree with leaves = 255 and depth = 25
[LightGBM] [Info] Iteration:257, valid_1 auc : 0.833666
[LightGBM] [Info] 81.630354 seconds elapsed, finished iteration 257
[LightGBM] [Debug] Trained a tree with leaves = 255 and depth = 26
[LightGBM] [Info] Iteration:258, valid_1 auc : 0.833687
[LightGBM] [Info] 81.836016 seconds elapsed, finished iteration 258
[LightGBM] [Debug] Trained a tree with leaves = 255 and depth = 19
[LightGBM] [Info] Iteration:259, valid_1 auc : 0.833752
[LightGBM] [Info] 82.051627 seconds elapsed, finished iteration 259
[LightGBM] [Debug] Trained a tree with leaves = 255 and depth = 23
[LightGBM] [Info] Iteration:260, valid_1 auc : 0.833766
[LightGBM] [Info] 82.291594 seconds elapsed, finished iteration 260
[LightGBM] [Debug] Trained a tree with leaves = 255 and depth = 21
[LightGBM] [Info] Iteration:261, valid_1 auc : 0.833737
[LightGBM] [Info] 82.548875 seconds elapsed, finished iteration 261
[LightGBM] [Debug] Trained a tree with leaves = 255 and depth = 19
[LightGBM] [Info] Iteration:262, valid_1 auc : 0.833755
[LightGBM] [Info] 82.867970 seconds elapsed, finished iteration 262
[LightGBM] [Debug] Trained a tree with leaves = 255 and depth = 23
[LightGBM] [Info] Iteration:263, valid_1 auc : 0.833762
[LightGBM] [Info] 83.076971 seconds elapsed, finished iteration 263
[LightGBM] [Debug] Trained a tree with leaves = 255 and depth = 18
[LightGBM] [Info] Iteration:264, valid_1 auc : 0.83376
[LightGBM] [Info] 83.286702 seconds elapsed, finished iteration 264
[LightGBM] [Debug] Trained a tree with leaves = 255 and depth = 18
[LightGBM] [Info] Iteration:265, valid_1 auc : 0.833762
[LightGBM] [Info] 83.515190 seconds elapsed, finished iteration 265
[LightGBM] [Debug] Trained a tree with leaves = 255 and depth = 19
[LightGBM] [Info] Iteration:266, valid_1 auc : 0.833752
[LightGBM] [Info] 83.777835 seconds elapsed, finished iteration 266
[LightGBM] [Debug] Trained a tree with leaves = 255 and depth = 21
[LightGBM] [Info] Iteration:267, valid_1 auc : 0.83375
[LightGBM] [Info] 83.991489 seconds elapsed, finished iteration 267
[LightGBM] [Debug] Trained a tree with leaves = 255 and depth = 20
[LightGBM] [Info] Iteration:268, valid_1 auc : 0.833769
[LightGBM] [Info] 84.191321 seconds elapsed, finished iteration 268
[LightGBM] [Debug] Trained a tree with leaves = 255 and depth = 21
[LightGBM] [Info] Iteration:269, valid_1 auc : 0.833777
[LightGBM] [Info] 84.432146 seconds elapsed, finished iteration 269
[LightGBM] [Debug] Trained a tree with leaves = 255 and depth = 20
[LightGBM] [Info] Iteration:270, valid_1 auc : 0.833946
[LightGBM] [Info] 84.779716 seconds elapsed, finished iteration 270
[LightGBM] [Debug] Trained a tree with leaves = 255 and depth = 15
[LightGBM] [Info] Iteration:271, valid_1 auc : 0.834074
[LightGBM] [Info] 85.136484 seconds elapsed, finished iteration 271
[LightGBM] [Debug] Trained a tree with leaves = 255 and depth = 20
[LightGBM] [Info] Iteration:272, valid_1 auc : 0.834077
[LightGBM] [Info] 85.438440 seconds elapsed, finished iteration 272
[LightGBM] [Debug] Trained a tree with leaves = 255 and depth = 19
[LightGBM] [Info] Iteration:273, valid_1 auc : 0.834079
[LightGBM] [Info] 85.708083 seconds elapsed, finished iteration 273
[LightGBM] [Debug] Trained a tree with leaves = 255 and depth = 22
[LightGBM] [Info] Iteration:274, valid_1 auc : 0.834078
[LightGBM] [Info] 85.928753 seconds elapsed, finished iteration 274
[LightGBM] [Debug] Trained a tree with leaves = 255 and depth = 18
[LightGBM] [Info] Iteration:275, valid_1 auc : 0.834121
[LightGBM] [Info] 86.286700 seconds elapsed, finished iteration 275
[LightGBM] [Debug] Trained a tree with leaves = 255 and depth = 19
[LightGBM] [Info] Iteration:276, valid_1 auc : 0.834116
[LightGBM] [Info] 86.594104 seconds elapsed, finished iteration 276
[LightGBM] [Debug] Trained a tree with leaves = 255 and depth = 18
[LightGBM] [Info] Iteration:277, valid_1 auc : 0.834148
[LightGBM] [Info] 86.838422 seconds elapsed, finished iteration 277
[LightGBM] [Debug] Trained a tree with leaves = 255 and depth = 22
[LightGBM] [Info] Iteration:278, valid_1 auc : 0.834164
[LightGBM] [Info] 87.108323 seconds elapsed, finished iteration 278
[LightGBM] [Debug] Trained a tree with leaves = 255 and depth = 19
[LightGBM] [Info] Iteration:279, valid_1 auc : 0.834185
[LightGBM] [Info] 87.385395 seconds elapsed, finished iteration 279
[LightGBM] [Debug] Trained a tree with leaves = 255 and depth = 20
[LightGBM] [Info] Iteration:280, valid_1 auc : 0.834199
[LightGBM] [Info] 87.671935 seconds elapsed, finished iteration 280
[LightGBM] [Debug] Trained a tree with leaves = 255 and depth = 21
[LightGBM] [Info] Iteration:281, valid_1 auc : 0.834189
[LightGBM] [Info] 87.915019 seconds elapsed, finished iteration 281
[LightGBM] [Debug] Trained a tree with leaves = 255 and depth = 18
[LightGBM] [Info] Iteration:282, valid_1 auc : 0.834206
[LightGBM] [Info] 88.159568 seconds elapsed, finished iteration 282
[LightGBM] [Debug] Trained a tree with leaves = 255 and depth = 26
[LightGBM] [Info] Iteration:283, valid_1 auc : 0.834202
[LightGBM] [Info] 88.405387 seconds elapsed, finished iteration 283
[LightGBM] [Debug] Trained a tree with leaves = 255 and depth = 19
[LightGBM] [Info] Iteration:284, valid_1 auc : 0.834206
[LightGBM] [Info] 88.595991 seconds elapsed, finished iteration 284
[LightGBM] [Debug] Trained a tree with leaves = 255 and depth = 27
[LightGBM] [Info] Iteration:285, valid_1 auc : 0.834214
[LightGBM] [Info] 88.808093 seconds elapsed, finished iteration 285
[LightGBM] [Debug] Trained a tree with leaves = 255 and depth = 20
[LightGBM] [Info] Iteration:286, valid_1 auc : 0.834224
[LightGBM] [Info] 89.067907 seconds elapsed, finished iteration 286
[LightGBM] [Debug] Trained a tree with leaves = 255 and depth = 19
[LightGBM] [Info] Iteration:287, valid_1 auc : 0.834249
[LightGBM] [Info] 89.293943 seconds elapsed, finished iteration 287
[LightGBM] [Debug] Trained a tree with leaves = 255 and depth = 20
[LightGBM] [Info] Iteration:288, valid_1 auc : 0.834262
[LightGBM] [Info] 89.545986 seconds elapsed, finished iteration 288
[LightGBM] [Debug] Trained a tree with leaves = 255 and depth = 21
[LightGBM] [Info] Iteration:289, valid_1 auc : 0.834275
[LightGBM] [Info] 89.781750 seconds elapsed, finished iteration 289
[LightGBM] [Debug] Trained a tree with leaves = 255 and depth = 22
[LightGBM] [Info] Iteration:290, valid_1 auc : 0.834261
[LightGBM] [Info] 90.029424 seconds elapsed, finished iteration 290
[LightGBM] [Debug] Trained a tree with leaves = 255 and depth = 25
[LightGBM] [Info] Iteration:291, valid_1 auc : 0.834246
[LightGBM] [Info] 90.225668 seconds elapsed, finished iteration 291
[LightGBM] [Debug] Trained a tree with leaves = 255 and depth = 19
[LightGBM] [Info] Iteration:292, valid_1 auc : 0.83426
[LightGBM] [Info] 90.475749 seconds elapsed, finished iteration 292
[LightGBM] [Debug] Trained a tree with leaves = 255 and depth = 24
[LightGBM] [Info] Iteration:293, valid_1 auc : 0.834254
[LightGBM] [Info] 90.721563 seconds elapsed, finished iteration 293
[LightGBM] [Debug] Trained a tree with leaves = 255 and depth = 22
[LightGBM] [Info] Iteration:294, valid_1 auc : 0.834249
[LightGBM] [Info] 90.941537 seconds elapsed, finished iteration 294
[LightGBM] [Debug] Trained a tree with leaves = 255 and depth = 17
[LightGBM] [Info] Iteration:295, valid_1 auc : 0.834253
[LightGBM] [Info] 91.187367 seconds elapsed, finished iteration 295
[LightGBM] [Debug] Trained a tree with leaves = 255 and depth = 19
[LightGBM] [Info] Iteration:296, valid_1 auc : 0.834274
[LightGBM] [Info] 91.493261 seconds elapsed, finished iteration 296
[LightGBM] [Debug] Trained a tree with leaves = 255 and depth = 20
[LightGBM] [Info] Iteration:297, valid_1 auc : 0.834283
[LightGBM] [Info] 91.756281 seconds elapsed, finished iteration 297
[LightGBM] [Debug] Trained a tree with leaves = 255 and depth = 20
[LightGBM] [Info] Iteration:298, valid_1 auc : 0.834299
[LightGBM] [Info] 92.017048 seconds elapsed, finished iteration 298
[LightGBM] [Debug] Trained a tree with leaves = 255 and depth = 21
[LightGBM] [Info] Iteration:299, valid_1 auc : 0.83434
[LightGBM] [Info] 92.340583 seconds elapsed, finished iteration 299
[LightGBM] [Debug] Trained a tree with leaves = 255 and depth = 20
[LightGBM] [Info] Iteration:300, valid_1 auc : 0.834341
[LightGBM] [Info] 92.598583 seconds elapsed, finished iteration 300
[LightGBM] [Debug] Trained a tree with leaves = 255 and depth = 25
[LightGBM] [Info] Iteration:301, valid_1 auc : 0.83436
[LightGBM] [Info] 92.872513 seconds elapsed, finished iteration 301
[LightGBM] [Debug] Trained a tree with leaves = 255 and depth = 25
[LightGBM] [Info] Iteration:302, valid_1 auc : 0.834406
[LightGBM] [Info] 93.142138 seconds elapsed, finished iteration 302
[LightGBM] [Debug] Trained a tree with leaves = 255 and depth = 18
[LightGBM] [Info] Iteration:303, valid_1 auc : 0.834557
[LightGBM] [Info] 93.637715 seconds elapsed, finished iteration 303
[LightGBM] [Debug] Trained a tree with leaves = 255 and depth = 19
[LightGBM] [Info] Iteration:304, valid_1 auc : 0.834642
[LightGBM] [Info] 94.036033 seconds elapsed, finished iteration 304
[LightGBM] [Debug] Trained a tree with leaves = 255 and depth = 19
[LightGBM] [Info] Iteration:305, valid_1 auc : 0.834657
[LightGBM] [Info] 94.441105 seconds elapsed, finished iteration 305
[LightGBM] [Debug] Trained a tree with leaves = 255 and depth = 19
[LightGBM] [Info] Iteration:306, valid_1 auc : 0.834694
[LightGBM] [Info] 94.845058 seconds elapsed, finished iteration 306
[LightGBM] [Debug] Trained a tree with leaves = 255 and depth = 21
[LightGBM] [Info] Iteration:307, valid_1 auc : 0.834703
[LightGBM] [Info] 95.158239 seconds elapsed, finished iteration 307
[LightGBM] [Debug] Trained a tree with leaves = 255 and depth = 23
[LightGBM] [Info] Iteration:308, valid_1 auc : 0.834697
[LightGBM] [Info] 95.452465 seconds elapsed, finished iteration 308
[LightGBM] [Debug] Trained a tree with leaves = 255 and depth = 20
[LightGBM] [Info] Iteration:309, valid_1 auc : 0.834728
[LightGBM] [Info] 95.707926 seconds elapsed, finished iteration 309
[LightGBM] [Debug] Trained a tree with leaves = 255 and depth = 17
[LightGBM] [Info] Iteration:310, valid_1 auc : 0.834766
[LightGBM] [Info] 95.990664 seconds elapsed, finished iteration 310
[LightGBM] [Debug] Trained a tree with leaves = 255 and depth = 21
[LightGBM] [Info] Iteration:311, valid_1 auc : 0.834805
[LightGBM] [Info] 96.290794 seconds elapsed, finished iteration 311
[LightGBM] [Debug] Trained a tree with leaves = 255 and depth = 26
[LightGBM] [Info] Iteration:312, valid_1 auc : 0.834846
[LightGBM] [Info] 96.558934 seconds elapsed, finished iteration 312
[LightGBM] [Debug] Trained a tree with leaves = 255 and depth = 23
[LightGBM] [Info] Iteration:313, valid_1 auc : 0.834882
[LightGBM] [Info] 96.864567 seconds elapsed, finished iteration 313
[LightGBM] [Debug] Trained a tree with leaves = 255 and depth = 17
[LightGBM] [Info] Iteration:314, valid_1 auc : 0.834882
[LightGBM] [Info] 97.046816 seconds elapsed, finished iteration 314
[LightGBM] [Debug] Trained a tree with leaves = 255 and depth = 25
[LightGBM] [Info] Iteration:315, valid_1 auc : 0.83491
[LightGBM] [Info] 97.254656 seconds elapsed, finished iteration 315
[LightGBM] [Debug] Trained a tree with leaves = 255 and depth = 21
[LightGBM] [Info] Iteration:316, valid_1 auc : 0.834899
[LightGBM] [Info] 97.472359 seconds elapsed, finished iteration 316
[LightGBM] [Debug] Trained a tree with leaves = 255 and depth = 21
[LightGBM] [Info] Iteration:317, valid_1 auc : 0.834897
[LightGBM] [Info] 97.681114 seconds elapsed, finished iteration 317
[LightGBM] [Debug] Trained a tree with leaves = 255 and depth = 18
[LightGBM] [Info] Iteration:318, valid_1 auc : 0.834919
[LightGBM] [Info] 97.918899 seconds elapsed, finished iteration 318
[LightGBM] [Debug] Trained a tree with leaves = 255 and depth = 22
[LightGBM] [Info] Iteration:319, valid_1 auc : 0.834917
[LightGBM] [Info] 98.143685 seconds elapsed, finished iteration 319
[LightGBM] [Debug] Trained a tree with leaves = 255 and depth = 20
[LightGBM] [Info] Iteration:320, valid_1 auc : 0.834955
[LightGBM] [Info] 98.433616 seconds elapsed, finished iteration 320
[LightGBM] [Debug] Trained a tree with leaves = 255 and depth = 21
[LightGBM] [Info] Iteration:321, valid_1 auc : 0.834979
[LightGBM] [Info] 98.608102 seconds elapsed, finished iteration 321
[LightGBM] [Debug] Trained a tree with leaves = 255 and depth = 18
[LightGBM] [Info] Iteration:322, valid_1 auc : 0.835011
[LightGBM] [Info] 98.800797 seconds elapsed, finished iteration 322
[LightGBM] [Debug] Trained a tree with leaves = 255 and depth = 17
[LightGBM] [Info] Iteration:323, valid_1 auc : 0.835017
[LightGBM] [Info] 98.979901 seconds elapsed, finished iteration 323
[LightGBM] [Debug] Trained a tree with leaves = 255 and depth = 22
[LightGBM] [Info] Iteration:324, valid_1 auc : 0.835024
[LightGBM] [Info] 99.208880 seconds elapsed, finished iteration 324
[LightGBM] [Debug] Trained a tree with leaves = 255 and depth = 22
[LightGBM] [Info] Iteration:325, valid_1 auc : 0.835065
[LightGBM] [Info] 99.480619 seconds elapsed, finished iteration 325
[LightGBM] [Debug] Trained a tree with leaves = 255 and depth = 26
[LightGBM] [Info] Iteration:326, valid_1 auc : 0.83508
[LightGBM] [Info] 99.732676 seconds elapsed, finished iteration 326
[LightGBM] [Debug] Trained a tree with leaves = 255 and depth = 26
[LightGBM] [Info] Iteration:327, valid_1 auc : 0.835091
[LightGBM] [Info] 99.930631 seconds elapsed, finished iteration 327
[LightGBM] [Debug] Trained a tree with leaves = 255 and depth = 17
[LightGBM] [Info] Iteration:328, valid_1 auc : 0.835096
[LightGBM] [Info] 100.114978 seconds elapsed, finished iteration 328
[LightGBM] [Debug] Trained a tree with leaves = 255 and depth = 23
[LightGBM] [Info] Iteration:329, valid_1 auc : 0.835084
[LightGBM] [Info] 100.319167 seconds elapsed, finished iteration 329
[LightGBM] [Debug] Trained a tree with leaves = 255 and depth = 21
[LightGBM] [Info] Iteration:330, valid_1 auc : 0.835113
[LightGBM] [Info] 100.569978 seconds elapsed, finished iteration 330
[LightGBM] [Debug] Trained a tree with leaves = 255 and depth = 22
[LightGBM] [Info] Iteration:331, valid_1 auc : 0.835119
[LightGBM] [Info] 100.774571 seconds elapsed, finished iteration 331
[LightGBM] [Debug] Trained a tree with leaves = 255 and depth = 17
[LightGBM] [Info] Iteration:332, valid_1 auc : 0.835186
[LightGBM] [Info] 101.030251 seconds elapsed, finished iteration 332
[LightGBM] [Debug] Trained a tree with leaves = 255 and depth = 21
[LightGBM] [Info] Iteration:333, valid_1 auc : 0.835151
[LightGBM] [Info] 101.220935 seconds elapsed, finished iteration 333
[LightGBM] [Debug] Trained a tree with leaves = 255 and depth = 22
[LightGBM] [Info] Iteration:334, valid_1 auc : 0.835154
[LightGBM] [Info] 101.392219 seconds elapsed, finished iteration 334
[LightGBM] [Debug] Trained a tree with leaves = 255 and depth = 17
[LightGBM] [Info] Iteration:335, valid_1 auc : 0.835197
[LightGBM] [Info] 101.657581 seconds elapsed, finished iteration 335
[LightGBM] [Debug] Trained a tree with leaves = 255 and depth = 17
[LightGBM] [Info] Iteration:336, valid_1 auc : 0.835282
[LightGBM] [Info] 102.003441 seconds elapsed, finished iteration 336
[LightGBM] [Debug] Trained a tree with leaves = 255 and depth = 16
[LightGBM] [Info] Iteration:337, valid_1 auc : 0.835332
[LightGBM] [Info] 102.396336 seconds elapsed, finished iteration 337
[LightGBM] [Debug] Trained a tree with leaves = 255 and depth = 18
[LightGBM] [Info] Iteration:338, valid_1 auc : 0.835349
[LightGBM] [Info] 102.603324 seconds elapsed, finished iteration 338
[LightGBM] [Debug] Trained a tree with leaves = 255 and depth = 19
[LightGBM] [Info] Iteration:339, valid_1 auc : 0.835391
[LightGBM] [Info] 102.946901 seconds elapsed, finished iteration 339
[LightGBM] [Debug] Trained a tree with leaves = 255 and depth = 21
[LightGBM] [Info] Iteration:340, valid_1 auc : 0.835384
[LightGBM] [Info] 103.253665 seconds elapsed, finished iteration 340
[LightGBM] [Debug] Trained a tree with leaves = 255 and depth = 23
[LightGBM] [Info] Iteration:341, valid_1 auc : 0.83536
[LightGBM] [Info] 103.539050 seconds elapsed, finished iteration 341
[LightGBM] [Debug] Trained a tree with leaves = 255 and depth = 24
[LightGBM] [Info] Iteration:342, valid_1 auc : 0.835351
[LightGBM] [Info] 103.841426 seconds elapsed, finished iteration 342
[LightGBM] [Debug] Trained a tree with leaves = 255 and depth = 24
[LightGBM] [Info] Iteration:343, valid_1 auc : 0.835385
[LightGBM] [Info] 104.257751 seconds elapsed, finished iteration 343
[LightGBM] [Debug] Trained a tree with leaves = 255 and depth = 21
[LightGBM] [Info] Iteration:344, valid_1 auc : 0.835394
[LightGBM] [Info] 104.522159 seconds elapsed, finished iteration 344
[LightGBM] [Debug] Trained a tree with leaves = 255 and depth = 21
[LightGBM] [Info] Iteration:345, valid_1 auc : 0.835389
[LightGBM] [Info] 104.726863 seconds elapsed, finished iteration 345
[LightGBM] [Debug] Trained a tree with leaves = 255 and depth = 17
[LightGBM] [Info] Iteration:346, valid_1 auc : 0.835401
[LightGBM] [Info] 104.961701 seconds elapsed, finished iteration 346
[LightGBM] [Debug] Trained a tree with leaves = 255 and depth = 22
[LightGBM] [Info] Iteration:347, valid_1 auc : 0.835393
[LightGBM] [Info] 105.204790 seconds elapsed, finished iteration 347
[LightGBM] [Debug] Trained a tree with leaves = 255 and depth = 20
[LightGBM] [Info] Iteration:348, valid_1 auc : 0.835399
[LightGBM] [Info] 105.468991 seconds elapsed, finished iteration 348
[LightGBM] [Debug] Trained a tree with leaves = 255 and depth = 21
[LightGBM] [Info] Iteration:349, valid_1 auc : 0.835392
[LightGBM] [Info] 105.703885 seconds elapsed, finished iteration 349
[LightGBM] [Debug] Trained a tree with leaves = 255 and depth = 16
[LightGBM] [Info] Iteration:350, valid_1 auc : 0.835444
[LightGBM] [Info] 106.041958 seconds elapsed, finished iteration 350
[LightGBM] [Debug] Trained a tree with leaves = 255 and depth = 23
[LightGBM] [Info] Iteration:351, valid_1 auc : 0.835447
[LightGBM] [Info] 106.281585 seconds elapsed, finished iteration 351
[LightGBM] [Debug] Trained a tree with leaves = 255 and depth = 22
[LightGBM] [Info] Iteration:352, valid_1 auc : 0.835498
[LightGBM] [Info] 106.582050 seconds elapsed, finished iteration 352
[LightGBM] [Debug] Trained a tree with leaves = 255 and depth = 21
[LightGBM] [Info] Iteration:353, valid_1 auc : 0.835553
[LightGBM] [Info] 106.846450 seconds elapsed, finished iteration 353
[LightGBM] [Debug] Trained a tree with leaves = 255 and depth = 23
[LightGBM] [Info] Iteration:354, valid_1 auc : 0.835561
[LightGBM] [Info] 107.159379 seconds elapsed, finished iteration 354
[LightGBM] [Debug] Trained a tree with leaves = 255 and depth = 28
[LightGBM] [Info] Iteration:355, valid_1 auc : 0.835559
[LightGBM] [Info] 107.430059 seconds elapsed, finished iteration 355
[LightGBM] [Debug] Trained a tree with leaves = 255 and depth = 23
[LightGBM] [Info] Iteration:356, valid_1 auc : 0.835578
[LightGBM] [Info] 107.714689 seconds elapsed, finished iteration 356
[LightGBM] [Debug] Trained a tree with leaves = 255 and depth = 20
[LightGBM] [Info] Iteration:357, valid_1 auc : 0.835593
[LightGBM] [Info] 107.981190 seconds elapsed, finished iteration 357
[LightGBM] [Debug] Trained a tree with leaves = 255 and depth = 17
[LightGBM] [Info] Iteration:358, valid_1 auc : 0.835585
[LightGBM] [Info] 108.217665 seconds elapsed, finished iteration 358
[LightGBM] [Debug] Trained a tree with leaves = 255 and depth = 22
[LightGBM] [Info] Iteration:359, valid_1 auc : 0.835586
[LightGBM] [Info] 108.435100 seconds elapsed, finished iteration 359
[LightGBM] [Debug] Trained a tree with leaves = 255 and depth = 19
[LightGBM] [Info] Iteration:360, valid_1 auc : 0.835583
[LightGBM] [Info] 108.640636 seconds elapsed, finished iteration 360
[LightGBM] [Debug] Trained a tree with leaves = 255 and depth = 18
[LightGBM] [Info] Iteration:361, valid_1 auc : 0.835635
[LightGBM] [Info] 108.920816 seconds elapsed, finished iteration 361
[LightGBM] [Debug] Trained a tree with leaves = 255 and depth = 18
[LightGBM] [Info] Iteration:362, valid_1 auc : 0.835653
[LightGBM] [Info] 109.164072 seconds elapsed, finished iteration 362
[LightGBM] [Debug] Trained a tree with leaves = 255 and depth = 26
[LightGBM] [Info] Iteration:363, valid_1 auc : 0.83567
[LightGBM] [Info] 109.392154 seconds elapsed, finished iteration 363
[LightGBM] [Debug] Trained a tree with leaves = 255 and depth = 28
[LightGBM] [Info] Iteration:364, valid_1 auc : 0.835662
[LightGBM] [Info] 109.588533 seconds elapsed, finished iteration 364
[LightGBM] [Debug] Trained a tree with leaves = 255 and depth = 24
[LightGBM] [Info] Iteration:365, valid_1 auc : 0.835659
[LightGBM] [Info] 109.796809 seconds elapsed, finished iteration 365
[LightGBM] [Debug] Trained a tree with leaves = 255 and depth = 20
[LightGBM] [Info] Iteration:366, valid_1 auc : 0.835658
[LightGBM] [Info] 109.990632 seconds elapsed, finished iteration 366
[LightGBM] [Debug] Trained a tree with leaves = 255 and depth = 25
[LightGBM] [Info] Iteration:367, valid_1 auc : 0.835638
[LightGBM] [Info] 110.183733 seconds elapsed, finished iteration 367
[LightGBM] [Debug] Trained a tree with leaves = 255 and depth = 21
[LightGBM] [Info] Iteration:368, valid_1 auc : 0.835636
[LightGBM] [Info] 110.508251 seconds elapsed, finished iteration 368
[LightGBM] [Debug] Trained a tree with leaves = 255 and depth = 23
[LightGBM] [Info] Iteration:369, valid_1 auc : 0.835638
[LightGBM] [Info] 110.784710 seconds elapsed, finished iteration 369
[LightGBM] [Debug] Trained a tree with leaves = 255 and depth = 20
[LightGBM] [Info] Iteration:370, valid_1 auc : 0.835611
[LightGBM] [Info] 110.999719 seconds elapsed, finished iteration 370
[LightGBM] [Debug] Trained a tree with leaves = 255 and depth = 18
[LightGBM] [Info] Iteration:371, valid_1 auc : 0.835596
[LightGBM] [Info] 111.280408 seconds elapsed, finished iteration 371
[LightGBM] [Debug] Trained a tree with leaves = 255 and depth = 18
[LightGBM] [Info] Iteration:372, valid_1 auc : 0.835577
[LightGBM] [Info] 111.576229 seconds elapsed, finished iteration 372
[LightGBM] [Debug] Trained a tree with leaves = 255 and depth = 27
[LightGBM] [Info] Iteration:373, valid_1 auc : 0.835587
[LightGBM] [Info] 111.819023 seconds elapsed, finished iteration 373
[LightGBM] [Debug] Trained a tree with leaves = 255 and depth = 21
[LightGBM] [Info] Iteration:374, valid_1 auc : 0.835577
[LightGBM] [Info] 112.009590 seconds elapsed, finished iteration 374
[LightGBM] [Debug] Trained a tree with leaves = 255 and depth = 19
[LightGBM] [Info] Iteration:375, valid_1 auc : 0.835565
[LightGBM] [Info] 112.261183 seconds elapsed, finished iteration 375
[LightGBM] [Debug] Trained a tree with leaves = 255 and depth = 20
[LightGBM] [Info] Iteration:376, valid_1 auc : 0.835556
[LightGBM] [Info] 112.460318 seconds elapsed, finished iteration 376
[LightGBM] [Debug] Trained a tree with leaves = 255 and depth = 24
[LightGBM] [Info] Iteration:377, valid_1 auc : 0.835552
[LightGBM] [Info] 112.662113 seconds elapsed, finished iteration 377
[LightGBM] [Debug] Trained a tree with leaves = 255 and depth = 23
[LightGBM] [Info] Iteration:378, valid_1 auc : 0.835545
[LightGBM] [Info] 112.901598 seconds elapsed, finished iteration 378
[LightGBM] [Debug] Trained a tree with leaves = 255 and depth = 19
[LightGBM] [Info] Iteration:379, valid_1 auc : 0.835529
[LightGBM] [Info] 113.090357 seconds elapsed, finished iteration 379
[LightGBM] [Debug] Trained a tree with leaves = 255 and depth = 20
[LightGBM] [Info] Iteration:380, valid_1 auc : 0.835513
[LightGBM] [Info] 113.285089 seconds elapsed, finished iteration 380
[LightGBM] [Debug] Trained a tree with leaves = 255 and depth = 22
[LightGBM] [Info] Iteration:381, valid_1 auc : 0.835503
[LightGBM] [Info] 113.497478 seconds elapsed, finished iteration 381
[LightGBM] [Debug] Trained a tree with leaves = 255 and depth = 22
[LightGBM] [Info] Iteration:382, valid_1 auc : 0.835502
[LightGBM] [Info] 113.679187 seconds elapsed, finished iteration 382
[LightGBM] [Debug] Trained a tree with leaves = 255 and depth = 21
[LightGBM] [Info] Iteration:383, valid_1 auc : 0.835532
[LightGBM] [Info] 113.983925 seconds elapsed, finished iteration 383
[LightGBM] [Debug] Trained a tree with leaves = 255 and depth = 18
[LightGBM] [Info] Iteration:384, valid_1 auc : 0.835549
[LightGBM] [Info] 114.158707 seconds elapsed, finished iteration 384
[LightGBM] [Debug] Trained a tree with leaves = 255 and depth = 17
[LightGBM] [Info] Iteration:385, valid_1 auc : 0.835536
[LightGBM] [Info] 114.357094 seconds elapsed, finished iteration 385
[LightGBM] [Debug] Trained a tree with leaves = 255 and depth = 21
[LightGBM] [Info] Iteration:386, valid_1 auc : 0.835547
[LightGBM] [Info] 114.563036 seconds elapsed, finished iteration 386
[LightGBM] [Debug] Trained a tree with leaves = 255 and depth = 22
[LightGBM] [Info] Iteration:387, valid_1 auc : 0.835549
[LightGBM] [Info] 114.745944 seconds elapsed, finished iteration 387
[LightGBM] [Debug] Trained a tree with leaves = 255 and depth = 17
[LightGBM] [Info] Iteration:388, valid_1 auc : 0.835574
[LightGBM] [Info] 114.951817 seconds elapsed, finished iteration 388
[LightGBM] [Debug] Trained a tree with leaves = 255 and depth = 22
[LightGBM] [Info] Iteration:389, valid_1 auc : 0.83558
[LightGBM] [Info] 115.179647 seconds elapsed, finished iteration 389
[LightGBM] [Debug] Trained a tree with leaves = 255 and depth = 21
[LightGBM] [Info] Iteration:390, valid_1 auc : 0.835587
[LightGBM] [Info] 115.370620 seconds elapsed, finished iteration 390
[LightGBM] [Debug] Trained a tree with leaves = 255 and depth = 23
[LightGBM] [Info] Iteration:391, valid_1 auc : 0.835583
[LightGBM] [Info] 115.589618 seconds elapsed, finished iteration 391
[LightGBM] [Debug] Trained a tree with leaves = 255 and depth = 21
[LightGBM] [Info] Iteration:392, valid_1 auc : 0.835594
[LightGBM] [Info] 115.796897 seconds elapsed, finished iteration 392
[LightGBM] [Debug] Trained a tree with leaves = 255 and depth = 20
[LightGBM] [Info] Iteration:393, valid_1 auc : 0.835637
[LightGBM] [Info] 116.038828 seconds elapsed, finished iteration 393
[LightGBM] [Debug] Trained a tree with leaves = 255 and depth = 26
[LightGBM] [Info] Iteration:394, valid_1 auc : 0.835633
[LightGBM] [Info] 116.208001 seconds elapsed, finished iteration 394
[LightGBM] [Debug] Trained a tree with leaves = 255 and depth = 21
[LightGBM] [Info] Iteration:395, valid_1 auc : 0.835679
[LightGBM] [Info] 116.471150 seconds elapsed, finished iteration 395
[LightGBM] [Debug] Trained a tree with leaves = 255 and depth = 21
[LightGBM] [Info] Iteration:396, valid_1 auc : 0.835664
[LightGBM] [Info] 116.674583 seconds elapsed, finished iteration 396
[LightGBM] [Debug] Trained a tree with leaves = 255 and depth = 32
[LightGBM] [Info] Iteration:397, valid_1 auc : 0.83566
[LightGBM] [Info] 116.858804 seconds elapsed, finished iteration 397
[LightGBM] [Debug] Trained a tree with leaves = 255 and depth = 23
[LightGBM] [Info] Iteration:398, valid_1 auc : 0.835653
[LightGBM] [Info] 117.051314 seconds elapsed, finished iteration 398
[LightGBM] [Debug] Trained a tree with leaves = 255 and depth = 22
[LightGBM] [Info] Iteration:399, valid_1 auc : 0.835659
[LightGBM] [Info] 117.255374 seconds elapsed, finished iteration 399
[LightGBM] [Debug] Trained a tree with leaves = 255 and depth = 22
[LightGBM] [Info] Iteration:400, valid_1 auc : 0.835666
[LightGBM] [Info] 117.466485 seconds elapsed, finished iteration 400
[LightGBM] [Debug] Trained a tree with leaves = 255 and depth = 22
[LightGBM] [Info] Iteration:401, valid_1 auc : 0.835694
[LightGBM] [Info] 117.701524 seconds elapsed, finished iteration 401
[LightGBM] [Debug] Trained a tree with leaves = 255 and depth = 23
[LightGBM] [Info] Iteration:402, valid_1 auc : 0.835685
[LightGBM] [Info] 117.901885 seconds elapsed, finished iteration 402
[LightGBM] [Debug] Trained a tree with leaves = 255 and depth = 21
[LightGBM] [Info] Iteration:403, valid_1 auc : 0.835676
[LightGBM] [Info] 118.105252 seconds elapsed, finished iteration 403
[LightGBM] [Debug] Trained a tree with leaves = 255 and depth = 25
[LightGBM] [Info] Iteration:404, valid_1 auc : 0.83568
[LightGBM] [Info] 118.289695 seconds elapsed, finished iteration 404
[LightGBM] [Debug] Trained a tree with leaves = 255 and depth = 17
[LightGBM] [Info] Iteration:405, valid_1 auc : 0.835712
[LightGBM] [Info] 118.510703 seconds elapsed, finished iteration 405
[LightGBM] [Debug] Trained a tree with leaves = 255 and depth = 17
[LightGBM] [Info] Iteration:406, valid_1 auc : 0.835702
[LightGBM] [Info] 118.803181 seconds elapsed, finished iteration 406
[LightGBM] [Debug] Trained a tree with leaves = 255 and depth = 26
[LightGBM] [Info] Iteration:407, valid_1 auc : 0.835712
[LightGBM] [Info] 119.041155 seconds elapsed, finished iteration 407
[LightGBM] [Debug] Trained a tree with leaves = 255 and depth = 16
[LightGBM] [Info] Iteration:408, valid_1 auc : 0.835733
[LightGBM] [Info] 119.246722 seconds elapsed, finished iteration 408
[LightGBM] [Debug] Trained a tree with leaves = 255 and depth = 25
[LightGBM] [Info] Iteration:409, valid_1 auc : 0.835738
[LightGBM] [Info] 119.445681 seconds elapsed, finished iteration 409
[LightGBM] [Debug] Trained a tree with leaves = 255 and depth = 20
[LightGBM] [Info] Iteration:410, valid_1 auc : 0.835723
[LightGBM] [Info] 119.633911 seconds elapsed, finished iteration 410
[LightGBM] [Debug] Trained a tree with leaves = 255 and depth = 22
[LightGBM] [Info] Iteration:411, valid_1 auc : 0.835731
[LightGBM] [Info] 119.845189 seconds elapsed, finished iteration 411
[LightGBM] [Debug] Trained a tree with leaves = 255 and depth = 22
[LightGBM] [Info] Iteration:412, valid_1 auc : 0.835724
[LightGBM] [Info] 120.084127 seconds elapsed, finished iteration 412
[LightGBM] [Debug] Trained a tree with leaves = 255 and depth = 19
[LightGBM] [Info] Iteration:413, valid_1 auc : 0.835753
[LightGBM] [Info] 120.350348 seconds elapsed, finished iteration 413
[LightGBM] [Debug] Trained a tree with leaves = 255 and depth = 23
[LightGBM] [Info] Iteration:414, valid_1 auc : 0.835779
[LightGBM] [Info] 120.634259 seconds elapsed, finished iteration 414
[LightGBM] [Debug] Trained a tree with leaves = 255 and depth = 26
[LightGBM] [Info] Iteration:415, valid_1 auc : 0.835775
[LightGBM] [Info] 120.835127 seconds elapsed, finished iteration 415
[LightGBM] [Debug] Trained a tree with leaves = 255 and depth = 27
[LightGBM] [Info] Iteration:416, valid_1 auc : 0.83578
[LightGBM] [Info] 121.032249 seconds elapsed, finished iteration 416
[LightGBM] [Debug] Trained a tree with leaves = 255 and depth = 25
[LightGBM] [Info] Iteration:417, valid_1 auc : 0.835796
[LightGBM] [Info] 121.304521 seconds elapsed, finished iteration 417
[LightGBM] [Debug] Trained a tree with leaves = 255 and depth = 21
[LightGBM] [Info] Iteration:418, valid_1 auc : 0.83587
[LightGBM] [Info] 121.710098 seconds elapsed, finished iteration 418
[LightGBM] [Debug] Trained a tree with leaves = 255 and depth = 22
[LightGBM] [Info] Iteration:419, valid_1 auc : 0.835879
[LightGBM] [Info] 121.899397 seconds elapsed, finished iteration 419
[LightGBM] [Debug] Trained a tree with leaves = 255 and depth = 22
[LightGBM] [Info] Iteration:420, valid_1 auc : 0.835878
[LightGBM] [Info] 122.119919 seconds elapsed, finished iteration 420
[LightGBM] [Debug] Trained a tree with leaves = 255 and depth = 17
[LightGBM] [Info] Iteration:421, valid_1 auc : 0.83586
[LightGBM] [Info] 122.456141 seconds elapsed, finished iteration 421
[LightGBM] [Debug] Trained a tree with leaves = 255 and depth = 17
[LightGBM] [Info] Iteration:422, valid_1 auc : 0.835844
[LightGBM] [Info] 122.834914 seconds elapsed, finished iteration 422
[LightGBM] [Debug] Trained a tree with leaves = 255 and depth = 21
[LightGBM] [Info] Iteration:423, valid_1 auc : 0.835821
[LightGBM] [Info] 123.180244 seconds elapsed, finished iteration 423
[LightGBM] [Debug] Trained a tree with leaves = 255 and depth = 22
[LightGBM] [Info] Iteration:424, valid_1 auc : 0.835833
[LightGBM] [Info] 123.451860 seconds elapsed, finished iteration 424
[LightGBM] [Debug] Trained a tree with leaves = 255 and depth = 26
[LightGBM] [Info] Iteration:425, valid_1 auc : 0.835831
[LightGBM] [Info] 123.726249 seconds elapsed, finished iteration 425
[LightGBM] [Debug] Trained a tree with leaves = 255 and depth = 20
[LightGBM] [Info] Iteration:426, valid_1 auc : 0.835831
[LightGBM] [Info] 123.959030 seconds elapsed, finished iteration 426
[LightGBM] [Debug] Trained a tree with leaves = 255 and depth = 21
[LightGBM] [Info] Iteration:427, valid_1 auc : 0.835842
[LightGBM] [Info] 124.189762 seconds elapsed, finished iteration 427
[LightGBM] [Debug] Trained a tree with leaves = 255 and depth = 20
[LightGBM] [Info] Iteration:428, valid_1 auc : 0.835832
[LightGBM] [Info] 124.508186 seconds elapsed, finished iteration 428
[LightGBM] [Debug] Trained a tree with leaves = 255 and depth = 20
[LightGBM] [Info] Iteration:429, valid_1 auc : 0.835845
[LightGBM] [Info] 124.871442 seconds elapsed, finished iteration 429
[LightGBM] [Debug] Trained a tree with leaves = 255 and depth = 18
[LightGBM] [Info] Iteration:430, valid_1 auc : 0.835851
[LightGBM] [Info] 125.077190 seconds elapsed, finished iteration 430
[LightGBM] [Debug] Trained a tree with leaves = 255 and depth = 18
[LightGBM] [Info] Iteration:431, valid_1 auc : 0.835836
[LightGBM] [Info] 125.331381 seconds elapsed, finished iteration 431
[LightGBM] [Debug] Trained a tree with leaves = 255 and depth = 24
[LightGBM] [Info] Iteration:432, valid_1 auc : 0.835851
[LightGBM] [Info] 125.510769 seconds elapsed, finished iteration 432
[LightGBM] [Debug] Trained a tree with leaves = 255 and depth = 22
[LightGBM] [Info] Iteration:433, valid_1 auc : 0.835859
[LightGBM] [Info] 125.738182 seconds elapsed, finished iteration 433
[LightGBM] [Debug] Trained a tree with leaves = 255 and depth = 23
[LightGBM] [Info] Iteration:434, valid_1 auc : 0.835873
[LightGBM] [Info] 125.961291 seconds elapsed, finished iteration 434
[LightGBM] [Debug] Trained a tree with leaves = 255 and depth = 25
[LightGBM] [Info] Iteration:435, valid_1 auc : 0.835876
[LightGBM] [Info] 126.168626 seconds elapsed, finished iteration 435
[LightGBM] [Debug] Trained a tree with leaves = 255 and depth = 20
[LightGBM] [Info] Iteration:436, valid_1 auc : 0.835865
[LightGBM] [Info] 126.378448 seconds elapsed, finished iteration 436
[LightGBM] [Debug] Trained a tree with leaves = 255 and depth = 22
[LightGBM] [Info] Iteration:437, valid_1 auc : 0.835865
[LightGBM] [Info] 126.569131 seconds elapsed, finished iteration 437
[LightGBM] [Debug] Trained a tree with leaves = 255 and depth = 21
[LightGBM] [Info] Iteration:438, valid_1 auc : 0.835857
[LightGBM] [Info] 126.757264 seconds elapsed, finished iteration 438
[LightGBM] [Debug] Trained a tree with leaves = 255 and depth = 23
[LightGBM] [Info] Iteration:439, valid_1 auc : 0.835913
[LightGBM] [Info] 127.055759 seconds elapsed, finished iteration 439
[LightGBM] [Debug] Trained a tree with leaves = 255 and depth = 22
[LightGBM] [Info] Iteration:440, valid_1 auc : 0.835905
[LightGBM] [Info] 127.255677 seconds elapsed, finished iteration 440
[LightGBM] [Debug] Trained a tree with leaves = 255 and depth = 29
[LightGBM] [Info] Iteration:441, valid_1 auc : 0.835915
[LightGBM] [Info] 127.468318 seconds elapsed, finished iteration 441
[LightGBM] [Debug] Trained a tree with leaves = 255 and depth = 25
[LightGBM] [Info] Iteration:442, valid_1 auc : 0.835919
[LightGBM] [Info] 127.708861 seconds elapsed, finished iteration 442
[LightGBM] [Debug] Trained a tree with leaves = 255 and depth = 22
[LightGBM] [Info] Iteration:443, valid_1 auc : 0.83593
[LightGBM] [Info] 127.949344 seconds elapsed, finished iteration 443
[LightGBM] [Debug] Trained a tree with leaves = 255 and depth = 23
[LightGBM] [Info] Iteration:444, valid_1 auc : 0.835976
[LightGBM] [Info] 128.250186 seconds elapsed, finished iteration 444
[LightGBM] [Debug] Trained a tree with leaves = 255 and depth = 18
[LightGBM] [Info] Iteration:445, valid_1 auc : 0.835984
[LightGBM] [Info] 128.484402 seconds elapsed, finished iteration 445
[LightGBM] [Debug] Trained a tree with leaves = 255 and depth = 22
[LightGBM] [Info] Iteration:446, valid_1 auc : 0.835971
[LightGBM] [Info] 128.701450 seconds elapsed, finished iteration 446
[LightGBM] [Debug] Trained a tree with leaves = 255 and depth = 23
[LightGBM] [Info] Iteration:447, valid_1 auc : 0.835951
[LightGBM] [Info] 128.934324 seconds elapsed, finished iteration 447
[LightGBM] [Debug] Trained a tree with leaves = 255 and depth = 19
[LightGBM] [Info] Iteration:448, valid_1 auc : 0.835954
[LightGBM] [Info] 129.173998 seconds elapsed, finished iteration 448
[LightGBM] [Debug] Trained a tree with leaves = 255 and depth = 18
[LightGBM] [Info] Iteration:449, valid_1 auc : 0.835936
[LightGBM] [Info] 129.454431 seconds elapsed, finished iteration 449
[LightGBM] [Debug] Trained a tree with leaves = 255 and depth = 26
[LightGBM] [Info] Iteration:450, valid_1 auc : 0.835946
[LightGBM] [Info] 129.736008 seconds elapsed, finished iteration 450
[LightGBM] [Debug] Trained a tree with leaves = 255 and depth = 18
[LightGBM] [Info] Iteration:451, valid_1 auc : 0.835962
[LightGBM] [Info] 129.986106 seconds elapsed, finished iteration 451
[LightGBM] [Debug] Trained a tree with leaves = 255 and depth = 21
[LightGBM] [Info] Iteration:452, valid_1 auc : 0.835978
[LightGBM] [Info] 130.257481 seconds elapsed, finished iteration 452
[LightGBM] [Debug] Trained a tree with leaves = 255 and depth = 22
[LightGBM] [Info] Iteration:453, valid_1 auc : 0.835967
[LightGBM] [Info] 130.526960 seconds elapsed, finished iteration 453
[LightGBM] [Debug] Trained a tree with leaves = 255 and depth = 19
[LightGBM] [Info] Iteration:454, valid_1 auc : 0.835979
[LightGBM] [Info] 130.791827 seconds elapsed, finished iteration 454
[LightGBM] [Debug] Trained a tree with leaves = 255 and depth = 24
[LightGBM] [Info] Iteration:455, valid_1 auc : 0.835985
[LightGBM] [Info] 131.073434 seconds elapsed, finished iteration 455
[LightGBM] [Debug] Trained a tree with leaves = 255 and depth = 20
[LightGBM] [Info] Iteration:456, valid_1 auc : 0.835987
[LightGBM] [Info] 131.295462 seconds elapsed, finished iteration 456
[LightGBM] [Debug] Trained a tree with leaves = 255 and depth = 21
[LightGBM] [Info] Iteration:457, valid_1 auc : 0.835954
[LightGBM] [Info] 131.725636 seconds elapsed, finished iteration 457
[LightGBM] [Debug] Trained a tree with leaves = 255 and depth = 29
[LightGBM] [Info] Iteration:458, valid_1 auc : 0.835936
[LightGBM] [Info] 131.984204 seconds elapsed, finished iteration 458
[LightGBM] [Debug] Trained a tree with leaves = 255 and depth = 24
[LightGBM] [Info] Iteration:459, valid_1 auc : 0.835931
[LightGBM] [Info] 132.178007 seconds elapsed, finished iteration 459
[LightGBM] [Debug] Trained a tree with leaves = 255 and depth = 19
[LightGBM] [Info] Iteration:460, valid_1 auc : 0.835928
[LightGBM] [Info] 132.405897 seconds elapsed, finished iteration 460
[LightGBM] [Debug] Trained a tree with leaves = 255 and depth = 20
[LightGBM] [Info] Iteration:461, valid_1 auc : 0.835906
[LightGBM] [Info] 132.650589 seconds elapsed, finished iteration 461
[LightGBM] [Debug] Trained a tree with leaves = 255 and depth = 19
[LightGBM] [Info] Iteration:462, valid_1 auc : 0.835912
[LightGBM] [Info] 132.853916 seconds elapsed, finished iteration 462
[LightGBM] [Debug] Trained a tree with leaves = 255 and depth = 21
[LightGBM] [Info] Iteration:463, valid_1 auc : 0.835921
[LightGBM] [Info] 133.061049 seconds elapsed, finished iteration 463
[LightGBM] [Debug] Trained a tree with leaves = 255 and depth = 26
[LightGBM] [Info] Iteration:464, valid_1 auc : 0.835917
[LightGBM] [Info] 133.264306 seconds elapsed, finished iteration 464
[LightGBM] [Debug] Trained a tree with leaves = 255 and depth = 21
[LightGBM] [Info] Iteration:465, valid_1 auc : 0.835902
[LightGBM] [Info] 133.463933 seconds elapsed, finished iteration 465
[LightGBM] [Debug] Trained a tree with leaves = 255 and depth = 24
[LightGBM] [Info] Iteration:466, valid_1 auc : 0.835891
[LightGBM] [Info] 133.653541 seconds elapsed, finished iteration 466
[LightGBM] [Debug] Trained a tree with leaves = 255 and depth = 27
[LightGBM] [Info] Iteration:467, valid_1 auc : 0.835908
[LightGBM] [Info] 133.869260 seconds elapsed, finished iteration 467
[LightGBM] [Debug] Trained a tree with leaves = 255 and depth = 27
[LightGBM] [Info] Iteration:468, valid_1 auc : 0.835923
[LightGBM] [Info] 134.107282 seconds elapsed, finished iteration 468
[LightGBM] [Debug] Trained a tree with leaves = 255 and depth = 27
[LightGBM] [Info] Iteration:469, valid_1 auc : 0.835952
[LightGBM] [Info] 134.428305 seconds elapsed, finished iteration 469
[LightGBM] [Debug] Trained a tree with leaves = 255 and depth = 19
[LightGBM] [Info] Iteration:470, valid_1 auc : 0.835963
[LightGBM] [Info] 134.692053 seconds elapsed, finished iteration 470
[LightGBM] [Debug] Trained a tree with leaves = 255 and depth = 21
[LightGBM] [Info] Iteration:471, valid_1 auc : 0.835979
[LightGBM] [Info] 134.971265 seconds elapsed, finished iteration 471
[LightGBM] [Debug] Trained a tree with leaves = 255 and depth = 22
[LightGBM] [Info] Iteration:472, valid_1 auc : 0.835998
[LightGBM] [Info] 135.255705 seconds elapsed, finished iteration 472
[LightGBM] [Debug] Trained a tree with leaves = 255 and depth = 21
[LightGBM] [Info] Iteration:473, valid_1 auc : 0.835994
[LightGBM] [Info] 135.448610 seconds elapsed, finished iteration 473
[LightGBM] [Debug] Trained a tree with leaves = 255 and depth = 22
[LightGBM] [Info] Iteration:474, valid_1 auc : 0.835989
[LightGBM] [Info] 135.695320 seconds elapsed, finished iteration 474
[LightGBM] [Debug] Trained a tree with leaves = 255 and depth = 20
[LightGBM] [Info] Iteration:475, valid_1 auc : 0.835975
[LightGBM] [Info] 135.922936 seconds elapsed, finished iteration 475
[LightGBM] [Debug] Trained a tree with leaves = 255 and depth = 19
[LightGBM] [Info] Iteration:476, valid_1 auc : 0.835969
[LightGBM] [Info] 136.172086 seconds elapsed, finished iteration 476
[LightGBM] [Debug] Trained a tree with leaves = 255 and depth = 23
[LightGBM] [Info] Iteration:477, valid_1 auc : 0.835982
[LightGBM] [Info] 136.352754 seconds elapsed, finished iteration 477
[LightGBM] [Debug] Trained a tree with leaves = 255 and depth = 24
[LightGBM] [Info] Iteration:478, valid_1 auc : 0.835974
[LightGBM] [Info] 136.567800 seconds elapsed, finished iteration 478
[LightGBM] [Debug] Trained a tree with leaves = 255 and depth = 18
[LightGBM] [Info] Iteration:479, valid_1 auc : 0.835972
[LightGBM] [Info] 136.746559 seconds elapsed, finished iteration 479
[LightGBM] [Debug] Trained a tree with leaves = 255 and depth = 24
[LightGBM] [Info] Iteration:480, valid_1 auc : 0.835976
[LightGBM] [Info] 136.906131 seconds elapsed, finished iteration 480
[LightGBM] [Debug] Trained a tree with leaves = 255 and depth = 28
[LightGBM] [Info] Iteration:481, valid_1 auc : 0.835973
[LightGBM] [Info] 137.082221 seconds elapsed, finished iteration 481
[LightGBM] [Debug] Trained a tree with leaves = 255 and depth = 20
[LightGBM] [Info] Iteration:482, valid_1 auc : 0.835961
[LightGBM] [Info] 137.278746 seconds elapsed, finished iteration 482
[LightGBM] [Debug] Trained a tree with leaves = 255 and depth = 21
[LightGBM] [Info] Iteration:483, valid_1 auc : 0.835956
[LightGBM] [Info] 137.473850 seconds elapsed, finished iteration 483
[LightGBM] [Debug] Trained a tree with leaves = 255 and depth = 23
[LightGBM] [Info] Iteration:484, valid_1 auc : 0.835955
[LightGBM] [Info] 137.677535 seconds elapsed, finished iteration 484
[LightGBM] [Debug] Trained a tree with leaves = 255 and depth = 20
[LightGBM] [Info] Iteration:485, valid_1 auc : 0.835948
[LightGBM] [Info] 137.925938 seconds elapsed, finished iteration 485
[LightGBM] [Debug] Trained a tree with leaves = 255 and depth = 17
[LightGBM] [Info] Iteration:486, valid_1 auc : 0.835938
[LightGBM] [Info] 138.157934 seconds elapsed, finished iteration 486
[LightGBM] [Debug] Trained a tree with leaves = 255 and depth = 19
[LightGBM] [Info] Iteration:487, valid_1 auc : 0.835938
[LightGBM] [Info] 138.421657 seconds elapsed, finished iteration 487
[LightGBM] [Debug] Trained a tree with leaves = 255 and depth = 20
[LightGBM] [Info] Iteration:488, valid_1 auc : 0.835943
[LightGBM] [Info] 138.684521 seconds elapsed, finished iteration 488
[LightGBM] [Debug] Trained a tree with leaves = 255 and depth = 24
[LightGBM] [Info] Iteration:489, valid_1 auc : 0.835952
[LightGBM] [Info] 138.940411 seconds elapsed, finished iteration 489
[LightGBM] [Debug] Trained a tree with leaves = 255 and depth = 18
[LightGBM] [Info] Iteration:490, valid_1 auc : 0.835958
[LightGBM] [Info] 139.235166 seconds elapsed, finished iteration 490
[LightGBM] [Debug] Trained a tree with leaves = 255 and depth = 19
[LightGBM] [Info] Iteration:491, valid_1 auc : 0.835943
[LightGBM] [Info] 139.473305 seconds elapsed, finished iteration 491
[LightGBM] [Debug] Trained a tree with leaves = 255 and depth = 18
[LightGBM] [Info] Iteration:492, valid_1 auc : 0.836189
[LightGBM] [Info] 139.958093 seconds elapsed, finished iteration 492
[LightGBM] [Debug] Trained a tree with leaves = 255 and depth = 21
[LightGBM] [Info] Iteration:493, valid_1 auc : 0.836276
[LightGBM] [Info] 140.375609 seconds elapsed, finished iteration 493
[LightGBM] [Debug] Trained a tree with leaves = 255 and depth = 21
[LightGBM] [Info] Iteration:494, valid_1 auc : 0.836367
[LightGBM] [Info] 140.727304 seconds elapsed, finished iteration 494
[LightGBM] [Debug] Trained a tree with leaves = 255 and depth = 31
[LightGBM] [Info] Iteration:495, valid_1 auc : 0.836395
[LightGBM] [Info] 140.988561 seconds elapsed, finished iteration 495
[LightGBM] [Debug] Trained a tree with leaves = 255 and depth = 22
[LightGBM] [Info] Iteration:496, valid_1 auc : 0.836381
[LightGBM] [Info] 141.230580 seconds elapsed, finished iteration 496
[LightGBM] [Debug] Trained a tree with leaves = 255 and depth = 21
[LightGBM] [Info] Iteration:497, valid_1 auc : 0.836397
[LightGBM] [Info] 141.449688 seconds elapsed, finished iteration 497
[LightGBM] [Debug] Trained a tree with leaves = 255 and depth = 24
[LightGBM] [Info] Iteration:498, valid_1 auc : 0.836374
[LightGBM] [Info] 141.702613 seconds elapsed, finished iteration 498
[LightGBM] [Debug] Trained a tree with leaves = 255 and depth = 20
[LightGBM] [Info] Iteration:499, valid_1 auc : 0.836377
[LightGBM] [Info] 141.867593 seconds elapsed, finished iteration 499
[LightGBM] [Debug] Trained a tree with leaves = 255 and depth = 22
[LightGBM] [Info] Iteration:500, valid_1 auc : 0.836357
[LightGBM] [Info] 142.054369 seconds elapsed, finished iteration 500
[LightGBM] [Info] Finished training
