[LightGBM] [Warning] num_threads is set=24, num_threads=16 will be ignored. Current value: num_threads=24
[LightGBM] [Warning] device_type is set=cuda, device_type=cpu will be ignored. Current value: device_type=cuda
[LightGBM] [Warning] use_discretized_grad is set=true, use_discretized_grad=true will be ignored. Current value: use_discretized_grad=true
[LightGBM] [Warning] discretized_grad_renew is set=true, discretized_grad_renew=true will be ignored. Current value: discretized_grad_renew=true
[LightGBM] [Info] Finished loading parameters
[LightGBM] [Debug] Loading train file...
[LightGBM] [Debug] Read 10.0 GBs from /home/shiyu/boosting_tree_benchmarks/data/criteo.train.
[LightGBM] [Debug] Read 20.0 GBs from /home/shiyu/boosting_tree_benchmarks/data/criteo.train.
[LightGBM] [Debug] Read 30.0 GBs from /home/shiyu/boosting_tree_benchmarks/data/criteo.train.
[LightGBM] [Warning] Using sparse features with CUDA is currently not supported.
[LightGBM] [Info] Construct bin mappers from text data time 9.60 seconds
[LightGBM] [Debug] Loading validation file #1...
[LightGBM] [Info] Finished loading data in 98.513292 seconds
[LightGBM] [Info] Number of positive: 10556897, number of negative: 30699658
[LightGBM] [Debug] Dataset::GetMultiBinFromAllFeatures: sparse rate 0.061871
[LightGBM] [Info] Total Bins 11409
[LightGBM] [Info] Number of data points in the train set: 41256555, number of used features: 65
[LightGBM] [Debug] Number of data points in validation set #1: 4584061
[LightGBM] [Info] Finished initializing training
[LightGBM] [Info] Started training...
[LightGBM] [Warning] boost_from_score = -1.067472
[LightGBM] [Warning] adding init score = -1.067472
[LightGBM] [Warning] adding init score = -1.067472
[LightGBM] [Info] Start training from score -1.067472
[LightGBM] [Debug] Trained a tree with leaves = 255
[LightGBM] [Info] Iteration:1, valid_1 auc : 0.758243
[LightGBM] [Info] 0.429187 seconds elapsed, finished iteration 1
[LightGBM] [Debug] Trained a tree with leaves = 255
[LightGBM] [Info] Iteration:2, valid_1 auc : 0.763666
[LightGBM] [Info] 0.821915 seconds elapsed, finished iteration 2
[LightGBM] [Debug] Trained a tree with leaves = 255
[LightGBM] [Info] Iteration:3, valid_1 auc : 0.765449
[LightGBM] [Info] 1.222289 seconds elapsed, finished iteration 3
[LightGBM] [Debug] Trained a tree with leaves = 255
[LightGBM] [Info] Iteration:4, valid_1 auc : 0.766923
[LightGBM] [Info] 1.636314 seconds elapsed, finished iteration 4
[LightGBM] [Debug] Trained a tree with leaves = 255
[LightGBM] [Info] Iteration:5, valid_1 auc : 0.768009
[LightGBM] [Info] 2.069435 seconds elapsed, finished iteration 5
[LightGBM] [Debug] Trained a tree with leaves = 255
[LightGBM] [Info] Iteration:6, valid_1 auc : 0.769007
[LightGBM] [Info] 2.510175 seconds elapsed, finished iteration 6
[LightGBM] [Debug] Trained a tree with leaves = 255
[LightGBM] [Info] Iteration:7, valid_1 auc : 0.769978
[LightGBM] [Info] 2.993924 seconds elapsed, finished iteration 7
[LightGBM] [Debug] Trained a tree with leaves = 255
[LightGBM] [Info] Iteration:8, valid_1 auc : 0.770859
[LightGBM] [Info] 3.454657 seconds elapsed, finished iteration 8
[LightGBM] [Debug] Trained a tree with leaves = 255
[LightGBM] [Info] Iteration:9, valid_1 auc : 0.771692
[LightGBM] [Info] 3.929829 seconds elapsed, finished iteration 9
[LightGBM] [Debug] Trained a tree with leaves = 255
[LightGBM] [Info] Iteration:10, valid_1 auc : 0.772403
[LightGBM] [Info] 4.407140 seconds elapsed, finished iteration 10
[LightGBM] [Debug] Trained a tree with leaves = 255
[LightGBM] [Info] Iteration:11, valid_1 auc : 0.773139
[LightGBM] [Info] 4.894211 seconds elapsed, finished iteration 11
[LightGBM] [Debug] Trained a tree with leaves = 255
[LightGBM] [Info] Iteration:12, valid_1 auc : 0.773733
[LightGBM] [Info] 5.383725 seconds elapsed, finished iteration 12
[LightGBM] [Debug] Trained a tree with leaves = 255
[LightGBM] [Info] Iteration:13, valid_1 auc : 0.77441
[LightGBM] [Info] 5.863526 seconds elapsed, finished iteration 13
[LightGBM] [Debug] Trained a tree with leaves = 255
[LightGBM] [Info] Iteration:14, valid_1 auc : 0.775053
[LightGBM] [Info] 6.345661 seconds elapsed, finished iteration 14
[LightGBM] [Debug] Trained a tree with leaves = 255
[LightGBM] [Info] Iteration:15, valid_1 auc : 0.775637
[LightGBM] [Info] 6.836706 seconds elapsed, finished iteration 15
[LightGBM] [Debug] Trained a tree with leaves = 255
[LightGBM] [Info] Iteration:16, valid_1 auc : 0.776166
[LightGBM] [Info] 7.360771 seconds elapsed, finished iteration 16
[LightGBM] [Debug] Trained a tree with leaves = 255
[LightGBM] [Info] Iteration:17, valid_1 auc : 0.776707
[LightGBM] [Info] 7.859532 seconds elapsed, finished iteration 17
[LightGBM] [Debug] Trained a tree with leaves = 255
[LightGBM] [Info] Iteration:18, valid_1 auc : 0.777247
[LightGBM] [Info] 8.362710 seconds elapsed, finished iteration 18
[LightGBM] [Debug] Trained a tree with leaves = 255
[LightGBM] [Info] Iteration:19, valid_1 auc : 0.777793
[LightGBM] [Info] 8.876334 seconds elapsed, finished iteration 19
[LightGBM] [Debug] Trained a tree with leaves = 255
[LightGBM] [Info] Iteration:20, valid_1 auc : 0.778333
[LightGBM] [Info] 9.368311 seconds elapsed, finished iteration 20
[LightGBM] [Debug] Trained a tree with leaves = 255
[LightGBM] [Info] Iteration:21, valid_1 auc : 0.778866
[LightGBM] [Info] 9.853258 seconds elapsed, finished iteration 21
[LightGBM] [Debug] Trained a tree with leaves = 255
[LightGBM] [Info] Iteration:22, valid_1 auc : 0.779384
[LightGBM] [Info] 10.331342 seconds elapsed, finished iteration 22
[LightGBM] [Debug] Trained a tree with leaves = 255
[LightGBM] [Info] Iteration:23, valid_1 auc : 0.779873
[LightGBM] [Info] 10.832156 seconds elapsed, finished iteration 23
[LightGBM] [Debug] Trained a tree with leaves = 255
[LightGBM] [Info] Iteration:24, valid_1 auc : 0.780329
[LightGBM] [Info] 11.309965 seconds elapsed, finished iteration 24
[LightGBM] [Debug] Trained a tree with leaves = 255
[LightGBM] [Info] Iteration:25, valid_1 auc : 0.780777
[LightGBM] [Info] 11.798408 seconds elapsed, finished iteration 25
[LightGBM] [Debug] Trained a tree with leaves = 255
[LightGBM] [Info] Iteration:26, valid_1 auc : 0.781238
[LightGBM] [Info] 12.284810 seconds elapsed, finished iteration 26
[LightGBM] [Debug] Trained a tree with leaves = 255
[LightGBM] [Info] Iteration:27, valid_1 auc : 0.781652
[LightGBM] [Info] 12.773593 seconds elapsed, finished iteration 27
[LightGBM] [Debug] Trained a tree with leaves = 255
[LightGBM] [Info] Iteration:28, valid_1 auc : 0.782031
[LightGBM] [Info] 13.273626 seconds elapsed, finished iteration 28
[LightGBM] [Debug] Trained a tree with leaves = 255
[LightGBM] [Info] Iteration:29, valid_1 auc : 0.782466
[LightGBM] [Info] 13.770572 seconds elapsed, finished iteration 29
[LightGBM] [Debug] Trained a tree with leaves = 255
[LightGBM] [Info] Iteration:30, valid_1 auc : 0.782881
[LightGBM] [Info] 14.262012 seconds elapsed, finished iteration 30
[LightGBM] [Debug] Trained a tree with leaves = 255
[LightGBM] [Info] Iteration:31, valid_1 auc : 0.783212
[LightGBM] [Info] 14.735642 seconds elapsed, finished iteration 31
[LightGBM] [Debug] Trained a tree with leaves = 255
[LightGBM] [Info] Iteration:32, valid_1 auc : 0.783593
[LightGBM] [Info] 15.216756 seconds elapsed, finished iteration 32
[LightGBM] [Debug] Trained a tree with leaves = 255
[LightGBM] [Info] Iteration:33, valid_1 auc : 0.783893
[LightGBM] [Info] 15.696373 seconds elapsed, finished iteration 33
[LightGBM] [Debug] Trained a tree with leaves = 255
[LightGBM] [Info] Iteration:34, valid_1 auc : 0.784367
[LightGBM] [Info] 16.185565 seconds elapsed, finished iteration 34
[LightGBM] [Debug] Trained a tree with leaves = 255
[LightGBM] [Info] Iteration:35, valid_1 auc : 0.784695
[LightGBM] [Info] 16.656088 seconds elapsed, finished iteration 35
[LightGBM] [Debug] Trained a tree with leaves = 255
[LightGBM] [Info] Iteration:36, valid_1 auc : 0.785054
[LightGBM] [Info] 17.169101 seconds elapsed, finished iteration 36
[LightGBM] [Debug] Trained a tree with leaves = 255
[LightGBM] [Info] Iteration:37, valid_1 auc : 0.785418
[LightGBM] [Info] 17.645034 seconds elapsed, finished iteration 37
[LightGBM] [Debug] Trained a tree with leaves = 255
[LightGBM] [Info] Iteration:38, valid_1 auc : 0.785664
[LightGBM] [Info] 18.158907 seconds elapsed, finished iteration 38
[LightGBM] [Debug] Trained a tree with leaves = 255
[LightGBM] [Info] Iteration:39, valid_1 auc : 0.785911
[LightGBM] [Info] 18.681444 seconds elapsed, finished iteration 39
[LightGBM] [Debug] Trained a tree with leaves = 255
[LightGBM] [Info] Iteration:40, valid_1 auc : 0.78614
[LightGBM] [Info] 19.161873 seconds elapsed, finished iteration 40
[LightGBM] [Debug] Trained a tree with leaves = 255
[LightGBM] [Info] Iteration:41, valid_1 auc : 0.786457
[LightGBM] [Info] 19.632379 seconds elapsed, finished iteration 41
[LightGBM] [Debug] Trained a tree with leaves = 255
[LightGBM] [Info] Iteration:42, valid_1 auc : 0.786712
[LightGBM] [Info] 20.109263 seconds elapsed, finished iteration 42
[LightGBM] [Debug] Trained a tree with leaves = 255
[LightGBM] [Info] Iteration:43, valid_1 auc : 0.786995
[LightGBM] [Info] 20.585970 seconds elapsed, finished iteration 43
[LightGBM] [Debug] Trained a tree with leaves = 255
[LightGBM] [Info] Iteration:44, valid_1 auc : 0.787248
[LightGBM] [Info] 21.073914 seconds elapsed, finished iteration 44
[LightGBM] [Debug] Trained a tree with leaves = 255
[LightGBM] [Info] Iteration:45, valid_1 auc : 0.787489
[LightGBM] [Info] 21.575974 seconds elapsed, finished iteration 45
[LightGBM] [Debug] Trained a tree with leaves = 255
[LightGBM] [Info] Iteration:46, valid_1 auc : 0.787728
[LightGBM] [Info] 22.054880 seconds elapsed, finished iteration 46
[LightGBM] [Debug] Trained a tree with leaves = 255
[LightGBM] [Info] Iteration:47, valid_1 auc : 0.787979
[LightGBM] [Info] 22.534651 seconds elapsed, finished iteration 47
[LightGBM] [Debug] Trained a tree with leaves = 255
[LightGBM] [Info] Iteration:48, valid_1 auc : 0.788175
[LightGBM] [Info] 23.030474 seconds elapsed, finished iteration 48
[LightGBM] [Debug] Trained a tree with leaves = 255
[LightGBM] [Info] Iteration:49, valid_1 auc : 0.788418
[LightGBM] [Info] 23.518639 seconds elapsed, finished iteration 49
[LightGBM] [Debug] Trained a tree with leaves = 255
[LightGBM] [Info] Iteration:50, valid_1 auc : 0.788684
[LightGBM] [Info] 24.000731 seconds elapsed, finished iteration 50
[LightGBM] [Debug] Trained a tree with leaves = 255
[LightGBM] [Info] Iteration:51, valid_1 auc : 0.788886
[LightGBM] [Info] 24.476857 seconds elapsed, finished iteration 51
[LightGBM] [Debug] Trained a tree with leaves = 255
[LightGBM] [Info] Iteration:52, valid_1 auc : 0.789093
[LightGBM] [Info] 24.952132 seconds elapsed, finished iteration 52
[LightGBM] [Debug] Trained a tree with leaves = 255
[LightGBM] [Info] Iteration:53, valid_1 auc : 0.789369
[LightGBM] [Info] 25.426716 seconds elapsed, finished iteration 53
[LightGBM] [Debug] Trained a tree with leaves = 255
[LightGBM] [Info] Iteration:54, valid_1 auc : 0.789517
[LightGBM] [Info] 25.912066 seconds elapsed, finished iteration 54
[LightGBM] [Debug] Trained a tree with leaves = 255
[LightGBM] [Info] Iteration:55, valid_1 auc : 0.78973
[LightGBM] [Info] 26.388111 seconds elapsed, finished iteration 55
[LightGBM] [Debug] Trained a tree with leaves = 255
[LightGBM] [Info] Iteration:56, valid_1 auc : 0.789936
[LightGBM] [Info] 26.882940 seconds elapsed, finished iteration 56
[LightGBM] [Debug] Trained a tree with leaves = 255
[LightGBM] [Info] Iteration:57, valid_1 auc : 0.790169
[LightGBM] [Info] 27.353553 seconds elapsed, finished iteration 57
[LightGBM] [Debug] Trained a tree with leaves = 255
[LightGBM] [Info] Iteration:58, valid_1 auc : 0.790315
[LightGBM] [Info] 27.832021 seconds elapsed, finished iteration 58
[LightGBM] [Debug] Trained a tree with leaves = 255
[LightGBM] [Info] Iteration:59, valid_1 auc : 0.79052
[LightGBM] [Info] 28.314095 seconds elapsed, finished iteration 59
[LightGBM] [Debug] Trained a tree with leaves = 255
[LightGBM] [Info] Iteration:60, valid_1 auc : 0.790647
[LightGBM] [Info] 28.798737 seconds elapsed, finished iteration 60
[LightGBM] [Debug] Trained a tree with leaves = 255
[LightGBM] [Info] Iteration:61, valid_1 auc : 0.790785
[LightGBM] [Info] 29.293266 seconds elapsed, finished iteration 61
[LightGBM] [Debug] Trained a tree with leaves = 255
[LightGBM] [Info] Iteration:62, valid_1 auc : 0.790932
[LightGBM] [Info] 29.761574 seconds elapsed, finished iteration 62
[LightGBM] [Debug] Trained a tree with leaves = 255
[LightGBM] [Info] Iteration:63, valid_1 auc : 0.791097
[LightGBM] [Info] 30.256106 seconds elapsed, finished iteration 63
[LightGBM] [Debug] Trained a tree with leaves = 255
[LightGBM] [Info] Iteration:64, valid_1 auc : 0.791225
[LightGBM] [Info] 30.752352 seconds elapsed, finished iteration 64
[LightGBM] [Debug] Trained a tree with leaves = 255
[LightGBM] [Info] Iteration:65, valid_1 auc : 0.791376
[LightGBM] [Info] 31.232478 seconds elapsed, finished iteration 65
[LightGBM] [Debug] Trained a tree with leaves = 255
[LightGBM] [Info] Iteration:66, valid_1 auc : 0.791497
[LightGBM] [Info] 31.695960 seconds elapsed, finished iteration 66
[LightGBM] [Debug] Trained a tree with leaves = 255
[LightGBM] [Info] Iteration:67, valid_1 auc : 0.791673
[LightGBM] [Info] 32.175265 seconds elapsed, finished iteration 67
[LightGBM] [Debug] Trained a tree with leaves = 255
[LightGBM] [Info] Iteration:68, valid_1 auc : 0.791822
[LightGBM] [Info] 32.662429 seconds elapsed, finished iteration 68
[LightGBM] [Debug] Trained a tree with leaves = 255
[LightGBM] [Info] Iteration:69, valid_1 auc : 0.791938
[LightGBM] [Info] 33.140238 seconds elapsed, finished iteration 69
[LightGBM] [Debug] Trained a tree with leaves = 255
[LightGBM] [Info] Iteration:70, valid_1 auc : 0.792148
[LightGBM] [Info] 33.621295 seconds elapsed, finished iteration 70
[LightGBM] [Debug] Trained a tree with leaves = 255
[LightGBM] [Info] Iteration:71, valid_1 auc : 0.79226
[LightGBM] [Info] 34.110435 seconds elapsed, finished iteration 71
[LightGBM] [Debug] Trained a tree with leaves = 255
[LightGBM] [Info] Iteration:72, valid_1 auc : 0.79239
[LightGBM] [Info] 34.570338 seconds elapsed, finished iteration 72
[LightGBM] [Debug] Trained a tree with leaves = 255
[LightGBM] [Info] Iteration:73, valid_1 auc : 0.792503
[LightGBM] [Info] 35.035091 seconds elapsed, finished iteration 73
[LightGBM] [Debug] Trained a tree with leaves = 255
[LightGBM] [Info] Iteration:74, valid_1 auc : 0.792664
[LightGBM] [Info] 35.510109 seconds elapsed, finished iteration 74
[LightGBM] [Debug] Trained a tree with leaves = 255
[LightGBM] [Info] Iteration:75, valid_1 auc : 0.792784
[LightGBM] [Info] 35.971813 seconds elapsed, finished iteration 75
[LightGBM] [Debug] Trained a tree with leaves = 255
[LightGBM] [Info] Iteration:76, valid_1 auc : 0.792882
[LightGBM] [Info] 36.436574 seconds elapsed, finished iteration 76
[LightGBM] [Debug] Trained a tree with leaves = 255
[LightGBM] [Info] Iteration:77, valid_1 auc : 0.793001
[LightGBM] [Info] 36.910572 seconds elapsed, finished iteration 77
[LightGBM] [Debug] Trained a tree with leaves = 255
[LightGBM] [Info] Iteration:78, valid_1 auc : 0.793078
[LightGBM] [Info] 37.373786 seconds elapsed, finished iteration 78
[LightGBM] [Debug] Trained a tree with leaves = 255
[LightGBM] [Info] Iteration:79, valid_1 auc : 0.793218
[LightGBM] [Info] 37.848242 seconds elapsed, finished iteration 79
[LightGBM] [Debug] Trained a tree with leaves = 255
[LightGBM] [Info] Iteration:80, valid_1 auc : 0.793299
[LightGBM] [Info] 38.305978 seconds elapsed, finished iteration 80
[LightGBM] [Debug] Trained a tree with leaves = 255
[LightGBM] [Info] Iteration:81, valid_1 auc : 0.793407
[LightGBM] [Info] 38.790801 seconds elapsed, finished iteration 81
[LightGBM] [Debug] Trained a tree with leaves = 255
[LightGBM] [Info] Iteration:82, valid_1 auc : 0.793496
[LightGBM] [Info] 39.261070 seconds elapsed, finished iteration 82
[LightGBM] [Debug] Trained a tree with leaves = 255
[LightGBM] [Info] Iteration:83, valid_1 auc : 0.793606
[LightGBM] [Info] 39.761846 seconds elapsed, finished iteration 83
[LightGBM] [Debug] Trained a tree with leaves = 255
[LightGBM] [Info] Iteration:84, valid_1 auc : 0.793762
[LightGBM] [Info] 40.231358 seconds elapsed, finished iteration 84
[LightGBM] [Debug] Trained a tree with leaves = 255
[LightGBM] [Info] Iteration:85, valid_1 auc : 0.79388
[LightGBM] [Info] 40.732917 seconds elapsed, finished iteration 85
[LightGBM] [Debug] Trained a tree with leaves = 255
[LightGBM] [Info] Iteration:86, valid_1 auc : 0.793965
[LightGBM] [Info] 41.200675 seconds elapsed, finished iteration 86
[LightGBM] [Debug] Trained a tree with leaves = 255
[LightGBM] [Info] Iteration:87, valid_1 auc : 0.794045
[LightGBM] [Info] 41.655625 seconds elapsed, finished iteration 87
[LightGBM] [Debug] Trained a tree with leaves = 255
[LightGBM] [Info] Iteration:88, valid_1 auc : 0.794136
[LightGBM] [Info] 42.125645 seconds elapsed, finished iteration 88
[LightGBM] [Debug] Trained a tree with leaves = 255
[LightGBM] [Info] Iteration:89, valid_1 auc : 0.794218
[LightGBM] [Info] 42.591003 seconds elapsed, finished iteration 89
[LightGBM] [Debug] Trained a tree with leaves = 255
[LightGBM] [Info] Iteration:90, valid_1 auc : 0.794293
[LightGBM] [Info] 43.053357 seconds elapsed, finished iteration 90
[LightGBM] [Debug] Trained a tree with leaves = 255
[LightGBM] [Info] Iteration:91, valid_1 auc : 0.794369
[LightGBM] [Info] 43.527744 seconds elapsed, finished iteration 91
[LightGBM] [Debug] Trained a tree with leaves = 255
[LightGBM] [Info] Iteration:92, valid_1 auc : 0.794437
[LightGBM] [Info] 44.019727 seconds elapsed, finished iteration 92
[LightGBM] [Debug] Trained a tree with leaves = 255
[LightGBM] [Info] Iteration:93, valid_1 auc : 0.794534
[LightGBM] [Info] 44.475924 seconds elapsed, finished iteration 93
[LightGBM] [Debug] Trained a tree with leaves = 255
[LightGBM] [Info] Iteration:94, valid_1 auc : 0.794633
[LightGBM] [Info] 44.962265 seconds elapsed, finished iteration 94
[LightGBM] [Debug] Trained a tree with leaves = 255
[LightGBM] [Info] Iteration:95, valid_1 auc : 0.794714
[LightGBM] [Info] 45.423010 seconds elapsed, finished iteration 95
[LightGBM] [Debug] Trained a tree with leaves = 255
[LightGBM] [Info] Iteration:96, valid_1 auc : 0.79479
[LightGBM] [Info] 45.912656 seconds elapsed, finished iteration 96
[LightGBM] [Debug] Trained a tree with leaves = 255
[LightGBM] [Info] Iteration:97, valid_1 auc : 0.79485
[LightGBM] [Info] 46.399397 seconds elapsed, finished iteration 97
[LightGBM] [Debug] Trained a tree with leaves = 255
[LightGBM] [Info] Iteration:98, valid_1 auc : 0.794924
[LightGBM] [Info] 46.867012 seconds elapsed, finished iteration 98
[LightGBM] [Debug] Trained a tree with leaves = 255
[LightGBM] [Info] Iteration:99, valid_1 auc : 0.795002
[LightGBM] [Info] 47.376290 seconds elapsed, finished iteration 99
[LightGBM] [Debug] Trained a tree with leaves = 255
[LightGBM] [Info] Iteration:100, valid_1 auc : 0.795059
[LightGBM] [Info] 47.898021 seconds elapsed, finished iteration 100
[LightGBM] [Debug] Trained a tree with leaves = 255
[LightGBM] [Info] Iteration:101, valid_1 auc : 0.795153
[LightGBM] [Info] 48.409528 seconds elapsed, finished iteration 101
[LightGBM] [Debug] Trained a tree with leaves = 255
[LightGBM] [Info] Iteration:102, valid_1 auc : 0.795254
[LightGBM] [Info] 48.933943 seconds elapsed, finished iteration 102
[LightGBM] [Debug] Trained a tree with leaves = 255
[LightGBM] [Info] Iteration:103, valid_1 auc : 0.795329
[LightGBM] [Info] 49.438889 seconds elapsed, finished iteration 103
[LightGBM] [Debug] Trained a tree with leaves = 255
[LightGBM] [Info] Iteration:104, valid_1 auc : 0.79539
[LightGBM] [Info] 49.906378 seconds elapsed, finished iteration 104
[LightGBM] [Debug] Trained a tree with leaves = 255
[LightGBM] [Info] Iteration:105, valid_1 auc : 0.795481
[LightGBM] [Info] 50.395405 seconds elapsed, finished iteration 105
[LightGBM] [Debug] Trained a tree with leaves = 255
[LightGBM] [Info] Iteration:106, valid_1 auc : 0.795536
[LightGBM] [Info] 50.874126 seconds elapsed, finished iteration 106
[LightGBM] [Debug] Trained a tree with leaves = 255
[LightGBM] [Info] Iteration:107, valid_1 auc : 0.795605
[LightGBM] [Info] 51.344544 seconds elapsed, finished iteration 107
[LightGBM] [Debug] Trained a tree with leaves = 255
[LightGBM] [Info] Iteration:108, valid_1 auc : 0.795707
[LightGBM] [Info] 51.824347 seconds elapsed, finished iteration 108
[LightGBM] [Debug] Trained a tree with leaves = 255
[LightGBM] [Info] Iteration:109, valid_1 auc : 0.795771
[LightGBM] [Info] 52.298604 seconds elapsed, finished iteration 109
[LightGBM] [Debug] Trained a tree with leaves = 255
[LightGBM] [Info] Iteration:110, valid_1 auc : 0.795831
[LightGBM] [Info] 52.782610 seconds elapsed, finished iteration 110
[LightGBM] [Debug] Trained a tree with leaves = 255
[LightGBM] [Info] Iteration:111, valid_1 auc : 0.795911
[LightGBM] [Info] 53.251234 seconds elapsed, finished iteration 111
[LightGBM] [Debug] Trained a tree with leaves = 255
[LightGBM] [Info] Iteration:112, valid_1 auc : 0.795974
[LightGBM] [Info] 53.718416 seconds elapsed, finished iteration 112
[LightGBM] [Debug] Trained a tree with leaves = 255
[LightGBM] [Info] Iteration:113, valid_1 auc : 0.796042
[LightGBM] [Info] 54.222370 seconds elapsed, finished iteration 113
[LightGBM] [Debug] Trained a tree with leaves = 255
[LightGBM] [Info] Iteration:114, valid_1 auc : 0.796123
[LightGBM] [Info] 54.701010 seconds elapsed, finished iteration 114
[LightGBM] [Debug] Trained a tree with leaves = 255
[LightGBM] [Info] Iteration:115, valid_1 auc : 0.796188
[LightGBM] [Info] 55.190255 seconds elapsed, finished iteration 115
[LightGBM] [Debug] Trained a tree with leaves = 255
[LightGBM] [Info] Iteration:116, valid_1 auc : 0.796266
[LightGBM] [Info] 55.684680 seconds elapsed, finished iteration 116
[LightGBM] [Debug] Trained a tree with leaves = 255
[LightGBM] [Info] Iteration:117, valid_1 auc : 0.796306
[LightGBM] [Info] 56.163027 seconds elapsed, finished iteration 117
[LightGBM] [Debug] Trained a tree with leaves = 255
[LightGBM] [Info] Iteration:118, valid_1 auc : 0.796357
[LightGBM] [Info] 56.642014 seconds elapsed, finished iteration 118
[LightGBM] [Debug] Trained a tree with leaves = 255
[LightGBM] [Info] Iteration:119, valid_1 auc : 0.796416
[LightGBM] [Info] 57.108633 seconds elapsed, finished iteration 119
[LightGBM] [Debug] Trained a tree with leaves = 255
[LightGBM] [Info] Iteration:120, valid_1 auc : 0.796482
[LightGBM] [Info] 57.564623 seconds elapsed, finished iteration 120
[LightGBM] [Debug] Trained a tree with leaves = 255
[LightGBM] [Info] Iteration:121, valid_1 auc : 0.796548
[LightGBM] [Info] 58.084555 seconds elapsed, finished iteration 121
[LightGBM] [Debug] Trained a tree with leaves = 255
[LightGBM] [Info] Iteration:122, valid_1 auc : 0.796603
[LightGBM] [Info] 58.562389 seconds elapsed, finished iteration 122
[LightGBM] [Debug] Trained a tree with leaves = 255
[LightGBM] [Info] Iteration:123, valid_1 auc : 0.796649
[LightGBM] [Info] 59.044766 seconds elapsed, finished iteration 123
[LightGBM] [Debug] Trained a tree with leaves = 255
[LightGBM] [Info] Iteration:124, valid_1 auc : 0.796703
[LightGBM] [Info] 59.523492 seconds elapsed, finished iteration 124
[LightGBM] [Debug] Trained a tree with leaves = 255
[LightGBM] [Info] Iteration:125, valid_1 auc : 0.79675
[LightGBM] [Info] 59.989310 seconds elapsed, finished iteration 125
[LightGBM] [Debug] Trained a tree with leaves = 255
[LightGBM] [Info] Iteration:126, valid_1 auc : 0.796791
[LightGBM] [Info] 60.481374 seconds elapsed, finished iteration 126
[LightGBM] [Debug] Trained a tree with leaves = 255
[LightGBM] [Info] Iteration:127, valid_1 auc : 0.796831
[LightGBM] [Info] 60.991374 seconds elapsed, finished iteration 127
[LightGBM] [Debug] Trained a tree with leaves = 255
[LightGBM] [Info] Iteration:128, valid_1 auc : 0.796887
[LightGBM] [Info] 61.534191 seconds elapsed, finished iteration 128
[LightGBM] [Debug] Trained a tree with leaves = 255
[LightGBM] [Info] Iteration:129, valid_1 auc : 0.796939
[LightGBM] [Info] 62.051627 seconds elapsed, finished iteration 129
[LightGBM] [Debug] Trained a tree with leaves = 255
[LightGBM] [Info] Iteration:130, valid_1 auc : 0.796999
[LightGBM] [Info] 62.573656 seconds elapsed, finished iteration 130
[LightGBM] [Debug] Trained a tree with leaves = 255
[LightGBM] [Info] Iteration:131, valid_1 auc : 0.797047
[LightGBM] [Info] 63.075967 seconds elapsed, finished iteration 131
[LightGBM] [Debug] Trained a tree with leaves = 255
[LightGBM] [Info] Iteration:132, valid_1 auc : 0.797087
[LightGBM] [Info] 63.599391 seconds elapsed, finished iteration 132
[LightGBM] [Debug] Trained a tree with leaves = 255
[LightGBM] [Info] Iteration:133, valid_1 auc : 0.797137
[LightGBM] [Info] 64.083086 seconds elapsed, finished iteration 133
[LightGBM] [Debug] Trained a tree with leaves = 255
[LightGBM] [Info] Iteration:134, valid_1 auc : 0.797177
[LightGBM] [Info] 64.611832 seconds elapsed, finished iteration 134
[LightGBM] [Debug] Trained a tree with leaves = 255
[LightGBM] [Info] Iteration:135, valid_1 auc : 0.797244
[LightGBM] [Info] 65.143270 seconds elapsed, finished iteration 135
[LightGBM] [Debug] Trained a tree with leaves = 255
[LightGBM] [Info] Iteration:136, valid_1 auc : 0.797319
[LightGBM] [Info] 65.672450 seconds elapsed, finished iteration 136
[LightGBM] [Debug] Trained a tree with leaves = 255
[LightGBM] [Info] Iteration:137, valid_1 auc : 0.797369
[LightGBM] [Info] 66.182303 seconds elapsed, finished iteration 137
[LightGBM] [Debug] Trained a tree with leaves = 255
[LightGBM] [Info] Iteration:138, valid_1 auc : 0.797405
[LightGBM] [Info] 66.697500 seconds elapsed, finished iteration 138
[LightGBM] [Debug] Trained a tree with leaves = 255
[LightGBM] [Info] Iteration:139, valid_1 auc : 0.797462
[LightGBM] [Info] 67.199735 seconds elapsed, finished iteration 139
[LightGBM] [Debug] Trained a tree with leaves = 255
[LightGBM] [Info] Iteration:140, valid_1 auc : 0.797514
[LightGBM] [Info] 67.731443 seconds elapsed, finished iteration 140
[LightGBM] [Debug] Trained a tree with leaves = 255
[LightGBM] [Info] Iteration:141, valid_1 auc : 0.797575
[LightGBM] [Info] 68.231985 seconds elapsed, finished iteration 141
[LightGBM] [Debug] Trained a tree with leaves = 255
[LightGBM] [Info] Iteration:142, valid_1 auc : 0.797616
[LightGBM] [Info] 68.752091 seconds elapsed, finished iteration 142
[LightGBM] [Debug] Trained a tree with leaves = 255
[LightGBM] [Info] Iteration:143, valid_1 auc : 0.797677
[LightGBM] [Info] 69.264368 seconds elapsed, finished iteration 143
[LightGBM] [Debug] Trained a tree with leaves = 255
[LightGBM] [Info] Iteration:144, valid_1 auc : 0.797728
[LightGBM] [Info] 69.791568 seconds elapsed, finished iteration 144
[LightGBM] [Debug] Trained a tree with leaves = 255
[LightGBM] [Info] Iteration:145, valid_1 auc : 0.79778
[LightGBM] [Info] 70.313767 seconds elapsed, finished iteration 145
[LightGBM] [Debug] Trained a tree with leaves = 255
[LightGBM] [Info] Iteration:146, valid_1 auc : 0.797819
[LightGBM] [Info] 70.788597 seconds elapsed, finished iteration 146
[LightGBM] [Debug] Trained a tree with leaves = 255
[LightGBM] [Info] Iteration:147, valid_1 auc : 0.797868
[LightGBM] [Info] 71.250376 seconds elapsed, finished iteration 147
[LightGBM] [Debug] Trained a tree with leaves = 255
[LightGBM] [Info] Iteration:148, valid_1 auc : 0.797923
[LightGBM] [Info] 71.714650 seconds elapsed, finished iteration 148
[LightGBM] [Debug] Trained a tree with leaves = 255
[LightGBM] [Info] Iteration:149, valid_1 auc : 0.797926
[LightGBM] [Info] 72.221537 seconds elapsed, finished iteration 149
[LightGBM] [Debug] Trained a tree with leaves = 255
[LightGBM] [Info] Iteration:150, valid_1 auc : 0.79797
[LightGBM] [Info] 72.696190 seconds elapsed, finished iteration 150
[LightGBM] [Debug] Trained a tree with leaves = 255
[LightGBM] [Info] Iteration:151, valid_1 auc : 0.798001
[LightGBM] [Info] 73.196417 seconds elapsed, finished iteration 151
[LightGBM] [Debug] Trained a tree with leaves = 255
[LightGBM] [Info] Iteration:152, valid_1 auc : 0.798031
[LightGBM] [Info] 73.699146 seconds elapsed, finished iteration 152
[LightGBM] [Debug] Trained a tree with leaves = 255
[LightGBM] [Info] Iteration:153, valid_1 auc : 0.798095
[LightGBM] [Info] 74.176386 seconds elapsed, finished iteration 153
[LightGBM] [Debug] Trained a tree with leaves = 255
[LightGBM] [Info] Iteration:154, valid_1 auc : 0.798132
[LightGBM] [Info] 74.637216 seconds elapsed, finished iteration 154
[LightGBM] [Debug] Trained a tree with leaves = 255
[LightGBM] [Info] Iteration:155, valid_1 auc : 0.798181
[LightGBM] [Info] 75.117922 seconds elapsed, finished iteration 155
[LightGBM] [Debug] Trained a tree with leaves = 255
[LightGBM] [Info] Iteration:156, valid_1 auc : 0.798231
[LightGBM] [Info] 75.568444 seconds elapsed, finished iteration 156
[LightGBM] [Debug] Trained a tree with leaves = 255
[LightGBM] [Info] Iteration:157, valid_1 auc : 0.798281
[LightGBM] [Info] 76.025850 seconds elapsed, finished iteration 157
[LightGBM] [Debug] Trained a tree with leaves = 255
[LightGBM] [Info] Iteration:158, valid_1 auc : 0.798314
[LightGBM] [Info] 76.518548 seconds elapsed, finished iteration 158
[LightGBM] [Debug] Trained a tree with leaves = 255
[LightGBM] [Info] Iteration:159, valid_1 auc : 0.798354
[LightGBM] [Info] 76.988993 seconds elapsed, finished iteration 159
[LightGBM] [Debug] Trained a tree with leaves = 255
[LightGBM] [Info] Iteration:160, valid_1 auc : 0.798393
[LightGBM] [Info] 77.443618 seconds elapsed, finished iteration 160
[LightGBM] [Debug] Trained a tree with leaves = 255
[LightGBM] [Info] Iteration:161, valid_1 auc : 0.798439
[LightGBM] [Info] 77.903570 seconds elapsed, finished iteration 161
[LightGBM] [Debug] Trained a tree with leaves = 255
[LightGBM] [Info] Iteration:162, valid_1 auc : 0.798465
[LightGBM] [Info] 78.366191 seconds elapsed, finished iteration 162
[LightGBM] [Debug] Trained a tree with leaves = 255
[LightGBM] [Info] Iteration:163, valid_1 auc : 0.798504
[LightGBM] [Info] 78.833865 seconds elapsed, finished iteration 163
[LightGBM] [Debug] Trained a tree with leaves = 255
[LightGBM] [Info] Iteration:164, valid_1 auc : 0.798548
[LightGBM] [Info] 79.333018 seconds elapsed, finished iteration 164
[LightGBM] [Debug] Trained a tree with leaves = 255
[LightGBM] [Info] Iteration:165, valid_1 auc : 0.798604
[LightGBM] [Info] 79.805086 seconds elapsed, finished iteration 165
[LightGBM] [Debug] Trained a tree with leaves = 255
[LightGBM] [Info] Iteration:166, valid_1 auc : 0.798633
[LightGBM] [Info] 80.303620 seconds elapsed, finished iteration 166
[LightGBM] [Debug] Trained a tree with leaves = 255
[LightGBM] [Info] Iteration:167, valid_1 auc : 0.798666
[LightGBM] [Info] 80.806906 seconds elapsed, finished iteration 167
[LightGBM] [Debug] Trained a tree with leaves = 255
[LightGBM] [Info] Iteration:168, valid_1 auc : 0.798706
[LightGBM] [Info] 81.273403 seconds elapsed, finished iteration 168
[LightGBM] [Debug] Trained a tree with leaves = 255
[LightGBM] [Info] Iteration:169, valid_1 auc : 0.798746
[LightGBM] [Info] 81.746857 seconds elapsed, finished iteration 169
[LightGBM] [Debug] Trained a tree with leaves = 255
[LightGBM] [Info] Iteration:170, valid_1 auc : 0.798796
[LightGBM] [Info] 82.235840 seconds elapsed, finished iteration 170
[LightGBM] [Debug] Trained a tree with leaves = 255
[LightGBM] [Info] Iteration:171, valid_1 auc : 0.798829
[LightGBM] [Info] 82.723223 seconds elapsed, finished iteration 171
[LightGBM] [Debug] Trained a tree with leaves = 255
[LightGBM] [Info] Iteration:172, valid_1 auc : 0.798869
[LightGBM] [Info] 83.224060 seconds elapsed, finished iteration 172
[LightGBM] [Debug] Trained a tree with leaves = 255
[LightGBM] [Info] Iteration:173, valid_1 auc : 0.798908
[LightGBM] [Info] 83.709252 seconds elapsed, finished iteration 173
[LightGBM] [Debug] Trained a tree with leaves = 255
[LightGBM] [Info] Iteration:174, valid_1 auc : 0.798955
[LightGBM] [Info] 84.215178 seconds elapsed, finished iteration 174
[LightGBM] [Debug] Trained a tree with leaves = 255
[LightGBM] [Info] Iteration:175, valid_1 auc : 0.799002
[LightGBM] [Info] 84.691760 seconds elapsed, finished iteration 175
[LightGBM] [Debug] Trained a tree with leaves = 255
[LightGBM] [Info] Iteration:176, valid_1 auc : 0.799024
[LightGBM] [Info] 85.198882 seconds elapsed, finished iteration 176
[LightGBM] [Debug] Trained a tree with leaves = 255
[LightGBM] [Info] Iteration:177, valid_1 auc : 0.799062
[LightGBM] [Info] 85.664611 seconds elapsed, finished iteration 177
[LightGBM] [Debug] Trained a tree with leaves = 255
[LightGBM] [Info] Iteration:178, valid_1 auc : 0.799091
[LightGBM] [Info] 86.115368 seconds elapsed, finished iteration 178
[LightGBM] [Debug] Trained a tree with leaves = 255
[LightGBM] [Info] Iteration:179, valid_1 auc : 0.799136
[LightGBM] [Info] 86.600592 seconds elapsed, finished iteration 179
[LightGBM] [Debug] Trained a tree with leaves = 255
[LightGBM] [Info] Iteration:180, valid_1 auc : 0.799151
[LightGBM] [Info] 87.094957 seconds elapsed, finished iteration 180
[LightGBM] [Debug] Trained a tree with leaves = 255
[LightGBM] [Info] Iteration:181, valid_1 auc : 0.799199
[LightGBM] [Info] 87.563825 seconds elapsed, finished iteration 181
[LightGBM] [Debug] Trained a tree with leaves = 255
[LightGBM] [Info] Iteration:182, valid_1 auc : 0.799232
[LightGBM] [Info] 88.034699 seconds elapsed, finished iteration 182
[LightGBM] [Debug] Trained a tree with leaves = 255
[LightGBM] [Info] Iteration:183, valid_1 auc : 0.799254
[LightGBM] [Info] 88.487823 seconds elapsed, finished iteration 183
[LightGBM] [Debug] Trained a tree with leaves = 255
[LightGBM] [Info] Iteration:184, valid_1 auc : 0.799283
[LightGBM] [Info] 88.970418 seconds elapsed, finished iteration 184
[LightGBM] [Debug] Trained a tree with leaves = 255
[LightGBM] [Info] Iteration:185, valid_1 auc : 0.799315
[LightGBM] [Info] 89.426056 seconds elapsed, finished iteration 185
[LightGBM] [Debug] Trained a tree with leaves = 255
[LightGBM] [Info] Iteration:186, valid_1 auc : 0.79935
[LightGBM] [Info] 89.908041 seconds elapsed, finished iteration 186
[LightGBM] [Debug] Trained a tree with leaves = 255
[LightGBM] [Info] Iteration:187, valid_1 auc : 0.79937
[LightGBM] [Info] 90.379349 seconds elapsed, finished iteration 187
[LightGBM] [Debug] Trained a tree with leaves = 255
[LightGBM] [Info] Iteration:188, valid_1 auc : 0.799406
[LightGBM] [Info] 90.856028 seconds elapsed, finished iteration 188
[LightGBM] [Debug] Trained a tree with leaves = 255
[LightGBM] [Info] Iteration:189, valid_1 auc : 0.799436
[LightGBM] [Info] 91.320090 seconds elapsed, finished iteration 189
[LightGBM] [Debug] Trained a tree with leaves = 255
[LightGBM] [Info] Iteration:190, valid_1 auc : 0.79947
[LightGBM] [Info] 91.784883 seconds elapsed, finished iteration 190
[LightGBM] [Debug] Trained a tree with leaves = 255
[LightGBM] [Info] Iteration:191, valid_1 auc : 0.799493
[LightGBM] [Info] 92.237494 seconds elapsed, finished iteration 191
[LightGBM] [Debug] Trained a tree with leaves = 255
[LightGBM] [Info] Iteration:192, valid_1 auc : 0.799517
[LightGBM] [Info] 92.708807 seconds elapsed, finished iteration 192
[LightGBM] [Debug] Trained a tree with leaves = 255
[LightGBM] [Info] Iteration:193, valid_1 auc : 0.799551
[LightGBM] [Info] 93.179247 seconds elapsed, finished iteration 193
[LightGBM] [Debug] Trained a tree with leaves = 255
[LightGBM] [Info] Iteration:194, valid_1 auc : 0.799581
[LightGBM] [Info] 93.653985 seconds elapsed, finished iteration 194
[LightGBM] [Debug] Trained a tree with leaves = 255
[LightGBM] [Info] Iteration:195, valid_1 auc : 0.799623
[LightGBM] [Info] 94.135043 seconds elapsed, finished iteration 195
[LightGBM] [Debug] Trained a tree with leaves = 255
[LightGBM] [Info] Iteration:196, valid_1 auc : 0.799647
[LightGBM] [Info] 94.600070 seconds elapsed, finished iteration 196
[LightGBM] [Debug] Trained a tree with leaves = 255
[LightGBM] [Info] Iteration:197, valid_1 auc : 0.799687
[LightGBM] [Info] 95.059577 seconds elapsed, finished iteration 197
[LightGBM] [Debug] Trained a tree with leaves = 255
[LightGBM] [Info] Iteration:198, valid_1 auc : 0.799726
[LightGBM] [Info] 95.532116 seconds elapsed, finished iteration 198
[LightGBM] [Debug] Trained a tree with leaves = 255
[LightGBM] [Info] Iteration:199, valid_1 auc : 0.799754
[LightGBM] [Info] 96.010138 seconds elapsed, finished iteration 199
[LightGBM] [Debug] Trained a tree with leaves = 255
[LightGBM] [Info] Iteration:200, valid_1 auc : 0.799774
[LightGBM] [Info] 96.469445 seconds elapsed, finished iteration 200
[LightGBM] [Debug] Trained a tree with leaves = 255
[LightGBM] [Info] Iteration:201, valid_1 auc : 0.799807
[LightGBM] [Info] 96.919314 seconds elapsed, finished iteration 201
[LightGBM] [Debug] Trained a tree with leaves = 255
[LightGBM] [Info] Iteration:202, valid_1 auc : 0.799831
[LightGBM] [Info] 97.389529 seconds elapsed, finished iteration 202
[LightGBM] [Debug] Trained a tree with leaves = 255
[LightGBM] [Info] Iteration:203, valid_1 auc : 0.799856
[LightGBM] [Info] 97.859750 seconds elapsed, finished iteration 203
[LightGBM] [Debug] Trained a tree with leaves = 255
[LightGBM] [Info] Iteration:204, valid_1 auc : 0.799895
[LightGBM] [Info] 98.317743 seconds elapsed, finished iteration 204
[LightGBM] [Debug] Trained a tree with leaves = 255
[LightGBM] [Info] Iteration:205, valid_1 auc : 0.799924
[LightGBM] [Info] 98.773681 seconds elapsed, finished iteration 205
[LightGBM] [Debug] Trained a tree with leaves = 255
[LightGBM] [Info] Iteration:206, valid_1 auc : 0.799957
[LightGBM] [Info] 99.249039 seconds elapsed, finished iteration 206
[LightGBM] [Debug] Trained a tree with leaves = 255
[LightGBM] [Info] Iteration:207, valid_1 auc : 0.79999
[LightGBM] [Info] 99.707307 seconds elapsed, finished iteration 207
[LightGBM] [Debug] Trained a tree with leaves = 255
[LightGBM] [Info] Iteration:208, valid_1 auc : 0.800028
[LightGBM] [Info] 100.160998 seconds elapsed, finished iteration 208
[LightGBM] [Debug] Trained a tree with leaves = 255
[LightGBM] [Info] Iteration:209, valid_1 auc : 0.80005
[LightGBM] [Info] 100.665217 seconds elapsed, finished iteration 209
[LightGBM] [Debug] Trained a tree with leaves = 255
[LightGBM] [Info] Iteration:210, valid_1 auc : 0.800069
[LightGBM] [Info] 101.124573 seconds elapsed, finished iteration 210
[LightGBM] [Debug] Trained a tree with leaves = 255
[LightGBM] [Info] Iteration:211, valid_1 auc : 0.800085
[LightGBM] [Info] 101.552209 seconds elapsed, finished iteration 211
[LightGBM] [Debug] Trained a tree with leaves = 255
[LightGBM] [Info] Iteration:212, valid_1 auc : 0.800115
[LightGBM] [Info] 101.977470 seconds elapsed, finished iteration 212
[LightGBM] [Debug] Trained a tree with leaves = 255
[LightGBM] [Info] Iteration:213, valid_1 auc : 0.800136
[LightGBM] [Info] 102.452246 seconds elapsed, finished iteration 213
[LightGBM] [Debug] Trained a tree with leaves = 255
[LightGBM] [Info] Iteration:214, valid_1 auc : 0.800167
[LightGBM] [Info] 102.894131 seconds elapsed, finished iteration 214
[LightGBM] [Debug] Trained a tree with leaves = 255
[LightGBM] [Info] Iteration:215, valid_1 auc : 0.800189
[LightGBM] [Info] 103.337471 seconds elapsed, finished iteration 215
[LightGBM] [Debug] Trained a tree with leaves = 255
[LightGBM] [Info] Iteration:216, valid_1 auc : 0.800212
[LightGBM] [Info] 103.818247 seconds elapsed, finished iteration 216
[LightGBM] [Debug] Trained a tree with leaves = 255
[LightGBM] [Info] Iteration:217, valid_1 auc : 0.800232
[LightGBM] [Info] 104.283615 seconds elapsed, finished iteration 217
[LightGBM] [Debug] Trained a tree with leaves = 255
[LightGBM] [Info] Iteration:218, valid_1 auc : 0.800256
[LightGBM] [Info] 104.747518 seconds elapsed, finished iteration 218
[LightGBM] [Debug] Trained a tree with leaves = 255
[LightGBM] [Info] Iteration:219, valid_1 auc : 0.800281
[LightGBM] [Info] 105.215068 seconds elapsed, finished iteration 219
[LightGBM] [Debug] Trained a tree with leaves = 255
[LightGBM] [Info] Iteration:220, valid_1 auc : 0.800298
[LightGBM] [Info] 105.646446 seconds elapsed, finished iteration 220
[LightGBM] [Debug] Trained a tree with leaves = 255
[LightGBM] [Info] Iteration:221, valid_1 auc : 0.800325
[LightGBM] [Info] 106.108636 seconds elapsed, finished iteration 221
[LightGBM] [Debug] Trained a tree with leaves = 255
[LightGBM] [Info] Iteration:222, valid_1 auc : 0.80034
[LightGBM] [Info] 106.535086 seconds elapsed, finished iteration 222
[LightGBM] [Debug] Trained a tree with leaves = 255
[LightGBM] [Info] Iteration:223, valid_1 auc : 0.800361
[LightGBM] [Info] 106.978941 seconds elapsed, finished iteration 223
[LightGBM] [Debug] Trained a tree with leaves = 255
[LightGBM] [Info] Iteration:224, valid_1 auc : 0.800387
[LightGBM] [Info] 107.429458 seconds elapsed, finished iteration 224
[LightGBM] [Debug] Trained a tree with leaves = 255
[LightGBM] [Info] Iteration:225, valid_1 auc : 0.800413
[LightGBM] [Info] 107.901835 seconds elapsed, finished iteration 225
[LightGBM] [Debug] Trained a tree with leaves = 255
[LightGBM] [Info] Iteration:226, valid_1 auc : 0.800444
[LightGBM] [Info] 108.362541 seconds elapsed, finished iteration 226
[LightGBM] [Debug] Trained a tree with leaves = 255
[LightGBM] [Info] Iteration:227, valid_1 auc : 0.800466
[LightGBM] [Info] 108.819446 seconds elapsed, finished iteration 227
[LightGBM] [Debug] Trained a tree with leaves = 255
[LightGBM] [Info] Iteration:228, valid_1 auc : 0.800504
[LightGBM] [Info] 109.288883 seconds elapsed, finished iteration 228
[LightGBM] [Debug] Trained a tree with leaves = 255
[LightGBM] [Info] Iteration:229, valid_1 auc : 0.800523
[LightGBM] [Info] 109.760535 seconds elapsed, finished iteration 229
[LightGBM] [Debug] Trained a tree with leaves = 255
[LightGBM] [Info] Iteration:230, valid_1 auc : 0.800562
[LightGBM] [Info] 110.204100 seconds elapsed, finished iteration 230
[LightGBM] [Debug] Trained a tree with leaves = 255
[LightGBM] [Info] Iteration:231, valid_1 auc : 0.80059
[LightGBM] [Info] 110.678214 seconds elapsed, finished iteration 231
[LightGBM] [Debug] Trained a tree with leaves = 255
[LightGBM] [Info] Iteration:232, valid_1 auc : 0.800629
[LightGBM] [Info] 111.152716 seconds elapsed, finished iteration 232
[LightGBM] [Debug] Trained a tree with leaves = 255
[LightGBM] [Info] Iteration:233, valid_1 auc : 0.800649
[LightGBM] [Info] 111.617467 seconds elapsed, finished iteration 233
[LightGBM] [Debug] Trained a tree with leaves = 255
[LightGBM] [Info] Iteration:234, valid_1 auc : 0.800666
[LightGBM] [Info] 112.058607 seconds elapsed, finished iteration 234
[LightGBM] [Debug] Trained a tree with leaves = 255
[LightGBM] [Info] Iteration:235, valid_1 auc : 0.800682
[LightGBM] [Info] 112.528225 seconds elapsed, finished iteration 235
[LightGBM] [Debug] Trained a tree with leaves = 255
[LightGBM] [Info] Iteration:236, valid_1 auc : 0.800709
[LightGBM] [Info] 112.969750 seconds elapsed, finished iteration 236
[LightGBM] [Debug] Trained a tree with leaves = 255
[LightGBM] [Info] Iteration:237, valid_1 auc : 0.80073
[LightGBM] [Info] 113.440890 seconds elapsed, finished iteration 237
[LightGBM] [Debug] Trained a tree with leaves = 255
[LightGBM] [Info] Iteration:238, valid_1 auc : 0.800755
[LightGBM] [Info] 113.873384 seconds elapsed, finished iteration 238
[LightGBM] [Debug] Trained a tree with leaves = 255
[LightGBM] [Info] Iteration:239, valid_1 auc : 0.800771
[LightGBM] [Info] 114.308854 seconds elapsed, finished iteration 239
[LightGBM] [Debug] Trained a tree with leaves = 255
[LightGBM] [Info] Iteration:240, valid_1 auc : 0.8008
[LightGBM] [Info] 114.771028 seconds elapsed, finished iteration 240
[LightGBM] [Debug] Trained a tree with leaves = 255
[LightGBM] [Info] Iteration:241, valid_1 auc : 0.800821
[LightGBM] [Info] 115.244462 seconds elapsed, finished iteration 241
[LightGBM] [Debug] Trained a tree with leaves = 255
[LightGBM] [Info] Iteration:242, valid_1 auc : 0.800845
[LightGBM] [Info] 115.702364 seconds elapsed, finished iteration 242
[LightGBM] [Debug] Trained a tree with leaves = 255
[LightGBM] [Info] Iteration:243, valid_1 auc : 0.800866
[LightGBM] [Info] 116.173837 seconds elapsed, finished iteration 243
[LightGBM] [Debug] Trained a tree with leaves = 255
[LightGBM] [Info] Iteration:244, valid_1 auc : 0.800882
[LightGBM] [Info] 116.591951 seconds elapsed, finished iteration 244
[LightGBM] [Debug] Trained a tree with leaves = 255
[LightGBM] [Info] Iteration:245, valid_1 auc : 0.800901
[LightGBM] [Info] 117.018988 seconds elapsed, finished iteration 245
[LightGBM] [Debug] Trained a tree with leaves = 255
[LightGBM] [Info] Iteration:246, valid_1 auc : 0.80093
[LightGBM] [Info] 117.478176 seconds elapsed, finished iteration 246
[LightGBM] [Debug] Trained a tree with leaves = 255
[LightGBM] [Info] Iteration:247, valid_1 auc : 0.800952
[LightGBM] [Info] 117.945590 seconds elapsed, finished iteration 247
[LightGBM] [Debug] Trained a tree with leaves = 255
[LightGBM] [Info] Iteration:248, valid_1 auc : 0.800977
[LightGBM] [Info] 118.405524 seconds elapsed, finished iteration 248
[LightGBM] [Debug] Trained a tree with leaves = 255
[LightGBM] [Info] Iteration:249, valid_1 auc : 0.800998
[LightGBM] [Info] 118.869507 seconds elapsed, finished iteration 249
[LightGBM] [Debug] Trained a tree with leaves = 255
[LightGBM] [Info] Iteration:250, valid_1 auc : 0.801015
[LightGBM] [Info] 119.329418 seconds elapsed, finished iteration 250
[LightGBM] [Debug] Trained a tree with leaves = 255
[LightGBM] [Info] Iteration:251, valid_1 auc : 0.801059
[LightGBM] [Info] 119.775739 seconds elapsed, finished iteration 251
[LightGBM] [Debug] Trained a tree with leaves = 255
[LightGBM] [Info] Iteration:252, valid_1 auc : 0.801073
[LightGBM] [Info] 120.221826 seconds elapsed, finished iteration 252
[LightGBM] [Debug] Trained a tree with leaves = 255
[LightGBM] [Info] Iteration:253, valid_1 auc : 0.801099
[LightGBM] [Info] 120.684755 seconds elapsed, finished iteration 253
[LightGBM] [Debug] Trained a tree with leaves = 255
[LightGBM] [Info] Iteration:254, valid_1 auc : 0.801118
[LightGBM] [Info] 121.164319 seconds elapsed, finished iteration 254
[LightGBM] [Debug] Trained a tree with leaves = 255
[LightGBM] [Info] Iteration:255, valid_1 auc : 0.801136
[LightGBM] [Info] 121.623845 seconds elapsed, finished iteration 255
[LightGBM] [Debug] Trained a tree with leaves = 255
[LightGBM] [Info] Iteration:256, valid_1 auc : 0.801147
[LightGBM] [Info] 122.084543 seconds elapsed, finished iteration 256
[LightGBM] [Debug] Trained a tree with leaves = 255
[LightGBM] [Info] Iteration:257, valid_1 auc : 0.80117
[LightGBM] [Info] 122.503351 seconds elapsed, finished iteration 257
[LightGBM] [Debug] Trained a tree with leaves = 255
[LightGBM] [Info] Iteration:258, valid_1 auc : 0.801186
[LightGBM] [Info] 122.979578 seconds elapsed, finished iteration 258
[LightGBM] [Debug] Trained a tree with leaves = 255
[LightGBM] [Info] Iteration:259, valid_1 auc : 0.801201
[LightGBM] [Info] 123.413913 seconds elapsed, finished iteration 259
[LightGBM] [Debug] Trained a tree with leaves = 255
[LightGBM] [Info] Iteration:260, valid_1 auc : 0.801219
[LightGBM] [Info] 123.835826 seconds elapsed, finished iteration 260
[LightGBM] [Debug] Trained a tree with leaves = 255
[LightGBM] [Info] Iteration:261, valid_1 auc : 0.801237
[LightGBM] [Info] 124.296008 seconds elapsed, finished iteration 261
[LightGBM] [Debug] Trained a tree with leaves = 255
[LightGBM] [Info] Iteration:262, valid_1 auc : 0.801255
[LightGBM] [Info] 124.756372 seconds elapsed, finished iteration 262
[LightGBM] [Debug] Trained a tree with leaves = 255
[LightGBM] [Info] Iteration:263, valid_1 auc : 0.801276
[LightGBM] [Info] 125.222188 seconds elapsed, finished iteration 263
[LightGBM] [Debug] Trained a tree with leaves = 255
[LightGBM] [Info] Iteration:264, valid_1 auc : 0.801291
[LightGBM] [Info] 125.660476 seconds elapsed, finished iteration 264
[LightGBM] [Debug] Trained a tree with leaves = 255
[LightGBM] [Info] Iteration:265, valid_1 auc : 0.801307
[LightGBM] [Info] 126.100441 seconds elapsed, finished iteration 265
[LightGBM] [Debug] Trained a tree with leaves = 255
[LightGBM] [Info] Iteration:266, valid_1 auc : 0.801324
[LightGBM] [Info] 126.549526 seconds elapsed, finished iteration 266
[LightGBM] [Debug] Trained a tree with leaves = 255
[LightGBM] [Info] Iteration:267, valid_1 auc : 0.80134
[LightGBM] [Info] 127.013695 seconds elapsed, finished iteration 267
[LightGBM] [Debug] Trained a tree with leaves = 255
[LightGBM] [Info] Iteration:268, valid_1 auc : 0.801367
[LightGBM] [Info] 127.494074 seconds elapsed, finished iteration 268
[LightGBM] [Debug] Trained a tree with leaves = 255
[LightGBM] [Info] Iteration:269, valid_1 auc : 0.801384
[LightGBM] [Info] 127.975153 seconds elapsed, finished iteration 269
[LightGBM] [Debug] Trained a tree with leaves = 255
[LightGBM] [Info] Iteration:270, valid_1 auc : 0.801398
[LightGBM] [Info] 128.392594 seconds elapsed, finished iteration 270
[LightGBM] [Debug] Trained a tree with leaves = 255
[LightGBM] [Info] Iteration:271, valid_1 auc : 0.80142
[LightGBM] [Info] 128.885902 seconds elapsed, finished iteration 271
[LightGBM] [Debug] Trained a tree with leaves = 255
[LightGBM] [Info] Iteration:272, valid_1 auc : 0.80143
[LightGBM] [Info] 129.335686 seconds elapsed, finished iteration 272
[LightGBM] [Debug] Trained a tree with leaves = 255
[LightGBM] [Info] Iteration:273, valid_1 auc : 0.801472
[LightGBM] [Info] 129.769036 seconds elapsed, finished iteration 273
[LightGBM] [Debug] Trained a tree with leaves = 255
[LightGBM] [Info] Iteration:274, valid_1 auc : 0.801494
[LightGBM] [Info] 130.207606 seconds elapsed, finished iteration 274
[LightGBM] [Debug] Trained a tree with leaves = 255
[LightGBM] [Info] Iteration:275, valid_1 auc : 0.801513
[LightGBM] [Info] 130.662830 seconds elapsed, finished iteration 275
[LightGBM] [Debug] Trained a tree with leaves = 255
[LightGBM] [Info] Iteration:276, valid_1 auc : 0.801524
[LightGBM] [Info] 131.113302 seconds elapsed, finished iteration 276
[LightGBM] [Debug] Trained a tree with leaves = 255
[LightGBM] [Info] Iteration:277, valid_1 auc : 0.801546
[LightGBM] [Info] 131.569135 seconds elapsed, finished iteration 277
[LightGBM] [Debug] Trained a tree with leaves = 255
[LightGBM] [Info] Iteration:278, valid_1 auc : 0.801574
[LightGBM] [Info] 132.017379 seconds elapsed, finished iteration 278
[LightGBM] [Debug] Trained a tree with leaves = 255
[LightGBM] [Info] Iteration:279, valid_1 auc : 0.801587
[LightGBM] [Info] 132.494736 seconds elapsed, finished iteration 279
[LightGBM] [Debug] Trained a tree with leaves = 255
[LightGBM] [Info] Iteration:280, valid_1 auc : 0.801598
[LightGBM] [Info] 132.971974 seconds elapsed, finished iteration 280
[LightGBM] [Debug] Trained a tree with leaves = 255
[LightGBM] [Info] Iteration:281, valid_1 auc : 0.801619
[LightGBM] [Info] 133.413264 seconds elapsed, finished iteration 281
[LightGBM] [Debug] Trained a tree with leaves = 255
[LightGBM] [Info] Iteration:282, valid_1 auc : 0.80164
[LightGBM] [Info] 133.882724 seconds elapsed, finished iteration 282
[LightGBM] [Debug] Trained a tree with leaves = 255
[LightGBM] [Info] Iteration:283, valid_1 auc : 0.801651
[LightGBM] [Info] 134.338858 seconds elapsed, finished iteration 283
[LightGBM] [Debug] Trained a tree with leaves = 255
[LightGBM] [Info] Iteration:284, valid_1 auc : 0.801675
[LightGBM] [Info] 134.819158 seconds elapsed, finished iteration 284
[LightGBM] [Debug] Trained a tree with leaves = 255
[LightGBM] [Info] Iteration:285, valid_1 auc : 0.801683
[LightGBM] [Info] 135.261322 seconds elapsed, finished iteration 285
[LightGBM] [Debug] Trained a tree with leaves = 255
[LightGBM] [Info] Iteration:286, valid_1 auc : 0.801699
[LightGBM] [Info] 135.706946 seconds elapsed, finished iteration 286
[LightGBM] [Debug] Trained a tree with leaves = 255
[LightGBM] [Info] Iteration:287, valid_1 auc : 0.801714
[LightGBM] [Info] 136.157518 seconds elapsed, finished iteration 287
[LightGBM] [Debug] Trained a tree with leaves = 255
[LightGBM] [Info] Iteration:288, valid_1 auc : 0.801725
[LightGBM] [Info] 136.574247 seconds elapsed, finished iteration 288
[LightGBM] [Debug] Trained a tree with leaves = 255
[LightGBM] [Info] Iteration:289, valid_1 auc : 0.801751
[LightGBM] [Info] 137.020481 seconds elapsed, finished iteration 289
[LightGBM] [Debug] Trained a tree with leaves = 255
[LightGBM] [Info] Iteration:290, valid_1 auc : 0.801762
[LightGBM] [Info] 137.444223 seconds elapsed, finished iteration 290
[LightGBM] [Debug] Trained a tree with leaves = 255
[LightGBM] [Info] Iteration:291, valid_1 auc : 0.801778
[LightGBM] [Info] 137.858993 seconds elapsed, finished iteration 291
[LightGBM] [Debug] Trained a tree with leaves = 255
[LightGBM] [Info] Iteration:292, valid_1 auc : 0.801789
[LightGBM] [Info] 138.284554 seconds elapsed, finished iteration 292
[LightGBM] [Debug] Trained a tree with leaves = 255
[LightGBM] [Info] Iteration:293, valid_1 auc : 0.801795
[LightGBM] [Info] 138.703128 seconds elapsed, finished iteration 293
[LightGBM] [Debug] Trained a tree with leaves = 255
[LightGBM] [Info] Iteration:294, valid_1 auc : 0.801817
[LightGBM] [Info] 139.200938 seconds elapsed, finished iteration 294
[LightGBM] [Debug] Trained a tree with leaves = 255
[LightGBM] [Info] Iteration:295, valid_1 auc : 0.801837
[LightGBM] [Info] 139.664489 seconds elapsed, finished iteration 295
[LightGBM] [Debug] Trained a tree with leaves = 255
[LightGBM] [Info] Iteration:296, valid_1 auc : 0.801844
[LightGBM] [Info] 140.131275 seconds elapsed, finished iteration 296
[LightGBM] [Debug] Trained a tree with leaves = 255
[LightGBM] [Info] Iteration:297, valid_1 auc : 0.801856
[LightGBM] [Info] 140.571204 seconds elapsed, finished iteration 297
[LightGBM] [Debug] Trained a tree with leaves = 255
[LightGBM] [Info] Iteration:298, valid_1 auc : 0.801867
[LightGBM] [Info] 141.001303 seconds elapsed, finished iteration 298
[LightGBM] [Debug] Trained a tree with leaves = 255
[LightGBM] [Info] Iteration:299, valid_1 auc : 0.801877
[LightGBM] [Info] 141.420505 seconds elapsed, finished iteration 299
[LightGBM] [Debug] Trained a tree with leaves = 255
[LightGBM] [Info] Iteration:300, valid_1 auc : 0.801901
[LightGBM] [Info] 141.858371 seconds elapsed, finished iteration 300
[LightGBM] [Debug] Trained a tree with leaves = 255
[LightGBM] [Info] Iteration:301, valid_1 auc : 0.801917
[LightGBM] [Info] 142.311905 seconds elapsed, finished iteration 301
[LightGBM] [Debug] Trained a tree with leaves = 255
[LightGBM] [Info] Iteration:302, valid_1 auc : 0.801941
[LightGBM] [Info] 142.763858 seconds elapsed, finished iteration 302
[LightGBM] [Debug] Trained a tree with leaves = 255
[LightGBM] [Info] Iteration:303, valid_1 auc : 0.801954
[LightGBM] [Info] 143.206236 seconds elapsed, finished iteration 303
[LightGBM] [Debug] Trained a tree with leaves = 255
[LightGBM] [Info] Iteration:304, valid_1 auc : 0.801968
[LightGBM] [Info] 143.678605 seconds elapsed, finished iteration 304
[LightGBM] [Debug] Trained a tree with leaves = 255
[LightGBM] [Info] Iteration:305, valid_1 auc : 0.801968
[LightGBM] [Info] 144.097020 seconds elapsed, finished iteration 305
[LightGBM] [Debug] Trained a tree with leaves = 255
[LightGBM] [Info] Iteration:306, valid_1 auc : 0.801984
[LightGBM] [Info] 144.535360 seconds elapsed, finished iteration 306
[LightGBM] [Debug] Trained a tree with leaves = 255
[LightGBM] [Info] Iteration:307, valid_1 auc : 0.801994
[LightGBM] [Info] 144.960112 seconds elapsed, finished iteration 307
[LightGBM] [Debug] Trained a tree with leaves = 255
[LightGBM] [Info] Iteration:308, valid_1 auc : 0.802003
[LightGBM] [Info] 145.404146 seconds elapsed, finished iteration 308
[LightGBM] [Debug] Trained a tree with leaves = 255
[LightGBM] [Info] Iteration:309, valid_1 auc : 0.802018
[LightGBM] [Info] 145.832998 seconds elapsed, finished iteration 309
[LightGBM] [Debug] Trained a tree with leaves = 255
[LightGBM] [Info] Iteration:310, valid_1 auc : 0.802029
[LightGBM] [Info] 146.249753 seconds elapsed, finished iteration 310
[LightGBM] [Debug] Trained a tree with leaves = 255
[LightGBM] [Info] Iteration:311, valid_1 auc : 0.802044
[LightGBM] [Info] 146.664704 seconds elapsed, finished iteration 311
[LightGBM] [Debug] Trained a tree with leaves = 255
[LightGBM] [Info] Iteration:312, valid_1 auc : 0.802048
[LightGBM] [Info] 147.085755 seconds elapsed, finished iteration 312
[LightGBM] [Debug] Trained a tree with leaves = 255
[LightGBM] [Info] Iteration:313, valid_1 auc : 0.802056
[LightGBM] [Info] 147.481190 seconds elapsed, finished iteration 313
[LightGBM] [Debug] Trained a tree with leaves = 255
[LightGBM] [Info] Iteration:314, valid_1 auc : 0.802081
[LightGBM] [Info] 147.904978 seconds elapsed, finished iteration 314
[LightGBM] [Debug] Trained a tree with leaves = 255
[LightGBM] [Info] Iteration:315, valid_1 auc : 0.802103
[LightGBM] [Info] 148.318244 seconds elapsed, finished iteration 315
[LightGBM] [Debug] Trained a tree with leaves = 255
[LightGBM] [Info] Iteration:316, valid_1 auc : 0.802107
[LightGBM] [Info] 148.728194 seconds elapsed, finished iteration 316
[LightGBM] [Debug] Trained a tree with leaves = 255
[LightGBM] [Info] Iteration:317, valid_1 auc : 0.802119
[LightGBM] [Info] 149.175810 seconds elapsed, finished iteration 317
[LightGBM] [Debug] Trained a tree with leaves = 255
[LightGBM] [Info] Iteration:318, valid_1 auc : 0.802136
[LightGBM] [Info] 149.585816 seconds elapsed, finished iteration 318
[LightGBM] [Debug] Trained a tree with leaves = 255
[LightGBM] [Info] Iteration:319, valid_1 auc : 0.802148
[LightGBM] [Info] 150.031253 seconds elapsed, finished iteration 319
[LightGBM] [Debug] Trained a tree with leaves = 255
[LightGBM] [Info] Iteration:320, valid_1 auc : 0.802159
[LightGBM] [Info] 150.437918 seconds elapsed, finished iteration 320
[LightGBM] [Debug] Trained a tree with leaves = 255
[LightGBM] [Info] Iteration:321, valid_1 auc : 0.802165
[LightGBM] [Info] 150.930148 seconds elapsed, finished iteration 321
[LightGBM] [Debug] Trained a tree with leaves = 255
[LightGBM] [Info] Iteration:322, valid_1 auc : 0.802177
[LightGBM] [Info] 151.388670 seconds elapsed, finished iteration 322
[LightGBM] [Debug] Trained a tree with leaves = 255
[LightGBM] [Info] Iteration:323, valid_1 auc : 0.802189
[LightGBM] [Info] 151.895571 seconds elapsed, finished iteration 323
[LightGBM] [Debug] Trained a tree with leaves = 255
[LightGBM] [Info] Iteration:324, valid_1 auc : 0.802204
[LightGBM] [Info] 152.397704 seconds elapsed, finished iteration 324
[LightGBM] [Debug] Trained a tree with leaves = 255
[LightGBM] [Info] Iteration:325, valid_1 auc : 0.802218
[LightGBM] [Info] 152.861972 seconds elapsed, finished iteration 325
[LightGBM] [Debug] Trained a tree with leaves = 255
[LightGBM] [Info] Iteration:326, valid_1 auc : 0.80223
[LightGBM] [Info] 153.266422 seconds elapsed, finished iteration 326
[LightGBM] [Debug] Trained a tree with leaves = 255
[LightGBM] [Info] Iteration:327, valid_1 auc : 0.802241
[LightGBM] [Info] 153.711094 seconds elapsed, finished iteration 327
[LightGBM] [Debug] Trained a tree with leaves = 255
[LightGBM] [Info] Iteration:328, valid_1 auc : 0.802254
[LightGBM] [Info] 154.185312 seconds elapsed, finished iteration 328
[LightGBM] [Debug] Trained a tree with leaves = 255
[LightGBM] [Info] Iteration:329, valid_1 auc : 0.802282
[LightGBM] [Info] 154.623815 seconds elapsed, finished iteration 329
[LightGBM] [Debug] Trained a tree with leaves = 255
[LightGBM] [Info] Iteration:330, valid_1 auc : 0.802293
[LightGBM] [Info] 155.049120 seconds elapsed, finished iteration 330
[LightGBM] [Debug] Trained a tree with leaves = 255
[LightGBM] [Info] Iteration:331, valid_1 auc : 0.802318
[LightGBM] [Info] 155.517920 seconds elapsed, finished iteration 331
[LightGBM] [Debug] Trained a tree with leaves = 255
[LightGBM] [Info] Iteration:332, valid_1 auc : 0.802322
[LightGBM] [Info] 155.932661 seconds elapsed, finished iteration 332
[LightGBM] [Debug] Trained a tree with leaves = 255
[LightGBM] [Info] Iteration:333, valid_1 auc : 0.802339
[LightGBM] [Info] 156.344621 seconds elapsed, finished iteration 333
[LightGBM] [Debug] Trained a tree with leaves = 255
[LightGBM] [Info] Iteration:334, valid_1 auc : 0.80236
[LightGBM] [Info] 156.759667 seconds elapsed, finished iteration 334
[LightGBM] [Debug] Trained a tree with leaves = 255
[LightGBM] [Info] Iteration:335, valid_1 auc : 0.80237
[LightGBM] [Info] 157.173013 seconds elapsed, finished iteration 335
[LightGBM] [Debug] Trained a tree with leaves = 255
[LightGBM] [Info] Iteration:336, valid_1 auc : 0.802378
[LightGBM] [Info] 157.619505 seconds elapsed, finished iteration 336
[LightGBM] [Debug] Trained a tree with leaves = 255
[LightGBM] [Info] Iteration:337, valid_1 auc : 0.802396
[LightGBM] [Info] 158.124051 seconds elapsed, finished iteration 337
[LightGBM] [Debug] Trained a tree with leaves = 255
[LightGBM] [Info] Iteration:338, valid_1 auc : 0.802411
[LightGBM] [Info] 158.619595 seconds elapsed, finished iteration 338
[LightGBM] [Debug] Trained a tree with leaves = 255
[LightGBM] [Info] Iteration:339, valid_1 auc : 0.802423
[LightGBM] [Info] 159.027905 seconds elapsed, finished iteration 339
[LightGBM] [Debug] Trained a tree with leaves = 255
[LightGBM] [Info] Iteration:340, valid_1 auc : 0.802463
[LightGBM] [Info] 159.448285 seconds elapsed, finished iteration 340
[LightGBM] [Debug] Trained a tree with leaves = 255
[LightGBM] [Info] Iteration:341, valid_1 auc : 0.802476
[LightGBM] [Info] 159.901322 seconds elapsed, finished iteration 341
[LightGBM] [Debug] Trained a tree with leaves = 255
[LightGBM] [Info] Iteration:342, valid_1 auc : 0.802496
[LightGBM] [Info] 160.330630 seconds elapsed, finished iteration 342
[LightGBM] [Debug] Trained a tree with leaves = 255
[LightGBM] [Info] Iteration:343, valid_1 auc : 0.802509
[LightGBM] [Info] 160.796028 seconds elapsed, finished iteration 343
[LightGBM] [Debug] Trained a tree with leaves = 255
[LightGBM] [Info] Iteration:344, valid_1 auc : 0.802528
[LightGBM] [Info] 161.243615 seconds elapsed, finished iteration 344
[LightGBM] [Debug] Trained a tree with leaves = 255
[LightGBM] [Info] Iteration:345, valid_1 auc : 0.802544
[LightGBM] [Info] 161.702970 seconds elapsed, finished iteration 345
[LightGBM] [Debug] Trained a tree with leaves = 255
[LightGBM] [Info] Iteration:346, valid_1 auc : 0.802551
[LightGBM] [Info] 162.143640 seconds elapsed, finished iteration 346
[LightGBM] [Debug] Trained a tree with leaves = 255
[LightGBM] [Info] Iteration:347, valid_1 auc : 0.802559
[LightGBM] [Info] 162.572044 seconds elapsed, finished iteration 347
[LightGBM] [Debug] Trained a tree with leaves = 255
[LightGBM] [Info] Iteration:348, valid_1 auc : 0.80256
[LightGBM] [Info] 162.990555 seconds elapsed, finished iteration 348
[LightGBM] [Debug] Trained a tree with leaves = 255
[LightGBM] [Info] Iteration:349, valid_1 auc : 0.802574
[LightGBM] [Info] 163.394320 seconds elapsed, finished iteration 349
[LightGBM] [Debug] Trained a tree with leaves = 255
[LightGBM] [Info] Iteration:350, valid_1 auc : 0.802578
[LightGBM] [Info] 163.809715 seconds elapsed, finished iteration 350
[LightGBM] [Debug] Trained a tree with leaves = 255
[LightGBM] [Info] Iteration:351, valid_1 auc : 0.802592
[LightGBM] [Info] 164.251974 seconds elapsed, finished iteration 351
[LightGBM] [Debug] Trained a tree with leaves = 255
[LightGBM] [Info] Iteration:352, valid_1 auc : 0.802613
[LightGBM] [Info] 164.717732 seconds elapsed, finished iteration 352
[LightGBM] [Debug] Trained a tree with leaves = 255
[LightGBM] [Info] Iteration:353, valid_1 auc : 0.802616
[LightGBM] [Info] 165.132930 seconds elapsed, finished iteration 353
[LightGBM] [Debug] Trained a tree with leaves = 255
[LightGBM] [Info] Iteration:354, valid_1 auc : 0.802648
[LightGBM] [Info] 165.565543 seconds elapsed, finished iteration 354
[LightGBM] [Debug] Trained a tree with leaves = 255
[LightGBM] [Info] Iteration:355, valid_1 auc : 0.802661
[LightGBM] [Info] 165.985569 seconds elapsed, finished iteration 355
[LightGBM] [Debug] Trained a tree with leaves = 255
[LightGBM] [Info] Iteration:356, valid_1 auc : 0.802676
[LightGBM] [Info] 166.475813 seconds elapsed, finished iteration 356
[LightGBM] [Debug] Trained a tree with leaves = 255
[LightGBM] [Info] Iteration:357, valid_1 auc : 0.802687
[LightGBM] [Info] 166.884236 seconds elapsed, finished iteration 357
[LightGBM] [Debug] Trained a tree with leaves = 255
[LightGBM] [Info] Iteration:358, valid_1 auc : 0.80269
[LightGBM] [Info] 167.290867 seconds elapsed, finished iteration 358
[LightGBM] [Debug] Trained a tree with leaves = 255
[LightGBM] [Info] Iteration:359, valid_1 auc : 0.802697
[LightGBM] [Info] 167.711113 seconds elapsed, finished iteration 359
[LightGBM] [Debug] Trained a tree with leaves = 255
[LightGBM] [Info] Iteration:360, valid_1 auc : 0.802701
[LightGBM] [Info] 168.125681 seconds elapsed, finished iteration 360
[LightGBM] [Debug] Trained a tree with leaves = 255
[LightGBM] [Info] Iteration:361, valid_1 auc : 0.80271
[LightGBM] [Info] 168.600431 seconds elapsed, finished iteration 361
[LightGBM] [Debug] Trained a tree with leaves = 255
[LightGBM] [Info] Iteration:362, valid_1 auc : 0.802719
[LightGBM] [Info] 169.053757 seconds elapsed, finished iteration 362
[LightGBM] [Debug] Trained a tree with leaves = 255
[LightGBM] [Info] Iteration:363, valid_1 auc : 0.802728
[LightGBM] [Info] 169.498704 seconds elapsed, finished iteration 363
[LightGBM] [Debug] Trained a tree with leaves = 255
[LightGBM] [Info] Iteration:364, valid_1 auc : 0.802745
[LightGBM] [Info] 169.954804 seconds elapsed, finished iteration 364
[LightGBM] [Debug] Trained a tree with leaves = 255
[LightGBM] [Info] Iteration:365, valid_1 auc : 0.802758
[LightGBM] [Info] 170.383832 seconds elapsed, finished iteration 365
[LightGBM] [Debug] Trained a tree with leaves = 255
[LightGBM] [Info] Iteration:366, valid_1 auc : 0.80278
[LightGBM] [Info] 170.824966 seconds elapsed, finished iteration 366
[LightGBM] [Debug] Trained a tree with leaves = 255
[LightGBM] [Info] Iteration:367, valid_1 auc : 0.802784
[LightGBM] [Info] 171.263201 seconds elapsed, finished iteration 367
[LightGBM] [Debug] Trained a tree with leaves = 255
[LightGBM] [Info] Iteration:368, valid_1 auc : 0.802798
[LightGBM] [Info] 171.715690 seconds elapsed, finished iteration 368
[LightGBM] [Debug] Trained a tree with leaves = 255
[LightGBM] [Info] Iteration:369, valid_1 auc : 0.802808
[LightGBM] [Info] 172.165200 seconds elapsed, finished iteration 369
[LightGBM] [Debug] Trained a tree with leaves = 255
[LightGBM] [Info] Iteration:370, valid_1 auc : 0.80282
[LightGBM] [Info] 172.576606 seconds elapsed, finished iteration 370
[LightGBM] [Debug] Trained a tree with leaves = 255
[LightGBM] [Info] Iteration:371, valid_1 auc : 0.802823
[LightGBM] [Info] 173.002115 seconds elapsed, finished iteration 371
[LightGBM] [Debug] Trained a tree with leaves = 255
[LightGBM] [Info] Iteration:372, valid_1 auc : 0.80284
[LightGBM] [Info] 173.435921 seconds elapsed, finished iteration 372
[LightGBM] [Debug] Trained a tree with leaves = 255
[LightGBM] [Info] Iteration:373, valid_1 auc : 0.802844
[LightGBM] [Info] 173.882937 seconds elapsed, finished iteration 373
[LightGBM] [Debug] Trained a tree with leaves = 255
[LightGBM] [Info] Iteration:374, valid_1 auc : 0.802858
[LightGBM] [Info] 174.356605 seconds elapsed, finished iteration 374
[LightGBM] [Debug] Trained a tree with leaves = 255
[LightGBM] [Info] Iteration:375, valid_1 auc : 0.802864
[LightGBM] [Info] 174.798211 seconds elapsed, finished iteration 375
[LightGBM] [Debug] Trained a tree with leaves = 255
[LightGBM] [Info] Iteration:376, valid_1 auc : 0.802883
[LightGBM] [Info] 175.262735 seconds elapsed, finished iteration 376
[LightGBM] [Debug] Trained a tree with leaves = 255
[LightGBM] [Info] Iteration:377, valid_1 auc : 0.8029
[LightGBM] [Info] 175.714974 seconds elapsed, finished iteration 377
[LightGBM] [Debug] Trained a tree with leaves = 255
[LightGBM] [Info] Iteration:378, valid_1 auc : 0.802913
[LightGBM] [Info] 176.194143 seconds elapsed, finished iteration 378
[LightGBM] [Debug] Trained a tree with leaves = 255
[LightGBM] [Info] Iteration:379, valid_1 auc : 0.802917
[LightGBM] [Info] 176.600088 seconds elapsed, finished iteration 379
[LightGBM] [Debug] Trained a tree with leaves = 255
[LightGBM] [Info] Iteration:380, valid_1 auc : 0.80293
[LightGBM] [Info] 177.029256 seconds elapsed, finished iteration 380
[LightGBM] [Debug] Trained a tree with leaves = 255
[LightGBM] [Info] Iteration:381, valid_1 auc : 0.802939
[LightGBM] [Info] 177.453076 seconds elapsed, finished iteration 381
[LightGBM] [Debug] Trained a tree with leaves = 255
[LightGBM] [Info] Iteration:382, valid_1 auc : 0.802941
[LightGBM] [Info] 177.874591 seconds elapsed, finished iteration 382
[LightGBM] [Debug] Trained a tree with leaves = 255
[LightGBM] [Info] Iteration:383, valid_1 auc : 0.802954
[LightGBM] [Info] 178.317979 seconds elapsed, finished iteration 383
[LightGBM] [Debug] Trained a tree with leaves = 255
[LightGBM] [Info] Iteration:384, valid_1 auc : 0.802959
[LightGBM] [Info] 178.718734 seconds elapsed, finished iteration 384
[LightGBM] [Debug] Trained a tree with leaves = 255
[LightGBM] [Info] Iteration:385, valid_1 auc : 0.80297
[LightGBM] [Info] 179.174394 seconds elapsed, finished iteration 385
[LightGBM] [Debug] Trained a tree with leaves = 255
[LightGBM] [Info] Iteration:386, valid_1 auc : 0.802972
[LightGBM] [Info] 179.572179 seconds elapsed, finished iteration 386
[LightGBM] [Debug] Trained a tree with leaves = 255
[LightGBM] [Info] Iteration:387, valid_1 auc : 0.802975
[LightGBM] [Info] 180.011926 seconds elapsed, finished iteration 387
[LightGBM] [Debug] Trained a tree with leaves = 255
[LightGBM] [Info] Iteration:388, valid_1 auc : 0.802979
[LightGBM] [Info] 180.420809 seconds elapsed, finished iteration 388
[LightGBM] [Debug] Trained a tree with leaves = 255
[LightGBM] [Info] Iteration:389, valid_1 auc : 0.802986
[LightGBM] [Info] 180.846432 seconds elapsed, finished iteration 389
[LightGBM] [Debug] Trained a tree with leaves = 255
[LightGBM] [Info] Iteration:390, valid_1 auc : 0.80299
[LightGBM] [Info] 181.253182 seconds elapsed, finished iteration 390
[LightGBM] [Debug] Trained a tree with leaves = 255
[LightGBM] [Info] Iteration:391, valid_1 auc : 0.803003
[LightGBM] [Info] 181.682562 seconds elapsed, finished iteration 391
[LightGBM] [Debug] Trained a tree with leaves = 255
[LightGBM] [Info] Iteration:392, valid_1 auc : 0.803005
[LightGBM] [Info] 182.109803 seconds elapsed, finished iteration 392
[LightGBM] [Debug] Trained a tree with leaves = 255
[LightGBM] [Info] Iteration:393, valid_1 auc : 0.803016
[LightGBM] [Info] 182.567908 seconds elapsed, finished iteration 393
[LightGBM] [Debug] Trained a tree with leaves = 255
[LightGBM] [Info] Iteration:394, valid_1 auc : 0.803026
[LightGBM] [Info] 182.982786 seconds elapsed, finished iteration 394
[LightGBM] [Debug] Trained a tree with leaves = 255
[LightGBM] [Info] Iteration:395, valid_1 auc : 0.803032
[LightGBM] [Info] 183.421962 seconds elapsed, finished iteration 395
[LightGBM] [Debug] Trained a tree with leaves = 255
[LightGBM] [Info] Iteration:396, valid_1 auc : 0.803047
[LightGBM] [Info] 183.874027 seconds elapsed, finished iteration 396
[LightGBM] [Debug] Trained a tree with leaves = 255
[LightGBM] [Info] Iteration:397, valid_1 auc : 0.803055
[LightGBM] [Info] 184.274583 seconds elapsed, finished iteration 397
[LightGBM] [Debug] Trained a tree with leaves = 255
[LightGBM] [Info] Iteration:398, valid_1 auc : 0.803068
[LightGBM] [Info] 184.713848 seconds elapsed, finished iteration 398
[LightGBM] [Debug] Trained a tree with leaves = 255
[LightGBM] [Info] Iteration:399, valid_1 auc : 0.803074
[LightGBM] [Info] 185.133521 seconds elapsed, finished iteration 399
[LightGBM] [Debug] Trained a tree with leaves = 255
[LightGBM] [Info] Iteration:400, valid_1 auc : 0.803079
[LightGBM] [Info] 185.554662 seconds elapsed, finished iteration 400
[LightGBM] [Debug] Trained a tree with leaves = 255
[LightGBM] [Info] Iteration:401, valid_1 auc : 0.80308
[LightGBM] [Info] 185.956256 seconds elapsed, finished iteration 401
[LightGBM] [Debug] Trained a tree with leaves = 255
[LightGBM] [Info] Iteration:402, valid_1 auc : 0.803094
[LightGBM] [Info] 186.366111 seconds elapsed, finished iteration 402
[LightGBM] [Debug] Trained a tree with leaves = 255
[LightGBM] [Info] Iteration:403, valid_1 auc : 0.803104
[LightGBM] [Info] 186.817482 seconds elapsed, finished iteration 403
[LightGBM] [Debug] Trained a tree with leaves = 255
[LightGBM] [Info] Iteration:404, valid_1 auc : 0.803111
[LightGBM] [Info] 187.244865 seconds elapsed, finished iteration 404
[LightGBM] [Debug] Trained a tree with leaves = 255
[LightGBM] [Info] Iteration:405, valid_1 auc : 0.803142
[LightGBM] [Info] 187.662388 seconds elapsed, finished iteration 405
[LightGBM] [Debug] Trained a tree with leaves = 255
[LightGBM] [Info] Iteration:406, valid_1 auc : 0.803148
[LightGBM] [Info] 188.068778 seconds elapsed, finished iteration 406
[LightGBM] [Debug] Trained a tree with leaves = 255
[LightGBM] [Info] Iteration:407, valid_1 auc : 0.803161
[LightGBM] [Info] 188.503678 seconds elapsed, finished iteration 407
[LightGBM] [Debug] Trained a tree with leaves = 255
[LightGBM] [Info] Iteration:408, valid_1 auc : 0.803176
[LightGBM] [Info] 188.977743 seconds elapsed, finished iteration 408
[LightGBM] [Debug] Trained a tree with leaves = 255
[LightGBM] [Info] Iteration:409, valid_1 auc : 0.803185
[LightGBM] [Info] 189.441484 seconds elapsed, finished iteration 409
[LightGBM] [Debug] Trained a tree with leaves = 255
[LightGBM] [Info] Iteration:410, valid_1 auc : 0.803188
[LightGBM] [Info] 189.863607 seconds elapsed, finished iteration 410
[LightGBM] [Debug] Trained a tree with leaves = 255
[LightGBM] [Info] Iteration:411, valid_1 auc : 0.803195
[LightGBM] [Info] 190.278792 seconds elapsed, finished iteration 411
[LightGBM] [Debug] Trained a tree with leaves = 255
[LightGBM] [Info] Iteration:412, valid_1 auc : 0.803212
[LightGBM] [Info] 190.746426 seconds elapsed, finished iteration 412
[LightGBM] [Debug] Trained a tree with leaves = 255
[LightGBM] [Info] Iteration:413, valid_1 auc : 0.803216
[LightGBM] [Info] 191.170934 seconds elapsed, finished iteration 413
[LightGBM] [Debug] Trained a tree with leaves = 255
[LightGBM] [Info] Iteration:414, valid_1 auc : 0.803238
[LightGBM] [Info] 191.604554 seconds elapsed, finished iteration 414
[LightGBM] [Debug] Trained a tree with leaves = 255
[LightGBM] [Info] Iteration:415, valid_1 auc : 0.803246
[LightGBM] [Info] 192.025916 seconds elapsed, finished iteration 415
[LightGBM] [Debug] Trained a tree with leaves = 255
[LightGBM] [Info] Iteration:416, valid_1 auc : 0.803249
[LightGBM] [Info] 192.440008 seconds elapsed, finished iteration 416
[LightGBM] [Debug] Trained a tree with leaves = 255
[LightGBM] [Info] Iteration:417, valid_1 auc : 0.803253
[LightGBM] [Info] 192.876235 seconds elapsed, finished iteration 417
[LightGBM] [Debug] Trained a tree with leaves = 255
[LightGBM] [Info] Iteration:418, valid_1 auc : 0.803267
[LightGBM] [Info] 193.352359 seconds elapsed, finished iteration 418
[LightGBM] [Debug] Trained a tree with leaves = 255
[LightGBM] [Info] Iteration:419, valid_1 auc : 0.803275
[LightGBM] [Info] 193.795663 seconds elapsed, finished iteration 419
[LightGBM] [Debug] Trained a tree with leaves = 255
[LightGBM] [Info] Iteration:420, valid_1 auc : 0.803283
[LightGBM] [Info] 194.207591 seconds elapsed, finished iteration 420
[LightGBM] [Debug] Trained a tree with leaves = 255
[LightGBM] [Info] Iteration:421, valid_1 auc : 0.803292
[LightGBM] [Info] 194.642587 seconds elapsed, finished iteration 421
[LightGBM] [Debug] Trained a tree with leaves = 255
[LightGBM] [Info] Iteration:422, valid_1 auc : 0.803298
[LightGBM] [Info] 195.068837 seconds elapsed, finished iteration 422
[LightGBM] [Debug] Trained a tree with leaves = 255
[LightGBM] [Info] Iteration:423, valid_1 auc : 0.803312
[LightGBM] [Info] 195.528606 seconds elapsed, finished iteration 423
[LightGBM] [Debug] Trained a tree with leaves = 255
[LightGBM] [Info] Iteration:424, valid_1 auc : 0.803316
[LightGBM] [Info] 195.946429 seconds elapsed, finished iteration 424
[LightGBM] [Debug] Trained a tree with leaves = 255
[LightGBM] [Info] Iteration:425, valid_1 auc : 0.803318
[LightGBM] [Info] 196.350703 seconds elapsed, finished iteration 425
[LightGBM] [Debug] Trained a tree with leaves = 255
[LightGBM] [Info] Iteration:426, valid_1 auc : 0.803327
[LightGBM] [Info] 196.793866 seconds elapsed, finished iteration 426
[LightGBM] [Debug] Trained a tree with leaves = 255
[LightGBM] [Info] Iteration:427, valid_1 auc : 0.803336
[LightGBM] [Info] 197.248331 seconds elapsed, finished iteration 427
[LightGBM] [Debug] Trained a tree with leaves = 255
[LightGBM] [Info] Iteration:428, valid_1 auc : 0.803345
[LightGBM] [Info] 197.669105 seconds elapsed, finished iteration 428
[LightGBM] [Debug] Trained a tree with leaves = 255
[LightGBM] [Info] Iteration:429, valid_1 auc : 0.803354
[LightGBM] [Info] 198.108606 seconds elapsed, finished iteration 429
[LightGBM] [Debug] Trained a tree with leaves = 255
[LightGBM] [Info] Iteration:430, valid_1 auc : 0.803366
[LightGBM] [Info] 198.548124 seconds elapsed, finished iteration 430
[LightGBM] [Debug] Trained a tree with leaves = 255
[LightGBM] [Info] Iteration:431, valid_1 auc : 0.803374
[LightGBM] [Info] 198.997862 seconds elapsed, finished iteration 431
[LightGBM] [Debug] Trained a tree with leaves = 255
[LightGBM] [Info] Iteration:432, valid_1 auc : 0.803374
[LightGBM] [Info] 199.413668 seconds elapsed, finished iteration 432
[LightGBM] [Debug] Trained a tree with leaves = 255
[LightGBM] [Info] Iteration:433, valid_1 auc : 0.803377
[LightGBM] [Info] 199.830306 seconds elapsed, finished iteration 433
[LightGBM] [Debug] Trained a tree with leaves = 255
[LightGBM] [Info] Iteration:434, valid_1 auc : 0.803383
[LightGBM] [Info] 200.270702 seconds elapsed, finished iteration 434
[LightGBM] [Debug] Trained a tree with leaves = 255
[LightGBM] [Info] Iteration:435, valid_1 auc : 0.803387
[LightGBM] [Info] 200.682777 seconds elapsed, finished iteration 435
[LightGBM] [Debug] Trained a tree with leaves = 255
[LightGBM] [Info] Iteration:436, valid_1 auc : 0.80339
[LightGBM] [Info] 201.109489 seconds elapsed, finished iteration 436
[LightGBM] [Debug] Trained a tree with leaves = 255
[LightGBM] [Info] Iteration:437, valid_1 auc : 0.803396
[LightGBM] [Info] 201.530851 seconds elapsed, finished iteration 437
[LightGBM] [Debug] Trained a tree with leaves = 255
[LightGBM] [Info] Iteration:438, valid_1 auc : 0.803397
[LightGBM] [Info] 201.956021 seconds elapsed, finished iteration 438
[LightGBM] [Debug] Trained a tree with leaves = 255
[LightGBM] [Info] Iteration:439, valid_1 auc : 0.803401
[LightGBM] [Info] 202.374384 seconds elapsed, finished iteration 439
[LightGBM] [Debug] Trained a tree with leaves = 255
[LightGBM] [Info] Iteration:440, valid_1 auc : 0.803411
[LightGBM] [Info] 202.783077 seconds elapsed, finished iteration 440
[LightGBM] [Debug] Trained a tree with leaves = 255
[LightGBM] [Info] Iteration:441, valid_1 auc : 0.803368
[LightGBM] [Info] 203.202174 seconds elapsed, finished iteration 441
[LightGBM] [Debug] Trained a tree with leaves = 255
[LightGBM] [Info] Iteration:442, valid_1 auc : 0.803368
[LightGBM] [Info] 203.628219 seconds elapsed, finished iteration 442
[LightGBM] [Debug] Trained a tree with leaves = 255
[LightGBM] [Info] Iteration:443, valid_1 auc : 0.803372
[LightGBM] [Info] 204.060601 seconds elapsed, finished iteration 443
[LightGBM] [Debug] Trained a tree with leaves = 255
[LightGBM] [Info] Iteration:444, valid_1 auc : 0.803376
[LightGBM] [Info] 204.491153 seconds elapsed, finished iteration 444
[LightGBM] [Debug] Trained a tree with leaves = 255
[LightGBM] [Info] Iteration:445, valid_1 auc : 0.803382
[LightGBM] [Info] 204.935542 seconds elapsed, finished iteration 445
[LightGBM] [Debug] Trained a tree with leaves = 255
[LightGBM] [Info] Iteration:446, valid_1 auc : 0.803384
[LightGBM] [Info] 205.365335 seconds elapsed, finished iteration 446
[LightGBM] [Debug] Trained a tree with leaves = 255
[LightGBM] [Info] Iteration:447, valid_1 auc : 0.803386
[LightGBM] [Info] 205.791063 seconds elapsed, finished iteration 447
[LightGBM] [Debug] Trained a tree with leaves = 255
[LightGBM] [Info] Iteration:448, valid_1 auc : 0.803394
[LightGBM] [Info] 206.234603 seconds elapsed, finished iteration 448
[LightGBM] [Debug] Trained a tree with leaves = 255
[LightGBM] [Info] Iteration:449, valid_1 auc : 0.803395
[LightGBM] [Info] 206.662965 seconds elapsed, finished iteration 449
[LightGBM] [Debug] Trained a tree with leaves = 255
[LightGBM] [Info] Iteration:450, valid_1 auc : 0.803409
[LightGBM] [Info] 207.117213 seconds elapsed, finished iteration 450
[LightGBM] [Debug] Trained a tree with leaves = 255
[LightGBM] [Info] Iteration:451, valid_1 auc : 0.803421
[LightGBM] [Info] 207.549219 seconds elapsed, finished iteration 451
[LightGBM] [Debug] Trained a tree with leaves = 255
[LightGBM] [Info] Iteration:452, valid_1 auc : 0.803431
[LightGBM] [Info] 207.997739 seconds elapsed, finished iteration 452
[LightGBM] [Debug] Trained a tree with leaves = 255
[LightGBM] [Info] Iteration:453, valid_1 auc : 0.803445
[LightGBM] [Info] 208.441761 seconds elapsed, finished iteration 453
[LightGBM] [Debug] Trained a tree with leaves = 255
[LightGBM] [Info] Iteration:454, valid_1 auc : 0.803448
[LightGBM] [Info] 208.861516 seconds elapsed, finished iteration 454
[LightGBM] [Debug] Trained a tree with leaves = 255
[LightGBM] [Info] Iteration:455, valid_1 auc : 0.803456
[LightGBM] [Info] 209.285183 seconds elapsed, finished iteration 455
[LightGBM] [Debug] Trained a tree with leaves = 255
[LightGBM] [Info] Iteration:456, valid_1 auc : 0.803461
[LightGBM] [Info] 209.725802 seconds elapsed, finished iteration 456
[LightGBM] [Debug] Trained a tree with leaves = 255
[LightGBM] [Info] Iteration:457, valid_1 auc : 0.80347
[LightGBM] [Info] 210.157030 seconds elapsed, finished iteration 457
[LightGBM] [Debug] Trained a tree with leaves = 255
[LightGBM] [Info] Iteration:458, valid_1 auc : 0.803474
[LightGBM] [Info] 210.561837 seconds elapsed, finished iteration 458
[LightGBM] [Debug] Trained a tree with leaves = 255
[LightGBM] [Info] Iteration:459, valid_1 auc : 0.803491
[LightGBM] [Info] 211.008935 seconds elapsed, finished iteration 459
[LightGBM] [Debug] Trained a tree with leaves = 255
[LightGBM] [Info] Iteration:460, valid_1 auc : 0.803499
[LightGBM] [Info] 211.440127 seconds elapsed, finished iteration 460
[LightGBM] [Debug] Trained a tree with leaves = 255
[LightGBM] [Info] Iteration:461, valid_1 auc : 0.8035
[LightGBM] [Info] 211.875482 seconds elapsed, finished iteration 461
[LightGBM] [Debug] Trained a tree with leaves = 255
[LightGBM] [Info] Iteration:462, valid_1 auc : 0.803518
[LightGBM] [Info] 212.287908 seconds elapsed, finished iteration 462
[LightGBM] [Debug] Trained a tree with leaves = 255
[LightGBM] [Info] Iteration:463, valid_1 auc : 0.803522
[LightGBM] [Info] 212.738226 seconds elapsed, finished iteration 463
[LightGBM] [Debug] Trained a tree with leaves = 255
[LightGBM] [Info] Iteration:464, valid_1 auc : 0.803524
[LightGBM] [Info] 213.156620 seconds elapsed, finished iteration 464
[LightGBM] [Debug] Trained a tree with leaves = 255
[LightGBM] [Info] Iteration:465, valid_1 auc : 0.803538
[LightGBM] [Info] 213.608723 seconds elapsed, finished iteration 465
[LightGBM] [Debug] Trained a tree with leaves = 255
[LightGBM] [Info] Iteration:466, valid_1 auc : 0.803539
[LightGBM] [Info] 214.018540 seconds elapsed, finished iteration 466
[LightGBM] [Debug] Trained a tree with leaves = 255
[LightGBM] [Info] Iteration:467, valid_1 auc : 0.803548
[LightGBM] [Info] 214.462625 seconds elapsed, finished iteration 467
[LightGBM] [Debug] Trained a tree with leaves = 255
[LightGBM] [Info] Iteration:468, valid_1 auc : 0.80356
[LightGBM] [Info] 214.882227 seconds elapsed, finished iteration 468
[LightGBM] [Debug] Trained a tree with leaves = 255
[LightGBM] [Info] Iteration:469, valid_1 auc : 0.803561
[LightGBM] [Info] 215.299820 seconds elapsed, finished iteration 469
[LightGBM] [Debug] Trained a tree with leaves = 255
[LightGBM] [Info] Iteration:470, valid_1 auc : 0.803563
[LightGBM] [Info] 215.751905 seconds elapsed, finished iteration 470
[LightGBM] [Debug] Trained a tree with leaves = 255
[LightGBM] [Info] Iteration:471, valid_1 auc : 0.803565
[LightGBM] [Info] 216.175147 seconds elapsed, finished iteration 471
[LightGBM] [Debug] Trained a tree with leaves = 255
[LightGBM] [Info] Iteration:472, valid_1 auc : 0.803573
[LightGBM] [Info] 216.628017 seconds elapsed, finished iteration 472
[LightGBM] [Debug] Trained a tree with leaves = 255
[LightGBM] [Info] Iteration:473, valid_1 auc : 0.80358
[LightGBM] [Info] 217.063449 seconds elapsed, finished iteration 473
[LightGBM] [Debug] Trained a tree with leaves = 255
[LightGBM] [Info] Iteration:474, valid_1 auc : 0.803597
[LightGBM] [Info] 217.556573 seconds elapsed, finished iteration 474
[LightGBM] [Debug] Trained a tree with leaves = 255
[LightGBM] [Info] Iteration:475, valid_1 auc : 0.803615
[LightGBM] [Info] 218.024357 seconds elapsed, finished iteration 475
[LightGBM] [Debug] Trained a tree with leaves = 255
[LightGBM] [Info] Iteration:476, valid_1 auc : 0.803627
[LightGBM] [Info] 218.474340 seconds elapsed, finished iteration 476
[LightGBM] [Debug] Trained a tree with leaves = 255
[LightGBM] [Info] Iteration:477, valid_1 auc : 0.803634
[LightGBM] [Info] 218.940711 seconds elapsed, finished iteration 477
[LightGBM] [Debug] Trained a tree with leaves = 255
[LightGBM] [Info] Iteration:478, valid_1 auc : 0.80364
[LightGBM] [Info] 219.403783 seconds elapsed, finished iteration 478
[LightGBM] [Debug] Trained a tree with leaves = 255
[LightGBM] [Info] Iteration:479, valid_1 auc : 0.803654
[LightGBM] [Info] 219.841416 seconds elapsed, finished iteration 479
[LightGBM] [Debug] Trained a tree with leaves = 255
[LightGBM] [Info] Iteration:480, valid_1 auc : 0.803657
[LightGBM] [Info] 220.270579 seconds elapsed, finished iteration 480
[LightGBM] [Debug] Trained a tree with leaves = 255
[LightGBM] [Info] Iteration:481, valid_1 auc : 0.803671
[LightGBM] [Info] 220.721188 seconds elapsed, finished iteration 481
[LightGBM] [Debug] Trained a tree with leaves = 255
[LightGBM] [Info] Iteration:482, valid_1 auc : 0.803679
[LightGBM] [Info] 221.160650 seconds elapsed, finished iteration 482
[LightGBM] [Debug] Trained a tree with leaves = 255
[LightGBM] [Info] Iteration:483, valid_1 auc : 0.803689
[LightGBM] [Info] 221.592035 seconds elapsed, finished iteration 483
[LightGBM] [Debug] Trained a tree with leaves = 255
[LightGBM] [Info] Iteration:484, valid_1 auc : 0.803694
[LightGBM] [Info] 221.999284 seconds elapsed, finished iteration 484
[LightGBM] [Debug] Trained a tree with leaves = 255
[LightGBM] [Info] Iteration:485, valid_1 auc : 0.8037
[LightGBM] [Info] 222.440952 seconds elapsed, finished iteration 485
[LightGBM] [Debug] Trained a tree with leaves = 255
[LightGBM] [Info] Iteration:486, valid_1 auc : 0.803715
[LightGBM] [Info] 222.876601 seconds elapsed, finished iteration 486
[LightGBM] [Debug] Trained a tree with leaves = 255
[LightGBM] [Info] Iteration:487, valid_1 auc : 0.803717
[LightGBM] [Info] 223.292972 seconds elapsed, finished iteration 487
[LightGBM] [Debug] Trained a tree with leaves = 255
[LightGBM] [Info] Iteration:488, valid_1 auc : 0.803723
[LightGBM] [Info] 223.724142 seconds elapsed, finished iteration 488
[LightGBM] [Debug] Trained a tree with leaves = 255
[LightGBM] [Info] Iteration:489, valid_1 auc : 0.803738
[LightGBM] [Info] 224.155897 seconds elapsed, finished iteration 489
[LightGBM] [Debug] Trained a tree with leaves = 255
[LightGBM] [Info] Iteration:490, valid_1 auc : 0.803741
[LightGBM] [Info] 224.613217 seconds elapsed, finished iteration 490
[LightGBM] [Debug] Trained a tree with leaves = 255
[LightGBM] [Info] Iteration:491, valid_1 auc : 0.803745
[LightGBM] [Info] 225.065923 seconds elapsed, finished iteration 491
[LightGBM] [Debug] Trained a tree with leaves = 255
[LightGBM] [Info] Iteration:492, valid_1 auc : 0.803748
[LightGBM] [Info] 225.473734 seconds elapsed, finished iteration 492
[LightGBM] [Debug] Trained a tree with leaves = 255
[LightGBM] [Info] Iteration:493, valid_1 auc : 0.803757
[LightGBM] [Info] 225.927295 seconds elapsed, finished iteration 493
[LightGBM] [Debug] Trained a tree with leaves = 255
[LightGBM] [Info] Iteration:494, valid_1 auc : 0.803764
[LightGBM] [Info] 226.339307 seconds elapsed, finished iteration 494
[LightGBM] [Debug] Trained a tree with leaves = 255
[LightGBM] [Info] Iteration:495, valid_1 auc : 0.803766
[LightGBM] [Info] 226.748220 seconds elapsed, finished iteration 495
[LightGBM] [Debug] Trained a tree with leaves = 255
[LightGBM] [Info] Iteration:496, valid_1 auc : 0.803769
[LightGBM] [Info] 227.162165 seconds elapsed, finished iteration 496
[LightGBM] [Debug] Trained a tree with leaves = 255
[LightGBM] [Info] Iteration:497, valid_1 auc : 0.803776
[LightGBM] [Info] 227.617423 seconds elapsed, finished iteration 497
[LightGBM] [Debug] Trained a tree with leaves = 255
[LightGBM] [Info] Iteration:498, valid_1 auc : 0.80378
[LightGBM] [Info] 228.065566 seconds elapsed, finished iteration 498
[LightGBM] [Debug] Trained a tree with leaves = 255
[LightGBM] [Info] Iteration:499, valid_1 auc : 0.803782
[LightGBM] [Info] 228.508356 seconds elapsed, finished iteration 499
[LightGBM] [Debug] Trained a tree with leaves = 255
[LightGBM] [Info] Iteration:500, valid_1 auc : 0.803785
[LightGBM] [Info] 228.964045 seconds elapsed, finished iteration 500
[LightGBM] [Info] Finished training
[LightGBM] [Info] CUDABestSplitFinder::LaunchSyncBestSplitForLeafKernel costs:	 3.233145
[LightGBM] [Info] CUDADataPartition::AddPredictionToScoreKernel costs:	 6.295679
[LightGBM] [Info] CUDADataPartition::AggregateBlockOffsetKernel costs:	 7.185161
[LightGBM] [Info] CUDADataPartition::CopyDataIndicesKernel costs:	 0.393583
[LightGBM] [Info] CUDADataPartition::CopyFromCUDADeviceToHostAsync costs:	 4.208049
[LightGBM] [Info] CUDADataPartition::LaunchAddPredictionToScoreKernel::BitonicArgSortGlobal costs:	 0.024123
[LightGBM] [Info] CUDADataPartition::SplitInnerKernel costs:	 0.355587
[LightGBM] [Info] CUDADataPartition::SplitTreeStructureKernel costs:	 0.335452
[LightGBM] [Info] CUDAHistogramConstructor::ConstructHistogramForLeaf::LaunchSubtractHistogramKernel costs:	 0.844412
[LightGBM] [Info] CUDAHistogramConstructor::FixHistogramDiscretizedKernel costs:	 0.383210
[LightGBM] [Info] CUDAHistogramConstructor::SubtractHistogramDiscretizedKernel costs:	 0.343013
[LightGBM] [Info] CUDAScoreUpdater::AddScore costs:	 0.000027
[LightGBM] [Info] CUDASingleGPUTreeLearner::BeforeTrain costs:	 3.263486
[LightGBM] [Info] CUDASingleGPUTreeLearner::CPUFindBestFromAllSplits costs:	 0.037817
[LightGBM] [Info] CUDASingleGPUTreeLearner::ConstructHistogramForLeaf costs:	 21.130987
[LightGBM] [Info] CUDASingleGPUTreeLearner::FindBestFromAllSplits costs:	 2.483917
[LightGBM] [Info] CUDASingleGPUTreeLearner::FindBestSplitsForLeaf costs:	 5.442732
[LightGBM] [Info] CUDASingleGPUTreeLearner::NCCLReduceHistogram costs:	 0.007177
[LightGBM] [Info] CUDASingleGPUTreeLearner::RenewDiscretizedTreeLeaves costs:	 5.838015
[LightGBM] [Info] CUDASingleGPUTreeLearner::Split costs:	 13.718608
[LightGBM] [Info] Dataset::FastFeatureBundling costs:	 0.044185
[LightGBM] [Info] Dataset::GetMultiBinFromAllFeatures costs:	 3.920441
[LightGBM] [Info] Dataset::PushDataToMultiValBin costs:	 2.807700
[LightGBM] [Info] Dataset::TestMultiThreadingMethod costs:	 3.924219
[LightGBM] [Info] GBDT::Bagging costs:	 0.000207
[LightGBM] [Info] GBDT::BoostFromAverage costs:	 0.000589
[LightGBM] [Info] GBDT::Boosting costs:	 0.534532
[LightGBM] [Info] GBDT::Train costs:	 228.964058
[LightGBM] [Info] GBDT::TrainOneIter costs:	 60.557323
[LightGBM] [Info] GBDT::UpdateScore costs:	 6.656796
[LightGBM] [Info] GenDataToLeftBitVector costs:	 0.394754
[LightGBM] [Info] ScoreUpdater::AddScore costs:	 6.655301
[LightGBM] [Info] SplitInner costs:	 12.729812
