[LightGBM] [Warning] num_threads is set=24, num_threads=16 will be ignored. Current value: num_threads=24
[LightGBM] [Warning] device_type is set=cuda, device_type=cpu will be ignored. Current value: device_type=cuda
[LightGBM] [Warning] use_discretized_grad is set=true, use_discretized_grad=true will be ignored. Current value: use_discretized_grad=true
[LightGBM] [Warning] discretized_grad_renew is set=true, discretized_grad_renew=true will be ignored. Current value: discretized_grad_renew=true
[LightGBM] [Warning] force_row_wise is set=false, force_row_wise=true will be ignored. Current value: force_row_wise=false
[LightGBM] [Info] Finished loading parameters
[LightGBM] [Debug] Loading train file...
[LightGBM] [Warning] Using sparse features with CUDA is currently not supported.
[LightGBM] [Info] Construct bin mappers from text data time 8.00 seconds
[LightGBM] [Debug] Loading validation file #1...
[LightGBM] [Info] Finished loading data in 9.565690 seconds
[LightGBM] [Debug] Dataset::GetMultiBinFromAllFeatures: sparse rate 0.000000
[LightGBM] [Info] Total Bins 22950
[LightGBM] [Info] Number of data points in the train set: 463715, number of used features: 90
[LightGBM] [Debug] Number of data points in validation set #1: 51630
[LightGBM] [Info] Finished initializing training
[LightGBM] [Info] Started training...
[LightGBM] [Warning] adding init score = 1998.386095
[LightGBM] [Warning] adding init score = 1998.386095
[LightGBM] [Info] Start training from score 1998.386095
[LightGBM] [Debug] Trained a tree with leaves = 255
[LightGBM] [Info] Iteration:1, valid_1 rmse : 10.6308
[LightGBM] [Info] 0.042393 seconds elapsed, finished iteration 1
[LightGBM] [Debug] Trained a tree with leaves = 255
[LightGBM] [Info] Iteration:2, valid_1 rmse : 10.4439
[LightGBM] [Info] 0.082481 seconds elapsed, finished iteration 2
[LightGBM] [Debug] Trained a tree with leaves = 255
[LightGBM] [Info] Iteration:3, valid_1 rmse : 10.2816
[LightGBM] [Info] 0.122675 seconds elapsed, finished iteration 3
[LightGBM] [Debug] Trained a tree with leaves = 255
[LightGBM] [Info] Iteration:4, valid_1 rmse : 10.1437
[LightGBM] [Info] 0.160038 seconds elapsed, finished iteration 4
[LightGBM] [Debug] Trained a tree with leaves = 255
[LightGBM] [Info] Iteration:5, valid_1 rmse : 10.0266
[LightGBM] [Info] 0.195989 seconds elapsed, finished iteration 5
[LightGBM] [Debug] Trained a tree with leaves = 255
[LightGBM] [Info] Iteration:6, valid_1 rmse : 9.92268
[LightGBM] [Info] 0.231678 seconds elapsed, finished iteration 6
[LightGBM] [Debug] Trained a tree with leaves = 255
[LightGBM] [Info] Iteration:7, valid_1 rmse : 9.83361
[LightGBM] [Info] 0.267667 seconds elapsed, finished iteration 7
[LightGBM] [Debug] Trained a tree with leaves = 255
[LightGBM] [Info] Iteration:8, valid_1 rmse : 9.75604
[LightGBM] [Info] 0.309060 seconds elapsed, finished iteration 8
[LightGBM] [Debug] Trained a tree with leaves = 255
[LightGBM] [Info] Iteration:9, valid_1 rmse : 9.68993
[LightGBM] [Info] 0.344551 seconds elapsed, finished iteration 9
[LightGBM] [Debug] Trained a tree with leaves = 255
[LightGBM] [Info] Iteration:10, valid_1 rmse : 9.63011
[LightGBM] [Info] 0.379740 seconds elapsed, finished iteration 10
[LightGBM] [Debug] Trained a tree with leaves = 255
[LightGBM] [Info] Iteration:11, valid_1 rmse : 9.57471
[LightGBM] [Info] 0.414794 seconds elapsed, finished iteration 11
[LightGBM] [Debug] Trained a tree with leaves = 255
[LightGBM] [Info] Iteration:12, valid_1 rmse : 9.5279
[LightGBM] [Info] 0.449928 seconds elapsed, finished iteration 12
[LightGBM] [Debug] Trained a tree with leaves = 255
[LightGBM] [Info] Iteration:13, valid_1 rmse : 9.48547
[LightGBM] [Info] 0.492240 seconds elapsed, finished iteration 13
[LightGBM] [Debug] Trained a tree with leaves = 255
[LightGBM] [Info] Iteration:14, valid_1 rmse : 9.44974
[LightGBM] [Info] 0.527226 seconds elapsed, finished iteration 14
[LightGBM] [Debug] Trained a tree with leaves = 255
[LightGBM] [Info] Iteration:15, valid_1 rmse : 9.41999
[LightGBM] [Info] 0.562190 seconds elapsed, finished iteration 15
[LightGBM] [Debug] Trained a tree with leaves = 255
[LightGBM] [Info] Iteration:16, valid_1 rmse : 9.38922
[LightGBM] [Info] 0.597598 seconds elapsed, finished iteration 16
[LightGBM] [Debug] Trained a tree with leaves = 255
[LightGBM] [Info] Iteration:17, valid_1 rmse : 9.36352
[LightGBM] [Info] 0.632700 seconds elapsed, finished iteration 17
[LightGBM] [Debug] Trained a tree with leaves = 255
[LightGBM] [Info] Iteration:18, valid_1 rmse : 9.34029
[LightGBM] [Info] 0.667567 seconds elapsed, finished iteration 18
[LightGBM] [Debug] Trained a tree with leaves = 255
[LightGBM] [Info] Iteration:19, valid_1 rmse : 9.31659
[LightGBM] [Info] 0.702956 seconds elapsed, finished iteration 19
[LightGBM] [Debug] Trained a tree with leaves = 255
[LightGBM] [Info] Iteration:20, valid_1 rmse : 9.29662
[LightGBM] [Info] 0.737979 seconds elapsed, finished iteration 20
[LightGBM] [Debug] Trained a tree with leaves = 255
[LightGBM] [Info] Iteration:21, valid_1 rmse : 9.27713
[LightGBM] [Info] 0.772976 seconds elapsed, finished iteration 21
[LightGBM] [Debug] Trained a tree with leaves = 255
[LightGBM] [Info] Iteration:22, valid_1 rmse : 9.25767
[LightGBM] [Info] 0.807761 seconds elapsed, finished iteration 22
[LightGBM] [Debug] Trained a tree with leaves = 255
[LightGBM] [Info] Iteration:23, valid_1 rmse : 9.24222
[LightGBM] [Info] 0.842876 seconds elapsed, finished iteration 23
[LightGBM] [Debug] Trained a tree with leaves = 255
[LightGBM] [Info] Iteration:24, valid_1 rmse : 9.22913
[LightGBM] [Info] 0.878318 seconds elapsed, finished iteration 24
[LightGBM] [Debug] Trained a tree with leaves = 255
[LightGBM] [Info] Iteration:25, valid_1 rmse : 9.21675
[LightGBM] [Info] 0.913435 seconds elapsed, finished iteration 25
[LightGBM] [Debug] Trained a tree with leaves = 255
[LightGBM] [Info] Iteration:26, valid_1 rmse : 9.20331
[LightGBM] [Info] 0.948344 seconds elapsed, finished iteration 26
[LightGBM] [Debug] Trained a tree with leaves = 255
[LightGBM] [Info] Iteration:27, valid_1 rmse : 9.19387
[LightGBM] [Info] 0.983171 seconds elapsed, finished iteration 27
[LightGBM] [Debug] Trained a tree with leaves = 255
[LightGBM] [Info] Iteration:28, valid_1 rmse : 9.18383
[LightGBM] [Info] 1.018029 seconds elapsed, finished iteration 28
[LightGBM] [Debug] Trained a tree with leaves = 255
[LightGBM] [Info] Iteration:29, valid_1 rmse : 9.17459
[LightGBM] [Info] 1.052976 seconds elapsed, finished iteration 29
[LightGBM] [Debug] Trained a tree with leaves = 255
[LightGBM] [Info] Iteration:30, valid_1 rmse : 9.16381
[LightGBM] [Info] 1.089358 seconds elapsed, finished iteration 30
[LightGBM] [Debug] Trained a tree with leaves = 255
[LightGBM] [Info] Iteration:31, valid_1 rmse : 9.15628
[LightGBM] [Info] 1.125656 seconds elapsed, finished iteration 31
[LightGBM] [Debug] Trained a tree with leaves = 255
[LightGBM] [Info] Iteration:32, valid_1 rmse : 9.14809
[LightGBM] [Info] 1.162318 seconds elapsed, finished iteration 32
[LightGBM] [Debug] Trained a tree with leaves = 255
[LightGBM] [Info] Iteration:33, valid_1 rmse : 9.13963
[LightGBM] [Info] 1.200909 seconds elapsed, finished iteration 33
[LightGBM] [Debug] Trained a tree with leaves = 255
[LightGBM] [Info] Iteration:34, valid_1 rmse : 9.13429
[LightGBM] [Info] 1.237647 seconds elapsed, finished iteration 34
[LightGBM] [Debug] Trained a tree with leaves = 255
[LightGBM] [Info] Iteration:35, valid_1 rmse : 9.12962
[LightGBM] [Info] 1.273984 seconds elapsed, finished iteration 35
[LightGBM] [Debug] Trained a tree with leaves = 255
[LightGBM] [Info] Iteration:36, valid_1 rmse : 9.12428
[LightGBM] [Info] 1.311393 seconds elapsed, finished iteration 36
[LightGBM] [Debug] Trained a tree with leaves = 255
[LightGBM] [Info] Iteration:37, valid_1 rmse : 9.11973
[LightGBM] [Info] 1.347711 seconds elapsed, finished iteration 37
[LightGBM] [Debug] Trained a tree with leaves = 255
[LightGBM] [Info] Iteration:38, valid_1 rmse : 9.11453
[LightGBM] [Info] 1.384390 seconds elapsed, finished iteration 38
[LightGBM] [Debug] Trained a tree with leaves = 255
[LightGBM] [Info] Iteration:39, valid_1 rmse : 9.10853
[LightGBM] [Info] 1.421098 seconds elapsed, finished iteration 39
[LightGBM] [Debug] Trained a tree with leaves = 255
[LightGBM] [Info] Iteration:40, valid_1 rmse : 9.10076
[LightGBM] [Info] 1.457729 seconds elapsed, finished iteration 40
[LightGBM] [Debug] Trained a tree with leaves = 255
[LightGBM] [Info] Iteration:41, valid_1 rmse : 9.09634
[LightGBM] [Info] 1.495288 seconds elapsed, finished iteration 41
[LightGBM] [Debug] Trained a tree with leaves = 255
[LightGBM] [Info] Iteration:42, valid_1 rmse : 9.0908
[LightGBM] [Info] 1.531658 seconds elapsed, finished iteration 42
[LightGBM] [Debug] Trained a tree with leaves = 255
[LightGBM] [Info] Iteration:43, valid_1 rmse : 9.08698
[LightGBM] [Info] 1.568210 seconds elapsed, finished iteration 43
[LightGBM] [Debug] Trained a tree with leaves = 255
[LightGBM] [Info] Iteration:44, valid_1 rmse : 9.08334
[LightGBM] [Info] 1.603262 seconds elapsed, finished iteration 44
[LightGBM] [Debug] Trained a tree with leaves = 255
[LightGBM] [Info] Iteration:45, valid_1 rmse : 9.07979
[LightGBM] [Info] 1.642756 seconds elapsed, finished iteration 45
[LightGBM] [Debug] Trained a tree with leaves = 255
[LightGBM] [Info] Iteration:46, valid_1 rmse : 9.07676
[LightGBM] [Info] 1.678009 seconds elapsed, finished iteration 46
[LightGBM] [Debug] Trained a tree with leaves = 255
[LightGBM] [Info] Iteration:47, valid_1 rmse : 9.07231
[LightGBM] [Info] 1.712819 seconds elapsed, finished iteration 47
[LightGBM] [Debug] Trained a tree with leaves = 255
[LightGBM] [Info] Iteration:48, valid_1 rmse : 9.06885
[LightGBM] [Info] 1.748096 seconds elapsed, finished iteration 48
[LightGBM] [Debug] Trained a tree with leaves = 255
[LightGBM] [Info] Iteration:49, valid_1 rmse : 9.06334
[LightGBM] [Info] 1.783114 seconds elapsed, finished iteration 49
[LightGBM] [Debug] Trained a tree with leaves = 255
[LightGBM] [Info] Iteration:50, valid_1 rmse : 9.061
[LightGBM] [Info] 1.818002 seconds elapsed, finished iteration 50
[LightGBM] [Debug] Trained a tree with leaves = 255
[LightGBM] [Info] Iteration:51, valid_1 rmse : 9.05759
[LightGBM] [Info] 1.853040 seconds elapsed, finished iteration 51
[LightGBM] [Debug] Trained a tree with leaves = 255
[LightGBM] [Info] Iteration:52, valid_1 rmse : 9.05463
[LightGBM] [Info] 1.887862 seconds elapsed, finished iteration 52
[LightGBM] [Debug] Trained a tree with leaves = 255
[LightGBM] [Info] Iteration:53, valid_1 rmse : 9.05319
[LightGBM] [Info] 1.922692 seconds elapsed, finished iteration 53
[LightGBM] [Debug] Trained a tree with leaves = 255
[LightGBM] [Info] Iteration:54, valid_1 rmse : 9.05143
[LightGBM] [Info] 1.957672 seconds elapsed, finished iteration 54
[LightGBM] [Debug] Trained a tree with leaves = 255
[LightGBM] [Info] Iteration:55, valid_1 rmse : 9.04944
[LightGBM] [Info] 1.992883 seconds elapsed, finished iteration 55
[LightGBM] [Debug] Trained a tree with leaves = 255
[LightGBM] [Info] Iteration:56, valid_1 rmse : 9.04618
[LightGBM] [Info] 2.028184 seconds elapsed, finished iteration 56
[LightGBM] [Debug] Trained a tree with leaves = 255
[LightGBM] [Info] Iteration:57, valid_1 rmse : 9.04293
[LightGBM] [Info] 2.063168 seconds elapsed, finished iteration 57
[LightGBM] [Debug] Trained a tree with leaves = 255
[LightGBM] [Info] Iteration:58, valid_1 rmse : 9.04047
[LightGBM] [Info] 2.098074 seconds elapsed, finished iteration 58
[LightGBM] [Debug] Trained a tree with leaves = 255
[LightGBM] [Info] Iteration:59, valid_1 rmse : 9.03712
[LightGBM] [Info] 2.132935 seconds elapsed, finished iteration 59
[LightGBM] [Debug] Trained a tree with leaves = 255
[LightGBM] [Info] Iteration:60, valid_1 rmse : 9.03586
[LightGBM] [Info] 2.167867 seconds elapsed, finished iteration 60
[LightGBM] [Debug] Trained a tree with leaves = 255
[LightGBM] [Info] Iteration:61, valid_1 rmse : 9.03266
[LightGBM] [Info] 2.202861 seconds elapsed, finished iteration 61
[LightGBM] [Debug] Trained a tree with leaves = 255
[LightGBM] [Info] Iteration:62, valid_1 rmse : 9.03007
[LightGBM] [Info] 2.237891 seconds elapsed, finished iteration 62
[LightGBM] [Debug] Trained a tree with leaves = 255
[LightGBM] [Info] Iteration:63, valid_1 rmse : 9.02874
[LightGBM] [Info] 2.272749 seconds elapsed, finished iteration 63
[LightGBM] [Debug] Trained a tree with leaves = 255
[LightGBM] [Info] Iteration:64, valid_1 rmse : 9.02808
[LightGBM] [Info] 2.309174 seconds elapsed, finished iteration 64
[LightGBM] [Debug] Trained a tree with leaves = 255
[LightGBM] [Info] Iteration:65, valid_1 rmse : 9.02591
[LightGBM] [Info] 2.344300 seconds elapsed, finished iteration 65
[LightGBM] [Debug] Trained a tree with leaves = 255
[LightGBM] [Info] Iteration:66, valid_1 rmse : 9.02463
[LightGBM] [Info] 2.379259 seconds elapsed, finished iteration 66
[LightGBM] [Debug] Trained a tree with leaves = 255
[LightGBM] [Info] Iteration:67, valid_1 rmse : 9.02283
[LightGBM] [Info] 2.414465 seconds elapsed, finished iteration 67
[LightGBM] [Debug] Trained a tree with leaves = 255
[LightGBM] [Info] Iteration:68, valid_1 rmse : 9.02101
[LightGBM] [Info] 2.449538 seconds elapsed, finished iteration 68
[LightGBM] [Debug] Trained a tree with leaves = 255
[LightGBM] [Info] Iteration:69, valid_1 rmse : 9.01993
[LightGBM] [Info] 2.484415 seconds elapsed, finished iteration 69
[LightGBM] [Debug] Trained a tree with leaves = 255
[LightGBM] [Info] Iteration:70, valid_1 rmse : 9.01842
[LightGBM] [Info] 2.524732 seconds elapsed, finished iteration 70
[LightGBM] [Debug] Trained a tree with leaves = 255
[LightGBM] [Info] Iteration:71, valid_1 rmse : 9.01646
[LightGBM] [Info] 2.559864 seconds elapsed, finished iteration 71
[LightGBM] [Debug] Trained a tree with leaves = 255
[LightGBM] [Info] Iteration:72, valid_1 rmse : 9.01588
[LightGBM] [Info] 2.594956 seconds elapsed, finished iteration 72
[LightGBM] [Debug] Trained a tree with leaves = 255
[LightGBM] [Info] Iteration:73, valid_1 rmse : 9.01348
[LightGBM] [Info] 2.630250 seconds elapsed, finished iteration 73
[LightGBM] [Debug] Trained a tree with leaves = 255
[LightGBM] [Info] Iteration:74, valid_1 rmse : 9.01099
[LightGBM] [Info] 2.665321 seconds elapsed, finished iteration 74
[LightGBM] [Debug] Trained a tree with leaves = 255
[LightGBM] [Info] Iteration:75, valid_1 rmse : 9.00908
[LightGBM] [Info] 2.700829 seconds elapsed, finished iteration 75
[LightGBM] [Debug] Trained a tree with leaves = 255
[LightGBM] [Info] Iteration:76, valid_1 rmse : 9.00753
[LightGBM] [Info] 2.736113 seconds elapsed, finished iteration 76
[LightGBM] [Debug] Trained a tree with leaves = 255
[LightGBM] [Info] Iteration:77, valid_1 rmse : 9.0064
[LightGBM] [Info] 2.778249 seconds elapsed, finished iteration 77
[LightGBM] [Debug] Trained a tree with leaves = 255
[LightGBM] [Info] Iteration:78, valid_1 rmse : 9.00532
[LightGBM] [Info] 2.813478 seconds elapsed, finished iteration 78
[LightGBM] [Debug] Trained a tree with leaves = 255
[LightGBM] [Info] Iteration:79, valid_1 rmse : 9.00401
[LightGBM] [Info] 2.848499 seconds elapsed, finished iteration 79
[LightGBM] [Debug] Trained a tree with leaves = 255
[LightGBM] [Info] Iteration:80, valid_1 rmse : 9.00271
[LightGBM] [Info] 2.884245 seconds elapsed, finished iteration 80
[LightGBM] [Debug] Trained a tree with leaves = 255
[LightGBM] [Info] Iteration:81, valid_1 rmse : 9.00128
[LightGBM] [Info] 2.919184 seconds elapsed, finished iteration 81
[LightGBM] [Debug] Trained a tree with leaves = 255
[LightGBM] [Info] Iteration:82, valid_1 rmse : 9.00009
[LightGBM] [Info] 2.954401 seconds elapsed, finished iteration 82
[LightGBM] [Debug] Trained a tree with leaves = 255
[LightGBM] [Info] Iteration:83, valid_1 rmse : 8.9989
[LightGBM] [Info] 2.995179 seconds elapsed, finished iteration 83
[LightGBM] [Debug] Trained a tree with leaves = 255
[LightGBM] [Info] Iteration:84, valid_1 rmse : 8.99919
[LightGBM] [Info] 3.030177 seconds elapsed, finished iteration 84
[LightGBM] [Debug] Trained a tree with leaves = 255
[LightGBM] [Info] Iteration:85, valid_1 rmse : 8.99863
[LightGBM] [Info] 3.065369 seconds elapsed, finished iteration 85
[LightGBM] [Debug] Trained a tree with leaves = 255
[LightGBM] [Info] Iteration:86, valid_1 rmse : 8.99746
[LightGBM] [Info] 3.102335 seconds elapsed, finished iteration 86
[LightGBM] [Debug] Trained a tree with leaves = 255
[LightGBM] [Info] Iteration:87, valid_1 rmse : 8.99653
[LightGBM] [Info] 3.137413 seconds elapsed, finished iteration 87
[LightGBM] [Debug] Trained a tree with leaves = 255
[LightGBM] [Info] Iteration:88, valid_1 rmse : 8.99638
[LightGBM] [Info] 3.173108 seconds elapsed, finished iteration 88
[LightGBM] [Debug] Trained a tree with leaves = 255
[LightGBM] [Info] Iteration:89, valid_1 rmse : 8.99546
[LightGBM] [Info] 3.208142 seconds elapsed, finished iteration 89
[LightGBM] [Debug] Trained a tree with leaves = 255
[LightGBM] [Info] Iteration:90, valid_1 rmse : 8.99476
[LightGBM] [Info] 3.243502 seconds elapsed, finished iteration 90
[LightGBM] [Debug] Trained a tree with leaves = 255
[LightGBM] [Info] Iteration:91, valid_1 rmse : 8.9948
[LightGBM] [Info] 3.279203 seconds elapsed, finished iteration 91
[LightGBM] [Debug] Trained a tree with leaves = 255
[LightGBM] [Info] Iteration:92, valid_1 rmse : 8.99386
[LightGBM] [Info] 3.314365 seconds elapsed, finished iteration 92
[LightGBM] [Debug] Trained a tree with leaves = 255
[LightGBM] [Info] Iteration:93, valid_1 rmse : 8.99271
[LightGBM] [Info] 3.349325 seconds elapsed, finished iteration 93
[LightGBM] [Debug] Trained a tree with leaves = 255
[LightGBM] [Info] Iteration:94, valid_1 rmse : 8.99157
[LightGBM] [Info] 3.384480 seconds elapsed, finished iteration 94
[LightGBM] [Debug] Trained a tree with leaves = 255
[LightGBM] [Info] Iteration:95, valid_1 rmse : 8.99187
[LightGBM] [Info] 3.419381 seconds elapsed, finished iteration 95
[LightGBM] [Debug] Trained a tree with leaves = 255
[LightGBM] [Info] Iteration:96, valid_1 rmse : 8.9902
[LightGBM] [Info] 3.454905 seconds elapsed, finished iteration 96
[LightGBM] [Debug] Trained a tree with leaves = 255
[LightGBM] [Info] Iteration:97, valid_1 rmse : 8.99024
[LightGBM] [Info] 3.492910 seconds elapsed, finished iteration 97
[LightGBM] [Debug] Trained a tree with leaves = 255
[LightGBM] [Info] Iteration:98, valid_1 rmse : 8.9905
[LightGBM] [Info] 3.530946 seconds elapsed, finished iteration 98
[LightGBM] [Debug] Trained a tree with leaves = 255
[LightGBM] [Info] Iteration:99, valid_1 rmse : 8.99021
[LightGBM] [Info] 3.566098 seconds elapsed, finished iteration 99
[LightGBM] [Debug] Trained a tree with leaves = 255
[LightGBM] [Info] Iteration:100, valid_1 rmse : 8.99006
[LightGBM] [Info] 3.604363 seconds elapsed, finished iteration 100
[LightGBM] [Debug] Trained a tree with leaves = 255
[LightGBM] [Info] Iteration:101, valid_1 rmse : 8.98978
[LightGBM] [Info] 3.646604 seconds elapsed, finished iteration 101
[LightGBM] [Debug] Trained a tree with leaves = 255
[LightGBM] [Info] Iteration:102, valid_1 rmse : 8.98989
[LightGBM] [Info] 3.694321 seconds elapsed, finished iteration 102
[LightGBM] [Debug] Trained a tree with leaves = 255
[LightGBM] [Info] Iteration:103, valid_1 rmse : 8.9882
[LightGBM] [Info] 3.729413 seconds elapsed, finished iteration 103
[LightGBM] [Debug] Trained a tree with leaves = 255
[LightGBM] [Info] Iteration:104, valid_1 rmse : 8.98846
[LightGBM] [Info] 3.764989 seconds elapsed, finished iteration 104
[LightGBM] [Debug] Trained a tree with leaves = 255
[LightGBM] [Info] Iteration:105, valid_1 rmse : 8.9876
[LightGBM] [Info] 3.799971 seconds elapsed, finished iteration 105
[LightGBM] [Debug] Trained a tree with leaves = 255
[LightGBM] [Info] Iteration:106, valid_1 rmse : 8.98814
[LightGBM] [Info] 3.834777 seconds elapsed, finished iteration 106
[LightGBM] [Debug] Trained a tree with leaves = 255
[LightGBM] [Info] Iteration:107, valid_1 rmse : 8.98724
[LightGBM] [Info] 3.869896 seconds elapsed, finished iteration 107
[LightGBM] [Debug] Trained a tree with leaves = 255
[LightGBM] [Info] Iteration:108, valid_1 rmse : 8.9855
[LightGBM] [Info] 3.905459 seconds elapsed, finished iteration 108
[LightGBM] [Debug] Trained a tree with leaves = 255
[LightGBM] [Info] Iteration:109, valid_1 rmse : 8.98446
[LightGBM] [Info] 3.940705 seconds elapsed, finished iteration 109
[LightGBM] [Debug] Trained a tree with leaves = 255
[LightGBM] [Info] Iteration:110, valid_1 rmse : 8.98371
[LightGBM] [Info] 3.976287 seconds elapsed, finished iteration 110
[LightGBM] [Debug] Trained a tree with leaves = 255
[LightGBM] [Info] Iteration:111, valid_1 rmse : 8.98379
[LightGBM] [Info] 4.011557 seconds elapsed, finished iteration 111
[LightGBM] [Debug] Trained a tree with leaves = 255
[LightGBM] [Info] Iteration:112, valid_1 rmse : 8.98301
[LightGBM] [Info] 4.049068 seconds elapsed, finished iteration 112
[LightGBM] [Debug] Trained a tree with leaves = 255
[LightGBM] [Info] Iteration:113, valid_1 rmse : 8.98361
[LightGBM] [Info] 4.087964 seconds elapsed, finished iteration 113
[LightGBM] [Debug] Trained a tree with leaves = 255
[LightGBM] [Info] Iteration:114, valid_1 rmse : 8.98182
[LightGBM] [Info] 4.124673 seconds elapsed, finished iteration 114
[LightGBM] [Debug] Trained a tree with leaves = 255
[LightGBM] [Info] Iteration:115, valid_1 rmse : 8.98203
[LightGBM] [Info] 4.160101 seconds elapsed, finished iteration 115
[LightGBM] [Debug] Trained a tree with leaves = 255
[LightGBM] [Info] Iteration:116, valid_1 rmse : 8.98171
[LightGBM] [Info] 4.195309 seconds elapsed, finished iteration 116
[LightGBM] [Debug] Trained a tree with leaves = 255
[LightGBM] [Info] Iteration:117, valid_1 rmse : 8.9816
[LightGBM] [Info] 4.230478 seconds elapsed, finished iteration 117
[LightGBM] [Debug] Trained a tree with leaves = 255
[LightGBM] [Info] Iteration:118, valid_1 rmse : 8.98179
[LightGBM] [Info] 4.265574 seconds elapsed, finished iteration 118
[LightGBM] [Debug] Trained a tree with leaves = 255
[LightGBM] [Info] Iteration:119, valid_1 rmse : 8.98091
[LightGBM] [Info] 4.301810 seconds elapsed, finished iteration 119
[LightGBM] [Debug] Trained a tree with leaves = 255
[LightGBM] [Info] Iteration:120, valid_1 rmse : 8.98075
[LightGBM] [Info] 4.337643 seconds elapsed, finished iteration 120
[LightGBM] [Debug] Trained a tree with leaves = 255
[LightGBM] [Info] Iteration:121, valid_1 rmse : 8.98005
[LightGBM] [Info] 4.374637 seconds elapsed, finished iteration 121
[LightGBM] [Debug] Trained a tree with leaves = 255
[LightGBM] [Info] Iteration:122, valid_1 rmse : 8.97832
[LightGBM] [Info] 4.410452 seconds elapsed, finished iteration 122
[LightGBM] [Debug] Trained a tree with leaves = 255
[LightGBM] [Info] Iteration:123, valid_1 rmse : 8.97719
[LightGBM] [Info] 4.446899 seconds elapsed, finished iteration 123
[LightGBM] [Debug] Trained a tree with leaves = 255
[LightGBM] [Info] Iteration:124, valid_1 rmse : 8.97681
[LightGBM] [Info] 4.485743 seconds elapsed, finished iteration 124
[LightGBM] [Debug] Trained a tree with leaves = 255
[LightGBM] [Info] Iteration:125, valid_1 rmse : 8.9772
[LightGBM] [Info] 4.523723 seconds elapsed, finished iteration 125
[LightGBM] [Debug] Trained a tree with leaves = 255
[LightGBM] [Info] Iteration:126, valid_1 rmse : 8.97679
[LightGBM] [Info] 4.560140 seconds elapsed, finished iteration 126
[LightGBM] [Debug] Trained a tree with leaves = 255
[LightGBM] [Info] Iteration:127, valid_1 rmse : 8.97687
[LightGBM] [Info] 4.595612 seconds elapsed, finished iteration 127
[LightGBM] [Debug] Trained a tree with leaves = 255
[LightGBM] [Info] Iteration:128, valid_1 rmse : 8.97642
[LightGBM] [Info] 4.637719 seconds elapsed, finished iteration 128
[LightGBM] [Debug] Trained a tree with leaves = 255
[LightGBM] [Info] Iteration:129, valid_1 rmse : 8.97662
[LightGBM] [Info] 4.676651 seconds elapsed, finished iteration 129
[LightGBM] [Debug] Trained a tree with leaves = 255
[LightGBM] [Info] Iteration:130, valid_1 rmse : 8.97667
[LightGBM] [Info] 4.713082 seconds elapsed, finished iteration 130
[LightGBM] [Debug] Trained a tree with leaves = 255
[LightGBM] [Info] Iteration:131, valid_1 rmse : 8.97743
[LightGBM] [Info] 4.748428 seconds elapsed, finished iteration 131
[LightGBM] [Debug] Trained a tree with leaves = 255
[LightGBM] [Info] Iteration:132, valid_1 rmse : 8.97713
[LightGBM] [Info] 4.783979 seconds elapsed, finished iteration 132
[LightGBM] [Debug] Trained a tree with leaves = 255
[LightGBM] [Info] Iteration:133, valid_1 rmse : 8.97641
[LightGBM] [Info] 4.819267 seconds elapsed, finished iteration 133
[LightGBM] [Debug] Trained a tree with leaves = 255
[LightGBM] [Info] Iteration:134, valid_1 rmse : 8.97644
[LightGBM] [Info] 4.854573 seconds elapsed, finished iteration 134
[LightGBM] [Debug] Trained a tree with leaves = 255
[LightGBM] [Info] Iteration:135, valid_1 rmse : 8.97709
[LightGBM] [Info] 4.889877 seconds elapsed, finished iteration 135
[LightGBM] [Debug] Trained a tree with leaves = 255
[LightGBM] [Info] Iteration:136, valid_1 rmse : 8.97667
[LightGBM] [Info] 4.925218 seconds elapsed, finished iteration 136
[LightGBM] [Debug] Trained a tree with leaves = 255
[LightGBM] [Info] Iteration:137, valid_1 rmse : 8.97487
[LightGBM] [Info] 4.960513 seconds elapsed, finished iteration 137
[LightGBM] [Debug] Trained a tree with leaves = 255
[LightGBM] [Info] Iteration:138, valid_1 rmse : 8.97553
[LightGBM] [Info] 4.995854 seconds elapsed, finished iteration 138
[LightGBM] [Debug] Trained a tree with leaves = 255
[LightGBM] [Info] Iteration:139, valid_1 rmse : 8.97619
[LightGBM] [Info] 5.031410 seconds elapsed, finished iteration 139
[LightGBM] [Debug] Trained a tree with leaves = 255
[LightGBM] [Info] Iteration:140, valid_1 rmse : 8.97574
[LightGBM] [Info] 5.069792 seconds elapsed, finished iteration 140
[LightGBM] [Debug] Trained a tree with leaves = 255
[LightGBM] [Info] Iteration:141, valid_1 rmse : 8.97424
[LightGBM] [Info] 5.106846 seconds elapsed, finished iteration 141
[LightGBM] [Debug] Trained a tree with leaves = 255
[LightGBM] [Info] Iteration:142, valid_1 rmse : 8.97486
[LightGBM] [Info] 5.142894 seconds elapsed, finished iteration 142
[LightGBM] [Debug] Trained a tree with leaves = 255
[LightGBM] [Info] Iteration:143, valid_1 rmse : 8.97521
[LightGBM] [Info] 5.178182 seconds elapsed, finished iteration 143
[LightGBM] [Debug] Trained a tree with leaves = 255
[LightGBM] [Info] Iteration:144, valid_1 rmse : 8.97511
[LightGBM] [Info] 5.213884 seconds elapsed, finished iteration 144
[LightGBM] [Debug] Trained a tree with leaves = 255
[LightGBM] [Info] Iteration:145, valid_1 rmse : 8.97478
[LightGBM] [Info] 5.249828 seconds elapsed, finished iteration 145
[LightGBM] [Debug] Trained a tree with leaves = 255
[LightGBM] [Info] Iteration:146, valid_1 rmse : 8.97472
[LightGBM] [Info] 5.285444 seconds elapsed, finished iteration 146
[LightGBM] [Debug] Trained a tree with leaves = 255
[LightGBM] [Info] Iteration:147, valid_1 rmse : 8.97518
[LightGBM] [Info] 5.322670 seconds elapsed, finished iteration 147
[LightGBM] [Debug] Trained a tree with leaves = 255
[LightGBM] [Info] Iteration:148, valid_1 rmse : 8.97504
[LightGBM] [Info] 5.359231 seconds elapsed, finished iteration 148
[LightGBM] [Debug] Trained a tree with leaves = 255
[LightGBM] [Info] Iteration:149, valid_1 rmse : 8.97606
[LightGBM] [Info] 5.396654 seconds elapsed, finished iteration 149
[LightGBM] [Debug] Trained a tree with leaves = 255
[LightGBM] [Info] Iteration:150, valid_1 rmse : 8.97627
[LightGBM] [Info] 5.433608 seconds elapsed, finished iteration 150
[LightGBM] [Debug] Trained a tree with leaves = 255
[LightGBM] [Info] Iteration:151, valid_1 rmse : 8.97702
[LightGBM] [Info] 5.470389 seconds elapsed, finished iteration 151
[LightGBM] [Debug] Trained a tree with leaves = 255
[LightGBM] [Info] Iteration:152, valid_1 rmse : 8.97719
[LightGBM] [Info] 5.512642 seconds elapsed, finished iteration 152
[LightGBM] [Debug] Trained a tree with leaves = 255
[LightGBM] [Info] Iteration:153, valid_1 rmse : 8.97677
[LightGBM] [Info] 5.548306 seconds elapsed, finished iteration 153
[LightGBM] [Debug] Trained a tree with leaves = 255
[LightGBM] [Info] Iteration:154, valid_1 rmse : 8.97734
[LightGBM] [Info] 5.583495 seconds elapsed, finished iteration 154
[LightGBM] [Debug] Trained a tree with leaves = 255
[LightGBM] [Info] Iteration:155, valid_1 rmse : 8.97706
[LightGBM] [Info] 5.624326 seconds elapsed, finished iteration 155
[LightGBM] [Debug] Trained a tree with leaves = 255
[LightGBM] [Info] Iteration:156, valid_1 rmse : 8.97672
[LightGBM] [Info] 5.660640 seconds elapsed, finished iteration 156
[LightGBM] [Debug] Trained a tree with leaves = 255
[LightGBM] [Info] Iteration:157, valid_1 rmse : 8.97658
[LightGBM] [Info] 5.696541 seconds elapsed, finished iteration 157
[LightGBM] [Debug] Trained a tree with leaves = 255
[LightGBM] [Info] Iteration:158, valid_1 rmse : 8.97653
[LightGBM] [Info] 5.732226 seconds elapsed, finished iteration 158
[LightGBM] [Debug] Trained a tree with leaves = 255
[LightGBM] [Info] Iteration:159, valid_1 rmse : 8.9752
[LightGBM] [Info] 5.768839 seconds elapsed, finished iteration 159
[LightGBM] [Debug] Trained a tree with leaves = 255
[LightGBM] [Info] Iteration:160, valid_1 rmse : 8.97455
[LightGBM] [Info] 5.807200 seconds elapsed, finished iteration 160
[LightGBM] [Debug] Trained a tree with leaves = 255
[LightGBM] [Info] Iteration:161, valid_1 rmse : 8.9747
[LightGBM] [Info] 5.842673 seconds elapsed, finished iteration 161
[LightGBM] [Debug] Trained a tree with leaves = 255
[LightGBM] [Info] Iteration:162, valid_1 rmse : 8.97521
[LightGBM] [Info] 5.877733 seconds elapsed, finished iteration 162
[LightGBM] [Debug] Trained a tree with leaves = 255
[LightGBM] [Info] Iteration:163, valid_1 rmse : 8.97675
[LightGBM] [Info] 5.912924 seconds elapsed, finished iteration 163
[LightGBM] [Debug] Trained a tree with leaves = 255
[LightGBM] [Info] Iteration:164, valid_1 rmse : 8.97622
[LightGBM] [Info] 5.948209 seconds elapsed, finished iteration 164
[LightGBM] [Debug] Trained a tree with leaves = 255
[LightGBM] [Info] Iteration:165, valid_1 rmse : 8.97764
[LightGBM] [Info] 5.983460 seconds elapsed, finished iteration 165
[LightGBM] [Debug] Trained a tree with leaves = 255
[LightGBM] [Info] Iteration:166, valid_1 rmse : 8.97778
[LightGBM] [Info] 6.018652 seconds elapsed, finished iteration 166
[LightGBM] [Debug] Trained a tree with leaves = 255
[LightGBM] [Info] Iteration:167, valid_1 rmse : 8.97781
[LightGBM] [Info] 6.053940 seconds elapsed, finished iteration 167
[LightGBM] [Debug] Trained a tree with leaves = 255
[LightGBM] [Info] Iteration:168, valid_1 rmse : 8.97848
[LightGBM] [Info] 6.091061 seconds elapsed, finished iteration 168
[LightGBM] [Debug] Trained a tree with leaves = 255
[LightGBM] [Info] Iteration:169, valid_1 rmse : 8.97913
[LightGBM] [Info] 6.126258 seconds elapsed, finished iteration 169
[LightGBM] [Debug] Trained a tree with leaves = 255
[LightGBM] [Info] Iteration:170, valid_1 rmse : 8.97845
[LightGBM] [Info] 6.161331 seconds elapsed, finished iteration 170
[LightGBM] [Debug] Trained a tree with leaves = 255
[LightGBM] [Info] Iteration:171, valid_1 rmse : 8.97791
[LightGBM] [Info] 6.196391 seconds elapsed, finished iteration 171
[LightGBM] [Debug] Trained a tree with leaves = 255
[LightGBM] [Info] Iteration:172, valid_1 rmse : 8.97882
[LightGBM] [Info] 6.231610 seconds elapsed, finished iteration 172
[LightGBM] [Debug] Trained a tree with leaves = 255
[LightGBM] [Info] Iteration:173, valid_1 rmse : 8.97862
[LightGBM] [Info] 6.267836 seconds elapsed, finished iteration 173
[LightGBM] [Debug] Trained a tree with leaves = 255
[LightGBM] [Info] Iteration:174, valid_1 rmse : 8.97815
[LightGBM] [Info] 6.303049 seconds elapsed, finished iteration 174
[LightGBM] [Debug] Trained a tree with leaves = 255
[LightGBM] [Info] Iteration:175, valid_1 rmse : 8.97866
[LightGBM] [Info] 6.338722 seconds elapsed, finished iteration 175
[LightGBM] [Debug] Trained a tree with leaves = 255
[LightGBM] [Info] Iteration:176, valid_1 rmse : 8.9784
[LightGBM] [Info] 6.374755 seconds elapsed, finished iteration 176
[LightGBM] [Debug] Trained a tree with leaves = 255
[LightGBM] [Info] Iteration:177, valid_1 rmse : 8.97834
[LightGBM] [Info] 6.410290 seconds elapsed, finished iteration 177
[LightGBM] [Debug] Trained a tree with leaves = 255
[LightGBM] [Info] Iteration:178, valid_1 rmse : 8.97853
[LightGBM] [Info] 6.445917 seconds elapsed, finished iteration 178
[LightGBM] [Debug] Trained a tree with leaves = 255
[LightGBM] [Info] Iteration:179, valid_1 rmse : 8.97823
[LightGBM] [Info] 6.483618 seconds elapsed, finished iteration 179
[LightGBM] [Debug] Trained a tree with leaves = 255
[LightGBM] [Info] Iteration:180, valid_1 rmse : 8.97881
[LightGBM] [Info] 6.523157 seconds elapsed, finished iteration 180
[LightGBM] [Debug] Trained a tree with leaves = 255
[LightGBM] [Info] Iteration:181, valid_1 rmse : 8.97941
[LightGBM] [Info] 6.558906 seconds elapsed, finished iteration 181
[LightGBM] [Debug] Trained a tree with leaves = 255
[LightGBM] [Info] Iteration:182, valid_1 rmse : 8.97976
[LightGBM] [Info] 6.594294 seconds elapsed, finished iteration 182
[LightGBM] [Debug] Trained a tree with leaves = 255
[LightGBM] [Info] Iteration:183, valid_1 rmse : 8.97952
[LightGBM] [Info] 6.630529 seconds elapsed, finished iteration 183
[LightGBM] [Debug] Trained a tree with leaves = 255
[LightGBM] [Info] Iteration:184, valid_1 rmse : 8.97887
[LightGBM] [Info] 6.666256 seconds elapsed, finished iteration 184
[LightGBM] [Debug] Trained a tree with leaves = 255
[LightGBM] [Info] Iteration:185, valid_1 rmse : 8.97964
[LightGBM] [Info] 6.702016 seconds elapsed, finished iteration 185
[LightGBM] [Debug] Trained a tree with leaves = 255
[LightGBM] [Info] Iteration:186, valid_1 rmse : 8.97918
[LightGBM] [Info] 6.737399 seconds elapsed, finished iteration 186
[LightGBM] [Debug] Trained a tree with leaves = 255
[LightGBM] [Info] Iteration:187, valid_1 rmse : 8.97907
[LightGBM] [Info] 6.781583 seconds elapsed, finished iteration 187
[LightGBM] [Debug] Trained a tree with leaves = 255
[LightGBM] [Info] Iteration:188, valid_1 rmse : 8.97876
[LightGBM] [Info] 6.818907 seconds elapsed, finished iteration 188
[LightGBM] [Debug] Trained a tree with leaves = 255
[LightGBM] [Info] Iteration:189, valid_1 rmse : 8.97883
[LightGBM] [Info] 6.855908 seconds elapsed, finished iteration 189
[LightGBM] [Debug] Trained a tree with leaves = 255
[LightGBM] [Info] Iteration:190, valid_1 rmse : 8.97899
[LightGBM] [Info] 6.892636 seconds elapsed, finished iteration 190
[LightGBM] [Debug] Trained a tree with leaves = 255
[LightGBM] [Info] Iteration:191, valid_1 rmse : 8.97866
[LightGBM] [Info] 6.927893 seconds elapsed, finished iteration 191
[LightGBM] [Debug] Trained a tree with leaves = 255
[LightGBM] [Info] Iteration:192, valid_1 rmse : 8.97827
[LightGBM] [Info] 6.963813 seconds elapsed, finished iteration 192
[LightGBM] [Debug] Trained a tree with leaves = 255
[LightGBM] [Info] Iteration:193, valid_1 rmse : 8.97922
[LightGBM] [Info] 6.999634 seconds elapsed, finished iteration 193
[LightGBM] [Debug] Trained a tree with leaves = 255
[LightGBM] [Info] Iteration:194, valid_1 rmse : 8.97926
[LightGBM] [Info] 7.035061 seconds elapsed, finished iteration 194
[LightGBM] [Debug] Trained a tree with leaves = 255
[LightGBM] [Info] Iteration:195, valid_1 rmse : 8.97969
[LightGBM] [Info] 7.070911 seconds elapsed, finished iteration 195
[LightGBM] [Debug] Trained a tree with leaves = 255
[LightGBM] [Info] Iteration:196, valid_1 rmse : 8.98006
[LightGBM] [Info] 7.107195 seconds elapsed, finished iteration 196
[LightGBM] [Debug] Trained a tree with leaves = 255
[LightGBM] [Info] Iteration:197, valid_1 rmse : 8.98029
[LightGBM] [Info] 7.142807 seconds elapsed, finished iteration 197
[LightGBM] [Debug] Trained a tree with leaves = 255
[LightGBM] [Info] Iteration:198, valid_1 rmse : 8.97974
[LightGBM] [Info] 7.178000 seconds elapsed, finished iteration 198
[LightGBM] [Debug] Trained a tree with leaves = 255
[LightGBM] [Info] Iteration:199, valid_1 rmse : 8.97967
[LightGBM] [Info] 7.213166 seconds elapsed, finished iteration 199
[LightGBM] [Debug] Trained a tree with leaves = 255
[LightGBM] [Info] Iteration:200, valid_1 rmse : 8.97906
[LightGBM] [Info] 7.249813 seconds elapsed, finished iteration 200
[LightGBM] [Debug] Trained a tree with leaves = 255
[LightGBM] [Info] Iteration:201, valid_1 rmse : 8.97811
[LightGBM] [Info] 7.286318 seconds elapsed, finished iteration 201
[LightGBM] [Debug] Trained a tree with leaves = 255
[LightGBM] [Info] Iteration:202, valid_1 rmse : 8.97862
[LightGBM] [Info] 7.322337 seconds elapsed, finished iteration 202
[LightGBM] [Debug] Trained a tree with leaves = 255
[LightGBM] [Info] Iteration:203, valid_1 rmse : 8.97806
[LightGBM] [Info] 7.358138 seconds elapsed, finished iteration 203
[LightGBM] [Debug] Trained a tree with leaves = 255
[LightGBM] [Info] Iteration:204, valid_1 rmse : 8.97857
[LightGBM] [Info] 7.393643 seconds elapsed, finished iteration 204
[LightGBM] [Debug] Trained a tree with leaves = 255
[LightGBM] [Info] Iteration:205, valid_1 rmse : 8.97928
[LightGBM] [Info] 7.428896 seconds elapsed, finished iteration 205
[LightGBM] [Debug] Trained a tree with leaves = 255
[LightGBM] [Info] Iteration:206, valid_1 rmse : 8.97961
[LightGBM] [Info] 7.464801 seconds elapsed, finished iteration 206
[LightGBM] [Debug] Trained a tree with leaves = 255
[LightGBM] [Info] Iteration:207, valid_1 rmse : 8.9797
[LightGBM] [Info] 7.501905 seconds elapsed, finished iteration 207
[LightGBM] [Debug] Trained a tree with leaves = 255
[LightGBM] [Info] Iteration:208, valid_1 rmse : 8.97919
[LightGBM] [Info] 7.538360 seconds elapsed, finished iteration 208
[LightGBM] [Debug] Trained a tree with leaves = 255
[LightGBM] [Info] Iteration:209, valid_1 rmse : 8.97937
[LightGBM] [Info] 7.573904 seconds elapsed, finished iteration 209
[LightGBM] [Debug] Trained a tree with leaves = 255
[LightGBM] [Info] Iteration:210, valid_1 rmse : 8.9793
[LightGBM] [Info] 7.614601 seconds elapsed, finished iteration 210
[LightGBM] [Debug] Trained a tree with leaves = 255
[LightGBM] [Info] Iteration:211, valid_1 rmse : 8.97958
[LightGBM] [Info] 7.662533 seconds elapsed, finished iteration 211
[LightGBM] [Debug] Trained a tree with leaves = 255
[LightGBM] [Info] Iteration:212, valid_1 rmse : 8.98009
[LightGBM] [Info] 7.704156 seconds elapsed, finished iteration 212
[LightGBM] [Debug] Trained a tree with leaves = 255
[LightGBM] [Info] Iteration:213, valid_1 rmse : 8.97985
[LightGBM] [Info] 7.739913 seconds elapsed, finished iteration 213
[LightGBM] [Debug] Trained a tree with leaves = 255
[LightGBM] [Info] Iteration:214, valid_1 rmse : 8.9798
[LightGBM] [Info] 7.775998 seconds elapsed, finished iteration 214
[LightGBM] [Debug] Trained a tree with leaves = 255
[LightGBM] [Info] Iteration:215, valid_1 rmse : 8.98053
[LightGBM] [Info] 7.812279 seconds elapsed, finished iteration 215
[LightGBM] [Debug] Trained a tree with leaves = 255
[LightGBM] [Info] Iteration:216, valid_1 rmse : 8.98151
[LightGBM] [Info] 7.848196 seconds elapsed, finished iteration 216
[LightGBM] [Debug] Trained a tree with leaves = 255
[LightGBM] [Info] Iteration:217, valid_1 rmse : 8.9813
[LightGBM] [Info] 7.884472 seconds elapsed, finished iteration 217
[LightGBM] [Debug] Trained a tree with leaves = 255
[LightGBM] [Info] Iteration:218, valid_1 rmse : 8.98088
[LightGBM] [Info] 7.924810 seconds elapsed, finished iteration 218
[LightGBM] [Debug] Trained a tree with leaves = 255
[LightGBM] [Info] Iteration:219, valid_1 rmse : 8.98071
[LightGBM] [Info] 7.960782 seconds elapsed, finished iteration 219
[LightGBM] [Debug] Trained a tree with leaves = 255
[LightGBM] [Info] Iteration:220, valid_1 rmse : 8.98121
[LightGBM] [Info] 7.998067 seconds elapsed, finished iteration 220
[LightGBM] [Debug] Trained a tree with leaves = 255
[LightGBM] [Info] Iteration:221, valid_1 rmse : 8.98025
[LightGBM] [Info] 8.035416 seconds elapsed, finished iteration 221
[LightGBM] [Debug] Trained a tree with leaves = 255
[LightGBM] [Info] Iteration:222, valid_1 rmse : 8.97974
[LightGBM] [Info] 8.071897 seconds elapsed, finished iteration 222
[LightGBM] [Debug] Trained a tree with leaves = 255
[LightGBM] [Info] Iteration:223, valid_1 rmse : 8.98067
[LightGBM] [Info] 8.108208 seconds elapsed, finished iteration 223
[LightGBM] [Debug] Trained a tree with leaves = 255
[LightGBM] [Info] Iteration:224, valid_1 rmse : 8.98147
[LightGBM] [Info] 8.144534 seconds elapsed, finished iteration 224
[LightGBM] [Debug] Trained a tree with leaves = 255
[LightGBM] [Info] Iteration:225, valid_1 rmse : 8.98145
[LightGBM] [Info] 8.179988 seconds elapsed, finished iteration 225
[LightGBM] [Debug] Trained a tree with leaves = 255
[LightGBM] [Info] Iteration:226, valid_1 rmse : 8.98136
[LightGBM] [Info] 8.215557 seconds elapsed, finished iteration 226
[LightGBM] [Debug] Trained a tree with leaves = 255
[LightGBM] [Info] Iteration:227, valid_1 rmse : 8.98159
[LightGBM] [Info] 8.251331 seconds elapsed, finished iteration 227
[LightGBM] [Debug] Trained a tree with leaves = 255
[LightGBM] [Info] Iteration:228, valid_1 rmse : 8.98011
[LightGBM] [Info] 8.287206 seconds elapsed, finished iteration 228
[LightGBM] [Debug] Trained a tree with leaves = 255
[LightGBM] [Info] Iteration:229, valid_1 rmse : 8.98056
[LightGBM] [Info] 8.323153 seconds elapsed, finished iteration 229
[LightGBM] [Debug] Trained a tree with leaves = 255
[LightGBM] [Info] Iteration:230, valid_1 rmse : 8.97959
[LightGBM] [Info] 8.359021 seconds elapsed, finished iteration 230
[LightGBM] [Debug] Trained a tree with leaves = 255
[LightGBM] [Info] Iteration:231, valid_1 rmse : 8.97909
[LightGBM] [Info] 8.395018 seconds elapsed, finished iteration 231
[LightGBM] [Debug] Trained a tree with leaves = 255
[LightGBM] [Info] Iteration:232, valid_1 rmse : 8.97939
[LightGBM] [Info] 8.430403 seconds elapsed, finished iteration 232
[LightGBM] [Debug] Trained a tree with leaves = 255
[LightGBM] [Info] Iteration:233, valid_1 rmse : 8.97989
[LightGBM] [Info] 8.466260 seconds elapsed, finished iteration 233
[LightGBM] [Debug] Trained a tree with leaves = 255
[LightGBM] [Info] Iteration:234, valid_1 rmse : 8.98095
[LightGBM] [Info] 8.503766 seconds elapsed, finished iteration 234
[LightGBM] [Debug] Trained a tree with leaves = 255
[LightGBM] [Info] Iteration:235, valid_1 rmse : 8.98091
[LightGBM] [Info] 8.540837 seconds elapsed, finished iteration 235
[LightGBM] [Debug] Trained a tree with leaves = 255
[LightGBM] [Info] Iteration:236, valid_1 rmse : 8.98141
[LightGBM] [Info] 8.582274 seconds elapsed, finished iteration 236
[LightGBM] [Debug] Trained a tree with leaves = 255
[LightGBM] [Info] Iteration:237, valid_1 rmse : 8.982
[LightGBM] [Info] 8.618512 seconds elapsed, finished iteration 237
[LightGBM] [Debug] Trained a tree with leaves = 255
[LightGBM] [Info] Iteration:238, valid_1 rmse : 8.98289
[LightGBM] [Info] 8.656736 seconds elapsed, finished iteration 238
[LightGBM] [Debug] Trained a tree with leaves = 255
[LightGBM] [Info] Iteration:239, valid_1 rmse : 8.98426
[LightGBM] [Info] 8.694043 seconds elapsed, finished iteration 239
[LightGBM] [Debug] Trained a tree with leaves = 255
[LightGBM] [Info] Iteration:240, valid_1 rmse : 8.98482
[LightGBM] [Info] 8.734462 seconds elapsed, finished iteration 240
[LightGBM] [Debug] Trained a tree with leaves = 255
[LightGBM] [Info] Iteration:241, valid_1 rmse : 8.98543
[LightGBM] [Info] 8.771319 seconds elapsed, finished iteration 241
[LightGBM] [Debug] Trained a tree with leaves = 255
[LightGBM] [Info] Iteration:242, valid_1 rmse : 8.98523
[LightGBM] [Info] 8.808363 seconds elapsed, finished iteration 242
[LightGBM] [Debug] Trained a tree with leaves = 255
[LightGBM] [Info] Iteration:243, valid_1 rmse : 8.98566
[LightGBM] [Info] 8.846000 seconds elapsed, finished iteration 243
[LightGBM] [Debug] Trained a tree with leaves = 255
[LightGBM] [Info] Iteration:244, valid_1 rmse : 8.98613
[LightGBM] [Info] 8.881644 seconds elapsed, finished iteration 244
[LightGBM] [Debug] Trained a tree with leaves = 255
[LightGBM] [Info] Iteration:245, valid_1 rmse : 8.9871
[LightGBM] [Info] 8.920276 seconds elapsed, finished iteration 245
[LightGBM] [Debug] Trained a tree with leaves = 255
[LightGBM] [Info] Iteration:246, valid_1 rmse : 8.98697
[LightGBM] [Info] 8.956429 seconds elapsed, finished iteration 246
[LightGBM] [Debug] Trained a tree with leaves = 255
[LightGBM] [Info] Iteration:247, valid_1 rmse : 8.9875
[LightGBM] [Info] 8.992078 seconds elapsed, finished iteration 247
[LightGBM] [Debug] Trained a tree with leaves = 255
[LightGBM] [Info] Iteration:248, valid_1 rmse : 8.98783
[LightGBM] [Info] 9.027782 seconds elapsed, finished iteration 248
[LightGBM] [Debug] Trained a tree with leaves = 255
[LightGBM] [Info] Iteration:249, valid_1 rmse : 8.98828
[LightGBM] [Info] 9.063467 seconds elapsed, finished iteration 249
[LightGBM] [Debug] Trained a tree with leaves = 255
[LightGBM] [Info] Iteration:250, valid_1 rmse : 8.98855
[LightGBM] [Info] 9.100530 seconds elapsed, finished iteration 250
[LightGBM] [Debug] Trained a tree with leaves = 255
[LightGBM] [Info] Iteration:251, valid_1 rmse : 8.98856
[LightGBM] [Info] 9.136739 seconds elapsed, finished iteration 251
[LightGBM] [Debug] Trained a tree with leaves = 255
[LightGBM] [Info] Iteration:252, valid_1 rmse : 8.98866
[LightGBM] [Info] 9.172840 seconds elapsed, finished iteration 252
[LightGBM] [Debug] Trained a tree with leaves = 255
[LightGBM] [Info] Iteration:253, valid_1 rmse : 8.98835
[LightGBM] [Info] 9.209094 seconds elapsed, finished iteration 253
[LightGBM] [Debug] Trained a tree with leaves = 255
[LightGBM] [Info] Iteration:254, valid_1 rmse : 8.98796
[LightGBM] [Info] 9.245208 seconds elapsed, finished iteration 254
[LightGBM] [Debug] Trained a tree with leaves = 255
[LightGBM] [Info] Iteration:255, valid_1 rmse : 8.98742
[LightGBM] [Info] 9.280848 seconds elapsed, finished iteration 255
[LightGBM] [Debug] Trained a tree with leaves = 255
[LightGBM] [Info] Iteration:256, valid_1 rmse : 8.98793
[LightGBM] [Info] 9.320392 seconds elapsed, finished iteration 256
[LightGBM] [Debug] Trained a tree with leaves = 255
[LightGBM] [Info] Iteration:257, valid_1 rmse : 8.9877
[LightGBM] [Info] 9.357577 seconds elapsed, finished iteration 257
[LightGBM] [Debug] Trained a tree with leaves = 255
[LightGBM] [Info] Iteration:258, valid_1 rmse : 8.98722
[LightGBM] [Info] 9.393874 seconds elapsed, finished iteration 258
[LightGBM] [Debug] Trained a tree with leaves = 255
[LightGBM] [Info] Iteration:259, valid_1 rmse : 8.98686
[LightGBM] [Info] 9.429989 seconds elapsed, finished iteration 259
[LightGBM] [Debug] Trained a tree with leaves = 255
[LightGBM] [Info] Iteration:260, valid_1 rmse : 8.98684
[LightGBM] [Info] 9.465928 seconds elapsed, finished iteration 260
[LightGBM] [Debug] Trained a tree with leaves = 255
[LightGBM] [Info] Iteration:261, valid_1 rmse : 8.98772
[LightGBM] [Info] 9.506880 seconds elapsed, finished iteration 261
[LightGBM] [Debug] Trained a tree with leaves = 255
[LightGBM] [Info] Iteration:262, valid_1 rmse : 8.98769
[LightGBM] [Info] 9.543908 seconds elapsed, finished iteration 262
[LightGBM] [Debug] Trained a tree with leaves = 255
[LightGBM] [Info] Iteration:263, valid_1 rmse : 8.98741
[LightGBM] [Info] 9.579971 seconds elapsed, finished iteration 263
[LightGBM] [Debug] Trained a tree with leaves = 255
[LightGBM] [Info] Iteration:264, valid_1 rmse : 8.98791
[LightGBM] [Info] 9.616638 seconds elapsed, finished iteration 264
[LightGBM] [Debug] Trained a tree with leaves = 255
[LightGBM] [Info] Iteration:265, valid_1 rmse : 8.98816
[LightGBM] [Info] 9.653283 seconds elapsed, finished iteration 265
[LightGBM] [Debug] Trained a tree with leaves = 255
[LightGBM] [Info] Iteration:266, valid_1 rmse : 8.9883
[LightGBM] [Info] 9.689940 seconds elapsed, finished iteration 266
[LightGBM] [Debug] Trained a tree with leaves = 255
[LightGBM] [Info] Iteration:267, valid_1 rmse : 8.98835
[LightGBM] [Info] 9.726792 seconds elapsed, finished iteration 267
[LightGBM] [Debug] Trained a tree with leaves = 255
[LightGBM] [Info] Iteration:268, valid_1 rmse : 8.98851
[LightGBM] [Info] 9.763334 seconds elapsed, finished iteration 268
[LightGBM] [Debug] Trained a tree with leaves = 255
[LightGBM] [Info] Iteration:269, valid_1 rmse : 8.98818
[LightGBM] [Info] 9.801081 seconds elapsed, finished iteration 269
[LightGBM] [Debug] Trained a tree with leaves = 255
[LightGBM] [Info] Iteration:270, valid_1 rmse : 8.98882
[LightGBM] [Info] 9.837515 seconds elapsed, finished iteration 270
[LightGBM] [Debug] Trained a tree with leaves = 255
[LightGBM] [Info] Iteration:271, valid_1 rmse : 8.98942
[LightGBM] [Info] 9.874136 seconds elapsed, finished iteration 271
[LightGBM] [Debug] Trained a tree with leaves = 255
[LightGBM] [Info] Iteration:272, valid_1 rmse : 8.98875
[LightGBM] [Info] 9.910626 seconds elapsed, finished iteration 272
[LightGBM] [Debug] Trained a tree with leaves = 255
[LightGBM] [Info] Iteration:273, valid_1 rmse : 8.98847
[LightGBM] [Info] 9.948700 seconds elapsed, finished iteration 273
[LightGBM] [Debug] Trained a tree with leaves = 255
[LightGBM] [Info] Iteration:274, valid_1 rmse : 8.98898
[LightGBM] [Info] 9.985380 seconds elapsed, finished iteration 274
[LightGBM] [Debug] Trained a tree with leaves = 255
[LightGBM] [Info] Iteration:275, valid_1 rmse : 8.98942
[LightGBM] [Info] 10.021220 seconds elapsed, finished iteration 275
[LightGBM] [Debug] Trained a tree with leaves = 255
[LightGBM] [Info] Iteration:276, valid_1 rmse : 8.98991
[LightGBM] [Info] 10.058896 seconds elapsed, finished iteration 276
[LightGBM] [Debug] Trained a tree with leaves = 255
[LightGBM] [Info] Iteration:277, valid_1 rmse : 8.9904
[LightGBM] [Info] 10.096025 seconds elapsed, finished iteration 277
[LightGBM] [Debug] Trained a tree with leaves = 255
[LightGBM] [Info] Iteration:278, valid_1 rmse : 8.99167
[LightGBM] [Info] 10.132009 seconds elapsed, finished iteration 278
[LightGBM] [Debug] Trained a tree with leaves = 255
[LightGBM] [Info] Iteration:279, valid_1 rmse : 8.99092
[LightGBM] [Info] 10.168325 seconds elapsed, finished iteration 279
[LightGBM] [Debug] Trained a tree with leaves = 255
[LightGBM] [Info] Iteration:280, valid_1 rmse : 8.99148
[LightGBM] [Info] 10.204441 seconds elapsed, finished iteration 280
[LightGBM] [Debug] Trained a tree with leaves = 255
[LightGBM] [Info] Iteration:281, valid_1 rmse : 8.99124
[LightGBM] [Info] 10.242175 seconds elapsed, finished iteration 281
[LightGBM] [Debug] Trained a tree with leaves = 255
[LightGBM] [Info] Iteration:282, valid_1 rmse : 8.99131
[LightGBM] [Info] 10.278933 seconds elapsed, finished iteration 282
[LightGBM] [Debug] Trained a tree with leaves = 255
[LightGBM] [Info] Iteration:283, valid_1 rmse : 8.99165
[LightGBM] [Info] 10.314846 seconds elapsed, finished iteration 283
[LightGBM] [Debug] Trained a tree with leaves = 255
[LightGBM] [Info] Iteration:284, valid_1 rmse : 8.99111
[LightGBM] [Info] 10.351126 seconds elapsed, finished iteration 284
[LightGBM] [Debug] Trained a tree with leaves = 255
[LightGBM] [Info] Iteration:285, valid_1 rmse : 8.99155
[LightGBM] [Info] 10.387021 seconds elapsed, finished iteration 285
[LightGBM] [Debug] Trained a tree with leaves = 255
[LightGBM] [Info] Iteration:286, valid_1 rmse : 8.99143
[LightGBM] [Info] 10.423018 seconds elapsed, finished iteration 286
[LightGBM] [Debug] Trained a tree with leaves = 255
[LightGBM] [Info] Iteration:287, valid_1 rmse : 8.99097
[LightGBM] [Info] 10.458800 seconds elapsed, finished iteration 287
[LightGBM] [Debug] Trained a tree with leaves = 255
[LightGBM] [Info] Iteration:288, valid_1 rmse : 8.99102
[LightGBM] [Info] 10.497117 seconds elapsed, finished iteration 288
[LightGBM] [Debug] Trained a tree with leaves = 255
[LightGBM] [Info] Iteration:289, valid_1 rmse : 8.99157
[LightGBM] [Info] 10.533317 seconds elapsed, finished iteration 289
[LightGBM] [Debug] Trained a tree with leaves = 255
[LightGBM] [Info] Iteration:290, valid_1 rmse : 8.99173
[LightGBM] [Info] 10.570230 seconds elapsed, finished iteration 290
[LightGBM] [Debug] Trained a tree with leaves = 255
[LightGBM] [Info] Iteration:291, valid_1 rmse : 8.99218
[LightGBM] [Info] 10.606374 seconds elapsed, finished iteration 291
[LightGBM] [Debug] Trained a tree with leaves = 255
[LightGBM] [Info] Iteration:292, valid_1 rmse : 8.99219
[LightGBM] [Info] 10.647832 seconds elapsed, finished iteration 292
[LightGBM] [Debug] Trained a tree with leaves = 255
[LightGBM] [Info] Iteration:293, valid_1 rmse : 8.99258
[LightGBM] [Info] 10.687293 seconds elapsed, finished iteration 293
[LightGBM] [Debug] Trained a tree with leaves = 255
[LightGBM] [Info] Iteration:294, valid_1 rmse : 8.99295
[LightGBM] [Info] 10.725833 seconds elapsed, finished iteration 294
[LightGBM] [Debug] Trained a tree with leaves = 255
[LightGBM] [Info] Iteration:295, valid_1 rmse : 8.9938
[LightGBM] [Info] 10.762028 seconds elapsed, finished iteration 295
[LightGBM] [Debug] Trained a tree with leaves = 255
[LightGBM] [Info] Iteration:296, valid_1 rmse : 8.99388
[LightGBM] [Info] 10.798497 seconds elapsed, finished iteration 296
[LightGBM] [Debug] Trained a tree with leaves = 255
[LightGBM] [Info] Iteration:297, valid_1 rmse : 8.99435
[LightGBM] [Info] 10.834557 seconds elapsed, finished iteration 297
[LightGBM] [Debug] Trained a tree with leaves = 255
[LightGBM] [Info] Iteration:298, valid_1 rmse : 8.99434
[LightGBM] [Info] 10.871290 seconds elapsed, finished iteration 298
[LightGBM] [Debug] Trained a tree with leaves = 255
[LightGBM] [Info] Iteration:299, valid_1 rmse : 8.99417
[LightGBM] [Info] 10.907288 seconds elapsed, finished iteration 299
[LightGBM] [Debug] Trained a tree with leaves = 255
[LightGBM] [Info] Iteration:300, valid_1 rmse : 8.99378
[LightGBM] [Info] 10.944243 seconds elapsed, finished iteration 300
[LightGBM] [Debug] Trained a tree with leaves = 255
[LightGBM] [Info] Iteration:301, valid_1 rmse : 8.99348
[LightGBM] [Info] 10.981540 seconds elapsed, finished iteration 301
[LightGBM] [Debug] Trained a tree with leaves = 255
[LightGBM] [Info] Iteration:302, valid_1 rmse : 8.99319
[LightGBM] [Info] 11.017790 seconds elapsed, finished iteration 302
[LightGBM] [Debug] Trained a tree with leaves = 255
[LightGBM] [Info] Iteration:303, valid_1 rmse : 8.99281
[LightGBM] [Info] 11.054360 seconds elapsed, finished iteration 303
[LightGBM] [Debug] Trained a tree with leaves = 255
[LightGBM] [Info] Iteration:304, valid_1 rmse : 8.99293
[LightGBM] [Info] 11.092232 seconds elapsed, finished iteration 304
[LightGBM] [Debug] Trained a tree with leaves = 255
[LightGBM] [Info] Iteration:305, valid_1 rmse : 8.99297
[LightGBM] [Info] 11.130151 seconds elapsed, finished iteration 305
[LightGBM] [Debug] Trained a tree with leaves = 255
[LightGBM] [Info] Iteration:306, valid_1 rmse : 8.99315
[LightGBM] [Info] 11.166579 seconds elapsed, finished iteration 306
[LightGBM] [Debug] Trained a tree with leaves = 255
[LightGBM] [Info] Iteration:307, valid_1 rmse : 8.99284
[LightGBM] [Info] 11.204264 seconds elapsed, finished iteration 307
[LightGBM] [Debug] Trained a tree with leaves = 255
[LightGBM] [Info] Iteration:308, valid_1 rmse : 8.99308
[LightGBM] [Info] 11.242001 seconds elapsed, finished iteration 308
[LightGBM] [Debug] Trained a tree with leaves = 255
[LightGBM] [Info] Iteration:309, valid_1 rmse : 8.9935
[LightGBM] [Info] 11.279837 seconds elapsed, finished iteration 309
[LightGBM] [Debug] Trained a tree with leaves = 255
[LightGBM] [Info] Iteration:310, valid_1 rmse : 8.99416
[LightGBM] [Info] 11.316317 seconds elapsed, finished iteration 310
[LightGBM] [Debug] Trained a tree with leaves = 255
[LightGBM] [Info] Iteration:311, valid_1 rmse : 8.99419
[LightGBM] [Info] 11.352415 seconds elapsed, finished iteration 311
[LightGBM] [Debug] Trained a tree with leaves = 255
[LightGBM] [Info] Iteration:312, valid_1 rmse : 8.99443
[LightGBM] [Info] 11.391211 seconds elapsed, finished iteration 312
[LightGBM] [Debug] Trained a tree with leaves = 255
[LightGBM] [Info] Iteration:313, valid_1 rmse : 8.99327
[LightGBM] [Info] 11.427635 seconds elapsed, finished iteration 313
[LightGBM] [Debug] Trained a tree with leaves = 255
[LightGBM] [Info] Iteration:314, valid_1 rmse : 8.99354
[LightGBM] [Info] 11.464162 seconds elapsed, finished iteration 314
[LightGBM] [Debug] Trained a tree with leaves = 255
[LightGBM] [Info] Iteration:315, valid_1 rmse : 8.99331
[LightGBM] [Info] 11.500344 seconds elapsed, finished iteration 315
[LightGBM] [Debug] Trained a tree with leaves = 255
[LightGBM] [Info] Iteration:316, valid_1 rmse : 8.99415
[LightGBM] [Info] 11.536536 seconds elapsed, finished iteration 316
[LightGBM] [Debug] Trained a tree with leaves = 255
[LightGBM] [Info] Iteration:317, valid_1 rmse : 8.99369
[LightGBM] [Info] 11.572967 seconds elapsed, finished iteration 317
[LightGBM] [Debug] Trained a tree with leaves = 255
[LightGBM] [Info] Iteration:318, valid_1 rmse : 8.99347
[LightGBM] [Info] 11.609309 seconds elapsed, finished iteration 318
[LightGBM] [Debug] Trained a tree with leaves = 255
[LightGBM] [Info] Iteration:319, valid_1 rmse : 8.99327
[LightGBM] [Info] 11.646134 seconds elapsed, finished iteration 319
[LightGBM] [Debug] Trained a tree with leaves = 255
[LightGBM] [Info] Iteration:320, valid_1 rmse : 8.99364
[LightGBM] [Info] 11.683062 seconds elapsed, finished iteration 320
[LightGBM] [Debug] Trained a tree with leaves = 255
[LightGBM] [Info] Iteration:321, valid_1 rmse : 8.99438
[LightGBM] [Info] 11.719646 seconds elapsed, finished iteration 321
[LightGBM] [Debug] Trained a tree with leaves = 255
[LightGBM] [Info] Iteration:322, valid_1 rmse : 8.99453
[LightGBM] [Info] 11.756293 seconds elapsed, finished iteration 322
[LightGBM] [Debug] Trained a tree with leaves = 255
[LightGBM] [Info] Iteration:323, valid_1 rmse : 8.99482
[LightGBM] [Info] 11.792401 seconds elapsed, finished iteration 323
[LightGBM] [Debug] Trained a tree with leaves = 255
[LightGBM] [Info] Iteration:324, valid_1 rmse : 8.99535
[LightGBM] [Info] 11.828965 seconds elapsed, finished iteration 324
[LightGBM] [Debug] Trained a tree with leaves = 255
[LightGBM] [Info] Iteration:325, valid_1 rmse : 8.99512
[LightGBM] [Info] 11.865485 seconds elapsed, finished iteration 325
[LightGBM] [Debug] Trained a tree with leaves = 255
[LightGBM] [Info] Iteration:326, valid_1 rmse : 8.99556
[LightGBM] [Info] 11.902167 seconds elapsed, finished iteration 326
[LightGBM] [Debug] Trained a tree with leaves = 255
[LightGBM] [Info] Iteration:327, valid_1 rmse : 8.99624
[LightGBM] [Info] 11.938748 seconds elapsed, finished iteration 327
[LightGBM] [Debug] Trained a tree with leaves = 255
[LightGBM] [Info] Iteration:328, valid_1 rmse : 8.99641
[LightGBM] [Info] 11.975315 seconds elapsed, finished iteration 328
[LightGBM] [Debug] Trained a tree with leaves = 255
[LightGBM] [Info] Iteration:329, valid_1 rmse : 8.99677
[LightGBM] [Info] 12.011761 seconds elapsed, finished iteration 329
[LightGBM] [Debug] Trained a tree with leaves = 255
[LightGBM] [Info] Iteration:330, valid_1 rmse : 8.99786
[LightGBM] [Info] 12.048293 seconds elapsed, finished iteration 330
[LightGBM] [Debug] Trained a tree with leaves = 255
[LightGBM] [Info] Iteration:331, valid_1 rmse : 8.99804
[LightGBM] [Info] 12.085281 seconds elapsed, finished iteration 331
[LightGBM] [Debug] Trained a tree with leaves = 255
[LightGBM] [Info] Iteration:332, valid_1 rmse : 8.99782
[LightGBM] [Info] 12.122112 seconds elapsed, finished iteration 332
[LightGBM] [Debug] Trained a tree with leaves = 255
[LightGBM] [Info] Iteration:333, valid_1 rmse : 8.99736
[LightGBM] [Info] 12.158569 seconds elapsed, finished iteration 333
[LightGBM] [Debug] Trained a tree with leaves = 255
[LightGBM] [Info] Iteration:334, valid_1 rmse : 8.9971
[LightGBM] [Info] 12.195118 seconds elapsed, finished iteration 334
[LightGBM] [Debug] Trained a tree with leaves = 255
[LightGBM] [Info] Iteration:335, valid_1 rmse : 8.99762
[LightGBM] [Info] 12.237228 seconds elapsed, finished iteration 335
[LightGBM] [Debug] Trained a tree with leaves = 255
[LightGBM] [Info] Iteration:336, valid_1 rmse : 8.99774
[LightGBM] [Info] 12.274465 seconds elapsed, finished iteration 336
[LightGBM] [Debug] Trained a tree with leaves = 255
[LightGBM] [Info] Iteration:337, valid_1 rmse : 8.99765
[LightGBM] [Info] 12.311083 seconds elapsed, finished iteration 337
[LightGBM] [Debug] Trained a tree with leaves = 255
[LightGBM] [Info] Iteration:338, valid_1 rmse : 8.99818
[LightGBM] [Info] 12.349312 seconds elapsed, finished iteration 338
[LightGBM] [Debug] Trained a tree with leaves = 255
[LightGBM] [Info] Iteration:339, valid_1 rmse : 8.99847
[LightGBM] [Info] 12.385992 seconds elapsed, finished iteration 339
[LightGBM] [Debug] Trained a tree with leaves = 255
[LightGBM] [Info] Iteration:340, valid_1 rmse : 8.99862
[LightGBM] [Info] 12.422848 seconds elapsed, finished iteration 340
[LightGBM] [Debug] Trained a tree with leaves = 255
[LightGBM] [Info] Iteration:341, valid_1 rmse : 8.99844
[LightGBM] [Info] 12.459486 seconds elapsed, finished iteration 341
[LightGBM] [Debug] Trained a tree with leaves = 255
[LightGBM] [Info] Iteration:342, valid_1 rmse : 8.99904
[LightGBM] [Info] 12.497278 seconds elapsed, finished iteration 342
[LightGBM] [Debug] Trained a tree with leaves = 255
[LightGBM] [Info] Iteration:343, valid_1 rmse : 8.99971
[LightGBM] [Info] 12.533771 seconds elapsed, finished iteration 343
[LightGBM] [Debug] Trained a tree with leaves = 255
[LightGBM] [Info] Iteration:344, valid_1 rmse : 8.99948
[LightGBM] [Info] 12.570630 seconds elapsed, finished iteration 344
[LightGBM] [Debug] Trained a tree with leaves = 255
[LightGBM] [Info] Iteration:345, valid_1 rmse : 8.99978
[LightGBM] [Info] 12.608963 seconds elapsed, finished iteration 345
[LightGBM] [Debug] Trained a tree with leaves = 255
[LightGBM] [Info] Iteration:346, valid_1 rmse : 8.99924
[LightGBM] [Info] 12.646698 seconds elapsed, finished iteration 346
[LightGBM] [Debug] Trained a tree with leaves = 255
[LightGBM] [Info] Iteration:347, valid_1 rmse : 8.99985
[LightGBM] [Info] 12.683837 seconds elapsed, finished iteration 347
[LightGBM] [Debug] Trained a tree with leaves = 255
[LightGBM] [Info] Iteration:348, valid_1 rmse : 8.99937
[LightGBM] [Info] 12.720533 seconds elapsed, finished iteration 348
[LightGBM] [Debug] Trained a tree with leaves = 255
[LightGBM] [Info] Iteration:349, valid_1 rmse : 8.99958
[LightGBM] [Info] 12.757218 seconds elapsed, finished iteration 349
[LightGBM] [Debug] Trained a tree with leaves = 255
[LightGBM] [Info] Iteration:350, valid_1 rmse : 8.99886
[LightGBM] [Info] 12.794099 seconds elapsed, finished iteration 350
[LightGBM] [Debug] Trained a tree with leaves = 255
[LightGBM] [Info] Iteration:351, valid_1 rmse : 8.99951
[LightGBM] [Info] 12.830636 seconds elapsed, finished iteration 351
[LightGBM] [Debug] Trained a tree with leaves = 255
[LightGBM] [Info] Iteration:352, valid_1 rmse : 8.99914
[LightGBM] [Info] 12.867703 seconds elapsed, finished iteration 352
[LightGBM] [Debug] Trained a tree with leaves = 255
[LightGBM] [Info] Iteration:353, valid_1 rmse : 8.99943
[LightGBM] [Info] 12.904637 seconds elapsed, finished iteration 353
[LightGBM] [Debug] Trained a tree with leaves = 255
[LightGBM] [Info] Iteration:354, valid_1 rmse : 8.9992
[LightGBM] [Info] 12.943062 seconds elapsed, finished iteration 354
[LightGBM] [Debug] Trained a tree with leaves = 255
[LightGBM] [Info] Iteration:355, valid_1 rmse : 8.99854
[LightGBM] [Info] 12.980425 seconds elapsed, finished iteration 355
[LightGBM] [Debug] Trained a tree with leaves = 255
[LightGBM] [Info] Iteration:356, valid_1 rmse : 8.99871
[LightGBM] [Info] 13.017530 seconds elapsed, finished iteration 356
[LightGBM] [Debug] Trained a tree with leaves = 255
[LightGBM] [Info] Iteration:357, valid_1 rmse : 8.99837
[LightGBM] [Info] 13.055518 seconds elapsed, finished iteration 357
[LightGBM] [Debug] Trained a tree with leaves = 255
[LightGBM] [Info] Iteration:358, valid_1 rmse : 8.99879
[LightGBM] [Info] 13.093075 seconds elapsed, finished iteration 358
[LightGBM] [Debug] Trained a tree with leaves = 255
[LightGBM] [Info] Iteration:359, valid_1 rmse : 8.99858
[LightGBM] [Info] 13.129788 seconds elapsed, finished iteration 359
[LightGBM] [Debug] Trained a tree with leaves = 255
[LightGBM] [Info] Iteration:360, valid_1 rmse : 8.99876
[LightGBM] [Info] 13.167684 seconds elapsed, finished iteration 360
[LightGBM] [Debug] Trained a tree with leaves = 255
[LightGBM] [Info] Iteration:361, valid_1 rmse : 8.99892
[LightGBM] [Info] 13.204402 seconds elapsed, finished iteration 361
[LightGBM] [Debug] Trained a tree with leaves = 255
[LightGBM] [Info] Iteration:362, valid_1 rmse : 8.99897
[LightGBM] [Info] 13.241045 seconds elapsed, finished iteration 362
[LightGBM] [Debug] Trained a tree with leaves = 255
[LightGBM] [Info] Iteration:363, valid_1 rmse : 8.99884
[LightGBM] [Info] 13.277684 seconds elapsed, finished iteration 363
[LightGBM] [Debug] Trained a tree with leaves = 255
[LightGBM] [Info] Iteration:364, valid_1 rmse : 8.99864
[LightGBM] [Info] 13.314384 seconds elapsed, finished iteration 364
[LightGBM] [Debug] Trained a tree with leaves = 255
[LightGBM] [Info] Iteration:365, valid_1 rmse : 8.99935
[LightGBM] [Info] 13.351219 seconds elapsed, finished iteration 365
[LightGBM] [Debug] Trained a tree with leaves = 255
[LightGBM] [Info] Iteration:366, valid_1 rmse : 8.99959
[LightGBM] [Info] 13.389371 seconds elapsed, finished iteration 366
[LightGBM] [Debug] Trained a tree with leaves = 255
[LightGBM] [Info] Iteration:367, valid_1 rmse : 8.99989
[LightGBM] [Info] 13.426401 seconds elapsed, finished iteration 367
[LightGBM] [Debug] Trained a tree with leaves = 255
[LightGBM] [Info] Iteration:368, valid_1 rmse : 9.00054
[LightGBM] [Info] 13.465413 seconds elapsed, finished iteration 368
[LightGBM] [Debug] Trained a tree with leaves = 255
[LightGBM] [Info] Iteration:369, valid_1 rmse : 9.00081
[LightGBM] [Info] 13.502138 seconds elapsed, finished iteration 369
[LightGBM] [Debug] Trained a tree with leaves = 255
[LightGBM] [Info] Iteration:370, valid_1 rmse : 9.00036
[LightGBM] [Info] 13.538891 seconds elapsed, finished iteration 370
[LightGBM] [Debug] Trained a tree with leaves = 255
[LightGBM] [Info] Iteration:371, valid_1 rmse : 8.99959
[LightGBM] [Info] 13.575788 seconds elapsed, finished iteration 371
[LightGBM] [Debug] Trained a tree with leaves = 255
[LightGBM] [Info] Iteration:372, valid_1 rmse : 9.00005
[LightGBM] [Info] 13.612621 seconds elapsed, finished iteration 372
[LightGBM] [Debug] Trained a tree with leaves = 255
[LightGBM] [Info] Iteration:373, valid_1 rmse : 8.99952
[LightGBM] [Info] 13.649420 seconds elapsed, finished iteration 373
[LightGBM] [Debug] Trained a tree with leaves = 255
[LightGBM] [Info] Iteration:374, valid_1 rmse : 8.99972
[LightGBM] [Info] 13.686317 seconds elapsed, finished iteration 374
[LightGBM] [Debug] Trained a tree with leaves = 255
[LightGBM] [Info] Iteration:375, valid_1 rmse : 9.0004
[LightGBM] [Info] 13.723349 seconds elapsed, finished iteration 375
[LightGBM] [Debug] Trained a tree with leaves = 255
[LightGBM] [Info] Iteration:376, valid_1 rmse : 9.00001
[LightGBM] [Info] 13.760409 seconds elapsed, finished iteration 376
[LightGBM] [Debug] Trained a tree with leaves = 255
[LightGBM] [Info] Iteration:377, valid_1 rmse : 8.99972
[LightGBM] [Info] 13.797611 seconds elapsed, finished iteration 377
[LightGBM] [Debug] Trained a tree with leaves = 255
[LightGBM] [Info] Iteration:378, valid_1 rmse : 8.99978
[LightGBM] [Info] 13.834678 seconds elapsed, finished iteration 378
[LightGBM] [Debug] Trained a tree with leaves = 255
[LightGBM] [Info] Iteration:379, valid_1 rmse : 8.99929
[LightGBM] [Info] 13.871518 seconds elapsed, finished iteration 379
[LightGBM] [Debug] Trained a tree with leaves = 255
[LightGBM] [Info] Iteration:380, valid_1 rmse : 9.00029
[LightGBM] [Info] 13.909050 seconds elapsed, finished iteration 380
[LightGBM] [Debug] Trained a tree with leaves = 255
[LightGBM] [Info] Iteration:381, valid_1 rmse : 9.00098
[LightGBM] [Info] 13.954761 seconds elapsed, finished iteration 381
[LightGBM] [Debug] Trained a tree with leaves = 255
[LightGBM] [Info] Iteration:382, valid_1 rmse : 9.00052
[LightGBM] [Info] 13.992214 seconds elapsed, finished iteration 382
[LightGBM] [Debug] Trained a tree with leaves = 255
[LightGBM] [Info] Iteration:383, valid_1 rmse : 9.00088
[LightGBM] [Info] 14.029761 seconds elapsed, finished iteration 383
[LightGBM] [Debug] Trained a tree with leaves = 255
[LightGBM] [Info] Iteration:384, valid_1 rmse : 9.00084
[LightGBM] [Info] 14.067348 seconds elapsed, finished iteration 384
[LightGBM] [Debug] Trained a tree with leaves = 255
[LightGBM] [Info] Iteration:385, valid_1 rmse : 9.00114
[LightGBM] [Info] 14.104889 seconds elapsed, finished iteration 385
[LightGBM] [Debug] Trained a tree with leaves = 255
[LightGBM] [Info] Iteration:386, valid_1 rmse : 9.00146
[LightGBM] [Info] 14.141997 seconds elapsed, finished iteration 386
[LightGBM] [Debug] Trained a tree with leaves = 255
[LightGBM] [Info] Iteration:387, valid_1 rmse : 9.00184
[LightGBM] [Info] 14.178946 seconds elapsed, finished iteration 387
[LightGBM] [Debug] Trained a tree with leaves = 255
[LightGBM] [Info] Iteration:388, valid_1 rmse : 9.00193
[LightGBM] [Info] 14.215829 seconds elapsed, finished iteration 388
[LightGBM] [Debug] Trained a tree with leaves = 255
[LightGBM] [Info] Iteration:389, valid_1 rmse : 9.00168
[LightGBM] [Info] 14.254755 seconds elapsed, finished iteration 389
[LightGBM] [Debug] Trained a tree with leaves = 255
[LightGBM] [Info] Iteration:390, valid_1 rmse : 9.00223
[LightGBM] [Info] 14.292080 seconds elapsed, finished iteration 390
[LightGBM] [Debug] Trained a tree with leaves = 255
[LightGBM] [Info] Iteration:391, valid_1 rmse : 9.00229
[LightGBM] [Info] 14.330051 seconds elapsed, finished iteration 391
[LightGBM] [Debug] Trained a tree with leaves = 255
[LightGBM] [Info] Iteration:392, valid_1 rmse : 9.00185
[LightGBM] [Info] 14.368650 seconds elapsed, finished iteration 392
[LightGBM] [Debug] Trained a tree with leaves = 255
[LightGBM] [Info] Iteration:393, valid_1 rmse : 9.00166
[LightGBM] [Info] 14.409166 seconds elapsed, finished iteration 393
[LightGBM] [Debug] Trained a tree with leaves = 255
[LightGBM] [Info] Iteration:394, valid_1 rmse : 9.00099
[LightGBM] [Info] 14.448644 seconds elapsed, finished iteration 394
[LightGBM] [Debug] Trained a tree with leaves = 255
[LightGBM] [Info] Iteration:395, valid_1 rmse : 9.001
[LightGBM] [Info] 14.488222 seconds elapsed, finished iteration 395
[LightGBM] [Debug] Trained a tree with leaves = 255
[LightGBM] [Info] Iteration:396, valid_1 rmse : 9.0011
[LightGBM] [Info] 14.527272 seconds elapsed, finished iteration 396
[LightGBM] [Debug] Trained a tree with leaves = 255
[LightGBM] [Info] Iteration:397, valid_1 rmse : 9.00176
[LightGBM] [Info] 14.564586 seconds elapsed, finished iteration 397
[LightGBM] [Debug] Trained a tree with leaves = 255
[LightGBM] [Info] Iteration:398, valid_1 rmse : 9.00181
[LightGBM] [Info] 14.603226 seconds elapsed, finished iteration 398
[LightGBM] [Debug] Trained a tree with leaves = 255
[LightGBM] [Info] Iteration:399, valid_1 rmse : 9.00244
[LightGBM] [Info] 14.641227 seconds elapsed, finished iteration 399
[LightGBM] [Debug] Trained a tree with leaves = 255
[LightGBM] [Info] Iteration:400, valid_1 rmse : 9.00251
[LightGBM] [Info] 14.680325 seconds elapsed, finished iteration 400
[LightGBM] [Debug] Trained a tree with leaves = 255
[LightGBM] [Info] Iteration:401, valid_1 rmse : 9.00254
[LightGBM] [Info] 14.717799 seconds elapsed, finished iteration 401
[LightGBM] [Debug] Trained a tree with leaves = 255
[LightGBM] [Info] Iteration:402, valid_1 rmse : 9.00283
[LightGBM] [Info] 14.754841 seconds elapsed, finished iteration 402
[LightGBM] [Debug] Trained a tree with leaves = 255
[LightGBM] [Info] Iteration:403, valid_1 rmse : 9.00254
[LightGBM] [Info] 14.792601 seconds elapsed, finished iteration 403
[LightGBM] [Debug] Trained a tree with leaves = 255
[LightGBM] [Info] Iteration:404, valid_1 rmse : 9.00256
[LightGBM] [Info] 14.831365 seconds elapsed, finished iteration 404
[LightGBM] [Debug] Trained a tree with leaves = 255
[LightGBM] [Info] Iteration:405, valid_1 rmse : 9.00316
[LightGBM] [Info] 14.868830 seconds elapsed, finished iteration 405
[LightGBM] [Debug] Trained a tree with leaves = 255
[LightGBM] [Info] Iteration:406, valid_1 rmse : 9.0033
[LightGBM] [Info] 14.907811 seconds elapsed, finished iteration 406
[LightGBM] [Debug] Trained a tree with leaves = 255
[LightGBM] [Info] Iteration:407, valid_1 rmse : 9.00395
[LightGBM] [Info] 14.945436 seconds elapsed, finished iteration 407
[LightGBM] [Debug] Trained a tree with leaves = 255
[LightGBM] [Info] Iteration:408, valid_1 rmse : 9.00405
[LightGBM] [Info] 14.982962 seconds elapsed, finished iteration 408
[LightGBM] [Debug] Trained a tree with leaves = 255
[LightGBM] [Info] Iteration:409, valid_1 rmse : 9.00359
[LightGBM] [Info] 15.020311 seconds elapsed, finished iteration 409
[LightGBM] [Debug] Trained a tree with leaves = 255
[LightGBM] [Info] Iteration:410, valid_1 rmse : 9.00453
[LightGBM] [Info] 15.057558 seconds elapsed, finished iteration 410
[LightGBM] [Debug] Trained a tree with leaves = 255
[LightGBM] [Info] Iteration:411, valid_1 rmse : 9.00448
[LightGBM] [Info] 15.096668 seconds elapsed, finished iteration 411
[LightGBM] [Debug] Trained a tree with leaves = 255
[LightGBM] [Info] Iteration:412, valid_1 rmse : 9.00503
[LightGBM] [Info] 15.137112 seconds elapsed, finished iteration 412
[LightGBM] [Debug] Trained a tree with leaves = 255
[LightGBM] [Info] Iteration:413, valid_1 rmse : 9.00536
[LightGBM] [Info] 15.174742 seconds elapsed, finished iteration 413
[LightGBM] [Debug] Trained a tree with leaves = 255
[LightGBM] [Info] Iteration:414, valid_1 rmse : 9.00571
[LightGBM] [Info] 15.212074 seconds elapsed, finished iteration 414
[LightGBM] [Debug] Trained a tree with leaves = 255
[LightGBM] [Info] Iteration:415, valid_1 rmse : 9.00614
[LightGBM] [Info] 15.249889 seconds elapsed, finished iteration 415
[LightGBM] [Debug] Trained a tree with leaves = 255
[LightGBM] [Info] Iteration:416, valid_1 rmse : 9.00626
[LightGBM] [Info] 15.287487 seconds elapsed, finished iteration 416
[LightGBM] [Debug] Trained a tree with leaves = 255
[LightGBM] [Info] Iteration:417, valid_1 rmse : 9.00653
[LightGBM] [Info] 15.324962 seconds elapsed, finished iteration 417
[LightGBM] [Debug] Trained a tree with leaves = 255
[LightGBM] [Info] Iteration:418, valid_1 rmse : 9.0069
[LightGBM] [Info] 15.362299 seconds elapsed, finished iteration 418
[LightGBM] [Debug] Trained a tree with leaves = 255
[LightGBM] [Info] Iteration:419, valid_1 rmse : 9.00669
[LightGBM] [Info] 15.399968 seconds elapsed, finished iteration 419
[LightGBM] [Debug] Trained a tree with leaves = 255
[LightGBM] [Info] Iteration:420, valid_1 rmse : 9.00704
[LightGBM] [Info] 15.437823 seconds elapsed, finished iteration 420
[LightGBM] [Debug] Trained a tree with leaves = 255
[LightGBM] [Info] Iteration:421, valid_1 rmse : 9.00736
[LightGBM] [Info] 15.474994 seconds elapsed, finished iteration 421
[LightGBM] [Debug] Trained a tree with leaves = 255
[LightGBM] [Info] Iteration:422, valid_1 rmse : 9.00775
[LightGBM] [Info] 15.513270 seconds elapsed, finished iteration 422
[LightGBM] [Debug] Trained a tree with leaves = 255
[LightGBM] [Info] Iteration:423, valid_1 rmse : 9.00813
[LightGBM] [Info] 15.551417 seconds elapsed, finished iteration 423
[LightGBM] [Debug] Trained a tree with leaves = 255
[LightGBM] [Info] Iteration:424, valid_1 rmse : 9.00895
[LightGBM] [Info] 15.592722 seconds elapsed, finished iteration 424
[LightGBM] [Debug] Trained a tree with leaves = 255
[LightGBM] [Info] Iteration:425, valid_1 rmse : 9.00964
[LightGBM] [Info] 15.630939 seconds elapsed, finished iteration 425
[LightGBM] [Debug] Trained a tree with leaves = 255
[LightGBM] [Info] Iteration:426, valid_1 rmse : 9.00964
[LightGBM] [Info] 15.668442 seconds elapsed, finished iteration 426
[LightGBM] [Debug] Trained a tree with leaves = 255
[LightGBM] [Info] Iteration:427, valid_1 rmse : 9.00968
[LightGBM] [Info] 15.705614 seconds elapsed, finished iteration 427
[LightGBM] [Debug] Trained a tree with leaves = 255
[LightGBM] [Info] Iteration:428, valid_1 rmse : 9.00899
[LightGBM] [Info] 15.742974 seconds elapsed, finished iteration 428
[LightGBM] [Debug] Trained a tree with leaves = 255
[LightGBM] [Info] Iteration:429, valid_1 rmse : 9.00921
[LightGBM] [Info] 15.780318 seconds elapsed, finished iteration 429
[LightGBM] [Debug] Trained a tree with leaves = 255
[LightGBM] [Info] Iteration:430, valid_1 rmse : 9.00923
[LightGBM] [Info] 15.817656 seconds elapsed, finished iteration 430
[LightGBM] [Debug] Trained a tree with leaves = 255
[LightGBM] [Info] Iteration:431, valid_1 rmse : 9.00976
[LightGBM] [Info] 15.855213 seconds elapsed, finished iteration 431
[LightGBM] [Debug] Trained a tree with leaves = 255
[LightGBM] [Info] Iteration:432, valid_1 rmse : 9.00973
[LightGBM] [Info] 15.893141 seconds elapsed, finished iteration 432
[LightGBM] [Debug] Trained a tree with leaves = 255
[LightGBM] [Info] Iteration:433, valid_1 rmse : 9.01045
[LightGBM] [Info] 15.936343 seconds elapsed, finished iteration 433
[LightGBM] [Debug] Trained a tree with leaves = 255
[LightGBM] [Info] Iteration:434, valid_1 rmse : 9.01039
[LightGBM] [Info] 15.973875 seconds elapsed, finished iteration 434
[LightGBM] [Debug] Trained a tree with leaves = 255
[LightGBM] [Info] Iteration:435, valid_1 rmse : 9.01095
[LightGBM] [Info] 16.011449 seconds elapsed, finished iteration 435
[LightGBM] [Debug] Trained a tree with leaves = 255
[LightGBM] [Info] Iteration:436, valid_1 rmse : 9.01107
[LightGBM] [Info] 16.051766 seconds elapsed, finished iteration 436
[LightGBM] [Debug] Trained a tree with leaves = 255
[LightGBM] [Info] Iteration:437, valid_1 rmse : 9.01148
[LightGBM] [Info] 16.089586 seconds elapsed, finished iteration 437
[LightGBM] [Debug] Trained a tree with leaves = 255
[LightGBM] [Info] Iteration:438, valid_1 rmse : 9.01099
[LightGBM] [Info] 16.127279 seconds elapsed, finished iteration 438
[LightGBM] [Debug] Trained a tree with leaves = 255
[LightGBM] [Info] Iteration:439, valid_1 rmse : 9.0112
[LightGBM] [Info] 16.164974 seconds elapsed, finished iteration 439
[LightGBM] [Debug] Trained a tree with leaves = 255
[LightGBM] [Info] Iteration:440, valid_1 rmse : 9.01074
[LightGBM] [Info] 16.205741 seconds elapsed, finished iteration 440
[LightGBM] [Debug] Trained a tree with leaves = 255
[LightGBM] [Info] Iteration:441, valid_1 rmse : 9.01094
[LightGBM] [Info] 16.243575 seconds elapsed, finished iteration 441
[LightGBM] [Debug] Trained a tree with leaves = 255
[LightGBM] [Info] Iteration:442, valid_1 rmse : 9.01127
[LightGBM] [Info] 16.281344 seconds elapsed, finished iteration 442
[LightGBM] [Debug] Trained a tree with leaves = 255
[LightGBM] [Info] Iteration:443, valid_1 rmse : 9.01104
[LightGBM] [Info] 16.320302 seconds elapsed, finished iteration 443
[LightGBM] [Debug] Trained a tree with leaves = 255
[LightGBM] [Info] Iteration:444, valid_1 rmse : 9.01137
[LightGBM] [Info] 16.357723 seconds elapsed, finished iteration 444
[LightGBM] [Debug] Trained a tree with leaves = 255
[LightGBM] [Info] Iteration:445, valid_1 rmse : 9.01215
[LightGBM] [Info] 16.397998 seconds elapsed, finished iteration 445
[LightGBM] [Debug] Trained a tree with leaves = 255
[LightGBM] [Info] Iteration:446, valid_1 rmse : 9.01226
[LightGBM] [Info] 16.435852 seconds elapsed, finished iteration 446
[LightGBM] [Debug] Trained a tree with leaves = 255
[LightGBM] [Info] Iteration:447, valid_1 rmse : 9.01243
[LightGBM] [Info] 16.474580 seconds elapsed, finished iteration 447
[LightGBM] [Debug] Trained a tree with leaves = 255
[LightGBM] [Info] Iteration:448, valid_1 rmse : 9.01275
[LightGBM] [Info] 16.512652 seconds elapsed, finished iteration 448
[LightGBM] [Debug] Trained a tree with leaves = 255
[LightGBM] [Info] Iteration:449, valid_1 rmse : 9.01268
[LightGBM] [Info] 16.550151 seconds elapsed, finished iteration 449
[LightGBM] [Debug] Trained a tree with leaves = 255
[LightGBM] [Info] Iteration:450, valid_1 rmse : 9.01246
[LightGBM] [Info] 16.589264 seconds elapsed, finished iteration 450
[LightGBM] [Debug] Trained a tree with leaves = 255
[LightGBM] [Info] Iteration:451, valid_1 rmse : 9.0129
[LightGBM] [Info] 16.629754 seconds elapsed, finished iteration 451
[LightGBM] [Debug] Trained a tree with leaves = 255
[LightGBM] [Info] Iteration:452, valid_1 rmse : 9.01288
[LightGBM] [Info] 16.669208 seconds elapsed, finished iteration 452
[LightGBM] [Debug] Trained a tree with leaves = 255
[LightGBM] [Info] Iteration:453, valid_1 rmse : 9.01235
[LightGBM] [Info] 16.710258 seconds elapsed, finished iteration 453
[LightGBM] [Debug] Trained a tree with leaves = 255
[LightGBM] [Info] Iteration:454, valid_1 rmse : 9.0116
[LightGBM] [Info] 16.749918 seconds elapsed, finished iteration 454
[LightGBM] [Debug] Trained a tree with leaves = 255
[LightGBM] [Info] Iteration:455, valid_1 rmse : 9.01205
[LightGBM] [Info] 16.790287 seconds elapsed, finished iteration 455
[LightGBM] [Debug] Trained a tree with leaves = 255
[LightGBM] [Info] Iteration:456, valid_1 rmse : 9.01218
[LightGBM] [Info] 16.830505 seconds elapsed, finished iteration 456
[LightGBM] [Debug] Trained a tree with leaves = 255
[LightGBM] [Info] Iteration:457, valid_1 rmse : 9.01164
[LightGBM] [Info] 16.870450 seconds elapsed, finished iteration 457
[LightGBM] [Debug] Trained a tree with leaves = 255
[LightGBM] [Info] Iteration:458, valid_1 rmse : 9.01198
[LightGBM] [Info] 16.909923 seconds elapsed, finished iteration 458
[LightGBM] [Debug] Trained a tree with leaves = 255
[LightGBM] [Info] Iteration:459, valid_1 rmse : 9.01244
[LightGBM] [Info] 16.950198 seconds elapsed, finished iteration 459
[LightGBM] [Debug] Trained a tree with leaves = 255
[LightGBM] [Info] Iteration:460, valid_1 rmse : 9.0124
[LightGBM] [Info] 16.989828 seconds elapsed, finished iteration 460
[LightGBM] [Debug] Trained a tree with leaves = 255
[LightGBM] [Info] Iteration:461, valid_1 rmse : 9.01318
[LightGBM] [Info] 17.029433 seconds elapsed, finished iteration 461
[LightGBM] [Debug] Trained a tree with leaves = 255
[LightGBM] [Info] Iteration:462, valid_1 rmse : 9.01357
[LightGBM] [Info] 17.070341 seconds elapsed, finished iteration 462
[LightGBM] [Debug] Trained a tree with leaves = 255
[LightGBM] [Info] Iteration:463, valid_1 rmse : 9.01407
[LightGBM] [Info] 17.111994 seconds elapsed, finished iteration 463
[LightGBM] [Debug] Trained a tree with leaves = 255
[LightGBM] [Info] Iteration:464, valid_1 rmse : 9.01473
[LightGBM] [Info] 17.150605 seconds elapsed, finished iteration 464
[LightGBM] [Debug] Trained a tree with leaves = 255
[LightGBM] [Info] Iteration:465, valid_1 rmse : 9.01523
[LightGBM] [Info] 17.189907 seconds elapsed, finished iteration 465
[LightGBM] [Debug] Trained a tree with leaves = 255
[LightGBM] [Info] Iteration:466, valid_1 rmse : 9.015
[LightGBM] [Info] 17.228224 seconds elapsed, finished iteration 466
[LightGBM] [Debug] Trained a tree with leaves = 255
[LightGBM] [Info] Iteration:467, valid_1 rmse : 9.01438
[LightGBM] [Info] 17.272074 seconds elapsed, finished iteration 467
[LightGBM] [Debug] Trained a tree with leaves = 255
[LightGBM] [Info] Iteration:468, valid_1 rmse : 9.01386
[LightGBM] [Info] 17.320105 seconds elapsed, finished iteration 468
[LightGBM] [Debug] Trained a tree with leaves = 255
[LightGBM] [Info] Iteration:469, valid_1 rmse : 9.014
[LightGBM] [Info] 17.358182 seconds elapsed, finished iteration 469
[LightGBM] [Debug] Trained a tree with leaves = 255
[LightGBM] [Info] Iteration:470, valid_1 rmse : 9.01379
[LightGBM] [Info] 17.396195 seconds elapsed, finished iteration 470
[LightGBM] [Debug] Trained a tree with leaves = 255
[LightGBM] [Info] Iteration:471, valid_1 rmse : 9.01361
[LightGBM] [Info] 17.434506 seconds elapsed, finished iteration 471
[LightGBM] [Debug] Trained a tree with leaves = 255
[LightGBM] [Info] Iteration:472, valid_1 rmse : 9.01397
[LightGBM] [Info] 17.472843 seconds elapsed, finished iteration 472
[LightGBM] [Debug] Trained a tree with leaves = 255
[LightGBM] [Info] Iteration:473, valid_1 rmse : 9.01408
[LightGBM] [Info] 17.512010 seconds elapsed, finished iteration 473
[LightGBM] [Debug] Trained a tree with leaves = 255
[LightGBM] [Info] Iteration:474, valid_1 rmse : 9.01433
[LightGBM] [Info] 17.552431 seconds elapsed, finished iteration 474
[LightGBM] [Debug] Trained a tree with leaves = 255
[LightGBM] [Info] Iteration:475, valid_1 rmse : 9.01453
[LightGBM] [Info] 17.591137 seconds elapsed, finished iteration 475
[LightGBM] [Debug] Trained a tree with leaves = 255
[LightGBM] [Info] Iteration:476, valid_1 rmse : 9.01396
[LightGBM] [Info] 17.630788 seconds elapsed, finished iteration 476
[LightGBM] [Debug] Trained a tree with leaves = 255
[LightGBM] [Info] Iteration:477, valid_1 rmse : 9.01473
[LightGBM] [Info] 17.670402 seconds elapsed, finished iteration 477
[LightGBM] [Debug] Trained a tree with leaves = 255
[LightGBM] [Info] Iteration:478, valid_1 rmse : 9.01496
[LightGBM] [Info] 17.708514 seconds elapsed, finished iteration 478
[LightGBM] [Debug] Trained a tree with leaves = 255
[LightGBM] [Info] Iteration:479, valid_1 rmse : 9.01513
[LightGBM] [Info] 17.746594 seconds elapsed, finished iteration 479
[LightGBM] [Debug] Trained a tree with leaves = 255
[LightGBM] [Info] Iteration:480, valid_1 rmse : 9.01499
[LightGBM] [Info] 17.785275 seconds elapsed, finished iteration 480
[LightGBM] [Debug] Trained a tree with leaves = 255
[LightGBM] [Info] Iteration:481, valid_1 rmse : 9.01518
[LightGBM] [Info] 17.823547 seconds elapsed, finished iteration 481
[LightGBM] [Debug] Trained a tree with leaves = 255
[LightGBM] [Info] Iteration:482, valid_1 rmse : 9.0152
[LightGBM] [Info] 17.861438 seconds elapsed, finished iteration 482
[LightGBM] [Debug] Trained a tree with leaves = 255
[LightGBM] [Info] Iteration:483, valid_1 rmse : 9.01543
[LightGBM] [Info] 17.901074 seconds elapsed, finished iteration 483
[LightGBM] [Debug] Trained a tree with leaves = 255
[LightGBM] [Info] Iteration:484, valid_1 rmse : 9.01539
[LightGBM] [Info] 17.939229 seconds elapsed, finished iteration 484
[LightGBM] [Debug] Trained a tree with leaves = 255
[LightGBM] [Info] Iteration:485, valid_1 rmse : 9.01555
[LightGBM] [Info] 17.979095 seconds elapsed, finished iteration 485
[LightGBM] [Debug] Trained a tree with leaves = 255
[LightGBM] [Info] Iteration:486, valid_1 rmse : 9.01582
[LightGBM] [Info] 18.017585 seconds elapsed, finished iteration 486
[LightGBM] [Debug] Trained a tree with leaves = 255
[LightGBM] [Info] Iteration:487, valid_1 rmse : 9.01642
[LightGBM] [Info] 18.055592 seconds elapsed, finished iteration 487
[LightGBM] [Debug] Trained a tree with leaves = 255
[LightGBM] [Info] Iteration:488, valid_1 rmse : 9.01634
[LightGBM] [Info] 18.095219 seconds elapsed, finished iteration 488
[LightGBM] [Debug] Trained a tree with leaves = 255
[LightGBM] [Info] Iteration:489, valid_1 rmse : 9.01662
[LightGBM] [Info] 18.133965 seconds elapsed, finished iteration 489
[LightGBM] [Debug] Trained a tree with leaves = 255
[LightGBM] [Info] Iteration:490, valid_1 rmse : 9.01672
[LightGBM] [Info] 18.172973 seconds elapsed, finished iteration 490
[LightGBM] [Debug] Trained a tree with leaves = 255
[LightGBM] [Info] Iteration:491, valid_1 rmse : 9.01697
[LightGBM] [Info] 18.211220 seconds elapsed, finished iteration 491
[LightGBM] [Debug] Trained a tree with leaves = 255
[LightGBM] [Info] Iteration:492, valid_1 rmse : 9.01755
[LightGBM] [Info] 18.249831 seconds elapsed, finished iteration 492
[LightGBM] [Debug] Trained a tree with leaves = 255
[LightGBM] [Info] Iteration:493, valid_1 rmse : 9.01741
[LightGBM] [Info] 18.288957 seconds elapsed, finished iteration 493
[LightGBM] [Debug] Trained a tree with leaves = 255
[LightGBM] [Info] Iteration:494, valid_1 rmse : 9.01777
[LightGBM] [Info] 18.327192 seconds elapsed, finished iteration 494
[LightGBM] [Debug] Trained a tree with leaves = 255
[LightGBM] [Info] Iteration:495, valid_1 rmse : 9.01817
[LightGBM] [Info] 18.365249 seconds elapsed, finished iteration 495
[LightGBM] [Debug] Trained a tree with leaves = 255
[LightGBM] [Info] Iteration:496, valid_1 rmse : 9.01851
[LightGBM] [Info] 18.406622 seconds elapsed, finished iteration 496
[LightGBM] [Debug] Trained a tree with leaves = 255
[LightGBM] [Info] Iteration:497, valid_1 rmse : 9.01833
[LightGBM] [Info] 18.444819 seconds elapsed, finished iteration 497
[LightGBM] [Debug] Trained a tree with leaves = 255
[LightGBM] [Info] Iteration:498, valid_1 rmse : 9.01863
[LightGBM] [Info] 18.483279 seconds elapsed, finished iteration 498
[LightGBM] [Debug] Trained a tree with leaves = 255
[LightGBM] [Info] Iteration:499, valid_1 rmse : 9.01878
[LightGBM] [Info] 18.521990 seconds elapsed, finished iteration 499
[LightGBM] [Debug] Trained a tree with leaves = 255
[LightGBM] [Info] Iteration:500, valid_1 rmse : 9.01884
[LightGBM] [Info] 18.560031 seconds elapsed, finished iteration 500
[LightGBM] [Info] Finished training
[LightGBM] [Info] CUDABestSplitFinder::LaunchSyncBestSplitForLeafKernel costs:	 3.117033
[LightGBM] [Info] CUDADataPartition::AddPredictionToScoreKernel costs:	 0.039962
[LightGBM] [Info] CUDADataPartition::AggregateBlockOffsetKernel costs:	 1.419129
[LightGBM] [Info] CUDADataPartition::CopyDataIndicesKernel costs:	 0.368810
[LightGBM] [Info] CUDADataPartition::CopyFromCUDADeviceToHostAsync costs:	 1.375684
[LightGBM] [Info] CUDADataPartition::LaunchAddPredictionToScoreKernel::BitonicArgSortGlobal costs:	 0.021964
[LightGBM] [Info] CUDADataPartition::SplitInnerKernel costs:	 0.344446
[LightGBM] [Info] CUDADataPartition::SplitTreeStructureKernel costs:	 0.300773
[LightGBM] [Info] CUDAHistogramConstructor::ConstructHistogramForLeaf::LaunchSubtractHistogramKernel costs:	 0.779043
[LightGBM] [Info] CUDAHistogramConstructor::FixHistogramDiscretizedKernel costs:	 0.360541
[LightGBM] [Info] CUDAHistogramConstructor::SubtractHistogramDiscretizedKernel costs:	 0.304610
[LightGBM] [Info] CUDAScoreUpdater::AddScore costs:	 0.000032
[LightGBM] [Info] CUDASingleGPUTreeLearner::BeforeTrain costs:	 0.177595
[LightGBM] [Info] CUDASingleGPUTreeLearner::CPUFindBestFromAllSplits costs:	 0.029854
[LightGBM] [Info] CUDASingleGPUTreeLearner::ConstructHistogramForLeaf costs:	 4.084986
[LightGBM] [Info] CUDASingleGPUTreeLearner::FindBestFromAllSplits costs:	 2.337735
[LightGBM] [Info] CUDASingleGPUTreeLearner::FindBestSplitsForLeaf costs:	 5.237387
[LightGBM] [Info] CUDASingleGPUTreeLearner::NCCLReduceHistogram costs:	 0.007721
[LightGBM] [Info] CUDASingleGPUTreeLearner::RenewDiscretizedTreeLeaves costs:	 0.058570
[LightGBM] [Info] CUDASingleGPUTreeLearner::Split costs:	 4.975924
[LightGBM] [Info] Dataset::FastFeatureBundling costs:	 0.077166
[LightGBM] [Info] Dataset::GetMultiBinFromAllFeatures costs:	 0.045852
[LightGBM] [Info] Dataset::PushDataToMultiValBin costs:	 0.018447
[LightGBM] [Info] Dataset::TestMultiThreadingMethod costs:	 0.045912
[LightGBM] [Info] GBDT::Bagging costs:	 0.000060
[LightGBM] [Info] GBDT::BoostFromAverage costs:	 0.000165
[LightGBM] [Info] GBDT::Boosting costs:	 0.004596
[LightGBM] [Info] GBDT::Train costs:	 18.560036
[LightGBM] [Info] GBDT::TrainOneIter costs:	 18.272969
[LightGBM] [Info] GBDT::UpdateScore costs:	 0.059876
[LightGBM] [Info] GenDataToLeftBitVector costs:	 0.367436
[LightGBM] [Info] ScoreUpdater::AddScore costs:	 0.059026
[LightGBM] [Info] SplitInner costs:	 4.039147
