[LightGBM] [Warning] num_threads is set=24, num_threads=16 will be ignored. Current value: num_threads=24
[LightGBM] [Warning] device_type is set=cuda, device_type=cpu will be ignored. Current value: device_type=cuda
[LightGBM] [Warning] use_discretized_grad is set=true, use_discretized_grad=true will be ignored. Current value: use_discretized_grad=true
[LightGBM] [Warning] discretized_grad_renew is set=true, discretized_grad_renew=true will be ignored. Current value: discretized_grad_renew=true
[LightGBM] [Info] Finished loading parameters
[LightGBM] [Debug] Loading train file...
[LightGBM] [Debug] Read 10.0 GBs from /home/shiyu/boosting_tree_benchmarks/data/kitsune.train.
[LightGBM] [Debug] Read 20.0 GBs from /home/shiyu/boosting_tree_benchmarks/data/kitsune.train.
[LightGBM] [Debug] Read 30.0 GBs from /home/shiyu/boosting_tree_benchmarks/data/kitsune.train.
[LightGBM] [Debug] Read 40.0 GBs from /home/shiyu/boosting_tree_benchmarks/data/kitsune.train.
[LightGBM] [Debug] Read 50.0 GBs from /home/shiyu/boosting_tree_benchmarks/data/kitsune.train.
[LightGBM] [Warning] Using sparse features with CUDA is currently not supported.
[LightGBM] [Info] Construct bin mappers from text data time 10.16 seconds
[LightGBM] [Debug] Loading validation file #1...
[LightGBM] [Debug] Read 10.0 GBs from /home/shiyu/boosting_tree_benchmarks/data/kitsune.test.
[LightGBM] [Info] Finished loading data in 132.241557 seconds
[LightGBM] [Info] Number of positive: 2569562, number of negative: 14244516
[LightGBM] [Debug] Dataset::GetMultiBinFromAllFeatures: sparse rate 0.087377
[LightGBM] [Info] Total Bins 29325
[LightGBM] [Info] Number of data points in the train set: 16814078, number of used features: 115
[LightGBM] [Debug] Number of data points in validation set #1: 4203510
[LightGBM] [Info] Finished initializing training
[LightGBM] [Info] Started training...
[LightGBM] [Warning] boost_from_score = -1.712637
[LightGBM] [Warning] adding init score = -1.712637
[LightGBM] [Warning] adding init score = -1.712637
[LightGBM] [Info] Start training from score -1.712637
[LightGBM] [Debug] Trained a tree with leaves = 255
[LightGBM] [Info] Iteration:1, valid_1 auc : 0.924695
[LightGBM] [Info] 0.194389 seconds elapsed, finished iteration 1
[LightGBM] [Debug] Trained a tree with leaves = 255
[LightGBM] [Info] Iteration:2, valid_1 auc : 0.928569
[LightGBM] [Info] 0.365429 seconds elapsed, finished iteration 2
[LightGBM] [Debug] Trained a tree with leaves = 255
[LightGBM] [Info] Iteration:3, valid_1 auc : 0.929067
[LightGBM] [Info] 0.536971 seconds elapsed, finished iteration 3
[LightGBM] [Debug] Trained a tree with leaves = 255
[LightGBM] [Info] Iteration:4, valid_1 auc : 0.93
[LightGBM] [Info] 0.725803 seconds elapsed, finished iteration 4
[LightGBM] [Debug] Trained a tree with leaves = 255
[LightGBM] [Info] Iteration:5, valid_1 auc : 0.929954
[LightGBM] [Info] 0.910965 seconds elapsed, finished iteration 5
[LightGBM] [Debug] Trained a tree with leaves = 255
[LightGBM] [Info] Iteration:6, valid_1 auc : 0.93071
[LightGBM] [Info] 1.089883 seconds elapsed, finished iteration 6
[LightGBM] [Debug] Trained a tree with leaves = 255
[LightGBM] [Info] Iteration:7, valid_1 auc : 0.929785
[LightGBM] [Info] 1.283706 seconds elapsed, finished iteration 7
[LightGBM] [Debug] Trained a tree with leaves = 255
[LightGBM] [Info] Iteration:8, valid_1 auc : 0.929604
[LightGBM] [Info] 1.462550 seconds elapsed, finished iteration 8
[LightGBM] [Debug] Trained a tree with leaves = 255
[LightGBM] [Info] Iteration:9, valid_1 auc : 0.929355
[LightGBM] [Info] 1.647482 seconds elapsed, finished iteration 9
[LightGBM] [Debug] Trained a tree with leaves = 255
[LightGBM] [Info] Iteration:10, valid_1 auc : 0.929047
[LightGBM] [Info] 1.832903 seconds elapsed, finished iteration 10
[LightGBM] [Debug] Trained a tree with leaves = 255
[LightGBM] [Info] Iteration:11, valid_1 auc : 0.928869
[LightGBM] [Info] 2.016066 seconds elapsed, finished iteration 11
[LightGBM] [Debug] Trained a tree with leaves = 255
[LightGBM] [Info] Iteration:12, valid_1 auc : 0.928926
[LightGBM] [Info] 2.219026 seconds elapsed, finished iteration 12
[LightGBM] [Debug] Trained a tree with leaves = 255
[LightGBM] [Info] Iteration:13, valid_1 auc : 0.928683
[LightGBM] [Info] 2.398575 seconds elapsed, finished iteration 13
[LightGBM] [Debug] Trained a tree with leaves = 255
[LightGBM] [Info] Iteration:14, valid_1 auc : 0.928576
[LightGBM] [Info] 2.574426 seconds elapsed, finished iteration 14
[LightGBM] [Debug] Trained a tree with leaves = 255
[LightGBM] [Info] Iteration:15, valid_1 auc : 0.921039
[LightGBM] [Info] 2.761122 seconds elapsed, finished iteration 15
[LightGBM] [Debug] Trained a tree with leaves = 255
[LightGBM] [Info] Iteration:16, valid_1 auc : 0.920985
[LightGBM] [Info] 2.941865 seconds elapsed, finished iteration 16
[LightGBM] [Debug] Trained a tree with leaves = 255
[LightGBM] [Info] Iteration:17, valid_1 auc : 0.92213
[LightGBM] [Info] 3.111486 seconds elapsed, finished iteration 17
[LightGBM] [Debug] Trained a tree with leaves = 255
[LightGBM] [Info] Iteration:18, valid_1 auc : 0.92275
[LightGBM] [Info] 3.294426 seconds elapsed, finished iteration 18
[LightGBM] [Debug] Trained a tree with leaves = 255
[LightGBM] [Info] Iteration:19, valid_1 auc : 0.922404
[LightGBM] [Info] 3.475254 seconds elapsed, finished iteration 19
[LightGBM] [Debug] Trained a tree with leaves = 255
[LightGBM] [Info] Iteration:20, valid_1 auc : 0.92365
[LightGBM] [Info] 3.661517 seconds elapsed, finished iteration 20
[LightGBM] [Debug] Trained a tree with leaves = 255
[LightGBM] [Info] Iteration:21, valid_1 auc : 0.922618
[LightGBM] [Info] 3.837719 seconds elapsed, finished iteration 21
[LightGBM] [Debug] Trained a tree with leaves = 255
[LightGBM] [Info] Iteration:22, valid_1 auc : 0.922612
[LightGBM] [Info] 4.019011 seconds elapsed, finished iteration 22
[LightGBM] [Debug] Trained a tree with leaves = 255
[LightGBM] [Info] Iteration:23, valid_1 auc : 0.92228
[LightGBM] [Info] 4.207798 seconds elapsed, finished iteration 23
[LightGBM] [Debug] Trained a tree with leaves = 255
[LightGBM] [Info] Iteration:24, valid_1 auc : 0.923156
[LightGBM] [Info] 4.404776 seconds elapsed, finished iteration 24
[LightGBM] [Debug] Trained a tree with leaves = 255
[LightGBM] [Info] Iteration:25, valid_1 auc : 0.923668
[LightGBM] [Info] 4.586310 seconds elapsed, finished iteration 25
[LightGBM] [Debug] Trained a tree with leaves = 255
[LightGBM] [Info] Iteration:26, valid_1 auc : 0.923876
[LightGBM] [Info] 4.769848 seconds elapsed, finished iteration 26
[LightGBM] [Debug] Trained a tree with leaves = 255
[LightGBM] [Info] Iteration:27, valid_1 auc : 0.924286
[LightGBM] [Info] 4.955005 seconds elapsed, finished iteration 27
[LightGBM] [Debug] Trained a tree with leaves = 255
[LightGBM] [Info] Iteration:28, valid_1 auc : 0.92409
[LightGBM] [Info] 5.137145 seconds elapsed, finished iteration 28
[LightGBM] [Debug] Trained a tree with leaves = 255
[LightGBM] [Info] Iteration:29, valid_1 auc : 0.923857
[LightGBM] [Info] 5.325912 seconds elapsed, finished iteration 29
[LightGBM] [Debug] Trained a tree with leaves = 255
[LightGBM] [Info] Iteration:30, valid_1 auc : 0.923591
[LightGBM] [Info] 5.513975 seconds elapsed, finished iteration 30
[LightGBM] [Debug] Trained a tree with leaves = 255
[LightGBM] [Info] Iteration:31, valid_1 auc : 0.923512
[LightGBM] [Info] 5.712538 seconds elapsed, finished iteration 31
[LightGBM] [Debug] Trained a tree with leaves = 255
[LightGBM] [Info] Iteration:32, valid_1 auc : 0.924724
[LightGBM] [Info] 5.901406 seconds elapsed, finished iteration 32
[LightGBM] [Debug] Trained a tree with leaves = 255
[LightGBM] [Info] Iteration:33, valid_1 auc : 0.924844
[LightGBM] [Info] 6.089148 seconds elapsed, finished iteration 33
[LightGBM] [Debug] Trained a tree with leaves = 255
[LightGBM] [Info] Iteration:34, valid_1 auc : 0.926466
[LightGBM] [Info] 6.279585 seconds elapsed, finished iteration 34
[LightGBM] [Debug] Trained a tree with leaves = 255
[LightGBM] [Info] Iteration:35, valid_1 auc : 0.927781
[LightGBM] [Info] 6.481684 seconds elapsed, finished iteration 35
[LightGBM] [Debug] Trained a tree with leaves = 255
[LightGBM] [Info] Iteration:36, valid_1 auc : 0.92791
[LightGBM] [Info] 6.692387 seconds elapsed, finished iteration 36
[LightGBM] [Debug] Trained a tree with leaves = 255
[LightGBM] [Info] Iteration:37, valid_1 auc : 0.929836
[LightGBM] [Info] 6.887306 seconds elapsed, finished iteration 37
[LightGBM] [Debug] Trained a tree with leaves = 255
[LightGBM] [Info] Iteration:38, valid_1 auc : 0.929915
[LightGBM] [Info] 7.083332 seconds elapsed, finished iteration 38
[LightGBM] [Debug] Trained a tree with leaves = 255
[LightGBM] [Info] Iteration:39, valid_1 auc : 0.929944
[LightGBM] [Info] 7.277175 seconds elapsed, finished iteration 39
[LightGBM] [Debug] Trained a tree with leaves = 255
[LightGBM] [Info] Iteration:40, valid_1 auc : 0.939183
[LightGBM] [Info] 7.468594 seconds elapsed, finished iteration 40
[LightGBM] [Debug] Trained a tree with leaves = 255
[LightGBM] [Info] Iteration:41, valid_1 auc : 0.94043
[LightGBM] [Info] 7.661919 seconds elapsed, finished iteration 41
[LightGBM] [Debug] Trained a tree with leaves = 255
[LightGBM] [Info] Iteration:42, valid_1 auc : 0.94108
[LightGBM] [Info] 7.866876 seconds elapsed, finished iteration 42
[LightGBM] [Debug] Trained a tree with leaves = 255
[LightGBM] [Info] Iteration:43, valid_1 auc : 0.943164
[LightGBM] [Info] 8.064124 seconds elapsed, finished iteration 43
[LightGBM] [Debug] Trained a tree with leaves = 255
[LightGBM] [Info] Iteration:44, valid_1 auc : 0.943643
[LightGBM] [Info] 8.261475 seconds elapsed, finished iteration 44
[LightGBM] [Debug] Trained a tree with leaves = 255
[LightGBM] [Info] Iteration:45, valid_1 auc : 0.944317
[LightGBM] [Info] 8.460175 seconds elapsed, finished iteration 45
[LightGBM] [Debug] Trained a tree with leaves = 255
[LightGBM] [Info] Iteration:46, valid_1 auc : 0.945686
[LightGBM] [Info] 8.659906 seconds elapsed, finished iteration 46
[LightGBM] [Debug] Trained a tree with leaves = 255
[LightGBM] [Info] Iteration:47, valid_1 auc : 0.947344
[LightGBM] [Info] 8.860299 seconds elapsed, finished iteration 47
[LightGBM] [Debug] Trained a tree with leaves = 255
[LightGBM] [Info] Iteration:48, valid_1 auc : 0.947889
[LightGBM] [Info] 9.066298 seconds elapsed, finished iteration 48
[LightGBM] [Debug] Trained a tree with leaves = 255
[LightGBM] [Info] Iteration:49, valid_1 auc : 0.9484
[LightGBM] [Info] 9.277397 seconds elapsed, finished iteration 49
[LightGBM] [Debug] Trained a tree with leaves = 255
[LightGBM] [Info] Iteration:50, valid_1 auc : 0.948567
[LightGBM] [Info] 9.480000 seconds elapsed, finished iteration 50
[LightGBM] [Debug] Trained a tree with leaves = 255
[LightGBM] [Info] Iteration:51, valid_1 auc : 0.949211
[LightGBM] [Info] 9.691020 seconds elapsed, finished iteration 51
[LightGBM] [Debug] Trained a tree with leaves = 255
[LightGBM] [Info] Iteration:52, valid_1 auc : 0.949448
[LightGBM] [Info] 9.914939 seconds elapsed, finished iteration 52
[LightGBM] [Debug] Trained a tree with leaves = 255
[LightGBM] [Info] Iteration:53, valid_1 auc : 0.949587
[LightGBM] [Info] 10.119184 seconds elapsed, finished iteration 53
[LightGBM] [Debug] Trained a tree with leaves = 255
[LightGBM] [Info] Iteration:54, valid_1 auc : 0.949509
[LightGBM] [Info] 10.343219 seconds elapsed, finished iteration 54
[LightGBM] [Debug] Trained a tree with leaves = 255
[LightGBM] [Info] Iteration:55, valid_1 auc : 0.950308
[LightGBM] [Info] 10.558868 seconds elapsed, finished iteration 55
[LightGBM] [Debug] Trained a tree with leaves = 255
[LightGBM] [Info] Iteration:56, valid_1 auc : 0.950631
[LightGBM] [Info] 10.777985 seconds elapsed, finished iteration 56
[LightGBM] [Debug] Trained a tree with leaves = 255
[LightGBM] [Info] Iteration:57, valid_1 auc : 0.950926
[LightGBM] [Info] 10.987544 seconds elapsed, finished iteration 57
[LightGBM] [Debug] Trained a tree with leaves = 255
[LightGBM] [Info] Iteration:58, valid_1 auc : 0.951084
[LightGBM] [Info] 11.196213 seconds elapsed, finished iteration 58
[LightGBM] [Debug] Trained a tree with leaves = 255
[LightGBM] [Info] Iteration:59, valid_1 auc : 0.950969
[LightGBM] [Info] 11.456537 seconds elapsed, finished iteration 59
[LightGBM] [Debug] Trained a tree with leaves = 255
[LightGBM] [Info] Iteration:60, valid_1 auc : 0.951123
[LightGBM] [Info] 11.683596 seconds elapsed, finished iteration 60
[LightGBM] [Debug] Trained a tree with leaves = 255
[LightGBM] [Info] Iteration:61, valid_1 auc : 0.951809
[LightGBM] [Info] 11.904766 seconds elapsed, finished iteration 61
[LightGBM] [Debug] Trained a tree with leaves = 255
[LightGBM] [Info] Iteration:62, valid_1 auc : 0.951781
[LightGBM] [Info] 12.121624 seconds elapsed, finished iteration 62
[LightGBM] [Debug] Trained a tree with leaves = 255
[LightGBM] [Info] Iteration:63, valid_1 auc : 0.951991
[LightGBM] [Info] 12.342610 seconds elapsed, finished iteration 63
[LightGBM] [Debug] Trained a tree with leaves = 255
[LightGBM] [Info] Iteration:64, valid_1 auc : 0.952041
[LightGBM] [Info] 12.565685 seconds elapsed, finished iteration 64
[LightGBM] [Debug] Trained a tree with leaves = 255
[LightGBM] [Info] Iteration:65, valid_1 auc : 0.951831
[LightGBM] [Info] 12.783284 seconds elapsed, finished iteration 65
[LightGBM] [Debug] Trained a tree with leaves = 255
[LightGBM] [Info] Iteration:66, valid_1 auc : 0.951784
[LightGBM] [Info] 13.004024 seconds elapsed, finished iteration 66
[LightGBM] [Debug] Trained a tree with leaves = 255
[LightGBM] [Info] Iteration:67, valid_1 auc : 0.952191
[LightGBM] [Info] 13.225040 seconds elapsed, finished iteration 67
[LightGBM] [Debug] Trained a tree with leaves = 255
[LightGBM] [Info] Iteration:68, valid_1 auc : 0.952038
[LightGBM] [Info] 13.445480 seconds elapsed, finished iteration 68
[LightGBM] [Debug] Trained a tree with leaves = 255
[LightGBM] [Info] Iteration:69, valid_1 auc : 0.952008
[LightGBM] [Info] 13.702324 seconds elapsed, finished iteration 69
[LightGBM] [Debug] Trained a tree with leaves = 255
[LightGBM] [Info] Iteration:70, valid_1 auc : 0.952079
[LightGBM] [Info] 13.921753 seconds elapsed, finished iteration 70
[LightGBM] [Debug] Trained a tree with leaves = 255
[LightGBM] [Info] Iteration:71, valid_1 auc : 0.952096
[LightGBM] [Info] 14.144227 seconds elapsed, finished iteration 71
[LightGBM] [Debug] Trained a tree with leaves = 255
[LightGBM] [Info] Iteration:72, valid_1 auc : 0.952097
[LightGBM] [Info] 14.368318 seconds elapsed, finished iteration 72
[LightGBM] [Debug] Trained a tree with leaves = 255
[LightGBM] [Info] Iteration:73, valid_1 auc : 0.95228
[LightGBM] [Info] 14.607561 seconds elapsed, finished iteration 73
[LightGBM] [Debug] Trained a tree with leaves = 255
[LightGBM] [Info] Iteration:74, valid_1 auc : 0.952354
[LightGBM] [Info] 14.837325 seconds elapsed, finished iteration 74
[LightGBM] [Debug] Trained a tree with leaves = 255
[LightGBM] [Info] Iteration:75, valid_1 auc : 0.952439
[LightGBM] [Info] 15.069540 seconds elapsed, finished iteration 75
[LightGBM] [Debug] Trained a tree with leaves = 255
[LightGBM] [Info] Iteration:76, valid_1 auc : 0.952122
[LightGBM] [Info] 15.291807 seconds elapsed, finished iteration 76
[LightGBM] [Debug] Trained a tree with leaves = 255
[LightGBM] [Info] Iteration:77, valid_1 auc : 0.952099
[LightGBM] [Info] 15.542738 seconds elapsed, finished iteration 77
[LightGBM] [Debug] Trained a tree with leaves = 255
[LightGBM] [Info] Iteration:78, valid_1 auc : 0.952057
[LightGBM] [Info] 15.789687 seconds elapsed, finished iteration 78
[LightGBM] [Debug] Trained a tree with leaves = 255
[LightGBM] [Info] Iteration:79, valid_1 auc : 0.951975
[LightGBM] [Info] 16.016359 seconds elapsed, finished iteration 79
[LightGBM] [Debug] Trained a tree with leaves = 255
[LightGBM] [Info] Iteration:80, valid_1 auc : 0.951635
[LightGBM] [Info] 16.246421 seconds elapsed, finished iteration 80
[LightGBM] [Debug] Trained a tree with leaves = 255
[LightGBM] [Info] Iteration:81, valid_1 auc : 0.951608
[LightGBM] [Info] 16.482509 seconds elapsed, finished iteration 81
[LightGBM] [Debug] Trained a tree with leaves = 255
[LightGBM] [Info] Iteration:82, valid_1 auc : 0.951572
[LightGBM] [Info] 16.733319 seconds elapsed, finished iteration 82
[LightGBM] [Debug] Trained a tree with leaves = 255
[LightGBM] [Info] Iteration:83, valid_1 auc : 0.951665
[LightGBM] [Info] 16.962068 seconds elapsed, finished iteration 83
[LightGBM] [Debug] Trained a tree with leaves = 255
[LightGBM] [Info] Iteration:84, valid_1 auc : 0.951735
[LightGBM] [Info] 17.192122 seconds elapsed, finished iteration 84
[LightGBM] [Debug] Trained a tree with leaves = 255
[LightGBM] [Info] Iteration:85, valid_1 auc : 0.951484
[LightGBM] [Info] 17.434813 seconds elapsed, finished iteration 85
[LightGBM] [Debug] Trained a tree with leaves = 255
[LightGBM] [Info] Iteration:86, valid_1 auc : 0.951495
[LightGBM] [Info] 17.689654 seconds elapsed, finished iteration 86
[LightGBM] [Debug] Trained a tree with leaves = 255
[LightGBM] [Info] Iteration:87, valid_1 auc : 0.951232
[LightGBM] [Info] 17.934005 seconds elapsed, finished iteration 87
[LightGBM] [Debug] Trained a tree with leaves = 255
[LightGBM] [Info] Iteration:88, valid_1 auc : 0.951405
[LightGBM] [Info] 18.194627 seconds elapsed, finished iteration 88
[LightGBM] [Debug] Trained a tree with leaves = 255
[LightGBM] [Info] Iteration:89, valid_1 auc : 0.951464
[LightGBM] [Info] 18.437283 seconds elapsed, finished iteration 89
[LightGBM] [Debug] Trained a tree with leaves = 255
[LightGBM] [Info] Iteration:90, valid_1 auc : 0.951594
[LightGBM] [Info] 18.681411 seconds elapsed, finished iteration 90
[LightGBM] [Debug] Trained a tree with leaves = 255
[LightGBM] [Info] Iteration:91, valid_1 auc : 0.951428
[LightGBM] [Info] 18.929318 seconds elapsed, finished iteration 91
[LightGBM] [Debug] Trained a tree with leaves = 255
[LightGBM] [Info] Iteration:92, valid_1 auc : 0.951417
[LightGBM] [Info] 19.175463 seconds elapsed, finished iteration 92
[LightGBM] [Debug] Trained a tree with leaves = 255
[LightGBM] [Info] Iteration:93, valid_1 auc : 0.951297
[LightGBM] [Info] 19.418465 seconds elapsed, finished iteration 93
[LightGBM] [Debug] Trained a tree with leaves = 255
[LightGBM] [Info] Iteration:94, valid_1 auc : 0.951109
[LightGBM] [Info] 19.665563 seconds elapsed, finished iteration 94
[LightGBM] [Debug] Trained a tree with leaves = 255
[LightGBM] [Info] Iteration:95, valid_1 auc : 0.951255
[LightGBM] [Info] 19.919254 seconds elapsed, finished iteration 95
[LightGBM] [Debug] Trained a tree with leaves = 255
[LightGBM] [Info] Iteration:96, valid_1 auc : 0.951225
[LightGBM] [Info] 20.182016 seconds elapsed, finished iteration 96
[LightGBM] [Debug] Trained a tree with leaves = 255
[LightGBM] [Info] Iteration:97, valid_1 auc : 0.951177
[LightGBM] [Info] 20.434230 seconds elapsed, finished iteration 97
[LightGBM] [Debug] Trained a tree with leaves = 255
[LightGBM] [Info] Iteration:98, valid_1 auc : 0.95119
[LightGBM] [Info] 20.683378 seconds elapsed, finished iteration 98
[LightGBM] [Debug] Trained a tree with leaves = 255
[LightGBM] [Info] Iteration:99, valid_1 auc : 0.951205
[LightGBM] [Info] 20.932207 seconds elapsed, finished iteration 99
[LightGBM] [Debug] Trained a tree with leaves = 255
[LightGBM] [Info] Iteration:100, valid_1 auc : 0.951234
[LightGBM] [Info] 21.182186 seconds elapsed, finished iteration 100
[LightGBM] [Debug] Trained a tree with leaves = 255
[LightGBM] [Info] Iteration:101, valid_1 auc : 0.951157
[LightGBM] [Info] 21.432286 seconds elapsed, finished iteration 101
[LightGBM] [Debug] Trained a tree with leaves = 255
[LightGBM] [Info] Iteration:102, valid_1 auc : 0.951165
[LightGBM] [Info] 21.682561 seconds elapsed, finished iteration 102
[LightGBM] [Debug] Trained a tree with leaves = 255
[LightGBM] [Info] Iteration:103, valid_1 auc : 0.951224
[LightGBM] [Info] 21.938701 seconds elapsed, finished iteration 103
[LightGBM] [Debug] Trained a tree with leaves = 255
[LightGBM] [Info] Iteration:104, valid_1 auc : 0.951155
[LightGBM] [Info] 22.211947 seconds elapsed, finished iteration 104
[LightGBM] [Debug] Trained a tree with leaves = 255
[LightGBM] [Info] Iteration:105, valid_1 auc : 0.951167
[LightGBM] [Info] 22.480203 seconds elapsed, finished iteration 105
[LightGBM] [Debug] Trained a tree with leaves = 255
[LightGBM] [Info] Iteration:106, valid_1 auc : 0.951116
[LightGBM] [Info] 22.736210 seconds elapsed, finished iteration 106
[LightGBM] [Debug] Trained a tree with leaves = 255
[LightGBM] [Info] Iteration:107, valid_1 auc : 0.951051
[LightGBM] [Info] 22.988966 seconds elapsed, finished iteration 107
[LightGBM] [Debug] Trained a tree with leaves = 255
[LightGBM] [Info] Iteration:108, valid_1 auc : 0.95102
[LightGBM] [Info] 23.250707 seconds elapsed, finished iteration 108
[LightGBM] [Debug] Trained a tree with leaves = 255
[LightGBM] [Info] Iteration:109, valid_1 auc : 0.951137
[LightGBM] [Info] 23.506043 seconds elapsed, finished iteration 109
[LightGBM] [Debug] Trained a tree with leaves = 255
[LightGBM] [Info] Iteration:110, valid_1 auc : 0.951043
[LightGBM] [Info] 23.768928 seconds elapsed, finished iteration 110
[LightGBM] [Debug] Trained a tree with leaves = 255
[LightGBM] [Info] Iteration:111, valid_1 auc : 0.951063
[LightGBM] [Info] 24.022347 seconds elapsed, finished iteration 111
[LightGBM] [Debug] Trained a tree with leaves = 255
[LightGBM] [Info] Iteration:112, valid_1 auc : 0.95103
[LightGBM] [Info] 24.277744 seconds elapsed, finished iteration 112
[LightGBM] [Debug] Trained a tree with leaves = 255
[LightGBM] [Info] Iteration:113, valid_1 auc : 0.951047
[LightGBM] [Info] 24.526884 seconds elapsed, finished iteration 113
[LightGBM] [Debug] Trained a tree with leaves = 255
[LightGBM] [Info] Iteration:114, valid_1 auc : 0.951162
[LightGBM] [Info] 24.801475 seconds elapsed, finished iteration 114
[LightGBM] [Debug] Trained a tree with leaves = 255
[LightGBM] [Info] Iteration:115, valid_1 auc : 0.951256
[LightGBM] [Info] 25.071698 seconds elapsed, finished iteration 115
[LightGBM] [Debug] Trained a tree with leaves = 255
[LightGBM] [Info] Iteration:116, valid_1 auc : 0.951262
[LightGBM] [Info] 25.353296 seconds elapsed, finished iteration 116
[LightGBM] [Debug] Trained a tree with leaves = 255
[LightGBM] [Info] Iteration:117, valid_1 auc : 0.95131
[LightGBM] [Info] 25.617965 seconds elapsed, finished iteration 117
[LightGBM] [Debug] Trained a tree with leaves = 255
[LightGBM] [Info] Iteration:118, valid_1 auc : 0.951308
[LightGBM] [Info] 25.874567 seconds elapsed, finished iteration 118
[LightGBM] [Debug] Trained a tree with leaves = 255
[LightGBM] [Info] Iteration:119, valid_1 auc : 0.951083
[LightGBM] [Info] 26.130790 seconds elapsed, finished iteration 119
[LightGBM] [Debug] Trained a tree with leaves = 255
[LightGBM] [Info] Iteration:120, valid_1 auc : 0.950946
[LightGBM] [Info] 26.404089 seconds elapsed, finished iteration 120
[LightGBM] [Debug] Trained a tree with leaves = 255
[LightGBM] [Info] Iteration:121, valid_1 auc : 0.950877
[LightGBM] [Info] 26.684256 seconds elapsed, finished iteration 121
[LightGBM] [Debug] Trained a tree with leaves = 255
[LightGBM] [Info] Iteration:122, valid_1 auc : 0.950886
[LightGBM] [Info] 26.955811 seconds elapsed, finished iteration 122
[LightGBM] [Debug] Trained a tree with leaves = 255
[LightGBM] [Info] Iteration:123, valid_1 auc : 0.950946
[LightGBM] [Info] 27.226054 seconds elapsed, finished iteration 123
[LightGBM] [Debug] Trained a tree with leaves = 255
[LightGBM] [Info] Iteration:124, valid_1 auc : 0.950996
[LightGBM] [Info] 27.499676 seconds elapsed, finished iteration 124
[LightGBM] [Debug] Trained a tree with leaves = 255
[LightGBM] [Info] Iteration:125, valid_1 auc : 0.951088
[LightGBM] [Info] 27.778051 seconds elapsed, finished iteration 125
[LightGBM] [Debug] Trained a tree with leaves = 255
[LightGBM] [Info] Iteration:126, valid_1 auc : 0.951171
[LightGBM] [Info] 28.070042 seconds elapsed, finished iteration 126
[LightGBM] [Debug] Trained a tree with leaves = 255
[LightGBM] [Info] Iteration:127, valid_1 auc : 0.951138
[LightGBM] [Info] 28.345476 seconds elapsed, finished iteration 127
[LightGBM] [Debug] Trained a tree with leaves = 255
[LightGBM] [Info] Iteration:128, valid_1 auc : 0.95116
[LightGBM] [Info] 28.634988 seconds elapsed, finished iteration 128
[LightGBM] [Debug] Trained a tree with leaves = 255
[LightGBM] [Info] Iteration:129, valid_1 auc : 0.951159
[LightGBM] [Info] 28.915212 seconds elapsed, finished iteration 129
[LightGBM] [Debug] Trained a tree with leaves = 255
[LightGBM] [Info] Iteration:130, valid_1 auc : 0.951173
[LightGBM] [Info] 29.174183 seconds elapsed, finished iteration 130
[LightGBM] [Debug] Trained a tree with leaves = 255
[LightGBM] [Info] Iteration:131, valid_1 auc : 0.951177
[LightGBM] [Info] 29.438110 seconds elapsed, finished iteration 131
[LightGBM] [Debug] Trained a tree with leaves = 255
[LightGBM] [Info] Iteration:132, valid_1 auc : 0.950897
[LightGBM] [Info] 29.720058 seconds elapsed, finished iteration 132
[LightGBM] [Debug] Trained a tree with leaves = 255
[LightGBM] [Info] Iteration:133, valid_1 auc : 0.950904
[LightGBM] [Info] 29.990582 seconds elapsed, finished iteration 133
[LightGBM] [Debug] Trained a tree with leaves = 255
[LightGBM] [Info] Iteration:134, valid_1 auc : 0.950897
[LightGBM] [Info] 30.253800 seconds elapsed, finished iteration 134
[LightGBM] [Debug] Trained a tree with leaves = 255
[LightGBM] [Info] Iteration:135, valid_1 auc : 0.950896
[LightGBM] [Info] 30.519670 seconds elapsed, finished iteration 135
[LightGBM] [Debug] Trained a tree with leaves = 255
[LightGBM] [Info] Iteration:136, valid_1 auc : 0.950921
[LightGBM] [Info] 30.821977 seconds elapsed, finished iteration 136
[LightGBM] [Debug] Trained a tree with leaves = 255
[LightGBM] [Info] Iteration:137, valid_1 auc : 0.950881
[LightGBM] [Info] 31.078146 seconds elapsed, finished iteration 137
[LightGBM] [Debug] Trained a tree with leaves = 255
[LightGBM] [Info] Iteration:138, valid_1 auc : 0.95089
[LightGBM] [Info] 31.366698 seconds elapsed, finished iteration 138
[LightGBM] [Debug] Trained a tree with leaves = 255
[LightGBM] [Info] Iteration:139, valid_1 auc : 0.950962
[LightGBM] [Info] 31.629947 seconds elapsed, finished iteration 139
[LightGBM] [Debug] Trained a tree with leaves = 255
[LightGBM] [Info] Iteration:140, valid_1 auc : 0.9509
[LightGBM] [Info] 31.910454 seconds elapsed, finished iteration 140
[LightGBM] [Debug] Trained a tree with leaves = 255
[LightGBM] [Info] Iteration:141, valid_1 auc : 0.9509
[LightGBM] [Info] 32.166078 seconds elapsed, finished iteration 141
[LightGBM] [Debug] Trained a tree with leaves = 255
[LightGBM] [Info] Iteration:142, valid_1 auc : 0.950967
[LightGBM] [Info] 32.431925 seconds elapsed, finished iteration 142
[LightGBM] [Debug] Trained a tree with leaves = 255
[LightGBM] [Info] Iteration:143, valid_1 auc : 0.951038
[LightGBM] [Info] 32.699468 seconds elapsed, finished iteration 143
[LightGBM] [Debug] Trained a tree with leaves = 255
[LightGBM] [Info] Iteration:144, valid_1 auc : 0.951043
[LightGBM] [Info] 32.960462 seconds elapsed, finished iteration 144
[LightGBM] [Debug] Trained a tree with leaves = 255
[LightGBM] [Info] Iteration:145, valid_1 auc : 0.951096
[LightGBM] [Info] 33.223568 seconds elapsed, finished iteration 145
[LightGBM] [Debug] Trained a tree with leaves = 255
[LightGBM] [Info] Iteration:146, valid_1 auc : 0.951098
[LightGBM] [Info] 33.482118 seconds elapsed, finished iteration 146
[LightGBM] [Debug] Trained a tree with leaves = 255
[LightGBM] [Info] Iteration:147, valid_1 auc : 0.951096
[LightGBM] [Info] 33.762178 seconds elapsed, finished iteration 147
[LightGBM] [Debug] Trained a tree with leaves = 255
[LightGBM] [Info] Iteration:148, valid_1 auc : 0.951149
[LightGBM] [Info] 34.048882 seconds elapsed, finished iteration 148
[LightGBM] [Debug] Trained a tree with leaves = 255
[LightGBM] [Info] Iteration:149, valid_1 auc : 0.951002
[LightGBM] [Info] 34.318548 seconds elapsed, finished iteration 149
[LightGBM] [Debug] Trained a tree with leaves = 255
[LightGBM] [Info] Iteration:150, valid_1 auc : 0.950976
[LightGBM] [Info] 34.617996 seconds elapsed, finished iteration 150
[LightGBM] [Debug] Trained a tree with leaves = 255
[LightGBM] [Info] Iteration:151, valid_1 auc : 0.950917
[LightGBM] [Info] 34.877908 seconds elapsed, finished iteration 151
[LightGBM] [Debug] Trained a tree with leaves = 255
[LightGBM] [Info] Iteration:152, valid_1 auc : 0.950949
[LightGBM] [Info] 35.144351 seconds elapsed, finished iteration 152
[LightGBM] [Debug] Trained a tree with leaves = 255
[LightGBM] [Info] Iteration:153, valid_1 auc : 0.950933
[LightGBM] [Info] 35.413378 seconds elapsed, finished iteration 153
[LightGBM] [Debug] Trained a tree with leaves = 255
[LightGBM] [Info] Iteration:154, valid_1 auc : 0.950891
[LightGBM] [Info] 35.693028 seconds elapsed, finished iteration 154
[LightGBM] [Debug] Trained a tree with leaves = 255
[LightGBM] [Info] Iteration:155, valid_1 auc : 0.950869
[LightGBM] [Info] 35.973786 seconds elapsed, finished iteration 155
[LightGBM] [Debug] Trained a tree with leaves = 255
[LightGBM] [Info] Iteration:156, valid_1 auc : 0.950743
[LightGBM] [Info] 36.249624 seconds elapsed, finished iteration 156
[LightGBM] [Debug] Trained a tree with leaves = 255
[LightGBM] [Info] Iteration:157, valid_1 auc : 0.950807
[LightGBM] [Info] 36.522149 seconds elapsed, finished iteration 157
[LightGBM] [Debug] Trained a tree with leaves = 255
[LightGBM] [Info] Iteration:158, valid_1 auc : 0.950964
[LightGBM] [Info] 36.804475 seconds elapsed, finished iteration 158
[LightGBM] [Debug] Trained a tree with leaves = 255
[LightGBM] [Info] Iteration:159, valid_1 auc : 0.950949
[LightGBM] [Info] 37.073849 seconds elapsed, finished iteration 159
[LightGBM] [Debug] Trained a tree with leaves = 255
[LightGBM] [Info] Iteration:160, valid_1 auc : 0.950901
[LightGBM] [Info] 37.363855 seconds elapsed, finished iteration 160
[LightGBM] [Debug] Trained a tree with leaves = 255
[LightGBM] [Info] Iteration:161, valid_1 auc : 0.950952
[LightGBM] [Info] 37.663033 seconds elapsed, finished iteration 161
[LightGBM] [Debug] Trained a tree with leaves = 255
[LightGBM] [Info] Iteration:162, valid_1 auc : 0.951001
[LightGBM] [Info] 37.943465 seconds elapsed, finished iteration 162
[LightGBM] [Debug] Trained a tree with leaves = 255
[LightGBM] [Info] Iteration:163, valid_1 auc : 0.950964
[LightGBM] [Info] 38.217325 seconds elapsed, finished iteration 163
[LightGBM] [Debug] Trained a tree with leaves = 255
[LightGBM] [Info] Iteration:164, valid_1 auc : 0.951
[LightGBM] [Info] 38.502285 seconds elapsed, finished iteration 164
[LightGBM] [Debug] Trained a tree with leaves = 255
[LightGBM] [Info] Iteration:165, valid_1 auc : 0.950997
[LightGBM] [Info] 38.769876 seconds elapsed, finished iteration 165
[LightGBM] [Debug] Trained a tree with leaves = 255
[LightGBM] [Info] Iteration:166, valid_1 auc : 0.95093
[LightGBM] [Info] 39.029449 seconds elapsed, finished iteration 166
[LightGBM] [Debug] Trained a tree with leaves = 255
[LightGBM] [Info] Iteration:167, valid_1 auc : 0.951009
[LightGBM] [Info] 39.286664 seconds elapsed, finished iteration 167
[LightGBM] [Debug] Trained a tree with leaves = 255
[LightGBM] [Info] Iteration:168, valid_1 auc : 0.951018
[LightGBM] [Info] 39.578175 seconds elapsed, finished iteration 168
[LightGBM] [Debug] Trained a tree with leaves = 255
[LightGBM] [Info] Iteration:169, valid_1 auc : 0.95106
[LightGBM] [Info] 39.861226 seconds elapsed, finished iteration 169
[LightGBM] [Debug] Trained a tree with leaves = 255
[LightGBM] [Info] Iteration:170, valid_1 auc : 0.951193
[LightGBM] [Info] 40.150965 seconds elapsed, finished iteration 170
[LightGBM] [Debug] Trained a tree with leaves = 255
[LightGBM] [Info] Iteration:171, valid_1 auc : 0.951117
[LightGBM] [Info] 40.434340 seconds elapsed, finished iteration 171
[LightGBM] [Debug] Trained a tree with leaves = 255
[LightGBM] [Info] Iteration:172, valid_1 auc : 0.951104
[LightGBM] [Info] 40.721976 seconds elapsed, finished iteration 172
[LightGBM] [Debug] Trained a tree with leaves = 255
[LightGBM] [Info] Iteration:173, valid_1 auc : 0.95108
[LightGBM] [Info] 40.988316 seconds elapsed, finished iteration 173
[LightGBM] [Debug] Trained a tree with leaves = 255
[LightGBM] [Info] Iteration:174, valid_1 auc : 0.950971
[LightGBM] [Info] 41.244499 seconds elapsed, finished iteration 174
[LightGBM] [Debug] Trained a tree with leaves = 255
[LightGBM] [Info] Iteration:175, valid_1 auc : 0.950992
[LightGBM] [Info] 41.529510 seconds elapsed, finished iteration 175
[LightGBM] [Debug] Trained a tree with leaves = 255
[LightGBM] [Info] Iteration:176, valid_1 auc : 0.951124
[LightGBM] [Info] 41.809092 seconds elapsed, finished iteration 176
[LightGBM] [Debug] Trained a tree with leaves = 255
[LightGBM] [Info] Iteration:177, valid_1 auc : 0.951088
[LightGBM] [Info] 42.070699 seconds elapsed, finished iteration 177
[LightGBM] [Debug] Trained a tree with leaves = 255
[LightGBM] [Info] Iteration:178, valid_1 auc : 0.951089
[LightGBM] [Info] 42.357077 seconds elapsed, finished iteration 178
[LightGBM] [Debug] Trained a tree with leaves = 255
[LightGBM] [Info] Iteration:179, valid_1 auc : 0.951053
[LightGBM] [Info] 42.629129 seconds elapsed, finished iteration 179
[LightGBM] [Debug] Trained a tree with leaves = 255
[LightGBM] [Info] Iteration:180, valid_1 auc : 0.951013
[LightGBM] [Info] 42.915690 seconds elapsed, finished iteration 180
[LightGBM] [Debug] Trained a tree with leaves = 255
[LightGBM] [Info] Iteration:181, valid_1 auc : 0.951019
[LightGBM] [Info] 43.185966 seconds elapsed, finished iteration 181
[LightGBM] [Debug] Trained a tree with leaves = 255
[LightGBM] [Info] Iteration:182, valid_1 auc : 0.951016
[LightGBM] [Info] 43.450151 seconds elapsed, finished iteration 182
[LightGBM] [Debug] Trained a tree with leaves = 255
[LightGBM] [Info] Iteration:183, valid_1 auc : 0.951075
[LightGBM] [Info] 43.730777 seconds elapsed, finished iteration 183
[LightGBM] [Debug] Trained a tree with leaves = 255
[LightGBM] [Info] Iteration:184, valid_1 auc : 0.951082
[LightGBM] [Info] 43.996811 seconds elapsed, finished iteration 184
[LightGBM] [Debug] Trained a tree with leaves = 255
[LightGBM] [Info] Iteration:185, valid_1 auc : 0.95087
[LightGBM] [Info] 44.260735 seconds elapsed, finished iteration 185
[LightGBM] [Debug] Trained a tree with leaves = 255
[LightGBM] [Info] Iteration:186, valid_1 auc : 0.950868
[LightGBM] [Info] 44.540184 seconds elapsed, finished iteration 186
[LightGBM] [Debug] Trained a tree with leaves = 255
[LightGBM] [Info] Iteration:187, valid_1 auc : 0.95088
[LightGBM] [Info] 44.833923 seconds elapsed, finished iteration 187
[LightGBM] [Debug] Trained a tree with leaves = 255
[LightGBM] [Info] Iteration:188, valid_1 auc : 0.950892
[LightGBM] [Info] 45.122654 seconds elapsed, finished iteration 188
[LightGBM] [Debug] Trained a tree with leaves = 255
[LightGBM] [Info] Iteration:189, valid_1 auc : 0.950933
[LightGBM] [Info] 45.389886 seconds elapsed, finished iteration 189
[LightGBM] [Debug] Trained a tree with leaves = 255
[LightGBM] [Info] Iteration:190, valid_1 auc : 0.95094
[LightGBM] [Info] 45.652854 seconds elapsed, finished iteration 190
[LightGBM] [Debug] Trained a tree with leaves = 255
[LightGBM] [Info] Iteration:191, valid_1 auc : 0.950919
[LightGBM] [Info] 45.921071 seconds elapsed, finished iteration 191
[LightGBM] [Debug] Trained a tree with leaves = 255
[LightGBM] [Info] Iteration:192, valid_1 auc : 0.950927
[LightGBM] [Info] 46.195271 seconds elapsed, finished iteration 192
[LightGBM] [Debug] Trained a tree with leaves = 255
[LightGBM] [Info] Iteration:193, valid_1 auc : 0.950897
[LightGBM] [Info] 46.470461 seconds elapsed, finished iteration 193
[LightGBM] [Debug] Trained a tree with leaves = 255
[LightGBM] [Info] Iteration:194, valid_1 auc : 0.950908
[LightGBM] [Info] 46.755059 seconds elapsed, finished iteration 194
[LightGBM] [Debug] Trained a tree with leaves = 255
[LightGBM] [Info] Iteration:195, valid_1 auc : 0.950901
[LightGBM] [Info] 47.034717 seconds elapsed, finished iteration 195
[LightGBM] [Debug] Trained a tree with leaves = 255
[LightGBM] [Info] Iteration:196, valid_1 auc : 0.950921
[LightGBM] [Info] 47.323037 seconds elapsed, finished iteration 196
[LightGBM] [Debug] Trained a tree with leaves = 255
[LightGBM] [Info] Iteration:197, valid_1 auc : 0.950904
[LightGBM] [Info] 47.597459 seconds elapsed, finished iteration 197
[LightGBM] [Debug] Trained a tree with leaves = 255
[LightGBM] [Info] Iteration:198, valid_1 auc : 0.950676
[LightGBM] [Info] 47.893239 seconds elapsed, finished iteration 198
[LightGBM] [Debug] Trained a tree with leaves = 255
[LightGBM] [Info] Iteration:199, valid_1 auc : 0.950645
[LightGBM] [Info] 48.158562 seconds elapsed, finished iteration 199
[LightGBM] [Debug] Trained a tree with leaves = 255
[LightGBM] [Info] Iteration:200, valid_1 auc : 0.950551
[LightGBM] [Info] 48.428430 seconds elapsed, finished iteration 200
[LightGBM] [Debug] Trained a tree with leaves = 255
[LightGBM] [Info] Iteration:201, valid_1 auc : 0.950606
[LightGBM] [Info] 48.707533 seconds elapsed, finished iteration 201
[LightGBM] [Debug] Trained a tree with leaves = 255
[LightGBM] [Info] Iteration:202, valid_1 auc : 0.950649
[LightGBM] [Info] 48.976672 seconds elapsed, finished iteration 202
[LightGBM] [Debug] Trained a tree with leaves = 255
[LightGBM] [Info] Iteration:203, valid_1 auc : 0.950657
[LightGBM] [Info] 49.251484 seconds elapsed, finished iteration 203
[LightGBM] [Debug] Trained a tree with leaves = 255
[LightGBM] [Info] Iteration:204, valid_1 auc : 0.950608
[LightGBM] [Info] 49.530334 seconds elapsed, finished iteration 204
[LightGBM] [Debug] Trained a tree with leaves = 255
[LightGBM] [Info] Iteration:205, valid_1 auc : 0.950618
[LightGBM] [Info] 49.814490 seconds elapsed, finished iteration 205
[LightGBM] [Debug] Trained a tree with leaves = 255
[LightGBM] [Info] Iteration:206, valid_1 auc : 0.950693
[LightGBM] [Info] 50.079522 seconds elapsed, finished iteration 206
[LightGBM] [Debug] Trained a tree with leaves = 255
[LightGBM] [Info] Iteration:207, valid_1 auc : 0.950531
[LightGBM] [Info] 50.357833 seconds elapsed, finished iteration 207
[LightGBM] [Debug] Trained a tree with leaves = 255
[LightGBM] [Info] Iteration:208, valid_1 auc : 0.950552
[LightGBM] [Info] 50.626688 seconds elapsed, finished iteration 208
[LightGBM] [Debug] Trained a tree with leaves = 255
[LightGBM] [Info] Iteration:209, valid_1 auc : 0.950527
[LightGBM] [Info] 50.898851 seconds elapsed, finished iteration 209
[LightGBM] [Debug] Trained a tree with leaves = 255
[LightGBM] [Info] Iteration:210, valid_1 auc : 0.950552
[LightGBM] [Info] 51.163239 seconds elapsed, finished iteration 210
[LightGBM] [Debug] Trained a tree with leaves = 255
[LightGBM] [Info] Iteration:211, valid_1 auc : 0.950587
[LightGBM] [Info] 51.453954 seconds elapsed, finished iteration 211
[LightGBM] [Debug] Trained a tree with leaves = 255
[LightGBM] [Info] Iteration:212, valid_1 auc : 0.950498
[LightGBM] [Info] 51.735199 seconds elapsed, finished iteration 212
[LightGBM] [Debug] Trained a tree with leaves = 255
[LightGBM] [Info] Iteration:213, valid_1 auc : 0.950516
[LightGBM] [Info] 52.008380 seconds elapsed, finished iteration 213
[LightGBM] [Debug] Trained a tree with leaves = 255
[LightGBM] [Info] Iteration:214, valid_1 auc : 0.950483
[LightGBM] [Info] 52.270089 seconds elapsed, finished iteration 214
[LightGBM] [Debug] Trained a tree with leaves = 255
[LightGBM] [Info] Iteration:215, valid_1 auc : 0.950451
[LightGBM] [Info] 52.546759 seconds elapsed, finished iteration 215
[LightGBM] [Debug] Trained a tree with leaves = 255
[LightGBM] [Info] Iteration:216, valid_1 auc : 0.950496
[LightGBM] [Info] 52.817251 seconds elapsed, finished iteration 216
[LightGBM] [Debug] Trained a tree with leaves = 255
[LightGBM] [Info] Iteration:217, valid_1 auc : 0.950551
[LightGBM] [Info] 53.097701 seconds elapsed, finished iteration 217
[LightGBM] [Debug] Trained a tree with leaves = 255
[LightGBM] [Info] Iteration:218, valid_1 auc : 0.95056
[LightGBM] [Info] 53.388026 seconds elapsed, finished iteration 218
[LightGBM] [Debug] Trained a tree with leaves = 255
[LightGBM] [Info] Iteration:219, valid_1 auc : 0.9506
[LightGBM] [Info] 53.656115 seconds elapsed, finished iteration 219
[LightGBM] [Debug] Trained a tree with leaves = 255
[LightGBM] [Info] Iteration:220, valid_1 auc : 0.950492
[LightGBM] [Info] 53.930716 seconds elapsed, finished iteration 220
[LightGBM] [Debug] Trained a tree with leaves = 255
[LightGBM] [Info] Iteration:221, valid_1 auc : 0.950511
[LightGBM] [Info] 54.204940 seconds elapsed, finished iteration 221
[LightGBM] [Debug] Trained a tree with leaves = 255
[LightGBM] [Info] Iteration:222, valid_1 auc : 0.950569
[LightGBM] [Info] 54.469590 seconds elapsed, finished iteration 222
[LightGBM] [Debug] Trained a tree with leaves = 255
[LightGBM] [Info] Iteration:223, valid_1 auc : 0.950602
[LightGBM] [Info] 54.733073 seconds elapsed, finished iteration 223
[LightGBM] [Debug] Trained a tree with leaves = 255
[LightGBM] [Info] Iteration:224, valid_1 auc : 0.950594
[LightGBM] [Info] 55.012458 seconds elapsed, finished iteration 224
[LightGBM] [Debug] Trained a tree with leaves = 255
[LightGBM] [Info] Iteration:225, valid_1 auc : 0.950611
[LightGBM] [Info] 55.277013 seconds elapsed, finished iteration 225
[LightGBM] [Debug] Trained a tree with leaves = 255
[LightGBM] [Info] Iteration:226, valid_1 auc : 0.95065
[LightGBM] [Info] 55.592118 seconds elapsed, finished iteration 226
[LightGBM] [Debug] Trained a tree with leaves = 255
[LightGBM] [Info] Iteration:227, valid_1 auc : 0.950671
[LightGBM] [Info] 55.872287 seconds elapsed, finished iteration 227
[LightGBM] [Debug] Trained a tree with leaves = 255
[LightGBM] [Info] Iteration:228, valid_1 auc : 0.950666
[LightGBM] [Info] 56.144194 seconds elapsed, finished iteration 228
[LightGBM] [Debug] Trained a tree with leaves = 255
[LightGBM] [Info] Iteration:229, valid_1 auc : 0.950734
[LightGBM] [Info] 56.444219 seconds elapsed, finished iteration 229
[LightGBM] [Debug] Trained a tree with leaves = 255
[LightGBM] [Info] Iteration:230, valid_1 auc : 0.950757
[LightGBM] [Info] 56.726971 seconds elapsed, finished iteration 230
[LightGBM] [Debug] Trained a tree with leaves = 255
[LightGBM] [Info] Iteration:231, valid_1 auc : 0.950796
[LightGBM] [Info] 57.005012 seconds elapsed, finished iteration 231
[LightGBM] [Debug] Trained a tree with leaves = 255
[LightGBM] [Info] Iteration:232, valid_1 auc : 0.950811
[LightGBM] [Info] 57.270955 seconds elapsed, finished iteration 232
[LightGBM] [Debug] Trained a tree with leaves = 255
[LightGBM] [Info] Iteration:233, valid_1 auc : 0.950826
[LightGBM] [Info] 57.557454 seconds elapsed, finished iteration 233
[LightGBM] [Debug] Trained a tree with leaves = 255
[LightGBM] [Info] Iteration:234, valid_1 auc : 0.950857
[LightGBM] [Info] 57.861302 seconds elapsed, finished iteration 234
[LightGBM] [Debug] Trained a tree with leaves = 255
[LightGBM] [Info] Iteration:235, valid_1 auc : 0.950859
[LightGBM] [Info] 58.139479 seconds elapsed, finished iteration 235
[LightGBM] [Debug] Trained a tree with leaves = 255
[LightGBM] [Info] Iteration:236, valid_1 auc : 0.95088
[LightGBM] [Info] 58.429977 seconds elapsed, finished iteration 236
[LightGBM] [Debug] Trained a tree with leaves = 255
[LightGBM] [Info] Iteration:237, valid_1 auc : 0.950782
[LightGBM] [Info] 58.709800 seconds elapsed, finished iteration 237
[LightGBM] [Debug] Trained a tree with leaves = 255
[LightGBM] [Info] Iteration:238, valid_1 auc : 0.950791
[LightGBM] [Info] 58.978496 seconds elapsed, finished iteration 238
[LightGBM] [Debug] Trained a tree with leaves = 255
[LightGBM] [Info] Iteration:239, valid_1 auc : 0.950775
[LightGBM] [Info] 59.293223 seconds elapsed, finished iteration 239
[LightGBM] [Debug] Trained a tree with leaves = 255
[LightGBM] [Info] Iteration:240, valid_1 auc : 0.950727
[LightGBM] [Info] 59.572900 seconds elapsed, finished iteration 240
[LightGBM] [Debug] Trained a tree with leaves = 255
[LightGBM] [Info] Iteration:241, valid_1 auc : 0.950716
[LightGBM] [Info] 59.849582 seconds elapsed, finished iteration 241
[LightGBM] [Debug] Trained a tree with leaves = 255
[LightGBM] [Info] Iteration:242, valid_1 auc : 0.950671
[LightGBM] [Info] 60.125100 seconds elapsed, finished iteration 242
[LightGBM] [Debug] Trained a tree with leaves = 255
[LightGBM] [Info] Iteration:243, valid_1 auc : 0.950675
[LightGBM] [Info] 60.409885 seconds elapsed, finished iteration 243
[LightGBM] [Debug] Trained a tree with leaves = 255
[LightGBM] [Info] Iteration:244, valid_1 auc : 0.950636
[LightGBM] [Info] 60.698329 seconds elapsed, finished iteration 244
[LightGBM] [Debug] Trained a tree with leaves = 255
[LightGBM] [Info] Iteration:245, valid_1 auc : 0.950626
[LightGBM] [Info] 60.977318 seconds elapsed, finished iteration 245
[LightGBM] [Debug] Trained a tree with leaves = 255
[LightGBM] [Info] Iteration:246, valid_1 auc : 0.950634
[LightGBM] [Info] 61.256271 seconds elapsed, finished iteration 246
[LightGBM] [Debug] Trained a tree with leaves = 255
[LightGBM] [Info] Iteration:247, valid_1 auc : 0.950609
[LightGBM] [Info] 61.550181 seconds elapsed, finished iteration 247
[LightGBM] [Debug] Trained a tree with leaves = 255
[LightGBM] [Info] Iteration:248, valid_1 auc : 0.95063
[LightGBM] [Info] 61.827366 seconds elapsed, finished iteration 248
[LightGBM] [Debug] Trained a tree with leaves = 255
[LightGBM] [Info] Iteration:249, valid_1 auc : 0.95063
[LightGBM] [Info] 62.093743 seconds elapsed, finished iteration 249
[LightGBM] [Debug] Trained a tree with leaves = 255
[LightGBM] [Info] Iteration:250, valid_1 auc : 0.950623
[LightGBM] [Info] 62.392073 seconds elapsed, finished iteration 250
[LightGBM] [Debug] Trained a tree with leaves = 255
[LightGBM] [Info] Iteration:251, valid_1 auc : 0.950632
[LightGBM] [Info] 62.684072 seconds elapsed, finished iteration 251
[LightGBM] [Debug] Trained a tree with leaves = 255
[LightGBM] [Info] Iteration:252, valid_1 auc : 0.950621
[LightGBM] [Info] 62.962839 seconds elapsed, finished iteration 252
[LightGBM] [Debug] Trained a tree with leaves = 255
[LightGBM] [Info] Iteration:253, valid_1 auc : 0.950734
[LightGBM] [Info] 63.249096 seconds elapsed, finished iteration 253
[LightGBM] [Debug] Trained a tree with leaves = 255
[LightGBM] [Info] Iteration:254, valid_1 auc : 0.950701
[LightGBM] [Info] 63.538829 seconds elapsed, finished iteration 254
[LightGBM] [Debug] Trained a tree with leaves = 255
[LightGBM] [Info] Iteration:255, valid_1 auc : 0.950733
[LightGBM] [Info] 63.827090 seconds elapsed, finished iteration 255
[LightGBM] [Debug] Trained a tree with leaves = 255
[LightGBM] [Info] Iteration:256, valid_1 auc : 0.950741
[LightGBM] [Info] 64.115142 seconds elapsed, finished iteration 256
[LightGBM] [Debug] Trained a tree with leaves = 255
[LightGBM] [Info] Iteration:257, valid_1 auc : 0.950754
[LightGBM] [Info] 64.411536 seconds elapsed, finished iteration 257
[LightGBM] [Debug] Trained a tree with leaves = 255
[LightGBM] [Info] Iteration:258, valid_1 auc : 0.950756
[LightGBM] [Info] 64.702837 seconds elapsed, finished iteration 258
[LightGBM] [Debug] Trained a tree with leaves = 255
[LightGBM] [Info] Iteration:259, valid_1 auc : 0.950756
[LightGBM] [Info] 64.990156 seconds elapsed, finished iteration 259
[LightGBM] [Debug] Trained a tree with leaves = 255
[LightGBM] [Info] Iteration:260, valid_1 auc : 0.950761
[LightGBM] [Info] 65.276868 seconds elapsed, finished iteration 260
[LightGBM] [Debug] Trained a tree with leaves = 255
[LightGBM] [Info] Iteration:261, valid_1 auc : 0.950774
[LightGBM] [Info] 65.558392 seconds elapsed, finished iteration 261
[LightGBM] [Debug] Trained a tree with leaves = 255
[LightGBM] [Info] Iteration:262, valid_1 auc : 0.950763
[LightGBM] [Info] 65.839631 seconds elapsed, finished iteration 262
[LightGBM] [Debug] Trained a tree with leaves = 255
[LightGBM] [Info] Iteration:263, valid_1 auc : 0.95069
[LightGBM] [Info] 66.108231 seconds elapsed, finished iteration 263
[LightGBM] [Debug] Trained a tree with leaves = 255
[LightGBM] [Info] Iteration:264, valid_1 auc : 0.950718
[LightGBM] [Info] 66.372099 seconds elapsed, finished iteration 264
[LightGBM] [Debug] Trained a tree with leaves = 255
[LightGBM] [Info] Iteration:265, valid_1 auc : 0.95071
[LightGBM] [Info] 66.656451 seconds elapsed, finished iteration 265
[LightGBM] [Debug] Trained a tree with leaves = 255
[LightGBM] [Info] Iteration:266, valid_1 auc : 0.950731
[LightGBM] [Info] 66.934592 seconds elapsed, finished iteration 266
[LightGBM] [Debug] Trained a tree with leaves = 255
[LightGBM] [Info] Iteration:267, valid_1 auc : 0.950706
[LightGBM] [Info] 67.203397 seconds elapsed, finished iteration 267
[LightGBM] [Debug] Trained a tree with leaves = 255
[LightGBM] [Info] Iteration:268, valid_1 auc : 0.950745
[LightGBM] [Info] 67.488038 seconds elapsed, finished iteration 268
[LightGBM] [Debug] Trained a tree with leaves = 255
[LightGBM] [Info] Iteration:269, valid_1 auc : 0.950634
[LightGBM] [Info] 67.779521 seconds elapsed, finished iteration 269
[LightGBM] [Debug] Trained a tree with leaves = 255
[LightGBM] [Info] Iteration:270, valid_1 auc : 0.95065
[LightGBM] [Info] 68.061951 seconds elapsed, finished iteration 270
[LightGBM] [Debug] Trained a tree with leaves = 255
[LightGBM] [Info] Iteration:271, valid_1 auc : 0.950639
[LightGBM] [Info] 68.336646 seconds elapsed, finished iteration 271
[LightGBM] [Debug] Trained a tree with leaves = 255
[LightGBM] [Info] Iteration:272, valid_1 auc : 0.950452
[LightGBM] [Info] 68.647083 seconds elapsed, finished iteration 272
[LightGBM] [Debug] Trained a tree with leaves = 255
[LightGBM] [Info] Iteration:273, valid_1 auc : 0.950484
[LightGBM] [Info] 68.959417 seconds elapsed, finished iteration 273
[LightGBM] [Debug] Trained a tree with leaves = 255
[LightGBM] [Info] Iteration:274, valid_1 auc : 0.950514
[LightGBM] [Info] 69.247150 seconds elapsed, finished iteration 274
[LightGBM] [Debug] Trained a tree with leaves = 255
[LightGBM] [Info] Iteration:275, valid_1 auc : 0.950539
[LightGBM] [Info] 69.515678 seconds elapsed, finished iteration 275
[LightGBM] [Debug] Trained a tree with leaves = 255
[LightGBM] [Info] Iteration:276, valid_1 auc : 0.950556
[LightGBM] [Info] 69.800573 seconds elapsed, finished iteration 276
[LightGBM] [Debug] Trained a tree with leaves = 255
[LightGBM] [Info] Iteration:277, valid_1 auc : 0.950581
[LightGBM] [Info] 70.077218 seconds elapsed, finished iteration 277
[LightGBM] [Debug] Trained a tree with leaves = 255
[LightGBM] [Info] Iteration:278, valid_1 auc : 0.950582
[LightGBM] [Info] 70.344992 seconds elapsed, finished iteration 278
[LightGBM] [Debug] Trained a tree with leaves = 255
[LightGBM] [Info] Iteration:279, valid_1 auc : 0.950549
[LightGBM] [Info] 70.617091 seconds elapsed, finished iteration 279
[LightGBM] [Debug] Trained a tree with leaves = 255
[LightGBM] [Info] Iteration:280, valid_1 auc : 0.950551
[LightGBM] [Info] 70.896846 seconds elapsed, finished iteration 280
[LightGBM] [Debug] Trained a tree with leaves = 255
[LightGBM] [Info] Iteration:281, valid_1 auc : 0.950528
[LightGBM] [Info] 71.163704 seconds elapsed, finished iteration 281
[LightGBM] [Debug] Trained a tree with leaves = 255
[LightGBM] [Info] Iteration:282, valid_1 auc : 0.950538
[LightGBM] [Info] 71.444970 seconds elapsed, finished iteration 282
[LightGBM] [Debug] Trained a tree with leaves = 255
[LightGBM] [Info] Iteration:283, valid_1 auc : 0.950543
[LightGBM] [Info] 71.744190 seconds elapsed, finished iteration 283
[LightGBM] [Debug] Trained a tree with leaves = 255
[LightGBM] [Info] Iteration:284, valid_1 auc : 0.950561
[LightGBM] [Info] 72.032879 seconds elapsed, finished iteration 284
[LightGBM] [Debug] Trained a tree with leaves = 255
[LightGBM] [Info] Iteration:285, valid_1 auc : 0.950588
[LightGBM] [Info] 72.312024 seconds elapsed, finished iteration 285
[LightGBM] [Debug] Trained a tree with leaves = 255
[LightGBM] [Info] Iteration:286, valid_1 auc : 0.950472
[LightGBM] [Info] 72.585763 seconds elapsed, finished iteration 286
[LightGBM] [Debug] Trained a tree with leaves = 255
[LightGBM] [Info] Iteration:287, valid_1 auc : 0.950484
[LightGBM] [Info] 72.863593 seconds elapsed, finished iteration 287
[LightGBM] [Debug] Trained a tree with leaves = 255
[LightGBM] [Info] Iteration:288, valid_1 auc : 0.950469
[LightGBM] [Info] 73.155983 seconds elapsed, finished iteration 288
[LightGBM] [Debug] Trained a tree with leaves = 255
[LightGBM] [Info] Iteration:289, valid_1 auc : 0.950456
[LightGBM] [Info] 73.457807 seconds elapsed, finished iteration 289
[LightGBM] [Debug] Trained a tree with leaves = 255
[LightGBM] [Info] Iteration:290, valid_1 auc : 0.95044
[LightGBM] [Info] 73.724607 seconds elapsed, finished iteration 290
[LightGBM] [Debug] Trained a tree with leaves = 255
[LightGBM] [Info] Iteration:291, valid_1 auc : 0.950424
[LightGBM] [Info] 73.995429 seconds elapsed, finished iteration 291
[LightGBM] [Debug] Trained a tree with leaves = 255
[LightGBM] [Info] Iteration:292, valid_1 auc : 0.950423
[LightGBM] [Info] 74.273038 seconds elapsed, finished iteration 292
[LightGBM] [Debug] Trained a tree with leaves = 255
[LightGBM] [Info] Iteration:293, valid_1 auc : 0.950448
[LightGBM] [Info] 74.549957 seconds elapsed, finished iteration 293
[LightGBM] [Debug] Trained a tree with leaves = 255
[LightGBM] [Info] Iteration:294, valid_1 auc : 0.950454
[LightGBM] [Info] 74.836374 seconds elapsed, finished iteration 294
[LightGBM] [Debug] Trained a tree with leaves = 255
[LightGBM] [Info] Iteration:295, valid_1 auc : 0.950479
[LightGBM] [Info] 75.102880 seconds elapsed, finished iteration 295
[LightGBM] [Debug] Trained a tree with leaves = 255
[LightGBM] [Info] Iteration:296, valid_1 auc : 0.950518
[LightGBM] [Info] 75.380190 seconds elapsed, finished iteration 296
[LightGBM] [Debug] Trained a tree with leaves = 255
[LightGBM] [Info] Iteration:297, valid_1 auc : 0.950502
[LightGBM] [Info] 75.683387 seconds elapsed, finished iteration 297
[LightGBM] [Debug] Trained a tree with leaves = 255
[LightGBM] [Info] Iteration:298, valid_1 auc : 0.950459
[LightGBM] [Info] 75.958352 seconds elapsed, finished iteration 298
[LightGBM] [Debug] Trained a tree with leaves = 255
[LightGBM] [Info] Iteration:299, valid_1 auc : 0.950467
[LightGBM] [Info] 76.225329 seconds elapsed, finished iteration 299
[LightGBM] [Debug] Trained a tree with leaves = 255
[LightGBM] [Info] Iteration:300, valid_1 auc : 0.950457
[LightGBM] [Info] 76.501515 seconds elapsed, finished iteration 300
[LightGBM] [Debug] Trained a tree with leaves = 255
[LightGBM] [Info] Iteration:301, valid_1 auc : 0.950484
[LightGBM] [Info] 76.784371 seconds elapsed, finished iteration 301
[LightGBM] [Debug] Trained a tree with leaves = 255
[LightGBM] [Info] Iteration:302, valid_1 auc : 0.950483
[LightGBM] [Info] 77.083586 seconds elapsed, finished iteration 302
[LightGBM] [Debug] Trained a tree with leaves = 255
[LightGBM] [Info] Iteration:303, valid_1 auc : 0.950507
[LightGBM] [Info] 77.362720 seconds elapsed, finished iteration 303
[LightGBM] [Debug] Trained a tree with leaves = 255
[LightGBM] [Info] Iteration:304, valid_1 auc : 0.950523
[LightGBM] [Info] 77.635302 seconds elapsed, finished iteration 304
[LightGBM] [Debug] Trained a tree with leaves = 255
[LightGBM] [Info] Iteration:305, valid_1 auc : 0.950515
[LightGBM] [Info] 77.921274 seconds elapsed, finished iteration 305
[LightGBM] [Debug] Trained a tree with leaves = 255
[LightGBM] [Info] Iteration:306, valid_1 auc : 0.950541
[LightGBM] [Info] 78.197894 seconds elapsed, finished iteration 306
[LightGBM] [Debug] Trained a tree with leaves = 255
[LightGBM] [Info] Iteration:307, valid_1 auc : 0.950435
[LightGBM] [Info] 78.482534 seconds elapsed, finished iteration 307
[LightGBM] [Debug] Trained a tree with leaves = 255
[LightGBM] [Info] Iteration:308, valid_1 auc : 0.950438
[LightGBM] [Info] 78.756874 seconds elapsed, finished iteration 308
[LightGBM] [Debug] Trained a tree with leaves = 255
[LightGBM] [Info] Iteration:309, valid_1 auc : 0.95044
[LightGBM] [Info] 79.028798 seconds elapsed, finished iteration 309
[LightGBM] [Debug] Trained a tree with leaves = 255
[LightGBM] [Info] Iteration:310, valid_1 auc : 0.950438
[LightGBM] [Info] 79.303740 seconds elapsed, finished iteration 310
[LightGBM] [Debug] Trained a tree with leaves = 255
[LightGBM] [Info] Iteration:311, valid_1 auc : 0.950453
[LightGBM] [Info] 79.588989 seconds elapsed, finished iteration 311
[LightGBM] [Debug] Trained a tree with leaves = 255
[LightGBM] [Info] Iteration:312, valid_1 auc : 0.950494
[LightGBM] [Info] 79.868882 seconds elapsed, finished iteration 312
[LightGBM] [Debug] Trained a tree with leaves = 255
[LightGBM] [Info] Iteration:313, valid_1 auc : 0.950463
[LightGBM] [Info] 80.147419 seconds elapsed, finished iteration 313
[LightGBM] [Debug] Trained a tree with leaves = 255
[LightGBM] [Info] Iteration:314, valid_1 auc : 0.950431
[LightGBM] [Info] 80.432975 seconds elapsed, finished iteration 314
[LightGBM] [Debug] Trained a tree with leaves = 255
[LightGBM] [Info] Iteration:315, valid_1 auc : 0.950496
[LightGBM] [Info] 80.716628 seconds elapsed, finished iteration 315
[LightGBM] [Debug] Trained a tree with leaves = 255
[LightGBM] [Info] Iteration:316, valid_1 auc : 0.950452
[LightGBM] [Info] 80.987820 seconds elapsed, finished iteration 316
[LightGBM] [Debug] Trained a tree with leaves = 255
[LightGBM] [Info] Iteration:317, valid_1 auc : 0.950425
[LightGBM] [Info] 81.268169 seconds elapsed, finished iteration 317
[LightGBM] [Debug] Trained a tree with leaves = 255
[LightGBM] [Info] Iteration:318, valid_1 auc : 0.950525
[LightGBM] [Info] 81.557900 seconds elapsed, finished iteration 318
[LightGBM] [Debug] Trained a tree with leaves = 255
[LightGBM] [Info] Iteration:319, valid_1 auc : 0.950496
[LightGBM] [Info] 81.852971 seconds elapsed, finished iteration 319
[LightGBM] [Debug] Trained a tree with leaves = 255
[LightGBM] [Info] Iteration:320, valid_1 auc : 0.950507
[LightGBM] [Info] 82.135217 seconds elapsed, finished iteration 320
[LightGBM] [Debug] Trained a tree with leaves = 255
[LightGBM] [Info] Iteration:321, valid_1 auc : 0.950635
[LightGBM] [Info] 82.419132 seconds elapsed, finished iteration 321
[LightGBM] [Debug] Trained a tree with leaves = 255
[LightGBM] [Info] Iteration:322, valid_1 auc : 0.950625
[LightGBM] [Info] 82.699858 seconds elapsed, finished iteration 322
[LightGBM] [Debug] Trained a tree with leaves = 255
[LightGBM] [Info] Iteration:323, valid_1 auc : 0.950641
[LightGBM] [Info] 82.977376 seconds elapsed, finished iteration 323
[LightGBM] [Debug] Trained a tree with leaves = 255
[LightGBM] [Info] Iteration:324, valid_1 auc : 0.950631
[LightGBM] [Info] 83.251362 seconds elapsed, finished iteration 324
[LightGBM] [Debug] Trained a tree with leaves = 255
[LightGBM] [Info] Iteration:325, valid_1 auc : 0.950643
[LightGBM] [Info] 83.527414 seconds elapsed, finished iteration 325
[LightGBM] [Debug] Trained a tree with leaves = 255
[LightGBM] [Info] Iteration:326, valid_1 auc : 0.95063
[LightGBM] [Info] 83.817149 seconds elapsed, finished iteration 326
[LightGBM] [Debug] Trained a tree with leaves = 255
[LightGBM] [Info] Iteration:327, valid_1 auc : 0.950628
[LightGBM] [Info] 84.117938 seconds elapsed, finished iteration 327
[LightGBM] [Debug] Trained a tree with leaves = 255
[LightGBM] [Info] Iteration:328, valid_1 auc : 0.950543
[LightGBM] [Info] 84.409566 seconds elapsed, finished iteration 328
[LightGBM] [Debug] Trained a tree with leaves = 255
[LightGBM] [Info] Iteration:329, valid_1 auc : 0.950537
[LightGBM] [Info] 84.717872 seconds elapsed, finished iteration 329
[LightGBM] [Debug] Trained a tree with leaves = 255
[LightGBM] [Info] Iteration:330, valid_1 auc : 0.950553
[LightGBM] [Info] 84.999365 seconds elapsed, finished iteration 330
[LightGBM] [Debug] Trained a tree with leaves = 255
[LightGBM] [Info] Iteration:331, valid_1 auc : 0.950631
[LightGBM] [Info] 85.284132 seconds elapsed, finished iteration 331
[LightGBM] [Debug] Trained a tree with leaves = 255
[LightGBM] [Info] Iteration:332, valid_1 auc : 0.950688
[LightGBM] [Info] 85.567819 seconds elapsed, finished iteration 332
[LightGBM] [Debug] Trained a tree with leaves = 255
[LightGBM] [Info] Iteration:333, valid_1 auc : 0.950669
[LightGBM] [Info] 85.851422 seconds elapsed, finished iteration 333
[LightGBM] [Debug] Trained a tree with leaves = 255
[LightGBM] [Info] Iteration:334, valid_1 auc : 0.95069
[LightGBM] [Info] 86.128940 seconds elapsed, finished iteration 334
[LightGBM] [Debug] Trained a tree with leaves = 255
[LightGBM] [Info] Iteration:335, valid_1 auc : 0.95075
[LightGBM] [Info] 86.421271 seconds elapsed, finished iteration 335
[LightGBM] [Debug] Trained a tree with leaves = 255
[LightGBM] [Info] Iteration:336, valid_1 auc : 0.950742
[LightGBM] [Info] 86.689749 seconds elapsed, finished iteration 336
[LightGBM] [Debug] Trained a tree with leaves = 255
[LightGBM] [Info] Iteration:337, valid_1 auc : 0.950748
[LightGBM] [Info] 86.965853 seconds elapsed, finished iteration 337
[LightGBM] [Debug] Trained a tree with leaves = 255
[LightGBM] [Info] Iteration:338, valid_1 auc : 0.950713
[LightGBM] [Info] 87.234463 seconds elapsed, finished iteration 338
[LightGBM] [Debug] Trained a tree with leaves = 255
[LightGBM] [Info] Iteration:339, valid_1 auc : 0.950707
[LightGBM] [Info] 87.499735 seconds elapsed, finished iteration 339
[LightGBM] [Debug] Trained a tree with leaves = 255
[LightGBM] [Info] Iteration:340, valid_1 auc : 0.950689
[LightGBM] [Info] 87.786112 seconds elapsed, finished iteration 340
[LightGBM] [Debug] Trained a tree with leaves = 255
[LightGBM] [Info] Iteration:341, valid_1 auc : 0.950714
[LightGBM] [Info] 88.066973 seconds elapsed, finished iteration 341
[LightGBM] [Debug] Trained a tree with leaves = 255
[LightGBM] [Info] Iteration:342, valid_1 auc : 0.950718
[LightGBM] [Info] 88.348084 seconds elapsed, finished iteration 342
[LightGBM] [Debug] Trained a tree with leaves = 255
[LightGBM] [Info] Iteration:343, valid_1 auc : 0.950702
[LightGBM] [Info] 88.621256 seconds elapsed, finished iteration 343
[LightGBM] [Debug] Trained a tree with leaves = 255
[LightGBM] [Info] Iteration:344, valid_1 auc : 0.950675
[LightGBM] [Info] 88.903923 seconds elapsed, finished iteration 344
[LightGBM] [Debug] Trained a tree with leaves = 255
[LightGBM] [Info] Iteration:345, valid_1 auc : 0.950654
[LightGBM] [Info] 89.183243 seconds elapsed, finished iteration 345
[LightGBM] [Debug] Trained a tree with leaves = 255
[LightGBM] [Info] Iteration:346, valid_1 auc : 0.950674
[LightGBM] [Info] 89.466333 seconds elapsed, finished iteration 346
[LightGBM] [Debug] Trained a tree with leaves = 255
[LightGBM] [Info] Iteration:347, valid_1 auc : 0.950712
[LightGBM] [Info] 89.743645 seconds elapsed, finished iteration 347
[LightGBM] [Debug] Trained a tree with leaves = 255
[LightGBM] [Info] Iteration:348, valid_1 auc : 0.950704
[LightGBM] [Info] 90.027747 seconds elapsed, finished iteration 348
[LightGBM] [Debug] Trained a tree with leaves = 255
[LightGBM] [Info] Iteration:349, valid_1 auc : 0.950721
[LightGBM] [Info] 90.315440 seconds elapsed, finished iteration 349
[LightGBM] [Debug] Trained a tree with leaves = 255
[LightGBM] [Info] Iteration:350, valid_1 auc : 0.95073
[LightGBM] [Info] 90.600375 seconds elapsed, finished iteration 350
[LightGBM] [Debug] Trained a tree with leaves = 255
[LightGBM] [Info] Iteration:351, valid_1 auc : 0.950733
[LightGBM] [Info] 90.909881 seconds elapsed, finished iteration 351
[LightGBM] [Debug] Trained a tree with leaves = 255
[LightGBM] [Info] Iteration:352, valid_1 auc : 0.950748
[LightGBM] [Info] 91.183685 seconds elapsed, finished iteration 352
[LightGBM] [Debug] Trained a tree with leaves = 255
[LightGBM] [Info] Iteration:353, valid_1 auc : 0.950763
[LightGBM] [Info] 91.477995 seconds elapsed, finished iteration 353
[LightGBM] [Debug] Trained a tree with leaves = 255
[LightGBM] [Info] Iteration:354, valid_1 auc : 0.950724
[LightGBM] [Info] 91.762916 seconds elapsed, finished iteration 354
[LightGBM] [Debug] Trained a tree with leaves = 255
[LightGBM] [Info] Iteration:355, valid_1 auc : 0.950761
[LightGBM] [Info] 92.037445 seconds elapsed, finished iteration 355
[LightGBM] [Debug] Trained a tree with leaves = 255
[LightGBM] [Info] Iteration:356, valid_1 auc : 0.950766
[LightGBM] [Info] 92.314691 seconds elapsed, finished iteration 356
[LightGBM] [Debug] Trained a tree with leaves = 255
[LightGBM] [Info] Iteration:357, valid_1 auc : 0.950796
[LightGBM] [Info] 92.630399 seconds elapsed, finished iteration 357
[LightGBM] [Debug] Trained a tree with leaves = 255
[LightGBM] [Info] Iteration:358, valid_1 auc : 0.950829
[LightGBM] [Info] 92.913073 seconds elapsed, finished iteration 358
[LightGBM] [Debug] Trained a tree with leaves = 255
[LightGBM] [Info] Iteration:359, valid_1 auc : 0.950831
[LightGBM] [Info] 93.190299 seconds elapsed, finished iteration 359
[LightGBM] [Debug] Trained a tree with leaves = 255
[LightGBM] [Info] Iteration:360, valid_1 auc : 0.950928
[LightGBM] [Info] 93.468615 seconds elapsed, finished iteration 360
[LightGBM] [Debug] Trained a tree with leaves = 255
[LightGBM] [Info] Iteration:361, valid_1 auc : 0.950862
[LightGBM] [Info] 93.764471 seconds elapsed, finished iteration 361
[LightGBM] [Debug] Trained a tree with leaves = 255
[LightGBM] [Info] Iteration:362, valid_1 auc : 0.950861
[LightGBM] [Info] 94.081424 seconds elapsed, finished iteration 362
[LightGBM] [Debug] Trained a tree with leaves = 255
[LightGBM] [Info] Iteration:363, valid_1 auc : 0.950876
[LightGBM] [Info] 94.379081 seconds elapsed, finished iteration 363
[LightGBM] [Debug] Trained a tree with leaves = 255
[LightGBM] [Info] Iteration:364, valid_1 auc : 0.950842
[LightGBM] [Info] 94.672628 seconds elapsed, finished iteration 364
[LightGBM] [Debug] Trained a tree with leaves = 255
[LightGBM] [Info] Iteration:365, valid_1 auc : 0.950873
[LightGBM] [Info] 94.946848 seconds elapsed, finished iteration 365
[LightGBM] [Debug] Trained a tree with leaves = 255
[LightGBM] [Info] Iteration:366, valid_1 auc : 0.950895
[LightGBM] [Info] 95.215751 seconds elapsed, finished iteration 366
[LightGBM] [Debug] Trained a tree with leaves = 255
[LightGBM] [Info] Iteration:367, valid_1 auc : 0.95089
[LightGBM] [Info] 95.497225 seconds elapsed, finished iteration 367
[LightGBM] [Debug] Trained a tree with leaves = 255
[LightGBM] [Info] Iteration:368, valid_1 auc : 0.950897
[LightGBM] [Info] 95.784750 seconds elapsed, finished iteration 368
[LightGBM] [Debug] Trained a tree with leaves = 255
[LightGBM] [Info] Iteration:369, valid_1 auc : 0.950906
[LightGBM] [Info] 96.067743 seconds elapsed, finished iteration 369
[LightGBM] [Debug] Trained a tree with leaves = 255
[LightGBM] [Info] Iteration:370, valid_1 auc : 0.950898
[LightGBM] [Info] 96.347284 seconds elapsed, finished iteration 370
[LightGBM] [Debug] Trained a tree with leaves = 255
[LightGBM] [Info] Iteration:371, valid_1 auc : 0.950937
[LightGBM] [Info] 96.623625 seconds elapsed, finished iteration 371
[LightGBM] [Debug] Trained a tree with leaves = 255
[LightGBM] [Info] Iteration:372, valid_1 auc : 0.950926
[LightGBM] [Info] 96.897537 seconds elapsed, finished iteration 372
[LightGBM] [Debug] Trained a tree with leaves = 255
[LightGBM] [Info] Iteration:373, valid_1 auc : 0.950977
[LightGBM] [Info] 97.172968 seconds elapsed, finished iteration 373
[LightGBM] [Debug] Trained a tree with leaves = 255
[LightGBM] [Info] Iteration:374, valid_1 auc : 0.950994
[LightGBM] [Info] 97.440110 seconds elapsed, finished iteration 374
[LightGBM] [Debug] Trained a tree with leaves = 255
[LightGBM] [Info] Iteration:375, valid_1 auc : 0.951015
[LightGBM] [Info] 97.768503 seconds elapsed, finished iteration 375
[LightGBM] [Debug] Trained a tree with leaves = 255
[LightGBM] [Info] Iteration:376, valid_1 auc : 0.951031
[LightGBM] [Info] 98.044049 seconds elapsed, finished iteration 376
[LightGBM] [Debug] Trained a tree with leaves = 255
[LightGBM] [Info] Iteration:377, valid_1 auc : 0.951014
[LightGBM] [Info] 98.348052 seconds elapsed, finished iteration 377
[LightGBM] [Debug] Trained a tree with leaves = 255
[LightGBM] [Info] Iteration:378, valid_1 auc : 0.951021
[LightGBM] [Info] 98.637571 seconds elapsed, finished iteration 378
[LightGBM] [Debug] Trained a tree with leaves = 255
[LightGBM] [Info] Iteration:379, valid_1 auc : 0.950978
[LightGBM] [Info] 98.920857 seconds elapsed, finished iteration 379
[LightGBM] [Debug] Trained a tree with leaves = 255
[LightGBM] [Info] Iteration:380, valid_1 auc : 0.950987
[LightGBM] [Info] 99.189244 seconds elapsed, finished iteration 380
[LightGBM] [Debug] Trained a tree with leaves = 255
[LightGBM] [Info] Iteration:381, valid_1 auc : 0.951024
[LightGBM] [Info] 99.482556 seconds elapsed, finished iteration 381
[LightGBM] [Debug] Trained a tree with leaves = 255
[LightGBM] [Info] Iteration:382, valid_1 auc : 0.951042
[LightGBM] [Info] 99.788829 seconds elapsed, finished iteration 382
[LightGBM] [Debug] Trained a tree with leaves = 255
[LightGBM] [Info] Iteration:383, valid_1 auc : 0.950822
[LightGBM] [Info] 100.070292 seconds elapsed, finished iteration 383
[LightGBM] [Debug] Trained a tree with leaves = 255
[LightGBM] [Info] Iteration:384, valid_1 auc : 0.950808
[LightGBM] [Info] 100.339415 seconds elapsed, finished iteration 384
[LightGBM] [Debug] Trained a tree with leaves = 255
[LightGBM] [Info] Iteration:385, valid_1 auc : 0.95081
[LightGBM] [Info] 100.614613 seconds elapsed, finished iteration 385
[LightGBM] [Debug] Trained a tree with leaves = 255
[LightGBM] [Info] Iteration:386, valid_1 auc : 0.950833
[LightGBM] [Info] 100.897282 seconds elapsed, finished iteration 386
[LightGBM] [Debug] Trained a tree with leaves = 255
[LightGBM] [Info] Iteration:387, valid_1 auc : 0.950829
[LightGBM] [Info] 101.185013 seconds elapsed, finished iteration 387
[LightGBM] [Debug] Trained a tree with leaves = 255
[LightGBM] [Info] Iteration:388, valid_1 auc : 0.950853
[LightGBM] [Info] 101.474734 seconds elapsed, finished iteration 388
[LightGBM] [Debug] Trained a tree with leaves = 255
[LightGBM] [Info] Iteration:389, valid_1 auc : 0.950827
[LightGBM] [Info] 101.758096 seconds elapsed, finished iteration 389
[LightGBM] [Debug] Trained a tree with leaves = 255
[LightGBM] [Info] Iteration:390, valid_1 auc : 0.95084
[LightGBM] [Info] 102.033799 seconds elapsed, finished iteration 390
[LightGBM] [Debug] Trained a tree with leaves = 255
[LightGBM] [Info] Iteration:391, valid_1 auc : 0.950837
[LightGBM] [Info] 102.310627 seconds elapsed, finished iteration 391
[LightGBM] [Debug] Trained a tree with leaves = 255
[LightGBM] [Info] Iteration:392, valid_1 auc : 0.950653
[LightGBM] [Info] 102.584682 seconds elapsed, finished iteration 392
[LightGBM] [Debug] Trained a tree with leaves = 255
[LightGBM] [Info] Iteration:393, valid_1 auc : 0.950664
[LightGBM] [Info] 102.879319 seconds elapsed, finished iteration 393
[LightGBM] [Debug] Trained a tree with leaves = 255
[LightGBM] [Info] Iteration:394, valid_1 auc : 0.950711
[LightGBM] [Info] 103.152642 seconds elapsed, finished iteration 394
[LightGBM] [Debug] Trained a tree with leaves = 255
[LightGBM] [Info] Iteration:395, valid_1 auc : 0.950735
[LightGBM] [Info] 103.455576 seconds elapsed, finished iteration 395
[LightGBM] [Debug] Trained a tree with leaves = 255
[LightGBM] [Info] Iteration:396, valid_1 auc : 0.950766
[LightGBM] [Info] 103.743738 seconds elapsed, finished iteration 396
[LightGBM] [Debug] Trained a tree with leaves = 255
[LightGBM] [Info] Iteration:397, valid_1 auc : 0.950788
[LightGBM] [Info] 104.030722 seconds elapsed, finished iteration 397
[LightGBM] [Debug] Trained a tree with leaves = 255
[LightGBM] [Info] Iteration:398, valid_1 auc : 0.950762
[LightGBM] [Info] 104.308038 seconds elapsed, finished iteration 398
[LightGBM] [Debug] Trained a tree with leaves = 255
[LightGBM] [Info] Iteration:399, valid_1 auc : 0.95079
[LightGBM] [Info] 104.582284 seconds elapsed, finished iteration 399
[LightGBM] [Debug] Trained a tree with leaves = 255
[LightGBM] [Info] Iteration:400, valid_1 auc : 0.950781
[LightGBM] [Info] 104.862412 seconds elapsed, finished iteration 400
[LightGBM] [Debug] Trained a tree with leaves = 255
[LightGBM] [Info] Iteration:401, valid_1 auc : 0.950793
[LightGBM] [Info] 105.159445 seconds elapsed, finished iteration 401
[LightGBM] [Debug] Trained a tree with leaves = 255
[LightGBM] [Info] Iteration:402, valid_1 auc : 0.950771
[LightGBM] [Info] 105.458405 seconds elapsed, finished iteration 402
[LightGBM] [Debug] Trained a tree with leaves = 255
[LightGBM] [Info] Iteration:403, valid_1 auc : 0.950781
[LightGBM] [Info] 105.744457 seconds elapsed, finished iteration 403
[LightGBM] [Debug] Trained a tree with leaves = 255
[LightGBM] [Info] Iteration:404, valid_1 auc : 0.950777
[LightGBM] [Info] 106.023410 seconds elapsed, finished iteration 404
[LightGBM] [Debug] Trained a tree with leaves = 255
[LightGBM] [Info] Iteration:405, valid_1 auc : 0.950663
[LightGBM] [Info] 106.299130 seconds elapsed, finished iteration 405
[LightGBM] [Debug] Trained a tree with leaves = 255
[LightGBM] [Info] Iteration:406, valid_1 auc : 0.950686
[LightGBM] [Info] 106.590729 seconds elapsed, finished iteration 406
[LightGBM] [Debug] Trained a tree with leaves = 255
[LightGBM] [Info] Iteration:407, valid_1 auc : 0.950591
[LightGBM] [Info] 106.870470 seconds elapsed, finished iteration 407
[LightGBM] [Debug] Trained a tree with leaves = 255
[LightGBM] [Info] Iteration:408, valid_1 auc : 0.950599
[LightGBM] [Info] 107.160320 seconds elapsed, finished iteration 408
[LightGBM] [Debug] Trained a tree with leaves = 255
[LightGBM] [Info] Iteration:409, valid_1 auc : 0.95063
[LightGBM] [Info] 107.442650 seconds elapsed, finished iteration 409
[LightGBM] [Debug] Trained a tree with leaves = 255
[LightGBM] [Info] Iteration:410, valid_1 auc : 0.950653
[LightGBM] [Info] 107.727182 seconds elapsed, finished iteration 410
[LightGBM] [Debug] Trained a tree with leaves = 255
[LightGBM] [Info] Iteration:411, valid_1 auc : 0.950672
[LightGBM] [Info] 108.006935 seconds elapsed, finished iteration 411
[LightGBM] [Debug] Trained a tree with leaves = 255
[LightGBM] [Info] Iteration:412, valid_1 auc : 0.950656
[LightGBM] [Info] 108.286071 seconds elapsed, finished iteration 412
[LightGBM] [Debug] Trained a tree with leaves = 255
[LightGBM] [Info] Iteration:413, valid_1 auc : 0.950639
[LightGBM] [Info] 108.550868 seconds elapsed, finished iteration 413
[LightGBM] [Debug] Trained a tree with leaves = 255
[LightGBM] [Info] Iteration:414, valid_1 auc : 0.950628
[LightGBM] [Info] 108.848900 seconds elapsed, finished iteration 414
[LightGBM] [Debug] Trained a tree with leaves = 255
[LightGBM] [Info] Iteration:415, valid_1 auc : 0.9506
[LightGBM] [Info] 109.124833 seconds elapsed, finished iteration 415
[LightGBM] [Debug] Trained a tree with leaves = 255
[LightGBM] [Info] Iteration:416, valid_1 auc : 0.950599
[LightGBM] [Info] 109.399983 seconds elapsed, finished iteration 416
[LightGBM] [Debug] Trained a tree with leaves = 255
[LightGBM] [Info] Iteration:417, valid_1 auc : 0.950594
[LightGBM] [Info] 109.694546 seconds elapsed, finished iteration 417
[LightGBM] [Debug] Trained a tree with leaves = 255
[LightGBM] [Info] Iteration:418, valid_1 auc : 0.950596
[LightGBM] [Info] 109.966037 seconds elapsed, finished iteration 418
[LightGBM] [Debug] Trained a tree with leaves = 255
[LightGBM] [Info] Iteration:419, valid_1 auc : 0.950596
[LightGBM] [Info] 110.240845 seconds elapsed, finished iteration 419
[LightGBM] [Debug] Trained a tree with leaves = 255
[LightGBM] [Info] Iteration:420, valid_1 auc : 0.95059
[LightGBM] [Info] 110.516855 seconds elapsed, finished iteration 420
[LightGBM] [Debug] Trained a tree with leaves = 255
[LightGBM] [Info] Iteration:421, valid_1 auc : 0.950592
[LightGBM] [Info] 110.800058 seconds elapsed, finished iteration 421
[LightGBM] [Debug] Trained a tree with leaves = 255
[LightGBM] [Info] Iteration:422, valid_1 auc : 0.950639
[LightGBM] [Info] 111.084880 seconds elapsed, finished iteration 422
[LightGBM] [Debug] Trained a tree with leaves = 255
[LightGBM] [Info] Iteration:423, valid_1 auc : 0.950611
[LightGBM] [Info] 111.346692 seconds elapsed, finished iteration 423
[LightGBM] [Debug] Trained a tree with leaves = 255
[LightGBM] [Info] Iteration:424, valid_1 auc : 0.950619
[LightGBM] [Info] 111.626484 seconds elapsed, finished iteration 424
[LightGBM] [Debug] Trained a tree with leaves = 255
[LightGBM] [Info] Iteration:425, valid_1 auc : 0.950617
[LightGBM] [Info] 111.905578 seconds elapsed, finished iteration 425
[LightGBM] [Debug] Trained a tree with leaves = 255
[LightGBM] [Info] Iteration:426, valid_1 auc : 0.950566
[LightGBM] [Info] 112.188173 seconds elapsed, finished iteration 426
[LightGBM] [Debug] Trained a tree with leaves = 255
[LightGBM] [Info] Iteration:427, valid_1 auc : 0.950551
[LightGBM] [Info] 112.466302 seconds elapsed, finished iteration 427
[LightGBM] [Debug] Trained a tree with leaves = 255
[LightGBM] [Info] Iteration:428, valid_1 auc : 0.950521
[LightGBM] [Info] 112.750452 seconds elapsed, finished iteration 428
[LightGBM] [Debug] Trained a tree with leaves = 255
[LightGBM] [Info] Iteration:429, valid_1 auc : 0.950559
[LightGBM] [Info] 113.028971 seconds elapsed, finished iteration 429
[LightGBM] [Debug] Trained a tree with leaves = 255
[LightGBM] [Info] Iteration:430, valid_1 auc : 0.950564
[LightGBM] [Info] 113.327129 seconds elapsed, finished iteration 430
[LightGBM] [Debug] Trained a tree with leaves = 255
[LightGBM] [Info] Iteration:431, valid_1 auc : 0.950568
[LightGBM] [Info] 113.607291 seconds elapsed, finished iteration 431
[LightGBM] [Debug] Trained a tree with leaves = 255
[LightGBM] [Info] Iteration:432, valid_1 auc : 0.950564
[LightGBM] [Info] 113.878536 seconds elapsed, finished iteration 432
[LightGBM] [Debug] Trained a tree with leaves = 255
[LightGBM] [Info] Iteration:433, valid_1 auc : 0.950559
[LightGBM] [Info] 114.161901 seconds elapsed, finished iteration 433
[LightGBM] [Debug] Trained a tree with leaves = 255
[LightGBM] [Info] Iteration:434, valid_1 auc : 0.950534
[LightGBM] [Info] 114.445874 seconds elapsed, finished iteration 434
[LightGBM] [Debug] Trained a tree with leaves = 255
[LightGBM] [Info] Iteration:435, valid_1 auc : 0.950553
[LightGBM] [Info] 114.735959 seconds elapsed, finished iteration 435
[LightGBM] [Debug] Trained a tree with leaves = 255
[LightGBM] [Info] Iteration:436, valid_1 auc : 0.950587
[LightGBM] [Info] 115.032783 seconds elapsed, finished iteration 436
[LightGBM] [Debug] Trained a tree with leaves = 255
[LightGBM] [Info] Iteration:437, valid_1 auc : 0.950614
[LightGBM] [Info] 115.338292 seconds elapsed, finished iteration 437
[LightGBM] [Debug] Trained a tree with leaves = 255
[LightGBM] [Info] Iteration:438, valid_1 auc : 0.950611
[LightGBM] [Info] 115.629319 seconds elapsed, finished iteration 438
[LightGBM] [Debug] Trained a tree with leaves = 255
[LightGBM] [Info] Iteration:439, valid_1 auc : 0.950619
[LightGBM] [Info] 115.906696 seconds elapsed, finished iteration 439
[LightGBM] [Debug] Trained a tree with leaves = 255
[LightGBM] [Info] Iteration:440, valid_1 auc : 0.950644
[LightGBM] [Info] 116.198621 seconds elapsed, finished iteration 440
[LightGBM] [Debug] Trained a tree with leaves = 255
[LightGBM] [Info] Iteration:441, valid_1 auc : 0.950565
[LightGBM] [Info] 116.473620 seconds elapsed, finished iteration 441
[LightGBM] [Debug] Trained a tree with leaves = 255
[LightGBM] [Info] Iteration:442, valid_1 auc : 0.950556
[LightGBM] [Info] 116.769084 seconds elapsed, finished iteration 442
[LightGBM] [Debug] Trained a tree with leaves = 255
[LightGBM] [Info] Iteration:443, valid_1 auc : 0.950556
[LightGBM] [Info] 117.053890 seconds elapsed, finished iteration 443
[LightGBM] [Debug] Trained a tree with leaves = 255
[LightGBM] [Info] Iteration:444, valid_1 auc : 0.950578
[LightGBM] [Info] 117.337024 seconds elapsed, finished iteration 444
[LightGBM] [Debug] Trained a tree with leaves = 255
[LightGBM] [Info] Iteration:445, valid_1 auc : 0.950625
[LightGBM] [Info] 117.617249 seconds elapsed, finished iteration 445
[LightGBM] [Debug] Trained a tree with leaves = 255
[LightGBM] [Info] Iteration:446, valid_1 auc : 0.950614
[LightGBM] [Info] 117.903485 seconds elapsed, finished iteration 446
[LightGBM] [Debug] Trained a tree with leaves = 255
[LightGBM] [Info] Iteration:447, valid_1 auc : 0.950637
[LightGBM] [Info] 118.193078 seconds elapsed, finished iteration 447
[LightGBM] [Debug] Trained a tree with leaves = 255
[LightGBM] [Info] Iteration:448, valid_1 auc : 0.950635
[LightGBM] [Info] 118.486076 seconds elapsed, finished iteration 448
[LightGBM] [Debug] Trained a tree with leaves = 255
[LightGBM] [Info] Iteration:449, valid_1 auc : 0.950642
[LightGBM] [Info] 118.788818 seconds elapsed, finished iteration 449
[LightGBM] [Debug] Trained a tree with leaves = 255
[LightGBM] [Info] Iteration:450, valid_1 auc : 0.950621
[LightGBM] [Info] 119.077650 seconds elapsed, finished iteration 450
[LightGBM] [Debug] Trained a tree with leaves = 255
[LightGBM] [Info] Iteration:451, valid_1 auc : 0.950565
[LightGBM] [Info] 119.360319 seconds elapsed, finished iteration 451
[LightGBM] [Debug] Trained a tree with leaves = 255
[LightGBM] [Info] Iteration:452, valid_1 auc : 0.950571
[LightGBM] [Info] 119.667725 seconds elapsed, finished iteration 452
[LightGBM] [Debug] Trained a tree with leaves = 255
[LightGBM] [Info] Iteration:453, valid_1 auc : 0.950548
[LightGBM] [Info] 119.942756 seconds elapsed, finished iteration 453
[LightGBM] [Debug] Trained a tree with leaves = 255
[LightGBM] [Info] Iteration:454, valid_1 auc : 0.950547
[LightGBM] [Info] 120.234394 seconds elapsed, finished iteration 454
[LightGBM] [Debug] Trained a tree with leaves = 255
[LightGBM] [Info] Iteration:455, valid_1 auc : 0.950532
[LightGBM] [Info] 120.508818 seconds elapsed, finished iteration 455
[LightGBM] [Debug] Trained a tree with leaves = 255
[LightGBM] [Info] Iteration:456, valid_1 auc : 0.950532
[LightGBM] [Info] 120.795026 seconds elapsed, finished iteration 456
[LightGBM] [Debug] Trained a tree with leaves = 255
[LightGBM] [Info] Iteration:457, valid_1 auc : 0.950558
[LightGBM] [Info] 121.073270 seconds elapsed, finished iteration 457
[LightGBM] [Debug] Trained a tree with leaves = 255
[LightGBM] [Info] Iteration:458, valid_1 auc : 0.95056
[LightGBM] [Info] 121.365862 seconds elapsed, finished iteration 458
[LightGBM] [Debug] Trained a tree with leaves = 255
[LightGBM] [Info] Iteration:459, valid_1 auc : 0.9505
[LightGBM] [Info] 121.650804 seconds elapsed, finished iteration 459
[LightGBM] [Debug] Trained a tree with leaves = 255
[LightGBM] [Info] Iteration:460, valid_1 auc : 0.950475
[LightGBM] [Info] 121.931423 seconds elapsed, finished iteration 460
[LightGBM] [Debug] Trained a tree with leaves = 255
[LightGBM] [Info] Iteration:461, valid_1 auc : 0.950477
[LightGBM] [Info] 122.214627 seconds elapsed, finished iteration 461
[LightGBM] [Debug] Trained a tree with leaves = 255
[LightGBM] [Info] Iteration:462, valid_1 auc : 0.950489
[LightGBM] [Info] 122.508440 seconds elapsed, finished iteration 462
[LightGBM] [Debug] Trained a tree with leaves = 255
[LightGBM] [Info] Iteration:463, valid_1 auc : 0.950535
[LightGBM] [Info] 122.842895 seconds elapsed, finished iteration 463
[LightGBM] [Debug] Trained a tree with leaves = 255
[LightGBM] [Info] Iteration:464, valid_1 auc : 0.950532
[LightGBM] [Info] 123.123136 seconds elapsed, finished iteration 464
[LightGBM] [Debug] Trained a tree with leaves = 255
[LightGBM] [Info] Iteration:465, valid_1 auc : 0.950526
[LightGBM] [Info] 123.410408 seconds elapsed, finished iteration 465
[LightGBM] [Debug] Trained a tree with leaves = 255
[LightGBM] [Info] Iteration:466, valid_1 auc : 0.950506
[LightGBM] [Info] 123.731156 seconds elapsed, finished iteration 466
[LightGBM] [Debug] Trained a tree with leaves = 255
[LightGBM] [Info] Iteration:467, valid_1 auc : 0.950497
[LightGBM] [Info] 124.011448 seconds elapsed, finished iteration 467
[LightGBM] [Debug] Trained a tree with leaves = 255
[LightGBM] [Info] Iteration:468, valid_1 auc : 0.950475
[LightGBM] [Info] 124.293512 seconds elapsed, finished iteration 468
[LightGBM] [Debug] Trained a tree with leaves = 255
[LightGBM] [Info] Iteration:469, valid_1 auc : 0.950511
[LightGBM] [Info] 124.576965 seconds elapsed, finished iteration 469
[LightGBM] [Debug] Trained a tree with leaves = 255
[LightGBM] [Info] Iteration:470, valid_1 auc : 0.950526
[LightGBM] [Info] 124.862772 seconds elapsed, finished iteration 470
[LightGBM] [Debug] Trained a tree with leaves = 255
[LightGBM] [Info] Iteration:471, valid_1 auc : 0.950398
[LightGBM] [Info] 125.137653 seconds elapsed, finished iteration 471
[LightGBM] [Debug] Trained a tree with leaves = 255
[LightGBM] [Info] Iteration:472, valid_1 auc : 0.950416
[LightGBM] [Info] 125.437741 seconds elapsed, finished iteration 472
[LightGBM] [Debug] Trained a tree with leaves = 255
[LightGBM] [Info] Iteration:473, valid_1 auc : 0.95041
[LightGBM] [Info] 125.725532 seconds elapsed, finished iteration 473
[LightGBM] [Debug] Trained a tree with leaves = 255
[LightGBM] [Info] Iteration:474, valid_1 auc : 0.950409
[LightGBM] [Info] 126.007975 seconds elapsed, finished iteration 474
[LightGBM] [Debug] Trained a tree with leaves = 255
[LightGBM] [Info] Iteration:475, valid_1 auc : 0.950418
[LightGBM] [Info] 126.287396 seconds elapsed, finished iteration 475
[LightGBM] [Debug] Trained a tree with leaves = 255
[LightGBM] [Info] Iteration:476, valid_1 auc : 0.950436
[LightGBM] [Info] 126.579489 seconds elapsed, finished iteration 476
[LightGBM] [Debug] Trained a tree with leaves = 255
[LightGBM] [Info] Iteration:477, valid_1 auc : 0.950468
[LightGBM] [Info] 126.864248 seconds elapsed, finished iteration 477
[LightGBM] [Debug] Trained a tree with leaves = 255
[LightGBM] [Info] Iteration:478, valid_1 auc : 0.95047
[LightGBM] [Info] 127.150659 seconds elapsed, finished iteration 478
[LightGBM] [Debug] Trained a tree with leaves = 255
[LightGBM] [Info] Iteration:479, valid_1 auc : 0.950459
[LightGBM] [Info] 127.438705 seconds elapsed, finished iteration 479
[LightGBM] [Debug] Trained a tree with leaves = 255
[LightGBM] [Info] Iteration:480, valid_1 auc : 0.950451
[LightGBM] [Info] 127.719449 seconds elapsed, finished iteration 480
[LightGBM] [Debug] Trained a tree with leaves = 255
[LightGBM] [Info] Iteration:481, valid_1 auc : 0.95046
[LightGBM] [Info] 127.993970 seconds elapsed, finished iteration 481
[LightGBM] [Debug] Trained a tree with leaves = 255
[LightGBM] [Info] Iteration:482, valid_1 auc : 0.950472
[LightGBM] [Info] 128.291396 seconds elapsed, finished iteration 482
[LightGBM] [Debug] Trained a tree with leaves = 255
[LightGBM] [Info] Iteration:483, valid_1 auc : 0.950449
[LightGBM] [Info] 128.565878 seconds elapsed, finished iteration 483
[LightGBM] [Debug] Trained a tree with leaves = 255
[LightGBM] [Info] Iteration:484, valid_1 auc : 0.950533
[LightGBM] [Info] 128.859554 seconds elapsed, finished iteration 484
[LightGBM] [Debug] Trained a tree with leaves = 255
[LightGBM] [Info] Iteration:485, valid_1 auc : 0.950545
[LightGBM] [Info] 129.133025 seconds elapsed, finished iteration 485
[LightGBM] [Debug] Trained a tree with leaves = 255
[LightGBM] [Info] Iteration:486, valid_1 auc : 0.950528
[LightGBM] [Info] 129.421604 seconds elapsed, finished iteration 486
[LightGBM] [Debug] Trained a tree with leaves = 255
[LightGBM] [Info] Iteration:487, valid_1 auc : 0.95052
[LightGBM] [Info] 129.703685 seconds elapsed, finished iteration 487
[LightGBM] [Debug] Trained a tree with leaves = 255
[LightGBM] [Info] Iteration:488, valid_1 auc : 0.950516
[LightGBM] [Info] 129.979063 seconds elapsed, finished iteration 488
[LightGBM] [Debug] Trained a tree with leaves = 255
[LightGBM] [Info] Iteration:489, valid_1 auc : 0.950512
[LightGBM] [Info] 130.261511 seconds elapsed, finished iteration 489
[LightGBM] [Debug] Trained a tree with leaves = 255
[LightGBM] [Info] Iteration:490, valid_1 auc : 0.950483
[LightGBM] [Info] 130.569712 seconds elapsed, finished iteration 490
[LightGBM] [Debug] Trained a tree with leaves = 255
[LightGBM] [Info] Iteration:491, valid_1 auc : 0.950526
[LightGBM] [Info] 130.871445 seconds elapsed, finished iteration 491
[LightGBM] [Debug] Trained a tree with leaves = 255
[LightGBM] [Info] Iteration:492, valid_1 auc : 0.950535
[LightGBM] [Info] 131.150472 seconds elapsed, finished iteration 492
[LightGBM] [Debug] Trained a tree with leaves = 255
[LightGBM] [Info] Iteration:493, valid_1 auc : 0.950533
[LightGBM] [Info] 131.454429 seconds elapsed, finished iteration 493
[LightGBM] [Debug] Trained a tree with leaves = 255
[LightGBM] [Info] Iteration:494, valid_1 auc : 0.950509
[LightGBM] [Info] 131.758581 seconds elapsed, finished iteration 494
[LightGBM] [Debug] Trained a tree with leaves = 255
[LightGBM] [Info] Iteration:495, valid_1 auc : 0.950524
[LightGBM] [Info] 132.031309 seconds elapsed, finished iteration 495
[LightGBM] [Debug] Trained a tree with leaves = 255
[LightGBM] [Info] Iteration:496, valid_1 auc : 0.950607
[LightGBM] [Info] 132.307286 seconds elapsed, finished iteration 496
[LightGBM] [Debug] Trained a tree with leaves = 255
[LightGBM] [Info] Iteration:497, valid_1 auc : 0.950581
[LightGBM] [Info] 132.585518 seconds elapsed, finished iteration 497
[LightGBM] [Debug] Trained a tree with leaves = 255
[LightGBM] [Info] Iteration:498, valid_1 auc : 0.950609
[LightGBM] [Info] 132.867577 seconds elapsed, finished iteration 498
[LightGBM] [Debug] Trained a tree with leaves = 255
[LightGBM] [Info] Iteration:499, valid_1 auc : 0.950633
[LightGBM] [Info] 133.145933 seconds elapsed, finished iteration 499
[LightGBM] [Debug] Trained a tree with leaves = 255
[LightGBM] [Info] Iteration:500, valid_1 auc : 0.950612
[LightGBM] [Info] 133.434728 seconds elapsed, finished iteration 500
[LightGBM] [Info] Finished training
[LightGBM] [Info] CUDABestSplitFinder::LaunchSyncBestSplitForLeafKernel costs:	 3.175363
[LightGBM] [Info] CUDADataPartition::AddPredictionToScoreKernel costs:	 0.454850
[LightGBM] [Info] CUDADataPartition::AggregateBlockOffsetKernel costs:	 3.874487
[LightGBM] [Info] CUDADataPartition::CopyDataIndicesKernel costs:	 0.392667
[LightGBM] [Info] CUDADataPartition::CopyFromCUDADeviceToHostAsync costs:	 2.823245
[LightGBM] [Info] CUDADataPartition::LaunchAddPredictionToScoreKernel::BitonicArgSortGlobal costs:	 0.022822
[LightGBM] [Info] CUDADataPartition::SplitInnerKernel costs:	 0.365648
[LightGBM] [Info] CUDADataPartition::SplitTreeStructureKernel costs:	 0.319478
[LightGBM] [Info] CUDAHistogramConstructor::ConstructHistogramForLeaf::LaunchSubtractHistogramKernel costs:	 0.879388
[LightGBM] [Info] CUDAHistogramConstructor::FixHistogramDiscretizedKernel costs:	 0.414812
[LightGBM] [Info] CUDAHistogramConstructor::SubtractHistogramDiscretizedKernel costs:	 0.356730
[LightGBM] [Info] CUDAScoreUpdater::AddScore costs:	 0.000026
[LightGBM] [Info] CUDASingleGPUTreeLearner::BeforeTrain costs:	 1.438942
[LightGBM] [Info] CUDASingleGPUTreeLearner::CPUFindBestFromAllSplits costs:	 0.030866
[LightGBM] [Info] CUDASingleGPUTreeLearner::ConstructHistogramForLeaf costs:	 16.130162
[LightGBM] [Info] CUDASingleGPUTreeLearner::FindBestFromAllSplits costs:	 2.453922
[LightGBM] [Info] CUDASingleGPUTreeLearner::FindBestSplitsForLeaf costs:	 5.372693
[LightGBM] [Info] CUDASingleGPUTreeLearner::NCCLReduceHistogram costs:	 0.009381
[LightGBM] [Info] CUDASingleGPUTreeLearner::RenewDiscretizedTreeLeaves costs:	 1.488696
[LightGBM] [Info] CUDASingleGPUTreeLearner::Split costs:	 9.016711
[LightGBM] [Info] Dataset::FastFeatureBundling costs:	 0.067661
[LightGBM] [Info] Dataset::GetMultiBinFromAllFeatures costs:	 3.250897
[LightGBM] [Info] Dataset::PushDataToMultiValBin costs:	 2.441510
[LightGBM] [Info] Dataset::TestMultiThreadingMethod costs:	 3.251077
[LightGBM] [Info] GBDT::Bagging costs:	 0.000193
[LightGBM] [Info] GBDT::BoostFromAverage costs:	 0.000419
[LightGBM] [Info] GBDT::Boosting costs:	 0.239316
[LightGBM] [Info] GBDT::Train costs:	 133.434738
[LightGBM] [Info] GBDT::TrainOneIter costs:	 38.393188
[LightGBM] [Info] GBDT::UpdateScore costs:	 0.761834
[LightGBM] [Info] GenDataToLeftBitVector costs:	 0.387596
[LightGBM] [Info] ScoreUpdater::AddScore costs:	 0.759915
[LightGBM] [Info] SplitInner costs:	 8.000354
