[23:46:15] WARNING: /home/shiyu/NeurIPS-2022-camera-ready/Quantized-GBDT/xgboost/src/objective/regression_obj.cu:241: reg:linear is now deprecated in favor of reg:squarederror.
[23:46:21] INFO: /home/shiyu/NeurIPS-2022-camera-ready/Quantized-GBDT/xgboost/src/cli_main.cc:226: Loading data: 7.98339 sec
[23:46:21] INFO: /home/shiyu/NeurIPS-2022-camera-ready/Quantized-GBDT/xgboost/src/cli_main.cc:235: boosting round 0, 2.38419e-07 sec elapsed
[23:46:22] [0]	test-rmse:10.63218647132389982
[23:46:22] INFO: /home/shiyu/NeurIPS-2022-camera-ready/Quantized-GBDT/xgboost/src/cli_main.cc:235: boosting round 1, 0.247627 sec elapsed
[23:46:22] [1]	test-rmse:10.44785932914568960
[23:46:22] INFO: /home/shiyu/NeurIPS-2022-camera-ready/Quantized-GBDT/xgboost/src/cli_main.cc:235: boosting round 2, 0.298604 sec elapsed
[23:46:22] [2]	test-rmse:10.28687382772558756
[23:46:22] INFO: /home/shiyu/NeurIPS-2022-camera-ready/Quantized-GBDT/xgboost/src/cli_main.cc:235: boosting round 3, 0.347614 sec elapsed
[23:46:22] [3]	test-rmse:10.15096025228976906
[23:46:22] INFO: /home/shiyu/NeurIPS-2022-camera-ready/Quantized-GBDT/xgboost/src/cli_main.cc:235: boosting round 4, 0.392472 sec elapsed
[23:46:22] [4]	test-rmse:10.03267305732384251
[23:46:22] INFO: /home/shiyu/NeurIPS-2022-camera-ready/Quantized-GBDT/xgboost/src/cli_main.cc:235: boosting round 5, 0.437443 sec elapsed
[23:46:22] [5]	test-rmse:9.93220698280820358
[23:46:22] INFO: /home/shiyu/NeurIPS-2022-camera-ready/Quantized-GBDT/xgboost/src/cli_main.cc:235: boosting round 6, 0.482439 sec elapsed
[23:46:22] [6]	test-rmse:9.84301024987222739
[23:46:22] INFO: /home/shiyu/NeurIPS-2022-camera-ready/Quantized-GBDT/xgboost/src/cli_main.cc:235: boosting round 7, 0.527266 sec elapsed
[23:46:22] [7]	test-rmse:9.76592491892406223
[23:46:22] INFO: /home/shiyu/NeurIPS-2022-camera-ready/Quantized-GBDT/xgboost/src/cli_main.cc:235: boosting round 8, 0.571601 sec elapsed
[23:46:22] [8]	test-rmse:9.69931326827713924
[23:46:22] INFO: /home/shiyu/NeurIPS-2022-camera-ready/Quantized-GBDT/xgboost/src/cli_main.cc:235: boosting round 9, 0.616111 sec elapsed
[23:46:22] [9]	test-rmse:9.64005055641269770
[23:46:22] INFO: /home/shiyu/NeurIPS-2022-camera-ready/Quantized-GBDT/xgboost/src/cli_main.cc:235: boosting round 10, 0.662087 sec elapsed
[23:46:22] [10]	test-rmse:9.58938890792178356
[23:46:22] INFO: /home/shiyu/NeurIPS-2022-camera-ready/Quantized-GBDT/xgboost/src/cli_main.cc:235: boosting round 11, 0.706514 sec elapsed
[23:46:22] [11]	test-rmse:9.54237836643077131
[23:46:22] INFO: /home/shiyu/NeurIPS-2022-camera-ready/Quantized-GBDT/xgboost/src/cli_main.cc:235: boosting round 12, 0.750457 sec elapsed
[23:46:22] [12]	test-rmse:9.49919315542102716
[23:46:22] INFO: /home/shiyu/NeurIPS-2022-camera-ready/Quantized-GBDT/xgboost/src/cli_main.cc:235: boosting round 13, 0.794412 sec elapsed
[23:46:22] [13]	test-rmse:9.46154327497050573
[23:46:22] INFO: /home/shiyu/NeurIPS-2022-camera-ready/Quantized-GBDT/xgboost/src/cli_main.cc:235: boosting round 14, 0.838426 sec elapsed
[23:46:22] [14]	test-rmse:9.42580675612346397
[23:46:22] INFO: /home/shiyu/NeurIPS-2022-camera-ready/Quantized-GBDT/xgboost/src/cli_main.cc:235: boosting round 15, 0.882639 sec elapsed
[23:46:22] [15]	test-rmse:9.39407513792151860
[23:46:22] INFO: /home/shiyu/NeurIPS-2022-camera-ready/Quantized-GBDT/xgboost/src/cli_main.cc:235: boosting round 16, 0.926399 sec elapsed
[23:46:22] [16]	test-rmse:9.36863233506535131
[23:46:22] INFO: /home/shiyu/NeurIPS-2022-camera-ready/Quantized-GBDT/xgboost/src/cli_main.cc:235: boosting round 17, 0.97097 sec elapsed
[23:46:22] [17]	test-rmse:9.34229894644431980
[23:46:22] INFO: /home/shiyu/NeurIPS-2022-camera-ready/Quantized-GBDT/xgboost/src/cli_main.cc:235: boosting round 18, 1.01478 sec elapsed
[23:46:22] [18]	test-rmse:9.31887552166368494
[23:46:22] INFO: /home/shiyu/NeurIPS-2022-camera-ready/Quantized-GBDT/xgboost/src/cli_main.cc:235: boosting round 19, 1.06419 sec elapsed
[23:46:23] [19]	test-rmse:9.29880979065620217
[23:46:23] INFO: /home/shiyu/NeurIPS-2022-camera-ready/Quantized-GBDT/xgboost/src/cli_main.cc:235: boosting round 20, 1.10965 sec elapsed
[23:46:23] [20]	test-rmse:9.28105360803954937
[23:46:23] INFO: /home/shiyu/NeurIPS-2022-camera-ready/Quantized-GBDT/xgboost/src/cli_main.cc:235: boosting round 21, 1.15638 sec elapsed
[23:46:23] [21]	test-rmse:9.26514002489414601
[23:46:23] INFO: /home/shiyu/NeurIPS-2022-camera-ready/Quantized-GBDT/xgboost/src/cli_main.cc:235: boosting round 22, 1.19977 sec elapsed
[23:46:23] [22]	test-rmse:9.24890296277777502
[23:46:23] INFO: /home/shiyu/NeurIPS-2022-camera-ready/Quantized-GBDT/xgboost/src/cli_main.cc:235: boosting round 23, 1.24347 sec elapsed
[23:46:23] [23]	test-rmse:9.23483229608734213
[23:46:23] INFO: /home/shiyu/NeurIPS-2022-camera-ready/Quantized-GBDT/xgboost/src/cli_main.cc:235: boosting round 24, 1.28722 sec elapsed
[23:46:23] [24]	test-rmse:9.22137781798562983
[23:46:23] INFO: /home/shiyu/NeurIPS-2022-camera-ready/Quantized-GBDT/xgboost/src/cli_main.cc:235: boosting round 25, 1.3309 sec elapsed
[23:46:23] [25]	test-rmse:9.21068225298214394
[23:46:23] INFO: /home/shiyu/NeurIPS-2022-camera-ready/Quantized-GBDT/xgboost/src/cli_main.cc:235: boosting round 26, 1.37411 sec elapsed
[23:46:23] [26]	test-rmse:9.19913452404884424
[23:46:23] INFO: /home/shiyu/NeurIPS-2022-camera-ready/Quantized-GBDT/xgboost/src/cli_main.cc:235: boosting round 27, 1.41735 sec elapsed
[23:46:23] [27]	test-rmse:9.18869132598647553
[23:46:23] INFO: /home/shiyu/NeurIPS-2022-camera-ready/Quantized-GBDT/xgboost/src/cli_main.cc:235: boosting round 28, 1.46064 sec elapsed
[23:46:23] [28]	test-rmse:9.17970194656955307
[23:46:23] INFO: /home/shiyu/NeurIPS-2022-camera-ready/Quantized-GBDT/xgboost/src/cli_main.cc:235: boosting round 29, 1.50386 sec elapsed
[23:46:23] [29]	test-rmse:9.16995441377201459
[23:46:23] INFO: /home/shiyu/NeurIPS-2022-camera-ready/Quantized-GBDT/xgboost/src/cli_main.cc:235: boosting round 30, 1.54661 sec elapsed
[23:46:23] [30]	test-rmse:9.15843244544772972
[23:46:23] INFO: /home/shiyu/NeurIPS-2022-camera-ready/Quantized-GBDT/xgboost/src/cli_main.cc:235: boosting round 31, 1.58997 sec elapsed
[23:46:23] [31]	test-rmse:9.15112890880099528
[23:46:23] INFO: /home/shiyu/NeurIPS-2022-camera-ready/Quantized-GBDT/xgboost/src/cli_main.cc:235: boosting round 32, 1.63316 sec elapsed
[23:46:23] [32]	test-rmse:9.14281909779505497
[23:46:23] INFO: /home/shiyu/NeurIPS-2022-camera-ready/Quantized-GBDT/xgboost/src/cli_main.cc:235: boosting round 33, 1.67594 sec elapsed
[23:46:23] [33]	test-rmse:9.13528307268643758
[23:46:23] INFO: /home/shiyu/NeurIPS-2022-camera-ready/Quantized-GBDT/xgboost/src/cli_main.cc:235: boosting round 34, 1.71919 sec elapsed
[23:46:23] [34]	test-rmse:9.12976541949687892
[23:46:23] INFO: /home/shiyu/NeurIPS-2022-camera-ready/Quantized-GBDT/xgboost/src/cli_main.cc:235: boosting round 35, 1.76199 sec elapsed
[23:46:23] [35]	test-rmse:9.12420842603838089
[23:46:23] INFO: /home/shiyu/NeurIPS-2022-camera-ready/Quantized-GBDT/xgboost/src/cli_main.cc:235: boosting round 36, 1.80525 sec elapsed
[23:46:23] [36]	test-rmse:9.11867791677477868
[23:46:23] INFO: /home/shiyu/NeurIPS-2022-camera-ready/Quantized-GBDT/xgboost/src/cli_main.cc:235: boosting round 37, 1.84851 sec elapsed
[23:46:23] [37]	test-rmse:9.11178739139694649
[23:46:23] INFO: /home/shiyu/NeurIPS-2022-camera-ready/Quantized-GBDT/xgboost/src/cli_main.cc:235: boosting round 38, 1.89141 sec elapsed
[23:46:23] [38]	test-rmse:9.10557862379341643
[23:46:23] INFO: /home/shiyu/NeurIPS-2022-camera-ready/Quantized-GBDT/xgboost/src/cli_main.cc:235: boosting round 39, 1.93475 sec elapsed
[23:46:23] [39]	test-rmse:9.10164785957345401
[23:46:23] INFO: /home/shiyu/NeurIPS-2022-camera-ready/Quantized-GBDT/xgboost/src/cli_main.cc:235: boosting round 40, 1.97802 sec elapsed
[23:46:23] [40]	test-rmse:9.09680771716847048
[23:46:23] INFO: /home/shiyu/NeurIPS-2022-camera-ready/Quantized-GBDT/xgboost/src/cli_main.cc:235: boosting round 41, 2.02083 sec elapsed
[23:46:23] [41]	test-rmse:9.09103936587931472
[23:46:23] INFO: /home/shiyu/NeurIPS-2022-camera-ready/Quantized-GBDT/xgboost/src/cli_main.cc:235: boosting round 42, 2.06383 sec elapsed
[23:46:24] [42]	test-rmse:9.08716602756304859
[23:46:24] INFO: /home/shiyu/NeurIPS-2022-camera-ready/Quantized-GBDT/xgboost/src/cli_main.cc:235: boosting round 43, 2.10682 sec elapsed
[23:46:24] [43]	test-rmse:9.08282284094370240
[23:46:24] INFO: /home/shiyu/NeurIPS-2022-camera-ready/Quantized-GBDT/xgboost/src/cli_main.cc:235: boosting round 44, 2.14992 sec elapsed
[23:46:24] [44]	test-rmse:9.07915279284406118
[23:46:24] INFO: /home/shiyu/NeurIPS-2022-camera-ready/Quantized-GBDT/xgboost/src/cli_main.cc:235: boosting round 45, 2.19288 sec elapsed
[23:46:24] [45]	test-rmse:9.07631938980745545
[23:46:24] INFO: /home/shiyu/NeurIPS-2022-camera-ready/Quantized-GBDT/xgboost/src/cli_main.cc:235: boosting round 46, 2.23584 sec elapsed
[23:46:24] [46]	test-rmse:9.07291961165876160
[23:46:24] INFO: /home/shiyu/NeurIPS-2022-camera-ready/Quantized-GBDT/xgboost/src/cli_main.cc:235: boosting round 47, 2.27951 sec elapsed
[23:46:24] [47]	test-rmse:9.06998629821359081
[23:46:24] INFO: /home/shiyu/NeurIPS-2022-camera-ready/Quantized-GBDT/xgboost/src/cli_main.cc:235: boosting round 48, 2.32307 sec elapsed
[23:46:24] [48]	test-rmse:9.06657112513178021
[23:46:24] INFO: /home/shiyu/NeurIPS-2022-camera-ready/Quantized-GBDT/xgboost/src/cli_main.cc:235: boosting round 49, 2.36592 sec elapsed
[23:46:24] [49]	test-rmse:9.06231702063148070
[23:46:24] INFO: /home/shiyu/NeurIPS-2022-camera-ready/Quantized-GBDT/xgboost/src/cli_main.cc:235: boosting round 50, 2.41001 sec elapsed
[23:46:24] [50]	test-rmse:9.05962249280312193
[23:46:24] INFO: /home/shiyu/NeurIPS-2022-camera-ready/Quantized-GBDT/xgboost/src/cli_main.cc:235: boosting round 51, 2.45334 sec elapsed
[23:46:24] [51]	test-rmse:9.05726789719788705
[23:46:24] INFO: /home/shiyu/NeurIPS-2022-camera-ready/Quantized-GBDT/xgboost/src/cli_main.cc:235: boosting round 52, 2.49617 sec elapsed
[23:46:24] [52]	test-rmse:9.05379376566532912
[23:46:24] INFO: /home/shiyu/NeurIPS-2022-camera-ready/Quantized-GBDT/xgboost/src/cli_main.cc:235: boosting round 53, 2.5395 sec elapsed
[23:46:24] [53]	test-rmse:9.05083954813054170
[23:46:24] INFO: /home/shiyu/NeurIPS-2022-camera-ready/Quantized-GBDT/xgboost/src/cli_main.cc:235: boosting round 54, 2.58234 sec elapsed
[23:46:24] [54]	test-rmse:9.04742890302443747
[23:46:24] INFO: /home/shiyu/NeurIPS-2022-camera-ready/Quantized-GBDT/xgboost/src/cli_main.cc:235: boosting round 55, 2.62531 sec elapsed
[23:46:24] [55]	test-rmse:9.04552961331494210
[23:46:24] INFO: /home/shiyu/NeurIPS-2022-camera-ready/Quantized-GBDT/xgboost/src/cli_main.cc:235: boosting round 56, 2.6717 sec elapsed
[23:46:24] [56]	test-rmse:9.04172817258608497
[23:46:24] INFO: /home/shiyu/NeurIPS-2022-camera-ready/Quantized-GBDT/xgboost/src/cli_main.cc:235: boosting round 57, 2.71471 sec elapsed
[23:46:24] [57]	test-rmse:9.04087809130214914
[23:46:24] INFO: /home/shiyu/NeurIPS-2022-camera-ready/Quantized-GBDT/xgboost/src/cli_main.cc:235: boosting round 58, 2.75755 sec elapsed
[23:46:24] [58]	test-rmse:9.04003847324878151
[23:46:24] INFO: /home/shiyu/NeurIPS-2022-camera-ready/Quantized-GBDT/xgboost/src/cli_main.cc:235: boosting round 59, 2.80043 sec elapsed
[23:46:24] [59]	test-rmse:9.03673430911530851
[23:46:24] INFO: /home/shiyu/NeurIPS-2022-camera-ready/Quantized-GBDT/xgboost/src/cli_main.cc:235: boosting round 60, 2.84325 sec elapsed
[23:46:24] [60]	test-rmse:9.03652819603257740
[23:46:24] INFO: /home/shiyu/NeurIPS-2022-camera-ready/Quantized-GBDT/xgboost/src/cli_main.cc:235: boosting round 61, 2.88582 sec elapsed
[23:46:24] [61]	test-rmse:9.03541810824783731
[23:46:24] INFO: /home/shiyu/NeurIPS-2022-camera-ready/Quantized-GBDT/xgboost/src/cli_main.cc:235: boosting round 62, 2.92885 sec elapsed
[23:46:24] [62]	test-rmse:9.03488720298417647
[23:46:24] INFO: /home/shiyu/NeurIPS-2022-camera-ready/Quantized-GBDT/xgboost/src/cli_main.cc:235: boosting round 63, 2.9713 sec elapsed
[23:46:24] [63]	test-rmse:9.03216532728089483
[23:46:24] INFO: /home/shiyu/NeurIPS-2022-camera-ready/Quantized-GBDT/xgboost/src/cli_main.cc:235: boosting round 64, 3.01375 sec elapsed
[23:46:24] [64]	test-rmse:9.02890784460795537
[23:46:24] INFO: /home/shiyu/NeurIPS-2022-camera-ready/Quantized-GBDT/xgboost/src/cli_main.cc:235: boosting round 65, 3.05633 sec elapsed
[23:46:25] [65]	test-rmse:9.02684737891634903
[23:46:25] INFO: /home/shiyu/NeurIPS-2022-camera-ready/Quantized-GBDT/xgboost/src/cli_main.cc:235: boosting round 66, 3.09915 sec elapsed
[23:46:25] [66]	test-rmse:9.02522549292909559
[23:46:25] INFO: /home/shiyu/NeurIPS-2022-camera-ready/Quantized-GBDT/xgboost/src/cli_main.cc:235: boosting round 67, 3.14176 sec elapsed
[23:46:25] [67]	test-rmse:9.02334530211862607
[23:46:25] INFO: /home/shiyu/NeurIPS-2022-camera-ready/Quantized-GBDT/xgboost/src/cli_main.cc:235: boosting round 68, 3.18446 sec elapsed
[23:46:25] [68]	test-rmse:9.02144973140027595
[23:46:25] INFO: /home/shiyu/NeurIPS-2022-camera-ready/Quantized-GBDT/xgboost/src/cli_main.cc:235: boosting round 69, 3.22757 sec elapsed
[23:46:25] [69]	test-rmse:9.01943556119714174
[23:46:25] INFO: /home/shiyu/NeurIPS-2022-camera-ready/Quantized-GBDT/xgboost/src/cli_main.cc:235: boosting round 70, 3.27233 sec elapsed
[23:46:25] [70]	test-rmse:9.01827797106184192
[23:46:25] INFO: /home/shiyu/NeurIPS-2022-camera-ready/Quantized-GBDT/xgboost/src/cli_main.cc:235: boosting round 71, 3.31495 sec elapsed
[23:46:25] [71]	test-rmse:9.01658559931543913
[23:46:25] INFO: /home/shiyu/NeurIPS-2022-camera-ready/Quantized-GBDT/xgboost/src/cli_main.cc:235: boosting round 72, 3.35746 sec elapsed
[23:46:25] [72]	test-rmse:9.01529320061817607
[23:46:25] INFO: /home/shiyu/NeurIPS-2022-camera-ready/Quantized-GBDT/xgboost/src/cli_main.cc:235: boosting round 73, 3.39992 sec elapsed
[23:46:25] [73]	test-rmse:9.01357224973161486
[23:46:25] INFO: /home/shiyu/NeurIPS-2022-camera-ready/Quantized-GBDT/xgboost/src/cli_main.cc:235: boosting round 74, 3.4425 sec elapsed
[23:46:25] [74]	test-rmse:9.01137776370466348
[23:46:25] INFO: /home/shiyu/NeurIPS-2022-camera-ready/Quantized-GBDT/xgboost/src/cli_main.cc:235: boosting round 75, 3.48492 sec elapsed
[23:46:25] [75]	test-rmse:9.00783966376239142
[23:46:25] INFO: /home/shiyu/NeurIPS-2022-camera-ready/Quantized-GBDT/xgboost/src/cli_main.cc:235: boosting round 76, 3.52804 sec elapsed
[23:46:25] [76]	test-rmse:9.00677846595841736
[23:46:25] INFO: /home/shiyu/NeurIPS-2022-camera-ready/Quantized-GBDT/xgboost/src/cli_main.cc:235: boosting round 77, 3.57052 sec elapsed
[23:46:25] [77]	test-rmse:9.00568280154600131
[23:46:25] INFO: /home/shiyu/NeurIPS-2022-camera-ready/Quantized-GBDT/xgboost/src/cli_main.cc:235: boosting round 78, 3.6126 sec elapsed
[23:46:25] [78]	test-rmse:9.00395974967231894
[23:46:25] INFO: /home/shiyu/NeurIPS-2022-camera-ready/Quantized-GBDT/xgboost/src/cli_main.cc:235: boosting round 79, 3.65499 sec elapsed
[23:46:25] [79]	test-rmse:9.00460627847116513
[23:46:25] INFO: /home/shiyu/NeurIPS-2022-camera-ready/Quantized-GBDT/xgboost/src/cli_main.cc:235: boosting round 80, 3.6979 sec elapsed
[23:46:25] [80]	test-rmse:9.00294353655220547
[23:46:25] INFO: /home/shiyu/NeurIPS-2022-camera-ready/Quantized-GBDT/xgboost/src/cli_main.cc:235: boosting round 81, 3.74042 sec elapsed
[23:46:25] [81]	test-rmse:9.00077932706546413
[23:46:25] INFO: /home/shiyu/NeurIPS-2022-camera-ready/Quantized-GBDT/xgboost/src/cli_main.cc:235: boosting round 82, 3.78344 sec elapsed
[23:46:25] [82]	test-rmse:8.99908885121491942
[23:46:25] INFO: /home/shiyu/NeurIPS-2022-camera-ready/Quantized-GBDT/xgboost/src/cli_main.cc:235: boosting round 83, 3.82593 sec elapsed
[23:46:25] [83]	test-rmse:8.99777126075806599
[23:46:25] INFO: /home/shiyu/NeurIPS-2022-camera-ready/Quantized-GBDT/xgboost/src/cli_main.cc:235: boosting round 84, 3.86879 sec elapsed
[23:46:25] [84]	test-rmse:8.99626919984289408
[23:46:25] INFO: /home/shiyu/NeurIPS-2022-camera-ready/Quantized-GBDT/xgboost/src/cli_main.cc:235: boosting round 85, 3.91146 sec elapsed
[23:46:25] [85]	test-rmse:8.99544283325129079
[23:46:25] INFO: /home/shiyu/NeurIPS-2022-camera-ready/Quantized-GBDT/xgboost/src/cli_main.cc:235: boosting round 86, 3.97159 sec elapsed
[23:46:25] [86]	test-rmse:8.99486635690625214
[23:46:25] INFO: /home/shiyu/NeurIPS-2022-camera-ready/Quantized-GBDT/xgboost/src/cli_main.cc:235: boosting round 87, 4.01404 sec elapsed
[23:46:25] [87]	test-rmse:8.99443987321659044
[23:46:25] INFO: /home/shiyu/NeurIPS-2022-camera-ready/Quantized-GBDT/xgboost/src/cli_main.cc:235: boosting round 88, 4.05684 sec elapsed
[23:46:26] [88]	test-rmse:8.99299746490432916
[23:46:26] INFO: /home/shiyu/NeurIPS-2022-camera-ready/Quantized-GBDT/xgboost/src/cli_main.cc:235: boosting round 89, 4.0996 sec elapsed
[23:46:26] [89]	test-rmse:8.99182632101192425
[23:46:26] INFO: /home/shiyu/NeurIPS-2022-camera-ready/Quantized-GBDT/xgboost/src/cli_main.cc:235: boosting round 90, 4.14252 sec elapsed
[23:46:26] [90]	test-rmse:8.99108571952719871
[23:46:26] INFO: /home/shiyu/NeurIPS-2022-camera-ready/Quantized-GBDT/xgboost/src/cli_main.cc:235: boosting round 91, 4.19339 sec elapsed
[23:46:26] [91]	test-rmse:8.99043121058002548
[23:46:26] INFO: /home/shiyu/NeurIPS-2022-camera-ready/Quantized-GBDT/xgboost/src/cli_main.cc:235: boosting round 92, 4.24394 sec elapsed
[23:46:26] [92]	test-rmse:8.99020076755305375
[23:46:26] INFO: /home/shiyu/NeurIPS-2022-camera-ready/Quantized-GBDT/xgboost/src/cli_main.cc:235: boosting round 93, 4.28681 sec elapsed
[23:46:26] [93]	test-rmse:8.98854169685674798
[23:46:26] INFO: /home/shiyu/NeurIPS-2022-camera-ready/Quantized-GBDT/xgboost/src/cli_main.cc:235: boosting round 94, 4.32983 sec elapsed
[23:46:26] [94]	test-rmse:8.98767400459418297
[23:46:26] INFO: /home/shiyu/NeurIPS-2022-camera-ready/Quantized-GBDT/xgboost/src/cli_main.cc:235: boosting round 95, 4.37213 sec elapsed
[23:46:26] [95]	test-rmse:8.98724954311002122
[23:46:26] INFO: /home/shiyu/NeurIPS-2022-camera-ready/Quantized-GBDT/xgboost/src/cli_main.cc:235: boosting round 96, 4.4147 sec elapsed
[23:46:26] [96]	test-rmse:8.98722754246048794
[23:46:26] INFO: /home/shiyu/NeurIPS-2022-camera-ready/Quantized-GBDT/xgboost/src/cli_main.cc:235: boosting round 97, 4.45673 sec elapsed
[23:46:26] [97]	test-rmse:8.98670417378083286
[23:46:26] INFO: /home/shiyu/NeurIPS-2022-camera-ready/Quantized-GBDT/xgboost/src/cli_main.cc:235: boosting round 98, 4.49898 sec elapsed
[23:46:26] [98]	test-rmse:8.98528564335856750
[23:46:26] INFO: /home/shiyu/NeurIPS-2022-camera-ready/Quantized-GBDT/xgboost/src/cli_main.cc:235: boosting round 99, 4.54115 sec elapsed
[23:46:26] [99]	test-rmse:8.98440234059580511
[23:46:26] INFO: /home/shiyu/NeurIPS-2022-camera-ready/Quantized-GBDT/xgboost/src/cli_main.cc:235: boosting round 100, 4.58421 sec elapsed
[23:46:26] [100]	test-rmse:8.98354631639186962
[23:46:26] INFO: /home/shiyu/NeurIPS-2022-camera-ready/Quantized-GBDT/xgboost/src/cli_main.cc:235: boosting round 101, 4.62657 sec elapsed
[23:46:26] [101]	test-rmse:8.98187633054505064
[23:46:26] INFO: /home/shiyu/NeurIPS-2022-camera-ready/Quantized-GBDT/xgboost/src/cli_main.cc:235: boosting round 102, 4.66938 sec elapsed
[23:46:26] [102]	test-rmse:8.98050564359657955
[23:46:26] INFO: /home/shiyu/NeurIPS-2022-camera-ready/Quantized-GBDT/xgboost/src/cli_main.cc:235: boosting round 103, 4.71163 sec elapsed
[23:46:26] [103]	test-rmse:8.97859139214560287
[23:46:26] INFO: /home/shiyu/NeurIPS-2022-camera-ready/Quantized-GBDT/xgboost/src/cli_main.cc:235: boosting round 104, 4.75457 sec elapsed
[23:46:26] [104]	test-rmse:8.97774668362169592
[23:46:26] INFO: /home/shiyu/NeurIPS-2022-camera-ready/Quantized-GBDT/xgboost/src/cli_main.cc:235: boosting round 105, 4.79766 sec elapsed
[23:46:26] [105]	test-rmse:8.97755931288282838
[23:46:26] INFO: /home/shiyu/NeurIPS-2022-camera-ready/Quantized-GBDT/xgboost/src/cli_main.cc:235: boosting round 106, 4.84023 sec elapsed
[23:46:26] [106]	test-rmse:8.97717527934826443
[23:46:26] INFO: /home/shiyu/NeurIPS-2022-camera-ready/Quantized-GBDT/xgboost/src/cli_main.cc:235: boosting round 107, 4.88381 sec elapsed
[23:46:26] [107]	test-rmse:8.97716548947273374
[23:46:26] INFO: /home/shiyu/NeurIPS-2022-camera-ready/Quantized-GBDT/xgboost/src/cli_main.cc:235: boosting round 108, 4.92612 sec elapsed
[23:46:26] [108]	test-rmse:8.97734838069463770
[23:46:26] INFO: /home/shiyu/NeurIPS-2022-camera-ready/Quantized-GBDT/xgboost/src/cli_main.cc:235: boosting round 109, 4.96847 sec elapsed
[23:46:26] [109]	test-rmse:8.97659766687093530
[23:46:26] INFO: /home/shiyu/NeurIPS-2022-camera-ready/Quantized-GBDT/xgboost/src/cli_main.cc:235: boosting round 110, 5.01105 sec elapsed
[23:46:26] [110]	test-rmse:8.97649617386787746
[23:46:26] INFO: /home/shiyu/NeurIPS-2022-camera-ready/Quantized-GBDT/xgboost/src/cli_main.cc:235: boosting round 111, 5.05372 sec elapsed
[23:46:27] [111]	test-rmse:8.97556770760652256
[23:46:27] INFO: /home/shiyu/NeurIPS-2022-camera-ready/Quantized-GBDT/xgboost/src/cli_main.cc:235: boosting round 112, 5.09518 sec elapsed
[23:46:27] [112]	test-rmse:8.97411669272131007
[23:46:27] INFO: /home/shiyu/NeurIPS-2022-camera-ready/Quantized-GBDT/xgboost/src/cli_main.cc:235: boosting round 113, 5.13898 sec elapsed
[23:46:27] [113]	test-rmse:8.97383210065628489
[23:46:27] INFO: /home/shiyu/NeurIPS-2022-camera-ready/Quantized-GBDT/xgboost/src/cli_main.cc:235: boosting round 114, 5.18096 sec elapsed
[23:46:27] [114]	test-rmse:8.97362985521498402
[23:46:27] INFO: /home/shiyu/NeurIPS-2022-camera-ready/Quantized-GBDT/xgboost/src/cli_main.cc:235: boosting round 115, 5.22322 sec elapsed
[23:46:27] [115]	test-rmse:8.97356110552453146
[23:46:27] INFO: /home/shiyu/NeurIPS-2022-camera-ready/Quantized-GBDT/xgboost/src/cli_main.cc:235: boosting round 116, 5.26615 sec elapsed
[23:46:27] [116]	test-rmse:8.97279276387367197
[23:46:27] INFO: /home/shiyu/NeurIPS-2022-camera-ready/Quantized-GBDT/xgboost/src/cli_main.cc:235: boosting round 117, 5.30823 sec elapsed
[23:46:27] [117]	test-rmse:8.97097617686958593
[23:46:27] INFO: /home/shiyu/NeurIPS-2022-camera-ready/Quantized-GBDT/xgboost/src/cli_main.cc:235: boosting round 118, 5.35012 sec elapsed
[23:46:27] [118]	test-rmse:8.96957287346069521
[23:46:27] INFO: /home/shiyu/NeurIPS-2022-camera-ready/Quantized-GBDT/xgboost/src/cli_main.cc:235: boosting round 119, 5.39317 sec elapsed
[23:46:27] [119]	test-rmse:8.96938514301844059
[23:46:27] INFO: /home/shiyu/NeurIPS-2022-camera-ready/Quantized-GBDT/xgboost/src/cli_main.cc:235: boosting round 120, 5.43607 sec elapsed
[23:46:27] [120]	test-rmse:8.96834520436245164
[23:46:27] INFO: /home/shiyu/NeurIPS-2022-camera-ready/Quantized-GBDT/xgboost/src/cli_main.cc:235: boosting round 121, 5.47873 sec elapsed
[23:46:27] [121]	test-rmse:8.96742966005260911
[23:46:27] INFO: /home/shiyu/NeurIPS-2022-camera-ready/Quantized-GBDT/xgboost/src/cli_main.cc:235: boosting round 122, 5.52494 sec elapsed
[23:46:27] [122]	test-rmse:8.96664062725025346
[23:46:27] INFO: /home/shiyu/NeurIPS-2022-camera-ready/Quantized-GBDT/xgboost/src/cli_main.cc:235: boosting round 123, 5.56708 sec elapsed
[23:46:27] [123]	test-rmse:8.96554713597463682
[23:46:27] INFO: /home/shiyu/NeurIPS-2022-camera-ready/Quantized-GBDT/xgboost/src/cli_main.cc:235: boosting round 124, 5.60898 sec elapsed
[23:46:27] [124]	test-rmse:8.96620960699687153
[23:46:27] INFO: /home/shiyu/NeurIPS-2022-camera-ready/Quantized-GBDT/xgboost/src/cli_main.cc:235: boosting round 125, 5.65147 sec elapsed
[23:46:27] [125]	test-rmse:8.96643022836805059
[23:46:27] INFO: /home/shiyu/NeurIPS-2022-camera-ready/Quantized-GBDT/xgboost/src/cli_main.cc:235: boosting round 126, 5.69579 sec elapsed
[23:46:27] [126]	test-rmse:8.96629969561593754
[23:46:27] INFO: /home/shiyu/NeurIPS-2022-camera-ready/Quantized-GBDT/xgboost/src/cli_main.cc:235: boosting round 127, 5.73987 sec elapsed
[23:46:27] [127]	test-rmse:8.96612220519610403
[23:46:27] INFO: /home/shiyu/NeurIPS-2022-camera-ready/Quantized-GBDT/xgboost/src/cli_main.cc:235: boosting round 128, 5.78286 sec elapsed
[23:46:27] [128]	test-rmse:8.96537182465988280
[23:46:27] INFO: /home/shiyu/NeurIPS-2022-camera-ready/Quantized-GBDT/xgboost/src/cli_main.cc:235: boosting round 129, 5.82418 sec elapsed
[23:46:27] [129]	test-rmse:8.96429121562508335
[23:46:27] INFO: /home/shiyu/NeurIPS-2022-camera-ready/Quantized-GBDT/xgboost/src/cli_main.cc:235: boosting round 130, 5.86675 sec elapsed
[23:46:27] [130]	test-rmse:8.96245144901153701
[23:46:27] INFO: /home/shiyu/NeurIPS-2022-camera-ready/Quantized-GBDT/xgboost/src/cli_main.cc:235: boosting round 131, 5.91024 sec elapsed
[23:46:27] [131]	test-rmse:8.96268820761902596
[23:46:27] INFO: /home/shiyu/NeurIPS-2022-camera-ready/Quantized-GBDT/xgboost/src/cli_main.cc:235: boosting round 132, 5.95038 sec elapsed
[23:46:27] [132]	test-rmse:8.96157407152031027
[23:46:27] INFO: /home/shiyu/NeurIPS-2022-camera-ready/Quantized-GBDT/xgboost/src/cli_main.cc:235: boosting round 133, 5.99296 sec elapsed
[23:46:27] [133]	test-rmse:8.96106039290789269
[23:46:27] INFO: /home/shiyu/NeurIPS-2022-camera-ready/Quantized-GBDT/xgboost/src/cli_main.cc:235: boosting round 134, 6.03543 sec elapsed
[23:46:28] [134]	test-rmse:8.96130824615781130
[23:46:28] INFO: /home/shiyu/NeurIPS-2022-camera-ready/Quantized-GBDT/xgboost/src/cli_main.cc:235: boosting round 135, 6.08285 sec elapsed
[23:46:28] [135]	test-rmse:8.96053266437846929
[23:46:28] INFO: /home/shiyu/NeurIPS-2022-camera-ready/Quantized-GBDT/xgboost/src/cli_main.cc:235: boosting round 136, 6.13044 sec elapsed
[23:46:28] [136]	test-rmse:8.96048276293946877
[23:46:28] INFO: /home/shiyu/NeurIPS-2022-camera-ready/Quantized-GBDT/xgboost/src/cli_main.cc:235: boosting round 137, 6.18542 sec elapsed
[23:46:28] [137]	test-rmse:8.95947933045808931
[23:46:28] INFO: /home/shiyu/NeurIPS-2022-camera-ready/Quantized-GBDT/xgboost/src/cli_main.cc:235: boosting round 138, 6.2348 sec elapsed
[23:46:28] [138]	test-rmse:8.95962126944509052
[23:46:28] INFO: /home/shiyu/NeurIPS-2022-camera-ready/Quantized-GBDT/xgboost/src/cli_main.cc:235: boosting round 139, 6.28617 sec elapsed
[23:46:28] [139]	test-rmse:8.95858315330600341
[23:46:28] INFO: /home/shiyu/NeurIPS-2022-camera-ready/Quantized-GBDT/xgboost/src/cli_main.cc:235: boosting round 140, 6.32871 sec elapsed
[23:46:28] [140]	test-rmse:8.95815727626145808
[23:46:28] INFO: /home/shiyu/NeurIPS-2022-camera-ready/Quantized-GBDT/xgboost/src/cli_main.cc:235: boosting round 141, 6.36911 sec elapsed
[23:46:28] [141]	test-rmse:8.95772246104642811
[23:46:28] INFO: /home/shiyu/NeurIPS-2022-camera-ready/Quantized-GBDT/xgboost/src/cli_main.cc:235: boosting round 142, 6.41286 sec elapsed
[23:46:28] [142]	test-rmse:8.95787703192712570
[23:46:28] INFO: /home/shiyu/NeurIPS-2022-camera-ready/Quantized-GBDT/xgboost/src/cli_main.cc:235: boosting round 143, 6.4544 sec elapsed
[23:46:28] [143]	test-rmse:8.95709971677367811
[23:46:28] INFO: /home/shiyu/NeurIPS-2022-camera-ready/Quantized-GBDT/xgboost/src/cli_main.cc:235: boosting round 144, 6.49684 sec elapsed
[23:46:28] [144]	test-rmse:8.95633096744010260
[23:46:28] INFO: /home/shiyu/NeurIPS-2022-camera-ready/Quantized-GBDT/xgboost/src/cli_main.cc:235: boosting round 145, 6.53635 sec elapsed
[23:46:28] [145]	test-rmse:8.95620255485298600
[23:46:28] INFO: /home/shiyu/NeurIPS-2022-camera-ready/Quantized-GBDT/xgboost/src/cli_main.cc:235: boosting round 146, 6.57648 sec elapsed
[23:46:28] [146]	test-rmse:8.95636735931538652
[23:46:28] INFO: /home/shiyu/NeurIPS-2022-camera-ready/Quantized-GBDT/xgboost/src/cli_main.cc:235: boosting round 147, 6.61848 sec elapsed
[23:46:28] [147]	test-rmse:8.95538349958096092
[23:46:28] INFO: /home/shiyu/NeurIPS-2022-camera-ready/Quantized-GBDT/xgboost/src/cli_main.cc:235: boosting round 148, 6.661 sec elapsed
[23:46:28] [148]	test-rmse:8.95505426904818869
[23:46:28] INFO: /home/shiyu/NeurIPS-2022-camera-ready/Quantized-GBDT/xgboost/src/cli_main.cc:235: boosting round 149, 6.7016 sec elapsed
[23:46:28] [149]	test-rmse:8.95500344237250623
[23:46:28] INFO: /home/shiyu/NeurIPS-2022-camera-ready/Quantized-GBDT/xgboost/src/cli_main.cc:235: boosting round 150, 6.74232 sec elapsed
[23:46:28] [150]	test-rmse:8.95440613906663074
[23:46:28] INFO: /home/shiyu/NeurIPS-2022-camera-ready/Quantized-GBDT/xgboost/src/cli_main.cc:235: boosting round 151, 6.7832 sec elapsed
[23:46:28] [151]	test-rmse:8.95398921863369068
[23:46:28] INFO: /home/shiyu/NeurIPS-2022-camera-ready/Quantized-GBDT/xgboost/src/cli_main.cc:235: boosting round 152, 6.82346 sec elapsed
[23:46:28] [152]	test-rmse:8.95454033420180906
[23:46:28] INFO: /home/shiyu/NeurIPS-2022-camera-ready/Quantized-GBDT/xgboost/src/cli_main.cc:235: boosting round 153, 6.86535 sec elapsed
[23:46:28] [153]	test-rmse:8.95405562430632784
[23:46:28] INFO: /home/shiyu/NeurIPS-2022-camera-ready/Quantized-GBDT/xgboost/src/cli_main.cc:235: boosting round 154, 6.90689 sec elapsed
[23:46:28] [154]	test-rmse:8.95486894050602977
[23:46:28] INFO: /home/shiyu/NeurIPS-2022-camera-ready/Quantized-GBDT/xgboost/src/cli_main.cc:235: boosting round 155, 6.94897 sec elapsed
[23:46:28] [155]	test-rmse:8.95346134545914651
[23:46:28] INFO: /home/shiyu/NeurIPS-2022-camera-ready/Quantized-GBDT/xgboost/src/cli_main.cc:235: boosting round 156, 6.99107 sec elapsed
[23:46:28] [156]	test-rmse:8.95324381074628661
[23:46:28] INFO: /home/shiyu/NeurIPS-2022-camera-ready/Quantized-GBDT/xgboost/src/cli_main.cc:235: boosting round 157, 7.03229 sec elapsed
[23:46:29] [157]	test-rmse:8.95313639135353689
[23:46:29] INFO: /home/shiyu/NeurIPS-2022-camera-ready/Quantized-GBDT/xgboost/src/cli_main.cc:235: boosting round 158, 7.07352 sec elapsed
[23:46:29] [158]	test-rmse:8.95329972451844114
[23:46:29] INFO: /home/shiyu/NeurIPS-2022-camera-ready/Quantized-GBDT/xgboost/src/cli_main.cc:235: boosting round 159, 7.11476 sec elapsed
[23:46:29] [159]	test-rmse:8.95328971990026545
[23:46:29] INFO: /home/shiyu/NeurIPS-2022-camera-ready/Quantized-GBDT/xgboost/src/cli_main.cc:235: boosting round 160, 7.1588 sec elapsed
[23:46:29] [160]	test-rmse:8.95301502836254848
[23:46:29] INFO: /home/shiyu/NeurIPS-2022-camera-ready/Quantized-GBDT/xgboost/src/cli_main.cc:235: boosting round 161, 7.2001 sec elapsed
[23:46:29] [161]	test-rmse:8.95315196336475339
[23:46:29] INFO: /home/shiyu/NeurIPS-2022-camera-ready/Quantized-GBDT/xgboost/src/cli_main.cc:235: boosting round 162, 7.24484 sec elapsed
[23:46:29] [162]	test-rmse:8.95299425053164910
[23:46:29] INFO: /home/shiyu/NeurIPS-2022-camera-ready/Quantized-GBDT/xgboost/src/cli_main.cc:235: boosting round 163, 7.28672 sec elapsed
[23:46:29] [163]	test-rmse:8.95316353232446538
[23:46:29] INFO: /home/shiyu/NeurIPS-2022-camera-ready/Quantized-GBDT/xgboost/src/cli_main.cc:235: boosting round 164, 7.33621 sec elapsed
[23:46:29] [164]	test-rmse:8.95330818158882202
[23:46:29] INFO: /home/shiyu/NeurIPS-2022-camera-ready/Quantized-GBDT/xgboost/src/cli_main.cc:235: boosting round 165, 7.37611 sec elapsed
[23:46:29] [165]	test-rmse:8.95310614164698748
[23:46:29] INFO: /home/shiyu/NeurIPS-2022-camera-ready/Quantized-GBDT/xgboost/src/cli_main.cc:235: boosting round 166, 7.41673 sec elapsed
[23:46:29] [166]	test-rmse:8.95267703970335837
[23:46:29] INFO: /home/shiyu/NeurIPS-2022-camera-ready/Quantized-GBDT/xgboost/src/cli_main.cc:235: boosting round 167, 7.45818 sec elapsed
[23:46:29] [167]	test-rmse:8.95272158762720593
[23:46:29] INFO: /home/shiyu/NeurIPS-2022-camera-ready/Quantized-GBDT/xgboost/src/cli_main.cc:235: boosting round 168, 7.49959 sec elapsed
[23:46:29] [168]	test-rmse:8.95185482307090119
[23:46:29] INFO: /home/shiyu/NeurIPS-2022-camera-ready/Quantized-GBDT/xgboost/src/cli_main.cc:235: boosting round 169, 7.54088 sec elapsed
[23:46:29] [169]	test-rmse:8.95295342621287205
[23:46:29] INFO: /home/shiyu/NeurIPS-2022-camera-ready/Quantized-GBDT/xgboost/src/cli_main.cc:235: boosting round 170, 7.58165 sec elapsed
[23:46:29] [170]	test-rmse:8.95335918979504086
[23:46:29] INFO: /home/shiyu/NeurIPS-2022-camera-ready/Quantized-GBDT/xgboost/src/cli_main.cc:235: boosting round 171, 7.62167 sec elapsed
[23:46:29] [171]	test-rmse:8.95353772216615518
[23:46:29] INFO: /home/shiyu/NeurIPS-2022-camera-ready/Quantized-GBDT/xgboost/src/cli_main.cc:235: boosting round 172, 7.66183 sec elapsed
[23:46:29] [172]	test-rmse:8.95365275839247410
[23:46:29] INFO: /home/shiyu/NeurIPS-2022-camera-ready/Quantized-GBDT/xgboost/src/cli_main.cc:235: boosting round 173, 7.70381 sec elapsed
[23:46:29] [173]	test-rmse:8.95352214368245924
[23:46:29] INFO: /home/shiyu/NeurIPS-2022-camera-ready/Quantized-GBDT/xgboost/src/cli_main.cc:235: boosting round 174, 7.7438 sec elapsed
[23:46:29] [174]	test-rmse:8.95336784423216869
[23:46:29] INFO: /home/shiyu/NeurIPS-2022-camera-ready/Quantized-GBDT/xgboost/src/cli_main.cc:235: boosting round 175, 7.78414 sec elapsed
[23:46:29] [175]	test-rmse:8.95309473086532748
[23:46:29] INFO: /home/shiyu/NeurIPS-2022-camera-ready/Quantized-GBDT/xgboost/src/cli_main.cc:235: boosting round 176, 7.82355 sec elapsed
[23:46:29] [176]	test-rmse:8.95374032588934909
[23:46:29] INFO: /home/shiyu/NeurIPS-2022-camera-ready/Quantized-GBDT/xgboost/src/cli_main.cc:235: boosting round 177, 7.86391 sec elapsed
[23:46:29] [177]	test-rmse:8.95315341265446918
[23:46:29] INFO: /home/shiyu/NeurIPS-2022-camera-ready/Quantized-GBDT/xgboost/src/cli_main.cc:235: boosting round 178, 7.90352 sec elapsed
[23:46:29] [178]	test-rmse:8.95338360760113616
[23:46:29] INFO: /home/shiyu/NeurIPS-2022-camera-ready/Quantized-GBDT/xgboost/src/cli_main.cc:235: boosting round 179, 7.94287 sec elapsed
[23:46:29] [179]	test-rmse:8.95278783327905714
[23:46:29] INFO: /home/shiyu/NeurIPS-2022-camera-ready/Quantized-GBDT/xgboost/src/cli_main.cc:235: boosting round 180, 7.9828 sec elapsed
[23:46:29] [180]	test-rmse:8.95280786478372370
[23:46:29] INFO: /home/shiyu/NeurIPS-2022-camera-ready/Quantized-GBDT/xgboost/src/cli_main.cc:235: boosting round 181, 8.02414 sec elapsed
[23:46:29] [181]	test-rmse:8.95294341130513516
[23:46:29] INFO: /home/shiyu/NeurIPS-2022-camera-ready/Quantized-GBDT/xgboost/src/cli_main.cc:235: boosting round 182, 8.06532 sec elapsed
[23:46:30] [182]	test-rmse:8.95227148483279223
[23:46:30] INFO: /home/shiyu/NeurIPS-2022-camera-ready/Quantized-GBDT/xgboost/src/cli_main.cc:235: boosting round 183, 8.10502 sec elapsed
[23:46:30] [183]	test-rmse:8.95258406518739136
[23:46:30] INFO: /home/shiyu/NeurIPS-2022-camera-ready/Quantized-GBDT/xgboost/src/cli_main.cc:235: boosting round 184, 8.14767 sec elapsed
[23:46:30] [184]	test-rmse:8.95274878563370713
[23:46:30] INFO: /home/shiyu/NeurIPS-2022-camera-ready/Quantized-GBDT/xgboost/src/cli_main.cc:235: boosting round 185, 8.19045 sec elapsed
[23:46:30] [185]	test-rmse:8.95256832965600147
[23:46:30] INFO: /home/shiyu/NeurIPS-2022-camera-ready/Quantized-GBDT/xgboost/src/cli_main.cc:235: boosting round 186, 8.23053 sec elapsed
[23:46:30] [186]	test-rmse:8.95297684886380019
[23:46:30] INFO: /home/shiyu/NeurIPS-2022-camera-ready/Quantized-GBDT/xgboost/src/cli_main.cc:235: boosting round 187, 8.26924 sec elapsed
[23:46:30] [187]	test-rmse:8.95233361486691948
[23:46:30] INFO: /home/shiyu/NeurIPS-2022-camera-ready/Quantized-GBDT/xgboost/src/cli_main.cc:235: boosting round 188, 8.30928 sec elapsed
[23:46:30] [188]	test-rmse:8.95206037773756691
[23:46:30] INFO: /home/shiyu/NeurIPS-2022-camera-ready/Quantized-GBDT/xgboost/src/cli_main.cc:235: boosting round 189, 8.34901 sec elapsed
[23:46:30] [189]	test-rmse:8.95159116347545591
[23:46:30] INFO: /home/shiyu/NeurIPS-2022-camera-ready/Quantized-GBDT/xgboost/src/cli_main.cc:235: boosting round 190, 8.3908 sec elapsed
[23:46:30] [190]	test-rmse:8.95152190198967013
[23:46:30] INFO: /home/shiyu/NeurIPS-2022-camera-ready/Quantized-GBDT/xgboost/src/cli_main.cc:235: boosting round 191, 8.43244 sec elapsed
[23:46:30] [191]	test-rmse:8.95147045632499960
[23:46:30] INFO: /home/shiyu/NeurIPS-2022-camera-ready/Quantized-GBDT/xgboost/src/cli_main.cc:235: boosting round 192, 8.47289 sec elapsed
[23:46:30] [192]	test-rmse:8.95181917364735646
[23:46:30] INFO: /home/shiyu/NeurIPS-2022-camera-ready/Quantized-GBDT/xgboost/src/cli_main.cc:235: boosting round 193, 8.51383 sec elapsed
[23:46:30] [193]	test-rmse:8.95239007412603804
[23:46:30] INFO: /home/shiyu/NeurIPS-2022-camera-ready/Quantized-GBDT/xgboost/src/cli_main.cc:235: boosting round 194, 8.55662 sec elapsed
[23:46:30] [194]	test-rmse:8.95263169021483485
[23:46:30] INFO: /home/shiyu/NeurIPS-2022-camera-ready/Quantized-GBDT/xgboost/src/cli_main.cc:235: boosting round 195, 8.59657 sec elapsed
[23:46:30] [195]	test-rmse:8.95223250286366046
[23:46:30] INFO: /home/shiyu/NeurIPS-2022-camera-ready/Quantized-GBDT/xgboost/src/cli_main.cc:235: boosting round 196, 8.63599 sec elapsed
[23:46:30] [196]	test-rmse:8.95284860270211524
[23:46:30] INFO: /home/shiyu/NeurIPS-2022-camera-ready/Quantized-GBDT/xgboost/src/cli_main.cc:235: boosting round 197, 8.67754 sec elapsed
[23:46:30] [197]	test-rmse:8.95314134336694956
[23:46:30] INFO: /home/shiyu/NeurIPS-2022-camera-ready/Quantized-GBDT/xgboost/src/cli_main.cc:235: boosting round 198, 8.71701 sec elapsed
[23:46:30] [198]	test-rmse:8.95219143931487515
[23:46:30] INFO: /home/shiyu/NeurIPS-2022-camera-ready/Quantized-GBDT/xgboost/src/cli_main.cc:235: boosting round 199, 8.7586 sec elapsed
[23:46:30] [199]	test-rmse:8.95210358384311000
[23:46:30] INFO: /home/shiyu/NeurIPS-2022-camera-ready/Quantized-GBDT/xgboost/src/cli_main.cc:235: boosting round 200, 8.79787 sec elapsed
[23:46:30] [200]	test-rmse:8.95233289774689212
[23:46:30] INFO: /home/shiyu/NeurIPS-2022-camera-ready/Quantized-GBDT/xgboost/src/cli_main.cc:235: boosting round 201, 8.83784 sec elapsed
[23:46:30] [201]	test-rmse:8.95185721635768061
[23:46:30] INFO: /home/shiyu/NeurIPS-2022-camera-ready/Quantized-GBDT/xgboost/src/cli_main.cc:235: boosting round 202, 8.87681 sec elapsed
[23:46:30] [202]	test-rmse:8.95168656426563203
[23:46:30] INFO: /home/shiyu/NeurIPS-2022-camera-ready/Quantized-GBDT/xgboost/src/cli_main.cc:235: boosting round 203, 8.91677 sec elapsed
[23:46:30] [203]	test-rmse:8.95102390040473850
[23:46:30] INFO: /home/shiyu/NeurIPS-2022-camera-ready/Quantized-GBDT/xgboost/src/cli_main.cc:235: boosting round 204, 8.95652 sec elapsed
[23:46:30] [204]	test-rmse:8.95115253113366371
[23:46:30] INFO: /home/shiyu/NeurIPS-2022-camera-ready/Quantized-GBDT/xgboost/src/cli_main.cc:235: boosting round 205, 8.9968 sec elapsed
[23:46:30] [205]	test-rmse:8.95183421672598811
[23:46:30] INFO: /home/shiyu/NeurIPS-2022-camera-ready/Quantized-GBDT/xgboost/src/cli_main.cc:235: boosting round 206, 9.03712 sec elapsed
[23:46:31] [206]	test-rmse:8.95170824401344056
[23:46:31] INFO: /home/shiyu/NeurIPS-2022-camera-ready/Quantized-GBDT/xgboost/src/cli_main.cc:235: boosting round 207, 9.08358 sec elapsed
[23:46:31] [207]	test-rmse:8.95173766393141790
[23:46:31] INFO: /home/shiyu/NeurIPS-2022-camera-ready/Quantized-GBDT/xgboost/src/cli_main.cc:235: boosting round 208, 9.13359 sec elapsed
[23:46:31] [208]	test-rmse:8.95130057708537130
[23:46:31] INFO: /home/shiyu/NeurIPS-2022-camera-ready/Quantized-GBDT/xgboost/src/cli_main.cc:235: boosting round 209, 9.17287 sec elapsed
[23:46:31] [209]	test-rmse:8.95192805641215195
[23:46:31] INFO: /home/shiyu/NeurIPS-2022-camera-ready/Quantized-GBDT/xgboost/src/cli_main.cc:235: boosting round 210, 9.21173 sec elapsed
[23:46:31] [210]	test-rmse:8.95170270683608038
[23:46:31] INFO: /home/shiyu/NeurIPS-2022-camera-ready/Quantized-GBDT/xgboost/src/cli_main.cc:235: boosting round 211, 9.25151 sec elapsed
[23:46:31] [211]	test-rmse:8.95187727456909421
[23:46:31] INFO: /home/shiyu/NeurIPS-2022-camera-ready/Quantized-GBDT/xgboost/src/cli_main.cc:235: boosting round 212, 9.29189 sec elapsed
[23:46:31] [212]	test-rmse:8.95158497378033680
[23:46:31] INFO: /home/shiyu/NeurIPS-2022-camera-ready/Quantized-GBDT/xgboost/src/cli_main.cc:235: boosting round 213, 9.33283 sec elapsed
[23:46:31] [213]	test-rmse:8.95160161038720048
[23:46:31] INFO: /home/shiyu/NeurIPS-2022-camera-ready/Quantized-GBDT/xgboost/src/cli_main.cc:235: boosting round 214, 9.37129 sec elapsed
[23:46:31] [214]	test-rmse:8.95229154318370668
[23:46:31] INFO: /home/shiyu/NeurIPS-2022-camera-ready/Quantized-GBDT/xgboost/src/cli_main.cc:235: boosting round 215, 9.41007 sec elapsed
[23:46:31] [215]	test-rmse:8.95205298128951732
[23:46:31] INFO: /home/shiyu/NeurIPS-2022-camera-ready/Quantized-GBDT/xgboost/src/cli_main.cc:235: boosting round 216, 9.44997 sec elapsed
[23:46:31] [216]	test-rmse:8.95158781243418922
[23:46:31] INFO: /home/shiyu/NeurIPS-2022-camera-ready/Quantized-GBDT/xgboost/src/cli_main.cc:235: boosting round 217, 9.48915 sec elapsed
[23:46:31] [217]	test-rmse:8.95129723505790587
[23:46:31] INFO: /home/shiyu/NeurIPS-2022-camera-ready/Quantized-GBDT/xgboost/src/cli_main.cc:235: boosting round 218, 9.52819 sec elapsed
[23:46:31] [218]	test-rmse:8.95072350271201600
[23:46:31] INFO: /home/shiyu/NeurIPS-2022-camera-ready/Quantized-GBDT/xgboost/src/cli_main.cc:235: boosting round 219, 9.56902 sec elapsed
[23:46:31] [219]	test-rmse:8.95109450052430589
[23:46:31] INFO: /home/shiyu/NeurIPS-2022-camera-ready/Quantized-GBDT/xgboost/src/cli_main.cc:235: boosting round 220, 9.60868 sec elapsed
[23:46:31] [220]	test-rmse:8.95142426965238514
[23:46:31] INFO: /home/shiyu/NeurIPS-2022-camera-ready/Quantized-GBDT/xgboost/src/cli_main.cc:235: boosting round 221, 9.64793 sec elapsed
[23:46:31] [221]	test-rmse:8.95115360793608872
[23:46:31] INFO: /home/shiyu/NeurIPS-2022-camera-ready/Quantized-GBDT/xgboost/src/cli_main.cc:235: boosting round 222, 9.69001 sec elapsed
[23:46:31] [222]	test-rmse:8.95105997533061881
[23:46:31] INFO: /home/shiyu/NeurIPS-2022-camera-ready/Quantized-GBDT/xgboost/src/cli_main.cc:235: boosting round 223, 9.73029 sec elapsed
[23:46:31] [223]	test-rmse:8.95106426115155607
[23:46:31] INFO: /home/shiyu/NeurIPS-2022-camera-ready/Quantized-GBDT/xgboost/src/cli_main.cc:235: boosting round 224, 9.76977 sec elapsed
[23:46:31] [224]	test-rmse:8.95071920828088352
[23:46:31] INFO: /home/shiyu/NeurIPS-2022-camera-ready/Quantized-GBDT/xgboost/src/cli_main.cc:235: boosting round 225, 9.8092 sec elapsed
[23:46:31] [225]	test-rmse:8.95079433495083165
[23:46:31] INFO: /home/shiyu/NeurIPS-2022-camera-ready/Quantized-GBDT/xgboost/src/cli_main.cc:235: boosting round 226, 9.84833 sec elapsed
[23:46:31] [226]	test-rmse:8.95075861014368890
[23:46:31] INFO: /home/shiyu/NeurIPS-2022-camera-ready/Quantized-GBDT/xgboost/src/cli_main.cc:235: boosting round 227, 9.88855 sec elapsed
[23:46:31] [227]	test-rmse:8.95058714502511954
[23:46:31] INFO: /home/shiyu/NeurIPS-2022-camera-ready/Quantized-GBDT/xgboost/src/cli_main.cc:235: boosting round 228, 9.92779 sec elapsed
[23:46:31] [228]	test-rmse:8.95062132227825735
[23:46:31] INFO: /home/shiyu/NeurIPS-2022-camera-ready/Quantized-GBDT/xgboost/src/cli_main.cc:235: boosting round 229, 9.96655 sec elapsed
[23:46:31] [229]	test-rmse:8.94997152921293448
[23:46:31] INFO: /home/shiyu/NeurIPS-2022-camera-ready/Quantized-GBDT/xgboost/src/cli_main.cc:235: boosting round 230, 10.0084 sec elapsed
[23:46:31] [230]	test-rmse:8.94985356099014950
[23:46:31] INFO: /home/shiyu/NeurIPS-2022-camera-ready/Quantized-GBDT/xgboost/src/cli_main.cc:235: boosting round 231, 10.0484 sec elapsed
[23:46:32] [231]	test-rmse:8.94994924208402054
[23:46:32] INFO: /home/shiyu/NeurIPS-2022-camera-ready/Quantized-GBDT/xgboost/src/cli_main.cc:235: boosting round 232, 10.0889 sec elapsed
[23:46:32] [232]	test-rmse:8.95060106453430038
[23:46:32] INFO: /home/shiyu/NeurIPS-2022-camera-ready/Quantized-GBDT/xgboost/src/cli_main.cc:235: boosting round 233, 10.1296 sec elapsed
[23:46:32] [233]	test-rmse:8.95057559793650093
[23:46:32] INFO: /home/shiyu/NeurIPS-2022-camera-ready/Quantized-GBDT/xgboost/src/cli_main.cc:235: boosting round 234, 10.1694 sec elapsed
[23:46:32] [234]	test-rmse:8.95047390740180049
[23:46:32] INFO: /home/shiyu/NeurIPS-2022-camera-ready/Quantized-GBDT/xgboost/src/cli_main.cc:235: boosting round 235, 10.2127 sec elapsed
[23:46:32] [235]	test-rmse:8.95093462857599320
[23:46:32] INFO: /home/shiyu/NeurIPS-2022-camera-ready/Quantized-GBDT/xgboost/src/cli_main.cc:235: boosting round 236, 10.2514 sec elapsed
[23:46:32] [236]	test-rmse:8.95093554191870133
[23:46:32] INFO: /home/shiyu/NeurIPS-2022-camera-ready/Quantized-GBDT/xgboost/src/cli_main.cc:235: boosting round 237, 10.2921 sec elapsed
[23:46:32] [237]	test-rmse:8.95061042572047683
[23:46:32] INFO: /home/shiyu/NeurIPS-2022-camera-ready/Quantized-GBDT/xgboost/src/cli_main.cc:235: boosting round 238, 10.3323 sec elapsed
[23:46:32] [238]	test-rmse:8.95164233584389102
[23:46:32] INFO: /home/shiyu/NeurIPS-2022-camera-ready/Quantized-GBDT/xgboost/src/cli_main.cc:235: boosting round 239, 10.3715 sec elapsed
[23:46:32] [239]	test-rmse:8.95158230603749772
[23:46:32] INFO: /home/shiyu/NeurIPS-2022-camera-ready/Quantized-GBDT/xgboost/src/cli_main.cc:235: boosting round 240, 10.4124 sec elapsed
[23:46:32] [240]	test-rmse:8.95176407978219579
[23:46:32] INFO: /home/shiyu/NeurIPS-2022-camera-ready/Quantized-GBDT/xgboost/src/cli_main.cc:235: boosting round 241, 10.4524 sec elapsed
[23:46:32] [241]	test-rmse:8.95134561194722167
[23:46:32] INFO: /home/shiyu/NeurIPS-2022-camera-ready/Quantized-GBDT/xgboost/src/cli_main.cc:235: boosting round 242, 10.4922 sec elapsed
[23:46:32] [242]	test-rmse:8.95113732589246958
[23:46:32] INFO: /home/shiyu/NeurIPS-2022-camera-ready/Quantized-GBDT/xgboost/src/cli_main.cc:235: boosting round 243, 10.531 sec elapsed
[23:46:32] [243]	test-rmse:8.95032491915493011
[23:46:32] INFO: /home/shiyu/NeurIPS-2022-camera-ready/Quantized-GBDT/xgboost/src/cli_main.cc:235: boosting round 244, 10.5706 sec elapsed
[23:46:32] [244]	test-rmse:8.95070590125211396
[23:46:32] INFO: /home/shiyu/NeurIPS-2022-camera-ready/Quantized-GBDT/xgboost/src/cli_main.cc:235: boosting round 245, 10.6108 sec elapsed
[23:46:32] [245]	test-rmse:8.95063129569276406
[23:46:32] INFO: /home/shiyu/NeurIPS-2022-camera-ready/Quantized-GBDT/xgboost/src/cli_main.cc:235: boosting round 246, 10.652 sec elapsed
[23:46:32] [246]	test-rmse:8.95095431969976829
[23:46:32] INFO: /home/shiyu/NeurIPS-2022-camera-ready/Quantized-GBDT/xgboost/src/cli_main.cc:235: boosting round 247, 10.6906 sec elapsed
[23:46:32] [247]	test-rmse:8.95139047328001958
[23:46:32] INFO: /home/shiyu/NeurIPS-2022-camera-ready/Quantized-GBDT/xgboost/src/cli_main.cc:235: boosting round 248, 10.7314 sec elapsed
[23:46:32] [248]	test-rmse:8.95183957872776048
[23:46:32] INFO: /home/shiyu/NeurIPS-2022-camera-ready/Quantized-GBDT/xgboost/src/cli_main.cc:235: boosting round 249, 10.7704 sec elapsed
[23:46:32] [249]	test-rmse:8.95108026719047523
[23:46:32] INFO: /home/shiyu/NeurIPS-2022-camera-ready/Quantized-GBDT/xgboost/src/cli_main.cc:235: boosting round 250, 10.8103 sec elapsed
[23:46:32] [250]	test-rmse:8.95130267443083127
[23:46:32] INFO: /home/shiyu/NeurIPS-2022-camera-ready/Quantized-GBDT/xgboost/src/cli_main.cc:235: boosting round 251, 10.8506 sec elapsed
[23:46:32] [251]	test-rmse:8.95123953601540023
[23:46:32] INFO: /home/shiyu/NeurIPS-2022-camera-ready/Quantized-GBDT/xgboost/src/cli_main.cc:235: boosting round 252, 10.8902 sec elapsed
[23:46:32] [252]	test-rmse:8.95131477519718821
[23:46:32] INFO: /home/shiyu/NeurIPS-2022-camera-ready/Quantized-GBDT/xgboost/src/cli_main.cc:235: boosting round 253, 10.9293 sec elapsed
[23:46:32] [253]	test-rmse:8.95123052049499535
[23:46:32] INFO: /home/shiyu/NeurIPS-2022-camera-ready/Quantized-GBDT/xgboost/src/cli_main.cc:235: boosting round 254, 10.9703 sec elapsed
[23:46:32] [254]	test-rmse:8.95135556927275999
[23:46:32] INFO: /home/shiyu/NeurIPS-2022-camera-ready/Quantized-GBDT/xgboost/src/cli_main.cc:235: boosting round 255, 11.0109 sec elapsed
[23:46:32] [255]	test-rmse:8.95145895314055373
[23:46:32] INFO: /home/shiyu/NeurIPS-2022-camera-ready/Quantized-GBDT/xgboost/src/cli_main.cc:235: boosting round 256, 11.0516 sec elapsed
[23:46:33] [256]	test-rmse:8.95149027619967441
[23:46:33] INFO: /home/shiyu/NeurIPS-2022-camera-ready/Quantized-GBDT/xgboost/src/cli_main.cc:235: boosting round 257, 11.0926 sec elapsed
[23:46:33] [257]	test-rmse:8.95106534932697784
[23:46:33] INFO: /home/shiyu/NeurIPS-2022-camera-ready/Quantized-GBDT/xgboost/src/cli_main.cc:235: boosting round 258, 11.1334 sec elapsed
[23:46:33] [258]	test-rmse:8.95096134094423235
[23:46:33] INFO: /home/shiyu/NeurIPS-2022-camera-ready/Quantized-GBDT/xgboost/src/cli_main.cc:235: boosting round 259, 11.1732 sec elapsed
[23:46:33] [259]	test-rmse:8.95108618014941371
[23:46:33] INFO: /home/shiyu/NeurIPS-2022-camera-ready/Quantized-GBDT/xgboost/src/cli_main.cc:235: boosting round 260, 11.2131 sec elapsed
[23:46:33] [260]	test-rmse:8.95077902983852880
[23:46:33] INFO: /home/shiyu/NeurIPS-2022-camera-ready/Quantized-GBDT/xgboost/src/cli_main.cc:235: boosting round 261, 11.2546 sec elapsed
[23:46:33] [261]	test-rmse:8.95159979641292125
[23:46:33] INFO: /home/shiyu/NeurIPS-2022-camera-ready/Quantized-GBDT/xgboost/src/cli_main.cc:235: boosting round 262, 11.2954 sec elapsed
[23:46:33] [262]	test-rmse:8.95183333013130422
[23:46:33] INFO: /home/shiyu/NeurIPS-2022-camera-ready/Quantized-GBDT/xgboost/src/cli_main.cc:235: boosting round 263, 11.3442 sec elapsed
[23:46:33] [263]	test-rmse:8.95200316306853949
[23:46:33] INFO: /home/shiyu/NeurIPS-2022-camera-ready/Quantized-GBDT/xgboost/src/cli_main.cc:235: boosting round 264, 11.389 sec elapsed
[23:46:33] [264]	test-rmse:8.95203224101923745
[23:46:33] INFO: /home/shiyu/NeurIPS-2022-camera-ready/Quantized-GBDT/xgboost/src/cli_main.cc:235: boosting round 265, 11.4309 sec elapsed
[23:46:33] [265]	test-rmse:8.95221265665001908
[23:46:33] INFO: /home/shiyu/NeurIPS-2022-camera-ready/Quantized-GBDT/xgboost/src/cli_main.cc:235: boosting round 266, 11.4728 sec elapsed
[23:46:33] [266]	test-rmse:8.95202682974180952
[23:46:33] INFO: /home/shiyu/NeurIPS-2022-camera-ready/Quantized-GBDT/xgboost/src/cli_main.cc:235: boosting round 267, 11.5138 sec elapsed
[23:46:33] [267]	test-rmse:8.95251568445377721
[23:46:33] INFO: /home/shiyu/NeurIPS-2022-camera-ready/Quantized-GBDT/xgboost/src/cli_main.cc:235: boosting round 268, 11.5539 sec elapsed
[23:46:33] [268]	test-rmse:8.95337852851549165
[23:46:33] INFO: /home/shiyu/NeurIPS-2022-camera-ready/Quantized-GBDT/xgboost/src/cli_main.cc:235: boosting round 269, 11.5943 sec elapsed
[23:46:33] [269]	test-rmse:8.95330302210743589
[23:46:33] INFO: /home/shiyu/NeurIPS-2022-camera-ready/Quantized-GBDT/xgboost/src/cli_main.cc:235: boosting round 270, 11.6343 sec elapsed
[23:46:33] [270]	test-rmse:8.95363470443780329
[23:46:33] INFO: /home/shiyu/NeurIPS-2022-camera-ready/Quantized-GBDT/xgboost/src/cli_main.cc:235: boosting round 271, 11.6859 sec elapsed
[23:46:33] [271]	test-rmse:8.95389426276982903
[23:46:33] INFO: /home/shiyu/NeurIPS-2022-camera-ready/Quantized-GBDT/xgboost/src/cli_main.cc:235: boosting round 272, 11.7248 sec elapsed
[23:46:33] [272]	test-rmse:8.95396335441661506
[23:46:33] INFO: /home/shiyu/NeurIPS-2022-camera-ready/Quantized-GBDT/xgboost/src/cli_main.cc:235: boosting round 273, 11.7639 sec elapsed
[23:46:33] [273]	test-rmse:8.95384530498792053
[23:46:33] INFO: /home/shiyu/NeurIPS-2022-camera-ready/Quantized-GBDT/xgboost/src/cli_main.cc:235: boosting round 274, 11.8021 sec elapsed
[23:46:33] [274]	test-rmse:8.95324910059592050
[23:46:33] INFO: /home/shiyu/NeurIPS-2022-camera-ready/Quantized-GBDT/xgboost/src/cli_main.cc:235: boosting round 275, 11.8414 sec elapsed
[23:46:33] [275]	test-rmse:8.95271453364818193
[23:46:33] INFO: /home/shiyu/NeurIPS-2022-camera-ready/Quantized-GBDT/xgboost/src/cli_main.cc:235: boosting round 276, 11.8816 sec elapsed
[23:46:33] [276]	test-rmse:8.95315385895902338
[23:46:33] INFO: /home/shiyu/NeurIPS-2022-camera-ready/Quantized-GBDT/xgboost/src/cli_main.cc:235: boosting round 277, 11.9206 sec elapsed
[23:46:33] [277]	test-rmse:8.95342740106622159
[23:46:33] INFO: /home/shiyu/NeurIPS-2022-camera-ready/Quantized-GBDT/xgboost/src/cli_main.cc:235: boosting round 278, 11.9608 sec elapsed
[23:46:33] [278]	test-rmse:8.95338133729912755
[23:46:33] INFO: /home/shiyu/NeurIPS-2022-camera-ready/Quantized-GBDT/xgboost/src/cli_main.cc:235: boosting round 279, 12.0012 sec elapsed
[23:46:33] [279]	test-rmse:8.95368241571259027
[23:46:33] INFO: /home/shiyu/NeurIPS-2022-camera-ready/Quantized-GBDT/xgboost/src/cli_main.cc:235: boosting round 280, 12.0412 sec elapsed
[23:46:34] [280]	test-rmse:8.95461750054896477
[23:46:34] INFO: /home/shiyu/NeurIPS-2022-camera-ready/Quantized-GBDT/xgboost/src/cli_main.cc:235: boosting round 281, 12.0799 sec elapsed
[23:46:34] [281]	test-rmse:8.95486442469518629
[23:46:34] INFO: /home/shiyu/NeurIPS-2022-camera-ready/Quantized-GBDT/xgboost/src/cli_main.cc:235: boosting round 282, 12.1206 sec elapsed
[23:46:34] [282]	test-rmse:8.95491528960850580
[23:46:34] INFO: /home/shiyu/NeurIPS-2022-camera-ready/Quantized-GBDT/xgboost/src/cli_main.cc:235: boosting round 283, 12.1595 sec elapsed
[23:46:34] [283]	test-rmse:8.95496932360146936
[23:46:34] INFO: /home/shiyu/NeurIPS-2022-camera-ready/Quantized-GBDT/xgboost/src/cli_main.cc:235: boosting round 284, 12.1986 sec elapsed
[23:46:34] [284]	test-rmse:8.95480015399258278
[23:46:34] INFO: /home/shiyu/NeurIPS-2022-camera-ready/Quantized-GBDT/xgboost/src/cli_main.cc:235: boosting round 285, 12.2379 sec elapsed
[23:46:34] [285]	test-rmse:8.95514881659636686
[23:46:34] INFO: /home/shiyu/NeurIPS-2022-camera-ready/Quantized-GBDT/xgboost/src/cli_main.cc:235: boosting round 286, 12.2778 sec elapsed
[23:46:34] [286]	test-rmse:8.95465997603882258
[23:46:34] INFO: /home/shiyu/NeurIPS-2022-camera-ready/Quantized-GBDT/xgboost/src/cli_main.cc:235: boosting round 287, 12.3316 sec elapsed
[23:46:34] [287]	test-rmse:8.95454074598131022
[23:46:34] INFO: /home/shiyu/NeurIPS-2022-camera-ready/Quantized-GBDT/xgboost/src/cli_main.cc:235: boosting round 288, 12.3708 sec elapsed
[23:46:34] [288]	test-rmse:8.95434261552529875
[23:46:34] INFO: /home/shiyu/NeurIPS-2022-camera-ready/Quantized-GBDT/xgboost/src/cli_main.cc:235: boosting round 289, 12.4101 sec elapsed
[23:46:34] [289]	test-rmse:8.95463410834999785
[23:46:34] INFO: /home/shiyu/NeurIPS-2022-camera-ready/Quantized-GBDT/xgboost/src/cli_main.cc:235: boosting round 290, 12.4512 sec elapsed
[23:46:34] [290]	test-rmse:8.95507948464176273
[23:46:34] INFO: /home/shiyu/NeurIPS-2022-camera-ready/Quantized-GBDT/xgboost/src/cli_main.cc:235: boosting round 291, 12.4906 sec elapsed
[23:46:34] [291]	test-rmse:8.95485288262971402
[23:46:34] INFO: /home/shiyu/NeurIPS-2022-camera-ready/Quantized-GBDT/xgboost/src/cli_main.cc:235: boosting round 292, 12.5301 sec elapsed
[23:46:34] [292]	test-rmse:8.95549078895687067
[23:46:34] INFO: /home/shiyu/NeurIPS-2022-camera-ready/Quantized-GBDT/xgboost/src/cli_main.cc:235: boosting round 293, 12.5712 sec elapsed
[23:46:34] [293]	test-rmse:8.95551567111193592
[23:46:34] INFO: /home/shiyu/NeurIPS-2022-camera-ready/Quantized-GBDT/xgboost/src/cli_main.cc:235: boosting round 294, 12.6102 sec elapsed
[23:46:34] [294]	test-rmse:8.95612824017582021
[23:46:34] INFO: /home/shiyu/NeurIPS-2022-camera-ready/Quantized-GBDT/xgboost/src/cli_main.cc:235: boosting round 295, 12.6509 sec elapsed
[23:46:34] [295]	test-rmse:8.95597088750684023
[23:46:34] INFO: /home/shiyu/NeurIPS-2022-camera-ready/Quantized-GBDT/xgboost/src/cli_main.cc:235: boosting round 296, 12.6915 sec elapsed
[23:46:34] [296]	test-rmse:8.95615581528291038
[23:46:34] INFO: /home/shiyu/NeurIPS-2022-camera-ready/Quantized-GBDT/xgboost/src/cli_main.cc:235: boosting round 297, 12.7319 sec elapsed
[23:46:34] [297]	test-rmse:8.95647434319876545
[23:46:34] INFO: /home/shiyu/NeurIPS-2022-camera-ready/Quantized-GBDT/xgboost/src/cli_main.cc:235: boosting round 298, 12.774 sec elapsed
[23:46:34] [298]	test-rmse:8.95695658604671863
[23:46:34] INFO: /home/shiyu/NeurIPS-2022-camera-ready/Quantized-GBDT/xgboost/src/cli_main.cc:235: boosting round 299, 12.816 sec elapsed
[23:46:34] [299]	test-rmse:8.95686730873736003
[23:46:34] INFO: /home/shiyu/NeurIPS-2022-camera-ready/Quantized-GBDT/xgboost/src/cli_main.cc:235: boosting round 300, 12.8558 sec elapsed
[23:46:34] [300]	test-rmse:8.95704605770011675
[23:46:34] INFO: /home/shiyu/NeurIPS-2022-camera-ready/Quantized-GBDT/xgboost/src/cli_main.cc:235: boosting round 301, 12.8945 sec elapsed
[23:46:34] [301]	test-rmse:8.95740301932318062
[23:46:34] INFO: /home/shiyu/NeurIPS-2022-camera-ready/Quantized-GBDT/xgboost/src/cli_main.cc:235: boosting round 302, 12.9329 sec elapsed
[23:46:34] [302]	test-rmse:8.95692994911006757
[23:46:34] INFO: /home/shiyu/NeurIPS-2022-camera-ready/Quantized-GBDT/xgboost/src/cli_main.cc:235: boosting round 303, 12.9723 sec elapsed
[23:46:34] [303]	test-rmse:8.95724566048420279
[23:46:34] INFO: /home/shiyu/NeurIPS-2022-camera-ready/Quantized-GBDT/xgboost/src/cli_main.cc:235: boosting round 304, 13.0118 sec elapsed
[23:46:34] [304]	test-rmse:8.95678466646790206
[23:46:34] INFO: /home/shiyu/NeurIPS-2022-camera-ready/Quantized-GBDT/xgboost/src/cli_main.cc:235: boosting round 305, 13.0509 sec elapsed
[23:46:35] [305]	test-rmse:8.95620722822517834
[23:46:35] INFO: /home/shiyu/NeurIPS-2022-camera-ready/Quantized-GBDT/xgboost/src/cli_main.cc:235: boosting round 306, 13.09 sec elapsed
[23:46:35] [306]	test-rmse:8.95626106523566889
[23:46:35] INFO: /home/shiyu/NeurIPS-2022-camera-ready/Quantized-GBDT/xgboost/src/cli_main.cc:235: boosting round 307, 13.1297 sec elapsed
[23:46:35] [307]	test-rmse:8.95641098112427692
[23:46:35] INFO: /home/shiyu/NeurIPS-2022-camera-ready/Quantized-GBDT/xgboost/src/cli_main.cc:235: boosting round 308, 13.1726 sec elapsed
[23:46:35] [308]	test-rmse:8.95632180107483400
[23:46:35] INFO: /home/shiyu/NeurIPS-2022-camera-ready/Quantized-GBDT/xgboost/src/cli_main.cc:235: boosting round 309, 13.2126 sec elapsed
[23:46:35] [309]	test-rmse:8.95590898489011522
[23:46:35] INFO: /home/shiyu/NeurIPS-2022-camera-ready/Quantized-GBDT/xgboost/src/cli_main.cc:235: boosting round 310, 13.2512 sec elapsed
[23:46:35] [310]	test-rmse:8.95603282549507185
[23:46:35] INFO: /home/shiyu/NeurIPS-2022-camera-ready/Quantized-GBDT/xgboost/src/cli_main.cc:235: boosting round 311, 13.2899 sec elapsed
[23:46:35] [311]	test-rmse:8.95602897019607980
[23:46:35] INFO: /home/shiyu/NeurIPS-2022-camera-ready/Quantized-GBDT/xgboost/src/cli_main.cc:235: boosting round 312, 13.3287 sec elapsed
[23:46:35] [312]	test-rmse:8.95585180492295230
[23:46:35] INFO: /home/shiyu/NeurIPS-2022-camera-ready/Quantized-GBDT/xgboost/src/cli_main.cc:235: boosting round 313, 13.3675 sec elapsed
[23:46:35] [313]	test-rmse:8.95576976393896551
[23:46:35] INFO: /home/shiyu/NeurIPS-2022-camera-ready/Quantized-GBDT/xgboost/src/cli_main.cc:235: boosting round 314, 13.4067 sec elapsed
[23:46:35] [314]	test-rmse:8.95546484001696363
[23:46:35] INFO: /home/shiyu/NeurIPS-2022-camera-ready/Quantized-GBDT/xgboost/src/cli_main.cc:235: boosting round 315, 13.4473 sec elapsed
[23:46:35] [315]	test-rmse:8.95568200798177827
[23:46:35] INFO: /home/shiyu/NeurIPS-2022-camera-ready/Quantized-GBDT/xgboost/src/cli_main.cc:235: boosting round 316, 13.4863 sec elapsed
[23:46:35] [316]	test-rmse:8.95522984301145186
[23:46:35] INFO: /home/shiyu/NeurIPS-2022-camera-ready/Quantized-GBDT/xgboost/src/cli_main.cc:235: boosting round 317, 13.5281 sec elapsed
[23:46:35] [317]	test-rmse:8.95529652702956014
[23:46:35] INFO: /home/shiyu/NeurIPS-2022-camera-ready/Quantized-GBDT/xgboost/src/cli_main.cc:235: boosting round 318, 13.5695 sec elapsed
[23:46:35] [318]	test-rmse:8.95481348210952710
[23:46:35] INFO: /home/shiyu/NeurIPS-2022-camera-ready/Quantized-GBDT/xgboost/src/cli_main.cc:235: boosting round 319, 13.6086 sec elapsed
[23:46:35] [319]	test-rmse:8.95528168007767889
[23:46:35] INFO: /home/shiyu/NeurIPS-2022-camera-ready/Quantized-GBDT/xgboost/src/cli_main.cc:235: boosting round 320, 13.649 sec elapsed
[23:46:35] [320]	test-rmse:8.95560946318394713
[23:46:35] INFO: /home/shiyu/NeurIPS-2022-camera-ready/Quantized-GBDT/xgboost/src/cli_main.cc:235: boosting round 321, 13.6884 sec elapsed
[23:46:35] [321]	test-rmse:8.95555480200914467
[23:46:35] INFO: /home/shiyu/NeurIPS-2022-camera-ready/Quantized-GBDT/xgboost/src/cli_main.cc:235: boosting round 322, 13.7285 sec elapsed
[23:46:35] [322]	test-rmse:8.95511415965199653
[23:46:35] INFO: /home/shiyu/NeurIPS-2022-camera-ready/Quantized-GBDT/xgboost/src/cli_main.cc:235: boosting round 323, 13.7675 sec elapsed
[23:46:35] [323]	test-rmse:8.95487868877513726
[23:46:35] INFO: /home/shiyu/NeurIPS-2022-camera-ready/Quantized-GBDT/xgboost/src/cli_main.cc:235: boosting round 324, 13.8067 sec elapsed
[23:46:35] [324]	test-rmse:8.95463783460983542
[23:46:35] INFO: /home/shiyu/NeurIPS-2022-camera-ready/Quantized-GBDT/xgboost/src/cli_main.cc:235: boosting round 325, 13.8465 sec elapsed
[23:46:35] [325]	test-rmse:8.95450627080235861
[23:46:35] INFO: /home/shiyu/NeurIPS-2022-camera-ready/Quantized-GBDT/xgboost/src/cli_main.cc:235: boosting round 326, 13.8854 sec elapsed
[23:46:35] [326]	test-rmse:8.95456446357690616
[23:46:35] INFO: /home/shiyu/NeurIPS-2022-camera-ready/Quantized-GBDT/xgboost/src/cli_main.cc:235: boosting round 327, 13.9252 sec elapsed
[23:46:35] [327]	test-rmse:8.95410965614668086
[23:46:35] INFO: /home/shiyu/NeurIPS-2022-camera-ready/Quantized-GBDT/xgboost/src/cli_main.cc:235: boosting round 328, 13.9641 sec elapsed
[23:46:35] [328]	test-rmse:8.95278998910733392
[23:46:35] INFO: /home/shiyu/NeurIPS-2022-camera-ready/Quantized-GBDT/xgboost/src/cli_main.cc:235: boosting round 329, 14.0057 sec elapsed
[23:46:35] [329]	test-rmse:8.95276967273934687
[23:46:35] INFO: /home/shiyu/NeurIPS-2022-camera-ready/Quantized-GBDT/xgboost/src/cli_main.cc:235: boosting round 330, 14.0449 sec elapsed
[23:46:36] [330]	test-rmse:8.95280440917883169
[23:46:36] INFO: /home/shiyu/NeurIPS-2022-camera-ready/Quantized-GBDT/xgboost/src/cli_main.cc:235: boosting round 331, 14.0846 sec elapsed
[23:46:36] [331]	test-rmse:8.95234403495790509
[23:46:36] INFO: /home/shiyu/NeurIPS-2022-camera-ready/Quantized-GBDT/xgboost/src/cli_main.cc:235: boosting round 332, 14.125 sec elapsed
[23:46:36] [332]	test-rmse:8.95241936217548684
[23:46:36] INFO: /home/shiyu/NeurIPS-2022-camera-ready/Quantized-GBDT/xgboost/src/cli_main.cc:235: boosting round 333, 14.1641 sec elapsed
[23:46:36] [333]	test-rmse:8.95263426521060701
[23:46:36] INFO: /home/shiyu/NeurIPS-2022-camera-ready/Quantized-GBDT/xgboost/src/cli_main.cc:235: boosting round 334, 14.2024 sec elapsed
[23:46:36] [334]	test-rmse:8.95196836157719389
[23:46:36] INFO: /home/shiyu/NeurIPS-2022-camera-ready/Quantized-GBDT/xgboost/src/cli_main.cc:235: boosting round 335, 14.2435 sec elapsed
[23:46:36] [335]	test-rmse:8.95141259465817996
[23:46:36] INFO: /home/shiyu/NeurIPS-2022-camera-ready/Quantized-GBDT/xgboost/src/cli_main.cc:235: boosting round 336, 14.2831 sec elapsed
[23:46:36] [336]	test-rmse:8.95094041487676151
[23:46:36] INFO: /home/shiyu/NeurIPS-2022-camera-ready/Quantized-GBDT/xgboost/src/cli_main.cc:235: boosting round 337, 14.3227 sec elapsed
[23:46:36] [337]	test-rmse:8.95085316152171373
[23:46:36] INFO: /home/shiyu/NeurIPS-2022-camera-ready/Quantized-GBDT/xgboost/src/cli_main.cc:235: boosting round 338, 14.3617 sec elapsed
[23:46:36] [338]	test-rmse:8.95035938996294433
[23:46:36] INFO: /home/shiyu/NeurIPS-2022-camera-ready/Quantized-GBDT/xgboost/src/cli_main.cc:235: boosting round 339, 14.403 sec elapsed
[23:46:36] [339]	test-rmse:8.95020225340780939
[23:46:36] INFO: /home/shiyu/NeurIPS-2022-camera-ready/Quantized-GBDT/xgboost/src/cli_main.cc:235: boosting round 340, 14.4424 sec elapsed
[23:46:36] [340]	test-rmse:8.95057887954729559
[23:46:36] INFO: /home/shiyu/NeurIPS-2022-camera-ready/Quantized-GBDT/xgboost/src/cli_main.cc:235: boosting round 341, 14.4815 sec elapsed
[23:46:36] [341]	test-rmse:8.95125155797967409
[23:46:36] INFO: /home/shiyu/NeurIPS-2022-camera-ready/Quantized-GBDT/xgboost/src/cli_main.cc:235: boosting round 342, 14.5209 sec elapsed
[23:46:36] [342]	test-rmse:8.95088609701060811
[23:46:36] INFO: /home/shiyu/NeurIPS-2022-camera-ready/Quantized-GBDT/xgboost/src/cli_main.cc:235: boosting round 343, 14.5617 sec elapsed
[23:46:36] [343]	test-rmse:8.95094295311492871
[23:46:36] INFO: /home/shiyu/NeurIPS-2022-camera-ready/Quantized-GBDT/xgboost/src/cli_main.cc:235: boosting round 344, 14.6007 sec elapsed
[23:46:36] [344]	test-rmse:8.95133816794602666
[23:46:36] INFO: /home/shiyu/NeurIPS-2022-camera-ready/Quantized-GBDT/xgboost/src/cli_main.cc:235: boosting round 345, 14.6407 sec elapsed
[23:46:36] [345]	test-rmse:8.95109896749745637
[23:46:36] INFO: /home/shiyu/NeurIPS-2022-camera-ready/Quantized-GBDT/xgboost/src/cli_main.cc:235: boosting round 346, 14.6798 sec elapsed
[23:46:36] [346]	test-rmse:8.95102538641438450
[23:46:36] INFO: /home/shiyu/NeurIPS-2022-camera-ready/Quantized-GBDT/xgboost/src/cli_main.cc:235: boosting round 347, 14.7207 sec elapsed
[23:46:36] [347]	test-rmse:8.95024328815728509
[23:46:36] INFO: /home/shiyu/NeurIPS-2022-camera-ready/Quantized-GBDT/xgboost/src/cli_main.cc:235: boosting round 348, 14.7608 sec elapsed
[23:46:36] [348]	test-rmse:8.95003190943099547
[23:46:36] INFO: /home/shiyu/NeurIPS-2022-camera-ready/Quantized-GBDT/xgboost/src/cli_main.cc:235: boosting round 349, 14.801 sec elapsed
[23:46:36] [349]	test-rmse:8.94968000893675786
[23:46:36] INFO: /home/shiyu/NeurIPS-2022-camera-ready/Quantized-GBDT/xgboost/src/cli_main.cc:235: boosting round 350, 14.8408 sec elapsed
[23:46:36] [350]	test-rmse:8.95007268746893203
[23:46:36] INFO: /home/shiyu/NeurIPS-2022-camera-ready/Quantized-GBDT/xgboost/src/cli_main.cc:235: boosting round 351, 14.8809 sec elapsed
[23:46:36] [351]	test-rmse:8.95038823175127618
[23:46:36] INFO: /home/shiyu/NeurIPS-2022-camera-ready/Quantized-GBDT/xgboost/src/cli_main.cc:235: boosting round 352, 14.9211 sec elapsed
[23:46:36] [352]	test-rmse:8.94964673738099137
[23:46:36] INFO: /home/shiyu/NeurIPS-2022-camera-ready/Quantized-GBDT/xgboost/src/cli_main.cc:235: boosting round 353, 14.9613 sec elapsed
[23:46:36] [353]	test-rmse:8.94982709483607053
[23:46:36] INFO: /home/shiyu/NeurIPS-2022-camera-ready/Quantized-GBDT/xgboost/src/cli_main.cc:235: boosting round 354, 15.0014 sec elapsed
[23:46:36] [354]	test-rmse:8.95017117229649450
[23:46:36] INFO: /home/shiyu/NeurIPS-2022-camera-ready/Quantized-GBDT/xgboost/src/cli_main.cc:235: boosting round 355, 15.0399 sec elapsed
[23:46:37] [355]	test-rmse:8.95021423764818458
[23:46:37] INFO: /home/shiyu/NeurIPS-2022-camera-ready/Quantized-GBDT/xgboost/src/cli_main.cc:235: boosting round 356, 15.0811 sec elapsed
[23:46:37] [356]	test-rmse:8.95007804981861810
[23:46:37] INFO: /home/shiyu/NeurIPS-2022-camera-ready/Quantized-GBDT/xgboost/src/cli_main.cc:235: boosting round 357, 15.1214 sec elapsed
[23:46:37] [357]	test-rmse:8.95024005564410174
[23:46:37] INFO: /home/shiyu/NeurIPS-2022-camera-ready/Quantized-GBDT/xgboost/src/cli_main.cc:235: boosting round 358, 15.1604 sec elapsed
[23:46:37] [358]	test-rmse:8.95055737839930110
[23:46:37] INFO: /home/shiyu/NeurIPS-2022-camera-ready/Quantized-GBDT/xgboost/src/cli_main.cc:235: boosting round 359, 15.2006 sec elapsed
[23:46:37] [359]	test-rmse:8.95126106705237135
[23:46:37] INFO: /home/shiyu/NeurIPS-2022-camera-ready/Quantized-GBDT/xgboost/src/cli_main.cc:235: boosting round 360, 15.2399 sec elapsed
[23:46:37] [360]	test-rmse:8.95126991491220991
[23:46:37] INFO: /home/shiyu/NeurIPS-2022-camera-ready/Quantized-GBDT/xgboost/src/cli_main.cc:235: boosting round 361, 15.2791 sec elapsed
[23:46:37] [361]	test-rmse:8.95155164525201386
[23:46:37] INFO: /home/shiyu/NeurIPS-2022-camera-ready/Quantized-GBDT/xgboost/src/cli_main.cc:235: boosting round 362, 15.3193 sec elapsed
[23:46:37] [362]	test-rmse:8.95158719758872046
[23:46:37] INFO: /home/shiyu/NeurIPS-2022-camera-ready/Quantized-GBDT/xgboost/src/cli_main.cc:235: boosting round 363, 15.3591 sec elapsed
[23:46:37] [363]	test-rmse:8.95146421586131424
[23:46:37] INFO: /home/shiyu/NeurIPS-2022-camera-ready/Quantized-GBDT/xgboost/src/cli_main.cc:235: boosting round 364, 15.3995 sec elapsed
[23:46:37] [364]	test-rmse:8.95214800423712909
[23:46:37] INFO: /home/shiyu/NeurIPS-2022-camera-ready/Quantized-GBDT/xgboost/src/cli_main.cc:235: boosting round 365, 15.4395 sec elapsed
[23:46:37] [365]	test-rmse:8.95180355891840840
[23:46:37] INFO: /home/shiyu/NeurIPS-2022-camera-ready/Quantized-GBDT/xgboost/src/cli_main.cc:235: boosting round 366, 15.4797 sec elapsed
[23:46:37] [366]	test-rmse:8.95177980246328531
[23:46:37] INFO: /home/shiyu/NeurIPS-2022-camera-ready/Quantized-GBDT/xgboost/src/cli_main.cc:235: boosting round 367, 15.5194 sec elapsed
[23:46:37] [367]	test-rmse:8.95167073870064556
[23:46:37] INFO: /home/shiyu/NeurIPS-2022-camera-ready/Quantized-GBDT/xgboost/src/cli_main.cc:235: boosting round 368, 15.5598 sec elapsed
[23:46:37] [368]	test-rmse:8.95168459418905371
[23:46:37] INFO: /home/shiyu/NeurIPS-2022-camera-ready/Quantized-GBDT/xgboost/src/cli_main.cc:235: boosting round 369, 15.5985 sec elapsed
[23:46:37] [369]	test-rmse:8.95173820195744696
[23:46:37] INFO: /home/shiyu/NeurIPS-2022-camera-ready/Quantized-GBDT/xgboost/src/cli_main.cc:235: boosting round 370, 15.6395 sec elapsed
[23:46:37] [370]	test-rmse:8.95183502110935869
[23:46:37] INFO: /home/shiyu/NeurIPS-2022-camera-ready/Quantized-GBDT/xgboost/src/cli_main.cc:235: boosting round 371, 15.68 sec elapsed
[23:46:37] [371]	test-rmse:8.95208258701429749
[23:46:37] INFO: /home/shiyu/NeurIPS-2022-camera-ready/Quantized-GBDT/xgboost/src/cli_main.cc:235: boosting round 372, 15.7201 sec elapsed
[23:46:37] [372]	test-rmse:8.95228357334975833
[23:46:37] INFO: /home/shiyu/NeurIPS-2022-camera-ready/Quantized-GBDT/xgboost/src/cli_main.cc:235: boosting round 373, 15.76 sec elapsed
[23:46:37] [373]	test-rmse:8.95227368579140936
[23:46:37] INFO: /home/shiyu/NeurIPS-2022-camera-ready/Quantized-GBDT/xgboost/src/cli_main.cc:235: boosting round 374, 15.8002 sec elapsed
[23:46:37] [374]	test-rmse:8.95268826326421241
[23:46:37] INFO: /home/shiyu/NeurIPS-2022-camera-ready/Quantized-GBDT/xgboost/src/cli_main.cc:235: boosting round 375, 15.8402 sec elapsed
[23:46:37] [375]	test-rmse:8.95270235537220671
[23:46:37] INFO: /home/shiyu/NeurIPS-2022-camera-ready/Quantized-GBDT/xgboost/src/cli_main.cc:235: boosting round 376, 15.879 sec elapsed
[23:46:37] [376]	test-rmse:8.95260231671572804
[23:46:37] INFO: /home/shiyu/NeurIPS-2022-camera-ready/Quantized-GBDT/xgboost/src/cli_main.cc:235: boosting round 377, 15.9175 sec elapsed
[23:46:37] [377]	test-rmse:8.95163952344585745
[23:46:37] INFO: /home/shiyu/NeurIPS-2022-camera-ready/Quantized-GBDT/xgboost/src/cli_main.cc:235: boosting round 378, 15.9564 sec elapsed
[23:46:37] [378]	test-rmse:8.95208083149768896
[23:46:37] INFO: /home/shiyu/NeurIPS-2022-camera-ready/Quantized-GBDT/xgboost/src/cli_main.cc:235: boosting round 379, 15.9955 sec elapsed
[23:46:37] [379]	test-rmse:8.95219663720705050
[23:46:37] INFO: /home/shiyu/NeurIPS-2022-camera-ready/Quantized-GBDT/xgboost/src/cli_main.cc:235: boosting round 380, 16.0355 sec elapsed
[23:46:38] [380]	test-rmse:8.95185314560842649
[23:46:38] INFO: /home/shiyu/NeurIPS-2022-camera-ready/Quantized-GBDT/xgboost/src/cli_main.cc:235: boosting round 381, 16.0742 sec elapsed
[23:46:38] [381]	test-rmse:8.95193784571139517
[23:46:38] INFO: /home/shiyu/NeurIPS-2022-camera-ready/Quantized-GBDT/xgboost/src/cli_main.cc:235: boosting round 382, 16.1126 sec elapsed
[23:46:38] [382]	test-rmse:8.95226959112869913
[23:46:38] INFO: /home/shiyu/NeurIPS-2022-camera-ready/Quantized-GBDT/xgboost/src/cli_main.cc:235: boosting round 383, 16.1542 sec elapsed
[23:46:38] [383]	test-rmse:8.95241935974272351
[23:46:38] INFO: /home/shiyu/NeurIPS-2022-camera-ready/Quantized-GBDT/xgboost/src/cli_main.cc:235: boosting round 384, 16.1927 sec elapsed
[23:46:38] [384]	test-rmse:8.95279526679808235
[23:46:38] INFO: /home/shiyu/NeurIPS-2022-camera-ready/Quantized-GBDT/xgboost/src/cli_main.cc:235: boosting round 385, 16.2311 sec elapsed
[23:46:38] [385]	test-rmse:8.95324407343064443
[23:46:38] INFO: /home/shiyu/NeurIPS-2022-camera-ready/Quantized-GBDT/xgboost/src/cli_main.cc:235: boosting round 386, 16.2701 sec elapsed
[23:46:38] [386]	test-rmse:8.95320694401932471
[23:46:38] INFO: /home/shiyu/NeurIPS-2022-camera-ready/Quantized-GBDT/xgboost/src/cli_main.cc:235: boosting round 387, 16.3099 sec elapsed
[23:46:38] [387]	test-rmse:8.95309945465419155
[23:46:38] INFO: /home/shiyu/NeurIPS-2022-camera-ready/Quantized-GBDT/xgboost/src/cli_main.cc:235: boosting round 388, 16.3503 sec elapsed
[23:46:38] [388]	test-rmse:8.95331655413452587
[23:46:38] INFO: /home/shiyu/NeurIPS-2022-camera-ready/Quantized-GBDT/xgboost/src/cli_main.cc:235: boosting round 389, 16.3888 sec elapsed
[23:46:38] [389]	test-rmse:8.95325059622658692
[23:46:38] INFO: /home/shiyu/NeurIPS-2022-camera-ready/Quantized-GBDT/xgboost/src/cli_main.cc:235: boosting round 390, 16.4286 sec elapsed
[23:46:38] [390]	test-rmse:8.95337686591928694
[23:46:38] INFO: /home/shiyu/NeurIPS-2022-camera-ready/Quantized-GBDT/xgboost/src/cli_main.cc:235: boosting round 391, 16.4725 sec elapsed
[23:46:38] [391]	test-rmse:8.95367371752689500
[23:46:38] INFO: /home/shiyu/NeurIPS-2022-camera-ready/Quantized-GBDT/xgboost/src/cli_main.cc:235: boosting round 392, 16.5164 sec elapsed
[23:46:38] [392]	test-rmse:8.95385003566800464
[23:46:38] INFO: /home/shiyu/NeurIPS-2022-camera-ready/Quantized-GBDT/xgboost/src/cli_main.cc:235: boosting round 393, 16.5615 sec elapsed
[23:46:38] [393]	test-rmse:8.95408781037573398
[23:46:38] INFO: /home/shiyu/NeurIPS-2022-camera-ready/Quantized-GBDT/xgboost/src/cli_main.cc:235: boosting round 394, 16.5999 sec elapsed
[23:46:38] [394]	test-rmse:8.95403794129522090
[23:46:38] INFO: /home/shiyu/NeurIPS-2022-camera-ready/Quantized-GBDT/xgboost/src/cli_main.cc:235: boosting round 395, 16.6394 sec elapsed
[23:46:38] [395]	test-rmse:8.95374194822690050
[23:46:38] INFO: /home/shiyu/NeurIPS-2022-camera-ready/Quantized-GBDT/xgboost/src/cli_main.cc:235: boosting round 396, 16.6784 sec elapsed
[23:46:38] [396]	test-rmse:8.95391809788767290
[23:46:38] INFO: /home/shiyu/NeurIPS-2022-camera-ready/Quantized-GBDT/xgboost/src/cli_main.cc:235: boosting round 397, 16.7181 sec elapsed
[23:46:38] [397]	test-rmse:8.95392240359846525
[23:46:38] INFO: /home/shiyu/NeurIPS-2022-camera-ready/Quantized-GBDT/xgboost/src/cli_main.cc:235: boosting round 398, 16.768 sec elapsed
[23:46:38] [398]	test-rmse:8.95394218995499536
[23:46:38] INFO: /home/shiyu/NeurIPS-2022-camera-ready/Quantized-GBDT/xgboost/src/cli_main.cc:235: boosting round 399, 16.8063 sec elapsed
[23:46:38] [399]	test-rmse:8.95399780255648636
[23:46:38] INFO: /home/shiyu/NeurIPS-2022-camera-ready/Quantized-GBDT/xgboost/src/cli_main.cc:235: boosting round 400, 16.8451 sec elapsed
[23:46:38] [400]	test-rmse:8.95400794104987519
[23:46:38] INFO: /home/shiyu/NeurIPS-2022-camera-ready/Quantized-GBDT/xgboost/src/cli_main.cc:235: boosting round 401, 16.8853 sec elapsed
[23:46:38] [401]	test-rmse:8.95387068219807603
[23:46:38] INFO: /home/shiyu/NeurIPS-2022-camera-ready/Quantized-GBDT/xgboost/src/cli_main.cc:235: boosting round 402, 16.925 sec elapsed
[23:46:38] [402]	test-rmse:8.95391635282871512
[23:46:38] INFO: /home/shiyu/NeurIPS-2022-camera-ready/Quantized-GBDT/xgboost/src/cli_main.cc:235: boosting round 403, 16.9653 sec elapsed
[23:46:38] [403]	test-rmse:8.95385755557002661
[23:46:38] INFO: /home/shiyu/NeurIPS-2022-camera-ready/Quantized-GBDT/xgboost/src/cli_main.cc:235: boosting round 404, 17.0057 sec elapsed
[23:46:38] [404]	test-rmse:8.95402470448848575
[23:46:38] INFO: /home/shiyu/NeurIPS-2022-camera-ready/Quantized-GBDT/xgboost/src/cli_main.cc:235: boosting round 405, 17.0463 sec elapsed
[23:46:39] [405]	test-rmse:8.95425044457959274
[23:46:39] INFO: /home/shiyu/NeurIPS-2022-camera-ready/Quantized-GBDT/xgboost/src/cli_main.cc:235: boosting round 406, 17.0863 sec elapsed
[23:46:39] [406]	test-rmse:8.95421900720550745
[23:46:39] INFO: /home/shiyu/NeurIPS-2022-camera-ready/Quantized-GBDT/xgboost/src/cli_main.cc:235: boosting round 407, 17.1264 sec elapsed
[23:46:39] [407]	test-rmse:8.95425445503986772
[23:46:39] INFO: /home/shiyu/NeurIPS-2022-camera-ready/Quantized-GBDT/xgboost/src/cli_main.cc:235: boosting round 408, 17.166 sec elapsed
[23:46:39] [408]	test-rmse:8.95409954270483510
[23:46:39] INFO: /home/shiyu/NeurIPS-2022-camera-ready/Quantized-GBDT/xgboost/src/cli_main.cc:235: boosting round 409, 17.2063 sec elapsed
[23:46:39] [409]	test-rmse:8.95438896674089513
[23:46:39] INFO: /home/shiyu/NeurIPS-2022-camera-ready/Quantized-GBDT/xgboost/src/cli_main.cc:235: boosting round 410, 17.2443 sec elapsed
[23:46:39] [410]	test-rmse:8.95434708538942736
[23:46:39] INFO: /home/shiyu/NeurIPS-2022-camera-ready/Quantized-GBDT/xgboost/src/cli_main.cc:235: boosting round 411, 17.2829 sec elapsed
[23:46:39] [411]	test-rmse:8.95470490555101506
[23:46:39] INFO: /home/shiyu/NeurIPS-2022-camera-ready/Quantized-GBDT/xgboost/src/cli_main.cc:235: boosting round 412, 17.338 sec elapsed
[23:46:39] [412]	test-rmse:8.95466375423381500
[23:46:39] INFO: /home/shiyu/NeurIPS-2022-camera-ready/Quantized-GBDT/xgboost/src/cli_main.cc:235: boosting round 413, 17.3779 sec elapsed
[23:46:39] [413]	test-rmse:8.95472113830203575
[23:46:39] INFO: /home/shiyu/NeurIPS-2022-camera-ready/Quantized-GBDT/xgboost/src/cli_main.cc:235: boosting round 414, 17.4177 sec elapsed
[23:46:39] [414]	test-rmse:8.95494060641644651
[23:46:39] INFO: /home/shiyu/NeurIPS-2022-camera-ready/Quantized-GBDT/xgboost/src/cli_main.cc:235: boosting round 415, 17.4564 sec elapsed
[23:46:39] [415]	test-rmse:8.95485262114923408
[23:46:39] INFO: /home/shiyu/NeurIPS-2022-camera-ready/Quantized-GBDT/xgboost/src/cli_main.cc:235: boosting round 416, 17.4965 sec elapsed
[23:46:39] [416]	test-rmse:8.95465241453501370
[23:46:39] INFO: /home/shiyu/NeurIPS-2022-camera-ready/Quantized-GBDT/xgboost/src/cli_main.cc:235: boosting round 417, 17.5367 sec elapsed
[23:46:39] [417]	test-rmse:8.95450892916779040
[23:46:39] INFO: /home/shiyu/NeurIPS-2022-camera-ready/Quantized-GBDT/xgboost/src/cli_main.cc:235: boosting round 418, 17.5762 sec elapsed
[23:46:39] [418]	test-rmse:8.95456157086867499
[23:46:39] INFO: /home/shiyu/NeurIPS-2022-camera-ready/Quantized-GBDT/xgboost/src/cli_main.cc:235: boosting round 419, 17.616 sec elapsed
[23:46:39] [419]	test-rmse:8.95443458746678189
[23:46:39] INFO: /home/shiyu/NeurIPS-2022-camera-ready/Quantized-GBDT/xgboost/src/cli_main.cc:235: boosting round 420, 17.6571 sec elapsed
[23:46:39] [420]	test-rmse:8.95446106700127231
[23:46:39] INFO: /home/shiyu/NeurIPS-2022-camera-ready/Quantized-GBDT/xgboost/src/cli_main.cc:235: boosting round 421, 17.6956 sec elapsed
[23:46:39] [421]	test-rmse:8.95436826598671232
[23:46:39] INFO: /home/shiyu/NeurIPS-2022-camera-ready/Quantized-GBDT/xgboost/src/cli_main.cc:235: boosting round 422, 17.7342 sec elapsed
[23:46:39] [422]	test-rmse:8.95445148431756266
[23:46:39] INFO: /home/shiyu/NeurIPS-2022-camera-ready/Quantized-GBDT/xgboost/src/cli_main.cc:235: boosting round 423, 17.7747 sec elapsed
[23:46:39] [423]	test-rmse:8.95437759154565072
[23:46:39] INFO: /home/shiyu/NeurIPS-2022-camera-ready/Quantized-GBDT/xgboost/src/cli_main.cc:235: boosting round 424, 17.8153 sec elapsed
[23:46:39] [424]	test-rmse:8.95417053665499729
[23:46:39] INFO: /home/shiyu/NeurIPS-2022-camera-ready/Quantized-GBDT/xgboost/src/cli_main.cc:235: boosting round 425, 17.856 sec elapsed
[23:46:39] [425]	test-rmse:8.95404963432244827
[23:46:39] INFO: /home/shiyu/NeurIPS-2022-camera-ready/Quantized-GBDT/xgboost/src/cli_main.cc:235: boosting round 426, 17.8948 sec elapsed
[23:46:39] [426]	test-rmse:8.95376453720432330
[23:46:39] INFO: /home/shiyu/NeurIPS-2022-camera-ready/Quantized-GBDT/xgboost/src/cli_main.cc:235: boosting round 427, 17.9348 sec elapsed
[23:46:39] [427]	test-rmse:8.95343044712839919
[23:46:39] INFO: /home/shiyu/NeurIPS-2022-camera-ready/Quantized-GBDT/xgboost/src/cli_main.cc:235: boosting round 428, 17.976 sec elapsed
[23:46:39] [428]	test-rmse:8.95349022963063490
[23:46:39] INFO: /home/shiyu/NeurIPS-2022-camera-ready/Quantized-GBDT/xgboost/src/cli_main.cc:235: boosting round 429, 18.0146 sec elapsed
[23:46:39] [429]	test-rmse:8.95324431645527596
[23:46:39] INFO: /home/shiyu/NeurIPS-2022-camera-ready/Quantized-GBDT/xgboost/src/cli_main.cc:235: boosting round 430, 18.0529 sec elapsed
[23:46:40] [430]	test-rmse:8.95326526161304237
[23:46:40] INFO: /home/shiyu/NeurIPS-2022-camera-ready/Quantized-GBDT/xgboost/src/cli_main.cc:235: boosting round 431, 18.0916 sec elapsed
[23:46:40] [431]	test-rmse:8.95363420656106435
[23:46:40] INFO: /home/shiyu/NeurIPS-2022-camera-ready/Quantized-GBDT/xgboost/src/cli_main.cc:235: boosting round 432, 18.1315 sec elapsed
[23:46:40] [432]	test-rmse:8.95376888798713466
[23:46:40] INFO: /home/shiyu/NeurIPS-2022-camera-ready/Quantized-GBDT/xgboost/src/cli_main.cc:235: boosting round 433, 18.1702 sec elapsed
[23:46:40] [433]	test-rmse:8.95329886677151343
[23:46:40] INFO: /home/shiyu/NeurIPS-2022-camera-ready/Quantized-GBDT/xgboost/src/cli_main.cc:235: boosting round 434, 18.2099 sec elapsed
[23:46:40] [434]	test-rmse:8.95322540068944051
[23:46:40] INFO: /home/shiyu/NeurIPS-2022-camera-ready/Quantized-GBDT/xgboost/src/cli_main.cc:235: boosting round 435, 18.2495 sec elapsed
[23:46:40] [435]	test-rmse:8.95326994555934519
[23:46:40] INFO: /home/shiyu/NeurIPS-2022-camera-ready/Quantized-GBDT/xgboost/src/cli_main.cc:235: boosting round 436, 18.2889 sec elapsed
[23:46:40] [436]	test-rmse:8.95332138548277179
[23:46:40] INFO: /home/shiyu/NeurIPS-2022-camera-ready/Quantized-GBDT/xgboost/src/cli_main.cc:235: boosting round 437, 18.3271 sec elapsed
[23:46:40] [437]	test-rmse:8.95309004244228923
[23:46:40] INFO: /home/shiyu/NeurIPS-2022-camera-ready/Quantized-GBDT/xgboost/src/cli_main.cc:235: boosting round 438, 18.3655 sec elapsed
[23:46:40] [438]	test-rmse:8.95357234177470573
[23:46:40] INFO: /home/shiyu/NeurIPS-2022-camera-ready/Quantized-GBDT/xgboost/src/cli_main.cc:235: boosting round 439, 18.4038 sec elapsed
[23:46:40] [439]	test-rmse:8.95319599729897320
[23:46:40] INFO: /home/shiyu/NeurIPS-2022-camera-ready/Quantized-GBDT/xgboost/src/cli_main.cc:235: boosting round 440, 18.4443 sec elapsed
[23:46:40] [440]	test-rmse:8.95321083493956316
[23:46:40] INFO: /home/shiyu/NeurIPS-2022-camera-ready/Quantized-GBDT/xgboost/src/cli_main.cc:235: boosting round 441, 18.484 sec elapsed
[23:46:40] [441]	test-rmse:8.95317582927593847
[23:46:40] INFO: /home/shiyu/NeurIPS-2022-camera-ready/Quantized-GBDT/xgboost/src/cli_main.cc:235: boosting round 442, 18.5247 sec elapsed
[23:46:40] [442]	test-rmse:8.95287134712380173
[23:46:40] INFO: /home/shiyu/NeurIPS-2022-camera-ready/Quantized-GBDT/xgboost/src/cli_main.cc:235: boosting round 443, 18.5628 sec elapsed
[23:46:40] [443]	test-rmse:8.95272011234510678
[23:46:40] INFO: /home/shiyu/NeurIPS-2022-camera-ready/Quantized-GBDT/xgboost/src/cli_main.cc:235: boosting round 444, 18.6021 sec elapsed
[23:46:40] [444]	test-rmse:8.95351814448051186
[23:46:40] INFO: /home/shiyu/NeurIPS-2022-camera-ready/Quantized-GBDT/xgboost/src/cli_main.cc:235: boosting round 445, 18.6465 sec elapsed
[23:46:40] [445]	test-rmse:8.95351184816492740
[23:46:40] INFO: /home/shiyu/NeurIPS-2022-camera-ready/Quantized-GBDT/xgboost/src/cli_main.cc:235: boosting round 446, 18.6876 sec elapsed
[23:46:40] [446]	test-rmse:8.95362977057020082
[23:46:40] INFO: /home/shiyu/NeurIPS-2022-camera-ready/Quantized-GBDT/xgboost/src/cli_main.cc:235: boosting round 447, 18.727 sec elapsed
[23:46:40] [447]	test-rmse:8.95362640650782993
[23:46:40] INFO: /home/shiyu/NeurIPS-2022-camera-ready/Quantized-GBDT/xgboost/src/cli_main.cc:235: boosting round 448, 18.7667 sec elapsed
[23:46:40] [448]	test-rmse:8.95381999671965367
[23:46:40] INFO: /home/shiyu/NeurIPS-2022-camera-ready/Quantized-GBDT/xgboost/src/cli_main.cc:235: boosting round 449, 18.8056 sec elapsed
[23:46:40] [449]	test-rmse:8.95369644385979591
[23:46:40] INFO: /home/shiyu/NeurIPS-2022-camera-ready/Quantized-GBDT/xgboost/src/cli_main.cc:235: boosting round 450, 18.8444 sec elapsed
[23:46:40] [450]	test-rmse:8.95381930178606567
[23:46:40] INFO: /home/shiyu/NeurIPS-2022-camera-ready/Quantized-GBDT/xgboost/src/cli_main.cc:235: boosting round 451, 18.8925 sec elapsed
[23:46:40] [451]	test-rmse:8.95394392949062379
[23:46:40] INFO: /home/shiyu/NeurIPS-2022-camera-ready/Quantized-GBDT/xgboost/src/cli_main.cc:235: boosting round 452, 18.9306 sec elapsed
[23:46:40] [452]	test-rmse:8.95426173848878726
[23:46:40] INFO: /home/shiyu/NeurIPS-2022-camera-ready/Quantized-GBDT/xgboost/src/cli_main.cc:235: boosting round 453, 18.9692 sec elapsed
[23:46:40] [453]	test-rmse:8.95405274627892389
[23:46:40] INFO: /home/shiyu/NeurIPS-2022-camera-ready/Quantized-GBDT/xgboost/src/cli_main.cc:235: boosting round 454, 19.0096 sec elapsed
[23:46:40] [454]	test-rmse:8.95411632314319128
[23:46:40] INFO: /home/shiyu/NeurIPS-2022-camera-ready/Quantized-GBDT/xgboost/src/cli_main.cc:235: boosting round 455, 19.0484 sec elapsed
[23:46:41] [455]	test-rmse:8.95386775645420485
[23:46:41] INFO: /home/shiyu/NeurIPS-2022-camera-ready/Quantized-GBDT/xgboost/src/cli_main.cc:235: boosting round 456, 19.0895 sec elapsed
[23:46:41] [456]	test-rmse:8.95425032858831038
[23:46:41] INFO: /home/shiyu/NeurIPS-2022-camera-ready/Quantized-GBDT/xgboost/src/cli_main.cc:235: boosting round 457, 19.132 sec elapsed
[23:46:41] [457]	test-rmse:8.95419737103406632
[23:46:41] INFO: /home/shiyu/NeurIPS-2022-camera-ready/Quantized-GBDT/xgboost/src/cli_main.cc:235: boosting round 458, 19.1715 sec elapsed
[23:46:41] [458]	test-rmse:8.95421654303672021
[23:46:41] INFO: /home/shiyu/NeurIPS-2022-camera-ready/Quantized-GBDT/xgboost/src/cli_main.cc:235: boosting round 459, 19.2103 sec elapsed
[23:46:41] [459]	test-rmse:8.95419918323608321
[23:46:41] INFO: /home/shiyu/NeurIPS-2022-camera-ready/Quantized-GBDT/xgboost/src/cli_main.cc:235: boosting round 460, 19.2495 sec elapsed
[23:46:41] [460]	test-rmse:8.95431779006004724
[23:46:41] INFO: /home/shiyu/NeurIPS-2022-camera-ready/Quantized-GBDT/xgboost/src/cli_main.cc:235: boosting round 461, 19.2898 sec elapsed
[23:46:41] [461]	test-rmse:8.95405546112412054
[23:46:41] INFO: /home/shiyu/NeurIPS-2022-camera-ready/Quantized-GBDT/xgboost/src/cli_main.cc:235: boosting round 462, 19.3297 sec elapsed
[23:46:41] [462]	test-rmse:8.95413565274338374
[23:46:41] INFO: /home/shiyu/NeurIPS-2022-camera-ready/Quantized-GBDT/xgboost/src/cli_main.cc:235: boosting round 463, 19.3696 sec elapsed
[23:46:41] [463]	test-rmse:8.95466221623882674
[23:46:41] INFO: /home/shiyu/NeurIPS-2022-camera-ready/Quantized-GBDT/xgboost/src/cli_main.cc:235: boosting round 464, 19.4102 sec elapsed
[23:46:41] [464]	test-rmse:8.95463988496543095
[23:46:41] INFO: /home/shiyu/NeurIPS-2022-camera-ready/Quantized-GBDT/xgboost/src/cli_main.cc:235: boosting round 465, 19.4484 sec elapsed
[23:46:41] [465]	test-rmse:8.95514851491730823
[23:46:41] INFO: /home/shiyu/NeurIPS-2022-camera-ready/Quantized-GBDT/xgboost/src/cli_main.cc:235: boosting round 466, 19.4879 sec elapsed
[23:46:41] [466]	test-rmse:8.95547025835781163
[23:46:41] INFO: /home/shiyu/NeurIPS-2022-camera-ready/Quantized-GBDT/xgboost/src/cli_main.cc:235: boosting round 467, 19.5281 sec elapsed
[23:46:41] [467]	test-rmse:8.95572233734419321
[23:46:41] INFO: /home/shiyu/NeurIPS-2022-camera-ready/Quantized-GBDT/xgboost/src/cli_main.cc:235: boosting round 468, 19.5686 sec elapsed
[23:46:41] [468]	test-rmse:8.95582748351494828
[23:46:41] INFO: /home/shiyu/NeurIPS-2022-camera-ready/Quantized-GBDT/xgboost/src/cli_main.cc:235: boosting round 469, 19.6084 sec elapsed
[23:46:41] [469]	test-rmse:8.95587620054472744
[23:46:41] INFO: /home/shiyu/NeurIPS-2022-camera-ready/Quantized-GBDT/xgboost/src/cli_main.cc:235: boosting round 470, 19.6484 sec elapsed
[23:46:41] [470]	test-rmse:8.95646935503405039
[23:46:41] INFO: /home/shiyu/NeurIPS-2022-camera-ready/Quantized-GBDT/xgboost/src/cli_main.cc:235: boosting round 471, 19.6883 sec elapsed
[23:46:41] [471]	test-rmse:8.95627861161359817
[23:46:41] INFO: /home/shiyu/NeurIPS-2022-camera-ready/Quantized-GBDT/xgboost/src/cli_main.cc:235: boosting round 472, 19.7309 sec elapsed
[23:46:41] [472]	test-rmse:8.95629617444856940
[23:46:41] INFO: /home/shiyu/NeurIPS-2022-camera-ready/Quantized-GBDT/xgboost/src/cli_main.cc:235: boosting round 473, 19.7697 sec elapsed
[23:46:41] [473]	test-rmse:8.95660363361679934
[23:46:41] INFO: /home/shiyu/NeurIPS-2022-camera-ready/Quantized-GBDT/xgboost/src/cli_main.cc:235: boosting round 474, 19.8085 sec elapsed
[23:46:41] [474]	test-rmse:8.95629939624697435
[23:46:41] INFO: /home/shiyu/NeurIPS-2022-camera-ready/Quantized-GBDT/xgboost/src/cli_main.cc:235: boosting round 475, 19.8486 sec elapsed
[23:46:41] [475]	test-rmse:8.95608442289898576
[23:46:41] INFO: /home/shiyu/NeurIPS-2022-camera-ready/Quantized-GBDT/xgboost/src/cli_main.cc:235: boosting round 476, 19.8889 sec elapsed
[23:46:41] [476]	test-rmse:8.95579712194275324
[23:46:41] INFO: /home/shiyu/NeurIPS-2022-camera-ready/Quantized-GBDT/xgboost/src/cli_main.cc:235: boosting round 477, 19.9291 sec elapsed
[23:46:41] [477]	test-rmse:8.95588384624616474
[23:46:41] INFO: /home/shiyu/NeurIPS-2022-camera-ready/Quantized-GBDT/xgboost/src/cli_main.cc:235: boosting round 478, 19.9702 sec elapsed
[23:46:41] [478]	test-rmse:8.95664908028150286
[23:46:41] INFO: /home/shiyu/NeurIPS-2022-camera-ready/Quantized-GBDT/xgboost/src/cli_main.cc:235: boosting round 479, 20.0095 sec elapsed
[23:46:41] [479]	test-rmse:8.95645587753615224
[23:46:41] INFO: /home/shiyu/NeurIPS-2022-camera-ready/Quantized-GBDT/xgboost/src/cli_main.cc:235: boosting round 480, 20.0491 sec elapsed
[23:46:42] [480]	test-rmse:8.95700329716948218
[23:46:42] INFO: /home/shiyu/NeurIPS-2022-camera-ready/Quantized-GBDT/xgboost/src/cli_main.cc:235: boosting round 481, 20.0871 sec elapsed
[23:46:42] [481]	test-rmse:8.95714251426678665
[23:46:42] INFO: /home/shiyu/NeurIPS-2022-camera-ready/Quantized-GBDT/xgboost/src/cli_main.cc:235: boosting round 482, 20.1254 sec elapsed
[23:46:42] [482]	test-rmse:8.95664378789764726
[23:46:42] INFO: /home/shiyu/NeurIPS-2022-camera-ready/Quantized-GBDT/xgboost/src/cli_main.cc:235: boosting round 483, 20.1643 sec elapsed
[23:46:42] [483]	test-rmse:8.95649165454173612
[23:46:42] INFO: /home/shiyu/NeurIPS-2022-camera-ready/Quantized-GBDT/xgboost/src/cli_main.cc:235: boosting round 484, 20.2037 sec elapsed
[23:46:42] [484]	test-rmse:8.95674401314687429
[23:46:42] INFO: /home/shiyu/NeurIPS-2022-camera-ready/Quantized-GBDT/xgboost/src/cli_main.cc:235: boosting round 485, 20.2419 sec elapsed
[23:46:42] [485]	test-rmse:8.95687984254801428
[23:46:42] INFO: /home/shiyu/NeurIPS-2022-camera-ready/Quantized-GBDT/xgboost/src/cli_main.cc:235: boosting round 486, 20.2803 sec elapsed
[23:46:42] [486]	test-rmse:8.95722538341726171
[23:46:42] INFO: /home/shiyu/NeurIPS-2022-camera-ready/Quantized-GBDT/xgboost/src/cli_main.cc:235: boosting round 487, 20.3187 sec elapsed
[23:46:42] [487]	test-rmse:8.95733674103172461
[23:46:42] INFO: /home/shiyu/NeurIPS-2022-camera-ready/Quantized-GBDT/xgboost/src/cli_main.cc:235: boosting round 488, 20.3568 sec elapsed
[23:46:42] [488]	test-rmse:8.95734544893361218
[23:46:42] INFO: /home/shiyu/NeurIPS-2022-camera-ready/Quantized-GBDT/xgboost/src/cli_main.cc:235: boosting round 489, 20.3955 sec elapsed
[23:46:42] [489]	test-rmse:8.95708664544594235
[23:46:42] INFO: /home/shiyu/NeurIPS-2022-camera-ready/Quantized-GBDT/xgboost/src/cli_main.cc:235: boosting round 490, 20.4342 sec elapsed
[23:46:42] [490]	test-rmse:8.95750604848634957
[23:46:42] INFO: /home/shiyu/NeurIPS-2022-camera-ready/Quantized-GBDT/xgboost/src/cli_main.cc:235: boosting round 491, 20.4726 sec elapsed
[23:46:42] [491]	test-rmse:8.95748641312664873
[23:46:42] INFO: /home/shiyu/NeurIPS-2022-camera-ready/Quantized-GBDT/xgboost/src/cli_main.cc:235: boosting round 492, 20.5112 sec elapsed
[23:46:42] [492]	test-rmse:8.95720171210714788
[23:46:42] INFO: /home/shiyu/NeurIPS-2022-camera-ready/Quantized-GBDT/xgboost/src/cli_main.cc:235: boosting round 493, 20.5503 sec elapsed
[23:46:42] [493]	test-rmse:8.95742665042389241
[23:46:42] INFO: /home/shiyu/NeurIPS-2022-camera-ready/Quantized-GBDT/xgboost/src/cli_main.cc:235: boosting round 494, 20.5902 sec elapsed
[23:46:42] [494]	test-rmse:8.95729004416149976
[23:46:42] INFO: /home/shiyu/NeurIPS-2022-camera-ready/Quantized-GBDT/xgboost/src/cli_main.cc:235: boosting round 495, 20.6304 sec elapsed
[23:46:42] [495]	test-rmse:8.95673632647741336
[23:46:42] INFO: /home/shiyu/NeurIPS-2022-camera-ready/Quantized-GBDT/xgboost/src/cli_main.cc:235: boosting round 496, 20.6688 sec elapsed
[23:46:42] [496]	test-rmse:8.95693361697091639
[23:46:42] INFO: /home/shiyu/NeurIPS-2022-camera-ready/Quantized-GBDT/xgboost/src/cli_main.cc:235: boosting round 497, 20.708 sec elapsed
[23:46:42] [497]	test-rmse:8.95749684590427186
[23:46:42] INFO: /home/shiyu/NeurIPS-2022-camera-ready/Quantized-GBDT/xgboost/src/cli_main.cc:235: boosting round 498, 20.7471 sec elapsed
[23:46:42] [498]	test-rmse:8.95715876515227194
[23:46:42] INFO: /home/shiyu/NeurIPS-2022-camera-ready/Quantized-GBDT/xgboost/src/cli_main.cc:235: boosting round 499, 20.7864 sec elapsed
[23:46:42] [499]	test-rmse:8.95733834775678694
[23:46:42] INFO: /home/shiyu/NeurIPS-2022-camera-ready/Quantized-GBDT/xgboost/src/cli_main.cc:258: Complete Training loop time: 20.8249 sec
[23:46:42] INFO: /home/shiyu/NeurIPS-2022-camera-ready/Quantized-GBDT/xgboost/src/cli_main.cc:275: update end, 20.8437 sec in all
