[LightGBM] [Warning] discretized_grad_renew is set=false, discretized_grad_renew=true will be ignored. Current value: discretized_grad_renew=false
[LightGBM] [Warning] use_discretized_grad is set=false, use_discretized_grad=true will be ignored. Current value: use_discretized_grad=false
[LightGBM] [Warning] Unknown parameter: per_bin_div
[LightGBM] [Warning] Unknown parameter: use_compressed_histogram_distributed
[LightGBM] [Warning] Unknown parameter: stochastic_rounding
[LightGBM] [Warning] Unknown parameter: use_discretized_grad
[LightGBM] [Warning] Unknown parameter: discretized_grad_renew
[LightGBM] [Info] Finished loading parameters
[LightGBM] [Debug] Loading train file...
[LightGBM] [Debug] Read 10.0 GBs from /data/shiyu/boosting_tree_benchmarks/data//criteo.train.
[LightGBM] [Debug] Read 20.0 GBs from /data/shiyu/boosting_tree_benchmarks/data//criteo.train.
[LightGBM] [Debug] Read 30.0 GBs from /data/shiyu/boosting_tree_benchmarks/data//criteo.train.
[LightGBM] [Info] Construct bin mappers from text data time 3.75 seconds
[LightGBM] [Debug] Loading validation file #1...
[LightGBM] [Info] Finished loading data in 112.488727 seconds
[LightGBM] [Info] Number of positive: 10556897, number of negative: 30699658
[LightGBM] [Debug] Dataset::GetMultiBinFromAllFeatures: sparse rate 0.061951
[LightGBM] [Info] Total Bins 11420
[LightGBM] [Info] Number of data points in the train set: 41256555, number of used features: 65
[LightGBM] [Debug] Number of data points in validation set #1: 4584061
[LightGBM] [Info] Finished initializing training
[LightGBM] [Info] Started training...
[LightGBM] [Info] [binary:BoostFromScore]: pavg=0.255884 -> initscore=-1.067472
[LightGBM] [Info] Start training from score -1.067472
[LightGBM] [Debug] Trained a tree with leaves = 255 and depth = 13
[LightGBM] [Info] Iteration:1, valid_1 auc : 0.758358
[LightGBM] [Info] 4.663029 seconds elapsed, finished iteration 1
[LightGBM] [Debug] Trained a tree with leaves = 255 and depth = 12
[LightGBM] [Info] Iteration:2, valid_1 auc : 0.763483
[LightGBM] [Info] 10.679016 seconds elapsed, finished iteration 2
[LightGBM] [Debug] Trained a tree with leaves = 255 and depth = 13
[LightGBM] [Info] Iteration:3, valid_1 auc : 0.765246
[LightGBM] [Info] 15.307413 seconds elapsed, finished iteration 3
[LightGBM] [Debug] Trained a tree with leaves = 255 and depth = 13
[LightGBM] [Info] Iteration:4, valid_1 auc : 0.766619
[LightGBM] [Info] 19.952860 seconds elapsed, finished iteration 4
[LightGBM] [Debug] Trained a tree with leaves = 255 and depth = 14
[LightGBM] [Info] Iteration:5, valid_1 auc : 0.767969
[LightGBM] [Info] 24.794719 seconds elapsed, finished iteration 5
[LightGBM] [Debug] Trained a tree with leaves = 255 and depth = 13
[LightGBM] [Info] Iteration:6, valid_1 auc : 0.769119
[LightGBM] [Info] 29.703696 seconds elapsed, finished iteration 6
[LightGBM] [Debug] Trained a tree with leaves = 255 and depth = 14
[LightGBM] [Info] Iteration:7, valid_1 auc : 0.77
[LightGBM] [Info] 34.414405 seconds elapsed, finished iteration 7
[LightGBM] [Debug] Trained a tree with leaves = 255 and depth = 13
[LightGBM] [Info] Iteration:8, valid_1 auc : 0.770967
[LightGBM] [Info] 39.107731 seconds elapsed, finished iteration 8
[LightGBM] [Debug] Trained a tree with leaves = 255 and depth = 14
[LightGBM] [Info] Iteration:9, valid_1 auc : 0.771669
[LightGBM] [Info] 44.297545 seconds elapsed, finished iteration 9
[LightGBM] [Debug] Trained a tree with leaves = 255 and depth = 14
[LightGBM] [Info] Iteration:10, valid_1 auc : 0.772336
[LightGBM] [Info] 48.514405 seconds elapsed, finished iteration 10
[LightGBM] [Debug] Trained a tree with leaves = 255 and depth = 13
[LightGBM] [Info] Iteration:11, valid_1 auc : 0.773122
[LightGBM] [Info] 53.432126 seconds elapsed, finished iteration 11
[LightGBM] [Debug] Trained a tree with leaves = 255 and depth = 13
[LightGBM] [Info] Iteration:12, valid_1 auc : 0.773737
[LightGBM] [Info] 58.321106 seconds elapsed, finished iteration 12
[LightGBM] [Debug] Trained a tree with leaves = 255 and depth = 15
[LightGBM] [Info] Iteration:13, valid_1 auc : 0.774295
[LightGBM] [Info] 62.513331 seconds elapsed, finished iteration 13
[LightGBM] [Debug] Trained a tree with leaves = 255 and depth = 16
[LightGBM] [Info] Iteration:14, valid_1 auc : 0.774967
[LightGBM] [Info] 66.369684 seconds elapsed, finished iteration 14
[LightGBM] [Debug] Trained a tree with leaves = 255 and depth = 15
[LightGBM] [Info] Iteration:15, valid_1 auc : 0.775527
[LightGBM] [Info] 70.326861 seconds elapsed, finished iteration 15
[LightGBM] [Debug] Trained a tree with leaves = 255 and depth = 16
[LightGBM] [Info] Iteration:16, valid_1 auc : 0.776131
[LightGBM] [Info] 74.507566 seconds elapsed, finished iteration 16
[LightGBM] [Debug] Trained a tree with leaves = 255 and depth = 15
[LightGBM] [Info] Iteration:17, valid_1 auc : 0.776652
[LightGBM] [Info] 78.746125 seconds elapsed, finished iteration 17
[LightGBM] [Debug] Trained a tree with leaves = 255 and depth = 19
[LightGBM] [Info] Iteration:18, valid_1 auc : 0.777082
[LightGBM] [Info] 82.616172 seconds elapsed, finished iteration 18
[LightGBM] [Debug] Trained a tree with leaves = 255 and depth = 16
[LightGBM] [Info] Iteration:19, valid_1 auc : 0.777641
[LightGBM] [Info] 87.866870 seconds elapsed, finished iteration 19
[LightGBM] [Debug] Trained a tree with leaves = 255 and depth = 15
[LightGBM] [Info] Iteration:20, valid_1 auc : 0.778222
[LightGBM] [Info] 92.574090 seconds elapsed, finished iteration 20
[LightGBM] [Debug] Trained a tree with leaves = 255 and depth = 13
[LightGBM] [Info] Iteration:21, valid_1 auc : 0.778718
[LightGBM] [Info] 97.827739 seconds elapsed, finished iteration 21
[LightGBM] [Debug] Trained a tree with leaves = 255 and depth = 18
[LightGBM] [Info] Iteration:22, valid_1 auc : 0.779173
[LightGBM] [Info] 101.965480 seconds elapsed, finished iteration 22
[LightGBM] [Debug] Trained a tree with leaves = 255 and depth = 16
[LightGBM] [Info] Iteration:23, valid_1 auc : 0.779636
[LightGBM] [Info] 106.691731 seconds elapsed, finished iteration 23
[LightGBM] [Debug] Trained a tree with leaves = 255 and depth = 15
[LightGBM] [Info] Iteration:24, valid_1 auc : 0.780113
[LightGBM] [Info] 110.931831 seconds elapsed, finished iteration 24
[LightGBM] [Debug] Trained a tree with leaves = 255 and depth = 17
[LightGBM] [Info] Iteration:25, valid_1 auc : 0.78055
[LightGBM] [Info] 114.977661 seconds elapsed, finished iteration 25
[LightGBM] [Debug] Trained a tree with leaves = 255 and depth = 17
[LightGBM] [Info] Iteration:26, valid_1 auc : 0.780957
[LightGBM] [Info] 120.063615 seconds elapsed, finished iteration 26
[LightGBM] [Debug] Trained a tree with leaves = 255 and depth = 16
[LightGBM] [Info] Iteration:27, valid_1 auc : 0.781396
[LightGBM] [Info] 124.746660 seconds elapsed, finished iteration 27
[LightGBM] [Debug] Trained a tree with leaves = 255 and depth = 23
[LightGBM] [Info] Iteration:28, valid_1 auc : 0.781839
[LightGBM] [Info] 128.969613 seconds elapsed, finished iteration 28
[LightGBM] [Debug] Trained a tree with leaves = 255 and depth = 16
[LightGBM] [Info] Iteration:29, valid_1 auc : 0.782299
[LightGBM] [Info] 133.406206 seconds elapsed, finished iteration 29
[LightGBM] [Debug] Trained a tree with leaves = 255 and depth = 19
[LightGBM] [Info] Iteration:30, valid_1 auc : 0.782746
[LightGBM] [Info] 137.820651 seconds elapsed, finished iteration 30
[LightGBM] [Debug] Trained a tree with leaves = 255 and depth = 16
[LightGBM] [Info] Iteration:31, valid_1 auc : 0.78314
[LightGBM] [Info] 142.730780 seconds elapsed, finished iteration 31
[LightGBM] [Debug] Trained a tree with leaves = 255 and depth = 16
[LightGBM] [Info] Iteration:32, valid_1 auc : 0.783543
[LightGBM] [Info] 146.981603 seconds elapsed, finished iteration 32
[LightGBM] [Debug] Trained a tree with leaves = 255 and depth = 17
[LightGBM] [Info] Iteration:33, valid_1 auc : 0.783838
[LightGBM] [Info] 151.543779 seconds elapsed, finished iteration 33
[LightGBM] [Debug] Trained a tree with leaves = 255 and depth = 20
[LightGBM] [Info] Iteration:34, valid_1 auc : 0.78425
[LightGBM] [Info] 155.534027 seconds elapsed, finished iteration 34
[LightGBM] [Debug] Trained a tree with leaves = 255 and depth = 20
[LightGBM] [Info] Iteration:35, valid_1 auc : 0.784536
[LightGBM] [Info] 160.192441 seconds elapsed, finished iteration 35
[LightGBM] [Debug] Trained a tree with leaves = 255 and depth = 22
[LightGBM] [Info] Iteration:36, valid_1 auc : 0.784899
[LightGBM] [Info] 164.098691 seconds elapsed, finished iteration 36
[LightGBM] [Debug] Trained a tree with leaves = 255 and depth = 20
[LightGBM] [Info] Iteration:37, valid_1 auc : 0.785158
[LightGBM] [Info] 168.557729 seconds elapsed, finished iteration 37
[LightGBM] [Debug] Trained a tree with leaves = 255 and depth = 22
[LightGBM] [Info] Iteration:38, valid_1 auc : 0.785398
[LightGBM] [Info] 173.258074 seconds elapsed, finished iteration 38
[LightGBM] [Debug] Trained a tree with leaves = 255 and depth = 29
[LightGBM] [Info] Iteration:39, valid_1 auc : 0.78571
[LightGBM] [Info] 177.845015 seconds elapsed, finished iteration 39
[LightGBM] [Debug] Trained a tree with leaves = 255 and depth = 20
[LightGBM] [Info] Iteration:40, valid_1 auc : 0.786025
[LightGBM] [Info] 181.887592 seconds elapsed, finished iteration 40
[LightGBM] [Debug] Trained a tree with leaves = 255 and depth = 19
[LightGBM] [Info] Iteration:41, valid_1 auc : 0.786287
[LightGBM] [Info] 186.273969 seconds elapsed, finished iteration 41
[LightGBM] [Debug] Trained a tree with leaves = 255 and depth = 21
[LightGBM] [Info] Iteration:42, valid_1 auc : 0.78657
[LightGBM] [Info] 190.572333 seconds elapsed, finished iteration 42
[LightGBM] [Debug] Trained a tree with leaves = 255 and depth = 19
[LightGBM] [Info] Iteration:43, valid_1 auc : 0.786793
[LightGBM] [Info] 195.202467 seconds elapsed, finished iteration 43
[LightGBM] [Debug] Trained a tree with leaves = 255 and depth = 22
[LightGBM] [Info] Iteration:44, valid_1 auc : 0.787154
[LightGBM] [Info] 199.839129 seconds elapsed, finished iteration 44
[LightGBM] [Debug] Trained a tree with leaves = 255 and depth = 21
[LightGBM] [Info] Iteration:45, valid_1 auc : 0.787372
[LightGBM] [Info] 204.202294 seconds elapsed, finished iteration 45
[LightGBM] [Debug] Trained a tree with leaves = 255 and depth = 15
[LightGBM] [Info] Iteration:46, valid_1 auc : 0.787674
[LightGBM] [Info] 208.858465 seconds elapsed, finished iteration 46
[LightGBM] [Debug] Trained a tree with leaves = 255 and depth = 19
[LightGBM] [Info] Iteration:47, valid_1 auc : 0.787882
[LightGBM] [Info] 212.757886 seconds elapsed, finished iteration 47
[LightGBM] [Debug] Trained a tree with leaves = 255 and depth = 20
[LightGBM] [Info] Iteration:48, valid_1 auc : 0.788061
[LightGBM] [Info] 216.872888 seconds elapsed, finished iteration 48
[LightGBM] [Debug] Trained a tree with leaves = 255 and depth = 21
[LightGBM] [Info] Iteration:49, valid_1 auc : 0.788272
[LightGBM] [Info] 221.139430 seconds elapsed, finished iteration 49
[LightGBM] [Debug] Trained a tree with leaves = 255 and depth = 18
[LightGBM] [Info] Iteration:50, valid_1 auc : 0.788484
[LightGBM] [Info] 226.291796 seconds elapsed, finished iteration 50
[LightGBM] [Debug] Trained a tree with leaves = 255 and depth = 19
[LightGBM] [Info] Iteration:51, valid_1 auc : 0.788646
[LightGBM] [Info] 231.201847 seconds elapsed, finished iteration 51
[LightGBM] [Debug] Trained a tree with leaves = 255 and depth = 21
[LightGBM] [Info] Iteration:52, valid_1 auc : 0.788905
[LightGBM] [Info] 235.651429 seconds elapsed, finished iteration 52
[LightGBM] [Debug] Trained a tree with leaves = 255 and depth = 20
[LightGBM] [Info] Iteration:53, valid_1 auc : 0.789122
[LightGBM] [Info] 240.349686 seconds elapsed, finished iteration 53
[LightGBM] [Debug] Trained a tree with leaves = 255 and depth = 20
[LightGBM] [Info] Iteration:54, valid_1 auc : 0.7893
[LightGBM] [Info] 245.074226 seconds elapsed, finished iteration 54
[LightGBM] [Debug] Trained a tree with leaves = 255 and depth = 22
[LightGBM] [Info] Iteration:55, valid_1 auc : 0.78951
[LightGBM] [Info] 249.919786 seconds elapsed, finished iteration 55
[LightGBM] [Debug] Trained a tree with leaves = 255 and depth = 19
[LightGBM] [Info] Iteration:56, valid_1 auc : 0.789706
[LightGBM] [Info] 254.328214 seconds elapsed, finished iteration 56
[LightGBM] [Debug] Trained a tree with leaves = 255 and depth = 19
[LightGBM] [Info] Iteration:57, valid_1 auc : 0.789864
[LightGBM] [Info] 259.065617 seconds elapsed, finished iteration 57
[LightGBM] [Debug] Trained a tree with leaves = 255 and depth = 23
[LightGBM] [Info] Iteration:58, valid_1 auc : 0.790013
[LightGBM] [Info] 263.283833 seconds elapsed, finished iteration 58
[LightGBM] [Debug] Trained a tree with leaves = 255 and depth = 19
[LightGBM] [Info] Iteration:59, valid_1 auc : 0.790203
[LightGBM] [Info] 267.828626 seconds elapsed, finished iteration 59
[LightGBM] [Debug] Trained a tree with leaves = 255 and depth = 20
[LightGBM] [Info] Iteration:60, valid_1 auc : 0.790367
[LightGBM] [Info] 271.865980 seconds elapsed, finished iteration 60
[LightGBM] [Debug] Trained a tree with leaves = 255 and depth = 20
[LightGBM] [Info] Iteration:61, valid_1 auc : 0.7906
[LightGBM] [Info] 276.566588 seconds elapsed, finished iteration 61
[LightGBM] [Debug] Trained a tree with leaves = 255 and depth = 24
[LightGBM] [Info] Iteration:62, valid_1 auc : 0.790832
[LightGBM] [Info] 280.976161 seconds elapsed, finished iteration 62
[LightGBM] [Debug] Trained a tree with leaves = 255 and depth = 26
[LightGBM] [Info] Iteration:63, valid_1 auc : 0.790985
[LightGBM] [Info] 285.644274 seconds elapsed, finished iteration 63
[LightGBM] [Debug] Trained a tree with leaves = 255 and depth = 18
[LightGBM] [Info] Iteration:64, valid_1 auc : 0.791111
[LightGBM] [Info] 290.214960 seconds elapsed, finished iteration 64
[LightGBM] [Debug] Trained a tree with leaves = 255 and depth = 21
[LightGBM] [Info] Iteration:65, valid_1 auc : 0.791237
[LightGBM] [Info] 294.681736 seconds elapsed, finished iteration 65
[LightGBM] [Debug] Trained a tree with leaves = 255 and depth = 20
[LightGBM] [Info] Iteration:66, valid_1 auc : 0.791415
[LightGBM] [Info] 299.134074 seconds elapsed, finished iteration 66
[LightGBM] [Debug] Trained a tree with leaves = 255 and depth = 17
[LightGBM] [Info] Iteration:67, valid_1 auc : 0.79154
[LightGBM] [Info] 303.849652 seconds elapsed, finished iteration 67
[LightGBM] [Debug] Trained a tree with leaves = 255 and depth = 21
[LightGBM] [Info] Iteration:68, valid_1 auc : 0.791652
[LightGBM] [Info] 308.078174 seconds elapsed, finished iteration 68
[LightGBM] [Debug] Trained a tree with leaves = 255 and depth = 25
[LightGBM] [Info] Iteration:69, valid_1 auc : 0.791844
[LightGBM] [Info] 312.308688 seconds elapsed, finished iteration 69
[LightGBM] [Debug] Trained a tree with leaves = 255 and depth = 21
[LightGBM] [Info] Iteration:70, valid_1 auc : 0.79197
[LightGBM] [Info] 316.747074 seconds elapsed, finished iteration 70
[LightGBM] [Debug] Trained a tree with leaves = 255 and depth = 18
[LightGBM] [Info] Iteration:71, valid_1 auc : 0.792099
[LightGBM] [Info] 321.334378 seconds elapsed, finished iteration 71
[LightGBM] [Debug] Trained a tree with leaves = 255 and depth = 19
[LightGBM] [Info] Iteration:72, valid_1 auc : 0.792221
[LightGBM] [Info] 326.049724 seconds elapsed, finished iteration 72
[LightGBM] [Debug] Trained a tree with leaves = 255 and depth = 22
[LightGBM] [Info] Iteration:73, valid_1 auc : 0.792344
[LightGBM] [Info] 330.575311 seconds elapsed, finished iteration 73
[LightGBM] [Debug] Trained a tree with leaves = 255 and depth = 17
[LightGBM] [Info] Iteration:74, valid_1 auc : 0.79245
[LightGBM] [Info] 334.606360 seconds elapsed, finished iteration 74
[LightGBM] [Debug] Trained a tree with leaves = 255 and depth = 23
[LightGBM] [Info] Iteration:75, valid_1 auc : 0.792607
[LightGBM] [Info] 339.290121 seconds elapsed, finished iteration 75
[LightGBM] [Debug] Trained a tree with leaves = 255 and depth = 24
[LightGBM] [Info] Iteration:76, valid_1 auc : 0.79273
[LightGBM] [Info] 343.593274 seconds elapsed, finished iteration 76
[LightGBM] [Debug] Trained a tree with leaves = 255 and depth = 24
[LightGBM] [Info] Iteration:77, valid_1 auc : 0.792816
[LightGBM] [Info] 348.340381 seconds elapsed, finished iteration 77
[LightGBM] [Debug] Trained a tree with leaves = 255 and depth = 17
[LightGBM] [Info] Iteration:78, valid_1 auc : 0.792945
[LightGBM] [Info] 352.522809 seconds elapsed, finished iteration 78
[LightGBM] [Debug] Trained a tree with leaves = 255 and depth = 19
[LightGBM] [Info] Iteration:79, valid_1 auc : 0.793039
[LightGBM] [Info] 357.135205 seconds elapsed, finished iteration 79
[LightGBM] [Debug] Trained a tree with leaves = 255 and depth = 17
[LightGBM] [Info] Iteration:80, valid_1 auc : 0.793146
[LightGBM] [Info] 360.950489 seconds elapsed, finished iteration 80
[LightGBM] [Debug] Trained a tree with leaves = 255 and depth = 20
[LightGBM] [Info] Iteration:81, valid_1 auc : 0.793244
[LightGBM] [Info] 365.910475 seconds elapsed, finished iteration 81
[LightGBM] [Debug] Trained a tree with leaves = 255 and depth = 18
[LightGBM] [Info] Iteration:82, valid_1 auc : 0.793333
[LightGBM] [Info] 370.462127 seconds elapsed, finished iteration 82
[LightGBM] [Debug] Trained a tree with leaves = 255 and depth = 25
[LightGBM] [Info] Iteration:83, valid_1 auc : 0.793501
[LightGBM] [Info] 375.084163 seconds elapsed, finished iteration 83
[LightGBM] [Debug] Trained a tree with leaves = 255 and depth = 25
[LightGBM] [Info] Iteration:84, valid_1 auc : 0.793618
[LightGBM] [Info] 379.478301 seconds elapsed, finished iteration 84
[LightGBM] [Debug] Trained a tree with leaves = 255 and depth = 20
[LightGBM] [Info] Iteration:85, valid_1 auc : 0.793707
[LightGBM] [Info] 383.425099 seconds elapsed, finished iteration 85
[LightGBM] [Debug] Trained a tree with leaves = 255 and depth = 21
[LightGBM] [Info] Iteration:86, valid_1 auc : 0.793836
[LightGBM] [Info] 388.078495 seconds elapsed, finished iteration 86
[LightGBM] [Debug] Trained a tree with leaves = 255 and depth = 20
[LightGBM] [Info] Iteration:87, valid_1 auc : 0.79392
[LightGBM] [Info] 393.009920 seconds elapsed, finished iteration 87
[LightGBM] [Debug] Trained a tree with leaves = 255 and depth = 24
[LightGBM] [Info] Iteration:88, valid_1 auc : 0.794053
[LightGBM] [Info] 396.904858 seconds elapsed, finished iteration 88
[LightGBM] [Debug] Trained a tree with leaves = 255 and depth = 16
[LightGBM] [Info] Iteration:89, valid_1 auc : 0.794148
[LightGBM] [Info] 401.370947 seconds elapsed, finished iteration 89
[LightGBM] [Debug] Trained a tree with leaves = 255 and depth = 23
[LightGBM] [Info] Iteration:90, valid_1 auc : 0.794233
[LightGBM] [Info] 405.801596 seconds elapsed, finished iteration 90
[LightGBM] [Debug] Trained a tree with leaves = 255 and depth = 23
[LightGBM] [Info] Iteration:91, valid_1 auc : 0.794313
[LightGBM] [Info] 410.272576 seconds elapsed, finished iteration 91
[LightGBM] [Debug] Trained a tree with leaves = 255 and depth = 22
[LightGBM] [Info] Iteration:92, valid_1 auc : 0.794398
[LightGBM] [Info] 415.752517 seconds elapsed, finished iteration 92
[LightGBM] [Debug] Trained a tree with leaves = 255 and depth = 30
[LightGBM] [Info] Iteration:93, valid_1 auc : 0.794504
[LightGBM] [Info] 419.941801 seconds elapsed, finished iteration 93
[LightGBM] [Debug] Trained a tree with leaves = 255 and depth = 26
[LightGBM] [Info] Iteration:94, valid_1 auc : 0.794577
[LightGBM] [Info] 424.621958 seconds elapsed, finished iteration 94
[LightGBM] [Debug] Trained a tree with leaves = 255 and depth = 27
[LightGBM] [Info] Iteration:95, valid_1 auc : 0.794655
[LightGBM] [Info] 428.867742 seconds elapsed, finished iteration 95
[LightGBM] [Debug] Trained a tree with leaves = 255 and depth = 21
[LightGBM] [Info] Iteration:96, valid_1 auc : 0.794721
[LightGBM] [Info] 433.640319 seconds elapsed, finished iteration 96
[LightGBM] [Debug] Trained a tree with leaves = 255 and depth = 22
[LightGBM] [Info] Iteration:97, valid_1 auc : 0.79479
[LightGBM] [Info] 438.293241 seconds elapsed, finished iteration 97
[LightGBM] [Debug] Trained a tree with leaves = 255 and depth = 24
[LightGBM] [Info] Iteration:98, valid_1 auc : 0.794879
[LightGBM] [Info] 442.667482 seconds elapsed, finished iteration 98
[LightGBM] [Debug] Trained a tree with leaves = 255 and depth = 20
[LightGBM] [Info] Iteration:99, valid_1 auc : 0.794984
[LightGBM] [Info] 446.851672 seconds elapsed, finished iteration 99
[LightGBM] [Debug] Trained a tree with leaves = 255 and depth = 20
[LightGBM] [Info] Iteration:100, valid_1 auc : 0.79507
[LightGBM] [Info] 451.180284 seconds elapsed, finished iteration 100
[LightGBM] [Debug] Trained a tree with leaves = 255 and depth = 17
[LightGBM] [Info] Iteration:101, valid_1 auc : 0.795144
[LightGBM] [Info] 455.976417 seconds elapsed, finished iteration 101
[LightGBM] [Debug] Trained a tree with leaves = 255 and depth = 24
[LightGBM] [Info] Iteration:102, valid_1 auc : 0.795197
[LightGBM] [Info] 459.998598 seconds elapsed, finished iteration 102
[LightGBM] [Debug] Trained a tree with leaves = 255 and depth = 22
[LightGBM] [Info] Iteration:103, valid_1 auc : 0.795265
[LightGBM] [Info] 464.212363 seconds elapsed, finished iteration 103
[LightGBM] [Debug] Trained a tree with leaves = 255 and depth = 22
[LightGBM] [Info] Iteration:104, valid_1 auc : 0.795349
[LightGBM] [Info] 468.181358 seconds elapsed, finished iteration 104
[LightGBM] [Debug] Trained a tree with leaves = 255 and depth = 21
[LightGBM] [Info] Iteration:105, valid_1 auc : 0.795421
[LightGBM] [Info] 472.217659 seconds elapsed, finished iteration 105
[LightGBM] [Debug] Trained a tree with leaves = 255 and depth = 30
[LightGBM] [Info] Iteration:106, valid_1 auc : 0.795489
[LightGBM] [Info] 476.021459 seconds elapsed, finished iteration 106
[LightGBM] [Debug] Trained a tree with leaves = 255 and depth = 28
[LightGBM] [Info] Iteration:107, valid_1 auc : 0.795544
[LightGBM] [Info] 480.589979 seconds elapsed, finished iteration 107
[LightGBM] [Debug] Trained a tree with leaves = 255 and depth = 19
[LightGBM] [Info] Iteration:108, valid_1 auc : 0.795607
[LightGBM] [Info] 484.822013 seconds elapsed, finished iteration 108
[LightGBM] [Debug] Trained a tree with leaves = 255 and depth = 22
[LightGBM] [Info] Iteration:109, valid_1 auc : 0.795663
[LightGBM] [Info] 489.139486 seconds elapsed, finished iteration 109
[LightGBM] [Debug] Trained a tree with leaves = 255 and depth = 25
[LightGBM] [Info] Iteration:110, valid_1 auc : 0.795759
[LightGBM] [Info] 493.505462 seconds elapsed, finished iteration 110
[LightGBM] [Debug] Trained a tree with leaves = 255 and depth = 21
[LightGBM] [Info] Iteration:111, valid_1 auc : 0.795846
[LightGBM] [Info] 498.204337 seconds elapsed, finished iteration 111
[LightGBM] [Debug] Trained a tree with leaves = 255 and depth = 24
[LightGBM] [Info] Iteration:112, valid_1 auc : 0.795913
[LightGBM] [Info] 502.780675 seconds elapsed, finished iteration 112
[LightGBM] [Debug] Trained a tree with leaves = 255 and depth = 18
[LightGBM] [Info] Iteration:113, valid_1 auc : 0.795978
[LightGBM] [Info] 506.705154 seconds elapsed, finished iteration 113
[LightGBM] [Debug] Trained a tree with leaves = 255 and depth = 20
[LightGBM] [Info] Iteration:114, valid_1 auc : 0.796026
[LightGBM] [Info] 511.560133 seconds elapsed, finished iteration 114
[LightGBM] [Debug] Trained a tree with leaves = 255 and depth = 25
[LightGBM] [Info] Iteration:115, valid_1 auc : 0.796111
[LightGBM] [Info] 516.109101 seconds elapsed, finished iteration 115
[LightGBM] [Debug] Trained a tree with leaves = 255 and depth = 29
[LightGBM] [Info] Iteration:116, valid_1 auc : 0.796169
[LightGBM] [Info] 520.656514 seconds elapsed, finished iteration 116
[LightGBM] [Debug] Trained a tree with leaves = 255 and depth = 18
[LightGBM] [Info] Iteration:117, valid_1 auc : 0.796214
[LightGBM] [Info] 525.281831 seconds elapsed, finished iteration 117
[LightGBM] [Debug] Trained a tree with leaves = 255 and depth = 23
[LightGBM] [Info] Iteration:118, valid_1 auc : 0.7963
[LightGBM] [Info] 529.592248 seconds elapsed, finished iteration 118
[LightGBM] [Debug] Trained a tree with leaves = 255 and depth = 20
[LightGBM] [Info] Iteration:119, valid_1 auc : 0.796369
[LightGBM] [Info] 534.347215 seconds elapsed, finished iteration 119
[LightGBM] [Debug] Trained a tree with leaves = 255 and depth = 20
[LightGBM] [Info] Iteration:120, valid_1 auc : 0.796435
[LightGBM] [Info] 538.827874 seconds elapsed, finished iteration 120
[LightGBM] [Debug] Trained a tree with leaves = 255 and depth = 27
[LightGBM] [Info] Iteration:121, valid_1 auc : 0.796491
[LightGBM] [Info] 543.532651 seconds elapsed, finished iteration 121
[LightGBM] [Debug] Trained a tree with leaves = 255 and depth = 28
[LightGBM] [Info] Iteration:122, valid_1 auc : 0.796555
[LightGBM] [Info] 547.808577 seconds elapsed, finished iteration 122
[LightGBM] [Debug] Trained a tree with leaves = 255 and depth = 18
[LightGBM] [Info] Iteration:123, valid_1 auc : 0.796634
[LightGBM] [Info] 551.988028 seconds elapsed, finished iteration 123
[LightGBM] [Debug] Trained a tree with leaves = 255 and depth = 28
[LightGBM] [Info] Iteration:124, valid_1 auc : 0.796686
[LightGBM] [Info] 556.361837 seconds elapsed, finished iteration 124
[LightGBM] [Debug] Trained a tree with leaves = 255 and depth = 29
[LightGBM] [Info] Iteration:125, valid_1 auc : 0.796725
[LightGBM] [Info] 560.657659 seconds elapsed, finished iteration 125
[LightGBM] [Debug] Trained a tree with leaves = 255 and depth = 22
[LightGBM] [Info] Iteration:126, valid_1 auc : 0.796782
[LightGBM] [Info] 565.174510 seconds elapsed, finished iteration 126
[LightGBM] [Debug] Trained a tree with leaves = 255 and depth = 22
[LightGBM] [Info] Iteration:127, valid_1 auc : 0.796829
[LightGBM] [Info] 569.487486 seconds elapsed, finished iteration 127
[LightGBM] [Debug] Trained a tree with leaves = 255 and depth = 23
[LightGBM] [Info] Iteration:128, valid_1 auc : 0.79687
[LightGBM] [Info] 574.104712 seconds elapsed, finished iteration 128
[LightGBM] [Debug] Trained a tree with leaves = 255 and depth = 29
[LightGBM] [Info] Iteration:129, valid_1 auc : 0.79692
[LightGBM] [Info] 578.671123 seconds elapsed, finished iteration 129
[LightGBM] [Debug] Trained a tree with leaves = 255 and depth = 29
[LightGBM] [Info] Iteration:130, valid_1 auc : 0.796984
[LightGBM] [Info] 583.521920 seconds elapsed, finished iteration 130
[LightGBM] [Debug] Trained a tree with leaves = 255 and depth = 23
[LightGBM] [Info] Iteration:131, valid_1 auc : 0.79703
[LightGBM] [Info] 587.379946 seconds elapsed, finished iteration 131
[LightGBM] [Debug] Trained a tree with leaves = 255 and depth = 31
[LightGBM] [Info] Iteration:132, valid_1 auc : 0.797081
[LightGBM] [Info] 591.744646 seconds elapsed, finished iteration 132
[LightGBM] [Debug] Trained a tree with leaves = 255 and depth = 24
[LightGBM] [Info] Iteration:133, valid_1 auc : 0.797146
[LightGBM] [Info] 595.676547 seconds elapsed, finished iteration 133
[LightGBM] [Debug] Trained a tree with leaves = 255 and depth = 22
[LightGBM] [Info] Iteration:134, valid_1 auc : 0.797191
[LightGBM] [Info] 600.050448 seconds elapsed, finished iteration 134
[LightGBM] [Debug] Trained a tree with leaves = 255 and depth = 30
[LightGBM] [Info] Iteration:135, valid_1 auc : 0.79724
[LightGBM] [Info] 604.762986 seconds elapsed, finished iteration 135
[LightGBM] [Debug] Trained a tree with leaves = 255 and depth = 33
[LightGBM] [Info] Iteration:136, valid_1 auc : 0.797315
[LightGBM] [Info] 609.228456 seconds elapsed, finished iteration 136
[LightGBM] [Debug] Trained a tree with leaves = 255 and depth = 22
[LightGBM] [Info] Iteration:137, valid_1 auc : 0.797358
[LightGBM] [Info] 613.061220 seconds elapsed, finished iteration 137
[LightGBM] [Debug] Trained a tree with leaves = 255 and depth = 18
[LightGBM] [Info] Iteration:138, valid_1 auc : 0.797397
[LightGBM] [Info] 617.780315 seconds elapsed, finished iteration 138
[LightGBM] [Debug] Trained a tree with leaves = 255 and depth = 24
[LightGBM] [Info] Iteration:139, valid_1 auc : 0.797436
[LightGBM] [Info] 622.075317 seconds elapsed, finished iteration 139
[LightGBM] [Debug] Trained a tree with leaves = 255 and depth = 31
[LightGBM] [Info] Iteration:140, valid_1 auc : 0.797477
[LightGBM] [Info] 625.952831 seconds elapsed, finished iteration 140
[LightGBM] [Debug] Trained a tree with leaves = 255 and depth = 22
[LightGBM] [Info] Iteration:141, valid_1 auc : 0.797535
[LightGBM] [Info] 630.493263 seconds elapsed, finished iteration 141
[LightGBM] [Debug] Trained a tree with leaves = 255 and depth = 19
[LightGBM] [Info] Iteration:142, valid_1 auc : 0.797583
[LightGBM] [Info] 634.700504 seconds elapsed, finished iteration 142
[LightGBM] [Debug] Trained a tree with leaves = 255 and depth = 37
[LightGBM] [Info] Iteration:143, valid_1 auc : 0.797639
[LightGBM] [Info] 638.596392 seconds elapsed, finished iteration 143
[LightGBM] [Debug] Trained a tree with leaves = 255 and depth = 20
[LightGBM] [Info] Iteration:144, valid_1 auc : 0.797672
[LightGBM] [Info] 642.902161 seconds elapsed, finished iteration 144
[LightGBM] [Debug] Trained a tree with leaves = 255 and depth = 21
[LightGBM] [Info] Iteration:145, valid_1 auc : 0.797721
[LightGBM] [Info] 646.796677 seconds elapsed, finished iteration 145
[LightGBM] [Debug] Trained a tree with leaves = 255 and depth = 31
[LightGBM] [Info] Iteration:146, valid_1 auc : 0.797772
[LightGBM] [Info] 650.542007 seconds elapsed, finished iteration 146
[LightGBM] [Debug] Trained a tree with leaves = 255 and depth = 34
[LightGBM] [Info] Iteration:147, valid_1 auc : 0.79781
[LightGBM] [Info] 654.261188 seconds elapsed, finished iteration 147
[LightGBM] [Debug] Trained a tree with leaves = 255 and depth = 24
[LightGBM] [Info] Iteration:148, valid_1 auc : 0.797857
[LightGBM] [Info] 658.636472 seconds elapsed, finished iteration 148
[LightGBM] [Debug] Trained a tree with leaves = 255 and depth = 34
[LightGBM] [Info] Iteration:149, valid_1 auc : 0.797922
[LightGBM] [Info] 662.448875 seconds elapsed, finished iteration 149
[LightGBM] [Debug] Trained a tree with leaves = 255 and depth = 28
[LightGBM] [Info] Iteration:150, valid_1 auc : 0.797958
[LightGBM] [Info] 666.888939 seconds elapsed, finished iteration 150
[LightGBM] [Debug] Trained a tree with leaves = 255 and depth = 31
[LightGBM] [Info] Iteration:151, valid_1 auc : 0.798008
[LightGBM] [Info] 671.601469 seconds elapsed, finished iteration 151
[LightGBM] [Debug] Trained a tree with leaves = 255 and depth = 25
[LightGBM] [Info] Iteration:152, valid_1 auc : 0.798061
[LightGBM] [Info] 675.807001 seconds elapsed, finished iteration 152
[LightGBM] [Debug] Trained a tree with leaves = 255 and depth = 24
[LightGBM] [Info] Iteration:153, valid_1 auc : 0.798105
[LightGBM] [Info] 680.189050 seconds elapsed, finished iteration 153
[LightGBM] [Debug] Trained a tree with leaves = 255 and depth = 30
[LightGBM] [Info] Iteration:154, valid_1 auc : 0.798157
[LightGBM] [Info] 684.899532 seconds elapsed, finished iteration 154
[LightGBM] [Debug] Trained a tree with leaves = 255 and depth = 16
[LightGBM] [Info] Iteration:155, valid_1 auc : 0.798187
[LightGBM] [Info] 689.430035 seconds elapsed, finished iteration 155
[LightGBM] [Debug] Trained a tree with leaves = 255 and depth = 24
[LightGBM] [Info] Iteration:156, valid_1 auc : 0.798234
[LightGBM] [Info] 693.014403 seconds elapsed, finished iteration 156
[LightGBM] [Debug] Trained a tree with leaves = 255 and depth = 29
[LightGBM] [Info] Iteration:157, valid_1 auc : 0.798284
[LightGBM] [Info] 697.657085 seconds elapsed, finished iteration 157
[LightGBM] [Debug] Trained a tree with leaves = 255 and depth = 19
[LightGBM] [Info] Iteration:158, valid_1 auc : 0.798314
[LightGBM] [Info] 702.417813 seconds elapsed, finished iteration 158
[LightGBM] [Debug] Trained a tree with leaves = 255 and depth = 24
[LightGBM] [Info] Iteration:159, valid_1 auc : 0.798351
[LightGBM] [Info] 706.632206 seconds elapsed, finished iteration 159
[LightGBM] [Debug] Trained a tree with leaves = 255 and depth = 31
[LightGBM] [Info] Iteration:160, valid_1 auc : 0.798393
[LightGBM] [Info] 711.470245 seconds elapsed, finished iteration 160
[LightGBM] [Debug] Trained a tree with leaves = 255 and depth = 27
[LightGBM] [Info] Iteration:161, valid_1 auc : 0.798456
[LightGBM] [Info] 715.487394 seconds elapsed, finished iteration 161
[LightGBM] [Debug] Trained a tree with leaves = 255 and depth = 26
[LightGBM] [Info] Iteration:162, valid_1 auc : 0.798492
[LightGBM] [Info] 719.381194 seconds elapsed, finished iteration 162
[LightGBM] [Debug] Trained a tree with leaves = 255 and depth = 28
[LightGBM] [Info] Iteration:163, valid_1 auc : 0.798537
[LightGBM] [Info] 723.843995 seconds elapsed, finished iteration 163
[LightGBM] [Debug] Trained a tree with leaves = 255 and depth = 22
[LightGBM] [Info] Iteration:164, valid_1 auc : 0.7986
[LightGBM] [Info] 727.997877 seconds elapsed, finished iteration 164
[LightGBM] [Debug] Trained a tree with leaves = 255 and depth = 27
[LightGBM] [Info] Iteration:165, valid_1 auc : 0.798643
[LightGBM] [Info] 732.217355 seconds elapsed, finished iteration 165
[LightGBM] [Debug] Trained a tree with leaves = 255 and depth = 21
[LightGBM] [Info] Iteration:166, valid_1 auc : 0.798672
[LightGBM] [Info] 736.575148 seconds elapsed, finished iteration 166
[LightGBM] [Debug] Trained a tree with leaves = 255 and depth = 31
[LightGBM] [Info] Iteration:167, valid_1 auc : 0.798729
[LightGBM] [Info] 740.587543 seconds elapsed, finished iteration 167
[LightGBM] [Debug] Trained a tree with leaves = 255 and depth = 20
[LightGBM] [Info] Iteration:168, valid_1 auc : 0.79876
[LightGBM] [Info] 744.701353 seconds elapsed, finished iteration 168
[LightGBM] [Debug] Trained a tree with leaves = 255 and depth = 18
[LightGBM] [Info] Iteration:169, valid_1 auc : 0.798793
[LightGBM] [Info] 749.069788 seconds elapsed, finished iteration 169
[LightGBM] [Debug] Trained a tree with leaves = 255 and depth = 27
[LightGBM] [Info] Iteration:170, valid_1 auc : 0.798825
[LightGBM] [Info] 753.522460 seconds elapsed, finished iteration 170
[LightGBM] [Debug] Trained a tree with leaves = 255 and depth = 19
[LightGBM] [Info] Iteration:171, valid_1 auc : 0.798859
[LightGBM] [Info] 757.816137 seconds elapsed, finished iteration 171
[LightGBM] [Debug] Trained a tree with leaves = 255 and depth = 21
[LightGBM] [Info] Iteration:172, valid_1 auc : 0.798889
[LightGBM] [Info] 761.989365 seconds elapsed, finished iteration 172
[LightGBM] [Debug] Trained a tree with leaves = 255 and depth = 22
[LightGBM] [Info] Iteration:173, valid_1 auc : 0.798928
[LightGBM] [Info] 765.931389 seconds elapsed, finished iteration 173
[LightGBM] [Debug] Trained a tree with leaves = 255 and depth = 23
[LightGBM] [Info] Iteration:174, valid_1 auc : 0.79897
[LightGBM] [Info] 770.056627 seconds elapsed, finished iteration 174
[LightGBM] [Debug] Trained a tree with leaves = 255 and depth = 25
[LightGBM] [Info] Iteration:175, valid_1 auc : 0.799005
[LightGBM] [Info] 774.045946 seconds elapsed, finished iteration 175
[LightGBM] [Debug] Trained a tree with leaves = 255 and depth = 28
[LightGBM] [Info] Iteration:176, valid_1 auc : 0.799038
[LightGBM] [Info] 778.235487 seconds elapsed, finished iteration 176
[LightGBM] [Debug] Trained a tree with leaves = 255 and depth = 24
[LightGBM] [Info] Iteration:177, valid_1 auc : 0.799068
[LightGBM] [Info] 782.824432 seconds elapsed, finished iteration 177
[LightGBM] [Debug] Trained a tree with leaves = 255 and depth = 27
[LightGBM] [Info] Iteration:178, valid_1 auc : 0.799106
[LightGBM] [Info] 786.933089 seconds elapsed, finished iteration 178
[LightGBM] [Debug] Trained a tree with leaves = 255 and depth = 25
[LightGBM] [Info] Iteration:179, valid_1 auc : 0.799141
[LightGBM] [Info] 791.621391 seconds elapsed, finished iteration 179
[LightGBM] [Debug] Trained a tree with leaves = 255 and depth = 28
[LightGBM] [Info] Iteration:180, valid_1 auc : 0.79918
[LightGBM] [Info] 794.958735 seconds elapsed, finished iteration 180
[LightGBM] [Debug] Trained a tree with leaves = 255 and depth = 29
[LightGBM] [Info] Iteration:181, valid_1 auc : 0.79921
[LightGBM] [Info] 798.785304 seconds elapsed, finished iteration 181
[LightGBM] [Debug] Trained a tree with leaves = 255 and depth = 31
[LightGBM] [Info] Iteration:182, valid_1 auc : 0.799236
[LightGBM] [Info] 802.928607 seconds elapsed, finished iteration 182
[LightGBM] [Debug] Trained a tree with leaves = 255 and depth = 24
[LightGBM] [Info] Iteration:183, valid_1 auc : 0.799262
[LightGBM] [Info] 807.495025 seconds elapsed, finished iteration 183
[LightGBM] [Debug] Trained a tree with leaves = 255 and depth = 29
[LightGBM] [Info] Iteration:184, valid_1 auc : 0.799289
[LightGBM] [Info] 811.906987 seconds elapsed, finished iteration 184
[LightGBM] [Debug] Trained a tree with leaves = 255 and depth = 21
[LightGBM] [Info] Iteration:185, valid_1 auc : 0.799325
[LightGBM] [Info] 816.629175 seconds elapsed, finished iteration 185
[LightGBM] [Debug] Trained a tree with leaves = 255 and depth = 27
[LightGBM] [Info] Iteration:186, valid_1 auc : 0.799355
[LightGBM] [Info] 821.305181 seconds elapsed, finished iteration 186
[LightGBM] [Debug] Trained a tree with leaves = 255 and depth = 20
[LightGBM] [Info] Iteration:187, valid_1 auc : 0.799387
[LightGBM] [Info] 825.176224 seconds elapsed, finished iteration 187
[LightGBM] [Debug] Trained a tree with leaves = 255 and depth = 25
[LightGBM] [Info] Iteration:188, valid_1 auc : 0.799432
[LightGBM] [Info] 828.459039 seconds elapsed, finished iteration 188
[LightGBM] [Debug] Trained a tree with leaves = 255 and depth = 23
[LightGBM] [Info] Iteration:189, valid_1 auc : 0.799458
[LightGBM] [Info] 832.973746 seconds elapsed, finished iteration 189
[LightGBM] [Debug] Trained a tree with leaves = 255 and depth = 25
[LightGBM] [Info] Iteration:190, valid_1 auc : 0.799486
[LightGBM] [Info] 837.489817 seconds elapsed, finished iteration 190
[LightGBM] [Debug] Trained a tree with leaves = 255 and depth = 22
[LightGBM] [Info] Iteration:191, valid_1 auc : 0.799525
[LightGBM] [Info] 840.927207 seconds elapsed, finished iteration 191
[LightGBM] [Debug] Trained a tree with leaves = 255 and depth = 28
[LightGBM] [Info] Iteration:192, valid_1 auc : 0.799548
[LightGBM] [Info] 845.784330 seconds elapsed, finished iteration 192
[LightGBM] [Debug] Trained a tree with leaves = 255 and depth = 21
[LightGBM] [Info] Iteration:193, valid_1 auc : 0.799585
[LightGBM] [Info] 849.924423 seconds elapsed, finished iteration 193
[LightGBM] [Debug] Trained a tree with leaves = 255 and depth = 25
[LightGBM] [Info] Iteration:194, valid_1 auc : 0.799626
[LightGBM] [Info] 853.034239 seconds elapsed, finished iteration 194
[LightGBM] [Debug] Trained a tree with leaves = 255 and depth = 26
[LightGBM] [Info] Iteration:195, valid_1 auc : 0.799669
[LightGBM] [Info] 856.508697 seconds elapsed, finished iteration 195
[LightGBM] [Debug] Trained a tree with leaves = 255 and depth = 37
[LightGBM] [Info] Iteration:196, valid_1 auc : 0.799701
[LightGBM] [Info] 860.715086 seconds elapsed, finished iteration 196
[LightGBM] [Debug] Trained a tree with leaves = 255 and depth = 22
[LightGBM] [Info] Iteration:197, valid_1 auc : 0.799732
[LightGBM] [Info] 864.582140 seconds elapsed, finished iteration 197
[LightGBM] [Debug] Trained a tree with leaves = 255 and depth = 22
[LightGBM] [Info] Iteration:198, valid_1 auc : 0.799765
[LightGBM] [Info] 868.585000 seconds elapsed, finished iteration 198
[LightGBM] [Debug] Trained a tree with leaves = 255 and depth = 27
[LightGBM] [Info] Iteration:199, valid_1 auc : 0.799783
[LightGBM] [Info] 872.172610 seconds elapsed, finished iteration 199
[LightGBM] [Debug] Trained a tree with leaves = 255 and depth = 18
[LightGBM] [Info] Iteration:200, valid_1 auc : 0.799816
[LightGBM] [Info] 876.656343 seconds elapsed, finished iteration 200
[LightGBM] [Debug] Trained a tree with leaves = 255 and depth = 31
[LightGBM] [Info] Iteration:201, valid_1 auc : 0.799846
[LightGBM] [Info] 880.954713 seconds elapsed, finished iteration 201
[LightGBM] [Debug] Trained a tree with leaves = 255 and depth = 25
[LightGBM] [Info] Iteration:202, valid_1 auc : 0.799881
[LightGBM] [Info] 884.663568 seconds elapsed, finished iteration 202
[LightGBM] [Debug] Trained a tree with leaves = 255 and depth = 22
[LightGBM] [Info] Iteration:203, valid_1 auc : 0.799916
[LightGBM] [Info] 887.590240 seconds elapsed, finished iteration 203
[LightGBM] [Debug] Trained a tree with leaves = 255 and depth = 22
[LightGBM] [Info] Iteration:204, valid_1 auc : 0.799956
[LightGBM] [Info] 891.752508 seconds elapsed, finished iteration 204
[LightGBM] [Debug] Trained a tree with leaves = 255 and depth = 32
[LightGBM] [Info] Iteration:205, valid_1 auc : 0.799988
[LightGBM] [Info] 894.820507 seconds elapsed, finished iteration 205
[LightGBM] [Debug] Trained a tree with leaves = 255 and depth = 21
[LightGBM] [Info] Iteration:206, valid_1 auc : 0.800015
[LightGBM] [Info] 899.269380 seconds elapsed, finished iteration 206
[LightGBM] [Debug] Trained a tree with leaves = 255 and depth = 29
[LightGBM] [Info] Iteration:207, valid_1 auc : 0.800038
[LightGBM] [Info] 903.601618 seconds elapsed, finished iteration 207
[LightGBM] [Debug] Trained a tree with leaves = 255 and depth = 26
[LightGBM] [Info] Iteration:208, valid_1 auc : 0.800061
[LightGBM] [Info] 907.997434 seconds elapsed, finished iteration 208
[LightGBM] [Debug] Trained a tree with leaves = 255 and depth = 28
[LightGBM] [Info] Iteration:209, valid_1 auc : 0.80009
[LightGBM] [Info] 911.976374 seconds elapsed, finished iteration 209
[LightGBM] [Debug] Trained a tree with leaves = 255 and depth = 18
[LightGBM] [Info] Iteration:210, valid_1 auc : 0.800109
[LightGBM] [Info] 915.834372 seconds elapsed, finished iteration 210
[LightGBM] [Debug] Trained a tree with leaves = 255 and depth = 22
[LightGBM] [Info] Iteration:211, valid_1 auc : 0.800128
[LightGBM] [Info] 919.598669 seconds elapsed, finished iteration 211
[LightGBM] [Debug] Trained a tree with leaves = 255 and depth = 24
[LightGBM] [Info] Iteration:212, valid_1 auc : 0.800157
[LightGBM] [Info] 923.239519 seconds elapsed, finished iteration 212
[LightGBM] [Debug] Trained a tree with leaves = 255 and depth = 26
[LightGBM] [Info] Iteration:213, valid_1 auc : 0.800177
[LightGBM] [Info] 926.793577 seconds elapsed, finished iteration 213
[LightGBM] [Debug] Trained a tree with leaves = 255 and depth = 23
[LightGBM] [Info] Iteration:214, valid_1 auc : 0.800204
[LightGBM] [Info] 930.241525 seconds elapsed, finished iteration 214
[LightGBM] [Debug] Trained a tree with leaves = 255 and depth = 22
[LightGBM] [Info] Iteration:215, valid_1 auc : 0.800219
[LightGBM] [Info] 933.309688 seconds elapsed, finished iteration 215
[LightGBM] [Debug] Trained a tree with leaves = 255 and depth = 27
[LightGBM] [Info] Iteration:216, valid_1 auc : 0.800241
[LightGBM] [Info] 936.035233 seconds elapsed, finished iteration 216
[LightGBM] [Debug] Trained a tree with leaves = 255 and depth = 26
[LightGBM] [Info] Iteration:217, valid_1 auc : 0.800267
[LightGBM] [Info] 940.560525 seconds elapsed, finished iteration 217
[LightGBM] [Debug] Trained a tree with leaves = 255 and depth = 22
[LightGBM] [Info] Iteration:218, valid_1 auc : 0.800293
[LightGBM] [Info] 943.263051 seconds elapsed, finished iteration 218
[LightGBM] [Debug] Trained a tree with leaves = 255 and depth = 23
[LightGBM] [Info] Iteration:219, valid_1 auc : 0.800319
[LightGBM] [Info] 946.929303 seconds elapsed, finished iteration 219
[LightGBM] [Debug] Trained a tree with leaves = 255 and depth = 23
[LightGBM] [Info] Iteration:220, valid_1 auc : 0.800345
[LightGBM] [Info] 950.648522 seconds elapsed, finished iteration 220
[LightGBM] [Debug] Trained a tree with leaves = 255 and depth = 26
[LightGBM] [Info] Iteration:221, valid_1 auc : 0.800373
[LightGBM] [Info] 953.790756 seconds elapsed, finished iteration 221
[LightGBM] [Debug] Trained a tree with leaves = 255 and depth = 22
[LightGBM] [Info] Iteration:222, valid_1 auc : 0.800397
[LightGBM] [Info] 957.995302 seconds elapsed, finished iteration 222
[LightGBM] [Debug] Trained a tree with leaves = 255 and depth = 30
[LightGBM] [Info] Iteration:223, valid_1 auc : 0.800427
[LightGBM] [Info] 962.245244 seconds elapsed, finished iteration 223
[LightGBM] [Debug] Trained a tree with leaves = 255 and depth = 24
[LightGBM] [Info] Iteration:224, valid_1 auc : 0.800453
[LightGBM] [Info] 966.117733 seconds elapsed, finished iteration 224
[LightGBM] [Debug] Trained a tree with leaves = 255 and depth = 23
[LightGBM] [Info] Iteration:225, valid_1 auc : 0.800472
[LightGBM] [Info] 969.791743 seconds elapsed, finished iteration 225
[LightGBM] [Debug] Trained a tree with leaves = 255 and depth = 24
[LightGBM] [Info] Iteration:226, valid_1 auc : 0.800493
[LightGBM] [Info] 972.223428 seconds elapsed, finished iteration 226
[LightGBM] [Debug] Trained a tree with leaves = 255 and depth = 29
[LightGBM] [Info] Iteration:227, valid_1 auc : 0.800523
[LightGBM] [Info] 975.953477 seconds elapsed, finished iteration 227
[LightGBM] [Debug] Trained a tree with leaves = 255 and depth = 19
[LightGBM] [Info] Iteration:228, valid_1 auc : 0.800548
[LightGBM] [Info] 979.607946 seconds elapsed, finished iteration 228
[LightGBM] [Debug] Trained a tree with leaves = 255 and depth = 21
[LightGBM] [Info] Iteration:229, valid_1 auc : 0.800563
[LightGBM] [Info] 983.155658 seconds elapsed, finished iteration 229
[LightGBM] [Debug] Trained a tree with leaves = 255 and depth = 20
[LightGBM] [Info] Iteration:230, valid_1 auc : 0.800581
[LightGBM] [Info] 986.211128 seconds elapsed, finished iteration 230
[LightGBM] [Debug] Trained a tree with leaves = 255 and depth = 27
[LightGBM] [Info] Iteration:231, valid_1 auc : 0.800602
[LightGBM] [Info] 990.120260 seconds elapsed, finished iteration 231
[LightGBM] [Debug] Trained a tree with leaves = 255 and depth = 23
[LightGBM] [Info] Iteration:232, valid_1 auc : 0.800629
[LightGBM] [Info] 993.048267 seconds elapsed, finished iteration 232
[LightGBM] [Debug] Trained a tree with leaves = 255 and depth = 27
[LightGBM] [Info] Iteration:233, valid_1 auc : 0.800659
[LightGBM] [Info] 996.809560 seconds elapsed, finished iteration 233
[LightGBM] [Debug] Trained a tree with leaves = 255 and depth = 20
[LightGBM] [Info] Iteration:234, valid_1 auc : 0.800683
[LightGBM] [Info] 1000.772544 seconds elapsed, finished iteration 234
[LightGBM] [Debug] Trained a tree with leaves = 255 and depth = 20
[LightGBM] [Info] Iteration:235, valid_1 auc : 0.8007
[LightGBM] [Info] 1003.577163 seconds elapsed, finished iteration 235
[LightGBM] [Debug] Trained a tree with leaves = 255 and depth = 21
[LightGBM] [Info] Iteration:236, valid_1 auc : 0.800728
[LightGBM] [Info] 1007.094208 seconds elapsed, finished iteration 236
[LightGBM] [Debug] Trained a tree with leaves = 255 and depth = 27
[LightGBM] [Info] Iteration:237, valid_1 auc : 0.80075
[LightGBM] [Info] 1010.892809 seconds elapsed, finished iteration 237
[LightGBM] [Debug] Trained a tree with leaves = 255 and depth = 19
[LightGBM] [Info] Iteration:238, valid_1 auc : 0.800765
[LightGBM] [Info] 1014.102439 seconds elapsed, finished iteration 238
[LightGBM] [Debug] Trained a tree with leaves = 255 and depth = 19
[LightGBM] [Info] Iteration:239, valid_1 auc : 0.800783
[LightGBM] [Info] 1016.561299 seconds elapsed, finished iteration 239
[LightGBM] [Debug] Trained a tree with leaves = 255 and depth = 19
[LightGBM] [Info] Iteration:240, valid_1 auc : 0.800805
[LightGBM] [Info] 1019.334339 seconds elapsed, finished iteration 240
[LightGBM] [Debug] Trained a tree with leaves = 255 and depth = 25
[LightGBM] [Info] Iteration:241, valid_1 auc : 0.800828
[LightGBM] [Info] 1023.365927 seconds elapsed, finished iteration 241
[LightGBM] [Debug] Trained a tree with leaves = 255 and depth = 19
[LightGBM] [Info] Iteration:242, valid_1 auc : 0.800858
[LightGBM] [Info] 1027.493958 seconds elapsed, finished iteration 242
[LightGBM] [Debug] Trained a tree with leaves = 255 and depth = 21
[LightGBM] [Info] Iteration:243, valid_1 auc : 0.800873
[LightGBM] [Info] 1031.206595 seconds elapsed, finished iteration 243
[LightGBM] [Debug] Trained a tree with leaves = 255 and depth = 23
[LightGBM] [Info] Iteration:244, valid_1 auc : 0.800887
[LightGBM] [Info] 1035.032083 seconds elapsed, finished iteration 244
[LightGBM] [Debug] Trained a tree with leaves = 255 and depth = 22
[LightGBM] [Info] Iteration:245, valid_1 auc : 0.800911
[LightGBM] [Info] 1038.154350 seconds elapsed, finished iteration 245
[LightGBM] [Debug] Trained a tree with leaves = 255 and depth = 20
[LightGBM] [Info] Iteration:246, valid_1 auc : 0.80093
[LightGBM] [Info] 1041.508498 seconds elapsed, finished iteration 246
[LightGBM] [Debug] Trained a tree with leaves = 255 and depth = 24
[LightGBM] [Info] Iteration:247, valid_1 auc : 0.800951
[LightGBM] [Info] 1045.064553 seconds elapsed, finished iteration 247
[LightGBM] [Debug] Trained a tree with leaves = 255 and depth = 29
[LightGBM] [Info] Iteration:248, valid_1 auc : 0.800966
[LightGBM] [Info] 1048.546977 seconds elapsed, finished iteration 248
[LightGBM] [Debug] Trained a tree with leaves = 255 and depth = 22
[LightGBM] [Info] Iteration:249, valid_1 auc : 0.800984
[LightGBM] [Info] 1051.942458 seconds elapsed, finished iteration 249
[LightGBM] [Debug] Trained a tree with leaves = 255 and depth = 18
[LightGBM] [Info] Iteration:250, valid_1 auc : 0.801004
[LightGBM] [Info] 1054.829354 seconds elapsed, finished iteration 250
[LightGBM] [Debug] Trained a tree with leaves = 255 and depth = 22
[LightGBM] [Info] Iteration:251, valid_1 auc : 0.801024
[LightGBM] [Info] 1057.362079 seconds elapsed, finished iteration 251
[LightGBM] [Debug] Trained a tree with leaves = 255 and depth = 17
[LightGBM] [Info] Iteration:252, valid_1 auc : 0.801034
[LightGBM] [Info] 1060.328760 seconds elapsed, finished iteration 252
[LightGBM] [Debug] Trained a tree with leaves = 255 and depth = 21
[LightGBM] [Info] Iteration:253, valid_1 auc : 0.801054
[LightGBM] [Info] 1063.828035 seconds elapsed, finished iteration 253
[LightGBM] [Debug] Trained a tree with leaves = 255 and depth = 22
[LightGBM] [Info] Iteration:254, valid_1 auc : 0.801064
[LightGBM] [Info] 1066.689072 seconds elapsed, finished iteration 254
[LightGBM] [Debug] Trained a tree with leaves = 255 and depth = 22
[LightGBM] [Info] Iteration:255, valid_1 auc : 0.801081
[LightGBM] [Info] 1069.933493 seconds elapsed, finished iteration 255
[LightGBM] [Debug] Trained a tree with leaves = 255 and depth = 26
[LightGBM] [Info] Iteration:256, valid_1 auc : 0.801097
[LightGBM] [Info] 1073.028964 seconds elapsed, finished iteration 256
[LightGBM] [Debug] Trained a tree with leaves = 255 and depth = 18
[LightGBM] [Info] Iteration:257, valid_1 auc : 0.80112
[LightGBM] [Info] 1075.729188 seconds elapsed, finished iteration 257
[LightGBM] [Debug] Trained a tree with leaves = 255 and depth = 17
[LightGBM] [Info] Iteration:258, valid_1 auc : 0.801134
[LightGBM] [Info] 1078.847304 seconds elapsed, finished iteration 258
[LightGBM] [Debug] Trained a tree with leaves = 255 and depth = 18
[LightGBM] [Info] Iteration:259, valid_1 auc : 0.801158
[LightGBM] [Info] 1082.506654 seconds elapsed, finished iteration 259
[LightGBM] [Debug] Trained a tree with leaves = 255 and depth = 26
[LightGBM] [Info] Iteration:260, valid_1 auc : 0.801177
[LightGBM] [Info] 1085.359215 seconds elapsed, finished iteration 260
[LightGBM] [Debug] Trained a tree with leaves = 255 and depth = 18
[LightGBM] [Info] Iteration:261, valid_1 auc : 0.801189
[LightGBM] [Info] 1088.468253 seconds elapsed, finished iteration 261
[LightGBM] [Debug] Trained a tree with leaves = 255 and depth = 20
[LightGBM] [Info] Iteration:262, valid_1 auc : 0.801213
[LightGBM] [Info] 1092.145790 seconds elapsed, finished iteration 262
[LightGBM] [Debug] Trained a tree with leaves = 255 and depth = 17
[LightGBM] [Info] Iteration:263, valid_1 auc : 0.801227
[LightGBM] [Info] 1094.135743 seconds elapsed, finished iteration 263
[LightGBM] [Debug] Trained a tree with leaves = 255 and depth = 19
[LightGBM] [Info] Iteration:264, valid_1 auc : 0.801248
[LightGBM] [Info] 1096.475151 seconds elapsed, finished iteration 264
[LightGBM] [Debug] Trained a tree with leaves = 255 and depth = 21
[LightGBM] [Info] Iteration:265, valid_1 auc : 0.801266
[LightGBM] [Info] 1100.445698 seconds elapsed, finished iteration 265
[LightGBM] [Debug] Trained a tree with leaves = 255 and depth = 20
[LightGBM] [Info] Iteration:266, valid_1 auc : 0.801278
[LightGBM] [Info] 1103.233264 seconds elapsed, finished iteration 266
[LightGBM] [Debug] Trained a tree with leaves = 255 and depth = 23
[LightGBM] [Info] Iteration:267, valid_1 auc : 0.801295
[LightGBM] [Info] 1107.001232 seconds elapsed, finished iteration 267
[LightGBM] [Debug] Trained a tree with leaves = 255 and depth = 21
[LightGBM] [Info] Iteration:268, valid_1 auc : 0.801336
[LightGBM] [Info] 1109.880809 seconds elapsed, finished iteration 268
[LightGBM] [Debug] Trained a tree with leaves = 255 and depth = 18
[LightGBM] [Info] Iteration:269, valid_1 auc : 0.801348
[LightGBM] [Info] 1112.879517 seconds elapsed, finished iteration 269
[LightGBM] [Debug] Trained a tree with leaves = 255 and depth = 20
[LightGBM] [Info] Iteration:270, valid_1 auc : 0.801362
[LightGBM] [Info] 1116.082631 seconds elapsed, finished iteration 270
[LightGBM] [Debug] Trained a tree with leaves = 255 and depth = 22
[LightGBM] [Info] Iteration:271, valid_1 auc : 0.801393
[LightGBM] [Info] 1118.823315 seconds elapsed, finished iteration 271
[LightGBM] [Debug] Trained a tree with leaves = 255 and depth = 20
[LightGBM] [Info] Iteration:272, valid_1 auc : 0.801401
[LightGBM] [Info] 1121.864058 seconds elapsed, finished iteration 272
[LightGBM] [Debug] Trained a tree with leaves = 255 and depth = 19
[LightGBM] [Info] Iteration:273, valid_1 auc : 0.801423
[LightGBM] [Info] 1125.045359 seconds elapsed, finished iteration 273
[LightGBM] [Debug] Trained a tree with leaves = 255 and depth = 20
[LightGBM] [Info] Iteration:274, valid_1 auc : 0.801431
[LightGBM] [Info] 1127.980873 seconds elapsed, finished iteration 274
[LightGBM] [Debug] Trained a tree with leaves = 255 and depth = 26
[LightGBM] [Info] Iteration:275, valid_1 auc : 0.801456
[LightGBM] [Info] 1132.268310 seconds elapsed, finished iteration 275
[LightGBM] [Debug] Trained a tree with leaves = 255 and depth = 18
[LightGBM] [Info] Iteration:276, valid_1 auc : 0.801473
[LightGBM] [Info] 1135.797287 seconds elapsed, finished iteration 276
[LightGBM] [Debug] Trained a tree with leaves = 255 and depth = 15
[LightGBM] [Info] Iteration:277, valid_1 auc : 0.801484
[LightGBM] [Info] 1137.993115 seconds elapsed, finished iteration 277
[LightGBM] [Debug] Trained a tree with leaves = 255 and depth = 21
[LightGBM] [Info] Iteration:278, valid_1 auc : 0.801507
[LightGBM] [Info] 1141.158476 seconds elapsed, finished iteration 278
[LightGBM] [Debug] Trained a tree with leaves = 255 and depth = 20
[LightGBM] [Info] Iteration:279, valid_1 auc : 0.801525
[LightGBM] [Info] 1144.939351 seconds elapsed, finished iteration 279
[LightGBM] [Debug] Trained a tree with leaves = 255 and depth = 22
[LightGBM] [Info] Iteration:280, valid_1 auc : 0.801538
[LightGBM] [Info] 1148.184837 seconds elapsed, finished iteration 280
[LightGBM] [Debug] Trained a tree with leaves = 255 and depth = 18
[LightGBM] [Info] Iteration:281, valid_1 auc : 0.801592
[LightGBM] [Info] 1152.126821 seconds elapsed, finished iteration 281
[LightGBM] [Debug] Trained a tree with leaves = 255 and depth = 22
[LightGBM] [Info] Iteration:282, valid_1 auc : 0.801606
[LightGBM] [Info] 1155.245190 seconds elapsed, finished iteration 282
[LightGBM] [Debug] Trained a tree with leaves = 255 and depth = 16
[LightGBM] [Info] Iteration:283, valid_1 auc : 0.801615
[LightGBM] [Info] 1157.615572 seconds elapsed, finished iteration 283
[LightGBM] [Debug] Trained a tree with leaves = 255 and depth = 20
[LightGBM] [Info] Iteration:284, valid_1 auc : 0.801628
[LightGBM] [Info] 1161.547366 seconds elapsed, finished iteration 284
[LightGBM] [Debug] Trained a tree with leaves = 255 and depth = 22
[LightGBM] [Info] Iteration:285, valid_1 auc : 0.801635
[LightGBM] [Info] 1164.129803 seconds elapsed, finished iteration 285
[LightGBM] [Debug] Trained a tree with leaves = 255 and depth = 19
[LightGBM] [Info] Iteration:286, valid_1 auc : 0.801646
[LightGBM] [Info] 1166.805463 seconds elapsed, finished iteration 286
[LightGBM] [Debug] Trained a tree with leaves = 255 and depth = 29
[LightGBM] [Info] Iteration:287, valid_1 auc : 0.801661
[LightGBM] [Info] 1170.566120 seconds elapsed, finished iteration 287
[LightGBM] [Debug] Trained a tree with leaves = 255 and depth = 22
[LightGBM] [Info] Iteration:288, valid_1 auc : 0.801699
[LightGBM] [Info] 1173.588254 seconds elapsed, finished iteration 288
[LightGBM] [Debug] Trained a tree with leaves = 255 and depth = 30
[LightGBM] [Info] Iteration:289, valid_1 auc : 0.801723
[LightGBM] [Info] 1176.929410 seconds elapsed, finished iteration 289
[LightGBM] [Debug] Trained a tree with leaves = 255 and depth = 25
[LightGBM] [Info] Iteration:290, valid_1 auc : 0.801733
[LightGBM] [Info] 1179.324105 seconds elapsed, finished iteration 290
[LightGBM] [Debug] Trained a tree with leaves = 255 and depth = 22
[LightGBM] [Info] Iteration:291, valid_1 auc : 0.80175
[LightGBM] [Info] 1181.982501 seconds elapsed, finished iteration 291
[LightGBM] [Debug] Trained a tree with leaves = 255 and depth = 19
[LightGBM] [Info] Iteration:292, valid_1 auc : 0.801767
[LightGBM] [Info] 1184.836618 seconds elapsed, finished iteration 292
[LightGBM] [Debug] Trained a tree with leaves = 255 and depth = 19
[LightGBM] [Info] Iteration:293, valid_1 auc : 0.801787
[LightGBM] [Info] 1189.190626 seconds elapsed, finished iteration 293
[LightGBM] [Debug] Trained a tree with leaves = 255 and depth = 29
[LightGBM] [Info] Iteration:294, valid_1 auc : 0.801777
[LightGBM] [Info] 1191.824563 seconds elapsed, finished iteration 294
[LightGBM] [Debug] Trained a tree with leaves = 255 and depth = 23
[LightGBM] [Info] Iteration:295, valid_1 auc : 0.80179
[LightGBM] [Info] 1194.582649 seconds elapsed, finished iteration 295
[LightGBM] [Debug] Trained a tree with leaves = 255 and depth = 21
[LightGBM] [Info] Iteration:296, valid_1 auc : 0.801804
[LightGBM] [Info] 1197.400895 seconds elapsed, finished iteration 296
[LightGBM] [Debug] Trained a tree with leaves = 255 and depth = 16
[LightGBM] [Info] Iteration:297, valid_1 auc : 0.801812
[LightGBM] [Info] 1200.355077 seconds elapsed, finished iteration 297
[LightGBM] [Debug] Trained a tree with leaves = 255 and depth = 22
[LightGBM] [Info] Iteration:298, valid_1 auc : 0.80183
[LightGBM] [Info] 1202.926676 seconds elapsed, finished iteration 298
[LightGBM] [Debug] Trained a tree with leaves = 255 and depth = 17
[LightGBM] [Info] Iteration:299, valid_1 auc : 0.801851
[LightGBM] [Info] 1207.150667 seconds elapsed, finished iteration 299
[LightGBM] [Debug] Trained a tree with leaves = 255 and depth = 20
[LightGBM] [Info] Iteration:300, valid_1 auc : 0.801861
[LightGBM] [Info] 1209.502089 seconds elapsed, finished iteration 300
[LightGBM] [Debug] Trained a tree with leaves = 255 and depth = 25
[LightGBM] [Info] Iteration:301, valid_1 auc : 0.801872
[LightGBM] [Info] 1212.724892 seconds elapsed, finished iteration 301
[LightGBM] [Debug] Trained a tree with leaves = 255 and depth = 44
[LightGBM] [Info] Iteration:302, valid_1 auc : 0.8019
[LightGBM] [Info] 1216.382347 seconds elapsed, finished iteration 302
[LightGBM] [Debug] Trained a tree with leaves = 255 and depth = 19
[LightGBM] [Info] Iteration:303, valid_1 auc : 0.801913
[LightGBM] [Info] 1219.289340 seconds elapsed, finished iteration 303
[LightGBM] [Debug] Trained a tree with leaves = 255 and depth = 22
[LightGBM] [Info] Iteration:304, valid_1 auc : 0.801929
[LightGBM] [Info] 1223.034878 seconds elapsed, finished iteration 304
[LightGBM] [Debug] Trained a tree with leaves = 255 and depth = 21
[LightGBM] [Info] Iteration:305, valid_1 auc : 0.80194
[LightGBM] [Info] 1225.730130 seconds elapsed, finished iteration 305
[LightGBM] [Debug] Trained a tree with leaves = 255 and depth = 19
[LightGBM] [Info] Iteration:306, valid_1 auc : 0.801947
[LightGBM] [Info] 1229.443210 seconds elapsed, finished iteration 306
[LightGBM] [Debug] Trained a tree with leaves = 255 and depth = 21
[LightGBM] [Info] Iteration:307, valid_1 auc : 0.80196
[LightGBM] [Info] 1232.839451 seconds elapsed, finished iteration 307
[LightGBM] [Debug] Trained a tree with leaves = 255 and depth = 24
[LightGBM] [Info] Iteration:308, valid_1 auc : 0.801976
[LightGBM] [Info] 1235.105871 seconds elapsed, finished iteration 308
[LightGBM] [Debug] Trained a tree with leaves = 255 and depth = 21
[LightGBM] [Info] Iteration:309, valid_1 auc : 0.801982
[LightGBM] [Info] 1237.769183 seconds elapsed, finished iteration 309
[LightGBM] [Debug] Trained a tree with leaves = 255 and depth = 29
[LightGBM] [Info] Iteration:310, valid_1 auc : 0.802
[LightGBM] [Info] 1239.786939 seconds elapsed, finished iteration 310
[LightGBM] [Debug] Trained a tree with leaves = 255 and depth = 25
[LightGBM] [Info] Iteration:311, valid_1 auc : 0.802004
[LightGBM] [Info] 1242.057871 seconds elapsed, finished iteration 311
[LightGBM] [Debug] Trained a tree with leaves = 255 and depth = 21
[LightGBM] [Info] Iteration:312, valid_1 auc : 0.802022
[LightGBM] [Info] 1244.557624 seconds elapsed, finished iteration 312
[LightGBM] [Debug] Trained a tree with leaves = 255 and depth = 19
[LightGBM] [Info] Iteration:313, valid_1 auc : 0.802042
[LightGBM] [Info] 1247.617632 seconds elapsed, finished iteration 313
[LightGBM] [Debug] Trained a tree with leaves = 255 and depth = 21
[LightGBM] [Info] Iteration:314, valid_1 auc : 0.802063
[LightGBM] [Info] 1251.040503 seconds elapsed, finished iteration 314
[LightGBM] [Debug] Trained a tree with leaves = 255 and depth = 21
[LightGBM] [Info] Iteration:315, valid_1 auc : 0.802079
[LightGBM] [Info] 1254.726693 seconds elapsed, finished iteration 315
[LightGBM] [Debug] Trained a tree with leaves = 255 and depth = 19
[LightGBM] [Info] Iteration:316, valid_1 auc : 0.802105
[LightGBM] [Info] 1258.088524 seconds elapsed, finished iteration 316
[LightGBM] [Debug] Trained a tree with leaves = 255 and depth = 22
[LightGBM] [Info] Iteration:317, valid_1 auc : 0.802118
[LightGBM] [Info] 1261.049204 seconds elapsed, finished iteration 317
[LightGBM] [Debug] Trained a tree with leaves = 255 and depth = 19
[LightGBM] [Info] Iteration:318, valid_1 auc : 0.802134
[LightGBM] [Info] 1264.916318 seconds elapsed, finished iteration 318
[LightGBM] [Debug] Trained a tree with leaves = 255 and depth = 21
[LightGBM] [Info] Iteration:319, valid_1 auc : 0.802136
[LightGBM] [Info] 1267.101112 seconds elapsed, finished iteration 319
[LightGBM] [Debug] Trained a tree with leaves = 255 and depth = 19
[LightGBM] [Info] Iteration:320, valid_1 auc : 0.802144
[LightGBM] [Info] 1269.258456 seconds elapsed, finished iteration 320
[LightGBM] [Debug] Trained a tree with leaves = 255 and depth = 22
[LightGBM] [Info] Iteration:321, valid_1 auc : 0.802158
[LightGBM] [Info] 1272.369771 seconds elapsed, finished iteration 321
[LightGBM] [Debug] Trained a tree with leaves = 255 and depth = 23
[LightGBM] [Info] Iteration:322, valid_1 auc : 0.802163
[LightGBM] [Info] 1274.351024 seconds elapsed, finished iteration 322
[LightGBM] [Debug] Trained a tree with leaves = 255 and depth = 22
[LightGBM] [Info] Iteration:323, valid_1 auc : 0.802179
[LightGBM] [Info] 1278.487960 seconds elapsed, finished iteration 323
[LightGBM] [Debug] Trained a tree with leaves = 255 and depth = 26
[LightGBM] [Info] Iteration:324, valid_1 auc : 0.802177
[LightGBM] [Info] 1282.145551 seconds elapsed, finished iteration 324
[LightGBM] [Debug] Trained a tree with leaves = 255 and depth = 22
[LightGBM] [Info] Iteration:325, valid_1 auc : 0.802187
[LightGBM] [Info] 1285.206694 seconds elapsed, finished iteration 325
[LightGBM] [Debug] Trained a tree with leaves = 255 and depth = 20
[LightGBM] [Info] Iteration:326, valid_1 auc : 0.802199
[LightGBM] [Info] 1288.619822 seconds elapsed, finished iteration 326
[LightGBM] [Debug] Trained a tree with leaves = 255 and depth = 27
[LightGBM] [Info] Iteration:327, valid_1 auc : 0.802205
[LightGBM] [Info] 1291.424063 seconds elapsed, finished iteration 327
[LightGBM] [Debug] Trained a tree with leaves = 255 and depth = 21
[LightGBM] [Info] Iteration:328, valid_1 auc : 0.802216
[LightGBM] [Info] 1294.642788 seconds elapsed, finished iteration 328
[LightGBM] [Debug] Trained a tree with leaves = 255 and depth = 23
[LightGBM] [Info] Iteration:329, valid_1 auc : 0.802224
[LightGBM] [Info] 1297.230355 seconds elapsed, finished iteration 329
[LightGBM] [Debug] Trained a tree with leaves = 255 and depth = 20
[LightGBM] [Info] Iteration:330, valid_1 auc : 0.802241
[LightGBM] [Info] 1300.347491 seconds elapsed, finished iteration 330
[LightGBM] [Debug] Trained a tree with leaves = 255 and depth = 21
[LightGBM] [Info] Iteration:331, valid_1 auc : 0.802255
[LightGBM] [Info] 1303.585244 seconds elapsed, finished iteration 331
[LightGBM] [Debug] Trained a tree with leaves = 255 and depth = 20
[LightGBM] [Info] Iteration:332, valid_1 auc : 0.802261
[LightGBM] [Info] 1306.255312 seconds elapsed, finished iteration 332
[LightGBM] [Debug] Trained a tree with leaves = 255 and depth = 24
[LightGBM] [Info] Iteration:333, valid_1 auc : 0.802263
[LightGBM] [Info] 1309.256022 seconds elapsed, finished iteration 333
[LightGBM] [Debug] Trained a tree with leaves = 255 and depth = 23
[LightGBM] [Info] Iteration:334, valid_1 auc : 0.802287
[LightGBM] [Info] 1312.214389 seconds elapsed, finished iteration 334
[LightGBM] [Debug] Trained a tree with leaves = 255 and depth = 27
[LightGBM] [Info] Iteration:335, valid_1 auc : 0.802302
[LightGBM] [Info] 1315.512574 seconds elapsed, finished iteration 335
[LightGBM] [Debug] Trained a tree with leaves = 255 and depth = 22
[LightGBM] [Info] Iteration:336, valid_1 auc : 0.802311
[LightGBM] [Info] 1318.644851 seconds elapsed, finished iteration 336
[LightGBM] [Debug] Trained a tree with leaves = 255 and depth = 27
[LightGBM] [Info] Iteration:337, valid_1 auc : 0.802314
[LightGBM] [Info] 1321.031451 seconds elapsed, finished iteration 337
[LightGBM] [Debug] Trained a tree with leaves = 255 and depth = 21
[LightGBM] [Info] Iteration:338, valid_1 auc : 0.802327
[LightGBM] [Info] 1325.511673 seconds elapsed, finished iteration 338
[LightGBM] [Debug] Trained a tree with leaves = 255 and depth = 17
[LightGBM] [Info] Iteration:339, valid_1 auc : 0.802347
[LightGBM] [Info] 1328.547016 seconds elapsed, finished iteration 339
[LightGBM] [Debug] Trained a tree with leaves = 255 and depth = 20
[LightGBM] [Info] Iteration:340, valid_1 auc : 0.802353
[LightGBM] [Info] 1331.015804 seconds elapsed, finished iteration 340
[LightGBM] [Debug] Trained a tree with leaves = 255 and depth = 24
[LightGBM] [Info] Iteration:341, valid_1 auc : 0.802361
[LightGBM] [Info] 1333.469704 seconds elapsed, finished iteration 341
[LightGBM] [Debug] Trained a tree with leaves = 255 and depth = 24
[LightGBM] [Info] Iteration:342, valid_1 auc : 0.802377
[LightGBM] [Info] 1335.790870 seconds elapsed, finished iteration 342
[LightGBM] [Debug] Trained a tree with leaves = 255 and depth = 24
[LightGBM] [Info] Iteration:343, valid_1 auc : 0.802384
[LightGBM] [Info] 1338.038521 seconds elapsed, finished iteration 343
[LightGBM] [Debug] Trained a tree with leaves = 255 and depth = 17
[LightGBM] [Info] Iteration:344, valid_1 auc : 0.802388
[LightGBM] [Info] 1340.273608 seconds elapsed, finished iteration 344
[LightGBM] [Debug] Trained a tree with leaves = 255 and depth = 26
[LightGBM] [Info] Iteration:345, valid_1 auc : 0.802404
[LightGBM] [Info] 1343.430189 seconds elapsed, finished iteration 345
[LightGBM] [Debug] Trained a tree with leaves = 255 and depth = 23
[LightGBM] [Info] Iteration:346, valid_1 auc : 0.802424
[LightGBM] [Info] 1345.686067 seconds elapsed, finished iteration 346
[LightGBM] [Debug] Trained a tree with leaves = 255 and depth = 25
[LightGBM] [Info] Iteration:347, valid_1 auc : 0.802449
[LightGBM] [Info] 1348.059510 seconds elapsed, finished iteration 347
[LightGBM] [Debug] Trained a tree with leaves = 255 and depth = 19
[LightGBM] [Info] Iteration:348, valid_1 auc : 0.802465
[LightGBM] [Info] 1351.771642 seconds elapsed, finished iteration 348
[LightGBM] [Debug] Trained a tree with leaves = 255 and depth = 20
[LightGBM] [Info] Iteration:349, valid_1 auc : 0.802471
[LightGBM] [Info] 1354.790063 seconds elapsed, finished iteration 349
[LightGBM] [Debug] Trained a tree with leaves = 255 and depth = 24
[LightGBM] [Info] Iteration:350, valid_1 auc : 0.802482
[LightGBM] [Info] 1357.910876 seconds elapsed, finished iteration 350
[LightGBM] [Debug] Trained a tree with leaves = 255 and depth = 23
[LightGBM] [Info] Iteration:351, valid_1 auc : 0.802485
[LightGBM] [Info] 1360.152186 seconds elapsed, finished iteration 351
[LightGBM] [Debug] Trained a tree with leaves = 255 and depth = 25
[LightGBM] [Info] Iteration:352, valid_1 auc : 0.802488
[LightGBM] [Info] 1362.139065 seconds elapsed, finished iteration 352
[LightGBM] [Debug] Trained a tree with leaves = 255 and depth = 30
[LightGBM] [Info] Iteration:353, valid_1 auc : 0.802494
[LightGBM] [Info] 1364.518073 seconds elapsed, finished iteration 353
[LightGBM] [Debug] Trained a tree with leaves = 255 and depth = 17
[LightGBM] [Info] Iteration:354, valid_1 auc : 0.802509
[LightGBM] [Info] 1368.062469 seconds elapsed, finished iteration 354
[LightGBM] [Debug] Trained a tree with leaves = 255 and depth = 27
[LightGBM] [Info] Iteration:355, valid_1 auc : 0.802513
[LightGBM] [Info] 1370.815953 seconds elapsed, finished iteration 355
[LightGBM] [Debug] Trained a tree with leaves = 255 and depth = 20
[LightGBM] [Info] Iteration:356, valid_1 auc : 0.802523
[LightGBM] [Info] 1372.950853 seconds elapsed, finished iteration 356
[LightGBM] [Debug] Trained a tree with leaves = 255 and depth = 26
[LightGBM] [Info] Iteration:357, valid_1 auc : 0.802538
[LightGBM] [Info] 1375.090134 seconds elapsed, finished iteration 357
[LightGBM] [Debug] Trained a tree with leaves = 255 and depth = 24
[LightGBM] [Info] Iteration:358, valid_1 auc : 0.802551
[LightGBM] [Info] 1377.131789 seconds elapsed, finished iteration 358
[LightGBM] [Debug] Trained a tree with leaves = 255 and depth = 19
[LightGBM] [Info] Iteration:359, valid_1 auc : 0.802568
[LightGBM] [Info] 1379.314093 seconds elapsed, finished iteration 359
[LightGBM] [Debug] Trained a tree with leaves = 255 and depth = 28
[LightGBM] [Info] Iteration:360, valid_1 auc : 0.80258
[LightGBM] [Info] 1382.750394 seconds elapsed, finished iteration 360
[LightGBM] [Debug] Trained a tree with leaves = 255 and depth = 17
[LightGBM] [Info] Iteration:361, valid_1 auc : 0.802586
[LightGBM] [Info] 1385.395462 seconds elapsed, finished iteration 361
[LightGBM] [Debug] Trained a tree with leaves = 255 and depth = 21
[LightGBM] [Info] Iteration:362, valid_1 auc : 0.802612
[LightGBM] [Info] 1388.452328 seconds elapsed, finished iteration 362
[LightGBM] [Debug] Trained a tree with leaves = 255 and depth = 25
[LightGBM] [Info] Iteration:363, valid_1 auc : 0.802627
[LightGBM] [Info] 1390.592305 seconds elapsed, finished iteration 363
[LightGBM] [Debug] Trained a tree with leaves = 255 and depth = 20
[LightGBM] [Info] Iteration:364, valid_1 auc : 0.802647
[LightGBM] [Info] 1394.205350 seconds elapsed, finished iteration 364
[LightGBM] [Debug] Trained a tree with leaves = 255 and depth = 19
[LightGBM] [Info] Iteration:365, valid_1 auc : 0.80266
[LightGBM] [Info] 1397.237625 seconds elapsed, finished iteration 365
[LightGBM] [Debug] Trained a tree with leaves = 255 and depth = 26
[LightGBM] [Info] Iteration:366, valid_1 auc : 0.802664
[LightGBM] [Info] 1399.334446 seconds elapsed, finished iteration 366
[LightGBM] [Debug] Trained a tree with leaves = 255 and depth = 26
[LightGBM] [Info] Iteration:367, valid_1 auc : 0.802667
[LightGBM] [Info] 1401.295110 seconds elapsed, finished iteration 367
[LightGBM] [Debug] Trained a tree with leaves = 255 and depth = 21
[LightGBM] [Info] Iteration:368, valid_1 auc : 0.802673
[LightGBM] [Info] 1403.732738 seconds elapsed, finished iteration 368
[LightGBM] [Debug] Trained a tree with leaves = 255 and depth = 23
[LightGBM] [Info] Iteration:369, valid_1 auc : 0.802688
[LightGBM] [Info] 1407.772966 seconds elapsed, finished iteration 369
[LightGBM] [Debug] Trained a tree with leaves = 255 and depth = 19
[LightGBM] [Info] Iteration:370, valid_1 auc : 0.802693
[LightGBM] [Info] 1410.920487 seconds elapsed, finished iteration 370
[LightGBM] [Debug] Trained a tree with leaves = 255 and depth = 19
[LightGBM] [Info] Iteration:371, valid_1 auc : 0.802708
[LightGBM] [Info] 1413.656853 seconds elapsed, finished iteration 371
[LightGBM] [Debug] Trained a tree with leaves = 255 and depth = 32
[LightGBM] [Info] Iteration:372, valid_1 auc : 0.80271
[LightGBM] [Info] 1416.045355 seconds elapsed, finished iteration 372
[LightGBM] [Debug] Trained a tree with leaves = 255 and depth = 26
[LightGBM] [Info] Iteration:373, valid_1 auc : 0.802722
[LightGBM] [Info] 1418.276151 seconds elapsed, finished iteration 373
[LightGBM] [Debug] Trained a tree with leaves = 255 and depth = 20
[LightGBM] [Info] Iteration:374, valid_1 auc : 0.80274
[LightGBM] [Info] 1421.198108 seconds elapsed, finished iteration 374
[LightGBM] [Debug] Trained a tree with leaves = 255 and depth = 22
[LightGBM] [Info] Iteration:375, valid_1 auc : 0.802758
[LightGBM] [Info] 1424.260715 seconds elapsed, finished iteration 375
[LightGBM] [Debug] Trained a tree with leaves = 255 and depth = 28
[LightGBM] [Info] Iteration:376, valid_1 auc : 0.802779
[LightGBM] [Info] 1428.491776 seconds elapsed, finished iteration 376
[LightGBM] [Debug] Trained a tree with leaves = 255 and depth = 21
[LightGBM] [Info] Iteration:377, valid_1 auc : 0.80279
[LightGBM] [Info] 1431.620911 seconds elapsed, finished iteration 377
[LightGBM] [Debug] Trained a tree with leaves = 255 and depth = 19
[LightGBM] [Info] Iteration:378, valid_1 auc : 0.8028
[LightGBM] [Info] 1435.555836 seconds elapsed, finished iteration 378
[LightGBM] [Debug] Trained a tree with leaves = 255 and depth = 28
[LightGBM] [Info] Iteration:379, valid_1 auc : 0.802808
[LightGBM] [Info] 1438.456363 seconds elapsed, finished iteration 379
[LightGBM] [Debug] Trained a tree with leaves = 255 and depth = 28
[LightGBM] [Info] Iteration:380, valid_1 auc : 0.802823
[LightGBM] [Info] 1441.515574 seconds elapsed, finished iteration 380
[LightGBM] [Debug] Trained a tree with leaves = 255 and depth = 23
[LightGBM] [Info] Iteration:381, valid_1 auc : 0.802831
[LightGBM] [Info] 1444.516292 seconds elapsed, finished iteration 381
[LightGBM] [Debug] Trained a tree with leaves = 255 and depth = 25
[LightGBM] [Info] Iteration:382, valid_1 auc : 0.802853
[LightGBM] [Info] 1448.768577 seconds elapsed, finished iteration 382
[LightGBM] [Debug] Trained a tree with leaves = 255 and depth = 18
[LightGBM] [Info] Iteration:383, valid_1 auc : 0.802857
[LightGBM] [Info] 1451.118871 seconds elapsed, finished iteration 383
[LightGBM] [Debug] Trained a tree with leaves = 255 and depth = 24
[LightGBM] [Info] Iteration:384, valid_1 auc : 0.802865
[LightGBM] [Info] 1453.917166 seconds elapsed, finished iteration 384
[LightGBM] [Debug] Trained a tree with leaves = 255 and depth = 20
[LightGBM] [Info] Iteration:385, valid_1 auc : 0.802872
[LightGBM] [Info] 1455.932329 seconds elapsed, finished iteration 385
[LightGBM] [Debug] Trained a tree with leaves = 255 and depth = 24
[LightGBM] [Info] Iteration:386, valid_1 auc : 0.802894
[LightGBM] [Info] 1457.920457 seconds elapsed, finished iteration 386
[LightGBM] [Debug] Trained a tree with leaves = 255 and depth = 18
[LightGBM] [Info] Iteration:387, valid_1 auc : 0.802903
[LightGBM] [Info] 1460.818499 seconds elapsed, finished iteration 387
[LightGBM] [Debug] Trained a tree with leaves = 255 and depth = 26
[LightGBM] [Info] Iteration:388, valid_1 auc : 0.802912
[LightGBM] [Info] 1463.914727 seconds elapsed, finished iteration 388
[LightGBM] [Debug] Trained a tree with leaves = 255 and depth = 23
[LightGBM] [Info] Iteration:389, valid_1 auc : 0.802923
[LightGBM] [Info] 1466.959708 seconds elapsed, finished iteration 389
[LightGBM] [Debug] Trained a tree with leaves = 255 and depth = 17
[LightGBM] [Info] Iteration:390, valid_1 auc : 0.802928
[LightGBM] [Info] 1469.706226 seconds elapsed, finished iteration 390
[LightGBM] [Debug] Trained a tree with leaves = 255 and depth = 21
[LightGBM] [Info] Iteration:391, valid_1 auc : 0.80293
[LightGBM] [Info] 1471.894084 seconds elapsed, finished iteration 391
[LightGBM] [Debug] Trained a tree with leaves = 255 and depth = 25
[LightGBM] [Info] Iteration:392, valid_1 auc : 0.802933
[LightGBM] [Info] 1474.011547 seconds elapsed, finished iteration 392
[LightGBM] [Debug] Trained a tree with leaves = 255 and depth = 27
[LightGBM] [Info] Iteration:393, valid_1 auc : 0.802938
[LightGBM] [Info] 1476.128991 seconds elapsed, finished iteration 393
[LightGBM] [Debug] Trained a tree with leaves = 255 and depth = 27
[LightGBM] [Info] Iteration:394, valid_1 auc : 0.802941
[LightGBM] [Info] 1478.478567 seconds elapsed, finished iteration 394
[LightGBM] [Debug] Trained a tree with leaves = 255 and depth = 19
[LightGBM] [Info] Iteration:395, valid_1 auc : 0.802953
[LightGBM] [Info] 1482.018459 seconds elapsed, finished iteration 395
[LightGBM] [Debug] Trained a tree with leaves = 255 and depth = 22
[LightGBM] [Info] Iteration:396, valid_1 auc : 0.802966
[LightGBM] [Info] 1484.851857 seconds elapsed, finished iteration 396
[LightGBM] [Debug] Trained a tree with leaves = 255 and depth = 19
[LightGBM] [Info] Iteration:397, valid_1 auc : 0.802971
[LightGBM] [Info] 1487.099403 seconds elapsed, finished iteration 397
[LightGBM] [Debug] Trained a tree with leaves = 255 and depth = 22
[LightGBM] [Info] Iteration:398, valid_1 auc : 0.802983
[LightGBM] [Info] 1489.214725 seconds elapsed, finished iteration 398
[LightGBM] [Debug] Trained a tree with leaves = 255 and depth = 19
[LightGBM] [Info] Iteration:399, valid_1 auc : 0.802992
[LightGBM] [Info] 1491.354805 seconds elapsed, finished iteration 399
[LightGBM] [Debug] Trained a tree with leaves = 255 and depth = 20
[LightGBM] [Info] Iteration:400, valid_1 auc : 0.802998
[LightGBM] [Info] 1493.948319 seconds elapsed, finished iteration 400
[LightGBM] [Debug] Trained a tree with leaves = 255 and depth = 17
[LightGBM] [Info] Iteration:401, valid_1 auc : 0.803023
[LightGBM] [Info] 1496.730638 seconds elapsed, finished iteration 401
[LightGBM] [Debug] Trained a tree with leaves = 255 and depth = 20
[LightGBM] [Info] Iteration:402, valid_1 auc : 0.803036
[LightGBM] [Info] 1499.367426 seconds elapsed, finished iteration 402
[LightGBM] [Debug] Trained a tree with leaves = 255 and depth = 20
[LightGBM] [Info] Iteration:403, valid_1 auc : 0.803041
[LightGBM] [Info] 1502.938764 seconds elapsed, finished iteration 403
[LightGBM] [Debug] Trained a tree with leaves = 255 and depth = 18
[LightGBM] [Info] Iteration:404, valid_1 auc : 0.80305
[LightGBM] [Info] 1506.539833 seconds elapsed, finished iteration 404
[LightGBM] [Debug] Trained a tree with leaves = 255 and depth = 27
[LightGBM] [Info] Iteration:405, valid_1 auc : 0.80307
[LightGBM] [Info] 1510.098434 seconds elapsed, finished iteration 405
[LightGBM] [Debug] Trained a tree with leaves = 255 and depth = 29
[LightGBM] [Info] Iteration:406, valid_1 auc : 0.80308
[LightGBM] [Info] 1512.871496 seconds elapsed, finished iteration 406
[LightGBM] [Debug] Trained a tree with leaves = 255 and depth = 21
[LightGBM] [Info] Iteration:407, valid_1 auc : 0.803084
[LightGBM] [Info] 1515.463601 seconds elapsed, finished iteration 407
[LightGBM] [Debug] Trained a tree with leaves = 255 and depth = 22
[LightGBM] [Info] Iteration:408, valid_1 auc : 0.80309
[LightGBM] [Info] 1517.725014 seconds elapsed, finished iteration 408
[LightGBM] [Debug] Trained a tree with leaves = 255 and depth = 20
[LightGBM] [Info] Iteration:409, valid_1 auc : 0.803092
[LightGBM] [Info] 1519.960395 seconds elapsed, finished iteration 409
[LightGBM] [Debug] Trained a tree with leaves = 255 and depth = 20
[LightGBM] [Info] Iteration:410, valid_1 auc : 0.803096
[LightGBM] [Info] 1522.755769 seconds elapsed, finished iteration 410
[LightGBM] [Debug] Trained a tree with leaves = 255 and depth = 19
[LightGBM] [Info] Iteration:411, valid_1 auc : 0.803103
[LightGBM] [Info] 1526.463609 seconds elapsed, finished iteration 411
[LightGBM] [Debug] Trained a tree with leaves = 255 and depth = 23
[LightGBM] [Info] Iteration:412, valid_1 auc : 0.803105
[LightGBM] [Info] 1528.839427 seconds elapsed, finished iteration 412
[LightGBM] [Debug] Trained a tree with leaves = 255 and depth = 20
[LightGBM] [Info] Iteration:413, valid_1 auc : 0.803125
[LightGBM] [Info] 1532.118335 seconds elapsed, finished iteration 413
[LightGBM] [Debug] Trained a tree with leaves = 255 and depth = 30
[LightGBM] [Info] Iteration:414, valid_1 auc : 0.803132
[LightGBM] [Info] 1534.170235 seconds elapsed, finished iteration 414
[LightGBM] [Debug] Trained a tree with leaves = 255 and depth = 20
[LightGBM] [Info] Iteration:415, valid_1 auc : 0.803133
[LightGBM] [Info] 1536.271931 seconds elapsed, finished iteration 415
[LightGBM] [Debug] Trained a tree with leaves = 255 and depth = 22
[LightGBM] [Info] Iteration:416, valid_1 auc : 0.803137
[LightGBM] [Info] 1538.829021 seconds elapsed, finished iteration 416
[LightGBM] [Debug] Trained a tree with leaves = 255 and depth = 20
[LightGBM] [Info] Iteration:417, valid_1 auc : 0.803141
[LightGBM] [Info] 1541.695607 seconds elapsed, finished iteration 417
[LightGBM] [Debug] Trained a tree with leaves = 255 and depth = 21
[LightGBM] [Info] Iteration:418, valid_1 auc : 0.80315
[LightGBM] [Info] 1544.610441 seconds elapsed, finished iteration 418
[LightGBM] [Debug] Trained a tree with leaves = 255 and depth = 23
[LightGBM] [Info] Iteration:419, valid_1 auc : 0.803172
[LightGBM] [Info] 1547.897438 seconds elapsed, finished iteration 419
[LightGBM] [Debug] Trained a tree with leaves = 255 and depth = 26
[LightGBM] [Info] Iteration:420, valid_1 auc : 0.803177
[LightGBM] [Info] 1550.634454 seconds elapsed, finished iteration 420
[LightGBM] [Debug] Trained a tree with leaves = 255 and depth = 22
[LightGBM] [Info] Iteration:421, valid_1 auc : 0.803181
[LightGBM] [Info] 1553.438870 seconds elapsed, finished iteration 421
[LightGBM] [Debug] Trained a tree with leaves = 255 and depth = 24
[LightGBM] [Info] Iteration:422, valid_1 auc : 0.803184
[LightGBM] [Info] 1555.868590 seconds elapsed, finished iteration 422
[LightGBM] [Debug] Trained a tree with leaves = 255 and depth = 23
[LightGBM] [Info] Iteration:423, valid_1 auc : 0.803185
[LightGBM] [Info] 1558.067702 seconds elapsed, finished iteration 423
[LightGBM] [Debug] Trained a tree with leaves = 255 and depth = 24
[LightGBM] [Info] Iteration:424, valid_1 auc : 0.803185
[LightGBM] [Info] 1560.889985 seconds elapsed, finished iteration 424
[LightGBM] [Debug] Trained a tree with leaves = 255 and depth = 24
[LightGBM] [Info] Iteration:425, valid_1 auc : 0.803188
[LightGBM] [Info] 1562.912698 seconds elapsed, finished iteration 425
[LightGBM] [Debug] Trained a tree with leaves = 255 and depth = 26
[LightGBM] [Info] Iteration:426, valid_1 auc : 0.803191
[LightGBM] [Info] 1565.208346 seconds elapsed, finished iteration 426
[LightGBM] [Debug] Trained a tree with leaves = 255 and depth = 21
[LightGBM] [Info] Iteration:427, valid_1 auc : 0.803197
[LightGBM] [Info] 1567.671731 seconds elapsed, finished iteration 427
[LightGBM] [Debug] Trained a tree with leaves = 255 and depth = 19
[LightGBM] [Info] Iteration:428, valid_1 auc : 0.803199
[LightGBM] [Info] 1569.890322 seconds elapsed, finished iteration 428
[LightGBM] [Debug] Trained a tree with leaves = 255 and depth = 24
[LightGBM] [Info] Iteration:429, valid_1 auc : 0.803213
[LightGBM] [Info] 1572.467202 seconds elapsed, finished iteration 429
[LightGBM] [Debug] Trained a tree with leaves = 255 and depth = 24
[LightGBM] [Info] Iteration:430, valid_1 auc : 0.803219
[LightGBM] [Info] 1575.179419 seconds elapsed, finished iteration 430
[LightGBM] [Debug] Trained a tree with leaves = 255 and depth = 21
[LightGBM] [Info] Iteration:431, valid_1 auc : 0.803231
[LightGBM] [Info] 1578.309356 seconds elapsed, finished iteration 431
[LightGBM] [Debug] Trained a tree with leaves = 255 and depth = 23
[LightGBM] [Info] Iteration:432, valid_1 auc : 0.803231
[LightGBM] [Info] 1580.403805 seconds elapsed, finished iteration 432
[LightGBM] [Debug] Trained a tree with leaves = 255 and depth = 19
[LightGBM] [Info] Iteration:433, valid_1 auc : 0.803232
[LightGBM] [Info] 1582.844908 seconds elapsed, finished iteration 433
[LightGBM] [Debug] Trained a tree with leaves = 255 and depth = 18
[LightGBM] [Info] Iteration:434, valid_1 auc : 0.803241
[LightGBM] [Info] 1586.193309 seconds elapsed, finished iteration 434
[LightGBM] [Debug] Trained a tree with leaves = 255 and depth = 22
[LightGBM] [Info] Iteration:435, valid_1 auc : 0.803249
[LightGBM] [Info] 1589.573490 seconds elapsed, finished iteration 435
[LightGBM] [Debug] Trained a tree with leaves = 255 and depth = 24
[LightGBM] [Info] Iteration:436, valid_1 auc : 0.803252
[LightGBM] [Info] 1591.824323 seconds elapsed, finished iteration 436
[LightGBM] [Debug] Trained a tree with leaves = 255 and depth = 32
[LightGBM] [Info] Iteration:437, valid_1 auc : 0.803255
[LightGBM] [Info] 1593.859806 seconds elapsed, finished iteration 437
[LightGBM] [Debug] Trained a tree with leaves = 255 and depth = 24
[LightGBM] [Info] Iteration:438, valid_1 auc : 0.803262
[LightGBM] [Info] 1595.843575 seconds elapsed, finished iteration 438
[LightGBM] [Debug] Trained a tree with leaves = 255 and depth = 25
[LightGBM] [Info] Iteration:439, valid_1 auc : 0.803274
[LightGBM] [Info] 1598.406854 seconds elapsed, finished iteration 439
[LightGBM] [Debug] Trained a tree with leaves = 255 and depth = 21
[LightGBM] [Info] Iteration:440, valid_1 auc : 0.803285
[LightGBM] [Info] 1601.199417 seconds elapsed, finished iteration 440
[LightGBM] [Debug] Trained a tree with leaves = 255 and depth = 19
[LightGBM] [Info] Iteration:441, valid_1 auc : 0.803301
[LightGBM] [Info] 1603.644806 seconds elapsed, finished iteration 441
[LightGBM] [Debug] Trained a tree with leaves = 255 and depth = 20
[LightGBM] [Info] Iteration:442, valid_1 auc : 0.803317
[LightGBM] [Info] 1607.178932 seconds elapsed, finished iteration 442
[LightGBM] [Debug] Trained a tree with leaves = 255 and depth = 23
[LightGBM] [Info] Iteration:443, valid_1 auc : 0.803325
[LightGBM] [Info] 1609.548266 seconds elapsed, finished iteration 443
[LightGBM] [Debug] Trained a tree with leaves = 255 and depth = 22
[LightGBM] [Info] Iteration:444, valid_1 auc : 0.803348
[LightGBM] [Info] 1612.041215 seconds elapsed, finished iteration 444
[LightGBM] [Debug] Trained a tree with leaves = 255 and depth = 25
[LightGBM] [Info] Iteration:445, valid_1 auc : 0.803354
[LightGBM] [Info] 1614.438673 seconds elapsed, finished iteration 445
[LightGBM] [Debug] Trained a tree with leaves = 255 and depth = 24
[LightGBM] [Info] Iteration:446, valid_1 auc : 0.803357
[LightGBM] [Info] 1616.355746 seconds elapsed, finished iteration 446
[LightGBM] [Debug] Trained a tree with leaves = 255 and depth = 18
[LightGBM] [Info] Iteration:447, valid_1 auc : 0.803369
[LightGBM] [Info] 1619.158421 seconds elapsed, finished iteration 447
[LightGBM] [Debug] Trained a tree with leaves = 255 and depth = 22
[LightGBM] [Info] Iteration:448, valid_1 auc : 0.803372
[LightGBM] [Info] 1621.410029 seconds elapsed, finished iteration 448
[LightGBM] [Debug] Trained a tree with leaves = 255 and depth = 22
[LightGBM] [Info] Iteration:449, valid_1 auc : 0.80339
[LightGBM] [Info] 1624.880166 seconds elapsed, finished iteration 449
[LightGBM] [Debug] Trained a tree with leaves = 255 and depth = 26
[LightGBM] [Info] Iteration:450, valid_1 auc : 0.803396
[LightGBM] [Info] 1627.380267 seconds elapsed, finished iteration 450
[LightGBM] [Debug] Trained a tree with leaves = 255 and depth = 23
[LightGBM] [Info] Iteration:451, valid_1 auc : 0.803398
[LightGBM] [Info] 1629.531217 seconds elapsed, finished iteration 451
[LightGBM] [Debug] Trained a tree with leaves = 255 and depth = 17
[LightGBM] [Info] Iteration:452, valid_1 auc : 0.803408
[LightGBM] [Info] 1632.882971 seconds elapsed, finished iteration 452
[LightGBM] [Debug] Trained a tree with leaves = 255 and depth = 26
[LightGBM] [Info] Iteration:453, valid_1 auc : 0.803414
[LightGBM] [Info] 1635.740351 seconds elapsed, finished iteration 453
[LightGBM] [Debug] Trained a tree with leaves = 255 and depth = 22
[LightGBM] [Info] Iteration:454, valid_1 auc : 0.803419
[LightGBM] [Info] 1637.975348 seconds elapsed, finished iteration 454
[LightGBM] [Debug] Trained a tree with leaves = 255 and depth = 20
[LightGBM] [Info] Iteration:455, valid_1 auc : 0.803428
[LightGBM] [Info] 1641.066431 seconds elapsed, finished iteration 455
[LightGBM] [Debug] Trained a tree with leaves = 255 and depth = 27
[LightGBM] [Info] Iteration:456, valid_1 auc : 0.80343
[LightGBM] [Info] 1643.287241 seconds elapsed, finished iteration 456
[LightGBM] [Debug] Trained a tree with leaves = 255 and depth = 18
[LightGBM] [Info] Iteration:457, valid_1 auc : 0.803433
[LightGBM] [Info] 1645.519520 seconds elapsed, finished iteration 457
[LightGBM] [Debug] Trained a tree with leaves = 255 and depth = 24
[LightGBM] [Info] Iteration:458, valid_1 auc : 0.803434
[LightGBM] [Info] 1648.362940 seconds elapsed, finished iteration 458
[LightGBM] [Debug] Trained a tree with leaves = 255 and depth = 25
[LightGBM] [Info] Iteration:459, valid_1 auc : 0.803438
[LightGBM] [Info] 1650.638103 seconds elapsed, finished iteration 459
[LightGBM] [Debug] Trained a tree with leaves = 255 and depth = 22
[LightGBM] [Info] Iteration:460, valid_1 auc : 0.803448
[LightGBM] [Info] 1653.668962 seconds elapsed, finished iteration 460
[LightGBM] [Debug] Trained a tree with leaves = 255 and depth = 18
[LightGBM] [Info] Iteration:461, valid_1 auc : 0.803451
[LightGBM] [Info] 1655.707838 seconds elapsed, finished iteration 461
[LightGBM] [Debug] Trained a tree with leaves = 255 and depth = 19
[LightGBM] [Info] Iteration:462, valid_1 auc : 0.803459
[LightGBM] [Info] 1657.846580 seconds elapsed, finished iteration 462
[LightGBM] [Debug] Trained a tree with leaves = 255 and depth = 18
[LightGBM] [Info] Iteration:463, valid_1 auc : 0.803463
[LightGBM] [Info] 1660.673603 seconds elapsed, finished iteration 463
[LightGBM] [Debug] Trained a tree with leaves = 255 and depth = 22
[LightGBM] [Info] Iteration:464, valid_1 auc : 0.803476
[LightGBM] [Info] 1663.596744 seconds elapsed, finished iteration 464
[LightGBM] [Debug] Trained a tree with leaves = 255 and depth = 28
[LightGBM] [Info] Iteration:465, valid_1 auc : 0.803479
[LightGBM] [Info] 1665.647058 seconds elapsed, finished iteration 465
[LightGBM] [Debug] Trained a tree with leaves = 255 and depth = 30
[LightGBM] [Info] Iteration:466, valid_1 auc : 0.803484
[LightGBM] [Info] 1667.778714 seconds elapsed, finished iteration 466
[LightGBM] [Debug] Trained a tree with leaves = 255 and depth = 21
[LightGBM] [Info] Iteration:467, valid_1 auc : 0.803487
[LightGBM] [Info] 1670.466121 seconds elapsed, finished iteration 467
[LightGBM] [Debug] Trained a tree with leaves = 255 and depth = 24
[LightGBM] [Info] Iteration:468, valid_1 auc : 0.8035
[LightGBM] [Info] 1673.252648 seconds elapsed, finished iteration 468
[LightGBM] [Debug] Trained a tree with leaves = 255 and depth = 22
[LightGBM] [Info] Iteration:469, valid_1 auc : 0.803512
[LightGBM] [Info] 1676.185139 seconds elapsed, finished iteration 469
[LightGBM] [Debug] Trained a tree with leaves = 255 and depth = 22
[LightGBM] [Info] Iteration:470, valid_1 auc : 0.803513
[LightGBM] [Info] 1678.829524 seconds elapsed, finished iteration 470
[LightGBM] [Debug] Trained a tree with leaves = 255 and depth = 18
[LightGBM] [Info] Iteration:471, valid_1 auc : 0.803526
[LightGBM] [Info] 1681.869614 seconds elapsed, finished iteration 471
[LightGBM] [Debug] Trained a tree with leaves = 255 and depth = 21
[LightGBM] [Info] Iteration:472, valid_1 auc : 0.803528
[LightGBM] [Info] 1684.462176 seconds elapsed, finished iteration 472
[LightGBM] [Debug] Trained a tree with leaves = 255 and depth = 20
[LightGBM] [Info] Iteration:473, valid_1 auc : 0.803531
[LightGBM] [Info] 1686.719199 seconds elapsed, finished iteration 473
[LightGBM] [Debug] Trained a tree with leaves = 255 and depth = 23
[LightGBM] [Info] Iteration:474, valid_1 auc : 0.803533
[LightGBM] [Info] 1688.856217 seconds elapsed, finished iteration 474
[LightGBM] [Debug] Trained a tree with leaves = 255 and depth = 22
[LightGBM] [Info] Iteration:475, valid_1 auc : 0.803553
[LightGBM] [Info] 1691.460916 seconds elapsed, finished iteration 475
[LightGBM] [Debug] Trained a tree with leaves = 255 and depth = 24
[LightGBM] [Info] Iteration:476, valid_1 auc : 0.803559
[LightGBM] [Info] 1694.000870 seconds elapsed, finished iteration 476
[LightGBM] [Debug] Trained a tree with leaves = 255 and depth = 17
[LightGBM] [Info] Iteration:477, valid_1 auc : 0.803564
[LightGBM] [Info] 1696.441323 seconds elapsed, finished iteration 477
[LightGBM] [Debug] Trained a tree with leaves = 255 and depth = 19
[LightGBM] [Info] Iteration:478, valid_1 auc : 0.803573
[LightGBM] [Info] 1698.205642 seconds elapsed, finished iteration 478
[LightGBM] [Debug] Trained a tree with leaves = 255 and depth = 22
[LightGBM] [Info] Iteration:479, valid_1 auc : 0.803584
[LightGBM] [Info] 1702.042075 seconds elapsed, finished iteration 479
[LightGBM] [Debug] Trained a tree with leaves = 255 and depth = 19
[LightGBM] [Info] Iteration:480, valid_1 auc : 0.803598
[LightGBM] [Info] 1704.776520 seconds elapsed, finished iteration 480
[LightGBM] [Debug] Trained a tree with leaves = 255 and depth = 20
[LightGBM] [Info] Iteration:481, valid_1 auc : 0.8036
[LightGBM] [Info] 1706.967447 seconds elapsed, finished iteration 481
[LightGBM] [Debug] Trained a tree with leaves = 255 and depth = 27
[LightGBM] [Info] Iteration:482, valid_1 auc : 0.803603
[LightGBM] [Info] 1709.243324 seconds elapsed, finished iteration 482
[LightGBM] [Debug] Trained a tree with leaves = 255 and depth = 28
[LightGBM] [Info] Iteration:483, valid_1 auc : 0.803608
[LightGBM] [Info] 1711.883354 seconds elapsed, finished iteration 483
[LightGBM] [Debug] Trained a tree with leaves = 255 and depth = 23
[LightGBM] [Info] Iteration:484, valid_1 auc : 0.803613
[LightGBM] [Info] 1714.247725 seconds elapsed, finished iteration 484
[LightGBM] [Debug] Trained a tree with leaves = 255 and depth = 19
[LightGBM] [Info] Iteration:485, valid_1 auc : 0.803618
[LightGBM] [Info] 1716.868511 seconds elapsed, finished iteration 485
[LightGBM] [Debug] Trained a tree with leaves = 255 and depth = 17
[LightGBM] [Info] Iteration:486, valid_1 auc : 0.803618
[LightGBM] [Info] 1719.667590 seconds elapsed, finished iteration 486
[LightGBM] [Debug] Trained a tree with leaves = 255 and depth = 24
[LightGBM] [Info] Iteration:487, valid_1 auc : 0.803619
[LightGBM] [Info] 1721.873295 seconds elapsed, finished iteration 487
[LightGBM] [Debug] Trained a tree with leaves = 255 and depth = 23
[LightGBM] [Info] Iteration:488, valid_1 auc : 0.803624
[LightGBM] [Info] 1724.590341 seconds elapsed, finished iteration 488
[LightGBM] [Debug] Trained a tree with leaves = 255 and depth = 23
[LightGBM] [Info] Iteration:489, valid_1 auc : 0.803634
[LightGBM] [Info] 1727.796885 seconds elapsed, finished iteration 489
[LightGBM] [Debug] Trained a tree with leaves = 255 and depth = 20
[LightGBM] [Info] Iteration:490, valid_1 auc : 0.803637
[LightGBM] [Info] 1729.982842 seconds elapsed, finished iteration 490
[LightGBM] [Debug] Trained a tree with leaves = 255 and depth = 23
[LightGBM] [Info] Iteration:491, valid_1 auc : 0.803643
[LightGBM] [Info] 1732.327345 seconds elapsed, finished iteration 491
[LightGBM] [Debug] Trained a tree with leaves = 255 and depth = 27
[LightGBM] [Info] Iteration:492, valid_1 auc : 0.803646
[LightGBM] [Info] 1734.339833 seconds elapsed, finished iteration 492
[LightGBM] [Debug] Trained a tree with leaves = 255 and depth = 17
[LightGBM] [Info] Iteration:493, valid_1 auc : 0.803667
[LightGBM] [Info] 1737.210524 seconds elapsed, finished iteration 493
[LightGBM] [Debug] Trained a tree with leaves = 255 and depth = 20
[LightGBM] [Info] Iteration:494, valid_1 auc : 0.803679
[LightGBM] [Info] 1740.830229 seconds elapsed, finished iteration 494
[LightGBM] [Debug] Trained a tree with leaves = 255 and depth = 25
[LightGBM] [Info] Iteration:495, valid_1 auc : 0.803685
[LightGBM] [Info] 1743.334098 seconds elapsed, finished iteration 495
[LightGBM] [Debug] Trained a tree with leaves = 255 and depth = 21
[LightGBM] [Info] Iteration:496, valid_1 auc : 0.803687
[LightGBM] [Info] 1745.633043 seconds elapsed, finished iteration 496
[LightGBM] [Debug] Trained a tree with leaves = 255 and depth = 27
[LightGBM] [Info] Iteration:497, valid_1 auc : 0.803691
[LightGBM] [Info] 1748.415225 seconds elapsed, finished iteration 497
[LightGBM] [Debug] Trained a tree with leaves = 255 and depth = 22
[LightGBM] [Info] Iteration:498, valid_1 auc : 0.803695
[LightGBM] [Info] 1750.271497 seconds elapsed, finished iteration 498
[LightGBM] [Debug] Trained a tree with leaves = 255 and depth = 21
[LightGBM] [Info] Iteration:499, valid_1 auc : 0.803697
[LightGBM] [Info] 1753.087611 seconds elapsed, finished iteration 499
[LightGBM] [Debug] Trained a tree with leaves = 255 and depth = 18
[LightGBM] [Info] Iteration:500, valid_1 auc : 0.803699
[LightGBM] [Info] 1756.319131 seconds elapsed, finished iteration 500
[LightGBM] [Info] Finished training
[LightGBM] [Info] DataPartition::Split costs:	 155.806649
[LightGBM] [Info] Dataset::ConstructHistogramsMultiVal costs:	 809.587829
[LightGBM] [Info] Dataset::FastFeatureBundling costs:	 0.058078
[LightGBM] [Info] Dataset::GetMultiBinFromAllFeatures costs:	 4.026974
[LightGBM] [Info] Dataset::InitTrain costs:	 0.017717
[LightGBM] [Info] Dataset::PushDataToMultiValBin costs:	 2.876480
[LightGBM] [Info] Dataset::TestMultiThreadingMethod costs:	 4.027039
[LightGBM] [Info] Dataset::sparse_bin_histogram costs:	 790.086962
[LightGBM] [Info] Dataset::sparse_bin_histogram_merge costs:	 18.989013
[LightGBM] [Info] Dataset::sparse_bin_histogram_move costs:	 0.020927
[LightGBM] [Info] GBDT::Bagging costs:	 0.000945
[LightGBM] [Info] GBDT::BoostFromAverage costs:	 0.040371
[LightGBM] [Info] GBDT::Boosting costs:	 65.853061
[LightGBM] [Info] GBDT::Train costs:	 1756.319141
[LightGBM] [Info] GBDT::TrainOneIter costs:	 1143.381673
[LightGBM] [Info] GBDT::UpdateScore costs:	 92.028253
[LightGBM] [Info] ScoreUpdater::AddScore costs:	 92.041042
[LightGBM] [Info] SerialTreeLearner::BeforeFindBestSplit costs:	 0.064121
[LightGBM] [Info] SerialTreeLearner::BeforeTrain costs:	 10.495387
[LightGBM] [Info] SerialTreeLearner::ConstructHistograms costs:	 809.874863
[LightGBM] [Info] SerialTreeLearner::FindBestSplitsFromHistograms costs:	 6.941344
[LightGBM] [Info] SerialTreeLearner::SplitInner costs:	 156.281367
[LightGBM] [Info] SerialTreeLearner::Train costs:	 985.431213
