[LightGBM] [Warning] use_discretized_grad is set=true, use_discretized_grad=true will be ignored. Current value: use_discretized_grad=true
[LightGBM] [Warning] discretized_grad_renew is set=false, discretized_grad_renew=true will be ignored. Current value: discretized_grad_renew=false
[LightGBM] [Info] Finished loading parameters
[LightGBM] [Debug] Loading train file...
[LightGBM] [Debug] Read 10.0 GBs from /data/shiyu/boosting_tree_benchmarks/data//kitsune.train.
[LightGBM] [Debug] Read 20.0 GBs from /data/shiyu/boosting_tree_benchmarks/data//kitsune.train.
[LightGBM] [Debug] Read 30.0 GBs from /data/shiyu/boosting_tree_benchmarks/data//kitsune.train.
[LightGBM] [Debug] Read 40.0 GBs from /data/shiyu/boosting_tree_benchmarks/data//kitsune.train.
[LightGBM] [Debug] Read 50.0 GBs from /data/shiyu/boosting_tree_benchmarks/data//kitsune.train.
[LightGBM] [Info] Construct bin mappers from text data time 4.12 seconds
[LightGBM] [Debug] Loading validation file #1...
[LightGBM] [Debug] Read 10.0 GBs from /data/shiyu/boosting_tree_benchmarks/data//kitsune.test.
[LightGBM] [Info] Finished loading data in 133.554895 seconds
[LightGBM] [Info] Number of positive: 2569562, number of negative: 14244516
[LightGBM] [Debug] Dataset::GetMultiBinFromAllFeatures: sparse rate 0.087265
[LightGBM] [Info] Total Bins 29325
[LightGBM] [Info] Number of data points in the train set: 16814078, number of used features: 115
[LightGBM] [Debug] Number of data points in validation set #1: 4203510
[LightGBM] [Info] Finished initializing training
[LightGBM] [Info] Started training...
[LightGBM] [Info] [binary:BoostFromScore]: pavg=0.152822 -> initscore=-1.712637
[LightGBM] [Info] Start training from score -1.712637
[LightGBM] [Debug] Trained a tree with leaves = 255 and depth = 23
[LightGBM] [Info] Iteration:1, valid_1 auc : 0.916624
[LightGBM] [Info] 0.888209 seconds elapsed, finished iteration 1
[LightGBM] [Debug] Trained a tree with leaves = 255 and depth = 18
[LightGBM] [Info] Iteration:2, valid_1 auc : 0.910467
[LightGBM] [Info] 1.749111 seconds elapsed, finished iteration 2
[LightGBM] [Debug] Trained a tree with leaves = 255 and depth = 18
[LightGBM] [Info] Iteration:3, valid_1 auc : 0.911236
[LightGBM] [Info] 2.604621 seconds elapsed, finished iteration 3
[LightGBM] [Debug] Trained a tree with leaves = 255 and depth = 17
[LightGBM] [Info] Iteration:4, valid_1 auc : 0.911022
[LightGBM] [Info] 3.506277 seconds elapsed, finished iteration 4
[LightGBM] [Debug] Trained a tree with leaves = 255 and depth = 20
[LightGBM] [Info] Iteration:5, valid_1 auc : 0.923681
[LightGBM] [Info] 4.422813 seconds elapsed, finished iteration 5
[LightGBM] [Debug] Trained a tree with leaves = 255 and depth = 22
[LightGBM] [Info] Iteration:6, valid_1 auc : 0.923469
[LightGBM] [Info] 5.268632 seconds elapsed, finished iteration 6
[LightGBM] [Debug] Trained a tree with leaves = 255 and depth = 20
[LightGBM] [Info] Iteration:7, valid_1 auc : 0.925155
[LightGBM] [Info] 5.987159 seconds elapsed, finished iteration 7
[LightGBM] [Debug] Trained a tree with leaves = 255 and depth = 18
[LightGBM] [Info] Iteration:8, valid_1 auc : 0.926743
[LightGBM] [Info] 6.646861 seconds elapsed, finished iteration 8
[LightGBM] [Debug] Trained a tree with leaves = 255 and depth = 19
[LightGBM] [Info] Iteration:9, valid_1 auc : 0.926656
[LightGBM] [Info] 7.350603 seconds elapsed, finished iteration 9
[LightGBM] [Debug] Trained a tree with leaves = 255 and depth = 19
[LightGBM] [Info] Iteration:10, valid_1 auc : 0.926334
[LightGBM] [Info] 8.040528 seconds elapsed, finished iteration 10
[LightGBM] [Debug] Trained a tree with leaves = 255 and depth = 20
[LightGBM] [Info] Iteration:11, valid_1 auc : 0.926335
[LightGBM] [Info] 8.734098 seconds elapsed, finished iteration 11
[LightGBM] [Debug] Trained a tree with leaves = 255 and depth = 19
[LightGBM] [Info] Iteration:12, valid_1 auc : 0.922266
[LightGBM] [Info] 9.431690 seconds elapsed, finished iteration 12
[LightGBM] [Debug] Trained a tree with leaves = 255 and depth = 18
[LightGBM] [Info] Iteration:13, valid_1 auc : 0.921892
[LightGBM] [Info] 10.154113 seconds elapsed, finished iteration 13
[LightGBM] [Debug] Trained a tree with leaves = 255 and depth = 21
[LightGBM] [Info] Iteration:14, valid_1 auc : 0.920044
[LightGBM] [Info] 10.899197 seconds elapsed, finished iteration 14
[LightGBM] [Debug] Trained a tree with leaves = 255 and depth = 19
[LightGBM] [Info] Iteration:15, valid_1 auc : 0.919747
[LightGBM] [Info] 11.651822 seconds elapsed, finished iteration 15
[LightGBM] [Debug] Trained a tree with leaves = 255 and depth = 19
[LightGBM] [Info] Iteration:16, valid_1 auc : 0.919338
[LightGBM] [Info] 12.346420 seconds elapsed, finished iteration 16
[LightGBM] [Debug] Trained a tree with leaves = 255 and depth = 17
[LightGBM] [Info] Iteration:17, valid_1 auc : 0.919138
[LightGBM] [Info] 13.041527 seconds elapsed, finished iteration 17
[LightGBM] [Debug] Trained a tree with leaves = 255 and depth = 20
[LightGBM] [Info] Iteration:18, valid_1 auc : 0.918733
[LightGBM] [Info] 13.765041 seconds elapsed, finished iteration 18
[LightGBM] [Debug] Trained a tree with leaves = 255 and depth = 19
[LightGBM] [Info] Iteration:19, valid_1 auc : 0.920297
[LightGBM] [Info] 14.547195 seconds elapsed, finished iteration 19
[LightGBM] [Debug] Trained a tree with leaves = 255 and depth = 17
[LightGBM] [Info] Iteration:20, valid_1 auc : 0.920782
[LightGBM] [Info] 15.261588 seconds elapsed, finished iteration 20
[LightGBM] [Debug] Trained a tree with leaves = 255 and depth = 19
[LightGBM] [Info] Iteration:21, valid_1 auc : 0.921086
[LightGBM] [Info] 15.985053 seconds elapsed, finished iteration 21
[LightGBM] [Debug] Trained a tree with leaves = 255 and depth = 18
[LightGBM] [Info] Iteration:22, valid_1 auc : 0.921211
[LightGBM] [Info] 16.753222 seconds elapsed, finished iteration 22
[LightGBM] [Debug] Trained a tree with leaves = 255 and depth = 21
[LightGBM] [Info] Iteration:23, valid_1 auc : 0.921332
[LightGBM] [Info] 17.764792 seconds elapsed, finished iteration 23
[LightGBM] [Debug] Trained a tree with leaves = 255 and depth = 17
[LightGBM] [Info] Iteration:24, valid_1 auc : 0.921526
[LightGBM] [Info] 18.686221 seconds elapsed, finished iteration 24
[LightGBM] [Debug] Trained a tree with leaves = 255 and depth = 18
[LightGBM] [Info] Iteration:25, valid_1 auc : 0.921056
[LightGBM] [Info] 19.689619 seconds elapsed, finished iteration 25
[LightGBM] [Debug] Trained a tree with leaves = 255 and depth = 18
[LightGBM] [Info] Iteration:26, valid_1 auc : 0.919389
[LightGBM] [Info] 20.663025 seconds elapsed, finished iteration 26
[LightGBM] [Debug] Trained a tree with leaves = 255 and depth = 18
[LightGBM] [Info] Iteration:27, valid_1 auc : 0.919562
[LightGBM] [Info] 21.677409 seconds elapsed, finished iteration 27
[LightGBM] [Debug] Trained a tree with leaves = 255 and depth = 19
[LightGBM] [Info] Iteration:28, valid_1 auc : 0.919776
[LightGBM] [Info] 22.629491 seconds elapsed, finished iteration 28
[LightGBM] [Debug] Trained a tree with leaves = 255 and depth = 18
[LightGBM] [Info] Iteration:29, valid_1 auc : 0.919556
[LightGBM] [Info] 23.634990 seconds elapsed, finished iteration 29
[LightGBM] [Debug] Trained a tree with leaves = 255 and depth = 21
[LightGBM] [Info] Iteration:30, valid_1 auc : 0.919832
[LightGBM] [Info] 24.593798 seconds elapsed, finished iteration 30
[LightGBM] [Debug] Trained a tree with leaves = 255 and depth = 20
[LightGBM] [Info] Iteration:31, valid_1 auc : 0.920255
[LightGBM] [Info] 25.571148 seconds elapsed, finished iteration 31
[LightGBM] [Debug] Trained a tree with leaves = 255 and depth = 25
[LightGBM] [Info] Iteration:32, valid_1 auc : 0.927943
[LightGBM] [Info] 26.536603 seconds elapsed, finished iteration 32
[LightGBM] [Debug] Trained a tree with leaves = 255 and depth = 21
[LightGBM] [Info] Iteration:33, valid_1 auc : 0.928161
[LightGBM] [Info] 27.605451 seconds elapsed, finished iteration 33
[LightGBM] [Debug] Trained a tree with leaves = 255 and depth = 19
[LightGBM] [Info] Iteration:34, valid_1 auc : 0.928635
[LightGBM] [Info] 28.652105 seconds elapsed, finished iteration 34
[LightGBM] [Debug] Trained a tree with leaves = 255 and depth = 21
[LightGBM] [Info] Iteration:35, valid_1 auc : 0.928777
[LightGBM] [Info] 29.649792 seconds elapsed, finished iteration 35
[LightGBM] [Debug] Trained a tree with leaves = 255 and depth = 19
[LightGBM] [Info] Iteration:36, valid_1 auc : 0.928958
[LightGBM] [Info] 30.753591 seconds elapsed, finished iteration 36
[LightGBM] [Debug] Trained a tree with leaves = 255 and depth = 20
[LightGBM] [Info] Iteration:37, valid_1 auc : 0.928932
[LightGBM] [Info] 31.806987 seconds elapsed, finished iteration 37
[LightGBM] [Debug] Trained a tree with leaves = 255 and depth = 22
[LightGBM] [Info] Iteration:38, valid_1 auc : 0.92897
[LightGBM] [Info] 32.875624 seconds elapsed, finished iteration 38
[LightGBM] [Debug] Trained a tree with leaves = 255 and depth = 20
[LightGBM] [Info] Iteration:39, valid_1 auc : 0.934507
[LightGBM] [Info] 33.734884 seconds elapsed, finished iteration 39
[LightGBM] [Debug] Trained a tree with leaves = 255 and depth = 20
[LightGBM] [Info] Iteration:40, valid_1 auc : 0.93576
[LightGBM] [Info] 34.808447 seconds elapsed, finished iteration 40
[LightGBM] [Debug] Trained a tree with leaves = 255 and depth = 22
[LightGBM] [Info] Iteration:41, valid_1 auc : 0.939117
[LightGBM] [Info] 35.870270 seconds elapsed, finished iteration 41
[LightGBM] [Debug] Trained a tree with leaves = 255 and depth = 24
[LightGBM] [Info] Iteration:42, valid_1 auc : 0.939578
[LightGBM] [Info] 36.896439 seconds elapsed, finished iteration 42
[LightGBM] [Debug] Trained a tree with leaves = 255 and depth = 23
[LightGBM] [Info] Iteration:43, valid_1 auc : 0.93979
[LightGBM] [Info] 37.717126 seconds elapsed, finished iteration 43
[LightGBM] [Debug] Trained a tree with leaves = 255 and depth = 23
[LightGBM] [Info] Iteration:44, valid_1 auc : 0.941283
[LightGBM] [Info] 38.573401 seconds elapsed, finished iteration 44
[LightGBM] [Debug] Trained a tree with leaves = 255 and depth = 23
[LightGBM] [Info] Iteration:45, valid_1 auc : 0.942542
[LightGBM] [Info] 39.667186 seconds elapsed, finished iteration 45
[LightGBM] [Debug] Trained a tree with leaves = 255 and depth = 24
[LightGBM] [Info] Iteration:46, valid_1 auc : 0.944693
[LightGBM] [Info] 40.733799 seconds elapsed, finished iteration 46
[LightGBM] [Debug] Trained a tree with leaves = 255 and depth = 22
[LightGBM] [Info] Iteration:47, valid_1 auc : 0.946412
[LightGBM] [Info] 41.706643 seconds elapsed, finished iteration 47
[LightGBM] [Debug] Trained a tree with leaves = 255 and depth = 18
[LightGBM] [Info] Iteration:48, valid_1 auc : 0.947478
[LightGBM] [Info] 42.796940 seconds elapsed, finished iteration 48
[LightGBM] [Debug] Trained a tree with leaves = 255 and depth = 25
[LightGBM] [Info] Iteration:49, valid_1 auc : 0.948296
[LightGBM] [Info] 43.852723 seconds elapsed, finished iteration 49
[LightGBM] [Debug] Trained a tree with leaves = 255 and depth = 18
[LightGBM] [Info] Iteration:50, valid_1 auc : 0.949013
[LightGBM] [Info] 44.945242 seconds elapsed, finished iteration 50
[LightGBM] [Debug] Trained a tree with leaves = 255 and depth = 28
[LightGBM] [Info] Iteration:51, valid_1 auc : 0.949126
[LightGBM] [Info] 45.902393 seconds elapsed, finished iteration 51
[LightGBM] [Debug] Trained a tree with leaves = 255 and depth = 26
[LightGBM] [Info] Iteration:52, valid_1 auc : 0.949027
[LightGBM] [Info] 47.059350 seconds elapsed, finished iteration 52
[LightGBM] [Debug] Trained a tree with leaves = 255 and depth = 23
[LightGBM] [Info] Iteration:53, valid_1 auc : 0.949322
[LightGBM] [Info] 48.170648 seconds elapsed, finished iteration 53
[LightGBM] [Debug] Trained a tree with leaves = 255 and depth = 30
[LightGBM] [Info] Iteration:54, valid_1 auc : 0.949461
[LightGBM] [Info] 49.220604 seconds elapsed, finished iteration 54
[LightGBM] [Debug] Trained a tree with leaves = 255 and depth = 26
[LightGBM] [Info] Iteration:55, valid_1 auc : 0.94977
[LightGBM] [Info] 50.340783 seconds elapsed, finished iteration 55
[LightGBM] [Debug] Trained a tree with leaves = 255 and depth = 29
[LightGBM] [Info] Iteration:56, valid_1 auc : 0.949779
[LightGBM] [Info] 51.441567 seconds elapsed, finished iteration 56
[LightGBM] [Debug] Trained a tree with leaves = 255 and depth = 29
[LightGBM] [Info] Iteration:57, valid_1 auc : 0.949999
[LightGBM] [Info] 52.562803 seconds elapsed, finished iteration 57
[LightGBM] [Debug] Trained a tree with leaves = 255 and depth = 47
[LightGBM] [Info] Iteration:58, valid_1 auc : 0.949786
[LightGBM] [Info] 53.728513 seconds elapsed, finished iteration 58
[LightGBM] [Debug] Trained a tree with leaves = 255 and depth = 26
[LightGBM] [Info] Iteration:59, valid_1 auc : 0.949793
[LightGBM] [Info] 54.571817 seconds elapsed, finished iteration 59
[LightGBM] [Debug] Trained a tree with leaves = 255 and depth = 30
[LightGBM] [Info] Iteration:60, valid_1 auc : 0.949982
[LightGBM] [Info] 55.679370 seconds elapsed, finished iteration 60
[LightGBM] [Debug] Trained a tree with leaves = 255 and depth = 29
[LightGBM] [Info] Iteration:61, valid_1 auc : 0.949919
[LightGBM] [Info] 56.908206 seconds elapsed, finished iteration 61
[LightGBM] [Debug] Trained a tree with leaves = 255 and depth = 23
[LightGBM] [Info] Iteration:62, valid_1 auc : 0.949938
[LightGBM] [Info] 58.075974 seconds elapsed, finished iteration 62
[LightGBM] [Debug] Trained a tree with leaves = 255 and depth = 28
[LightGBM] [Info] Iteration:63, valid_1 auc : 0.950259
[LightGBM] [Info] 59.312454 seconds elapsed, finished iteration 63
[LightGBM] [Debug] Trained a tree with leaves = 255 and depth = 27
[LightGBM] [Info] Iteration:64, valid_1 auc : 0.950302
[LightGBM] [Info] 60.542229 seconds elapsed, finished iteration 64
[LightGBM] [Debug] Trained a tree with leaves = 255 and depth = 26
[LightGBM] [Info] Iteration:65, valid_1 auc : 0.950258
[LightGBM] [Info] 61.679112 seconds elapsed, finished iteration 65
[LightGBM] [Debug] Trained a tree with leaves = 255 and depth = 34
[LightGBM] [Info] Iteration:66, valid_1 auc : 0.95013
[LightGBM] [Info] 62.894163 seconds elapsed, finished iteration 66
[LightGBM] [Debug] Trained a tree with leaves = 255 and depth = 30
[LightGBM] [Info] Iteration:67, valid_1 auc : 0.949965
[LightGBM] [Info] 64.156379 seconds elapsed, finished iteration 67
[LightGBM] [Debug] Trained a tree with leaves = 255 and depth = 23
[LightGBM] [Info] Iteration:68, valid_1 auc : 0.949964
[LightGBM] [Info] 65.337929 seconds elapsed, finished iteration 68
[LightGBM] [Debug] Trained a tree with leaves = 255 and depth = 28
[LightGBM] [Info] Iteration:69, valid_1 auc : 0.949947
[LightGBM] [Info] 66.403114 seconds elapsed, finished iteration 69
[LightGBM] [Debug] Trained a tree with leaves = 255 and depth = 27
[LightGBM] [Info] Iteration:70, valid_1 auc : 0.950037
[LightGBM] [Info] 67.650134 seconds elapsed, finished iteration 70
[LightGBM] [Debug] Trained a tree with leaves = 255 and depth = 33
[LightGBM] [Info] Iteration:71, valid_1 auc : 0.950201
[LightGBM] [Info] 68.798374 seconds elapsed, finished iteration 71
[LightGBM] [Debug] Trained a tree with leaves = 255 and depth = 32
[LightGBM] [Info] Iteration:72, valid_1 auc : 0.950177
[LightGBM] [Info] 69.969121 seconds elapsed, finished iteration 72
[LightGBM] [Debug] Trained a tree with leaves = 255 and depth = 26
[LightGBM] [Info] Iteration:73, valid_1 auc : 0.950133
[LightGBM] [Info] 71.160071 seconds elapsed, finished iteration 73
[LightGBM] [Debug] Trained a tree with leaves = 255 and depth = 33
[LightGBM] [Info] Iteration:74, valid_1 auc : 0.950077
[LightGBM] [Info] 72.337388 seconds elapsed, finished iteration 74
[LightGBM] [Debug] Trained a tree with leaves = 255 and depth = 31
[LightGBM] [Info] Iteration:75, valid_1 auc : 0.949987
[LightGBM] [Info] 73.630108 seconds elapsed, finished iteration 75
[LightGBM] [Debug] Trained a tree with leaves = 255 and depth = 42
[LightGBM] [Info] Iteration:76, valid_1 auc : 0.9499
[LightGBM] [Info] 74.895720 seconds elapsed, finished iteration 76
[LightGBM] [Debug] Trained a tree with leaves = 255 and depth = 24
[LightGBM] [Info] Iteration:77, valid_1 auc : 0.949668
[LightGBM] [Info] 76.011227 seconds elapsed, finished iteration 77
[LightGBM] [Debug] Trained a tree with leaves = 255 and depth = 32
[LightGBM] [Info] Iteration:78, valid_1 auc : 0.949508
[LightGBM] [Info] 77.273401 seconds elapsed, finished iteration 78
[LightGBM] [Debug] Trained a tree with leaves = 255 and depth = 35
[LightGBM] [Info] Iteration:79, valid_1 auc : 0.949574
[LightGBM] [Info] 78.518545 seconds elapsed, finished iteration 79
[LightGBM] [Debug] Trained a tree with leaves = 255 and depth = 30
[LightGBM] [Info] Iteration:80, valid_1 auc : 0.949788
[LightGBM] [Info] 79.814230 seconds elapsed, finished iteration 80
[LightGBM] [Debug] Trained a tree with leaves = 255 and depth = 30
[LightGBM] [Info] Iteration:81, valid_1 auc : 0.949966
[LightGBM] [Info] 81.093645 seconds elapsed, finished iteration 81
[LightGBM] [Debug] Trained a tree with leaves = 255 and depth = 26
[LightGBM] [Info] Iteration:82, valid_1 auc : 0.949871
[LightGBM] [Info] 82.351301 seconds elapsed, finished iteration 82
[LightGBM] [Debug] Trained a tree with leaves = 255 and depth = 34
[LightGBM] [Info] Iteration:83, valid_1 auc : 0.949839
[LightGBM] [Info] 83.681144 seconds elapsed, finished iteration 83
[LightGBM] [Debug] Trained a tree with leaves = 255 and depth = 33
[LightGBM] [Info] Iteration:84, valid_1 auc : 0.949833
[LightGBM] [Info] 84.847276 seconds elapsed, finished iteration 84
[LightGBM] [Debug] Trained a tree with leaves = 255 and depth = 33
[LightGBM] [Info] Iteration:85, valid_1 auc : 0.949849
[LightGBM] [Info] 86.287345 seconds elapsed, finished iteration 85
[LightGBM] [Debug] Trained a tree with leaves = 255 and depth = 32
[LightGBM] [Info] Iteration:86, valid_1 auc : 0.949922
[LightGBM] [Info] 87.482388 seconds elapsed, finished iteration 86
[LightGBM] [Debug] Trained a tree with leaves = 255 and depth = 27
[LightGBM] [Info] Iteration:87, valid_1 auc : 0.950013
[LightGBM] [Info] 88.642880 seconds elapsed, finished iteration 87
[LightGBM] [Debug] Trained a tree with leaves = 255 and depth = 36
[LightGBM] [Info] Iteration:88, valid_1 auc : 0.949804
[LightGBM] [Info] 89.821426 seconds elapsed, finished iteration 88
[LightGBM] [Debug] Trained a tree with leaves = 255 and depth = 39
[LightGBM] [Info] Iteration:89, valid_1 auc : 0.949685
[LightGBM] [Info] 90.961094 seconds elapsed, finished iteration 89
[LightGBM] [Debug] Trained a tree with leaves = 255 and depth = 35
[LightGBM] [Info] Iteration:90, valid_1 auc : 0.949814
[LightGBM] [Info] 92.165774 seconds elapsed, finished iteration 90
[LightGBM] [Debug] Trained a tree with leaves = 255 and depth = 50
[LightGBM] [Info] Iteration:91, valid_1 auc : 0.949926
[LightGBM] [Info] 93.376127 seconds elapsed, finished iteration 91
[LightGBM] [Debug] Trained a tree with leaves = 255 and depth = 41
[LightGBM] [Info] Iteration:92, valid_1 auc : 0.949879
[LightGBM] [Info] 94.571733 seconds elapsed, finished iteration 92
[LightGBM] [Debug] Trained a tree with leaves = 255 and depth = 46
[LightGBM] [Info] Iteration:93, valid_1 auc : 0.949898
[LightGBM] [Info] 95.958750 seconds elapsed, finished iteration 93
[LightGBM] [Debug] Trained a tree with leaves = 255 and depth = 24
[LightGBM] [Info] Iteration:94, valid_1 auc : 0.949691
[LightGBM] [Info] 97.327520 seconds elapsed, finished iteration 94
[LightGBM] [Debug] Trained a tree with leaves = 255 and depth = 42
[LightGBM] [Info] Iteration:95, valid_1 auc : 0.949699
[LightGBM] [Info] 98.701367 seconds elapsed, finished iteration 95
[LightGBM] [Debug] Trained a tree with leaves = 255 and depth = 43
[LightGBM] [Info] Iteration:96, valid_1 auc : 0.949683
[LightGBM] [Info] 99.972772 seconds elapsed, finished iteration 96
[LightGBM] [Debug] Trained a tree with leaves = 255 and depth = 39
[LightGBM] [Info] Iteration:97, valid_1 auc : 0.949522
[LightGBM] [Info] 101.288209 seconds elapsed, finished iteration 97
[LightGBM] [Debug] Trained a tree with leaves = 255 and depth = 30
[LightGBM] [Info] Iteration:98, valid_1 auc : 0.949465
[LightGBM] [Info] 102.509056 seconds elapsed, finished iteration 98
[LightGBM] [Debug] Trained a tree with leaves = 255 and depth = 37
[LightGBM] [Info] Iteration:99, valid_1 auc : 0.949529
[LightGBM] [Info] 103.882518 seconds elapsed, finished iteration 99
[LightGBM] [Debug] Trained a tree with leaves = 255 and depth = 41
[LightGBM] [Info] Iteration:100, valid_1 auc : 0.949543
[LightGBM] [Info] 105.084443 seconds elapsed, finished iteration 100
[LightGBM] [Debug] Trained a tree with leaves = 255 and depth = 32
[LightGBM] [Info] Iteration:101, valid_1 auc : 0.949614
[LightGBM] [Info] 106.317108 seconds elapsed, finished iteration 101
[LightGBM] [Debug] Trained a tree with leaves = 255 and depth = 28
[LightGBM] [Info] Iteration:102, valid_1 auc : 0.949642
[LightGBM] [Info] 107.519583 seconds elapsed, finished iteration 102
[LightGBM] [Debug] Trained a tree with leaves = 255 and depth = 29
[LightGBM] [Info] Iteration:103, valid_1 auc : 0.949682
[LightGBM] [Info] 108.594577 seconds elapsed, finished iteration 103
[LightGBM] [Debug] Trained a tree with leaves = 255 and depth = 32
[LightGBM] [Info] Iteration:104, valid_1 auc : 0.949753
[LightGBM] [Info] 109.672032 seconds elapsed, finished iteration 104
[LightGBM] [Debug] Trained a tree with leaves = 255 and depth = 38
[LightGBM] [Info] Iteration:105, valid_1 auc : 0.949848
[LightGBM] [Info] 110.577328 seconds elapsed, finished iteration 105
[LightGBM] [Debug] Trained a tree with leaves = 255 and depth = 30
[LightGBM] [Info] Iteration:106, valid_1 auc : 0.949866
[LightGBM] [Info] 111.549703 seconds elapsed, finished iteration 106
[LightGBM] [Debug] Trained a tree with leaves = 255 and depth = 41
[LightGBM] [Info] Iteration:107, valid_1 auc : 0.949985
[LightGBM] [Info] 112.909135 seconds elapsed, finished iteration 107
[LightGBM] [Debug] Trained a tree with leaves = 255 and depth = 30
[LightGBM] [Info] Iteration:108, valid_1 auc : 0.949993
[LightGBM] [Info] 114.189591 seconds elapsed, finished iteration 108
[LightGBM] [Debug] Trained a tree with leaves = 255 and depth = 23
[LightGBM] [Info] Iteration:109, valid_1 auc : 0.949954
[LightGBM] [Info] 115.331651 seconds elapsed, finished iteration 109
[LightGBM] [Debug] Trained a tree with leaves = 255 and depth = 39
[LightGBM] [Info] Iteration:110, valid_1 auc : 0.950001
[LightGBM] [Info] 116.558931 seconds elapsed, finished iteration 110
[LightGBM] [Debug] Trained a tree with leaves = 255 and depth = 33
[LightGBM] [Info] Iteration:111, valid_1 auc : 0.950055
[LightGBM] [Info] 117.848379 seconds elapsed, finished iteration 111
[LightGBM] [Debug] Trained a tree with leaves = 255 and depth = 25
[LightGBM] [Info] Iteration:112, valid_1 auc : 0.950139
[LightGBM] [Info] 119.218279 seconds elapsed, finished iteration 112
[LightGBM] [Debug] Trained a tree with leaves = 255 and depth = 50
[LightGBM] [Info] Iteration:113, valid_1 auc : 0.950188
[LightGBM] [Info] 120.603933 seconds elapsed, finished iteration 113
[LightGBM] [Debug] Trained a tree with leaves = 255 and depth = 43
[LightGBM] [Info] Iteration:114, valid_1 auc : 0.950001
[LightGBM] [Info] 121.888303 seconds elapsed, finished iteration 114
[LightGBM] [Debug] Trained a tree with leaves = 255 and depth = 33
[LightGBM] [Info] Iteration:115, valid_1 auc : 0.949874
[LightGBM] [Info] 123.093197 seconds elapsed, finished iteration 115
[LightGBM] [Debug] Trained a tree with leaves = 255 and depth = 26
[LightGBM] [Info] Iteration:116, valid_1 auc : 0.949868
[LightGBM] [Info] 124.179422 seconds elapsed, finished iteration 116
[LightGBM] [Debug] Trained a tree with leaves = 255 and depth = 34
[LightGBM] [Info] Iteration:117, valid_1 auc : 0.949899
[LightGBM] [Info] 125.403333 seconds elapsed, finished iteration 117
[LightGBM] [Debug] Trained a tree with leaves = 255 and depth = 38
[LightGBM] [Info] Iteration:118, valid_1 auc : 0.949873
[LightGBM] [Info] 126.649309 seconds elapsed, finished iteration 118
[LightGBM] [Debug] Trained a tree with leaves = 255 and depth = 32
[LightGBM] [Info] Iteration:119, valid_1 auc : 0.94978
[LightGBM] [Info] 127.778609 seconds elapsed, finished iteration 119
[LightGBM] [Debug] Trained a tree with leaves = 255 and depth = 51
[LightGBM] [Info] Iteration:120, valid_1 auc : 0.949913
[LightGBM] [Info] 129.115403 seconds elapsed, finished iteration 120
[LightGBM] [Debug] Trained a tree with leaves = 255 and depth = 51
[LightGBM] [Info] Iteration:121, valid_1 auc : 0.949952
[LightGBM] [Info] 130.592435 seconds elapsed, finished iteration 121
[LightGBM] [Debug] Trained a tree with leaves = 255 and depth = 51
[LightGBM] [Info] Iteration:122, valid_1 auc : 0.949795
[LightGBM] [Info] 131.967941 seconds elapsed, finished iteration 122
[LightGBM] [Debug] Trained a tree with leaves = 255 and depth = 38
[LightGBM] [Info] Iteration:123, valid_1 auc : 0.949804
[LightGBM] [Info] 133.391981 seconds elapsed, finished iteration 123
[LightGBM] [Debug] Trained a tree with leaves = 255 and depth = 59
[LightGBM] [Info] Iteration:124, valid_1 auc : 0.949758
[LightGBM] [Info] 134.590056 seconds elapsed, finished iteration 124
[LightGBM] [Debug] Trained a tree with leaves = 255 and depth = 26
[LightGBM] [Info] Iteration:125, valid_1 auc : 0.949775
[LightGBM] [Info] 135.710511 seconds elapsed, finished iteration 125
[LightGBM] [Debug] Trained a tree with leaves = 255 and depth = 37
[LightGBM] [Info] Iteration:126, valid_1 auc : 0.949851
[LightGBM] [Info] 137.110388 seconds elapsed, finished iteration 126
[LightGBM] [Debug] Trained a tree with leaves = 255 and depth = 28
[LightGBM] [Info] Iteration:127, valid_1 auc : 0.94988
[LightGBM] [Info] 138.173810 seconds elapsed, finished iteration 127
[LightGBM] [Debug] Trained a tree with leaves = 255 and depth = 38
[LightGBM] [Info] Iteration:128, valid_1 auc : 0.949866
[LightGBM] [Info] 139.319960 seconds elapsed, finished iteration 128
[LightGBM] [Debug] Trained a tree with leaves = 255 and depth = 46
[LightGBM] [Info] Iteration:129, valid_1 auc : 0.949905
[LightGBM] [Info] 140.802222 seconds elapsed, finished iteration 129
[LightGBM] [Debug] Trained a tree with leaves = 255 and depth = 47
[LightGBM] [Info] Iteration:130, valid_1 auc : 0.949844
[LightGBM] [Info] 141.982657 seconds elapsed, finished iteration 130
[LightGBM] [Debug] Trained a tree with leaves = 255 and depth = 28
[LightGBM] [Info] Iteration:131, valid_1 auc : 0.949851
[LightGBM] [Info] 143.101389 seconds elapsed, finished iteration 131
[LightGBM] [Debug] Trained a tree with leaves = 255 and depth = 39
[LightGBM] [Info] Iteration:132, valid_1 auc : 0.949856
[LightGBM] [Info] 144.143247 seconds elapsed, finished iteration 132
[LightGBM] [Debug] Trained a tree with leaves = 255 and depth = 43
[LightGBM] [Info] Iteration:133, valid_1 auc : 0.949868
[LightGBM] [Info] 145.447813 seconds elapsed, finished iteration 133
[LightGBM] [Debug] Trained a tree with leaves = 255 and depth = 32
[LightGBM] [Info] Iteration:134, valid_1 auc : 0.949882
[LightGBM] [Info] 146.652859 seconds elapsed, finished iteration 134
[LightGBM] [Debug] Trained a tree with leaves = 255 and depth = 37
[LightGBM] [Info] Iteration:135, valid_1 auc : 0.94988
[LightGBM] [Info] 147.710162 seconds elapsed, finished iteration 135
[LightGBM] [Debug] Trained a tree with leaves = 255 and depth = 47
[LightGBM] [Info] Iteration:136, valid_1 auc : 0.949906
[LightGBM] [Info] 148.908136 seconds elapsed, finished iteration 136
[LightGBM] [Debug] Trained a tree with leaves = 255 and depth = 40
[LightGBM] [Info] Iteration:137, valid_1 auc : 0.94996
[LightGBM] [Info] 150.226433 seconds elapsed, finished iteration 137
[LightGBM] [Debug] Trained a tree with leaves = 255 and depth = 32
[LightGBM] [Info] Iteration:138, valid_1 auc : 0.949875
[LightGBM] [Info] 151.502424 seconds elapsed, finished iteration 138
[LightGBM] [Debug] Trained a tree with leaves = 255 and depth = 35
[LightGBM] [Info] Iteration:139, valid_1 auc : 0.949867
[LightGBM] [Info] 152.658723 seconds elapsed, finished iteration 139
[LightGBM] [Debug] Trained a tree with leaves = 255 and depth = 36
[LightGBM] [Info] Iteration:140, valid_1 auc : 0.949879
[LightGBM] [Info] 154.011170 seconds elapsed, finished iteration 140
[LightGBM] [Debug] Trained a tree with leaves = 255 and depth = 33
[LightGBM] [Info] Iteration:141, valid_1 auc : 0.949885
[LightGBM] [Info] 155.114083 seconds elapsed, finished iteration 141
[LightGBM] [Debug] Trained a tree with leaves = 255 and depth = 30
[LightGBM] [Info] Iteration:142, valid_1 auc : 0.949889
[LightGBM] [Info] 156.480178 seconds elapsed, finished iteration 142
[LightGBM] [Debug] Trained a tree with leaves = 255 and depth = 33
[LightGBM] [Info] Iteration:143, valid_1 auc : 0.949902
[LightGBM] [Info] 157.707258 seconds elapsed, finished iteration 143
[LightGBM] [Debug] Trained a tree with leaves = 255 and depth = 36
[LightGBM] [Info] Iteration:144, valid_1 auc : 0.9499
[LightGBM] [Info] 158.977478 seconds elapsed, finished iteration 144
[LightGBM] [Debug] Trained a tree with leaves = 255 and depth = 32
[LightGBM] [Info] Iteration:145, valid_1 auc : 0.949892
[LightGBM] [Info] 160.131931 seconds elapsed, finished iteration 145
[LightGBM] [Debug] Trained a tree with leaves = 255 and depth = 58
[LightGBM] [Info] Iteration:146, valid_1 auc : 0.94991
[LightGBM] [Info] 161.451476 seconds elapsed, finished iteration 146
[LightGBM] [Debug] Trained a tree with leaves = 255 and depth = 29
[LightGBM] [Info] Iteration:147, valid_1 auc : 0.94989
[LightGBM] [Info] 162.642551 seconds elapsed, finished iteration 147
[LightGBM] [Debug] Trained a tree with leaves = 255 and depth = 37
[LightGBM] [Info] Iteration:148, valid_1 auc : 0.949874
[LightGBM] [Info] 164.061680 seconds elapsed, finished iteration 148
[LightGBM] [Debug] Trained a tree with leaves = 255 and depth = 49
[LightGBM] [Info] Iteration:149, valid_1 auc : 0.949874
[LightGBM] [Info] 165.345251 seconds elapsed, finished iteration 149
[LightGBM] [Debug] Trained a tree with leaves = 255 and depth = 43
[LightGBM] [Info] Iteration:150, valid_1 auc : 0.949864
[LightGBM] [Info] 166.618630 seconds elapsed, finished iteration 150
[LightGBM] [Debug] Trained a tree with leaves = 255 and depth = 34
[LightGBM] [Info] Iteration:151, valid_1 auc : 0.949832
[LightGBM] [Info] 167.667236 seconds elapsed, finished iteration 151
[LightGBM] [Debug] Trained a tree with leaves = 255 and depth = 37
[LightGBM] [Info] Iteration:152, valid_1 auc : 0.949635
[LightGBM] [Info] 168.877912 seconds elapsed, finished iteration 152
[LightGBM] [Debug] Trained a tree with leaves = 255 and depth = 37
[LightGBM] [Info] Iteration:153, valid_1 auc : 0.949603
[LightGBM] [Info] 169.943521 seconds elapsed, finished iteration 153
[LightGBM] [Debug] Trained a tree with leaves = 255 and depth = 41
[LightGBM] [Info] Iteration:154, valid_1 auc : 0.949629
[LightGBM] [Info] 171.359543 seconds elapsed, finished iteration 154
[LightGBM] [Debug] Trained a tree with leaves = 255 and depth = 49
[LightGBM] [Info] Iteration:155, valid_1 auc : 0.94963
[LightGBM] [Info] 172.472585 seconds elapsed, finished iteration 155
[LightGBM] [Debug] Trained a tree with leaves = 255 and depth = 30
[LightGBM] [Info] Iteration:156, valid_1 auc : 0.949664
[LightGBM] [Info] 173.827482 seconds elapsed, finished iteration 156
[LightGBM] [Debug] Trained a tree with leaves = 255 and depth = 37
[LightGBM] [Info] Iteration:157, valid_1 auc : 0.949698
[LightGBM] [Info] 174.835905 seconds elapsed, finished iteration 157
[LightGBM] [Debug] Trained a tree with leaves = 255 and depth = 32
[LightGBM] [Info] Iteration:158, valid_1 auc : 0.949725
[LightGBM] [Info] 176.227998 seconds elapsed, finished iteration 158
[LightGBM] [Debug] Trained a tree with leaves = 255 and depth = 34
[LightGBM] [Info] Iteration:159, valid_1 auc : 0.949624
[LightGBM] [Info] 177.346344 seconds elapsed, finished iteration 159
[LightGBM] [Debug] Trained a tree with leaves = 255 and depth = 36
[LightGBM] [Info] Iteration:160, valid_1 auc : 0.949667
[LightGBM] [Info] 178.631907 seconds elapsed, finished iteration 160
[LightGBM] [Debug] Trained a tree with leaves = 255 and depth = 56
[LightGBM] [Info] Iteration:161, valid_1 auc : 0.949689
[LightGBM] [Info] 179.874790 seconds elapsed, finished iteration 161
[LightGBM] [Debug] Trained a tree with leaves = 255 and depth = 35
[LightGBM] [Info] Iteration:162, valid_1 auc : 0.949692
[LightGBM] [Info] 181.076089 seconds elapsed, finished iteration 162
[LightGBM] [Debug] Trained a tree with leaves = 255 and depth = 37
[LightGBM] [Info] Iteration:163, valid_1 auc : 0.949721
[LightGBM] [Info] 182.163325 seconds elapsed, finished iteration 163
[LightGBM] [Debug] Trained a tree with leaves = 255 and depth = 56
[LightGBM] [Info] Iteration:164, valid_1 auc : 0.949747
[LightGBM] [Info] 183.657797 seconds elapsed, finished iteration 164
[LightGBM] [Debug] Trained a tree with leaves = 255 and depth = 35
[LightGBM] [Info] Iteration:165, valid_1 auc : 0.949745
[LightGBM] [Info] 184.745972 seconds elapsed, finished iteration 165
[LightGBM] [Debug] Trained a tree with leaves = 255 and depth = 39
[LightGBM] [Info] Iteration:166, valid_1 auc : 0.949634
[LightGBM] [Info] 186.018030 seconds elapsed, finished iteration 166
[LightGBM] [Debug] Trained a tree with leaves = 255 and depth = 50
[LightGBM] [Info] Iteration:167, valid_1 auc : 0.949487
[LightGBM] [Info] 187.330260 seconds elapsed, finished iteration 167
[LightGBM] [Debug] Trained a tree with leaves = 255 and depth = 59
[LightGBM] [Info] Iteration:168, valid_1 auc : 0.949474
[LightGBM] [Info] 188.690918 seconds elapsed, finished iteration 168
[LightGBM] [Debug] Trained a tree with leaves = 255 and depth = 35
[LightGBM] [Info] Iteration:169, valid_1 auc : 0.949479
[LightGBM] [Info] 189.909555 seconds elapsed, finished iteration 169
[LightGBM] [Debug] Trained a tree with leaves = 255 and depth = 41
[LightGBM] [Info] Iteration:170, valid_1 auc : 0.949455
[LightGBM] [Info] 191.097570 seconds elapsed, finished iteration 170
[LightGBM] [Debug] Trained a tree with leaves = 255 and depth = 50
[LightGBM] [Info] Iteration:171, valid_1 auc : 0.949374
[LightGBM] [Info] 192.412146 seconds elapsed, finished iteration 171
[LightGBM] [Debug] Trained a tree with leaves = 255 and depth = 44
[LightGBM] [Info] Iteration:172, valid_1 auc : 0.949367
[LightGBM] [Info] 193.639172 seconds elapsed, finished iteration 172
[LightGBM] [Debug] Trained a tree with leaves = 255 and depth = 29
[LightGBM] [Info] Iteration:173, valid_1 auc : 0.949338
[LightGBM] [Info] 194.819440 seconds elapsed, finished iteration 173
[LightGBM] [Debug] Trained a tree with leaves = 255 and depth = 36
[LightGBM] [Info] Iteration:174, valid_1 auc : 0.949342
[LightGBM] [Info] 196.192165 seconds elapsed, finished iteration 174
[LightGBM] [Debug] Trained a tree with leaves = 255 and depth = 35
[LightGBM] [Info] Iteration:175, valid_1 auc : 0.949357
[LightGBM] [Info] 197.295124 seconds elapsed, finished iteration 175
[LightGBM] [Debug] Trained a tree with leaves = 255 and depth = 23
[LightGBM] [Info] Iteration:176, valid_1 auc : 0.949376
[LightGBM] [Info] 198.531688 seconds elapsed, finished iteration 176
[LightGBM] [Debug] Trained a tree with leaves = 255 and depth = 46
[LightGBM] [Info] Iteration:177, valid_1 auc : 0.949377
[LightGBM] [Info] 199.663855 seconds elapsed, finished iteration 177
[LightGBM] [Debug] Trained a tree with leaves = 255 and depth = 36
[LightGBM] [Info] Iteration:178, valid_1 auc : 0.949452
[LightGBM] [Info] 200.893459 seconds elapsed, finished iteration 178
[LightGBM] [Debug] Trained a tree with leaves = 255 and depth = 61
[LightGBM] [Info] Iteration:179, valid_1 auc : 0.949437
[LightGBM] [Info] 201.964629 seconds elapsed, finished iteration 179
[LightGBM] [Debug] Trained a tree with leaves = 255 and depth = 42
[LightGBM] [Info] Iteration:180, valid_1 auc : 0.949428
[LightGBM] [Info] 202.822756 seconds elapsed, finished iteration 180
[LightGBM] [Debug] Trained a tree with leaves = 255 and depth = 36
[LightGBM] [Info] Iteration:181, valid_1 auc : 0.949424
[LightGBM] [Info] 203.739170 seconds elapsed, finished iteration 181
[LightGBM] [Debug] Trained a tree with leaves = 255 and depth = 32
[LightGBM] [Info] Iteration:182, valid_1 auc : 0.949429
[LightGBM] [Info] 204.662111 seconds elapsed, finished iteration 182
[LightGBM] [Debug] Trained a tree with leaves = 255 and depth = 37
[LightGBM] [Info] Iteration:183, valid_1 auc : 0.949467
[LightGBM] [Info] 205.589782 seconds elapsed, finished iteration 183
[LightGBM] [Debug] Trained a tree with leaves = 255 and depth = 35
[LightGBM] [Info] Iteration:184, valid_1 auc : 0.949461
[LightGBM] [Info] 206.767987 seconds elapsed, finished iteration 184
[LightGBM] [Debug] Trained a tree with leaves = 255 and depth = 50
[LightGBM] [Info] Iteration:185, valid_1 auc : 0.949489
[LightGBM] [Info] 208.057059 seconds elapsed, finished iteration 185
[LightGBM] [Debug] Trained a tree with leaves = 255 and depth = 28
[LightGBM] [Info] Iteration:186, valid_1 auc : 0.949516
[LightGBM] [Info] 209.240569 seconds elapsed, finished iteration 186
[LightGBM] [Debug] Trained a tree with leaves = 255 and depth = 38
[LightGBM] [Info] Iteration:187, valid_1 auc : 0.949504
[LightGBM] [Info] 210.228994 seconds elapsed, finished iteration 187
[LightGBM] [Debug] Trained a tree with leaves = 255 and depth = 33
[LightGBM] [Info] Iteration:188, valid_1 auc : 0.949492
[LightGBM] [Info] 211.392489 seconds elapsed, finished iteration 188
[LightGBM] [Debug] Trained a tree with leaves = 255 and depth = 46
[LightGBM] [Info] Iteration:189, valid_1 auc : 0.949286
[LightGBM] [Info] 212.376679 seconds elapsed, finished iteration 189
[LightGBM] [Debug] Trained a tree with leaves = 255 and depth = 43
[LightGBM] [Info] Iteration:190, valid_1 auc : 0.949337
[LightGBM] [Info] 213.731757 seconds elapsed, finished iteration 190
[LightGBM] [Debug] Trained a tree with leaves = 255 and depth = 32
[LightGBM] [Info] Iteration:191, valid_1 auc : 0.949331
[LightGBM] [Info] 214.862921 seconds elapsed, finished iteration 191
[LightGBM] [Debug] Trained a tree with leaves = 255 and depth = 27
[LightGBM] [Info] Iteration:192, valid_1 auc : 0.94936
[LightGBM] [Info] 216.006508 seconds elapsed, finished iteration 192
[LightGBM] [Debug] Trained a tree with leaves = 255 and depth = 45
[LightGBM] [Info] Iteration:193, valid_1 auc : 0.949348
[LightGBM] [Info] 217.124767 seconds elapsed, finished iteration 193
[LightGBM] [Debug] Trained a tree with leaves = 255 and depth = 58
[LightGBM] [Info] Iteration:194, valid_1 auc : 0.949169
[LightGBM] [Info] 218.417447 seconds elapsed, finished iteration 194
[LightGBM] [Debug] Trained a tree with leaves = 255 and depth = 49
[LightGBM] [Info] Iteration:195, valid_1 auc : 0.949224
[LightGBM] [Info] 219.809676 seconds elapsed, finished iteration 195
[LightGBM] [Debug] Trained a tree with leaves = 255 and depth = 28
[LightGBM] [Info] Iteration:196, valid_1 auc : 0.949207
[LightGBM] [Info] 220.945645 seconds elapsed, finished iteration 196
[LightGBM] [Debug] Trained a tree with leaves = 255 and depth = 50
[LightGBM] [Info] Iteration:197, valid_1 auc : 0.949226
[LightGBM] [Info] 222.333664 seconds elapsed, finished iteration 197
[LightGBM] [Debug] Trained a tree with leaves = 255 and depth = 63
[LightGBM] [Info] Iteration:198, valid_1 auc : 0.949213
[LightGBM] [Info] 223.733362 seconds elapsed, finished iteration 198
[LightGBM] [Debug] Trained a tree with leaves = 255 and depth = 55
[LightGBM] [Info] Iteration:199, valid_1 auc : 0.949226
[LightGBM] [Info] 224.801617 seconds elapsed, finished iteration 199
[LightGBM] [Debug] Trained a tree with leaves = 255 and depth = 66
[LightGBM] [Info] Iteration:200, valid_1 auc : 0.949246
[LightGBM] [Info] 225.929900 seconds elapsed, finished iteration 200
[LightGBM] [Debug] Trained a tree with leaves = 255 and depth = 23
[LightGBM] [Info] Iteration:201, valid_1 auc : 0.94931
[LightGBM] [Info] 227.003808 seconds elapsed, finished iteration 201
[LightGBM] [Debug] Trained a tree with leaves = 255 and depth = 36
[LightGBM] [Info] Iteration:202, valid_1 auc : 0.949305
[LightGBM] [Info] 227.975667 seconds elapsed, finished iteration 202
[LightGBM] [Debug] Trained a tree with leaves = 255 and depth = 43
[LightGBM] [Info] Iteration:203, valid_1 auc : 0.949302
[LightGBM] [Info] 229.150857 seconds elapsed, finished iteration 203
[LightGBM] [Debug] Trained a tree with leaves = 255 and depth = 28
[LightGBM] [Info] Iteration:204, valid_1 auc : 0.949281
[LightGBM] [Info] 230.379909 seconds elapsed, finished iteration 204
[LightGBM] [Debug] Trained a tree with leaves = 255 and depth = 40
[LightGBM] [Info] Iteration:205, valid_1 auc : 0.949264
[LightGBM] [Info] 231.517342 seconds elapsed, finished iteration 205
[LightGBM] [Debug] Trained a tree with leaves = 255 and depth = 63
[LightGBM] [Info] Iteration:206, valid_1 auc : 0.949283
[LightGBM] [Info] 232.910212 seconds elapsed, finished iteration 206
[LightGBM] [Debug] Trained a tree with leaves = 255 and depth = 45
[LightGBM] [Info] Iteration:207, valid_1 auc : 0.949305
[LightGBM] [Info] 234.199846 seconds elapsed, finished iteration 207
[LightGBM] [Debug] Trained a tree with leaves = 255 and depth = 34
[LightGBM] [Info] Iteration:208, valid_1 auc : 0.949314
[LightGBM] [Info] 235.346822 seconds elapsed, finished iteration 208
[LightGBM] [Debug] Trained a tree with leaves = 255 and depth = 47
[LightGBM] [Info] Iteration:209, valid_1 auc : 0.949347
[LightGBM] [Info] 236.579729 seconds elapsed, finished iteration 209
[LightGBM] [Debug] Trained a tree with leaves = 255 and depth = 35
[LightGBM] [Info] Iteration:210, valid_1 auc : 0.94935
[LightGBM] [Info] 237.801819 seconds elapsed, finished iteration 210
[LightGBM] [Debug] Trained a tree with leaves = 255 and depth = 52
[LightGBM] [Info] Iteration:211, valid_1 auc : 0.949323
[LightGBM] [Info] 238.973537 seconds elapsed, finished iteration 211
[LightGBM] [Debug] Trained a tree with leaves = 255 and depth = 42
[LightGBM] [Info] Iteration:212, valid_1 auc : 0.949343
[LightGBM] [Info] 240.265962 seconds elapsed, finished iteration 212
[LightGBM] [Debug] Trained a tree with leaves = 255 and depth = 47
[LightGBM] [Info] Iteration:213, valid_1 auc : 0.949247
[LightGBM] [Info] 241.576391 seconds elapsed, finished iteration 213
[LightGBM] [Debug] Trained a tree with leaves = 255 and depth = 50
[LightGBM] [Info] Iteration:214, valid_1 auc : 0.949192
[LightGBM] [Info] 242.646920 seconds elapsed, finished iteration 214
[LightGBM] [Debug] Trained a tree with leaves = 255 and depth = 38
[LightGBM] [Info] Iteration:215, valid_1 auc : 0.949235
[LightGBM] [Info] 243.964959 seconds elapsed, finished iteration 215
[LightGBM] [Debug] Trained a tree with leaves = 255 and depth = 27
[LightGBM] [Info] Iteration:216, valid_1 auc : 0.949225
[LightGBM] [Info] 245.055289 seconds elapsed, finished iteration 216
[LightGBM] [Debug] Trained a tree with leaves = 255 and depth = 40
[LightGBM] [Info] Iteration:217, valid_1 auc : 0.949267
[LightGBM] [Info] 246.294540 seconds elapsed, finished iteration 217
[LightGBM] [Debug] Trained a tree with leaves = 255 and depth = 37
[LightGBM] [Info] Iteration:218, valid_1 auc : 0.949353
[LightGBM] [Info] 247.650029 seconds elapsed, finished iteration 218
[LightGBM] [Debug] Trained a tree with leaves = 255 and depth = 59
[LightGBM] [Info] Iteration:219, valid_1 auc : 0.949298
[LightGBM] [Info] 248.954287 seconds elapsed, finished iteration 219
[LightGBM] [Debug] Trained a tree with leaves = 255 and depth = 41
[LightGBM] [Info] Iteration:220, valid_1 auc : 0.949233
[LightGBM] [Info] 250.398322 seconds elapsed, finished iteration 220
[LightGBM] [Debug] Trained a tree with leaves = 255 and depth = 36
[LightGBM] [Info] Iteration:221, valid_1 auc : 0.949253
[LightGBM] [Info] 251.620061 seconds elapsed, finished iteration 221
[LightGBM] [Debug] Trained a tree with leaves = 255 and depth = 37
[LightGBM] [Info] Iteration:222, valid_1 auc : 0.949236
[LightGBM] [Info] 252.965283 seconds elapsed, finished iteration 222
[LightGBM] [Debug] Trained a tree with leaves = 255 and depth = 37
[LightGBM] [Info] Iteration:223, valid_1 auc : 0.949271
[LightGBM] [Info] 254.467930 seconds elapsed, finished iteration 223
[LightGBM] [Debug] Trained a tree with leaves = 255 and depth = 44
[LightGBM] [Info] Iteration:224, valid_1 auc : 0.949296
[LightGBM] [Info] 255.748132 seconds elapsed, finished iteration 224
[LightGBM] [Debug] Trained a tree with leaves = 255 and depth = 41
[LightGBM] [Info] Iteration:225, valid_1 auc : 0.949288
[LightGBM] [Info] 256.778398 seconds elapsed, finished iteration 225
[LightGBM] [Debug] Trained a tree with leaves = 255 and depth = 27
[LightGBM] [Info] Iteration:226, valid_1 auc : 0.949289
[LightGBM] [Info] 257.977011 seconds elapsed, finished iteration 226
[LightGBM] [Debug] Trained a tree with leaves = 255 and depth = 50
[LightGBM] [Info] Iteration:227, valid_1 auc : 0.949301
[LightGBM] [Info] 259.235076 seconds elapsed, finished iteration 227
[LightGBM] [Debug] Trained a tree with leaves = 255 and depth = 47
[LightGBM] [Info] Iteration:228, valid_1 auc : 0.949191
[LightGBM] [Info] 260.547821 seconds elapsed, finished iteration 228
[LightGBM] [Debug] Trained a tree with leaves = 255 and depth = 32
[LightGBM] [Info] Iteration:229, valid_1 auc : 0.949201
[LightGBM] [Info] 261.786311 seconds elapsed, finished iteration 229
[LightGBM] [Debug] Trained a tree with leaves = 255 and depth = 32
[LightGBM] [Info] Iteration:230, valid_1 auc : 0.949237
[LightGBM] [Info] 263.065308 seconds elapsed, finished iteration 230
[LightGBM] [Debug] Trained a tree with leaves = 255 and depth = 35
[LightGBM] [Info] Iteration:231, valid_1 auc : 0.949315
[LightGBM] [Info] 264.411496 seconds elapsed, finished iteration 231
[LightGBM] [Debug] Trained a tree with leaves = 255 and depth = 50
[LightGBM] [Info] Iteration:232, valid_1 auc : 0.949375
[LightGBM] [Info] 265.630218 seconds elapsed, finished iteration 232
[LightGBM] [Debug] Trained a tree with leaves = 255 and depth = 43
[LightGBM] [Info] Iteration:233, valid_1 auc : 0.949429
[LightGBM] [Info] 266.877210 seconds elapsed, finished iteration 233
[LightGBM] [Debug] Trained a tree with leaves = 255 and depth = 42
[LightGBM] [Info] Iteration:234, valid_1 auc : 0.949427
[LightGBM] [Info] 268.235289 seconds elapsed, finished iteration 234
[LightGBM] [Debug] Trained a tree with leaves = 255 and depth = 43
[LightGBM] [Info] Iteration:235, valid_1 auc : 0.94941
[LightGBM] [Info] 269.550097 seconds elapsed, finished iteration 235
[LightGBM] [Debug] Trained a tree with leaves = 255 and depth = 38
[LightGBM] [Info] Iteration:236, valid_1 auc : 0.949399
[LightGBM] [Info] 270.805766 seconds elapsed, finished iteration 236
[LightGBM] [Debug] Trained a tree with leaves = 255 and depth = 47
[LightGBM] [Info] Iteration:237, valid_1 auc : 0.949372
[LightGBM] [Info] 272.022545 seconds elapsed, finished iteration 237
[LightGBM] [Debug] Trained a tree with leaves = 255 and depth = 55
[LightGBM] [Info] Iteration:238, valid_1 auc : 0.94943
[LightGBM] [Info] 273.439283 seconds elapsed, finished iteration 238
[LightGBM] [Debug] Trained a tree with leaves = 255 and depth = 67
[LightGBM] [Info] Iteration:239, valid_1 auc : 0.949445
[LightGBM] [Info] 274.689393 seconds elapsed, finished iteration 239
[LightGBM] [Debug] Trained a tree with leaves = 255 and depth = 31
[LightGBM] [Info] Iteration:240, valid_1 auc : 0.949417
[LightGBM] [Info] 275.736134 seconds elapsed, finished iteration 240
[LightGBM] [Debug] Trained a tree with leaves = 255 and depth = 38
[LightGBM] [Info] Iteration:241, valid_1 auc : 0.949468
[LightGBM] [Info] 276.823009 seconds elapsed, finished iteration 241
[LightGBM] [Debug] Trained a tree with leaves = 255 and depth = 41
[LightGBM] [Info] Iteration:242, valid_1 auc : 0.949495
[LightGBM] [Info] 278.035797 seconds elapsed, finished iteration 242
[LightGBM] [Debug] Trained a tree with leaves = 255 and depth = 39
[LightGBM] [Info] Iteration:243, valid_1 auc : 0.9495
[LightGBM] [Info] 279.306859 seconds elapsed, finished iteration 243
[LightGBM] [Debug] Trained a tree with leaves = 255 and depth = 34
[LightGBM] [Info] Iteration:244, valid_1 auc : 0.949475
[LightGBM] [Info] 280.385976 seconds elapsed, finished iteration 244
[LightGBM] [Debug] Trained a tree with leaves = 255 and depth = 27
[LightGBM] [Info] Iteration:245, valid_1 auc : 0.94948
[LightGBM] [Info] 281.512561 seconds elapsed, finished iteration 245
[LightGBM] [Debug] Trained a tree with leaves = 255 and depth = 38
[LightGBM] [Info] Iteration:246, valid_1 auc : 0.94948
[LightGBM] [Info] 282.479865 seconds elapsed, finished iteration 246
[LightGBM] [Debug] Trained a tree with leaves = 255 and depth = 56
[LightGBM] [Info] Iteration:247, valid_1 auc : 0.949479
[LightGBM] [Info] 283.735916 seconds elapsed, finished iteration 247
[LightGBM] [Debug] Trained a tree with leaves = 255 and depth = 62
[LightGBM] [Info] Iteration:248, valid_1 auc : 0.949474
[LightGBM] [Info] 284.703139 seconds elapsed, finished iteration 248
[LightGBM] [Debug] Trained a tree with leaves = 255 and depth = 57
[LightGBM] [Info] Iteration:249, valid_1 auc : 0.949499
[LightGBM] [Info] 285.920505 seconds elapsed, finished iteration 249
[LightGBM] [Debug] Trained a tree with leaves = 255 and depth = 46
[LightGBM] [Info] Iteration:250, valid_1 auc : 0.949504
[LightGBM] [Info] 287.238663 seconds elapsed, finished iteration 250
[LightGBM] [Debug] Trained a tree with leaves = 255 and depth = 30
[LightGBM] [Info] Iteration:251, valid_1 auc : 0.949494
[LightGBM] [Info] 288.507652 seconds elapsed, finished iteration 251
[LightGBM] [Debug] Trained a tree with leaves = 255 and depth = 59
[LightGBM] [Info] Iteration:252, valid_1 auc : 0.949447
[LightGBM] [Info] 289.681660 seconds elapsed, finished iteration 252
[LightGBM] [Debug] Trained a tree with leaves = 255 and depth = 34
[LightGBM] [Info] Iteration:253, valid_1 auc : 0.949463
[LightGBM] [Info] 290.856884 seconds elapsed, finished iteration 253
[LightGBM] [Debug] Trained a tree with leaves = 255 and depth = 59
[LightGBM] [Info] Iteration:254, valid_1 auc : 0.949454
[LightGBM] [Info] 292.286328 seconds elapsed, finished iteration 254
[LightGBM] [Debug] Trained a tree with leaves = 255 and depth = 54
[LightGBM] [Info] Iteration:255, valid_1 auc : 0.949411
[LightGBM] [Info] 293.655563 seconds elapsed, finished iteration 255
[LightGBM] [Debug] Trained a tree with leaves = 255 and depth = 48
[LightGBM] [Info] Iteration:256, valid_1 auc : 0.949418
[LightGBM] [Info] 294.820054 seconds elapsed, finished iteration 256
[LightGBM] [Debug] Trained a tree with leaves = 255 and depth = 56
[LightGBM] [Info] Iteration:257, valid_1 auc : 0.949451
[LightGBM] [Info] 296.079292 seconds elapsed, finished iteration 257
[LightGBM] [Debug] Trained a tree with leaves = 255 and depth = 49
[LightGBM] [Info] Iteration:258, valid_1 auc : 0.949434
[LightGBM] [Info] 297.180595 seconds elapsed, finished iteration 258
[LightGBM] [Debug] Trained a tree with leaves = 255 and depth = 53
[LightGBM] [Info] Iteration:259, valid_1 auc : 0.949456
[LightGBM] [Info] 298.240117 seconds elapsed, finished iteration 259
[LightGBM] [Debug] Trained a tree with leaves = 255 and depth = 51
[LightGBM] [Info] Iteration:260, valid_1 auc : 0.949475
[LightGBM] [Info] 299.502811 seconds elapsed, finished iteration 260
[LightGBM] [Debug] Trained a tree with leaves = 255 and depth = 30
[LightGBM] [Info] Iteration:261, valid_1 auc : 0.949497
[LightGBM] [Info] 300.721733 seconds elapsed, finished iteration 261
[LightGBM] [Debug] Trained a tree with leaves = 255 and depth = 34
[LightGBM] [Info] Iteration:262, valid_1 auc : 0.94952
[LightGBM] [Info] 302.147784 seconds elapsed, finished iteration 262
[LightGBM] [Debug] Trained a tree with leaves = 255 and depth = 56
[LightGBM] [Info] Iteration:263, valid_1 auc : 0.94956
[LightGBM] [Info] 303.469832 seconds elapsed, finished iteration 263
[LightGBM] [Debug] Trained a tree with leaves = 255 and depth = 39
[LightGBM] [Info] Iteration:264, valid_1 auc : 0.949565
[LightGBM] [Info] 304.772239 seconds elapsed, finished iteration 264
[LightGBM] [Debug] Trained a tree with leaves = 255 and depth = 48
[LightGBM] [Info] Iteration:265, valid_1 auc : 0.949579
[LightGBM] [Info] 306.300063 seconds elapsed, finished iteration 265
[LightGBM] [Debug] Trained a tree with leaves = 255 and depth = 45
[LightGBM] [Info] Iteration:266, valid_1 auc : 0.9496
[LightGBM] [Info] 307.600741 seconds elapsed, finished iteration 266
[LightGBM] [Debug] Trained a tree with leaves = 255 and depth = 58
[LightGBM] [Info] Iteration:267, valid_1 auc : 0.949514
[LightGBM] [Info] 308.905665 seconds elapsed, finished iteration 267
[LightGBM] [Debug] Trained a tree with leaves = 255 and depth = 41
[LightGBM] [Info] Iteration:268, valid_1 auc : 0.949504
[LightGBM] [Info] 309.937616 seconds elapsed, finished iteration 268
[LightGBM] [Debug] Trained a tree with leaves = 255 and depth = 49
[LightGBM] [Info] Iteration:269, valid_1 auc : 0.949506
[LightGBM] [Info] 311.154938 seconds elapsed, finished iteration 269
[LightGBM] [Debug] Trained a tree with leaves = 255 and depth = 44
[LightGBM] [Info] Iteration:270, valid_1 auc : 0.949373
[LightGBM] [Info] 312.258057 seconds elapsed, finished iteration 270
[LightGBM] [Debug] Trained a tree with leaves = 255 and depth = 32
[LightGBM] [Info] Iteration:271, valid_1 auc : 0.949354
[LightGBM] [Info] 313.501210 seconds elapsed, finished iteration 271
[LightGBM] [Debug] Trained a tree with leaves = 255 and depth = 38
[LightGBM] [Info] Iteration:272, valid_1 auc : 0.949356
[LightGBM] [Info] 314.843938 seconds elapsed, finished iteration 272
[LightGBM] [Debug] Trained a tree with leaves = 255 and depth = 25
[LightGBM] [Info] Iteration:273, valid_1 auc : 0.94935
[LightGBM] [Info] 316.016675 seconds elapsed, finished iteration 273
[LightGBM] [Debug] Trained a tree with leaves = 255 and depth = 32
[LightGBM] [Info] Iteration:274, valid_1 auc : 0.949375
[LightGBM] [Info] 317.221112 seconds elapsed, finished iteration 274
[LightGBM] [Debug] Trained a tree with leaves = 255 and depth = 30
[LightGBM] [Info] Iteration:275, valid_1 auc : 0.949377
[LightGBM] [Info] 318.327622 seconds elapsed, finished iteration 275
[LightGBM] [Debug] Trained a tree with leaves = 255 and depth = 29
[LightGBM] [Info] Iteration:276, valid_1 auc : 0.949379
[LightGBM] [Info] 319.486657 seconds elapsed, finished iteration 276
[LightGBM] [Debug] Trained a tree with leaves = 255 and depth = 46
[LightGBM] [Info] Iteration:277, valid_1 auc : 0.949421
[LightGBM] [Info] 320.830228 seconds elapsed, finished iteration 277
[LightGBM] [Debug] Trained a tree with leaves = 255 and depth = 56
[LightGBM] [Info] Iteration:278, valid_1 auc : 0.949313
[LightGBM] [Info] 322.027851 seconds elapsed, finished iteration 278
[LightGBM] [Debug] Trained a tree with leaves = 255 and depth = 56
[LightGBM] [Info] Iteration:279, valid_1 auc : 0.94932
[LightGBM] [Info] 323.303688 seconds elapsed, finished iteration 279
[LightGBM] [Debug] Trained a tree with leaves = 255 and depth = 28
[LightGBM] [Info] Iteration:280, valid_1 auc : 0.949304
[LightGBM] [Info] 324.472320 seconds elapsed, finished iteration 280
[LightGBM] [Debug] Trained a tree with leaves = 255 and depth = 69
[LightGBM] [Info] Iteration:281, valid_1 auc : 0.949305
[LightGBM] [Info] 325.867399 seconds elapsed, finished iteration 281
[LightGBM] [Debug] Trained a tree with leaves = 255 and depth = 48
[LightGBM] [Info] Iteration:282, valid_1 auc : 0.949209
[LightGBM] [Info] 327.131942 seconds elapsed, finished iteration 282
[LightGBM] [Debug] Trained a tree with leaves = 255 and depth = 32
[LightGBM] [Info] Iteration:283, valid_1 auc : 0.949214
[LightGBM] [Info] 328.340777 seconds elapsed, finished iteration 283
[LightGBM] [Debug] Trained a tree with leaves = 255 and depth = 40
[LightGBM] [Info] Iteration:284, valid_1 auc : 0.949214
[LightGBM] [Info] 329.518064 seconds elapsed, finished iteration 284
[LightGBM] [Debug] Trained a tree with leaves = 255 and depth = 62
[LightGBM] [Info] Iteration:285, valid_1 auc : 0.94921
[LightGBM] [Info] 330.644673 seconds elapsed, finished iteration 285
[LightGBM] [Debug] Trained a tree with leaves = 255 and depth = 69
[LightGBM] [Info] Iteration:286, valid_1 auc : 0.949202
[LightGBM] [Info] 331.970201 seconds elapsed, finished iteration 286
[LightGBM] [Debug] Trained a tree with leaves = 255 and depth = 45
[LightGBM] [Info] Iteration:287, valid_1 auc : 0.949221
[LightGBM] [Info] 333.246078 seconds elapsed, finished iteration 287
[LightGBM] [Debug] Trained a tree with leaves = 255 and depth = 42
[LightGBM] [Info] Iteration:288, valid_1 auc : 0.949225
[LightGBM] [Info] 334.496153 seconds elapsed, finished iteration 288
[LightGBM] [Debug] Trained a tree with leaves = 255 and depth = 36
[LightGBM] [Info] Iteration:289, valid_1 auc : 0.949221
[LightGBM] [Info] 335.618591 seconds elapsed, finished iteration 289
[LightGBM] [Debug] Trained a tree with leaves = 255 and depth = 68
[LightGBM] [Info] Iteration:290, valid_1 auc : 0.94918
[LightGBM] [Info] 336.936404 seconds elapsed, finished iteration 290
[LightGBM] [Debug] Trained a tree with leaves = 255 and depth = 40
[LightGBM] [Info] Iteration:291, valid_1 auc : 0.949238
[LightGBM] [Info] 338.379974 seconds elapsed, finished iteration 291
[LightGBM] [Debug] Trained a tree with leaves = 255 and depth = 49
[LightGBM] [Info] Iteration:292, valid_1 auc : 0.949214
[LightGBM] [Info] 339.575415 seconds elapsed, finished iteration 292
[LightGBM] [Debug] Trained a tree with leaves = 255 and depth = 41
[LightGBM] [Info] Iteration:293, valid_1 auc : 0.949122
[LightGBM] [Info] 341.007265 seconds elapsed, finished iteration 293
[LightGBM] [Debug] Trained a tree with leaves = 255 and depth = 36
[LightGBM] [Info] Iteration:294, valid_1 auc : 0.949126
[LightGBM] [Info] 342.125174 seconds elapsed, finished iteration 294
[LightGBM] [Debug] Trained a tree with leaves = 255 and depth = 26
[LightGBM] [Info] Iteration:295, valid_1 auc : 0.949132
[LightGBM] [Info] 343.449072 seconds elapsed, finished iteration 295
[LightGBM] [Debug] Trained a tree with leaves = 255 and depth = 29
[LightGBM] [Info] Iteration:296, valid_1 auc : 0.949142
[LightGBM] [Info] 344.809995 seconds elapsed, finished iteration 296
[LightGBM] [Debug] Trained a tree with leaves = 255 and depth = 56
[LightGBM] [Info] Iteration:297, valid_1 auc : 0.949101
[LightGBM] [Info] 346.262096 seconds elapsed, finished iteration 297
[LightGBM] [Debug] Trained a tree with leaves = 255 and depth = 36
[LightGBM] [Info] Iteration:298, valid_1 auc : 0.949089
[LightGBM] [Info] 347.504632 seconds elapsed, finished iteration 298
[LightGBM] [Debug] Trained a tree with leaves = 255 and depth = 46
[LightGBM] [Info] Iteration:299, valid_1 auc : 0.94909
[LightGBM] [Info] 348.964278 seconds elapsed, finished iteration 299
[LightGBM] [Debug] Trained a tree with leaves = 255 and depth = 38
[LightGBM] [Info] Iteration:300, valid_1 auc : 0.949107
[LightGBM] [Info] 350.124029 seconds elapsed, finished iteration 300
[LightGBM] [Debug] Trained a tree with leaves = 255 and depth = 24
[LightGBM] [Info] Iteration:301, valid_1 auc : 0.949109
[LightGBM] [Info] 351.384015 seconds elapsed, finished iteration 301
[LightGBM] [Debug] Trained a tree with leaves = 255 and depth = 53
[LightGBM] [Info] Iteration:302, valid_1 auc : 0.94911
[LightGBM] [Info] 352.499350 seconds elapsed, finished iteration 302
[LightGBM] [Debug] Trained a tree with leaves = 255 and depth = 31
[LightGBM] [Info] Iteration:303, valid_1 auc : 0.949109
[LightGBM] [Info] 353.809959 seconds elapsed, finished iteration 303
[LightGBM] [Debug] Trained a tree with leaves = 255 and depth = 52
[LightGBM] [Info] Iteration:304, valid_1 auc : 0.949154
[LightGBM] [Info] 355.021047 seconds elapsed, finished iteration 304
[LightGBM] [Debug] Trained a tree with leaves = 255 and depth = 44
[LightGBM] [Info] Iteration:305, valid_1 auc : 0.949163
[LightGBM] [Info] 356.180223 seconds elapsed, finished iteration 305
[LightGBM] [Debug] Trained a tree with leaves = 255 and depth = 49
[LightGBM] [Info] Iteration:306, valid_1 auc : 0.949169
[LightGBM] [Info] 357.306140 seconds elapsed, finished iteration 306
[LightGBM] [Debug] Trained a tree with leaves = 255 and depth = 56
[LightGBM] [Info] Iteration:307, valid_1 auc : 0.949161
[LightGBM] [Info] 358.590360 seconds elapsed, finished iteration 307
[LightGBM] [Debug] Trained a tree with leaves = 255 and depth = 46
[LightGBM] [Info] Iteration:308, valid_1 auc : 0.949173
[LightGBM] [Info] 359.913421 seconds elapsed, finished iteration 308
[LightGBM] [Debug] Trained a tree with leaves = 255 and depth = 46
[LightGBM] [Info] Iteration:309, valid_1 auc : 0.949186
[LightGBM] [Info] 360.940592 seconds elapsed, finished iteration 309
[LightGBM] [Debug] Trained a tree with leaves = 255 and depth = 45
[LightGBM] [Info] Iteration:310, valid_1 auc : 0.949162
[LightGBM] [Info] 362.083168 seconds elapsed, finished iteration 310
[LightGBM] [Debug] Trained a tree with leaves = 255 and depth = 42
[LightGBM] [Info] Iteration:311, valid_1 auc : 0.949164
[LightGBM] [Info] 363.266163 seconds elapsed, finished iteration 311
[LightGBM] [Debug] Trained a tree with leaves = 255 and depth = 29
[LightGBM] [Info] Iteration:312, valid_1 auc : 0.94916
[LightGBM] [Info] 364.315412 seconds elapsed, finished iteration 312
[LightGBM] [Debug] Trained a tree with leaves = 255 and depth = 41
[LightGBM] [Info] Iteration:313, valid_1 auc : 0.949149
[LightGBM] [Info] 365.531398 seconds elapsed, finished iteration 313
[LightGBM] [Debug] Trained a tree with leaves = 255 and depth = 40
[LightGBM] [Info] Iteration:314, valid_1 auc : 0.949153
[LightGBM] [Info] 366.708813 seconds elapsed, finished iteration 314
[LightGBM] [Debug] Trained a tree with leaves = 255 and depth = 43
[LightGBM] [Info] Iteration:315, valid_1 auc : 0.949161
[LightGBM] [Info] 368.162691 seconds elapsed, finished iteration 315
[LightGBM] [Debug] Trained a tree with leaves = 255 and depth = 35
[LightGBM] [Info] Iteration:316, valid_1 auc : 0.949092
[LightGBM] [Info] 369.323336 seconds elapsed, finished iteration 316
[LightGBM] [Debug] Trained a tree with leaves = 255 and depth = 63
[LightGBM] [Info] Iteration:317, valid_1 auc : 0.949081
[LightGBM] [Info] 370.668827 seconds elapsed, finished iteration 317
[LightGBM] [Debug] Trained a tree with leaves = 255 and depth = 35
[LightGBM] [Info] Iteration:318, valid_1 auc : 0.949081
[LightGBM] [Info] 371.748570 seconds elapsed, finished iteration 318
[LightGBM] [Debug] Trained a tree with leaves = 255 and depth = 74
[LightGBM] [Info] Iteration:319, valid_1 auc : 0.949089
[LightGBM] [Info] 373.166430 seconds elapsed, finished iteration 319
[LightGBM] [Debug] Trained a tree with leaves = 255 and depth = 30
[LightGBM] [Info] Iteration:320, valid_1 auc : 0.949138
[LightGBM] [Info] 374.456401 seconds elapsed, finished iteration 320
[LightGBM] [Debug] Trained a tree with leaves = 255 and depth = 33
[LightGBM] [Info] Iteration:321, valid_1 auc : 0.949171
[LightGBM] [Info] 375.729082 seconds elapsed, finished iteration 321
[LightGBM] [Debug] Trained a tree with leaves = 255 and depth = 41
[LightGBM] [Info] Iteration:322, valid_1 auc : 0.949116
[LightGBM] [Info] 377.087117 seconds elapsed, finished iteration 322
[LightGBM] [Debug] Trained a tree with leaves = 255 and depth = 32
[LightGBM] [Info] Iteration:323, valid_1 auc : 0.9491
[LightGBM] [Info] 378.336269 seconds elapsed, finished iteration 323
[LightGBM] [Debug] Trained a tree with leaves = 255 and depth = 41
[LightGBM] [Info] Iteration:324, valid_1 auc : 0.94911
[LightGBM] [Info] 379.473103 seconds elapsed, finished iteration 324
[LightGBM] [Debug] Trained a tree with leaves = 255 and depth = 34
[LightGBM] [Info] Iteration:325, valid_1 auc : 0.949132
[LightGBM] [Info] 380.799777 seconds elapsed, finished iteration 325
[LightGBM] [Debug] Trained a tree with leaves = 255 and depth = 76
[LightGBM] [Info] Iteration:326, valid_1 auc : 0.949138
[LightGBM] [Info] 381.807902 seconds elapsed, finished iteration 326
[LightGBM] [Debug] Trained a tree with leaves = 255 and depth = 34
[LightGBM] [Info] Iteration:327, valid_1 auc : 0.949147
[LightGBM] [Info] 383.134810 seconds elapsed, finished iteration 327
[LightGBM] [Debug] Trained a tree with leaves = 255 and depth = 37
[LightGBM] [Info] Iteration:328, valid_1 auc : 0.948995
[LightGBM] [Info] 384.449175 seconds elapsed, finished iteration 328
[LightGBM] [Debug] Trained a tree with leaves = 255 and depth = 48
[LightGBM] [Info] Iteration:329, valid_1 auc : 0.949022
[LightGBM] [Info] 385.757336 seconds elapsed, finished iteration 329
[LightGBM] [Debug] Trained a tree with leaves = 255 and depth = 37
[LightGBM] [Info] Iteration:330, valid_1 auc : 0.948945
[LightGBM] [Info] 387.056115 seconds elapsed, finished iteration 330
[LightGBM] [Debug] Trained a tree with leaves = 255 and depth = 35
[LightGBM] [Info] Iteration:331, valid_1 auc : 0.948945
[LightGBM] [Info] 388.289665 seconds elapsed, finished iteration 331
[LightGBM] [Debug] Trained a tree with leaves = 255 and depth = 43
[LightGBM] [Info] Iteration:332, valid_1 auc : 0.948935
[LightGBM] [Info] 389.565270 seconds elapsed, finished iteration 332
[LightGBM] [Debug] Trained a tree with leaves = 255 and depth = 65
[LightGBM] [Info] Iteration:333, valid_1 auc : 0.948933
[LightGBM] [Info] 390.787175 seconds elapsed, finished iteration 333
[LightGBM] [Debug] Trained a tree with leaves = 255 and depth = 56
[LightGBM] [Info] Iteration:334, valid_1 auc : 0.94889
[LightGBM] [Info] 392.059356 seconds elapsed, finished iteration 334
[LightGBM] [Debug] Trained a tree with leaves = 255 and depth = 34
[LightGBM] [Info] Iteration:335, valid_1 auc : 0.94887
[LightGBM] [Info] 393.369532 seconds elapsed, finished iteration 335
[LightGBM] [Debug] Trained a tree with leaves = 255 and depth = 37
[LightGBM] [Info] Iteration:336, valid_1 auc : 0.948871
[LightGBM] [Info] 394.545218 seconds elapsed, finished iteration 336
[LightGBM] [Debug] Trained a tree with leaves = 255 and depth = 44
[LightGBM] [Info] Iteration:337, valid_1 auc : 0.948876
[LightGBM] [Info] 395.842935 seconds elapsed, finished iteration 337
[LightGBM] [Debug] Trained a tree with leaves = 255 and depth = 37
[LightGBM] [Info] Iteration:338, valid_1 auc : 0.948896
[LightGBM] [Info] 397.328286 seconds elapsed, finished iteration 338
[LightGBM] [Debug] Trained a tree with leaves = 255 and depth = 50
[LightGBM] [Info] Iteration:339, valid_1 auc : 0.948899
[LightGBM] [Info] 398.475068 seconds elapsed, finished iteration 339
[LightGBM] [Debug] Trained a tree with leaves = 255 and depth = 45
[LightGBM] [Info] Iteration:340, valid_1 auc : 0.94895
[LightGBM] [Info] 399.579894 seconds elapsed, finished iteration 340
[LightGBM] [Debug] Trained a tree with leaves = 255 and depth = 37
[LightGBM] [Info] Iteration:341, valid_1 auc : 0.949014
[LightGBM] [Info] 400.745066 seconds elapsed, finished iteration 341
[LightGBM] [Debug] Trained a tree with leaves = 255 and depth = 49
[LightGBM] [Info] Iteration:342, valid_1 auc : 0.949016
[LightGBM] [Info] 402.090450 seconds elapsed, finished iteration 342
[LightGBM] [Debug] Trained a tree with leaves = 255 and depth = 38
[LightGBM] [Info] Iteration:343, valid_1 auc : 0.949031
[LightGBM] [Info] 403.292707 seconds elapsed, finished iteration 343
[LightGBM] [Debug] Trained a tree with leaves = 255 and depth = 52
[LightGBM] [Info] Iteration:344, valid_1 auc : 0.949035
[LightGBM] [Info] 404.590481 seconds elapsed, finished iteration 344
[LightGBM] [Debug] Trained a tree with leaves = 255 and depth = 41
[LightGBM] [Info] Iteration:345, valid_1 auc : 0.94904
[LightGBM] [Info] 405.849537 seconds elapsed, finished iteration 345
[LightGBM] [Debug] Trained a tree with leaves = 255 and depth = 46
[LightGBM] [Info] Iteration:346, valid_1 auc : 0.949058
[LightGBM] [Info] 407.205954 seconds elapsed, finished iteration 346
[LightGBM] [Debug] Trained a tree with leaves = 255 and depth = 46
[LightGBM] [Info] Iteration:347, valid_1 auc : 0.949057
[LightGBM] [Info] 408.526002 seconds elapsed, finished iteration 347
[LightGBM] [Debug] Trained a tree with leaves = 255 and depth = 58
[LightGBM] [Info] Iteration:348, valid_1 auc : 0.949036
[LightGBM] [Info] 409.828895 seconds elapsed, finished iteration 348
[LightGBM] [Debug] Trained a tree with leaves = 255 and depth = 31
[LightGBM] [Info] Iteration:349, valid_1 auc : 0.949049
[LightGBM] [Info] 411.091153 seconds elapsed, finished iteration 349
[LightGBM] [Debug] Trained a tree with leaves = 255 and depth = 47
[LightGBM] [Info] Iteration:350, valid_1 auc : 0.94905
[LightGBM] [Info] 412.154975 seconds elapsed, finished iteration 350
[LightGBM] [Debug] Trained a tree with leaves = 255 and depth = 62
[LightGBM] [Info] Iteration:351, valid_1 auc : 0.949059
[LightGBM] [Info] 413.466737 seconds elapsed, finished iteration 351
[LightGBM] [Debug] Trained a tree with leaves = 255 and depth = 41
[LightGBM] [Info] Iteration:352, valid_1 auc : 0.949069
[LightGBM] [Info] 415.054610 seconds elapsed, finished iteration 352
[LightGBM] [Debug] Trained a tree with leaves = 255 and depth = 41
[LightGBM] [Info] Iteration:353, valid_1 auc : 0.949008
[LightGBM] [Info] 416.381872 seconds elapsed, finished iteration 353
[LightGBM] [Debug] Trained a tree with leaves = 255 and depth = 71
[LightGBM] [Info] Iteration:354, valid_1 auc : 0.948987
[LightGBM] [Info] 417.809381 seconds elapsed, finished iteration 354
[LightGBM] [Debug] Trained a tree with leaves = 255 and depth = 46
[LightGBM] [Info] Iteration:355, valid_1 auc : 0.948989
[LightGBM] [Info] 418.945286 seconds elapsed, finished iteration 355
[LightGBM] [Debug] Trained a tree with leaves = 255 and depth = 44
[LightGBM] [Info] Iteration:356, valid_1 auc : 0.948979
[LightGBM] [Info] 420.162176 seconds elapsed, finished iteration 356
[LightGBM] [Debug] Trained a tree with leaves = 255 and depth = 55
[LightGBM] [Info] Iteration:357, valid_1 auc : 0.948923
[LightGBM] [Info] 421.409598 seconds elapsed, finished iteration 357
[LightGBM] [Debug] Trained a tree with leaves = 255 and depth = 35
[LightGBM] [Info] Iteration:358, valid_1 auc : 0.948932
[LightGBM] [Info] 422.682666 seconds elapsed, finished iteration 358
[LightGBM] [Debug] Trained a tree with leaves = 255 and depth = 40
[LightGBM] [Info] Iteration:359, valid_1 auc : 0.948931
[LightGBM] [Info] 424.112762 seconds elapsed, finished iteration 359
[LightGBM] [Debug] Trained a tree with leaves = 255 and depth = 49
[LightGBM] [Info] Iteration:360, valid_1 auc : 0.948919
[LightGBM] [Info] 425.414370 seconds elapsed, finished iteration 360
[LightGBM] [Debug] Trained a tree with leaves = 255 and depth = 40
[LightGBM] [Info] Iteration:361, valid_1 auc : 0.948934
[LightGBM] [Info] 426.861556 seconds elapsed, finished iteration 361
[LightGBM] [Debug] Trained a tree with leaves = 255 and depth = 43
[LightGBM] [Info] Iteration:362, valid_1 auc : 0.948941
[LightGBM] [Info] 427.975388 seconds elapsed, finished iteration 362
[LightGBM] [Debug] Trained a tree with leaves = 255 and depth = 55
[LightGBM] [Info] Iteration:363, valid_1 auc : 0.948927
[LightGBM] [Info] 428.963186 seconds elapsed, finished iteration 363
[LightGBM] [Debug] Trained a tree with leaves = 255 and depth = 44
[LightGBM] [Info] Iteration:364, valid_1 auc : 0.948923
[LightGBM] [Info] 430.106885 seconds elapsed, finished iteration 364
[LightGBM] [Debug] Trained a tree with leaves = 255 and depth = 28
[LightGBM] [Info] Iteration:365, valid_1 auc : 0.948902
[LightGBM] [Info] 431.436837 seconds elapsed, finished iteration 365
[LightGBM] [Debug] Trained a tree with leaves = 255 and depth = 38
[LightGBM] [Info] Iteration:366, valid_1 auc : 0.948899
[LightGBM] [Info] 432.591190 seconds elapsed, finished iteration 366
[LightGBM] [Debug] Trained a tree with leaves = 255 and depth = 62
[LightGBM] [Info] Iteration:367, valid_1 auc : 0.948916
[LightGBM] [Info] 433.864321 seconds elapsed, finished iteration 367
[LightGBM] [Debug] Trained a tree with leaves = 255 and depth = 64
[LightGBM] [Info] Iteration:368, valid_1 auc : 0.948964
[LightGBM] [Info] 435.011566 seconds elapsed, finished iteration 368
[LightGBM] [Debug] Trained a tree with leaves = 255 and depth = 32
[LightGBM] [Info] Iteration:369, valid_1 auc : 0.948962
[LightGBM] [Info] 436.286903 seconds elapsed, finished iteration 369
[LightGBM] [Debug] Trained a tree with leaves = 255 and depth = 62
[LightGBM] [Info] Iteration:370, valid_1 auc : 0.948987
[LightGBM] [Info] 437.732823 seconds elapsed, finished iteration 370
[LightGBM] [Debug] Trained a tree with leaves = 255 and depth = 69
[LightGBM] [Info] Iteration:371, valid_1 auc : 0.949011
[LightGBM] [Info] 439.103687 seconds elapsed, finished iteration 371
[LightGBM] [Debug] Trained a tree with leaves = 255 and depth = 47
[LightGBM] [Info] Iteration:372, valid_1 auc : 0.949012
[LightGBM] [Info] 440.380385 seconds elapsed, finished iteration 372
[LightGBM] [Debug] Trained a tree with leaves = 255 and depth = 48
[LightGBM] [Info] Iteration:373, valid_1 auc : 0.949002
[LightGBM] [Info] 441.606515 seconds elapsed, finished iteration 373
[LightGBM] [Debug] Trained a tree with leaves = 255 and depth = 34
[LightGBM] [Info] Iteration:374, valid_1 auc : 0.94902
[LightGBM] [Info] 442.860238 seconds elapsed, finished iteration 374
[LightGBM] [Debug] Trained a tree with leaves = 255 and depth = 54
[LightGBM] [Info] Iteration:375, valid_1 auc : 0.94902
[LightGBM] [Info] 444.303321 seconds elapsed, finished iteration 375
[LightGBM] [Debug] Trained a tree with leaves = 255 and depth = 27
[LightGBM] [Info] Iteration:376, valid_1 auc : 0.948964
[LightGBM] [Info] 445.548980 seconds elapsed, finished iteration 376
[LightGBM] [Debug] Trained a tree with leaves = 255 and depth = 48
[LightGBM] [Info] Iteration:377, valid_1 auc : 0.948971
[LightGBM] [Info] 447.049704 seconds elapsed, finished iteration 377
[LightGBM] [Debug] Trained a tree with leaves = 255 and depth = 32
[LightGBM] [Info] Iteration:378, valid_1 auc : 0.948972
[LightGBM] [Info] 448.337044 seconds elapsed, finished iteration 378
[LightGBM] [Debug] Trained a tree with leaves = 255 and depth = 38
[LightGBM] [Info] Iteration:379, valid_1 auc : 0.948978
[LightGBM] [Info] 449.431946 seconds elapsed, finished iteration 379
[LightGBM] [Debug] Trained a tree with leaves = 255 and depth = 54
[LightGBM] [Info] Iteration:380, valid_1 auc : 0.948988
[LightGBM] [Info] 450.836277 seconds elapsed, finished iteration 380
[LightGBM] [Debug] Trained a tree with leaves = 255 and depth = 40
[LightGBM] [Info] Iteration:381, valid_1 auc : 0.949004
[LightGBM] [Info] 452.008057 seconds elapsed, finished iteration 381
[LightGBM] [Debug] Trained a tree with leaves = 255 and depth = 54
[LightGBM] [Info] Iteration:382, valid_1 auc : 0.948996
[LightGBM] [Info] 453.371464 seconds elapsed, finished iteration 382
[LightGBM] [Debug] Trained a tree with leaves = 255 and depth = 48
[LightGBM] [Info] Iteration:383, valid_1 auc : 0.949029
[LightGBM] [Info] 454.728041 seconds elapsed, finished iteration 383
[LightGBM] [Debug] Trained a tree with leaves = 255 and depth = 50
[LightGBM] [Info] Iteration:384, valid_1 auc : 0.949036
[LightGBM] [Info] 455.966408 seconds elapsed, finished iteration 384
[LightGBM] [Debug] Trained a tree with leaves = 255 and depth = 47
[LightGBM] [Info] Iteration:385, valid_1 auc : 0.949006
[LightGBM] [Info] 457.427457 seconds elapsed, finished iteration 385
[LightGBM] [Debug] Trained a tree with leaves = 255 and depth = 37
[LightGBM] [Info] Iteration:386, valid_1 auc : 0.949029
[LightGBM] [Info] 458.737733 seconds elapsed, finished iteration 386
[LightGBM] [Debug] Trained a tree with leaves = 255 and depth = 35
[LightGBM] [Info] Iteration:387, valid_1 auc : 0.949041
[LightGBM] [Info] 460.144431 seconds elapsed, finished iteration 387
[LightGBM] [Debug] Trained a tree with leaves = 255 and depth = 38
[LightGBM] [Info] Iteration:388, valid_1 auc : 0.949036
[LightGBM] [Info] 461.485494 seconds elapsed, finished iteration 388
[LightGBM] [Debug] Trained a tree with leaves = 255 and depth = 35
[LightGBM] [Info] Iteration:389, valid_1 auc : 0.949111
[LightGBM] [Info] 462.711857 seconds elapsed, finished iteration 389
[LightGBM] [Debug] Trained a tree with leaves = 255 and depth = 44
[LightGBM] [Info] Iteration:390, valid_1 auc : 0.949118
[LightGBM] [Info] 463.802797 seconds elapsed, finished iteration 390
[LightGBM] [Debug] Trained a tree with leaves = 255 and depth = 36
[LightGBM] [Info] Iteration:391, valid_1 auc : 0.949118
[LightGBM] [Info] 464.883087 seconds elapsed, finished iteration 391
[LightGBM] [Debug] Trained a tree with leaves = 255 and depth = 31
[LightGBM] [Info] Iteration:392, valid_1 auc : 0.94911
[LightGBM] [Info] 466.184052 seconds elapsed, finished iteration 392
[LightGBM] [Debug] Trained a tree with leaves = 255 and depth = 55
[LightGBM] [Info] Iteration:393, valid_1 auc : 0.949109
[LightGBM] [Info] 467.521124 seconds elapsed, finished iteration 393
[LightGBM] [Debug] Trained a tree with leaves = 255 and depth = 61
[LightGBM] [Info] Iteration:394, valid_1 auc : 0.949107
[LightGBM] [Info] 468.771928 seconds elapsed, finished iteration 394
[LightGBM] [Debug] Trained a tree with leaves = 255 and depth = 52
[LightGBM] [Info] Iteration:395, valid_1 auc : 0.949101
[LightGBM] [Info] 469.835750 seconds elapsed, finished iteration 395
[LightGBM] [Debug] Trained a tree with leaves = 255 and depth = 42
[LightGBM] [Info] Iteration:396, valid_1 auc : 0.949103
[LightGBM] [Info] 470.984987 seconds elapsed, finished iteration 396
[LightGBM] [Debug] Trained a tree with leaves = 255 and depth = 52
[LightGBM] [Info] Iteration:397, valid_1 auc : 0.949107
[LightGBM] [Info] 472.222065 seconds elapsed, finished iteration 397
[LightGBM] [Debug] Trained a tree with leaves = 255 and depth = 56
[LightGBM] [Info] Iteration:398, valid_1 auc : 0.949092
[LightGBM] [Info] 473.317657 seconds elapsed, finished iteration 398
[LightGBM] [Debug] Trained a tree with leaves = 255 and depth = 45
[LightGBM] [Info] Iteration:399, valid_1 auc : 0.949113
[LightGBM] [Info] 474.674464 seconds elapsed, finished iteration 399
[LightGBM] [Debug] Trained a tree with leaves = 255 and depth = 47
[LightGBM] [Info] Iteration:400, valid_1 auc : 0.949109
[LightGBM] [Info] 475.898828 seconds elapsed, finished iteration 400
[LightGBM] [Debug] Trained a tree with leaves = 255 and depth = 62
[LightGBM] [Info] Iteration:401, valid_1 auc : 0.94911
[LightGBM] [Info] 477.169727 seconds elapsed, finished iteration 401
[LightGBM] [Debug] Trained a tree with leaves = 255 and depth = 49
[LightGBM] [Info] Iteration:402, valid_1 auc : 0.949106
[LightGBM] [Info] 478.499051 seconds elapsed, finished iteration 402
[LightGBM] [Debug] Trained a tree with leaves = 255 and depth = 49
[LightGBM] [Info] Iteration:403, valid_1 auc : 0.949148
[LightGBM] [Info] 479.866384 seconds elapsed, finished iteration 403
[LightGBM] [Debug] Trained a tree with leaves = 255 and depth = 40
[LightGBM] [Info] Iteration:404, valid_1 auc : 0.94916
[LightGBM] [Info] 480.938069 seconds elapsed, finished iteration 404
[LightGBM] [Debug] Trained a tree with leaves = 255 and depth = 44
[LightGBM] [Info] Iteration:405, valid_1 auc : 0.949171
[LightGBM] [Info] 482.163850 seconds elapsed, finished iteration 405
[LightGBM] [Debug] Trained a tree with leaves = 255 and depth = 60
[LightGBM] [Info] Iteration:406, valid_1 auc : 0.949137
[LightGBM] [Info] 483.402093 seconds elapsed, finished iteration 406
[LightGBM] [Debug] Trained a tree with leaves = 255 and depth = 76
[LightGBM] [Info] Iteration:407, valid_1 auc : 0.94915
[LightGBM] [Info] 484.803075 seconds elapsed, finished iteration 407
[LightGBM] [Debug] Trained a tree with leaves = 255 and depth = 36
[LightGBM] [Info] Iteration:408, valid_1 auc : 0.949117
[LightGBM] [Info] 486.093027 seconds elapsed, finished iteration 408
[LightGBM] [Debug] Trained a tree with leaves = 255 and depth = 48
[LightGBM] [Info] Iteration:409, valid_1 auc : 0.949141
[LightGBM] [Info] 487.324165 seconds elapsed, finished iteration 409
[LightGBM] [Debug] Trained a tree with leaves = 255 and depth = 38
[LightGBM] [Info] Iteration:410, valid_1 auc : 0.94919
[LightGBM] [Info] 488.736406 seconds elapsed, finished iteration 410
[LightGBM] [Debug] Trained a tree with leaves = 255 and depth = 59
[LightGBM] [Info] Iteration:411, valid_1 auc : 0.949199
[LightGBM] [Info] 490.132341 seconds elapsed, finished iteration 411
[LightGBM] [Debug] Trained a tree with leaves = 255 and depth = 36
[LightGBM] [Info] Iteration:412, valid_1 auc : 0.949246
[LightGBM] [Info] 491.576638 seconds elapsed, finished iteration 412
[LightGBM] [Debug] Trained a tree with leaves = 255 and depth = 52
[LightGBM] [Info] Iteration:413, valid_1 auc : 0.949248
[LightGBM] [Info] 492.920019 seconds elapsed, finished iteration 413
[LightGBM] [Debug] Trained a tree with leaves = 255 and depth = 43
[LightGBM] [Info] Iteration:414, valid_1 auc : 0.949245
[LightGBM] [Info] 494.370741 seconds elapsed, finished iteration 414
[LightGBM] [Debug] Trained a tree with leaves = 255 and depth = 29
[LightGBM] [Info] Iteration:415, valid_1 auc : 0.949238
[LightGBM] [Info] 495.564546 seconds elapsed, finished iteration 415
[LightGBM] [Debug] Trained a tree with leaves = 255 and depth = 43
[LightGBM] [Info] Iteration:416, valid_1 auc : 0.949248
[LightGBM] [Info] 496.973047 seconds elapsed, finished iteration 416
[LightGBM] [Debug] Trained a tree with leaves = 255 and depth = 34
[LightGBM] [Info] Iteration:417, valid_1 auc : 0.949251
[LightGBM] [Info] 498.533571 seconds elapsed, finished iteration 417
[LightGBM] [Debug] Trained a tree with leaves = 255 and depth = 38
[LightGBM] [Info] Iteration:418, valid_1 auc : 0.949271
[LightGBM] [Info] 499.793038 seconds elapsed, finished iteration 418
[LightGBM] [Debug] Trained a tree with leaves = 255 and depth = 37
[LightGBM] [Info] Iteration:419, valid_1 auc : 0.949278
[LightGBM] [Info] 500.965030 seconds elapsed, finished iteration 419
[LightGBM] [Debug] Trained a tree with leaves = 255 and depth = 39
[LightGBM] [Info] Iteration:420, valid_1 auc : 0.949283
[LightGBM] [Info] 502.265386 seconds elapsed, finished iteration 420
[LightGBM] [Debug] Trained a tree with leaves = 255 and depth = 40
[LightGBM] [Info] Iteration:421, valid_1 auc : 0.949289
[LightGBM] [Info] 503.748729 seconds elapsed, finished iteration 421
[LightGBM] [Debug] Trained a tree with leaves = 255 and depth = 73
[LightGBM] [Info] Iteration:422, valid_1 auc : 0.949323
[LightGBM] [Info] 504.966376 seconds elapsed, finished iteration 422
[LightGBM] [Debug] Trained a tree with leaves = 255 and depth = 39
[LightGBM] [Info] Iteration:423, valid_1 auc : 0.949301
[LightGBM] [Info] 506.198606 seconds elapsed, finished iteration 423
[LightGBM] [Debug] Trained a tree with leaves = 255 and depth = 34
[LightGBM] [Info] Iteration:424, valid_1 auc : 0.949289
[LightGBM] [Info] 507.669471 seconds elapsed, finished iteration 424
[LightGBM] [Debug] Trained a tree with leaves = 255 and depth = 59
[LightGBM] [Info] Iteration:425, valid_1 auc : 0.949294
[LightGBM] [Info] 509.299337 seconds elapsed, finished iteration 425
[LightGBM] [Debug] Trained a tree with leaves = 255 and depth = 40
[LightGBM] [Info] Iteration:426, valid_1 auc : 0.949296
[LightGBM] [Info] 510.444889 seconds elapsed, finished iteration 426
[LightGBM] [Debug] Trained a tree with leaves = 255 and depth = 33
[LightGBM] [Info] Iteration:427, valid_1 auc : 0.949302
[LightGBM] [Info] 511.695030 seconds elapsed, finished iteration 427
[LightGBM] [Debug] Trained a tree with leaves = 255 and depth = 42
[LightGBM] [Info] Iteration:428, valid_1 auc : 0.949304
[LightGBM] [Info] 512.994704 seconds elapsed, finished iteration 428
[LightGBM] [Debug] Trained a tree with leaves = 255 and depth = 52
[LightGBM] [Info] Iteration:429, valid_1 auc : 0.949352
[LightGBM] [Info] 514.413927 seconds elapsed, finished iteration 429
[LightGBM] [Debug] Trained a tree with leaves = 255 and depth = 40
[LightGBM] [Info] Iteration:430, valid_1 auc : 0.949342
[LightGBM] [Info] 515.485849 seconds elapsed, finished iteration 430
[LightGBM] [Debug] Trained a tree with leaves = 255 and depth = 55
[LightGBM] [Info] Iteration:431, valid_1 auc : 0.949316
[LightGBM] [Info] 516.945635 seconds elapsed, finished iteration 431
[LightGBM] [Debug] Trained a tree with leaves = 255 and depth = 31
[LightGBM] [Info] Iteration:432, valid_1 auc : 0.949338
[LightGBM] [Info] 518.269024 seconds elapsed, finished iteration 432
[LightGBM] [Debug] Trained a tree with leaves = 255 and depth = 47
[LightGBM] [Info] Iteration:433, valid_1 auc : 0.949348
[LightGBM] [Info] 519.548619 seconds elapsed, finished iteration 433
[LightGBM] [Debug] Trained a tree with leaves = 255 and depth = 54
[LightGBM] [Info] Iteration:434, valid_1 auc : 0.949358
[LightGBM] [Info] 520.828980 seconds elapsed, finished iteration 434
[LightGBM] [Debug] Trained a tree with leaves = 255 and depth = 40
[LightGBM] [Info] Iteration:435, valid_1 auc : 0.949381
[LightGBM] [Info] 522.199657 seconds elapsed, finished iteration 435
[LightGBM] [Debug] Trained a tree with leaves = 255 and depth = 49
[LightGBM] [Info] Iteration:436, valid_1 auc : 0.949363
[LightGBM] [Info] 523.486994 seconds elapsed, finished iteration 436
[LightGBM] [Debug] Trained a tree with leaves = 255 and depth = 52
[LightGBM] [Info] Iteration:437, valid_1 auc : 0.949384
[LightGBM] [Info] 524.747210 seconds elapsed, finished iteration 437
[LightGBM] [Debug] Trained a tree with leaves = 255 and depth = 86
[LightGBM] [Info] Iteration:438, valid_1 auc : 0.94936
[LightGBM] [Info] 526.216028 seconds elapsed, finished iteration 438
[LightGBM] [Debug] Trained a tree with leaves = 255 and depth = 59
[LightGBM] [Info] Iteration:439, valid_1 auc : 0.949353
[LightGBM] [Info] 527.297505 seconds elapsed, finished iteration 439
[LightGBM] [Debug] Trained a tree with leaves = 255 and depth = 49
[LightGBM] [Info] Iteration:440, valid_1 auc : 0.94937
[LightGBM] [Info] 528.711242 seconds elapsed, finished iteration 440
[LightGBM] [Debug] Trained a tree with leaves = 255 and depth = 48
[LightGBM] [Info] Iteration:441, valid_1 auc : 0.949332
[LightGBM] [Info] 530.092459 seconds elapsed, finished iteration 441
[LightGBM] [Debug] Trained a tree with leaves = 255 and depth = 42
[LightGBM] [Info] Iteration:442, valid_1 auc : 0.949327
[LightGBM] [Info] 531.618388 seconds elapsed, finished iteration 442
[LightGBM] [Debug] Trained a tree with leaves = 255 and depth = 51
[LightGBM] [Info] Iteration:443, valid_1 auc : 0.949309
[LightGBM] [Info] 532.872196 seconds elapsed, finished iteration 443
[LightGBM] [Debug] Trained a tree with leaves = 255 and depth = 38
[LightGBM] [Info] Iteration:444, valid_1 auc : 0.949311
[LightGBM] [Info] 534.220418 seconds elapsed, finished iteration 444
[LightGBM] [Debug] Trained a tree with leaves = 255 and depth = 37
[LightGBM] [Info] Iteration:445, valid_1 auc : 0.949327
[LightGBM] [Info] 535.463604 seconds elapsed, finished iteration 445
[LightGBM] [Debug] Trained a tree with leaves = 255 and depth = 60
[LightGBM] [Info] Iteration:446, valid_1 auc : 0.949275
[LightGBM] [Info] 536.914986 seconds elapsed, finished iteration 446
[LightGBM] [Debug] Trained a tree with leaves = 255 and depth = 36
[LightGBM] [Info] Iteration:447, valid_1 auc : 0.949306
[LightGBM] [Info] 538.172746 seconds elapsed, finished iteration 447
[LightGBM] [Debug] Trained a tree with leaves = 255 and depth = 83
[LightGBM] [Info] Iteration:448, valid_1 auc : 0.949312
[LightGBM] [Info] 539.714236 seconds elapsed, finished iteration 448
[LightGBM] [Debug] Trained a tree with leaves = 255 and depth = 61
[LightGBM] [Info] Iteration:449, valid_1 auc : 0.949336
[LightGBM] [Info] 541.049912 seconds elapsed, finished iteration 449
[LightGBM] [Debug] Trained a tree with leaves = 255 and depth = 62
[LightGBM] [Info] Iteration:450, valid_1 auc : 0.949333
[LightGBM] [Info] 542.239395 seconds elapsed, finished iteration 450
[LightGBM] [Debug] Trained a tree with leaves = 255 and depth = 41
[LightGBM] [Info] Iteration:451, valid_1 auc : 0.949339
[LightGBM] [Info] 543.614978 seconds elapsed, finished iteration 451
[LightGBM] [Debug] Trained a tree with leaves = 255 and depth = 60
[LightGBM] [Info] Iteration:452, valid_1 auc : 0.949289
[LightGBM] [Info] 544.952192 seconds elapsed, finished iteration 452
[LightGBM] [Debug] Trained a tree with leaves = 255 and depth = 50
[LightGBM] [Info] Iteration:453, valid_1 auc : 0.949295
[LightGBM] [Info] 546.245715 seconds elapsed, finished iteration 453
[LightGBM] [Debug] Trained a tree with leaves = 255 and depth = 42
[LightGBM] [Info] Iteration:454, valid_1 auc : 0.949306
[LightGBM] [Info] 547.651437 seconds elapsed, finished iteration 454
[LightGBM] [Debug] Trained a tree with leaves = 255 and depth = 52
[LightGBM] [Info] Iteration:455, valid_1 auc : 0.949299
[LightGBM] [Info] 548.920957 seconds elapsed, finished iteration 455
[LightGBM] [Debug] Trained a tree with leaves = 255 and depth = 49
[LightGBM] [Info] Iteration:456, valid_1 auc : 0.949302
[LightGBM] [Info] 550.293403 seconds elapsed, finished iteration 456
[LightGBM] [Debug] Trained a tree with leaves = 255 and depth = 46
[LightGBM] [Info] Iteration:457, valid_1 auc : 0.949283
[LightGBM] [Info] 551.535291 seconds elapsed, finished iteration 457
[LightGBM] [Debug] Trained a tree with leaves = 255 and depth = 44
[LightGBM] [Info] Iteration:458, valid_1 auc : 0.949288
[LightGBM] [Info] 552.868155 seconds elapsed, finished iteration 458
[LightGBM] [Debug] Trained a tree with leaves = 255 and depth = 55
[LightGBM] [Info] Iteration:459, valid_1 auc : 0.949303
[LightGBM] [Info] 554.349744 seconds elapsed, finished iteration 459
[LightGBM] [Debug] Trained a tree with leaves = 255 and depth = 58
[LightGBM] [Info] Iteration:460, valid_1 auc : 0.9493
[LightGBM] [Info] 555.761605 seconds elapsed, finished iteration 460
[LightGBM] [Debug] Trained a tree with leaves = 255 and depth = 47
[LightGBM] [Info] Iteration:461, valid_1 auc : 0.949263
[LightGBM] [Info] 557.031168 seconds elapsed, finished iteration 461
[LightGBM] [Debug] Trained a tree with leaves = 255 and depth = 68
[LightGBM] [Info] Iteration:462, valid_1 auc : 0.949252
[LightGBM] [Info] 558.236661 seconds elapsed, finished iteration 462
[LightGBM] [Debug] Trained a tree with leaves = 255 and depth = 40
[LightGBM] [Info] Iteration:463, valid_1 auc : 0.949261
[LightGBM] [Info] 559.353179 seconds elapsed, finished iteration 463
[LightGBM] [Debug] Trained a tree with leaves = 255 and depth = 73
[LightGBM] [Info] Iteration:464, valid_1 auc : 0.949275
[LightGBM] [Info] 560.613523 seconds elapsed, finished iteration 464
[LightGBM] [Debug] Trained a tree with leaves = 255 and depth = 49
[LightGBM] [Info] Iteration:465, valid_1 auc : 0.949218
[LightGBM] [Info] 561.882422 seconds elapsed, finished iteration 465
[LightGBM] [Debug] Trained a tree with leaves = 255 and depth = 63
[LightGBM] [Info] Iteration:466, valid_1 auc : 0.949224
[LightGBM] [Info] 563.210618 seconds elapsed, finished iteration 466
[LightGBM] [Debug] Trained a tree with leaves = 255 and depth = 52
[LightGBM] [Info] Iteration:467, valid_1 auc : 0.949243
[LightGBM] [Info] 564.289631 seconds elapsed, finished iteration 467
[LightGBM] [Debug] Trained a tree with leaves = 255 and depth = 48
[LightGBM] [Info] Iteration:468, valid_1 auc : 0.949208
[LightGBM] [Info] 565.645597 seconds elapsed, finished iteration 468
[LightGBM] [Debug] Trained a tree with leaves = 255 and depth = 53
[LightGBM] [Info] Iteration:469, valid_1 auc : 0.949224
[LightGBM] [Info] 567.128471 seconds elapsed, finished iteration 469
[LightGBM] [Debug] Trained a tree with leaves = 255 and depth = 37
[LightGBM] [Info] Iteration:470, valid_1 auc : 0.949144
[LightGBM] [Info] 568.305150 seconds elapsed, finished iteration 470
[LightGBM] [Debug] Trained a tree with leaves = 255 and depth = 64
[LightGBM] [Info] Iteration:471, valid_1 auc : 0.949134
[LightGBM] [Info] 569.621562 seconds elapsed, finished iteration 471
[LightGBM] [Debug] Trained a tree with leaves = 255 and depth = 44
[LightGBM] [Info] Iteration:472, valid_1 auc : 0.949134
[LightGBM] [Info] 571.059273 seconds elapsed, finished iteration 472
[LightGBM] [Debug] Trained a tree with leaves = 255 and depth = 66
[LightGBM] [Info] Iteration:473, valid_1 auc : 0.949131
[LightGBM] [Info] 572.322452 seconds elapsed, finished iteration 473
[LightGBM] [Debug] Trained a tree with leaves = 255 and depth = 48
[LightGBM] [Info] Iteration:474, valid_1 auc : 0.949127
[LightGBM] [Info] 573.501785 seconds elapsed, finished iteration 474
[LightGBM] [Debug] Trained a tree with leaves = 255 and depth = 52
[LightGBM] [Info] Iteration:475, valid_1 auc : 0.949132
[LightGBM] [Info] 574.912854 seconds elapsed, finished iteration 475
[LightGBM] [Debug] Trained a tree with leaves = 255 and depth = 34
[LightGBM] [Info] Iteration:476, valid_1 auc : 0.949134
[LightGBM] [Info] 575.960004 seconds elapsed, finished iteration 476
[LightGBM] [Debug] Trained a tree with leaves = 255 and depth = 42
[LightGBM] [Info] Iteration:477, valid_1 auc : 0.949129
[LightGBM] [Info] 577.378701 seconds elapsed, finished iteration 477
[LightGBM] [Debug] Trained a tree with leaves = 255 and depth = 48
[LightGBM] [Info] Iteration:478, valid_1 auc : 0.949135
[LightGBM] [Info] 578.497255 seconds elapsed, finished iteration 478
[LightGBM] [Debug] Trained a tree with leaves = 255 and depth = 43
[LightGBM] [Info] Iteration:479, valid_1 auc : 0.949141
[LightGBM] [Info] 579.766248 seconds elapsed, finished iteration 479
[LightGBM] [Debug] Trained a tree with leaves = 255 and depth = 46
[LightGBM] [Info] Iteration:480, valid_1 auc : 0.949158
[LightGBM] [Info] 581.223029 seconds elapsed, finished iteration 480
[LightGBM] [Debug] Trained a tree with leaves = 255 and depth = 69
[LightGBM] [Info] Iteration:481, valid_1 auc : 0.949165
[LightGBM] [Info] 582.848269 seconds elapsed, finished iteration 481
[LightGBM] [Debug] Trained a tree with leaves = 255 and depth = 43
[LightGBM] [Info] Iteration:482, valid_1 auc : 0.949163
[LightGBM] [Info] 584.045057 seconds elapsed, finished iteration 482
[LightGBM] [Debug] Trained a tree with leaves = 255 and depth = 48
[LightGBM] [Info] Iteration:483, valid_1 auc : 0.949166
[LightGBM] [Info] 585.021287 seconds elapsed, finished iteration 483
[LightGBM] [Debug] Trained a tree with leaves = 255 and depth = 39
[LightGBM] [Info] Iteration:484, valid_1 auc : 0.949143
[LightGBM] [Info] 586.049875 seconds elapsed, finished iteration 484
[LightGBM] [Debug] Trained a tree with leaves = 255 and depth = 71
[LightGBM] [Info] Iteration:485, valid_1 auc : 0.949144
[LightGBM] [Info] 587.198500 seconds elapsed, finished iteration 485
[LightGBM] [Debug] Trained a tree with leaves = 255 and depth = 51
[LightGBM] [Info] Iteration:486, valid_1 auc : 0.949156
[LightGBM] [Info] 588.810552 seconds elapsed, finished iteration 486
[LightGBM] [Debug] Trained a tree with leaves = 255 and depth = 54
[LightGBM] [Info] Iteration:487, valid_1 auc : 0.949057
[LightGBM] [Info] 590.319104 seconds elapsed, finished iteration 487
[LightGBM] [Debug] Trained a tree with leaves = 255 and depth = 70
[LightGBM] [Info] Iteration:488, valid_1 auc : 0.949071
[LightGBM] [Info] 591.831236 seconds elapsed, finished iteration 488
[LightGBM] [Debug] Trained a tree with leaves = 255 and depth = 26
[LightGBM] [Info] Iteration:489, valid_1 auc : 0.94908
[LightGBM] [Info] 593.119631 seconds elapsed, finished iteration 489
[LightGBM] [Debug] Trained a tree with leaves = 255 and depth = 67
[LightGBM] [Info] Iteration:490, valid_1 auc : 0.949069
[LightGBM] [Info] 594.504817 seconds elapsed, finished iteration 490
[LightGBM] [Debug] Trained a tree with leaves = 255 and depth = 62
[LightGBM] [Info] Iteration:491, valid_1 auc : 0.949062
[LightGBM] [Info] 595.794083 seconds elapsed, finished iteration 491
[LightGBM] [Debug] Trained a tree with leaves = 255 and depth = 43
[LightGBM] [Info] Iteration:492, valid_1 auc : 0.949073
[LightGBM] [Info] 597.120393 seconds elapsed, finished iteration 492
[LightGBM] [Debug] Trained a tree with leaves = 255 and depth = 68
[LightGBM] [Info] Iteration:493, valid_1 auc : 0.949101
[LightGBM] [Info] 598.438832 seconds elapsed, finished iteration 493
[LightGBM] [Debug] Trained a tree with leaves = 255 and depth = 57
[LightGBM] [Info] Iteration:494, valid_1 auc : 0.949088
[LightGBM] [Info] 599.397976 seconds elapsed, finished iteration 494
[LightGBM] [Debug] Trained a tree with leaves = 255 and depth = 32
[LightGBM] [Info] Iteration:495, valid_1 auc : 0.949074
[LightGBM] [Info] 600.560234 seconds elapsed, finished iteration 495
[LightGBM] [Debug] Trained a tree with leaves = 255 and depth = 54
[LightGBM] [Info] Iteration:496, valid_1 auc : 0.949107
[LightGBM] [Info] 601.980467 seconds elapsed, finished iteration 496
[LightGBM] [Debug] Trained a tree with leaves = 255 and depth = 48
[LightGBM] [Info] Iteration:497, valid_1 auc : 0.949115
[LightGBM] [Info] 603.351920 seconds elapsed, finished iteration 497
[LightGBM] [Debug] Trained a tree with leaves = 255 and depth = 58
[LightGBM] [Info] Iteration:498, valid_1 auc : 0.949076
[LightGBM] [Info] 604.721548 seconds elapsed, finished iteration 498
[LightGBM] [Debug] Trained a tree with leaves = 255 and depth = 75
[LightGBM] [Info] Iteration:499, valid_1 auc : 0.949032
[LightGBM] [Info] 605.867568 seconds elapsed, finished iteration 499
[LightGBM] [Debug] Trained a tree with leaves = 255 and depth = 49
[LightGBM] [Info] Iteration:500, valid_1 auc : 0.949027
[LightGBM] [Info] 607.407507 seconds elapsed, finished iteration 500
[LightGBM] [Info] Finished training
