[LightGBM] [Warning] use_discretized_grad is set=true, use_discretized_grad=true will be ignored. Current value: use_discretized_grad=true
[LightGBM] [Warning] discretized_grad_renew is set=true, discretized_grad_renew=true will be ignored. Current value: discretized_grad_renew=true
[LightGBM] [Info] Finished loading parameters
[LightGBM] [Debug] Loading train file...
[LightGBM] [Info] Construct bin mappers from text data time 0.56 seconds
[LightGBM] [Debug] Loading validation file #1...
[LightGBM] [Info] Finished loading data in 14.716302 seconds
[LightGBM] [Info] Number of positive: 5564616, number of negative: 4935384
[LightGBM] [Debug] Dataset::GetMultiBinFromAllFeatures: sparse rate 0.078954
[LightGBM] [Info] Total Bins 6132
[LightGBM] [Info] Number of data points in the train set: 10500000, number of used features: 28
[LightGBM] [Debug] Number of data points in validation set #1: 500000
[LightGBM] [Info] Finished initializing training
[LightGBM] [Info] Started training...
[LightGBM] [Info] [binary:BoostFromScore]: pavg=0.529963 -> initscore=0.119997
[LightGBM] [Info] Start training from score 0.119997
[LightGBM] [Debug] Trained a tree with leaves = 255 and depth = 13
[LightGBM] [Info] Iteration:1, valid_1 auc : 0.771695
[LightGBM] [Info] 0.548773 seconds elapsed, finished iteration 1
[LightGBM] [Debug] Trained a tree with leaves = 255 and depth = 13
[LightGBM] [Info] Iteration:2, valid_1 auc : 0.777323
[LightGBM] [Info] 1.083350 seconds elapsed, finished iteration 2
[LightGBM] [Debug] Trained a tree with leaves = 255 and depth = 13
[LightGBM] [Info] Iteration:3, valid_1 auc : 0.781275
[LightGBM] [Info] 1.634921 seconds elapsed, finished iteration 3
[LightGBM] [Debug] Trained a tree with leaves = 255 and depth = 17
[LightGBM] [Info] Iteration:4, valid_1 auc : 0.78412
[LightGBM] [Info] 2.121142 seconds elapsed, finished iteration 4
[LightGBM] [Debug] Trained a tree with leaves = 255 and depth = 13
[LightGBM] [Info] Iteration:5, valid_1 auc : 0.786326
[LightGBM] [Info] 2.649232 seconds elapsed, finished iteration 5
[LightGBM] [Debug] Trained a tree with leaves = 255 and depth = 15
[LightGBM] [Info] Iteration:6, valid_1 auc : 0.788683
[LightGBM] [Info] 3.145956 seconds elapsed, finished iteration 6
[LightGBM] [Debug] Trained a tree with leaves = 255 and depth = 14
[LightGBM] [Info] Iteration:7, valid_1 auc : 0.790238
[LightGBM] [Info] 3.699163 seconds elapsed, finished iteration 7
[LightGBM] [Debug] Trained a tree with leaves = 255 and depth = 13
[LightGBM] [Info] Iteration:8, valid_1 auc : 0.791802
[LightGBM] [Info] 4.305860 seconds elapsed, finished iteration 8
[LightGBM] [Debug] Trained a tree with leaves = 255 and depth = 14
[LightGBM] [Info] Iteration:9, valid_1 auc : 0.79343
[LightGBM] [Info] 4.876083 seconds elapsed, finished iteration 9
[LightGBM] [Debug] Trained a tree with leaves = 255 and depth = 14
[LightGBM] [Info] Iteration:10, valid_1 auc : 0.794498
[LightGBM] [Info] 5.419659 seconds elapsed, finished iteration 10
[LightGBM] [Debug] Trained a tree with leaves = 255 and depth = 14
[LightGBM] [Info] Iteration:11, valid_1 auc : 0.795792
[LightGBM] [Info] 6.044601 seconds elapsed, finished iteration 11
[LightGBM] [Debug] Trained a tree with leaves = 255 and depth = 15
[LightGBM] [Info] Iteration:12, valid_1 auc : 0.797073
[LightGBM] [Info] 6.699490 seconds elapsed, finished iteration 12
[LightGBM] [Debug] Trained a tree with leaves = 255 and depth = 14
[LightGBM] [Info] Iteration:13, valid_1 auc : 0.798263
[LightGBM] [Info] 7.227597 seconds elapsed, finished iteration 13
[LightGBM] [Debug] Trained a tree with leaves = 255 and depth = 15
[LightGBM] [Info] Iteration:14, valid_1 auc : 0.799334
[LightGBM] [Info] 7.702531 seconds elapsed, finished iteration 14
[LightGBM] [Debug] Trained a tree with leaves = 255 and depth = 16
[LightGBM] [Info] Iteration:15, valid_1 auc : 0.800585
[LightGBM] [Info] 8.167093 seconds elapsed, finished iteration 15
[LightGBM] [Debug] Trained a tree with leaves = 255 and depth = 14
[LightGBM] [Info] Iteration:16, valid_1 auc : 0.801679
[LightGBM] [Info] 8.729561 seconds elapsed, finished iteration 16
[LightGBM] [Debug] Trained a tree with leaves = 255 and depth = 15
[LightGBM] [Info] Iteration:17, valid_1 auc : 0.802723
[LightGBM] [Info] 9.134075 seconds elapsed, finished iteration 17
[LightGBM] [Debug] Trained a tree with leaves = 255 and depth = 16
[LightGBM] [Info] Iteration:18, valid_1 auc : 0.803497
[LightGBM] [Info] 9.607637 seconds elapsed, finished iteration 18
[LightGBM] [Debug] Trained a tree with leaves = 255 and depth = 17
[LightGBM] [Info] Iteration:19, valid_1 auc : 0.804766
[LightGBM] [Info] 10.011731 seconds elapsed, finished iteration 19
[LightGBM] [Debug] Trained a tree with leaves = 255 and depth = 14
[LightGBM] [Info] Iteration:20, valid_1 auc : 0.805503
[LightGBM] [Info] 10.428971 seconds elapsed, finished iteration 20
[LightGBM] [Debug] Trained a tree with leaves = 255 and depth = 16
[LightGBM] [Info] Iteration:21, valid_1 auc : 0.806532
[LightGBM] [Info] 11.049566 seconds elapsed, finished iteration 21
[LightGBM] [Debug] Trained a tree with leaves = 255 and depth = 17
[LightGBM] [Info] Iteration:22, valid_1 auc : 0.807331
[LightGBM] [Info] 11.555049 seconds elapsed, finished iteration 22
[LightGBM] [Debug] Trained a tree with leaves = 255 and depth = 17
[LightGBM] [Info] Iteration:23, valid_1 auc : 0.808218
[LightGBM] [Info] 12.061464 seconds elapsed, finished iteration 23
[LightGBM] [Debug] Trained a tree with leaves = 255 and depth = 16
[LightGBM] [Info] Iteration:24, valid_1 auc : 0.808969
[LightGBM] [Info] 12.511362 seconds elapsed, finished iteration 24
[LightGBM] [Debug] Trained a tree with leaves = 255 and depth = 16
[LightGBM] [Info] Iteration:25, valid_1 auc : 0.809801
[LightGBM] [Info] 12.967976 seconds elapsed, finished iteration 25
[LightGBM] [Debug] Trained a tree with leaves = 255 and depth = 16
[LightGBM] [Info] Iteration:26, valid_1 auc : 0.810635
[LightGBM] [Info] 13.377531 seconds elapsed, finished iteration 26
[LightGBM] [Debug] Trained a tree with leaves = 255 and depth = 15
[LightGBM] [Info] Iteration:27, valid_1 auc : 0.811206
[LightGBM] [Info] 13.874096 seconds elapsed, finished iteration 27
[LightGBM] [Debug] Trained a tree with leaves = 255 and depth = 16
[LightGBM] [Info] Iteration:28, valid_1 auc : 0.811845
[LightGBM] [Info] 14.347262 seconds elapsed, finished iteration 28
[LightGBM] [Debug] Trained a tree with leaves = 255 and depth = 17
[LightGBM] [Info] Iteration:29, valid_1 auc : 0.812445
[LightGBM] [Info] 14.814650 seconds elapsed, finished iteration 29
[LightGBM] [Debug] Trained a tree with leaves = 255 and depth = 16
[LightGBM] [Info] Iteration:30, valid_1 auc : 0.813033
[LightGBM] [Info] 15.359725 seconds elapsed, finished iteration 30
[LightGBM] [Debug] Trained a tree with leaves = 255 and depth = 20
[LightGBM] [Info] Iteration:31, valid_1 auc : 0.813639
[LightGBM] [Info] 15.884881 seconds elapsed, finished iteration 31
[LightGBM] [Debug] Trained a tree with leaves = 255 and depth = 17
[LightGBM] [Info] Iteration:32, valid_1 auc : 0.814191
[LightGBM] [Info] 16.338133 seconds elapsed, finished iteration 32
[LightGBM] [Debug] Trained a tree with leaves = 255 and depth = 20
[LightGBM] [Info] Iteration:33, valid_1 auc : 0.814735
[LightGBM] [Info] 16.808488 seconds elapsed, finished iteration 33
[LightGBM] [Debug] Trained a tree with leaves = 255 and depth = 18
[LightGBM] [Info] Iteration:34, valid_1 auc : 0.815253
[LightGBM] [Info] 17.254594 seconds elapsed, finished iteration 34
[LightGBM] [Debug] Trained a tree with leaves = 255 and depth = 17
[LightGBM] [Info] Iteration:35, valid_1 auc : 0.815772
[LightGBM] [Info] 17.668722 seconds elapsed, finished iteration 35
[LightGBM] [Debug] Trained a tree with leaves = 255 and depth = 20
[LightGBM] [Info] Iteration:36, valid_1 auc : 0.81628
[LightGBM] [Info] 18.112626 seconds elapsed, finished iteration 36
[LightGBM] [Debug] Trained a tree with leaves = 255 and depth = 19
[LightGBM] [Info] Iteration:37, valid_1 auc : 0.816706
[LightGBM] [Info] 18.609280 seconds elapsed, finished iteration 37
[LightGBM] [Debug] Trained a tree with leaves = 255 and depth = 14
[LightGBM] [Info] Iteration:38, valid_1 auc : 0.817126
[LightGBM] [Info] 19.120243 seconds elapsed, finished iteration 38
[LightGBM] [Debug] Trained a tree with leaves = 255 and depth = 20
[LightGBM] [Info] Iteration:39, valid_1 auc : 0.817628
[LightGBM] [Info] 19.643747 seconds elapsed, finished iteration 39
[LightGBM] [Debug] Trained a tree with leaves = 255 and depth = 17
[LightGBM] [Info] Iteration:40, valid_1 auc : 0.818069
[LightGBM] [Info] 20.124462 seconds elapsed, finished iteration 40
[LightGBM] [Debug] Trained a tree with leaves = 255 and depth = 17
[LightGBM] [Info] Iteration:41, valid_1 auc : 0.818415
[LightGBM] [Info] 20.634513 seconds elapsed, finished iteration 41
[LightGBM] [Debug] Trained a tree with leaves = 255 and depth = 19
[LightGBM] [Info] Iteration:42, valid_1 auc : 0.818764
[LightGBM] [Info] 21.181599 seconds elapsed, finished iteration 42
[LightGBM] [Debug] Trained a tree with leaves = 255 and depth = 21
[LightGBM] [Info] Iteration:43, valid_1 auc : 0.819158
[LightGBM] [Info] 21.589237 seconds elapsed, finished iteration 43
[LightGBM] [Debug] Trained a tree with leaves = 255 and depth = 21
[LightGBM] [Info] Iteration:44, valid_1 auc : 0.819483
[LightGBM] [Info] 21.993732 seconds elapsed, finished iteration 44
[LightGBM] [Debug] Trained a tree with leaves = 255 and depth = 20
[LightGBM] [Info] Iteration:45, valid_1 auc : 0.819797
[LightGBM] [Info] 22.480124 seconds elapsed, finished iteration 45
[LightGBM] [Debug] Trained a tree with leaves = 255 and depth = 19
[LightGBM] [Info] Iteration:46, valid_1 auc : 0.820143
[LightGBM] [Info] 22.977729 seconds elapsed, finished iteration 46
[LightGBM] [Debug] Trained a tree with leaves = 255 and depth = 18
[LightGBM] [Info] Iteration:47, valid_1 auc : 0.820554
[LightGBM] [Info] 23.451824 seconds elapsed, finished iteration 47
[LightGBM] [Debug] Trained a tree with leaves = 255 and depth = 18
[LightGBM] [Info] Iteration:48, valid_1 auc : 0.820889
[LightGBM] [Info] 23.956893 seconds elapsed, finished iteration 48
[LightGBM] [Debug] Trained a tree with leaves = 255 and depth = 18
[LightGBM] [Info] Iteration:49, valid_1 auc : 0.821189
[LightGBM] [Info] 24.457518 seconds elapsed, finished iteration 49
[LightGBM] [Debug] Trained a tree with leaves = 255 and depth = 18
[LightGBM] [Info] Iteration:50, valid_1 auc : 0.82149
[LightGBM] [Info] 24.941015 seconds elapsed, finished iteration 50
[LightGBM] [Debug] Trained a tree with leaves = 255 and depth = 19
[LightGBM] [Info] Iteration:51, valid_1 auc : 0.821778
[LightGBM] [Info] 25.376106 seconds elapsed, finished iteration 51
[LightGBM] [Debug] Trained a tree with leaves = 255 and depth = 20
[LightGBM] [Info] Iteration:52, valid_1 auc : 0.822186
[LightGBM] [Info] 25.777850 seconds elapsed, finished iteration 52
[LightGBM] [Debug] Trained a tree with leaves = 255 and depth = 22
[LightGBM] [Info] Iteration:53, valid_1 auc : 0.822528
[LightGBM] [Info] 26.252983 seconds elapsed, finished iteration 53
[LightGBM] [Debug] Trained a tree with leaves = 255 and depth = 19
[LightGBM] [Info] Iteration:54, valid_1 auc : 0.82276
[LightGBM] [Info] 26.764138 seconds elapsed, finished iteration 54
[LightGBM] [Debug] Trained a tree with leaves = 255 and depth = 21
[LightGBM] [Info] Iteration:55, valid_1 auc : 0.823029
[LightGBM] [Info] 27.205388 seconds elapsed, finished iteration 55
[LightGBM] [Debug] Trained a tree with leaves = 255 and depth = 21
[LightGBM] [Info] Iteration:56, valid_1 auc : 0.823346
[LightGBM] [Info] 27.642429 seconds elapsed, finished iteration 56
[LightGBM] [Debug] Trained a tree with leaves = 255 and depth = 19
[LightGBM] [Info] Iteration:57, valid_1 auc : 0.823619
[LightGBM] [Info] 28.023685 seconds elapsed, finished iteration 57
[LightGBM] [Debug] Trained a tree with leaves = 255 and depth = 21
[LightGBM] [Info] Iteration:58, valid_1 auc : 0.823841
[LightGBM] [Info] 28.414514 seconds elapsed, finished iteration 58
[LightGBM] [Debug] Trained a tree with leaves = 255 and depth = 20
[LightGBM] [Info] Iteration:59, valid_1 auc : 0.824109
[LightGBM] [Info] 28.801158 seconds elapsed, finished iteration 59
[LightGBM] [Debug] Trained a tree with leaves = 255 and depth = 23
[LightGBM] [Info] Iteration:60, valid_1 auc : 0.824418
[LightGBM] [Info] 29.203941 seconds elapsed, finished iteration 60
[LightGBM] [Debug] Trained a tree with leaves = 255 and depth = 17
[LightGBM] [Info] Iteration:61, valid_1 auc : 0.824657
[LightGBM] [Info] 29.690665 seconds elapsed, finished iteration 61
[LightGBM] [Debug] Trained a tree with leaves = 255 and depth = 17
[LightGBM] [Info] Iteration:62, valid_1 auc : 0.824863
[LightGBM] [Info] 30.205347 seconds elapsed, finished iteration 62
[LightGBM] [Debug] Trained a tree with leaves = 255 and depth = 18
[LightGBM] [Info] Iteration:63, valid_1 auc : 0.825097
[LightGBM] [Info] 30.651485 seconds elapsed, finished iteration 63
[LightGBM] [Debug] Trained a tree with leaves = 255 and depth = 19
[LightGBM] [Info] Iteration:64, valid_1 auc : 0.825337
[LightGBM] [Info] 31.091857 seconds elapsed, finished iteration 64
[LightGBM] [Debug] Trained a tree with leaves = 255 and depth = 27
[LightGBM] [Info] Iteration:65, valid_1 auc : 0.825554
[LightGBM] [Info] 31.591213 seconds elapsed, finished iteration 65
[LightGBM] [Debug] Trained a tree with leaves = 255 and depth = 16
[LightGBM] [Info] Iteration:66, valid_1 auc : 0.825769
[LightGBM] [Info] 32.004174 seconds elapsed, finished iteration 66
[LightGBM] [Debug] Trained a tree with leaves = 255 and depth = 24
[LightGBM] [Info] Iteration:67, valid_1 auc : 0.826041
[LightGBM] [Info] 32.395801 seconds elapsed, finished iteration 67
[LightGBM] [Debug] Trained a tree with leaves = 255 and depth = 21
[LightGBM] [Info] Iteration:68, valid_1 auc : 0.82635
[LightGBM] [Info] 32.782643 seconds elapsed, finished iteration 68
[LightGBM] [Debug] Trained a tree with leaves = 255 and depth = 18
[LightGBM] [Info] Iteration:69, valid_1 auc : 0.826534
[LightGBM] [Info] 33.185756 seconds elapsed, finished iteration 69
[LightGBM] [Debug] Trained a tree with leaves = 255 and depth = 25
[LightGBM] [Info] Iteration:70, valid_1 auc : 0.826757
[LightGBM] [Info] 33.608756 seconds elapsed, finished iteration 70
[LightGBM] [Debug] Trained a tree with leaves = 255 and depth = 24
[LightGBM] [Info] Iteration:71, valid_1 auc : 0.82699
[LightGBM] [Info] 33.993067 seconds elapsed, finished iteration 71
[LightGBM] [Debug] Trained a tree with leaves = 255 and depth = 25
[LightGBM] [Info] Iteration:72, valid_1 auc : 0.827168
[LightGBM] [Info] 34.421635 seconds elapsed, finished iteration 72
[LightGBM] [Debug] Trained a tree with leaves = 255 and depth = 17
[LightGBM] [Info] Iteration:73, valid_1 auc : 0.827347
[LightGBM] [Info] 34.800486 seconds elapsed, finished iteration 73
[LightGBM] [Debug] Trained a tree with leaves = 255 and depth = 23
[LightGBM] [Info] Iteration:74, valid_1 auc : 0.827535
[LightGBM] [Info] 35.220950 seconds elapsed, finished iteration 74
[LightGBM] [Debug] Trained a tree with leaves = 255 and depth = 23
[LightGBM] [Info] Iteration:75, valid_1 auc : 0.827725
[LightGBM] [Info] 35.669182 seconds elapsed, finished iteration 75
[LightGBM] [Debug] Trained a tree with leaves = 255 and depth = 22
[LightGBM] [Info] Iteration:76, valid_1 auc : 0.827903
[LightGBM] [Info] 36.139918 seconds elapsed, finished iteration 76
[LightGBM] [Debug] Trained a tree with leaves = 255 and depth = 25
[LightGBM] [Info] Iteration:77, valid_1 auc : 0.828094
[LightGBM] [Info] 36.638780 seconds elapsed, finished iteration 77
[LightGBM] [Debug] Trained a tree with leaves = 255 and depth = 20
[LightGBM] [Info] Iteration:78, valid_1 auc : 0.828284
[LightGBM] [Info] 37.012660 seconds elapsed, finished iteration 78
[LightGBM] [Debug] Trained a tree with leaves = 255 and depth = 15
[LightGBM] [Info] Iteration:79, valid_1 auc : 0.828433
[LightGBM] [Info] 37.376198 seconds elapsed, finished iteration 79
[LightGBM] [Debug] Trained a tree with leaves = 255 and depth = 20
[LightGBM] [Info] Iteration:80, valid_1 auc : 0.828608
[LightGBM] [Info] 37.752869 seconds elapsed, finished iteration 80
[LightGBM] [Debug] Trained a tree with leaves = 255 and depth = 23
[LightGBM] [Info] Iteration:81, valid_1 auc : 0.828819
[LightGBM] [Info] 38.152479 seconds elapsed, finished iteration 81
[LightGBM] [Debug] Trained a tree with leaves = 255 and depth = 18
[LightGBM] [Info] Iteration:82, valid_1 auc : 0.829031
[LightGBM] [Info] 38.606995 seconds elapsed, finished iteration 82
[LightGBM] [Debug] Trained a tree with leaves = 255 and depth = 17
[LightGBM] [Info] Iteration:83, valid_1 auc : 0.829181
[LightGBM] [Info] 39.009582 seconds elapsed, finished iteration 83
[LightGBM] [Debug] Trained a tree with leaves = 255 and depth = 22
[LightGBM] [Info] Iteration:84, valid_1 auc : 0.829341
[LightGBM] [Info] 39.490533 seconds elapsed, finished iteration 84
[LightGBM] [Debug] Trained a tree with leaves = 255 and depth = 20
[LightGBM] [Info] Iteration:85, valid_1 auc : 0.829497
[LightGBM] [Info] 39.957349 seconds elapsed, finished iteration 85
[LightGBM] [Debug] Trained a tree with leaves = 255 and depth = 21
[LightGBM] [Info] Iteration:86, valid_1 auc : 0.829681
[LightGBM] [Info] 40.406368 seconds elapsed, finished iteration 86
[LightGBM] [Debug] Trained a tree with leaves = 255 and depth = 21
[LightGBM] [Info] Iteration:87, valid_1 auc : 0.82982
[LightGBM] [Info] 40.828564 seconds elapsed, finished iteration 87
[LightGBM] [Debug] Trained a tree with leaves = 255 and depth = 22
[LightGBM] [Info] Iteration:88, valid_1 auc : 0.829969
[LightGBM] [Info] 41.270242 seconds elapsed, finished iteration 88
[LightGBM] [Debug] Trained a tree with leaves = 255 and depth = 21
[LightGBM] [Info] Iteration:89, valid_1 auc : 0.830115
[LightGBM] [Info] 41.753371 seconds elapsed, finished iteration 89
[LightGBM] [Debug] Trained a tree with leaves = 255 and depth = 18
[LightGBM] [Info] Iteration:90, valid_1 auc : 0.830259
[LightGBM] [Info] 42.230294 seconds elapsed, finished iteration 90
[LightGBM] [Debug] Trained a tree with leaves = 255 and depth = 17
[LightGBM] [Info] Iteration:91, valid_1 auc : 0.830437
[LightGBM] [Info] 42.793757 seconds elapsed, finished iteration 91
[LightGBM] [Debug] Trained a tree with leaves = 255 and depth = 24
[LightGBM] [Info] Iteration:92, valid_1 auc : 0.830565
[LightGBM] [Info] 43.264597 seconds elapsed, finished iteration 92
[LightGBM] [Debug] Trained a tree with leaves = 255 and depth = 26
[LightGBM] [Info] Iteration:93, valid_1 auc : 0.830764
[LightGBM] [Info] 43.785435 seconds elapsed, finished iteration 93
[LightGBM] [Debug] Trained a tree with leaves = 255 and depth = 20
[LightGBM] [Info] Iteration:94, valid_1 auc : 0.830889
[LightGBM] [Info] 44.310003 seconds elapsed, finished iteration 94
[LightGBM] [Debug] Trained a tree with leaves = 255 and depth = 21
[LightGBM] [Info] Iteration:95, valid_1 auc : 0.831005
[LightGBM] [Info] 44.808234 seconds elapsed, finished iteration 95
[LightGBM] [Debug] Trained a tree with leaves = 255 and depth = 32
[LightGBM] [Info] Iteration:96, valid_1 auc : 0.831148
[LightGBM] [Info] 45.257995 seconds elapsed, finished iteration 96
[LightGBM] [Debug] Trained a tree with leaves = 255 and depth = 17
[LightGBM] [Info] Iteration:97, valid_1 auc : 0.831269
[LightGBM] [Info] 45.717954 seconds elapsed, finished iteration 97
[LightGBM] [Debug] Trained a tree with leaves = 255 and depth = 16
[LightGBM] [Info] Iteration:98, valid_1 auc : 0.831382
[LightGBM] [Info] 46.108764 seconds elapsed, finished iteration 98
[LightGBM] [Debug] Trained a tree with leaves = 255 and depth = 24
[LightGBM] [Info] Iteration:99, valid_1 auc : 0.831492
[LightGBM] [Info] 46.570149 seconds elapsed, finished iteration 99
[LightGBM] [Debug] Trained a tree with leaves = 255 and depth = 20
[LightGBM] [Info] Iteration:100, valid_1 auc : 0.831655
[LightGBM] [Info] 46.962712 seconds elapsed, finished iteration 100
[LightGBM] [Debug] Trained a tree with leaves = 255 and depth = 26
[LightGBM] [Info] Iteration:101, valid_1 auc : 0.831818
[LightGBM] [Info] 47.391212 seconds elapsed, finished iteration 101
[LightGBM] [Debug] Trained a tree with leaves = 255 and depth = 17
[LightGBM] [Info] Iteration:102, valid_1 auc : 0.831941
[LightGBM] [Info] 47.797206 seconds elapsed, finished iteration 102
[LightGBM] [Debug] Trained a tree with leaves = 255 and depth = 19
[LightGBM] [Info] Iteration:103, valid_1 auc : 0.832073
[LightGBM] [Info] 48.197376 seconds elapsed, finished iteration 103
[LightGBM] [Debug] Trained a tree with leaves = 255 and depth = 22
[LightGBM] [Info] Iteration:104, valid_1 auc : 0.832205
[LightGBM] [Info] 48.617019 seconds elapsed, finished iteration 104
[LightGBM] [Debug] Trained a tree with leaves = 255 and depth = 19
[LightGBM] [Info] Iteration:105, valid_1 auc : 0.832379
[LightGBM] [Info] 49.076076 seconds elapsed, finished iteration 105
[LightGBM] [Debug] Trained a tree with leaves = 255 and depth = 16
[LightGBM] [Info] Iteration:106, valid_1 auc : 0.832489
[LightGBM] [Info] 49.559976 seconds elapsed, finished iteration 106
[LightGBM] [Debug] Trained a tree with leaves = 255 and depth = 22
[LightGBM] [Info] Iteration:107, valid_1 auc : 0.832606
[LightGBM] [Info] 49.942730 seconds elapsed, finished iteration 107
[LightGBM] [Debug] Trained a tree with leaves = 255 and depth = 24
[LightGBM] [Info] Iteration:108, valid_1 auc : 0.832734
[LightGBM] [Info] 50.325843 seconds elapsed, finished iteration 108
[LightGBM] [Debug] Trained a tree with leaves = 255 and depth = 17
[LightGBM] [Info] Iteration:109, valid_1 auc : 0.832815
[LightGBM] [Info] 50.678565 seconds elapsed, finished iteration 109
[LightGBM] [Debug] Trained a tree with leaves = 255 and depth = 32
[LightGBM] [Info] Iteration:110, valid_1 auc : 0.832966
[LightGBM] [Info] 51.084114 seconds elapsed, finished iteration 110
[LightGBM] [Debug] Trained a tree with leaves = 255 and depth = 21
[LightGBM] [Info] Iteration:111, valid_1 auc : 0.833104
[LightGBM] [Info] 51.469173 seconds elapsed, finished iteration 111
[LightGBM] [Debug] Trained a tree with leaves = 255 and depth = 24
[LightGBM] [Info] Iteration:112, valid_1 auc : 0.833205
[LightGBM] [Info] 51.819781 seconds elapsed, finished iteration 112
[LightGBM] [Debug] Trained a tree with leaves = 255 and depth = 18
[LightGBM] [Info] Iteration:113, valid_1 auc : 0.833297
[LightGBM] [Info] 52.211425 seconds elapsed, finished iteration 113
[LightGBM] [Debug] Trained a tree with leaves = 255 and depth = 20
[LightGBM] [Info] Iteration:114, valid_1 auc : 0.833453
[LightGBM] [Info] 52.736362 seconds elapsed, finished iteration 114
[LightGBM] [Debug] Trained a tree with leaves = 255 and depth = 20
[LightGBM] [Info] Iteration:115, valid_1 auc : 0.833541
[LightGBM] [Info] 53.210729 seconds elapsed, finished iteration 115
[LightGBM] [Debug] Trained a tree with leaves = 255 and depth = 20
[LightGBM] [Info] Iteration:116, valid_1 auc : 0.833659
[LightGBM] [Info] 53.726933 seconds elapsed, finished iteration 116
[LightGBM] [Debug] Trained a tree with leaves = 255 and depth = 27
[LightGBM] [Info] Iteration:117, valid_1 auc : 0.833783
[LightGBM] [Info] 54.096978 seconds elapsed, finished iteration 117
[LightGBM] [Debug] Trained a tree with leaves = 255 and depth = 16
[LightGBM] [Info] Iteration:118, valid_1 auc : 0.833912
[LightGBM] [Info] 54.463806 seconds elapsed, finished iteration 118
[LightGBM] [Debug] Trained a tree with leaves = 255 and depth = 18
[LightGBM] [Info] Iteration:119, valid_1 auc : 0.834041
[LightGBM] [Info] 54.853805 seconds elapsed, finished iteration 119
[LightGBM] [Debug] Trained a tree with leaves = 255 and depth = 16
[LightGBM] [Info] Iteration:120, valid_1 auc : 0.834147
[LightGBM] [Info] 55.331640 seconds elapsed, finished iteration 120
[LightGBM] [Debug] Trained a tree with leaves = 255 and depth = 17
[LightGBM] [Info] Iteration:121, valid_1 auc : 0.834225
[LightGBM] [Info] 55.782641 seconds elapsed, finished iteration 121
[LightGBM] [Debug] Trained a tree with leaves = 255 and depth = 17
[LightGBM] [Info] Iteration:122, valid_1 auc : 0.8343
[LightGBM] [Info] 56.226234 seconds elapsed, finished iteration 122
[LightGBM] [Debug] Trained a tree with leaves = 255 and depth = 21
[LightGBM] [Info] Iteration:123, valid_1 auc : 0.834392
[LightGBM] [Info] 56.682092 seconds elapsed, finished iteration 123
[LightGBM] [Debug] Trained a tree with leaves = 255 and depth = 18
[LightGBM] [Info] Iteration:124, valid_1 auc : 0.834467
[LightGBM] [Info] 57.143458 seconds elapsed, finished iteration 124
[LightGBM] [Debug] Trained a tree with leaves = 255 and depth = 29
[LightGBM] [Info] Iteration:125, valid_1 auc : 0.834542
[LightGBM] [Info] 57.580750 seconds elapsed, finished iteration 125
[LightGBM] [Debug] Trained a tree with leaves = 255 and depth = 20
[LightGBM] [Info] Iteration:126, valid_1 auc : 0.834634
[LightGBM] [Info] 58.082844 seconds elapsed, finished iteration 126
[LightGBM] [Debug] Trained a tree with leaves = 255 and depth = 21
[LightGBM] [Info] Iteration:127, valid_1 auc : 0.834757
[LightGBM] [Info] 58.567206 seconds elapsed, finished iteration 127
[LightGBM] [Debug] Trained a tree with leaves = 255 and depth = 22
[LightGBM] [Info] Iteration:128, valid_1 auc : 0.834906
[LightGBM] [Info] 59.009113 seconds elapsed, finished iteration 128
[LightGBM] [Debug] Trained a tree with leaves = 255 and depth = 19
[LightGBM] [Info] Iteration:129, valid_1 auc : 0.834995
[LightGBM] [Info] 59.372952 seconds elapsed, finished iteration 129
[LightGBM] [Debug] Trained a tree with leaves = 255 and depth = 20
[LightGBM] [Info] Iteration:130, valid_1 auc : 0.835077
[LightGBM] [Info] 59.797441 seconds elapsed, finished iteration 130
[LightGBM] [Debug] Trained a tree with leaves = 255 and depth = 15
[LightGBM] [Info] Iteration:131, valid_1 auc : 0.835157
[LightGBM] [Info] 60.170597 seconds elapsed, finished iteration 131
[LightGBM] [Debug] Trained a tree with leaves = 255 and depth = 19
[LightGBM] [Info] Iteration:132, valid_1 auc : 0.835293
[LightGBM] [Info] 60.503633 seconds elapsed, finished iteration 132
[LightGBM] [Debug] Trained a tree with leaves = 255 and depth = 23
[LightGBM] [Info] Iteration:133, valid_1 auc : 0.835391
[LightGBM] [Info] 60.881511 seconds elapsed, finished iteration 133
[LightGBM] [Debug] Trained a tree with leaves = 255 and depth = 22
[LightGBM] [Info] Iteration:134, valid_1 auc : 0.835467
[LightGBM] [Info] 61.221683 seconds elapsed, finished iteration 134
[LightGBM] [Debug] Trained a tree with leaves = 255 and depth = 18
[LightGBM] [Info] Iteration:135, valid_1 auc : 0.835546
[LightGBM] [Info] 61.714170 seconds elapsed, finished iteration 135
[LightGBM] [Debug] Trained a tree with leaves = 255 and depth = 25
[LightGBM] [Info] Iteration:136, valid_1 auc : 0.83562
[LightGBM] [Info] 62.118557 seconds elapsed, finished iteration 136
[LightGBM] [Debug] Trained a tree with leaves = 255 and depth = 23
[LightGBM] [Info] Iteration:137, valid_1 auc : 0.835703
[LightGBM] [Info] 62.580082 seconds elapsed, finished iteration 137
[LightGBM] [Debug] Trained a tree with leaves = 255 and depth = 22
[LightGBM] [Info] Iteration:138, valid_1 auc : 0.835818
[LightGBM] [Info] 63.052153 seconds elapsed, finished iteration 138
[LightGBM] [Debug] Trained a tree with leaves = 255 and depth = 18
[LightGBM] [Info] Iteration:139, valid_1 auc : 0.835914
[LightGBM] [Info] 63.434524 seconds elapsed, finished iteration 139
[LightGBM] [Debug] Trained a tree with leaves = 255 and depth = 20
[LightGBM] [Info] Iteration:140, valid_1 auc : 0.835985
[LightGBM] [Info] 63.942179 seconds elapsed, finished iteration 140
[LightGBM] [Debug] Trained a tree with leaves = 255 and depth = 19
[LightGBM] [Info] Iteration:141, valid_1 auc : 0.836051
[LightGBM] [Info] 64.342624 seconds elapsed, finished iteration 141
[LightGBM] [Debug] Trained a tree with leaves = 255 and depth = 18
[LightGBM] [Info] Iteration:142, valid_1 auc : 0.836116
[LightGBM] [Info] 64.748934 seconds elapsed, finished iteration 142
[LightGBM] [Debug] Trained a tree with leaves = 255 and depth = 22
[LightGBM] [Info] Iteration:143, valid_1 auc : 0.836185
[LightGBM] [Info] 65.148758 seconds elapsed, finished iteration 143
[LightGBM] [Debug] Trained a tree with leaves = 255 and depth = 20
[LightGBM] [Info] Iteration:144, valid_1 auc : 0.836231
[LightGBM] [Info] 65.412593 seconds elapsed, finished iteration 144
[LightGBM] [Debug] Trained a tree with leaves = 255 and depth = 19
[LightGBM] [Info] Iteration:145, valid_1 auc : 0.836306
[LightGBM] [Info] 65.748384 seconds elapsed, finished iteration 145
[LightGBM] [Debug] Trained a tree with leaves = 255 and depth = 17
[LightGBM] [Info] Iteration:146, valid_1 auc : 0.83639
[LightGBM] [Info] 66.073041 seconds elapsed, finished iteration 146
[LightGBM] [Debug] Trained a tree with leaves = 255 and depth = 17
[LightGBM] [Info] Iteration:147, valid_1 auc : 0.83649
[LightGBM] [Info] 66.504017 seconds elapsed, finished iteration 147
[LightGBM] [Debug] Trained a tree with leaves = 255 and depth = 15
[LightGBM] [Info] Iteration:148, valid_1 auc : 0.83653
[LightGBM] [Info] 66.810505 seconds elapsed, finished iteration 148
[LightGBM] [Debug] Trained a tree with leaves = 255 and depth = 28
[LightGBM] [Info] Iteration:149, valid_1 auc : 0.836575
[LightGBM] [Info] 67.135371 seconds elapsed, finished iteration 149
[LightGBM] [Debug] Trained a tree with leaves = 255 and depth = 21
[LightGBM] [Info] Iteration:150, valid_1 auc : 0.836662
[LightGBM] [Info] 67.627798 seconds elapsed, finished iteration 150
[LightGBM] [Debug] Trained a tree with leaves = 255 and depth = 16
[LightGBM] [Info] Iteration:151, valid_1 auc : 0.836759
[LightGBM] [Info] 68.088752 seconds elapsed, finished iteration 151
[LightGBM] [Debug] Trained a tree with leaves = 255 and depth = 21
[LightGBM] [Info] Iteration:152, valid_1 auc : 0.836869
[LightGBM] [Info] 68.476543 seconds elapsed, finished iteration 152
[LightGBM] [Debug] Trained a tree with leaves = 255 and depth = 16
[LightGBM] [Info] Iteration:153, valid_1 auc : 0.836959
[LightGBM] [Info] 68.862405 seconds elapsed, finished iteration 153
[LightGBM] [Debug] Trained a tree with leaves = 255 and depth = 22
[LightGBM] [Info] Iteration:154, valid_1 auc : 0.836999
[LightGBM] [Info] 69.175913 seconds elapsed, finished iteration 154
[LightGBM] [Debug] Trained a tree with leaves = 255 and depth = 18
[LightGBM] [Info] Iteration:155, valid_1 auc : 0.837087
[LightGBM] [Info] 69.669602 seconds elapsed, finished iteration 155
[LightGBM] [Debug] Trained a tree with leaves = 255 and depth = 17
[LightGBM] [Info] Iteration:156, valid_1 auc : 0.837136
[LightGBM] [Info] 70.040850 seconds elapsed, finished iteration 156
[LightGBM] [Debug] Trained a tree with leaves = 255 and depth = 20
[LightGBM] [Info] Iteration:157, valid_1 auc : 0.837208
[LightGBM] [Info] 70.550477 seconds elapsed, finished iteration 157
[LightGBM] [Debug] Trained a tree with leaves = 255 and depth = 14
[LightGBM] [Info] Iteration:158, valid_1 auc : 0.837289
[LightGBM] [Info] 70.964249 seconds elapsed, finished iteration 158
[LightGBM] [Debug] Trained a tree with leaves = 255 and depth = 22
[LightGBM] [Info] Iteration:159, valid_1 auc : 0.837345
[LightGBM] [Info] 71.357516 seconds elapsed, finished iteration 159
[LightGBM] [Debug] Trained a tree with leaves = 255 and depth = 20
[LightGBM] [Info] Iteration:160, valid_1 auc : 0.837412
[LightGBM] [Info] 71.710847 seconds elapsed, finished iteration 160
[LightGBM] [Debug] Trained a tree with leaves = 255 and depth = 19
[LightGBM] [Info] Iteration:161, valid_1 auc : 0.837466
[LightGBM] [Info] 72.095248 seconds elapsed, finished iteration 161
[LightGBM] [Debug] Trained a tree with leaves = 255 and depth = 18
[LightGBM] [Info] Iteration:162, valid_1 auc : 0.837513
[LightGBM] [Info] 72.475504 seconds elapsed, finished iteration 162
[LightGBM] [Debug] Trained a tree with leaves = 255 and depth = 22
[LightGBM] [Info] Iteration:163, valid_1 auc : 0.837572
[LightGBM] [Info] 72.859242 seconds elapsed, finished iteration 163
[LightGBM] [Debug] Trained a tree with leaves = 255 and depth = 20
[LightGBM] [Info] Iteration:164, valid_1 auc : 0.837593
[LightGBM] [Info] 73.123006 seconds elapsed, finished iteration 164
[LightGBM] [Debug] Trained a tree with leaves = 255 and depth = 20
[LightGBM] [Info] Iteration:165, valid_1 auc : 0.837621
[LightGBM] [Info] 73.397413 seconds elapsed, finished iteration 165
[LightGBM] [Debug] Trained a tree with leaves = 255 and depth = 19
[LightGBM] [Info] Iteration:166, valid_1 auc : 0.837701
[LightGBM] [Info] 73.867263 seconds elapsed, finished iteration 166
[LightGBM] [Debug] Trained a tree with leaves = 255 and depth = 21
[LightGBM] [Info] Iteration:167, valid_1 auc : 0.837754
[LightGBM] [Info] 74.310849 seconds elapsed, finished iteration 167
[LightGBM] [Debug] Trained a tree with leaves = 255 and depth = 23
[LightGBM] [Info] Iteration:168, valid_1 auc : 0.837797
[LightGBM] [Info] 74.731250 seconds elapsed, finished iteration 168
[LightGBM] [Debug] Trained a tree with leaves = 255 and depth = 19
[LightGBM] [Info] Iteration:169, valid_1 auc : 0.837859
[LightGBM] [Info] 75.201837 seconds elapsed, finished iteration 169
[LightGBM] [Debug] Trained a tree with leaves = 255 and depth = 15
[LightGBM] [Info] Iteration:170, valid_1 auc : 0.837912
[LightGBM] [Info] 75.588287 seconds elapsed, finished iteration 170
[LightGBM] [Debug] Trained a tree with leaves = 255 and depth = 16
[LightGBM] [Info] Iteration:171, valid_1 auc : 0.83793
[LightGBM] [Info] 75.824900 seconds elapsed, finished iteration 171
[LightGBM] [Debug] Trained a tree with leaves = 255 and depth = 19
[LightGBM] [Info] Iteration:172, valid_1 auc : 0.837986
[LightGBM] [Info] 76.169557 seconds elapsed, finished iteration 172
[LightGBM] [Debug] Trained a tree with leaves = 255 and depth = 26
[LightGBM] [Info] Iteration:173, valid_1 auc : 0.838051
[LightGBM] [Info] 76.498829 seconds elapsed, finished iteration 173
[LightGBM] [Debug] Trained a tree with leaves = 255 and depth = 19
[LightGBM] [Info] Iteration:174, valid_1 auc : 0.838107
[LightGBM] [Info] 76.859412 seconds elapsed, finished iteration 174
[LightGBM] [Debug] Trained a tree with leaves = 255 and depth = 16
[LightGBM] [Info] Iteration:175, valid_1 auc : 0.838147
[LightGBM] [Info] 77.176725 seconds elapsed, finished iteration 175
[LightGBM] [Debug] Trained a tree with leaves = 255 and depth = 20
[LightGBM] [Info] Iteration:176, valid_1 auc : 0.838191
[LightGBM] [Info] 77.462567 seconds elapsed, finished iteration 176
[LightGBM] [Debug] Trained a tree with leaves = 255 and depth = 16
[LightGBM] [Info] Iteration:177, valid_1 auc : 0.838241
[LightGBM] [Info] 77.790943 seconds elapsed, finished iteration 177
[LightGBM] [Debug] Trained a tree with leaves = 255 and depth = 18
[LightGBM] [Info] Iteration:178, valid_1 auc : 0.83828
[LightGBM] [Info] 78.068079 seconds elapsed, finished iteration 178
[LightGBM] [Debug] Trained a tree with leaves = 255 and depth = 18
[LightGBM] [Info] Iteration:179, valid_1 auc : 0.838324
[LightGBM] [Info] 78.328688 seconds elapsed, finished iteration 179
[LightGBM] [Debug] Trained a tree with leaves = 255 and depth = 18
[LightGBM] [Info] Iteration:180, valid_1 auc : 0.838386
[LightGBM] [Info] 78.778900 seconds elapsed, finished iteration 180
[LightGBM] [Debug] Trained a tree with leaves = 255 and depth = 17
[LightGBM] [Info] Iteration:181, valid_1 auc : 0.838403
[LightGBM] [Info] 79.044506 seconds elapsed, finished iteration 181
[LightGBM] [Debug] Trained a tree with leaves = 255 and depth = 19
[LightGBM] [Info] Iteration:182, valid_1 auc : 0.838447
[LightGBM] [Info] 79.440887 seconds elapsed, finished iteration 182
[LightGBM] [Debug] Trained a tree with leaves = 255 and depth = 18
[LightGBM] [Info] Iteration:183, valid_1 auc : 0.838479
[LightGBM] [Info] 79.759259 seconds elapsed, finished iteration 183
[LightGBM] [Debug] Trained a tree with leaves = 255 and depth = 20
[LightGBM] [Info] Iteration:184, valid_1 auc : 0.838516
[LightGBM] [Info] 80.051620 seconds elapsed, finished iteration 184
[LightGBM] [Debug] Trained a tree with leaves = 255 and depth = 20
[LightGBM] [Info] Iteration:185, valid_1 auc : 0.838538
[LightGBM] [Info] 80.275011 seconds elapsed, finished iteration 185
[LightGBM] [Debug] Trained a tree with leaves = 255 and depth = 20
[LightGBM] [Info] Iteration:186, valid_1 auc : 0.838555
[LightGBM] [Info] 80.500307 seconds elapsed, finished iteration 186
[LightGBM] [Debug] Trained a tree with leaves = 255 and depth = 21
[LightGBM] [Info] Iteration:187, valid_1 auc : 0.838584
[LightGBM] [Info] 80.799335 seconds elapsed, finished iteration 187
[LightGBM] [Debug] Trained a tree with leaves = 255 and depth = 17
[LightGBM] [Info] Iteration:188, valid_1 auc : 0.838612
[LightGBM] [Info] 81.131702 seconds elapsed, finished iteration 188
[LightGBM] [Debug] Trained a tree with leaves = 255 and depth = 20
[LightGBM] [Info] Iteration:189, valid_1 auc : 0.838698
[LightGBM] [Info] 81.628751 seconds elapsed, finished iteration 189
[LightGBM] [Debug] Trained a tree with leaves = 255 and depth = 18
[LightGBM] [Info] Iteration:190, valid_1 auc : 0.838765
[LightGBM] [Info] 82.065214 seconds elapsed, finished iteration 190
[LightGBM] [Debug] Trained a tree with leaves = 255 and depth = 21
[LightGBM] [Info] Iteration:191, valid_1 auc : 0.838801
[LightGBM] [Info] 82.338197 seconds elapsed, finished iteration 191
[LightGBM] [Debug] Trained a tree with leaves = 255 and depth = 20
[LightGBM] [Info] Iteration:192, valid_1 auc : 0.838824
[LightGBM] [Info] 82.668072 seconds elapsed, finished iteration 192
[LightGBM] [Debug] Trained a tree with leaves = 255 and depth = 15
[LightGBM] [Info] Iteration:193, valid_1 auc : 0.838911
[LightGBM] [Info] 83.151736 seconds elapsed, finished iteration 193
[LightGBM] [Debug] Trained a tree with leaves = 255 and depth = 20
[LightGBM] [Info] Iteration:194, valid_1 auc : 0.838937
[LightGBM] [Info] 83.428802 seconds elapsed, finished iteration 194
[LightGBM] [Debug] Trained a tree with leaves = 255 and depth = 17
[LightGBM] [Info] Iteration:195, valid_1 auc : 0.838974
[LightGBM] [Info] 83.794243 seconds elapsed, finished iteration 195
[LightGBM] [Debug] Trained a tree with leaves = 255 and depth = 16
[LightGBM] [Info] Iteration:196, valid_1 auc : 0.839018
[LightGBM] [Info] 84.257535 seconds elapsed, finished iteration 196
[LightGBM] [Debug] Trained a tree with leaves = 255 and depth = 21
[LightGBM] [Info] Iteration:197, valid_1 auc : 0.839067
[LightGBM] [Info] 84.560631 seconds elapsed, finished iteration 197
[LightGBM] [Debug] Trained a tree with leaves = 255 and depth = 17
[LightGBM] [Info] Iteration:198, valid_1 auc : 0.839099
[LightGBM] [Info] 84.807982 seconds elapsed, finished iteration 198
[LightGBM] [Debug] Trained a tree with leaves = 255 and depth = 16
[LightGBM] [Info] Iteration:199, valid_1 auc : 0.839161
[LightGBM] [Info] 85.248134 seconds elapsed, finished iteration 199
[LightGBM] [Debug] Trained a tree with leaves = 255 and depth = 17
[LightGBM] [Info] Iteration:200, valid_1 auc : 0.839225
[LightGBM] [Info] 85.599996 seconds elapsed, finished iteration 200
[LightGBM] [Debug] Trained a tree with leaves = 255 and depth = 16
[LightGBM] [Info] Iteration:201, valid_1 auc : 0.839233
[LightGBM] [Info] 85.810559 seconds elapsed, finished iteration 201
[LightGBM] [Debug] Trained a tree with leaves = 255 and depth = 17
[LightGBM] [Info] Iteration:202, valid_1 auc : 0.839261
[LightGBM] [Info] 86.056798 seconds elapsed, finished iteration 202
[LightGBM] [Debug] Trained a tree with leaves = 255 and depth = 17
[LightGBM] [Info] Iteration:203, valid_1 auc : 0.8393
[LightGBM] [Info] 86.317426 seconds elapsed, finished iteration 203
[LightGBM] [Debug] Trained a tree with leaves = 255 and depth = 29
[LightGBM] [Info] Iteration:204, valid_1 auc : 0.839356
[LightGBM] [Info] 86.678704 seconds elapsed, finished iteration 204
[LightGBM] [Debug] Trained a tree with leaves = 255 and depth = 17
[LightGBM] [Info] Iteration:205, valid_1 auc : 0.839368
[LightGBM] [Info] 86.852765 seconds elapsed, finished iteration 205
[LightGBM] [Debug] Trained a tree with leaves = 255 and depth = 21
[LightGBM] [Info] Iteration:206, valid_1 auc : 0.839379
[LightGBM] [Info] 87.065812 seconds elapsed, finished iteration 206
[LightGBM] [Debug] Trained a tree with leaves = 255 and depth = 19
[LightGBM] [Info] Iteration:207, valid_1 auc : 0.839434
[LightGBM] [Info] 87.511400 seconds elapsed, finished iteration 207
[LightGBM] [Debug] Trained a tree with leaves = 255 and depth = 19
[LightGBM] [Info] Iteration:208, valid_1 auc : 0.839479
[LightGBM] [Info] 87.892356 seconds elapsed, finished iteration 208
[LightGBM] [Debug] Trained a tree with leaves = 255 and depth = 21
[LightGBM] [Info] Iteration:209, valid_1 auc : 0.839525
[LightGBM] [Info] 88.308157 seconds elapsed, finished iteration 209
[LightGBM] [Debug] Trained a tree with leaves = 255 and depth = 17
[LightGBM] [Info] Iteration:210, valid_1 auc : 0.839541
[LightGBM] [Info] 88.569817 seconds elapsed, finished iteration 210
[LightGBM] [Debug] Trained a tree with leaves = 255 and depth = 22
[LightGBM] [Info] Iteration:211, valid_1 auc : 0.839561
[LightGBM] [Info] 88.813957 seconds elapsed, finished iteration 211
[LightGBM] [Debug] Trained a tree with leaves = 255 and depth = 16
[LightGBM] [Info] Iteration:212, valid_1 auc : 0.839614
[LightGBM] [Info] 89.114032 seconds elapsed, finished iteration 212
[LightGBM] [Debug] Trained a tree with leaves = 255 and depth = 25
[LightGBM] [Info] Iteration:213, valid_1 auc : 0.839642
[LightGBM] [Info] 89.429295 seconds elapsed, finished iteration 213
[LightGBM] [Debug] Trained a tree with leaves = 255 and depth = 17
[LightGBM] [Info] Iteration:214, valid_1 auc : 0.839653
[LightGBM] [Info] 89.652955 seconds elapsed, finished iteration 214
[LightGBM] [Debug] Trained a tree with leaves = 255 and depth = 18
[LightGBM] [Info] Iteration:215, valid_1 auc : 0.839661
[LightGBM] [Info] 89.929905 seconds elapsed, finished iteration 215
[LightGBM] [Debug] Trained a tree with leaves = 255 and depth = 19
[LightGBM] [Info] Iteration:216, valid_1 auc : 0.839677
[LightGBM] [Info] 90.149848 seconds elapsed, finished iteration 216
[LightGBM] [Debug] Trained a tree with leaves = 255 and depth = 18
[LightGBM] [Info] Iteration:217, valid_1 auc : 0.839691
[LightGBM] [Info] 90.349479 seconds elapsed, finished iteration 217
[LightGBM] [Debug] Trained a tree with leaves = 255 and depth = 19
[LightGBM] [Info] Iteration:218, valid_1 auc : 0.839734
[LightGBM] [Info] 90.635342 seconds elapsed, finished iteration 218
[LightGBM] [Debug] Trained a tree with leaves = 255 and depth = 18
[LightGBM] [Info] Iteration:219, valid_1 auc : 0.83978
[LightGBM] [Info] 90.924223 seconds elapsed, finished iteration 219
[LightGBM] [Debug] Trained a tree with leaves = 255 and depth = 23
[LightGBM] [Info] Iteration:220, valid_1 auc : 0.839812
[LightGBM] [Info] 91.229144 seconds elapsed, finished iteration 220
[LightGBM] [Debug] Trained a tree with leaves = 255 and depth = 21
[LightGBM] [Info] Iteration:221, valid_1 auc : 0.839831
[LightGBM] [Info] 91.537001 seconds elapsed, finished iteration 221
[LightGBM] [Debug] Trained a tree with leaves = 255 and depth = 25
[LightGBM] [Info] Iteration:222, valid_1 auc : 0.839869
[LightGBM] [Info] 91.882494 seconds elapsed, finished iteration 222
[LightGBM] [Debug] Trained a tree with leaves = 255 and depth = 18
[LightGBM] [Info] Iteration:223, valid_1 auc : 0.83993
[LightGBM] [Info] 92.257047 seconds elapsed, finished iteration 223
[LightGBM] [Debug] Trained a tree with leaves = 255 and depth = 18
[LightGBM] [Info] Iteration:224, valid_1 auc : 0.839972
[LightGBM] [Info] 92.543477 seconds elapsed, finished iteration 224
[LightGBM] [Debug] Trained a tree with leaves = 255 and depth = 24
[LightGBM] [Info] Iteration:225, valid_1 auc : 0.839996
[LightGBM] [Info] 92.779776 seconds elapsed, finished iteration 225
[LightGBM] [Debug] Trained a tree with leaves = 255 and depth = 18
[LightGBM] [Info] Iteration:226, valid_1 auc : 0.840037
[LightGBM] [Info] 93.162186 seconds elapsed, finished iteration 226
[LightGBM] [Debug] Trained a tree with leaves = 255 and depth = 21
[LightGBM] [Info] Iteration:227, valid_1 auc : 0.840049
[LightGBM] [Info] 93.392768 seconds elapsed, finished iteration 227
[LightGBM] [Debug] Trained a tree with leaves = 255 and depth = 18
[LightGBM] [Info] Iteration:228, valid_1 auc : 0.84006
[LightGBM] [Info] 93.622593 seconds elapsed, finished iteration 228
[LightGBM] [Debug] Trained a tree with leaves = 255 and depth = 18
[LightGBM] [Info] Iteration:229, valid_1 auc : 0.840097
[LightGBM] [Info] 93.915681 seconds elapsed, finished iteration 229
[LightGBM] [Debug] Trained a tree with leaves = 255 and depth = 22
[LightGBM] [Info] Iteration:230, valid_1 auc : 0.840104
[LightGBM] [Info] 94.133777 seconds elapsed, finished iteration 230
[LightGBM] [Debug] Trained a tree with leaves = 255 and depth = 18
[LightGBM] [Info] Iteration:231, valid_1 auc : 0.840156
[LightGBM] [Info] 94.444331 seconds elapsed, finished iteration 231
[LightGBM] [Debug] Trained a tree with leaves = 255 and depth = 17
[LightGBM] [Info] Iteration:232, valid_1 auc : 0.840167
[LightGBM] [Info] 94.676276 seconds elapsed, finished iteration 232
[LightGBM] [Debug] Trained a tree with leaves = 255 and depth = 16
[LightGBM] [Info] Iteration:233, valid_1 auc : 0.840189
[LightGBM] [Info] 94.924023 seconds elapsed, finished iteration 233
[LightGBM] [Debug] Trained a tree with leaves = 255 and depth = 18
[LightGBM] [Info] Iteration:234, valid_1 auc : 0.840244
[LightGBM] [Info] 95.332428 seconds elapsed, finished iteration 234
[LightGBM] [Debug] Trained a tree with leaves = 255 and depth = 17
[LightGBM] [Info] Iteration:235, valid_1 auc : 0.840282
[LightGBM] [Info] 95.656526 seconds elapsed, finished iteration 235
[LightGBM] [Debug] Trained a tree with leaves = 255 and depth = 20
[LightGBM] [Info] Iteration:236, valid_1 auc : 0.840297
[LightGBM] [Info] 95.847690 seconds elapsed, finished iteration 236
[LightGBM] [Debug] Trained a tree with leaves = 255 and depth = 20
[LightGBM] [Info] Iteration:237, valid_1 auc : 0.840327
[LightGBM] [Info] 96.150879 seconds elapsed, finished iteration 237
[LightGBM] [Debug] Trained a tree with leaves = 255 and depth = 22
[LightGBM] [Info] Iteration:238, valid_1 auc : 0.840353
[LightGBM] [Info] 96.469784 seconds elapsed, finished iteration 238
[LightGBM] [Debug] Trained a tree with leaves = 255 and depth = 19
[LightGBM] [Info] Iteration:239, valid_1 auc : 0.840399
[LightGBM] [Info] 96.887339 seconds elapsed, finished iteration 239
[LightGBM] [Debug] Trained a tree with leaves = 255 and depth = 21
[LightGBM] [Info] Iteration:240, valid_1 auc : 0.840419
[LightGBM] [Info] 97.112781 seconds elapsed, finished iteration 240
[LightGBM] [Debug] Trained a tree with leaves = 255 and depth = 26
[LightGBM] [Info] Iteration:241, valid_1 auc : 0.840456
[LightGBM] [Info] 97.452877 seconds elapsed, finished iteration 241
[LightGBM] [Debug] Trained a tree with leaves = 255 and depth = 18
[LightGBM] [Info] Iteration:242, valid_1 auc : 0.840497
[LightGBM] [Info] 97.825551 seconds elapsed, finished iteration 242
[LightGBM] [Debug] Trained a tree with leaves = 255 and depth = 19
[LightGBM] [Info] Iteration:243, valid_1 auc : 0.840509
[LightGBM] [Info] 98.071891 seconds elapsed, finished iteration 243
[LightGBM] [Debug] Trained a tree with leaves = 255 and depth = 21
[LightGBM] [Info] Iteration:244, valid_1 auc : 0.84055
[LightGBM] [Info] 98.433719 seconds elapsed, finished iteration 244
[LightGBM] [Debug] Trained a tree with leaves = 255 and depth = 20
[LightGBM] [Info] Iteration:245, valid_1 auc : 0.840563
[LightGBM] [Info] 98.686200 seconds elapsed, finished iteration 245
[LightGBM] [Debug] Trained a tree with leaves = 255 and depth = 21
[LightGBM] [Info] Iteration:246, valid_1 auc : 0.840615
[LightGBM] [Info] 99.039182 seconds elapsed, finished iteration 246
[LightGBM] [Debug] Trained a tree with leaves = 255 and depth = 25
[LightGBM] [Info] Iteration:247, valid_1 auc : 0.840641
[LightGBM] [Info] 99.296983 seconds elapsed, finished iteration 247
[LightGBM] [Debug] Trained a tree with leaves = 255 and depth = 22
[LightGBM] [Info] Iteration:248, valid_1 auc : 0.840646
[LightGBM] [Info] 99.518691 seconds elapsed, finished iteration 248
[LightGBM] [Debug] Trained a tree with leaves = 255 and depth = 24
[LightGBM] [Info] Iteration:249, valid_1 auc : 0.840679
[LightGBM] [Info] 99.842148 seconds elapsed, finished iteration 249
[LightGBM] [Debug] Trained a tree with leaves = 255 and depth = 16
[LightGBM] [Info] Iteration:250, valid_1 auc : 0.840739
[LightGBM] [Info] 100.322977 seconds elapsed, finished iteration 250
[LightGBM] [Debug] Trained a tree with leaves = 255 and depth = 19
[LightGBM] [Info] Iteration:251, valid_1 auc : 0.840751
[LightGBM] [Info] 100.540393 seconds elapsed, finished iteration 251
[LightGBM] [Debug] Trained a tree with leaves = 255 and depth = 16
[LightGBM] [Info] Iteration:252, valid_1 auc : 0.840779
[LightGBM] [Info] 100.797942 seconds elapsed, finished iteration 252
[LightGBM] [Debug] Trained a tree with leaves = 255 and depth = 18
[LightGBM] [Info] Iteration:253, valid_1 auc : 0.840804
[LightGBM] [Info] 101.055475 seconds elapsed, finished iteration 253
[LightGBM] [Debug] Trained a tree with leaves = 255 and depth = 20
[LightGBM] [Info] Iteration:254, valid_1 auc : 0.840826
[LightGBM] [Info] 101.299426 seconds elapsed, finished iteration 254
[LightGBM] [Debug] Trained a tree with leaves = 255 and depth = 21
[LightGBM] [Info] Iteration:255, valid_1 auc : 0.840859
[LightGBM] [Info] 101.664121 seconds elapsed, finished iteration 255
[LightGBM] [Debug] Trained a tree with leaves = 255 and depth = 16
[LightGBM] [Info] Iteration:256, valid_1 auc : 0.840881
[LightGBM] [Info] 101.907367 seconds elapsed, finished iteration 256
[LightGBM] [Debug] Trained a tree with leaves = 255 and depth = 23
[LightGBM] [Info] Iteration:257, valid_1 auc : 0.840892
[LightGBM] [Info] 102.129982 seconds elapsed, finished iteration 257
[LightGBM] [Debug] Trained a tree with leaves = 255 and depth = 24
[LightGBM] [Info] Iteration:258, valid_1 auc : 0.840945
[LightGBM] [Info] 102.449249 seconds elapsed, finished iteration 258
[LightGBM] [Debug] Trained a tree with leaves = 255 and depth = 25
[LightGBM] [Info] Iteration:259, valid_1 auc : 0.840966
[LightGBM] [Info] 102.799406 seconds elapsed, finished iteration 259
[LightGBM] [Debug] Trained a tree with leaves = 255 and depth = 26
[LightGBM] [Info] Iteration:260, valid_1 auc : 0.840995
[LightGBM] [Info] 103.168165 seconds elapsed, finished iteration 260
[LightGBM] [Debug] Trained a tree with leaves = 255 and depth = 19
[LightGBM] [Info] Iteration:261, valid_1 auc : 0.841028
[LightGBM] [Info] 103.436110 seconds elapsed, finished iteration 261
[LightGBM] [Debug] Trained a tree with leaves = 255 and depth = 15
[LightGBM] [Info] Iteration:262, valid_1 auc : 0.841165
[LightGBM] [Info] 103.847127 seconds elapsed, finished iteration 262
[LightGBM] [Debug] Trained a tree with leaves = 255 and depth = 22
[LightGBM] [Info] Iteration:263, valid_1 auc : 0.841196
[LightGBM] [Info] 104.190643 seconds elapsed, finished iteration 263
[LightGBM] [Debug] Trained a tree with leaves = 255 and depth = 20
[LightGBM] [Info] Iteration:264, valid_1 auc : 0.841243
[LightGBM] [Info] 104.463662 seconds elapsed, finished iteration 264
[LightGBM] [Debug] Trained a tree with leaves = 255 and depth = 24
[LightGBM] [Info] Iteration:265, valid_1 auc : 0.841264
[LightGBM] [Info] 104.737196 seconds elapsed, finished iteration 265
[LightGBM] [Debug] Trained a tree with leaves = 255 and depth = 17
[LightGBM] [Info] Iteration:266, valid_1 auc : 0.841281
[LightGBM] [Info] 104.963166 seconds elapsed, finished iteration 266
[LightGBM] [Debug] Trained a tree with leaves = 255 and depth = 13
[LightGBM] [Info] Iteration:267, valid_1 auc : 0.841402
[LightGBM] [Info] 105.419255 seconds elapsed, finished iteration 267
[LightGBM] [Debug] Trained a tree with leaves = 255 and depth = 22
[LightGBM] [Info] Iteration:268, valid_1 auc : 0.841407
[LightGBM] [Info] 105.623425 seconds elapsed, finished iteration 268
[LightGBM] [Debug] Trained a tree with leaves = 255 and depth = 21
[LightGBM] [Info] Iteration:269, valid_1 auc : 0.841414
[LightGBM] [Info] 105.838918 seconds elapsed, finished iteration 269
[LightGBM] [Debug] Trained a tree with leaves = 255 and depth = 27
[LightGBM] [Info] Iteration:270, valid_1 auc : 0.84145
[LightGBM] [Info] 106.265765 seconds elapsed, finished iteration 270
[LightGBM] [Debug] Trained a tree with leaves = 255 and depth = 17
[LightGBM] [Info] Iteration:271, valid_1 auc : 0.84149
[LightGBM] [Info] 106.702852 seconds elapsed, finished iteration 271
[LightGBM] [Debug] Trained a tree with leaves = 255 and depth = 17
[LightGBM] [Info] Iteration:272, valid_1 auc : 0.841501
[LightGBM] [Info] 106.915031 seconds elapsed, finished iteration 272
[LightGBM] [Debug] Trained a tree with leaves = 255 and depth = 18
[LightGBM] [Info] Iteration:273, valid_1 auc : 0.841527
[LightGBM] [Info] 107.281466 seconds elapsed, finished iteration 273
[LightGBM] [Debug] Trained a tree with leaves = 255 and depth = 13
[LightGBM] [Info] Iteration:274, valid_1 auc : 0.841634
[LightGBM] [Info] 107.782180 seconds elapsed, finished iteration 274
[LightGBM] [Debug] Trained a tree with leaves = 255 and depth = 16
[LightGBM] [Info] Iteration:275, valid_1 auc : 0.841653
[LightGBM] [Info] 108.054035 seconds elapsed, finished iteration 275
[LightGBM] [Debug] Trained a tree with leaves = 255 and depth = 24
[LightGBM] [Info] Iteration:276, valid_1 auc : 0.841695
[LightGBM] [Info] 108.419850 seconds elapsed, finished iteration 276
[LightGBM] [Debug] Trained a tree with leaves = 255 and depth = 17
[LightGBM] [Info] Iteration:277, valid_1 auc : 0.841704
[LightGBM] [Info] 108.631953 seconds elapsed, finished iteration 277
[LightGBM] [Debug] Trained a tree with leaves = 255 and depth = 25
[LightGBM] [Info] Iteration:278, valid_1 auc : 0.841708
[LightGBM] [Info] 108.816286 seconds elapsed, finished iteration 278
[LightGBM] [Debug] Trained a tree with leaves = 255 and depth = 17
[LightGBM] [Info] Iteration:279, valid_1 auc : 0.841744
[LightGBM] [Info] 109.069538 seconds elapsed, finished iteration 279
[LightGBM] [Debug] Trained a tree with leaves = 255 and depth = 16
[LightGBM] [Info] Iteration:280, valid_1 auc : 0.841796
[LightGBM] [Info] 109.434848 seconds elapsed, finished iteration 280
[LightGBM] [Debug] Trained a tree with leaves = 255 and depth = 24
[LightGBM] [Info] Iteration:281, valid_1 auc : 0.841814
[LightGBM] [Info] 109.720789 seconds elapsed, finished iteration 281
[LightGBM] [Debug] Trained a tree with leaves = 255 and depth = 17
[LightGBM] [Info] Iteration:282, valid_1 auc : 0.841857
[LightGBM] [Info] 110.018114 seconds elapsed, finished iteration 282
[LightGBM] [Debug] Trained a tree with leaves = 255 and depth = 21
[LightGBM] [Info] Iteration:283, valid_1 auc : 0.841864
[LightGBM] [Info] 110.214996 seconds elapsed, finished iteration 283
[LightGBM] [Debug] Trained a tree with leaves = 255 and depth = 18
[LightGBM] [Info] Iteration:284, valid_1 auc : 0.841873
[LightGBM] [Info] 110.426450 seconds elapsed, finished iteration 284
[LightGBM] [Debug] Trained a tree with leaves = 255 and depth = 25
[LightGBM] [Info] Iteration:285, valid_1 auc : 0.841909
[LightGBM] [Info] 110.739383 seconds elapsed, finished iteration 285
[LightGBM] [Debug] Trained a tree with leaves = 255 and depth = 16
[LightGBM] [Info] Iteration:286, valid_1 auc : 0.841939
[LightGBM] [Info] 111.074548 seconds elapsed, finished iteration 286
[LightGBM] [Debug] Trained a tree with leaves = 255 and depth = 16
[LightGBM] [Info] Iteration:287, valid_1 auc : 0.841958
[LightGBM] [Info] 111.299317 seconds elapsed, finished iteration 287
[LightGBM] [Debug] Trained a tree with leaves = 255 and depth = 21
[LightGBM] [Info] Iteration:288, valid_1 auc : 0.841972
[LightGBM] [Info] 111.599395 seconds elapsed, finished iteration 288
[LightGBM] [Debug] Trained a tree with leaves = 255 and depth = 17
[LightGBM] [Info] Iteration:289, valid_1 auc : 0.841994
[LightGBM] [Info] 111.884935 seconds elapsed, finished iteration 289
[LightGBM] [Debug] Trained a tree with leaves = 255 and depth = 19
[LightGBM] [Info] Iteration:290, valid_1 auc : 0.84201
[LightGBM] [Info] 112.093119 seconds elapsed, finished iteration 290
[LightGBM] [Debug] Trained a tree with leaves = 255 and depth = 20
[LightGBM] [Info] Iteration:291, valid_1 auc : 0.842018
[LightGBM] [Info] 112.352184 seconds elapsed, finished iteration 291
[LightGBM] [Debug] Trained a tree with leaves = 255 and depth = 16
[LightGBM] [Info] Iteration:292, valid_1 auc : 0.842033
[LightGBM] [Info] 112.631059 seconds elapsed, finished iteration 292
[LightGBM] [Debug] Trained a tree with leaves = 255 and depth = 27
[LightGBM] [Info] Iteration:293, valid_1 auc : 0.842038
[LightGBM] [Info] 112.872187 seconds elapsed, finished iteration 293
[LightGBM] [Debug] Trained a tree with leaves = 255 and depth = 23
[LightGBM] [Info] Iteration:294, valid_1 auc : 0.842084
[LightGBM] [Info] 113.262985 seconds elapsed, finished iteration 294
[LightGBM] [Debug] Trained a tree with leaves = 255 and depth = 16
[LightGBM] [Info] Iteration:295, valid_1 auc : 0.842178
[LightGBM] [Info] 113.643164 seconds elapsed, finished iteration 295
[LightGBM] [Debug] Trained a tree with leaves = 255 and depth = 21
[LightGBM] [Info] Iteration:296, valid_1 auc : 0.842199
[LightGBM] [Info] 113.911587 seconds elapsed, finished iteration 296
[LightGBM] [Debug] Trained a tree with leaves = 255 and depth = 21
[LightGBM] [Info] Iteration:297, valid_1 auc : 0.842202
[LightGBM] [Info] 114.095067 seconds elapsed, finished iteration 297
[LightGBM] [Debug] Trained a tree with leaves = 255 and depth = 20
[LightGBM] [Info] Iteration:298, valid_1 auc : 0.842227
[LightGBM] [Info] 114.390503 seconds elapsed, finished iteration 298
[LightGBM] [Debug] Trained a tree with leaves = 255 and depth = 17
[LightGBM] [Info] Iteration:299, valid_1 auc : 0.842252
[LightGBM] [Info] 114.739255 seconds elapsed, finished iteration 299
[LightGBM] [Debug] Trained a tree with leaves = 255 and depth = 19
[LightGBM] [Info] Iteration:300, valid_1 auc : 0.842262
[LightGBM] [Info] 114.949216 seconds elapsed, finished iteration 300
[LightGBM] [Debug] Trained a tree with leaves = 255 and depth = 17
[LightGBM] [Info] Iteration:301, valid_1 auc : 0.842266
[LightGBM] [Info] 115.159595 seconds elapsed, finished iteration 301
[LightGBM] [Debug] Trained a tree with leaves = 255 and depth = 18
[LightGBM] [Info] Iteration:302, valid_1 auc : 0.842321
[LightGBM] [Info] 115.524787 seconds elapsed, finished iteration 302
[LightGBM] [Debug] Trained a tree with leaves = 255 and depth = 22
[LightGBM] [Info] Iteration:303, valid_1 auc : 0.842326
[LightGBM] [Info] 115.716629 seconds elapsed, finished iteration 303
[LightGBM] [Debug] Trained a tree with leaves = 255 and depth = 17
[LightGBM] [Info] Iteration:304, valid_1 auc : 0.842344
[LightGBM] [Info] 115.907031 seconds elapsed, finished iteration 304
[LightGBM] [Debug] Trained a tree with leaves = 255 and depth = 16
[LightGBM] [Info] Iteration:305, valid_1 auc : 0.842442
[LightGBM] [Info] 116.286322 seconds elapsed, finished iteration 305
[LightGBM] [Debug] Trained a tree with leaves = 255 and depth = 27
[LightGBM] [Info] Iteration:306, valid_1 auc : 0.842441
[LightGBM] [Info] 116.488806 seconds elapsed, finished iteration 306
[LightGBM] [Debug] Trained a tree with leaves = 255 and depth = 20
[LightGBM] [Info] Iteration:307, valid_1 auc : 0.842472
[LightGBM] [Info] 116.828898 seconds elapsed, finished iteration 307
[LightGBM] [Debug] Trained a tree with leaves = 255 and depth = 22
[LightGBM] [Info] Iteration:308, valid_1 auc : 0.842496
[LightGBM] [Info] 117.060510 seconds elapsed, finished iteration 308
[LightGBM] [Debug] Trained a tree with leaves = 255 and depth = 18
[LightGBM] [Info] Iteration:309, valid_1 auc : 0.842503
[LightGBM] [Info] 117.243292 seconds elapsed, finished iteration 309
[LightGBM] [Debug] Trained a tree with leaves = 255 and depth = 22
[LightGBM] [Info] Iteration:310, valid_1 auc : 0.842535
[LightGBM] [Info] 117.519314 seconds elapsed, finished iteration 310
[LightGBM] [Debug] Trained a tree with leaves = 255 and depth = 23
[LightGBM] [Info] Iteration:311, valid_1 auc : 0.842552
[LightGBM] [Info] 117.801302 seconds elapsed, finished iteration 311
[LightGBM] [Debug] Trained a tree with leaves = 255 and depth = 17
[LightGBM] [Info] Iteration:312, valid_1 auc : 0.842578
[LightGBM] [Info] 118.011906 seconds elapsed, finished iteration 312
[LightGBM] [Debug] Trained a tree with leaves = 255 and depth = 20
[LightGBM] [Info] Iteration:313, valid_1 auc : 0.842583
[LightGBM] [Info] 118.177279 seconds elapsed, finished iteration 313
[LightGBM] [Debug] Trained a tree with leaves = 255 and depth = 15
[LightGBM] [Info] Iteration:314, valid_1 auc : 0.842598
[LightGBM] [Info] 118.392416 seconds elapsed, finished iteration 314
[LightGBM] [Debug] Trained a tree with leaves = 255 and depth = 16
[LightGBM] [Info] Iteration:315, valid_1 auc : 0.842643
[LightGBM] [Info] 118.674035 seconds elapsed, finished iteration 315
[LightGBM] [Debug] Trained a tree with leaves = 255 and depth = 21
[LightGBM] [Info] Iteration:316, valid_1 auc : 0.84269
[LightGBM] [Info] 118.968948 seconds elapsed, finished iteration 316
[LightGBM] [Debug] Trained a tree with leaves = 255 and depth = 19
[LightGBM] [Info] Iteration:317, valid_1 auc : 0.842706
[LightGBM] [Info] 119.179490 seconds elapsed, finished iteration 317
[LightGBM] [Debug] Trained a tree with leaves = 255 and depth = 27
[LightGBM] [Info] Iteration:318, valid_1 auc : 0.842715
[LightGBM] [Info] 119.400159 seconds elapsed, finished iteration 318
[LightGBM] [Debug] Trained a tree with leaves = 255 and depth = 20
[LightGBM] [Info] Iteration:319, valid_1 auc : 0.842718
[LightGBM] [Info] 119.606144 seconds elapsed, finished iteration 319
[LightGBM] [Debug] Trained a tree with leaves = 255 and depth = 23
[LightGBM] [Info] Iteration:320, valid_1 auc : 0.842747
[LightGBM] [Info] 119.966206 seconds elapsed, finished iteration 320
[LightGBM] [Debug] Trained a tree with leaves = 255 and depth = 17
[LightGBM] [Info] Iteration:321, valid_1 auc : 0.842751
[LightGBM] [Info] 120.231922 seconds elapsed, finished iteration 321
[LightGBM] [Debug] Trained a tree with leaves = 255 and depth = 26
[LightGBM] [Info] Iteration:322, valid_1 auc : 0.842756
[LightGBM] [Info] 120.438964 seconds elapsed, finished iteration 322
[LightGBM] [Debug] Trained a tree with leaves = 255 and depth = 17
[LightGBM] [Info] Iteration:323, valid_1 auc : 0.842769
[LightGBM] [Info] 120.690792 seconds elapsed, finished iteration 323
[LightGBM] [Debug] Trained a tree with leaves = 255 and depth = 17
[LightGBM] [Info] Iteration:324, valid_1 auc : 0.842793
[LightGBM] [Info] 121.010984 seconds elapsed, finished iteration 324
[LightGBM] [Debug] Trained a tree with leaves = 255 and depth = 26
[LightGBM] [Info] Iteration:325, valid_1 auc : 0.842794
[LightGBM] [Info] 121.213649 seconds elapsed, finished iteration 325
[LightGBM] [Debug] Trained a tree with leaves = 255 and depth = 20
[LightGBM] [Info] Iteration:326, valid_1 auc : 0.842805
[LightGBM] [Info] 121.507703 seconds elapsed, finished iteration 326
[LightGBM] [Debug] Trained a tree with leaves = 255 and depth = 19
[LightGBM] [Info] Iteration:327, valid_1 auc : 0.842815
[LightGBM] [Info] 121.748835 seconds elapsed, finished iteration 327
[LightGBM] [Debug] Trained a tree with leaves = 255 and depth = 22
[LightGBM] [Info] Iteration:328, valid_1 auc : 0.842856
[LightGBM] [Info] 122.115547 seconds elapsed, finished iteration 328
[LightGBM] [Debug] Trained a tree with leaves = 255 and depth = 18
[LightGBM] [Info] Iteration:329, valid_1 auc : 0.842897
[LightGBM] [Info] 122.539449 seconds elapsed, finished iteration 329
[LightGBM] [Debug] Trained a tree with leaves = 255 and depth = 21
[LightGBM] [Info] Iteration:330, valid_1 auc : 0.842915
[LightGBM] [Info] 122.780560 seconds elapsed, finished iteration 330
[LightGBM] [Debug] Trained a tree with leaves = 255 and depth = 25
[LightGBM] [Info] Iteration:331, valid_1 auc : 0.842934
[LightGBM] [Info] 123.013459 seconds elapsed, finished iteration 331
[LightGBM] [Debug] Trained a tree with leaves = 255 and depth = 19
[LightGBM] [Info] Iteration:332, valid_1 auc : 0.842967
[LightGBM] [Info] 123.317897 seconds elapsed, finished iteration 332
[LightGBM] [Debug] Trained a tree with leaves = 255 and depth = 21
[LightGBM] [Info] Iteration:333, valid_1 auc : 0.842991
[LightGBM] [Info] 123.596222 seconds elapsed, finished iteration 333
[LightGBM] [Debug] Trained a tree with leaves = 255 and depth = 16
[LightGBM] [Info] Iteration:334, valid_1 auc : 0.843074
[LightGBM] [Info] 123.944818 seconds elapsed, finished iteration 334
[LightGBM] [Debug] Trained a tree with leaves = 255 and depth = 22
[LightGBM] [Info] Iteration:335, valid_1 auc : 0.843077
[LightGBM] [Info] 124.104188 seconds elapsed, finished iteration 335
[LightGBM] [Debug] Trained a tree with leaves = 255 and depth = 23
[LightGBM] [Info] Iteration:336, valid_1 auc : 0.843082
[LightGBM] [Info] 124.272343 seconds elapsed, finished iteration 336
[LightGBM] [Debug] Trained a tree with leaves = 255 and depth = 21
[LightGBM] [Info] Iteration:337, valid_1 auc : 0.843087
[LightGBM] [Info] 124.447634 seconds elapsed, finished iteration 337
[LightGBM] [Debug] Trained a tree with leaves = 255 and depth = 20
[LightGBM] [Info] Iteration:338, valid_1 auc : 0.843104
[LightGBM] [Info] 124.685382 seconds elapsed, finished iteration 338
[LightGBM] [Debug] Trained a tree with leaves = 255 and depth = 19
[LightGBM] [Info] Iteration:339, valid_1 auc : 0.843108
[LightGBM] [Info] 124.861480 seconds elapsed, finished iteration 339
[LightGBM] [Debug] Trained a tree with leaves = 255 and depth = 21
[LightGBM] [Info] Iteration:340, valid_1 auc : 0.84311
[LightGBM] [Info] 125.061740 seconds elapsed, finished iteration 340
[LightGBM] [Debug] Trained a tree with leaves = 255 and depth = 27
[LightGBM] [Info] Iteration:341, valid_1 auc : 0.843109
[LightGBM] [Info] 125.233799 seconds elapsed, finished iteration 341
[LightGBM] [Debug] Trained a tree with leaves = 255 and depth = 21
[LightGBM] [Info] Iteration:342, valid_1 auc : 0.843151
[LightGBM] [Info] 125.572421 seconds elapsed, finished iteration 342
[LightGBM] [Debug] Trained a tree with leaves = 255 and depth = 18
[LightGBM] [Info] Iteration:343, valid_1 auc : 0.843171
[LightGBM] [Info] 125.913545 seconds elapsed, finished iteration 343
[LightGBM] [Debug] Trained a tree with leaves = 255 and depth = 23
[LightGBM] [Info] Iteration:344, valid_1 auc : 0.843194
[LightGBM] [Info] 126.268279 seconds elapsed, finished iteration 344
[LightGBM] [Debug] Trained a tree with leaves = 255 and depth = 15
[LightGBM] [Info] Iteration:345, valid_1 auc : 0.843274
[LightGBM] [Info] 126.702511 seconds elapsed, finished iteration 345
[LightGBM] [Debug] Trained a tree with leaves = 255 and depth = 18
[LightGBM] [Info] Iteration:346, valid_1 auc : 0.843294
[LightGBM] [Info] 127.053887 seconds elapsed, finished iteration 346
[LightGBM] [Debug] Trained a tree with leaves = 255 and depth = 20
[LightGBM] [Info] Iteration:347, valid_1 auc : 0.843317
[LightGBM] [Info] 127.413902 seconds elapsed, finished iteration 347
[LightGBM] [Debug] Trained a tree with leaves = 255 and depth = 22
[LightGBM] [Info] Iteration:348, valid_1 auc : 0.843326
[LightGBM] [Info] 127.716602 seconds elapsed, finished iteration 348
[LightGBM] [Debug] Trained a tree with leaves = 255 and depth = 19
[LightGBM] [Info] Iteration:349, valid_1 auc : 0.843344
[LightGBM] [Info] 128.027322 seconds elapsed, finished iteration 349
[LightGBM] [Debug] Trained a tree with leaves = 255 and depth = 20
[LightGBM] [Info] Iteration:350, valid_1 auc : 0.843372
[LightGBM] [Info] 128.383677 seconds elapsed, finished iteration 350
[LightGBM] [Debug] Trained a tree with leaves = 255 and depth = 20
[LightGBM] [Info] Iteration:351, valid_1 auc : 0.843382
[LightGBM] [Info] 128.609128 seconds elapsed, finished iteration 351
[LightGBM] [Debug] Trained a tree with leaves = 255 and depth = 21
[LightGBM] [Info] Iteration:352, valid_1 auc : 0.843392
[LightGBM] [Info] 128.865714 seconds elapsed, finished iteration 352
[LightGBM] [Debug] Trained a tree with leaves = 255 and depth = 17
[LightGBM] [Info] Iteration:353, valid_1 auc : 0.843403
[LightGBM] [Info] 129.117821 seconds elapsed, finished iteration 353
[LightGBM] [Debug] Trained a tree with leaves = 255 and depth = 22
[LightGBM] [Info] Iteration:354, valid_1 auc : 0.843423
[LightGBM] [Info] 129.459468 seconds elapsed, finished iteration 354
[LightGBM] [Debug] Trained a tree with leaves = 255 and depth = 18
[LightGBM] [Info] Iteration:355, valid_1 auc : 0.843432
[LightGBM] [Info] 129.674672 seconds elapsed, finished iteration 355
[LightGBM] [Debug] Trained a tree with leaves = 255 and depth = 19
[LightGBM] [Info] Iteration:356, valid_1 auc : 0.843441
[LightGBM] [Info] 129.900601 seconds elapsed, finished iteration 356
[LightGBM] [Debug] Trained a tree with leaves = 255 and depth = 18
[LightGBM] [Info] Iteration:357, valid_1 auc : 0.843461
[LightGBM] [Info] 130.181609 seconds elapsed, finished iteration 357
[LightGBM] [Debug] Trained a tree with leaves = 255 and depth = 22
[LightGBM] [Info] Iteration:358, valid_1 auc : 0.843487
[LightGBM] [Info] 130.507097 seconds elapsed, finished iteration 358
[LightGBM] [Debug] Trained a tree with leaves = 255 and depth = 20
[LightGBM] [Info] Iteration:359, valid_1 auc : 0.843503
[LightGBM] [Info] 130.771204 seconds elapsed, finished iteration 359
[LightGBM] [Debug] Trained a tree with leaves = 255 and depth = 17
[LightGBM] [Info] Iteration:360, valid_1 auc : 0.843525
[LightGBM] [Info] 131.125191 seconds elapsed, finished iteration 360
[LightGBM] [Debug] Trained a tree with leaves = 255 and depth = 20
[LightGBM] [Info] Iteration:361, valid_1 auc : 0.843535
[LightGBM] [Info] 131.339434 seconds elapsed, finished iteration 361
[LightGBM] [Debug] Trained a tree with leaves = 255 and depth = 22
[LightGBM] [Info] Iteration:362, valid_1 auc : 0.843545
[LightGBM] [Info] 131.519461 seconds elapsed, finished iteration 362
[LightGBM] [Debug] Trained a tree with leaves = 255 and depth = 18
[LightGBM] [Info] Iteration:363, valid_1 auc : 0.84355
[LightGBM] [Info] 131.686273 seconds elapsed, finished iteration 363
[LightGBM] [Debug] Trained a tree with leaves = 255 and depth = 19
[LightGBM] [Info] Iteration:364, valid_1 auc : 0.843566
[LightGBM] [Info] 131.877685 seconds elapsed, finished iteration 364
[LightGBM] [Debug] Trained a tree with leaves = 255 and depth = 18
[LightGBM] [Info] Iteration:365, valid_1 auc : 0.843571
[LightGBM] [Info] 132.079878 seconds elapsed, finished iteration 365
[LightGBM] [Debug] Trained a tree with leaves = 255 and depth = 19
[LightGBM] [Info] Iteration:366, valid_1 auc : 0.843584
[LightGBM] [Info] 132.296130 seconds elapsed, finished iteration 366
[LightGBM] [Debug] Trained a tree with leaves = 255 and depth = 17
[LightGBM] [Info] Iteration:367, valid_1 auc : 0.843587
[LightGBM] [Info] 132.471933 seconds elapsed, finished iteration 367
[LightGBM] [Debug] Trained a tree with leaves = 255 and depth = 22
[LightGBM] [Info] Iteration:368, valid_1 auc : 0.843589
[LightGBM] [Info] 132.675474 seconds elapsed, finished iteration 368
[LightGBM] [Debug] Trained a tree with leaves = 255 and depth = 19
[LightGBM] [Info] Iteration:369, valid_1 auc : 0.84361
[LightGBM] [Info] 132.916678 seconds elapsed, finished iteration 369
[LightGBM] [Debug] Trained a tree with leaves = 255 and depth = 20
[LightGBM] [Info] Iteration:370, valid_1 auc : 0.843614
[LightGBM] [Info] 133.099181 seconds elapsed, finished iteration 370
[LightGBM] [Debug] Trained a tree with leaves = 255 and depth = 24
[LightGBM] [Info] Iteration:371, valid_1 auc : 0.843615
[LightGBM] [Info] 133.283869 seconds elapsed, finished iteration 371
[LightGBM] [Debug] Trained a tree with leaves = 255 and depth = 18
[LightGBM] [Info] Iteration:372, valid_1 auc : 0.843664
[LightGBM] [Info] 133.620841 seconds elapsed, finished iteration 372
[LightGBM] [Debug] Trained a tree with leaves = 255 and depth = 19
[LightGBM] [Info] Iteration:373, valid_1 auc : 0.84367
[LightGBM] [Info] 133.828995 seconds elapsed, finished iteration 373
[LightGBM] [Debug] Trained a tree with leaves = 255 and depth = 19
[LightGBM] [Info] Iteration:374, valid_1 auc : 0.843678
[LightGBM] [Info] 134.106233 seconds elapsed, finished iteration 374
[LightGBM] [Debug] Trained a tree with leaves = 255 and depth = 19
[LightGBM] [Info] Iteration:375, valid_1 auc : 0.84369
[LightGBM] [Info] 134.349233 seconds elapsed, finished iteration 375
[LightGBM] [Debug] Trained a tree with leaves = 255 and depth = 21
[LightGBM] [Info] Iteration:376, valid_1 auc : 0.843703
[LightGBM] [Info] 134.583748 seconds elapsed, finished iteration 376
[LightGBM] [Debug] Trained a tree with leaves = 255 and depth = 21
[LightGBM] [Info] Iteration:377, valid_1 auc : 0.84371
[LightGBM] [Info] 134.802557 seconds elapsed, finished iteration 377
[LightGBM] [Debug] Trained a tree with leaves = 255 and depth = 17
[LightGBM] [Info] Iteration:378, valid_1 auc : 0.84372
[LightGBM] [Info] 135.038729 seconds elapsed, finished iteration 378
[LightGBM] [Debug] Trained a tree with leaves = 255 and depth = 20
[LightGBM] [Info] Iteration:379, valid_1 auc : 0.843792
[LightGBM] [Info] 135.484467 seconds elapsed, finished iteration 379
[LightGBM] [Debug] Trained a tree with leaves = 255 and depth = 19
[LightGBM] [Info] Iteration:380, valid_1 auc : 0.843807
[LightGBM] [Info] 135.791285 seconds elapsed, finished iteration 380
[LightGBM] [Debug] Trained a tree with leaves = 255 and depth = 20
[LightGBM] [Info] Iteration:381, valid_1 auc : 0.843812
[LightGBM] [Info] 136.013966 seconds elapsed, finished iteration 381
[LightGBM] [Debug] Trained a tree with leaves = 255 and depth = 21
[LightGBM] [Info] Iteration:382, valid_1 auc : 0.843816
[LightGBM] [Info] 136.241849 seconds elapsed, finished iteration 382
[LightGBM] [Debug] Trained a tree with leaves = 255 and depth = 24
[LightGBM] [Info] Iteration:383, valid_1 auc : 0.84382
[LightGBM] [Info] 136.477004 seconds elapsed, finished iteration 383
[LightGBM] [Debug] Trained a tree with leaves = 255 and depth = 25
[LightGBM] [Info] Iteration:384, valid_1 auc : 0.843827
[LightGBM] [Info] 136.701935 seconds elapsed, finished iteration 384
[LightGBM] [Debug] Trained a tree with leaves = 255 and depth = 20
[LightGBM] [Info] Iteration:385, valid_1 auc : 0.843854
[LightGBM] [Info] 137.072318 seconds elapsed, finished iteration 385
[LightGBM] [Debug] Trained a tree with leaves = 255 and depth = 16
[LightGBM] [Info] Iteration:386, valid_1 auc : 0.843884
[LightGBM] [Info] 137.395165 seconds elapsed, finished iteration 386
[LightGBM] [Debug] Trained a tree with leaves = 255 and depth = 22
[LightGBM] [Info] Iteration:387, valid_1 auc : 0.843887
[LightGBM] [Info] 137.625625 seconds elapsed, finished iteration 387
[LightGBM] [Debug] Trained a tree with leaves = 255 and depth = 20
[LightGBM] [Info] Iteration:388, valid_1 auc : 0.843899
[LightGBM] [Info] 137.965194 seconds elapsed, finished iteration 388
[LightGBM] [Debug] Trained a tree with leaves = 255 and depth = 19
[LightGBM] [Info] Iteration:389, valid_1 auc : 0.843938
[LightGBM] [Info] 138.412279 seconds elapsed, finished iteration 389
[LightGBM] [Debug] Trained a tree with leaves = 255 and depth = 20
[LightGBM] [Info] Iteration:390, valid_1 auc : 0.843974
[LightGBM] [Info] 138.783939 seconds elapsed, finished iteration 390
[LightGBM] [Debug] Trained a tree with leaves = 255 and depth = 23
[LightGBM] [Info] Iteration:391, valid_1 auc : 0.843982
[LightGBM] [Info] 138.967146 seconds elapsed, finished iteration 391
[LightGBM] [Debug] Trained a tree with leaves = 255 and depth = 18
[LightGBM] [Info] Iteration:392, valid_1 auc : 0.844029
[LightGBM] [Info] 139.333748 seconds elapsed, finished iteration 392
[LightGBM] [Debug] Trained a tree with leaves = 255 and depth = 21
[LightGBM] [Info] Iteration:393, valid_1 auc : 0.844072
[LightGBM] [Info] 139.642652 seconds elapsed, finished iteration 393
[LightGBM] [Debug] Trained a tree with leaves = 255 and depth = 17
[LightGBM] [Info] Iteration:394, valid_1 auc : 0.844088
[LightGBM] [Info] 139.904475 seconds elapsed, finished iteration 394
[LightGBM] [Debug] Trained a tree with leaves = 255 and depth = 16
[LightGBM] [Info] Iteration:395, valid_1 auc : 0.844094
[LightGBM] [Info] 140.119620 seconds elapsed, finished iteration 395
[LightGBM] [Debug] Trained a tree with leaves = 255 and depth = 21
[LightGBM] [Info] Iteration:396, valid_1 auc : 0.844097
[LightGBM] [Info] 140.327349 seconds elapsed, finished iteration 396
[LightGBM] [Debug] Trained a tree with leaves = 255 and depth = 24
[LightGBM] [Info] Iteration:397, valid_1 auc : 0.844125
[LightGBM] [Info] 140.628103 seconds elapsed, finished iteration 397
[LightGBM] [Debug] Trained a tree with leaves = 255 and depth = 21
[LightGBM] [Info] Iteration:398, valid_1 auc : 0.84414
[LightGBM] [Info] 140.942573 seconds elapsed, finished iteration 398
[LightGBM] [Debug] Trained a tree with leaves = 255 and depth = 23
[LightGBM] [Info] Iteration:399, valid_1 auc : 0.844158
[LightGBM] [Info] 141.218667 seconds elapsed, finished iteration 399
[LightGBM] [Debug] Trained a tree with leaves = 255 and depth = 14
[LightGBM] [Info] Iteration:400, valid_1 auc : 0.844173
[LightGBM] [Info] 141.525239 seconds elapsed, finished iteration 400
[LightGBM] [Debug] Trained a tree with leaves = 255 and depth = 27
[LightGBM] [Info] Iteration:401, valid_1 auc : 0.844172
[LightGBM] [Info] 141.725000 seconds elapsed, finished iteration 401
[LightGBM] [Debug] Trained a tree with leaves = 255 and depth = 21
[LightGBM] [Info] Iteration:402, valid_1 auc : 0.844186
[LightGBM] [Info] 141.990307 seconds elapsed, finished iteration 402
[LightGBM] [Debug] Trained a tree with leaves = 255 and depth = 16
[LightGBM] [Info] Iteration:403, valid_1 auc : 0.84419
[LightGBM] [Info] 142.212804 seconds elapsed, finished iteration 403
[LightGBM] [Debug] Trained a tree with leaves = 255 and depth = 18
[LightGBM] [Info] Iteration:404, valid_1 auc : 0.844207
[LightGBM] [Info] 142.506946 seconds elapsed, finished iteration 404
[LightGBM] [Debug] Trained a tree with leaves = 255 and depth = 16
[LightGBM] [Info] Iteration:405, valid_1 auc : 0.844259
[LightGBM] [Info] 142.890772 seconds elapsed, finished iteration 405
[LightGBM] [Debug] Trained a tree with leaves = 255 and depth = 23
[LightGBM] [Info] Iteration:406, valid_1 auc : 0.844284
[LightGBM] [Info] 143.232310 seconds elapsed, finished iteration 406
[LightGBM] [Debug] Trained a tree with leaves = 255 and depth = 21
[LightGBM] [Info] Iteration:407, valid_1 auc : 0.8443
[LightGBM] [Info] 143.494926 seconds elapsed, finished iteration 407
[LightGBM] [Debug] Trained a tree with leaves = 255 and depth = 20
[LightGBM] [Info] Iteration:408, valid_1 auc : 0.844311
[LightGBM] [Info] 143.761433 seconds elapsed, finished iteration 408
[LightGBM] [Debug] Trained a tree with leaves = 255 and depth = 18
[LightGBM] [Info] Iteration:409, valid_1 auc : 0.844332
[LightGBM] [Info] 144.032954 seconds elapsed, finished iteration 409
[LightGBM] [Debug] Trained a tree with leaves = 255 and depth = 31
[LightGBM] [Info] Iteration:410, valid_1 auc : 0.844335
[LightGBM] [Info] 144.253685 seconds elapsed, finished iteration 410
[LightGBM] [Debug] Trained a tree with leaves = 255 and depth = 17
[LightGBM] [Info] Iteration:411, valid_1 auc : 0.844343
[LightGBM] [Info] 144.485133 seconds elapsed, finished iteration 411
[LightGBM] [Debug] Trained a tree with leaves = 255 and depth = 18
[LightGBM] [Info] Iteration:412, valid_1 auc : 0.844365
[LightGBM] [Info] 144.783959 seconds elapsed, finished iteration 412
[LightGBM] [Debug] Trained a tree with leaves = 255 and depth = 21
[LightGBM] [Info] Iteration:413, valid_1 auc : 0.84437
[LightGBM] [Info] 145.058484 seconds elapsed, finished iteration 413
[LightGBM] [Debug] Trained a tree with leaves = 255 and depth = 19
[LightGBM] [Info] Iteration:414, valid_1 auc : 0.844401
[LightGBM] [Info] 145.446827 seconds elapsed, finished iteration 414
[LightGBM] [Debug] Trained a tree with leaves = 255 and depth = 23
[LightGBM] [Info] Iteration:415, valid_1 auc : 0.844429
[LightGBM] [Info] 145.777516 seconds elapsed, finished iteration 415
[LightGBM] [Debug] Trained a tree with leaves = 255 and depth = 20
[LightGBM] [Info] Iteration:416, valid_1 auc : 0.844458
[LightGBM] [Info] 146.117457 seconds elapsed, finished iteration 416
[LightGBM] [Debug] Trained a tree with leaves = 255 and depth = 28
[LightGBM] [Info] Iteration:417, valid_1 auc : 0.844461
[LightGBM] [Info] 146.312062 seconds elapsed, finished iteration 417
[LightGBM] [Debug] Trained a tree with leaves = 255 and depth = 24
[LightGBM] [Info] Iteration:418, valid_1 auc : 0.844461
[LightGBM] [Info] 146.480053 seconds elapsed, finished iteration 418
[LightGBM] [Debug] Trained a tree with leaves = 255 and depth = 19
[LightGBM] [Info] Iteration:419, valid_1 auc : 0.84447
[LightGBM] [Info] 146.670293 seconds elapsed, finished iteration 419
[LightGBM] [Debug] Trained a tree with leaves = 255 and depth = 18
[LightGBM] [Info] Iteration:420, valid_1 auc : 0.844477
[LightGBM] [Info] 146.845257 seconds elapsed, finished iteration 420
[LightGBM] [Debug] Trained a tree with leaves = 255 and depth = 26
[LightGBM] [Info] Iteration:421, valid_1 auc : 0.844513
[LightGBM] [Info] 147.134668 seconds elapsed, finished iteration 421
[LightGBM] [Debug] Trained a tree with leaves = 255 and depth = 20
[LightGBM] [Info] Iteration:422, valid_1 auc : 0.844522
[LightGBM] [Info] 147.324162 seconds elapsed, finished iteration 422
[LightGBM] [Debug] Trained a tree with leaves = 255 and depth = 23
[LightGBM] [Info] Iteration:423, valid_1 auc : 0.844521
[LightGBM] [Info] 147.502760 seconds elapsed, finished iteration 423
[LightGBM] [Debug] Trained a tree with leaves = 255 and depth = 18
[LightGBM] [Info] Iteration:424, valid_1 auc : 0.844527
[LightGBM] [Info] 147.680466 seconds elapsed, finished iteration 424
[LightGBM] [Debug] Trained a tree with leaves = 255 and depth = 26
[LightGBM] [Info] Iteration:425, valid_1 auc : 0.84453
[LightGBM] [Info] 147.851511 seconds elapsed, finished iteration 425
[LightGBM] [Debug] Trained a tree with leaves = 255 and depth = 20
[LightGBM] [Info] Iteration:426, valid_1 auc : 0.844539
[LightGBM] [Info] 148.027181 seconds elapsed, finished iteration 426
[LightGBM] [Debug] Trained a tree with leaves = 255 and depth = 19
[LightGBM] [Info] Iteration:427, valid_1 auc : 0.84455
[LightGBM] [Info] 148.260945 seconds elapsed, finished iteration 427
[LightGBM] [Debug] Trained a tree with leaves = 255 and depth = 24
[LightGBM] [Info] Iteration:428, valid_1 auc : 0.844558
[LightGBM] [Info] 148.478764 seconds elapsed, finished iteration 428
[LightGBM] [Debug] Trained a tree with leaves = 255 and depth = 23
[LightGBM] [Info] Iteration:429, valid_1 auc : 0.84456
[LightGBM] [Info] 148.685189 seconds elapsed, finished iteration 429
[LightGBM] [Debug] Trained a tree with leaves = 255 and depth = 22
[LightGBM] [Info] Iteration:430, valid_1 auc : 0.844567
[LightGBM] [Info] 148.899295 seconds elapsed, finished iteration 430
[LightGBM] [Debug] Trained a tree with leaves = 255 and depth = 20
[LightGBM] [Info] Iteration:431, valid_1 auc : 0.84458
[LightGBM] [Info] 149.133363 seconds elapsed, finished iteration 431
[LightGBM] [Debug] Trained a tree with leaves = 255 and depth = 19
[LightGBM] [Info] Iteration:432, valid_1 auc : 0.844609
[LightGBM] [Info] 149.437273 seconds elapsed, finished iteration 432
[LightGBM] [Debug] Trained a tree with leaves = 255 and depth = 16
[LightGBM] [Info] Iteration:433, valid_1 auc : 0.844625
[LightGBM] [Info] 149.658626 seconds elapsed, finished iteration 433
[LightGBM] [Debug] Trained a tree with leaves = 255 and depth = 16
[LightGBM] [Info] Iteration:434, valid_1 auc : 0.844636
[LightGBM] [Info] 149.866001 seconds elapsed, finished iteration 434
[LightGBM] [Debug] Trained a tree with leaves = 255 and depth = 18
[LightGBM] [Info] Iteration:435, valid_1 auc : 0.84465
[LightGBM] [Info] 150.145293 seconds elapsed, finished iteration 435
[LightGBM] [Debug] Trained a tree with leaves = 255 and depth = 19
[LightGBM] [Info] Iteration:436, valid_1 auc : 0.84466
[LightGBM] [Info] 150.426138 seconds elapsed, finished iteration 436
[LightGBM] [Debug] Trained a tree with leaves = 255 and depth = 23
[LightGBM] [Info] Iteration:437, valid_1 auc : 0.844664
[LightGBM] [Info] 150.624522 seconds elapsed, finished iteration 437
[LightGBM] [Debug] Trained a tree with leaves = 255 and depth = 17
[LightGBM] [Info] Iteration:438, valid_1 auc : 0.844671
[LightGBM] [Info] 150.859579 seconds elapsed, finished iteration 438
[LightGBM] [Debug] Trained a tree with leaves = 255 and depth = 20
[LightGBM] [Info] Iteration:439, valid_1 auc : 0.844706
[LightGBM] [Info] 151.173304 seconds elapsed, finished iteration 439
[LightGBM] [Debug] Trained a tree with leaves = 255 and depth = 17
[LightGBM] [Info] Iteration:440, valid_1 auc : 0.844766
[LightGBM] [Info] 151.606968 seconds elapsed, finished iteration 440
[LightGBM] [Debug] Trained a tree with leaves = 255 and depth = 17
[LightGBM] [Info] Iteration:441, valid_1 auc : 0.844779
[LightGBM] [Info] 151.903880 seconds elapsed, finished iteration 441
[LightGBM] [Debug] Trained a tree with leaves = 255 and depth = 17
[LightGBM] [Info] Iteration:442, valid_1 auc : 0.844785
[LightGBM] [Info] 152.117310 seconds elapsed, finished iteration 442
[LightGBM] [Debug] Trained a tree with leaves = 255 and depth = 27
[LightGBM] [Info] Iteration:443, valid_1 auc : 0.844795
[LightGBM] [Info] 152.329623 seconds elapsed, finished iteration 443
[LightGBM] [Debug] Trained a tree with leaves = 255 and depth = 17
[LightGBM] [Info] Iteration:444, valid_1 auc : 0.844805
[LightGBM] [Info] 152.561705 seconds elapsed, finished iteration 444
[LightGBM] [Debug] Trained a tree with leaves = 255 and depth = 16
[LightGBM] [Info] Iteration:445, valid_1 auc : 0.844862
[LightGBM] [Info] 153.012747 seconds elapsed, finished iteration 445
[LightGBM] [Debug] Trained a tree with leaves = 255 and depth = 16
[LightGBM] [Info] Iteration:446, valid_1 auc : 0.844869
[LightGBM] [Info] 153.194193 seconds elapsed, finished iteration 446
[LightGBM] [Debug] Trained a tree with leaves = 255 and depth = 19
[LightGBM] [Info] Iteration:447, valid_1 auc : 0.844896
[LightGBM] [Info] 153.449145 seconds elapsed, finished iteration 447
[LightGBM] [Debug] Trained a tree with leaves = 255 and depth = 22
[LightGBM] [Info] Iteration:448, valid_1 auc : 0.844903
[LightGBM] [Info] 153.638958 seconds elapsed, finished iteration 448
[LightGBM] [Debug] Trained a tree with leaves = 255 and depth = 21
[LightGBM] [Info] Iteration:449, valid_1 auc : 0.844914
[LightGBM] [Info] 153.837108 seconds elapsed, finished iteration 449
[LightGBM] [Debug] Trained a tree with leaves = 255 and depth = 18
[LightGBM] [Info] Iteration:450, valid_1 auc : 0.844922
[LightGBM] [Info] 154.008531 seconds elapsed, finished iteration 450
[LightGBM] [Debug] Trained a tree with leaves = 255 and depth = 18
[LightGBM] [Info] Iteration:451, valid_1 auc : 0.844923
[LightGBM] [Info] 154.205646 seconds elapsed, finished iteration 451
[LightGBM] [Debug] Trained a tree with leaves = 255 and depth = 18
[LightGBM] [Info] Iteration:452, valid_1 auc : 0.844925
[LightGBM] [Info] 154.423594 seconds elapsed, finished iteration 452
[LightGBM] [Debug] Trained a tree with leaves = 255 and depth = 20
[LightGBM] [Info] Iteration:453, valid_1 auc : 0.844949
[LightGBM] [Info] 154.740005 seconds elapsed, finished iteration 453
[LightGBM] [Debug] Trained a tree with leaves = 255 and depth = 15
[LightGBM] [Info] Iteration:454, valid_1 auc : 0.845017
[LightGBM] [Info] 155.190144 seconds elapsed, finished iteration 454
[LightGBM] [Debug] Trained a tree with leaves = 255 and depth = 18
[LightGBM] [Info] Iteration:455, valid_1 auc : 0.845046
[LightGBM] [Info] 155.421922 seconds elapsed, finished iteration 455
[LightGBM] [Debug] Trained a tree with leaves = 255 and depth = 22
[LightGBM] [Info] Iteration:456, valid_1 auc : 0.845055
[LightGBM] [Info] 155.654479 seconds elapsed, finished iteration 456
[LightGBM] [Debug] Trained a tree with leaves = 255 and depth = 18
[LightGBM] [Info] Iteration:457, valid_1 auc : 0.845059
[LightGBM] [Info] 155.946974 seconds elapsed, finished iteration 457
[LightGBM] [Debug] Trained a tree with leaves = 255 and depth = 19
[LightGBM] [Info] Iteration:458, valid_1 auc : 0.845078
[LightGBM] [Info] 156.194872 seconds elapsed, finished iteration 458
[LightGBM] [Debug] Trained a tree with leaves = 255 and depth = 24
[LightGBM] [Info] Iteration:459, valid_1 auc : 0.845097
[LightGBM] [Info] 156.469325 seconds elapsed, finished iteration 459
[LightGBM] [Debug] Trained a tree with leaves = 255 and depth = 24
[LightGBM] [Info] Iteration:460, valid_1 auc : 0.845104
[LightGBM] [Info] 156.703846 seconds elapsed, finished iteration 460
[LightGBM] [Debug] Trained a tree with leaves = 255 and depth = 19
[LightGBM] [Info] Iteration:461, valid_1 auc : 0.845121
[LightGBM] [Info] 156.895483 seconds elapsed, finished iteration 461
[LightGBM] [Debug] Trained a tree with leaves = 255 and depth = 21
[LightGBM] [Info] Iteration:462, valid_1 auc : 0.845141
[LightGBM] [Info] 157.108422 seconds elapsed, finished iteration 462
[LightGBM] [Debug] Trained a tree with leaves = 255 and depth = 27
[LightGBM] [Info] Iteration:463, valid_1 auc : 0.845141
[LightGBM] [Info] 157.272131 seconds elapsed, finished iteration 463
[LightGBM] [Debug] Trained a tree with leaves = 255 and depth = 18
[LightGBM] [Info] Iteration:464, valid_1 auc : 0.845158
[LightGBM] [Info] 157.456091 seconds elapsed, finished iteration 464
[LightGBM] [Debug] Trained a tree with leaves = 255 and depth = 17
[LightGBM] [Info] Iteration:465, valid_1 auc : 0.845179
[LightGBM] [Info] 157.766185 seconds elapsed, finished iteration 465
[LightGBM] [Debug] Trained a tree with leaves = 255 and depth = 17
[LightGBM] [Info] Iteration:466, valid_1 auc : 0.845184
[LightGBM] [Info] 157.954434 seconds elapsed, finished iteration 466
[LightGBM] [Debug] Trained a tree with leaves = 255 and depth = 20
[LightGBM] [Info] Iteration:467, valid_1 auc : 0.845196
[LightGBM] [Info] 158.186313 seconds elapsed, finished iteration 467
[LightGBM] [Debug] Trained a tree with leaves = 255 and depth = 21
[LightGBM] [Info] Iteration:468, valid_1 auc : 0.845226
[LightGBM] [Info] 158.568818 seconds elapsed, finished iteration 468
[LightGBM] [Debug] Trained a tree with leaves = 255 and depth = 18
[LightGBM] [Info] Iteration:469, valid_1 auc : 0.845257
[LightGBM] [Info] 158.855036 seconds elapsed, finished iteration 469
[LightGBM] [Debug] Trained a tree with leaves = 255 and depth = 21
[LightGBM] [Info] Iteration:470, valid_1 auc : 0.845266
[LightGBM] [Info] 159.101920 seconds elapsed, finished iteration 470
[LightGBM] [Debug] Trained a tree with leaves = 255 and depth = 20
[LightGBM] [Info] Iteration:471, valid_1 auc : 0.845307
[LightGBM] [Info] 159.489971 seconds elapsed, finished iteration 471
[LightGBM] [Debug] Trained a tree with leaves = 255 and depth = 25
[LightGBM] [Info] Iteration:472, valid_1 auc : 0.845329
[LightGBM] [Info] 159.748538 seconds elapsed, finished iteration 472
[LightGBM] [Debug] Trained a tree with leaves = 255 and depth = 25
[LightGBM] [Info] Iteration:473, valid_1 auc : 0.845339
[LightGBM] [Info] 159.943184 seconds elapsed, finished iteration 473
[LightGBM] [Debug] Trained a tree with leaves = 255 and depth = 21
[LightGBM] [Info] Iteration:474, valid_1 auc : 0.845341
[LightGBM] [Info] 160.148093 seconds elapsed, finished iteration 474
[LightGBM] [Debug] Trained a tree with leaves = 255 and depth = 23
[LightGBM] [Info] Iteration:475, valid_1 auc : 0.845371
[LightGBM] [Info] 160.501174 seconds elapsed, finished iteration 475
[LightGBM] [Debug] Trained a tree with leaves = 255 and depth = 17
[LightGBM] [Info] Iteration:476, valid_1 auc : 0.845381
[LightGBM] [Info] 160.751274 seconds elapsed, finished iteration 476
[LightGBM] [Debug] Trained a tree with leaves = 255 and depth = 23
[LightGBM] [Info] Iteration:477, valid_1 auc : 0.845389
[LightGBM] [Info] 161.065323 seconds elapsed, finished iteration 477
[LightGBM] [Debug] Trained a tree with leaves = 255 and depth = 24
[LightGBM] [Info] Iteration:478, valid_1 auc : 0.845394
[LightGBM] [Info] 161.285219 seconds elapsed, finished iteration 478
[LightGBM] [Debug] Trained a tree with leaves = 255 and depth = 20
[LightGBM] [Info] Iteration:479, valid_1 auc : 0.8454
[LightGBM] [Info] 161.506865 seconds elapsed, finished iteration 479
[LightGBM] [Debug] Trained a tree with leaves = 255 and depth = 21
[LightGBM] [Info] Iteration:480, valid_1 auc : 0.845429
[LightGBM] [Info] 161.891371 seconds elapsed, finished iteration 480
[LightGBM] [Debug] Trained a tree with leaves = 255 and depth = 22
[LightGBM] [Info] Iteration:481, valid_1 auc : 0.845446
[LightGBM] [Info] 162.132756 seconds elapsed, finished iteration 481
[LightGBM] [Debug] Trained a tree with leaves = 255 and depth = 16
[LightGBM] [Info] Iteration:482, valid_1 auc : 0.845467
[LightGBM] [Info] 162.543290 seconds elapsed, finished iteration 482
[LightGBM] [Debug] Trained a tree with leaves = 255 and depth = 23
[LightGBM] [Info] Iteration:483, valid_1 auc : 0.845475
[LightGBM] [Info] 162.742898 seconds elapsed, finished iteration 483
[LightGBM] [Debug] Trained a tree with leaves = 255 and depth = 22
[LightGBM] [Info] Iteration:484, valid_1 auc : 0.845483
[LightGBM] [Info] 162.962975 seconds elapsed, finished iteration 484
[LightGBM] [Debug] Trained a tree with leaves = 255 and depth = 27
[LightGBM] [Info] Iteration:485, valid_1 auc : 0.845514
[LightGBM] [Info] 163.177655 seconds elapsed, finished iteration 485
[LightGBM] [Debug] Trained a tree with leaves = 255 and depth = 19
[LightGBM] [Info] Iteration:486, valid_1 auc : 0.845524
[LightGBM] [Info] 163.383660 seconds elapsed, finished iteration 486
[LightGBM] [Debug] Trained a tree with leaves = 255 and depth = 21
[LightGBM] [Info] Iteration:487, valid_1 auc : 0.845541
[LightGBM] [Info] 163.632559 seconds elapsed, finished iteration 487
[LightGBM] [Debug] Trained a tree with leaves = 255 and depth = 20
[LightGBM] [Info] Iteration:488, valid_1 auc : 0.845553
[LightGBM] [Info] 163.865415 seconds elapsed, finished iteration 488
[LightGBM] [Debug] Trained a tree with leaves = 255 and depth = 28
[LightGBM] [Info] Iteration:489, valid_1 auc : 0.845551
[LightGBM] [Info] 164.074327 seconds elapsed, finished iteration 489
[LightGBM] [Debug] Trained a tree with leaves = 255 and depth = 19
[LightGBM] [Info] Iteration:490, valid_1 auc : 0.845551
[LightGBM] [Info] 164.288243 seconds elapsed, finished iteration 490
[LightGBM] [Debug] Trained a tree with leaves = 255 and depth = 24
[LightGBM] [Info] Iteration:491, valid_1 auc : 0.845555
[LightGBM] [Info] 164.495971 seconds elapsed, finished iteration 491
[LightGBM] [Debug] Trained a tree with leaves = 255 and depth = 21
[LightGBM] [Info] Iteration:492, valid_1 auc : 0.845563
[LightGBM] [Info] 164.723515 seconds elapsed, finished iteration 492
[LightGBM] [Debug] Trained a tree with leaves = 255 and depth = 18
[LightGBM] [Info] Iteration:493, valid_1 auc : 0.845565
[LightGBM] [Info] 164.948948 seconds elapsed, finished iteration 493
[LightGBM] [Debug] Trained a tree with leaves = 255 and depth = 19
[LightGBM] [Info] Iteration:494, valid_1 auc : 0.84558
[LightGBM] [Info] 165.231492 seconds elapsed, finished iteration 494
[LightGBM] [Debug] Trained a tree with leaves = 255 and depth = 19
[LightGBM] [Info] Iteration:495, valid_1 auc : 0.845587
[LightGBM] [Info] 165.482753 seconds elapsed, finished iteration 495
[LightGBM] [Debug] Trained a tree with leaves = 255 and depth = 19
[LightGBM] [Info] Iteration:496, valid_1 auc : 0.845598
[LightGBM] [Info] 165.775798 seconds elapsed, finished iteration 496
[LightGBM] [Debug] Trained a tree with leaves = 255 and depth = 18
[LightGBM] [Info] Iteration:497, valid_1 auc : 0.845603
[LightGBM] [Info] 165.992929 seconds elapsed, finished iteration 497
[LightGBM] [Debug] Trained a tree with leaves = 255 and depth = 19
[LightGBM] [Info] Iteration:498, valid_1 auc : 0.845612
[LightGBM] [Info] 166.293926 seconds elapsed, finished iteration 498
[LightGBM] [Debug] Trained a tree with leaves = 255 and depth = 20
[LightGBM] [Info] Iteration:499, valid_1 auc : 0.845629
[LightGBM] [Info] 166.524197 seconds elapsed, finished iteration 499
[LightGBM] [Debug] Trained a tree with leaves = 255 and depth = 21
[LightGBM] [Info] Iteration:500, valid_1 auc : 0.845639
[LightGBM] [Info] 166.764464 seconds elapsed, finished iteration 500
[LightGBM] [Info] Finished training
