[LightGBM] [Warning] use_discretized_grad is set=true, use_discretized_grad=true will be ignored. Current value: use_discretized_grad=true
[LightGBM] [Warning] discretized_grad_renew is set=true, discretized_grad_renew=true will be ignored. Current value: discretized_grad_renew=true
[LightGBM] [Warning] force_row_wise is set=false, force_row_wise=true will be ignored. Current value: force_row_wise=false
[LightGBM] [Info] Finished loading parameters
[LightGBM] [Debug] Loading train file...
[LightGBM] [Info] Construct bin mappers from text data time 1.22 seconds
[LightGBM] [Debug] Loading validation file #1...
[LightGBM] [Info] Finished loading data in 3.255328 seconds
[LightGBM] [Info] Total Bins 22950
[LightGBM] [Info] Number of data points in the train set: 463715, number of used features: 90
[LightGBM] [Debug] Number of data points in validation set #1: 51630
[LightGBM] [Info] Finished initializing training
[LightGBM] [Info] Started training...
[LightGBM] [Info] Start training from score 1998.386095
[LightGBM] [Debug] Trained a tree with leaves = 255 and depth = 15
[LightGBM] [Info] Iteration:1, valid_1 rmse : 10.6444
[LightGBM] [Info] 0.072598 seconds elapsed, finished iteration 1
[LightGBM] [Debug] Trained a tree with leaves = 255 and depth = 20
[LightGBM] [Info] Iteration:2, valid_1 rmse : 10.4686
[LightGBM] [Info] 0.139461 seconds elapsed, finished iteration 2
[LightGBM] [Debug] Trained a tree with leaves = 255 and depth = 16
[LightGBM] [Info] Iteration:3, valid_1 rmse : 10.314
[LightGBM] [Info] 0.214408 seconds elapsed, finished iteration 3
[LightGBM] [Debug] Trained a tree with leaves = 255 and depth = 15
[LightGBM] [Info] Iteration:4, valid_1 rmse : 10.183
[LightGBM] [Info] 0.281733 seconds elapsed, finished iteration 4
[LightGBM] [Debug] Trained a tree with leaves = 255 and depth = 16
[LightGBM] [Info] Iteration:5, valid_1 rmse : 10.069
[LightGBM] [Info] 0.329202 seconds elapsed, finished iteration 5
[LightGBM] [Debug] Trained a tree with leaves = 255 and depth = 17
[LightGBM] [Info] Iteration:6, valid_1 rmse : 9.9681
[LightGBM] [Info] 0.379014 seconds elapsed, finished iteration 6
[LightGBM] [Debug] Trained a tree with leaves = 255 and depth = 19
[LightGBM] [Info] Iteration:7, valid_1 rmse : 9.88186
[LightGBM] [Info] 0.423459 seconds elapsed, finished iteration 7
[LightGBM] [Debug] Trained a tree with leaves = 255 and depth = 17
[LightGBM] [Info] Iteration:8, valid_1 rmse : 9.80878
[LightGBM] [Info] 0.478412 seconds elapsed, finished iteration 8
[LightGBM] [Debug] Trained a tree with leaves = 255 and depth = 19
[LightGBM] [Info] Iteration:9, valid_1 rmse : 9.74528
[LightGBM] [Info] 0.528435 seconds elapsed, finished iteration 9
[LightGBM] [Debug] Trained a tree with leaves = 255 and depth = 18
[LightGBM] [Info] Iteration:10, valid_1 rmse : 9.68773
[LightGBM] [Info] 0.575157 seconds elapsed, finished iteration 10
[LightGBM] [Debug] Trained a tree with leaves = 255 and depth = 19
[LightGBM] [Info] Iteration:11, valid_1 rmse : 9.64172
[LightGBM] [Info] 0.622594 seconds elapsed, finished iteration 11
[LightGBM] [Debug] Trained a tree with leaves = 255 and depth = 19
[LightGBM] [Info] Iteration:12, valid_1 rmse : 9.5988
[LightGBM] [Info] 0.677231 seconds elapsed, finished iteration 12
[LightGBM] [Debug] Trained a tree with leaves = 255 and depth = 23
[LightGBM] [Info] Iteration:13, valid_1 rmse : 9.55935
[LightGBM] [Info] 0.731469 seconds elapsed, finished iteration 13
[LightGBM] [Debug] Trained a tree with leaves = 255 and depth = 18
[LightGBM] [Info] Iteration:14, valid_1 rmse : 9.52255
[LightGBM] [Info] 0.805435 seconds elapsed, finished iteration 14
[LightGBM] [Debug] Trained a tree with leaves = 255 and depth = 18
[LightGBM] [Info] Iteration:15, valid_1 rmse : 9.49021
[LightGBM] [Info] 0.887737 seconds elapsed, finished iteration 15
[LightGBM] [Debug] Trained a tree with leaves = 255 and depth = 19
[LightGBM] [Info] Iteration:16, valid_1 rmse : 9.46391
[LightGBM] [Info] 0.951841 seconds elapsed, finished iteration 16
[LightGBM] [Debug] Trained a tree with leaves = 255 and depth = 21
[LightGBM] [Info] Iteration:17, valid_1 rmse : 9.43805
[LightGBM] [Info] 1.016522 seconds elapsed, finished iteration 17
[LightGBM] [Debug] Trained a tree with leaves = 255 and depth = 20
[LightGBM] [Info] Iteration:18, valid_1 rmse : 9.41546
[LightGBM] [Info] 1.091579 seconds elapsed, finished iteration 18
[LightGBM] [Debug] Trained a tree with leaves = 255 and depth = 19
[LightGBM] [Info] Iteration:19, valid_1 rmse : 9.39259
[LightGBM] [Info] 1.172197 seconds elapsed, finished iteration 19
[LightGBM] [Debug] Trained a tree with leaves = 255 and depth = 23
[LightGBM] [Info] Iteration:20, valid_1 rmse : 9.37027
[LightGBM] [Info] 1.254299 seconds elapsed, finished iteration 20
[LightGBM] [Debug] Trained a tree with leaves = 255 and depth = 21
[LightGBM] [Info] Iteration:21, valid_1 rmse : 9.35099
[LightGBM] [Info] 1.323216 seconds elapsed, finished iteration 21
[LightGBM] [Debug] Trained a tree with leaves = 255 and depth = 24
[LightGBM] [Info] Iteration:22, valid_1 rmse : 9.33425
[LightGBM] [Info] 1.385987 seconds elapsed, finished iteration 22
[LightGBM] [Debug] Trained a tree with leaves = 255 and depth = 21
[LightGBM] [Info] Iteration:23, valid_1 rmse : 9.31892
[LightGBM] [Info] 1.432952 seconds elapsed, finished iteration 23
[LightGBM] [Debug] Trained a tree with leaves = 255 and depth = 23
[LightGBM] [Info] Iteration:24, valid_1 rmse : 9.30535
[LightGBM] [Info] 1.476708 seconds elapsed, finished iteration 24
[LightGBM] [Debug] Trained a tree with leaves = 255 and depth = 23
[LightGBM] [Info] Iteration:25, valid_1 rmse : 9.29173
[LightGBM] [Info] 1.531926 seconds elapsed, finished iteration 25
[LightGBM] [Debug] Trained a tree with leaves = 255 and depth = 20
[LightGBM] [Info] Iteration:26, valid_1 rmse : 9.27984
[LightGBM] [Info] 1.590858 seconds elapsed, finished iteration 26
[LightGBM] [Debug] Trained a tree with leaves = 255 and depth = 22
[LightGBM] [Info] Iteration:27, valid_1 rmse : 9.26834
[LightGBM] [Info] 1.646369 seconds elapsed, finished iteration 27
[LightGBM] [Debug] Trained a tree with leaves = 255 and depth = 18
[LightGBM] [Info] Iteration:28, valid_1 rmse : 9.25908
[LightGBM] [Info] 1.691852 seconds elapsed, finished iteration 28
[LightGBM] [Debug] Trained a tree with leaves = 255 and depth = 21
[LightGBM] [Info] Iteration:29, valid_1 rmse : 9.24583
[LightGBM] [Info] 1.734420 seconds elapsed, finished iteration 29
[LightGBM] [Debug] Trained a tree with leaves = 255 and depth = 17
[LightGBM] [Info] Iteration:30, valid_1 rmse : 9.23546
[LightGBM] [Info] 1.775929 seconds elapsed, finished iteration 30
[LightGBM] [Debug] Trained a tree with leaves = 255 and depth = 17
[LightGBM] [Info] Iteration:31, valid_1 rmse : 9.22829
[LightGBM] [Info] 1.825180 seconds elapsed, finished iteration 31
[LightGBM] [Debug] Trained a tree with leaves = 255 and depth = 23
[LightGBM] [Info] Iteration:32, valid_1 rmse : 9.22166
[LightGBM] [Info] 1.869552 seconds elapsed, finished iteration 32
[LightGBM] [Debug] Trained a tree with leaves = 255 and depth = 24
[LightGBM] [Info] Iteration:33, valid_1 rmse : 9.2136
[LightGBM] [Info] 1.914173 seconds elapsed, finished iteration 33
[LightGBM] [Debug] Trained a tree with leaves = 255 and depth = 22
[LightGBM] [Info] Iteration:34, valid_1 rmse : 9.20523
[LightGBM] [Info] 1.967763 seconds elapsed, finished iteration 34
[LightGBM] [Debug] Trained a tree with leaves = 255 and depth = 20
[LightGBM] [Info] Iteration:35, valid_1 rmse : 9.2007
[LightGBM] [Info] 2.030925 seconds elapsed, finished iteration 35
[LightGBM] [Debug] Trained a tree with leaves = 255 and depth = 20
[LightGBM] [Info] Iteration:36, valid_1 rmse : 9.1934
[LightGBM] [Info] 2.090556 seconds elapsed, finished iteration 36
[LightGBM] [Debug] Trained a tree with leaves = 255 and depth = 20
[LightGBM] [Info] Iteration:37, valid_1 rmse : 9.18688
[LightGBM] [Info] 2.149781 seconds elapsed, finished iteration 37
[LightGBM] [Debug] Trained a tree with leaves = 255 and depth = 27
[LightGBM] [Info] Iteration:38, valid_1 rmse : 9.18135
[LightGBM] [Info] 2.219821 seconds elapsed, finished iteration 38
[LightGBM] [Debug] Trained a tree with leaves = 255 and depth = 23
[LightGBM] [Info] Iteration:39, valid_1 rmse : 9.17444
[LightGBM] [Info] 2.262176 seconds elapsed, finished iteration 39
[LightGBM] [Debug] Trained a tree with leaves = 255 and depth = 20
[LightGBM] [Info] Iteration:40, valid_1 rmse : 9.1697
[LightGBM] [Info] 2.309116 seconds elapsed, finished iteration 40
[LightGBM] [Debug] Trained a tree with leaves = 255 and depth = 20
[LightGBM] [Info] Iteration:41, valid_1 rmse : 9.16405
[LightGBM] [Info] 2.354192 seconds elapsed, finished iteration 41
[LightGBM] [Debug] Trained a tree with leaves = 255 and depth = 21
[LightGBM] [Info] Iteration:42, valid_1 rmse : 9.1591
[LightGBM] [Info] 2.398095 seconds elapsed, finished iteration 42
[LightGBM] [Debug] Trained a tree with leaves = 255 and depth = 19
[LightGBM] [Info] Iteration:43, valid_1 rmse : 9.15436
[LightGBM] [Info] 2.457468 seconds elapsed, finished iteration 43
[LightGBM] [Debug] Trained a tree with leaves = 255 and depth = 24
[LightGBM] [Info] Iteration:44, valid_1 rmse : 9.14948
[LightGBM] [Info] 2.511208 seconds elapsed, finished iteration 44
[LightGBM] [Debug] Trained a tree with leaves = 255 and depth = 18
[LightGBM] [Info] Iteration:45, valid_1 rmse : 9.14517
[LightGBM] [Info] 2.557462 seconds elapsed, finished iteration 45
[LightGBM] [Debug] Trained a tree with leaves = 255 and depth = 22
[LightGBM] [Info] Iteration:46, valid_1 rmse : 9.14004
[LightGBM] [Info] 2.600180 seconds elapsed, finished iteration 46
[LightGBM] [Debug] Trained a tree with leaves = 255 and depth = 22
[LightGBM] [Info] Iteration:47, valid_1 rmse : 9.13615
[LightGBM] [Info] 2.644016 seconds elapsed, finished iteration 47
[LightGBM] [Debug] Trained a tree with leaves = 255 and depth = 20
[LightGBM] [Info] Iteration:48, valid_1 rmse : 9.13293
[LightGBM] [Info] 2.685347 seconds elapsed, finished iteration 48
[LightGBM] [Debug] Trained a tree with leaves = 255 and depth = 18
[LightGBM] [Info] Iteration:49, valid_1 rmse : 9.12886
[LightGBM] [Info] 2.727985 seconds elapsed, finished iteration 49
[LightGBM] [Debug] Trained a tree with leaves = 255 and depth = 18
[LightGBM] [Info] Iteration:50, valid_1 rmse : 9.12449
[LightGBM] [Info] 2.777591 seconds elapsed, finished iteration 50
[LightGBM] [Debug] Trained a tree with leaves = 255 and depth = 18
[LightGBM] [Info] Iteration:51, valid_1 rmse : 9.12061
[LightGBM] [Info] 2.827078 seconds elapsed, finished iteration 51
[LightGBM] [Debug] Trained a tree with leaves = 255 and depth = 19
[LightGBM] [Info] Iteration:52, valid_1 rmse : 9.11818
[LightGBM] [Info] 2.875518 seconds elapsed, finished iteration 52
[LightGBM] [Debug] Trained a tree with leaves = 255 and depth = 20
[LightGBM] [Info] Iteration:53, valid_1 rmse : 9.11516
[LightGBM] [Info] 2.919326 seconds elapsed, finished iteration 53
[LightGBM] [Debug] Trained a tree with leaves = 255 and depth = 17
[LightGBM] [Info] Iteration:54, valid_1 rmse : 9.11188
[LightGBM] [Info] 2.965203 seconds elapsed, finished iteration 54
[LightGBM] [Debug] Trained a tree with leaves = 255 and depth = 21
[LightGBM] [Info] Iteration:55, valid_1 rmse : 9.10906
[LightGBM] [Info] 3.016378 seconds elapsed, finished iteration 55
[LightGBM] [Debug] Trained a tree with leaves = 255 and depth = 22
[LightGBM] [Info] Iteration:56, valid_1 rmse : 9.10464
[LightGBM] [Info] 3.074497 seconds elapsed, finished iteration 56
[LightGBM] [Debug] Trained a tree with leaves = 255 and depth = 18
[LightGBM] [Info] Iteration:57, valid_1 rmse : 9.10122
[LightGBM] [Info] 3.130750 seconds elapsed, finished iteration 57
[LightGBM] [Debug] Trained a tree with leaves = 255 and depth = 19
[LightGBM] [Info] Iteration:58, valid_1 rmse : 9.09822
[LightGBM] [Info] 3.188063 seconds elapsed, finished iteration 58
[LightGBM] [Debug] Trained a tree with leaves = 255 and depth = 22
[LightGBM] [Info] Iteration:59, valid_1 rmse : 9.09492
[LightGBM] [Info] 3.243058 seconds elapsed, finished iteration 59
[LightGBM] [Debug] Trained a tree with leaves = 255 and depth = 18
[LightGBM] [Info] Iteration:60, valid_1 rmse : 9.09418
[LightGBM] [Info] 3.348405 seconds elapsed, finished iteration 60
[LightGBM] [Debug] Trained a tree with leaves = 255 and depth = 24
[LightGBM] [Info] Iteration:61, valid_1 rmse : 9.09167
[LightGBM] [Info] 3.405015 seconds elapsed, finished iteration 61
[LightGBM] [Debug] Trained a tree with leaves = 255 and depth = 19
[LightGBM] [Info] Iteration:62, valid_1 rmse : 9.0896
[LightGBM] [Info] 3.461578 seconds elapsed, finished iteration 62
[LightGBM] [Debug] Trained a tree with leaves = 255 and depth = 22
[LightGBM] [Info] Iteration:63, valid_1 rmse : 9.08736
[LightGBM] [Info] 3.529103 seconds elapsed, finished iteration 63
[LightGBM] [Debug] Trained a tree with leaves = 255 and depth = 19
[LightGBM] [Info] Iteration:64, valid_1 rmse : 9.085
[LightGBM] [Info] 3.582851 seconds elapsed, finished iteration 64
[LightGBM] [Debug] Trained a tree with leaves = 255 and depth = 25
[LightGBM] [Info] Iteration:65, valid_1 rmse : 9.08355
[LightGBM] [Info] 3.653284 seconds elapsed, finished iteration 65
[LightGBM] [Debug] Trained a tree with leaves = 255 and depth = 21
[LightGBM] [Info] Iteration:66, valid_1 rmse : 9.08136
[LightGBM] [Info] 3.721543 seconds elapsed, finished iteration 66
[LightGBM] [Debug] Trained a tree with leaves = 255 and depth = 21
[LightGBM] [Info] Iteration:67, valid_1 rmse : 9.07953
[LightGBM] [Info] 3.784515 seconds elapsed, finished iteration 67
[LightGBM] [Debug] Trained a tree with leaves = 255 and depth = 20
[LightGBM] [Info] Iteration:68, valid_1 rmse : 9.07644
[LightGBM] [Info] 3.852276 seconds elapsed, finished iteration 68
[LightGBM] [Debug] Trained a tree with leaves = 255 and depth = 20
[LightGBM] [Info] Iteration:69, valid_1 rmse : 9.07367
[LightGBM] [Info] 3.894783 seconds elapsed, finished iteration 69
[LightGBM] [Debug] Trained a tree with leaves = 255 and depth = 18
[LightGBM] [Info] Iteration:70, valid_1 rmse : 9.071
[LightGBM] [Info] 3.937034 seconds elapsed, finished iteration 70
[LightGBM] [Debug] Trained a tree with leaves = 255 and depth = 24
[LightGBM] [Info] Iteration:71, valid_1 rmse : 9.06895
[LightGBM] [Info] 3.980612 seconds elapsed, finished iteration 71
[LightGBM] [Debug] Trained a tree with leaves = 255 and depth = 21
[LightGBM] [Info] Iteration:72, valid_1 rmse : 9.06718
[LightGBM] [Info] 4.022628 seconds elapsed, finished iteration 72
[LightGBM] [Debug] Trained a tree with leaves = 255 and depth = 19
[LightGBM] [Info] Iteration:73, valid_1 rmse : 9.06608
[LightGBM] [Info] 4.076681 seconds elapsed, finished iteration 73
[LightGBM] [Debug] Trained a tree with leaves = 255 and depth = 18
[LightGBM] [Info] Iteration:74, valid_1 rmse : 9.06407
[LightGBM] [Info] 4.116666 seconds elapsed, finished iteration 74
[LightGBM] [Debug] Trained a tree with leaves = 255 and depth = 27
[LightGBM] [Info] Iteration:75, valid_1 rmse : 9.06313
[LightGBM] [Info] 4.156448 seconds elapsed, finished iteration 75
[LightGBM] [Debug] Trained a tree with leaves = 255 and depth = 26
[LightGBM] [Info] Iteration:76, valid_1 rmse : 9.06148
[LightGBM] [Info] 4.200859 seconds elapsed, finished iteration 76
[LightGBM] [Debug] Trained a tree with leaves = 255 and depth = 22
[LightGBM] [Info] Iteration:77, valid_1 rmse : 9.05932
[LightGBM] [Info] 4.246812 seconds elapsed, finished iteration 77
[LightGBM] [Debug] Trained a tree with leaves = 255 and depth = 18
[LightGBM] [Info] Iteration:78, valid_1 rmse : 9.05755
[LightGBM] [Info] 4.298624 seconds elapsed, finished iteration 78
[LightGBM] [Debug] Trained a tree with leaves = 255 and depth = 20
[LightGBM] [Info] Iteration:79, valid_1 rmse : 9.05663
[LightGBM] [Info] 4.344040 seconds elapsed, finished iteration 79
[LightGBM] [Debug] Trained a tree with leaves = 255 and depth = 27
[LightGBM] [Info] Iteration:80, valid_1 rmse : 9.05432
[LightGBM] [Info] 4.396957 seconds elapsed, finished iteration 80
[LightGBM] [Debug] Trained a tree with leaves = 255 and depth = 19
[LightGBM] [Info] Iteration:81, valid_1 rmse : 9.05287
[LightGBM] [Info] 4.435240 seconds elapsed, finished iteration 81
[LightGBM] [Debug] Trained a tree with leaves = 255 and depth = 24
[LightGBM] [Info] Iteration:82, valid_1 rmse : 9.05161
[LightGBM] [Info] 4.474510 seconds elapsed, finished iteration 82
[LightGBM] [Debug] Trained a tree with leaves = 255 and depth = 19
[LightGBM] [Info] Iteration:83, valid_1 rmse : 9.04884
[LightGBM] [Info] 4.520207 seconds elapsed, finished iteration 83
[LightGBM] [Debug] Trained a tree with leaves = 255 and depth = 18
[LightGBM] [Info] Iteration:84, valid_1 rmse : 9.04819
[LightGBM] [Info] 4.557811 seconds elapsed, finished iteration 84
[LightGBM] [Debug] Trained a tree with leaves = 255 and depth = 22
[LightGBM] [Info] Iteration:85, valid_1 rmse : 9.04759
[LightGBM] [Info] 4.595863 seconds elapsed, finished iteration 85
[LightGBM] [Debug] Trained a tree with leaves = 255 and depth = 20
[LightGBM] [Info] Iteration:86, valid_1 rmse : 9.04577
[LightGBM] [Info] 4.635077 seconds elapsed, finished iteration 86
[LightGBM] [Debug] Trained a tree with leaves = 255 and depth = 19
[LightGBM] [Info] Iteration:87, valid_1 rmse : 9.04517
[LightGBM] [Info] 4.674192 seconds elapsed, finished iteration 87
[LightGBM] [Debug] Trained a tree with leaves = 255 and depth = 26
[LightGBM] [Info] Iteration:88, valid_1 rmse : 9.04257
[LightGBM] [Info] 4.718884 seconds elapsed, finished iteration 88
[LightGBM] [Debug] Trained a tree with leaves = 255 and depth = 24
[LightGBM] [Info] Iteration:89, valid_1 rmse : 9.04121
[LightGBM] [Info] 4.756525 seconds elapsed, finished iteration 89
[LightGBM] [Debug] Trained a tree with leaves = 255 and depth = 21
[LightGBM] [Info] Iteration:90, valid_1 rmse : 9.03985
[LightGBM] [Info] 4.796843 seconds elapsed, finished iteration 90
[LightGBM] [Debug] Trained a tree with leaves = 255 and depth = 21
[LightGBM] [Info] Iteration:91, valid_1 rmse : 9.03917
[LightGBM] [Info] 4.843581 seconds elapsed, finished iteration 91
[LightGBM] [Debug] Trained a tree with leaves = 255 and depth = 19
[LightGBM] [Info] Iteration:92, valid_1 rmse : 9.03776
[LightGBM] [Info] 4.888758 seconds elapsed, finished iteration 92
[LightGBM] [Debug] Trained a tree with leaves = 255 and depth = 21
[LightGBM] [Info] Iteration:93, valid_1 rmse : 9.03648
[LightGBM] [Info] 4.942732 seconds elapsed, finished iteration 93
[LightGBM] [Debug] Trained a tree with leaves = 255 and depth = 21
[LightGBM] [Info] Iteration:94, valid_1 rmse : 9.0345
[LightGBM] [Info] 4.994686 seconds elapsed, finished iteration 94
[LightGBM] [Debug] Trained a tree with leaves = 255 and depth = 21
[LightGBM] [Info] Iteration:95, valid_1 rmse : 9.03404
[LightGBM] [Info] 5.044956 seconds elapsed, finished iteration 95
[LightGBM] [Debug] Trained a tree with leaves = 255 and depth = 23
[LightGBM] [Info] Iteration:96, valid_1 rmse : 9.03232
[LightGBM] [Info] 5.104035 seconds elapsed, finished iteration 96
[LightGBM] [Debug] Trained a tree with leaves = 255 and depth = 19
[LightGBM] [Info] Iteration:97, valid_1 rmse : 9.03102
[LightGBM] [Info] 5.158855 seconds elapsed, finished iteration 97
[LightGBM] [Debug] Trained a tree with leaves = 255 and depth = 23
[LightGBM] [Info] Iteration:98, valid_1 rmse : 9.03076
[LightGBM] [Info] 5.211368 seconds elapsed, finished iteration 98
[LightGBM] [Debug] Trained a tree with leaves = 255 and depth = 21
[LightGBM] [Info] Iteration:99, valid_1 rmse : 9.02973
[LightGBM] [Info] 5.263821 seconds elapsed, finished iteration 99
[LightGBM] [Debug] Trained a tree with leaves = 255 and depth = 22
[LightGBM] [Info] Iteration:100, valid_1 rmse : 9.02963
[LightGBM] [Info] 5.305635 seconds elapsed, finished iteration 100
[LightGBM] [Debug] Trained a tree with leaves = 255 and depth = 19
[LightGBM] [Info] Iteration:101, valid_1 rmse : 9.02847
[LightGBM] [Info] 5.351750 seconds elapsed, finished iteration 101
[LightGBM] [Debug] Trained a tree with leaves = 255 and depth = 26
[LightGBM] [Info] Iteration:102, valid_1 rmse : 9.02719
[LightGBM] [Info] 5.399162 seconds elapsed, finished iteration 102
[LightGBM] [Debug] Trained a tree with leaves = 255 and depth = 23
[LightGBM] [Info] Iteration:103, valid_1 rmse : 9.02612
[LightGBM] [Info] 5.451104 seconds elapsed, finished iteration 103
[LightGBM] [Debug] Trained a tree with leaves = 255 and depth = 20
[LightGBM] [Info] Iteration:104, valid_1 rmse : 9.02591
[LightGBM] [Info] 5.509803 seconds elapsed, finished iteration 104
[LightGBM] [Debug] Trained a tree with leaves = 255 and depth = 21
[LightGBM] [Info] Iteration:105, valid_1 rmse : 9.02486
[LightGBM] [Info] 5.597599 seconds elapsed, finished iteration 105
[LightGBM] [Debug] Trained a tree with leaves = 255 and depth = 23
[LightGBM] [Info] Iteration:106, valid_1 rmse : 9.0238
[LightGBM] [Info] 5.655297 seconds elapsed, finished iteration 106
[LightGBM] [Debug] Trained a tree with leaves = 255 and depth = 21
[LightGBM] [Info] Iteration:107, valid_1 rmse : 9.0226
[LightGBM] [Info] 5.708151 seconds elapsed, finished iteration 107
[LightGBM] [Debug] Trained a tree with leaves = 255 and depth = 22
[LightGBM] [Info] Iteration:108, valid_1 rmse : 9.02127
[LightGBM] [Info] 5.763094 seconds elapsed, finished iteration 108
[LightGBM] [Debug] Trained a tree with leaves = 255 and depth = 25
[LightGBM] [Info] Iteration:109, valid_1 rmse : 9.0201
[LightGBM] [Info] 5.827501 seconds elapsed, finished iteration 109
[LightGBM] [Debug] Trained a tree with leaves = 255 and depth = 23
[LightGBM] [Info] Iteration:110, valid_1 rmse : 9.01878
[LightGBM] [Info] 5.891273 seconds elapsed, finished iteration 110
[LightGBM] [Debug] Trained a tree with leaves = 255 and depth = 30
[LightGBM] [Info] Iteration:111, valid_1 rmse : 9.01767
[LightGBM] [Info] 5.956625 seconds elapsed, finished iteration 111
[LightGBM] [Debug] Trained a tree with leaves = 255 and depth = 21
[LightGBM] [Info] Iteration:112, valid_1 rmse : 9.01716
[LightGBM] [Info] 6.014883 seconds elapsed, finished iteration 112
[LightGBM] [Debug] Trained a tree with leaves = 255 and depth = 21
[LightGBM] [Info] Iteration:113, valid_1 rmse : 9.01656
[LightGBM] [Info] 6.073580 seconds elapsed, finished iteration 113
[LightGBM] [Debug] Trained a tree with leaves = 255 and depth = 19
[LightGBM] [Info] Iteration:114, valid_1 rmse : 9.01585
[LightGBM] [Info] 6.137332 seconds elapsed, finished iteration 114
[LightGBM] [Debug] Trained a tree with leaves = 255 and depth = 23
[LightGBM] [Info] Iteration:115, valid_1 rmse : 9.01419
[LightGBM] [Info] 6.196591 seconds elapsed, finished iteration 115
[LightGBM] [Debug] Trained a tree with leaves = 255 and depth = 20
[LightGBM] [Info] Iteration:116, valid_1 rmse : 9.01367
[LightGBM] [Info] 6.244063 seconds elapsed, finished iteration 116
[LightGBM] [Debug] Trained a tree with leaves = 255 and depth = 27
[LightGBM] [Info] Iteration:117, valid_1 rmse : 9.01284
[LightGBM] [Info] 6.297474 seconds elapsed, finished iteration 117
[LightGBM] [Debug] Trained a tree with leaves = 255 and depth = 27
[LightGBM] [Info] Iteration:118, valid_1 rmse : 9.01213
[LightGBM] [Info] 6.355298 seconds elapsed, finished iteration 118
[LightGBM] [Debug] Trained a tree with leaves = 255 and depth = 20
[LightGBM] [Info] Iteration:119, valid_1 rmse : 9.01115
[LightGBM] [Info] 6.420179 seconds elapsed, finished iteration 119
[LightGBM] [Debug] Trained a tree with leaves = 255 and depth = 18
[LightGBM] [Info] Iteration:120, valid_1 rmse : 9.01064
[LightGBM] [Info] 6.484981 seconds elapsed, finished iteration 120
[LightGBM] [Debug] Trained a tree with leaves = 255 and depth = 25
[LightGBM] [Info] Iteration:121, valid_1 rmse : 9.01003
[LightGBM] [Info] 6.536915 seconds elapsed, finished iteration 121
[LightGBM] [Debug] Trained a tree with leaves = 255 and depth = 27
[LightGBM] [Info] Iteration:122, valid_1 rmse : 9.00968
[LightGBM] [Info] 6.587840 seconds elapsed, finished iteration 122
[LightGBM] [Debug] Trained a tree with leaves = 255 and depth = 22
[LightGBM] [Info] Iteration:123, valid_1 rmse : 9.00926
[LightGBM] [Info] 6.646106 seconds elapsed, finished iteration 123
[LightGBM] [Debug] Trained a tree with leaves = 255 and depth = 25
[LightGBM] [Info] Iteration:124, valid_1 rmse : 9.00905
[LightGBM] [Info] 6.697526 seconds elapsed, finished iteration 124
[LightGBM] [Debug] Trained a tree with leaves = 255 and depth = 23
[LightGBM] [Info] Iteration:125, valid_1 rmse : 9.00762
[LightGBM] [Info] 6.757188 seconds elapsed, finished iteration 125
[LightGBM] [Debug] Trained a tree with leaves = 255 and depth = 19
[LightGBM] [Info] Iteration:126, valid_1 rmse : 9.00697
[LightGBM] [Info] 6.809952 seconds elapsed, finished iteration 126
[LightGBM] [Debug] Trained a tree with leaves = 255 and depth = 23
[LightGBM] [Info] Iteration:127, valid_1 rmse : 9.00632
[LightGBM] [Info] 6.859644 seconds elapsed, finished iteration 127
[LightGBM] [Debug] Trained a tree with leaves = 255 and depth = 17
[LightGBM] [Info] Iteration:128, valid_1 rmse : 9.00555
[LightGBM] [Info] 6.913077 seconds elapsed, finished iteration 128
[LightGBM] [Debug] Trained a tree with leaves = 255 and depth = 21
[LightGBM] [Info] Iteration:129, valid_1 rmse : 9.00497
[LightGBM] [Info] 6.976050 seconds elapsed, finished iteration 129
[LightGBM] [Debug] Trained a tree with leaves = 255 and depth = 22
[LightGBM] [Info] Iteration:130, valid_1 rmse : 9.00394
[LightGBM] [Info] 7.029266 seconds elapsed, finished iteration 130
[LightGBM] [Debug] Trained a tree with leaves = 255 and depth = 24
[LightGBM] [Info] Iteration:131, valid_1 rmse : 9.00317
[LightGBM] [Info] 7.079945 seconds elapsed, finished iteration 131
[LightGBM] [Debug] Trained a tree with leaves = 255 and depth = 24
[LightGBM] [Info] Iteration:132, valid_1 rmse : 9.00239
[LightGBM] [Info] 7.133910 seconds elapsed, finished iteration 132
[LightGBM] [Debug] Trained a tree with leaves = 255 and depth = 20
[LightGBM] [Info] Iteration:133, valid_1 rmse : 9.00186
[LightGBM] [Info] 7.183199 seconds elapsed, finished iteration 133
[LightGBM] [Debug] Trained a tree with leaves = 255 and depth = 24
[LightGBM] [Info] Iteration:134, valid_1 rmse : 9.00122
[LightGBM] [Info] 7.226870 seconds elapsed, finished iteration 134
[LightGBM] [Debug] Trained a tree with leaves = 255 and depth = 20
[LightGBM] [Info] Iteration:135, valid_1 rmse : 9.00044
[LightGBM] [Info] 7.267417 seconds elapsed, finished iteration 135
[LightGBM] [Debug] Trained a tree with leaves = 255 and depth = 26
[LightGBM] [Info] Iteration:136, valid_1 rmse : 8.99977
[LightGBM] [Info] 7.316116 seconds elapsed, finished iteration 136
[LightGBM] [Debug] Trained a tree with leaves = 255 and depth = 21
[LightGBM] [Info] Iteration:137, valid_1 rmse : 8.99862
[LightGBM] [Info] 7.354963 seconds elapsed, finished iteration 137
[LightGBM] [Debug] Trained a tree with leaves = 255 and depth = 17
[LightGBM] [Info] Iteration:138, valid_1 rmse : 8.9981
[LightGBM] [Info] 7.400066 seconds elapsed, finished iteration 138
[LightGBM] [Debug] Trained a tree with leaves = 255 and depth = 20
[LightGBM] [Info] Iteration:139, valid_1 rmse : 8.99741
[LightGBM] [Info] 7.438864 seconds elapsed, finished iteration 139
[LightGBM] [Debug] Trained a tree with leaves = 255 and depth = 20
[LightGBM] [Info] Iteration:140, valid_1 rmse : 8.9968
[LightGBM] [Info] 7.491717 seconds elapsed, finished iteration 140
[LightGBM] [Debug] Trained a tree with leaves = 255 and depth = 19
[LightGBM] [Info] Iteration:141, valid_1 rmse : 8.99603
[LightGBM] [Info] 7.534589 seconds elapsed, finished iteration 141
[LightGBM] [Debug] Trained a tree with leaves = 255 and depth = 23
[LightGBM] [Info] Iteration:142, valid_1 rmse : 8.99535
[LightGBM] [Info] 7.575675 seconds elapsed, finished iteration 142
[LightGBM] [Debug] Trained a tree with leaves = 255 and depth = 22
[LightGBM] [Info] Iteration:143, valid_1 rmse : 8.99457
[LightGBM] [Info] 7.616511 seconds elapsed, finished iteration 143
[LightGBM] [Debug] Trained a tree with leaves = 255 and depth = 22
[LightGBM] [Info] Iteration:144, valid_1 rmse : 8.99391
[LightGBM] [Info] 7.654221 seconds elapsed, finished iteration 144
[LightGBM] [Debug] Trained a tree with leaves = 255 and depth = 27
[LightGBM] [Info] Iteration:145, valid_1 rmse : 8.99372
[LightGBM] [Info] 7.695168 seconds elapsed, finished iteration 145
[LightGBM] [Debug] Trained a tree with leaves = 255 and depth = 24
[LightGBM] [Info] Iteration:146, valid_1 rmse : 8.99363
[LightGBM] [Info] 7.732677 seconds elapsed, finished iteration 146
[LightGBM] [Debug] Trained a tree with leaves = 255 and depth = 21
[LightGBM] [Info] Iteration:147, valid_1 rmse : 8.99339
[LightGBM] [Info] 7.779918 seconds elapsed, finished iteration 147
[LightGBM] [Debug] Trained a tree with leaves = 255 and depth = 26
[LightGBM] [Info] Iteration:148, valid_1 rmse : 8.99283
[LightGBM] [Info] 7.820391 seconds elapsed, finished iteration 148
[LightGBM] [Debug] Trained a tree with leaves = 255 and depth = 26
[LightGBM] [Info] Iteration:149, valid_1 rmse : 8.99261
[LightGBM] [Info] 7.867815 seconds elapsed, finished iteration 149
[LightGBM] [Debug] Trained a tree with leaves = 255 and depth = 24
[LightGBM] [Info] Iteration:150, valid_1 rmse : 8.99212
[LightGBM] [Info] 7.927348 seconds elapsed, finished iteration 150
[LightGBM] [Debug] Trained a tree with leaves = 255 and depth = 24
[LightGBM] [Info] Iteration:151, valid_1 rmse : 8.99167
[LightGBM] [Info] 7.967513 seconds elapsed, finished iteration 151
[LightGBM] [Debug] Trained a tree with leaves = 255 and depth = 23
[LightGBM] [Info] Iteration:152, valid_1 rmse : 8.99152
[LightGBM] [Info] 8.012724 seconds elapsed, finished iteration 152
[LightGBM] [Debug] Trained a tree with leaves = 255 and depth = 19
[LightGBM] [Info] Iteration:153, valid_1 rmse : 8.99094
[LightGBM] [Info] 8.056717 seconds elapsed, finished iteration 153
[LightGBM] [Debug] Trained a tree with leaves = 255 and depth = 18
[LightGBM] [Info] Iteration:154, valid_1 rmse : 8.98982
[LightGBM] [Info] 8.097731 seconds elapsed, finished iteration 154
[LightGBM] [Debug] Trained a tree with leaves = 255 and depth = 21
[LightGBM] [Info] Iteration:155, valid_1 rmse : 8.98874
[LightGBM] [Info] 8.151581 seconds elapsed, finished iteration 155
[LightGBM] [Debug] Trained a tree with leaves = 255 and depth = 19
[LightGBM] [Info] Iteration:156, valid_1 rmse : 8.98877
[LightGBM] [Info] 8.199930 seconds elapsed, finished iteration 156
[LightGBM] [Debug] Trained a tree with leaves = 255 and depth = 23
[LightGBM] [Info] Iteration:157, valid_1 rmse : 8.98762
[LightGBM] [Info] 8.240487 seconds elapsed, finished iteration 157
[LightGBM] [Debug] Trained a tree with leaves = 255 and depth = 24
[LightGBM] [Info] Iteration:158, valid_1 rmse : 8.987
[LightGBM] [Info] 8.276811 seconds elapsed, finished iteration 158
[LightGBM] [Debug] Trained a tree with leaves = 255 and depth = 20
[LightGBM] [Info] Iteration:159, valid_1 rmse : 8.98608
[LightGBM] [Info] 8.318586 seconds elapsed, finished iteration 159
[LightGBM] [Debug] Trained a tree with leaves = 255 and depth = 32
[LightGBM] [Info] Iteration:160, valid_1 rmse : 8.98458
[LightGBM] [Info] 8.361651 seconds elapsed, finished iteration 160
[LightGBM] [Debug] Trained a tree with leaves = 255 and depth = 25
[LightGBM] [Info] Iteration:161, valid_1 rmse : 8.98388
[LightGBM] [Info] 8.404762 seconds elapsed, finished iteration 161
[LightGBM] [Debug] Trained a tree with leaves = 255 and depth = 21
[LightGBM] [Info] Iteration:162, valid_1 rmse : 8.9836
[LightGBM] [Info] 8.451205 seconds elapsed, finished iteration 162
[LightGBM] [Debug] Trained a tree with leaves = 255 and depth = 25
[LightGBM] [Info] Iteration:163, valid_1 rmse : 8.9833
[LightGBM] [Info] 8.506155 seconds elapsed, finished iteration 163
[LightGBM] [Debug] Trained a tree with leaves = 255 and depth = 19
[LightGBM] [Info] Iteration:164, valid_1 rmse : 8.98271
[LightGBM] [Info] 8.547486 seconds elapsed, finished iteration 164
[LightGBM] [Debug] Trained a tree with leaves = 255 and depth = 17
[LightGBM] [Info] Iteration:165, valid_1 rmse : 8.98231
[LightGBM] [Info] 8.604997 seconds elapsed, finished iteration 165
[LightGBM] [Debug] Trained a tree with leaves = 255 and depth = 23
[LightGBM] [Info] Iteration:166, valid_1 rmse : 8.98175
[LightGBM] [Info] 8.656410 seconds elapsed, finished iteration 166
[LightGBM] [Debug] Trained a tree with leaves = 255 and depth = 23
[LightGBM] [Info] Iteration:167, valid_1 rmse : 8.98179
[LightGBM] [Info] 8.707008 seconds elapsed, finished iteration 167
[LightGBM] [Debug] Trained a tree with leaves = 255 and depth = 24
[LightGBM] [Info] Iteration:168, valid_1 rmse : 8.98123
[LightGBM] [Info] 8.756355 seconds elapsed, finished iteration 168
[LightGBM] [Debug] Trained a tree with leaves = 255 and depth = 20
[LightGBM] [Info] Iteration:169, valid_1 rmse : 8.98159
[LightGBM] [Info] 8.806322 seconds elapsed, finished iteration 169
[LightGBM] [Debug] Trained a tree with leaves = 255 and depth = 24
[LightGBM] [Info] Iteration:170, valid_1 rmse : 8.98099
[LightGBM] [Info] 8.854634 seconds elapsed, finished iteration 170
[LightGBM] [Debug] Trained a tree with leaves = 255 and depth = 22
[LightGBM] [Info] Iteration:171, valid_1 rmse : 8.97994
[LightGBM] [Info] 8.906499 seconds elapsed, finished iteration 171
[LightGBM] [Debug] Trained a tree with leaves = 255 and depth = 32
[LightGBM] [Info] Iteration:172, valid_1 rmse : 8.97911
[LightGBM] [Info] 8.956797 seconds elapsed, finished iteration 172
[LightGBM] [Debug] Trained a tree with leaves = 255 and depth = 23
[LightGBM] [Info] Iteration:173, valid_1 rmse : 8.97877
[LightGBM] [Info] 9.013643 seconds elapsed, finished iteration 173
[LightGBM] [Debug] Trained a tree with leaves = 255 and depth = 25
[LightGBM] [Info] Iteration:174, valid_1 rmse : 8.97798
[LightGBM] [Info] 9.050280 seconds elapsed, finished iteration 174
[LightGBM] [Debug] Trained a tree with leaves = 255 and depth = 21
[LightGBM] [Info] Iteration:175, valid_1 rmse : 8.97694
[LightGBM] [Info] 9.088419 seconds elapsed, finished iteration 175
[LightGBM] [Debug] Trained a tree with leaves = 255 and depth = 21
[LightGBM] [Info] Iteration:176, valid_1 rmse : 8.97771
[LightGBM] [Info] 9.126856 seconds elapsed, finished iteration 176
[LightGBM] [Debug] Trained a tree with leaves = 255 and depth = 23
[LightGBM] [Info] Iteration:177, valid_1 rmse : 8.97773
[LightGBM] [Info] 9.162307 seconds elapsed, finished iteration 177
[LightGBM] [Debug] Trained a tree with leaves = 255 and depth = 23
[LightGBM] [Info] Iteration:178, valid_1 rmse : 8.97691
[LightGBM] [Info] 9.205687 seconds elapsed, finished iteration 178
[LightGBM] [Debug] Trained a tree with leaves = 255 and depth = 23
[LightGBM] [Info] Iteration:179, valid_1 rmse : 8.97718
[LightGBM] [Info] 9.254340 seconds elapsed, finished iteration 179
[LightGBM] [Debug] Trained a tree with leaves = 255 and depth = 21
[LightGBM] [Info] Iteration:180, valid_1 rmse : 8.97723
[LightGBM] [Info] 9.300453 seconds elapsed, finished iteration 180
[LightGBM] [Debug] Trained a tree with leaves = 255 and depth = 21
[LightGBM] [Info] Iteration:181, valid_1 rmse : 8.97711
[LightGBM] [Info] 9.346813 seconds elapsed, finished iteration 181
[LightGBM] [Debug] Trained a tree with leaves = 255 and depth = 24
[LightGBM] [Info] Iteration:182, valid_1 rmse : 8.97681
[LightGBM] [Info] 9.385959 seconds elapsed, finished iteration 182
[LightGBM] [Debug] Trained a tree with leaves = 255 and depth = 24
[LightGBM] [Info] Iteration:183, valid_1 rmse : 8.97677
[LightGBM] [Info] 9.445647 seconds elapsed, finished iteration 183
[LightGBM] [Debug] Trained a tree with leaves = 255 and depth = 22
[LightGBM] [Info] Iteration:184, valid_1 rmse : 8.97652
[LightGBM] [Info] 9.487479 seconds elapsed, finished iteration 184
[LightGBM] [Debug] Trained a tree with leaves = 255 and depth = 17
[LightGBM] [Info] Iteration:185, valid_1 rmse : 8.97645
[LightGBM] [Info] 9.538224 seconds elapsed, finished iteration 185
[LightGBM] [Debug] Trained a tree with leaves = 255 and depth = 27
[LightGBM] [Info] Iteration:186, valid_1 rmse : 8.9759
[LightGBM] [Info] 9.576838 seconds elapsed, finished iteration 186
[LightGBM] [Debug] Trained a tree with leaves = 255 and depth = 23
[LightGBM] [Info] Iteration:187, valid_1 rmse : 8.9756
[LightGBM] [Info] 9.616104 seconds elapsed, finished iteration 187
[LightGBM] [Debug] Trained a tree with leaves = 255 and depth = 22
[LightGBM] [Info] Iteration:188, valid_1 rmse : 8.97556
[LightGBM] [Info] 9.655768 seconds elapsed, finished iteration 188
[LightGBM] [Debug] Trained a tree with leaves = 255 and depth = 19
[LightGBM] [Info] Iteration:189, valid_1 rmse : 8.97547
[LightGBM] [Info] 9.693981 seconds elapsed, finished iteration 189
[LightGBM] [Debug] Trained a tree with leaves = 255 and depth = 21
[LightGBM] [Info] Iteration:190, valid_1 rmse : 8.97521
[LightGBM] [Info] 9.735783 seconds elapsed, finished iteration 190
[LightGBM] [Debug] Trained a tree with leaves = 255 and depth = 24
[LightGBM] [Info] Iteration:191, valid_1 rmse : 8.97493
[LightGBM] [Info] 9.775119 seconds elapsed, finished iteration 191
[LightGBM] [Debug] Trained a tree with leaves = 255 and depth = 21
[LightGBM] [Info] Iteration:192, valid_1 rmse : 8.97532
[LightGBM] [Info] 9.816918 seconds elapsed, finished iteration 192
[LightGBM] [Debug] Trained a tree with leaves = 255 and depth = 20
[LightGBM] [Info] Iteration:193, valid_1 rmse : 8.97561
[LightGBM] [Info] 9.863037 seconds elapsed, finished iteration 193
[LightGBM] [Debug] Trained a tree with leaves = 255 and depth = 19
[LightGBM] [Info] Iteration:194, valid_1 rmse : 8.97492
[LightGBM] [Info] 9.903497 seconds elapsed, finished iteration 194
[LightGBM] [Debug] Trained a tree with leaves = 255 and depth = 22
[LightGBM] [Info] Iteration:195, valid_1 rmse : 8.97464
[LightGBM] [Info] 9.948589 seconds elapsed, finished iteration 195
[LightGBM] [Debug] Trained a tree with leaves = 255 and depth = 21
[LightGBM] [Info] Iteration:196, valid_1 rmse : 8.97443
[LightGBM] [Info] 9.987671 seconds elapsed, finished iteration 196
[LightGBM] [Debug] Trained a tree with leaves = 255 and depth = 28
[LightGBM] [Info] Iteration:197, valid_1 rmse : 8.97337
[LightGBM] [Info] 10.024996 seconds elapsed, finished iteration 197
[LightGBM] [Debug] Trained a tree with leaves = 255 and depth = 21
[LightGBM] [Info] Iteration:198, valid_1 rmse : 8.9725
[LightGBM] [Info] 10.063852 seconds elapsed, finished iteration 198
[LightGBM] [Debug] Trained a tree with leaves = 255 and depth = 25
[LightGBM] [Info] Iteration:199, valid_1 rmse : 8.97189
[LightGBM] [Info] 10.123485 seconds elapsed, finished iteration 199
[LightGBM] [Debug] Trained a tree with leaves = 255 and depth = 20
[LightGBM] [Info] Iteration:200, valid_1 rmse : 8.97154
[LightGBM] [Info] 10.168666 seconds elapsed, finished iteration 200
[LightGBM] [Debug] Trained a tree with leaves = 255 and depth = 19
[LightGBM] [Info] Iteration:201, valid_1 rmse : 8.97103
[LightGBM] [Info] 10.225138 seconds elapsed, finished iteration 201
[LightGBM] [Debug] Trained a tree with leaves = 255 and depth = 26
[LightGBM] [Info] Iteration:202, valid_1 rmse : 8.97137
[LightGBM] [Info] 10.260945 seconds elapsed, finished iteration 202
[LightGBM] [Debug] Trained a tree with leaves = 255 and depth = 21
[LightGBM] [Info] Iteration:203, valid_1 rmse : 8.97112
[LightGBM] [Info] 10.299916 seconds elapsed, finished iteration 203
[LightGBM] [Debug] Trained a tree with leaves = 255 and depth = 20
[LightGBM] [Info] Iteration:204, valid_1 rmse : 8.97062
[LightGBM] [Info] 10.343657 seconds elapsed, finished iteration 204
[LightGBM] [Debug] Trained a tree with leaves = 255 and depth = 25
[LightGBM] [Info] Iteration:205, valid_1 rmse : 8.97031
[LightGBM] [Info] 10.395488 seconds elapsed, finished iteration 205
[LightGBM] [Debug] Trained a tree with leaves = 255 and depth = 20
[LightGBM] [Info] Iteration:206, valid_1 rmse : 8.97047
[LightGBM] [Info] 10.440044 seconds elapsed, finished iteration 206
[LightGBM] [Debug] Trained a tree with leaves = 255 and depth = 21
[LightGBM] [Info] Iteration:207, valid_1 rmse : 8.97038
[LightGBM] [Info] 10.480318 seconds elapsed, finished iteration 207
[LightGBM] [Debug] Trained a tree with leaves = 255 and depth = 25
[LightGBM] [Info] Iteration:208, valid_1 rmse : 8.97035
[LightGBM] [Info] 10.524513 seconds elapsed, finished iteration 208
[LightGBM] [Debug] Trained a tree with leaves = 255 and depth = 22
[LightGBM] [Info] Iteration:209, valid_1 rmse : 8.9701
[LightGBM] [Info] 10.571478 seconds elapsed, finished iteration 209
[LightGBM] [Debug] Trained a tree with leaves = 255 and depth = 21
[LightGBM] [Info] Iteration:210, valid_1 rmse : 8.96995
[LightGBM] [Info] 10.612860 seconds elapsed, finished iteration 210
[LightGBM] [Debug] Trained a tree with leaves = 255 and depth = 21
[LightGBM] [Info] Iteration:211, valid_1 rmse : 8.96951
[LightGBM] [Info] 10.654289 seconds elapsed, finished iteration 211
[LightGBM] [Debug] Trained a tree with leaves = 255 and depth = 19
[LightGBM] [Info] Iteration:212, valid_1 rmse : 8.96939
[LightGBM] [Info] 10.690067 seconds elapsed, finished iteration 212
[LightGBM] [Debug] Trained a tree with leaves = 255 and depth = 20
[LightGBM] [Info] Iteration:213, valid_1 rmse : 8.96883
[LightGBM] [Info] 10.730399 seconds elapsed, finished iteration 213
[LightGBM] [Debug] Trained a tree with leaves = 255 and depth = 19
[LightGBM] [Info] Iteration:214, valid_1 rmse : 8.96884
[LightGBM] [Info] 10.766069 seconds elapsed, finished iteration 214
[LightGBM] [Debug] Trained a tree with leaves = 255 and depth = 21
[LightGBM] [Info] Iteration:215, valid_1 rmse : 8.96808
[LightGBM] [Info] 10.802690 seconds elapsed, finished iteration 215
[LightGBM] [Debug] Trained a tree with leaves = 255 and depth = 34
[LightGBM] [Info] Iteration:216, valid_1 rmse : 8.96815
[LightGBM] [Info] 10.880731 seconds elapsed, finished iteration 216
[LightGBM] [Debug] Trained a tree with leaves = 255 and depth = 16
[LightGBM] [Info] Iteration:217, valid_1 rmse : 8.96653
[LightGBM] [Info] 10.911122 seconds elapsed, finished iteration 217
[LightGBM] [Debug] Trained a tree with leaves = 255 and depth = 23
[LightGBM] [Info] Iteration:218, valid_1 rmse : 8.96681
[LightGBM] [Info] 10.946301 seconds elapsed, finished iteration 218
[LightGBM] [Debug] Trained a tree with leaves = 255 and depth = 20
[LightGBM] [Info] Iteration:219, valid_1 rmse : 8.96678
[LightGBM] [Info] 10.983580 seconds elapsed, finished iteration 219
[LightGBM] [Debug] Trained a tree with leaves = 255 and depth = 21
[LightGBM] [Info] Iteration:220, valid_1 rmse : 8.96639
[LightGBM] [Info] 11.026678 seconds elapsed, finished iteration 220
[LightGBM] [Debug] Trained a tree with leaves = 255 and depth = 27
[LightGBM] [Info] Iteration:221, valid_1 rmse : 8.96635
[LightGBM] [Info] 11.060532 seconds elapsed, finished iteration 221
[LightGBM] [Debug] Trained a tree with leaves = 255 and depth = 21
[LightGBM] [Info] Iteration:222, valid_1 rmse : 8.96638
[LightGBM] [Info] 11.098914 seconds elapsed, finished iteration 222
[LightGBM] [Debug] Trained a tree with leaves = 255 and depth = 22
[LightGBM] [Info] Iteration:223, valid_1 rmse : 8.9657
[LightGBM] [Info] 11.137997 seconds elapsed, finished iteration 223
[LightGBM] [Debug] Trained a tree with leaves = 255 and depth = 22
[LightGBM] [Info] Iteration:224, valid_1 rmse : 8.96582
[LightGBM] [Info] 11.180224 seconds elapsed, finished iteration 224
[LightGBM] [Debug] Trained a tree with leaves = 255 and depth = 28
[LightGBM] [Info] Iteration:225, valid_1 rmse : 8.96576
[LightGBM] [Info] 11.217478 seconds elapsed, finished iteration 225
[LightGBM] [Debug] Trained a tree with leaves = 255 and depth = 24
[LightGBM] [Info] Iteration:226, valid_1 rmse : 8.96561
[LightGBM] [Info] 11.262108 seconds elapsed, finished iteration 226
[LightGBM] [Debug] Trained a tree with leaves = 255 and depth = 22
[LightGBM] [Info] Iteration:227, valid_1 rmse : 8.96542
[LightGBM] [Info] 11.297950 seconds elapsed, finished iteration 227
[LightGBM] [Debug] Trained a tree with leaves = 255 and depth = 22
[LightGBM] [Info] Iteration:228, valid_1 rmse : 8.96536
[LightGBM] [Info] 11.341874 seconds elapsed, finished iteration 228
[LightGBM] [Debug] Trained a tree with leaves = 255 and depth = 19
[LightGBM] [Info] Iteration:229, valid_1 rmse : 8.96492
[LightGBM] [Info] 11.382915 seconds elapsed, finished iteration 229
[LightGBM] [Debug] Trained a tree with leaves = 255 and depth = 22
[LightGBM] [Info] Iteration:230, valid_1 rmse : 8.96501
[LightGBM] [Info] 11.431269 seconds elapsed, finished iteration 230
[LightGBM] [Debug] Trained a tree with leaves = 255 and depth = 30
[LightGBM] [Info] Iteration:231, valid_1 rmse : 8.96457
[LightGBM] [Info] 11.471121 seconds elapsed, finished iteration 231
[LightGBM] [Debug] Trained a tree with leaves = 255 and depth = 22
[LightGBM] [Info] Iteration:232, valid_1 rmse : 8.96453
[LightGBM] [Info] 11.541798 seconds elapsed, finished iteration 232
[LightGBM] [Debug] Trained a tree with leaves = 255 and depth = 25
[LightGBM] [Info] Iteration:233, valid_1 rmse : 8.96436
[LightGBM] [Info] 11.586290 seconds elapsed, finished iteration 233
[LightGBM] [Debug] Trained a tree with leaves = 255 and depth = 19
[LightGBM] [Info] Iteration:234, valid_1 rmse : 8.96455
[LightGBM] [Info] 11.635951 seconds elapsed, finished iteration 234
[LightGBM] [Debug] Trained a tree with leaves = 255 and depth = 24
[LightGBM] [Info] Iteration:235, valid_1 rmse : 8.96458
[LightGBM] [Info] 11.683163 seconds elapsed, finished iteration 235
[LightGBM] [Debug] Trained a tree with leaves = 255 and depth = 23
[LightGBM] [Info] Iteration:236, valid_1 rmse : 8.9649
[LightGBM] [Info] 11.724771 seconds elapsed, finished iteration 236
[LightGBM] [Debug] Trained a tree with leaves = 255 and depth = 19
[LightGBM] [Info] Iteration:237, valid_1 rmse : 8.96423
[LightGBM] [Info] 11.761492 seconds elapsed, finished iteration 237
[LightGBM] [Debug] Trained a tree with leaves = 255 and depth = 28
[LightGBM] [Info] Iteration:238, valid_1 rmse : 8.96467
[LightGBM] [Info] 11.802800 seconds elapsed, finished iteration 238
[LightGBM] [Debug] Trained a tree with leaves = 255 and depth = 18
[LightGBM] [Info] Iteration:239, valid_1 rmse : 8.964
[LightGBM] [Info] 11.839128 seconds elapsed, finished iteration 239
[LightGBM] [Debug] Trained a tree with leaves = 255 and depth = 24
[LightGBM] [Info] Iteration:240, valid_1 rmse : 8.96369
[LightGBM] [Info] 11.874902 seconds elapsed, finished iteration 240
[LightGBM] [Debug] Trained a tree with leaves = 255 and depth = 24
[LightGBM] [Info] Iteration:241, valid_1 rmse : 8.9636
[LightGBM] [Info] 11.911378 seconds elapsed, finished iteration 241
[LightGBM] [Debug] Trained a tree with leaves = 255 and depth = 24
[LightGBM] [Info] Iteration:242, valid_1 rmse : 8.96362
[LightGBM] [Info] 11.953555 seconds elapsed, finished iteration 242
[LightGBM] [Debug] Trained a tree with leaves = 255 and depth = 20
[LightGBM] [Info] Iteration:243, valid_1 rmse : 8.96369
[LightGBM] [Info] 11.994664 seconds elapsed, finished iteration 243
[LightGBM] [Debug] Trained a tree with leaves = 255 and depth = 23
[LightGBM] [Info] Iteration:244, valid_1 rmse : 8.96442
[LightGBM] [Info] 12.032747 seconds elapsed, finished iteration 244
[LightGBM] [Debug] Trained a tree with leaves = 255 and depth = 21
[LightGBM] [Info] Iteration:245, valid_1 rmse : 8.9642
[LightGBM] [Info] 12.069898 seconds elapsed, finished iteration 245
[LightGBM] [Debug] Trained a tree with leaves = 255 and depth = 24
[LightGBM] [Info] Iteration:246, valid_1 rmse : 8.9639
[LightGBM] [Info] 12.114456 seconds elapsed, finished iteration 246
[LightGBM] [Debug] Trained a tree with leaves = 255 and depth = 19
[LightGBM] [Info] Iteration:247, valid_1 rmse : 8.96434
[LightGBM] [Info] 12.149120 seconds elapsed, finished iteration 247
[LightGBM] [Debug] Trained a tree with leaves = 255 and depth = 25
[LightGBM] [Info] Iteration:248, valid_1 rmse : 8.96406
[LightGBM] [Info] 12.190508 seconds elapsed, finished iteration 248
[LightGBM] [Debug] Trained a tree with leaves = 255 and depth = 30
[LightGBM] [Info] Iteration:249, valid_1 rmse : 8.96424
[LightGBM] [Info] 12.240335 seconds elapsed, finished iteration 249
[LightGBM] [Debug] Trained a tree with leaves = 255 and depth = 23
[LightGBM] [Info] Iteration:250, valid_1 rmse : 8.96401
[LightGBM] [Info] 12.304626 seconds elapsed, finished iteration 250
[LightGBM] [Debug] Trained a tree with leaves = 255 and depth = 28
[LightGBM] [Info] Iteration:251, valid_1 rmse : 8.96371
[LightGBM] [Info] 12.355062 seconds elapsed, finished iteration 251
[LightGBM] [Debug] Trained a tree with leaves = 255 and depth = 21
[LightGBM] [Info] Iteration:252, valid_1 rmse : 8.96284
[LightGBM] [Info] 12.402931 seconds elapsed, finished iteration 252
[LightGBM] [Debug] Trained a tree with leaves = 255 and depth = 22
[LightGBM] [Info] Iteration:253, valid_1 rmse : 8.96237
[LightGBM] [Info] 12.463691 seconds elapsed, finished iteration 253
[LightGBM] [Debug] Trained a tree with leaves = 255 and depth = 22
[LightGBM] [Info] Iteration:254, valid_1 rmse : 8.96186
[LightGBM] [Info] 12.520865 seconds elapsed, finished iteration 254
[LightGBM] [Debug] Trained a tree with leaves = 255 and depth = 27
[LightGBM] [Info] Iteration:255, valid_1 rmse : 8.96143
[LightGBM] [Info] 12.578783 seconds elapsed, finished iteration 255
[LightGBM] [Debug] Trained a tree with leaves = 255 and depth = 27
[LightGBM] [Info] Iteration:256, valid_1 rmse : 8.96112
[LightGBM] [Info] 12.630205 seconds elapsed, finished iteration 256
[LightGBM] [Debug] Trained a tree with leaves = 255 and depth = 24
[LightGBM] [Info] Iteration:257, valid_1 rmse : 8.96081
[LightGBM] [Info] 12.689636 seconds elapsed, finished iteration 257
[LightGBM] [Debug] Trained a tree with leaves = 255 and depth = 23
[LightGBM] [Info] Iteration:258, valid_1 rmse : 8.9606
[LightGBM] [Info] 12.739860 seconds elapsed, finished iteration 258
[LightGBM] [Debug] Trained a tree with leaves = 255 and depth = 19
[LightGBM] [Info] Iteration:259, valid_1 rmse : 8.96041
[LightGBM] [Info] 12.791035 seconds elapsed, finished iteration 259
[LightGBM] [Debug] Trained a tree with leaves = 255 and depth = 24
[LightGBM] [Info] Iteration:260, valid_1 rmse : 8.95978
[LightGBM] [Info] 12.844522 seconds elapsed, finished iteration 260
[LightGBM] [Debug] Trained a tree with leaves = 255 and depth = 20
[LightGBM] [Info] Iteration:261, valid_1 rmse : 8.95997
[LightGBM] [Info] 12.895355 seconds elapsed, finished iteration 261
[LightGBM] [Debug] Trained a tree with leaves = 255 and depth = 19
[LightGBM] [Info] Iteration:262, valid_1 rmse : 8.95944
[LightGBM] [Info] 12.945949 seconds elapsed, finished iteration 262
[LightGBM] [Debug] Trained a tree with leaves = 255 and depth = 17
[LightGBM] [Info] Iteration:263, valid_1 rmse : 8.95955
[LightGBM] [Info] 12.992771 seconds elapsed, finished iteration 263
[LightGBM] [Debug] Trained a tree with leaves = 255 and depth = 21
[LightGBM] [Info] Iteration:264, valid_1 rmse : 8.95886
[LightGBM] [Info] 13.038049 seconds elapsed, finished iteration 264
[LightGBM] [Debug] Trained a tree with leaves = 255 and depth = 22
[LightGBM] [Info] Iteration:265, valid_1 rmse : 8.95825
[LightGBM] [Info] 13.077022 seconds elapsed, finished iteration 265
[LightGBM] [Debug] Trained a tree with leaves = 255 and depth = 18
[LightGBM] [Info] Iteration:266, valid_1 rmse : 8.9584
[LightGBM] [Info] 13.114040 seconds elapsed, finished iteration 266
[LightGBM] [Debug] Trained a tree with leaves = 255 and depth = 20
[LightGBM] [Info] Iteration:267, valid_1 rmse : 8.95834
[LightGBM] [Info] 13.163815 seconds elapsed, finished iteration 267
[LightGBM] [Debug] Trained a tree with leaves = 255 and depth = 26
[LightGBM] [Info] Iteration:268, valid_1 rmse : 8.95888
[LightGBM] [Info] 13.212079 seconds elapsed, finished iteration 268
[LightGBM] [Debug] Trained a tree with leaves = 255 and depth = 22
[LightGBM] [Info] Iteration:269, valid_1 rmse : 8.95892
[LightGBM] [Info] 13.257622 seconds elapsed, finished iteration 269
[LightGBM] [Debug] Trained a tree with leaves = 255 and depth = 24
[LightGBM] [Info] Iteration:270, valid_1 rmse : 8.95854
[LightGBM] [Info] 13.298765 seconds elapsed, finished iteration 270
[LightGBM] [Debug] Trained a tree with leaves = 255 and depth = 19
[LightGBM] [Info] Iteration:271, valid_1 rmse : 8.9584
[LightGBM] [Info] 13.339905 seconds elapsed, finished iteration 271
[LightGBM] [Debug] Trained a tree with leaves = 255 and depth = 19
[LightGBM] [Info] Iteration:272, valid_1 rmse : 8.95853
[LightGBM] [Info] 13.386753 seconds elapsed, finished iteration 272
[LightGBM] [Debug] Trained a tree with leaves = 255 and depth = 22
[LightGBM] [Info] Iteration:273, valid_1 rmse : 8.95836
[LightGBM] [Info] 13.437662 seconds elapsed, finished iteration 273
[LightGBM] [Debug] Trained a tree with leaves = 255 and depth = 25
[LightGBM] [Info] Iteration:274, valid_1 rmse : 8.95848
[LightGBM] [Info] 13.492538 seconds elapsed, finished iteration 274
[LightGBM] [Debug] Trained a tree with leaves = 255 and depth = 23
[LightGBM] [Info] Iteration:275, valid_1 rmse : 8.95812
[LightGBM] [Info] 13.534616 seconds elapsed, finished iteration 275
[LightGBM] [Debug] Trained a tree with leaves = 255 and depth = 21
[LightGBM] [Info] Iteration:276, valid_1 rmse : 8.95847
[LightGBM] [Info] 13.580547 seconds elapsed, finished iteration 276
[LightGBM] [Debug] Trained a tree with leaves = 255 and depth = 22
[LightGBM] [Info] Iteration:277, valid_1 rmse : 8.95856
[LightGBM] [Info] 13.614705 seconds elapsed, finished iteration 277
[LightGBM] [Debug] Trained a tree with leaves = 255 and depth = 20
[LightGBM] [Info] Iteration:278, valid_1 rmse : 8.95828
[LightGBM] [Info] 13.652355 seconds elapsed, finished iteration 278
[LightGBM] [Debug] Trained a tree with leaves = 255 and depth = 19
[LightGBM] [Info] Iteration:279, valid_1 rmse : 8.95845
[LightGBM] [Info] 13.685663 seconds elapsed, finished iteration 279
[LightGBM] [Debug] Trained a tree with leaves = 255 and depth = 21
[LightGBM] [Info] Iteration:280, valid_1 rmse : 8.95826
[LightGBM] [Info] 13.724831 seconds elapsed, finished iteration 280
[LightGBM] [Debug] Trained a tree with leaves = 255 and depth = 23
[LightGBM] [Info] Iteration:281, valid_1 rmse : 8.95798
[LightGBM] [Info] 13.769652 seconds elapsed, finished iteration 281
[LightGBM] [Debug] Trained a tree with leaves = 255 and depth = 23
[LightGBM] [Info] Iteration:282, valid_1 rmse : 8.95786
[LightGBM] [Info] 13.807900 seconds elapsed, finished iteration 282
[LightGBM] [Debug] Trained a tree with leaves = 255 and depth = 25
[LightGBM] [Info] Iteration:283, valid_1 rmse : 8.95755
[LightGBM] [Info] 13.844601 seconds elapsed, finished iteration 283
[LightGBM] [Debug] Trained a tree with leaves = 255 and depth = 20
[LightGBM] [Info] Iteration:284, valid_1 rmse : 8.9574
[LightGBM] [Info] 13.890723 seconds elapsed, finished iteration 284
[LightGBM] [Debug] Trained a tree with leaves = 255 and depth = 22
[LightGBM] [Info] Iteration:285, valid_1 rmse : 8.95723
[LightGBM] [Info] 13.935952 seconds elapsed, finished iteration 285
[LightGBM] [Debug] Trained a tree with leaves = 255 and depth = 25
[LightGBM] [Info] Iteration:286, valid_1 rmse : 8.95689
[LightGBM] [Info] 13.977571 seconds elapsed, finished iteration 286
[LightGBM] [Debug] Trained a tree with leaves = 255 and depth = 25
[LightGBM] [Info] Iteration:287, valid_1 rmse : 8.95728
[LightGBM] [Info] 14.025719 seconds elapsed, finished iteration 287
[LightGBM] [Debug] Trained a tree with leaves = 255 and depth = 18
[LightGBM] [Info] Iteration:288, valid_1 rmse : 8.95699
[LightGBM] [Info] 14.073339 seconds elapsed, finished iteration 288
[LightGBM] [Debug] Trained a tree with leaves = 255 and depth = 21
[LightGBM] [Info] Iteration:289, valid_1 rmse : 8.95665
[LightGBM] [Info] 14.123990 seconds elapsed, finished iteration 289
[LightGBM] [Debug] Trained a tree with leaves = 255 and depth = 28
[LightGBM] [Info] Iteration:290, valid_1 rmse : 8.95633
[LightGBM] [Info] 14.167588 seconds elapsed, finished iteration 290
[LightGBM] [Debug] Trained a tree with leaves = 255 and depth = 25
[LightGBM] [Info] Iteration:291, valid_1 rmse : 8.95587
[LightGBM] [Info] 14.223694 seconds elapsed, finished iteration 291
[LightGBM] [Debug] Trained a tree with leaves = 255 and depth = 28
[LightGBM] [Info] Iteration:292, valid_1 rmse : 8.9557
[LightGBM] [Info] 14.268575 seconds elapsed, finished iteration 292
[LightGBM] [Debug] Trained a tree with leaves = 255 and depth = 21
[LightGBM] [Info] Iteration:293, valid_1 rmse : 8.95553
[LightGBM] [Info] 14.313426 seconds elapsed, finished iteration 293
[LightGBM] [Debug] Trained a tree with leaves = 255 and depth = 25
[LightGBM] [Info] Iteration:294, valid_1 rmse : 8.95579
[LightGBM] [Info] 14.358730 seconds elapsed, finished iteration 294
[LightGBM] [Debug] Trained a tree with leaves = 255 and depth = 18
[LightGBM] [Info] Iteration:295, valid_1 rmse : 8.95564
[LightGBM] [Info] 14.431851 seconds elapsed, finished iteration 295
[LightGBM] [Debug] Trained a tree with leaves = 255 and depth = 19
[LightGBM] [Info] Iteration:296, valid_1 rmse : 8.95523
[LightGBM] [Info] 14.503351 seconds elapsed, finished iteration 296
[LightGBM] [Debug] Trained a tree with leaves = 255 and depth = 27
[LightGBM] [Info] Iteration:297, valid_1 rmse : 8.95573
[LightGBM] [Info] 14.550564 seconds elapsed, finished iteration 297
[LightGBM] [Debug] Trained a tree with leaves = 255 and depth = 21
[LightGBM] [Info] Iteration:298, valid_1 rmse : 8.95574
[LightGBM] [Info] 14.595913 seconds elapsed, finished iteration 298
[LightGBM] [Debug] Trained a tree with leaves = 255 and depth = 19
[LightGBM] [Info] Iteration:299, valid_1 rmse : 8.95575
[LightGBM] [Info] 14.630826 seconds elapsed, finished iteration 299
[LightGBM] [Debug] Trained a tree with leaves = 255 and depth = 28
[LightGBM] [Info] Iteration:300, valid_1 rmse : 8.9555
[LightGBM] [Info] 14.670083 seconds elapsed, finished iteration 300
[LightGBM] [Debug] Trained a tree with leaves = 255 and depth = 20
[LightGBM] [Info] Iteration:301, valid_1 rmse : 8.95522
[LightGBM] [Info] 14.716121 seconds elapsed, finished iteration 301
[LightGBM] [Debug] Trained a tree with leaves = 255 and depth = 21
[LightGBM] [Info] Iteration:302, valid_1 rmse : 8.9549
[LightGBM] [Info] 14.754084 seconds elapsed, finished iteration 302
[LightGBM] [Debug] Trained a tree with leaves = 255 and depth = 18
[LightGBM] [Info] Iteration:303, valid_1 rmse : 8.95479
[LightGBM] [Info] 14.796806 seconds elapsed, finished iteration 303
[LightGBM] [Debug] Trained a tree with leaves = 255 and depth = 20
[LightGBM] [Info] Iteration:304, valid_1 rmse : 8.95448
[LightGBM] [Info] 14.832970 seconds elapsed, finished iteration 304
[LightGBM] [Debug] Trained a tree with leaves = 255 and depth = 23
[LightGBM] [Info] Iteration:305, valid_1 rmse : 8.95376
[LightGBM] [Info] 14.870868 seconds elapsed, finished iteration 305
[LightGBM] [Debug] Trained a tree with leaves = 255 and depth = 22
[LightGBM] [Info] Iteration:306, valid_1 rmse : 8.95388
[LightGBM] [Info] 14.909557 seconds elapsed, finished iteration 306
[LightGBM] [Debug] Trained a tree with leaves = 255 and depth = 19
[LightGBM] [Info] Iteration:307, valid_1 rmse : 8.95358
[LightGBM] [Info] 14.950879 seconds elapsed, finished iteration 307
[LightGBM] [Debug] Trained a tree with leaves = 255 and depth = 26
[LightGBM] [Info] Iteration:308, valid_1 rmse : 8.95404
[LightGBM] [Info] 14.992534 seconds elapsed, finished iteration 308
[LightGBM] [Debug] Trained a tree with leaves = 255 and depth = 18
[LightGBM] [Info] Iteration:309, valid_1 rmse : 8.95412
[LightGBM] [Info] 15.034848 seconds elapsed, finished iteration 309
[LightGBM] [Debug] Trained a tree with leaves = 255 and depth = 25
[LightGBM] [Info] Iteration:310, valid_1 rmse : 8.954
[LightGBM] [Info] 15.090377 seconds elapsed, finished iteration 310
[LightGBM] [Debug] Trained a tree with leaves = 255 and depth = 22
[LightGBM] [Info] Iteration:311, valid_1 rmse : 8.95362
[LightGBM] [Info] 15.132787 seconds elapsed, finished iteration 311
[LightGBM] [Debug] Trained a tree with leaves = 255 and depth = 20
[LightGBM] [Info] Iteration:312, valid_1 rmse : 8.95336
[LightGBM] [Info] 15.168391 seconds elapsed, finished iteration 312
[LightGBM] [Debug] Trained a tree with leaves = 255 and depth = 26
[LightGBM] [Info] Iteration:313, valid_1 rmse : 8.95279
[LightGBM] [Info] 15.208363 seconds elapsed, finished iteration 313
[LightGBM] [Debug] Trained a tree with leaves = 255 and depth = 19
[LightGBM] [Info] Iteration:314, valid_1 rmse : 8.95279
[LightGBM] [Info] 15.247163 seconds elapsed, finished iteration 314
[LightGBM] [Debug] Trained a tree with leaves = 255 and depth = 21
[LightGBM] [Info] Iteration:315, valid_1 rmse : 8.95223
[LightGBM] [Info] 15.293968 seconds elapsed, finished iteration 315
[LightGBM] [Debug] Trained a tree with leaves = 255 and depth = 18
[LightGBM] [Info] Iteration:316, valid_1 rmse : 8.9521
[LightGBM] [Info] 15.334862 seconds elapsed, finished iteration 316
[LightGBM] [Debug] Trained a tree with leaves = 255 and depth = 19
[LightGBM] [Info] Iteration:317, valid_1 rmse : 8.95185
[LightGBM] [Info] 15.375333 seconds elapsed, finished iteration 317
[LightGBM] [Debug] Trained a tree with leaves = 255 and depth = 24
[LightGBM] [Info] Iteration:318, valid_1 rmse : 8.95186
[LightGBM] [Info] 15.414968 seconds elapsed, finished iteration 318
[LightGBM] [Debug] Trained a tree with leaves = 255 and depth = 27
[LightGBM] [Info] Iteration:319, valid_1 rmse : 8.95213
[LightGBM] [Info] 15.460066 seconds elapsed, finished iteration 319
[LightGBM] [Debug] Trained a tree with leaves = 255 and depth = 22
[LightGBM] [Info] Iteration:320, valid_1 rmse : 8.95217
[LightGBM] [Info] 15.525475 seconds elapsed, finished iteration 320
[LightGBM] [Debug] Trained a tree with leaves = 255 and depth = 26
[LightGBM] [Info] Iteration:321, valid_1 rmse : 8.95196
[LightGBM] [Info] 15.564178 seconds elapsed, finished iteration 321
[LightGBM] [Debug] Trained a tree with leaves = 255 and depth = 26
[LightGBM] [Info] Iteration:322, valid_1 rmse : 8.95169
[LightGBM] [Info] 15.603845 seconds elapsed, finished iteration 322
[LightGBM] [Debug] Trained a tree with leaves = 255 and depth = 22
[LightGBM] [Info] Iteration:323, valid_1 rmse : 8.95201
[LightGBM] [Info] 15.652288 seconds elapsed, finished iteration 323
[LightGBM] [Debug] Trained a tree with leaves = 255 and depth = 19
[LightGBM] [Info] Iteration:324, valid_1 rmse : 8.95197
[LightGBM] [Info] 15.691231 seconds elapsed, finished iteration 324
[LightGBM] [Debug] Trained a tree with leaves = 255 and depth = 24
[LightGBM] [Info] Iteration:325, valid_1 rmse : 8.95149
[LightGBM] [Info] 15.738701 seconds elapsed, finished iteration 325
[LightGBM] [Debug] Trained a tree with leaves = 255 and depth = 18
[LightGBM] [Info] Iteration:326, valid_1 rmse : 8.95101
[LightGBM] [Info] 15.782660 seconds elapsed, finished iteration 326
[LightGBM] [Debug] Trained a tree with leaves = 255 and depth = 33
[LightGBM] [Info] Iteration:327, valid_1 rmse : 8.95117
[LightGBM] [Info] 15.818644 seconds elapsed, finished iteration 327
[LightGBM] [Debug] Trained a tree with leaves = 255 and depth = 24
[LightGBM] [Info] Iteration:328, valid_1 rmse : 8.95145
[LightGBM] [Info] 15.872657 seconds elapsed, finished iteration 328
[LightGBM] [Debug] Trained a tree with leaves = 255 and depth = 24
[LightGBM] [Info] Iteration:329, valid_1 rmse : 8.95104
[LightGBM] [Info] 15.914301 seconds elapsed, finished iteration 329
[LightGBM] [Debug] Trained a tree with leaves = 255 and depth = 22
[LightGBM] [Info] Iteration:330, valid_1 rmse : 8.95107
[LightGBM] [Info] 15.952081 seconds elapsed, finished iteration 330
[LightGBM] [Debug] Trained a tree with leaves = 255 and depth = 21
[LightGBM] [Info] Iteration:331, valid_1 rmse : 8.95058
[LightGBM] [Info] 15.989421 seconds elapsed, finished iteration 331
[LightGBM] [Debug] Trained a tree with leaves = 255 and depth = 21
[LightGBM] [Info] Iteration:332, valid_1 rmse : 8.95076
[LightGBM] [Info] 16.033031 seconds elapsed, finished iteration 332
[LightGBM] [Debug] Trained a tree with leaves = 255 and depth = 29
[LightGBM] [Info] Iteration:333, valid_1 rmse : 8.95073
[LightGBM] [Info] 16.069620 seconds elapsed, finished iteration 333
[LightGBM] [Debug] Trained a tree with leaves = 255 and depth = 22
[LightGBM] [Info] Iteration:334, valid_1 rmse : 8.95039
[LightGBM] [Info] 16.101563 seconds elapsed, finished iteration 334
[LightGBM] [Debug] Trained a tree with leaves = 255 and depth = 20
[LightGBM] [Info] Iteration:335, valid_1 rmse : 8.95031
[LightGBM] [Info] 16.135902 seconds elapsed, finished iteration 335
[LightGBM] [Debug] Trained a tree with leaves = 255 and depth = 23
[LightGBM] [Info] Iteration:336, valid_1 rmse : 8.95037
[LightGBM] [Info] 16.167543 seconds elapsed, finished iteration 336
[LightGBM] [Debug] Trained a tree with leaves = 255 and depth = 20
[LightGBM] [Info] Iteration:337, valid_1 rmse : 8.95045
[LightGBM] [Info] 16.204815 seconds elapsed, finished iteration 337
[LightGBM] [Debug] Trained a tree with leaves = 255 and depth = 22
[LightGBM] [Info] Iteration:338, valid_1 rmse : 8.95061
[LightGBM] [Info] 16.237641 seconds elapsed, finished iteration 338
[LightGBM] [Debug] Trained a tree with leaves = 255 and depth = 24
[LightGBM] [Info] Iteration:339, valid_1 rmse : 8.95047
[LightGBM] [Info] 16.285641 seconds elapsed, finished iteration 339
[LightGBM] [Debug] Trained a tree with leaves = 255 and depth = 23
[LightGBM] [Info] Iteration:340, valid_1 rmse : 8.95009
[LightGBM] [Info] 16.328536 seconds elapsed, finished iteration 340
[LightGBM] [Debug] Trained a tree with leaves = 255 and depth = 21
[LightGBM] [Info] Iteration:341, valid_1 rmse : 8.94964
[LightGBM] [Info] 16.378466 seconds elapsed, finished iteration 341
[LightGBM] [Debug] Trained a tree with leaves = 255 and depth = 20
[LightGBM] [Info] Iteration:342, valid_1 rmse : 8.95021
[LightGBM] [Info] 16.418703 seconds elapsed, finished iteration 342
[LightGBM] [Debug] Trained a tree with leaves = 255 and depth = 19
[LightGBM] [Info] Iteration:343, valid_1 rmse : 8.95012
[LightGBM] [Info] 16.458384 seconds elapsed, finished iteration 343
[LightGBM] [Debug] Trained a tree with leaves = 255 and depth = 24
[LightGBM] [Info] Iteration:344, valid_1 rmse : 8.9502
[LightGBM] [Info] 16.509635 seconds elapsed, finished iteration 344
[LightGBM] [Debug] Trained a tree with leaves = 255 and depth = 26
[LightGBM] [Info] Iteration:345, valid_1 rmse : 8.95001
[LightGBM] [Info] 16.577269 seconds elapsed, finished iteration 345
[LightGBM] [Debug] Trained a tree with leaves = 255 and depth = 28
[LightGBM] [Info] Iteration:346, valid_1 rmse : 8.95006
[LightGBM] [Info] 16.635838 seconds elapsed, finished iteration 346
[LightGBM] [Debug] Trained a tree with leaves = 255 and depth = 23
[LightGBM] [Info] Iteration:347, valid_1 rmse : 8.95042
[LightGBM] [Info] 16.677222 seconds elapsed, finished iteration 347
[LightGBM] [Debug] Trained a tree with leaves = 255 and depth = 20
[LightGBM] [Info] Iteration:348, valid_1 rmse : 8.95045
[LightGBM] [Info] 16.730589 seconds elapsed, finished iteration 348
[LightGBM] [Debug] Trained a tree with leaves = 255 and depth = 29
[LightGBM] [Info] Iteration:349, valid_1 rmse : 8.95076
[LightGBM] [Info] 16.782533 seconds elapsed, finished iteration 349
[LightGBM] [Debug] Trained a tree with leaves = 255 and depth = 22
[LightGBM] [Info] Iteration:350, valid_1 rmse : 8.95112
[LightGBM] [Info] 16.843670 seconds elapsed, finished iteration 350
[LightGBM] [Debug] Trained a tree with leaves = 255 and depth = 21
[LightGBM] [Info] Iteration:351, valid_1 rmse : 8.9508
[LightGBM] [Info] 16.899056 seconds elapsed, finished iteration 351
[LightGBM] [Debug] Trained a tree with leaves = 255 and depth = 26
[LightGBM] [Info] Iteration:352, valid_1 rmse : 8.95086
[LightGBM] [Info] 16.962346 seconds elapsed, finished iteration 352
[LightGBM] [Debug] Trained a tree with leaves = 255 and depth = 20
[LightGBM] [Info] Iteration:353, valid_1 rmse : 8.9507
[LightGBM] [Info] 17.027623 seconds elapsed, finished iteration 353
[LightGBM] [Debug] Trained a tree with leaves = 255 and depth = 20
[LightGBM] [Info] Iteration:354, valid_1 rmse : 8.9507
[LightGBM] [Info] 17.069731 seconds elapsed, finished iteration 354
[LightGBM] [Debug] Trained a tree with leaves = 255 and depth = 32
[LightGBM] [Info] Iteration:355, valid_1 rmse : 8.95077
[LightGBM] [Info] 17.119178 seconds elapsed, finished iteration 355
[LightGBM] [Debug] Trained a tree with leaves = 255 and depth = 24
[LightGBM] [Info] Iteration:356, valid_1 rmse : 8.95035
[LightGBM] [Info] 17.163473 seconds elapsed, finished iteration 356
[LightGBM] [Debug] Trained a tree with leaves = 255 and depth = 26
[LightGBM] [Info] Iteration:357, valid_1 rmse : 8.95026
[LightGBM] [Info] 17.226689 seconds elapsed, finished iteration 357
[LightGBM] [Debug] Trained a tree with leaves = 255 and depth = 23
[LightGBM] [Info] Iteration:358, valid_1 rmse : 8.95028
[LightGBM] [Info] 17.264448 seconds elapsed, finished iteration 358
[LightGBM] [Debug] Trained a tree with leaves = 255 and depth = 17
[LightGBM] [Info] Iteration:359, valid_1 rmse : 8.95034
[LightGBM] [Info] 17.298406 seconds elapsed, finished iteration 359
[LightGBM] [Debug] Trained a tree with leaves = 255 and depth = 27
[LightGBM] [Info] Iteration:360, valid_1 rmse : 8.95044
[LightGBM] [Info] 17.349345 seconds elapsed, finished iteration 360
[LightGBM] [Debug] Trained a tree with leaves = 255 and depth = 16
[LightGBM] [Info] Iteration:361, valid_1 rmse : 8.95107
[LightGBM] [Info] 17.386439 seconds elapsed, finished iteration 361
[LightGBM] [Debug] Trained a tree with leaves = 255 and depth = 27
[LightGBM] [Info] Iteration:362, valid_1 rmse : 8.9508
[LightGBM] [Info] 17.423891 seconds elapsed, finished iteration 362
[LightGBM] [Debug] Trained a tree with leaves = 255 and depth = 23
[LightGBM] [Info] Iteration:363, valid_1 rmse : 8.95008
[LightGBM] [Info] 17.458734 seconds elapsed, finished iteration 363
[LightGBM] [Debug] Trained a tree with leaves = 255 and depth = 27
[LightGBM] [Info] Iteration:364, valid_1 rmse : 8.94984
[LightGBM] [Info] 17.497141 seconds elapsed, finished iteration 364
[LightGBM] [Debug] Trained a tree with leaves = 255 and depth = 20
[LightGBM] [Info] Iteration:365, valid_1 rmse : 8.95001
[LightGBM] [Info] 17.537972 seconds elapsed, finished iteration 365
[LightGBM] [Debug] Trained a tree with leaves = 255 and depth = 27
[LightGBM] [Info] Iteration:366, valid_1 rmse : 8.95011
[LightGBM] [Info] 17.573402 seconds elapsed, finished iteration 366
[LightGBM] [Debug] Trained a tree with leaves = 255 and depth = 29
[LightGBM] [Info] Iteration:367, valid_1 rmse : 8.95032
[LightGBM] [Info] 17.609326 seconds elapsed, finished iteration 367
[LightGBM] [Debug] Trained a tree with leaves = 255 and depth = 19
[LightGBM] [Info] Iteration:368, valid_1 rmse : 8.9502
[LightGBM] [Info] 17.646826 seconds elapsed, finished iteration 368
[LightGBM] [Debug] Trained a tree with leaves = 255 and depth = 22
[LightGBM] [Info] Iteration:369, valid_1 rmse : 8.95005
[LightGBM] [Info] 17.679440 seconds elapsed, finished iteration 369
[LightGBM] [Debug] Trained a tree with leaves = 255 and depth = 25
[LightGBM] [Info] Iteration:370, valid_1 rmse : 8.94984
[LightGBM] [Info] 17.715740 seconds elapsed, finished iteration 370
[LightGBM] [Debug] Trained a tree with leaves = 255 and depth = 22
[LightGBM] [Info] Iteration:371, valid_1 rmse : 8.94989
[LightGBM] [Info] 17.758979 seconds elapsed, finished iteration 371
[LightGBM] [Debug] Trained a tree with leaves = 255 and depth = 26
[LightGBM] [Info] Iteration:372, valid_1 rmse : 8.94963
[LightGBM] [Info] 17.796104 seconds elapsed, finished iteration 372
[LightGBM] [Debug] Trained a tree with leaves = 255 and depth = 18
[LightGBM] [Info] Iteration:373, valid_1 rmse : 8.94884
[LightGBM] [Info] 17.836122 seconds elapsed, finished iteration 373
[LightGBM] [Debug] Trained a tree with leaves = 255 and depth = 18
[LightGBM] [Info] Iteration:374, valid_1 rmse : 8.94871
[LightGBM] [Info] 17.883171 seconds elapsed, finished iteration 374
[LightGBM] [Debug] Trained a tree with leaves = 255 and depth = 25
[LightGBM] [Info] Iteration:375, valid_1 rmse : 8.9486
[LightGBM] [Info] 17.931902 seconds elapsed, finished iteration 375
[LightGBM] [Debug] Trained a tree with leaves = 255 and depth = 25
[LightGBM] [Info] Iteration:376, valid_1 rmse : 8.94846
[LightGBM] [Info] 17.972205 seconds elapsed, finished iteration 376
[LightGBM] [Debug] Trained a tree with leaves = 255 and depth = 21
[LightGBM] [Info] Iteration:377, valid_1 rmse : 8.94872
[LightGBM] [Info] 18.014660 seconds elapsed, finished iteration 377
[LightGBM] [Debug] Trained a tree with leaves = 255 and depth = 21
[LightGBM] [Info] Iteration:378, valid_1 rmse : 8.94841
[LightGBM] [Info] 18.048753 seconds elapsed, finished iteration 378
[LightGBM] [Debug] Trained a tree with leaves = 255 and depth = 20
[LightGBM] [Info] Iteration:379, valid_1 rmse : 8.94805
[LightGBM] [Info] 18.083557 seconds elapsed, finished iteration 379
[LightGBM] [Debug] Trained a tree with leaves = 255 and depth = 18
[LightGBM] [Info] Iteration:380, valid_1 rmse : 8.94841
[LightGBM] [Info] 18.123098 seconds elapsed, finished iteration 380
[LightGBM] [Debug] Trained a tree with leaves = 255 and depth = 29
[LightGBM] [Info] Iteration:381, valid_1 rmse : 8.94783
[LightGBM] [Info] 18.172383 seconds elapsed, finished iteration 381
[LightGBM] [Debug] Trained a tree with leaves = 255 and depth = 24
[LightGBM] [Info] Iteration:382, valid_1 rmse : 8.94786
[LightGBM] [Info] 18.204706 seconds elapsed, finished iteration 382
[LightGBM] [Debug] Trained a tree with leaves = 255 and depth = 22
[LightGBM] [Info] Iteration:383, valid_1 rmse : 8.94755
[LightGBM] [Info] 18.268490 seconds elapsed, finished iteration 383
[LightGBM] [Debug] Trained a tree with leaves = 255 and depth = 22
[LightGBM] [Info] Iteration:384, valid_1 rmse : 8.94726
[LightGBM] [Info] 18.348353 seconds elapsed, finished iteration 384
[LightGBM] [Debug] Trained a tree with leaves = 255 and depth = 22
[LightGBM] [Info] Iteration:385, valid_1 rmse : 8.94728
[LightGBM] [Info] 18.393597 seconds elapsed, finished iteration 385
[LightGBM] [Debug] Trained a tree with leaves = 255 and depth = 22
[LightGBM] [Info] Iteration:386, valid_1 rmse : 8.94737
[LightGBM] [Info] 18.454679 seconds elapsed, finished iteration 386
[LightGBM] [Debug] Trained a tree with leaves = 255 and depth = 25
[LightGBM] [Info] Iteration:387, valid_1 rmse : 8.94694
[LightGBM] [Info] 18.506073 seconds elapsed, finished iteration 387
[LightGBM] [Debug] Trained a tree with leaves = 255 and depth = 20
[LightGBM] [Info] Iteration:388, valid_1 rmse : 8.94679
[LightGBM] [Info] 18.561105 seconds elapsed, finished iteration 388
[LightGBM] [Debug] Trained a tree with leaves = 255 and depth = 25
[LightGBM] [Info] Iteration:389, valid_1 rmse : 8.94657
[LightGBM] [Info] 18.617039 seconds elapsed, finished iteration 389
[LightGBM] [Debug] Trained a tree with leaves = 255 and depth = 27
[LightGBM] [Info] Iteration:390, valid_1 rmse : 8.94649
[LightGBM] [Info] 18.669659 seconds elapsed, finished iteration 390
[LightGBM] [Debug] Trained a tree with leaves = 255 and depth = 21
[LightGBM] [Info] Iteration:391, valid_1 rmse : 8.94658
[LightGBM] [Info] 18.717212 seconds elapsed, finished iteration 391
[LightGBM] [Debug] Trained a tree with leaves = 255 and depth = 22
[LightGBM] [Info] Iteration:392, valid_1 rmse : 8.94673
[LightGBM] [Info] 18.761659 seconds elapsed, finished iteration 392
[LightGBM] [Debug] Trained a tree with leaves = 255 and depth = 26
[LightGBM] [Info] Iteration:393, valid_1 rmse : 8.94749
[LightGBM] [Info] 18.803036 seconds elapsed, finished iteration 393
[LightGBM] [Debug] Trained a tree with leaves = 255 and depth = 21
[LightGBM] [Info] Iteration:394, valid_1 rmse : 8.94716
[LightGBM] [Info] 18.839377 seconds elapsed, finished iteration 394
[LightGBM] [Debug] Trained a tree with leaves = 255 and depth = 24
[LightGBM] [Info] Iteration:395, valid_1 rmse : 8.94732
[LightGBM] [Info] 18.874935 seconds elapsed, finished iteration 395
[LightGBM] [Debug] Trained a tree with leaves = 255 and depth = 22
[LightGBM] [Info] Iteration:396, valid_1 rmse : 8.94711
[LightGBM] [Info] 18.915476 seconds elapsed, finished iteration 396
[LightGBM] [Debug] Trained a tree with leaves = 255 and depth = 26
[LightGBM] [Info] Iteration:397, valid_1 rmse : 8.94734
[LightGBM] [Info] 18.961268 seconds elapsed, finished iteration 397
[LightGBM] [Debug] Trained a tree with leaves = 255 and depth = 23
[LightGBM] [Info] Iteration:398, valid_1 rmse : 8.94751
[LightGBM] [Info] 18.998187 seconds elapsed, finished iteration 398
[LightGBM] [Debug] Trained a tree with leaves = 255 and depth = 24
[LightGBM] [Info] Iteration:399, valid_1 rmse : 8.94738
[LightGBM] [Info] 19.038061 seconds elapsed, finished iteration 399
[LightGBM] [Debug] Trained a tree with leaves = 255 and depth = 23
[LightGBM] [Info] Iteration:400, valid_1 rmse : 8.94759
[LightGBM] [Info] 19.077754 seconds elapsed, finished iteration 400
[LightGBM] [Debug] Trained a tree with leaves = 255 and depth = 24
[LightGBM] [Info] Iteration:401, valid_1 rmse : 8.94766
[LightGBM] [Info] 19.116951 seconds elapsed, finished iteration 401
[LightGBM] [Debug] Trained a tree with leaves = 255 and depth = 19
[LightGBM] [Info] Iteration:402, valid_1 rmse : 8.94789
[LightGBM] [Info] 19.157884 seconds elapsed, finished iteration 402
[LightGBM] [Debug] Trained a tree with leaves = 255 and depth = 16
[LightGBM] [Info] Iteration:403, valid_1 rmse : 8.94787
[LightGBM] [Info] 19.210275 seconds elapsed, finished iteration 403
[LightGBM] [Debug] Trained a tree with leaves = 255 and depth = 24
[LightGBM] [Info] Iteration:404, valid_1 rmse : 8.94821
[LightGBM] [Info] 19.257968 seconds elapsed, finished iteration 404
[LightGBM] [Debug] Trained a tree with leaves = 255 and depth = 20
[LightGBM] [Info] Iteration:405, valid_1 rmse : 8.94764
[LightGBM] [Info] 19.316072 seconds elapsed, finished iteration 405
[LightGBM] [Debug] Trained a tree with leaves = 255 and depth = 20
[LightGBM] [Info] Iteration:406, valid_1 rmse : 8.94785
[LightGBM] [Info] 19.362081 seconds elapsed, finished iteration 406
[LightGBM] [Debug] Trained a tree with leaves = 255 and depth = 26
[LightGBM] [Info] Iteration:407, valid_1 rmse : 8.94769
[LightGBM] [Info] 19.410833 seconds elapsed, finished iteration 407
[LightGBM] [Debug] Trained a tree with leaves = 255 and depth = 24
[LightGBM] [Info] Iteration:408, valid_1 rmse : 8.9479
[LightGBM] [Info] 19.466331 seconds elapsed, finished iteration 408
[LightGBM] [Debug] Trained a tree with leaves = 255 and depth = 21
[LightGBM] [Info] Iteration:409, valid_1 rmse : 8.94817
[LightGBM] [Info] 19.516767 seconds elapsed, finished iteration 409
[LightGBM] [Debug] Trained a tree with leaves = 255 and depth = 20
[LightGBM] [Info] Iteration:410, valid_1 rmse : 8.94777
[LightGBM] [Info] 19.572020 seconds elapsed, finished iteration 410
[LightGBM] [Debug] Trained a tree with leaves = 255 and depth = 19
[LightGBM] [Info] Iteration:411, valid_1 rmse : 8.94792
[LightGBM] [Info] 19.618712 seconds elapsed, finished iteration 411
[LightGBM] [Debug] Trained a tree with leaves = 255 and depth = 20
[LightGBM] [Info] Iteration:412, valid_1 rmse : 8.94775
[LightGBM] [Info] 19.679389 seconds elapsed, finished iteration 412
[LightGBM] [Debug] Trained a tree with leaves = 255 and depth = 23
[LightGBM] [Info] Iteration:413, valid_1 rmse : 8.9476
[LightGBM] [Info] 19.723187 seconds elapsed, finished iteration 413
[LightGBM] [Debug] Trained a tree with leaves = 255 and depth = 18
[LightGBM] [Info] Iteration:414, valid_1 rmse : 8.94777
[LightGBM] [Info] 19.772663 seconds elapsed, finished iteration 414
[LightGBM] [Debug] Trained a tree with leaves = 255 and depth = 23
[LightGBM] [Info] Iteration:415, valid_1 rmse : 8.94786
[LightGBM] [Info] 19.823249 seconds elapsed, finished iteration 415
[LightGBM] [Debug] Trained a tree with leaves = 255 and depth = 25
[LightGBM] [Info] Iteration:416, valid_1 rmse : 8.9469
[LightGBM] [Info] 19.877508 seconds elapsed, finished iteration 416
[LightGBM] [Debug] Trained a tree with leaves = 255 and depth = 21
[LightGBM] [Info] Iteration:417, valid_1 rmse : 8.94705
[LightGBM] [Info] 19.917355 seconds elapsed, finished iteration 417
[LightGBM] [Debug] Trained a tree with leaves = 255 and depth = 27
[LightGBM] [Info] Iteration:418, valid_1 rmse : 8.94702
[LightGBM] [Info] 19.954139 seconds elapsed, finished iteration 418
[LightGBM] [Debug] Trained a tree with leaves = 255 and depth = 19
[LightGBM] [Info] Iteration:419, valid_1 rmse : 8.94691
[LightGBM] [Info] 19.992790 seconds elapsed, finished iteration 419
[LightGBM] [Debug] Trained a tree with leaves = 255 and depth = 20
[LightGBM] [Info] Iteration:420, valid_1 rmse : 8.94702
[LightGBM] [Info] 20.032546 seconds elapsed, finished iteration 420
[LightGBM] [Debug] Trained a tree with leaves = 255 and depth = 26
[LightGBM] [Info] Iteration:421, valid_1 rmse : 8.94724
[LightGBM] [Info] 20.069842 seconds elapsed, finished iteration 421
[LightGBM] [Debug] Trained a tree with leaves = 255 and depth = 20
[LightGBM] [Info] Iteration:422, valid_1 rmse : 8.9471
[LightGBM] [Info] 20.105986 seconds elapsed, finished iteration 422
[LightGBM] [Debug] Trained a tree with leaves = 255 and depth = 19
[LightGBM] [Info] Iteration:423, valid_1 rmse : 8.94748
[LightGBM] [Info] 20.147566 seconds elapsed, finished iteration 423
[LightGBM] [Debug] Trained a tree with leaves = 255 and depth = 18
[LightGBM] [Info] Iteration:424, valid_1 rmse : 8.94779
[LightGBM] [Info] 20.188844 seconds elapsed, finished iteration 424
[LightGBM] [Debug] Trained a tree with leaves = 255 and depth = 25
[LightGBM] [Info] Iteration:425, valid_1 rmse : 8.94785
[LightGBM] [Info] 20.232719 seconds elapsed, finished iteration 425
[LightGBM] [Debug] Trained a tree with leaves = 255 and depth = 22
[LightGBM] [Info] Iteration:426, valid_1 rmse : 8.94815
[LightGBM] [Info] 20.283719 seconds elapsed, finished iteration 426
[LightGBM] [Debug] Trained a tree with leaves = 255 and depth = 25
[LightGBM] [Info] Iteration:427, valid_1 rmse : 8.94816
[LightGBM] [Info] 20.319564 seconds elapsed, finished iteration 427
[LightGBM] [Debug] Trained a tree with leaves = 255 and depth = 31
[LightGBM] [Info] Iteration:428, valid_1 rmse : 8.948
[LightGBM] [Info] 20.354806 seconds elapsed, finished iteration 428
[LightGBM] [Debug] Trained a tree with leaves = 255 and depth = 22
[LightGBM] [Info] Iteration:429, valid_1 rmse : 8.94771
[LightGBM] [Info] 20.400284 seconds elapsed, finished iteration 429
[LightGBM] [Debug] Trained a tree with leaves = 255 and depth = 18
[LightGBM] [Info] Iteration:430, valid_1 rmse : 8.9475
[LightGBM] [Info] 20.437861 seconds elapsed, finished iteration 430
[LightGBM] [Debug] Trained a tree with leaves = 255 and depth = 24
[LightGBM] [Info] Iteration:431, valid_1 rmse : 8.94701
[LightGBM] [Info] 20.481187 seconds elapsed, finished iteration 431
[LightGBM] [Debug] Trained a tree with leaves = 255 and depth = 22
[LightGBM] [Info] Iteration:432, valid_1 rmse : 8.94695
[LightGBM] [Info] 20.521230 seconds elapsed, finished iteration 432
[LightGBM] [Debug] Trained a tree with leaves = 255 and depth = 20
[LightGBM] [Info] Iteration:433, valid_1 rmse : 8.94704
[LightGBM] [Info] 20.561702 seconds elapsed, finished iteration 433
[LightGBM] [Debug] Trained a tree with leaves = 255 and depth = 21
[LightGBM] [Info] Iteration:434, valid_1 rmse : 8.9473
[LightGBM] [Info] 20.609750 seconds elapsed, finished iteration 434
[LightGBM] [Debug] Trained a tree with leaves = 255 and depth = 25
[LightGBM] [Info] Iteration:435, valid_1 rmse : 8.947
[LightGBM] [Info] 20.649184 seconds elapsed, finished iteration 435
[LightGBM] [Debug] Trained a tree with leaves = 255 and depth = 22
[LightGBM] [Info] Iteration:436, valid_1 rmse : 8.947
[LightGBM] [Info] 20.686223 seconds elapsed, finished iteration 436
[LightGBM] [Debug] Trained a tree with leaves = 255 and depth = 22
[LightGBM] [Info] Iteration:437, valid_1 rmse : 8.94677
[LightGBM] [Info] 20.725890 seconds elapsed, finished iteration 437
[LightGBM] [Debug] Trained a tree with leaves = 255 and depth = 22
[LightGBM] [Info] Iteration:438, valid_1 rmse : 8.94641
[LightGBM] [Info] 20.761651 seconds elapsed, finished iteration 438
[LightGBM] [Debug] Trained a tree with leaves = 255 and depth = 20
[LightGBM] [Info] Iteration:439, valid_1 rmse : 8.94569
[LightGBM] [Info] 20.804457 seconds elapsed, finished iteration 439
[LightGBM] [Debug] Trained a tree with leaves = 255 and depth = 23
[LightGBM] [Info] Iteration:440, valid_1 rmse : 8.94556
[LightGBM] [Info] 20.860564 seconds elapsed, finished iteration 440
[LightGBM] [Debug] Trained a tree with leaves = 255 and depth = 20
[LightGBM] [Info] Iteration:441, valid_1 rmse : 8.94576
[LightGBM] [Info] 20.913842 seconds elapsed, finished iteration 441
[LightGBM] [Debug] Trained a tree with leaves = 255 and depth = 16
[LightGBM] [Info] Iteration:442, valid_1 rmse : 8.9459
[LightGBM] [Info] 20.957432 seconds elapsed, finished iteration 442
[LightGBM] [Debug] Trained a tree with leaves = 255 and depth = 28
[LightGBM] [Info] Iteration:443, valid_1 rmse : 8.94565
[LightGBM] [Info] 21.009381 seconds elapsed, finished iteration 443
[LightGBM] [Debug] Trained a tree with leaves = 255 and depth = 22
[LightGBM] [Info] Iteration:444, valid_1 rmse : 8.94566
[LightGBM] [Info] 21.058543 seconds elapsed, finished iteration 444
[LightGBM] [Debug] Trained a tree with leaves = 255 and depth = 23
[LightGBM] [Info] Iteration:445, valid_1 rmse : 8.94582
[LightGBM] [Info] 21.109734 seconds elapsed, finished iteration 445
[LightGBM] [Debug] Trained a tree with leaves = 255 and depth = 18
[LightGBM] [Info] Iteration:446, valid_1 rmse : 8.9461
[LightGBM] [Info] 21.152597 seconds elapsed, finished iteration 446
[LightGBM] [Debug] Trained a tree with leaves = 255 and depth = 21
[LightGBM] [Info] Iteration:447, valid_1 rmse : 8.9462
[LightGBM] [Info] 21.207866 seconds elapsed, finished iteration 447
[LightGBM] [Debug] Trained a tree with leaves = 255 and depth = 16
[LightGBM] [Info] Iteration:448, valid_1 rmse : 8.9463
[LightGBM] [Info] 21.244383 seconds elapsed, finished iteration 448
[LightGBM] [Debug] Trained a tree with leaves = 255 and depth = 20
[LightGBM] [Info] Iteration:449, valid_1 rmse : 8.94586
[LightGBM] [Info] 21.294212 seconds elapsed, finished iteration 449
[LightGBM] [Debug] Trained a tree with leaves = 255 and depth = 21
[LightGBM] [Info] Iteration:450, valid_1 rmse : 8.94572
[LightGBM] [Info] 21.328770 seconds elapsed, finished iteration 450
[LightGBM] [Debug] Trained a tree with leaves = 255 and depth = 26
[LightGBM] [Info] Iteration:451, valid_1 rmse : 8.9453
[LightGBM] [Info] 21.368662 seconds elapsed, finished iteration 451
[LightGBM] [Debug] Trained a tree with leaves = 255 and depth = 25
[LightGBM] [Info] Iteration:452, valid_1 rmse : 8.94502
[LightGBM] [Info] 21.408044 seconds elapsed, finished iteration 452
[LightGBM] [Debug] Trained a tree with leaves = 255 and depth = 21
[LightGBM] [Info] Iteration:453, valid_1 rmse : 8.94522
[LightGBM] [Info] 21.446020 seconds elapsed, finished iteration 453
[LightGBM] [Debug] Trained a tree with leaves = 255 and depth = 22
[LightGBM] [Info] Iteration:454, valid_1 rmse : 8.94477
[LightGBM] [Info] 21.497902 seconds elapsed, finished iteration 454
[LightGBM] [Debug] Trained a tree with leaves = 255 and depth = 23
[LightGBM] [Info] Iteration:455, valid_1 rmse : 8.94465
[LightGBM] [Info] 21.543635 seconds elapsed, finished iteration 455
[LightGBM] [Debug] Trained a tree with leaves = 255 and depth = 19
[LightGBM] [Info] Iteration:456, valid_1 rmse : 8.94436
[LightGBM] [Info] 21.589041 seconds elapsed, finished iteration 456
[LightGBM] [Debug] Trained a tree with leaves = 255 and depth = 25
[LightGBM] [Info] Iteration:457, valid_1 rmse : 8.94468
[LightGBM] [Info] 21.638238 seconds elapsed, finished iteration 457
[LightGBM] [Debug] Trained a tree with leaves = 255 and depth = 21
[LightGBM] [Info] Iteration:458, valid_1 rmse : 8.94447
[LightGBM] [Info] 21.683522 seconds elapsed, finished iteration 458
[LightGBM] [Debug] Trained a tree with leaves = 255 and depth = 21
[LightGBM] [Info] Iteration:459, valid_1 rmse : 8.94438
[LightGBM] [Info] 21.731914 seconds elapsed, finished iteration 459
[LightGBM] [Debug] Trained a tree with leaves = 255 and depth = 21
[LightGBM] [Info] Iteration:460, valid_1 rmse : 8.94445
[LightGBM] [Info] 21.790569 seconds elapsed, finished iteration 460
[LightGBM] [Debug] Trained a tree with leaves = 255 and depth = 24
[LightGBM] [Info] Iteration:461, valid_1 rmse : 8.94444
[LightGBM] [Info] 21.852715 seconds elapsed, finished iteration 461
[LightGBM] [Debug] Trained a tree with leaves = 255 and depth = 23
[LightGBM] [Info] Iteration:462, valid_1 rmse : 8.9444
[LightGBM] [Info] 21.911001 seconds elapsed, finished iteration 462
[LightGBM] [Debug] Trained a tree with leaves = 255 and depth = 22
[LightGBM] [Info] Iteration:463, valid_1 rmse : 8.94406
[LightGBM] [Info] 21.949982 seconds elapsed, finished iteration 463
[LightGBM] [Debug] Trained a tree with leaves = 255 and depth = 23
[LightGBM] [Info] Iteration:464, valid_1 rmse : 8.94403
[LightGBM] [Info] 22.001613 seconds elapsed, finished iteration 464
[LightGBM] [Debug] Trained a tree with leaves = 255 and depth = 22
[LightGBM] [Info] Iteration:465, valid_1 rmse : 8.94405
[LightGBM] [Info] 22.055559 seconds elapsed, finished iteration 465
[LightGBM] [Debug] Trained a tree with leaves = 255 and depth = 20
[LightGBM] [Info] Iteration:466, valid_1 rmse : 8.94386
[LightGBM] [Info] 22.107059 seconds elapsed, finished iteration 466
[LightGBM] [Debug] Trained a tree with leaves = 255 and depth = 22
[LightGBM] [Info] Iteration:467, valid_1 rmse : 8.94382
[LightGBM] [Info] 22.158893 seconds elapsed, finished iteration 467
[LightGBM] [Debug] Trained a tree with leaves = 255 and depth = 20
[LightGBM] [Info] Iteration:468, valid_1 rmse : 8.94377
[LightGBM] [Info] 22.202274 seconds elapsed, finished iteration 468
[LightGBM] [Debug] Trained a tree with leaves = 255 and depth = 18
[LightGBM] [Info] Iteration:469, valid_1 rmse : 8.94382
[LightGBM] [Info] 22.244642 seconds elapsed, finished iteration 469
[LightGBM] [Debug] Trained a tree with leaves = 255 and depth = 21
[LightGBM] [Info] Iteration:470, valid_1 rmse : 8.94388
[LightGBM] [Info] 22.282377 seconds elapsed, finished iteration 470
[LightGBM] [Debug] Trained a tree with leaves = 255 and depth = 24
[LightGBM] [Info] Iteration:471, valid_1 rmse : 8.94343
[LightGBM] [Info] 22.333429 seconds elapsed, finished iteration 471
[LightGBM] [Debug] Trained a tree with leaves = 255 and depth = 23
[LightGBM] [Info] Iteration:472, valid_1 rmse : 8.94343
[LightGBM] [Info] 22.373920 seconds elapsed, finished iteration 472
[LightGBM] [Debug] Trained a tree with leaves = 255 and depth = 18
[LightGBM] [Info] Iteration:473, valid_1 rmse : 8.94349
[LightGBM] [Info] 22.408241 seconds elapsed, finished iteration 473
[LightGBM] [Debug] Trained a tree with leaves = 255 and depth = 21
[LightGBM] [Info] Iteration:474, valid_1 rmse : 8.94399
[LightGBM] [Info] 22.444292 seconds elapsed, finished iteration 474
[LightGBM] [Debug] Trained a tree with leaves = 255 and depth = 23
[LightGBM] [Info] Iteration:475, valid_1 rmse : 8.94401
[LightGBM] [Info] 22.483651 seconds elapsed, finished iteration 475
[LightGBM] [Debug] Trained a tree with leaves = 255 and depth = 26
[LightGBM] [Info] Iteration:476, valid_1 rmse : 8.94365
[LightGBM] [Info] 22.518582 seconds elapsed, finished iteration 476
[LightGBM] [Debug] Trained a tree with leaves = 255 and depth = 18
[LightGBM] [Info] Iteration:477, valid_1 rmse : 8.94339
[LightGBM] [Info] 22.557033 seconds elapsed, finished iteration 477
[LightGBM] [Debug] Trained a tree with leaves = 255 and depth = 23
[LightGBM] [Info] Iteration:478, valid_1 rmse : 8.94345
[LightGBM] [Info] 22.592369 seconds elapsed, finished iteration 478
[LightGBM] [Debug] Trained a tree with leaves = 255 and depth = 22
[LightGBM] [Info] Iteration:479, valid_1 rmse : 8.94377
[LightGBM] [Info] 22.626657 seconds elapsed, finished iteration 479
[LightGBM] [Debug] Trained a tree with leaves = 255 and depth = 23
[LightGBM] [Info] Iteration:480, valid_1 rmse : 8.94354
[LightGBM] [Info] 22.663734 seconds elapsed, finished iteration 480
[LightGBM] [Debug] Trained a tree with leaves = 255 and depth = 16
[LightGBM] [Info] Iteration:481, valid_1 rmse : 8.94359
[LightGBM] [Info] 22.710140 seconds elapsed, finished iteration 481
[LightGBM] [Debug] Trained a tree with leaves = 255 and depth = 25
[LightGBM] [Info] Iteration:482, valid_1 rmse : 8.94364
[LightGBM] [Info] 22.745139 seconds elapsed, finished iteration 482
[LightGBM] [Debug] Trained a tree with leaves = 255 and depth = 25
[LightGBM] [Info] Iteration:483, valid_1 rmse : 8.94347
[LightGBM] [Info] 22.782919 seconds elapsed, finished iteration 483
[LightGBM] [Debug] Trained a tree with leaves = 255 and depth = 19
[LightGBM] [Info] Iteration:484, valid_1 rmse : 8.94301
[LightGBM] [Info] 22.815063 seconds elapsed, finished iteration 484
[LightGBM] [Debug] Trained a tree with leaves = 255 and depth = 21
[LightGBM] [Info] Iteration:485, valid_1 rmse : 8.94325
[LightGBM] [Info] 22.848606 seconds elapsed, finished iteration 485
[LightGBM] [Debug] Trained a tree with leaves = 255 and depth = 24
[LightGBM] [Info] Iteration:486, valid_1 rmse : 8.94319
[LightGBM] [Info] 22.891041 seconds elapsed, finished iteration 486
[LightGBM] [Debug] Trained a tree with leaves = 255 and depth = 24
[LightGBM] [Info] Iteration:487, valid_1 rmse : 8.94315
[LightGBM] [Info] 22.931119 seconds elapsed, finished iteration 487
[LightGBM] [Debug] Trained a tree with leaves = 255 and depth = 19
[LightGBM] [Info] Iteration:488, valid_1 rmse : 8.94297
[LightGBM] [Info] 22.983554 seconds elapsed, finished iteration 488
[LightGBM] [Debug] Trained a tree with leaves = 255 and depth = 23
[LightGBM] [Info] Iteration:489, valid_1 rmse : 8.94297
[LightGBM] [Info] 23.025136 seconds elapsed, finished iteration 489
[LightGBM] [Debug] Trained a tree with leaves = 255 and depth = 24
[LightGBM] [Info] Iteration:490, valid_1 rmse : 8.94315
[LightGBM] [Info] 23.064084 seconds elapsed, finished iteration 490
[LightGBM] [Debug] Trained a tree with leaves = 255 and depth = 20
[LightGBM] [Info] Iteration:491, valid_1 rmse : 8.94327
[LightGBM] [Info] 23.099463 seconds elapsed, finished iteration 491
[LightGBM] [Debug] Trained a tree with leaves = 255 and depth = 19
[LightGBM] [Info] Iteration:492, valid_1 rmse : 8.94353
[LightGBM] [Info] 23.133351 seconds elapsed, finished iteration 492
[LightGBM] [Debug] Trained a tree with leaves = 255 and depth = 17
[LightGBM] [Info] Iteration:493, valid_1 rmse : 8.94296
[LightGBM] [Info] 23.175386 seconds elapsed, finished iteration 493
[LightGBM] [Debug] Trained a tree with leaves = 255 and depth = 20
[LightGBM] [Info] Iteration:494, valid_1 rmse : 8.94298
[LightGBM] [Info] 23.205529 seconds elapsed, finished iteration 494
[LightGBM] [Debug] Trained a tree with leaves = 255 and depth = 20
[LightGBM] [Info] Iteration:495, valid_1 rmse : 8.94288
[LightGBM] [Info] 23.240305 seconds elapsed, finished iteration 495
[LightGBM] [Debug] Trained a tree with leaves = 255 and depth = 25
[LightGBM] [Info] Iteration:496, valid_1 rmse : 8.94282
[LightGBM] [Info] 23.282286 seconds elapsed, finished iteration 496
[LightGBM] [Debug] Trained a tree with leaves = 255 and depth = 26
[LightGBM] [Info] Iteration:497, valid_1 rmse : 8.94256
[LightGBM] [Info] 23.336330 seconds elapsed, finished iteration 497
[LightGBM] [Debug] Trained a tree with leaves = 255 and depth = 23
[LightGBM] [Info] Iteration:498, valid_1 rmse : 8.94301
[LightGBM] [Info] 23.372842 seconds elapsed, finished iteration 498
[LightGBM] [Debug] Trained a tree with leaves = 255 and depth = 29
[LightGBM] [Info] Iteration:499, valid_1 rmse : 8.94277
[LightGBM] [Info] 23.411010 seconds elapsed, finished iteration 499
[LightGBM] [Debug] Trained a tree with leaves = 255 and depth = 25
[LightGBM] [Info] Iteration:500, valid_1 rmse : 8.94233
[LightGBM] [Info] 23.448218 seconds elapsed, finished iteration 500
[LightGBM] [Info] Finished training
