0:	test: 0.8928698	best: 0.8928698 (0)	total: 8.04s	remaining: 1h 6m 54s
1:	test: 0.9171559	best: 0.9171559 (1)	total: 15.3s	remaining: 1h 3m 22s
2:	test: 0.9200501	best: 0.9200501 (2)	total: 21s	remaining: 58m 5s
3:	test: 0.9427235	best: 0.9427235 (3)	total: 27.2s	remaining: 56m 15s
4:	test: 0.9440529	best: 0.9440529 (4)	total: 34.1s	remaining: 56m 12s
5:	test: 0.9439074	best: 0.9440529 (4)	total: 40.3s	remaining: 55m 21s
6:	test: 0.9450075	best: 0.9450075 (6)	total: 45.7s	remaining: 53m 41s
7:	test: 0.9441733	best: 0.9450075 (6)	total: 51.8s	remaining: 53m 6s
8:	test: 0.9427831	best: 0.9450075 (6)	total: 57.5s	remaining: 52m 17s
9:	test: 0.9453072	best: 0.9453072 (9)	total: 1m 3s	remaining: 51m 31s
10:	test: 0.9221304	best: 0.9453072 (9)	total: 1m 9s	remaining: 51m 25s
11:	test: 0.9245644	best: 0.9453072 (9)	total: 1m 15s	remaining: 51m 5s
12:	test: 0.9422066	best: 0.9453072 (9)	total: 1m 20s	remaining: 50m 27s
13:	test: 0.9473320	best: 0.9473320 (13)	total: 1m 27s	remaining: 50m 39s
14:	test: 0.9477319	best: 0.9477319 (14)	total: 1m 34s	remaining: 50m 43s
15:	test: 0.9478507	best: 0.9478507 (15)	total: 1m 40s	remaining: 50m 40s
16:	test: 0.9429729	best: 0.9478507 (15)	total: 1m 47s	remaining: 51m 6s
17:	test: 0.9470938	best: 0.9478507 (15)	total: 1m 54s	remaining: 51m 18s
18:	test: 0.9471572	best: 0.9478507 (15)	total: 2m 2s	remaining: 51m 35s
19:	test: 0.9473064	best: 0.9478507 (15)	total: 2m 9s	remaining: 51m 55s
20:	test: 0.9548193	best: 0.9548193 (20)	total: 2m 16s	remaining: 51m 51s
21:	test: 0.9545895	best: 0.9548193 (20)	total: 2m 22s	remaining: 51m 35s
22:	test: 0.9525412	best: 0.9548193 (20)	total: 2m 29s	remaining: 51m 34s
23:	test: 0.9523249	best: 0.9548193 (20)	total: 2m 35s	remaining: 51m 28s
24:	test: 0.9553908	best: 0.9553908 (24)	total: 2m 42s	remaining: 51m 25s
25:	test: 0.9551598	best: 0.9553908 (24)	total: 2m 49s	remaining: 51m 27s
26:	test: 0.9549933	best: 0.9553908 (24)	total: 2m 56s	remaining: 51m 33s
27:	test: 0.9550068	best: 0.9553908 (24)	total: 3m 3s	remaining: 51m 31s
28:	test: 0.9534345	best: 0.9553908 (24)	total: 3m 10s	remaining: 51m 28s
29:	test: 0.9543171	best: 0.9553908 (24)	total: 3m 17s	remaining: 51m 30s
30:	test: 0.9513436	best: 0.9553908 (24)	total: 3m 23s	remaining: 51m 23s
31:	test: 0.9512626	best: 0.9553908 (24)	total: 3m 31s	remaining: 51m 37s
32:	test: 0.9499210	best: 0.9553908 (24)	total: 3m 39s	remaining: 51m 52s
33:	test: 0.9492080	best: 0.9553908 (24)	total: 3m 45s	remaining: 51m 25s
34:	test: 0.9501849	best: 0.9553908 (24)	total: 3m 50s	remaining: 50m 59s
35:	test: 0.9496429	best: 0.9553908 (24)	total: 3m 57s	remaining: 51m 6s
36:	test: 0.9502226	best: 0.9553908 (24)	total: 4m 5s	remaining: 51m 6s
37:	test: 0.9498333	best: 0.9553908 (24)	total: 4m 11s	remaining: 50m 56s
38:	test: 0.9477964	best: 0.9553908 (24)	total: 4m 17s	remaining: 50m 48s
39:	test: 0.9481047	best: 0.9553908 (24)	total: 4m 22s	remaining: 50m 23s
40:	test: 0.9481279	best: 0.9553908 (24)	total: 4m 30s	remaining: 50m 23s
41:	test: 0.9476922	best: 0.9553908 (24)	total: 4m 34s	remaining: 49m 54s
42:	test: 0.9450381	best: 0.9553908 (24)	total: 4m 43s	remaining: 50m 16s
43:	test: 0.9453552	best: 0.9553908 (24)	total: 4m 48s	remaining: 49m 46s
44:	test: 0.9451397	best: 0.9553908 (24)	total: 4m 53s	remaining: 49m 25s
45:	test: 0.9455405	best: 0.9553908 (24)	total: 5m	remaining: 49m 29s
46:	test: 0.9457870	best: 0.9553908 (24)	total: 5m 6s	remaining: 49m 14s
47:	test: 0.9453513	best: 0.9553908 (24)	total: 5m 11s	remaining: 48m 51s
48:	test: 0.9453626	best: 0.9553908 (24)	total: 5m 16s	remaining: 48m 30s
49:	test: 0.9472045	best: 0.9553908 (24)	total: 5m 25s	remaining: 48m 46s
50:	test: 0.9433047	best: 0.9553908 (24)	total: 5m 33s	remaining: 48m 54s
51:	test: 0.9408885	best: 0.9553908 (24)	total: 5m 43s	remaining: 49m 15s
52:	test: 0.9385088	best: 0.9553908 (24)	total: 5m 52s	remaining: 49m 33s
53:	test: 0.9387043	best: 0.9553908 (24)	total: 6m	remaining: 49m 40s
54:	test: 0.9374241	best: 0.9553908 (24)	total: 6m 7s	remaining: 49m 34s
55:	test: 0.9375757	best: 0.9553908 (24)	total: 6m 14s	remaining: 49m 30s
56:	test: 0.9370569	best: 0.9553908 (24)	total: 6m 23s	remaining: 49m 37s
57:	test: 0.9367320	best: 0.9553908 (24)	total: 6m 30s	remaining: 49m 32s
58:	test: 0.9363791	best: 0.9553908 (24)	total: 6m 35s	remaining: 49m 18s
59:	test: 0.9362962	best: 0.9553908 (24)	total: 6m 46s	remaining: 49m 38s
60:	test: 0.9362267	best: 0.9553908 (24)	total: 6m 57s	remaining: 50m 7s
61:	test: 0.9358957	best: 0.9553908 (24)	total: 7m 6s	remaining: 50m 9s
62:	test: 0.9357233	best: 0.9553908 (24)	total: 7m 13s	remaining: 50m 9s
63:	test: 0.9354865	best: 0.9553908 (24)	total: 7m 22s	remaining: 50m 15s
64:	test: 0.9351176	best: 0.9553908 (24)	total: 7m 31s	remaining: 50m 22s
65:	test: 0.9349237	best: 0.9553908 (24)	total: 7m 41s	remaining: 50m 35s
66:	test: 0.9349099	best: 0.9553908 (24)	total: 7m 53s	remaining: 50m 58s
67:	test: 0.9348648	best: 0.9553908 (24)	total: 8m 2s	remaining: 51m 6s
68:	test: 0.9348657	best: 0.9553908 (24)	total: 8m 10s	remaining: 51m 3s
69:	test: 0.9348503	best: 0.9553908 (24)	total: 8m 17s	remaining: 50m 57s
70:	test: 0.9349354	best: 0.9553908 (24)	total: 8m 24s	remaining: 50m 47s
71:	test: 0.9343798	best: 0.9553908 (24)	total: 8m 33s	remaining: 50m 55s
72:	test: 0.9343567	best: 0.9553908 (24)	total: 8m 36s	remaining: 50m 23s
73:	test: 0.9343832	best: 0.9553908 (24)	total: 8m 42s	remaining: 50m 6s
74:	test: 0.9341787	best: 0.9553908 (24)	total: 8m 47s	remaining: 49m 47s
75:	test: 0.9342934	best: 0.9553908 (24)	total: 8m 53s	remaining: 49m 39s
76:	test: 0.9342549	best: 0.9553908 (24)	total: 9m	remaining: 49m 31s
77:	test: 0.9342237	best: 0.9553908 (24)	total: 9m 5s	remaining: 49m 12s
78:	test: 0.9341996	best: 0.9553908 (24)	total: 9m 14s	remaining: 49m 15s
79:	test: 0.9341125	best: 0.9553908 (24)	total: 9m 25s	remaining: 49m 27s
80:	test: 0.9341357	best: 0.9553908 (24)	total: 9m 28s	remaining: 48m 58s
81:	test: 0.9341640	best: 0.9553908 (24)	total: 9m 37s	remaining: 49m 5s
82:	test: 0.9341676	best: 0.9553908 (24)	total: 9m 45s	remaining: 48m 59s
83:	test: 0.9342140	best: 0.9553908 (24)	total: 9m 51s	remaining: 48m 50s
84:	test: 0.9342062	best: 0.9553908 (24)	total: 9m 56s	remaining: 48m 32s
85:	test: 0.9342078	best: 0.9553908 (24)	total: 10m 4s	remaining: 48m 31s
86:	test: 0.9342044	best: 0.9553908 (24)	total: 10m 9s	remaining: 48m 13s
87:	test: 0.9341819	best: 0.9553908 (24)	total: 10m 13s	remaining: 47m 50s
88:	test: 0.9341399	best: 0.9553908 (24)	total: 10m 18s	remaining: 47m 36s
89:	test: 0.9341689	best: 0.9553908 (24)	total: 10m 28s	remaining: 47m 41s
90:	test: 0.9342111	best: 0.9553908 (24)	total: 10m 36s	remaining: 47m 41s
91:	test: 0.9340779	best: 0.9553908 (24)	total: 10m 42s	remaining: 47m 29s
92:	test: 0.9340866	best: 0.9553908 (24)	total: 10m 46s	remaining: 47m 8s
93:	test: 0.9340536	best: 0.9553908 (24)	total: 10m 49s	remaining: 46m 45s
94:	test: 0.9340481	best: 0.9553908 (24)	total: 10m 54s	remaining: 46m 29s
95:	test: 0.9340852	best: 0.9553908 (24)	total: 11m 2s	remaining: 46m 28s
96:	test: 0.9340028	best: 0.9553908 (24)	total: 11m 8s	remaining: 46m 17s
97:	test: 0.9339862	best: 0.9553908 (24)	total: 11m 13s	remaining: 46m 1s
98:	test: 0.9339866	best: 0.9553908 (24)	total: 11m 15s	remaining: 45m 35s
99:	test: 0.9339797	best: 0.9553908 (24)	total: 11m 18s	remaining: 45m 14s
100:	test: 0.9338823	best: 0.9553908 (24)	total: 11m 23s	remaining: 45m
101:	test: 0.9337287	best: 0.9553908 (24)	total: 11m 33s	remaining: 45m 5s
102:	test: 0.9333512	best: 0.9553908 (24)	total: 11m 40s	remaining: 44m 58s
103:	test: 0.9333669	best: 0.9553908 (24)	total: 11m 47s	remaining: 44m 53s
104:	test: 0.9334050	best: 0.9553908 (24)	total: 11m 54s	remaining: 44m 46s
105:	test: 0.9333765	best: 0.9553908 (24)	total: 11m 59s	remaining: 44m 35s
106:	test: 0.9332232	best: 0.9553908 (24)	total: 12m 5s	remaining: 44m 26s
107:	test: 0.9330293	best: 0.9553908 (24)	total: 12m 10s	remaining: 44m 11s
108:	test: 0.9330540	best: 0.9553908 (24)	total: 12m 15s	remaining: 43m 58s
109:	test: 0.9329683	best: 0.9553908 (24)	total: 12m 25s	remaining: 44m 1s
110:	test: 0.9326207	best: 0.9553908 (24)	total: 12m 31s	remaining: 43m 53s
111:	test: 0.9325493	best: 0.9553908 (24)	total: 12m 36s	remaining: 43m 39s
112:	test: 0.9327042	best: 0.9553908 (24)	total: 12m 47s	remaining: 43m 47s
113:	test: 0.9327404	best: 0.9553908 (24)	total: 12m 58s	remaining: 43m 55s
114:	test: 0.9322295	best: 0.9553908 (24)	total: 13m 3s	remaining: 43m 43s
115:	test: 0.9322225	best: 0.9553908 (24)	total: 13m 8s	remaining: 43m 30s
116:	test: 0.9322209	best: 0.9553908 (24)	total: 13m 10s	remaining: 43m 8s
117:	test: 0.9321619	best: 0.9553908 (24)	total: 13m 18s	remaining: 43m 4s
118:	test: 0.9321903	best: 0.9553908 (24)	total: 13m 23s	remaining: 42m 52s
119:	test: 0.9320734	best: 0.9553908 (24)	total: 13m 31s	remaining: 42m 48s
120:	test: 0.9320434	best: 0.9553908 (24)	total: 13m 37s	remaining: 42m 40s
121:	test: 0.9320739	best: 0.9553908 (24)	total: 13m 45s	remaining: 42m 39s
122:	test: 0.9319919	best: 0.9553908 (24)	total: 13m 51s	remaining: 42m 27s
123:	test: 0.9320015	best: 0.9553908 (24)	total: 13m 59s	remaining: 42m 26s
124:	test: 0.9319934	best: 0.9553908 (24)	total: 14m 6s	remaining: 42m 18s
125:	test: 0.9319575	best: 0.9553908 (24)	total: 14m 11s	remaining: 42m 6s
126:	test: 0.9319593	best: 0.9553908 (24)	total: 14m 13s	remaining: 41m 46s
127:	test: 0.9318251	best: 0.9553908 (24)	total: 14m 19s	remaining: 41m 38s
128:	test: 0.9315365	best: 0.9553908 (24)	total: 14m 22s	remaining: 41m 19s
129:	test: 0.9315224	best: 0.9553908 (24)	total: 14m 25s	remaining: 41m 3s
130:	test: 0.9313695	best: 0.9553908 (24)	total: 14m 28s	remaining: 40m 46s
131:	test: 0.9313367	best: 0.9553908 (24)	total: 14m 31s	remaining: 40m 29s
132:	test: 0.9313550	best: 0.9553908 (24)	total: 14m 36s	remaining: 40m 18s
133:	test: 0.9313910	best: 0.9553908 (24)	total: 14m 40s	remaining: 40m 5s
134:	test: 0.9313493	best: 0.9553908 (24)	total: 14m 46s	remaining: 39m 56s
135:	test: 0.9313494	best: 0.9553908 (24)	total: 14m 50s	remaining: 39m 44s
136:	test: 0.9312146	best: 0.9553908 (24)	total: 14m 59s	remaining: 39m 44s
137:	test: 0.9312136	best: 0.9553908 (24)	total: 15m 2s	remaining: 39m 26s
138:	test: 0.9310560	best: 0.9553908 (24)	total: 15m 5s	remaining: 39m 12s
139:	test: 0.9304756	best: 0.9553908 (24)	total: 15m 10s	remaining: 39m 2s
140:	test: 0.9304805	best: 0.9553908 (24)	total: 15m 17s	remaining: 38m 56s
141:	test: 0.9304810	best: 0.9553908 (24)	total: 15m 23s	remaining: 38m 48s
142:	test: 0.9303443	best: 0.9553908 (24)	total: 15m 28s	remaining: 38m 38s
143:	test: 0.9303301	best: 0.9553908 (24)	total: 15m 30s	remaining: 38m 21s
144:	test: 0.9303217	best: 0.9553908 (24)	total: 15m 33s	remaining: 38m 4s
145:	test: 0.9302731	best: 0.9553908 (24)	total: 15m 40s	remaining: 38m
146:	test: 0.9302470	best: 0.9553908 (24)	total: 15m 46s	remaining: 37m 52s
147:	test: 0.9300719	best: 0.9553908 (24)	total: 15m 54s	remaining: 37m 50s
148:	test: 0.9300561	best: 0.9553908 (24)	total: 16m 2s	remaining: 37m 47s
149:	test: 0.9300568	best: 0.9553908 (24)	total: 16m 7s	remaining: 37m 37s
150:	test: 0.9298964	best: 0.9553908 (24)	total: 16m 16s	remaining: 37m 37s
151:	test: 0.9298940	best: 0.9553908 (24)	total: 16m 21s	remaining: 37m 26s
152:	test: 0.9298600	best: 0.9553908 (24)	total: 16m 25s	remaining: 37m 15s
153:	test: 0.9301050	best: 0.9553908 (24)	total: 16m 28s	remaining: 37m
154:	test: 0.9300078	best: 0.9553908 (24)	total: 16m 33s	remaining: 36m 51s
155:	test: 0.9300095	best: 0.9553908 (24)	total: 16m 35s	remaining: 36m 35s
156:	test: 0.9300091	best: 0.9553908 (24)	total: 16m 41s	remaining: 36m 27s
157:	test: 0.9299706	best: 0.9553908 (24)	total: 16m 46s	remaining: 36m 18s
158:	test: 0.9298764	best: 0.9553908 (24)	total: 16m 55s	remaining: 36m 18s
159:	test: 0.9298379	best: 0.9553908 (24)	total: 16m 58s	remaining: 36m 3s
160:	test: 0.9298384	best: 0.9553908 (24)	total: 17m	remaining: 35m 48s
161:	test: 0.9298531	best: 0.9553908 (24)	total: 17m 4s	remaining: 35m 37s
162:	test: 0.9298794	best: 0.9553908 (24)	total: 17m 12s	remaining: 35m 34s
163:	test: 0.9298916	best: 0.9553908 (24)	total: 17m 15s	remaining: 35m 21s
164:	test: 0.9300481	best: 0.9553908 (24)	total: 17m 17s	remaining: 35m 7s
165:	test: 0.9299389	best: 0.9553908 (24)	total: 17m 20s	remaining: 34m 54s
166:	test: 0.9299195	best: 0.9553908 (24)	total: 17m 23s	remaining: 34m 39s
167:	test: 0.9303909	best: 0.9553908 (24)	total: 17m 28s	remaining: 34m 32s
168:	test: 0.9304219	best: 0.9553908 (24)	total: 17m 34s	remaining: 34m 25s
169:	test: 0.9304106	best: 0.9553908 (24)	total: 17m 43s	remaining: 34m 23s
170:	test: 0.9303988	best: 0.9553908 (24)	total: 17m 47s	remaining: 34m 14s
171:	test: 0.9304170	best: 0.9553908 (24)	total: 17m 52s	remaining: 34m 5s
172:	test: 0.9303608	best: 0.9553908 (24)	total: 17m 55s	remaining: 33m 53s
173:	test: 0.9303926	best: 0.9553908 (24)	total: 18m 3s	remaining: 33m 49s
174:	test: 0.9303789	best: 0.9553908 (24)	total: 18m 8s	remaining: 33m 41s
175:	test: 0.9303806	best: 0.9553908 (24)	total: 18m 11s	remaining: 33m 29s
176:	test: 0.9303664	best: 0.9553908 (24)	total: 18m 15s	remaining: 33m 18s
177:	test: 0.9303717	best: 0.9553908 (24)	total: 18m 18s	remaining: 33m 6s
178:	test: 0.9301784	best: 0.9553908 (24)	total: 18m 23s	remaining: 32m 58s
179:	test: 0.9302071	best: 0.9553908 (24)	total: 18m 27s	remaining: 32m 48s
180:	test: 0.9301757	best: 0.9553908 (24)	total: 18m 30s	remaining: 32m 37s
181:	test: 0.9300478	best: 0.9553908 (24)	total: 18m 36s	remaining: 32m 31s
182:	test: 0.9300830	best: 0.9553908 (24)	total: 18m 40s	remaining: 32m 20s
183:	test: 0.9300869	best: 0.9553908 (24)	total: 18m 43s	remaining: 32m 8s
184:	test: 0.9300743	best: 0.9553908 (24)	total: 18m 47s	remaining: 31m 59s
185:	test: 0.9300600	best: 0.9553908 (24)	total: 18m 49s	remaining: 31m 46s
186:	test: 0.9300504	best: 0.9553908 (24)	total: 18m 52s	remaining: 31m 35s
187:	test: 0.9300691	best: 0.9553908 (24)	total: 18m 56s	remaining: 31m 26s
188:	test: 0.9305795	best: 0.9553908 (24)	total: 19m	remaining: 31m 16s
189:	test: 0.9305890	best: 0.9553908 (24)	total: 19m 5s	remaining: 31m 8s
190:	test: 0.9305930	best: 0.9553908 (24)	total: 19m 12s	remaining: 31m 4s
191:	test: 0.9306216	best: 0.9553908 (24)	total: 19m 19s	remaining: 30m 59s
192:	test: 0.9304691	best: 0.9553908 (24)	total: 19m 24s	remaining: 30m 52s
193:	test: 0.9304674	best: 0.9553908 (24)	total: 19m 27s	remaining: 30m 41s
194:	test: 0.9304615	best: 0.9553908 (24)	total: 19m 31s	remaining: 30m 31s
195:	test: 0.9304621	best: 0.9553908 (24)	total: 19m 33s	remaining: 30m 20s
196:	test: 0.9304720	best: 0.9553908 (24)	total: 19m 42s	remaining: 30m 18s
197:	test: 0.9304749	best: 0.9553908 (24)	total: 19m 45s	remaining: 30m 8s
198:	test: 0.9304751	best: 0.9553908 (24)	total: 19m 49s	remaining: 29m 59s
199:	test: 0.9303356	best: 0.9553908 (24)	total: 19m 55s	remaining: 29m 53s
200:	test: 0.9301640	best: 0.9553908 (24)	total: 19m 59s	remaining: 29m 43s
201:	test: 0.9301504	best: 0.9553908 (24)	total: 20m 2s	remaining: 29m 33s
202:	test: 0.9301510	best: 0.9553908 (24)	total: 20m 4s	remaining: 29m 22s
203:	test: 0.9301985	best: 0.9553908 (24)	total: 20m 8s	remaining: 29m 13s
204:	test: 0.9301706	best: 0.9553908 (24)	total: 20m 11s	remaining: 29m 3s
205:	test: 0.9301642	best: 0.9553908 (24)	total: 20m 16s	remaining: 28m 56s
206:	test: 0.9301741	best: 0.9553908 (24)	total: 20m 19s	remaining: 28m 46s
207:	test: 0.9301694	best: 0.9553908 (24)	total: 20m 22s	remaining: 28m 35s
208:	test: 0.9301571	best: 0.9553908 (24)	total: 20m 24s	remaining: 28m 24s
209:	test: 0.9301850	best: 0.9553908 (24)	total: 20m 26s	remaining: 28m 13s
210:	test: 0.9301843	best: 0.9553908 (24)	total: 20m 32s	remaining: 28m 7s
211:	test: 0.9302038	best: 0.9553908 (24)	total: 20m 35s	remaining: 27m 58s
212:	test: 0.9302135	best: 0.9553908 (24)	total: 20m 38s	remaining: 27m 48s
213:	test: 0.9303268	best: 0.9553908 (24)	total: 20m 43s	remaining: 27m 41s
214:	test: 0.9302948	best: 0.9553908 (24)	total: 20m 45s	remaining: 27m 30s
215:	test: 0.9302830	best: 0.9553908 (24)	total: 20m 47s	remaining: 27m 20s
216:	test: 0.9302763	best: 0.9553908 (24)	total: 20m 50s	remaining: 27m 11s
217:	test: 0.9302760	best: 0.9553908 (24)	total: 20m 52s	remaining: 27m
218:	test: 0.9302613	best: 0.9553908 (24)	total: 20m 56s	remaining: 26m 52s
219:	test: 0.9303192	best: 0.9553908 (24)	total: 20m 59s	remaining: 26m 42s
220:	test: 0.9302992	best: 0.9553908 (24)	total: 21m 4s	remaining: 26m 36s
221:	test: 0.9303014	best: 0.9553908 (24)	total: 21m 7s	remaining: 26m 26s
222:	test: 0.9302708	best: 0.9553908 (24)	total: 21m 11s	remaining: 26m 19s
223:	test: 0.9302849	best: 0.9553908 (24)	total: 21m 18s	remaining: 26m 15s
224:	test: 0.9301338	best: 0.9553908 (24)	total: 21m 22s	remaining: 26m 7s
225:	test: 0.9301937	best: 0.9553908 (24)	total: 21m 27s	remaining: 26m
226:	test: 0.9301929	best: 0.9553908 (24)	total: 21m 30s	remaining: 25m 51s
227:	test: 0.9300944	best: 0.9553908 (24)	total: 21m 35s	remaining: 25m 45s
228:	test: 0.9300981	best: 0.9553908 (24)	total: 21m 38s	remaining: 25m 36s
229:	test: 0.9304451	best: 0.9553908 (24)	total: 21m 42s	remaining: 25m 28s
230:	test: 0.9304637	best: 0.9553908 (24)	total: 21m 49s	remaining: 25m 24s
231:	test: 0.9304680	best: 0.9553908 (24)	total: 21m 54s	remaining: 25m 17s
232:	test: 0.9303544	best: 0.9553908 (24)	total: 22m	remaining: 25m 12s
233:	test: 0.9303483	best: 0.9553908 (24)	total: 22m 2s	remaining: 25m 3s
234:	test: 0.9302709	best: 0.9553908 (24)	total: 22m 12s	remaining: 25m 3s
235:	test: 0.9302100	best: 0.9553908 (24)	total: 22m 15s	remaining: 24m 54s
236:	test: 0.9301702	best: 0.9553908 (24)	total: 22m 18s	remaining: 24m 44s
237:	test: 0.9300713	best: 0.9553908 (24)	total: 22m 22s	remaining: 24m 37s
238:	test: 0.9300604	best: 0.9553908 (24)	total: 22m 25s	remaining: 24m 29s
239:	test: 0.9300858	best: 0.9553908 (24)	total: 22m 30s	remaining: 24m 23s
240:	test: 0.9300821	best: 0.9553908 (24)	total: 22m 33s	remaining: 24m 14s
241:	test: 0.9300763	best: 0.9553908 (24)	total: 22m 36s	remaining: 24m 6s
242:	test: 0.9300709	best: 0.9553908 (24)	total: 22m 50s	remaining: 24m 9s
243:	test: 0.9300875	best: 0.9553908 (24)	total: 22m 56s	remaining: 24m 3s
244:	test: 0.9300872	best: 0.9553908 (24)	total: 22m 58s	remaining: 23m 55s
245:	test: 0.9300666	best: 0.9553908 (24)	total: 23m 2s	remaining: 23m 47s
246:	test: 0.9300918	best: 0.9553908 (24)	total: 23m 5s	remaining: 23m 39s
247:	test: 0.9301498	best: 0.9553908 (24)	total: 23m 11s	remaining: 23m 33s
248:	test: 0.9302063	best: 0.9553908 (24)	total: 23m 14s	remaining: 23m 26s
249:	test: 0.9301825	best: 0.9553908 (24)	total: 23m 17s	remaining: 23m 17s
250:	test: 0.9301794	best: 0.9553908 (24)	total: 23m 19s	remaining: 23m 8s
251:	test: 0.9301560	best: 0.9553908 (24)	total: 23m 23s	remaining: 23m 1s
252:	test: 0.9301569	best: 0.9553908 (24)	total: 23m 28s	remaining: 22m 55s
253:	test: 0.9301451	best: 0.9553908 (24)	total: 23m 33s	remaining: 22m 48s
254:	test: 0.9301752	best: 0.9553908 (24)	total: 23m 36s	remaining: 22m 40s
255:	test: 0.9301685	best: 0.9553908 (24)	total: 23m 38s	remaining: 22m 31s
256:	test: 0.9301690	best: 0.9553908 (24)	total: 23m 40s	remaining: 22m 22s
257:	test: 0.9301724	best: 0.9553908 (24)	total: 23m 43s	remaining: 22m 15s
258:	test: 0.9301672	best: 0.9553908 (24)	total: 23m 47s	remaining: 22m 8s
259:	test: 0.9301811	best: 0.9553908 (24)	total: 23m 50s	remaining: 22m
260:	test: 0.9301806	best: 0.9553908 (24)	total: 23m 52s	remaining: 21m 51s
261:	test: 0.9302470	best: 0.9553908 (24)	total: 23m 57s	remaining: 21m 45s
262:	test: 0.9302442	best: 0.9553908 (24)	total: 23m 59s	remaining: 21m 37s
263:	test: 0.9302231	best: 0.9553908 (24)	total: 24m 3s	remaining: 21m 30s
264:	test: 0.9302241	best: 0.9553908 (24)	total: 24m 7s	remaining: 21m 23s
265:	test: 0.9302333	best: 0.9553908 (24)	total: 24m 11s	remaining: 21m 16s
266:	test: 0.9302368	best: 0.9553908 (24)	total: 24m 14s	remaining: 21m 9s
267:	test: 0.9300359	best: 0.9553908 (24)	total: 24m 26s	remaining: 21m 9s
268:	test: 0.9300359	best: 0.9553908 (24)	total: 24m 28s	remaining: 21m 1s
269:	test: 0.9300236	best: 0.9553908 (24)	total: 24m 31s	remaining: 20m 53s
270:	test: 0.9300265	best: 0.9553908 (24)	total: 24m 34s	remaining: 20m 45s
271:	test: 0.9300177	best: 0.9553908 (24)	total: 24m 36s	remaining: 20m 37s
272:	test: 0.9300264	best: 0.9553908 (24)	total: 24m 43s	remaining: 20m 33s
273:	test: 0.9300398	best: 0.9553908 (24)	total: 24m 46s	remaining: 20m 26s
274:	test: 0.9300442	best: 0.9553908 (24)	total: 24m 51s	remaining: 20m 20s
275:	test: 0.9301357	best: 0.9553908 (24)	total: 24m 55s	remaining: 20m 14s
276:	test: 0.9301217	best: 0.9553908 (24)	total: 24m 59s	remaining: 20m 7s
277:	test: 0.9300881	best: 0.9553908 (24)	total: 25m 2s	remaining: 19m 59s
278:	test: 0.9300852	best: 0.9553908 (24)	total: 25m 5s	remaining: 19m 52s
279:	test: 0.9299501	best: 0.9553908 (24)	total: 25m 8s	remaining: 19m 45s
280:	test: 0.9299319	best: 0.9553908 (24)	total: 25m 12s	remaining: 19m 38s
281:	test: 0.9299362	best: 0.9553908 (24)	total: 25m 16s	remaining: 19m 31s
282:	test: 0.9299586	best: 0.9553908 (24)	total: 25m 18s	remaining: 19m 24s
283:	test: 0.9299590	best: 0.9553908 (24)	total: 25m 20s	remaining: 19m 16s
284:	test: 0.9299564	best: 0.9553908 (24)	total: 25m 26s	remaining: 19m 11s
285:	test: 0.9299557	best: 0.9553908 (24)	total: 25m 28s	remaining: 19m 3s
286:	test: 0.9298817	best: 0.9553908 (24)	total: 25m 35s	remaining: 18m 59s
287:	test: 0.9298896	best: 0.9553908 (24)	total: 25m 40s	remaining: 18m 53s
288:	test: 0.9298174	best: 0.9553908 (24)	total: 25m 44s	remaining: 18m 47s
289:	test: 0.9298094	best: 0.9553908 (24)	total: 25m 48s	remaining: 18m 41s
290:	test: 0.9298078	best: 0.9553908 (24)	total: 25m 53s	remaining: 18m 35s
291:	test: 0.9297029	best: 0.9553908 (24)	total: 25m 58s	remaining: 18m 29s
292:	test: 0.9297038	best: 0.9553908 (24)	total: 26m 3s	remaining: 18m 24s
293:	test: 0.9296951	best: 0.9553908 (24)	total: 26m 6s	remaining: 18m 17s
294:	test: 0.9296944	best: 0.9553908 (24)	total: 26m 11s	remaining: 18m 11s
295:	test: 0.9296776	best: 0.9553908 (24)	total: 26m 13s	remaining: 18m 4s
296:	test: 0.9296769	best: 0.9553908 (24)	total: 26m 17s	remaining: 17m 58s
297:	test: 0.9296652	best: 0.9553908 (24)	total: 26m 20s	remaining: 17m 51s
298:	test: 0.9296344	best: 0.9553908 (24)	total: 26m 22s	remaining: 17m 44s
299:	test: 0.9296181	best: 0.9553908 (24)	total: 26m 27s	remaining: 17m 38s
300:	test: 0.9297267	best: 0.9553908 (24)	total: 26m 34s	remaining: 17m 34s
301:	test: 0.9297495	best: 0.9553908 (24)	total: 26m 37s	remaining: 17m 27s
302:	test: 0.9297254	best: 0.9553908 (24)	total: 26m 40s	remaining: 17m 20s
303:	test: 0.9297274	best: 0.9553908 (24)	total: 26m 43s	remaining: 17m 13s
304:	test: 0.9297419	best: 0.9553908 (24)	total: 26m 49s	remaining: 17m 9s
305:	test: 0.9297368	best: 0.9553908 (24)	total: 26m 52s	remaining: 17m 2s
306:	test: 0.9295573	best: 0.9553908 (24)	total: 26m 56s	remaining: 16m 56s
307:	test: 0.9295570	best: 0.9553908 (24)	total: 26m 58s	remaining: 16m 49s
308:	test: 0.9295223	best: 0.9553908 (24)	total: 27m 1s	remaining: 16m 42s
309:	test: 0.9295385	best: 0.9553908 (24)	total: 27m 5s	remaining: 16m 36s
310:	test: 0.9295466	best: 0.9553908 (24)	total: 27m 8s	remaining: 16m 29s
311:	test: 0.9295522	best: 0.9553908 (24)	total: 27m 11s	remaining: 16m 23s
312:	test: 0.9295227	best: 0.9553908 (24)	total: 27m 14s	remaining: 16m 16s
313:	test: 0.9295257	best: 0.9553908 (24)	total: 27m 18s	remaining: 16m 10s
314:	test: 0.9295025	best: 0.9553908 (24)	total: 27m 20s	remaining: 16m 3s
315:	test: 0.9295065	best: 0.9553908 (24)	total: 27m 22s	remaining: 15m 56s
316:	test: 0.9295068	best: 0.9553908 (24)	total: 27m 24s	remaining: 15m 49s
317:	test: 0.9295478	best: 0.9553908 (24)	total: 27m 26s	remaining: 15m 42s
318:	test: 0.9295879	best: 0.9553908 (24)	total: 27m 29s	remaining: 15m 35s
319:	test: 0.9295414	best: 0.9553908 (24)	total: 27m 31s	remaining: 15m 28s
320:	test: 0.9295382	best: 0.9553908 (24)	total: 27m 34s	remaining: 15m 22s
321:	test: 0.9295371	best: 0.9553908 (24)	total: 27m 37s	remaining: 15m 16s
322:	test: 0.9295336	best: 0.9553908 (24)	total: 27m 40s	remaining: 15m 9s
323:	test: 0.9294988	best: 0.9553908 (24)	total: 27m 43s	remaining: 15m 3s
324:	test: 0.9294965	best: 0.9553908 (24)	total: 27m 47s	remaining: 14m 57s
325:	test: 0.9295275	best: 0.9553908 (24)	total: 27m 51s	remaining: 14m 52s
326:	test: 0.9294364	best: 0.9553908 (24)	total: 27m 56s	remaining: 14m 47s
327:	test: 0.9293385	best: 0.9553908 (24)	total: 28m 2s	remaining: 14m 42s
328:	test: 0.9293414	best: 0.9553908 (24)	total: 28m 4s	remaining: 14m 35s
329:	test: 0.9293379	best: 0.9553908 (24)	total: 28m 7s	remaining: 14m 29s
330:	test: 0.9293332	best: 0.9553908 (24)	total: 28m 11s	remaining: 14m 23s
331:	test: 0.9293328	best: 0.9553908 (24)	total: 28m 13s	remaining: 14m 16s
332:	test: 0.9292401	best: 0.9553908 (24)	total: 28m 17s	remaining: 14m 11s
333:	test: 0.9292496	best: 0.9553908 (24)	total: 28m 19s	remaining: 14m 4s
334:	test: 0.9293562	best: 0.9553908 (24)	total: 28m 25s	remaining: 13m 59s
335:	test: 0.9293406	best: 0.9553908 (24)	total: 28m 30s	remaining: 13m 55s
336:	test: 0.9293415	best: 0.9553908 (24)	total: 28m 32s	remaining: 13m 48s
337:	test: 0.9295158	best: 0.9553908 (24)	total: 28m 34s	remaining: 13m 41s
338:	test: 0.9295183	best: 0.9553908 (24)	total: 28m 38s	remaining: 13m 36s
339:	test: 0.9295170	best: 0.9553908 (24)	total: 28m 41s	remaining: 13m 29s
340:	test: 0.9294388	best: 0.9553908 (24)	total: 28m 43s	remaining: 13m 23s
341:	test: 0.9294359	best: 0.9553908 (24)	total: 28m 46s	remaining: 13m 17s
342:	test: 0.9294350	best: 0.9553908 (24)	total: 28m 48s	remaining: 13m 11s
343:	test: 0.9294362	best: 0.9553908 (24)	total: 28m 51s	remaining: 13m 5s
344:	test: 0.9294533	best: 0.9553908 (24)	total: 28m 55s	remaining: 12m 59s
345:	test: 0.9294534	best: 0.9553908 (24)	total: 28m 58s	remaining: 12m 53s
346:	test: 0.9295904	best: 0.9553908 (24)	total: 29m	remaining: 12m 47s
347:	test: 0.9295053	best: 0.9553908 (24)	total: 29m 4s	remaining: 12m 41s
348:	test: 0.9295090	best: 0.9553908 (24)	total: 29m 6s	remaining: 12m 35s
349:	test: 0.9295055	best: 0.9553908 (24)	total: 29m 10s	remaining: 12m 30s
350:	test: 0.9295072	best: 0.9553908 (24)	total: 29m 12s	remaining: 12m 24s
351:	test: 0.9296030	best: 0.9553908 (24)	total: 29m 15s	remaining: 12m 17s
352:	test: 0.9296103	best: 0.9553908 (24)	total: 29m 19s	remaining: 12m 12s
353:	test: 0.9296106	best: 0.9553908 (24)	total: 29m 21s	remaining: 12m 6s
354:	test: 0.9297515	best: 0.9553908 (24)	total: 29m 27s	remaining: 12m 2s
355:	test: 0.9297532	best: 0.9553908 (24)	total: 29m 33s	remaining: 11m 57s
356:	test: 0.9297710	best: 0.9553908 (24)	total: 29m 37s	remaining: 11m 51s
357:	test: 0.9297723	best: 0.9553908 (24)	total: 29m 39s	remaining: 11m 45s
358:	test: 0.9295810	best: 0.9553908 (24)	total: 29m 44s	remaining: 11m 40s
359:	test: 0.9296066	best: 0.9553908 (24)	total: 29m 47s	remaining: 11m 35s
360:	test: 0.9295927	best: 0.9553908 (24)	total: 29m 51s	remaining: 11m 29s
361:	test: 0.9296758	best: 0.9553908 (24)	total: 29m 53s	remaining: 11m 23s
362:	test: 0.9295440	best: 0.9553908 (24)	total: 30m 1s	remaining: 11m 19s
363:	test: 0.9295465	best: 0.9553908 (24)	total: 30m 3s	remaining: 11m 13s
364:	test: 0.9295466	best: 0.9553908 (24)	total: 30m 5s	remaining: 11m 7s
365:	test: 0.9294752	best: 0.9553908 (24)	total: 30m 8s	remaining: 11m 2s
366:	test: 0.9294772	best: 0.9553908 (24)	total: 30m 10s	remaining: 10m 56s
367:	test: 0.9294715	best: 0.9553908 (24)	total: 30m 15s	remaining: 10m 51s
368:	test: 0.9294269	best: 0.9553908 (24)	total: 30m 17s	remaining: 10m 45s
369:	test: 0.9294376	best: 0.9553908 (24)	total: 30m 22s	remaining: 10m 40s
370:	test: 0.9294289	best: 0.9553908 (24)	total: 30m 24s	remaining: 10m 34s
371:	test: 0.9294296	best: 0.9553908 (24)	total: 30m 29s	remaining: 10m 29s
372:	test: 0.9294188	best: 0.9553908 (24)	total: 30m 33s	remaining: 10m 24s
373:	test: 0.9294184	best: 0.9553908 (24)	total: 30m 37s	remaining: 10m 18s
374:	test: 0.9294124	best: 0.9553908 (24)	total: 30m 39s	remaining: 10m 13s
375:	test: 0.9294150	best: 0.9553908 (24)	total: 30m 41s	remaining: 10m 7s
376:	test: 0.9292319	best: 0.9553908 (24)	total: 30m 45s	remaining: 10m 2s
377:	test: 0.9292381	best: 0.9553908 (24)	total: 30m 52s	remaining: 9m 57s
378:	test: 0.9292391	best: 0.9553908 (24)	total: 30m 54s	remaining: 9m 52s
379:	test: 0.9292934	best: 0.9553908 (24)	total: 30m 56s	remaining: 9m 46s
380:	test: 0.9291952	best: 0.9553908 (24)	total: 31m 1s	remaining: 9m 41s
381:	test: 0.9292078	best: 0.9553908 (24)	total: 31m 6s	remaining: 9m 36s
382:	test: 0.9291727	best: 0.9553908 (24)	total: 31m 9s	remaining: 9m 31s
383:	test: 0.9291801	best: 0.9553908 (24)	total: 31m 13s	remaining: 9m 25s
384:	test: 0.9291831	best: 0.9553908 (24)	total: 31m 16s	remaining: 9m 20s
385:	test: 0.9291886	best: 0.9553908 (24)	total: 31m 20s	remaining: 9m 15s
386:	test: 0.9291874	best: 0.9553908 (24)	total: 31m 23s	remaining: 9m 9s
387:	test: 0.9291076	best: 0.9553908 (24)	total: 31m 30s	remaining: 9m 5s
388:	test: 0.9291123	best: 0.9553908 (24)	total: 31m 33s	remaining: 9m
389:	test: 0.9291177	best: 0.9553908 (24)	total: 31m 35s	remaining: 8m 54s
390:	test: 0.9291123	best: 0.9553908 (24)	total: 31m 38s	remaining: 8m 49s
391:	test: 0.9291150	best: 0.9553908 (24)	total: 31m 40s	remaining: 8m 43s
392:	test: 0.9291435	best: 0.9553908 (24)	total: 31m 44s	remaining: 8m 38s
393:	test: 0.9291775	best: 0.9553908 (24)	total: 31m 48s	remaining: 8m 33s
394:	test: 0.9291758	best: 0.9553908 (24)	total: 31m 50s	remaining: 8m 27s
395:	test: 0.9291653	best: 0.9553908 (24)	total: 31m 53s	remaining: 8m 22s
396:	test: 0.9291763	best: 0.9553908 (24)	total: 31m 56s	remaining: 8m 17s
397:	test: 0.9291939	best: 0.9553908 (24)	total: 32m	remaining: 8m 12s
398:	test: 0.9291925	best: 0.9553908 (24)	total: 32m 4s	remaining: 8m 7s
399:	test: 0.9291883	best: 0.9553908 (24)	total: 32m 6s	remaining: 8m 1s
400:	test: 0.9291681	best: 0.9553908 (24)	total: 32m 10s	remaining: 7m 56s
401:	test: 0.9291705	best: 0.9553908 (24)	total: 32m 11s	remaining: 7m 50s
402:	test: 0.9291726	best: 0.9553908 (24)	total: 32m 14s	remaining: 7m 45s
403:	test: 0.9291775	best: 0.9553908 (24)	total: 32m 17s	remaining: 7m 40s
404:	test: 0.9291771	best: 0.9553908 (24)	total: 32m 20s	remaining: 7m 35s
405:	test: 0.9291921	best: 0.9553908 (24)	total: 32m 23s	remaining: 7m 29s
406:	test: 0.9291680	best: 0.9553908 (24)	total: 32m 26s	remaining: 7m 24s
407:	test: 0.9291695	best: 0.9553908 (24)	total: 32m 29s	remaining: 7m 19s
408:	test: 0.9291643	best: 0.9553908 (24)	total: 32m 31s	remaining: 7m 14s
409:	test: 0.9291632	best: 0.9553908 (24)	total: 32m 36s	remaining: 7m 9s
410:	test: 0.9291559	best: 0.9553908 (24)	total: 32m 39s	remaining: 7m 4s
411:	test: 0.9291399	best: 0.9553908 (24)	total: 32m 45s	remaining: 6m 59s
412:	test: 0.9291432	best: 0.9553908 (24)	total: 32m 49s	remaining: 6m 54s
413:	test: 0.9291485	best: 0.9553908 (24)	total: 32m 53s	remaining: 6m 49s
414:	test: 0.9291438	best: 0.9553908 (24)	total: 32m 57s	remaining: 6m 44s
415:	test: 0.9293488	best: 0.9553908 (24)	total: 33m 2s	remaining: 6m 40s
416:	test: 0.9293336	best: 0.9553908 (24)	total: 33m 5s	remaining: 6m 35s
417:	test: 0.9293357	best: 0.9553908 (24)	total: 33m 8s	remaining: 6m 30s
418:	test: 0.9292093	best: 0.9553908 (24)	total: 33m 14s	remaining: 6m 25s
419:	test: 0.9292012	best: 0.9553908 (24)	total: 33m 18s	remaining: 6m 20s
420:	test: 0.9291993	best: 0.9553908 (24)	total: 33m 20s	remaining: 6m 15s
421:	test: 0.9291653	best: 0.9553908 (24)	total: 33m 25s	remaining: 6m 10s
422:	test: 0.9291648	best: 0.9553908 (24)	total: 33m 29s	remaining: 6m 5s
423:	test: 0.9291669	best: 0.9553908 (24)	total: 33m 31s	remaining: 6m
424:	test: 0.9291734	best: 0.9553908 (24)	total: 33m 34s	remaining: 5m 55s
425:	test: 0.9291729	best: 0.9553908 (24)	total: 33m 36s	remaining: 5m 50s
426:	test: 0.9291705	best: 0.9553908 (24)	total: 33m 41s	remaining: 5m 45s
427:	test: 0.9291598	best: 0.9553908 (24)	total: 33m 45s	remaining: 5m 40s
428:	test: 0.9291468	best: 0.9553908 (24)	total: 33m 47s	remaining: 5m 35s
429:	test: 0.9291519	best: 0.9553908 (24)	total: 33m 52s	remaining: 5m 30s
430:	test: 0.9291499	best: 0.9553908 (24)	total: 33m 54s	remaining: 5m 25s
431:	test: 0.9291800	best: 0.9553908 (24)	total: 34m 1s	remaining: 5m 21s
432:	test: 0.9291805	best: 0.9553908 (24)	total: 34m 6s	remaining: 5m 16s
433:	test: 0.9290570	best: 0.9553908 (24)	total: 34m 9s	remaining: 5m 11s
434:	test: 0.9290458	best: 0.9553908 (24)	total: 34m 12s	remaining: 5m 6s
435:	test: 0.9290374	best: 0.9553908 (24)	total: 34m 15s	remaining: 5m 1s
436:	test: 0.9290396	best: 0.9553908 (24)	total: 34m 17s	remaining: 4m 56s
437:	test: 0.9290580	best: 0.9553908 (24)	total: 34m 23s	remaining: 4m 52s
438:	test: 0.9290652	best: 0.9553908 (24)	total: 34m 26s	remaining: 4m 47s
439:	test: 0.9290653	best: 0.9553908 (24)	total: 34m 28s	remaining: 4m 42s
440:	test: 0.9290648	best: 0.9553908 (24)	total: 34m 30s	remaining: 4m 36s
441:	test: 0.9290605	best: 0.9553908 (24)	total: 34m 33s	remaining: 4m 32s
442:	test: 0.9290639	best: 0.9553908 (24)	total: 34m 37s	remaining: 4m 27s
443:	test: 0.9290912	best: 0.9553908 (24)	total: 34m 46s	remaining: 4m 23s
444:	test: 0.9290920	best: 0.9553908 (24)	total: 34m 49s	remaining: 4m 18s
445:	test: 0.9290764	best: 0.9553908 (24)	total: 34m 56s	remaining: 4m 13s
446:	test: 0.9290799	best: 0.9553908 (24)	total: 34m 59s	remaining: 4m 8s
447:	test: 0.9290846	best: 0.9553908 (24)	total: 35m 4s	remaining: 4m 4s
448:	test: 0.9290870	best: 0.9553908 (24)	total: 35m 7s	remaining: 3m 59s
449:	test: 0.9290892	best: 0.9553908 (24)	total: 35m 12s	remaining: 3m 54s
450:	test: 0.9290880	best: 0.9553908 (24)	total: 35m 14s	remaining: 3m 49s
451:	test: 0.9290880	best: 0.9553908 (24)	total: 35m 16s	remaining: 3m 44s
452:	test: 0.9290888	best: 0.9553908 (24)	total: 35m 23s	remaining: 3m 40s
453:	test: 0.9291095	best: 0.9553908 (24)	total: 35m 26s	remaining: 3m 35s
454:	test: 0.9290831	best: 0.9553908 (24)	total: 35m 28s	remaining: 3m 30s
455:	test: 0.9290834	best: 0.9553908 (24)	total: 35m 30s	remaining: 3m 25s
456:	test: 0.9290833	best: 0.9553908 (24)	total: 35m 32s	remaining: 3m 20s
457:	test: 0.9290807	best: 0.9553908 (24)	total: 35m 35s	remaining: 3m 15s
458:	test: 0.9289889	best: 0.9553908 (24)	total: 35m 41s	remaining: 3m 11s
459:	test: 0.9289864	best: 0.9553908 (24)	total: 35m 44s	remaining: 3m 6s
460:	test: 0.9289981	best: 0.9553908 (24)	total: 35m 46s	remaining: 3m 1s
461:	test: 0.9289497	best: 0.9553908 (24)	total: 35m 49s	remaining: 2m 56s
462:	test: 0.9285837	best: 0.9553908 (24)	total: 35m 54s	remaining: 2m 52s
463:	test: 0.9285836	best: 0.9553908 (24)	total: 35m 56s	remaining: 2m 47s
464:	test: 0.9285885	best: 0.9553908 (24)	total: 35m 58s	remaining: 2m 42s
465:	test: 0.9285860	best: 0.9553908 (24)	total: 36m	remaining: 2m 37s
466:	test: 0.9285924	best: 0.9553908 (24)	total: 36m 4s	remaining: 2m 32s
467:	test: 0.9285876	best: 0.9553908 (24)	total: 36m 6s	remaining: 2m 28s
468:	test: 0.9285820	best: 0.9553908 (24)	total: 36m 10s	remaining: 2m 23s
469:	test: 0.9285834	best: 0.9553908 (24)	total: 36m 12s	remaining: 2m 18s
470:	test: 0.9285838	best: 0.9553908 (24)	total: 36m 15s	remaining: 2m 13s
471:	test: 0.9286645	best: 0.9553908 (24)	total: 36m 21s	remaining: 2m 9s
472:	test: 0.9286597	best: 0.9553908 (24)	total: 36m 23s	remaining: 2m 4s
473:	test: 0.9286498	best: 0.9553908 (24)	total: 36m 25s	remaining: 1m 59s
474:	test: 0.9286411	best: 0.9553908 (24)	total: 36m 27s	remaining: 1m 55s
475:	test: 0.9286338	best: 0.9553908 (24)	total: 36m 30s	remaining: 1m 50s
476:	test: 0.9286351	best: 0.9553908 (24)	total: 36m 34s	remaining: 1m 45s
477:	test: 0.9286358	best: 0.9553908 (24)	total: 36m 36s	remaining: 1m 41s
478:	test: 0.9286358	best: 0.9553908 (24)	total: 36m 38s	remaining: 1m 36s
479:	test: 0.9286804	best: 0.9553908 (24)	total: 36m 43s	remaining: 1m 31s
480:	test: 0.9286754	best: 0.9553908 (24)	total: 36m 45s	remaining: 1m 27s
481:	test: 0.9286762	best: 0.9553908 (24)	total: 36m 47s	remaining: 1m 22s
482:	test: 0.9286666	best: 0.9553908 (24)	total: 36m 49s	remaining: 1m 17s
483:	test: 0.9286684	best: 0.9553908 (24)	total: 36m 52s	remaining: 1m 13s
484:	test: 0.9286674	best: 0.9553908 (24)	total: 36m 56s	remaining: 1m 8s
485:	test: 0.9286710	best: 0.9553908 (24)	total: 36m 58s	remaining: 1m 3s
486:	test: 0.9286613	best: 0.9553908 (24)	total: 37m 1s	remaining: 59.3s
487:	test: 0.9286649	best: 0.9553908 (24)	total: 37m 3s	remaining: 54.7s
488:	test: 0.9286682	best: 0.9553908 (24)	total: 37m 7s	remaining: 50.1s
489:	test: 0.9285987	best: 0.9553908 (24)	total: 37m 10s	remaining: 45.5s
490:	test: 0.9285697	best: 0.9553908 (24)	total: 37m 16s	remaining: 41s
491:	test: 0.9285631	best: 0.9553908 (24)	total: 37m 22s	remaining: 36.5s
492:	test: 0.9285612	best: 0.9553908 (24)	total: 37m 25s	remaining: 31.9s
493:	test: 0.9286097	best: 0.9553908 (24)	total: 37m 28s	remaining: 27.3s
494:	test: 0.9285963	best: 0.9553908 (24)	total: 37m 31s	remaining: 22.7s
495:	test: 0.9285932	best: 0.9553908 (24)	total: 37m 33s	remaining: 18.2s
496:	test: 0.9285764	best: 0.9553908 (24)	total: 37m 39s	remaining: 13.6s
497:	test: 0.9285687	best: 0.9553908 (24)	total: 37m 45s	remaining: 9.1s
498:	test: 0.9286081	best: 0.9553908 (24)	total: 37m 49s	remaining: 4.55s
499:	test: 0.9285360	best: 0.9553908 (24)	total: 37m 53s	remaining: 0us

bestTest = 0.9553908267
bestIteration = 24

Shrink model to first 25 iterations.
Skipping test eval output
40.50580751 min passed
