[LightGBM] [Warning] use_discretized_grad is set=true, use_discretized_grad=true will be ignored. Current value: use_discretized_grad=true
[LightGBM] [Warning] discretized_grad_renew is set=true, discretized_grad_renew=true will be ignored. Current value: discretized_grad_renew=true
[LightGBM] [Warning] force_row_wise is set=false, force_row_wise=true will be ignored. Current value: force_row_wise=false
[LightGBM] [Info] Finished loading parameters
[LightGBM] [Debug] Loading train file...
[LightGBM] [Info] Construct bin mappers from text data time 1.40 seconds
[LightGBM] [Debug] Loading validation file #1...
[LightGBM] [Info] Finished loading data in 3.437715 seconds
[LightGBM] [Info] Total Bins 22950
[LightGBM] [Info] Number of data points in the train set: 463715, number of used features: 90
[LightGBM] [Debug] Number of data points in validation set #1: 51630
[LightGBM] [Info] Finished initializing training
[LightGBM] [Info] Started training...
[LightGBM] [Info] Start training from score 1998.386095
[LightGBM] [Debug] Trained a tree with leaves = 255 and depth = 18
[LightGBM] [Info] Iteration:1, valid_1 rmse : 10.6561
[LightGBM] [Info] 0.081218 seconds elapsed, finished iteration 1
[LightGBM] [Debug] Trained a tree with leaves = 255 and depth = 18
[LightGBM] [Info] Iteration:2, valid_1 rmse : 10.4929
[LightGBM] [Info] 0.150941 seconds elapsed, finished iteration 2
[LightGBM] [Debug] Trained a tree with leaves = 255 and depth = 17
[LightGBM] [Info] Iteration:3, valid_1 rmse : 10.3553
[LightGBM] [Info] 0.222494 seconds elapsed, finished iteration 3
[LightGBM] [Debug] Trained a tree with leaves = 255 and depth = 18
[LightGBM] [Info] Iteration:4, valid_1 rmse : 10.2388
[LightGBM] [Info] 0.283127 seconds elapsed, finished iteration 4
[LightGBM] [Debug] Trained a tree with leaves = 255 and depth = 17
[LightGBM] [Info] Iteration:5, valid_1 rmse : 10.1372
[LightGBM] [Info] 0.335418 seconds elapsed, finished iteration 5
[LightGBM] [Debug] Trained a tree with leaves = 255 and depth = 16
[LightGBM] [Info] Iteration:6, valid_1 rmse : 10.0506
[LightGBM] [Info] 0.385924 seconds elapsed, finished iteration 6
[LightGBM] [Debug] Trained a tree with leaves = 255 and depth = 21
[LightGBM] [Info] Iteration:7, valid_1 rmse : 9.97612
[LightGBM] [Info] 0.432816 seconds elapsed, finished iteration 7
[LightGBM] [Debug] Trained a tree with leaves = 255 and depth = 19
[LightGBM] [Info] Iteration:8, valid_1 rmse : 9.90672
[LightGBM] [Info] 0.485422 seconds elapsed, finished iteration 8
[LightGBM] [Debug] Trained a tree with leaves = 255 and depth = 18
[LightGBM] [Info] Iteration:9, valid_1 rmse : 9.84663
[LightGBM] [Info] 0.531350 seconds elapsed, finished iteration 9
[LightGBM] [Debug] Trained a tree with leaves = 255 and depth = 20
[LightGBM] [Info] Iteration:10, valid_1 rmse : 9.79379
[LightGBM] [Info] 0.586653 seconds elapsed, finished iteration 10
[LightGBM] [Debug] Trained a tree with leaves = 255 and depth = 19
[LightGBM] [Info] Iteration:11, valid_1 rmse : 9.74935
[LightGBM] [Info] 0.634446 seconds elapsed, finished iteration 11
[LightGBM] [Debug] Trained a tree with leaves = 255 and depth = 20
[LightGBM] [Info] Iteration:12, valid_1 rmse : 9.70799
[LightGBM] [Info] 0.691140 seconds elapsed, finished iteration 12
[LightGBM] [Debug] Trained a tree with leaves = 255 and depth = 18
[LightGBM] [Info] Iteration:13, valid_1 rmse : 9.66958
[LightGBM] [Info] 0.736436 seconds elapsed, finished iteration 13
[LightGBM] [Debug] Trained a tree with leaves = 255 and depth = 21
[LightGBM] [Info] Iteration:14, valid_1 rmse : 9.63184
[LightGBM] [Info] 0.782081 seconds elapsed, finished iteration 14
[LightGBM] [Debug] Trained a tree with leaves = 255 and depth = 19
[LightGBM] [Info] Iteration:15, valid_1 rmse : 9.60509
[LightGBM] [Info] 0.835493 seconds elapsed, finished iteration 15
[LightGBM] [Debug] Trained a tree with leaves = 255 and depth = 19
[LightGBM] [Info] Iteration:16, valid_1 rmse : 9.57961
[LightGBM] [Info] 0.891425 seconds elapsed, finished iteration 16
[LightGBM] [Debug] Trained a tree with leaves = 255 and depth = 22
[LightGBM] [Info] Iteration:17, valid_1 rmse : 9.55374
[LightGBM] [Info] 0.954785 seconds elapsed, finished iteration 17
[LightGBM] [Debug] Trained a tree with leaves = 255 and depth = 19
[LightGBM] [Info] Iteration:18, valid_1 rmse : 9.53243
[LightGBM] [Info] 1.008178 seconds elapsed, finished iteration 18
[LightGBM] [Debug] Trained a tree with leaves = 255 and depth = 19
[LightGBM] [Info] Iteration:19, valid_1 rmse : 9.51024
[LightGBM] [Info] 1.064455 seconds elapsed, finished iteration 19
[LightGBM] [Debug] Trained a tree with leaves = 255 and depth = 19
[LightGBM] [Info] Iteration:20, valid_1 rmse : 9.48996
[LightGBM] [Info] 1.129210 seconds elapsed, finished iteration 20
[LightGBM] [Debug] Trained a tree with leaves = 255 and depth = 17
[LightGBM] [Info] Iteration:21, valid_1 rmse : 9.47426
[LightGBM] [Info] 1.174888 seconds elapsed, finished iteration 21
[LightGBM] [Debug] Trained a tree with leaves = 255 and depth = 20
[LightGBM] [Info] Iteration:22, valid_1 rmse : 9.45757
[LightGBM] [Info] 1.239688 seconds elapsed, finished iteration 22
[LightGBM] [Debug] Trained a tree with leaves = 255 and depth = 18
[LightGBM] [Info] Iteration:23, valid_1 rmse : 9.44406
[LightGBM] [Info] 1.300308 seconds elapsed, finished iteration 23
[LightGBM] [Debug] Trained a tree with leaves = 255 and depth = 18
[LightGBM] [Info] Iteration:24, valid_1 rmse : 9.42582
[LightGBM] [Info] 1.411485 seconds elapsed, finished iteration 24
[LightGBM] [Debug] Trained a tree with leaves = 255 and depth = 18
[LightGBM] [Info] Iteration:25, valid_1 rmse : 9.41268
[LightGBM] [Info] 1.462656 seconds elapsed, finished iteration 25
[LightGBM] [Debug] Trained a tree with leaves = 255 and depth = 26
[LightGBM] [Info] Iteration:26, valid_1 rmse : 9.39937
[LightGBM] [Info] 1.507531 seconds elapsed, finished iteration 26
[LightGBM] [Debug] Trained a tree with leaves = 255 and depth = 21
[LightGBM] [Info] Iteration:27, valid_1 rmse : 9.38781
[LightGBM] [Info] 1.557467 seconds elapsed, finished iteration 27
[LightGBM] [Debug] Trained a tree with leaves = 255 and depth = 21
[LightGBM] [Info] Iteration:28, valid_1 rmse : 9.37496
[LightGBM] [Info] 1.615190 seconds elapsed, finished iteration 28
[LightGBM] [Debug] Trained a tree with leaves = 255 and depth = 22
[LightGBM] [Info] Iteration:29, valid_1 rmse : 9.36615
[LightGBM] [Info] 1.668525 seconds elapsed, finished iteration 29
[LightGBM] [Debug] Trained a tree with leaves = 255 and depth = 18
[LightGBM] [Info] Iteration:30, valid_1 rmse : 9.35573
[LightGBM] [Info] 1.712683 seconds elapsed, finished iteration 30
[LightGBM] [Debug] Trained a tree with leaves = 255 and depth = 21
[LightGBM] [Info] Iteration:31, valid_1 rmse : 9.34791
[LightGBM] [Info] 1.757443 seconds elapsed, finished iteration 31
[LightGBM] [Debug] Trained a tree with leaves = 255 and depth = 23
[LightGBM] [Info] Iteration:32, valid_1 rmse : 9.33971
[LightGBM] [Info] 1.808237 seconds elapsed, finished iteration 32
[LightGBM] [Debug] Trained a tree with leaves = 255 and depth = 20
[LightGBM] [Info] Iteration:33, valid_1 rmse : 9.33212
[LightGBM] [Info] 1.896378 seconds elapsed, finished iteration 33
[LightGBM] [Debug] Trained a tree with leaves = 255 and depth = 19
[LightGBM] [Info] Iteration:34, valid_1 rmse : 9.32225
[LightGBM] [Info] 1.963567 seconds elapsed, finished iteration 34
[LightGBM] [Debug] Trained a tree with leaves = 255 and depth = 17
[LightGBM] [Info] Iteration:35, valid_1 rmse : 9.3134
[LightGBM] [Info] 2.032464 seconds elapsed, finished iteration 35
[LightGBM] [Debug] Trained a tree with leaves = 255 and depth = 25
[LightGBM] [Info] Iteration:36, valid_1 rmse : 9.30678
[LightGBM] [Info] 2.081836 seconds elapsed, finished iteration 36
[LightGBM] [Debug] Trained a tree with leaves = 255 and depth = 24
[LightGBM] [Info] Iteration:37, valid_1 rmse : 9.29672
[LightGBM] [Info] 2.128354 seconds elapsed, finished iteration 37
[LightGBM] [Debug] Trained a tree with leaves = 255 and depth = 18
[LightGBM] [Info] Iteration:38, valid_1 rmse : 9.28921
[LightGBM] [Info] 2.179331 seconds elapsed, finished iteration 38
[LightGBM] [Debug] Trained a tree with leaves = 255 and depth = 22
[LightGBM] [Info] Iteration:39, valid_1 rmse : 9.28088
[LightGBM] [Info] 2.231645 seconds elapsed, finished iteration 39
[LightGBM] [Debug] Trained a tree with leaves = 255 and depth = 19
[LightGBM] [Info] Iteration:40, valid_1 rmse : 9.27333
[LightGBM] [Info] 2.280336 seconds elapsed, finished iteration 40
[LightGBM] [Debug] Trained a tree with leaves = 255 and depth = 21
[LightGBM] [Info] Iteration:41, valid_1 rmse : 9.26546
[LightGBM] [Info] 2.328902 seconds elapsed, finished iteration 41
[LightGBM] [Debug] Trained a tree with leaves = 255 and depth = 18
[LightGBM] [Info] Iteration:42, valid_1 rmse : 9.26085
[LightGBM] [Info] 2.373390 seconds elapsed, finished iteration 42
[LightGBM] [Debug] Trained a tree with leaves = 255 and depth = 18
[LightGBM] [Info] Iteration:43, valid_1 rmse : 9.25771
[LightGBM] [Info] 2.430340 seconds elapsed, finished iteration 43
[LightGBM] [Debug] Trained a tree with leaves = 255 and depth = 18
[LightGBM] [Info] Iteration:44, valid_1 rmse : 9.25262
[LightGBM] [Info] 2.493407 seconds elapsed, finished iteration 44
[LightGBM] [Debug] Trained a tree with leaves = 255 and depth = 21
[LightGBM] [Info] Iteration:45, valid_1 rmse : 9.2449
[LightGBM] [Info] 2.561388 seconds elapsed, finished iteration 45
[LightGBM] [Debug] Trained a tree with leaves = 255 and depth = 24
[LightGBM] [Info] Iteration:46, valid_1 rmse : 9.23948
[LightGBM] [Info] 2.617496 seconds elapsed, finished iteration 46
[LightGBM] [Debug] Trained a tree with leaves = 255 and depth = 17
[LightGBM] [Info] Iteration:47, valid_1 rmse : 9.23352
[LightGBM] [Info] 2.693987 seconds elapsed, finished iteration 47
[LightGBM] [Debug] Trained a tree with leaves = 255 and depth = 23
[LightGBM] [Info] Iteration:48, valid_1 rmse : 9.22936
[LightGBM] [Info] 2.749622 seconds elapsed, finished iteration 48
[LightGBM] [Debug] Trained a tree with leaves = 255 and depth = 20
[LightGBM] [Info] Iteration:49, valid_1 rmse : 9.22437
[LightGBM] [Info] 2.812826 seconds elapsed, finished iteration 49
[LightGBM] [Debug] Trained a tree with leaves = 255 and depth = 21
[LightGBM] [Info] Iteration:50, valid_1 rmse : 9.21993
[LightGBM] [Info] 2.869378 seconds elapsed, finished iteration 50
[LightGBM] [Debug] Trained a tree with leaves = 255 and depth = 21
[LightGBM] [Info] Iteration:51, valid_1 rmse : 9.2168
[LightGBM] [Info] 2.922118 seconds elapsed, finished iteration 51
[LightGBM] [Debug] Trained a tree with leaves = 255 and depth = 21
[LightGBM] [Info] Iteration:52, valid_1 rmse : 9.2127
[LightGBM] [Info] 2.988513 seconds elapsed, finished iteration 52
[LightGBM] [Debug] Trained a tree with leaves = 255 and depth = 22
[LightGBM] [Info] Iteration:53, valid_1 rmse : 9.2091
[LightGBM] [Info] 3.052502 seconds elapsed, finished iteration 53
[LightGBM] [Debug] Trained a tree with leaves = 255 and depth = 25
[LightGBM] [Info] Iteration:54, valid_1 rmse : 9.20598
[LightGBM] [Info] 3.107019 seconds elapsed, finished iteration 54
[LightGBM] [Debug] Trained a tree with leaves = 255 and depth = 21
[LightGBM] [Info] Iteration:55, valid_1 rmse : 9.1991
[LightGBM] [Info] 3.184748 seconds elapsed, finished iteration 55
[LightGBM] [Debug] Trained a tree with leaves = 255 and depth = 25
[LightGBM] [Info] Iteration:56, valid_1 rmse : 9.19506
[LightGBM] [Info] 3.270854 seconds elapsed, finished iteration 56
[LightGBM] [Debug] Trained a tree with leaves = 255 and depth = 27
[LightGBM] [Info] Iteration:57, valid_1 rmse : 9.19295
[LightGBM] [Info] 3.341606 seconds elapsed, finished iteration 57
[LightGBM] [Debug] Trained a tree with leaves = 255 and depth = 21
[LightGBM] [Info] Iteration:58, valid_1 rmse : 9.18962
[LightGBM] [Info] 3.403304 seconds elapsed, finished iteration 58
[LightGBM] [Debug] Trained a tree with leaves = 255 and depth = 22
[LightGBM] [Info] Iteration:59, valid_1 rmse : 9.18776
[LightGBM] [Info] 3.469390 seconds elapsed, finished iteration 59
[LightGBM] [Debug] Trained a tree with leaves = 255 and depth = 20
[LightGBM] [Info] Iteration:60, valid_1 rmse : 9.18481
[LightGBM] [Info] 3.533785 seconds elapsed, finished iteration 60
[LightGBM] [Debug] Trained a tree with leaves = 255 and depth = 20
[LightGBM] [Info] Iteration:61, valid_1 rmse : 9.18138
[LightGBM] [Info] 3.589963 seconds elapsed, finished iteration 61
[LightGBM] [Debug] Trained a tree with leaves = 255 and depth = 20
[LightGBM] [Info] Iteration:62, valid_1 rmse : 9.1794
[LightGBM] [Info] 3.648827 seconds elapsed, finished iteration 62
[LightGBM] [Debug] Trained a tree with leaves = 255 and depth = 22
[LightGBM] [Info] Iteration:63, valid_1 rmse : 9.17586
[LightGBM] [Info] 3.707781 seconds elapsed, finished iteration 63
[LightGBM] [Debug] Trained a tree with leaves = 255 and depth = 18
[LightGBM] [Info] Iteration:64, valid_1 rmse : 9.17416
[LightGBM] [Info] 3.762870 seconds elapsed, finished iteration 64
[LightGBM] [Debug] Trained a tree with leaves = 255 and depth = 22
[LightGBM] [Info] Iteration:65, valid_1 rmse : 9.17083
[LightGBM] [Info] 3.825924 seconds elapsed, finished iteration 65
[LightGBM] [Debug] Trained a tree with leaves = 255 and depth = 19
[LightGBM] [Info] Iteration:66, valid_1 rmse : 9.16833
[LightGBM] [Info] 3.886326 seconds elapsed, finished iteration 66
[LightGBM] [Debug] Trained a tree with leaves = 255 and depth = 21
[LightGBM] [Info] Iteration:67, valid_1 rmse : 9.16673
[LightGBM] [Info] 3.945344 seconds elapsed, finished iteration 67
[LightGBM] [Debug] Trained a tree with leaves = 255 and depth = 20
[LightGBM] [Info] Iteration:68, valid_1 rmse : 9.16486
[LightGBM] [Info] 4.011330 seconds elapsed, finished iteration 68
[LightGBM] [Debug] Trained a tree with leaves = 255 and depth = 18
[LightGBM] [Info] Iteration:69, valid_1 rmse : 9.16164
[LightGBM] [Info] 4.091898 seconds elapsed, finished iteration 69
[LightGBM] [Debug] Trained a tree with leaves = 255 and depth = 22
[LightGBM] [Info] Iteration:70, valid_1 rmse : 9.15924
[LightGBM] [Info] 4.146588 seconds elapsed, finished iteration 70
[LightGBM] [Debug] Trained a tree with leaves = 255 and depth = 22
[LightGBM] [Info] Iteration:71, valid_1 rmse : 9.15691
[LightGBM] [Info] 4.226175 seconds elapsed, finished iteration 71
[LightGBM] [Debug] Trained a tree with leaves = 255 and depth = 19
[LightGBM] [Info] Iteration:72, valid_1 rmse : 9.15639
[LightGBM] [Info] 4.299612 seconds elapsed, finished iteration 72
[LightGBM] [Debug] Trained a tree with leaves = 255 and depth = 19
[LightGBM] [Info] Iteration:73, valid_1 rmse : 9.15496
[LightGBM] [Info] 4.358229 seconds elapsed, finished iteration 73
[LightGBM] [Debug] Trained a tree with leaves = 255 and depth = 20
[LightGBM] [Info] Iteration:74, valid_1 rmse : 9.15485
[LightGBM] [Info] 4.405173 seconds elapsed, finished iteration 74
[LightGBM] [Debug] Trained a tree with leaves = 255 and depth = 23
[LightGBM] [Info] Iteration:75, valid_1 rmse : 9.15355
[LightGBM] [Info] 4.475007 seconds elapsed, finished iteration 75
[LightGBM] [Debug] Trained a tree with leaves = 255 and depth = 24
[LightGBM] [Info] Iteration:76, valid_1 rmse : 9.15124
[LightGBM] [Info] 4.537847 seconds elapsed, finished iteration 76
[LightGBM] [Debug] Trained a tree with leaves = 255 and depth = 21
[LightGBM] [Info] Iteration:77, valid_1 rmse : 9.14929
[LightGBM] [Info] 4.595445 seconds elapsed, finished iteration 77
[LightGBM] [Debug] Trained a tree with leaves = 255 and depth = 20
[LightGBM] [Info] Iteration:78, valid_1 rmse : 9.1471
[LightGBM] [Info] 4.648868 seconds elapsed, finished iteration 78
[LightGBM] [Debug] Trained a tree with leaves = 255 and depth = 24
[LightGBM] [Info] Iteration:79, valid_1 rmse : 9.14462
[LightGBM] [Info] 4.704029 seconds elapsed, finished iteration 79
[LightGBM] [Debug] Trained a tree with leaves = 255 and depth = 22
[LightGBM] [Info] Iteration:80, valid_1 rmse : 9.14248
[LightGBM] [Info] 4.750638 seconds elapsed, finished iteration 80
[LightGBM] [Debug] Trained a tree with leaves = 255 and depth = 20
[LightGBM] [Info] Iteration:81, valid_1 rmse : 9.1417
[LightGBM] [Info] 4.794813 seconds elapsed, finished iteration 81
[LightGBM] [Debug] Trained a tree with leaves = 255 and depth = 18
[LightGBM] [Info] Iteration:82, valid_1 rmse : 9.14032
[LightGBM] [Info] 4.838423 seconds elapsed, finished iteration 82
[LightGBM] [Debug] Trained a tree with leaves = 255 and depth = 21
[LightGBM] [Info] Iteration:83, valid_1 rmse : 9.13981
[LightGBM] [Info] 4.881714 seconds elapsed, finished iteration 83
[LightGBM] [Debug] Trained a tree with leaves = 255 and depth = 21
[LightGBM] [Info] Iteration:84, valid_1 rmse : 9.13757
[LightGBM] [Info] 4.929336 seconds elapsed, finished iteration 84
[LightGBM] [Debug] Trained a tree with leaves = 255 and depth = 19
[LightGBM] [Info] Iteration:85, valid_1 rmse : 9.13592
[LightGBM] [Info] 4.976549 seconds elapsed, finished iteration 85
[LightGBM] [Debug] Trained a tree with leaves = 255 and depth = 21
[LightGBM] [Info] Iteration:86, valid_1 rmse : 9.13467
[LightGBM] [Info] 5.019429 seconds elapsed, finished iteration 86
[LightGBM] [Debug] Trained a tree with leaves = 255 and depth = 21
[LightGBM] [Info] Iteration:87, valid_1 rmse : 9.13301
[LightGBM] [Info] 5.068994 seconds elapsed, finished iteration 87
[LightGBM] [Debug] Trained a tree with leaves = 255 and depth = 19
[LightGBM] [Info] Iteration:88, valid_1 rmse : 9.13146
[LightGBM] [Info] 5.119282 seconds elapsed, finished iteration 88
[LightGBM] [Debug] Trained a tree with leaves = 255 and depth = 21
[LightGBM] [Info] Iteration:89, valid_1 rmse : 9.13059
[LightGBM] [Info] 5.161221 seconds elapsed, finished iteration 89
[LightGBM] [Debug] Trained a tree with leaves = 255 and depth = 23
[LightGBM] [Info] Iteration:90, valid_1 rmse : 9.13011
[LightGBM] [Info] 5.208163 seconds elapsed, finished iteration 90
[LightGBM] [Debug] Trained a tree with leaves = 255 and depth = 24
[LightGBM] [Info] Iteration:91, valid_1 rmse : 9.12888
[LightGBM] [Info] 5.265569 seconds elapsed, finished iteration 91
[LightGBM] [Debug] Trained a tree with leaves = 255 and depth = 19
[LightGBM] [Info] Iteration:92, valid_1 rmse : 9.12802
[LightGBM] [Info] 5.322120 seconds elapsed, finished iteration 92
[LightGBM] [Debug] Trained a tree with leaves = 255 and depth = 25
[LightGBM] [Info] Iteration:93, valid_1 rmse : 9.12622
[LightGBM] [Info] 5.377834 seconds elapsed, finished iteration 93
[LightGBM] [Debug] Trained a tree with leaves = 255 and depth = 22
[LightGBM] [Info] Iteration:94, valid_1 rmse : 9.12466
[LightGBM] [Info] 5.427329 seconds elapsed, finished iteration 94
[LightGBM] [Debug] Trained a tree with leaves = 255 and depth = 19
[LightGBM] [Info] Iteration:95, valid_1 rmse : 9.12407
[LightGBM] [Info] 5.472759 seconds elapsed, finished iteration 95
[LightGBM] [Debug] Trained a tree with leaves = 255 and depth = 25
[LightGBM] [Info] Iteration:96, valid_1 rmse : 9.12189
[LightGBM] [Info] 5.542768 seconds elapsed, finished iteration 96
[LightGBM] [Debug] Trained a tree with leaves = 255 and depth = 19
[LightGBM] [Info] Iteration:97, valid_1 rmse : 9.12198
[LightGBM] [Info] 5.595781 seconds elapsed, finished iteration 97
[LightGBM] [Debug] Trained a tree with leaves = 255 and depth = 19
[LightGBM] [Info] Iteration:98, valid_1 rmse : 9.12133
[LightGBM] [Info] 5.643741 seconds elapsed, finished iteration 98
[LightGBM] [Debug] Trained a tree with leaves = 255 and depth = 18
[LightGBM] [Info] Iteration:99, valid_1 rmse : 9.12129
[LightGBM] [Info] 5.689198 seconds elapsed, finished iteration 99
[LightGBM] [Debug] Trained a tree with leaves = 255 and depth = 18
[LightGBM] [Info] Iteration:100, valid_1 rmse : 9.12034
[LightGBM] [Info] 5.737792 seconds elapsed, finished iteration 100
[LightGBM] [Debug] Trained a tree with leaves = 255 and depth = 21
[LightGBM] [Info] Iteration:101, valid_1 rmse : 9.11953
[LightGBM] [Info] 5.788921 seconds elapsed, finished iteration 101
[LightGBM] [Debug] Trained a tree with leaves = 255 and depth = 23
[LightGBM] [Info] Iteration:102, valid_1 rmse : 9.11862
[LightGBM] [Info] 5.828554 seconds elapsed, finished iteration 102
[LightGBM] [Debug] Trained a tree with leaves = 255 and depth = 20
[LightGBM] [Info] Iteration:103, valid_1 rmse : 9.11912
[LightGBM] [Info] 5.874275 seconds elapsed, finished iteration 103
[LightGBM] [Debug] Trained a tree with leaves = 255 and depth = 18
[LightGBM] [Info] Iteration:104, valid_1 rmse : 9.12
[LightGBM] [Info] 5.918405 seconds elapsed, finished iteration 104
[LightGBM] [Debug] Trained a tree with leaves = 255 and depth = 25
[LightGBM] [Info] Iteration:105, valid_1 rmse : 9.11995
[LightGBM] [Info] 5.955844 seconds elapsed, finished iteration 105
[LightGBM] [Debug] Trained a tree with leaves = 255 and depth = 23
[LightGBM] [Info] Iteration:106, valid_1 rmse : 9.11735
[LightGBM] [Info] 6.006111 seconds elapsed, finished iteration 106
[LightGBM] [Debug] Trained a tree with leaves = 255 and depth = 18
[LightGBM] [Info] Iteration:107, valid_1 rmse : 9.11735
[LightGBM] [Info] 6.048408 seconds elapsed, finished iteration 107
[LightGBM] [Debug] Trained a tree with leaves = 255 and depth = 21
[LightGBM] [Info] Iteration:108, valid_1 rmse : 9.11696
[LightGBM] [Info] 6.091279 seconds elapsed, finished iteration 108
[LightGBM] [Debug] Trained a tree with leaves = 255 and depth = 19
[LightGBM] [Info] Iteration:109, valid_1 rmse : 9.11669
[LightGBM] [Info] 6.144080 seconds elapsed, finished iteration 109
[LightGBM] [Debug] Trained a tree with leaves = 255 and depth = 21
[LightGBM] [Info] Iteration:110, valid_1 rmse : 9.11613
[LightGBM] [Info] 6.184139 seconds elapsed, finished iteration 110
[LightGBM] [Debug] Trained a tree with leaves = 255 and depth = 25
[LightGBM] [Info] Iteration:111, valid_1 rmse : 9.11446
[LightGBM] [Info] 6.225638 seconds elapsed, finished iteration 111
[LightGBM] [Debug] Trained a tree with leaves = 255 and depth = 19
[LightGBM] [Info] Iteration:112, valid_1 rmse : 9.11452
[LightGBM] [Info] 6.283716 seconds elapsed, finished iteration 112
[LightGBM] [Debug] Trained a tree with leaves = 255 and depth = 19
[LightGBM] [Info] Iteration:113, valid_1 rmse : 9.11404
[LightGBM] [Info] 6.362479 seconds elapsed, finished iteration 113
[LightGBM] [Debug] Trained a tree with leaves = 255 and depth = 20
[LightGBM] [Info] Iteration:114, valid_1 rmse : 9.11317
[LightGBM] [Info] 6.422714 seconds elapsed, finished iteration 114
[LightGBM] [Debug] Trained a tree with leaves = 255 and depth = 18
[LightGBM] [Info] Iteration:115, valid_1 rmse : 9.11236
[LightGBM] [Info] 6.498718 seconds elapsed, finished iteration 115
[LightGBM] [Debug] Trained a tree with leaves = 255 and depth = 20
[LightGBM] [Info] Iteration:116, valid_1 rmse : 9.11259
[LightGBM] [Info] 6.542317 seconds elapsed, finished iteration 116
[LightGBM] [Debug] Trained a tree with leaves = 255 and depth = 21
[LightGBM] [Info] Iteration:117, valid_1 rmse : 9.11197
[LightGBM] [Info] 6.589193 seconds elapsed, finished iteration 117
[LightGBM] [Debug] Trained a tree with leaves = 255 and depth = 18
[LightGBM] [Info] Iteration:118, valid_1 rmse : 9.11198
[LightGBM] [Info] 6.635228 seconds elapsed, finished iteration 118
[LightGBM] [Debug] Trained a tree with leaves = 255 and depth = 20
[LightGBM] [Info] Iteration:119, valid_1 rmse : 9.11208
[LightGBM] [Info] 6.676609 seconds elapsed, finished iteration 119
[LightGBM] [Debug] Trained a tree with leaves = 255 and depth = 19
[LightGBM] [Info] Iteration:120, valid_1 rmse : 9.11098
[LightGBM] [Info] 6.717280 seconds elapsed, finished iteration 120
[LightGBM] [Debug] Trained a tree with leaves = 255 and depth = 22
[LightGBM] [Info] Iteration:121, valid_1 rmse : 9.10986
[LightGBM] [Info] 6.756324 seconds elapsed, finished iteration 121
[LightGBM] [Debug] Trained a tree with leaves = 255 and depth = 17
[LightGBM] [Info] Iteration:122, valid_1 rmse : 9.10731
[LightGBM] [Info] 6.796066 seconds elapsed, finished iteration 122
[LightGBM] [Debug] Trained a tree with leaves = 255 and depth = 21
[LightGBM] [Info] Iteration:123, valid_1 rmse : 9.10648
[LightGBM] [Info] 6.834203 seconds elapsed, finished iteration 123
[LightGBM] [Debug] Trained a tree with leaves = 255 and depth = 19
[LightGBM] [Info] Iteration:124, valid_1 rmse : 9.10628
[LightGBM] [Info] 6.875093 seconds elapsed, finished iteration 124
[LightGBM] [Debug] Trained a tree with leaves = 255 and depth = 23
[LightGBM] [Info] Iteration:125, valid_1 rmse : 9.10625
[LightGBM] [Info] 6.915246 seconds elapsed, finished iteration 125
[LightGBM] [Debug] Trained a tree with leaves = 255 and depth = 26
[LightGBM] [Info] Iteration:126, valid_1 rmse : 9.10574
[LightGBM] [Info] 6.951069 seconds elapsed, finished iteration 126
[LightGBM] [Debug] Trained a tree with leaves = 255 and depth = 22
[LightGBM] [Info] Iteration:127, valid_1 rmse : 9.10511
[LightGBM] [Info] 6.996006 seconds elapsed, finished iteration 127
[LightGBM] [Debug] Trained a tree with leaves = 255 and depth = 27
[LightGBM] [Info] Iteration:128, valid_1 rmse : 9.10488
[LightGBM] [Info] 7.037520 seconds elapsed, finished iteration 128
[LightGBM] [Debug] Trained a tree with leaves = 255 and depth = 27
[LightGBM] [Info] Iteration:129, valid_1 rmse : 9.10458
[LightGBM] [Info] 7.087118 seconds elapsed, finished iteration 129
[LightGBM] [Debug] Trained a tree with leaves = 255 and depth = 18
[LightGBM] [Info] Iteration:130, valid_1 rmse : 9.10467
[LightGBM] [Info] 7.122649 seconds elapsed, finished iteration 130
[LightGBM] [Debug] Trained a tree with leaves = 255 and depth = 17
[LightGBM] [Info] Iteration:131, valid_1 rmse : 9.10466
[LightGBM] [Info] 7.160411 seconds elapsed, finished iteration 131
[LightGBM] [Debug] Trained a tree with leaves = 255 and depth = 20
[LightGBM] [Info] Iteration:132, valid_1 rmse : 9.10397
[LightGBM] [Info] 7.204999 seconds elapsed, finished iteration 132
[LightGBM] [Debug] Trained a tree with leaves = 255 and depth = 24
[LightGBM] [Info] Iteration:133, valid_1 rmse : 9.10366
[LightGBM] [Info] 7.249728 seconds elapsed, finished iteration 133
[LightGBM] [Debug] Trained a tree with leaves = 255 and depth = 20
[LightGBM] [Info] Iteration:134, valid_1 rmse : 9.10416
[LightGBM] [Info] 7.294245 seconds elapsed, finished iteration 134
[LightGBM] [Debug] Trained a tree with leaves = 255 and depth = 18
[LightGBM] [Info] Iteration:135, valid_1 rmse : 9.10366
[LightGBM] [Info] 7.360603 seconds elapsed, finished iteration 135
[LightGBM] [Debug] Trained a tree with leaves = 255 and depth = 22
[LightGBM] [Info] Iteration:136, valid_1 rmse : 9.10377
[LightGBM] [Info] 7.437306 seconds elapsed, finished iteration 136
[LightGBM] [Debug] Trained a tree with leaves = 255 and depth = 20
[LightGBM] [Info] Iteration:137, valid_1 rmse : 9.10415
[LightGBM] [Info] 7.494725 seconds elapsed, finished iteration 137
[LightGBM] [Debug] Trained a tree with leaves = 255 and depth = 21
[LightGBM] [Info] Iteration:138, valid_1 rmse : 9.10318
[LightGBM] [Info] 7.552998 seconds elapsed, finished iteration 138
[LightGBM] [Debug] Trained a tree with leaves = 255 and depth = 20
[LightGBM] [Info] Iteration:139, valid_1 rmse : 9.1037
[LightGBM] [Info] 7.610541 seconds elapsed, finished iteration 139
[LightGBM] [Debug] Trained a tree with leaves = 255 and depth = 21
[LightGBM] [Info] Iteration:140, valid_1 rmse : 9.1023
[LightGBM] [Info] 7.666320 seconds elapsed, finished iteration 140
[LightGBM] [Debug] Trained a tree with leaves = 255 and depth = 20
[LightGBM] [Info] Iteration:141, valid_1 rmse : 9.10232
[LightGBM] [Info] 7.723869 seconds elapsed, finished iteration 141
[LightGBM] [Debug] Trained a tree with leaves = 255 and depth = 18
[LightGBM] [Info] Iteration:142, valid_1 rmse : 9.1018
[LightGBM] [Info] 7.774914 seconds elapsed, finished iteration 142
[LightGBM] [Debug] Trained a tree with leaves = 255 and depth = 17
[LightGBM] [Info] Iteration:143, valid_1 rmse : 9.10222
[LightGBM] [Info] 7.836654 seconds elapsed, finished iteration 143
[LightGBM] [Debug] Trained a tree with leaves = 255 and depth = 19
[LightGBM] [Info] Iteration:144, valid_1 rmse : 9.10106
[LightGBM] [Info] 7.876053 seconds elapsed, finished iteration 144
[LightGBM] [Debug] Trained a tree with leaves = 255 and depth = 22
[LightGBM] [Info] Iteration:145, valid_1 rmse : 9.10067
[LightGBM] [Info] 7.915911 seconds elapsed, finished iteration 145
[LightGBM] [Debug] Trained a tree with leaves = 255 and depth = 20
[LightGBM] [Info] Iteration:146, valid_1 rmse : 9.10023
[LightGBM] [Info] 7.959457 seconds elapsed, finished iteration 146
[LightGBM] [Debug] Trained a tree with leaves = 255 and depth = 18
[LightGBM] [Info] Iteration:147, valid_1 rmse : 9.09939
[LightGBM] [Info] 8.000713 seconds elapsed, finished iteration 147
[LightGBM] [Debug] Trained a tree with leaves = 255 and depth = 26
[LightGBM] [Info] Iteration:148, valid_1 rmse : 9.0981
[LightGBM] [Info] 8.051410 seconds elapsed, finished iteration 148
[LightGBM] [Debug] Trained a tree with leaves = 255 and depth = 28
[LightGBM] [Info] Iteration:149, valid_1 rmse : 9.09649
[LightGBM] [Info] 8.099142 seconds elapsed, finished iteration 149
[LightGBM] [Debug] Trained a tree with leaves = 255 and depth = 24
[LightGBM] [Info] Iteration:150, valid_1 rmse : 9.09587
[LightGBM] [Info] 8.144985 seconds elapsed, finished iteration 150
[LightGBM] [Debug] Trained a tree with leaves = 255 and depth = 19
[LightGBM] [Info] Iteration:151, valid_1 rmse : 9.09583
[LightGBM] [Info] 8.188227 seconds elapsed, finished iteration 151
[LightGBM] [Debug] Trained a tree with leaves = 255 and depth = 24
[LightGBM] [Info] Iteration:152, valid_1 rmse : 9.09539
[LightGBM] [Info] 8.245919 seconds elapsed, finished iteration 152
[LightGBM] [Debug] Trained a tree with leaves = 255 and depth = 23
[LightGBM] [Info] Iteration:153, valid_1 rmse : 9.09537
[LightGBM] [Info] 8.302788 seconds elapsed, finished iteration 153
[LightGBM] [Debug] Trained a tree with leaves = 255 and depth = 23
[LightGBM] [Info] Iteration:154, valid_1 rmse : 9.09517
[LightGBM] [Info] 8.362795 seconds elapsed, finished iteration 154
[LightGBM] [Debug] Trained a tree with leaves = 255 and depth = 18
[LightGBM] [Info] Iteration:155, valid_1 rmse : 9.09445
[LightGBM] [Info] 8.433501 seconds elapsed, finished iteration 155
[LightGBM] [Debug] Trained a tree with leaves = 255 and depth = 20
[LightGBM] [Info] Iteration:156, valid_1 rmse : 9.09426
[LightGBM] [Info] 8.492860 seconds elapsed, finished iteration 156
[LightGBM] [Debug] Trained a tree with leaves = 255 and depth = 23
[LightGBM] [Info] Iteration:157, valid_1 rmse : 9.09365
[LightGBM] [Info] 8.551875 seconds elapsed, finished iteration 157
[LightGBM] [Debug] Trained a tree with leaves = 255 and depth = 20
[LightGBM] [Info] Iteration:158, valid_1 rmse : 9.09429
[LightGBM] [Info] 8.610642 seconds elapsed, finished iteration 158
[LightGBM] [Debug] Trained a tree with leaves = 255 and depth = 23
[LightGBM] [Info] Iteration:159, valid_1 rmse : 9.09404
[LightGBM] [Info] 8.673918 seconds elapsed, finished iteration 159
[LightGBM] [Debug] Trained a tree with leaves = 255 and depth = 21
[LightGBM] [Info] Iteration:160, valid_1 rmse : 9.09433
[LightGBM] [Info] 8.742677 seconds elapsed, finished iteration 160
[LightGBM] [Debug] Trained a tree with leaves = 255 and depth = 22
[LightGBM] [Info] Iteration:161, valid_1 rmse : 9.09471
[LightGBM] [Info] 8.804869 seconds elapsed, finished iteration 161
[LightGBM] [Debug] Trained a tree with leaves = 255 and depth = 24
[LightGBM] [Info] Iteration:162, valid_1 rmse : 9.09488
[LightGBM] [Info] 8.852671 seconds elapsed, finished iteration 162
[LightGBM] [Debug] Trained a tree with leaves = 255 and depth = 24
[LightGBM] [Info] Iteration:163, valid_1 rmse : 9.0951
[LightGBM] [Info] 8.898330 seconds elapsed, finished iteration 163
[LightGBM] [Debug] Trained a tree with leaves = 255 and depth = 24
[LightGBM] [Info] Iteration:164, valid_1 rmse : 9.09475
[LightGBM] [Info] 8.951988 seconds elapsed, finished iteration 164
[LightGBM] [Debug] Trained a tree with leaves = 255 and depth = 18
[LightGBM] [Info] Iteration:165, valid_1 rmse : 9.09466
[LightGBM] [Info] 9.002072 seconds elapsed, finished iteration 165
[LightGBM] [Debug] Trained a tree with leaves = 255 and depth = 18
[LightGBM] [Info] Iteration:166, valid_1 rmse : 9.09486
[LightGBM] [Info] 9.049584 seconds elapsed, finished iteration 166
[LightGBM] [Debug] Trained a tree with leaves = 255 and depth = 16
[LightGBM] [Info] Iteration:167, valid_1 rmse : 9.09592
[LightGBM] [Info] 9.100950 seconds elapsed, finished iteration 167
[LightGBM] [Debug] Trained a tree with leaves = 255 and depth = 20
[LightGBM] [Info] Iteration:168, valid_1 rmse : 9.09594
[LightGBM] [Info] 9.147573 seconds elapsed, finished iteration 168
[LightGBM] [Debug] Trained a tree with leaves = 255 and depth = 25
[LightGBM] [Info] Iteration:169, valid_1 rmse : 9.0954
[LightGBM] [Info] 9.186543 seconds elapsed, finished iteration 169
[LightGBM] [Debug] Trained a tree with leaves = 255 and depth = 21
[LightGBM] [Info] Iteration:170, valid_1 rmse : 9.09577
[LightGBM] [Info] 9.225092 seconds elapsed, finished iteration 170
[LightGBM] [Debug] Trained a tree with leaves = 255 and depth = 20
[LightGBM] [Info] Iteration:171, valid_1 rmse : 9.09568
[LightGBM] [Info] 9.269833 seconds elapsed, finished iteration 171
[LightGBM] [Debug] Trained a tree with leaves = 255 and depth = 19
[LightGBM] [Info] Iteration:172, valid_1 rmse : 9.09608
[LightGBM] [Info] 9.308192 seconds elapsed, finished iteration 172
[LightGBM] [Debug] Trained a tree with leaves = 255 and depth = 20
[LightGBM] [Info] Iteration:173, valid_1 rmse : 9.0962
[LightGBM] [Info] 9.358774 seconds elapsed, finished iteration 173
[LightGBM] [Debug] Trained a tree with leaves = 255 and depth = 18
[LightGBM] [Info] Iteration:174, valid_1 rmse : 9.09522
[LightGBM] [Info] 9.397966 seconds elapsed, finished iteration 174
[LightGBM] [Debug] Trained a tree with leaves = 255 and depth = 24
[LightGBM] [Info] Iteration:175, valid_1 rmse : 9.09631
[LightGBM] [Info] 9.444100 seconds elapsed, finished iteration 175
[LightGBM] [Debug] Trained a tree with leaves = 255 and depth = 31
[LightGBM] [Info] Iteration:176, valid_1 rmse : 9.09622
[LightGBM] [Info] 9.483722 seconds elapsed, finished iteration 176
[LightGBM] [Debug] Trained a tree with leaves = 255 and depth = 23
[LightGBM] [Info] Iteration:177, valid_1 rmse : 9.09487
[LightGBM] [Info] 9.522876 seconds elapsed, finished iteration 177
[LightGBM] [Debug] Trained a tree with leaves = 255 and depth = 23
[LightGBM] [Info] Iteration:178, valid_1 rmse : 9.09405
[LightGBM] [Info] 9.572650 seconds elapsed, finished iteration 178
[LightGBM] [Debug] Trained a tree with leaves = 255 and depth = 18
[LightGBM] [Info] Iteration:179, valid_1 rmse : 9.09253
[LightGBM] [Info] 9.615018 seconds elapsed, finished iteration 179
[LightGBM] [Debug] Trained a tree with leaves = 255 and depth = 22
[LightGBM] [Info] Iteration:180, valid_1 rmse : 9.09183
[LightGBM] [Info] 9.657188 seconds elapsed, finished iteration 180
[LightGBM] [Debug] Trained a tree with leaves = 255 and depth = 19
[LightGBM] [Info] Iteration:181, valid_1 rmse : 9.09153
[LightGBM] [Info] 9.712834 seconds elapsed, finished iteration 181
[LightGBM] [Debug] Trained a tree with leaves = 255 and depth = 19
[LightGBM] [Info] Iteration:182, valid_1 rmse : 9.09076
[LightGBM] [Info] 9.754241 seconds elapsed, finished iteration 182
[LightGBM] [Debug] Trained a tree with leaves = 255 and depth = 22
[LightGBM] [Info] Iteration:183, valid_1 rmse : 9.09044
[LightGBM] [Info] 9.794282 seconds elapsed, finished iteration 183
[LightGBM] [Debug] Trained a tree with leaves = 255 and depth = 24
[LightGBM] [Info] Iteration:184, valid_1 rmse : 9.0899
[LightGBM] [Info] 9.839443 seconds elapsed, finished iteration 184
[LightGBM] [Debug] Trained a tree with leaves = 255 and depth = 27
[LightGBM] [Info] Iteration:185, valid_1 rmse : 9.08955
[LightGBM] [Info] 9.880251 seconds elapsed, finished iteration 185
[LightGBM] [Debug] Trained a tree with leaves = 255 and depth = 19
[LightGBM] [Info] Iteration:186, valid_1 rmse : 9.08916
[LightGBM] [Info] 9.922043 seconds elapsed, finished iteration 186
[LightGBM] [Debug] Trained a tree with leaves = 255 and depth = 21
[LightGBM] [Info] Iteration:187, valid_1 rmse : 9.08884
[LightGBM] [Info] 9.965340 seconds elapsed, finished iteration 187
[LightGBM] [Debug] Trained a tree with leaves = 255 and depth = 20
[LightGBM] [Info] Iteration:188, valid_1 rmse : 9.0876
[LightGBM] [Info] 10.007859 seconds elapsed, finished iteration 188
[LightGBM] [Debug] Trained a tree with leaves = 255 and depth = 18
[LightGBM] [Info] Iteration:189, valid_1 rmse : 9.08664
[LightGBM] [Info] 10.055561 seconds elapsed, finished iteration 189
[LightGBM] [Debug] Trained a tree with leaves = 255 and depth = 22
[LightGBM] [Info] Iteration:190, valid_1 rmse : 9.08593
[LightGBM] [Info] 10.106121 seconds elapsed, finished iteration 190
[LightGBM] [Debug] Trained a tree with leaves = 255 and depth = 18
[LightGBM] [Info] Iteration:191, valid_1 rmse : 9.08575
[LightGBM] [Info] 10.163863 seconds elapsed, finished iteration 191
[LightGBM] [Debug] Trained a tree with leaves = 255 and depth = 22
[LightGBM] [Info] Iteration:192, valid_1 rmse : 9.08602
[LightGBM] [Info] 10.201875 seconds elapsed, finished iteration 192
[LightGBM] [Debug] Trained a tree with leaves = 255 and depth = 20
[LightGBM] [Info] Iteration:193, valid_1 rmse : 9.086
[LightGBM] [Info] 10.242094 seconds elapsed, finished iteration 193
[LightGBM] [Debug] Trained a tree with leaves = 255 and depth = 26
[LightGBM] [Info] Iteration:194, valid_1 rmse : 9.08609
[LightGBM] [Info] 10.282130 seconds elapsed, finished iteration 194
[LightGBM] [Debug] Trained a tree with leaves = 255 and depth = 23
[LightGBM] [Info] Iteration:195, valid_1 rmse : 9.08505
[LightGBM] [Info] 10.328954 seconds elapsed, finished iteration 195
[LightGBM] [Debug] Trained a tree with leaves = 255 and depth = 21
[LightGBM] [Info] Iteration:196, valid_1 rmse : 9.08489
[LightGBM] [Info] 10.368120 seconds elapsed, finished iteration 196
[LightGBM] [Debug] Trained a tree with leaves = 255 and depth = 22
[LightGBM] [Info] Iteration:197, valid_1 rmse : 9.08434
[LightGBM] [Info] 10.406954 seconds elapsed, finished iteration 197
[LightGBM] [Debug] Trained a tree with leaves = 255 and depth = 28
[LightGBM] [Info] Iteration:198, valid_1 rmse : 9.08396
[LightGBM] [Info] 10.445706 seconds elapsed, finished iteration 198
[LightGBM] [Debug] Trained a tree with leaves = 255 and depth = 20
[LightGBM] [Info] Iteration:199, valid_1 rmse : 9.08285
[LightGBM] [Info] 10.488192 seconds elapsed, finished iteration 199
[LightGBM] [Debug] Trained a tree with leaves = 255 and depth = 20
[LightGBM] [Info] Iteration:200, valid_1 rmse : 9.08265
[LightGBM] [Info] 10.533172 seconds elapsed, finished iteration 200
[LightGBM] [Debug] Trained a tree with leaves = 255 and depth = 18
[LightGBM] [Info] Iteration:201, valid_1 rmse : 9.08298
[LightGBM] [Info] 10.574154 seconds elapsed, finished iteration 201
[LightGBM] [Debug] Trained a tree with leaves = 255 and depth = 25
[LightGBM] [Info] Iteration:202, valid_1 rmse : 9.0833
[LightGBM] [Info] 10.622557 seconds elapsed, finished iteration 202
[LightGBM] [Debug] Trained a tree with leaves = 255 and depth = 19
[LightGBM] [Info] Iteration:203, valid_1 rmse : 9.08404
[LightGBM] [Info] 10.666507 seconds elapsed, finished iteration 203
[LightGBM] [Debug] Trained a tree with leaves = 255 and depth = 22
[LightGBM] [Info] Iteration:204, valid_1 rmse : 9.08466
[LightGBM] [Info] 10.714564 seconds elapsed, finished iteration 204
[LightGBM] [Debug] Trained a tree with leaves = 255 and depth = 22
[LightGBM] [Info] Iteration:205, valid_1 rmse : 9.08523
[LightGBM] [Info] 10.754129 seconds elapsed, finished iteration 205
[LightGBM] [Debug] Trained a tree with leaves = 255 and depth = 23
[LightGBM] [Info] Iteration:206, valid_1 rmse : 9.08552
[LightGBM] [Info] 10.790006 seconds elapsed, finished iteration 206
[LightGBM] [Debug] Trained a tree with leaves = 255 and depth = 20
[LightGBM] [Info] Iteration:207, valid_1 rmse : 9.08473
[LightGBM] [Info] 10.828096 seconds elapsed, finished iteration 207
[LightGBM] [Debug] Trained a tree with leaves = 255 and depth = 19
[LightGBM] [Info] Iteration:208, valid_1 rmse : 9.0847
[LightGBM] [Info] 10.878940 seconds elapsed, finished iteration 208
[LightGBM] [Debug] Trained a tree with leaves = 255 and depth = 18
[LightGBM] [Info] Iteration:209, valid_1 rmse : 9.08492
[LightGBM] [Info] 10.916217 seconds elapsed, finished iteration 209
[LightGBM] [Debug] Trained a tree with leaves = 255 and depth = 25
[LightGBM] [Info] Iteration:210, valid_1 rmse : 9.08508
[LightGBM] [Info] 10.950295 seconds elapsed, finished iteration 210
[LightGBM] [Debug] Trained a tree with leaves = 255 and depth = 19
[LightGBM] [Info] Iteration:211, valid_1 rmse : 9.08511
[LightGBM] [Info] 10.991480 seconds elapsed, finished iteration 211
[LightGBM] [Debug] Trained a tree with leaves = 255 and depth = 24
[LightGBM] [Info] Iteration:212, valid_1 rmse : 9.08602
[LightGBM] [Info] 11.030470 seconds elapsed, finished iteration 212
[LightGBM] [Debug] Trained a tree with leaves = 255 and depth = 21
[LightGBM] [Info] Iteration:213, valid_1 rmse : 9.08581
[LightGBM] [Info] 11.067895 seconds elapsed, finished iteration 213
[LightGBM] [Debug] Trained a tree with leaves = 255 and depth = 22
[LightGBM] [Info] Iteration:214, valid_1 rmse : 9.0861
[LightGBM] [Info] 11.105452 seconds elapsed, finished iteration 214
[LightGBM] [Debug] Trained a tree with leaves = 255 and depth = 19
[LightGBM] [Info] Iteration:215, valid_1 rmse : 9.08715
[LightGBM] [Info] 11.143649 seconds elapsed, finished iteration 215
[LightGBM] [Debug] Trained a tree with leaves = 255 and depth = 22
[LightGBM] [Info] Iteration:216, valid_1 rmse : 9.08673
[LightGBM] [Info] 11.182965 seconds elapsed, finished iteration 216
[LightGBM] [Debug] Trained a tree with leaves = 255 and depth = 27
[LightGBM] [Info] Iteration:217, valid_1 rmse : 9.08684
[LightGBM] [Info] 11.228402 seconds elapsed, finished iteration 217
[LightGBM] [Debug] Trained a tree with leaves = 255 and depth = 20
[LightGBM] [Info] Iteration:218, valid_1 rmse : 9.08731
[LightGBM] [Info] 11.276376 seconds elapsed, finished iteration 218
[LightGBM] [Debug] Trained a tree with leaves = 255 and depth = 20
[LightGBM] [Info] Iteration:219, valid_1 rmse : 9.08659
[LightGBM] [Info] 11.311799 seconds elapsed, finished iteration 219
[LightGBM] [Debug] Trained a tree with leaves = 255 and depth = 27
[LightGBM] [Info] Iteration:220, valid_1 rmse : 9.08702
[LightGBM] [Info] 11.354841 seconds elapsed, finished iteration 220
[LightGBM] [Debug] Trained a tree with leaves = 255 and depth = 18
[LightGBM] [Info] Iteration:221, valid_1 rmse : 9.0876
[LightGBM] [Info] 11.394040 seconds elapsed, finished iteration 221
[LightGBM] [Debug] Trained a tree with leaves = 255 and depth = 19
[LightGBM] [Info] Iteration:222, valid_1 rmse : 9.08711
[LightGBM] [Info] 11.432758 seconds elapsed, finished iteration 222
[LightGBM] [Debug] Trained a tree with leaves = 255 and depth = 22
[LightGBM] [Info] Iteration:223, valid_1 rmse : 9.08681
[LightGBM] [Info] 11.478427 seconds elapsed, finished iteration 223
[LightGBM] [Debug] Trained a tree with leaves = 255 and depth = 20
[LightGBM] [Info] Iteration:224, valid_1 rmse : 9.08632
[LightGBM] [Info] 11.518304 seconds elapsed, finished iteration 224
[LightGBM] [Debug] Trained a tree with leaves = 255 and depth = 21
[LightGBM] [Info] Iteration:225, valid_1 rmse : 9.08607
[LightGBM] [Info] 11.567720 seconds elapsed, finished iteration 225
[LightGBM] [Debug] Trained a tree with leaves = 255 and depth = 26
[LightGBM] [Info] Iteration:226, valid_1 rmse : 9.08559
[LightGBM] [Info] 11.616767 seconds elapsed, finished iteration 226
[LightGBM] [Debug] Trained a tree with leaves = 255 and depth = 20
[LightGBM] [Info] Iteration:227, valid_1 rmse : 9.08519
[LightGBM] [Info] 11.663205 seconds elapsed, finished iteration 227
[LightGBM] [Debug] Trained a tree with leaves = 255 and depth = 22
[LightGBM] [Info] Iteration:228, valid_1 rmse : 9.08518
[LightGBM] [Info] 11.710242 seconds elapsed, finished iteration 228
[LightGBM] [Debug] Trained a tree with leaves = 255 and depth = 24
[LightGBM] [Info] Iteration:229, valid_1 rmse : 9.0849
[LightGBM] [Info] 11.762838 seconds elapsed, finished iteration 229
[LightGBM] [Debug] Trained a tree with leaves = 255 and depth = 23
[LightGBM] [Info] Iteration:230, valid_1 rmse : 9.08434
[LightGBM] [Info] 11.810297 seconds elapsed, finished iteration 230
[LightGBM] [Debug] Trained a tree with leaves = 255 and depth = 21
[LightGBM] [Info] Iteration:231, valid_1 rmse : 9.08434
[LightGBM] [Info] 11.846601 seconds elapsed, finished iteration 231
[LightGBM] [Debug] Trained a tree with leaves = 255 and depth = 16
[LightGBM] [Info] Iteration:232, valid_1 rmse : 9.08403
[LightGBM] [Info] 11.883609 seconds elapsed, finished iteration 232
[LightGBM] [Debug] Trained a tree with leaves = 255 and depth = 19
[LightGBM] [Info] Iteration:233, valid_1 rmse : 9.08406
[LightGBM] [Info] 11.922675 seconds elapsed, finished iteration 233
[LightGBM] [Debug] Trained a tree with leaves = 255 and depth = 22
[LightGBM] [Info] Iteration:234, valid_1 rmse : 9.08259
[LightGBM] [Info] 11.963839 seconds elapsed, finished iteration 234
[LightGBM] [Debug] Trained a tree with leaves = 255 and depth = 19
[LightGBM] [Info] Iteration:235, valid_1 rmse : 9.08126
[LightGBM] [Info] 12.017279 seconds elapsed, finished iteration 235
[LightGBM] [Debug] Trained a tree with leaves = 255 and depth = 16
[LightGBM] [Info] Iteration:236, valid_1 rmse : 9.08074
[LightGBM] [Info] 12.069424 seconds elapsed, finished iteration 236
[LightGBM] [Debug] Trained a tree with leaves = 255 and depth = 16
[LightGBM] [Info] Iteration:237, valid_1 rmse : 9.08017
[LightGBM] [Info] 12.113339 seconds elapsed, finished iteration 237
[LightGBM] [Debug] Trained a tree with leaves = 255 and depth = 20
[LightGBM] [Info] Iteration:238, valid_1 rmse : 9.0793
[LightGBM] [Info] 12.153269 seconds elapsed, finished iteration 238
[LightGBM] [Debug] Trained a tree with leaves = 255 and depth = 18
[LightGBM] [Info] Iteration:239, valid_1 rmse : 9.07736
[LightGBM] [Info] 12.208892 seconds elapsed, finished iteration 239
[LightGBM] [Debug] Trained a tree with leaves = 255 and depth = 16
[LightGBM] [Info] Iteration:240, valid_1 rmse : 9.07646
[LightGBM] [Info] 12.253562 seconds elapsed, finished iteration 240
[LightGBM] [Debug] Trained a tree with leaves = 255 and depth = 21
[LightGBM] [Info] Iteration:241, valid_1 rmse : 9.0748
[LightGBM] [Info] 12.300508 seconds elapsed, finished iteration 241
[LightGBM] [Debug] Trained a tree with leaves = 255 and depth = 18
[LightGBM] [Info] Iteration:242, valid_1 rmse : 9.07463
[LightGBM] [Info] 12.356705 seconds elapsed, finished iteration 242
[LightGBM] [Debug] Trained a tree with leaves = 255 and depth = 20
[LightGBM] [Info] Iteration:243, valid_1 rmse : 9.07407
[LightGBM] [Info] 12.406134 seconds elapsed, finished iteration 243
[LightGBM] [Debug] Trained a tree with leaves = 255 and depth = 19
[LightGBM] [Info] Iteration:244, valid_1 rmse : 9.0733
[LightGBM] [Info] 12.449616 seconds elapsed, finished iteration 244
[LightGBM] [Debug] Trained a tree with leaves = 255 and depth = 17
[LightGBM] [Info] Iteration:245, valid_1 rmse : 9.07295
[LightGBM] [Info] 12.495824 seconds elapsed, finished iteration 245
[LightGBM] [Debug] Trained a tree with leaves = 255 and depth = 18
[LightGBM] [Info] Iteration:246, valid_1 rmse : 9.0731
[LightGBM] [Info] 12.535525 seconds elapsed, finished iteration 246
[LightGBM] [Debug] Trained a tree with leaves = 255 and depth = 20
[LightGBM] [Info] Iteration:247, valid_1 rmse : 9.07325
[LightGBM] [Info] 12.577402 seconds elapsed, finished iteration 247
[LightGBM] [Debug] Trained a tree with leaves = 255 and depth = 19
[LightGBM] [Info] Iteration:248, valid_1 rmse : 9.07293
[LightGBM] [Info] 12.623641 seconds elapsed, finished iteration 248
[LightGBM] [Debug] Trained a tree with leaves = 255 and depth = 20
[LightGBM] [Info] Iteration:249, valid_1 rmse : 9.07244
[LightGBM] [Info] 12.666187 seconds elapsed, finished iteration 249
[LightGBM] [Debug] Trained a tree with leaves = 255 and depth = 19
[LightGBM] [Info] Iteration:250, valid_1 rmse : 9.07163
[LightGBM] [Info] 12.715629 seconds elapsed, finished iteration 250
[LightGBM] [Debug] Trained a tree with leaves = 255 and depth = 19
[LightGBM] [Info] Iteration:251, valid_1 rmse : 9.07103
[LightGBM] [Info] 12.755235 seconds elapsed, finished iteration 251
[LightGBM] [Debug] Trained a tree with leaves = 255 and depth = 19
[LightGBM] [Info] Iteration:252, valid_1 rmse : 9.07031
[LightGBM] [Info] 12.805397 seconds elapsed, finished iteration 252
[LightGBM] [Debug] Trained a tree with leaves = 255 and depth = 22
[LightGBM] [Info] Iteration:253, valid_1 rmse : 9.0703
[LightGBM] [Info] 12.845111 seconds elapsed, finished iteration 253
[LightGBM] [Debug] Trained a tree with leaves = 255 and depth = 19
[LightGBM] [Info] Iteration:254, valid_1 rmse : 9.07061
[LightGBM] [Info] 12.883167 seconds elapsed, finished iteration 254
[LightGBM] [Debug] Trained a tree with leaves = 255 and depth = 19
[LightGBM] [Info] Iteration:255, valid_1 rmse : 9.0704
[LightGBM] [Info] 12.923356 seconds elapsed, finished iteration 255
[LightGBM] [Debug] Trained a tree with leaves = 255 and depth = 18
[LightGBM] [Info] Iteration:256, valid_1 rmse : 9.0694
[LightGBM] [Info] 12.963725 seconds elapsed, finished iteration 256
[LightGBM] [Debug] Trained a tree with leaves = 255 and depth = 26
[LightGBM] [Info] Iteration:257, valid_1 rmse : 9.069
[LightGBM] [Info] 13.004828 seconds elapsed, finished iteration 257
[LightGBM] [Debug] Trained a tree with leaves = 255 and depth = 29
[LightGBM] [Info] Iteration:258, valid_1 rmse : 9.06854
[LightGBM] [Info] 13.045755 seconds elapsed, finished iteration 258
[LightGBM] [Debug] Trained a tree with leaves = 255 and depth = 25
[LightGBM] [Info] Iteration:259, valid_1 rmse : 9.06848
[LightGBM] [Info] 13.085393 seconds elapsed, finished iteration 259
[LightGBM] [Debug] Trained a tree with leaves = 255 and depth = 27
[LightGBM] [Info] Iteration:260, valid_1 rmse : 9.06792
[LightGBM] [Info] 13.154106 seconds elapsed, finished iteration 260
[LightGBM] [Debug] Trained a tree with leaves = 255 and depth = 28
[LightGBM] [Info] Iteration:261, valid_1 rmse : 9.06792
[LightGBM] [Info] 13.207945 seconds elapsed, finished iteration 261
[LightGBM] [Debug] Trained a tree with leaves = 255 and depth = 26
[LightGBM] [Info] Iteration:262, valid_1 rmse : 9.06744
[LightGBM] [Info] 13.256034 seconds elapsed, finished iteration 262
[LightGBM] [Debug] Trained a tree with leaves = 255 and depth = 19
[LightGBM] [Info] Iteration:263, valid_1 rmse : 9.06699
[LightGBM] [Info] 13.306594 seconds elapsed, finished iteration 263
[LightGBM] [Debug] Trained a tree with leaves = 255 and depth = 21
[LightGBM] [Info] Iteration:264, valid_1 rmse : 9.06644
[LightGBM] [Info] 13.361486 seconds elapsed, finished iteration 264
[LightGBM] [Debug] Trained a tree with leaves = 255 and depth = 21
[LightGBM] [Info] Iteration:265, valid_1 rmse : 9.06626
[LightGBM] [Info] 13.404749 seconds elapsed, finished iteration 265
[LightGBM] [Debug] Trained a tree with leaves = 255 and depth = 20
[LightGBM] [Info] Iteration:266, valid_1 rmse : 9.06591
[LightGBM] [Info] 13.441727 seconds elapsed, finished iteration 266
[LightGBM] [Debug] Trained a tree with leaves = 255 and depth = 23
[LightGBM] [Info] Iteration:267, valid_1 rmse : 9.06605
[LightGBM] [Info] 13.486247 seconds elapsed, finished iteration 267
[LightGBM] [Debug] Trained a tree with leaves = 255 and depth = 20
[LightGBM] [Info] Iteration:268, valid_1 rmse : 9.0655
[LightGBM] [Info] 13.527801 seconds elapsed, finished iteration 268
[LightGBM] [Debug] Trained a tree with leaves = 255 and depth = 18
[LightGBM] [Info] Iteration:269, valid_1 rmse : 9.0655
[LightGBM] [Info] 13.570015 seconds elapsed, finished iteration 269
[LightGBM] [Debug] Trained a tree with leaves = 255 and depth = 21
[LightGBM] [Info] Iteration:270, valid_1 rmse : 9.06532
[LightGBM] [Info] 13.611041 seconds elapsed, finished iteration 270
[LightGBM] [Debug] Trained a tree with leaves = 255 and depth = 20
[LightGBM] [Info] Iteration:271, valid_1 rmse : 9.06549
[LightGBM] [Info] 13.651080 seconds elapsed, finished iteration 271
[LightGBM] [Debug] Trained a tree with leaves = 255 and depth = 20
[LightGBM] [Info] Iteration:272, valid_1 rmse : 9.06491
[LightGBM] [Info] 13.692715 seconds elapsed, finished iteration 272
[LightGBM] [Debug] Trained a tree with leaves = 255 and depth = 23
[LightGBM] [Info] Iteration:273, valid_1 rmse : 9.06482
[LightGBM] [Info] 13.738857 seconds elapsed, finished iteration 273
[LightGBM] [Debug] Trained a tree with leaves = 255 and depth = 22
[LightGBM] [Info] Iteration:274, valid_1 rmse : 9.06397
[LightGBM] [Info] 13.780617 seconds elapsed, finished iteration 274
[LightGBM] [Debug] Trained a tree with leaves = 255 and depth = 24
[LightGBM] [Info] Iteration:275, valid_1 rmse : 9.06323
[LightGBM] [Info] 13.828165 seconds elapsed, finished iteration 275
[LightGBM] [Debug] Trained a tree with leaves = 255 and depth = 18
[LightGBM] [Info] Iteration:276, valid_1 rmse : 9.06219
[LightGBM] [Info] 13.866555 seconds elapsed, finished iteration 276
[LightGBM] [Debug] Trained a tree with leaves = 255 and depth = 21
[LightGBM] [Info] Iteration:277, valid_1 rmse : 9.06151
[LightGBM] [Info] 13.916386 seconds elapsed, finished iteration 277
[LightGBM] [Debug] Trained a tree with leaves = 255 and depth = 20
[LightGBM] [Info] Iteration:278, valid_1 rmse : 9.06126
[LightGBM] [Info] 13.971660 seconds elapsed, finished iteration 278
[LightGBM] [Debug] Trained a tree with leaves = 255 and depth = 22
[LightGBM] [Info] Iteration:279, valid_1 rmse : 9.06132
[LightGBM] [Info] 14.014553 seconds elapsed, finished iteration 279
[LightGBM] [Debug] Trained a tree with leaves = 255 and depth = 20
[LightGBM] [Info] Iteration:280, valid_1 rmse : 9.06055
[LightGBM] [Info] 14.054641 seconds elapsed, finished iteration 280
[LightGBM] [Debug] Trained a tree with leaves = 255 and depth = 23
[LightGBM] [Info] Iteration:281, valid_1 rmse : 9.06036
[LightGBM] [Info] 14.112460 seconds elapsed, finished iteration 281
[LightGBM] [Debug] Trained a tree with leaves = 255 and depth = 21
[LightGBM] [Info] Iteration:282, valid_1 rmse : 9.05982
[LightGBM] [Info] 14.162261 seconds elapsed, finished iteration 282
[LightGBM] [Debug] Trained a tree with leaves = 255 and depth = 21
[LightGBM] [Info] Iteration:283, valid_1 rmse : 9.05901
[LightGBM] [Info] 14.203914 seconds elapsed, finished iteration 283
[LightGBM] [Debug] Trained a tree with leaves = 255 and depth = 21
[LightGBM] [Info] Iteration:284, valid_1 rmse : 9.059
[LightGBM] [Info] 14.254289 seconds elapsed, finished iteration 284
[LightGBM] [Debug] Trained a tree with leaves = 255 and depth = 18
[LightGBM] [Info] Iteration:285, valid_1 rmse : 9.05858
[LightGBM] [Info] 14.297138 seconds elapsed, finished iteration 285
[LightGBM] [Debug] Trained a tree with leaves = 255 and depth = 21
[LightGBM] [Info] Iteration:286, valid_1 rmse : 9.05786
[LightGBM] [Info] 14.359528 seconds elapsed, finished iteration 286
[LightGBM] [Debug] Trained a tree with leaves = 255 and depth = 21
[LightGBM] [Info] Iteration:287, valid_1 rmse : 9.05724
[LightGBM] [Info] 14.402797 seconds elapsed, finished iteration 287
[LightGBM] [Debug] Trained a tree with leaves = 255 and depth = 22
[LightGBM] [Info] Iteration:288, valid_1 rmse : 9.05686
[LightGBM] [Info] 14.455114 seconds elapsed, finished iteration 288
[LightGBM] [Debug] Trained a tree with leaves = 255 and depth = 23
[LightGBM] [Info] Iteration:289, valid_1 rmse : 9.05655
[LightGBM] [Info] 14.495863 seconds elapsed, finished iteration 289
[LightGBM] [Debug] Trained a tree with leaves = 255 and depth = 24
[LightGBM] [Info] Iteration:290, valid_1 rmse : 9.05616
[LightGBM] [Info] 14.539098 seconds elapsed, finished iteration 290
[LightGBM] [Debug] Trained a tree with leaves = 255 and depth = 20
[LightGBM] [Info] Iteration:291, valid_1 rmse : 9.05606
[LightGBM] [Info] 14.586574 seconds elapsed, finished iteration 291
[LightGBM] [Debug] Trained a tree with leaves = 255 and depth = 21
[LightGBM] [Info] Iteration:292, valid_1 rmse : 9.05582
[LightGBM] [Info] 14.627582 seconds elapsed, finished iteration 292
[LightGBM] [Debug] Trained a tree with leaves = 255 and depth = 21
[LightGBM] [Info] Iteration:293, valid_1 rmse : 9.0558
[LightGBM] [Info] 14.673272 seconds elapsed, finished iteration 293
[LightGBM] [Debug] Trained a tree with leaves = 255 and depth = 20
[LightGBM] [Info] Iteration:294, valid_1 rmse : 9.056
[LightGBM] [Info] 14.723202 seconds elapsed, finished iteration 294
[LightGBM] [Debug] Trained a tree with leaves = 255 and depth = 24
[LightGBM] [Info] Iteration:295, valid_1 rmse : 9.05575
[LightGBM] [Info] 14.766758 seconds elapsed, finished iteration 295
[LightGBM] [Debug] Trained a tree with leaves = 255 and depth = 20
[LightGBM] [Info] Iteration:296, valid_1 rmse : 9.0554
[LightGBM] [Info] 14.809452 seconds elapsed, finished iteration 296
[LightGBM] [Debug] Trained a tree with leaves = 255 and depth = 21
[LightGBM] [Info] Iteration:297, valid_1 rmse : 9.05528
[LightGBM] [Info] 14.852975 seconds elapsed, finished iteration 297
[LightGBM] [Debug] Trained a tree with leaves = 255 and depth = 21
[LightGBM] [Info] Iteration:298, valid_1 rmse : 9.05517
[LightGBM] [Info] 14.894381 seconds elapsed, finished iteration 298
[LightGBM] [Debug] Trained a tree with leaves = 255 and depth = 23
[LightGBM] [Info] Iteration:299, valid_1 rmse : 9.05456
[LightGBM] [Info] 14.932798 seconds elapsed, finished iteration 299
[LightGBM] [Debug] Trained a tree with leaves = 255 and depth = 17
[LightGBM] [Info] Iteration:300, valid_1 rmse : 9.05462
[LightGBM] [Info] 14.975623 seconds elapsed, finished iteration 300
[LightGBM] [Debug] Trained a tree with leaves = 255 and depth = 22
[LightGBM] [Info] Iteration:301, valid_1 rmse : 9.0547
[LightGBM] [Info] 15.021891 seconds elapsed, finished iteration 301
[LightGBM] [Debug] Trained a tree with leaves = 255 and depth = 21
[LightGBM] [Info] Iteration:302, valid_1 rmse : 9.05484
[LightGBM] [Info] 15.066469 seconds elapsed, finished iteration 302
[LightGBM] [Debug] Trained a tree with leaves = 255 and depth = 23
[LightGBM] [Info] Iteration:303, valid_1 rmse : 9.05502
[LightGBM] [Info] 15.113206 seconds elapsed, finished iteration 303
[LightGBM] [Debug] Trained a tree with leaves = 255 and depth = 22
[LightGBM] [Info] Iteration:304, valid_1 rmse : 9.05516
[LightGBM] [Info] 15.153836 seconds elapsed, finished iteration 304
[LightGBM] [Debug] Trained a tree with leaves = 255 and depth = 29
[LightGBM] [Info] Iteration:305, valid_1 rmse : 9.0546
[LightGBM] [Info] 15.192995 seconds elapsed, finished iteration 305
[LightGBM] [Debug] Trained a tree with leaves = 255 and depth = 24
[LightGBM] [Info] Iteration:306, valid_1 rmse : 9.05486
[LightGBM] [Info] 15.239740 seconds elapsed, finished iteration 306
[LightGBM] [Debug] Trained a tree with leaves = 255 and depth = 19
[LightGBM] [Info] Iteration:307, valid_1 rmse : 9.05509
[LightGBM] [Info] 15.280497 seconds elapsed, finished iteration 307
[LightGBM] [Debug] Trained a tree with leaves = 255 and depth = 22
[LightGBM] [Info] Iteration:308, valid_1 rmse : 9.05441
[LightGBM] [Info] 15.323939 seconds elapsed, finished iteration 308
[LightGBM] [Debug] Trained a tree with leaves = 255 and depth = 26
[LightGBM] [Info] Iteration:309, valid_1 rmse : 9.05386
[LightGBM] [Info] 15.372837 seconds elapsed, finished iteration 309
[LightGBM] [Debug] Trained a tree with leaves = 255 and depth = 28
[LightGBM] [Info] Iteration:310, valid_1 rmse : 9.05412
[LightGBM] [Info] 15.419711 seconds elapsed, finished iteration 310
[LightGBM] [Debug] Trained a tree with leaves = 255 and depth = 21
[LightGBM] [Info] Iteration:311, valid_1 rmse : 9.05425
[LightGBM] [Info] 15.467104 seconds elapsed, finished iteration 311
[LightGBM] [Debug] Trained a tree with leaves = 255 and depth = 20
[LightGBM] [Info] Iteration:312, valid_1 rmse : 9.05368
[LightGBM] [Info] 15.514352 seconds elapsed, finished iteration 312
[LightGBM] [Debug] Trained a tree with leaves = 255 and depth = 19
[LightGBM] [Info] Iteration:313, valid_1 rmse : 9.05374
[LightGBM] [Info] 15.569265 seconds elapsed, finished iteration 313
[LightGBM] [Debug] Trained a tree with leaves = 255 and depth = 18
[LightGBM] [Info] Iteration:314, valid_1 rmse : 9.05358
[LightGBM] [Info] 15.625501 seconds elapsed, finished iteration 314
[LightGBM] [Debug] Trained a tree with leaves = 255 and depth = 18
[LightGBM] [Info] Iteration:315, valid_1 rmse : 9.05283
[LightGBM] [Info] 15.683990 seconds elapsed, finished iteration 315
[LightGBM] [Debug] Trained a tree with leaves = 255 and depth = 22
[LightGBM] [Info] Iteration:316, valid_1 rmse : 9.0529
[LightGBM] [Info] 15.740575 seconds elapsed, finished iteration 316
[LightGBM] [Debug] Trained a tree with leaves = 255 and depth = 18
[LightGBM] [Info] Iteration:317, valid_1 rmse : 9.05292
[LightGBM] [Info] 15.787806 seconds elapsed, finished iteration 317
[LightGBM] [Debug] Trained a tree with leaves = 255 and depth = 24
[LightGBM] [Info] Iteration:318, valid_1 rmse : 9.05309
[LightGBM] [Info] 15.834597 seconds elapsed, finished iteration 318
[LightGBM] [Debug] Trained a tree with leaves = 255 and depth = 21
[LightGBM] [Info] Iteration:319, valid_1 rmse : 9.05358
[LightGBM] [Info] 15.891960 seconds elapsed, finished iteration 319
[LightGBM] [Debug] Trained a tree with leaves = 255 and depth = 21
[LightGBM] [Info] Iteration:320, valid_1 rmse : 9.05365
[LightGBM] [Info] 15.940940 seconds elapsed, finished iteration 320
[LightGBM] [Debug] Trained a tree with leaves = 255 and depth = 18
[LightGBM] [Info] Iteration:321, valid_1 rmse : 9.05364
[LightGBM] [Info] 15.984611 seconds elapsed, finished iteration 321
[LightGBM] [Debug] Trained a tree with leaves = 255 and depth = 21
[LightGBM] [Info] Iteration:322, valid_1 rmse : 9.05363
[LightGBM] [Info] 16.024798 seconds elapsed, finished iteration 322
[LightGBM] [Debug] Trained a tree with leaves = 255 and depth = 18
[LightGBM] [Info] Iteration:323, valid_1 rmse : 9.05391
[LightGBM] [Info] 16.072857 seconds elapsed, finished iteration 323
[LightGBM] [Debug] Trained a tree with leaves = 255 and depth = 18
[LightGBM] [Info] Iteration:324, valid_1 rmse : 9.054
[LightGBM] [Info] 16.112942 seconds elapsed, finished iteration 324
[LightGBM] [Debug] Trained a tree with leaves = 255 and depth = 19
[LightGBM] [Info] Iteration:325, valid_1 rmse : 9.05376
[LightGBM] [Info] 16.155790 seconds elapsed, finished iteration 325
[LightGBM] [Debug] Trained a tree with leaves = 255 and depth = 21
[LightGBM] [Info] Iteration:326, valid_1 rmse : 9.05361
[LightGBM] [Info] 16.199255 seconds elapsed, finished iteration 326
[LightGBM] [Debug] Trained a tree with leaves = 255 and depth = 21
[LightGBM] [Info] Iteration:327, valid_1 rmse : 9.05356
[LightGBM] [Info] 16.241149 seconds elapsed, finished iteration 327
[LightGBM] [Debug] Trained a tree with leaves = 255 and depth = 20
[LightGBM] [Info] Iteration:328, valid_1 rmse : 9.0531
[LightGBM] [Info] 16.286178 seconds elapsed, finished iteration 328
[LightGBM] [Debug] Trained a tree with leaves = 255 and depth = 26
[LightGBM] [Info] Iteration:329, valid_1 rmse : 9.05265
[LightGBM] [Info] 16.327104 seconds elapsed, finished iteration 329
[LightGBM] [Debug] Trained a tree with leaves = 255 and depth = 26
[LightGBM] [Info] Iteration:330, valid_1 rmse : 9.05239
[LightGBM] [Info] 16.374549 seconds elapsed, finished iteration 330
[LightGBM] [Debug] Trained a tree with leaves = 255 and depth = 29
[LightGBM] [Info] Iteration:331, valid_1 rmse : 9.05277
[LightGBM] [Info] 16.414298 seconds elapsed, finished iteration 331
[LightGBM] [Debug] Trained a tree with leaves = 255 and depth = 23
[LightGBM] [Info] Iteration:332, valid_1 rmse : 9.05242
[LightGBM] [Info] 16.459386 seconds elapsed, finished iteration 332
[LightGBM] [Debug] Trained a tree with leaves = 255 and depth = 20
[LightGBM] [Info] Iteration:333, valid_1 rmse : 9.05278
[LightGBM] [Info] 16.501652 seconds elapsed, finished iteration 333
[LightGBM] [Debug] Trained a tree with leaves = 255 and depth = 23
[LightGBM] [Info] Iteration:334, valid_1 rmse : 9.053
[LightGBM] [Info] 16.546243 seconds elapsed, finished iteration 334
[LightGBM] [Debug] Trained a tree with leaves = 255 and depth = 21
[LightGBM] [Info] Iteration:335, valid_1 rmse : 9.0529
[LightGBM] [Info] 16.592799 seconds elapsed, finished iteration 335
[LightGBM] [Debug] Trained a tree with leaves = 255 and depth = 22
[LightGBM] [Info] Iteration:336, valid_1 rmse : 9.05249
[LightGBM] [Info] 16.641094 seconds elapsed, finished iteration 336
[LightGBM] [Debug] Trained a tree with leaves = 255 and depth = 23
[LightGBM] [Info] Iteration:337, valid_1 rmse : 9.05211
[LightGBM] [Info] 16.686648 seconds elapsed, finished iteration 337
[LightGBM] [Debug] Trained a tree with leaves = 255 and depth = 25
[LightGBM] [Info] Iteration:338, valid_1 rmse : 9.05221
[LightGBM] [Info] 16.725378 seconds elapsed, finished iteration 338
[LightGBM] [Debug] Trained a tree with leaves = 255 and depth = 22
[LightGBM] [Info] Iteration:339, valid_1 rmse : 9.05223
[LightGBM] [Info] 16.765712 seconds elapsed, finished iteration 339
[LightGBM] [Debug] Trained a tree with leaves = 255 and depth = 21
[LightGBM] [Info] Iteration:340, valid_1 rmse : 9.05153
[LightGBM] [Info] 16.807750 seconds elapsed, finished iteration 340
[LightGBM] [Debug] Trained a tree with leaves = 255 and depth = 25
[LightGBM] [Info] Iteration:341, valid_1 rmse : 9.05136
[LightGBM] [Info] 16.860453 seconds elapsed, finished iteration 341
[LightGBM] [Debug] Trained a tree with leaves = 255 and depth = 20
[LightGBM] [Info] Iteration:342, valid_1 rmse : 9.05102
[LightGBM] [Info] 16.911070 seconds elapsed, finished iteration 342
[LightGBM] [Debug] Trained a tree with leaves = 255 and depth = 23
[LightGBM] [Info] Iteration:343, valid_1 rmse : 9.05094
[LightGBM] [Info] 16.954314 seconds elapsed, finished iteration 343
[LightGBM] [Debug] Trained a tree with leaves = 255 and depth = 28
[LightGBM] [Info] Iteration:344, valid_1 rmse : 9.05125
[LightGBM] [Info] 17.004103 seconds elapsed, finished iteration 344
[LightGBM] [Debug] Trained a tree with leaves = 255 and depth = 19
[LightGBM] [Info] Iteration:345, valid_1 rmse : 9.05117
[LightGBM] [Info] 17.043042 seconds elapsed, finished iteration 345
[LightGBM] [Debug] Trained a tree with leaves = 255 and depth = 26
[LightGBM] [Info] Iteration:346, valid_1 rmse : 9.05212
[LightGBM] [Info] 17.084638 seconds elapsed, finished iteration 346
[LightGBM] [Debug] Trained a tree with leaves = 255 and depth = 24
[LightGBM] [Info] Iteration:347, valid_1 rmse : 9.05216
[LightGBM] [Info] 17.123423 seconds elapsed, finished iteration 347
[LightGBM] [Debug] Trained a tree with leaves = 255 and depth = 26
[LightGBM] [Info] Iteration:348, valid_1 rmse : 9.05257
[LightGBM] [Info] 17.162211 seconds elapsed, finished iteration 348
[LightGBM] [Debug] Trained a tree with leaves = 255 and depth = 27
[LightGBM] [Info] Iteration:349, valid_1 rmse : 9.05325
[LightGBM] [Info] 17.206868 seconds elapsed, finished iteration 349
[LightGBM] [Debug] Trained a tree with leaves = 255 and depth = 21
[LightGBM] [Info] Iteration:350, valid_1 rmse : 9.05359
[LightGBM] [Info] 17.253297 seconds elapsed, finished iteration 350
[LightGBM] [Debug] Trained a tree with leaves = 255 and depth = 19
[LightGBM] [Info] Iteration:351, valid_1 rmse : 9.05404
[LightGBM] [Info] 17.325977 seconds elapsed, finished iteration 351
[LightGBM] [Debug] Trained a tree with leaves = 255 and depth = 25
[LightGBM] [Info] Iteration:352, valid_1 rmse : 9.05344
[LightGBM] [Info] 17.381458 seconds elapsed, finished iteration 352
[LightGBM] [Debug] Trained a tree with leaves = 255 and depth = 27
[LightGBM] [Info] Iteration:353, valid_1 rmse : 9.05366
[LightGBM] [Info] 17.438799 seconds elapsed, finished iteration 353
[LightGBM] [Debug] Trained a tree with leaves = 255 and depth = 23
[LightGBM] [Info] Iteration:354, valid_1 rmse : 9.05309
[LightGBM] [Info] 17.501960 seconds elapsed, finished iteration 354
[LightGBM] [Debug] Trained a tree with leaves = 255 and depth = 19
[LightGBM] [Info] Iteration:355, valid_1 rmse : 9.05363
[LightGBM] [Info] 17.553597 seconds elapsed, finished iteration 355
[LightGBM] [Debug] Trained a tree with leaves = 255 and depth = 25
[LightGBM] [Info] Iteration:356, valid_1 rmse : 9.053
[LightGBM] [Info] 17.609682 seconds elapsed, finished iteration 356
[LightGBM] [Debug] Trained a tree with leaves = 255 and depth = 19
[LightGBM] [Info] Iteration:357, valid_1 rmse : 9.05324
[LightGBM] [Info] 17.649260 seconds elapsed, finished iteration 357
[LightGBM] [Debug] Trained a tree with leaves = 255 and depth = 23
[LightGBM] [Info] Iteration:358, valid_1 rmse : 9.05314
[LightGBM] [Info] 17.694590 seconds elapsed, finished iteration 358
[LightGBM] [Debug] Trained a tree with leaves = 255 and depth = 25
[LightGBM] [Info] Iteration:359, valid_1 rmse : 9.0532
[LightGBM] [Info] 17.734925 seconds elapsed, finished iteration 359
[LightGBM] [Debug] Trained a tree with leaves = 255 and depth = 24
[LightGBM] [Info] Iteration:360, valid_1 rmse : 9.05288
[LightGBM] [Info] 17.774631 seconds elapsed, finished iteration 360
[LightGBM] [Debug] Trained a tree with leaves = 255 and depth = 17
[LightGBM] [Info] Iteration:361, valid_1 rmse : 9.05252
[LightGBM] [Info] 17.819601 seconds elapsed, finished iteration 361
[LightGBM] [Debug] Trained a tree with leaves = 255 and depth = 20
[LightGBM] [Info] Iteration:362, valid_1 rmse : 9.05215
[LightGBM] [Info] 17.857960 seconds elapsed, finished iteration 362
[LightGBM] [Debug] Trained a tree with leaves = 255 and depth = 23
[LightGBM] [Info] Iteration:363, valid_1 rmse : 9.05255
[LightGBM] [Info] 17.900690 seconds elapsed, finished iteration 363
[LightGBM] [Debug] Trained a tree with leaves = 255 and depth = 26
[LightGBM] [Info] Iteration:364, valid_1 rmse : 9.0524
[LightGBM] [Info] 17.941365 seconds elapsed, finished iteration 364
[LightGBM] [Debug] Trained a tree with leaves = 255 and depth = 23
[LightGBM] [Info] Iteration:365, valid_1 rmse : 9.05265
[LightGBM] [Info] 17.980585 seconds elapsed, finished iteration 365
[LightGBM] [Debug] Trained a tree with leaves = 255 and depth = 20
[LightGBM] [Info] Iteration:366, valid_1 rmse : 9.05274
[LightGBM] [Info] 18.028398 seconds elapsed, finished iteration 366
[LightGBM] [Debug] Trained a tree with leaves = 255 and depth = 23
[LightGBM] [Info] Iteration:367, valid_1 rmse : 9.05219
[LightGBM] [Info] 18.068710 seconds elapsed, finished iteration 367
[LightGBM] [Debug] Trained a tree with leaves = 255 and depth = 22
[LightGBM] [Info] Iteration:368, valid_1 rmse : 9.05181
[LightGBM] [Info] 18.110881 seconds elapsed, finished iteration 368
[LightGBM] [Debug] Trained a tree with leaves = 255 and depth = 21
[LightGBM] [Info] Iteration:369, valid_1 rmse : 9.0519
[LightGBM] [Info] 18.149441 seconds elapsed, finished iteration 369
[LightGBM] [Debug] Trained a tree with leaves = 255 and depth = 22
[LightGBM] [Info] Iteration:370, valid_1 rmse : 9.05238
[LightGBM] [Info] 18.187818 seconds elapsed, finished iteration 370
[LightGBM] [Debug] Trained a tree with leaves = 255 and depth = 27
[LightGBM] [Info] Iteration:371, valid_1 rmse : 9.0521
[LightGBM] [Info] 18.229970 seconds elapsed, finished iteration 371
[LightGBM] [Debug] Trained a tree with leaves = 255 and depth = 23
[LightGBM] [Info] Iteration:372, valid_1 rmse : 9.05216
[LightGBM] [Info] 18.267519 seconds elapsed, finished iteration 372
[LightGBM] [Debug] Trained a tree with leaves = 255 and depth = 25
[LightGBM] [Info] Iteration:373, valid_1 rmse : 9.05236
[LightGBM] [Info] 18.306593 seconds elapsed, finished iteration 373
[LightGBM] [Debug] Trained a tree with leaves = 255 and depth = 27
[LightGBM] [Info] Iteration:374, valid_1 rmse : 9.05216
[LightGBM] [Info] 18.356361 seconds elapsed, finished iteration 374
[LightGBM] [Debug] Trained a tree with leaves = 255 and depth = 20
[LightGBM] [Info] Iteration:375, valid_1 rmse : 9.05186
[LightGBM] [Info] 18.399974 seconds elapsed, finished iteration 375
[LightGBM] [Debug] Trained a tree with leaves = 255 and depth = 19
[LightGBM] [Info] Iteration:376, valid_1 rmse : 9.05177
[LightGBM] [Info] 18.460460 seconds elapsed, finished iteration 376
[LightGBM] [Debug] Trained a tree with leaves = 255 and depth = 20
[LightGBM] [Info] Iteration:377, valid_1 rmse : 9.05157
[LightGBM] [Info] 18.500889 seconds elapsed, finished iteration 377
[LightGBM] [Debug] Trained a tree with leaves = 255 and depth = 17
[LightGBM] [Info] Iteration:378, valid_1 rmse : 9.0516
[LightGBM] [Info] 18.540299 seconds elapsed, finished iteration 378
[LightGBM] [Debug] Trained a tree with leaves = 255 and depth = 24
[LightGBM] [Info] Iteration:379, valid_1 rmse : 9.05141
[LightGBM] [Info] 18.586119 seconds elapsed, finished iteration 379
[LightGBM] [Debug] Trained a tree with leaves = 255 and depth = 23
[LightGBM] [Info] Iteration:380, valid_1 rmse : 9.0511
[LightGBM] [Info] 18.628245 seconds elapsed, finished iteration 380
[LightGBM] [Debug] Trained a tree with leaves = 255 and depth = 21
[LightGBM] [Info] Iteration:381, valid_1 rmse : 9.05126
[LightGBM] [Info] 18.670928 seconds elapsed, finished iteration 381
[LightGBM] [Debug] Trained a tree with leaves = 255 and depth = 19
[LightGBM] [Info] Iteration:382, valid_1 rmse : 9.05082
[LightGBM] [Info] 18.743383 seconds elapsed, finished iteration 382
[LightGBM] [Debug] Trained a tree with leaves = 255 and depth = 21
[LightGBM] [Info] Iteration:383, valid_1 rmse : 9.05076
[LightGBM] [Info] 18.783011 seconds elapsed, finished iteration 383
[LightGBM] [Debug] Trained a tree with leaves = 255 and depth = 19
[LightGBM] [Info] Iteration:384, valid_1 rmse : 9.05083
[LightGBM] [Info] 18.832455 seconds elapsed, finished iteration 384
[LightGBM] [Debug] Trained a tree with leaves = 255 and depth = 17
[LightGBM] [Info] Iteration:385, valid_1 rmse : 9.05088
[LightGBM] [Info] 18.872475 seconds elapsed, finished iteration 385
[LightGBM] [Debug] Trained a tree with leaves = 255 and depth = 20
[LightGBM] [Info] Iteration:386, valid_1 rmse : 9.05063
[LightGBM] [Info] 18.914047 seconds elapsed, finished iteration 386
[LightGBM] [Debug] Trained a tree with leaves = 255 and depth = 18
[LightGBM] [Info] Iteration:387, valid_1 rmse : 9.05049
[LightGBM] [Info] 18.953629 seconds elapsed, finished iteration 387
[LightGBM] [Debug] Trained a tree with leaves = 255 and depth = 17
[LightGBM] [Info] Iteration:388, valid_1 rmse : 9.05067
[LightGBM] [Info] 18.992863 seconds elapsed, finished iteration 388
[LightGBM] [Debug] Trained a tree with leaves = 255 and depth = 21
[LightGBM] [Info] Iteration:389, valid_1 rmse : 9.05063
[LightGBM] [Info] 19.032676 seconds elapsed, finished iteration 389
[LightGBM] [Debug] Trained a tree with leaves = 255 and depth = 19
[LightGBM] [Info] Iteration:390, valid_1 rmse : 9.0502
[LightGBM] [Info] 19.075465 seconds elapsed, finished iteration 390
[LightGBM] [Debug] Trained a tree with leaves = 255 and depth = 18
[LightGBM] [Info] Iteration:391, valid_1 rmse : 9.05054
[LightGBM] [Info] 19.118882 seconds elapsed, finished iteration 391
[LightGBM] [Debug] Trained a tree with leaves = 255 and depth = 18
[LightGBM] [Info] Iteration:392, valid_1 rmse : 9.05048
[LightGBM] [Info] 19.158557 seconds elapsed, finished iteration 392
[LightGBM] [Debug] Trained a tree with leaves = 255 and depth = 19
[LightGBM] [Info] Iteration:393, valid_1 rmse : 9.05076
[LightGBM] [Info] 19.199592 seconds elapsed, finished iteration 393
[LightGBM] [Debug] Trained a tree with leaves = 255 and depth = 20
[LightGBM] [Info] Iteration:394, valid_1 rmse : 9.05114
[LightGBM] [Info] 19.246781 seconds elapsed, finished iteration 394
[LightGBM] [Debug] Trained a tree with leaves = 255 and depth = 22
[LightGBM] [Info] Iteration:395, valid_1 rmse : 9.05141
[LightGBM] [Info] 19.288629 seconds elapsed, finished iteration 395
[LightGBM] [Debug] Trained a tree with leaves = 255 and depth = 20
[LightGBM] [Info] Iteration:396, valid_1 rmse : 9.05104
[LightGBM] [Info] 19.340103 seconds elapsed, finished iteration 396
[LightGBM] [Debug] Trained a tree with leaves = 255 and depth = 19
[LightGBM] [Info] Iteration:397, valid_1 rmse : 9.05084
[LightGBM] [Info] 19.380592 seconds elapsed, finished iteration 397
[LightGBM] [Debug] Trained a tree with leaves = 255 and depth = 18
[LightGBM] [Info] Iteration:398, valid_1 rmse : 9.05109
[LightGBM] [Info] 19.424928 seconds elapsed, finished iteration 398
[LightGBM] [Debug] Trained a tree with leaves = 255 and depth = 20
[LightGBM] [Info] Iteration:399, valid_1 rmse : 9.05045
[LightGBM] [Info] 19.464279 seconds elapsed, finished iteration 399
[LightGBM] [Debug] Trained a tree with leaves = 255 and depth = 22
[LightGBM] [Info] Iteration:400, valid_1 rmse : 9.05027
[LightGBM] [Info] 19.506938 seconds elapsed, finished iteration 400
[LightGBM] [Debug] Trained a tree with leaves = 255 and depth = 20
[LightGBM] [Info] Iteration:401, valid_1 rmse : 9.04966
[LightGBM] [Info] 19.547305 seconds elapsed, finished iteration 401
[LightGBM] [Debug] Trained a tree with leaves = 255 and depth = 25
[LightGBM] [Info] Iteration:402, valid_1 rmse : 9.04938
[LightGBM] [Info] 19.591849 seconds elapsed, finished iteration 402
[LightGBM] [Debug] Trained a tree with leaves = 255 and depth = 22
[LightGBM] [Info] Iteration:403, valid_1 rmse : 9.04908
[LightGBM] [Info] 19.631000 seconds elapsed, finished iteration 403
[LightGBM] [Debug] Trained a tree with leaves = 255 and depth = 21
[LightGBM] [Info] Iteration:404, valid_1 rmse : 9.04861
[LightGBM] [Info] 19.670614 seconds elapsed, finished iteration 404
[LightGBM] [Debug] Trained a tree with leaves = 255 and depth = 23
[LightGBM] [Info] Iteration:405, valid_1 rmse : 9.04874
[LightGBM] [Info] 19.721544 seconds elapsed, finished iteration 405
[LightGBM] [Debug] Trained a tree with leaves = 255 and depth = 24
[LightGBM] [Info] Iteration:406, valid_1 rmse : 9.04841
[LightGBM] [Info] 19.764153 seconds elapsed, finished iteration 406
[LightGBM] [Debug] Trained a tree with leaves = 255 and depth = 19
[LightGBM] [Info] Iteration:407, valid_1 rmse : 9.04808
[LightGBM] [Info] 19.802952 seconds elapsed, finished iteration 407
[LightGBM] [Debug] Trained a tree with leaves = 255 and depth = 22
[LightGBM] [Info] Iteration:408, valid_1 rmse : 9.04768
[LightGBM] [Info] 19.845255 seconds elapsed, finished iteration 408
[LightGBM] [Debug] Trained a tree with leaves = 255 and depth = 22
[LightGBM] [Info] Iteration:409, valid_1 rmse : 9.04723
[LightGBM] [Info] 19.895712 seconds elapsed, finished iteration 409
[LightGBM] [Debug] Trained a tree with leaves = 255 and depth = 18
[LightGBM] [Info] Iteration:410, valid_1 rmse : 9.04707
[LightGBM] [Info] 19.941367 seconds elapsed, finished iteration 410
[LightGBM] [Debug] Trained a tree with leaves = 255 and depth = 21
[LightGBM] [Info] Iteration:411, valid_1 rmse : 9.04688
[LightGBM] [Info] 19.982185 seconds elapsed, finished iteration 411
[LightGBM] [Debug] Trained a tree with leaves = 255 and depth = 20
[LightGBM] [Info] Iteration:412, valid_1 rmse : 9.04669
[LightGBM] [Info] 20.023306 seconds elapsed, finished iteration 412
[LightGBM] [Debug] Trained a tree with leaves = 255 and depth = 21
[LightGBM] [Info] Iteration:413, valid_1 rmse : 9.04694
[LightGBM] [Info] 20.068066 seconds elapsed, finished iteration 413
[LightGBM] [Debug] Trained a tree with leaves = 255 and depth = 23
[LightGBM] [Info] Iteration:414, valid_1 rmse : 9.04762
[LightGBM] [Info] 20.108164 seconds elapsed, finished iteration 414
[LightGBM] [Debug] Trained a tree with leaves = 255 and depth = 20
[LightGBM] [Info] Iteration:415, valid_1 rmse : 9.04781
[LightGBM] [Info] 20.151494 seconds elapsed, finished iteration 415
[LightGBM] [Debug] Trained a tree with leaves = 255 and depth = 19
[LightGBM] [Info] Iteration:416, valid_1 rmse : 9.04769
[LightGBM] [Info] 20.191166 seconds elapsed, finished iteration 416
[LightGBM] [Debug] Trained a tree with leaves = 255 and depth = 19
[LightGBM] [Info] Iteration:417, valid_1 rmse : 9.04748
[LightGBM] [Info] 20.233630 seconds elapsed, finished iteration 417
[LightGBM] [Debug] Trained a tree with leaves = 255 and depth = 21
[LightGBM] [Info] Iteration:418, valid_1 rmse : 9.04732
[LightGBM] [Info] 20.274739 seconds elapsed, finished iteration 418
[LightGBM] [Debug] Trained a tree with leaves = 255 and depth = 25
[LightGBM] [Info] Iteration:419, valid_1 rmse : 9.04742
[LightGBM] [Info] 20.316598 seconds elapsed, finished iteration 419
[LightGBM] [Debug] Trained a tree with leaves = 255 and depth = 25
[LightGBM] [Info] Iteration:420, valid_1 rmse : 9.04682
[LightGBM] [Info] 20.358795 seconds elapsed, finished iteration 420
[LightGBM] [Debug] Trained a tree with leaves = 255 and depth = 28
[LightGBM] [Info] Iteration:421, valid_1 rmse : 9.04659
[LightGBM] [Info] 20.400991 seconds elapsed, finished iteration 421
[LightGBM] [Debug] Trained a tree with leaves = 255 and depth = 21
[LightGBM] [Info] Iteration:422, valid_1 rmse : 9.04713
[LightGBM] [Info] 20.442658 seconds elapsed, finished iteration 422
[LightGBM] [Debug] Trained a tree with leaves = 255 and depth = 19
[LightGBM] [Info] Iteration:423, valid_1 rmse : 9.04749
[LightGBM] [Info] 20.487267 seconds elapsed, finished iteration 423
[LightGBM] [Debug] Trained a tree with leaves = 255 and depth = 20
[LightGBM] [Info] Iteration:424, valid_1 rmse : 9.04744
[LightGBM] [Info] 20.538618 seconds elapsed, finished iteration 424
[LightGBM] [Debug] Trained a tree with leaves = 255 and depth = 25
[LightGBM] [Info] Iteration:425, valid_1 rmse : 9.04806
[LightGBM] [Info] 20.589402 seconds elapsed, finished iteration 425
[LightGBM] [Debug] Trained a tree with leaves = 255 and depth = 24
[LightGBM] [Info] Iteration:426, valid_1 rmse : 9.04865
[LightGBM] [Info] 20.639587 seconds elapsed, finished iteration 426
[LightGBM] [Debug] Trained a tree with leaves = 255 and depth = 22
[LightGBM] [Info] Iteration:427, valid_1 rmse : 9.04821
[LightGBM] [Info] 20.685040 seconds elapsed, finished iteration 427
[LightGBM] [Debug] Trained a tree with leaves = 255 and depth = 21
[LightGBM] [Info] Iteration:428, valid_1 rmse : 9.04865
[LightGBM] [Info] 20.732097 seconds elapsed, finished iteration 428
[LightGBM] [Debug] Trained a tree with leaves = 255 and depth = 19
[LightGBM] [Info] Iteration:429, valid_1 rmse : 9.04874
[LightGBM] [Info] 20.773039 seconds elapsed, finished iteration 429
[LightGBM] [Debug] Trained a tree with leaves = 255 and depth = 19
[LightGBM] [Info] Iteration:430, valid_1 rmse : 9.04891
[LightGBM] [Info] 20.813294 seconds elapsed, finished iteration 430
[LightGBM] [Debug] Trained a tree with leaves = 255 and depth = 20
[LightGBM] [Info] Iteration:431, valid_1 rmse : 9.04875
[LightGBM] [Info] 20.853691 seconds elapsed, finished iteration 431
[LightGBM] [Debug] Trained a tree with leaves = 255 and depth = 21
[LightGBM] [Info] Iteration:432, valid_1 rmse : 9.04876
[LightGBM] [Info] 20.894716 seconds elapsed, finished iteration 432
[LightGBM] [Debug] Trained a tree with leaves = 255 and depth = 22
[LightGBM] [Info] Iteration:433, valid_1 rmse : 9.04875
[LightGBM] [Info] 20.938796 seconds elapsed, finished iteration 433
[LightGBM] [Debug] Trained a tree with leaves = 255 and depth = 20
[LightGBM] [Info] Iteration:434, valid_1 rmse : 9.04758
[LightGBM] [Info] 20.976781 seconds elapsed, finished iteration 434
[LightGBM] [Debug] Trained a tree with leaves = 255 and depth = 20
[LightGBM] [Info] Iteration:435, valid_1 rmse : 9.04779
[LightGBM] [Info] 21.015296 seconds elapsed, finished iteration 435
[LightGBM] [Debug] Trained a tree with leaves = 255 and depth = 22
[LightGBM] [Info] Iteration:436, valid_1 rmse : 9.04772
[LightGBM] [Info] 21.055850 seconds elapsed, finished iteration 436
[LightGBM] [Debug] Trained a tree with leaves = 255 and depth = 23
[LightGBM] [Info] Iteration:437, valid_1 rmse : 9.04766
[LightGBM] [Info] 21.104480 seconds elapsed, finished iteration 437
[LightGBM] [Debug] Trained a tree with leaves = 255 and depth = 18
[LightGBM] [Info] Iteration:438, valid_1 rmse : 9.0474
[LightGBM] [Info] 21.152870 seconds elapsed, finished iteration 438
[LightGBM] [Debug] Trained a tree with leaves = 255 and depth = 21
[LightGBM] [Info] Iteration:439, valid_1 rmse : 9.04723
[LightGBM] [Info] 21.193879 seconds elapsed, finished iteration 439
[LightGBM] [Debug] Trained a tree with leaves = 255 and depth = 21
[LightGBM] [Info] Iteration:440, valid_1 rmse : 9.04676
[LightGBM] [Info] 21.238856 seconds elapsed, finished iteration 440
[LightGBM] [Debug] Trained a tree with leaves = 255 and depth = 26
[LightGBM] [Info] Iteration:441, valid_1 rmse : 9.04704
[LightGBM] [Info] 21.288259 seconds elapsed, finished iteration 441
[LightGBM] [Debug] Trained a tree with leaves = 255 and depth = 20
[LightGBM] [Info] Iteration:442, valid_1 rmse : 9.04729
[LightGBM] [Info] 21.335118 seconds elapsed, finished iteration 442
[LightGBM] [Debug] Trained a tree with leaves = 255 and depth = 18
[LightGBM] [Info] Iteration:443, valid_1 rmse : 9.04747
[LightGBM] [Info] 21.375649 seconds elapsed, finished iteration 443
[LightGBM] [Debug] Trained a tree with leaves = 255 and depth = 22
[LightGBM] [Info] Iteration:444, valid_1 rmse : 9.04741
[LightGBM] [Info] 21.414676 seconds elapsed, finished iteration 444
[LightGBM] [Debug] Trained a tree with leaves = 255 and depth = 28
[LightGBM] [Info] Iteration:445, valid_1 rmse : 9.04703
[LightGBM] [Info] 21.457831 seconds elapsed, finished iteration 445
[LightGBM] [Debug] Trained a tree with leaves = 255 and depth = 25
[LightGBM] [Info] Iteration:446, valid_1 rmse : 9.04669
[LightGBM] [Info] 21.499352 seconds elapsed, finished iteration 446
[LightGBM] [Debug] Trained a tree with leaves = 255 and depth = 19
[LightGBM] [Info] Iteration:447, valid_1 rmse : 9.0464
[LightGBM] [Info] 21.538511 seconds elapsed, finished iteration 447
[LightGBM] [Debug] Trained a tree with leaves = 255 and depth = 29
[LightGBM] [Info] Iteration:448, valid_1 rmse : 9.04637
[LightGBM] [Info] 21.578036 seconds elapsed, finished iteration 448
[LightGBM] [Debug] Trained a tree with leaves = 255 and depth = 21
[LightGBM] [Info] Iteration:449, valid_1 rmse : 9.04662
[LightGBM] [Info] 21.616832 seconds elapsed, finished iteration 449
[LightGBM] [Debug] Trained a tree with leaves = 255 and depth = 23
[LightGBM] [Info] Iteration:450, valid_1 rmse : 9.04641
[LightGBM] [Info] 21.661334 seconds elapsed, finished iteration 450
[LightGBM] [Debug] Trained a tree with leaves = 255 and depth = 22
[LightGBM] [Info] Iteration:451, valid_1 rmse : 9.04699
[LightGBM] [Info] 21.706653 seconds elapsed, finished iteration 451
[LightGBM] [Debug] Trained a tree with leaves = 255 and depth = 30
[LightGBM] [Info] Iteration:452, valid_1 rmse : 9.04672
[LightGBM] [Info] 21.752123 seconds elapsed, finished iteration 452
[LightGBM] [Debug] Trained a tree with leaves = 255 and depth = 20
[LightGBM] [Info] Iteration:453, valid_1 rmse : 9.04661
[LightGBM] [Info] 21.791441 seconds elapsed, finished iteration 453
[LightGBM] [Debug] Trained a tree with leaves = 255 and depth = 17
[LightGBM] [Info] Iteration:454, valid_1 rmse : 9.047
[LightGBM] [Info] 21.831490 seconds elapsed, finished iteration 454
[LightGBM] [Debug] Trained a tree with leaves = 255 and depth = 19
[LightGBM] [Info] Iteration:455, valid_1 rmse : 9.04711
[LightGBM] [Info] 21.873614 seconds elapsed, finished iteration 455
[LightGBM] [Debug] Trained a tree with leaves = 255 and depth = 20
[LightGBM] [Info] Iteration:456, valid_1 rmse : 9.04727
[LightGBM] [Info] 21.911099 seconds elapsed, finished iteration 456
[LightGBM] [Debug] Trained a tree with leaves = 255 and depth = 23
[LightGBM] [Info] Iteration:457, valid_1 rmse : 9.04736
[LightGBM] [Info] 21.956919 seconds elapsed, finished iteration 457
[LightGBM] [Debug] Trained a tree with leaves = 255 and depth = 21
[LightGBM] [Info] Iteration:458, valid_1 rmse : 9.0473
[LightGBM] [Info] 21.999649 seconds elapsed, finished iteration 458
[LightGBM] [Debug] Trained a tree with leaves = 255 and depth = 18
[LightGBM] [Info] Iteration:459, valid_1 rmse : 9.04758
[LightGBM] [Info] 22.047234 seconds elapsed, finished iteration 459
[LightGBM] [Debug] Trained a tree with leaves = 255 and depth = 21
[LightGBM] [Info] Iteration:460, valid_1 rmse : 9.0472
[LightGBM] [Info] 22.098887 seconds elapsed, finished iteration 460
[LightGBM] [Debug] Trained a tree with leaves = 255 and depth = 23
[LightGBM] [Info] Iteration:461, valid_1 rmse : 9.04707
[LightGBM] [Info] 22.142935 seconds elapsed, finished iteration 461
[LightGBM] [Debug] Trained a tree with leaves = 255 and depth = 22
[LightGBM] [Info] Iteration:462, valid_1 rmse : 9.04751
[LightGBM] [Info] 22.190015 seconds elapsed, finished iteration 462
[LightGBM] [Debug] Trained a tree with leaves = 255 and depth = 23
[LightGBM] [Info] Iteration:463, valid_1 rmse : 9.04735
[LightGBM] [Info] 22.228974 seconds elapsed, finished iteration 463
[LightGBM] [Debug] Trained a tree with leaves = 255 and depth = 22
[LightGBM] [Info] Iteration:464, valid_1 rmse : 9.04773
[LightGBM] [Info] 22.279161 seconds elapsed, finished iteration 464
[LightGBM] [Debug] Trained a tree with leaves = 255 and depth = 24
[LightGBM] [Info] Iteration:465, valid_1 rmse : 9.04786
[LightGBM] [Info] 22.318301 seconds elapsed, finished iteration 465
[LightGBM] [Debug] Trained a tree with leaves = 255 and depth = 23
[LightGBM] [Info] Iteration:466, valid_1 rmse : 9.04783
[LightGBM] [Info] 22.368606 seconds elapsed, finished iteration 466
[LightGBM] [Debug] Trained a tree with leaves = 255 and depth = 19
[LightGBM] [Info] Iteration:467, valid_1 rmse : 9.04786
[LightGBM] [Info] 22.411536 seconds elapsed, finished iteration 467
[LightGBM] [Debug] Trained a tree with leaves = 255 and depth = 18
[LightGBM] [Info] Iteration:468, valid_1 rmse : 9.04804
[LightGBM] [Info] 22.465954 seconds elapsed, finished iteration 468
[LightGBM] [Debug] Trained a tree with leaves = 255 and depth = 28
[LightGBM] [Info] Iteration:469, valid_1 rmse : 9.04769
[LightGBM] [Info] 22.513684 seconds elapsed, finished iteration 469
[LightGBM] [Debug] Trained a tree with leaves = 255 and depth = 27
[LightGBM] [Info] Iteration:470, valid_1 rmse : 9.04761
[LightGBM] [Info] 22.558658 seconds elapsed, finished iteration 470
[LightGBM] [Debug] Trained a tree with leaves = 255 and depth = 23
[LightGBM] [Info] Iteration:471, valid_1 rmse : 9.04762
[LightGBM] [Info] 22.598485 seconds elapsed, finished iteration 471
[LightGBM] [Debug] Trained a tree with leaves = 255 and depth = 22
[LightGBM] [Info] Iteration:472, valid_1 rmse : 9.04766
[LightGBM] [Info] 22.664268 seconds elapsed, finished iteration 472
[LightGBM] [Debug] Trained a tree with leaves = 255 and depth = 28
[LightGBM] [Info] Iteration:473, valid_1 rmse : 9.04768
[LightGBM] [Info] 22.713415 seconds elapsed, finished iteration 473
[LightGBM] [Debug] Trained a tree with leaves = 255 and depth = 23
[LightGBM] [Info] Iteration:474, valid_1 rmse : 9.04726
[LightGBM] [Info] 22.765743 seconds elapsed, finished iteration 474
[LightGBM] [Debug] Trained a tree with leaves = 255 and depth = 24
[LightGBM] [Info] Iteration:475, valid_1 rmse : 9.04723
[LightGBM] [Info] 22.826696 seconds elapsed, finished iteration 475
[LightGBM] [Debug] Trained a tree with leaves = 255 and depth = 22
[LightGBM] [Info] Iteration:476, valid_1 rmse : 9.04747
[LightGBM] [Info] 22.870609 seconds elapsed, finished iteration 476
[LightGBM] [Debug] Trained a tree with leaves = 255 and depth = 22
[LightGBM] [Info] Iteration:477, valid_1 rmse : 9.04731
[LightGBM] [Info] 22.911141 seconds elapsed, finished iteration 477
[LightGBM] [Debug] Trained a tree with leaves = 255 and depth = 20
[LightGBM] [Info] Iteration:478, valid_1 rmse : 9.04733
[LightGBM] [Info] 22.955288 seconds elapsed, finished iteration 478
[LightGBM] [Debug] Trained a tree with leaves = 255 and depth = 21
[LightGBM] [Info] Iteration:479, valid_1 rmse : 9.0474
[LightGBM] [Info] 23.002170 seconds elapsed, finished iteration 479
[LightGBM] [Debug] Trained a tree with leaves = 255 and depth = 19
[LightGBM] [Info] Iteration:480, valid_1 rmse : 9.04727
[LightGBM] [Info] 23.055146 seconds elapsed, finished iteration 480
[LightGBM] [Debug] Trained a tree with leaves = 255 and depth = 20
[LightGBM] [Info] Iteration:481, valid_1 rmse : 9.04703
[LightGBM] [Info] 23.107118 seconds elapsed, finished iteration 481
[LightGBM] [Debug] Trained a tree with leaves = 255 and depth = 17
[LightGBM] [Info] Iteration:482, valid_1 rmse : 9.04707
[LightGBM] [Info] 23.151752 seconds elapsed, finished iteration 482
[LightGBM] [Debug] Trained a tree with leaves = 255 and depth = 19
[LightGBM] [Info] Iteration:483, valid_1 rmse : 9.04714
[LightGBM] [Info] 23.196881 seconds elapsed, finished iteration 483
[LightGBM] [Debug] Trained a tree with leaves = 255 and depth = 23
[LightGBM] [Info] Iteration:484, valid_1 rmse : 9.04736
[LightGBM] [Info] 23.246868 seconds elapsed, finished iteration 484
[LightGBM] [Debug] Trained a tree with leaves = 255 and depth = 15
[LightGBM] [Info] Iteration:485, valid_1 rmse : 9.04767
[LightGBM] [Info] 23.303642 seconds elapsed, finished iteration 485
[LightGBM] [Debug] Trained a tree with leaves = 255 and depth = 22
[LightGBM] [Info] Iteration:486, valid_1 rmse : 9.04762
[LightGBM] [Info] 23.360970 seconds elapsed, finished iteration 486
[LightGBM] [Debug] Trained a tree with leaves = 255 and depth = 19
[LightGBM] [Info] Iteration:487, valid_1 rmse : 9.04712
[LightGBM] [Info] 23.423140 seconds elapsed, finished iteration 487
[LightGBM] [Debug] Trained a tree with leaves = 255 and depth = 20
[LightGBM] [Info] Iteration:488, valid_1 rmse : 9.04742
[LightGBM] [Info] 23.467504 seconds elapsed, finished iteration 488
[LightGBM] [Debug] Trained a tree with leaves = 255 and depth = 20
[LightGBM] [Info] Iteration:489, valid_1 rmse : 9.04748
[LightGBM] [Info] 23.511530 seconds elapsed, finished iteration 489
[LightGBM] [Debug] Trained a tree with leaves = 255 and depth = 21
[LightGBM] [Info] Iteration:490, valid_1 rmse : 9.04745
[LightGBM] [Info] 23.560469 seconds elapsed, finished iteration 490
[LightGBM] [Debug] Trained a tree with leaves = 255 and depth = 19
[LightGBM] [Info] Iteration:491, valid_1 rmse : 9.0475
[LightGBM] [Info] 23.616279 seconds elapsed, finished iteration 491
[LightGBM] [Debug] Trained a tree with leaves = 255 and depth = 27
[LightGBM] [Info] Iteration:492, valid_1 rmse : 9.04727
[LightGBM] [Info] 23.674255 seconds elapsed, finished iteration 492
[LightGBM] [Debug] Trained a tree with leaves = 255 and depth = 22
[LightGBM] [Info] Iteration:493, valid_1 rmse : 9.04733
[LightGBM] [Info] 23.758825 seconds elapsed, finished iteration 493
[LightGBM] [Debug] Trained a tree with leaves = 255 and depth = 25
[LightGBM] [Info] Iteration:494, valid_1 rmse : 9.04751
[LightGBM] [Info] 23.816534 seconds elapsed, finished iteration 494
[LightGBM] [Debug] Trained a tree with leaves = 255 and depth = 21
[LightGBM] [Info] Iteration:495, valid_1 rmse : 9.04772
[LightGBM] [Info] 23.874556 seconds elapsed, finished iteration 495
[LightGBM] [Debug] Trained a tree with leaves = 255 and depth = 19
[LightGBM] [Info] Iteration:496, valid_1 rmse : 9.0476
[LightGBM] [Info] 23.941935 seconds elapsed, finished iteration 496
[LightGBM] [Debug] Trained a tree with leaves = 255 and depth = 25
[LightGBM] [Info] Iteration:497, valid_1 rmse : 9.04785
[LightGBM] [Info] 24.017700 seconds elapsed, finished iteration 497
[LightGBM] [Debug] Trained a tree with leaves = 255 and depth = 23
[LightGBM] [Info] Iteration:498, valid_1 rmse : 9.04761
[LightGBM] [Info] 24.088678 seconds elapsed, finished iteration 498
[LightGBM] [Debug] Trained a tree with leaves = 255 and depth = 21
[LightGBM] [Info] Iteration:499, valid_1 rmse : 9.04776
[LightGBM] [Info] 24.160923 seconds elapsed, finished iteration 499
[LightGBM] [Debug] Trained a tree with leaves = 255 and depth = 21
[LightGBM] [Info] Iteration:500, valid_1 rmse : 9.04781
[LightGBM] [Info] 24.232130 seconds elapsed, finished iteration 500
[LightGBM] [Info] Finished training
