[LightGBM] [Warning] use_discretized_grad is set=true, use_discretized_grad=true will be ignored. Current value: use_discretized_grad=true
[LightGBM] [Warning] discretized_grad_renew is set=true, discretized_grad_renew=true will be ignored. Current value: discretized_grad_renew=true
[LightGBM] [Info] Finished loading parameters
[LightGBM] [Debug] Loading train file...
[LightGBM] [Debug] Read 10.0 GBs from /data/shiyu/boosting_tree_benchmarks/data//kitsune.train.
[LightGBM] [Debug] Read 20.0 GBs from /data/shiyu/boosting_tree_benchmarks/data//kitsune.train.
[LightGBM] [Debug] Read 30.0 GBs from /data/shiyu/boosting_tree_benchmarks/data//kitsune.train.
[LightGBM] [Debug] Read 40.0 GBs from /data/shiyu/boosting_tree_benchmarks/data//kitsune.train.
[LightGBM] [Debug] Read 50.0 GBs from /data/shiyu/boosting_tree_benchmarks/data//kitsune.train.
[LightGBM] [Info] Construct bin mappers from text data time 3.85 seconds
[LightGBM] [Debug] Loading validation file #1...
[LightGBM] [Debug] Read 10.0 GBs from /data/shiyu/boosting_tree_benchmarks/data//kitsune.test.
[LightGBM] [Info] Finished loading data in 145.808709 seconds
[LightGBM] [Info] Number of positive: 2569562, number of negative: 14244516
[LightGBM] [Debug] Dataset::GetMultiBinFromAllFeatures: sparse rate 0.087570
[LightGBM] [Info] Total Bins 29325
[LightGBM] [Info] Number of data points in the train set: 16814078, number of used features: 115
[LightGBM] [Debug] Number of data points in validation set #1: 4203510
[LightGBM] [Info] Finished initializing training
[LightGBM] [Info] Started training...
[LightGBM] [Info] [binary:BoostFromScore]: pavg=0.152822 -> initscore=-1.712637
[LightGBM] [Info] Start training from score -1.712637
[LightGBM] [Debug] Trained a tree with leaves = 255 and depth = 22
[LightGBM] [Info] Iteration:1, valid_1 auc : 0.917936
[LightGBM] [Info] 0.861239 seconds elapsed, finished iteration 1
[LightGBM] [Debug] Trained a tree with leaves = 255 and depth = 19
[LightGBM] [Info] Iteration:2, valid_1 auc : 0.925159
[LightGBM] [Info] 1.657656 seconds elapsed, finished iteration 2
[LightGBM] [Debug] Trained a tree with leaves = 255 and depth = 18
[LightGBM] [Info] Iteration:3, valid_1 auc : 0.925395
[LightGBM] [Info] 2.416084 seconds elapsed, finished iteration 3
[LightGBM] [Debug] Trained a tree with leaves = 255 and depth = 19
[LightGBM] [Info] Iteration:4, valid_1 auc : 0.925343
[LightGBM] [Info] 3.121552 seconds elapsed, finished iteration 4
[LightGBM] [Debug] Trained a tree with leaves = 255 and depth = 17
[LightGBM] [Info] Iteration:5, valid_1 auc : 0.925245
[LightGBM] [Info] 3.816522 seconds elapsed, finished iteration 5
[LightGBM] [Debug] Trained a tree with leaves = 255 and depth = 22
[LightGBM] [Info] Iteration:6, valid_1 auc : 0.925867
[LightGBM] [Info] 4.565281 seconds elapsed, finished iteration 6
[LightGBM] [Debug] Trained a tree with leaves = 255 and depth = 17
[LightGBM] [Info] Iteration:7, valid_1 auc : 0.929351
[LightGBM] [Info] 5.234928 seconds elapsed, finished iteration 7
[LightGBM] [Debug] Trained a tree with leaves = 255 and depth = 19
[LightGBM] [Info] Iteration:8, valid_1 auc : 0.929729
[LightGBM] [Info] 5.923987 seconds elapsed, finished iteration 8
[LightGBM] [Debug] Trained a tree with leaves = 255 and depth = 18
[LightGBM] [Info] Iteration:9, valid_1 auc : 0.929694
[LightGBM] [Info] 6.732632 seconds elapsed, finished iteration 9
[LightGBM] [Debug] Trained a tree with leaves = 255 and depth = 17
[LightGBM] [Info] Iteration:10, valid_1 auc : 0.929781
[LightGBM] [Info] 7.431990 seconds elapsed, finished iteration 10
[LightGBM] [Debug] Trained a tree with leaves = 255 and depth = 20
[LightGBM] [Info] Iteration:11, valid_1 auc : 0.925378
[LightGBM] [Info] 8.108468 seconds elapsed, finished iteration 11
[LightGBM] [Debug] Trained a tree with leaves = 255 and depth = 22
[LightGBM] [Info] Iteration:12, valid_1 auc : 0.925365
[LightGBM] [Info] 8.845732 seconds elapsed, finished iteration 12
[LightGBM] [Debug] Trained a tree with leaves = 255 and depth = 20
[LightGBM] [Info] Iteration:13, valid_1 auc : 0.923603
[LightGBM] [Info] 9.539211 seconds elapsed, finished iteration 13
[LightGBM] [Debug] Trained a tree with leaves = 255 and depth = 17
[LightGBM] [Info] Iteration:14, valid_1 auc : 0.923549
[LightGBM] [Info] 10.466162 seconds elapsed, finished iteration 14
[LightGBM] [Debug] Trained a tree with leaves = 255 and depth = 18
[LightGBM] [Info] Iteration:15, valid_1 auc : 0.923457
[LightGBM] [Info] 11.195861 seconds elapsed, finished iteration 15
[LightGBM] [Debug] Trained a tree with leaves = 255 and depth = 21
[LightGBM] [Info] Iteration:16, valid_1 auc : 0.923243
[LightGBM] [Info] 11.936746 seconds elapsed, finished iteration 16
[LightGBM] [Debug] Trained a tree with leaves = 255 and depth = 18
[LightGBM] [Info] Iteration:17, valid_1 auc : 0.929543
[LightGBM] [Info] 12.642747 seconds elapsed, finished iteration 17
[LightGBM] [Debug] Trained a tree with leaves = 255 and depth = 23
[LightGBM] [Info] Iteration:18, valid_1 auc : 0.928996
[LightGBM] [Info] 13.381282 seconds elapsed, finished iteration 18
[LightGBM] [Debug] Trained a tree with leaves = 255 and depth = 19
[LightGBM] [Info] Iteration:19, valid_1 auc : 0.930183
[LightGBM] [Info] 14.308141 seconds elapsed, finished iteration 19
[LightGBM] [Debug] Trained a tree with leaves = 255 and depth = 24
[LightGBM] [Info] Iteration:20, valid_1 auc : 0.934169
[LightGBM] [Info] 15.198086 seconds elapsed, finished iteration 20
[LightGBM] [Debug] Trained a tree with leaves = 255 and depth = 19
[LightGBM] [Info] Iteration:21, valid_1 auc : 0.9434
[LightGBM] [Info] 16.023640 seconds elapsed, finished iteration 21
[LightGBM] [Debug] Trained a tree with leaves = 255 and depth = 20
[LightGBM] [Info] Iteration:22, valid_1 auc : 0.943993
[LightGBM] [Info] 16.764004 seconds elapsed, finished iteration 22
[LightGBM] [Debug] Trained a tree with leaves = 255 and depth = 19
[LightGBM] [Info] Iteration:23, valid_1 auc : 0.94459
[LightGBM] [Info] 17.503071 seconds elapsed, finished iteration 23
[LightGBM] [Debug] Trained a tree with leaves = 255 and depth = 19
[LightGBM] [Info] Iteration:24, valid_1 auc : 0.944542
[LightGBM] [Info] 18.246676 seconds elapsed, finished iteration 24
[LightGBM] [Debug] Trained a tree with leaves = 255 and depth = 19
[LightGBM] [Info] Iteration:25, valid_1 auc : 0.947365
[LightGBM] [Info] 19.021145 seconds elapsed, finished iteration 25
[LightGBM] [Debug] Trained a tree with leaves = 255 and depth = 23
[LightGBM] [Info] Iteration:26, valid_1 auc : 0.947497
[LightGBM] [Info] 19.808628 seconds elapsed, finished iteration 26
[LightGBM] [Debug] Trained a tree with leaves = 255 and depth = 21
[LightGBM] [Info] Iteration:27, valid_1 auc : 0.949056
[LightGBM] [Info] 20.598785 seconds elapsed, finished iteration 27
[LightGBM] [Debug] Trained a tree with leaves = 255 and depth = 19
[LightGBM] [Info] Iteration:28, valid_1 auc : 0.949533
[LightGBM] [Info] 21.403735 seconds elapsed, finished iteration 28
[LightGBM] [Debug] Trained a tree with leaves = 255 and depth = 20
[LightGBM] [Info] Iteration:29, valid_1 auc : 0.949855
[LightGBM] [Info] 22.166353 seconds elapsed, finished iteration 29
[LightGBM] [Debug] Trained a tree with leaves = 255 and depth = 21
[LightGBM] [Info] Iteration:30, valid_1 auc : 0.948655
[LightGBM] [Info] 22.964556 seconds elapsed, finished iteration 30
[LightGBM] [Debug] Trained a tree with leaves = 255 and depth = 17
[LightGBM] [Info] Iteration:31, valid_1 auc : 0.94935
[LightGBM] [Info] 23.775861 seconds elapsed, finished iteration 31
[LightGBM] [Debug] Trained a tree with leaves = 255 and depth = 22
[LightGBM] [Info] Iteration:32, valid_1 auc : 0.94892
[LightGBM] [Info] 24.560895 seconds elapsed, finished iteration 32
[LightGBM] [Debug] Trained a tree with leaves = 255 and depth = 19
[LightGBM] [Info] Iteration:33, valid_1 auc : 0.949726
[LightGBM] [Info] 25.713998 seconds elapsed, finished iteration 33
[LightGBM] [Debug] Trained a tree with leaves = 255 and depth = 22
[LightGBM] [Info] Iteration:34, valid_1 auc : 0.950472
[LightGBM] [Info] 26.710034 seconds elapsed, finished iteration 34
[LightGBM] [Debug] Trained a tree with leaves = 255 and depth = 23
[LightGBM] [Info] Iteration:35, valid_1 auc : 0.951972
[LightGBM] [Info] 27.733501 seconds elapsed, finished iteration 35
[LightGBM] [Debug] Trained a tree with leaves = 255 and depth = 21
[LightGBM] [Info] Iteration:36, valid_1 auc : 0.952267
[LightGBM] [Info] 28.777330 seconds elapsed, finished iteration 36
[LightGBM] [Debug] Trained a tree with leaves = 255 and depth = 20
[LightGBM] [Info] Iteration:37, valid_1 auc : 0.952761
[LightGBM] [Info] 29.950841 seconds elapsed, finished iteration 37
[LightGBM] [Debug] Trained a tree with leaves = 255 and depth = 29
[LightGBM] [Info] Iteration:38, valid_1 auc : 0.953644
[LightGBM] [Info] 30.895658 seconds elapsed, finished iteration 38
[LightGBM] [Debug] Trained a tree with leaves = 255 and depth = 19
[LightGBM] [Info] Iteration:39, valid_1 auc : 0.953901
[LightGBM] [Info] 31.995311 seconds elapsed, finished iteration 39
[LightGBM] [Debug] Trained a tree with leaves = 255 and depth = 23
[LightGBM] [Info] Iteration:40, valid_1 auc : 0.954101
[LightGBM] [Info] 33.312182 seconds elapsed, finished iteration 40
[LightGBM] [Debug] Trained a tree with leaves = 255 and depth = 21
[LightGBM] [Info] Iteration:41, valid_1 auc : 0.954414
[LightGBM] [Info] 34.685066 seconds elapsed, finished iteration 41
[LightGBM] [Debug] Trained a tree with leaves = 255 and depth = 23
[LightGBM] [Info] Iteration:42, valid_1 auc : 0.954603
[LightGBM] [Info] 36.098255 seconds elapsed, finished iteration 42
[LightGBM] [Debug] Trained a tree with leaves = 255 and depth = 25
[LightGBM] [Info] Iteration:43, valid_1 auc : 0.954915
[LightGBM] [Info] 37.218935 seconds elapsed, finished iteration 43
[LightGBM] [Debug] Trained a tree with leaves = 255 and depth = 21
[LightGBM] [Info] Iteration:44, valid_1 auc : 0.955444
[LightGBM] [Info] 38.620656 seconds elapsed, finished iteration 44
[LightGBM] [Debug] Trained a tree with leaves = 255 and depth = 23
[LightGBM] [Info] Iteration:45, valid_1 auc : 0.955826
[LightGBM] [Info] 39.990886 seconds elapsed, finished iteration 45
[LightGBM] [Debug] Trained a tree with leaves = 255 and depth = 23
[LightGBM] [Info] Iteration:46, valid_1 auc : 0.956029
[LightGBM] [Info] 41.052929 seconds elapsed, finished iteration 46
[LightGBM] [Debug] Trained a tree with leaves = 255 and depth = 25
[LightGBM] [Info] Iteration:47, valid_1 auc : 0.956196
[LightGBM] [Info] 42.070815 seconds elapsed, finished iteration 47
[LightGBM] [Debug] Trained a tree with leaves = 255 and depth = 21
[LightGBM] [Info] Iteration:48, valid_1 auc : 0.956481
[LightGBM] [Info] 43.380606 seconds elapsed, finished iteration 48
[LightGBM] [Debug] Trained a tree with leaves = 255 and depth = 23
[LightGBM] [Info] Iteration:49, valid_1 auc : 0.95698
[LightGBM] [Info] 44.886585 seconds elapsed, finished iteration 49
[LightGBM] [Debug] Trained a tree with leaves = 255 and depth = 22
[LightGBM] [Info] Iteration:50, valid_1 auc : 0.957381
[LightGBM] [Info] 46.315930 seconds elapsed, finished iteration 50
[LightGBM] [Debug] Trained a tree with leaves = 255 and depth = 23
[LightGBM] [Info] Iteration:51, valid_1 auc : 0.957753
[LightGBM] [Info] 47.836971 seconds elapsed, finished iteration 51
[LightGBM] [Debug] Trained a tree with leaves = 255 and depth = 22
[LightGBM] [Info] Iteration:52, valid_1 auc : 0.958072
[LightGBM] [Info] 49.428499 seconds elapsed, finished iteration 52
[LightGBM] [Debug] Trained a tree with leaves = 255 and depth = 21
[LightGBM] [Info] Iteration:53, valid_1 auc : 0.958444
[LightGBM] [Info] 50.881626 seconds elapsed, finished iteration 53
[LightGBM] [Debug] Trained a tree with leaves = 255 and depth = 18
[LightGBM] [Info] Iteration:54, valid_1 auc : 0.958756
[LightGBM] [Info] 52.296240 seconds elapsed, finished iteration 54
[LightGBM] [Debug] Trained a tree with leaves = 255 and depth = 21
[LightGBM] [Info] Iteration:55, valid_1 auc : 0.958891
[LightGBM] [Info] 53.300689 seconds elapsed, finished iteration 55
[LightGBM] [Debug] Trained a tree with leaves = 255 and depth = 21
[LightGBM] [Info] Iteration:56, valid_1 auc : 0.958873
[LightGBM] [Info] 54.362410 seconds elapsed, finished iteration 56
[LightGBM] [Debug] Trained a tree with leaves = 255 and depth = 22
[LightGBM] [Info] Iteration:57, valid_1 auc : 0.959006
[LightGBM] [Info] 55.434804 seconds elapsed, finished iteration 57
[LightGBM] [Debug] Trained a tree with leaves = 255 and depth = 24
[LightGBM] [Info] Iteration:58, valid_1 auc : 0.959079
[LightGBM] [Info] 56.687996 seconds elapsed, finished iteration 58
[LightGBM] [Debug] Trained a tree with leaves = 255 and depth = 23
[LightGBM] [Info] Iteration:59, valid_1 auc : 0.959169
[LightGBM] [Info] 57.722860 seconds elapsed, finished iteration 59
[LightGBM] [Debug] Trained a tree with leaves = 255 and depth = 23
[LightGBM] [Info] Iteration:60, valid_1 auc : 0.959265
[LightGBM] [Info] 58.764391 seconds elapsed, finished iteration 60
[LightGBM] [Debug] Trained a tree with leaves = 255 and depth = 22
[LightGBM] [Info] Iteration:61, valid_1 auc : 0.959315
[LightGBM] [Info] 59.982873 seconds elapsed, finished iteration 61
[LightGBM] [Debug] Trained a tree with leaves = 255 and depth = 27
[LightGBM] [Info] Iteration:62, valid_1 auc : 0.959421
[LightGBM] [Info] 61.286830 seconds elapsed, finished iteration 62
[LightGBM] [Debug] Trained a tree with leaves = 255 and depth = 23
[LightGBM] [Info] Iteration:63, valid_1 auc : 0.959358
[LightGBM] [Info] 62.596596 seconds elapsed, finished iteration 63
[LightGBM] [Debug] Trained a tree with leaves = 255 and depth = 23
[LightGBM] [Info] Iteration:64, valid_1 auc : 0.959369
[LightGBM] [Info] 63.953619 seconds elapsed, finished iteration 64
[LightGBM] [Debug] Trained a tree with leaves = 255 and depth = 26
[LightGBM] [Info] Iteration:65, valid_1 auc : 0.959347
[LightGBM] [Info] 64.993799 seconds elapsed, finished iteration 65
[LightGBM] [Debug] Trained a tree with leaves = 255 and depth = 24
[LightGBM] [Info] Iteration:66, valid_1 auc : 0.959432
[LightGBM] [Info] 66.031090 seconds elapsed, finished iteration 66
[LightGBM] [Debug] Trained a tree with leaves = 255 and depth = 21
[LightGBM] [Info] Iteration:67, valid_1 auc : 0.959481
[LightGBM] [Info] 67.174963 seconds elapsed, finished iteration 67
[LightGBM] [Debug] Trained a tree with leaves = 255 and depth = 23
[LightGBM] [Info] Iteration:68, valid_1 auc : 0.959582
[LightGBM] [Info] 68.252733 seconds elapsed, finished iteration 68
[LightGBM] [Debug] Trained a tree with leaves = 255 and depth = 29
[LightGBM] [Info] Iteration:69, valid_1 auc : 0.959649
[LightGBM] [Info] 69.327216 seconds elapsed, finished iteration 69
[LightGBM] [Debug] Trained a tree with leaves = 255 and depth = 22
[LightGBM] [Info] Iteration:70, valid_1 auc : 0.959716
[LightGBM] [Info] 70.515416 seconds elapsed, finished iteration 70
[LightGBM] [Debug] Trained a tree with leaves = 255 and depth = 25
[LightGBM] [Info] Iteration:71, valid_1 auc : 0.959686
[LightGBM] [Info] 71.593060 seconds elapsed, finished iteration 71
[LightGBM] [Debug] Trained a tree with leaves = 255 and depth = 23
[LightGBM] [Info] Iteration:72, valid_1 auc : 0.959614
[LightGBM] [Info] 72.669995 seconds elapsed, finished iteration 72
[LightGBM] [Debug] Trained a tree with leaves = 255 and depth = 25
[LightGBM] [Info] Iteration:73, valid_1 auc : 0.959606
[LightGBM] [Info] 73.759042 seconds elapsed, finished iteration 73
[LightGBM] [Debug] Trained a tree with leaves = 255 and depth = 26
[LightGBM] [Info] Iteration:74, valid_1 auc : 0.959697
[LightGBM] [Info] 74.844950 seconds elapsed, finished iteration 74
[LightGBM] [Debug] Trained a tree with leaves = 255 and depth = 32
[LightGBM] [Info] Iteration:75, valid_1 auc : 0.959721
[LightGBM] [Info] 76.188968 seconds elapsed, finished iteration 75
[LightGBM] [Debug] Trained a tree with leaves = 255 and depth = 27
[LightGBM] [Info] Iteration:76, valid_1 auc : 0.959632
[LightGBM] [Info] 77.576293 seconds elapsed, finished iteration 76
[LightGBM] [Debug] Trained a tree with leaves = 255 and depth = 29
[LightGBM] [Info] Iteration:77, valid_1 auc : 0.959526
[LightGBM] [Info] 78.721834 seconds elapsed, finished iteration 77
[LightGBM] [Debug] Trained a tree with leaves = 255 and depth = 34
[LightGBM] [Info] Iteration:78, valid_1 auc : 0.959619
[LightGBM] [Info] 79.781494 seconds elapsed, finished iteration 78
[LightGBM] [Debug] Trained a tree with leaves = 255 and depth = 29
[LightGBM] [Info] Iteration:79, valid_1 auc : 0.959689
[LightGBM] [Info] 81.189829 seconds elapsed, finished iteration 79
[LightGBM] [Debug] Trained a tree with leaves = 255 and depth = 26
[LightGBM] [Info] Iteration:80, valid_1 auc : 0.959722
[LightGBM] [Info] 82.603912 seconds elapsed, finished iteration 80
[LightGBM] [Debug] Trained a tree with leaves = 255 and depth = 25
[LightGBM] [Info] Iteration:81, valid_1 auc : 0.959719
[LightGBM] [Info] 83.999166 seconds elapsed, finished iteration 81
[LightGBM] [Debug] Trained a tree with leaves = 255 and depth = 25
[LightGBM] [Info] Iteration:82, valid_1 auc : 0.959733
[LightGBM] [Info] 85.337722 seconds elapsed, finished iteration 82
[LightGBM] [Debug] Trained a tree with leaves = 255 and depth = 30
[LightGBM] [Info] Iteration:83, valid_1 auc : 0.95968
[LightGBM] [Info] 86.685766 seconds elapsed, finished iteration 83
[LightGBM] [Debug] Trained a tree with leaves = 255 and depth = 27
[LightGBM] [Info] Iteration:84, valid_1 auc : 0.959757
[LightGBM] [Info] 88.183397 seconds elapsed, finished iteration 84
[LightGBM] [Debug] Trained a tree with leaves = 255 and depth = 30
[LightGBM] [Info] Iteration:85, valid_1 auc : 0.959727
[LightGBM] [Info] 89.310722 seconds elapsed, finished iteration 85
[LightGBM] [Debug] Trained a tree with leaves = 255 and depth = 24
[LightGBM] [Info] Iteration:86, valid_1 auc : 0.959719
[LightGBM] [Info] 90.574922 seconds elapsed, finished iteration 86
[LightGBM] [Debug] Trained a tree with leaves = 255 and depth = 35
[LightGBM] [Info] Iteration:87, valid_1 auc : 0.959772
[LightGBM] [Info] 91.942281 seconds elapsed, finished iteration 87
[LightGBM] [Debug] Trained a tree with leaves = 255 and depth = 22
[LightGBM] [Info] Iteration:88, valid_1 auc : 0.959916
[LightGBM] [Info] 93.202630 seconds elapsed, finished iteration 88
[LightGBM] [Debug] Trained a tree with leaves = 255 and depth = 23
[LightGBM] [Info] Iteration:89, valid_1 auc : 0.959831
[LightGBM] [Info] 94.519341 seconds elapsed, finished iteration 89
[LightGBM] [Debug] Trained a tree with leaves = 255 and depth = 27
[LightGBM] [Info] Iteration:90, valid_1 auc : 0.960007
[LightGBM] [Info] 95.776433 seconds elapsed, finished iteration 90
[LightGBM] [Debug] Trained a tree with leaves = 255 and depth = 31
[LightGBM] [Info] Iteration:91, valid_1 auc : 0.960233
[LightGBM] [Info] 97.204040 seconds elapsed, finished iteration 91
[LightGBM] [Debug] Trained a tree with leaves = 255 and depth = 30
[LightGBM] [Info] Iteration:92, valid_1 auc : 0.960511
[LightGBM] [Info] 98.226466 seconds elapsed, finished iteration 92
[LightGBM] [Debug] Trained a tree with leaves = 255 and depth = 25
[LightGBM] [Info] Iteration:93, valid_1 auc : 0.960725
[LightGBM] [Info] 99.489608 seconds elapsed, finished iteration 93
[LightGBM] [Debug] Trained a tree with leaves = 255 and depth = 29
[LightGBM] [Info] Iteration:94, valid_1 auc : 0.961047
[LightGBM] [Info] 100.789468 seconds elapsed, finished iteration 94
[LightGBM] [Debug] Trained a tree with leaves = 255 and depth = 22
[LightGBM] [Info] Iteration:95, valid_1 auc : 0.961226
[LightGBM] [Info] 102.017702 seconds elapsed, finished iteration 95
[LightGBM] [Debug] Trained a tree with leaves = 255 and depth = 25
[LightGBM] [Info] Iteration:96, valid_1 auc : 0.961485
[LightGBM] [Info] 103.195263 seconds elapsed, finished iteration 96
[LightGBM] [Debug] Trained a tree with leaves = 255 and depth = 23
[LightGBM] [Info] Iteration:97, valid_1 auc : 0.961618
[LightGBM] [Info] 104.423529 seconds elapsed, finished iteration 97
[LightGBM] [Debug] Trained a tree with leaves = 255 and depth = 25
[LightGBM] [Info] Iteration:98, valid_1 auc : 0.961712
[LightGBM] [Info] 105.410668 seconds elapsed, finished iteration 98
[LightGBM] [Debug] Trained a tree with leaves = 255 and depth = 26
[LightGBM] [Info] Iteration:99, valid_1 auc : 0.961752
[LightGBM] [Info] 106.489874 seconds elapsed, finished iteration 99
[LightGBM] [Debug] Trained a tree with leaves = 255 and depth = 23
[LightGBM] [Info] Iteration:100, valid_1 auc : 0.961787
[LightGBM] [Info] 107.785831 seconds elapsed, finished iteration 100
[LightGBM] [Debug] Trained a tree with leaves = 255 and depth = 26
[LightGBM] [Info] Iteration:101, valid_1 auc : 0.961824
[LightGBM] [Info] 108.847644 seconds elapsed, finished iteration 101
[LightGBM] [Debug] Trained a tree with leaves = 255 and depth = 24
[LightGBM] [Info] Iteration:102, valid_1 auc : 0.961798
[LightGBM] [Info] 109.861559 seconds elapsed, finished iteration 102
[LightGBM] [Debug] Trained a tree with leaves = 255 and depth = 27
[LightGBM] [Info] Iteration:103, valid_1 auc : 0.96175
[LightGBM] [Info] 110.836468 seconds elapsed, finished iteration 103
[LightGBM] [Debug] Trained a tree with leaves = 255 and depth = 24
[LightGBM] [Info] Iteration:104, valid_1 auc : 0.961707
[LightGBM] [Info] 112.120323 seconds elapsed, finished iteration 104
[LightGBM] [Debug] Trained a tree with leaves = 255 and depth = 25
[LightGBM] [Info] Iteration:105, valid_1 auc : 0.961749
[LightGBM] [Info] 113.172654 seconds elapsed, finished iteration 105
[LightGBM] [Debug] Trained a tree with leaves = 255 and depth = 26
[LightGBM] [Info] Iteration:106, valid_1 auc : 0.961903
[LightGBM] [Info] 114.411766 seconds elapsed, finished iteration 106
[LightGBM] [Debug] Trained a tree with leaves = 255 and depth = 28
[LightGBM] [Info] Iteration:107, valid_1 auc : 0.961977
[LightGBM] [Info] 115.621918 seconds elapsed, finished iteration 107
[LightGBM] [Debug] Trained a tree with leaves = 255 and depth = 22
[LightGBM] [Info] Iteration:108, valid_1 auc : 0.961839
[LightGBM] [Info] 116.988300 seconds elapsed, finished iteration 108
[LightGBM] [Debug] Trained a tree with leaves = 255 and depth = 26
[LightGBM] [Info] Iteration:109, valid_1 auc : 0.961819
[LightGBM] [Info] 118.297483 seconds elapsed, finished iteration 109
[LightGBM] [Debug] Trained a tree with leaves = 255 and depth = 21
[LightGBM] [Info] Iteration:110, valid_1 auc : 0.961764
[LightGBM] [Info] 119.557266 seconds elapsed, finished iteration 110
[LightGBM] [Debug] Trained a tree with leaves = 255 and depth = 23
[LightGBM] [Info] Iteration:111, valid_1 auc : 0.961729
[LightGBM] [Info] 120.606468 seconds elapsed, finished iteration 111
[LightGBM] [Debug] Trained a tree with leaves = 255 and depth = 21
[LightGBM] [Info] Iteration:112, valid_1 auc : 0.961708
[LightGBM] [Info] 121.706996 seconds elapsed, finished iteration 112
[LightGBM] [Debug] Trained a tree with leaves = 255 and depth = 24
[LightGBM] [Info] Iteration:113, valid_1 auc : 0.961725
[LightGBM] [Info] 122.860598 seconds elapsed, finished iteration 113
[LightGBM] [Debug] Trained a tree with leaves = 255 and depth = 22
[LightGBM] [Info] Iteration:114, valid_1 auc : 0.961717
[LightGBM] [Info] 124.246582 seconds elapsed, finished iteration 114
[LightGBM] [Debug] Trained a tree with leaves = 255 and depth = 24
[LightGBM] [Info] Iteration:115, valid_1 auc : 0.961741
[LightGBM] [Info] 125.614094 seconds elapsed, finished iteration 115
[LightGBM] [Debug] Trained a tree with leaves = 255 and depth = 40
[LightGBM] [Info] Iteration:116, valid_1 auc : 0.961744
[LightGBM] [Info] 126.652121 seconds elapsed, finished iteration 116
[LightGBM] [Debug] Trained a tree with leaves = 255 and depth = 29
[LightGBM] [Info] Iteration:117, valid_1 auc : 0.961564
[LightGBM] [Info] 127.682831 seconds elapsed, finished iteration 117
[LightGBM] [Debug] Trained a tree with leaves = 255 and depth = 29
[LightGBM] [Info] Iteration:118, valid_1 auc : 0.961597
[LightGBM] [Info] 129.007704 seconds elapsed, finished iteration 118
[LightGBM] [Debug] Trained a tree with leaves = 255 and depth = 24
[LightGBM] [Info] Iteration:119, valid_1 auc : 0.961568
[LightGBM] [Info] 130.279411 seconds elapsed, finished iteration 119
[LightGBM] [Debug] Trained a tree with leaves = 255 and depth = 23
[LightGBM] [Info] Iteration:120, valid_1 auc : 0.961536
[LightGBM] [Info] 131.315979 seconds elapsed, finished iteration 120
[LightGBM] [Debug] Trained a tree with leaves = 255 and depth = 26
[LightGBM] [Info] Iteration:121, valid_1 auc : 0.961495
[LightGBM] [Info] 132.354400 seconds elapsed, finished iteration 121
[LightGBM] [Debug] Trained a tree with leaves = 255 and depth = 25
[LightGBM] [Info] Iteration:122, valid_1 auc : 0.961437
[LightGBM] [Info] 133.720023 seconds elapsed, finished iteration 122
[LightGBM] [Debug] Trained a tree with leaves = 255 and depth = 20
[LightGBM] [Info] Iteration:123, valid_1 auc : 0.961407
[LightGBM] [Info] 135.235830 seconds elapsed, finished iteration 123
[LightGBM] [Debug] Trained a tree with leaves = 255 and depth = 25
[LightGBM] [Info] Iteration:124, valid_1 auc : 0.961403
[LightGBM] [Info] 136.669010 seconds elapsed, finished iteration 124
[LightGBM] [Debug] Trained a tree with leaves = 255 and depth = 25
[LightGBM] [Info] Iteration:125, valid_1 auc : 0.960994
[LightGBM] [Info] 138.139687 seconds elapsed, finished iteration 125
[LightGBM] [Debug] Trained a tree with leaves = 255 and depth = 25
[LightGBM] [Info] Iteration:126, valid_1 auc : 0.960807
[LightGBM] [Info] 139.584889 seconds elapsed, finished iteration 126
[LightGBM] [Debug] Trained a tree with leaves = 255 and depth = 27
[LightGBM] [Info] Iteration:127, valid_1 auc : 0.960772
[LightGBM] [Info] 140.966963 seconds elapsed, finished iteration 127
[LightGBM] [Debug] Trained a tree with leaves = 255 and depth = 25
[LightGBM] [Info] Iteration:128, valid_1 auc : 0.960721
[LightGBM] [Info] 142.305891 seconds elapsed, finished iteration 128
[LightGBM] [Debug] Trained a tree with leaves = 255 and depth = 26
[LightGBM] [Info] Iteration:129, valid_1 auc : 0.960665
[LightGBM] [Info] 143.621861 seconds elapsed, finished iteration 129
[LightGBM] [Debug] Trained a tree with leaves = 255 and depth = 27
[LightGBM] [Info] Iteration:130, valid_1 auc : 0.960645
[LightGBM] [Info] 144.954873 seconds elapsed, finished iteration 130
[LightGBM] [Debug] Trained a tree with leaves = 255 and depth = 26
[LightGBM] [Info] Iteration:131, valid_1 auc : 0.960327
[LightGBM] [Info] 146.130247 seconds elapsed, finished iteration 131
[LightGBM] [Debug] Trained a tree with leaves = 255 and depth = 31
[LightGBM] [Info] Iteration:132, valid_1 auc : 0.960037
[LightGBM] [Info] 147.463191 seconds elapsed, finished iteration 132
[LightGBM] [Debug] Trained a tree with leaves = 255 and depth = 24
[LightGBM] [Info] Iteration:133, valid_1 auc : 0.959749
[LightGBM] [Info] 148.461435 seconds elapsed, finished iteration 133
[LightGBM] [Debug] Trained a tree with leaves = 255 and depth = 30
[LightGBM] [Info] Iteration:134, valid_1 auc : 0.959468
[LightGBM] [Info] 149.569332 seconds elapsed, finished iteration 134
[LightGBM] [Debug] Trained a tree with leaves = 255 and depth = 26
[LightGBM] [Info] Iteration:135, valid_1 auc : 0.959268
[LightGBM] [Info] 150.637411 seconds elapsed, finished iteration 135
[LightGBM] [Debug] Trained a tree with leaves = 255 and depth = 25
[LightGBM] [Info] Iteration:136, valid_1 auc : 0.959096
[LightGBM] [Info] 151.722101 seconds elapsed, finished iteration 136
[LightGBM] [Debug] Trained a tree with leaves = 255 and depth = 23
[LightGBM] [Info] Iteration:137, valid_1 auc : 0.958909
[LightGBM] [Info] 153.154917 seconds elapsed, finished iteration 137
[LightGBM] [Debug] Trained a tree with leaves = 255 and depth = 22
[LightGBM] [Info] Iteration:138, valid_1 auc : 0.958766
[LightGBM] [Info] 154.570436 seconds elapsed, finished iteration 138
[LightGBM] [Debug] Trained a tree with leaves = 255 and depth = 21
[LightGBM] [Info] Iteration:139, valid_1 auc : 0.958653
[LightGBM] [Info] 155.897159 seconds elapsed, finished iteration 139
[LightGBM] [Debug] Trained a tree with leaves = 255 and depth = 22
[LightGBM] [Info] Iteration:140, valid_1 auc : 0.958403
[LightGBM] [Info] 157.261248 seconds elapsed, finished iteration 140
[LightGBM] [Debug] Trained a tree with leaves = 255 and depth = 21
[LightGBM] [Info] Iteration:141, valid_1 auc : 0.958306
[LightGBM] [Info] 158.690716 seconds elapsed, finished iteration 141
[LightGBM] [Debug] Trained a tree with leaves = 255 and depth = 20
[LightGBM] [Info] Iteration:142, valid_1 auc : 0.958204
[LightGBM] [Info] 159.877967 seconds elapsed, finished iteration 142
[LightGBM] [Debug] Trained a tree with leaves = 255 and depth = 28
[LightGBM] [Info] Iteration:143, valid_1 auc : 0.958146
[LightGBM] [Info] 161.119680 seconds elapsed, finished iteration 143
[LightGBM] [Debug] Trained a tree with leaves = 255 and depth = 24
[LightGBM] [Info] Iteration:144, valid_1 auc : 0.958068
[LightGBM] [Info] 162.358594 seconds elapsed, finished iteration 144
[LightGBM] [Debug] Trained a tree with leaves = 255 and depth = 27
[LightGBM] [Info] Iteration:145, valid_1 auc : 0.958023
[LightGBM] [Info] 163.616597 seconds elapsed, finished iteration 145
[LightGBM] [Debug] Trained a tree with leaves = 255 and depth = 21
[LightGBM] [Info] Iteration:146, valid_1 auc : 0.957962
[LightGBM] [Info] 164.890021 seconds elapsed, finished iteration 146
[LightGBM] [Debug] Trained a tree with leaves = 255 and depth = 23
[LightGBM] [Info] Iteration:147, valid_1 auc : 0.957909
[LightGBM] [Info] 166.115205 seconds elapsed, finished iteration 147
[LightGBM] [Debug] Trained a tree with leaves = 255 and depth = 21
[LightGBM] [Info] Iteration:148, valid_1 auc : 0.957839
[LightGBM] [Info] 167.341679 seconds elapsed, finished iteration 148
[LightGBM] [Debug] Trained a tree with leaves = 255 and depth = 24
[LightGBM] [Info] Iteration:149, valid_1 auc : 0.957793
[LightGBM] [Info] 168.458824 seconds elapsed, finished iteration 149
[LightGBM] [Debug] Trained a tree with leaves = 255 and depth = 20
[LightGBM] [Info] Iteration:150, valid_1 auc : 0.957744
[LightGBM] [Info] 169.456175 seconds elapsed, finished iteration 150
[LightGBM] [Debug] Trained a tree with leaves = 255 and depth = 23
[LightGBM] [Info] Iteration:151, valid_1 auc : 0.957698
[LightGBM] [Info] 170.403541 seconds elapsed, finished iteration 151
[LightGBM] [Debug] Trained a tree with leaves = 255 and depth = 23
[LightGBM] [Info] Iteration:152, valid_1 auc : 0.957673
[LightGBM] [Info] 171.567073 seconds elapsed, finished iteration 152
[LightGBM] [Debug] Trained a tree with leaves = 255 and depth = 23
[LightGBM] [Info] Iteration:153, valid_1 auc : 0.957637
[LightGBM] [Info] 172.918929 seconds elapsed, finished iteration 153
[LightGBM] [Debug] Trained a tree with leaves = 255 and depth = 23
[LightGBM] [Info] Iteration:154, valid_1 auc : 0.957627
[LightGBM] [Info] 174.135226 seconds elapsed, finished iteration 154
[LightGBM] [Debug] Trained a tree with leaves = 255 and depth = 25
[LightGBM] [Info] Iteration:155, valid_1 auc : 0.957624
[LightGBM] [Info] 175.383964 seconds elapsed, finished iteration 155
[LightGBM] [Debug] Trained a tree with leaves = 255 and depth = 21
[LightGBM] [Info] Iteration:156, valid_1 auc : 0.957607
[LightGBM] [Info] 176.487732 seconds elapsed, finished iteration 156
[LightGBM] [Debug] Trained a tree with leaves = 255 and depth = 25
[LightGBM] [Info] Iteration:157, valid_1 auc : 0.957603
[LightGBM] [Info] 177.767014 seconds elapsed, finished iteration 157
[LightGBM] [Debug] Trained a tree with leaves = 255 and depth = 25
[LightGBM] [Info] Iteration:158, valid_1 auc : 0.957595
[LightGBM] [Info] 179.013816 seconds elapsed, finished iteration 158
[LightGBM] [Debug] Trained a tree with leaves = 255 and depth = 26
[LightGBM] [Info] Iteration:159, valid_1 auc : 0.957571
[LightGBM] [Info] 180.009938 seconds elapsed, finished iteration 159
[LightGBM] [Debug] Trained a tree with leaves = 255 and depth = 23
[LightGBM] [Info] Iteration:160, valid_1 auc : 0.957549
[LightGBM] [Info] 181.037273 seconds elapsed, finished iteration 160
[LightGBM] [Debug] Trained a tree with leaves = 255 and depth = 23
[LightGBM] [Info] Iteration:161, valid_1 auc : 0.95755
[LightGBM] [Info] 182.204565 seconds elapsed, finished iteration 161
[LightGBM] [Debug] Trained a tree with leaves = 255 and depth = 22
[LightGBM] [Info] Iteration:162, valid_1 auc : 0.957532
[LightGBM] [Info] 183.160631 seconds elapsed, finished iteration 162
[LightGBM] [Debug] Trained a tree with leaves = 255 and depth = 26
[LightGBM] [Info] Iteration:163, valid_1 auc : 0.95751
[LightGBM] [Info] 184.417816 seconds elapsed, finished iteration 163
[LightGBM] [Debug] Trained a tree with leaves = 255 and depth = 23
[LightGBM] [Info] Iteration:164, valid_1 auc : 0.957495
[LightGBM] [Info] 185.696814 seconds elapsed, finished iteration 164
[LightGBM] [Debug] Trained a tree with leaves = 255 and depth = 22
[LightGBM] [Info] Iteration:165, valid_1 auc : 0.957524
[LightGBM] [Info] 186.723391 seconds elapsed, finished iteration 165
[LightGBM] [Debug] Trained a tree with leaves = 255 and depth = 23
[LightGBM] [Info] Iteration:166, valid_1 auc : 0.957512
[LightGBM] [Info] 187.742234 seconds elapsed, finished iteration 166
[LightGBM] [Debug] Trained a tree with leaves = 255 and depth = 27
[LightGBM] [Info] Iteration:167, valid_1 auc : 0.957504
[LightGBM] [Info] 188.734508 seconds elapsed, finished iteration 167
[LightGBM] [Debug] Trained a tree with leaves = 255 and depth = 31
[LightGBM] [Info] Iteration:168, valid_1 auc : 0.957513
[LightGBM] [Info] 189.717635 seconds elapsed, finished iteration 168
[LightGBM] [Debug] Trained a tree with leaves = 255 and depth = 35
[LightGBM] [Info] Iteration:169, valid_1 auc : 0.957516
[LightGBM] [Info] 190.988202 seconds elapsed, finished iteration 169
[LightGBM] [Debug] Trained a tree with leaves = 255 and depth = 36
[LightGBM] [Info] Iteration:170, valid_1 auc : 0.957522
[LightGBM] [Info] 192.245775 seconds elapsed, finished iteration 170
[LightGBM] [Debug] Trained a tree with leaves = 255 and depth = 30
[LightGBM] [Info] Iteration:171, valid_1 auc : 0.957515
[LightGBM] [Info] 193.503533 seconds elapsed, finished iteration 171
[LightGBM] [Debug] Trained a tree with leaves = 255 and depth = 27
[LightGBM] [Info] Iteration:172, valid_1 auc : 0.957526
[LightGBM] [Info] 194.912354 seconds elapsed, finished iteration 172
[LightGBM] [Debug] Trained a tree with leaves = 255 and depth = 27
[LightGBM] [Info] Iteration:173, valid_1 auc : 0.957532
[LightGBM] [Info] 196.299329 seconds elapsed, finished iteration 173
[LightGBM] [Debug] Trained a tree with leaves = 255 and depth = 27
[LightGBM] [Info] Iteration:174, valid_1 auc : 0.957529
[LightGBM] [Info] 197.614370 seconds elapsed, finished iteration 174
[LightGBM] [Debug] Trained a tree with leaves = 255 and depth = 25
[LightGBM] [Info] Iteration:175, valid_1 auc : 0.957397
[LightGBM] [Info] 198.827757 seconds elapsed, finished iteration 175
[LightGBM] [Debug] Trained a tree with leaves = 255 and depth = 24
[LightGBM] [Info] Iteration:176, valid_1 auc : 0.957397
[LightGBM] [Info] 200.053782 seconds elapsed, finished iteration 176
[LightGBM] [Debug] Trained a tree with leaves = 255 and depth = 26
[LightGBM] [Info] Iteration:177, valid_1 auc : 0.957386
[LightGBM] [Info] 201.452286 seconds elapsed, finished iteration 177
[LightGBM] [Debug] Trained a tree with leaves = 255 and depth = 28
[LightGBM] [Info] Iteration:178, valid_1 auc : 0.957384
[LightGBM] [Info] 202.746015 seconds elapsed, finished iteration 178
[LightGBM] [Debug] Trained a tree with leaves = 255 and depth = 31
[LightGBM] [Info] Iteration:179, valid_1 auc : 0.957389
[LightGBM] [Info] 203.792658 seconds elapsed, finished iteration 179
[LightGBM] [Debug] Trained a tree with leaves = 255 and depth = 30
[LightGBM] [Info] Iteration:180, valid_1 auc : 0.957395
[LightGBM] [Info] 204.895213 seconds elapsed, finished iteration 180
[LightGBM] [Debug] Trained a tree with leaves = 255 and depth = 39
[LightGBM] [Info] Iteration:181, valid_1 auc : 0.957341
[LightGBM] [Info] 205.889591 seconds elapsed, finished iteration 181
[LightGBM] [Debug] Trained a tree with leaves = 255 and depth = 28
[LightGBM] [Info] Iteration:182, valid_1 auc : 0.95733
[LightGBM] [Info] 207.214224 seconds elapsed, finished iteration 182
[LightGBM] [Debug] Trained a tree with leaves = 255 and depth = 28
[LightGBM] [Info] Iteration:183, valid_1 auc : 0.957269
[LightGBM] [Info] 208.550235 seconds elapsed, finished iteration 183
[LightGBM] [Debug] Trained a tree with leaves = 255 and depth = 31
[LightGBM] [Info] Iteration:184, valid_1 auc : 0.95727
[LightGBM] [Info] 209.940964 seconds elapsed, finished iteration 184
[LightGBM] [Debug] Trained a tree with leaves = 255 and depth = 23
[LightGBM] [Info] Iteration:185, valid_1 auc : 0.95723
[LightGBM] [Info] 211.263779 seconds elapsed, finished iteration 185
[LightGBM] [Debug] Trained a tree with leaves = 255 and depth = 25
[LightGBM] [Info] Iteration:186, valid_1 auc : 0.957183
[LightGBM] [Info] 212.668024 seconds elapsed, finished iteration 186
[LightGBM] [Debug] Trained a tree with leaves = 255 and depth = 27
[LightGBM] [Info] Iteration:187, valid_1 auc : 0.957176
[LightGBM] [Info] 213.836012 seconds elapsed, finished iteration 187
[LightGBM] [Debug] Trained a tree with leaves = 255 and depth = 23
[LightGBM] [Info] Iteration:188, valid_1 auc : 0.95714
[LightGBM] [Info] 215.176431 seconds elapsed, finished iteration 188
[LightGBM] [Debug] Trained a tree with leaves = 255 and depth = 27
[LightGBM] [Info] Iteration:189, valid_1 auc : 0.95713
[LightGBM] [Info] 216.549388 seconds elapsed, finished iteration 189
[LightGBM] [Debug] Trained a tree with leaves = 255 and depth = 21
[LightGBM] [Info] Iteration:190, valid_1 auc : 0.957105
[LightGBM] [Info] 217.977191 seconds elapsed, finished iteration 190
[LightGBM] [Debug] Trained a tree with leaves = 255 and depth = 26
[LightGBM] [Info] Iteration:191, valid_1 auc : 0.957084
[LightGBM] [Info] 219.329105 seconds elapsed, finished iteration 191
[LightGBM] [Debug] Trained a tree with leaves = 255 and depth = 24
[LightGBM] [Info] Iteration:192, valid_1 auc : 0.957061
[LightGBM] [Info] 220.402266 seconds elapsed, finished iteration 192
[LightGBM] [Debug] Trained a tree with leaves = 255 and depth = 28
[LightGBM] [Info] Iteration:193, valid_1 auc : 0.957048
[LightGBM] [Info] 221.453804 seconds elapsed, finished iteration 193
[LightGBM] [Debug] Trained a tree with leaves = 255 and depth = 22
[LightGBM] [Info] Iteration:194, valid_1 auc : 0.957072
[LightGBM] [Info] 222.760226 seconds elapsed, finished iteration 194
[LightGBM] [Debug] Trained a tree with leaves = 255 and depth = 26
[LightGBM] [Info] Iteration:195, valid_1 auc : 0.957082
[LightGBM] [Info] 224.107134 seconds elapsed, finished iteration 195
[LightGBM] [Debug] Trained a tree with leaves = 255 and depth = 28
[LightGBM] [Info] Iteration:196, valid_1 auc : 0.956989
[LightGBM] [Info] 225.228303 seconds elapsed, finished iteration 196
[LightGBM] [Debug] Trained a tree with leaves = 255 and depth = 26
[LightGBM] [Info] Iteration:197, valid_1 auc : 0.956886
[LightGBM] [Info] 226.519668 seconds elapsed, finished iteration 197
[LightGBM] [Debug] Trained a tree with leaves = 255 and depth = 23
[LightGBM] [Info] Iteration:198, valid_1 auc : 0.956909
[LightGBM] [Info] 227.566063 seconds elapsed, finished iteration 198
[LightGBM] [Debug] Trained a tree with leaves = 255 and depth = 32
[LightGBM] [Info] Iteration:199, valid_1 auc : 0.956943
[LightGBM] [Info] 228.612800 seconds elapsed, finished iteration 199
[LightGBM] [Debug] Trained a tree with leaves = 255 and depth = 26
[LightGBM] [Info] Iteration:200, valid_1 auc : 0.956943
[LightGBM] [Info] 229.625172 seconds elapsed, finished iteration 200
[LightGBM] [Debug] Trained a tree with leaves = 255 and depth = 21
[LightGBM] [Info] Iteration:201, valid_1 auc : 0.956953
[LightGBM] [Info] 230.656435 seconds elapsed, finished iteration 201
[LightGBM] [Debug] Trained a tree with leaves = 255 and depth = 31
[LightGBM] [Info] Iteration:202, valid_1 auc : 0.956935
[LightGBM] [Info] 232.049103 seconds elapsed, finished iteration 202
[LightGBM] [Debug] Trained a tree with leaves = 255 and depth = 27
[LightGBM] [Info] Iteration:203, valid_1 auc : 0.956847
[LightGBM] [Info] 233.412311 seconds elapsed, finished iteration 203
[LightGBM] [Debug] Trained a tree with leaves = 255 and depth = 22
[LightGBM] [Info] Iteration:204, valid_1 auc : 0.9568
[LightGBM] [Info] 234.404445 seconds elapsed, finished iteration 204
[LightGBM] [Debug] Trained a tree with leaves = 255 and depth = 24
[LightGBM] [Info] Iteration:205, valid_1 auc : 0.956797
[LightGBM] [Info] 235.440646 seconds elapsed, finished iteration 205
[LightGBM] [Debug] Trained a tree with leaves = 255 and depth = 23
[LightGBM] [Info] Iteration:206, valid_1 auc : 0.956767
[LightGBM] [Info] 236.441778 seconds elapsed, finished iteration 206
[LightGBM] [Debug] Trained a tree with leaves = 255 and depth = 27
[LightGBM] [Info] Iteration:207, valid_1 auc : 0.956746
[LightGBM] [Info] 237.570930 seconds elapsed, finished iteration 207
[LightGBM] [Debug] Trained a tree with leaves = 255 and depth = 22
[LightGBM] [Info] Iteration:208, valid_1 auc : 0.956744
[LightGBM] [Info] 238.901040 seconds elapsed, finished iteration 208
[LightGBM] [Debug] Trained a tree with leaves = 255 and depth = 26
[LightGBM] [Info] Iteration:209, valid_1 auc : 0.956732
[LightGBM] [Info] 239.988323 seconds elapsed, finished iteration 209
[LightGBM] [Debug] Trained a tree with leaves = 255 and depth = 26
[LightGBM] [Info] Iteration:210, valid_1 auc : 0.95671
[LightGBM] [Info] 241.082452 seconds elapsed, finished iteration 210
[LightGBM] [Debug] Trained a tree with leaves = 255 and depth = 23
[LightGBM] [Info] Iteration:211, valid_1 auc : 0.956677
[LightGBM] [Info] 242.214461 seconds elapsed, finished iteration 211
[LightGBM] [Debug] Trained a tree with leaves = 255 and depth = 37
[LightGBM] [Info] Iteration:212, valid_1 auc : 0.956638
[LightGBM] [Info] 243.508093 seconds elapsed, finished iteration 212
[LightGBM] [Debug] Trained a tree with leaves = 255 and depth = 31
[LightGBM] [Info] Iteration:213, valid_1 auc : 0.956611
[LightGBM] [Info] 244.828015 seconds elapsed, finished iteration 213
[LightGBM] [Debug] Trained a tree with leaves = 255 and depth = 30
[LightGBM] [Info] Iteration:214, valid_1 auc : 0.95658
[LightGBM] [Info] 246.136050 seconds elapsed, finished iteration 214
[LightGBM] [Debug] Trained a tree with leaves = 255 and depth = 20
[LightGBM] [Info] Iteration:215, valid_1 auc : 0.956553
[LightGBM] [Info] 247.444806 seconds elapsed, finished iteration 215
[LightGBM] [Debug] Trained a tree with leaves = 255 and depth = 19
[LightGBM] [Info] Iteration:216, valid_1 auc : 0.956522
[LightGBM] [Info] 248.745383 seconds elapsed, finished iteration 216
[LightGBM] [Debug] Trained a tree with leaves = 255 and depth = 22
[LightGBM] [Info] Iteration:217, valid_1 auc : 0.9565
[LightGBM] [Info] 250.052534 seconds elapsed, finished iteration 217
[LightGBM] [Debug] Trained a tree with leaves = 255 and depth = 28
[LightGBM] [Info] Iteration:218, valid_1 auc : 0.956457
[LightGBM] [Info] 251.353244 seconds elapsed, finished iteration 218
[LightGBM] [Debug] Trained a tree with leaves = 255 and depth = 24
[LightGBM] [Info] Iteration:219, valid_1 auc : 0.9564
[LightGBM] [Info] 252.682306 seconds elapsed, finished iteration 219
[LightGBM] [Debug] Trained a tree with leaves = 255 and depth = 21
[LightGBM] [Info] Iteration:220, valid_1 auc : 0.956382
[LightGBM] [Info] 253.754731 seconds elapsed, finished iteration 220
[LightGBM] [Debug] Trained a tree with leaves = 255 and depth = 20
[LightGBM] [Info] Iteration:221, valid_1 auc : 0.956309
[LightGBM] [Info] 254.840678 seconds elapsed, finished iteration 221
[LightGBM] [Debug] Trained a tree with leaves = 255 and depth = 22
[LightGBM] [Info] Iteration:222, valid_1 auc : 0.956273
[LightGBM] [Info] 256.225771 seconds elapsed, finished iteration 222
[LightGBM] [Debug] Trained a tree with leaves = 255 and depth = 37
[LightGBM] [Info] Iteration:223, valid_1 auc : 0.956141
[LightGBM] [Info] 257.506206 seconds elapsed, finished iteration 223
[LightGBM] [Debug] Trained a tree with leaves = 255 and depth = 19
[LightGBM] [Info] Iteration:224, valid_1 auc : 0.956116
[LightGBM] [Info] 258.875938 seconds elapsed, finished iteration 224
[LightGBM] [Debug] Trained a tree with leaves = 255 and depth = 27
[LightGBM] [Info] Iteration:225, valid_1 auc : 0.956089
[LightGBM] [Info] 260.270591 seconds elapsed, finished iteration 225
[LightGBM] [Debug] Trained a tree with leaves = 255 and depth = 18
[LightGBM] [Info] Iteration:226, valid_1 auc : 0.956073
[LightGBM] [Info] 261.728060 seconds elapsed, finished iteration 226
[LightGBM] [Debug] Trained a tree with leaves = 255 and depth = 26
[LightGBM] [Info] Iteration:227, valid_1 auc : 0.956075
[LightGBM] [Info] 263.120391 seconds elapsed, finished iteration 227
[LightGBM] [Debug] Trained a tree with leaves = 255 and depth = 25
[LightGBM] [Info] Iteration:228, valid_1 auc : 0.956062
[LightGBM] [Info] 264.523968 seconds elapsed, finished iteration 228
[LightGBM] [Debug] Trained a tree with leaves = 255 and depth = 29
[LightGBM] [Info] Iteration:229, valid_1 auc : 0.956034
[LightGBM] [Info] 265.715352 seconds elapsed, finished iteration 229
[LightGBM] [Debug] Trained a tree with leaves = 255 and depth = 22
[LightGBM] [Info] Iteration:230, valid_1 auc : 0.956022
[LightGBM] [Info] 267.127924 seconds elapsed, finished iteration 230
[LightGBM] [Debug] Trained a tree with leaves = 255 and depth = 19
[LightGBM] [Info] Iteration:231, valid_1 auc : 0.956019
[LightGBM] [Info] 268.442061 seconds elapsed, finished iteration 231
[LightGBM] [Debug] Trained a tree with leaves = 255 and depth = 25
[LightGBM] [Info] Iteration:232, valid_1 auc : 0.956039
[LightGBM] [Info] 269.937213 seconds elapsed, finished iteration 232
[LightGBM] [Debug] Trained a tree with leaves = 255 and depth = 21
[LightGBM] [Info] Iteration:233, valid_1 auc : 0.956019
[LightGBM] [Info] 271.290592 seconds elapsed, finished iteration 233
[LightGBM] [Debug] Trained a tree with leaves = 255 and depth = 23
[LightGBM] [Info] Iteration:234, valid_1 auc : 0.955991
[LightGBM] [Info] 272.651583 seconds elapsed, finished iteration 234
[LightGBM] [Debug] Trained a tree with leaves = 255 and depth = 24
[LightGBM] [Info] Iteration:235, valid_1 auc : 0.955976
[LightGBM] [Info] 273.966405 seconds elapsed, finished iteration 235
[LightGBM] [Debug] Trained a tree with leaves = 255 and depth = 21
[LightGBM] [Info] Iteration:236, valid_1 auc : 0.955964
[LightGBM] [Info] 275.046734 seconds elapsed, finished iteration 236
[LightGBM] [Debug] Trained a tree with leaves = 255 and depth = 22
[LightGBM] [Info] Iteration:237, valid_1 auc : 0.955949
[LightGBM] [Info] 276.238117 seconds elapsed, finished iteration 237
[LightGBM] [Debug] Trained a tree with leaves = 255 and depth = 24
[LightGBM] [Info] Iteration:238, valid_1 auc : 0.955935
[LightGBM] [Info] 277.354179 seconds elapsed, finished iteration 238
[LightGBM] [Debug] Trained a tree with leaves = 255 and depth = 24
[LightGBM] [Info] Iteration:239, valid_1 auc : 0.955937
[LightGBM] [Info] 278.623849 seconds elapsed, finished iteration 239
[LightGBM] [Debug] Trained a tree with leaves = 255 and depth = 24
[LightGBM] [Info] Iteration:240, valid_1 auc : 0.955858
[LightGBM] [Info] 279.649713 seconds elapsed, finished iteration 240
[LightGBM] [Debug] Trained a tree with leaves = 255 and depth = 24
[LightGBM] [Info] Iteration:241, valid_1 auc : 0.955839
[LightGBM] [Info] 280.767080 seconds elapsed, finished iteration 241
[LightGBM] [Debug] Trained a tree with leaves = 255 and depth = 24
[LightGBM] [Info] Iteration:242, valid_1 auc : 0.955825
[LightGBM] [Info] 282.112418 seconds elapsed, finished iteration 242
[LightGBM] [Debug] Trained a tree with leaves = 255 and depth = 21
[LightGBM] [Info] Iteration:243, valid_1 auc : 0.955817
[LightGBM] [Info] 283.488384 seconds elapsed, finished iteration 243
[LightGBM] [Debug] Trained a tree with leaves = 255 and depth = 24
[LightGBM] [Info] Iteration:244, valid_1 auc : 0.955808
[LightGBM] [Info] 284.837995 seconds elapsed, finished iteration 244
[LightGBM] [Debug] Trained a tree with leaves = 255 and depth = 25
[LightGBM] [Info] Iteration:245, valid_1 auc : 0.955787
[LightGBM] [Info] 286.252377 seconds elapsed, finished iteration 245
[LightGBM] [Debug] Trained a tree with leaves = 255 and depth = 27
[LightGBM] [Info] Iteration:246, valid_1 auc : 0.95577
[LightGBM] [Info] 287.619344 seconds elapsed, finished iteration 246
[LightGBM] [Debug] Trained a tree with leaves = 255 and depth = 25
[LightGBM] [Info] Iteration:247, valid_1 auc : 0.95576
[LightGBM] [Info] 289.002864 seconds elapsed, finished iteration 247
[LightGBM] [Debug] Trained a tree with leaves = 255 and depth = 26
[LightGBM] [Info] Iteration:248, valid_1 auc : 0.955748
[LightGBM] [Info] 290.367981 seconds elapsed, finished iteration 248
[LightGBM] [Debug] Trained a tree with leaves = 255 and depth = 27
[LightGBM] [Info] Iteration:249, valid_1 auc : 0.955736
[LightGBM] [Info] 291.678808 seconds elapsed, finished iteration 249
[LightGBM] [Debug] Trained a tree with leaves = 255 and depth = 26
[LightGBM] [Info] Iteration:250, valid_1 auc : 0.955729
[LightGBM] [Info] 293.069019 seconds elapsed, finished iteration 250
[LightGBM] [Debug] Trained a tree with leaves = 255 and depth = 29
[LightGBM] [Info] Iteration:251, valid_1 auc : 0.955718
[LightGBM] [Info] 294.516564 seconds elapsed, finished iteration 251
[LightGBM] [Debug] Trained a tree with leaves = 255 and depth = 35
[LightGBM] [Info] Iteration:252, valid_1 auc : 0.955708
[LightGBM] [Info] 295.871492 seconds elapsed, finished iteration 252
[LightGBM] [Debug] Trained a tree with leaves = 255 and depth = 32
[LightGBM] [Info] Iteration:253, valid_1 auc : 0.955701
[LightGBM] [Info] 297.279080 seconds elapsed, finished iteration 253
[LightGBM] [Debug] Trained a tree with leaves = 255 and depth = 27
[LightGBM] [Info] Iteration:254, valid_1 auc : 0.955694
[LightGBM] [Info] 298.656045 seconds elapsed, finished iteration 254
[LightGBM] [Debug] Trained a tree with leaves = 255 and depth = 28
[LightGBM] [Info] Iteration:255, valid_1 auc : 0.955691
[LightGBM] [Info] 299.704889 seconds elapsed, finished iteration 255
[LightGBM] [Debug] Trained a tree with leaves = 255 and depth = 45
[LightGBM] [Info] Iteration:256, valid_1 auc : 0.955688
[LightGBM] [Info] 300.753776 seconds elapsed, finished iteration 256
[LightGBM] [Debug] Trained a tree with leaves = 255 and depth = 37
[LightGBM] [Info] Iteration:257, valid_1 auc : 0.95568
[LightGBM] [Info] 302.094380 seconds elapsed, finished iteration 257
[LightGBM] [Debug] Trained a tree with leaves = 255 and depth = 36
[LightGBM] [Info] Iteration:258, valid_1 auc : 0.955674
[LightGBM] [Info] 303.424687 seconds elapsed, finished iteration 258
[LightGBM] [Debug] Trained a tree with leaves = 255 and depth = 28
[LightGBM] [Info] Iteration:259, valid_1 auc : 0.955671
[LightGBM] [Info] 304.805941 seconds elapsed, finished iteration 259
[LightGBM] [Debug] Trained a tree with leaves = 255 and depth = 32
[LightGBM] [Info] Iteration:260, valid_1 auc : 0.955667
[LightGBM] [Info] 305.925291 seconds elapsed, finished iteration 260
[LightGBM] [Debug] Trained a tree with leaves = 255 and depth = 24
[LightGBM] [Info] Iteration:261, valid_1 auc : 0.955664
[LightGBM] [Info] 307.267237 seconds elapsed, finished iteration 261
[LightGBM] [Debug] Trained a tree with leaves = 255 and depth = 30
[LightGBM] [Info] Iteration:262, valid_1 auc : 0.955693
[LightGBM] [Info] 308.435516 seconds elapsed, finished iteration 262
[LightGBM] [Debug] Trained a tree with leaves = 255 and depth = 27
[LightGBM] [Info] Iteration:263, valid_1 auc : 0.955692
[LightGBM] [Info] 309.873857 seconds elapsed, finished iteration 263
[LightGBM] [Debug] Trained a tree with leaves = 255 and depth = 29
[LightGBM] [Info] Iteration:264, valid_1 auc : 0.955695
[LightGBM] [Info] 311.227656 seconds elapsed, finished iteration 264
[LightGBM] [Debug] Trained a tree with leaves = 255 and depth = 26
[LightGBM] [Info] Iteration:265, valid_1 auc : 0.955693
[LightGBM] [Info] 312.597233 seconds elapsed, finished iteration 265
[LightGBM] [Debug] Trained a tree with leaves = 255 and depth = 29
[LightGBM] [Info] Iteration:266, valid_1 auc : 0.955695
[LightGBM] [Info] 314.035732 seconds elapsed, finished iteration 266
[LightGBM] [Debug] Trained a tree with leaves = 255 and depth = 27
[LightGBM] [Info] Iteration:267, valid_1 auc : 0.955691
[LightGBM] [Info] 315.385743 seconds elapsed, finished iteration 267
[LightGBM] [Debug] Trained a tree with leaves = 255 and depth = 25
[LightGBM] [Info] Iteration:268, valid_1 auc : 0.95569
[LightGBM] [Info] 316.903206 seconds elapsed, finished iteration 268
[LightGBM] [Debug] Trained a tree with leaves = 255 and depth = 22
[LightGBM] [Info] Iteration:269, valid_1 auc : 0.955688
[LightGBM] [Info] 318.327829 seconds elapsed, finished iteration 269
[LightGBM] [Debug] Trained a tree with leaves = 255 and depth = 35
[LightGBM] [Info] Iteration:270, valid_1 auc : 0.955681
[LightGBM] [Info] 319.778212 seconds elapsed, finished iteration 270
[LightGBM] [Debug] Trained a tree with leaves = 255 and depth = 20
[LightGBM] [Info] Iteration:271, valid_1 auc : 0.955676
[LightGBM] [Info] 321.190123 seconds elapsed, finished iteration 271
[LightGBM] [Debug] Trained a tree with leaves = 255 and depth = 23
[LightGBM] [Info] Iteration:272, valid_1 auc : 0.955679
[LightGBM] [Info] 322.446813 seconds elapsed, finished iteration 272
[LightGBM] [Debug] Trained a tree with leaves = 255 and depth = 28
[LightGBM] [Info] Iteration:273, valid_1 auc : 0.955677
[LightGBM] [Info] 323.807418 seconds elapsed, finished iteration 273
[LightGBM] [Debug] Trained a tree with leaves = 255 and depth = 34
[LightGBM] [Info] Iteration:274, valid_1 auc : 0.955677
[LightGBM] [Info] 325.174910 seconds elapsed, finished iteration 274
[LightGBM] [Debug] Trained a tree with leaves = 255 and depth = 26
[LightGBM] [Info] Iteration:275, valid_1 auc : 0.955677
[LightGBM] [Info] 326.402708 seconds elapsed, finished iteration 275
[LightGBM] [Debug] Trained a tree with leaves = 255 and depth = 30
[LightGBM] [Info] Iteration:276, valid_1 auc : 0.955675
[LightGBM] [Info] 327.642380 seconds elapsed, finished iteration 276
[LightGBM] [Debug] Trained a tree with leaves = 255 and depth = 30
[LightGBM] [Info] Iteration:277, valid_1 auc : 0.955669
[LightGBM] [Info] 328.756150 seconds elapsed, finished iteration 277
[LightGBM] [Debug] Trained a tree with leaves = 255 and depth = 29
[LightGBM] [Info] Iteration:278, valid_1 auc : 0.955669
[LightGBM] [Info] 329.811512 seconds elapsed, finished iteration 278
[LightGBM] [Debug] Trained a tree with leaves = 255 and depth = 27
[LightGBM] [Info] Iteration:279, valid_1 auc : 0.955669
[LightGBM] [Info] 330.865518 seconds elapsed, finished iteration 279
[LightGBM] [Debug] Trained a tree with leaves = 255 and depth = 24
[LightGBM] [Info] Iteration:280, valid_1 auc : 0.955673
[LightGBM] [Info] 331.953927 seconds elapsed, finished iteration 280
[LightGBM] [Debug] Trained a tree with leaves = 255 and depth = 19
[LightGBM] [Info] Iteration:281, valid_1 auc : 0.955678
[LightGBM] [Info] 333.392756 seconds elapsed, finished iteration 281
[LightGBM] [Debug] Trained a tree with leaves = 255 and depth = 21
[LightGBM] [Info] Iteration:282, valid_1 auc : 0.955681
[LightGBM] [Info] 334.773917 seconds elapsed, finished iteration 282
[LightGBM] [Debug] Trained a tree with leaves = 255 and depth = 26
[LightGBM] [Info] Iteration:283, valid_1 auc : 0.955687
[LightGBM] [Info] 336.205317 seconds elapsed, finished iteration 283
[LightGBM] [Debug] Trained a tree with leaves = 255 and depth = 25
[LightGBM] [Info] Iteration:284, valid_1 auc : 0.955691
[LightGBM] [Info] 337.613045 seconds elapsed, finished iteration 284
[LightGBM] [Debug] Trained a tree with leaves = 255 and depth = 23
[LightGBM] [Info] Iteration:285, valid_1 auc : 0.955695
[LightGBM] [Info] 339.022588 seconds elapsed, finished iteration 285
[LightGBM] [Debug] Trained a tree with leaves = 255 and depth = 25
[LightGBM] [Info] Iteration:286, valid_1 auc : 0.955703
[LightGBM] [Info] 340.285979 seconds elapsed, finished iteration 286
[LightGBM] [Debug] Trained a tree with leaves = 255 and depth = 34
[LightGBM] [Info] Iteration:287, valid_1 auc : 0.955706
[LightGBM] [Info] 341.334689 seconds elapsed, finished iteration 287
[LightGBM] [Debug] Trained a tree with leaves = 255 and depth = 20
[LightGBM] [Info] Iteration:288, valid_1 auc : 0.955702
[LightGBM] [Info] 342.370018 seconds elapsed, finished iteration 288
[LightGBM] [Debug] Trained a tree with leaves = 255 and depth = 27
[LightGBM] [Info] Iteration:289, valid_1 auc : 0.955704
[LightGBM] [Info] 343.385995 seconds elapsed, finished iteration 289
[LightGBM] [Debug] Trained a tree with leaves = 255 and depth = 20
[LightGBM] [Info] Iteration:290, valid_1 auc : 0.955704
[LightGBM] [Info] 344.769468 seconds elapsed, finished iteration 290
[LightGBM] [Debug] Trained a tree with leaves = 255 and depth = 30
[LightGBM] [Info] Iteration:291, valid_1 auc : 0.955708
[LightGBM] [Info] 346.132341 seconds elapsed, finished iteration 291
[LightGBM] [Debug] Trained a tree with leaves = 255 and depth = 25
[LightGBM] [Info] Iteration:292, valid_1 auc : 0.955704
[LightGBM] [Info] 347.471178 seconds elapsed, finished iteration 292
[LightGBM] [Debug] Trained a tree with leaves = 255 and depth = 26
[LightGBM] [Info] Iteration:293, valid_1 auc : 0.955706
[LightGBM] [Info] 348.813684 seconds elapsed, finished iteration 293
[LightGBM] [Debug] Trained a tree with leaves = 255 and depth = 36
[LightGBM] [Info] Iteration:294, valid_1 auc : 0.955722
[LightGBM] [Info] 349.864951 seconds elapsed, finished iteration 294
[LightGBM] [Debug] Trained a tree with leaves = 255 and depth = 26
[LightGBM] [Info] Iteration:295, valid_1 auc : 0.955723
[LightGBM] [Info] 351.130700 seconds elapsed, finished iteration 295
[LightGBM] [Debug] Trained a tree with leaves = 255 and depth = 33
[LightGBM] [Info] Iteration:296, valid_1 auc : 0.955724
[LightGBM] [Info] 352.587532 seconds elapsed, finished iteration 296
[LightGBM] [Debug] Trained a tree with leaves = 255 and depth = 28
[LightGBM] [Info] Iteration:297, valid_1 auc : 0.955727
[LightGBM] [Info] 353.994808 seconds elapsed, finished iteration 297
[LightGBM] [Debug] Trained a tree with leaves = 255 and depth = 27
[LightGBM] [Info] Iteration:298, valid_1 auc : 0.955733
[LightGBM] [Info] 355.416050 seconds elapsed, finished iteration 298
[LightGBM] [Debug] Trained a tree with leaves = 255 and depth = 39
[LightGBM] [Info] Iteration:299, valid_1 auc : 0.955744
[LightGBM] [Info] 356.804024 seconds elapsed, finished iteration 299
[LightGBM] [Debug] Trained a tree with leaves = 255 and depth = 39
[LightGBM] [Info] Iteration:300, valid_1 auc : 0.955749
[LightGBM] [Info] 358.175394 seconds elapsed, finished iteration 300
[LightGBM] [Debug] Trained a tree with leaves = 255 and depth = 23
[LightGBM] [Info] Iteration:301, valid_1 auc : 0.955752
[LightGBM] [Info] 359.283779 seconds elapsed, finished iteration 301
[LightGBM] [Debug] Trained a tree with leaves = 255 and depth = 20
[LightGBM] [Info] Iteration:302, valid_1 auc : 0.955751
[LightGBM] [Info] 360.574742 seconds elapsed, finished iteration 302
[LightGBM] [Debug] Trained a tree with leaves = 255 and depth = 23
[LightGBM] [Info] Iteration:303, valid_1 auc : 0.955754
[LightGBM] [Info] 361.886671 seconds elapsed, finished iteration 303
[LightGBM] [Debug] Trained a tree with leaves = 255 and depth = 25
[LightGBM] [Info] Iteration:304, valid_1 auc : 0.955755
[LightGBM] [Info] 363.283697 seconds elapsed, finished iteration 304
[LightGBM] [Debug] Trained a tree with leaves = 255 and depth = 26
[LightGBM] [Info] Iteration:305, valid_1 auc : 0.955755
[LightGBM] [Info] 364.632321 seconds elapsed, finished iteration 305
[LightGBM] [Debug] Trained a tree with leaves = 255 and depth = 33
[LightGBM] [Info] Iteration:306, valid_1 auc : 0.955753
[LightGBM] [Info] 365.894420 seconds elapsed, finished iteration 306
[LightGBM] [Debug] Trained a tree with leaves = 255 and depth = 32
[LightGBM] [Info] Iteration:307, valid_1 auc : 0.955753
[LightGBM] [Info] 367.305439 seconds elapsed, finished iteration 307
[LightGBM] [Debug] Trained a tree with leaves = 255 and depth = 36
[LightGBM] [Info] Iteration:308, valid_1 auc : 0.955746
[LightGBM] [Info] 368.699234 seconds elapsed, finished iteration 308
[LightGBM] [Debug] Trained a tree with leaves = 255 and depth = 30
[LightGBM] [Info] Iteration:309, valid_1 auc : 0.955747
[LightGBM] [Info] 370.115449 seconds elapsed, finished iteration 309
[LightGBM] [Debug] Trained a tree with leaves = 255 and depth = 42
[LightGBM] [Info] Iteration:310, valid_1 auc : 0.955748
[LightGBM] [Info] 371.604513 seconds elapsed, finished iteration 310
[LightGBM] [Debug] Trained a tree with leaves = 255 and depth = 37
[LightGBM] [Info] Iteration:311, valid_1 auc : 0.955752
[LightGBM] [Info] 373.040373 seconds elapsed, finished iteration 311
[LightGBM] [Debug] Trained a tree with leaves = 255 and depth = 31
[LightGBM] [Info] Iteration:312, valid_1 auc : 0.955745
[LightGBM] [Info] 374.449244 seconds elapsed, finished iteration 312
[LightGBM] [Debug] Trained a tree with leaves = 255 and depth = 29
[LightGBM] [Info] Iteration:313, valid_1 auc : 0.955748
[LightGBM] [Info] 375.832626 seconds elapsed, finished iteration 313
[LightGBM] [Debug] Trained a tree with leaves = 255 and depth = 32
[LightGBM] [Info] Iteration:314, valid_1 auc : 0.955752
[LightGBM] [Info] 377.171045 seconds elapsed, finished iteration 314
[LightGBM] [Debug] Trained a tree with leaves = 255 and depth = 41
[LightGBM] [Info] Iteration:315, valid_1 auc : 0.955757
[LightGBM] [Info] 378.584628 seconds elapsed, finished iteration 315
[LightGBM] [Debug] Trained a tree with leaves = 255 and depth = 24
[LightGBM] [Info] Iteration:316, valid_1 auc : 0.955755
[LightGBM] [Info] 379.893423 seconds elapsed, finished iteration 316
[LightGBM] [Debug] Trained a tree with leaves = 255 and depth = 27
[LightGBM] [Info] Iteration:317, valid_1 auc : 0.955754
[LightGBM] [Info] 381.162251 seconds elapsed, finished iteration 317
[LightGBM] [Debug] Trained a tree with leaves = 255 and depth = 36
[LightGBM] [Info] Iteration:318, valid_1 auc : 0.955753
[LightGBM] [Info] 382.494905 seconds elapsed, finished iteration 318
[LightGBM] [Debug] Trained a tree with leaves = 255 and depth = 26
[LightGBM] [Info] Iteration:319, valid_1 auc : 0.955754
[LightGBM] [Info] 383.507786 seconds elapsed, finished iteration 319
[LightGBM] [Debug] Trained a tree with leaves = 255 and depth = 39
[LightGBM] [Info] Iteration:320, valid_1 auc : 0.955756
[LightGBM] [Info] 384.759087 seconds elapsed, finished iteration 320
[LightGBM] [Debug] Trained a tree with leaves = 255 and depth = 34
[LightGBM] [Info] Iteration:321, valid_1 auc : 0.955753
[LightGBM] [Info] 385.950756 seconds elapsed, finished iteration 321
[LightGBM] [Debug] Trained a tree with leaves = 255 and depth = 33
[LightGBM] [Info] Iteration:322, valid_1 auc : 0.955755
[LightGBM] [Info] 387.296317 seconds elapsed, finished iteration 322
[LightGBM] [Debug] Trained a tree with leaves = 255 and depth = 24
[LightGBM] [Info] Iteration:323, valid_1 auc : 0.955758
[LightGBM] [Info] 388.305380 seconds elapsed, finished iteration 323
[LightGBM] [Debug] Trained a tree with leaves = 255 and depth = 31
[LightGBM] [Info] Iteration:324, valid_1 auc : 0.95576
[LightGBM] [Info] 389.701643 seconds elapsed, finished iteration 324
[LightGBM] [Debug] Trained a tree with leaves = 255 and depth = 22
[LightGBM] [Info] Iteration:325, valid_1 auc : 0.955757
[LightGBM] [Info] 390.805063 seconds elapsed, finished iteration 325
[LightGBM] [Debug] Trained a tree with leaves = 255 and depth = 27
[LightGBM] [Info] Iteration:326, valid_1 auc : 0.95576
[LightGBM] [Info] 391.971692 seconds elapsed, finished iteration 326
[LightGBM] [Debug] Trained a tree with leaves = 255 and depth = 22
[LightGBM] [Info] Iteration:327, valid_1 auc : 0.95576
[LightGBM] [Info] 393.350569 seconds elapsed, finished iteration 327
[LightGBM] [Debug] Trained a tree with leaves = 255 and depth = 32
[LightGBM] [Info] Iteration:328, valid_1 auc : 0.955756
[LightGBM] [Info] 394.461695 seconds elapsed, finished iteration 328
[LightGBM] [Debug] Trained a tree with leaves = 255 and depth = 28
[LightGBM] [Info] Iteration:329, valid_1 auc : 0.955754
[LightGBM] [Info] 395.731200 seconds elapsed, finished iteration 329
[LightGBM] [Debug] Trained a tree with leaves = 255 and depth = 27
[LightGBM] [Info] Iteration:330, valid_1 auc : 0.955752
[LightGBM] [Info] 397.050027 seconds elapsed, finished iteration 330
[LightGBM] [Debug] Trained a tree with leaves = 255 and depth = 27
[LightGBM] [Info] Iteration:331, valid_1 auc : 0.955752
[LightGBM] [Info] 398.208230 seconds elapsed, finished iteration 331
[LightGBM] [Debug] Trained a tree with leaves = 255 and depth = 22
[LightGBM] [Info] Iteration:332, valid_1 auc : 0.955747
[LightGBM] [Info] 399.258290 seconds elapsed, finished iteration 332
[LightGBM] [Debug] Trained a tree with leaves = 255 and depth = 31
[LightGBM] [Info] Iteration:333, valid_1 auc : 0.955749
[LightGBM] [Info] 400.619322 seconds elapsed, finished iteration 333
[LightGBM] [Debug] Trained a tree with leaves = 255 and depth = 28
[LightGBM] [Info] Iteration:334, valid_1 auc : 0.955711
[LightGBM] [Info] 402.010741 seconds elapsed, finished iteration 334
[LightGBM] [Debug] Trained a tree with leaves = 255 and depth = 30
[LightGBM] [Info] Iteration:335, valid_1 auc : 0.955715
[LightGBM] [Info] 403.409504 seconds elapsed, finished iteration 335
[LightGBM] [Debug] Trained a tree with leaves = 255 and depth = 31
[LightGBM] [Info] Iteration:336, valid_1 auc : 0.955704
[LightGBM] [Info] 404.576627 seconds elapsed, finished iteration 336
[LightGBM] [Debug] Trained a tree with leaves = 255 and depth = 31
[LightGBM] [Info] Iteration:337, valid_1 auc : 0.955714
[LightGBM] [Info] 405.924686 seconds elapsed, finished iteration 337
[LightGBM] [Debug] Trained a tree with leaves = 255 and depth = 26
[LightGBM] [Info] Iteration:338, valid_1 auc : 0.955724
[LightGBM] [Info] 407.102403 seconds elapsed, finished iteration 338
[LightGBM] [Debug] Trained a tree with leaves = 255 and depth = 24
[LightGBM] [Info] Iteration:339, valid_1 auc : 0.955693
[LightGBM] [Info] 408.506138 seconds elapsed, finished iteration 339
[LightGBM] [Debug] Trained a tree with leaves = 255 and depth = 28
[LightGBM] [Info] Iteration:340, valid_1 auc : 0.955698
[LightGBM] [Info] 410.023259 seconds elapsed, finished iteration 340
[LightGBM] [Debug] Trained a tree with leaves = 255 and depth = 29
[LightGBM] [Info] Iteration:341, valid_1 auc : 0.955715
[LightGBM] [Info] 411.433904 seconds elapsed, finished iteration 341
[LightGBM] [Debug] Trained a tree with leaves = 255 and depth = 28
[LightGBM] [Info] Iteration:342, valid_1 auc : 0.955696
[LightGBM] [Info] 412.784500 seconds elapsed, finished iteration 342
[LightGBM] [Debug] Trained a tree with leaves = 255 and depth = 27
[LightGBM] [Info] Iteration:343, valid_1 auc : 0.955705
[LightGBM] [Info] 414.094490 seconds elapsed, finished iteration 343
[LightGBM] [Debug] Trained a tree with leaves = 255 and depth = 25
[LightGBM] [Info] Iteration:344, valid_1 auc : 0.955712
[LightGBM] [Info] 415.434546 seconds elapsed, finished iteration 344
[LightGBM] [Debug] Trained a tree with leaves = 255 and depth = 23
[LightGBM] [Info] Iteration:345, valid_1 auc : 0.955713
[LightGBM] [Info] 416.774548 seconds elapsed, finished iteration 345
[LightGBM] [Debug] Trained a tree with leaves = 255 and depth = 24
[LightGBM] [Info] Iteration:346, valid_1 auc : 0.955709
[LightGBM] [Info] 418.196679 seconds elapsed, finished iteration 346
[LightGBM] [Debug] Trained a tree with leaves = 255 and depth = 27
[LightGBM] [Info] Iteration:347, valid_1 auc : 0.955702
[LightGBM] [Info] 419.489026 seconds elapsed, finished iteration 347
[LightGBM] [Debug] Trained a tree with leaves = 255 and depth = 31
[LightGBM] [Info] Iteration:348, valid_1 auc : 0.955701
[LightGBM] [Info] 420.593516 seconds elapsed, finished iteration 348
[LightGBM] [Debug] Trained a tree with leaves = 255 and depth = 22
[LightGBM] [Info] Iteration:349, valid_1 auc : 0.955693
[LightGBM] [Info] 421.688056 seconds elapsed, finished iteration 349
[LightGBM] [Debug] Trained a tree with leaves = 255 and depth = 29
[LightGBM] [Info] Iteration:350, valid_1 auc : 0.955685
[LightGBM] [Info] 422.996362 seconds elapsed, finished iteration 350
[LightGBM] [Debug] Trained a tree with leaves = 255 and depth = 28
[LightGBM] [Info] Iteration:351, valid_1 auc : 0.955696
[LightGBM] [Info] 424.311243 seconds elapsed, finished iteration 351
[LightGBM] [Debug] Trained a tree with leaves = 255 and depth = 24
[LightGBM] [Info] Iteration:352, valid_1 auc : 0.95571
[LightGBM] [Info] 425.508287 seconds elapsed, finished iteration 352
[LightGBM] [Debug] Trained a tree with leaves = 255 and depth = 31
[LightGBM] [Info] Iteration:353, valid_1 auc : 0.955719
[LightGBM] [Info] 426.885294 seconds elapsed, finished iteration 353
[LightGBM] [Debug] Trained a tree with leaves = 255 and depth = 35
[LightGBM] [Info] Iteration:354, valid_1 auc : 0.955729
[LightGBM] [Info] 428.294130 seconds elapsed, finished iteration 354
[LightGBM] [Debug] Trained a tree with leaves = 255 and depth = 23
[LightGBM] [Info] Iteration:355, valid_1 auc : 0.955742
[LightGBM] [Info] 429.712826 seconds elapsed, finished iteration 355
[LightGBM] [Debug] Trained a tree with leaves = 255 and depth = 20
[LightGBM] [Info] Iteration:356, valid_1 auc : 0.955741
[LightGBM] [Info] 431.012156 seconds elapsed, finished iteration 356
[LightGBM] [Debug] Trained a tree with leaves = 255 and depth = 28
[LightGBM] [Info] Iteration:357, valid_1 auc : 0.955745
[LightGBM] [Info] 432.443535 seconds elapsed, finished iteration 357
[LightGBM] [Debug] Trained a tree with leaves = 255 and depth = 36
[LightGBM] [Info] Iteration:358, valid_1 auc : 0.955723
[LightGBM] [Info] 433.914838 seconds elapsed, finished iteration 358
[LightGBM] [Debug] Trained a tree with leaves = 255 and depth = 23
[LightGBM] [Info] Iteration:359, valid_1 auc : 0.955727
[LightGBM] [Info] 435.354076 seconds elapsed, finished iteration 359
[LightGBM] [Debug] Trained a tree with leaves = 255 and depth = 35
[LightGBM] [Info] Iteration:360, valid_1 auc : 0.955727
[LightGBM] [Info] 436.430950 seconds elapsed, finished iteration 360
[LightGBM] [Debug] Trained a tree with leaves = 255 and depth = 29
[LightGBM] [Info] Iteration:361, valid_1 auc : 0.955739
[LightGBM] [Info] 437.630255 seconds elapsed, finished iteration 361
[LightGBM] [Debug] Trained a tree with leaves = 255 and depth = 32
[LightGBM] [Info] Iteration:362, valid_1 auc : 0.955758
[LightGBM] [Info] 438.985636 seconds elapsed, finished iteration 362
[LightGBM] [Debug] Trained a tree with leaves = 255 and depth = 22
[LightGBM] [Info] Iteration:363, valid_1 auc : 0.955784
[LightGBM] [Info] 440.418033 seconds elapsed, finished iteration 363
[LightGBM] [Debug] Trained a tree with leaves = 255 and depth = 41
[LightGBM] [Info] Iteration:364, valid_1 auc : 0.95579
[LightGBM] [Info] 441.487060 seconds elapsed, finished iteration 364
[LightGBM] [Debug] Trained a tree with leaves = 255 and depth = 31
[LightGBM] [Info] Iteration:365, valid_1 auc : 0.955793
[LightGBM] [Info] 442.851570 seconds elapsed, finished iteration 365
[LightGBM] [Debug] Trained a tree with leaves = 255 and depth = 32
[LightGBM] [Info] Iteration:366, valid_1 auc : 0.955793
[LightGBM] [Info] 444.003656 seconds elapsed, finished iteration 366
[LightGBM] [Debug] Trained a tree with leaves = 255 and depth = 29
[LightGBM] [Info] Iteration:367, valid_1 auc : 0.955783
[LightGBM] [Info] 445.247401 seconds elapsed, finished iteration 367
[LightGBM] [Debug] Trained a tree with leaves = 255 and depth = 28
[LightGBM] [Info] Iteration:368, valid_1 auc : 0.955784
[LightGBM] [Info] 446.478016 seconds elapsed, finished iteration 368
[LightGBM] [Debug] Trained a tree with leaves = 255 and depth = 23
[LightGBM] [Info] Iteration:369, valid_1 auc : 0.955796
[LightGBM] [Info] 447.577427 seconds elapsed, finished iteration 369
[LightGBM] [Debug] Trained a tree with leaves = 255 and depth = 38
[LightGBM] [Info] Iteration:370, valid_1 auc : 0.95579
[LightGBM] [Info] 448.918317 seconds elapsed, finished iteration 370
[LightGBM] [Debug] Trained a tree with leaves = 255 and depth = 28
[LightGBM] [Info] Iteration:371, valid_1 auc : 0.955797
[LightGBM] [Info] 450.316914 seconds elapsed, finished iteration 371
[LightGBM] [Debug] Trained a tree with leaves = 255 and depth = 30
[LightGBM] [Info] Iteration:372, valid_1 auc : 0.955808
[LightGBM] [Info] 451.665108 seconds elapsed, finished iteration 372
[LightGBM] [Debug] Trained a tree with leaves = 255 and depth = 44
[LightGBM] [Info] Iteration:373, valid_1 auc : 0.95581
[LightGBM] [Info] 452.952199 seconds elapsed, finished iteration 373
[LightGBM] [Debug] Trained a tree with leaves = 255 and depth = 38
[LightGBM] [Info] Iteration:374, valid_1 auc : 0.955817
[LightGBM] [Info] 454.234190 seconds elapsed, finished iteration 374
[LightGBM] [Debug] Trained a tree with leaves = 255 and depth = 26
[LightGBM] [Info] Iteration:375, valid_1 auc : 0.955814
[LightGBM] [Info] 455.590986 seconds elapsed, finished iteration 375
[LightGBM] [Debug] Trained a tree with leaves = 255 and depth = 30
[LightGBM] [Info] Iteration:376, valid_1 auc : 0.9558
[LightGBM] [Info] 456.979152 seconds elapsed, finished iteration 376
[LightGBM] [Debug] Trained a tree with leaves = 255 and depth = 21
[LightGBM] [Info] Iteration:377, valid_1 auc : 0.955797
[LightGBM] [Info] 458.357189 seconds elapsed, finished iteration 377
[LightGBM] [Debug] Trained a tree with leaves = 255 and depth = 33
[LightGBM] [Info] Iteration:378, valid_1 auc : 0.955797
[LightGBM] [Info] 459.687708 seconds elapsed, finished iteration 378
[LightGBM] [Debug] Trained a tree with leaves = 255 and depth = 27
[LightGBM] [Info] Iteration:379, valid_1 auc : 0.955795
[LightGBM] [Info] 461.074589 seconds elapsed, finished iteration 379
[LightGBM] [Debug] Trained a tree with leaves = 255 and depth = 38
[LightGBM] [Info] Iteration:380, valid_1 auc : 0.955789
[LightGBM] [Info] 462.509240 seconds elapsed, finished iteration 380
[LightGBM] [Debug] Trained a tree with leaves = 255 and depth = 27
[LightGBM] [Info] Iteration:381, valid_1 auc : 0.955781
[LightGBM] [Info] 463.854675 seconds elapsed, finished iteration 381
[LightGBM] [Debug] Trained a tree with leaves = 255 and depth = 39
[LightGBM] [Info] Iteration:382, valid_1 auc : 0.955721
[LightGBM] [Info] 465.147538 seconds elapsed, finished iteration 382
[LightGBM] [Debug] Trained a tree with leaves = 255 and depth = 37
[LightGBM] [Info] Iteration:383, valid_1 auc : 0.955708
[LightGBM] [Info] 466.576036 seconds elapsed, finished iteration 383
[LightGBM] [Debug] Trained a tree with leaves = 255 and depth = 30
[LightGBM] [Info] Iteration:384, valid_1 auc : 0.955662
[LightGBM] [Info] 467.712491 seconds elapsed, finished iteration 384
[LightGBM] [Debug] Trained a tree with leaves = 255 and depth = 24
[LightGBM] [Info] Iteration:385, valid_1 auc : 0.955632
[LightGBM] [Info] 468.793970 seconds elapsed, finished iteration 385
[LightGBM] [Debug] Trained a tree with leaves = 255 and depth = 38
[LightGBM] [Info] Iteration:386, valid_1 auc : 0.955596
[LightGBM] [Info] 470.221108 seconds elapsed, finished iteration 386
[LightGBM] [Debug] Trained a tree with leaves = 255 and depth = 46
[LightGBM] [Info] Iteration:387, valid_1 auc : 0.95561
[LightGBM] [Info] 471.691985 seconds elapsed, finished iteration 387
[LightGBM] [Debug] Trained a tree with leaves = 255 and depth = 32
[LightGBM] [Info] Iteration:388, valid_1 auc : 0.955614
[LightGBM] [Info] 473.254898 seconds elapsed, finished iteration 388
[LightGBM] [Debug] Trained a tree with leaves = 255 and depth = 28
[LightGBM] [Info] Iteration:389, valid_1 auc : 0.955565
[LightGBM] [Info] 474.619893 seconds elapsed, finished iteration 389
[LightGBM] [Debug] Trained a tree with leaves = 255 and depth = 35
[LightGBM] [Info] Iteration:390, valid_1 auc : 0.955529
[LightGBM] [Info] 475.748961 seconds elapsed, finished iteration 390
[LightGBM] [Debug] Trained a tree with leaves = 255 and depth = 28
[LightGBM] [Info] Iteration:391, valid_1 auc : 0.955497
[LightGBM] [Info] 477.036146 seconds elapsed, finished iteration 391
[LightGBM] [Debug] Trained a tree with leaves = 255 and depth = 30
[LightGBM] [Info] Iteration:392, valid_1 auc : 0.955473
[LightGBM] [Info] 478.206870 seconds elapsed, finished iteration 392
[LightGBM] [Debug] Trained a tree with leaves = 255 and depth = 36
[LightGBM] [Info] Iteration:393, valid_1 auc : 0.955445
[LightGBM] [Info] 479.504935 seconds elapsed, finished iteration 393
[LightGBM] [Debug] Trained a tree with leaves = 255 and depth = 23
[LightGBM] [Info] Iteration:394, valid_1 auc : 0.955454
[LightGBM] [Info] 480.792205 seconds elapsed, finished iteration 394
[LightGBM] [Debug] Trained a tree with leaves = 255 and depth = 36
[LightGBM] [Info] Iteration:395, valid_1 auc : 0.955436
[LightGBM] [Info] 481.848423 seconds elapsed, finished iteration 395
[LightGBM] [Debug] Trained a tree with leaves = 255 and depth = 37
[LightGBM] [Info] Iteration:396, valid_1 auc : 0.955423
[LightGBM] [Info] 483.090621 seconds elapsed, finished iteration 396
[LightGBM] [Debug] Trained a tree with leaves = 255 and depth = 25
[LightGBM] [Info] Iteration:397, valid_1 auc : 0.955414
[LightGBM] [Info] 484.205908 seconds elapsed, finished iteration 397
[LightGBM] [Debug] Trained a tree with leaves = 255 and depth = 35
[LightGBM] [Info] Iteration:398, valid_1 auc : 0.955398
[LightGBM] [Info] 485.520832 seconds elapsed, finished iteration 398
[LightGBM] [Debug] Trained a tree with leaves = 255 and depth = 34
[LightGBM] [Info] Iteration:399, valid_1 auc : 0.955391
[LightGBM] [Info] 486.880912 seconds elapsed, finished iteration 399
[LightGBM] [Debug] Trained a tree with leaves = 255 and depth = 29
[LightGBM] [Info] Iteration:400, valid_1 auc : 0.9554
[LightGBM] [Info] 487.959205 seconds elapsed, finished iteration 400
[LightGBM] [Debug] Trained a tree with leaves = 255 and depth = 27
[LightGBM] [Info] Iteration:401, valid_1 auc : 0.95539
[LightGBM] [Info] 489.276183 seconds elapsed, finished iteration 401
[LightGBM] [Debug] Trained a tree with leaves = 255 and depth = 29
[LightGBM] [Info] Iteration:402, valid_1 auc : 0.955401
[LightGBM] [Info] 490.702596 seconds elapsed, finished iteration 402
[LightGBM] [Debug] Trained a tree with leaves = 255 and depth = 25
[LightGBM] [Info] Iteration:403, valid_1 auc : 0.955405
[LightGBM] [Info] 492.114930 seconds elapsed, finished iteration 403
[LightGBM] [Debug] Trained a tree with leaves = 255 and depth = 26
[LightGBM] [Info] Iteration:404, valid_1 auc : 0.955403
[LightGBM] [Info] 493.523751 seconds elapsed, finished iteration 404
[LightGBM] [Debug] Trained a tree with leaves = 255 and depth = 24
[LightGBM] [Info] Iteration:405, valid_1 auc : 0.955407
[LightGBM] [Info] 494.929436 seconds elapsed, finished iteration 405
[LightGBM] [Debug] Trained a tree with leaves = 255 and depth = 28
[LightGBM] [Info] Iteration:406, valid_1 auc : 0.95541
[LightGBM] [Info] 496.133670 seconds elapsed, finished iteration 406
[LightGBM] [Debug] Trained a tree with leaves = 255 and depth = 25
[LightGBM] [Info] Iteration:407, valid_1 auc : 0.955414
[LightGBM] [Info] 497.206308 seconds elapsed, finished iteration 407
[LightGBM] [Debug] Trained a tree with leaves = 255 and depth = 32
[LightGBM] [Info] Iteration:408, valid_1 auc : 0.955414
[LightGBM] [Info] 498.244564 seconds elapsed, finished iteration 408
[LightGBM] [Debug] Trained a tree with leaves = 255 and depth = 31
[LightGBM] [Info] Iteration:409, valid_1 auc : 0.955417
[LightGBM] [Info] 499.583501 seconds elapsed, finished iteration 409
[LightGBM] [Debug] Trained a tree with leaves = 255 and depth = 22
[LightGBM] [Info] Iteration:410, valid_1 auc : 0.955411
[LightGBM] [Info] 501.030485 seconds elapsed, finished iteration 410
[LightGBM] [Debug] Trained a tree with leaves = 255 and depth = 23
[LightGBM] [Info] Iteration:411, valid_1 auc : 0.955407
[LightGBM] [Info] 502.439789 seconds elapsed, finished iteration 411
[LightGBM] [Debug] Trained a tree with leaves = 255 and depth = 26
[LightGBM] [Info] Iteration:412, valid_1 auc : 0.955411
[LightGBM] [Info] 503.806261 seconds elapsed, finished iteration 412
[LightGBM] [Debug] Trained a tree with leaves = 255 and depth = 37
[LightGBM] [Info] Iteration:413, valid_1 auc : 0.955411
[LightGBM] [Info] 505.030589 seconds elapsed, finished iteration 413
[LightGBM] [Debug] Trained a tree with leaves = 255 and depth = 26
[LightGBM] [Info] Iteration:414, valid_1 auc : 0.955403
[LightGBM] [Info] 506.277425 seconds elapsed, finished iteration 414
[LightGBM] [Debug] Trained a tree with leaves = 255 and depth = 27
[LightGBM] [Info] Iteration:415, valid_1 auc : 0.955409
[LightGBM] [Info] 507.647948 seconds elapsed, finished iteration 415
[LightGBM] [Debug] Trained a tree with leaves = 255 and depth = 25
[LightGBM] [Info] Iteration:416, valid_1 auc : 0.955413
[LightGBM] [Info] 509.134175 seconds elapsed, finished iteration 416
[LightGBM] [Debug] Trained a tree with leaves = 255 and depth = 31
[LightGBM] [Info] Iteration:417, valid_1 auc : 0.955419
[LightGBM] [Info] 510.536642 seconds elapsed, finished iteration 417
[LightGBM] [Debug] Trained a tree with leaves = 255 and depth = 19
[LightGBM] [Info] Iteration:418, valid_1 auc : 0.955434
[LightGBM] [Info] 511.890056 seconds elapsed, finished iteration 418
[LightGBM] [Debug] Trained a tree with leaves = 255 and depth = 29
[LightGBM] [Info] Iteration:419, valid_1 auc : 0.955435
[LightGBM] [Info] 513.376842 seconds elapsed, finished iteration 419
[LightGBM] [Debug] Trained a tree with leaves = 255 and depth = 20
[LightGBM] [Info] Iteration:420, valid_1 auc : 0.955438
[LightGBM] [Info] 514.737659 seconds elapsed, finished iteration 420
[LightGBM] [Debug] Trained a tree with leaves = 255 and depth = 26
[LightGBM] [Info] Iteration:421, valid_1 auc : 0.955446
[LightGBM] [Info] 516.051833 seconds elapsed, finished iteration 421
[LightGBM] [Debug] Trained a tree with leaves = 255 and depth = 31
[LightGBM] [Info] Iteration:422, valid_1 auc : 0.955448
[LightGBM] [Info] 517.376598 seconds elapsed, finished iteration 422
[LightGBM] [Debug] Trained a tree with leaves = 255 and depth = 28
[LightGBM] [Info] Iteration:423, valid_1 auc : 0.955458
[LightGBM] [Info] 518.690105 seconds elapsed, finished iteration 423
[LightGBM] [Debug] Trained a tree with leaves = 255 and depth = 35
[LightGBM] [Info] Iteration:424, valid_1 auc : 0.955462
[LightGBM] [Info] 520.006482 seconds elapsed, finished iteration 424
[LightGBM] [Debug] Trained a tree with leaves = 255 and depth = 29
[LightGBM] [Info] Iteration:425, valid_1 auc : 0.95546
[LightGBM] [Info] 521.072759 seconds elapsed, finished iteration 425
[LightGBM] [Debug] Trained a tree with leaves = 255 and depth = 41
[LightGBM] [Info] Iteration:426, valid_1 auc : 0.955461
[LightGBM] [Info] 522.276018 seconds elapsed, finished iteration 426
[LightGBM] [Debug] Trained a tree with leaves = 255 and depth = 34
[LightGBM] [Info] Iteration:427, valid_1 auc : 0.955463
[LightGBM] [Info] 523.283240 seconds elapsed, finished iteration 427
[LightGBM] [Debug] Trained a tree with leaves = 255 and depth = 31
[LightGBM] [Info] Iteration:428, valid_1 auc : 0.955465
[LightGBM] [Info] 524.649091 seconds elapsed, finished iteration 428
[LightGBM] [Debug] Trained a tree with leaves = 255 and depth = 28
[LightGBM] [Info] Iteration:429, valid_1 auc : 0.955463
[LightGBM] [Info] 526.062083 seconds elapsed, finished iteration 429
[LightGBM] [Debug] Trained a tree with leaves = 255 and depth = 29
[LightGBM] [Info] Iteration:430, valid_1 auc : 0.955478
[LightGBM] [Info] 527.416004 seconds elapsed, finished iteration 430
[LightGBM] [Debug] Trained a tree with leaves = 255 and depth = 29
[LightGBM] [Info] Iteration:431, valid_1 auc : 0.955489
[LightGBM] [Info] 528.758569 seconds elapsed, finished iteration 431
[LightGBM] [Debug] Trained a tree with leaves = 255 and depth = 34
[LightGBM] [Info] Iteration:432, valid_1 auc : 0.95549
[LightGBM] [Info] 530.144893 seconds elapsed, finished iteration 432
[LightGBM] [Debug] Trained a tree with leaves = 255 and depth = 33
[LightGBM] [Info] Iteration:433, valid_1 auc : 0.955492
[LightGBM] [Info] 531.423819 seconds elapsed, finished iteration 433
[LightGBM] [Debug] Trained a tree with leaves = 255 and depth = 31
[LightGBM] [Info] Iteration:434, valid_1 auc : 0.955494
[LightGBM] [Info] 532.456198 seconds elapsed, finished iteration 434
[LightGBM] [Debug] Trained a tree with leaves = 255 and depth = 33
[LightGBM] [Info] Iteration:435, valid_1 auc : 0.955491
[LightGBM] [Info] 533.826586 seconds elapsed, finished iteration 435
[LightGBM] [Debug] Trained a tree with leaves = 255 and depth = 29
[LightGBM] [Info] Iteration:436, valid_1 auc : 0.955495
[LightGBM] [Info] 535.000405 seconds elapsed, finished iteration 436
[LightGBM] [Debug] Trained a tree with leaves = 255 and depth = 23
[LightGBM] [Info] Iteration:437, valid_1 auc : 0.9555
[LightGBM] [Info] 536.133622 seconds elapsed, finished iteration 437
[LightGBM] [Debug] Trained a tree with leaves = 255 and depth = 26
[LightGBM] [Info] Iteration:438, valid_1 auc : 0.955494
[LightGBM] [Info] 537.528455 seconds elapsed, finished iteration 438
[LightGBM] [Debug] Trained a tree with leaves = 255 and depth = 24
[LightGBM] [Info] Iteration:439, valid_1 auc : 0.955468
[LightGBM] [Info] 538.865627 seconds elapsed, finished iteration 439
[LightGBM] [Debug] Trained a tree with leaves = 255 and depth = 33
[LightGBM] [Info] Iteration:440, valid_1 auc : 0.955466
[LightGBM] [Info] 540.274598 seconds elapsed, finished iteration 440
[LightGBM] [Debug] Trained a tree with leaves = 255 and depth = 20
[LightGBM] [Info] Iteration:441, valid_1 auc : 0.955467
[LightGBM] [Info] 541.745418 seconds elapsed, finished iteration 441
[LightGBM] [Debug] Trained a tree with leaves = 255 and depth = 20
[LightGBM] [Info] Iteration:442, valid_1 auc : 0.955466
[LightGBM] [Info] 543.111713 seconds elapsed, finished iteration 442
[LightGBM] [Debug] Trained a tree with leaves = 255 and depth = 47
[LightGBM] [Info] Iteration:443, valid_1 auc : 0.955468
[LightGBM] [Info] 544.222991 seconds elapsed, finished iteration 443
[LightGBM] [Debug] Trained a tree with leaves = 255 and depth = 26
[LightGBM] [Info] Iteration:444, valid_1 auc : 0.95547
[LightGBM] [Info] 545.532741 seconds elapsed, finished iteration 444
[LightGBM] [Debug] Trained a tree with leaves = 255 and depth = 28
[LightGBM] [Info] Iteration:445, valid_1 auc : 0.955471
[LightGBM] [Info] 546.976876 seconds elapsed, finished iteration 445
[LightGBM] [Debug] Trained a tree with leaves = 255 and depth = 24
[LightGBM] [Info] Iteration:446, valid_1 auc : 0.955473
[LightGBM] [Info] 548.394495 seconds elapsed, finished iteration 446
[LightGBM] [Debug] Trained a tree with leaves = 255 and depth = 24
[LightGBM] [Info] Iteration:447, valid_1 auc : 0.955454
[LightGBM] [Info] 549.817085 seconds elapsed, finished iteration 447
[LightGBM] [Debug] Trained a tree with leaves = 255 and depth = 29
[LightGBM] [Info] Iteration:448, valid_1 auc : 0.955451
[LightGBM] [Info] 551.246610 seconds elapsed, finished iteration 448
[LightGBM] [Debug] Trained a tree with leaves = 255 and depth = 32
[LightGBM] [Info] Iteration:449, valid_1 auc : 0.955428
[LightGBM] [Info] 552.736940 seconds elapsed, finished iteration 449
[LightGBM] [Debug] Trained a tree with leaves = 255 and depth = 27
[LightGBM] [Info] Iteration:450, valid_1 auc : 0.95542
[LightGBM] [Info] 554.093022 seconds elapsed, finished iteration 450
[LightGBM] [Debug] Trained a tree with leaves = 255 and depth = 20
[LightGBM] [Info] Iteration:451, valid_1 auc : 0.955397
[LightGBM] [Info] 555.467519 seconds elapsed, finished iteration 451
[LightGBM] [Debug] Trained a tree with leaves = 255 and depth = 21
[LightGBM] [Info] Iteration:452, valid_1 auc : 0.955379
[LightGBM] [Info] 556.857517 seconds elapsed, finished iteration 452
[LightGBM] [Debug] Trained a tree with leaves = 255 and depth = 20
[LightGBM] [Info] Iteration:453, valid_1 auc : 0.955362
[LightGBM] [Info] 558.274784 seconds elapsed, finished iteration 453
[LightGBM] [Debug] Trained a tree with leaves = 255 and depth = 21
[LightGBM] [Info] Iteration:454, valid_1 auc : 0.95535
[LightGBM] [Info] 559.698531 seconds elapsed, finished iteration 454
[LightGBM] [Debug] Trained a tree with leaves = 255 and depth = 25
[LightGBM] [Info] Iteration:455, valid_1 auc : 0.955344
[LightGBM] [Info] 561.142145 seconds elapsed, finished iteration 455
[LightGBM] [Debug] Trained a tree with leaves = 255 and depth = 22
[LightGBM] [Info] Iteration:456, valid_1 auc : 0.955336
[LightGBM] [Info] 562.542279 seconds elapsed, finished iteration 456
[LightGBM] [Debug] Trained a tree with leaves = 255 and depth = 21
[LightGBM] [Info] Iteration:457, valid_1 auc : 0.955327
[LightGBM] [Info] 563.893400 seconds elapsed, finished iteration 457
[LightGBM] [Debug] Trained a tree with leaves = 255 and depth = 22
[LightGBM] [Info] Iteration:458, valid_1 auc : 0.955319
[LightGBM] [Info] 565.294417 seconds elapsed, finished iteration 458
[LightGBM] [Debug] Trained a tree with leaves = 255 and depth = 22
[LightGBM] [Info] Iteration:459, valid_1 auc : 0.955314
[LightGBM] [Info] 566.685870 seconds elapsed, finished iteration 459
[LightGBM] [Debug] Trained a tree with leaves = 255 and depth = 31
[LightGBM] [Info] Iteration:460, valid_1 auc : 0.955309
[LightGBM] [Info] 568.090762 seconds elapsed, finished iteration 460
[LightGBM] [Debug] Trained a tree with leaves = 255 and depth = 33
[LightGBM] [Info] Iteration:461, valid_1 auc : 0.955301
[LightGBM] [Info] 569.523274 seconds elapsed, finished iteration 461
[LightGBM] [Debug] Trained a tree with leaves = 255 and depth = 21
[LightGBM] [Info] Iteration:462, valid_1 auc : 0.955295
[LightGBM] [Info] 570.903557 seconds elapsed, finished iteration 462
[LightGBM] [Debug] Trained a tree with leaves = 255 and depth = 24
[LightGBM] [Info] Iteration:463, valid_1 auc : 0.955291
[LightGBM] [Info] 572.339049 seconds elapsed, finished iteration 463
[LightGBM] [Debug] Trained a tree with leaves = 255 and depth = 20
[LightGBM] [Info] Iteration:464, valid_1 auc : 0.95528
[LightGBM] [Info] 573.697701 seconds elapsed, finished iteration 464
[LightGBM] [Debug] Trained a tree with leaves = 255 and depth = 31
[LightGBM] [Info] Iteration:465, valid_1 auc : 0.955278
[LightGBM] [Info] 574.728903 seconds elapsed, finished iteration 465
[LightGBM] [Debug] Trained a tree with leaves = 255 and depth = 26
[LightGBM] [Info] Iteration:466, valid_1 auc : 0.955276
[LightGBM] [Info] 576.175305 seconds elapsed, finished iteration 466
[LightGBM] [Debug] Trained a tree with leaves = 255 and depth = 30
[LightGBM] [Info] Iteration:467, valid_1 auc : 0.955275
[LightGBM] [Info] 577.606482 seconds elapsed, finished iteration 467
[LightGBM] [Debug] Trained a tree with leaves = 255 and depth = 19
[LightGBM] [Info] Iteration:468, valid_1 auc : 0.955273
[LightGBM] [Info] 578.997378 seconds elapsed, finished iteration 468
[LightGBM] [Debug] Trained a tree with leaves = 255 and depth = 21
[LightGBM] [Info] Iteration:469, valid_1 auc : 0.955273
[LightGBM] [Info] 580.077122 seconds elapsed, finished iteration 469
[LightGBM] [Debug] Trained a tree with leaves = 255 and depth = 22
[LightGBM] [Info] Iteration:470, valid_1 auc : 0.955276
[LightGBM] [Info] 581.177299 seconds elapsed, finished iteration 470
[LightGBM] [Debug] Trained a tree with leaves = 255 and depth = 19
[LightGBM] [Info] Iteration:471, valid_1 auc : 0.955278
[LightGBM] [Info] 582.354039 seconds elapsed, finished iteration 471
[LightGBM] [Debug] Trained a tree with leaves = 255 and depth = 20
[LightGBM] [Info] Iteration:472, valid_1 auc : 0.955276
[LightGBM] [Info] 583.439304 seconds elapsed, finished iteration 472
[LightGBM] [Debug] Trained a tree with leaves = 255 and depth = 19
[LightGBM] [Info] Iteration:473, valid_1 auc : 0.955274
[LightGBM] [Info] 584.506117 seconds elapsed, finished iteration 473
[LightGBM] [Debug] Trained a tree with leaves = 255 and depth = 22
[LightGBM] [Info] Iteration:474, valid_1 auc : 0.955269
[LightGBM] [Info] 585.536806 seconds elapsed, finished iteration 474
[LightGBM] [Debug] Trained a tree with leaves = 255 and depth = 22
[LightGBM] [Info] Iteration:475, valid_1 auc : 0.955266
[LightGBM] [Info] 586.920520 seconds elapsed, finished iteration 475
[LightGBM] [Debug] Trained a tree with leaves = 255 and depth = 21
[LightGBM] [Info] Iteration:476, valid_1 auc : 0.955263
[LightGBM] [Info] 588.267893 seconds elapsed, finished iteration 476
[LightGBM] [Debug] Trained a tree with leaves = 255 and depth = 20
[LightGBM] [Info] Iteration:477, valid_1 auc : 0.955268
[LightGBM] [Info] 589.530609 seconds elapsed, finished iteration 477
[LightGBM] [Debug] Trained a tree with leaves = 255 and depth = 19
[LightGBM] [Info] Iteration:478, valid_1 auc : 0.955268
[LightGBM] [Info] 590.908481 seconds elapsed, finished iteration 478
[LightGBM] [Debug] Trained a tree with leaves = 255 and depth = 20
[LightGBM] [Info] Iteration:479, valid_1 auc : 0.95527
[LightGBM] [Info] 592.366789 seconds elapsed, finished iteration 479
[LightGBM] [Debug] Trained a tree with leaves = 255 and depth = 20
[LightGBM] [Info] Iteration:480, valid_1 auc : 0.955269
[LightGBM] [Info] 593.525330 seconds elapsed, finished iteration 480
[LightGBM] [Debug] Trained a tree with leaves = 255 and depth = 20
[LightGBM] [Info] Iteration:481, valid_1 auc : 0.955268
[LightGBM] [Info] 594.681436 seconds elapsed, finished iteration 481
[LightGBM] [Debug] Trained a tree with leaves = 255 and depth = 19
[LightGBM] [Info] Iteration:482, valid_1 auc : 0.955267
[LightGBM] [Info] 596.086896 seconds elapsed, finished iteration 482
[LightGBM] [Debug] Trained a tree with leaves = 255 and depth = 20
[LightGBM] [Info] Iteration:483, valid_1 auc : 0.955265
[LightGBM] [Info] 597.482545 seconds elapsed, finished iteration 483
[LightGBM] [Debug] Trained a tree with leaves = 255 and depth = 20
[LightGBM] [Info] Iteration:484, valid_1 auc : 0.955266
[LightGBM] [Info] 598.962589 seconds elapsed, finished iteration 484
[LightGBM] [Debug] Trained a tree with leaves = 255 and depth = 24
[LightGBM] [Info] Iteration:485, valid_1 auc : 0.95527
[LightGBM] [Info] 600.301327 seconds elapsed, finished iteration 485
[LightGBM] [Debug] Trained a tree with leaves = 255 and depth = 21
[LightGBM] [Info] Iteration:486, valid_1 auc : 0.95527
[LightGBM] [Info] 601.668582 seconds elapsed, finished iteration 486
[LightGBM] [Debug] Trained a tree with leaves = 255 and depth = 21
[LightGBM] [Info] Iteration:487, valid_1 auc : 0.955273
[LightGBM] [Info] 603.014201 seconds elapsed, finished iteration 487
[LightGBM] [Debug] Trained a tree with leaves = 255 and depth = 19
[LightGBM] [Info] Iteration:488, valid_1 auc : 0.955273
[LightGBM] [Info] 604.442955 seconds elapsed, finished iteration 488
[LightGBM] [Debug] Trained a tree with leaves = 255 and depth = 20
[LightGBM] [Info] Iteration:489, valid_1 auc : 0.955272
[LightGBM] [Info] 605.931673 seconds elapsed, finished iteration 489
[LightGBM] [Debug] Trained a tree with leaves = 255 and depth = 22
[LightGBM] [Info] Iteration:490, valid_1 auc : 0.955271
[LightGBM] [Info] 607.099426 seconds elapsed, finished iteration 490
[LightGBM] [Debug] Trained a tree with leaves = 255 and depth = 18
[LightGBM] [Info] Iteration:491, valid_1 auc : 0.955268
[LightGBM] [Info] 608.195567 seconds elapsed, finished iteration 491
[LightGBM] [Debug] Trained a tree with leaves = 255 and depth = 18
[LightGBM] [Info] Iteration:492, valid_1 auc : 0.955273
[LightGBM] [Info] 609.508004 seconds elapsed, finished iteration 492
[LightGBM] [Debug] Trained a tree with leaves = 255 and depth = 20
[LightGBM] [Info] Iteration:493, valid_1 auc : 0.955278
[LightGBM] [Info] 611.034347 seconds elapsed, finished iteration 493
[LightGBM] [Debug] Trained a tree with leaves = 255 and depth = 18
[LightGBM] [Info] Iteration:494, valid_1 auc : 0.95528
[LightGBM] [Info] 612.503550 seconds elapsed, finished iteration 494
[LightGBM] [Debug] Trained a tree with leaves = 255 and depth = 20
[LightGBM] [Info] Iteration:495, valid_1 auc : 0.955281
[LightGBM] [Info] 613.760209 seconds elapsed, finished iteration 495
[LightGBM] [Debug] Trained a tree with leaves = 255 and depth = 20
[LightGBM] [Info] Iteration:496, valid_1 auc : 0.95528
[LightGBM] [Info] 615.176437 seconds elapsed, finished iteration 496
[LightGBM] [Debug] Trained a tree with leaves = 255 and depth = 24
[LightGBM] [Info] Iteration:497, valid_1 auc : 0.955281
[LightGBM] [Info] 616.673657 seconds elapsed, finished iteration 497
[LightGBM] [Debug] Trained a tree with leaves = 255 and depth = 23
[LightGBM] [Info] Iteration:498, valid_1 auc : 0.955282
[LightGBM] [Info] 617.878157 seconds elapsed, finished iteration 498
[LightGBM] [Debug] Trained a tree with leaves = 255 and depth = 18
[LightGBM] [Info] Iteration:499, valid_1 auc : 0.955283
[LightGBM] [Info] 619.019881 seconds elapsed, finished iteration 499
[LightGBM] [Debug] Trained a tree with leaves = 255 and depth = 27
[LightGBM] [Info] Iteration:500, valid_1 auc : 0.955286
[LightGBM] [Info] 620.426354 seconds elapsed, finished iteration 500
[LightGBM] [Info] Finished training
