[LightGBM] [Warning] use_discretized_grad is set=true, use_discretized_grad=true will be ignored. Current value: use_discretized_grad=true
[LightGBM] [Warning] discretized_grad_renew is set=true, discretized_grad_renew=true will be ignored. Current value: discretized_grad_renew=true
[LightGBM] [Info] Finished loading parameters
[LightGBM] [Debug] Loading train file...
[LightGBM] [Info] Construct bin mappers from text data time 0.66 seconds
[LightGBM] [Debug] Loading validation file #1...
[LightGBM] [Info] Finished loading data in 16.679111 seconds
[LightGBM] [Info] Number of positive: 5564616, number of negative: 4935384
[LightGBM] [Debug] Dataset::GetMultiBinFromAllFeatures: sparse rate 0.078935
[LightGBM] [Info] Total Bins 6132
[LightGBM] [Info] Number of data points in the train set: 10500000, number of used features: 28
[LightGBM] [Debug] Number of data points in validation set #1: 500000
[LightGBM] [Info] Finished initializing training
[LightGBM] [Info] Started training...
[LightGBM] [Info] [binary:BoostFromScore]: pavg=0.529963 -> initscore=0.119997
[LightGBM] [Info] Start training from score 0.119997
[LightGBM] [Debug] Trained a tree with leaves = 255 and depth = 13
[LightGBM] [Info] Iteration:1, valid_1 auc : 0.771437
[LightGBM] [Info] 0.566080 seconds elapsed, finished iteration 1
[LightGBM] [Debug] Trained a tree with leaves = 255 and depth = 14
[LightGBM] [Info] Iteration:2, valid_1 auc : 0.777229
[LightGBM] [Info] 1.117767 seconds elapsed, finished iteration 2
[LightGBM] [Debug] Trained a tree with leaves = 255 and depth = 13
[LightGBM] [Info] Iteration:3, valid_1 auc : 0.781197
[LightGBM] [Info] 1.678002 seconds elapsed, finished iteration 3
[LightGBM] [Debug] Trained a tree with leaves = 255 and depth = 13
[LightGBM] [Info] Iteration:4, valid_1 auc : 0.78366
[LightGBM] [Info] 2.267300 seconds elapsed, finished iteration 4
[LightGBM] [Debug] Trained a tree with leaves = 255 and depth = 15
[LightGBM] [Info] Iteration:5, valid_1 auc : 0.78614
[LightGBM] [Info] 2.876500 seconds elapsed, finished iteration 5
[LightGBM] [Debug] Trained a tree with leaves = 255 and depth = 13
[LightGBM] [Info] Iteration:6, valid_1 auc : 0.788004
[LightGBM] [Info] 3.538194 seconds elapsed, finished iteration 6
[LightGBM] [Debug] Trained a tree with leaves = 255 and depth = 15
[LightGBM] [Info] Iteration:7, valid_1 auc : 0.790164
[LightGBM] [Info] 4.158859 seconds elapsed, finished iteration 7
[LightGBM] [Debug] Trained a tree with leaves = 255 and depth = 14
[LightGBM] [Info] Iteration:8, valid_1 auc : 0.791566
[LightGBM] [Info] 4.716511 seconds elapsed, finished iteration 8
[LightGBM] [Debug] Trained a tree with leaves = 255 and depth = 14
[LightGBM] [Info] Iteration:9, valid_1 auc : 0.79324
[LightGBM] [Info] 5.305492 seconds elapsed, finished iteration 9
[LightGBM] [Debug] Trained a tree with leaves = 255 and depth = 14
[LightGBM] [Info] Iteration:10, valid_1 auc : 0.794581
[LightGBM] [Info] 5.865518 seconds elapsed, finished iteration 10
[LightGBM] [Debug] Trained a tree with leaves = 255 and depth = 14
[LightGBM] [Info] Iteration:11, valid_1 auc : 0.795815
[LightGBM] [Info] 6.439248 seconds elapsed, finished iteration 11
[LightGBM] [Debug] Trained a tree with leaves = 255 and depth = 14
[LightGBM] [Info] Iteration:12, valid_1 auc : 0.796917
[LightGBM] [Info] 7.111533 seconds elapsed, finished iteration 12
[LightGBM] [Debug] Trained a tree with leaves = 255 and depth = 14
[LightGBM] [Info] Iteration:13, valid_1 auc : 0.797888
[LightGBM] [Info] 7.757954 seconds elapsed, finished iteration 13
[LightGBM] [Debug] Trained a tree with leaves = 255 and depth = 17
[LightGBM] [Info] Iteration:14, valid_1 auc : 0.799209
[LightGBM] [Info] 8.387841 seconds elapsed, finished iteration 14
[LightGBM] [Debug] Trained a tree with leaves = 255 and depth = 14
[LightGBM] [Info] Iteration:15, valid_1 auc : 0.800228
[LightGBM] [Info] 8.985247 seconds elapsed, finished iteration 15
[LightGBM] [Debug] Trained a tree with leaves = 255 and depth = 14
[LightGBM] [Info] Iteration:16, valid_1 auc : 0.801238
[LightGBM] [Info] 9.613715 seconds elapsed, finished iteration 16
[LightGBM] [Debug] Trained a tree with leaves = 255 and depth = 15
[LightGBM] [Info] Iteration:17, valid_1 auc : 0.802244
[LightGBM] [Info] 10.277132 seconds elapsed, finished iteration 17
[LightGBM] [Debug] Trained a tree with leaves = 255 and depth = 15
[LightGBM] [Info] Iteration:18, valid_1 auc : 0.803687
[LightGBM] [Info] 10.831455 seconds elapsed, finished iteration 18
[LightGBM] [Debug] Trained a tree with leaves = 255 and depth = 16
[LightGBM] [Info] Iteration:19, valid_1 auc : 0.804549
[LightGBM] [Info] 11.374136 seconds elapsed, finished iteration 19
[LightGBM] [Debug] Trained a tree with leaves = 255 and depth = 14
[LightGBM] [Info] Iteration:20, valid_1 auc : 0.805336
[LightGBM] [Info] 11.952659 seconds elapsed, finished iteration 20
[LightGBM] [Debug] Trained a tree with leaves = 255 and depth = 15
[LightGBM] [Info] Iteration:21, valid_1 auc : 0.806419
[LightGBM] [Info] 12.523711 seconds elapsed, finished iteration 21
[LightGBM] [Debug] Trained a tree with leaves = 255 and depth = 16
[LightGBM] [Info] Iteration:22, valid_1 auc : 0.807207
[LightGBM] [Info] 13.117992 seconds elapsed, finished iteration 22
[LightGBM] [Debug] Trained a tree with leaves = 255 and depth = 16
[LightGBM] [Info] Iteration:23, valid_1 auc : 0.808197
[LightGBM] [Info] 13.732944 seconds elapsed, finished iteration 23
[LightGBM] [Debug] Trained a tree with leaves = 255 and depth = 17
[LightGBM] [Info] Iteration:24, valid_1 auc : 0.808927
[LightGBM] [Info] 14.324080 seconds elapsed, finished iteration 24
[LightGBM] [Debug] Trained a tree with leaves = 255 and depth = 18
[LightGBM] [Info] Iteration:25, valid_1 auc : 0.809696
[LightGBM] [Info] 14.891390 seconds elapsed, finished iteration 25
[LightGBM] [Debug] Trained a tree with leaves = 255 and depth = 16
[LightGBM] [Info] Iteration:26, valid_1 auc : 0.810424
[LightGBM] [Info] 15.509538 seconds elapsed, finished iteration 26
[LightGBM] [Debug] Trained a tree with leaves = 255 and depth = 17
[LightGBM] [Info] Iteration:27, valid_1 auc : 0.811072
[LightGBM] [Info] 16.147247 seconds elapsed, finished iteration 27
[LightGBM] [Debug] Trained a tree with leaves = 255 and depth = 18
[LightGBM] [Info] Iteration:28, valid_1 auc : 0.811723
[LightGBM] [Info] 16.731195 seconds elapsed, finished iteration 28
[LightGBM] [Debug] Trained a tree with leaves = 255 and depth = 17
[LightGBM] [Info] Iteration:29, valid_1 auc : 0.812276
[LightGBM] [Info] 17.296234 seconds elapsed, finished iteration 29
[LightGBM] [Debug] Trained a tree with leaves = 255 and depth = 17
[LightGBM] [Info] Iteration:30, valid_1 auc : 0.812872
[LightGBM] [Info] 17.979160 seconds elapsed, finished iteration 30
[LightGBM] [Debug] Trained a tree with leaves = 255 and depth = 17
[LightGBM] [Info] Iteration:31, valid_1 auc : 0.813549
[LightGBM] [Info] 18.557997 seconds elapsed, finished iteration 31
[LightGBM] [Debug] Trained a tree with leaves = 255 and depth = 18
[LightGBM] [Info] Iteration:32, valid_1 auc : 0.814057
[LightGBM] [Info] 19.193287 seconds elapsed, finished iteration 32
[LightGBM] [Debug] Trained a tree with leaves = 255 and depth = 18
[LightGBM] [Info] Iteration:33, valid_1 auc : 0.814557
[LightGBM] [Info] 19.834071 seconds elapsed, finished iteration 33
[LightGBM] [Debug] Trained a tree with leaves = 255 and depth = 18
[LightGBM] [Info] Iteration:34, valid_1 auc : 0.815089
[LightGBM] [Info] 20.417004 seconds elapsed, finished iteration 34
[LightGBM] [Debug] Trained a tree with leaves = 255 and depth = 20
[LightGBM] [Info] Iteration:35, valid_1 auc : 0.815608
[LightGBM] [Info] 20.944597 seconds elapsed, finished iteration 35
[LightGBM] [Debug] Trained a tree with leaves = 255 and depth = 20
[LightGBM] [Info] Iteration:36, valid_1 auc : 0.816101
[LightGBM] [Info] 21.538005 seconds elapsed, finished iteration 36
[LightGBM] [Debug] Trained a tree with leaves = 255 and depth = 20
[LightGBM] [Info] Iteration:37, valid_1 auc : 0.816526
[LightGBM] [Info] 22.065275 seconds elapsed, finished iteration 37
[LightGBM] [Debug] Trained a tree with leaves = 255 and depth = 17
[LightGBM] [Info] Iteration:38, valid_1 auc : 0.81696
[LightGBM] [Info] 22.613608 seconds elapsed, finished iteration 38
[LightGBM] [Debug] Trained a tree with leaves = 255 and depth = 15
[LightGBM] [Info] Iteration:39, valid_1 auc : 0.81738
[LightGBM] [Info] 23.236124 seconds elapsed, finished iteration 39
[LightGBM] [Debug] Trained a tree with leaves = 255 and depth = 18
[LightGBM] [Info] Iteration:40, valid_1 auc : 0.817791
[LightGBM] [Info] 23.835506 seconds elapsed, finished iteration 40
[LightGBM] [Debug] Trained a tree with leaves = 255 and depth = 21
[LightGBM] [Info] Iteration:41, valid_1 auc : 0.818247
[LightGBM] [Info] 24.354109 seconds elapsed, finished iteration 41
[LightGBM] [Debug] Trained a tree with leaves = 255 and depth = 18
[LightGBM] [Info] Iteration:42, valid_1 auc : 0.818561
[LightGBM] [Info] 24.984827 seconds elapsed, finished iteration 42
[LightGBM] [Debug] Trained a tree with leaves = 255 and depth = 21
[LightGBM] [Info] Iteration:43, valid_1 auc : 0.818949
[LightGBM] [Info] 25.552573 seconds elapsed, finished iteration 43
[LightGBM] [Debug] Trained a tree with leaves = 255 and depth = 17
[LightGBM] [Info] Iteration:44, valid_1 auc : 0.819328
[LightGBM] [Info] 26.117060 seconds elapsed, finished iteration 44
[LightGBM] [Debug] Trained a tree with leaves = 255 and depth = 21
[LightGBM] [Info] Iteration:45, valid_1 auc : 0.819677
[LightGBM] [Info] 26.672549 seconds elapsed, finished iteration 45
[LightGBM] [Debug] Trained a tree with leaves = 255 and depth = 17
[LightGBM] [Info] Iteration:46, valid_1 auc : 0.820032
[LightGBM] [Info] 27.238081 seconds elapsed, finished iteration 46
[LightGBM] [Debug] Trained a tree with leaves = 255 and depth = 19
[LightGBM] [Info] Iteration:47, valid_1 auc : 0.820325
[LightGBM] [Info] 27.794497 seconds elapsed, finished iteration 47
[LightGBM] [Debug] Trained a tree with leaves = 255 and depth = 16
[LightGBM] [Info] Iteration:48, valid_1 auc : 0.820618
[LightGBM] [Info] 28.360726 seconds elapsed, finished iteration 48
[LightGBM] [Debug] Trained a tree with leaves = 255 and depth = 22
[LightGBM] [Info] Iteration:49, valid_1 auc : 0.820948
[LightGBM] [Info] 28.907802 seconds elapsed, finished iteration 49
[LightGBM] [Debug] Trained a tree with leaves = 255 and depth = 22
[LightGBM] [Info] Iteration:50, valid_1 auc : 0.821301
[LightGBM] [Info] 29.439352 seconds elapsed, finished iteration 50
[LightGBM] [Debug] Trained a tree with leaves = 255 and depth = 21
[LightGBM] [Info] Iteration:51, valid_1 auc : 0.821698
[LightGBM] [Info] 29.995566 seconds elapsed, finished iteration 51
[LightGBM] [Debug] Trained a tree with leaves = 255 and depth = 18
[LightGBM] [Info] Iteration:52, valid_1 auc : 0.821965
[LightGBM] [Info] 30.599416 seconds elapsed, finished iteration 52
[LightGBM] [Debug] Trained a tree with leaves = 255 and depth = 22
[LightGBM] [Info] Iteration:53, valid_1 auc : 0.822297
[LightGBM] [Info] 31.163091 seconds elapsed, finished iteration 53
[LightGBM] [Debug] Trained a tree with leaves = 255 and depth = 19
[LightGBM] [Info] Iteration:54, valid_1 auc : 0.822549
[LightGBM] [Info] 31.721483 seconds elapsed, finished iteration 54
[LightGBM] [Debug] Trained a tree with leaves = 255 and depth = 19
[LightGBM] [Info] Iteration:55, valid_1 auc : 0.822798
[LightGBM] [Info] 32.303718 seconds elapsed, finished iteration 55
[LightGBM] [Debug] Trained a tree with leaves = 255 and depth = 15
[LightGBM] [Info] Iteration:56, valid_1 auc : 0.82315
[LightGBM] [Info] 32.842897 seconds elapsed, finished iteration 56
[LightGBM] [Debug] Trained a tree with leaves = 255 and depth = 17
[LightGBM] [Info] Iteration:57, valid_1 auc : 0.82342
[LightGBM] [Info] 33.382998 seconds elapsed, finished iteration 57
[LightGBM] [Debug] Trained a tree with leaves = 255 and depth = 15
[LightGBM] [Info] Iteration:58, valid_1 auc : 0.823703
[LightGBM] [Info] 33.911806 seconds elapsed, finished iteration 58
[LightGBM] [Debug] Trained a tree with leaves = 255 and depth = 22
[LightGBM] [Info] Iteration:59, valid_1 auc : 0.823962
[LightGBM] [Info] 34.455215 seconds elapsed, finished iteration 59
[LightGBM] [Debug] Trained a tree with leaves = 255 and depth = 19
[LightGBM] [Info] Iteration:60, valid_1 auc : 0.824173
[LightGBM] [Info] 34.959295 seconds elapsed, finished iteration 60
[LightGBM] [Debug] Trained a tree with leaves = 255 and depth = 27
[LightGBM] [Info] Iteration:61, valid_1 auc : 0.82448
[LightGBM] [Info] 35.520311 seconds elapsed, finished iteration 61
[LightGBM] [Debug] Trained a tree with leaves = 255 and depth = 20
[LightGBM] [Info] Iteration:62, valid_1 auc : 0.824731
[LightGBM] [Info] 36.014564 seconds elapsed, finished iteration 62
[LightGBM] [Debug] Trained a tree with leaves = 255 and depth = 16
[LightGBM] [Info] Iteration:63, valid_1 auc : 0.824936
[LightGBM] [Info] 36.559567 seconds elapsed, finished iteration 63
[LightGBM] [Debug] Trained a tree with leaves = 255 and depth = 22
[LightGBM] [Info] Iteration:64, valid_1 auc : 0.825209
[LightGBM] [Info] 37.060112 seconds elapsed, finished iteration 64
[LightGBM] [Debug] Trained a tree with leaves = 255 and depth = 24
[LightGBM] [Info] Iteration:65, valid_1 auc : 0.825429
[LightGBM] [Info] 37.576954 seconds elapsed, finished iteration 65
[LightGBM] [Debug] Trained a tree with leaves = 255 and depth = 19
[LightGBM] [Info] Iteration:66, valid_1 auc : 0.825639
[LightGBM] [Info] 38.085250 seconds elapsed, finished iteration 66
[LightGBM] [Debug] Trained a tree with leaves = 255 and depth = 20
[LightGBM] [Info] Iteration:67, valid_1 auc : 0.825845
[LightGBM] [Info] 38.603431 seconds elapsed, finished iteration 67
[LightGBM] [Debug] Trained a tree with leaves = 255 and depth = 27
[LightGBM] [Info] Iteration:68, valid_1 auc : 0.826112
[LightGBM] [Info] 39.106270 seconds elapsed, finished iteration 68
[LightGBM] [Debug] Trained a tree with leaves = 255 and depth = 23
[LightGBM] [Info] Iteration:69, valid_1 auc : 0.826317
[LightGBM] [Info] 39.673865 seconds elapsed, finished iteration 69
[LightGBM] [Debug] Trained a tree with leaves = 255 and depth = 20
[LightGBM] [Info] Iteration:70, valid_1 auc : 0.826526
[LightGBM] [Info] 40.214854 seconds elapsed, finished iteration 70
[LightGBM] [Debug] Trained a tree with leaves = 255 and depth = 19
[LightGBM] [Info] Iteration:71, valid_1 auc : 0.826702
[LightGBM] [Info] 40.827652 seconds elapsed, finished iteration 71
[LightGBM] [Debug] Trained a tree with leaves = 255 and depth = 19
[LightGBM] [Info] Iteration:72, valid_1 auc : 0.826999
[LightGBM] [Info] 41.379518 seconds elapsed, finished iteration 72
[LightGBM] [Debug] Trained a tree with leaves = 255 and depth = 18
[LightGBM] [Info] Iteration:73, valid_1 auc : 0.827189
[LightGBM] [Info] 41.932612 seconds elapsed, finished iteration 73
[LightGBM] [Debug] Trained a tree with leaves = 255 and depth = 19
[LightGBM] [Info] Iteration:74, valid_1 auc : 0.827397
[LightGBM] [Info] 42.504713 seconds elapsed, finished iteration 74
[LightGBM] [Debug] Trained a tree with leaves = 255 and depth = 20
[LightGBM] [Info] Iteration:75, valid_1 auc : 0.82756
[LightGBM] [Info] 43.034754 seconds elapsed, finished iteration 75
[LightGBM] [Debug] Trained a tree with leaves = 255 and depth = 26
[LightGBM] [Info] Iteration:76, valid_1 auc : 0.827802
[LightGBM] [Info] 43.558742 seconds elapsed, finished iteration 76
[LightGBM] [Debug] Trained a tree with leaves = 255 and depth = 21
[LightGBM] [Info] Iteration:77, valid_1 auc : 0.827987
[LightGBM] [Info] 44.084090 seconds elapsed, finished iteration 77
[LightGBM] [Debug] Trained a tree with leaves = 255 and depth = 21
[LightGBM] [Info] Iteration:78, valid_1 auc : 0.828144
[LightGBM] [Info] 44.638863 seconds elapsed, finished iteration 78
[LightGBM] [Debug] Trained a tree with leaves = 255 and depth = 20
[LightGBM] [Info] Iteration:79, valid_1 auc : 0.828295
[LightGBM] [Info] 45.218186 seconds elapsed, finished iteration 79
[LightGBM] [Debug] Trained a tree with leaves = 255 and depth = 26
[LightGBM] [Info] Iteration:80, valid_1 auc : 0.82847
[LightGBM] [Info] 45.774671 seconds elapsed, finished iteration 80
[LightGBM] [Debug] Trained a tree with leaves = 255 and depth = 20
[LightGBM] [Info] Iteration:81, valid_1 auc : 0.828647
[LightGBM] [Info] 46.307631 seconds elapsed, finished iteration 81
[LightGBM] [Debug] Trained a tree with leaves = 255 and depth = 19
[LightGBM] [Info] Iteration:82, valid_1 auc : 0.828836
[LightGBM] [Info] 46.841016 seconds elapsed, finished iteration 82
[LightGBM] [Debug] Trained a tree with leaves = 255 and depth = 15
[LightGBM] [Info] Iteration:83, valid_1 auc : 0.828982
[LightGBM] [Info] 47.368527 seconds elapsed, finished iteration 83
[LightGBM] [Debug] Trained a tree with leaves = 255 and depth = 22
[LightGBM] [Info] Iteration:84, valid_1 auc : 0.829134
[LightGBM] [Info] 47.886194 seconds elapsed, finished iteration 84
[LightGBM] [Debug] Trained a tree with leaves = 255 and depth = 20
[LightGBM] [Info] Iteration:85, valid_1 auc : 0.829365
[LightGBM] [Info] 48.396821 seconds elapsed, finished iteration 85
[LightGBM] [Debug] Trained a tree with leaves = 255 and depth = 22
[LightGBM] [Info] Iteration:86, valid_1 auc : 0.829541
[LightGBM] [Info] 48.916882 seconds elapsed, finished iteration 86
[LightGBM] [Debug] Trained a tree with leaves = 255 and depth = 23
[LightGBM] [Info] Iteration:87, valid_1 auc : 0.829683
[LightGBM] [Info] 49.449673 seconds elapsed, finished iteration 87
[LightGBM] [Debug] Trained a tree with leaves = 255 and depth = 19
[LightGBM] [Info] Iteration:88, valid_1 auc : 0.829833
[LightGBM] [Info] 49.980156 seconds elapsed, finished iteration 88
[LightGBM] [Debug] Trained a tree with leaves = 255 and depth = 18
[LightGBM] [Info] Iteration:89, valid_1 auc : 0.829978
[LightGBM] [Info] 50.562436 seconds elapsed, finished iteration 89
[LightGBM] [Debug] Trained a tree with leaves = 255 and depth = 22
[LightGBM] [Info] Iteration:90, valid_1 auc : 0.83016
[LightGBM] [Info] 51.155902 seconds elapsed, finished iteration 90
[LightGBM] [Debug] Trained a tree with leaves = 255 and depth = 19
[LightGBM] [Info] Iteration:91, valid_1 auc : 0.830289
[LightGBM] [Info] 51.721605 seconds elapsed, finished iteration 91
[LightGBM] [Debug] Trained a tree with leaves = 255 and depth = 19
[LightGBM] [Info] Iteration:92, valid_1 auc : 0.830412
[LightGBM] [Info] 52.261092 seconds elapsed, finished iteration 92
[LightGBM] [Debug] Trained a tree with leaves = 255 and depth = 22
[LightGBM] [Info] Iteration:93, valid_1 auc : 0.830574
[LightGBM] [Info] 52.770712 seconds elapsed, finished iteration 93
[LightGBM] [Debug] Trained a tree with leaves = 255 and depth = 22
[LightGBM] [Info] Iteration:94, valid_1 auc : 0.830676
[LightGBM] [Info] 53.344586 seconds elapsed, finished iteration 94
[LightGBM] [Debug] Trained a tree with leaves = 255 and depth = 17
[LightGBM] [Info] Iteration:95, valid_1 auc : 0.830807
[LightGBM] [Info] 53.938593 seconds elapsed, finished iteration 95
[LightGBM] [Debug] Trained a tree with leaves = 255 and depth = 24
[LightGBM] [Info] Iteration:96, valid_1 auc : 0.830962
[LightGBM] [Info] 54.477848 seconds elapsed, finished iteration 96
[LightGBM] [Debug] Trained a tree with leaves = 255 and depth = 31
[LightGBM] [Info] Iteration:97, valid_1 auc : 0.831109
[LightGBM] [Info] 55.004643 seconds elapsed, finished iteration 97
[LightGBM] [Debug] Trained a tree with leaves = 255 and depth = 17
[LightGBM] [Info] Iteration:98, valid_1 auc : 0.831255
[LightGBM] [Info] 55.535534 seconds elapsed, finished iteration 98
[LightGBM] [Debug] Trained a tree with leaves = 255 and depth = 20
[LightGBM] [Info] Iteration:99, valid_1 auc : 0.831343
[LightGBM] [Info] 56.014307 seconds elapsed, finished iteration 99
[LightGBM] [Debug] Trained a tree with leaves = 255 and depth = 19
[LightGBM] [Info] Iteration:100, valid_1 auc : 0.831541
[LightGBM] [Info] 56.544259 seconds elapsed, finished iteration 100
[LightGBM] [Debug] Trained a tree with leaves = 255 and depth = 20
[LightGBM] [Info] Iteration:101, valid_1 auc : 0.831649
[LightGBM] [Info] 57.010010 seconds elapsed, finished iteration 101
[LightGBM] [Debug] Trained a tree with leaves = 255 and depth = 19
[LightGBM] [Info] Iteration:102, valid_1 auc : 0.831767
[LightGBM] [Info] 57.493215 seconds elapsed, finished iteration 102
[LightGBM] [Debug] Trained a tree with leaves = 255 and depth = 19
[LightGBM] [Info] Iteration:103, valid_1 auc : 0.831883
[LightGBM] [Info] 58.022708 seconds elapsed, finished iteration 103
[LightGBM] [Debug] Trained a tree with leaves = 255 and depth = 20
[LightGBM] [Info] Iteration:104, valid_1 auc : 0.832041
[LightGBM] [Info] 58.538760 seconds elapsed, finished iteration 104
[LightGBM] [Debug] Trained a tree with leaves = 255 and depth = 26
[LightGBM] [Info] Iteration:105, valid_1 auc : 0.832179
[LightGBM] [Info] 59.003133 seconds elapsed, finished iteration 105
[LightGBM] [Debug] Trained a tree with leaves = 255 and depth = 18
[LightGBM] [Info] Iteration:106, valid_1 auc : 0.832335
[LightGBM] [Info] 59.512787 seconds elapsed, finished iteration 106
[LightGBM] [Debug] Trained a tree with leaves = 255 and depth = 18
[LightGBM] [Info] Iteration:107, valid_1 auc : 0.832478
[LightGBM] [Info] 60.059084 seconds elapsed, finished iteration 107
[LightGBM] [Debug] Trained a tree with leaves = 255 and depth = 17
[LightGBM] [Info] Iteration:108, valid_1 auc : 0.832573
[LightGBM] [Info] 60.550696 seconds elapsed, finished iteration 108
[LightGBM] [Debug] Trained a tree with leaves = 255 and depth = 15
[LightGBM] [Info] Iteration:109, valid_1 auc : 0.832704
[LightGBM] [Info] 61.122897 seconds elapsed, finished iteration 109
[LightGBM] [Debug] Trained a tree with leaves = 255 and depth = 15
[LightGBM] [Info] Iteration:110, valid_1 auc : 0.832813
[LightGBM] [Info] 61.704488 seconds elapsed, finished iteration 110
[LightGBM] [Debug] Trained a tree with leaves = 255 and depth = 21
[LightGBM] [Info] Iteration:111, valid_1 auc : 0.832892
[LightGBM] [Info] 62.245166 seconds elapsed, finished iteration 111
[LightGBM] [Debug] Trained a tree with leaves = 255 and depth = 23
[LightGBM] [Info] Iteration:112, valid_1 auc : 0.833028
[LightGBM] [Info] 62.833413 seconds elapsed, finished iteration 112
[LightGBM] [Debug] Trained a tree with leaves = 255 and depth = 23
[LightGBM] [Info] Iteration:113, valid_1 auc : 0.833143
[LightGBM] [Info] 63.446787 seconds elapsed, finished iteration 113
[LightGBM] [Debug] Trained a tree with leaves = 255 and depth = 21
[LightGBM] [Info] Iteration:114, valid_1 auc : 0.833229
[LightGBM] [Info] 63.935021 seconds elapsed, finished iteration 114
[LightGBM] [Debug] Trained a tree with leaves = 255 and depth = 26
[LightGBM] [Info] Iteration:115, valid_1 auc : 0.833389
[LightGBM] [Info] 64.457782 seconds elapsed, finished iteration 115
[LightGBM] [Debug] Trained a tree with leaves = 255 and depth = 27
[LightGBM] [Info] Iteration:116, valid_1 auc : 0.833519
[LightGBM] [Info] 64.981209 seconds elapsed, finished iteration 116
[LightGBM] [Debug] Trained a tree with leaves = 255 and depth = 27
[LightGBM] [Info] Iteration:117, valid_1 auc : 0.83363
[LightGBM] [Info] 65.454535 seconds elapsed, finished iteration 117
[LightGBM] [Debug] Trained a tree with leaves = 255 and depth = 16
[LightGBM] [Info] Iteration:118, valid_1 auc : 0.833703
[LightGBM] [Info] 65.991614 seconds elapsed, finished iteration 118
[LightGBM] [Debug] Trained a tree with leaves = 255 and depth = 25
[LightGBM] [Info] Iteration:119, valid_1 auc : 0.833818
[LightGBM] [Info] 66.510220 seconds elapsed, finished iteration 119
[LightGBM] [Debug] Trained a tree with leaves = 255 and depth = 16
[LightGBM] [Info] Iteration:120, valid_1 auc : 0.833898
[LightGBM] [Info] 66.990023 seconds elapsed, finished iteration 120
[LightGBM] [Debug] Trained a tree with leaves = 255 and depth = 20
[LightGBM] [Info] Iteration:121, valid_1 auc : 0.834009
[LightGBM] [Info] 67.528319 seconds elapsed, finished iteration 121
[LightGBM] [Debug] Trained a tree with leaves = 255 and depth = 26
[LightGBM] [Info] Iteration:122, valid_1 auc : 0.834119
[LightGBM] [Info] 68.038591 seconds elapsed, finished iteration 122
[LightGBM] [Debug] Trained a tree with leaves = 255 and depth = 13
[LightGBM] [Info] Iteration:123, valid_1 auc : 0.834262
[LightGBM] [Info] 68.571370 seconds elapsed, finished iteration 123
[LightGBM] [Debug] Trained a tree with leaves = 255 and depth = 23
[LightGBM] [Info] Iteration:124, valid_1 auc : 0.83436
[LightGBM] [Info] 69.005487 seconds elapsed, finished iteration 124
[LightGBM] [Debug] Trained a tree with leaves = 255 and depth = 20
[LightGBM] [Info] Iteration:125, valid_1 auc : 0.834475
[LightGBM] [Info] 69.516977 seconds elapsed, finished iteration 125
[LightGBM] [Debug] Trained a tree with leaves = 255 and depth = 17
[LightGBM] [Info] Iteration:126, valid_1 auc : 0.834555
[LightGBM] [Info] 70.040583 seconds elapsed, finished iteration 126
[LightGBM] [Debug] Trained a tree with leaves = 255 and depth = 15
[LightGBM] [Info] Iteration:127, valid_1 auc : 0.834659
[LightGBM] [Info] 70.623625 seconds elapsed, finished iteration 127
[LightGBM] [Debug] Trained a tree with leaves = 255 and depth = 20
[LightGBM] [Info] Iteration:128, valid_1 auc : 0.834732
[LightGBM] [Info] 71.186576 seconds elapsed, finished iteration 128
[LightGBM] [Debug] Trained a tree with leaves = 255 and depth = 16
[LightGBM] [Info] Iteration:129, valid_1 auc : 0.83485
[LightGBM] [Info] 71.717711 seconds elapsed, finished iteration 129
[LightGBM] [Debug] Trained a tree with leaves = 255 and depth = 25
[LightGBM] [Info] Iteration:130, valid_1 auc : 0.834986
[LightGBM] [Info] 72.233231 seconds elapsed, finished iteration 130
[LightGBM] [Debug] Trained a tree with leaves = 255 and depth = 18
[LightGBM] [Info] Iteration:131, valid_1 auc : 0.835055
[LightGBM] [Info] 72.711040 seconds elapsed, finished iteration 131
[LightGBM] [Debug] Trained a tree with leaves = 255 and depth = 14
[LightGBM] [Info] Iteration:132, valid_1 auc : 0.83514
[LightGBM] [Info] 73.222711 seconds elapsed, finished iteration 132
[LightGBM] [Debug] Trained a tree with leaves = 255 and depth = 19
[LightGBM] [Info] Iteration:133, valid_1 auc : 0.835249
[LightGBM] [Info] 73.708890 seconds elapsed, finished iteration 133
[LightGBM] [Debug] Trained a tree with leaves = 255 and depth = 20
[LightGBM] [Info] Iteration:134, valid_1 auc : 0.835373
[LightGBM] [Info] 74.203453 seconds elapsed, finished iteration 134
[LightGBM] [Debug] Trained a tree with leaves = 255 and depth = 19
[LightGBM] [Info] Iteration:135, valid_1 auc : 0.835443
[LightGBM] [Info] 74.612597 seconds elapsed, finished iteration 135
[LightGBM] [Debug] Trained a tree with leaves = 255 and depth = 21
[LightGBM] [Info] Iteration:136, valid_1 auc : 0.835559
[LightGBM] [Info] 75.111730 seconds elapsed, finished iteration 136
[LightGBM] [Debug] Trained a tree with leaves = 255 and depth = 18
[LightGBM] [Info] Iteration:137, valid_1 auc : 0.835635
[LightGBM] [Info] 75.595345 seconds elapsed, finished iteration 137
[LightGBM] [Debug] Trained a tree with leaves = 255 and depth = 21
[LightGBM] [Info] Iteration:138, valid_1 auc : 0.835724
[LightGBM] [Info] 76.059291 seconds elapsed, finished iteration 138
[LightGBM] [Debug] Trained a tree with leaves = 255 and depth = 19
[LightGBM] [Info] Iteration:139, valid_1 auc : 0.835815
[LightGBM] [Info] 76.446791 seconds elapsed, finished iteration 139
[LightGBM] [Debug] Trained a tree with leaves = 255 and depth = 18
[LightGBM] [Info] Iteration:140, valid_1 auc : 0.835881
[LightGBM] [Info] 76.978435 seconds elapsed, finished iteration 140
[LightGBM] [Debug] Trained a tree with leaves = 255 and depth = 24
[LightGBM] [Info] Iteration:141, valid_1 auc : 0.835961
[LightGBM] [Info] 77.394805 seconds elapsed, finished iteration 141
[LightGBM] [Debug] Trained a tree with leaves = 255 and depth = 18
[LightGBM] [Info] Iteration:142, valid_1 auc : 0.836026
[LightGBM] [Info] 77.837690 seconds elapsed, finished iteration 142
[LightGBM] [Debug] Trained a tree with leaves = 255 and depth = 22
[LightGBM] [Info] Iteration:143, valid_1 auc : 0.836088
[LightGBM] [Info] 78.229934 seconds elapsed, finished iteration 143
[LightGBM] [Debug] Trained a tree with leaves = 255 and depth = 15
[LightGBM] [Info] Iteration:144, valid_1 auc : 0.836173
[LightGBM] [Info] 78.782475 seconds elapsed, finished iteration 144
[LightGBM] [Debug] Trained a tree with leaves = 255 and depth = 27
[LightGBM] [Info] Iteration:145, valid_1 auc : 0.836226
[LightGBM] [Info] 79.146915 seconds elapsed, finished iteration 145
[LightGBM] [Debug] Trained a tree with leaves = 255 and depth = 24
[LightGBM] [Info] Iteration:146, valid_1 auc : 0.83631
[LightGBM] [Info] 79.577831 seconds elapsed, finished iteration 146
[LightGBM] [Debug] Trained a tree with leaves = 255 and depth = 17
[LightGBM] [Info] Iteration:147, valid_1 auc : 0.836383
[LightGBM] [Info] 80.053368 seconds elapsed, finished iteration 147
[LightGBM] [Debug] Trained a tree with leaves = 255 and depth = 20
[LightGBM] [Info] Iteration:148, valid_1 auc : 0.836467
[LightGBM] [Info] 80.554885 seconds elapsed, finished iteration 148
[LightGBM] [Debug] Trained a tree with leaves = 255 and depth = 18
[LightGBM] [Info] Iteration:149, valid_1 auc : 0.836553
[LightGBM] [Info] 81.022158 seconds elapsed, finished iteration 149
[LightGBM] [Debug] Trained a tree with leaves = 255 and depth = 18
[LightGBM] [Info] Iteration:150, valid_1 auc : 0.836608
[LightGBM] [Info] 81.540034 seconds elapsed, finished iteration 150
[LightGBM] [Debug] Trained a tree with leaves = 255 and depth = 21
[LightGBM] [Info] Iteration:151, valid_1 auc : 0.836665
[LightGBM] [Info] 81.999474 seconds elapsed, finished iteration 151
[LightGBM] [Debug] Trained a tree with leaves = 255 and depth = 17
[LightGBM] [Info] Iteration:152, valid_1 auc : 0.836724
[LightGBM] [Info] 82.491907 seconds elapsed, finished iteration 152
[LightGBM] [Debug] Trained a tree with leaves = 255 and depth = 20
[LightGBM] [Info] Iteration:153, valid_1 auc : 0.836797
[LightGBM] [Info] 82.916044 seconds elapsed, finished iteration 153
[LightGBM] [Debug] Trained a tree with leaves = 255 and depth = 23
[LightGBM] [Info] Iteration:154, valid_1 auc : 0.83685
[LightGBM] [Info] 83.285869 seconds elapsed, finished iteration 154
[LightGBM] [Debug] Trained a tree with leaves = 255 and depth = 17
[LightGBM] [Info] Iteration:155, valid_1 auc : 0.836917
[LightGBM] [Info] 83.708773 seconds elapsed, finished iteration 155
[LightGBM] [Debug] Trained a tree with leaves = 255 and depth = 21
[LightGBM] [Info] Iteration:156, valid_1 auc : 0.836958
[LightGBM] [Info] 84.079909 seconds elapsed, finished iteration 156
[LightGBM] [Debug] Trained a tree with leaves = 255 and depth = 21
[LightGBM] [Info] Iteration:157, valid_1 auc : 0.837
[LightGBM] [Info] 84.431899 seconds elapsed, finished iteration 157
[LightGBM] [Debug] Trained a tree with leaves = 255 and depth = 25
[LightGBM] [Info] Iteration:158, valid_1 auc : 0.837063
[LightGBM] [Info] 84.901541 seconds elapsed, finished iteration 158
[LightGBM] [Debug] Trained a tree with leaves = 255 and depth = 28
[LightGBM] [Info] Iteration:159, valid_1 auc : 0.83715
[LightGBM] [Info] 85.373223 seconds elapsed, finished iteration 159
[LightGBM] [Debug] Trained a tree with leaves = 255 and depth = 16
[LightGBM] [Info] Iteration:160, valid_1 auc : 0.8372
[LightGBM] [Info] 85.682403 seconds elapsed, finished iteration 160
[LightGBM] [Debug] Trained a tree with leaves = 255 and depth = 18
[LightGBM] [Info] Iteration:161, valid_1 auc : 0.837243
[LightGBM] [Info] 86.080165 seconds elapsed, finished iteration 161
[LightGBM] [Debug] Trained a tree with leaves = 255 and depth = 22
[LightGBM] [Info] Iteration:162, valid_1 auc : 0.837294
[LightGBM] [Info] 86.479534 seconds elapsed, finished iteration 162
[LightGBM] [Debug] Trained a tree with leaves = 255 and depth = 19
[LightGBM] [Info] Iteration:163, valid_1 auc : 0.83736
[LightGBM] [Info] 87.037515 seconds elapsed, finished iteration 163
[LightGBM] [Debug] Trained a tree with leaves = 255 and depth = 24
[LightGBM] [Info] Iteration:164, valid_1 auc : 0.837423
[LightGBM] [Info] 87.423977 seconds elapsed, finished iteration 164
[LightGBM] [Debug] Trained a tree with leaves = 255 and depth = 21
[LightGBM] [Info] Iteration:165, valid_1 auc : 0.837491
[LightGBM] [Info] 87.949843 seconds elapsed, finished iteration 165
[LightGBM] [Debug] Trained a tree with leaves = 255 and depth = 15
[LightGBM] [Info] Iteration:166, valid_1 auc : 0.83759
[LightGBM] [Info] 88.460360 seconds elapsed, finished iteration 166
[LightGBM] [Debug] Trained a tree with leaves = 255 and depth = 17
[LightGBM] [Info] Iteration:167, valid_1 auc : 0.837636
[LightGBM] [Info] 88.890468 seconds elapsed, finished iteration 167
[LightGBM] [Debug] Trained a tree with leaves = 255 and depth = 19
[LightGBM] [Info] Iteration:168, valid_1 auc : 0.83767
[LightGBM] [Info] 89.278088 seconds elapsed, finished iteration 168
[LightGBM] [Debug] Trained a tree with leaves = 255 and depth = 20
[LightGBM] [Info] Iteration:169, valid_1 auc : 0.837738
[LightGBM] [Info] 89.785206 seconds elapsed, finished iteration 169
[LightGBM] [Debug] Trained a tree with leaves = 255 and depth = 19
[LightGBM] [Info] Iteration:170, valid_1 auc : 0.837795
[LightGBM] [Info] 90.254170 seconds elapsed, finished iteration 170
[LightGBM] [Debug] Trained a tree with leaves = 255 and depth = 23
[LightGBM] [Info] Iteration:171, valid_1 auc : 0.837835
[LightGBM] [Info] 90.605777 seconds elapsed, finished iteration 171
[LightGBM] [Debug] Trained a tree with leaves = 255 and depth = 17
[LightGBM] [Info] Iteration:172, valid_1 auc : 0.83791
[LightGBM] [Info] 91.067709 seconds elapsed, finished iteration 172
[LightGBM] [Debug] Trained a tree with leaves = 255 and depth = 20
[LightGBM] [Info] Iteration:173, valid_1 auc : 0.837962
[LightGBM] [Info] 91.460534 seconds elapsed, finished iteration 173
[LightGBM] [Debug] Trained a tree with leaves = 255 and depth = 19
[LightGBM] [Info] Iteration:174, valid_1 auc : 0.838024
[LightGBM] [Info] 91.920140 seconds elapsed, finished iteration 174
[LightGBM] [Debug] Trained a tree with leaves = 255 and depth = 20
[LightGBM] [Info] Iteration:175, valid_1 auc : 0.838042
[LightGBM] [Info] 92.182707 seconds elapsed, finished iteration 175
[LightGBM] [Debug] Trained a tree with leaves = 255 and depth = 16
[LightGBM] [Info] Iteration:176, valid_1 auc : 0.838087
[LightGBM] [Info] 92.523478 seconds elapsed, finished iteration 176
[LightGBM] [Debug] Trained a tree with leaves = 255 and depth = 16
[LightGBM] [Info] Iteration:177, valid_1 auc : 0.838161
[LightGBM] [Info] 92.967246 seconds elapsed, finished iteration 177
[LightGBM] [Debug] Trained a tree with leaves = 255 and depth = 16
[LightGBM] [Info] Iteration:178, valid_1 auc : 0.838208
[LightGBM] [Info] 93.292081 seconds elapsed, finished iteration 178
[LightGBM] [Debug] Trained a tree with leaves = 255 and depth = 22
[LightGBM] [Info] Iteration:179, valid_1 auc : 0.838241
[LightGBM] [Info] 93.585247 seconds elapsed, finished iteration 179
[LightGBM] [Debug] Trained a tree with leaves = 255 and depth = 26
[LightGBM] [Info] Iteration:180, valid_1 auc : 0.838301
[LightGBM] [Info] 94.002099 seconds elapsed, finished iteration 180
[LightGBM] [Debug] Trained a tree with leaves = 255 and depth = 18
[LightGBM] [Info] Iteration:181, valid_1 auc : 0.838336
[LightGBM] [Info] 94.387200 seconds elapsed, finished iteration 181
[LightGBM] [Debug] Trained a tree with leaves = 255 and depth = 19
[LightGBM] [Info] Iteration:182, valid_1 auc : 0.838368
[LightGBM] [Info] 94.734397 seconds elapsed, finished iteration 182
[LightGBM] [Debug] Trained a tree with leaves = 255 and depth = 21
[LightGBM] [Info] Iteration:183, valid_1 auc : 0.838424
[LightGBM] [Info] 95.188397 seconds elapsed, finished iteration 183
[LightGBM] [Debug] Trained a tree with leaves = 255 and depth = 17
[LightGBM] [Info] Iteration:184, valid_1 auc : 0.838456
[LightGBM] [Info] 95.451413 seconds elapsed, finished iteration 184
[LightGBM] [Debug] Trained a tree with leaves = 255 and depth = 19
[LightGBM] [Info] Iteration:185, valid_1 auc : 0.838502
[LightGBM] [Info] 95.844868 seconds elapsed, finished iteration 185
[LightGBM] [Debug] Trained a tree with leaves = 255 and depth = 22
[LightGBM] [Info] Iteration:186, valid_1 auc : 0.838552
[LightGBM] [Info] 96.351372 seconds elapsed, finished iteration 186
[LightGBM] [Debug] Trained a tree with leaves = 255 and depth = 19
[LightGBM] [Info] Iteration:187, valid_1 auc : 0.838597
[LightGBM] [Info] 96.705416 seconds elapsed, finished iteration 187
[LightGBM] [Debug] Trained a tree with leaves = 255 and depth = 18
[LightGBM] [Info] Iteration:188, valid_1 auc : 0.838657
[LightGBM] [Info] 97.202773 seconds elapsed, finished iteration 188
[LightGBM] [Debug] Trained a tree with leaves = 255 and depth = 19
[LightGBM] [Info] Iteration:189, valid_1 auc : 0.83874
[LightGBM] [Info] 97.645854 seconds elapsed, finished iteration 189
[LightGBM] [Debug] Trained a tree with leaves = 255 and depth = 17
[LightGBM] [Info] Iteration:190, valid_1 auc : 0.838772
[LightGBM] [Info] 98.010112 seconds elapsed, finished iteration 190
[LightGBM] [Debug] Trained a tree with leaves = 255 and depth = 22
[LightGBM] [Info] Iteration:191, valid_1 auc : 0.838811
[LightGBM] [Info] 98.430717 seconds elapsed, finished iteration 191
[LightGBM] [Debug] Trained a tree with leaves = 255 and depth = 16
[LightGBM] [Info] Iteration:192, valid_1 auc : 0.838852
[LightGBM] [Info] 98.745934 seconds elapsed, finished iteration 192
[LightGBM] [Debug] Trained a tree with leaves = 255 and depth = 17
[LightGBM] [Info] Iteration:193, valid_1 auc : 0.838896
[LightGBM] [Info] 99.154891 seconds elapsed, finished iteration 193
[LightGBM] [Debug] Trained a tree with leaves = 255 and depth = 19
[LightGBM] [Info] Iteration:194, valid_1 auc : 0.838918
[LightGBM] [Info] 99.446909 seconds elapsed, finished iteration 194
[LightGBM] [Debug] Trained a tree with leaves = 255 and depth = 22
[LightGBM] [Info] Iteration:195, valid_1 auc : 0.838945
[LightGBM] [Info] 99.779608 seconds elapsed, finished iteration 195
[LightGBM] [Debug] Trained a tree with leaves = 255 and depth = 21
[LightGBM] [Info] Iteration:196, valid_1 auc : 0.838999
[LightGBM] [Info] 100.233563 seconds elapsed, finished iteration 196
[LightGBM] [Debug] Trained a tree with leaves = 255 and depth = 20
[LightGBM] [Info] Iteration:197, valid_1 auc : 0.839049
[LightGBM] [Info] 100.657478 seconds elapsed, finished iteration 197
[LightGBM] [Debug] Trained a tree with leaves = 255 and depth = 18
[LightGBM] [Info] Iteration:198, valid_1 auc : 0.839078
[LightGBM] [Info] 101.010271 seconds elapsed, finished iteration 198
[LightGBM] [Debug] Trained a tree with leaves = 255 and depth = 18
[LightGBM] [Info] Iteration:199, valid_1 auc : 0.839133
[LightGBM] [Info] 101.444563 seconds elapsed, finished iteration 199
[LightGBM] [Debug] Trained a tree with leaves = 255 and depth = 19
[LightGBM] [Info] Iteration:200, valid_1 auc : 0.839162
[LightGBM] [Info] 101.737577 seconds elapsed, finished iteration 200
[LightGBM] [Debug] Trained a tree with leaves = 255 and depth = 22
[LightGBM] [Info] Iteration:201, valid_1 auc : 0.839197
[LightGBM] [Info] 102.030101 seconds elapsed, finished iteration 201
[LightGBM] [Debug] Trained a tree with leaves = 255 and depth = 21
[LightGBM] [Info] Iteration:202, valid_1 auc : 0.839227
[LightGBM] [Info] 102.339405 seconds elapsed, finished iteration 202
[LightGBM] [Debug] Trained a tree with leaves = 255 and depth = 19
[LightGBM] [Info] Iteration:203, valid_1 auc : 0.839285
[LightGBM] [Info] 102.753789 seconds elapsed, finished iteration 203
[LightGBM] [Debug] Trained a tree with leaves = 255 and depth = 19
[LightGBM] [Info] Iteration:204, valid_1 auc : 0.839302
[LightGBM] [Info] 103.048373 seconds elapsed, finished iteration 204
[LightGBM] [Debug] Trained a tree with leaves = 255 and depth = 16
[LightGBM] [Info] Iteration:205, valid_1 auc : 0.839333
[LightGBM] [Info] 103.329107 seconds elapsed, finished iteration 205
[LightGBM] [Debug] Trained a tree with leaves = 255 and depth = 15
[LightGBM] [Info] Iteration:206, valid_1 auc : 0.83936
[LightGBM] [Info] 103.634971 seconds elapsed, finished iteration 206
[LightGBM] [Debug] Trained a tree with leaves = 255 and depth = 16
[LightGBM] [Info] Iteration:207, valid_1 auc : 0.839384
[LightGBM] [Info] 104.004662 seconds elapsed, finished iteration 207
[LightGBM] [Debug] Trained a tree with leaves = 255 and depth = 17
[LightGBM] [Info] Iteration:208, valid_1 auc : 0.839406
[LightGBM] [Info] 104.350826 seconds elapsed, finished iteration 208
[LightGBM] [Debug] Trained a tree with leaves = 255 and depth = 18
[LightGBM] [Info] Iteration:209, valid_1 auc : 0.83947
[LightGBM] [Info] 104.778989 seconds elapsed, finished iteration 209
[LightGBM] [Debug] Trained a tree with leaves = 255 and depth = 20
[LightGBM] [Info] Iteration:210, valid_1 auc : 0.839497
[LightGBM] [Info] 105.071335 seconds elapsed, finished iteration 210
[LightGBM] [Debug] Trained a tree with leaves = 255 and depth = 17
[LightGBM] [Info] Iteration:211, valid_1 auc : 0.839519
[LightGBM] [Info] 105.350244 seconds elapsed, finished iteration 211
[LightGBM] [Debug] Trained a tree with leaves = 255 and depth = 17
[LightGBM] [Info] Iteration:212, valid_1 auc : 0.839539
[LightGBM] [Info] 105.643070 seconds elapsed, finished iteration 212
[LightGBM] [Debug] Trained a tree with leaves = 255 and depth = 25
[LightGBM] [Info] Iteration:213, valid_1 auc : 0.839573
[LightGBM] [Info] 106.016690 seconds elapsed, finished iteration 213
[LightGBM] [Debug] Trained a tree with leaves = 255 and depth = 16
[LightGBM] [Info] Iteration:214, valid_1 auc : 0.839589
[LightGBM] [Info] 106.304855 seconds elapsed, finished iteration 214
[LightGBM] [Debug] Trained a tree with leaves = 255 and depth = 19
[LightGBM] [Info] Iteration:215, valid_1 auc : 0.839633
[LightGBM] [Info] 106.740158 seconds elapsed, finished iteration 215
[LightGBM] [Debug] Trained a tree with leaves = 255 and depth = 17
[LightGBM] [Info] Iteration:216, valid_1 auc : 0.839701
[LightGBM] [Info] 107.201129 seconds elapsed, finished iteration 216
[LightGBM] [Debug] Trained a tree with leaves = 255 and depth = 15
[LightGBM] [Info] Iteration:217, valid_1 auc : 0.83972
[LightGBM] [Info] 107.470508 seconds elapsed, finished iteration 217
[LightGBM] [Debug] Trained a tree with leaves = 255 and depth = 23
[LightGBM] [Info] Iteration:218, valid_1 auc : 0.839741
[LightGBM] [Info] 107.722322 seconds elapsed, finished iteration 218
[LightGBM] [Debug] Trained a tree with leaves = 255 and depth = 18
[LightGBM] [Info] Iteration:219, valid_1 auc : 0.839751
[LightGBM] [Info] 107.984495 seconds elapsed, finished iteration 219
[LightGBM] [Debug] Trained a tree with leaves = 255 and depth = 25
[LightGBM] [Info] Iteration:220, valid_1 auc : 0.839791
[LightGBM] [Info] 108.320425 seconds elapsed, finished iteration 220
[LightGBM] [Debug] Trained a tree with leaves = 255 and depth = 23
[LightGBM] [Info] Iteration:221, valid_1 auc : 0.839815
[LightGBM] [Info] 108.699199 seconds elapsed, finished iteration 221
[LightGBM] [Debug] Trained a tree with leaves = 255 and depth = 18
[LightGBM] [Info] Iteration:222, valid_1 auc : 0.839828
[LightGBM] [Info] 108.974382 seconds elapsed, finished iteration 222
[LightGBM] [Debug] Trained a tree with leaves = 255 and depth = 20
[LightGBM] [Info] Iteration:223, valid_1 auc : 0.839842
[LightGBM] [Info] 109.258136 seconds elapsed, finished iteration 223
[LightGBM] [Debug] Trained a tree with leaves = 255 and depth = 19
[LightGBM] [Info] Iteration:224, valid_1 auc : 0.839872
[LightGBM] [Info] 109.631398 seconds elapsed, finished iteration 224
[LightGBM] [Debug] Trained a tree with leaves = 255 and depth = 17
[LightGBM] [Info] Iteration:225, valid_1 auc : 0.839905
[LightGBM] [Info] 110.076359 seconds elapsed, finished iteration 225
[LightGBM] [Debug] Trained a tree with leaves = 255 and depth = 20
[LightGBM] [Info] Iteration:226, valid_1 auc : 0.83992
[LightGBM] [Info] 110.415579 seconds elapsed, finished iteration 226
[LightGBM] [Debug] Trained a tree with leaves = 255 and depth = 15
[LightGBM] [Info] Iteration:227, valid_1 auc : 0.839963
[LightGBM] [Info] 110.695114 seconds elapsed, finished iteration 227
[LightGBM] [Debug] Trained a tree with leaves = 255 and depth = 17
[LightGBM] [Info] Iteration:228, valid_1 auc : 0.839981
[LightGBM] [Info] 111.002036 seconds elapsed, finished iteration 228
[LightGBM] [Debug] Trained a tree with leaves = 255 and depth = 22
[LightGBM] [Info] Iteration:229, valid_1 auc : 0.839996
[LightGBM] [Info] 111.265235 seconds elapsed, finished iteration 229
[LightGBM] [Debug] Trained a tree with leaves = 255 and depth = 15
[LightGBM] [Info] Iteration:230, valid_1 auc : 0.840026
[LightGBM] [Info] 111.592671 seconds elapsed, finished iteration 230
[LightGBM] [Debug] Trained a tree with leaves = 255 and depth = 18
[LightGBM] [Info] Iteration:231, valid_1 auc : 0.840035
[LightGBM] [Info] 111.884864 seconds elapsed, finished iteration 231
[LightGBM] [Debug] Trained a tree with leaves = 255 and depth = 19
[LightGBM] [Info] Iteration:232, valid_1 auc : 0.840066
[LightGBM] [Info] 112.323673 seconds elapsed, finished iteration 232
[LightGBM] [Debug] Trained a tree with leaves = 255 and depth = 15
[LightGBM] [Info] Iteration:233, valid_1 auc : 0.840098
[LightGBM] [Info] 112.656124 seconds elapsed, finished iteration 233
[LightGBM] [Debug] Trained a tree with leaves = 255 and depth = 19
[LightGBM] [Info] Iteration:234, valid_1 auc : 0.840129
[LightGBM] [Info] 112.965598 seconds elapsed, finished iteration 234
[LightGBM] [Debug] Trained a tree with leaves = 255 and depth = 19
[LightGBM] [Info] Iteration:235, valid_1 auc : 0.840153
[LightGBM] [Info] 113.269463 seconds elapsed, finished iteration 235
[LightGBM] [Debug] Trained a tree with leaves = 255 and depth = 20
[LightGBM] [Info] Iteration:236, valid_1 auc : 0.840189
[LightGBM] [Info] 113.688854 seconds elapsed, finished iteration 236
[LightGBM] [Debug] Trained a tree with leaves = 255 and depth = 20
[LightGBM] [Info] Iteration:237, valid_1 auc : 0.840232
[LightGBM] [Info] 114.084766 seconds elapsed, finished iteration 237
[LightGBM] [Debug] Trained a tree with leaves = 255 and depth = 22
[LightGBM] [Info] Iteration:238, valid_1 auc : 0.840275
[LightGBM] [Info] 114.403300 seconds elapsed, finished iteration 238
[LightGBM] [Debug] Trained a tree with leaves = 255 and depth = 16
[LightGBM] [Info] Iteration:239, valid_1 auc : 0.840308
[LightGBM] [Info] 114.741721 seconds elapsed, finished iteration 239
[LightGBM] [Debug] Trained a tree with leaves = 255 and depth = 17
[LightGBM] [Info] Iteration:240, valid_1 auc : 0.840387
[LightGBM] [Info] 115.228576 seconds elapsed, finished iteration 240
[LightGBM] [Debug] Trained a tree with leaves = 255 and depth = 18
[LightGBM] [Info] Iteration:241, valid_1 auc : 0.84041
[LightGBM] [Info] 115.507128 seconds elapsed, finished iteration 241
[LightGBM] [Debug] Trained a tree with leaves = 255 and depth = 18
[LightGBM] [Info] Iteration:242, valid_1 auc : 0.840418
[LightGBM] [Info] 115.778304 seconds elapsed, finished iteration 242
[LightGBM] [Debug] Trained a tree with leaves = 255 and depth = 16
[LightGBM] [Info] Iteration:243, valid_1 auc : 0.840443
[LightGBM] [Info] 116.123173 seconds elapsed, finished iteration 243
[LightGBM] [Debug] Trained a tree with leaves = 255 and depth = 19
[LightGBM] [Info] Iteration:244, valid_1 auc : 0.840473
[LightGBM] [Info] 116.453459 seconds elapsed, finished iteration 244
[LightGBM] [Debug] Trained a tree with leaves = 255 and depth = 21
[LightGBM] [Info] Iteration:245, valid_1 auc : 0.840493
[LightGBM] [Info] 116.781058 seconds elapsed, finished iteration 245
[LightGBM] [Debug] Trained a tree with leaves = 255 and depth = 16
[LightGBM] [Info] Iteration:246, valid_1 auc : 0.840509
[LightGBM] [Info] 117.110679 seconds elapsed, finished iteration 246
[LightGBM] [Debug] Trained a tree with leaves = 255 and depth = 19
[LightGBM] [Info] Iteration:247, valid_1 auc : 0.840519
[LightGBM] [Info] 117.368667 seconds elapsed, finished iteration 247
[LightGBM] [Debug] Trained a tree with leaves = 255 and depth = 23
[LightGBM] [Info] Iteration:248, valid_1 auc : 0.840535
[LightGBM] [Info] 117.639971 seconds elapsed, finished iteration 248
[LightGBM] [Debug] Trained a tree with leaves = 255 and depth = 20
[LightGBM] [Info] Iteration:249, valid_1 auc : 0.840618
[LightGBM] [Info] 118.115773 seconds elapsed, finished iteration 249
[LightGBM] [Debug] Trained a tree with leaves = 255 and depth = 23
[LightGBM] [Info] Iteration:250, valid_1 auc : 0.840638
[LightGBM] [Info] 118.385687 seconds elapsed, finished iteration 250
[LightGBM] [Debug] Trained a tree with leaves = 255 and depth = 17
[LightGBM] [Info] Iteration:251, valid_1 auc : 0.840663
[LightGBM] [Info] 118.693865 seconds elapsed, finished iteration 251
[LightGBM] [Debug] Trained a tree with leaves = 255 and depth = 16
[LightGBM] [Info] Iteration:252, valid_1 auc : 0.840674
[LightGBM] [Info] 118.950892 seconds elapsed, finished iteration 252
[LightGBM] [Debug] Trained a tree with leaves = 255 and depth = 18
[LightGBM] [Info] Iteration:253, valid_1 auc : 0.840681
[LightGBM] [Info] 119.224794 seconds elapsed, finished iteration 253
[LightGBM] [Debug] Trained a tree with leaves = 255 and depth = 17
[LightGBM] [Info] Iteration:254, valid_1 auc : 0.840691
[LightGBM] [Info] 119.522392 seconds elapsed, finished iteration 254
[LightGBM] [Debug] Trained a tree with leaves = 255 and depth = 18
[LightGBM] [Info] Iteration:255, valid_1 auc : 0.840702
[LightGBM] [Info] 119.813241 seconds elapsed, finished iteration 255
[LightGBM] [Debug] Trained a tree with leaves = 255 and depth = 19
[LightGBM] [Info] Iteration:256, valid_1 auc : 0.840711
[LightGBM] [Info] 120.077547 seconds elapsed, finished iteration 256
[LightGBM] [Debug] Trained a tree with leaves = 255 and depth = 17
[LightGBM] [Info] Iteration:257, valid_1 auc : 0.840734
[LightGBM] [Info] 120.328093 seconds elapsed, finished iteration 257
[LightGBM] [Debug] Trained a tree with leaves = 255 and depth = 21
[LightGBM] [Info] Iteration:258, valid_1 auc : 0.840748
[LightGBM] [Info] 120.617278 seconds elapsed, finished iteration 258
[LightGBM] [Debug] Trained a tree with leaves = 255 and depth = 17
[LightGBM] [Info] Iteration:259, valid_1 auc : 0.840756
[LightGBM] [Info] 120.882696 seconds elapsed, finished iteration 259
[LightGBM] [Debug] Trained a tree with leaves = 255 and depth = 21
[LightGBM] [Info] Iteration:260, valid_1 auc : 0.840762
[LightGBM] [Info] 121.125555 seconds elapsed, finished iteration 260
[LightGBM] [Debug] Trained a tree with leaves = 255 and depth = 19
[LightGBM] [Info] Iteration:261, valid_1 auc : 0.840778
[LightGBM] [Info] 121.406090 seconds elapsed, finished iteration 261
[LightGBM] [Debug] Trained a tree with leaves = 255 and depth = 25
[LightGBM] [Info] Iteration:262, valid_1 auc : 0.840788
[LightGBM] [Info] 121.668246 seconds elapsed, finished iteration 262
[LightGBM] [Debug] Trained a tree with leaves = 255 and depth = 18
[LightGBM] [Info] Iteration:263, valid_1 auc : 0.840797
[LightGBM] [Info] 121.921996 seconds elapsed, finished iteration 263
[LightGBM] [Debug] Trained a tree with leaves = 255 and depth = 21
[LightGBM] [Info] Iteration:264, valid_1 auc : 0.840806
[LightGBM] [Info] 122.158737 seconds elapsed, finished iteration 264
[LightGBM] [Debug] Trained a tree with leaves = 255 and depth = 21
[LightGBM] [Info] Iteration:265, valid_1 auc : 0.840811
[LightGBM] [Info] 122.409360 seconds elapsed, finished iteration 265
[LightGBM] [Debug] Trained a tree with leaves = 255 and depth = 22
[LightGBM] [Info] Iteration:266, valid_1 auc : 0.84082
[LightGBM] [Info] 122.663955 seconds elapsed, finished iteration 266
[LightGBM] [Debug] Trained a tree with leaves = 255 and depth = 19
[LightGBM] [Info] Iteration:267, valid_1 auc : 0.840838
[LightGBM] [Info] 122.945774 seconds elapsed, finished iteration 267
[LightGBM] [Debug] Trained a tree with leaves = 255 and depth = 22
[LightGBM] [Info] Iteration:268, valid_1 auc : 0.84084
[LightGBM] [Info] 123.204081 seconds elapsed, finished iteration 268
[LightGBM] [Debug] Trained a tree with leaves = 255 and depth = 23
[LightGBM] [Info] Iteration:269, valid_1 auc : 0.84085
[LightGBM] [Info] 123.514410 seconds elapsed, finished iteration 269
[LightGBM] [Debug] Trained a tree with leaves = 255 and depth = 21
[LightGBM] [Info] Iteration:270, valid_1 auc : 0.840861
[LightGBM] [Info] 123.792479 seconds elapsed, finished iteration 270
[LightGBM] [Debug] Trained a tree with leaves = 255 and depth = 20
[LightGBM] [Info] Iteration:271, valid_1 auc : 0.840875
[LightGBM] [Info] 124.103198 seconds elapsed, finished iteration 271
[LightGBM] [Debug] Trained a tree with leaves = 255 and depth = 17
[LightGBM] [Info] Iteration:272, valid_1 auc : 0.840888
[LightGBM] [Info] 124.400480 seconds elapsed, finished iteration 272
[LightGBM] [Debug] Trained a tree with leaves = 255 and depth = 19
[LightGBM] [Info] Iteration:273, valid_1 auc : 0.8409
[LightGBM] [Info] 124.733561 seconds elapsed, finished iteration 273
[LightGBM] [Debug] Trained a tree with leaves = 255 and depth = 19
[LightGBM] [Info] Iteration:274, valid_1 auc : 0.84091
[LightGBM] [Info] 125.028696 seconds elapsed, finished iteration 274
[LightGBM] [Debug] Trained a tree with leaves = 255 and depth = 19
[LightGBM] [Info] Iteration:275, valid_1 auc : 0.840924
[LightGBM] [Info] 125.300985 seconds elapsed, finished iteration 275
[LightGBM] [Debug] Trained a tree with leaves = 255 and depth = 19
[LightGBM] [Info] Iteration:276, valid_1 auc : 0.840937
[LightGBM] [Info] 125.590791 seconds elapsed, finished iteration 276
[LightGBM] [Debug] Trained a tree with leaves = 255 and depth = 18
[LightGBM] [Info] Iteration:277, valid_1 auc : 0.840949
[LightGBM] [Info] 125.893886 seconds elapsed, finished iteration 277
[LightGBM] [Debug] Trained a tree with leaves = 255 and depth = 22
[LightGBM] [Info] Iteration:278, valid_1 auc : 0.840959
[LightGBM] [Info] 126.201322 seconds elapsed, finished iteration 278
[LightGBM] [Debug] Trained a tree with leaves = 255 and depth = 16
[LightGBM] [Info] Iteration:279, valid_1 auc : 0.840994
[LightGBM] [Info] 126.582268 seconds elapsed, finished iteration 279
[LightGBM] [Debug] Trained a tree with leaves = 255 and depth = 20
[LightGBM] [Info] Iteration:280, valid_1 auc : 0.841006
[LightGBM] [Info] 126.860757 seconds elapsed, finished iteration 280
[LightGBM] [Debug] Trained a tree with leaves = 255 and depth = 21
[LightGBM] [Info] Iteration:281, valid_1 auc : 0.841017
[LightGBM] [Info] 127.132831 seconds elapsed, finished iteration 281
[LightGBM] [Debug] Trained a tree with leaves = 255 and depth = 21
[LightGBM] [Info] Iteration:282, valid_1 auc : 0.841057
[LightGBM] [Info] 127.469414 seconds elapsed, finished iteration 282
[LightGBM] [Debug] Trained a tree with leaves = 255 and depth = 19
[LightGBM] [Info] Iteration:283, valid_1 auc : 0.841067
[LightGBM] [Info] 127.735935 seconds elapsed, finished iteration 283
[LightGBM] [Debug] Trained a tree with leaves = 255 and depth = 19
[LightGBM] [Info] Iteration:284, valid_1 auc : 0.841076
[LightGBM] [Info] 128.012421 seconds elapsed, finished iteration 284
[LightGBM] [Debug] Trained a tree with leaves = 255 and depth = 21
[LightGBM] [Info] Iteration:285, valid_1 auc : 0.841081
[LightGBM] [Info] 128.299640 seconds elapsed, finished iteration 285
[LightGBM] [Debug] Trained a tree with leaves = 255 and depth = 19
[LightGBM] [Info] Iteration:286, valid_1 auc : 0.841092
[LightGBM] [Info] 128.565929 seconds elapsed, finished iteration 286
[LightGBM] [Debug] Trained a tree with leaves = 255 and depth = 18
[LightGBM] [Info] Iteration:287, valid_1 auc : 0.841103
[LightGBM] [Info] 128.838508 seconds elapsed, finished iteration 287
[LightGBM] [Debug] Trained a tree with leaves = 255 and depth = 18
[LightGBM] [Info] Iteration:288, valid_1 auc : 0.841111
[LightGBM] [Info] 129.114479 seconds elapsed, finished iteration 288
[LightGBM] [Debug] Trained a tree with leaves = 255 and depth = 18
[LightGBM] [Info] Iteration:289, valid_1 auc : 0.84112
[LightGBM] [Info] 129.383739 seconds elapsed, finished iteration 289
[LightGBM] [Debug] Trained a tree with leaves = 255 and depth = 17
[LightGBM] [Info] Iteration:290, valid_1 auc : 0.841131
[LightGBM] [Info] 129.646170 seconds elapsed, finished iteration 290
[LightGBM] [Debug] Trained a tree with leaves = 255 and depth = 20
[LightGBM] [Info] Iteration:291, valid_1 auc : 0.841138
[LightGBM] [Info] 129.917656 seconds elapsed, finished iteration 291
[LightGBM] [Debug] Trained a tree with leaves = 255 and depth = 21
[LightGBM] [Info] Iteration:292, valid_1 auc : 0.841143
[LightGBM] [Info] 130.167621 seconds elapsed, finished iteration 292
[LightGBM] [Debug] Trained a tree with leaves = 255 and depth = 20
[LightGBM] [Info] Iteration:293, valid_1 auc : 0.841156
[LightGBM] [Info] 130.441385 seconds elapsed, finished iteration 293
[LightGBM] [Debug] Trained a tree with leaves = 255 and depth = 19
[LightGBM] [Info] Iteration:294, valid_1 auc : 0.841178
[LightGBM] [Info] 130.755109 seconds elapsed, finished iteration 294
[LightGBM] [Debug] Trained a tree with leaves = 255 and depth = 21
[LightGBM] [Info] Iteration:295, valid_1 auc : 0.841217
[LightGBM] [Info] 131.213681 seconds elapsed, finished iteration 295
[LightGBM] [Debug] Trained a tree with leaves = 255 and depth = 19
[LightGBM] [Info] Iteration:296, valid_1 auc : 0.841229
[LightGBM] [Info] 131.490545 seconds elapsed, finished iteration 296
[LightGBM] [Debug] Trained a tree with leaves = 255 and depth = 23
[LightGBM] [Info] Iteration:297, valid_1 auc : 0.841236
[LightGBM] [Info] 131.788614 seconds elapsed, finished iteration 297
[LightGBM] [Debug] Trained a tree with leaves = 255 and depth = 18
[LightGBM] [Info] Iteration:298, valid_1 auc : 0.841242
[LightGBM] [Info] 132.077216 seconds elapsed, finished iteration 298
[LightGBM] [Debug] Trained a tree with leaves = 255 and depth = 22
[LightGBM] [Info] Iteration:299, valid_1 auc : 0.841265
[LightGBM] [Info] 132.423977 seconds elapsed, finished iteration 299
[LightGBM] [Debug] Trained a tree with leaves = 255 and depth = 19
[LightGBM] [Info] Iteration:300, valid_1 auc : 0.841268
[LightGBM] [Info] 132.694002 seconds elapsed, finished iteration 300
[LightGBM] [Debug] Trained a tree with leaves = 255 and depth = 28
[LightGBM] [Info] Iteration:301, valid_1 auc : 0.841271
[LightGBM] [Info] 132.943693 seconds elapsed, finished iteration 301
[LightGBM] [Debug] Trained a tree with leaves = 255 and depth = 18
[LightGBM] [Info] Iteration:302, valid_1 auc : 0.841278
[LightGBM] [Info] 133.200632 seconds elapsed, finished iteration 302
[LightGBM] [Debug] Trained a tree with leaves = 255 and depth = 22
[LightGBM] [Info] Iteration:303, valid_1 auc : 0.84128
[LightGBM] [Info] 133.459652 seconds elapsed, finished iteration 303
[LightGBM] [Debug] Trained a tree with leaves = 255 and depth = 22
[LightGBM] [Info] Iteration:304, valid_1 auc : 0.841292
[LightGBM] [Info] 133.773270 seconds elapsed, finished iteration 304
[LightGBM] [Debug] Trained a tree with leaves = 255 and depth = 24
[LightGBM] [Info] Iteration:305, valid_1 auc : 0.841299
[LightGBM] [Info] 134.035158 seconds elapsed, finished iteration 305
[LightGBM] [Debug] Trained a tree with leaves = 255 and depth = 28
[LightGBM] [Info] Iteration:306, valid_1 auc : 0.841309
[LightGBM] [Info] 134.340325 seconds elapsed, finished iteration 306
[LightGBM] [Debug] Trained a tree with leaves = 255 and depth = 17
[LightGBM] [Info] Iteration:307, valid_1 auc : 0.84132
[LightGBM] [Info] 134.611342 seconds elapsed, finished iteration 307
[LightGBM] [Debug] Trained a tree with leaves = 255 and depth = 15
[LightGBM] [Info] Iteration:308, valid_1 auc : 0.841408
[LightGBM] [Info] 135.095245 seconds elapsed, finished iteration 308
[LightGBM] [Debug] Trained a tree with leaves = 255 and depth = 19
[LightGBM] [Info] Iteration:309, valid_1 auc : 0.841414
[LightGBM] [Info] 135.360359 seconds elapsed, finished iteration 309
[LightGBM] [Debug] Trained a tree with leaves = 255 and depth = 17
[LightGBM] [Info] Iteration:310, valid_1 auc : 0.841439
[LightGBM] [Info] 135.817134 seconds elapsed, finished iteration 310
[LightGBM] [Debug] Trained a tree with leaves = 255 and depth = 19
[LightGBM] [Info] Iteration:311, valid_1 auc : 0.841482
[LightGBM] [Info] 136.185022 seconds elapsed, finished iteration 311
[LightGBM] [Debug] Trained a tree with leaves = 255 and depth = 26
[LightGBM] [Info] Iteration:312, valid_1 auc : 0.84151
[LightGBM] [Info] 136.550378 seconds elapsed, finished iteration 312
[LightGBM] [Debug] Trained a tree with leaves = 255 and depth = 19
[LightGBM] [Info] Iteration:313, valid_1 auc : 0.841524
[LightGBM] [Info] 136.829221 seconds elapsed, finished iteration 313
[LightGBM] [Debug] Trained a tree with leaves = 255 and depth = 22
[LightGBM] [Info] Iteration:314, valid_1 auc : 0.84155
[LightGBM] [Info] 137.152124 seconds elapsed, finished iteration 314
[LightGBM] [Debug] Trained a tree with leaves = 255 and depth = 17
[LightGBM] [Info] Iteration:315, valid_1 auc : 0.841554
[LightGBM] [Info] 137.406577 seconds elapsed, finished iteration 315
[LightGBM] [Debug] Trained a tree with leaves = 255 and depth = 21
[LightGBM] [Info] Iteration:316, valid_1 auc : 0.841558
[LightGBM] [Info] 137.672232 seconds elapsed, finished iteration 316
[LightGBM] [Debug] Trained a tree with leaves = 255 and depth = 20
[LightGBM] [Info] Iteration:317, valid_1 auc : 0.841572
[LightGBM] [Info] 137.968834 seconds elapsed, finished iteration 317
[LightGBM] [Debug] Trained a tree with leaves = 255 and depth = 22
[LightGBM] [Info] Iteration:318, valid_1 auc : 0.841624
[LightGBM] [Info] 138.377505 seconds elapsed, finished iteration 318
[LightGBM] [Debug] Trained a tree with leaves = 255 and depth = 21
[LightGBM] [Info] Iteration:319, valid_1 auc : 0.841637
[LightGBM] [Info] 138.666537 seconds elapsed, finished iteration 319
[LightGBM] [Debug] Trained a tree with leaves = 255 and depth = 23
[LightGBM] [Info] Iteration:320, valid_1 auc : 0.841646
[LightGBM] [Info] 138.951078 seconds elapsed, finished iteration 320
[LightGBM] [Debug] Trained a tree with leaves = 255 and depth = 22
[LightGBM] [Info] Iteration:321, valid_1 auc : 0.841648
[LightGBM] [Info] 139.241054 seconds elapsed, finished iteration 321
[LightGBM] [Debug] Trained a tree with leaves = 255 and depth = 30
[LightGBM] [Info] Iteration:322, valid_1 auc : 0.841679
[LightGBM] [Info] 139.620315 seconds elapsed, finished iteration 322
[LightGBM] [Debug] Trained a tree with leaves = 255 and depth = 26
[LightGBM] [Info] Iteration:323, valid_1 auc : 0.841686
[LightGBM] [Info] 139.885839 seconds elapsed, finished iteration 323
[LightGBM] [Debug] Trained a tree with leaves = 255 and depth = 24
[LightGBM] [Info] Iteration:324, valid_1 auc : 0.841692
[LightGBM] [Info] 140.171763 seconds elapsed, finished iteration 324
[LightGBM] [Debug] Trained a tree with leaves = 255 and depth = 24
[LightGBM] [Info] Iteration:325, valid_1 auc : 0.841696
[LightGBM] [Info] 140.420902 seconds elapsed, finished iteration 325
[LightGBM] [Debug] Trained a tree with leaves = 255 and depth = 19
[LightGBM] [Info] Iteration:326, valid_1 auc : 0.841703
[LightGBM] [Info] 140.699292 seconds elapsed, finished iteration 326
[LightGBM] [Debug] Trained a tree with leaves = 255 and depth = 23
[LightGBM] [Info] Iteration:327, valid_1 auc : 0.841712
[LightGBM] [Info] 140.975577 seconds elapsed, finished iteration 327
[LightGBM] [Debug] Trained a tree with leaves = 255 and depth = 23
[LightGBM] [Info] Iteration:328, valid_1 auc : 0.841717
[LightGBM] [Info] 141.262974 seconds elapsed, finished iteration 328
[LightGBM] [Debug] Trained a tree with leaves = 255 and depth = 19
[LightGBM] [Info] Iteration:329, valid_1 auc : 0.84172
[LightGBM] [Info] 141.547656 seconds elapsed, finished iteration 329
[LightGBM] [Debug] Trained a tree with leaves = 255 and depth = 19
[LightGBM] [Info] Iteration:330, valid_1 auc : 0.841729
[LightGBM] [Info] 141.819704 seconds elapsed, finished iteration 330
[LightGBM] [Debug] Trained a tree with leaves = 255 and depth = 22
[LightGBM] [Info] Iteration:331, valid_1 auc : 0.841739
[LightGBM] [Info] 142.100096 seconds elapsed, finished iteration 331
[LightGBM] [Debug] Trained a tree with leaves = 255 and depth = 17
[LightGBM] [Info] Iteration:332, valid_1 auc : 0.841744
[LightGBM] [Info] 142.364592 seconds elapsed, finished iteration 332
[LightGBM] [Debug] Trained a tree with leaves = 255 and depth = 21
[LightGBM] [Info] Iteration:333, valid_1 auc : 0.841773
[LightGBM] [Info] 142.701727 seconds elapsed, finished iteration 333
[LightGBM] [Debug] Trained a tree with leaves = 255 and depth = 19
[LightGBM] [Info] Iteration:334, valid_1 auc : 0.841781
[LightGBM] [Info] 142.978880 seconds elapsed, finished iteration 334
[LightGBM] [Debug] Trained a tree with leaves = 255 and depth = 17
[LightGBM] [Info] Iteration:335, valid_1 auc : 0.841798
[LightGBM] [Info] 143.425476 seconds elapsed, finished iteration 335
[LightGBM] [Debug] Trained a tree with leaves = 255 and depth = 21
[LightGBM] [Info] Iteration:336, valid_1 auc : 0.841848
[LightGBM] [Info] 143.878461 seconds elapsed, finished iteration 336
[LightGBM] [Debug] Trained a tree with leaves = 255 and depth = 20
[LightGBM] [Info] Iteration:337, valid_1 auc : 0.84188
[LightGBM] [Info] 144.176867 seconds elapsed, finished iteration 337
[LightGBM] [Debug] Trained a tree with leaves = 255 and depth = 16
[LightGBM] [Info] Iteration:338, valid_1 auc : 0.841905
[LightGBM] [Info] 144.470515 seconds elapsed, finished iteration 338
[LightGBM] [Debug] Trained a tree with leaves = 255 and depth = 21
[LightGBM] [Info] Iteration:339, valid_1 auc : 0.841927
[LightGBM] [Info] 144.760605 seconds elapsed, finished iteration 339
[LightGBM] [Debug] Trained a tree with leaves = 255 and depth = 19
[LightGBM] [Info] Iteration:340, valid_1 auc : 0.841949
[LightGBM] [Info] 145.069140 seconds elapsed, finished iteration 340
[LightGBM] [Debug] Trained a tree with leaves = 255 and depth = 22
[LightGBM] [Info] Iteration:341, valid_1 auc : 0.842033
[LightGBM] [Info] 145.497741 seconds elapsed, finished iteration 341
[LightGBM] [Debug] Trained a tree with leaves = 255 and depth = 21
[LightGBM] [Info] Iteration:342, valid_1 auc : 0.842058
[LightGBM] [Info] 145.807887 seconds elapsed, finished iteration 342
[LightGBM] [Debug] Trained a tree with leaves = 255 and depth = 21
[LightGBM] [Info] Iteration:343, valid_1 auc : 0.842074
[LightGBM] [Info] 146.085059 seconds elapsed, finished iteration 343
[LightGBM] [Debug] Trained a tree with leaves = 255 and depth = 19
[LightGBM] [Info] Iteration:344, valid_1 auc : 0.842091
[LightGBM] [Info] 146.367102 seconds elapsed, finished iteration 344
[LightGBM] [Debug] Trained a tree with leaves = 255 and depth = 19
[LightGBM] [Info] Iteration:345, valid_1 auc : 0.842111
[LightGBM] [Info] 146.676859 seconds elapsed, finished iteration 345
[LightGBM] [Debug] Trained a tree with leaves = 255 and depth = 18
[LightGBM] [Info] Iteration:346, valid_1 auc : 0.842132
[LightGBM] [Info] 147.014737 seconds elapsed, finished iteration 346
[LightGBM] [Debug] Trained a tree with leaves = 255 and depth = 19
[LightGBM] [Info] Iteration:347, valid_1 auc : 0.842167
[LightGBM] [Info] 147.346143 seconds elapsed, finished iteration 347
[LightGBM] [Debug] Trained a tree with leaves = 255 and depth = 18
[LightGBM] [Info] Iteration:348, valid_1 auc : 0.842178
[LightGBM] [Info] 147.649649 seconds elapsed, finished iteration 348
[LightGBM] [Debug] Trained a tree with leaves = 255 and depth = 18
[LightGBM] [Info] Iteration:349, valid_1 auc : 0.842193
[LightGBM] [Info] 147.942508 seconds elapsed, finished iteration 349
[LightGBM] [Debug] Trained a tree with leaves = 255 and depth = 21
[LightGBM] [Info] Iteration:350, valid_1 auc : 0.842206
[LightGBM] [Info] 148.215010 seconds elapsed, finished iteration 350
[LightGBM] [Debug] Trained a tree with leaves = 255 and depth = 18
[LightGBM] [Info] Iteration:351, valid_1 auc : 0.842219
[LightGBM] [Info] 148.522892 seconds elapsed, finished iteration 351
[LightGBM] [Debug] Trained a tree with leaves = 255 and depth = 20
[LightGBM] [Info] Iteration:352, valid_1 auc : 0.842244
[LightGBM] [Info] 148.817285 seconds elapsed, finished iteration 352
[LightGBM] [Debug] Trained a tree with leaves = 255 and depth = 21
[LightGBM] [Info] Iteration:353, valid_1 auc : 0.842259
[LightGBM] [Info] 149.092720 seconds elapsed, finished iteration 353
[LightGBM] [Debug] Trained a tree with leaves = 255 and depth = 24
[LightGBM] [Info] Iteration:354, valid_1 auc : 0.842267
[LightGBM] [Info] 149.371854 seconds elapsed, finished iteration 354
[LightGBM] [Debug] Trained a tree with leaves = 255 and depth = 26
[LightGBM] [Info] Iteration:355, valid_1 auc : 0.842281
[LightGBM] [Info] 149.668450 seconds elapsed, finished iteration 355
[LightGBM] [Debug] Trained a tree with leaves = 255 and depth = 21
[LightGBM] [Info] Iteration:356, valid_1 auc : 0.842289
[LightGBM] [Info] 149.960187 seconds elapsed, finished iteration 356
[LightGBM] [Debug] Trained a tree with leaves = 255 and depth = 20
[LightGBM] [Info] Iteration:357, valid_1 auc : 0.842306
[LightGBM] [Info] 150.257497 seconds elapsed, finished iteration 357
[LightGBM] [Debug] Trained a tree with leaves = 255 and depth = 21
[LightGBM] [Info] Iteration:358, valid_1 auc : 0.842314
[LightGBM] [Info] 150.547646 seconds elapsed, finished iteration 358
[LightGBM] [Debug] Trained a tree with leaves = 255 and depth = 23
[LightGBM] [Info] Iteration:359, valid_1 auc : 0.842323
[LightGBM] [Info] 150.845678 seconds elapsed, finished iteration 359
[LightGBM] [Debug] Trained a tree with leaves = 255 and depth = 18
[LightGBM] [Info] Iteration:360, valid_1 auc : 0.84234
[LightGBM] [Info] 151.139571 seconds elapsed, finished iteration 360
[LightGBM] [Debug] Trained a tree with leaves = 255 and depth = 18
[LightGBM] [Info] Iteration:361, valid_1 auc : 0.84235
[LightGBM] [Info] 151.438032 seconds elapsed, finished iteration 361
[LightGBM] [Debug] Trained a tree with leaves = 255 and depth = 27
[LightGBM] [Info] Iteration:362, valid_1 auc : 0.842359
[LightGBM] [Info] 151.727572 seconds elapsed, finished iteration 362
[LightGBM] [Debug] Trained a tree with leaves = 255 and depth = 19
[LightGBM] [Info] Iteration:363, valid_1 auc : 0.842365
[LightGBM] [Info] 152.014676 seconds elapsed, finished iteration 363
[LightGBM] [Debug] Trained a tree with leaves = 255 and depth = 18
[LightGBM] [Info] Iteration:364, valid_1 auc : 0.842434
[LightGBM] [Info] 152.479468 seconds elapsed, finished iteration 364
[LightGBM] [Debug] Trained a tree with leaves = 255 and depth = 22
[LightGBM] [Info] Iteration:365, valid_1 auc : 0.842441
[LightGBM] [Info] 152.777430 seconds elapsed, finished iteration 365
[LightGBM] [Debug] Trained a tree with leaves = 255 and depth = 20
[LightGBM] [Info] Iteration:366, valid_1 auc : 0.84246
[LightGBM] [Info] 153.085948 seconds elapsed, finished iteration 366
[LightGBM] [Debug] Trained a tree with leaves = 255 and depth = 23
[LightGBM] [Info] Iteration:367, valid_1 auc : 0.842463
[LightGBM] [Info] 153.373117 seconds elapsed, finished iteration 367
[LightGBM] [Debug] Trained a tree with leaves = 255 and depth = 20
[LightGBM] [Info] Iteration:368, valid_1 auc : 0.842471
[LightGBM] [Info] 153.670305 seconds elapsed, finished iteration 368
[LightGBM] [Debug] Trained a tree with leaves = 255 and depth = 21
[LightGBM] [Info] Iteration:369, valid_1 auc : 0.842485
[LightGBM] [Info] 154.082347 seconds elapsed, finished iteration 369
[LightGBM] [Debug] Trained a tree with leaves = 255 and depth = 22
[LightGBM] [Info] Iteration:370, valid_1 auc : 0.842504
[LightGBM] [Info] 154.428021 seconds elapsed, finished iteration 370
[LightGBM] [Debug] Trained a tree with leaves = 255 and depth = 20
[LightGBM] [Info] Iteration:371, valid_1 auc : 0.842533
[LightGBM] [Info] 154.813032 seconds elapsed, finished iteration 371
[LightGBM] [Debug] Trained a tree with leaves = 255 and depth = 27
[LightGBM] [Info] Iteration:372, valid_1 auc : 0.842544
[LightGBM] [Info] 155.131617 seconds elapsed, finished iteration 372
[LightGBM] [Debug] Trained a tree with leaves = 255 and depth = 25
[LightGBM] [Info] Iteration:373, valid_1 auc : 0.84255
[LightGBM] [Info] 155.419471 seconds elapsed, finished iteration 373
[LightGBM] [Debug] Trained a tree with leaves = 255 and depth = 19
[LightGBM] [Info] Iteration:374, valid_1 auc : 0.842564
[LightGBM] [Info] 155.769396 seconds elapsed, finished iteration 374
[LightGBM] [Debug] Trained a tree with leaves = 255 and depth = 19
[LightGBM] [Info] Iteration:375, valid_1 auc : 0.842616
[LightGBM] [Info] 156.276926 seconds elapsed, finished iteration 375
[LightGBM] [Debug] Trained a tree with leaves = 255 and depth = 20
[LightGBM] [Info] Iteration:376, valid_1 auc : 0.842644
[LightGBM] [Info] 156.669676 seconds elapsed, finished iteration 376
[LightGBM] [Debug] Trained a tree with leaves = 255 and depth = 22
[LightGBM] [Info] Iteration:377, valid_1 auc : 0.842651
[LightGBM] [Info] 156.947402 seconds elapsed, finished iteration 377
[LightGBM] [Debug] Trained a tree with leaves = 255 and depth = 20
[LightGBM] [Info] Iteration:378, valid_1 auc : 0.842656
[LightGBM] [Info] 157.229527 seconds elapsed, finished iteration 378
[LightGBM] [Debug] Trained a tree with leaves = 255 and depth = 26
[LightGBM] [Info] Iteration:379, valid_1 auc : 0.842663
[LightGBM] [Info] 157.538370 seconds elapsed, finished iteration 379
[LightGBM] [Debug] Trained a tree with leaves = 255 and depth = 20
[LightGBM] [Info] Iteration:380, valid_1 auc : 0.842666
[LightGBM] [Info] 157.810217 seconds elapsed, finished iteration 380
[LightGBM] [Debug] Trained a tree with leaves = 255 and depth = 23
[LightGBM] [Info] Iteration:381, valid_1 auc : 0.842671
[LightGBM] [Info] 158.093796 seconds elapsed, finished iteration 381
[LightGBM] [Debug] Trained a tree with leaves = 255 and depth = 19
[LightGBM] [Info] Iteration:382, valid_1 auc : 0.842678
[LightGBM] [Info] 158.421846 seconds elapsed, finished iteration 382
[LightGBM] [Debug] Trained a tree with leaves = 255 and depth = 22
[LightGBM] [Info] Iteration:383, valid_1 auc : 0.842711
[LightGBM] [Info] 158.874153 seconds elapsed, finished iteration 383
[LightGBM] [Debug] Trained a tree with leaves = 255 and depth = 27
[LightGBM] [Info] Iteration:384, valid_1 auc : 0.842717
[LightGBM] [Info] 159.188289 seconds elapsed, finished iteration 384
[LightGBM] [Debug] Trained a tree with leaves = 255 and depth = 20
[LightGBM] [Info] Iteration:385, valid_1 auc : 0.842719
[LightGBM] [Info] 159.457244 seconds elapsed, finished iteration 385
[LightGBM] [Debug] Trained a tree with leaves = 255 and depth = 23
[LightGBM] [Info] Iteration:386, valid_1 auc : 0.842722
[LightGBM] [Info] 159.733553 seconds elapsed, finished iteration 386
[LightGBM] [Debug] Trained a tree with leaves = 255 and depth = 22
[LightGBM] [Info] Iteration:387, valid_1 auc : 0.842725
[LightGBM] [Info] 160.009123 seconds elapsed, finished iteration 387
[LightGBM] [Debug] Trained a tree with leaves = 255 and depth = 21
[LightGBM] [Info] Iteration:388, valid_1 auc : 0.842731
[LightGBM] [Info] 160.287906 seconds elapsed, finished iteration 388
[LightGBM] [Debug] Trained a tree with leaves = 255 and depth = 23
[LightGBM] [Info] Iteration:389, valid_1 auc : 0.842734
[LightGBM] [Info] 160.577250 seconds elapsed, finished iteration 389
[LightGBM] [Debug] Trained a tree with leaves = 255 and depth = 17
[LightGBM] [Info] Iteration:390, valid_1 auc : 0.842738
[LightGBM] [Info] 160.866250 seconds elapsed, finished iteration 390
[LightGBM] [Debug] Trained a tree with leaves = 255 and depth = 27
[LightGBM] [Info] Iteration:391, valid_1 auc : 0.84274
[LightGBM] [Info] 161.136393 seconds elapsed, finished iteration 391
[LightGBM] [Debug] Trained a tree with leaves = 255 and depth = 18
[LightGBM] [Info] Iteration:392, valid_1 auc : 0.842755
[LightGBM] [Info] 161.446946 seconds elapsed, finished iteration 392
[LightGBM] [Debug] Trained a tree with leaves = 255 and depth = 26
[LightGBM] [Info] Iteration:393, valid_1 auc : 0.842757
[LightGBM] [Info] 161.728390 seconds elapsed, finished iteration 393
[LightGBM] [Debug] Trained a tree with leaves = 255 and depth = 18
[LightGBM] [Info] Iteration:394, valid_1 auc : 0.842777
[LightGBM] [Info] 162.050775 seconds elapsed, finished iteration 394
[LightGBM] [Debug] Trained a tree with leaves = 255 and depth = 21
[LightGBM] [Info] Iteration:395, valid_1 auc : 0.842788
[LightGBM] [Info] 162.308696 seconds elapsed, finished iteration 395
[LightGBM] [Debug] Trained a tree with leaves = 255 and depth = 19
[LightGBM] [Info] Iteration:396, valid_1 auc : 0.842802
[LightGBM] [Info] 162.636683 seconds elapsed, finished iteration 396
[LightGBM] [Debug] Trained a tree with leaves = 255 and depth = 17
[LightGBM] [Info] Iteration:397, valid_1 auc : 0.842807
[LightGBM] [Info] 162.908086 seconds elapsed, finished iteration 397
[LightGBM] [Debug] Trained a tree with leaves = 255 and depth = 17
[LightGBM] [Info] Iteration:398, valid_1 auc : 0.842814
[LightGBM] [Info] 163.183381 seconds elapsed, finished iteration 398
[LightGBM] [Debug] Trained a tree with leaves = 255 and depth = 17
[LightGBM] [Info] Iteration:399, valid_1 auc : 0.842823
[LightGBM] [Info] 163.497838 seconds elapsed, finished iteration 399
[LightGBM] [Debug] Trained a tree with leaves = 255 and depth = 23
[LightGBM] [Info] Iteration:400, valid_1 auc : 0.842829
[LightGBM] [Info] 163.764958 seconds elapsed, finished iteration 400
[LightGBM] [Debug] Trained a tree with leaves = 255 and depth = 21
[LightGBM] [Info] Iteration:401, valid_1 auc : 0.842832
[LightGBM] [Info] 164.025170 seconds elapsed, finished iteration 401
[LightGBM] [Debug] Trained a tree with leaves = 255 and depth = 17
[LightGBM] [Info] Iteration:402, valid_1 auc : 0.842845
[LightGBM] [Info] 164.295648 seconds elapsed, finished iteration 402
[LightGBM] [Debug] Trained a tree with leaves = 255 and depth = 21
[LightGBM] [Info] Iteration:403, valid_1 auc : 0.84286
[LightGBM] [Info] 164.594104 seconds elapsed, finished iteration 403
[LightGBM] [Debug] Trained a tree with leaves = 255 and depth = 19
[LightGBM] [Info] Iteration:404, valid_1 auc : 0.842865
[LightGBM] [Info] 164.867760 seconds elapsed, finished iteration 404
[LightGBM] [Debug] Trained a tree with leaves = 255 and depth = 24
[LightGBM] [Info] Iteration:405, valid_1 auc : 0.842872
[LightGBM] [Info] 165.127287 seconds elapsed, finished iteration 405
[LightGBM] [Debug] Trained a tree with leaves = 255 and depth = 21
[LightGBM] [Info] Iteration:406, valid_1 auc : 0.84289
[LightGBM] [Info] 165.433214 seconds elapsed, finished iteration 406
[LightGBM] [Debug] Trained a tree with leaves = 255 and depth = 19
[LightGBM] [Info] Iteration:407, valid_1 auc : 0.842923
[LightGBM] [Info] 165.874281 seconds elapsed, finished iteration 407
[LightGBM] [Debug] Trained a tree with leaves = 255 and depth = 26
[LightGBM] [Info] Iteration:408, valid_1 auc : 0.842925
[LightGBM] [Info] 166.169371 seconds elapsed, finished iteration 408
[LightGBM] [Debug] Trained a tree with leaves = 255 and depth = 22
[LightGBM] [Info] Iteration:409, valid_1 auc : 0.842935
[LightGBM] [Info] 166.472693 seconds elapsed, finished iteration 409
[LightGBM] [Debug] Trained a tree with leaves = 255 and depth = 21
[LightGBM] [Info] Iteration:410, valid_1 auc : 0.842936
[LightGBM] [Info] 166.738184 seconds elapsed, finished iteration 410
[LightGBM] [Debug] Trained a tree with leaves = 255 and depth = 22
[LightGBM] [Info] Iteration:411, valid_1 auc : 0.84294
[LightGBM] [Info] 167.007856 seconds elapsed, finished iteration 411
[LightGBM] [Debug] Trained a tree with leaves = 255 and depth = 18
[LightGBM] [Info] Iteration:412, valid_1 auc : 0.843021
[LightGBM] [Info] 167.533661 seconds elapsed, finished iteration 412
[LightGBM] [Debug] Trained a tree with leaves = 255 and depth = 20
[LightGBM] [Info] Iteration:413, valid_1 auc : 0.843055
[LightGBM] [Info] 167.974771 seconds elapsed, finished iteration 413
[LightGBM] [Debug] Trained a tree with leaves = 255 and depth = 24
[LightGBM] [Info] Iteration:414, valid_1 auc : 0.843097
[LightGBM] [Info] 168.332301 seconds elapsed, finished iteration 414
[LightGBM] [Debug] Trained a tree with leaves = 255 and depth = 21
[LightGBM] [Info] Iteration:415, valid_1 auc : 0.843109
[LightGBM] [Info] 168.597745 seconds elapsed, finished iteration 415
[LightGBM] [Debug] Trained a tree with leaves = 255 and depth = 22
[LightGBM] [Info] Iteration:416, valid_1 auc : 0.843112
[LightGBM] [Info] 168.876136 seconds elapsed, finished iteration 416
[LightGBM] [Debug] Trained a tree with leaves = 255 and depth = 19
[LightGBM] [Info] Iteration:417, valid_1 auc : 0.843117
[LightGBM] [Info] 169.141950 seconds elapsed, finished iteration 417
[LightGBM] [Debug] Trained a tree with leaves = 255 and depth = 19
[LightGBM] [Info] Iteration:418, valid_1 auc : 0.843127
[LightGBM] [Info] 169.404750 seconds elapsed, finished iteration 418
[LightGBM] [Debug] Trained a tree with leaves = 255 and depth = 23
[LightGBM] [Info] Iteration:419, valid_1 auc : 0.843145
[LightGBM] [Info] 169.841131 seconds elapsed, finished iteration 419
[LightGBM] [Debug] Trained a tree with leaves = 255 and depth = 27
[LightGBM] [Info] Iteration:420, valid_1 auc : 0.843169
[LightGBM] [Info] 170.185989 seconds elapsed, finished iteration 420
[LightGBM] [Debug] Trained a tree with leaves = 255 and depth = 26
[LightGBM] [Info] Iteration:421, valid_1 auc : 0.84317
[LightGBM] [Info] 170.484873 seconds elapsed, finished iteration 421
[LightGBM] [Debug] Trained a tree with leaves = 255 and depth = 23
[LightGBM] [Info] Iteration:422, valid_1 auc : 0.84317
[LightGBM] [Info] 170.757351 seconds elapsed, finished iteration 422
[LightGBM] [Debug] Trained a tree with leaves = 255 and depth = 22
[LightGBM] [Info] Iteration:423, valid_1 auc : 0.843174
[LightGBM] [Info] 171.023449 seconds elapsed, finished iteration 423
[LightGBM] [Debug] Trained a tree with leaves = 255 and depth = 20
[LightGBM] [Info] Iteration:424, valid_1 auc : 0.843178
[LightGBM] [Info] 171.295130 seconds elapsed, finished iteration 424
[LightGBM] [Debug] Trained a tree with leaves = 255 and depth = 19
[LightGBM] [Info] Iteration:425, valid_1 auc : 0.843181
[LightGBM] [Info] 171.550362 seconds elapsed, finished iteration 425
[LightGBM] [Debug] Trained a tree with leaves = 255 and depth = 27
[LightGBM] [Info] Iteration:426, valid_1 auc : 0.843189
[LightGBM] [Info] 171.824618 seconds elapsed, finished iteration 426
[LightGBM] [Debug] Trained a tree with leaves = 255 and depth = 16
[LightGBM] [Info] Iteration:427, valid_1 auc : 0.843206
[LightGBM] [Info] 172.104217 seconds elapsed, finished iteration 427
[LightGBM] [Debug] Trained a tree with leaves = 255 and depth = 27
[LightGBM] [Info] Iteration:428, valid_1 auc : 0.843213
[LightGBM] [Info] 172.362673 seconds elapsed, finished iteration 428
[LightGBM] [Debug] Trained a tree with leaves = 255 and depth = 24
[LightGBM] [Info] Iteration:429, valid_1 auc : 0.843218
[LightGBM] [Info] 172.621779 seconds elapsed, finished iteration 429
[LightGBM] [Debug] Trained a tree with leaves = 255 and depth = 21
[LightGBM] [Info] Iteration:430, valid_1 auc : 0.843252
[LightGBM] [Info] 173.074543 seconds elapsed, finished iteration 430
[LightGBM] [Debug] Trained a tree with leaves = 255 and depth = 18
[LightGBM] [Info] Iteration:431, valid_1 auc : 0.843285
[LightGBM] [Info] 173.427958 seconds elapsed, finished iteration 431
[LightGBM] [Debug] Trained a tree with leaves = 255 and depth = 24
[LightGBM] [Info] Iteration:432, valid_1 auc : 0.843286
[LightGBM] [Info] 173.708256 seconds elapsed, finished iteration 432
[LightGBM] [Debug] Trained a tree with leaves = 255 and depth = 21
[LightGBM] [Info] Iteration:433, valid_1 auc : 0.843294
[LightGBM] [Info] 173.982881 seconds elapsed, finished iteration 433
[LightGBM] [Debug] Trained a tree with leaves = 255 and depth = 16
[LightGBM] [Info] Iteration:434, valid_1 auc : 0.843334
[LightGBM] [Info] 174.389544 seconds elapsed, finished iteration 434
[LightGBM] [Debug] Trained a tree with leaves = 255 and depth = 22
[LightGBM] [Info] Iteration:435, valid_1 auc : 0.84334
[LightGBM] [Info] 174.665902 seconds elapsed, finished iteration 435
[LightGBM] [Debug] Trained a tree with leaves = 255 and depth = 24
[LightGBM] [Info] Iteration:436, valid_1 auc : 0.843345
[LightGBM] [Info] 174.922692 seconds elapsed, finished iteration 436
[LightGBM] [Debug] Trained a tree with leaves = 255 and depth = 21
[LightGBM] [Info] Iteration:437, valid_1 auc : 0.843348
[LightGBM] [Info] 175.194655 seconds elapsed, finished iteration 437
[LightGBM] [Debug] Trained a tree with leaves = 255 and depth = 17
[LightGBM] [Info] Iteration:438, valid_1 auc : 0.843358
[LightGBM] [Info] 175.455834 seconds elapsed, finished iteration 438
[LightGBM] [Debug] Trained a tree with leaves = 255 and depth = 25
[LightGBM] [Info] Iteration:439, valid_1 auc : 0.843361
[LightGBM] [Info] 175.735956 seconds elapsed, finished iteration 439
[LightGBM] [Debug] Trained a tree with leaves = 255 and depth = 23
[LightGBM] [Info] Iteration:440, valid_1 auc : 0.843386
[LightGBM] [Info] 176.091559 seconds elapsed, finished iteration 440
[LightGBM] [Debug] Trained a tree with leaves = 255 and depth = 24
[LightGBM] [Info] Iteration:441, valid_1 auc : 0.843395
[LightGBM] [Info] 176.359892 seconds elapsed, finished iteration 441
[LightGBM] [Debug] Trained a tree with leaves = 255 and depth = 23
[LightGBM] [Info] Iteration:442, valid_1 auc : 0.84342
[LightGBM] [Info] 176.695631 seconds elapsed, finished iteration 442
[LightGBM] [Debug] Trained a tree with leaves = 255 and depth = 19
[LightGBM] [Info] Iteration:443, valid_1 auc : 0.843429
[LightGBM] [Info] 176.983464 seconds elapsed, finished iteration 443
[LightGBM] [Debug] Trained a tree with leaves = 255 and depth = 21
[LightGBM] [Info] Iteration:444, valid_1 auc : 0.843428
[LightGBM] [Info] 177.233363 seconds elapsed, finished iteration 444
[LightGBM] [Debug] Trained a tree with leaves = 255 and depth = 20
[LightGBM] [Info] Iteration:445, valid_1 auc : 0.843431
[LightGBM] [Info] 177.493217 seconds elapsed, finished iteration 445
[LightGBM] [Debug] Trained a tree with leaves = 255 and depth = 24
[LightGBM] [Info] Iteration:446, valid_1 auc : 0.843437
[LightGBM] [Info] 177.749938 seconds elapsed, finished iteration 446
[LightGBM] [Debug] Trained a tree with leaves = 255 and depth = 27
[LightGBM] [Info] Iteration:447, valid_1 auc : 0.843437
[LightGBM] [Info] 178.007569 seconds elapsed, finished iteration 447
[LightGBM] [Debug] Trained a tree with leaves = 255 and depth = 23
[LightGBM] [Info] Iteration:448, valid_1 auc : 0.843444
[LightGBM] [Info] 178.251984 seconds elapsed, finished iteration 448
[LightGBM] [Debug] Trained a tree with leaves = 255 and depth = 22
[LightGBM] [Info] Iteration:449, valid_1 auc : 0.843451
[LightGBM] [Info] 178.475521 seconds elapsed, finished iteration 449
[LightGBM] [Debug] Trained a tree with leaves = 255 and depth = 22
[LightGBM] [Info] Iteration:450, valid_1 auc : 0.84348
[LightGBM] [Info] 178.895384 seconds elapsed, finished iteration 450
[LightGBM] [Debug] Trained a tree with leaves = 255 and depth = 25
[LightGBM] [Info] Iteration:451, valid_1 auc : 0.84351
[LightGBM] [Info] 179.222068 seconds elapsed, finished iteration 451
[LightGBM] [Debug] Trained a tree with leaves = 255 and depth = 22
[LightGBM] [Info] Iteration:452, valid_1 auc : 0.843519
[LightGBM] [Info] 179.507304 seconds elapsed, finished iteration 452
[LightGBM] [Debug] Trained a tree with leaves = 255 and depth = 21
[LightGBM] [Info] Iteration:453, valid_1 auc : 0.843533
[LightGBM] [Info] 179.889569 seconds elapsed, finished iteration 453
[LightGBM] [Debug] Trained a tree with leaves = 255 and depth = 18
[LightGBM] [Info] Iteration:454, valid_1 auc : 0.843542
[LightGBM] [Info] 180.141710 seconds elapsed, finished iteration 454
[LightGBM] [Debug] Trained a tree with leaves = 255 and depth = 22
[LightGBM] [Info] Iteration:455, valid_1 auc : 0.843544
[LightGBM] [Info] 180.395235 seconds elapsed, finished iteration 455
[LightGBM] [Debug] Trained a tree with leaves = 255 and depth = 20
[LightGBM] [Info] Iteration:456, valid_1 auc : 0.843551
[LightGBM] [Info] 180.636176 seconds elapsed, finished iteration 456
[LightGBM] [Debug] Trained a tree with leaves = 255 and depth = 20
[LightGBM] [Info] Iteration:457, valid_1 auc : 0.843555
[LightGBM] [Info] 180.919230 seconds elapsed, finished iteration 457
[LightGBM] [Debug] Trained a tree with leaves = 255 and depth = 23
[LightGBM] [Info] Iteration:458, valid_1 auc : 0.843558
[LightGBM] [Info] 181.176097 seconds elapsed, finished iteration 458
[LightGBM] [Debug] Trained a tree with leaves = 255 and depth = 16
[LightGBM] [Info] Iteration:459, valid_1 auc : 0.84356
[LightGBM] [Info] 181.445750 seconds elapsed, finished iteration 459
[LightGBM] [Debug] Trained a tree with leaves = 255 and depth = 22
[LightGBM] [Info] Iteration:460, valid_1 auc : 0.843561
[LightGBM] [Info] 181.723049 seconds elapsed, finished iteration 460
[LightGBM] [Debug] Trained a tree with leaves = 255 and depth = 23
[LightGBM] [Info] Iteration:461, valid_1 auc : 0.843562
[LightGBM] [Info] 181.978501 seconds elapsed, finished iteration 461
[LightGBM] [Debug] Trained a tree with leaves = 255 and depth = 23
[LightGBM] [Info] Iteration:462, valid_1 auc : 0.843567
[LightGBM] [Info] 182.239537 seconds elapsed, finished iteration 462
[LightGBM] [Debug] Trained a tree with leaves = 255 and depth = 23
[LightGBM] [Info] Iteration:463, valid_1 auc : 0.8436
[LightGBM] [Info] 182.629917 seconds elapsed, finished iteration 463
[LightGBM] [Debug] Trained a tree with leaves = 255 and depth = 22
[LightGBM] [Info] Iteration:464, valid_1 auc : 0.843616
[LightGBM] [Info] 182.974378 seconds elapsed, finished iteration 464
[LightGBM] [Debug] Trained a tree with leaves = 255 and depth = 23
[LightGBM] [Info] Iteration:465, valid_1 auc : 0.84362
[LightGBM] [Info] 183.207027 seconds elapsed, finished iteration 465
[LightGBM] [Debug] Trained a tree with leaves = 255 and depth = 24
[LightGBM] [Info] Iteration:466, valid_1 auc : 0.843625
[LightGBM] [Info] 183.471019 seconds elapsed, finished iteration 466
[LightGBM] [Debug] Trained a tree with leaves = 255 and depth = 20
[LightGBM] [Info] Iteration:467, valid_1 auc : 0.843634
[LightGBM] [Info] 183.764175 seconds elapsed, finished iteration 467
[LightGBM] [Debug] Trained a tree with leaves = 255 and depth = 22
[LightGBM] [Info] Iteration:468, valid_1 auc : 0.843641
[LightGBM] [Info] 184.034183 seconds elapsed, finished iteration 468
[LightGBM] [Debug] Trained a tree with leaves = 255 and depth = 21
[LightGBM] [Info] Iteration:469, valid_1 auc : 0.843643
[LightGBM] [Info] 184.298965 seconds elapsed, finished iteration 469
[LightGBM] [Debug] Trained a tree with leaves = 255 and depth = 23
[LightGBM] [Info] Iteration:470, valid_1 auc : 0.843647
[LightGBM] [Info] 184.563053 seconds elapsed, finished iteration 470
[LightGBM] [Debug] Trained a tree with leaves = 255 and depth = 23
[LightGBM] [Info] Iteration:471, valid_1 auc : 0.843646
[LightGBM] [Info] 184.836695 seconds elapsed, finished iteration 471
[LightGBM] [Debug] Trained a tree with leaves = 255 and depth = 18
[LightGBM] [Info] Iteration:472, valid_1 auc : 0.843666
[LightGBM] [Info] 185.205567 seconds elapsed, finished iteration 472
[LightGBM] [Debug] Trained a tree with leaves = 255 and depth = 22
[LightGBM] [Info] Iteration:473, valid_1 auc : 0.843672
[LightGBM] [Info] 185.474391 seconds elapsed, finished iteration 473
[LightGBM] [Debug] Trained a tree with leaves = 255 and depth = 23
[LightGBM] [Info] Iteration:474, valid_1 auc : 0.843674
[LightGBM] [Info] 185.754475 seconds elapsed, finished iteration 474
[LightGBM] [Debug] Trained a tree with leaves = 255 and depth = 19
[LightGBM] [Info] Iteration:475, valid_1 auc : 0.843682
[LightGBM] [Info] 186.060528 seconds elapsed, finished iteration 475
[LightGBM] [Debug] Trained a tree with leaves = 255 and depth = 20
[LightGBM] [Info] Iteration:476, valid_1 auc : 0.843685
[LightGBM] [Info] 186.351464 seconds elapsed, finished iteration 476
[LightGBM] [Debug] Trained a tree with leaves = 255 and depth = 24
[LightGBM] [Info] Iteration:477, valid_1 auc : 0.843688
[LightGBM] [Info] 186.609165 seconds elapsed, finished iteration 477
[LightGBM] [Debug] Trained a tree with leaves = 255 and depth = 24
[LightGBM] [Info] Iteration:478, valid_1 auc : 0.843689
[LightGBM] [Info] 186.868112 seconds elapsed, finished iteration 478
[LightGBM] [Debug] Trained a tree with leaves = 255 and depth = 23
[LightGBM] [Info] Iteration:479, valid_1 auc : 0.843688
[LightGBM] [Info] 187.146499 seconds elapsed, finished iteration 479
[LightGBM] [Debug] Trained a tree with leaves = 255 and depth = 19
[LightGBM] [Info] Iteration:480, valid_1 auc : 0.843692
[LightGBM] [Info] 187.405258 seconds elapsed, finished iteration 480
[LightGBM] [Debug] Trained a tree with leaves = 255 and depth = 20
[LightGBM] [Info] Iteration:481, valid_1 auc : 0.843694
[LightGBM] [Info] 187.695193 seconds elapsed, finished iteration 481
[LightGBM] [Debug] Trained a tree with leaves = 255 and depth = 19
[LightGBM] [Info] Iteration:482, valid_1 auc : 0.843695
[LightGBM] [Info] 187.972603 seconds elapsed, finished iteration 482
[LightGBM] [Debug] Trained a tree with leaves = 255 and depth = 21
[LightGBM] [Info] Iteration:483, valid_1 auc : 0.843699
[LightGBM] [Info] 188.237132 seconds elapsed, finished iteration 483
[LightGBM] [Debug] Trained a tree with leaves = 255 and depth = 20
[LightGBM] [Info] Iteration:484, valid_1 auc : 0.843704
[LightGBM] [Info] 188.544338 seconds elapsed, finished iteration 484
[LightGBM] [Debug] Trained a tree with leaves = 255 and depth = 19
[LightGBM] [Info] Iteration:485, valid_1 auc : 0.84371
[LightGBM] [Info] 188.864295 seconds elapsed, finished iteration 485
[LightGBM] [Debug] Trained a tree with leaves = 255 and depth = 19
[LightGBM] [Info] Iteration:486, valid_1 auc : 0.843712
[LightGBM] [Info] 189.127022 seconds elapsed, finished iteration 486
[LightGBM] [Debug] Trained a tree with leaves = 255 and depth = 26
[LightGBM] [Info] Iteration:487, valid_1 auc : 0.843713
[LightGBM] [Info] 189.395046 seconds elapsed, finished iteration 487
[LightGBM] [Debug] Trained a tree with leaves = 255 and depth = 21
[LightGBM] [Info] Iteration:488, valid_1 auc : 0.843717
[LightGBM] [Info] 189.666390 seconds elapsed, finished iteration 488
[LightGBM] [Debug] Trained a tree with leaves = 255 and depth = 20
[LightGBM] [Info] Iteration:489, valid_1 auc : 0.843718
[LightGBM] [Info] 189.939239 seconds elapsed, finished iteration 489
[LightGBM] [Debug] Trained a tree with leaves = 255 and depth = 27
[LightGBM] [Info] Iteration:490, valid_1 auc : 0.843717
[LightGBM] [Info] 190.215885 seconds elapsed, finished iteration 490
[LightGBM] [Debug] Trained a tree with leaves = 255 and depth = 25
[LightGBM] [Info] Iteration:491, valid_1 auc : 0.843719
[LightGBM] [Info] 190.480559 seconds elapsed, finished iteration 491
[LightGBM] [Debug] Trained a tree with leaves = 255 and depth = 30
[LightGBM] [Info] Iteration:492, valid_1 auc : 0.843719
[LightGBM] [Info] 190.739034 seconds elapsed, finished iteration 492
[LightGBM] [Debug] Trained a tree with leaves = 255 and depth = 23
[LightGBM] [Info] Iteration:493, valid_1 auc : 0.843724
[LightGBM] [Info] 191.001749 seconds elapsed, finished iteration 493
[LightGBM] [Debug] Trained a tree with leaves = 255 and depth = 20
[LightGBM] [Info] Iteration:494, valid_1 auc : 0.843723
[LightGBM] [Info] 191.290053 seconds elapsed, finished iteration 494
[LightGBM] [Debug] Trained a tree with leaves = 255 and depth = 19
[LightGBM] [Info] Iteration:495, valid_1 auc : 0.843724
[LightGBM] [Info] 191.583858 seconds elapsed, finished iteration 495
[LightGBM] [Debug] Trained a tree with leaves = 255 and depth = 31
[LightGBM] [Info] Iteration:496, valid_1 auc : 0.843729
[LightGBM] [Info] 191.852349 seconds elapsed, finished iteration 496
[LightGBM] [Debug] Trained a tree with leaves = 255 and depth = 26
[LightGBM] [Info] Iteration:497, valid_1 auc : 0.84373
[LightGBM] [Info] 192.110794 seconds elapsed, finished iteration 497
[LightGBM] [Debug] Trained a tree with leaves = 255 and depth = 18
[LightGBM] [Info] Iteration:498, valid_1 auc : 0.843755
[LightGBM] [Info] 192.500121 seconds elapsed, finished iteration 498
[LightGBM] [Debug] Trained a tree with leaves = 255 and depth = 20
[LightGBM] [Info] Iteration:499, valid_1 auc : 0.843773
[LightGBM] [Info] 192.840009 seconds elapsed, finished iteration 499
[LightGBM] [Debug] Trained a tree with leaves = 255 and depth = 22
[LightGBM] [Info] Iteration:500, valid_1 auc : 0.843773
[LightGBM] [Info] 193.115137 seconds elapsed, finished iteration 500
[LightGBM] [Info] Finished training
