[LightGBM] [Warning] use_discretized_grad is set=true, use_discretized_grad=true will be ignored. Current value: use_discretized_grad=true
[LightGBM] [Warning] discretized_grad_renew is set=true, discretized_grad_renew=true will be ignored. Current value: discretized_grad_renew=true
[LightGBM] [Info] Finished loading parameters
[LightGBM] [Debug] Loading train file...
[LightGBM] [Debug] Read 10.0 GBs from /data/shiyu/boosting_tree_benchmarks/data//criteo.train.
[LightGBM] [Debug] Read 20.0 GBs from /data/shiyu/boosting_tree_benchmarks/data//criteo.train.
[LightGBM] [Debug] Read 30.0 GBs from /data/shiyu/boosting_tree_benchmarks/data//criteo.train.
[LightGBM] [Info] Construct bin mappers from text data time 3.79 seconds
[LightGBM] [Debug] Loading validation file #1...
[LightGBM] [Info] Finished loading data in 117.971068 seconds
[LightGBM] [Info] Number of positive: 10556897, number of negative: 30699658
[LightGBM] [Debug] Dataset::GetMultiBinFromAllFeatures: sparse rate 0.061848
[LightGBM] [Info] Total Bins 11446
[LightGBM] [Info] Number of data points in the train set: 41256555, number of used features: 65
[LightGBM] [Debug] Number of data points in validation set #1: 4584061
[LightGBM] [Info] Finished initializing training
[LightGBM] [Info] Started training...
[LightGBM] [Info] [binary:BoostFromScore]: pavg=0.255884 -> initscore=-1.067472
[LightGBM] [Info] Start training from score -1.067472
[LightGBM] [Debug] Trained a tree with leaves = 255 and depth = 13
[LightGBM] [Info] Iteration:1, valid_1 auc : 0.758264
[LightGBM] [Info] 3.446660 seconds elapsed, finished iteration 1
[LightGBM] [Debug] Trained a tree with leaves = 255 and depth = 14
[LightGBM] [Info] Iteration:2, valid_1 auc : 0.76065
[LightGBM] [Info] 6.444068 seconds elapsed, finished iteration 2
[LightGBM] [Debug] Trained a tree with leaves = 255 and depth = 12
[LightGBM] [Info] Iteration:3, valid_1 auc : 0.763321
[LightGBM] [Info] 9.347101 seconds elapsed, finished iteration 3
[LightGBM] [Debug] Trained a tree with leaves = 255 and depth = 12
[LightGBM] [Info] Iteration:4, valid_1 auc : 0.765207
[LightGBM] [Info] 12.659385 seconds elapsed, finished iteration 4
[LightGBM] [Debug] Trained a tree with leaves = 255 and depth = 13
[LightGBM] [Info] Iteration:5, valid_1 auc : 0.766422
[LightGBM] [Info] 16.435309 seconds elapsed, finished iteration 5
[LightGBM] [Debug] Trained a tree with leaves = 255 and depth = 14
[LightGBM] [Info] Iteration:6, valid_1 auc : 0.767502
[LightGBM] [Info] 19.869011 seconds elapsed, finished iteration 6
[LightGBM] [Debug] Trained a tree with leaves = 255 and depth = 13
[LightGBM] [Info] Iteration:7, valid_1 auc : 0.768074
[LightGBM] [Info] 24.139658 seconds elapsed, finished iteration 7
[LightGBM] [Debug] Trained a tree with leaves = 255 and depth = 13
[LightGBM] [Info] Iteration:8, valid_1 auc : 0.768508
[LightGBM] [Info] 28.286742 seconds elapsed, finished iteration 8
[LightGBM] [Debug] Trained a tree with leaves = 255 and depth = 17
[LightGBM] [Info] Iteration:9, valid_1 auc : 0.769162
[LightGBM] [Info] 32.217088 seconds elapsed, finished iteration 9
[LightGBM] [Debug] Trained a tree with leaves = 255 and depth = 21
[LightGBM] [Info] Iteration:10, valid_1 auc : 0.769679
[LightGBM] [Info] 35.798361 seconds elapsed, finished iteration 10
[LightGBM] [Debug] Trained a tree with leaves = 255 and depth = 17
[LightGBM] [Info] Iteration:11, valid_1 auc : 0.770298
[LightGBM] [Info] 39.291788 seconds elapsed, finished iteration 11
[LightGBM] [Debug] Trained a tree with leaves = 255 and depth = 23
[LightGBM] [Info] Iteration:12, valid_1 auc : 0.770739
[LightGBM] [Info] 42.689732 seconds elapsed, finished iteration 12
[LightGBM] [Debug] Trained a tree with leaves = 255 and depth = 22
[LightGBM] [Info] Iteration:13, valid_1 auc : 0.771236
[LightGBM] [Info] 45.825247 seconds elapsed, finished iteration 13
[LightGBM] [Debug] Trained a tree with leaves = 255 and depth = 23
[LightGBM] [Info] Iteration:14, valid_1 auc : 0.771709
[LightGBM] [Info] 48.869349 seconds elapsed, finished iteration 14
[LightGBM] [Debug] Trained a tree with leaves = 255 and depth = 19
[LightGBM] [Info] Iteration:15, valid_1 auc : 0.772163
[LightGBM] [Info] 51.780697 seconds elapsed, finished iteration 15
[LightGBM] [Debug] Trained a tree with leaves = 255 and depth = 26
[LightGBM] [Info] Iteration:16, valid_1 auc : 0.772455
[LightGBM] [Info] 54.864532 seconds elapsed, finished iteration 16
[LightGBM] [Debug] Trained a tree with leaves = 255 and depth = 23
[LightGBM] [Info] Iteration:17, valid_1 auc : 0.772726
[LightGBM] [Info] 58.100243 seconds elapsed, finished iteration 17
[LightGBM] [Debug] Trained a tree with leaves = 255 and depth = 20
[LightGBM] [Info] Iteration:18, valid_1 auc : 0.773063
[LightGBM] [Info] 61.223954 seconds elapsed, finished iteration 18
[LightGBM] [Debug] Trained a tree with leaves = 255 and depth = 24
[LightGBM] [Info] Iteration:19, valid_1 auc : 0.773342
[LightGBM] [Info] 64.114570 seconds elapsed, finished iteration 19
[LightGBM] [Debug] Trained a tree with leaves = 255 and depth = 23
[LightGBM] [Info] Iteration:20, valid_1 auc : 0.773601
[LightGBM] [Info] 67.486211 seconds elapsed, finished iteration 20
[LightGBM] [Debug] Trained a tree with leaves = 255 and depth = 21
[LightGBM] [Info] Iteration:21, valid_1 auc : 0.773855
[LightGBM] [Info] 71.130833 seconds elapsed, finished iteration 21
[LightGBM] [Debug] Trained a tree with leaves = 255 and depth = 28
[LightGBM] [Info] Iteration:22, valid_1 auc : 0.77407
[LightGBM] [Info] 74.872025 seconds elapsed, finished iteration 22
[LightGBM] [Debug] Trained a tree with leaves = 255 and depth = 22
[LightGBM] [Info] Iteration:23, valid_1 auc : 0.774406
[LightGBM] [Info] 78.161114 seconds elapsed, finished iteration 23
[LightGBM] [Debug] Trained a tree with leaves = 255 and depth = 22
[LightGBM] [Info] Iteration:24, valid_1 auc : 0.774674
[LightGBM] [Info] 81.775547 seconds elapsed, finished iteration 24
[LightGBM] [Debug] Trained a tree with leaves = 255 and depth = 23
[LightGBM] [Info] Iteration:25, valid_1 auc : 0.774842
[LightGBM] [Info] 85.006605 seconds elapsed, finished iteration 25
[LightGBM] [Debug] Trained a tree with leaves = 255 and depth = 25
[LightGBM] [Info] Iteration:26, valid_1 auc : 0.775112
[LightGBM] [Info] 88.419928 seconds elapsed, finished iteration 26
[LightGBM] [Debug] Trained a tree with leaves = 255 and depth = 22
[LightGBM] [Info] Iteration:27, valid_1 auc : 0.775319
[LightGBM] [Info] 91.958602 seconds elapsed, finished iteration 27
[LightGBM] [Debug] Trained a tree with leaves = 255 and depth = 23
[LightGBM] [Info] Iteration:28, valid_1 auc : 0.775665
[LightGBM] [Info] 95.578384 seconds elapsed, finished iteration 28
[LightGBM] [Debug] Trained a tree with leaves = 255 and depth = 23
[LightGBM] [Info] Iteration:29, valid_1 auc : 0.775893
[LightGBM] [Info] 99.056268 seconds elapsed, finished iteration 29
[LightGBM] [Debug] Trained a tree with leaves = 255 and depth = 22
[LightGBM] [Info] Iteration:30, valid_1 auc : 0.776119
[LightGBM] [Info] 102.595147 seconds elapsed, finished iteration 30
[LightGBM] [Debug] Trained a tree with leaves = 255 and depth = 23
[LightGBM] [Info] Iteration:31, valid_1 auc : 0.77641
[LightGBM] [Info] 105.989978 seconds elapsed, finished iteration 31
[LightGBM] [Debug] Trained a tree with leaves = 255 and depth = 20
[LightGBM] [Info] Iteration:32, valid_1 auc : 0.776566
[LightGBM] [Info] 109.900619 seconds elapsed, finished iteration 32
[LightGBM] [Debug] Trained a tree with leaves = 255 and depth = 26
[LightGBM] [Info] Iteration:33, valid_1 auc : 0.776692
[LightGBM] [Info] 113.744755 seconds elapsed, finished iteration 33
[LightGBM] [Debug] Trained a tree with leaves = 255 and depth = 29
[LightGBM] [Info] Iteration:34, valid_1 auc : 0.776958
[LightGBM] [Info] 117.249589 seconds elapsed, finished iteration 34
[LightGBM] [Debug] Trained a tree with leaves = 255 and depth = 19
[LightGBM] [Info] Iteration:35, valid_1 auc : 0.777124
[LightGBM] [Info] 121.143066 seconds elapsed, finished iteration 35
[LightGBM] [Debug] Trained a tree with leaves = 255 and depth = 23
[LightGBM] [Info] Iteration:36, valid_1 auc : 0.777337
[LightGBM] [Info] 125.126244 seconds elapsed, finished iteration 36
[LightGBM] [Debug] Trained a tree with leaves = 255 and depth = 20
[LightGBM] [Info] Iteration:37, valid_1 auc : 0.777433
[LightGBM] [Info] 129.388660 seconds elapsed, finished iteration 37
[LightGBM] [Debug] Trained a tree with leaves = 255 and depth = 20
[LightGBM] [Info] Iteration:38, valid_1 auc : 0.777529
[LightGBM] [Info] 132.884017 seconds elapsed, finished iteration 38
[LightGBM] [Debug] Trained a tree with leaves = 255 and depth = 21
[LightGBM] [Info] Iteration:39, valid_1 auc : 0.777671
[LightGBM] [Info] 135.994467 seconds elapsed, finished iteration 39
[LightGBM] [Debug] Trained a tree with leaves = 255 and depth = 20
[LightGBM] [Info] Iteration:40, valid_1 auc : 0.777842
[LightGBM] [Info] 139.575722 seconds elapsed, finished iteration 40
[LightGBM] [Debug] Trained a tree with leaves = 255 and depth = 21
[LightGBM] [Info] Iteration:41, valid_1 auc : 0.777962
[LightGBM] [Info] 143.550697 seconds elapsed, finished iteration 41
[LightGBM] [Debug] Trained a tree with leaves = 255 and depth = 18
[LightGBM] [Info] Iteration:42, valid_1 auc : 0.778072
[LightGBM] [Info] 147.249157 seconds elapsed, finished iteration 42
[LightGBM] [Debug] Trained a tree with leaves = 255 and depth = 20
[LightGBM] [Info] Iteration:43, valid_1 auc : 0.778216
[LightGBM] [Info] 150.931857 seconds elapsed, finished iteration 43
[LightGBM] [Debug] Trained a tree with leaves = 255 and depth = 22
[LightGBM] [Info] Iteration:44, valid_1 auc : 0.77827
[LightGBM] [Info] 154.748672 seconds elapsed, finished iteration 44
[LightGBM] [Debug] Trained a tree with leaves = 255 and depth = 18
[LightGBM] [Info] Iteration:45, valid_1 auc : 0.778413
[LightGBM] [Info] 158.790276 seconds elapsed, finished iteration 45
[LightGBM] [Debug] Trained a tree with leaves = 255 and depth = 19
[LightGBM] [Info] Iteration:46, valid_1 auc : 0.77867
[LightGBM] [Info] 162.290912 seconds elapsed, finished iteration 46
[LightGBM] [Debug] Trained a tree with leaves = 255 and depth = 18
[LightGBM] [Info] Iteration:47, valid_1 auc : 0.778745
[LightGBM] [Info] 165.565585 seconds elapsed, finished iteration 47
[LightGBM] [Debug] Trained a tree with leaves = 255 and depth = 16
[LightGBM] [Info] Iteration:48, valid_1 auc : 0.778829
[LightGBM] [Info] 169.187306 seconds elapsed, finished iteration 48
[LightGBM] [Debug] Trained a tree with leaves = 255 and depth = 21
[LightGBM] [Info] Iteration:49, valid_1 auc : 0.778936
[LightGBM] [Info] 171.986561 seconds elapsed, finished iteration 49
[LightGBM] [Debug] Trained a tree with leaves = 255 and depth = 18
[LightGBM] [Info] Iteration:50, valid_1 auc : 0.779016
[LightGBM] [Info] 175.784583 seconds elapsed, finished iteration 50
[LightGBM] [Debug] Trained a tree with leaves = 255 and depth = 19
[LightGBM] [Info] Iteration:51, valid_1 auc : 0.779195
[LightGBM] [Info] 179.169632 seconds elapsed, finished iteration 51
[LightGBM] [Debug] Trained a tree with leaves = 255 and depth = 17
[LightGBM] [Info] Iteration:52, valid_1 auc : 0.779284
[LightGBM] [Info] 182.027675 seconds elapsed, finished iteration 52
[LightGBM] [Debug] Trained a tree with leaves = 255 and depth = 19
[LightGBM] [Info] Iteration:53, valid_1 auc : 0.779377
[LightGBM] [Info] 185.304090 seconds elapsed, finished iteration 53
[LightGBM] [Debug] Trained a tree with leaves = 255 and depth = 16
[LightGBM] [Info] Iteration:54, valid_1 auc : 0.779451
[LightGBM] [Info] 188.565188 seconds elapsed, finished iteration 54
[LightGBM] [Debug] Trained a tree with leaves = 255 and depth = 16
[LightGBM] [Info] Iteration:55, valid_1 auc : 0.779535
[LightGBM] [Info] 192.213585 seconds elapsed, finished iteration 55
[LightGBM] [Debug] Trained a tree with leaves = 255 and depth = 17
[LightGBM] [Info] Iteration:56, valid_1 auc : 0.779638
[LightGBM] [Info] 195.047927 seconds elapsed, finished iteration 56
[LightGBM] [Debug] Trained a tree with leaves = 255 and depth = 18
[LightGBM] [Info] Iteration:57, valid_1 auc : 0.779725
[LightGBM] [Info] 198.304838 seconds elapsed, finished iteration 57
[LightGBM] [Debug] Trained a tree with leaves = 255 and depth = 20
[LightGBM] [Info] Iteration:58, valid_1 auc : 0.779818
[LightGBM] [Info] 202.106422 seconds elapsed, finished iteration 58
[LightGBM] [Debug] Trained a tree with leaves = 255 and depth = 15
[LightGBM] [Info] Iteration:59, valid_1 auc : 0.779975
[LightGBM] [Info] 205.361417 seconds elapsed, finished iteration 59
[LightGBM] [Debug] Trained a tree with leaves = 255 and depth = 17
[LightGBM] [Info] Iteration:60, valid_1 auc : 0.780063
[LightGBM] [Info] 208.496334 seconds elapsed, finished iteration 60
[LightGBM] [Debug] Trained a tree with leaves = 255 and depth = 16
[LightGBM] [Info] Iteration:61, valid_1 auc : 0.780115
[LightGBM] [Info] 212.216486 seconds elapsed, finished iteration 61
[LightGBM] [Debug] Trained a tree with leaves = 255 and depth = 17
[LightGBM] [Info] Iteration:62, valid_1 auc : 0.780187
[LightGBM] [Info] 215.858928 seconds elapsed, finished iteration 62
[LightGBM] [Debug] Trained a tree with leaves = 255 and depth = 17
[LightGBM] [Info] Iteration:63, valid_1 auc : 0.780255
[LightGBM] [Info] 219.117798 seconds elapsed, finished iteration 63
[LightGBM] [Debug] Trained a tree with leaves = 255 and depth = 17
[LightGBM] [Info] Iteration:64, valid_1 auc : 0.780305
[LightGBM] [Info] 222.431944 seconds elapsed, finished iteration 64
[LightGBM] [Debug] Trained a tree with leaves = 255 and depth = 17
[LightGBM] [Info] Iteration:65, valid_1 auc : 0.780356
[LightGBM] [Info] 225.727799 seconds elapsed, finished iteration 65
[LightGBM] [Debug] Trained a tree with leaves = 255 and depth = 16
[LightGBM] [Info] Iteration:66, valid_1 auc : 0.780417
[LightGBM] [Info] 228.811849 seconds elapsed, finished iteration 66
[LightGBM] [Debug] Trained a tree with leaves = 255 and depth = 18
[LightGBM] [Info] Iteration:67, valid_1 auc : 0.780475
[LightGBM] [Info] 231.923163 seconds elapsed, finished iteration 67
[LightGBM] [Debug] Trained a tree with leaves = 255 and depth = 16
[LightGBM] [Info] Iteration:68, valid_1 auc : 0.780613
[LightGBM] [Info] 234.920592 seconds elapsed, finished iteration 68
[LightGBM] [Debug] Trained a tree with leaves = 255 and depth = 20
[LightGBM] [Info] Iteration:69, valid_1 auc : 0.780724
[LightGBM] [Info] 238.686292 seconds elapsed, finished iteration 69
[LightGBM] [Debug] Trained a tree with leaves = 255 and depth = 19
[LightGBM] [Info] Iteration:70, valid_1 auc : 0.780767
[LightGBM] [Info] 241.540365 seconds elapsed, finished iteration 70
[LightGBM] [Debug] Trained a tree with leaves = 255 and depth = 20
[LightGBM] [Info] Iteration:71, valid_1 auc : 0.78085
[LightGBM] [Info] 244.423065 seconds elapsed, finished iteration 71
[LightGBM] [Debug] Trained a tree with leaves = 255 and depth = 15
[LightGBM] [Info] Iteration:72, valid_1 auc : 0.780912
[LightGBM] [Info] 247.700883 seconds elapsed, finished iteration 72
[LightGBM] [Debug] Trained a tree with leaves = 255 and depth = 23
[LightGBM] [Info] Iteration:73, valid_1 auc : 0.78098
[LightGBM] [Info] 250.428152 seconds elapsed, finished iteration 73
[LightGBM] [Debug] Trained a tree with leaves = 255 and depth = 20
[LightGBM] [Info] Iteration:74, valid_1 auc : 0.781044
[LightGBM] [Info] 253.762785 seconds elapsed, finished iteration 74
[LightGBM] [Debug] Trained a tree with leaves = 255 and depth = 20
[LightGBM] [Info] Iteration:75, valid_1 auc : 0.781139
[LightGBM] [Info] 256.598307 seconds elapsed, finished iteration 75
[LightGBM] [Debug] Trained a tree with leaves = 255 and depth = 20
[LightGBM] [Info] Iteration:76, valid_1 auc : 0.781188
[LightGBM] [Info] 260.012469 seconds elapsed, finished iteration 76
[LightGBM] [Debug] Trained a tree with leaves = 255 and depth = 19
[LightGBM] [Info] Iteration:77, valid_1 auc : 0.78122
[LightGBM] [Info] 263.167575 seconds elapsed, finished iteration 77
[LightGBM] [Debug] Trained a tree with leaves = 255 and depth = 18
[LightGBM] [Info] Iteration:78, valid_1 auc : 0.781271
[LightGBM] [Info] 266.217561 seconds elapsed, finished iteration 78
[LightGBM] [Debug] Trained a tree with leaves = 255 and depth = 20
[LightGBM] [Info] Iteration:79, valid_1 auc : 0.781317
[LightGBM] [Info] 269.653156 seconds elapsed, finished iteration 79
[LightGBM] [Debug] Trained a tree with leaves = 255 and depth = 21
[LightGBM] [Info] Iteration:80, valid_1 auc : 0.781357
[LightGBM] [Info] 272.840054 seconds elapsed, finished iteration 80
[LightGBM] [Debug] Trained a tree with leaves = 255 and depth = 18
[LightGBM] [Info] Iteration:81, valid_1 auc : 0.781415
[LightGBM] [Info] 275.969075 seconds elapsed, finished iteration 81
[LightGBM] [Debug] Trained a tree with leaves = 255 and depth = 17
[LightGBM] [Info] Iteration:82, valid_1 auc : 0.781449
[LightGBM] [Info] 278.797662 seconds elapsed, finished iteration 82
[LightGBM] [Debug] Trained a tree with leaves = 255 and depth = 18
[LightGBM] [Info] Iteration:83, valid_1 auc : 0.781489
[LightGBM] [Info] 281.822446 seconds elapsed, finished iteration 83
[LightGBM] [Debug] Trained a tree with leaves = 255 and depth = 17
[LightGBM] [Info] Iteration:84, valid_1 auc : 0.781593
[LightGBM] [Info] 284.535593 seconds elapsed, finished iteration 84
[LightGBM] [Debug] Trained a tree with leaves = 255 and depth = 18
[LightGBM] [Info] Iteration:85, valid_1 auc : 0.781628
[LightGBM] [Info] 287.616412 seconds elapsed, finished iteration 85
[LightGBM] [Debug] Trained a tree with leaves = 255 and depth = 15
[LightGBM] [Info] Iteration:86, valid_1 auc : 0.781655
[LightGBM] [Info] 290.925901 seconds elapsed, finished iteration 86
[LightGBM] [Debug] Trained a tree with leaves = 255 and depth = 18
[LightGBM] [Info] Iteration:87, valid_1 auc : 0.781702
[LightGBM] [Info] 294.005701 seconds elapsed, finished iteration 87
[LightGBM] [Debug] Trained a tree with leaves = 255 and depth = 19
[LightGBM] [Info] Iteration:88, valid_1 auc : 0.781743
[LightGBM] [Info] 297.254709 seconds elapsed, finished iteration 88
[LightGBM] [Debug] Trained a tree with leaves = 255 and depth = 18
[LightGBM] [Info] Iteration:89, valid_1 auc : 0.781767
[LightGBM] [Info] 300.252332 seconds elapsed, finished iteration 89
[LightGBM] [Debug] Trained a tree with leaves = 255 and depth = 15
[LightGBM] [Info] Iteration:90, valid_1 auc : 0.781823
[LightGBM] [Info] 303.171752 seconds elapsed, finished iteration 90
[LightGBM] [Debug] Trained a tree with leaves = 255 and depth = 19
[LightGBM] [Info] Iteration:91, valid_1 auc : 0.781851
[LightGBM] [Info] 306.332600 seconds elapsed, finished iteration 91
[LightGBM] [Debug] Trained a tree with leaves = 255 and depth = 17
[LightGBM] [Info] Iteration:92, valid_1 auc : 0.781888
[LightGBM] [Info] 309.464549 seconds elapsed, finished iteration 92
[LightGBM] [Debug] Trained a tree with leaves = 255 and depth = 16
[LightGBM] [Info] Iteration:93, valid_1 auc : 0.78192
[LightGBM] [Info] 312.921452 seconds elapsed, finished iteration 93
[LightGBM] [Debug] Trained a tree with leaves = 255 and depth = 17
[LightGBM] [Info] Iteration:94, valid_1 auc : 0.781963
[LightGBM] [Info] 316.070692 seconds elapsed, finished iteration 94
[LightGBM] [Debug] Trained a tree with leaves = 255 and depth = 17
[LightGBM] [Info] Iteration:95, valid_1 auc : 0.782041
[LightGBM] [Info] 319.047511 seconds elapsed, finished iteration 95
[LightGBM] [Debug] Trained a tree with leaves = 255 and depth = 18
[LightGBM] [Info] Iteration:96, valid_1 auc : 0.782067
[LightGBM] [Info] 321.867249 seconds elapsed, finished iteration 96
[LightGBM] [Debug] Trained a tree with leaves = 255 and depth = 18
[LightGBM] [Info] Iteration:97, valid_1 auc : 0.782076
[LightGBM] [Info] 325.124838 seconds elapsed, finished iteration 97
[LightGBM] [Debug] Trained a tree with leaves = 255 and depth = 15
[LightGBM] [Info] Iteration:98, valid_1 auc : 0.782101
[LightGBM] [Info] 328.029829 seconds elapsed, finished iteration 98
[LightGBM] [Debug] Trained a tree with leaves = 255 and depth = 17
[LightGBM] [Info] Iteration:99, valid_1 auc : 0.782125
[LightGBM] [Info] 330.936244 seconds elapsed, finished iteration 99
[LightGBM] [Debug] Trained a tree with leaves = 255 and depth = 15
[LightGBM] [Info] Iteration:100, valid_1 auc : 0.782138
[LightGBM] [Info] 334.291035 seconds elapsed, finished iteration 100
[LightGBM] [Debug] Trained a tree with leaves = 255 and depth = 17
[LightGBM] [Info] Iteration:101, valid_1 auc : 0.782149
[LightGBM] [Info] 337.355998 seconds elapsed, finished iteration 101
[LightGBM] [Debug] Trained a tree with leaves = 255 and depth = 19
[LightGBM] [Info] Iteration:102, valid_1 auc : 0.782172
[LightGBM] [Info] 340.634567 seconds elapsed, finished iteration 102
[LightGBM] [Debug] Trained a tree with leaves = 255 and depth = 17
[LightGBM] [Info] Iteration:103, valid_1 auc : 0.782206
[LightGBM] [Info] 343.725012 seconds elapsed, finished iteration 103
[LightGBM] [Debug] Trained a tree with leaves = 255 and depth = 15
[LightGBM] [Info] Iteration:104, valid_1 auc : 0.782238
[LightGBM] [Info] 346.660956 seconds elapsed, finished iteration 104
[LightGBM] [Debug] Trained a tree with leaves = 255 and depth = 15
[LightGBM] [Info] Iteration:105, valid_1 auc : 0.782249
[LightGBM] [Info] 349.755510 seconds elapsed, finished iteration 105
[LightGBM] [Debug] Trained a tree with leaves = 255 and depth = 15
[LightGBM] [Info] Iteration:106, valid_1 auc : 0.78229
[LightGBM] [Info] 352.672110 seconds elapsed, finished iteration 106
[LightGBM] [Debug] Trained a tree with leaves = 255 and depth = 19
[LightGBM] [Info] Iteration:107, valid_1 auc : 0.782304
[LightGBM] [Info] 355.340322 seconds elapsed, finished iteration 107
[LightGBM] [Debug] Trained a tree with leaves = 255 and depth = 15
[LightGBM] [Info] Iteration:108, valid_1 auc : 0.782365
[LightGBM] [Info] 357.980110 seconds elapsed, finished iteration 108
[LightGBM] [Debug] Trained a tree with leaves = 255 and depth = 16
[LightGBM] [Info] Iteration:109, valid_1 auc : 0.782389
[LightGBM] [Info] 361.369777 seconds elapsed, finished iteration 109
[LightGBM] [Debug] Trained a tree with leaves = 255 and depth = 17
[LightGBM] [Info] Iteration:110, valid_1 auc : 0.7824
[LightGBM] [Info] 364.812177 seconds elapsed, finished iteration 110
[LightGBM] [Debug] Trained a tree with leaves = 255 and depth = 16
[LightGBM] [Info] Iteration:111, valid_1 auc : 0.782411
[LightGBM] [Info] 368.106529 seconds elapsed, finished iteration 111
[LightGBM] [Debug] Trained a tree with leaves = 255 and depth = 15
[LightGBM] [Info] Iteration:112, valid_1 auc : 0.782428
[LightGBM] [Info] 370.406374 seconds elapsed, finished iteration 112
[LightGBM] [Debug] Trained a tree with leaves = 255 and depth = 16
[LightGBM] [Info] Iteration:113, valid_1 auc : 0.782437
[LightGBM] [Info] 373.367673 seconds elapsed, finished iteration 113
[LightGBM] [Debug] Trained a tree with leaves = 255 and depth = 23
[LightGBM] [Info] Iteration:114, valid_1 auc : 0.782459
[LightGBM] [Info] 376.513537 seconds elapsed, finished iteration 114
[LightGBM] [Debug] Trained a tree with leaves = 255 and depth = 17
[LightGBM] [Info] Iteration:115, valid_1 auc : 0.782475
[LightGBM] [Info] 379.563664 seconds elapsed, finished iteration 115
[LightGBM] [Debug] Trained a tree with leaves = 255 and depth = 17
[LightGBM] [Info] Iteration:116, valid_1 auc : 0.782484
[LightGBM] [Info] 382.274295 seconds elapsed, finished iteration 116
[LightGBM] [Debug] Trained a tree with leaves = 255 and depth = 16
[LightGBM] [Info] Iteration:117, valid_1 auc : 0.782488
[LightGBM] [Info] 385.474971 seconds elapsed, finished iteration 117
[LightGBM] [Debug] Trained a tree with leaves = 255 and depth = 18
[LightGBM] [Info] Iteration:118, valid_1 auc : 0.782493
[LightGBM] [Info] 388.948089 seconds elapsed, finished iteration 118
[LightGBM] [Debug] Trained a tree with leaves = 255 and depth = 17
[LightGBM] [Info] Iteration:119, valid_1 auc : 0.782501
[LightGBM] [Info] 392.291770 seconds elapsed, finished iteration 119
[LightGBM] [Debug] Trained a tree with leaves = 255 and depth = 16
[LightGBM] [Info] Iteration:120, valid_1 auc : 0.782517
[LightGBM] [Info] 394.994219 seconds elapsed, finished iteration 120
[LightGBM] [Debug] Trained a tree with leaves = 255 and depth = 19
[LightGBM] [Info] Iteration:121, valid_1 auc : 0.782533
[LightGBM] [Info] 398.082362 seconds elapsed, finished iteration 121
[LightGBM] [Debug] Trained a tree with leaves = 255 and depth = 21
[LightGBM] [Info] Iteration:122, valid_1 auc : 0.782546
[LightGBM] [Info] 401.153406 seconds elapsed, finished iteration 122
[LightGBM] [Debug] Trained a tree with leaves = 255 and depth = 18
[LightGBM] [Info] Iteration:123, valid_1 auc : 0.782561
[LightGBM] [Info] 404.056297 seconds elapsed, finished iteration 123
[LightGBM] [Debug] Trained a tree with leaves = 255 and depth = 15
[LightGBM] [Info] Iteration:124, valid_1 auc : 0.782578
[LightGBM] [Info] 407.602773 seconds elapsed, finished iteration 124
[LightGBM] [Debug] Trained a tree with leaves = 255 and depth = 16
[LightGBM] [Info] Iteration:125, valid_1 auc : 0.782585
[LightGBM] [Info] 410.664942 seconds elapsed, finished iteration 125
[LightGBM] [Debug] Trained a tree with leaves = 255 and depth = 15
[LightGBM] [Info] Iteration:126, valid_1 auc : 0.782587
[LightGBM] [Info] 413.847954 seconds elapsed, finished iteration 126
[LightGBM] [Debug] Trained a tree with leaves = 255 and depth = 15
[LightGBM] [Info] Iteration:127, valid_1 auc : 0.782591
[LightGBM] [Info] 416.845340 seconds elapsed, finished iteration 127
[LightGBM] [Debug] Trained a tree with leaves = 255 and depth = 16
[LightGBM] [Info] Iteration:128, valid_1 auc : 0.782597
[LightGBM] [Info] 419.473743 seconds elapsed, finished iteration 128
[LightGBM] [Debug] Trained a tree with leaves = 255 and depth = 17
[LightGBM] [Info] Iteration:129, valid_1 auc : 0.782604
[LightGBM] [Info] 422.384625 seconds elapsed, finished iteration 129
[LightGBM] [Debug] Trained a tree with leaves = 255 and depth = 19
[LightGBM] [Info] Iteration:130, valid_1 auc : 0.782614
[LightGBM] [Info] 425.529201 seconds elapsed, finished iteration 130
[LightGBM] [Debug] Trained a tree with leaves = 255 and depth = 16
[LightGBM] [Info] Iteration:131, valid_1 auc : 0.782619
[LightGBM] [Info] 428.728363 seconds elapsed, finished iteration 131
[LightGBM] [Debug] Trained a tree with leaves = 255 and depth = 15
[LightGBM] [Info] Iteration:132, valid_1 auc : 0.782642
[LightGBM] [Info] 431.592992 seconds elapsed, finished iteration 132
[LightGBM] [Debug] Trained a tree with leaves = 255 and depth = 15
[LightGBM] [Info] Iteration:133, valid_1 auc : 0.782643
[LightGBM] [Info] 434.518675 seconds elapsed, finished iteration 133
[LightGBM] [Debug] Trained a tree with leaves = 255 and depth = 16
[LightGBM] [Info] Iteration:134, valid_1 auc : 0.782649
[LightGBM] [Info] 437.846861 seconds elapsed, finished iteration 134
[LightGBM] [Debug] Trained a tree with leaves = 255 and depth = 16
[LightGBM] [Info] Iteration:135, valid_1 auc : 0.782654
[LightGBM] [Info] 440.847208 seconds elapsed, finished iteration 135
[LightGBM] [Debug] Trained a tree with leaves = 255 and depth = 15
[LightGBM] [Info] Iteration:136, valid_1 auc : 0.782657
[LightGBM] [Info] 444.366374 seconds elapsed, finished iteration 136
[LightGBM] [Debug] Trained a tree with leaves = 255 and depth = 15
[LightGBM] [Info] Iteration:137, valid_1 auc : 0.782668
[LightGBM] [Info] 447.922888 seconds elapsed, finished iteration 137
[LightGBM] [Debug] Trained a tree with leaves = 255 and depth = 18
[LightGBM] [Info] Iteration:138, valid_1 auc : 0.782682
[LightGBM] [Info] 450.972976 seconds elapsed, finished iteration 138
[LightGBM] [Debug] Trained a tree with leaves = 255 and depth = 15
[LightGBM] [Info] Iteration:139, valid_1 auc : 0.782691
[LightGBM] [Info] 453.899868 seconds elapsed, finished iteration 139
[LightGBM] [Debug] Trained a tree with leaves = 255 and depth = 15
[LightGBM] [Info] Iteration:140, valid_1 auc : 0.782695
[LightGBM] [Info] 456.416119 seconds elapsed, finished iteration 140
[LightGBM] [Debug] Trained a tree with leaves = 255 and depth = 16
[LightGBM] [Info] Iteration:141, valid_1 auc : 0.782696
[LightGBM] [Info] 459.787074 seconds elapsed, finished iteration 141
[LightGBM] [Debug] Trained a tree with leaves = 255 and depth = 15
[LightGBM] [Info] Iteration:142, valid_1 auc : 0.782703
[LightGBM] [Info] 463.092313 seconds elapsed, finished iteration 142
[LightGBM] [Debug] Trained a tree with leaves = 255 and depth = 19
[LightGBM] [Info] Iteration:143, valid_1 auc : 0.782711
[LightGBM] [Info] 466.534126 seconds elapsed, finished iteration 143
[LightGBM] [Debug] Trained a tree with leaves = 255 and depth = 15
[LightGBM] [Info] Iteration:144, valid_1 auc : 0.782713
[LightGBM] [Info] 470.044683 seconds elapsed, finished iteration 144
[LightGBM] [Debug] Trained a tree with leaves = 255 and depth = 16
[LightGBM] [Info] Iteration:145, valid_1 auc : 0.782717
[LightGBM] [Info] 472.759658 seconds elapsed, finished iteration 145
[LightGBM] [Debug] Trained a tree with leaves = 255 and depth = 15
[LightGBM] [Info] Iteration:146, valid_1 auc : 0.782725
[LightGBM] [Info] 475.582158 seconds elapsed, finished iteration 146
[LightGBM] [Debug] Trained a tree with leaves = 255 and depth = 15
[LightGBM] [Info] Iteration:147, valid_1 auc : 0.782725
[LightGBM] [Info] 479.032373 seconds elapsed, finished iteration 147
[LightGBM] [Debug] Trained a tree with leaves = 255 and depth = 15
[LightGBM] [Info] Iteration:148, valid_1 auc : 0.782734
[LightGBM] [Info] 481.987338 seconds elapsed, finished iteration 148
[LightGBM] [Debug] Trained a tree with leaves = 255 and depth = 15
[LightGBM] [Info] Iteration:149, valid_1 auc : 0.782742
[LightGBM] [Info] 485.120155 seconds elapsed, finished iteration 149
[LightGBM] [Debug] Trained a tree with leaves = 255 and depth = 15
[LightGBM] [Info] Iteration:150, valid_1 auc : 0.782746
[LightGBM] [Info] 487.946418 seconds elapsed, finished iteration 150
[LightGBM] [Debug] Trained a tree with leaves = 255 and depth = 19
[LightGBM] [Info] Iteration:151, valid_1 auc : 0.782753
[LightGBM] [Info] 491.336795 seconds elapsed, finished iteration 151
[LightGBM] [Debug] Trained a tree with leaves = 255 and depth = 15
[LightGBM] [Info] Iteration:152, valid_1 auc : 0.782756
[LightGBM] [Info] 494.304460 seconds elapsed, finished iteration 152
[LightGBM] [Debug] Trained a tree with leaves = 255 and depth = 16
[LightGBM] [Info] Iteration:153, valid_1 auc : 0.782762
[LightGBM] [Info] 497.058189 seconds elapsed, finished iteration 153
[LightGBM] [Debug] Trained a tree with leaves = 255 and depth = 15
[LightGBM] [Info] Iteration:154, valid_1 auc : 0.782764
[LightGBM] [Info] 500.549474 seconds elapsed, finished iteration 154
[LightGBM] [Debug] Trained a tree with leaves = 255 and depth = 15
[LightGBM] [Info] Iteration:155, valid_1 auc : 0.782764
[LightGBM] [Info] 503.606168 seconds elapsed, finished iteration 155
[LightGBM] [Debug] Trained a tree with leaves = 255 and depth = 16
[LightGBM] [Info] Iteration:156, valid_1 auc : 0.782766
[LightGBM] [Info] 506.730876 seconds elapsed, finished iteration 156
[LightGBM] [Debug] Trained a tree with leaves = 255 and depth = 15
[LightGBM] [Info] Iteration:157, valid_1 auc : 0.782782
[LightGBM] [Info] 510.088138 seconds elapsed, finished iteration 157
[LightGBM] [Debug] Trained a tree with leaves = 255 and depth = 16
[LightGBM] [Info] Iteration:158, valid_1 auc : 0.782797
[LightGBM] [Info] 513.064683 seconds elapsed, finished iteration 158
[LightGBM] [Debug] Trained a tree with leaves = 255 and depth = 15
[LightGBM] [Info] Iteration:159, valid_1 auc : 0.782798
[LightGBM] [Info] 515.966494 seconds elapsed, finished iteration 159
[LightGBM] [Debug] Trained a tree with leaves = 255 and depth = 15
[LightGBM] [Info] Iteration:160, valid_1 auc : 0.782802
[LightGBM] [Info] 518.750193 seconds elapsed, finished iteration 160
[LightGBM] [Debug] Trained a tree with leaves = 255 and depth = 16
[LightGBM] [Info] Iteration:161, valid_1 auc : 0.78285
[LightGBM] [Info] 521.863566 seconds elapsed, finished iteration 161
[LightGBM] [Debug] Trained a tree with leaves = 255 and depth = 15
[LightGBM] [Info] Iteration:162, valid_1 auc : 0.78285
[LightGBM] [Info] 525.194350 seconds elapsed, finished iteration 162
[LightGBM] [Debug] Trained a tree with leaves = 255 and depth = 15
[LightGBM] [Info] Iteration:163, valid_1 auc : 0.782847
[LightGBM] [Info] 528.420361 seconds elapsed, finished iteration 163
[LightGBM] [Debug] Trained a tree with leaves = 255 and depth = 15
[LightGBM] [Info] Iteration:164, valid_1 auc : 0.782856
[LightGBM] [Info] 531.458801 seconds elapsed, finished iteration 164
[LightGBM] [Debug] Trained a tree with leaves = 255 and depth = 19
[LightGBM] [Info] Iteration:165, valid_1 auc : 0.782861
[LightGBM] [Info] 534.761871 seconds elapsed, finished iteration 165
[LightGBM] [Debug] Trained a tree with leaves = 255 and depth = 16
[LightGBM] [Info] Iteration:166, valid_1 auc : 0.782862
[LightGBM] [Info] 538.039165 seconds elapsed, finished iteration 166
[LightGBM] [Debug] Trained a tree with leaves = 255 and depth = 19
[LightGBM] [Info] Iteration:167, valid_1 auc : 0.782869
[LightGBM] [Info] 541.408071 seconds elapsed, finished iteration 167
[LightGBM] [Debug] Trained a tree with leaves = 255 and depth = 16
[LightGBM] [Info] Iteration:168, valid_1 auc : 0.782878
[LightGBM] [Info] 544.933532 seconds elapsed, finished iteration 168
[LightGBM] [Debug] Trained a tree with leaves = 255 and depth = 15
[LightGBM] [Info] Iteration:169, valid_1 auc : 0.782897
[LightGBM] [Info] 548.461924 seconds elapsed, finished iteration 169
[LightGBM] [Debug] Trained a tree with leaves = 255 and depth = 15
[LightGBM] [Info] Iteration:170, valid_1 auc : 0.782906
[LightGBM] [Info] 551.623126 seconds elapsed, finished iteration 170
[LightGBM] [Debug] Trained a tree with leaves = 255 and depth = 16
[LightGBM] [Info] Iteration:171, valid_1 auc : 0.782912
[LightGBM] [Info] 554.703827 seconds elapsed, finished iteration 171
[LightGBM] [Debug] Trained a tree with leaves = 255 and depth = 16
[LightGBM] [Info] Iteration:172, valid_1 auc : 0.78292
[LightGBM] [Info] 557.284073 seconds elapsed, finished iteration 172
[LightGBM] [Debug] Trained a tree with leaves = 255 and depth = 16
[LightGBM] [Info] Iteration:173, valid_1 auc : 0.78292
[LightGBM] [Info] 560.378885 seconds elapsed, finished iteration 173
[LightGBM] [Debug] Trained a tree with leaves = 255 and depth = 16
[LightGBM] [Info] Iteration:174, valid_1 auc : 0.782921
[LightGBM] [Info] 563.711339 seconds elapsed, finished iteration 174
[LightGBM] [Debug] Trained a tree with leaves = 255 and depth = 15
[LightGBM] [Info] Iteration:175, valid_1 auc : 0.782947
[LightGBM] [Info] 567.305236 seconds elapsed, finished iteration 175
[LightGBM] [Debug] Trained a tree with leaves = 255 and depth = 16
[LightGBM] [Info] Iteration:176, valid_1 auc : 0.782947
[LightGBM] [Info] 570.265051 seconds elapsed, finished iteration 176
[LightGBM] [Debug] Trained a tree with leaves = 255 and depth = 16
[LightGBM] [Info] Iteration:177, valid_1 auc : 0.782949
[LightGBM] [Info] 573.394309 seconds elapsed, finished iteration 177
[LightGBM] [Debug] Trained a tree with leaves = 255 and depth = 16
[LightGBM] [Info] Iteration:178, valid_1 auc : 0.782949
[LightGBM] [Info] 576.777869 seconds elapsed, finished iteration 178
[LightGBM] [Debug] Trained a tree with leaves = 255 and depth = 16
[LightGBM] [Info] Iteration:179, valid_1 auc : 0.78295
[LightGBM] [Info] 579.837833 seconds elapsed, finished iteration 179
[LightGBM] [Debug] Trained a tree with leaves = 255 and depth = 23
[LightGBM] [Info] Iteration:180, valid_1 auc : 0.78296
[LightGBM] [Info] 583.467972 seconds elapsed, finished iteration 180
[LightGBM] [Debug] Trained a tree with leaves = 255 and depth = 16
[LightGBM] [Info] Iteration:181, valid_1 auc : 0.782961
[LightGBM] [Info] 586.746818 seconds elapsed, finished iteration 181
[LightGBM] [Debug] Trained a tree with leaves = 255 and depth = 16
[LightGBM] [Info] Iteration:182, valid_1 auc : 0.782961
[LightGBM] [Info] 589.269466 seconds elapsed, finished iteration 182
[LightGBM] [Debug] Trained a tree with leaves = 255 and depth = 15
[LightGBM] [Info] Iteration:183, valid_1 auc : 0.78297
[LightGBM] [Info] 592.599510 seconds elapsed, finished iteration 183
[LightGBM] [Debug] Trained a tree with leaves = 255 and depth = 16
[LightGBM] [Info] Iteration:184, valid_1 auc : 0.78297
[LightGBM] [Info] 595.597156 seconds elapsed, finished iteration 184
[LightGBM] [Debug] Trained a tree with leaves = 255 and depth = 16
[LightGBM] [Info] Iteration:185, valid_1 auc : 0.78297
[LightGBM] [Info] 598.449329 seconds elapsed, finished iteration 185
[LightGBM] [Debug] Trained a tree with leaves = 255 and depth = 16
[LightGBM] [Info] Iteration:186, valid_1 auc : 0.78297
[LightGBM] [Info] 601.394080 seconds elapsed, finished iteration 186
[LightGBM] [Debug] Trained a tree with leaves = 255 and depth = 15
[LightGBM] [Info] Iteration:187, valid_1 auc : 0.782975
[LightGBM] [Info] 604.171948 seconds elapsed, finished iteration 187
[LightGBM] [Debug] Trained a tree with leaves = 255 and depth = 16
[LightGBM] [Info] Iteration:188, valid_1 auc : 0.782975
[LightGBM] [Info] 606.857224 seconds elapsed, finished iteration 188
[LightGBM] [Debug] Trained a tree with leaves = 255 and depth = 16
[LightGBM] [Info] Iteration:189, valid_1 auc : 0.782975
[LightGBM] [Info] 610.129494 seconds elapsed, finished iteration 189
[LightGBM] [Debug] Trained a tree with leaves = 255 and depth = 17
[LightGBM] [Info] Iteration:190, valid_1 auc : 0.782977
[LightGBM] [Info] 613.411165 seconds elapsed, finished iteration 190
[LightGBM] [Debug] Trained a tree with leaves = 255 and depth = 16
[LightGBM] [Info] Iteration:191, valid_1 auc : 0.782978
[LightGBM] [Info] 616.303129 seconds elapsed, finished iteration 191
[LightGBM] [Debug] Trained a tree with leaves = 255 and depth = 16
[LightGBM] [Info] Iteration:192, valid_1 auc : 0.782978
[LightGBM] [Info] 618.967968 seconds elapsed, finished iteration 192
[LightGBM] [Debug] Trained a tree with leaves = 255 and depth = 16
[LightGBM] [Info] Iteration:193, valid_1 auc : 0.782978
[LightGBM] [Info] 622.351354 seconds elapsed, finished iteration 193
[LightGBM] [Debug] Trained a tree with leaves = 255 and depth = 16
[LightGBM] [Info] Iteration:194, valid_1 auc : 0.782978
[LightGBM] [Info] 625.529632 seconds elapsed, finished iteration 194
[LightGBM] [Debug] Trained a tree with leaves = 255 and depth = 16
[LightGBM] [Info] Iteration:195, valid_1 auc : 0.782978
[LightGBM] [Info] 628.564233 seconds elapsed, finished iteration 195
[LightGBM] [Debug] Trained a tree with leaves = 255 and depth = 16
[LightGBM] [Info] Iteration:196, valid_1 auc : 0.782979
[LightGBM] [Info] 631.688478 seconds elapsed, finished iteration 196
[LightGBM] [Debug] Trained a tree with leaves = 255 and depth = 16
[LightGBM] [Info] Iteration:197, valid_1 auc : 0.782979
[LightGBM] [Info] 634.624621 seconds elapsed, finished iteration 197
[LightGBM] [Debug] Trained a tree with leaves = 255 and depth = 16
[LightGBM] [Info] Iteration:198, valid_1 auc : 0.782979
[LightGBM] [Info] 638.056097 seconds elapsed, finished iteration 198
[LightGBM] [Debug] Trained a tree with leaves = 255 and depth = 16
[LightGBM] [Info] Iteration:199, valid_1 auc : 0.782979
[LightGBM] [Info] 641.277527 seconds elapsed, finished iteration 199
[LightGBM] [Debug] Trained a tree with leaves = 255 and depth = 16
[LightGBM] [Info] Iteration:200, valid_1 auc : 0.782979
[LightGBM] [Info] 644.264645 seconds elapsed, finished iteration 200
[LightGBM] [Debug] Trained a tree with leaves = 255 and depth = 16
[LightGBM] [Info] Iteration:201, valid_1 auc : 0.782979
[LightGBM] [Info] 647.241835 seconds elapsed, finished iteration 201
[LightGBM] [Debug] Trained a tree with leaves = 255 and depth = 16
[LightGBM] [Info] Iteration:202, valid_1 auc : 0.782979
[LightGBM] [Info] 650.130985 seconds elapsed, finished iteration 202
[LightGBM] [Debug] Trained a tree with leaves = 255 and depth = 16
[LightGBM] [Info] Iteration:203, valid_1 auc : 0.782979
[LightGBM] [Info] 653.486154 seconds elapsed, finished iteration 203
[LightGBM] [Debug] Trained a tree with leaves = 255 and depth = 16
[LightGBM] [Info] Iteration:204, valid_1 auc : 0.782979
[LightGBM] [Info] 657.304968 seconds elapsed, finished iteration 204
[LightGBM] [Debug] Trained a tree with leaves = 255 and depth = 16
[LightGBM] [Info] Iteration:205, valid_1 auc : 0.782981
[LightGBM] [Info] 660.404755 seconds elapsed, finished iteration 205
[LightGBM] [Debug] Trained a tree with leaves = 255 and depth = 16
[LightGBM] [Info] Iteration:206, valid_1 auc : 0.782981
[LightGBM] [Info] 663.016812 seconds elapsed, finished iteration 206
[LightGBM] [Debug] Trained a tree with leaves = 255 and depth = 16
[LightGBM] [Info] Iteration:207, valid_1 auc : 0.782981
[LightGBM] [Info] 666.004040 seconds elapsed, finished iteration 207
[LightGBM] [Debug] Trained a tree with leaves = 255 and depth = 16
[LightGBM] [Info] Iteration:208, valid_1 auc : 0.782981
[LightGBM] [Info] 669.061227 seconds elapsed, finished iteration 208
[LightGBM] [Debug] Trained a tree with leaves = 255 and depth = 16
[LightGBM] [Info] Iteration:209, valid_1 auc : 0.782981
[LightGBM] [Info] 672.730564 seconds elapsed, finished iteration 209
[LightGBM] [Debug] Trained a tree with leaves = 255 and depth = 16
[LightGBM] [Info] Iteration:210, valid_1 auc : 0.782982
[LightGBM] [Info] 675.821216 seconds elapsed, finished iteration 210
[LightGBM] [Debug] Trained a tree with leaves = 255 and depth = 16
[LightGBM] [Info] Iteration:211, valid_1 auc : 0.782982
[LightGBM] [Info] 678.854334 seconds elapsed, finished iteration 211
[LightGBM] [Debug] Trained a tree with leaves = 255 and depth = 16
[LightGBM] [Info] Iteration:212, valid_1 auc : 0.782982
[LightGBM] [Info] 682.024334 seconds elapsed, finished iteration 212
[LightGBM] [Debug] Trained a tree with leaves = 255 and depth = 16
[LightGBM] [Info] Iteration:213, valid_1 auc : 0.782982
[LightGBM] [Info] 684.960732 seconds elapsed, finished iteration 213
[LightGBM] [Debug] Trained a tree with leaves = 255 and depth = 16
[LightGBM] [Info] Iteration:214, valid_1 auc : 0.782982
[LightGBM] [Info] 687.846572 seconds elapsed, finished iteration 214
[LightGBM] [Debug] Trained a tree with leaves = 255 and depth = 16
[LightGBM] [Info] Iteration:215, valid_1 auc : 0.782982
[LightGBM] [Info] 691.426730 seconds elapsed, finished iteration 215
[LightGBM] [Debug] Trained a tree with leaves = 255 and depth = 16
[LightGBM] [Info] Iteration:216, valid_1 auc : 0.782982
[LightGBM] [Info] 694.786182 seconds elapsed, finished iteration 216
[LightGBM] [Debug] Trained a tree with leaves = 255 and depth = 16
[LightGBM] [Info] Iteration:217, valid_1 auc : 0.782982
[LightGBM] [Info] 697.919593 seconds elapsed, finished iteration 217
[LightGBM] [Debug] Trained a tree with leaves = 255 and depth = 17
[LightGBM] [Info] Iteration:218, valid_1 auc : 0.782984
[LightGBM] [Info] 700.947778 seconds elapsed, finished iteration 218
[LightGBM] [Debug] Trained a tree with leaves = 255 and depth = 16
[LightGBM] [Info] Iteration:219, valid_1 auc : 0.782984
[LightGBM] [Info] 703.869633 seconds elapsed, finished iteration 219
[LightGBM] [Debug] Trained a tree with leaves = 255 and depth = 16
[LightGBM] [Info] Iteration:220, valid_1 auc : 0.782984
[LightGBM] [Info] 706.741904 seconds elapsed, finished iteration 220
[LightGBM] [Debug] Trained a tree with leaves = 255 and depth = 16
[LightGBM] [Info] Iteration:221, valid_1 auc : 0.782984
[LightGBM] [Info] 709.763009 seconds elapsed, finished iteration 221
[LightGBM] [Debug] Trained a tree with leaves = 255 and depth = 16
[LightGBM] [Info] Iteration:222, valid_1 auc : 0.782984
[LightGBM] [Info] 712.596275 seconds elapsed, finished iteration 222
[LightGBM] [Debug] Trained a tree with leaves = 255 and depth = 16
[LightGBM] [Info] Iteration:223, valid_1 auc : 0.782984
[LightGBM] [Info] 715.040712 seconds elapsed, finished iteration 223
[LightGBM] [Debug] Trained a tree with leaves = 255 and depth = 16
[LightGBM] [Info] Iteration:224, valid_1 auc : 0.782984
[LightGBM] [Info] 718.172186 seconds elapsed, finished iteration 224
[LightGBM] [Debug] Trained a tree with leaves = 255 and depth = 16
[LightGBM] [Info] Iteration:225, valid_1 auc : 0.782984
[LightGBM] [Info] 720.720859 seconds elapsed, finished iteration 225
[LightGBM] [Debug] Trained a tree with leaves = 255 and depth = 16
[LightGBM] [Info] Iteration:226, valid_1 auc : 0.782984
[LightGBM] [Info] 723.593398 seconds elapsed, finished iteration 226
[LightGBM] [Debug] Trained a tree with leaves = 255 and depth = 16
[LightGBM] [Info] Iteration:227, valid_1 auc : 0.782984
[LightGBM] [Info] 726.972392 seconds elapsed, finished iteration 227
[LightGBM] [Debug] Trained a tree with leaves = 255 and depth = 16
[LightGBM] [Info] Iteration:228, valid_1 auc : 0.782984
[LightGBM] [Info] 729.902020 seconds elapsed, finished iteration 228
[LightGBM] [Debug] Trained a tree with leaves = 255 and depth = 16
[LightGBM] [Info] Iteration:229, valid_1 auc : 0.782984
[LightGBM] [Info] 732.617131 seconds elapsed, finished iteration 229
[LightGBM] [Debug] Trained a tree with leaves = 255 and depth = 16
[LightGBM] [Info] Iteration:230, valid_1 auc : 0.782984
[LightGBM] [Info] 735.835478 seconds elapsed, finished iteration 230
[LightGBM] [Debug] Trained a tree with leaves = 255 and depth = 16
[LightGBM] [Info] Iteration:231, valid_1 auc : 0.782984
[LightGBM] [Info] 739.178957 seconds elapsed, finished iteration 231
[LightGBM] [Debug] Trained a tree with leaves = 255 and depth = 16
[LightGBM] [Info] Iteration:232, valid_1 auc : 0.782984
[LightGBM] [Info] 742.113831 seconds elapsed, finished iteration 232
[LightGBM] [Debug] Trained a tree with leaves = 255 and depth = 16
[LightGBM] [Info] Iteration:233, valid_1 auc : 0.782984
[LightGBM] [Info] 745.708642 seconds elapsed, finished iteration 233
[LightGBM] [Debug] Trained a tree with leaves = 255 and depth = 16
[LightGBM] [Info] Iteration:234, valid_1 auc : 0.782984
[LightGBM] [Info] 749.295567 seconds elapsed, finished iteration 234
[LightGBM] [Debug] Trained a tree with leaves = 255 and depth = 16
[LightGBM] [Info] Iteration:235, valid_1 auc : 0.782984
[LightGBM] [Info] 752.446043 seconds elapsed, finished iteration 235
[LightGBM] [Debug] Trained a tree with leaves = 255 and depth = 16
[LightGBM] [Info] Iteration:236, valid_1 auc : 0.782984
[LightGBM] [Info] 755.058224 seconds elapsed, finished iteration 236
[LightGBM] [Debug] Trained a tree with leaves = 255 and depth = 16
[LightGBM] [Info] Iteration:237, valid_1 auc : 0.782984
[LightGBM] [Info] 758.059637 seconds elapsed, finished iteration 237
[LightGBM] [Debug] Trained a tree with leaves = 255 and depth = 16
[LightGBM] [Info] Iteration:238, valid_1 auc : 0.782984
[LightGBM] [Info] 760.809266 seconds elapsed, finished iteration 238
[LightGBM] [Debug] Trained a tree with leaves = 255 and depth = 16
[LightGBM] [Info] Iteration:239, valid_1 auc : 0.782984
[LightGBM] [Info] 763.380149 seconds elapsed, finished iteration 239
[LightGBM] [Debug] Trained a tree with leaves = 255 and depth = 16
[LightGBM] [Info] Iteration:240, valid_1 auc : 0.782984
[LightGBM] [Info] 766.503299 seconds elapsed, finished iteration 240
[LightGBM] [Debug] Trained a tree with leaves = 255 and depth = 16
[LightGBM] [Info] Iteration:241, valid_1 auc : 0.782984
[LightGBM] [Info] 769.906913 seconds elapsed, finished iteration 241
[LightGBM] [Debug] Trained a tree with leaves = 255 and depth = 16
[LightGBM] [Info] Iteration:242, valid_1 auc : 0.782984
[LightGBM] [Info] 772.867701 seconds elapsed, finished iteration 242
[LightGBM] [Debug] Trained a tree with leaves = 255 and depth = 16
[LightGBM] [Info] Iteration:243, valid_1 auc : 0.782984
[LightGBM] [Info] 775.715271 seconds elapsed, finished iteration 243
[LightGBM] [Debug] Trained a tree with leaves = 255 and depth = 16
[LightGBM] [Info] Iteration:244, valid_1 auc : 0.782993
[LightGBM] [Info] 778.660472 seconds elapsed, finished iteration 244
[LightGBM] [Debug] Trained a tree with leaves = 255 and depth = 16
[LightGBM] [Info] Iteration:245, valid_1 auc : 0.782993
[LightGBM] [Info] 781.425236 seconds elapsed, finished iteration 245
[LightGBM] [Debug] Trained a tree with leaves = 255 and depth = 16
[LightGBM] [Info] Iteration:246, valid_1 auc : 0.782993
[LightGBM] [Info] 783.924141 seconds elapsed, finished iteration 246
[LightGBM] [Debug] Trained a tree with leaves = 255 and depth = 16
[LightGBM] [Info] Iteration:247, valid_1 auc : 0.782993
[LightGBM] [Info] 787.375715 seconds elapsed, finished iteration 247
[LightGBM] [Debug] Trained a tree with leaves = 255 and depth = 16
[LightGBM] [Info] Iteration:248, valid_1 auc : 0.782993
[LightGBM] [Info] 790.469015 seconds elapsed, finished iteration 248
[LightGBM] [Debug] Trained a tree with leaves = 255 and depth = 16
[LightGBM] [Info] Iteration:249, valid_1 auc : 0.782993
[LightGBM] [Info] 793.406140 seconds elapsed, finished iteration 249
[LightGBM] [Debug] Trained a tree with leaves = 255 and depth = 16
[LightGBM] [Info] Iteration:250, valid_1 auc : 0.782993
[LightGBM] [Info] 796.435561 seconds elapsed, finished iteration 250
[LightGBM] [Debug] Trained a tree with leaves = 255 and depth = 16
[LightGBM] [Info] Iteration:251, valid_1 auc : 0.782993
[LightGBM] [Info] 799.327518 seconds elapsed, finished iteration 251
[LightGBM] [Debug] Trained a tree with leaves = 255 and depth = 16
[LightGBM] [Info] Iteration:252, valid_1 auc : 0.782993
[LightGBM] [Info] 802.024012 seconds elapsed, finished iteration 252
[LightGBM] [Debug] Trained a tree with leaves = 255 and depth = 16
[LightGBM] [Info] Iteration:253, valid_1 auc : 0.782993
[LightGBM] [Info] 804.823406 seconds elapsed, finished iteration 253
[LightGBM] [Debug] Trained a tree with leaves = 255 and depth = 16
[LightGBM] [Info] Iteration:254, valid_1 auc : 0.782993
[LightGBM] [Info] 808.357227 seconds elapsed, finished iteration 254
[LightGBM] [Debug] Trained a tree with leaves = 255 and depth = 16
[LightGBM] [Info] Iteration:255, valid_1 auc : 0.782993
[LightGBM] [Info] 811.865124 seconds elapsed, finished iteration 255
[LightGBM] [Debug] Trained a tree with leaves = 255 and depth = 16
[LightGBM] [Info] Iteration:256, valid_1 auc : 0.782993
[LightGBM] [Info] 814.808764 seconds elapsed, finished iteration 256
[LightGBM] [Debug] Trained a tree with leaves = 255 and depth = 16
[LightGBM] [Info] Iteration:257, valid_1 auc : 0.782993
[LightGBM] [Info] 818.131338 seconds elapsed, finished iteration 257
[LightGBM] [Debug] Trained a tree with leaves = 255 and depth = 16
[LightGBM] [Info] Iteration:258, valid_1 auc : 0.782993
[LightGBM] [Info] 821.703191 seconds elapsed, finished iteration 258
[LightGBM] [Debug] Trained a tree with leaves = 255 and depth = 16
[LightGBM] [Info] Iteration:259, valid_1 auc : 0.782993
[LightGBM] [Info] 825.036250 seconds elapsed, finished iteration 259
[LightGBM] [Debug] Trained a tree with leaves = 255 and depth = 16
[LightGBM] [Info] Iteration:260, valid_1 auc : 0.782993
[LightGBM] [Info] 827.583734 seconds elapsed, finished iteration 260
[LightGBM] [Debug] Trained a tree with leaves = 255 and depth = 16
[LightGBM] [Info] Iteration:261, valid_1 auc : 0.782993
[LightGBM] [Info] 830.550527 seconds elapsed, finished iteration 261
[LightGBM] [Debug] Trained a tree with leaves = 255 and depth = 16
[LightGBM] [Info] Iteration:262, valid_1 auc : 0.782993
[LightGBM] [Info] 833.167045 seconds elapsed, finished iteration 262
[LightGBM] [Debug] Trained a tree with leaves = 255 and depth = 16
[LightGBM] [Info] Iteration:263, valid_1 auc : 0.782993
[LightGBM] [Info] 835.864375 seconds elapsed, finished iteration 263
[LightGBM] [Debug] Trained a tree with leaves = 255 and depth = 16
[LightGBM] [Info] Iteration:264, valid_1 auc : 0.782993
[LightGBM] [Info] 839.072401 seconds elapsed, finished iteration 264
[LightGBM] [Debug] Trained a tree with leaves = 255 and depth = 16
[LightGBM] [Info] Iteration:265, valid_1 auc : 0.782993
[LightGBM] [Info] 842.559628 seconds elapsed, finished iteration 265
[LightGBM] [Debug] Trained a tree with leaves = 255 and depth = 16
[LightGBM] [Info] Iteration:266, valid_1 auc : 0.782993
[LightGBM] [Info] 845.304928 seconds elapsed, finished iteration 266
[LightGBM] [Debug] Trained a tree with leaves = 255 and depth = 16
[LightGBM] [Info] Iteration:267, valid_1 auc : 0.782993
[LightGBM] [Info] 848.252586 seconds elapsed, finished iteration 267
[LightGBM] [Debug] Trained a tree with leaves = 255 and depth = 16
[LightGBM] [Info] Iteration:268, valid_1 auc : 0.782993
[LightGBM] [Info] 851.444503 seconds elapsed, finished iteration 268
[LightGBM] [Debug] Trained a tree with leaves = 255 and depth = 16
[LightGBM] [Info] Iteration:269, valid_1 auc : 0.782993
[LightGBM] [Info] 854.277187 seconds elapsed, finished iteration 269
[LightGBM] [Debug] Trained a tree with leaves = 255 and depth = 16
[LightGBM] [Info] Iteration:270, valid_1 auc : 0.782993
[LightGBM] [Info] 857.412239 seconds elapsed, finished iteration 270
[LightGBM] [Debug] Trained a tree with leaves = 255 and depth = 16
[LightGBM] [Info] Iteration:271, valid_1 auc : 0.782993
[LightGBM] [Info] 860.574292 seconds elapsed, finished iteration 271
[LightGBM] [Debug] Trained a tree with leaves = 255 and depth = 16
[LightGBM] [Info] Iteration:272, valid_1 auc : 0.782993
[LightGBM] [Info] 863.399894 seconds elapsed, finished iteration 272
[LightGBM] [Debug] Trained a tree with leaves = 255 and depth = 16
[LightGBM] [Info] Iteration:273, valid_1 auc : 0.782993
[LightGBM] [Info] 866.307808 seconds elapsed, finished iteration 273
[LightGBM] [Debug] Trained a tree with leaves = 255 and depth = 16
[LightGBM] [Info] Iteration:274, valid_1 auc : 0.782993
[LightGBM] [Info] 869.549853 seconds elapsed, finished iteration 274
[LightGBM] [Debug] Trained a tree with leaves = 255 and depth = 16
[LightGBM] [Info] Iteration:275, valid_1 auc : 0.782993
[LightGBM] [Info] 872.124550 seconds elapsed, finished iteration 275
[LightGBM] [Debug] Trained a tree with leaves = 255 and depth = 16
[LightGBM] [Info] Iteration:276, valid_1 auc : 0.782993
[LightGBM] [Info] 875.533951 seconds elapsed, finished iteration 276
[LightGBM] [Debug] Trained a tree with leaves = 255 and depth = 16
[LightGBM] [Info] Iteration:277, valid_1 auc : 0.782993
[LightGBM] [Info] 878.650917 seconds elapsed, finished iteration 277
[LightGBM] [Debug] Trained a tree with leaves = 255 and depth = 16
[LightGBM] [Info] Iteration:278, valid_1 auc : 0.782993
[LightGBM] [Info] 881.450456 seconds elapsed, finished iteration 278
[LightGBM] [Debug] Trained a tree with leaves = 255 and depth = 16
[LightGBM] [Info] Iteration:279, valid_1 auc : 0.782993
[LightGBM] [Info] 884.038522 seconds elapsed, finished iteration 279
[LightGBM] [Debug] Trained a tree with leaves = 255 and depth = 16
[LightGBM] [Info] Iteration:280, valid_1 auc : 0.782993
[LightGBM] [Info] 886.856541 seconds elapsed, finished iteration 280
[LightGBM] [Debug] Trained a tree with leaves = 255 and depth = 16
[LightGBM] [Info] Iteration:281, valid_1 auc : 0.782993
[LightGBM] [Info] 889.498011 seconds elapsed, finished iteration 281
[LightGBM] [Debug] Trained a tree with leaves = 255 and depth = 16
[LightGBM] [Info] Iteration:282, valid_1 auc : 0.782993
[LightGBM] [Info] 892.083545 seconds elapsed, finished iteration 282
[LightGBM] [Debug] Trained a tree with leaves = 255 and depth = 16
[LightGBM] [Info] Iteration:283, valid_1 auc : 0.782993
[LightGBM] [Info] 895.258633 seconds elapsed, finished iteration 283
[LightGBM] [Debug] Trained a tree with leaves = 255 and depth = 16
[LightGBM] [Info] Iteration:284, valid_1 auc : 0.782993
[LightGBM] [Info] 898.094827 seconds elapsed, finished iteration 284
[LightGBM] [Debug] Trained a tree with leaves = 255 and depth = 16
[LightGBM] [Info] Iteration:285, valid_1 auc : 0.782993
[LightGBM] [Info] 900.548300 seconds elapsed, finished iteration 285
[LightGBM] [Debug] Trained a tree with leaves = 255 and depth = 16
[LightGBM] [Info] Iteration:286, valid_1 auc : 0.782993
[LightGBM] [Info] 903.631627 seconds elapsed, finished iteration 286
[LightGBM] [Debug] Trained a tree with leaves = 255 and depth = 16
[LightGBM] [Info] Iteration:287, valid_1 auc : 0.782993
[LightGBM] [Info] 906.174193 seconds elapsed, finished iteration 287
[LightGBM] [Debug] Trained a tree with leaves = 255 and depth = 16
[LightGBM] [Info] Iteration:288, valid_1 auc : 0.782993
[LightGBM] [Info] 908.961361 seconds elapsed, finished iteration 288
[LightGBM] [Debug] Trained a tree with leaves = 255 and depth = 16
[LightGBM] [Info] Iteration:289, valid_1 auc : 0.782993
[LightGBM] [Info] 912.052206 seconds elapsed, finished iteration 289
[LightGBM] [Debug] Trained a tree with leaves = 255 and depth = 16
[LightGBM] [Info] Iteration:290, valid_1 auc : 0.782993
[LightGBM] [Info] 914.796811 seconds elapsed, finished iteration 290
[LightGBM] [Debug] Trained a tree with leaves = 255 and depth = 16
[LightGBM] [Info] Iteration:291, valid_1 auc : 0.782993
[LightGBM] [Info] 917.451348 seconds elapsed, finished iteration 291
[LightGBM] [Debug] Trained a tree with leaves = 255 and depth = 16
[LightGBM] [Info] Iteration:292, valid_1 auc : 0.782993
[LightGBM] [Info] 920.536998 seconds elapsed, finished iteration 292
[LightGBM] [Debug] Trained a tree with leaves = 255 and depth = 16
[LightGBM] [Info] Iteration:293, valid_1 auc : 0.782993
[LightGBM] [Info] 923.371967 seconds elapsed, finished iteration 293
[LightGBM] [Debug] Trained a tree with leaves = 255 and depth = 16
[LightGBM] [Info] Iteration:294, valid_1 auc : 0.782993
[LightGBM] [Info] 926.323721 seconds elapsed, finished iteration 294
[LightGBM] [Debug] Trained a tree with leaves = 255 and depth = 16
[LightGBM] [Info] Iteration:295, valid_1 auc : 0.782993
[LightGBM] [Info] 929.249190 seconds elapsed, finished iteration 295
[LightGBM] [Debug] Trained a tree with leaves = 255 and depth = 16
[LightGBM] [Info] Iteration:296, valid_1 auc : 0.782993
[LightGBM] [Info] 931.885017 seconds elapsed, finished iteration 296
[LightGBM] [Debug] Trained a tree with leaves = 255 and depth = 16
[LightGBM] [Info] Iteration:297, valid_1 auc : 0.782993
[LightGBM] [Info] 934.930131 seconds elapsed, finished iteration 297
[LightGBM] [Debug] Trained a tree with leaves = 255 and depth = 16
[LightGBM] [Info] Iteration:298, valid_1 auc : 0.782993
[LightGBM] [Info] 937.497409 seconds elapsed, finished iteration 298
[LightGBM] [Debug] Trained a tree with leaves = 255 and depth = 16
[LightGBM] [Info] Iteration:299, valid_1 auc : 0.782993
[LightGBM] [Info] 940.178075 seconds elapsed, finished iteration 299
[LightGBM] [Debug] Trained a tree with leaves = 255 and depth = 16
[LightGBM] [Info] Iteration:300, valid_1 auc : 0.782993
[LightGBM] [Info] 943.313661 seconds elapsed, finished iteration 300
[LightGBM] [Debug] Trained a tree with leaves = 255 and depth = 16
[LightGBM] [Info] Iteration:301, valid_1 auc : 0.782993
[LightGBM] [Info] 946.853798 seconds elapsed, finished iteration 301
[LightGBM] [Debug] Trained a tree with leaves = 255 and depth = 16
[LightGBM] [Info] Iteration:302, valid_1 auc : 0.782993
[LightGBM] [Info] 949.782756 seconds elapsed, finished iteration 302
[LightGBM] [Debug] Trained a tree with leaves = 255 and depth = 16
[LightGBM] [Info] Iteration:303, valid_1 auc : 0.782993
[LightGBM] [Info] 952.474267 seconds elapsed, finished iteration 303
[LightGBM] [Debug] Trained a tree with leaves = 255 and depth = 16
[LightGBM] [Info] Iteration:304, valid_1 auc : 0.782993
[LightGBM] [Info] 955.289651 seconds elapsed, finished iteration 304
[LightGBM] [Debug] Trained a tree with leaves = 255 and depth = 16
[LightGBM] [Info] Iteration:305, valid_1 auc : 0.782993
[LightGBM] [Info] 958.179554 seconds elapsed, finished iteration 305
[LightGBM] [Debug] Trained a tree with leaves = 255 and depth = 16
[LightGBM] [Info] Iteration:306, valid_1 auc : 0.782993
[LightGBM] [Info] 961.012717 seconds elapsed, finished iteration 306
[LightGBM] [Debug] Trained a tree with leaves = 255 and depth = 16
[LightGBM] [Info] Iteration:307, valid_1 auc : 0.782993
[LightGBM] [Info] 964.577727 seconds elapsed, finished iteration 307
[LightGBM] [Debug] Trained a tree with leaves = 255 and depth = 16
[LightGBM] [Info] Iteration:308, valid_1 auc : 0.782993
[LightGBM] [Info] 967.497550 seconds elapsed, finished iteration 308
[LightGBM] [Debug] Trained a tree with leaves = 255 and depth = 16
[LightGBM] [Info] Iteration:309, valid_1 auc : 0.782993
[LightGBM] [Info] 970.430385 seconds elapsed, finished iteration 309
[LightGBM] [Debug] Trained a tree with leaves = 255 and depth = 16
[LightGBM] [Info] Iteration:310, valid_1 auc : 0.782993
[LightGBM] [Info] 973.632293 seconds elapsed, finished iteration 310
[LightGBM] [Debug] Trained a tree with leaves = 255 and depth = 16
[LightGBM] [Info] Iteration:311, valid_1 auc : 0.782993
[LightGBM] [Info] 976.396265 seconds elapsed, finished iteration 311
[LightGBM] [Debug] Trained a tree with leaves = 255 and depth = 16
[LightGBM] [Info] Iteration:312, valid_1 auc : 0.782993
[LightGBM] [Info] 979.783384 seconds elapsed, finished iteration 312
[LightGBM] [Debug] Trained a tree with leaves = 255 and depth = 16
[LightGBM] [Info] Iteration:313, valid_1 auc : 0.782993
[LightGBM] [Info] 982.971454 seconds elapsed, finished iteration 313
[LightGBM] [Debug] Trained a tree with leaves = 255 and depth = 16
[LightGBM] [Info] Iteration:314, valid_1 auc : 0.782993
[LightGBM] [Info] 985.724500 seconds elapsed, finished iteration 314
[LightGBM] [Debug] Trained a tree with leaves = 255 and depth = 16
[LightGBM] [Info] Iteration:315, valid_1 auc : 0.782993
[LightGBM] [Info] 988.362968 seconds elapsed, finished iteration 315
[LightGBM] [Debug] Trained a tree with leaves = 255 and depth = 16
[LightGBM] [Info] Iteration:316, valid_1 auc : 0.782993
[LightGBM] [Info] 991.262040 seconds elapsed, finished iteration 316
[LightGBM] [Debug] Trained a tree with leaves = 255 and depth = 16
[LightGBM] [Info] Iteration:317, valid_1 auc : 0.782993
[LightGBM] [Info] 994.282450 seconds elapsed, finished iteration 317
[LightGBM] [Debug] Trained a tree with leaves = 255 and depth = 16
[LightGBM] [Info] Iteration:318, valid_1 auc : 0.782993
[LightGBM] [Info] 997.856447 seconds elapsed, finished iteration 318
[LightGBM] [Debug] Trained a tree with leaves = 255 and depth = 16
[LightGBM] [Info] Iteration:319, valid_1 auc : 0.782993
[LightGBM] [Info] 1000.496035 seconds elapsed, finished iteration 319
[LightGBM] [Debug] Trained a tree with leaves = 255 and depth = 16
[LightGBM] [Info] Iteration:320, valid_1 auc : 0.782993
[LightGBM] [Info] 1003.247238 seconds elapsed, finished iteration 320
[LightGBM] [Debug] Trained a tree with leaves = 255 and depth = 16
[LightGBM] [Info] Iteration:321, valid_1 auc : 0.782993
[LightGBM] [Info] 1006.022070 seconds elapsed, finished iteration 321
[LightGBM] [Debug] Trained a tree with leaves = 255 and depth = 16
[LightGBM] [Info] Iteration:322, valid_1 auc : 0.782993
[LightGBM] [Info] 1008.820613 seconds elapsed, finished iteration 322
[LightGBM] [Debug] Trained a tree with leaves = 255 and depth = 16
[LightGBM] [Info] Iteration:323, valid_1 auc : 0.782993
[LightGBM] [Info] 1011.608598 seconds elapsed, finished iteration 323
[LightGBM] [Debug] Trained a tree with leaves = 255 and depth = 16
[LightGBM] [Info] Iteration:324, valid_1 auc : 0.782993
[LightGBM] [Info] 1014.686388 seconds elapsed, finished iteration 324
[LightGBM] [Debug] Trained a tree with leaves = 255 and depth = 16
[LightGBM] [Info] Iteration:325, valid_1 auc : 0.782993
[LightGBM] [Info] 1017.663150 seconds elapsed, finished iteration 325
[LightGBM] [Debug] Trained a tree with leaves = 255 and depth = 16
[LightGBM] [Info] Iteration:326, valid_1 auc : 0.782993
[LightGBM] [Info] 1020.577081 seconds elapsed, finished iteration 326
[LightGBM] [Debug] Trained a tree with leaves = 255 and depth = 16
[LightGBM] [Info] Iteration:327, valid_1 auc : 0.782993
[LightGBM] [Info] 1023.856404 seconds elapsed, finished iteration 327
[LightGBM] [Debug] Trained a tree with leaves = 255 and depth = 16
[LightGBM] [Info] Iteration:328, valid_1 auc : 0.782993
[LightGBM] [Info] 1027.885735 seconds elapsed, finished iteration 328
[LightGBM] [Debug] Trained a tree with leaves = 255 and depth = 16
[LightGBM] [Info] Iteration:329, valid_1 auc : 0.782993
[LightGBM] [Info] 1031.170462 seconds elapsed, finished iteration 329
[LightGBM] [Debug] Trained a tree with leaves = 255 and depth = 16
[LightGBM] [Info] Iteration:330, valid_1 auc : 0.782993
[LightGBM] [Info] 1034.652961 seconds elapsed, finished iteration 330
[LightGBM] [Debug] Trained a tree with leaves = 255 and depth = 16
[LightGBM] [Info] Iteration:331, valid_1 auc : 0.782993
[LightGBM] [Info] 1037.736793 seconds elapsed, finished iteration 331
[LightGBM] [Debug] Trained a tree with leaves = 255 and depth = 16
[LightGBM] [Info] Iteration:332, valid_1 auc : 0.782993
[LightGBM] [Info] 1040.637209 seconds elapsed, finished iteration 332
[LightGBM] [Debug] Trained a tree with leaves = 255 and depth = 16
[LightGBM] [Info] Iteration:333, valid_1 auc : 0.782993
[LightGBM] [Info] 1044.349193 seconds elapsed, finished iteration 333
[LightGBM] [Debug] Trained a tree with leaves = 255 and depth = 16
[LightGBM] [Info] Iteration:334, valid_1 auc : 0.782993
[LightGBM] [Info] 1047.811338 seconds elapsed, finished iteration 334
[LightGBM] [Debug] Trained a tree with leaves = 255 and depth = 16
[LightGBM] [Info] Iteration:335, valid_1 auc : 0.782993
[LightGBM] [Info] 1050.745525 seconds elapsed, finished iteration 335
[LightGBM] [Debug] Trained a tree with leaves = 255 and depth = 16
[LightGBM] [Info] Iteration:336, valid_1 auc : 0.782993
[LightGBM] [Info] 1053.468569 seconds elapsed, finished iteration 336
[LightGBM] [Debug] Trained a tree with leaves = 255 and depth = 16
[LightGBM] [Info] Iteration:337, valid_1 auc : 0.782993
[LightGBM] [Info] 1056.819864 seconds elapsed, finished iteration 337
[LightGBM] [Debug] Trained a tree with leaves = 255 and depth = 16
[LightGBM] [Info] Iteration:338, valid_1 auc : 0.782993
[LightGBM] [Info] 1060.272743 seconds elapsed, finished iteration 338
[LightGBM] [Debug] Trained a tree with leaves = 255 and depth = 16
[LightGBM] [Info] Iteration:339, valid_1 auc : 0.782993
[LightGBM] [Info] 1063.346827 seconds elapsed, finished iteration 339
[LightGBM] [Debug] Trained a tree with leaves = 255 and depth = 16
[LightGBM] [Info] Iteration:340, valid_1 auc : 0.782993
[LightGBM] [Info] 1066.162194 seconds elapsed, finished iteration 340
[LightGBM] [Debug] Trained a tree with leaves = 255 and depth = 16
[LightGBM] [Info] Iteration:341, valid_1 auc : 0.782993
[LightGBM] [Info] 1068.992894 seconds elapsed, finished iteration 341
[LightGBM] [Debug] Trained a tree with leaves = 255 and depth = 16
[LightGBM] [Info] Iteration:342, valid_1 auc : 0.782993
[LightGBM] [Info] 1071.938021 seconds elapsed, finished iteration 342
[LightGBM] [Debug] Trained a tree with leaves = 255 and depth = 16
[LightGBM] [Info] Iteration:343, valid_1 auc : 0.782993
[LightGBM] [Info] 1075.345191 seconds elapsed, finished iteration 343
[LightGBM] [Debug] Trained a tree with leaves = 255 and depth = 16
[LightGBM] [Info] Iteration:344, valid_1 auc : 0.782993
[LightGBM] [Info] 1077.883500 seconds elapsed, finished iteration 344
[LightGBM] [Debug] Trained a tree with leaves = 255 and depth = 16
[LightGBM] [Info] Iteration:345, valid_1 auc : 0.782993
[LightGBM] [Info] 1081.247516 seconds elapsed, finished iteration 345
[LightGBM] [Debug] Trained a tree with leaves = 255 and depth = 16
[LightGBM] [Info] Iteration:346, valid_1 auc : 0.782993
[LightGBM] [Info] 1083.997195 seconds elapsed, finished iteration 346
[LightGBM] [Debug] Trained a tree with leaves = 255 and depth = 16
[LightGBM] [Info] Iteration:347, valid_1 auc : 0.782993
[LightGBM] [Info] 1086.665906 seconds elapsed, finished iteration 347
[LightGBM] [Debug] Trained a tree with leaves = 255 and depth = 16
[LightGBM] [Info] Iteration:348, valid_1 auc : 0.782993
[LightGBM] [Info] 1090.563335 seconds elapsed, finished iteration 348
[LightGBM] [Debug] Trained a tree with leaves = 255 and depth = 16
[LightGBM] [Info] Iteration:349, valid_1 auc : 0.782993
[LightGBM] [Info] 1093.528434 seconds elapsed, finished iteration 349
[LightGBM] [Debug] Trained a tree with leaves = 255 and depth = 16
[LightGBM] [Info] Iteration:350, valid_1 auc : 0.782993
[LightGBM] [Info] 1096.790334 seconds elapsed, finished iteration 350
[LightGBM] [Debug] Trained a tree with leaves = 255 and depth = 16
[LightGBM] [Info] Iteration:351, valid_1 auc : 0.782993
[LightGBM] [Info] 1099.272069 seconds elapsed, finished iteration 351
[LightGBM] [Debug] Trained a tree with leaves = 255 and depth = 16
[LightGBM] [Info] Iteration:352, valid_1 auc : 0.782993
[LightGBM] [Info] 1102.071974 seconds elapsed, finished iteration 352
[LightGBM] [Debug] Trained a tree with leaves = 255 and depth = 16
[LightGBM] [Info] Iteration:353, valid_1 auc : 0.782993
[LightGBM] [Info] 1105.093292 seconds elapsed, finished iteration 353
[LightGBM] [Debug] Trained a tree with leaves = 255 and depth = 16
[LightGBM] [Info] Iteration:354, valid_1 auc : 0.782993
[LightGBM] [Info] 1107.684866 seconds elapsed, finished iteration 354
[LightGBM] [Debug] Trained a tree with leaves = 255 and depth = 16
[LightGBM] [Info] Iteration:355, valid_1 auc : 0.782993
[LightGBM] [Info] 1111.012362 seconds elapsed, finished iteration 355
[LightGBM] [Debug] Trained a tree with leaves = 255 and depth = 16
[LightGBM] [Info] Iteration:356, valid_1 auc : 0.782993
[LightGBM] [Info] 1113.568461 seconds elapsed, finished iteration 356
[LightGBM] [Debug] Trained a tree with leaves = 255 and depth = 16
[LightGBM] [Info] Iteration:357, valid_1 auc : 0.782993
[LightGBM] [Info] 1116.628791 seconds elapsed, finished iteration 357
[LightGBM] [Debug] Trained a tree with leaves = 255 and depth = 16
[LightGBM] [Info] Iteration:358, valid_1 auc : 0.782993
[LightGBM] [Info] 1120.391930 seconds elapsed, finished iteration 358
[LightGBM] [Debug] Trained a tree with leaves = 255 and depth = 16
[LightGBM] [Info] Iteration:359, valid_1 auc : 0.782993
[LightGBM] [Info] 1123.195213 seconds elapsed, finished iteration 359
[LightGBM] [Debug] Trained a tree with leaves = 255 and depth = 16
[LightGBM] [Info] Iteration:360, valid_1 auc : 0.782993
[LightGBM] [Info] 1126.062023 seconds elapsed, finished iteration 360
[LightGBM] [Debug] Trained a tree with leaves = 255 and depth = 16
[LightGBM] [Info] Iteration:361, valid_1 auc : 0.782993
[LightGBM] [Info] 1128.677935 seconds elapsed, finished iteration 361
[LightGBM] [Debug] Trained a tree with leaves = 255 and depth = 16
[LightGBM] [Info] Iteration:362, valid_1 auc : 0.782993
[LightGBM] [Info] 1131.604409 seconds elapsed, finished iteration 362
[LightGBM] [Debug] Trained a tree with leaves = 255 and depth = 16
[LightGBM] [Info] Iteration:363, valid_1 auc : 0.782993
[LightGBM] [Info] 1134.651247 seconds elapsed, finished iteration 363
[LightGBM] [Debug] Trained a tree with leaves = 255 and depth = 16
[LightGBM] [Info] Iteration:364, valid_1 auc : 0.782993
[LightGBM] [Info] 1137.424837 seconds elapsed, finished iteration 364
[LightGBM] [Debug] Trained a tree with leaves = 255 and depth = 16
[LightGBM] [Info] Iteration:365, valid_1 auc : 0.782993
[LightGBM] [Info] 1140.328205 seconds elapsed, finished iteration 365
[LightGBM] [Debug] Trained a tree with leaves = 255 and depth = 16
[LightGBM] [Info] Iteration:366, valid_1 auc : 0.782993
[LightGBM] [Info] 1143.246694 seconds elapsed, finished iteration 366
[LightGBM] [Debug] Trained a tree with leaves = 255 and depth = 16
[LightGBM] [Info] Iteration:367, valid_1 auc : 0.782993
[LightGBM] [Info] 1146.382433 seconds elapsed, finished iteration 367
[LightGBM] [Debug] Trained a tree with leaves = 255 and depth = 16
[LightGBM] [Info] Iteration:368, valid_1 auc : 0.782993
[LightGBM] [Info] 1149.641349 seconds elapsed, finished iteration 368
[LightGBM] [Debug] Trained a tree with leaves = 255 and depth = 16
[LightGBM] [Info] Iteration:369, valid_1 auc : 0.782993
[LightGBM] [Info] 1152.928009 seconds elapsed, finished iteration 369
[LightGBM] [Debug] Trained a tree with leaves = 255 and depth = 16
[LightGBM] [Info] Iteration:370, valid_1 auc : 0.782993
[LightGBM] [Info] 1155.773028 seconds elapsed, finished iteration 370
[LightGBM] [Debug] Trained a tree with leaves = 255 and depth = 16
[LightGBM] [Info] Iteration:371, valid_1 auc : 0.782993
[LightGBM] [Info] 1158.741208 seconds elapsed, finished iteration 371
[LightGBM] [Debug] Trained a tree with leaves = 255 and depth = 16
[LightGBM] [Info] Iteration:372, valid_1 auc : 0.782993
[LightGBM] [Info] 1162.059040 seconds elapsed, finished iteration 372
[LightGBM] [Debug] Trained a tree with leaves = 255 and depth = 16
[LightGBM] [Info] Iteration:373, valid_1 auc : 0.782993
[LightGBM] [Info] 1165.053083 seconds elapsed, finished iteration 373
[LightGBM] [Debug] Trained a tree with leaves = 255 and depth = 16
[LightGBM] [Info] Iteration:374, valid_1 auc : 0.782993
[LightGBM] [Info] 1168.030160 seconds elapsed, finished iteration 374
[LightGBM] [Debug] Trained a tree with leaves = 255 and depth = 16
[LightGBM] [Info] Iteration:375, valid_1 auc : 0.782993
[LightGBM] [Info] 1171.364191 seconds elapsed, finished iteration 375
[LightGBM] [Debug] Trained a tree with leaves = 255 and depth = 16
[LightGBM] [Info] Iteration:376, valid_1 auc : 0.782993
[LightGBM] [Info] 1174.390866 seconds elapsed, finished iteration 376
[LightGBM] [Debug] Trained a tree with leaves = 255 and depth = 16
[LightGBM] [Info] Iteration:377, valid_1 auc : 0.782993
[LightGBM] [Info] 1177.369328 seconds elapsed, finished iteration 377
[LightGBM] [Debug] Trained a tree with leaves = 255 and depth = 16
[LightGBM] [Info] Iteration:378, valid_1 auc : 0.782993
[LightGBM] [Info] 1180.158944 seconds elapsed, finished iteration 378
[LightGBM] [Debug] Trained a tree with leaves = 255 and depth = 16
[LightGBM] [Info] Iteration:379, valid_1 auc : 0.782993
[LightGBM] [Info] 1183.292737 seconds elapsed, finished iteration 379
[LightGBM] [Debug] Trained a tree with leaves = 255 and depth = 16
[LightGBM] [Info] Iteration:380, valid_1 auc : 0.782993
[LightGBM] [Info] 1185.817085 seconds elapsed, finished iteration 380
[LightGBM] [Debug] Trained a tree with leaves = 255 and depth = 16
[LightGBM] [Info] Iteration:381, valid_1 auc : 0.782993
[LightGBM] [Info] 1188.479753 seconds elapsed, finished iteration 381
[LightGBM] [Debug] Trained a tree with leaves = 255 and depth = 16
[LightGBM] [Info] Iteration:382, valid_1 auc : 0.782993
[LightGBM] [Info] 1191.194714 seconds elapsed, finished iteration 382
[LightGBM] [Debug] Trained a tree with leaves = 255 and depth = 16
[LightGBM] [Info] Iteration:383, valid_1 auc : 0.782993
[LightGBM] [Info] 1194.639998 seconds elapsed, finished iteration 383
[LightGBM] [Debug] Trained a tree with leaves = 255 and depth = 16
[LightGBM] [Info] Iteration:384, valid_1 auc : 0.782993
[LightGBM] [Info] 1197.364617 seconds elapsed, finished iteration 384
[LightGBM] [Debug] Trained a tree with leaves = 255 and depth = 16
[LightGBM] [Info] Iteration:385, valid_1 auc : 0.782993
[LightGBM] [Info] 1200.019111 seconds elapsed, finished iteration 385
[LightGBM] [Debug] Trained a tree with leaves = 255 and depth = 16
[LightGBM] [Info] Iteration:386, valid_1 auc : 0.782993
[LightGBM] [Info] 1202.846515 seconds elapsed, finished iteration 386
[LightGBM] [Debug] Trained a tree with leaves = 255 and depth = 16
[LightGBM] [Info] Iteration:387, valid_1 auc : 0.782993
[LightGBM] [Info] 1205.709154 seconds elapsed, finished iteration 387
[LightGBM] [Debug] Trained a tree with leaves = 255 and depth = 16
[LightGBM] [Info] Iteration:388, valid_1 auc : 0.782993
[LightGBM] [Info] 1208.404796 seconds elapsed, finished iteration 388
[LightGBM] [Debug] Trained a tree with leaves = 255 and depth = 16
[LightGBM] [Info] Iteration:389, valid_1 auc : 0.782993
[LightGBM] [Info] 1211.215095 seconds elapsed, finished iteration 389
[LightGBM] [Debug] Trained a tree with leaves = 255 and depth = 16
[LightGBM] [Info] Iteration:390, valid_1 auc : 0.782993
[LightGBM] [Info] 1214.659499 seconds elapsed, finished iteration 390
[LightGBM] [Debug] Trained a tree with leaves = 255 and depth = 16
[LightGBM] [Info] Iteration:391, valid_1 auc : 0.782993
[LightGBM] [Info] 1217.350182 seconds elapsed, finished iteration 391
[LightGBM] [Debug] Trained a tree with leaves = 255 and depth = 16
[LightGBM] [Info] Iteration:392, valid_1 auc : 0.782993
[LightGBM] [Info] 1219.948597 seconds elapsed, finished iteration 392
[LightGBM] [Debug] Trained a tree with leaves = 255 and depth = 16
[LightGBM] [Info] Iteration:393, valid_1 auc : 0.782993
[LightGBM] [Info] 1223.093020 seconds elapsed, finished iteration 393
[LightGBM] [Debug] Trained a tree with leaves = 255 and depth = 16
[LightGBM] [Info] Iteration:394, valid_1 auc : 0.782993
[LightGBM] [Info] 1225.911259 seconds elapsed, finished iteration 394
[LightGBM] [Debug] Trained a tree with leaves = 255 and depth = 16
[LightGBM] [Info] Iteration:395, valid_1 auc : 0.782993
[LightGBM] [Info] 1228.902980 seconds elapsed, finished iteration 395
[LightGBM] [Debug] Trained a tree with leaves = 255 and depth = 16
[LightGBM] [Info] Iteration:396, valid_1 auc : 0.782993
[LightGBM] [Info] 1231.918483 seconds elapsed, finished iteration 396
[LightGBM] [Debug] Trained a tree with leaves = 255 and depth = 16
[LightGBM] [Info] Iteration:397, valid_1 auc : 0.782993
[LightGBM] [Info] 1234.785795 seconds elapsed, finished iteration 397
[LightGBM] [Debug] Trained a tree with leaves = 255 and depth = 16
[LightGBM] [Info] Iteration:398, valid_1 auc : 0.782993
[LightGBM] [Info] 1237.563855 seconds elapsed, finished iteration 398
[LightGBM] [Debug] Trained a tree with leaves = 255 and depth = 16
[LightGBM] [Info] Iteration:399, valid_1 auc : 0.782993
[LightGBM] [Info] 1240.730593 seconds elapsed, finished iteration 399
[LightGBM] [Debug] Trained a tree with leaves = 255 and depth = 16
[LightGBM] [Info] Iteration:400, valid_1 auc : 0.782993
[LightGBM] [Info] 1243.530815 seconds elapsed, finished iteration 400
[LightGBM] [Debug] Trained a tree with leaves = 255 and depth = 16
[LightGBM] [Info] Iteration:401, valid_1 auc : 0.782993
[LightGBM] [Info] 1246.124823 seconds elapsed, finished iteration 401
[LightGBM] [Debug] Trained a tree with leaves = 255 and depth = 16
[LightGBM] [Info] Iteration:402, valid_1 auc : 0.782993
[LightGBM] [Info] 1249.134327 seconds elapsed, finished iteration 402
[LightGBM] [Debug] Trained a tree with leaves = 255 and depth = 16
[LightGBM] [Info] Iteration:403, valid_1 auc : 0.782993
[LightGBM] [Info] 1252.344138 seconds elapsed, finished iteration 403
[LightGBM] [Debug] Trained a tree with leaves = 255 and depth = 16
[LightGBM] [Info] Iteration:404, valid_1 auc : 0.782993
[LightGBM] [Info] 1255.075687 seconds elapsed, finished iteration 404
[LightGBM] [Debug] Trained a tree with leaves = 255 and depth = 16
[LightGBM] [Info] Iteration:405, valid_1 auc : 0.782993
[LightGBM] [Info] 1257.760800 seconds elapsed, finished iteration 405
[LightGBM] [Debug] Trained a tree with leaves = 255 and depth = 16
[LightGBM] [Info] Iteration:406, valid_1 auc : 0.782993
[LightGBM] [Info] 1260.375126 seconds elapsed, finished iteration 406
[LightGBM] [Debug] Trained a tree with leaves = 255 and depth = 16
[LightGBM] [Info] Iteration:407, valid_1 auc : 0.782993
[LightGBM] [Info] 1263.156283 seconds elapsed, finished iteration 407
[LightGBM] [Debug] Trained a tree with leaves = 255 and depth = 16
[LightGBM] [Info] Iteration:408, valid_1 auc : 0.782993
[LightGBM] [Info] 1265.687682 seconds elapsed, finished iteration 408
[LightGBM] [Debug] Trained a tree with leaves = 255 and depth = 16
[LightGBM] [Info] Iteration:409, valid_1 auc : 0.782993
[LightGBM] [Info] 1268.965660 seconds elapsed, finished iteration 409
[LightGBM] [Debug] Trained a tree with leaves = 255 and depth = 16
[LightGBM] [Info] Iteration:410, valid_1 auc : 0.782993
[LightGBM] [Info] 1271.963622 seconds elapsed, finished iteration 410
[LightGBM] [Debug] Trained a tree with leaves = 255 and depth = 16
[LightGBM] [Info] Iteration:411, valid_1 auc : 0.782993
[LightGBM] [Info] 1275.318162 seconds elapsed, finished iteration 411
[LightGBM] [Debug] Trained a tree with leaves = 255 and depth = 16
[LightGBM] [Info] Iteration:412, valid_1 auc : 0.782993
[LightGBM] [Info] 1278.625673 seconds elapsed, finished iteration 412
[LightGBM] [Debug] Trained a tree with leaves = 255 and depth = 16
[LightGBM] [Info] Iteration:413, valid_1 auc : 0.782993
[LightGBM] [Info] 1281.506343 seconds elapsed, finished iteration 413
[LightGBM] [Debug] Trained a tree with leaves = 255 and depth = 16
[LightGBM] [Info] Iteration:414, valid_1 auc : 0.782993
[LightGBM] [Info] 1284.335303 seconds elapsed, finished iteration 414
[LightGBM] [Debug] Trained a tree with leaves = 255 and depth = 16
[LightGBM] [Info] Iteration:415, valid_1 auc : 0.782993
[LightGBM] [Info] 1286.966033 seconds elapsed, finished iteration 415
[LightGBM] [Debug] Trained a tree with leaves = 255 and depth = 16
[LightGBM] [Info] Iteration:416, valid_1 auc : 0.782993
[LightGBM] [Info] 1290.247087 seconds elapsed, finished iteration 416
[LightGBM] [Debug] Trained a tree with leaves = 255 and depth = 16
[LightGBM] [Info] Iteration:417, valid_1 auc : 0.782993
[LightGBM] [Info] 1293.083744 seconds elapsed, finished iteration 417
[LightGBM] [Debug] Trained a tree with leaves = 255 and depth = 16
[LightGBM] [Info] Iteration:418, valid_1 auc : 0.782993
[LightGBM] [Info] 1295.695576 seconds elapsed, finished iteration 418
[LightGBM] [Debug] Trained a tree with leaves = 255 and depth = 16
[LightGBM] [Info] Iteration:419, valid_1 auc : 0.782993
[LightGBM] [Info] 1298.368572 seconds elapsed, finished iteration 419
[LightGBM] [Debug] Trained a tree with leaves = 255 and depth = 16
[LightGBM] [Info] Iteration:420, valid_1 auc : 0.782993
[LightGBM] [Info] 1301.602148 seconds elapsed, finished iteration 420
[LightGBM] [Debug] Trained a tree with leaves = 255 and depth = 16
[LightGBM] [Info] Iteration:421, valid_1 auc : 0.782993
[LightGBM] [Info] 1304.173387 seconds elapsed, finished iteration 421
[LightGBM] [Debug] Trained a tree with leaves = 255 and depth = 16
[LightGBM] [Info] Iteration:422, valid_1 auc : 0.782993
[LightGBM] [Info] 1306.898776 seconds elapsed, finished iteration 422
[LightGBM] [Debug] Trained a tree with leaves = 255 and depth = 16
[LightGBM] [Info] Iteration:423, valid_1 auc : 0.782993
[LightGBM] [Info] 1310.080185 seconds elapsed, finished iteration 423
[LightGBM] [Debug] Trained a tree with leaves = 255 and depth = 16
[LightGBM] [Info] Iteration:424, valid_1 auc : 0.782993
[LightGBM] [Info] 1312.533340 seconds elapsed, finished iteration 424
[LightGBM] [Debug] Trained a tree with leaves = 255 and depth = 16
[LightGBM] [Info] Iteration:425, valid_1 auc : 0.782993
[LightGBM] [Info] 1315.078802 seconds elapsed, finished iteration 425
[LightGBM] [Debug] Trained a tree with leaves = 255 and depth = 16
[LightGBM] [Info] Iteration:426, valid_1 auc : 0.782993
[LightGBM] [Info] 1318.202512 seconds elapsed, finished iteration 426
[LightGBM] [Debug] Trained a tree with leaves = 255 and depth = 16
[LightGBM] [Info] Iteration:427, valid_1 auc : 0.782993
[LightGBM] [Info] 1321.089957 seconds elapsed, finished iteration 427
[LightGBM] [Debug] Trained a tree with leaves = 255 and depth = 16
[LightGBM] [Info] Iteration:428, valid_1 auc : 0.782993
[LightGBM] [Info] 1323.702423 seconds elapsed, finished iteration 428
[LightGBM] [Debug] Trained a tree with leaves = 255 and depth = 16
[LightGBM] [Info] Iteration:429, valid_1 auc : 0.782993
[LightGBM] [Info] 1326.691302 seconds elapsed, finished iteration 429
[LightGBM] [Debug] Trained a tree with leaves = 255 and depth = 16
[LightGBM] [Info] Iteration:430, valid_1 auc : 0.782993
[LightGBM] [Info] 1329.866076 seconds elapsed, finished iteration 430
[LightGBM] [Debug] Trained a tree with leaves = 255 and depth = 16
[LightGBM] [Info] Iteration:431, valid_1 auc : 0.782993
[LightGBM] [Info] 1332.749647 seconds elapsed, finished iteration 431
[LightGBM] [Debug] Trained a tree with leaves = 255 and depth = 16
[LightGBM] [Info] Iteration:432, valid_1 auc : 0.782993
[LightGBM] [Info] 1335.391123 seconds elapsed, finished iteration 432
[LightGBM] [Debug] Trained a tree with leaves = 255 and depth = 16
[LightGBM] [Info] Iteration:433, valid_1 auc : 0.782993
[LightGBM] [Info] 1338.361852 seconds elapsed, finished iteration 433
[LightGBM] [Debug] Trained a tree with leaves = 255 and depth = 16
[LightGBM] [Info] Iteration:434, valid_1 auc : 0.782993
[LightGBM] [Info] 1341.096652 seconds elapsed, finished iteration 434
[LightGBM] [Debug] Trained a tree with leaves = 255 and depth = 16
[LightGBM] [Info] Iteration:435, valid_1 auc : 0.782993
[LightGBM] [Info] 1343.906277 seconds elapsed, finished iteration 435
[LightGBM] [Debug] Trained a tree with leaves = 255 and depth = 16
[LightGBM] [Info] Iteration:436, valid_1 auc : 0.782993
[LightGBM] [Info] 1347.387455 seconds elapsed, finished iteration 436
[LightGBM] [Debug] Trained a tree with leaves = 255 and depth = 16
[LightGBM] [Info] Iteration:437, valid_1 auc : 0.782993
[LightGBM] [Info] 1350.411728 seconds elapsed, finished iteration 437
[LightGBM] [Debug] Trained a tree with leaves = 255 and depth = 16
[LightGBM] [Info] Iteration:438, valid_1 auc : 0.782993
[LightGBM] [Info] 1353.556011 seconds elapsed, finished iteration 438
[LightGBM] [Debug] Trained a tree with leaves = 255 and depth = 16
[LightGBM] [Info] Iteration:439, valid_1 auc : 0.782993
[LightGBM] [Info] 1356.593553 seconds elapsed, finished iteration 439
[LightGBM] [Debug] Trained a tree with leaves = 255 and depth = 16
[LightGBM] [Info] Iteration:440, valid_1 auc : 0.782993
[LightGBM] [Info] 1360.032438 seconds elapsed, finished iteration 440
[LightGBM] [Debug] Trained a tree with leaves = 255 and depth = 16
[LightGBM] [Info] Iteration:441, valid_1 auc : 0.782993
[LightGBM] [Info] 1362.768421 seconds elapsed, finished iteration 441
[LightGBM] [Debug] Trained a tree with leaves = 255 and depth = 16
[LightGBM] [Info] Iteration:442, valid_1 auc : 0.782993
[LightGBM] [Info] 1365.717568 seconds elapsed, finished iteration 442
[LightGBM] [Debug] Trained a tree with leaves = 255 and depth = 16
[LightGBM] [Info] Iteration:443, valid_1 auc : 0.782993
[LightGBM] [Info] 1368.639539 seconds elapsed, finished iteration 443
[LightGBM] [Debug] Trained a tree with leaves = 255 and depth = 16
[LightGBM] [Info] Iteration:444, valid_1 auc : 0.782993
[LightGBM] [Info] 1372.163992 seconds elapsed, finished iteration 444
[LightGBM] [Debug] Trained a tree with leaves = 255 and depth = 16
[LightGBM] [Info] Iteration:445, valid_1 auc : 0.782993
[LightGBM] [Info] 1375.474023 seconds elapsed, finished iteration 445
[LightGBM] [Debug] Trained a tree with leaves = 255 and depth = 16
[LightGBM] [Info] Iteration:446, valid_1 auc : 0.782993
[LightGBM] [Info] 1378.233359 seconds elapsed, finished iteration 446
[LightGBM] [Debug] Trained a tree with leaves = 255 and depth = 16
[LightGBM] [Info] Iteration:447, valid_1 auc : 0.782993
[LightGBM] [Info] 1380.866869 seconds elapsed, finished iteration 447
[LightGBM] [Debug] Trained a tree with leaves = 255 and depth = 16
[LightGBM] [Info] Iteration:448, valid_1 auc : 0.782993
[LightGBM] [Info] 1383.679906 seconds elapsed, finished iteration 448
[LightGBM] [Debug] Trained a tree with leaves = 255 and depth = 16
[LightGBM] [Info] Iteration:449, valid_1 auc : 0.782993
[LightGBM] [Info] 1386.594012 seconds elapsed, finished iteration 449
[LightGBM] [Debug] Trained a tree with leaves = 255 and depth = 16
[LightGBM] [Info] Iteration:450, valid_1 auc : 0.782993
[LightGBM] [Info] 1390.047743 seconds elapsed, finished iteration 450
[LightGBM] [Debug] Trained a tree with leaves = 255 and depth = 16
[LightGBM] [Info] Iteration:451, valid_1 auc : 0.782993
[LightGBM] [Info] 1393.134102 seconds elapsed, finished iteration 451
[LightGBM] [Debug] Trained a tree with leaves = 255 and depth = 16
[LightGBM] [Info] Iteration:452, valid_1 auc : 0.782993
[LightGBM] [Info] 1396.114964 seconds elapsed, finished iteration 452
[LightGBM] [Debug] Trained a tree with leaves = 255 and depth = 16
[LightGBM] [Info] Iteration:453, valid_1 auc : 0.782993
[LightGBM] [Info] 1399.008171 seconds elapsed, finished iteration 453
[LightGBM] [Debug] Trained a tree with leaves = 255 and depth = 16
[LightGBM] [Info] Iteration:454, valid_1 auc : 0.782993
[LightGBM] [Info] 1402.211407 seconds elapsed, finished iteration 454
[LightGBM] [Debug] Trained a tree with leaves = 255 and depth = 16
[LightGBM] [Info] Iteration:455, valid_1 auc : 0.782993
[LightGBM] [Info] 1404.985511 seconds elapsed, finished iteration 455
[LightGBM] [Debug] Trained a tree with leaves = 255 and depth = 16
[LightGBM] [Info] Iteration:456, valid_1 auc : 0.782993
[LightGBM] [Info] 1407.702714 seconds elapsed, finished iteration 456
[LightGBM] [Debug] Trained a tree with leaves = 255 and depth = 16
[LightGBM] [Info] Iteration:457, valid_1 auc : 0.782993
[LightGBM] [Info] 1411.355455 seconds elapsed, finished iteration 457
[LightGBM] [Debug] Trained a tree with leaves = 255 and depth = 16
[LightGBM] [Info] Iteration:458, valid_1 auc : 0.782993
[LightGBM] [Info] 1414.285060 seconds elapsed, finished iteration 458
[LightGBM] [Debug] Trained a tree with leaves = 255 and depth = 16
[LightGBM] [Info] Iteration:459, valid_1 auc : 0.782993
[LightGBM] [Info] 1417.484425 seconds elapsed, finished iteration 459
[LightGBM] [Debug] Trained a tree with leaves = 255 and depth = 16
[LightGBM] [Info] Iteration:460, valid_1 auc : 0.782993
[LightGBM] [Info] 1420.449307 seconds elapsed, finished iteration 460
[LightGBM] [Debug] Trained a tree with leaves = 255 and depth = 16
[LightGBM] [Info] Iteration:461, valid_1 auc : 0.782993
[LightGBM] [Info] 1423.568436 seconds elapsed, finished iteration 461
[LightGBM] [Debug] Trained a tree with leaves = 255 and depth = 16
[LightGBM] [Info] Iteration:462, valid_1 auc : 0.782993
[LightGBM] [Info] 1426.222514 seconds elapsed, finished iteration 462
[LightGBM] [Debug] Trained a tree with leaves = 255 and depth = 16
[LightGBM] [Info] Iteration:463, valid_1 auc : 0.782993
[LightGBM] [Info] 1429.251797 seconds elapsed, finished iteration 463
[LightGBM] [Debug] Trained a tree with leaves = 255 and depth = 16
[LightGBM] [Info] Iteration:464, valid_1 auc : 0.782993
[LightGBM] [Info] 1431.840005 seconds elapsed, finished iteration 464
[LightGBM] [Debug] Trained a tree with leaves = 255 and depth = 16
[LightGBM] [Info] Iteration:465, valid_1 auc : 0.782993
[LightGBM] [Info] 1434.518034 seconds elapsed, finished iteration 465
[LightGBM] [Debug] Trained a tree with leaves = 255 and depth = 16
[LightGBM] [Info] Iteration:466, valid_1 auc : 0.782993
[LightGBM] [Info] 1437.880235 seconds elapsed, finished iteration 466
[LightGBM] [Debug] Trained a tree with leaves = 255 and depth = 16
[LightGBM] [Info] Iteration:467, valid_1 auc : 0.782993
[LightGBM] [Info] 1440.841676 seconds elapsed, finished iteration 467
[LightGBM] [Debug] Trained a tree with leaves = 255 and depth = 16
[LightGBM] [Info] Iteration:468, valid_1 auc : 0.782993
[LightGBM] [Info] 1443.567189 seconds elapsed, finished iteration 468
[LightGBM] [Debug] Trained a tree with leaves = 255 and depth = 16
[LightGBM] [Info] Iteration:469, valid_1 auc : 0.782993
[LightGBM] [Info] 1446.914982 seconds elapsed, finished iteration 469
[LightGBM] [Debug] Trained a tree with leaves = 255 and depth = 16
[LightGBM] [Info] Iteration:470, valid_1 auc : 0.782993
[LightGBM] [Info] 1449.665272 seconds elapsed, finished iteration 470
[LightGBM] [Debug] Trained a tree with leaves = 255 and depth = 16
[LightGBM] [Info] Iteration:471, valid_1 auc : 0.782993
[LightGBM] [Info] 1452.921099 seconds elapsed, finished iteration 471
[LightGBM] [Debug] Trained a tree with leaves = 255 and depth = 16
[LightGBM] [Info] Iteration:472, valid_1 auc : 0.782993
[LightGBM] [Info] 1456.493525 seconds elapsed, finished iteration 472
[LightGBM] [Debug] Trained a tree with leaves = 255 and depth = 16
[LightGBM] [Info] Iteration:473, valid_1 auc : 0.782993
[LightGBM] [Info] 1459.473453 seconds elapsed, finished iteration 473
[LightGBM] [Debug] Trained a tree with leaves = 255 and depth = 16
[LightGBM] [Info] Iteration:474, valid_1 auc : 0.782993
[LightGBM] [Info] 1462.528573 seconds elapsed, finished iteration 474
[LightGBM] [Debug] Trained a tree with leaves = 255 and depth = 16
[LightGBM] [Info] Iteration:475, valid_1 auc : 0.782993
[LightGBM] [Info] 1465.485405 seconds elapsed, finished iteration 475
[LightGBM] [Debug] Trained a tree with leaves = 255 and depth = 16
[LightGBM] [Info] Iteration:476, valid_1 auc : 0.782993
[LightGBM] [Info] 1468.280171 seconds elapsed, finished iteration 476
[LightGBM] [Debug] Trained a tree with leaves = 255 and depth = 16
[LightGBM] [Info] Iteration:477, valid_1 auc : 0.782993
[LightGBM] [Info] 1471.133356 seconds elapsed, finished iteration 477
[LightGBM] [Debug] Trained a tree with leaves = 255 and depth = 16
[LightGBM] [Info] Iteration:478, valid_1 auc : 0.782993
[LightGBM] [Info] 1473.978653 seconds elapsed, finished iteration 478
[LightGBM] [Debug] Trained a tree with leaves = 255 and depth = 16
[LightGBM] [Info] Iteration:479, valid_1 auc : 0.782993
[LightGBM] [Info] 1477.382361 seconds elapsed, finished iteration 479
[LightGBM] [Debug] Trained a tree with leaves = 255 and depth = 16
[LightGBM] [Info] Iteration:480, valid_1 auc : 0.782993
[LightGBM] [Info] 1480.092842 seconds elapsed, finished iteration 480
[LightGBM] [Debug] Trained a tree with leaves = 255 and depth = 16
[LightGBM] [Info] Iteration:481, valid_1 auc : 0.782993
[LightGBM] [Info] 1483.050849 seconds elapsed, finished iteration 481
[LightGBM] [Debug] Trained a tree with leaves = 255 and depth = 16
[LightGBM] [Info] Iteration:482, valid_1 auc : 0.782993
[LightGBM] [Info] 1486.241588 seconds elapsed, finished iteration 482
[LightGBM] [Debug] Trained a tree with leaves = 255 and depth = 16
[LightGBM] [Info] Iteration:483, valid_1 auc : 0.782993
[LightGBM] [Info] 1489.132118 seconds elapsed, finished iteration 483
[LightGBM] [Debug] Trained a tree with leaves = 255 and depth = 16
[LightGBM] [Info] Iteration:484, valid_1 auc : 0.782993
[LightGBM] [Info] 1492.235824 seconds elapsed, finished iteration 484
[LightGBM] [Debug] Trained a tree with leaves = 255 and depth = 16
[LightGBM] [Info] Iteration:485, valid_1 auc : 0.782993
[LightGBM] [Info] 1495.132894 seconds elapsed, finished iteration 485
[LightGBM] [Debug] Trained a tree with leaves = 255 and depth = 16
[LightGBM] [Info] Iteration:486, valid_1 auc : 0.782993
[LightGBM] [Info] 1498.499301 seconds elapsed, finished iteration 486
[LightGBM] [Debug] Trained a tree with leaves = 255 and depth = 16
[LightGBM] [Info] Iteration:487, valid_1 auc : 0.782993
[LightGBM] [Info] 1501.306396 seconds elapsed, finished iteration 487
[LightGBM] [Debug] Trained a tree with leaves = 255 and depth = 16
[LightGBM] [Info] Iteration:488, valid_1 auc : 0.782993
[LightGBM] [Info] 1504.055655 seconds elapsed, finished iteration 488
[LightGBM] [Debug] Trained a tree with leaves = 255 and depth = 16
[LightGBM] [Info] Iteration:489, valid_1 auc : 0.782993
[LightGBM] [Info] 1506.543720 seconds elapsed, finished iteration 489
[LightGBM] [Debug] Trained a tree with leaves = 255 and depth = 16
[LightGBM] [Info] Iteration:490, valid_1 auc : 0.782993
[LightGBM] [Info] 1509.081512 seconds elapsed, finished iteration 490
[LightGBM] [Debug] Trained a tree with leaves = 255 and depth = 16
[LightGBM] [Info] Iteration:491, valid_1 auc : 0.782993
[LightGBM] [Info] 1512.074571 seconds elapsed, finished iteration 491
[LightGBM] [Debug] Trained a tree with leaves = 255 and depth = 16
[LightGBM] [Info] Iteration:492, valid_1 auc : 0.782993
[LightGBM] [Info] 1515.002795 seconds elapsed, finished iteration 492
[LightGBM] [Debug] Trained a tree with leaves = 255 and depth = 16
[LightGBM] [Info] Iteration:493, valid_1 auc : 0.782993
[LightGBM] [Info] 1518.016851 seconds elapsed, finished iteration 493
[LightGBM] [Debug] Trained a tree with leaves = 255 and depth = 16
[LightGBM] [Info] Iteration:494, valid_1 auc : 0.782993
[LightGBM] [Info] 1520.600807 seconds elapsed, finished iteration 494
[LightGBM] [Debug] Trained a tree with leaves = 255 and depth = 16
[LightGBM] [Info] Iteration:495, valid_1 auc : 0.782993
[LightGBM] [Info] 1523.228537 seconds elapsed, finished iteration 495
[LightGBM] [Debug] Trained a tree with leaves = 255 and depth = 16
[LightGBM] [Info] Iteration:496, valid_1 auc : 0.782993
[LightGBM] [Info] 1526.470677 seconds elapsed, finished iteration 496
[LightGBM] [Debug] Trained a tree with leaves = 255 and depth = 16
[LightGBM] [Info] Iteration:497, valid_1 auc : 0.782993
[LightGBM] [Info] 1528.941517 seconds elapsed, finished iteration 497
[LightGBM] [Debug] Trained a tree with leaves = 255 and depth = 16
[LightGBM] [Info] Iteration:498, valid_1 auc : 0.782993
[LightGBM] [Info] 1531.721163 seconds elapsed, finished iteration 498
[LightGBM] [Debug] Trained a tree with leaves = 255 and depth = 16
[LightGBM] [Info] Iteration:499, valid_1 auc : 0.782993
[LightGBM] [Info] 1534.310392 seconds elapsed, finished iteration 499
[LightGBM] [Debug] Trained a tree with leaves = 255 and depth = 16
[LightGBM] [Info] Iteration:500, valid_1 auc : 0.782993
[LightGBM] [Info] 1537.482039 seconds elapsed, finished iteration 500
[LightGBM] [Info] Finished training
