[LightGBM] [Warning] num_threads is set=24, num_threads=16 will be ignored. Current value: num_threads=24
[LightGBM] [Warning] device_type is set=cuda, device_type=cpu will be ignored. Current value: device_type=cuda
[LightGBM] [Warning] use_discretized_grad is set=true, use_discretized_grad=true will be ignored. Current value: use_discretized_grad=true
[LightGBM] [Warning] discretized_grad_renew is set=true, discretized_grad_renew=true will be ignored. Current value: discretized_grad_renew=true
[LightGBM] [Info] Finished loading parameters
[LightGBM] [Debug] Loading train file...
[LightGBM] [Debug] Read 10.0 GBs from /home/shiyu/boosting_tree_benchmarks/data/kitsune.train.
[LightGBM] [Debug] Read 20.0 GBs from /home/shiyu/boosting_tree_benchmarks/data/kitsune.train.
[LightGBM] [Debug] Read 30.0 GBs from /home/shiyu/boosting_tree_benchmarks/data/kitsune.train.
[LightGBM] [Debug] Read 40.0 GBs from /home/shiyu/boosting_tree_benchmarks/data/kitsune.train.
[LightGBM] [Debug] Read 50.0 GBs from /home/shiyu/boosting_tree_benchmarks/data/kitsune.train.
[LightGBM] [Warning] Using sparse features with CUDA is currently not supported.
[LightGBM] [Info] Construct bin mappers from text data time 10.12 seconds
[LightGBM] [Debug] Loading validation file #1...
[LightGBM] [Debug] Read 10.0 GBs from /home/shiyu/boosting_tree_benchmarks/data/kitsune.test.
[LightGBM] [Info] Finished loading data in 131.430380 seconds
[LightGBM] [Info] Number of positive: 2569562, number of negative: 14244516
[LightGBM] [Debug] Dataset::GetMultiBinFromAllFeatures: sparse rate 0.087221
[LightGBM] [Info] Total Bins 29325
[LightGBM] [Info] Number of data points in the train set: 16814078, number of used features: 115
[LightGBM] [Debug] Number of data points in validation set #1: 4203510
[LightGBM] [Info] Finished initializing training
[LightGBM] [Info] Started training...
[LightGBM] [Warning] boost_from_score = -1.712637
[LightGBM] [Warning] adding init score = -1.712637
[LightGBM] [Warning] adding init score = -1.712637
[LightGBM] [Info] Start training from score -1.712637
[LightGBM] [Debug] Trained a tree with leaves = 255
[LightGBM] [Info] Iteration:1, valid_1 auc : 0.921974
[LightGBM] [Info] 0.159133 seconds elapsed, finished iteration 1
[LightGBM] [Debug] Trained a tree with leaves = 255
[LightGBM] [Info] Iteration:2, valid_1 auc : 0.926842
[LightGBM] [Info] 0.325091 seconds elapsed, finished iteration 2
[LightGBM] [Debug] Trained a tree with leaves = 255
[LightGBM] [Info] Iteration:3, valid_1 auc : 0.92616
[LightGBM] [Info] 0.488526 seconds elapsed, finished iteration 3
[LightGBM] [Debug] Trained a tree with leaves = 255
[LightGBM] [Info] Iteration:4, valid_1 auc : 0.925982
[LightGBM] [Info] 0.646402 seconds elapsed, finished iteration 4
[LightGBM] [Debug] Trained a tree with leaves = 255
[LightGBM] [Info] Iteration:5, valid_1 auc : 0.925815
[LightGBM] [Info] 0.807170 seconds elapsed, finished iteration 5
[LightGBM] [Debug] Trained a tree with leaves = 255
[LightGBM] [Info] Iteration:6, valid_1 auc : 0.926046
[LightGBM] [Info] 0.975343 seconds elapsed, finished iteration 6
[LightGBM] [Debug] Trained a tree with leaves = 255
[LightGBM] [Info] Iteration:7, valid_1 auc : 0.927499
[LightGBM] [Info] 1.136296 seconds elapsed, finished iteration 7
[LightGBM] [Debug] Trained a tree with leaves = 255
[LightGBM] [Info] Iteration:8, valid_1 auc : 0.928799
[LightGBM] [Info] 1.315185 seconds elapsed, finished iteration 8
[LightGBM] [Debug] Trained a tree with leaves = 255
[LightGBM] [Info] Iteration:9, valid_1 auc : 0.927326
[LightGBM] [Info] 1.486045 seconds elapsed, finished iteration 9
[LightGBM] [Debug] Trained a tree with leaves = 255
[LightGBM] [Info] Iteration:10, valid_1 auc : 0.92703
[LightGBM] [Info] 1.650183 seconds elapsed, finished iteration 10
[LightGBM] [Debug] Trained a tree with leaves = 255
[LightGBM] [Info] Iteration:11, valid_1 auc : 0.926856
[LightGBM] [Info] 1.811811 seconds elapsed, finished iteration 11
[LightGBM] [Debug] Trained a tree with leaves = 255
[LightGBM] [Info] Iteration:12, valid_1 auc : 0.922763
[LightGBM] [Info] 1.981062 seconds elapsed, finished iteration 12
[LightGBM] [Debug] Trained a tree with leaves = 255
[LightGBM] [Info] Iteration:13, valid_1 auc : 0.923318
[LightGBM] [Info] 2.146161 seconds elapsed, finished iteration 13
[LightGBM] [Debug] Trained a tree with leaves = 255
[LightGBM] [Info] Iteration:14, valid_1 auc : 0.923088
[LightGBM] [Info] 2.319295 seconds elapsed, finished iteration 14
[LightGBM] [Debug] Trained a tree with leaves = 255
[LightGBM] [Info] Iteration:15, valid_1 auc : 0.92324
[LightGBM] [Info] 2.486026 seconds elapsed, finished iteration 15
[LightGBM] [Debug] Trained a tree with leaves = 255
[LightGBM] [Info] Iteration:16, valid_1 auc : 0.923288
[LightGBM] [Info] 2.658916 seconds elapsed, finished iteration 16
[LightGBM] [Debug] Trained a tree with leaves = 255
[LightGBM] [Info] Iteration:17, valid_1 auc : 0.923701
[LightGBM] [Info] 2.826736 seconds elapsed, finished iteration 17
[LightGBM] [Debug] Trained a tree with leaves = 255
[LightGBM] [Info] Iteration:18, valid_1 auc : 0.923579
[LightGBM] [Info] 2.995660 seconds elapsed, finished iteration 18
[LightGBM] [Debug] Trained a tree with leaves = 255
[LightGBM] [Info] Iteration:19, valid_1 auc : 0.923485
[LightGBM] [Info] 3.173197 seconds elapsed, finished iteration 19
[LightGBM] [Debug] Trained a tree with leaves = 255
[LightGBM] [Info] Iteration:20, valid_1 auc : 0.923478
[LightGBM] [Info] 3.357973 seconds elapsed, finished iteration 20
[LightGBM] [Debug] Trained a tree with leaves = 255
[LightGBM] [Info] Iteration:21, valid_1 auc : 0.923501
[LightGBM] [Info] 3.543971 seconds elapsed, finished iteration 21
[LightGBM] [Debug] Trained a tree with leaves = 255
[LightGBM] [Info] Iteration:22, valid_1 auc : 0.923858
[LightGBM] [Info] 3.727922 seconds elapsed, finished iteration 22
[LightGBM] [Debug] Trained a tree with leaves = 255
[LightGBM] [Info] Iteration:23, valid_1 auc : 0.923792
[LightGBM] [Info] 3.913067 seconds elapsed, finished iteration 23
[LightGBM] [Debug] Trained a tree with leaves = 255
[LightGBM] [Info] Iteration:24, valid_1 auc : 0.923883
[LightGBM] [Info] 4.089571 seconds elapsed, finished iteration 24
[LightGBM] [Debug] Trained a tree with leaves = 255
[LightGBM] [Info] Iteration:25, valid_1 auc : 0.923871
[LightGBM] [Info] 4.273864 seconds elapsed, finished iteration 25
[LightGBM] [Debug] Trained a tree with leaves = 255
[LightGBM] [Info] Iteration:26, valid_1 auc : 0.923682
[LightGBM] [Info] 4.461047 seconds elapsed, finished iteration 26
[LightGBM] [Debug] Trained a tree with leaves = 255
[LightGBM] [Info] Iteration:27, valid_1 auc : 0.923774
[LightGBM] [Info] 4.645258 seconds elapsed, finished iteration 27
[LightGBM] [Debug] Trained a tree with leaves = 255
[LightGBM] [Info] Iteration:28, valid_1 auc : 0.923832
[LightGBM] [Info] 4.829988 seconds elapsed, finished iteration 28
[LightGBM] [Debug] Trained a tree with leaves = 255
[LightGBM] [Info] Iteration:29, valid_1 auc : 0.924025
[LightGBM] [Info] 5.022150 seconds elapsed, finished iteration 29
[LightGBM] [Debug] Trained a tree with leaves = 255
[LightGBM] [Info] Iteration:30, valid_1 auc : 0.92431
[LightGBM] [Info] 5.205678 seconds elapsed, finished iteration 30
[LightGBM] [Debug] Trained a tree with leaves = 255
[LightGBM] [Info] Iteration:31, valid_1 auc : 0.924366
[LightGBM] [Info] 5.389839 seconds elapsed, finished iteration 31
[LightGBM] [Debug] Trained a tree with leaves = 255
[LightGBM] [Info] Iteration:32, valid_1 auc : 0.941651
[LightGBM] [Info] 5.576371 seconds elapsed, finished iteration 32
[LightGBM] [Debug] Trained a tree with leaves = 255
[LightGBM] [Info] Iteration:33, valid_1 auc : 0.941225
[LightGBM] [Info] 5.785752 seconds elapsed, finished iteration 33
[LightGBM] [Debug] Trained a tree with leaves = 255
[LightGBM] [Info] Iteration:34, valid_1 auc : 0.940741
[LightGBM] [Info] 5.985357 seconds elapsed, finished iteration 34
[LightGBM] [Debug] Trained a tree with leaves = 255
[LightGBM] [Info] Iteration:35, valid_1 auc : 0.940536
[LightGBM] [Info] 6.192797 seconds elapsed, finished iteration 35
[LightGBM] [Debug] Trained a tree with leaves = 255
[LightGBM] [Info] Iteration:36, valid_1 auc : 0.940731
[LightGBM] [Info] 6.389182 seconds elapsed, finished iteration 36
[LightGBM] [Debug] Trained a tree with leaves = 255
[LightGBM] [Info] Iteration:37, valid_1 auc : 0.940307
[LightGBM] [Info] 6.578294 seconds elapsed, finished iteration 37
[LightGBM] [Debug] Trained a tree with leaves = 255
[LightGBM] [Info] Iteration:38, valid_1 auc : 0.940176
[LightGBM] [Info] 6.769569 seconds elapsed, finished iteration 38
[LightGBM] [Debug] Trained a tree with leaves = 255
[LightGBM] [Info] Iteration:39, valid_1 auc : 0.941126
[LightGBM] [Info] 6.964741 seconds elapsed, finished iteration 39
[LightGBM] [Debug] Trained a tree with leaves = 255
[LightGBM] [Info] Iteration:40, valid_1 auc : 0.942681
[LightGBM] [Info] 7.162675 seconds elapsed, finished iteration 40
[LightGBM] [Debug] Trained a tree with leaves = 255
[LightGBM] [Info] Iteration:41, valid_1 auc : 0.943283
[LightGBM] [Info] 7.354533 seconds elapsed, finished iteration 41
[LightGBM] [Debug] Trained a tree with leaves = 255
[LightGBM] [Info] Iteration:42, valid_1 auc : 0.943787
[LightGBM] [Info] 7.557173 seconds elapsed, finished iteration 42
[LightGBM] [Debug] Trained a tree with leaves = 255
[LightGBM] [Info] Iteration:43, valid_1 auc : 0.944701
[LightGBM] [Info] 7.773502 seconds elapsed, finished iteration 43
[LightGBM] [Debug] Trained a tree with leaves = 255
[LightGBM] [Info] Iteration:44, valid_1 auc : 0.946319
[LightGBM] [Info] 7.995335 seconds elapsed, finished iteration 44
[LightGBM] [Debug] Trained a tree with leaves = 255
[LightGBM] [Info] Iteration:45, valid_1 auc : 0.948858
[LightGBM] [Info] 8.209574 seconds elapsed, finished iteration 45
[LightGBM] [Debug] Trained a tree with leaves = 255
[LightGBM] [Info] Iteration:46, valid_1 auc : 0.949679
[LightGBM] [Info] 8.413316 seconds elapsed, finished iteration 46
[LightGBM] [Debug] Trained a tree with leaves = 255
[LightGBM] [Info] Iteration:47, valid_1 auc : 0.950011
[LightGBM] [Info] 8.616335 seconds elapsed, finished iteration 47
[LightGBM] [Debug] Trained a tree with leaves = 255
[LightGBM] [Info] Iteration:48, valid_1 auc : 0.950709
[LightGBM] [Info] 8.820933 seconds elapsed, finished iteration 48
[LightGBM] [Debug] Trained a tree with leaves = 255
[LightGBM] [Info] Iteration:49, valid_1 auc : 0.951248
[LightGBM] [Info] 9.023337 seconds elapsed, finished iteration 49
[LightGBM] [Debug] Trained a tree with leaves = 255
[LightGBM] [Info] Iteration:50, valid_1 auc : 0.951608
[LightGBM] [Info] 9.227895 seconds elapsed, finished iteration 50
[LightGBM] [Debug] Trained a tree with leaves = 255
[LightGBM] [Info] Iteration:51, valid_1 auc : 0.952105
[LightGBM] [Info] 9.429111 seconds elapsed, finished iteration 51
[LightGBM] [Debug] Trained a tree with leaves = 255
[LightGBM] [Info] Iteration:52, valid_1 auc : 0.952823
[LightGBM] [Info] 9.637674 seconds elapsed, finished iteration 52
[LightGBM] [Debug] Trained a tree with leaves = 255
[LightGBM] [Info] Iteration:53, valid_1 auc : 0.953128
[LightGBM] [Info] 9.839098 seconds elapsed, finished iteration 53
[LightGBM] [Debug] Trained a tree with leaves = 255
[LightGBM] [Info] Iteration:54, valid_1 auc : 0.952975
[LightGBM] [Info] 10.040551 seconds elapsed, finished iteration 54
[LightGBM] [Debug] Trained a tree with leaves = 255
[LightGBM] [Info] Iteration:55, valid_1 auc : 0.952717
[LightGBM] [Info] 10.251135 seconds elapsed, finished iteration 55
[LightGBM] [Debug] Trained a tree with leaves = 255
[LightGBM] [Info] Iteration:56, valid_1 auc : 0.952482
[LightGBM] [Info] 10.455398 seconds elapsed, finished iteration 56
[LightGBM] [Debug] Trained a tree with leaves = 255
[LightGBM] [Info] Iteration:57, valid_1 auc : 0.952301
[LightGBM] [Info] 10.668807 seconds elapsed, finished iteration 57
[LightGBM] [Debug] Trained a tree with leaves = 255
[LightGBM] [Info] Iteration:58, valid_1 auc : 0.952152
[LightGBM] [Info] 10.886531 seconds elapsed, finished iteration 58
[LightGBM] [Debug] Trained a tree with leaves = 255
[LightGBM] [Info] Iteration:59, valid_1 auc : 0.952185
[LightGBM] [Info] 11.089946 seconds elapsed, finished iteration 59
[LightGBM] [Debug] Trained a tree with leaves = 255
[LightGBM] [Info] Iteration:60, valid_1 auc : 0.952398
[LightGBM] [Info] 11.299660 seconds elapsed, finished iteration 60
[LightGBM] [Debug] Trained a tree with leaves = 255
[LightGBM] [Info] Iteration:61, valid_1 auc : 0.952386
[LightGBM] [Info] 11.510855 seconds elapsed, finished iteration 61
[LightGBM] [Debug] Trained a tree with leaves = 255
[LightGBM] [Info] Iteration:62, valid_1 auc : 0.952358
[LightGBM] [Info] 11.723691 seconds elapsed, finished iteration 62
[LightGBM] [Debug] Trained a tree with leaves = 255
[LightGBM] [Info] Iteration:63, valid_1 auc : 0.952506
[LightGBM] [Info] 11.937892 seconds elapsed, finished iteration 63
[LightGBM] [Debug] Trained a tree with leaves = 255
[LightGBM] [Info] Iteration:64, valid_1 auc : 0.952506
[LightGBM] [Info] 12.151055 seconds elapsed, finished iteration 64
[LightGBM] [Debug] Trained a tree with leaves = 255
[LightGBM] [Info] Iteration:65, valid_1 auc : 0.952879
[LightGBM] [Info] 12.366051 seconds elapsed, finished iteration 65
[LightGBM] [Debug] Trained a tree with leaves = 255
[LightGBM] [Info] Iteration:66, valid_1 auc : 0.953
[LightGBM] [Info] 12.573928 seconds elapsed, finished iteration 66
[LightGBM] [Debug] Trained a tree with leaves = 255
[LightGBM] [Info] Iteration:67, valid_1 auc : 0.953047
[LightGBM] [Info] 12.784981 seconds elapsed, finished iteration 67
[LightGBM] [Debug] Trained a tree with leaves = 255
[LightGBM] [Info] Iteration:68, valid_1 auc : 0.953225
[LightGBM] [Info] 12.997793 seconds elapsed, finished iteration 68
[LightGBM] [Debug] Trained a tree with leaves = 255
[LightGBM] [Info] Iteration:69, valid_1 auc : 0.953245
[LightGBM] [Info] 13.217969 seconds elapsed, finished iteration 69
[LightGBM] [Debug] Trained a tree with leaves = 255
[LightGBM] [Info] Iteration:70, valid_1 auc : 0.953277
[LightGBM] [Info] 13.430472 seconds elapsed, finished iteration 70
[LightGBM] [Debug] Trained a tree with leaves = 255
[LightGBM] [Info] Iteration:71, valid_1 auc : 0.95329
[LightGBM] [Info] 13.648556 seconds elapsed, finished iteration 71
[LightGBM] [Debug] Trained a tree with leaves = 255
[LightGBM] [Info] Iteration:72, valid_1 auc : 0.952995
[LightGBM] [Info] 13.869881 seconds elapsed, finished iteration 72
[LightGBM] [Debug] Trained a tree with leaves = 255
[LightGBM] [Info] Iteration:73, valid_1 auc : 0.952753
[LightGBM] [Info] 14.117480 seconds elapsed, finished iteration 73
[LightGBM] [Debug] Trained a tree with leaves = 255
[LightGBM] [Info] Iteration:74, valid_1 auc : 0.952879
[LightGBM] [Info] 14.342034 seconds elapsed, finished iteration 74
[LightGBM] [Debug] Trained a tree with leaves = 255
[LightGBM] [Info] Iteration:75, valid_1 auc : 0.953034
[LightGBM] [Info] 14.559965 seconds elapsed, finished iteration 75
[LightGBM] [Debug] Trained a tree with leaves = 255
[LightGBM] [Info] Iteration:76, valid_1 auc : 0.953209
[LightGBM] [Info] 14.788119 seconds elapsed, finished iteration 76
[LightGBM] [Debug] Trained a tree with leaves = 255
[LightGBM] [Info] Iteration:77, valid_1 auc : 0.95316
[LightGBM] [Info] 15.014645 seconds elapsed, finished iteration 77
[LightGBM] [Debug] Trained a tree with leaves = 255
[LightGBM] [Info] Iteration:78, valid_1 auc : 0.953425
[LightGBM] [Info] 15.247729 seconds elapsed, finished iteration 78
[LightGBM] [Debug] Trained a tree with leaves = 255
[LightGBM] [Info] Iteration:79, valid_1 auc : 0.953561
[LightGBM] [Info] 15.478202 seconds elapsed, finished iteration 79
[LightGBM] [Debug] Trained a tree with leaves = 255
[LightGBM] [Info] Iteration:80, valid_1 auc : 0.953341
[LightGBM] [Info] 15.697613 seconds elapsed, finished iteration 80
[LightGBM] [Debug] Trained a tree with leaves = 255
[LightGBM] [Info] Iteration:81, valid_1 auc : 0.953275
[LightGBM] [Info] 15.937190 seconds elapsed, finished iteration 81
[LightGBM] [Debug] Trained a tree with leaves = 255
[LightGBM] [Info] Iteration:82, valid_1 auc : 0.953395
[LightGBM] [Info] 16.174078 seconds elapsed, finished iteration 82
[LightGBM] [Debug] Trained a tree with leaves = 255
[LightGBM] [Info] Iteration:83, valid_1 auc : 0.953501
[LightGBM] [Info] 16.415787 seconds elapsed, finished iteration 83
[LightGBM] [Debug] Trained a tree with leaves = 255
[LightGBM] [Info] Iteration:84, valid_1 auc : 0.953518
[LightGBM] [Info] 16.655080 seconds elapsed, finished iteration 84
[LightGBM] [Debug] Trained a tree with leaves = 255
[LightGBM] [Info] Iteration:85, valid_1 auc : 0.953638
[LightGBM] [Info] 16.906917 seconds elapsed, finished iteration 85
[LightGBM] [Debug] Trained a tree with leaves = 255
[LightGBM] [Info] Iteration:86, valid_1 auc : 0.953425
[LightGBM] [Info] 17.150654 seconds elapsed, finished iteration 86
[LightGBM] [Debug] Trained a tree with leaves = 255
[LightGBM] [Info] Iteration:87, valid_1 auc : 0.95347
[LightGBM] [Info] 17.399808 seconds elapsed, finished iteration 87
[LightGBM] [Debug] Trained a tree with leaves = 255
[LightGBM] [Info] Iteration:88, valid_1 auc : 0.95354
[LightGBM] [Info] 17.662390 seconds elapsed, finished iteration 88
[LightGBM] [Debug] Trained a tree with leaves = 255
[LightGBM] [Info] Iteration:89, valid_1 auc : 0.953561
[LightGBM] [Info] 17.924104 seconds elapsed, finished iteration 89
[LightGBM] [Debug] Trained a tree with leaves = 255
[LightGBM] [Info] Iteration:90, valid_1 auc : 0.953597
[LightGBM] [Info] 18.204154 seconds elapsed, finished iteration 90
[LightGBM] [Debug] Trained a tree with leaves = 255
[LightGBM] [Info] Iteration:91, valid_1 auc : 0.953569
[LightGBM] [Info] 18.457628 seconds elapsed, finished iteration 91
[LightGBM] [Debug] Trained a tree with leaves = 255
[LightGBM] [Info] Iteration:92, valid_1 auc : 0.953582
[LightGBM] [Info] 18.735684 seconds elapsed, finished iteration 92
[LightGBM] [Debug] Trained a tree with leaves = 255
[LightGBM] [Info] Iteration:93, valid_1 auc : 0.953708
[LightGBM] [Info] 19.021556 seconds elapsed, finished iteration 93
[LightGBM] [Debug] Trained a tree with leaves = 255
[LightGBM] [Info] Iteration:94, valid_1 auc : 0.953633
[LightGBM] [Info] 19.287886 seconds elapsed, finished iteration 94
[LightGBM] [Debug] Trained a tree with leaves = 255
[LightGBM] [Info] Iteration:95, valid_1 auc : 0.953637
[LightGBM] [Info] 19.559924 seconds elapsed, finished iteration 95
[LightGBM] [Debug] Trained a tree with leaves = 255
[LightGBM] [Info] Iteration:96, valid_1 auc : 0.953643
[LightGBM] [Info] 19.824139 seconds elapsed, finished iteration 96
[LightGBM] [Debug] Trained a tree with leaves = 255
[LightGBM] [Info] Iteration:97, valid_1 auc : 0.953465
[LightGBM] [Info] 20.097343 seconds elapsed, finished iteration 97
[LightGBM] [Debug] Trained a tree with leaves = 255
[LightGBM] [Info] Iteration:98, valid_1 auc : 0.953302
[LightGBM] [Info] 20.373034 seconds elapsed, finished iteration 98
[LightGBM] [Debug] Trained a tree with leaves = 255
[LightGBM] [Info] Iteration:99, valid_1 auc : 0.953325
[LightGBM] [Info] 20.637547 seconds elapsed, finished iteration 99
[LightGBM] [Debug] Trained a tree with leaves = 255
[LightGBM] [Info] Iteration:100, valid_1 auc : 0.953358
[LightGBM] [Info] 20.905678 seconds elapsed, finished iteration 100
[LightGBM] [Debug] Trained a tree with leaves = 255
[LightGBM] [Info] Iteration:101, valid_1 auc : 0.953319
[LightGBM] [Info] 21.199576 seconds elapsed, finished iteration 101
[LightGBM] [Debug] Trained a tree with leaves = 255
[LightGBM] [Info] Iteration:102, valid_1 auc : 0.953388
[LightGBM] [Info] 21.470403 seconds elapsed, finished iteration 102
[LightGBM] [Debug] Trained a tree with leaves = 255
[LightGBM] [Info] Iteration:103, valid_1 auc : 0.95324
[LightGBM] [Info] 21.737184 seconds elapsed, finished iteration 103
[LightGBM] [Debug] Trained a tree with leaves = 255
[LightGBM] [Info] Iteration:104, valid_1 auc : 0.953246
[LightGBM] [Info] 22.017307 seconds elapsed, finished iteration 104
[LightGBM] [Debug] Trained a tree with leaves = 255
[LightGBM] [Info] Iteration:105, valid_1 auc : 0.953258
[LightGBM] [Info] 22.301785 seconds elapsed, finished iteration 105
[LightGBM] [Debug] Trained a tree with leaves = 255
[LightGBM] [Info] Iteration:106, valid_1 auc : 0.953271
[LightGBM] [Info] 22.567058 seconds elapsed, finished iteration 106
[LightGBM] [Debug] Trained a tree with leaves = 255
[LightGBM] [Info] Iteration:107, valid_1 auc : 0.953319
[LightGBM] [Info] 22.835616 seconds elapsed, finished iteration 107
[LightGBM] [Debug] Trained a tree with leaves = 255
[LightGBM] [Info] Iteration:108, valid_1 auc : 0.953322
[LightGBM] [Info] 23.112101 seconds elapsed, finished iteration 108
[LightGBM] [Debug] Trained a tree with leaves = 255
[LightGBM] [Info] Iteration:109, valid_1 auc : 0.953358
[LightGBM] [Info] 23.408340 seconds elapsed, finished iteration 109
[LightGBM] [Debug] Trained a tree with leaves = 255
[LightGBM] [Info] Iteration:110, valid_1 auc : 0.953362
[LightGBM] [Info] 23.686898 seconds elapsed, finished iteration 110
[LightGBM] [Debug] Trained a tree with leaves = 255
[LightGBM] [Info] Iteration:111, valid_1 auc : 0.953251
[LightGBM] [Info] 23.991687 seconds elapsed, finished iteration 111
[LightGBM] [Debug] Trained a tree with leaves = 255
[LightGBM] [Info] Iteration:112, valid_1 auc : 0.953261
[LightGBM] [Info] 24.274212 seconds elapsed, finished iteration 112
[LightGBM] [Debug] Trained a tree with leaves = 255
[LightGBM] [Info] Iteration:113, valid_1 auc : 0.953308
[LightGBM] [Info] 24.549705 seconds elapsed, finished iteration 113
[LightGBM] [Debug] Trained a tree with leaves = 255
[LightGBM] [Info] Iteration:114, valid_1 auc : 0.9534
[LightGBM] [Info] 24.828033 seconds elapsed, finished iteration 114
[LightGBM] [Debug] Trained a tree with leaves = 255
[LightGBM] [Info] Iteration:115, valid_1 auc : 0.953415
[LightGBM] [Info] 25.074052 seconds elapsed, finished iteration 115
[LightGBM] [Debug] Trained a tree with leaves = 255
[LightGBM] [Info] Iteration:116, valid_1 auc : 0.953437
[LightGBM] [Info] 25.319185 seconds elapsed, finished iteration 116
[LightGBM] [Debug] Trained a tree with leaves = 255
[LightGBM] [Info] Iteration:117, valid_1 auc : 0.953221
[LightGBM] [Info] 25.571639 seconds elapsed, finished iteration 117
[LightGBM] [Debug] Trained a tree with leaves = 255
[LightGBM] [Info] Iteration:118, valid_1 auc : 0.953183
[LightGBM] [Info] 25.809593 seconds elapsed, finished iteration 118
[LightGBM] [Debug] Trained a tree with leaves = 255
[LightGBM] [Info] Iteration:119, valid_1 auc : 0.953139
[LightGBM] [Info] 26.077746 seconds elapsed, finished iteration 119
[LightGBM] [Debug] Trained a tree with leaves = 255
[LightGBM] [Info] Iteration:120, valid_1 auc : 0.953205
[LightGBM] [Info] 26.337687 seconds elapsed, finished iteration 120
[LightGBM] [Debug] Trained a tree with leaves = 255
[LightGBM] [Info] Iteration:121, valid_1 auc : 0.953056
[LightGBM] [Info] 26.602631 seconds elapsed, finished iteration 121
[LightGBM] [Debug] Trained a tree with leaves = 255
[LightGBM] [Info] Iteration:122, valid_1 auc : 0.953075
[LightGBM] [Info] 26.856983 seconds elapsed, finished iteration 122
[LightGBM] [Debug] Trained a tree with leaves = 255
[LightGBM] [Info] Iteration:123, valid_1 auc : 0.953034
[LightGBM] [Info] 27.109285 seconds elapsed, finished iteration 123
[LightGBM] [Debug] Trained a tree with leaves = 255
[LightGBM] [Info] Iteration:124, valid_1 auc : 0.953115
[LightGBM] [Info] 27.369060 seconds elapsed, finished iteration 124
[LightGBM] [Debug] Trained a tree with leaves = 255
[LightGBM] [Info] Iteration:125, valid_1 auc : 0.95311
[LightGBM] [Info] 27.633800 seconds elapsed, finished iteration 125
[LightGBM] [Debug] Trained a tree with leaves = 255
[LightGBM] [Info] Iteration:126, valid_1 auc : 0.953087
[LightGBM] [Info] 27.886804 seconds elapsed, finished iteration 126
[LightGBM] [Debug] Trained a tree with leaves = 255
[LightGBM] [Info] Iteration:127, valid_1 auc : 0.953145
[LightGBM] [Info] 28.144194 seconds elapsed, finished iteration 127
[LightGBM] [Debug] Trained a tree with leaves = 255
[LightGBM] [Info] Iteration:128, valid_1 auc : 0.953187
[LightGBM] [Info] 28.418412 seconds elapsed, finished iteration 128
[LightGBM] [Debug] Trained a tree with leaves = 255
[LightGBM] [Info] Iteration:129, valid_1 auc : 0.953177
[LightGBM] [Info] 28.679905 seconds elapsed, finished iteration 129
[LightGBM] [Debug] Trained a tree with leaves = 255
[LightGBM] [Info] Iteration:130, valid_1 auc : 0.953186
[LightGBM] [Info] 28.945775 seconds elapsed, finished iteration 130
[LightGBM] [Debug] Trained a tree with leaves = 255
[LightGBM] [Info] Iteration:131, valid_1 auc : 0.953198
[LightGBM] [Info] 29.213814 seconds elapsed, finished iteration 131
[LightGBM] [Debug] Trained a tree with leaves = 255
[LightGBM] [Info] Iteration:132, valid_1 auc : 0.953106
[LightGBM] [Info] 29.467247 seconds elapsed, finished iteration 132
[LightGBM] [Debug] Trained a tree with leaves = 255
[LightGBM] [Info] Iteration:133, valid_1 auc : 0.953145
[LightGBM] [Info] 29.721773 seconds elapsed, finished iteration 133
[LightGBM] [Debug] Trained a tree with leaves = 255
[LightGBM] [Info] Iteration:134, valid_1 auc : 0.953202
[LightGBM] [Info] 29.991333 seconds elapsed, finished iteration 134
[LightGBM] [Debug] Trained a tree with leaves = 255
[LightGBM] [Info] Iteration:135, valid_1 auc : 0.953211
[LightGBM] [Info] 30.239196 seconds elapsed, finished iteration 135
[LightGBM] [Debug] Trained a tree with leaves = 255
[LightGBM] [Info] Iteration:136, valid_1 auc : 0.953219
[LightGBM] [Info] 30.507638 seconds elapsed, finished iteration 136
[LightGBM] [Debug] Trained a tree with leaves = 255
[LightGBM] [Info] Iteration:137, valid_1 auc : 0.953236
[LightGBM] [Info] 30.761812 seconds elapsed, finished iteration 137
[LightGBM] [Debug] Trained a tree with leaves = 255
[LightGBM] [Info] Iteration:138, valid_1 auc : 0.953203
[LightGBM] [Info] 31.019755 seconds elapsed, finished iteration 138
[LightGBM] [Debug] Trained a tree with leaves = 255
[LightGBM] [Info] Iteration:139, valid_1 auc : 0.953219
[LightGBM] [Info] 31.288981 seconds elapsed, finished iteration 139
[LightGBM] [Debug] Trained a tree with leaves = 255
[LightGBM] [Info] Iteration:140, valid_1 auc : 0.952982
[LightGBM] [Info] 31.555759 seconds elapsed, finished iteration 140
[LightGBM] [Debug] Trained a tree with leaves = 255
[LightGBM] [Info] Iteration:141, valid_1 auc : 0.952994
[LightGBM] [Info] 31.814315 seconds elapsed, finished iteration 141
[LightGBM] [Debug] Trained a tree with leaves = 255
[LightGBM] [Info] Iteration:142, valid_1 auc : 0.953043
[LightGBM] [Info] 32.064216 seconds elapsed, finished iteration 142
[LightGBM] [Debug] Trained a tree with leaves = 255
[LightGBM] [Info] Iteration:143, valid_1 auc : 0.953043
[LightGBM] [Info] 32.327478 seconds elapsed, finished iteration 143
[LightGBM] [Debug] Trained a tree with leaves = 255
[LightGBM] [Info] Iteration:144, valid_1 auc : 0.952976
[LightGBM] [Info] 32.596514 seconds elapsed, finished iteration 144
[LightGBM] [Debug] Trained a tree with leaves = 255
[LightGBM] [Info] Iteration:145, valid_1 auc : 0.952853
[LightGBM] [Info] 32.845990 seconds elapsed, finished iteration 145
[LightGBM] [Debug] Trained a tree with leaves = 255
[LightGBM] [Info] Iteration:146, valid_1 auc : 0.952893
[LightGBM] [Info] 33.102510 seconds elapsed, finished iteration 146
[LightGBM] [Debug] Trained a tree with leaves = 255
[LightGBM] [Info] Iteration:147, valid_1 auc : 0.952905
[LightGBM] [Info] 33.359364 seconds elapsed, finished iteration 147
[LightGBM] [Debug] Trained a tree with leaves = 255
[LightGBM] [Info] Iteration:148, valid_1 auc : 0.952883
[LightGBM] [Info] 33.605108 seconds elapsed, finished iteration 148
[LightGBM] [Debug] Trained a tree with leaves = 255
[LightGBM] [Info] Iteration:149, valid_1 auc : 0.952864
[LightGBM] [Info] 33.906532 seconds elapsed, finished iteration 149
[LightGBM] [Debug] Trained a tree with leaves = 255
[LightGBM] [Info] Iteration:150, valid_1 auc : 0.952863
[LightGBM] [Info] 34.161832 seconds elapsed, finished iteration 150
[LightGBM] [Debug] Trained a tree with leaves = 255
[LightGBM] [Info] Iteration:151, valid_1 auc : 0.952834
[LightGBM] [Info] 34.460656 seconds elapsed, finished iteration 151
[LightGBM] [Debug] Trained a tree with leaves = 255
[LightGBM] [Info] Iteration:152, valid_1 auc : 0.952863
[LightGBM] [Info] 34.731551 seconds elapsed, finished iteration 152
[LightGBM] [Debug] Trained a tree with leaves = 255
[LightGBM] [Info] Iteration:153, valid_1 auc : 0.952885
[LightGBM] [Info] 35.000159 seconds elapsed, finished iteration 153
[LightGBM] [Debug] Trained a tree with leaves = 255
[LightGBM] [Info] Iteration:154, valid_1 auc : 0.952926
[LightGBM] [Info] 35.257661 seconds elapsed, finished iteration 154
[LightGBM] [Debug] Trained a tree with leaves = 255
[LightGBM] [Info] Iteration:155, valid_1 auc : 0.952912
[LightGBM] [Info] 35.512137 seconds elapsed, finished iteration 155
[LightGBM] [Debug] Trained a tree with leaves = 255
[LightGBM] [Info] Iteration:156, valid_1 auc : 0.952925
[LightGBM] [Info] 35.760011 seconds elapsed, finished iteration 156
[LightGBM] [Debug] Trained a tree with leaves = 255
[LightGBM] [Info] Iteration:157, valid_1 auc : 0.952936
[LightGBM] [Info] 36.038132 seconds elapsed, finished iteration 157
[LightGBM] [Debug] Trained a tree with leaves = 255
[LightGBM] [Info] Iteration:158, valid_1 auc : 0.952969
[LightGBM] [Info] 36.309789 seconds elapsed, finished iteration 158
[LightGBM] [Debug] Trained a tree with leaves = 255
[LightGBM] [Info] Iteration:159, valid_1 auc : 0.952721
[LightGBM] [Info] 36.581090 seconds elapsed, finished iteration 159
[LightGBM] [Debug] Trained a tree with leaves = 255
[LightGBM] [Info] Iteration:160, valid_1 auc : 0.952647
[LightGBM] [Info] 36.865949 seconds elapsed, finished iteration 160
[LightGBM] [Debug] Trained a tree with leaves = 255
[LightGBM] [Info] Iteration:161, valid_1 auc : 0.952685
[LightGBM] [Info] 37.140175 seconds elapsed, finished iteration 161
[LightGBM] [Debug] Trained a tree with leaves = 255
[LightGBM] [Info] Iteration:162, valid_1 auc : 0.952652
[LightGBM] [Info] 37.391983 seconds elapsed, finished iteration 162
[LightGBM] [Debug] Trained a tree with leaves = 255
[LightGBM] [Info] Iteration:163, valid_1 auc : 0.952721
[LightGBM] [Info] 37.662272 seconds elapsed, finished iteration 163
[LightGBM] [Debug] Trained a tree with leaves = 255
[LightGBM] [Info] Iteration:164, valid_1 auc : 0.952695
[LightGBM] [Info] 37.944204 seconds elapsed, finished iteration 164
[LightGBM] [Debug] Trained a tree with leaves = 255
[LightGBM] [Info] Iteration:165, valid_1 auc : 0.952681
[LightGBM] [Info] 38.241402 seconds elapsed, finished iteration 165
[LightGBM] [Debug] Trained a tree with leaves = 255
[LightGBM] [Info] Iteration:166, valid_1 auc : 0.952648
[LightGBM] [Info] 38.502425 seconds elapsed, finished iteration 166
[LightGBM] [Debug] Trained a tree with leaves = 255
[LightGBM] [Info] Iteration:167, valid_1 auc : 0.952624
[LightGBM] [Info] 38.764206 seconds elapsed, finished iteration 167
[LightGBM] [Debug] Trained a tree with leaves = 255
[LightGBM] [Info] Iteration:168, valid_1 auc : 0.952624
[LightGBM] [Info] 39.019815 seconds elapsed, finished iteration 168
[LightGBM] [Debug] Trained a tree with leaves = 255
[LightGBM] [Info] Iteration:169, valid_1 auc : 0.95251
[LightGBM] [Info] 39.301998 seconds elapsed, finished iteration 169
[LightGBM] [Debug] Trained a tree with leaves = 255
[LightGBM] [Info] Iteration:170, valid_1 auc : 0.952516
[LightGBM] [Info] 39.565973 seconds elapsed, finished iteration 170
[LightGBM] [Debug] Trained a tree with leaves = 255
[LightGBM] [Info] Iteration:171, valid_1 auc : 0.952538
[LightGBM] [Info] 39.826844 seconds elapsed, finished iteration 171
[LightGBM] [Debug] Trained a tree with leaves = 255
[LightGBM] [Info] Iteration:172, valid_1 auc : 0.952527
[LightGBM] [Info] 40.103735 seconds elapsed, finished iteration 172
[LightGBM] [Debug] Trained a tree with leaves = 255
[LightGBM] [Info] Iteration:173, valid_1 auc : 0.95253
[LightGBM] [Info] 40.369310 seconds elapsed, finished iteration 173
[LightGBM] [Debug] Trained a tree with leaves = 255
[LightGBM] [Info] Iteration:174, valid_1 auc : 0.952306
[LightGBM] [Info] 40.633165 seconds elapsed, finished iteration 174
[LightGBM] [Debug] Trained a tree with leaves = 255
[LightGBM] [Info] Iteration:175, valid_1 auc : 0.952271
[LightGBM] [Info] 40.899957 seconds elapsed, finished iteration 175
[LightGBM] [Debug] Trained a tree with leaves = 255
[LightGBM] [Info] Iteration:176, valid_1 auc : 0.952082
[LightGBM] [Info] 41.164056 seconds elapsed, finished iteration 176
[LightGBM] [Debug] Trained a tree with leaves = 255
[LightGBM] [Info] Iteration:177, valid_1 auc : 0.952093
[LightGBM] [Info] 41.429798 seconds elapsed, finished iteration 177
[LightGBM] [Debug] Trained a tree with leaves = 255
[LightGBM] [Info] Iteration:178, valid_1 auc : 0.952091
[LightGBM] [Info] 41.683279 seconds elapsed, finished iteration 178
[LightGBM] [Debug] Trained a tree with leaves = 255
[LightGBM] [Info] Iteration:179, valid_1 auc : 0.95213
[LightGBM] [Info] 41.961243 seconds elapsed, finished iteration 179
[LightGBM] [Debug] Trained a tree with leaves = 255
[LightGBM] [Info] Iteration:180, valid_1 auc : 0.952157
[LightGBM] [Info] 42.226555 seconds elapsed, finished iteration 180
[LightGBM] [Debug] Trained a tree with leaves = 255
[LightGBM] [Info] Iteration:181, valid_1 auc : 0.952045
[LightGBM] [Info] 42.491893 seconds elapsed, finished iteration 181
[LightGBM] [Debug] Trained a tree with leaves = 255
[LightGBM] [Info] Iteration:182, valid_1 auc : 0.952056
[LightGBM] [Info] 42.781754 seconds elapsed, finished iteration 182
[LightGBM] [Debug] Trained a tree with leaves = 255
[LightGBM] [Info] Iteration:183, valid_1 auc : 0.952103
[LightGBM] [Info] 43.054196 seconds elapsed, finished iteration 183
[LightGBM] [Debug] Trained a tree with leaves = 255
[LightGBM] [Info] Iteration:184, valid_1 auc : 0.952219
[LightGBM] [Info] 43.341172 seconds elapsed, finished iteration 184
[LightGBM] [Debug] Trained a tree with leaves = 255
[LightGBM] [Info] Iteration:185, valid_1 auc : 0.952226
[LightGBM] [Info] 43.587629 seconds elapsed, finished iteration 185
[LightGBM] [Debug] Trained a tree with leaves = 255
[LightGBM] [Info] Iteration:186, valid_1 auc : 0.952273
[LightGBM] [Info] 43.887393 seconds elapsed, finished iteration 186
[LightGBM] [Debug] Trained a tree with leaves = 255
[LightGBM] [Info] Iteration:187, valid_1 auc : 0.952257
[LightGBM] [Info] 44.135509 seconds elapsed, finished iteration 187
[LightGBM] [Debug] Trained a tree with leaves = 255
[LightGBM] [Info] Iteration:188, valid_1 auc : 0.952278
[LightGBM] [Info] 44.403910 seconds elapsed, finished iteration 188
[LightGBM] [Debug] Trained a tree with leaves = 255
[LightGBM] [Info] Iteration:189, valid_1 auc : 0.952268
[LightGBM] [Info] 44.709899 seconds elapsed, finished iteration 189
[LightGBM] [Debug] Trained a tree with leaves = 255
[LightGBM] [Info] Iteration:190, valid_1 auc : 0.952276
[LightGBM] [Info] 44.963419 seconds elapsed, finished iteration 190
[LightGBM] [Debug] Trained a tree with leaves = 255
[LightGBM] [Info] Iteration:191, valid_1 auc : 0.952252
[LightGBM] [Info] 45.251617 seconds elapsed, finished iteration 191
[LightGBM] [Debug] Trained a tree with leaves = 255
[LightGBM] [Info] Iteration:192, valid_1 auc : 0.952291
[LightGBM] [Info] 45.516819 seconds elapsed, finished iteration 192
[LightGBM] [Debug] Trained a tree with leaves = 255
[LightGBM] [Info] Iteration:193, valid_1 auc : 0.95222
[LightGBM] [Info] 45.784336 seconds elapsed, finished iteration 193
[LightGBM] [Debug] Trained a tree with leaves = 255
[LightGBM] [Info] Iteration:194, valid_1 auc : 0.952167
[LightGBM] [Info] 46.056316 seconds elapsed, finished iteration 194
[LightGBM] [Debug] Trained a tree with leaves = 255
[LightGBM] [Info] Iteration:195, valid_1 auc : 0.952059
[LightGBM] [Info] 46.318320 seconds elapsed, finished iteration 195
[LightGBM] [Debug] Trained a tree with leaves = 255
[LightGBM] [Info] Iteration:196, valid_1 auc : 0.952067
[LightGBM] [Info] 46.580576 seconds elapsed, finished iteration 196
[LightGBM] [Debug] Trained a tree with leaves = 255
[LightGBM] [Info] Iteration:197, valid_1 auc : 0.952067
[LightGBM] [Info] 46.851214 seconds elapsed, finished iteration 197
[LightGBM] [Debug] Trained a tree with leaves = 255
[LightGBM] [Info] Iteration:198, valid_1 auc : 0.952015
[LightGBM] [Info] 47.144357 seconds elapsed, finished iteration 198
[LightGBM] [Debug] Trained a tree with leaves = 255
[LightGBM] [Info] Iteration:199, valid_1 auc : 0.952033
[LightGBM] [Info] 47.390489 seconds elapsed, finished iteration 199
[LightGBM] [Debug] Trained a tree with leaves = 255
[LightGBM] [Info] Iteration:200, valid_1 auc : 0.952056
[LightGBM] [Info] 47.656025 seconds elapsed, finished iteration 200
[LightGBM] [Debug] Trained a tree with leaves = 255
[LightGBM] [Info] Iteration:201, valid_1 auc : 0.95201
[LightGBM] [Info] 47.912015 seconds elapsed, finished iteration 201
[LightGBM] [Debug] Trained a tree with leaves = 255
[LightGBM] [Info] Iteration:202, valid_1 auc : 0.952023
[LightGBM] [Info] 48.200336 seconds elapsed, finished iteration 202
[LightGBM] [Debug] Trained a tree with leaves = 255
[LightGBM] [Info] Iteration:203, valid_1 auc : 0.95195
[LightGBM] [Info] 48.467316 seconds elapsed, finished iteration 203
[LightGBM] [Debug] Trained a tree with leaves = 255
[LightGBM] [Info] Iteration:204, valid_1 auc : 0.951952
[LightGBM] [Info] 48.747058 seconds elapsed, finished iteration 204
[LightGBM] [Debug] Trained a tree with leaves = 255
[LightGBM] [Info] Iteration:205, valid_1 auc : 0.95194
[LightGBM] [Info] 49.016031 seconds elapsed, finished iteration 205
[LightGBM] [Debug] Trained a tree with leaves = 255
[LightGBM] [Info] Iteration:206, valid_1 auc : 0.951978
[LightGBM] [Info] 49.286613 seconds elapsed, finished iteration 206
[LightGBM] [Debug] Trained a tree with leaves = 255
[LightGBM] [Info] Iteration:207, valid_1 auc : 0.951969
[LightGBM] [Info] 49.552090 seconds elapsed, finished iteration 207
[LightGBM] [Debug] Trained a tree with leaves = 255
[LightGBM] [Info] Iteration:208, valid_1 auc : 0.95198
[LightGBM] [Info] 49.826346 seconds elapsed, finished iteration 208
[LightGBM] [Debug] Trained a tree with leaves = 255
[LightGBM] [Info] Iteration:209, valid_1 auc : 0.951825
[LightGBM] [Info] 50.127449 seconds elapsed, finished iteration 209
[LightGBM] [Debug] Trained a tree with leaves = 255
[LightGBM] [Info] Iteration:210, valid_1 auc : 0.951891
[LightGBM] [Info] 50.404674 seconds elapsed, finished iteration 210
[LightGBM] [Debug] Trained a tree with leaves = 255
[LightGBM] [Info] Iteration:211, valid_1 auc : 0.951924
[LightGBM] [Info] 50.664955 seconds elapsed, finished iteration 211
[LightGBM] [Debug] Trained a tree with leaves = 255
[LightGBM] [Info] Iteration:212, valid_1 auc : 0.95199
[LightGBM] [Info] 50.915771 seconds elapsed, finished iteration 212
[LightGBM] [Debug] Trained a tree with leaves = 255
[LightGBM] [Info] Iteration:213, valid_1 auc : 0.951967
[LightGBM] [Info] 51.194057 seconds elapsed, finished iteration 213
[LightGBM] [Debug] Trained a tree with leaves = 255
[LightGBM] [Info] Iteration:214, valid_1 auc : 0.951958
[LightGBM] [Info] 51.472933 seconds elapsed, finished iteration 214
[LightGBM] [Debug] Trained a tree with leaves = 255
[LightGBM] [Info] Iteration:215, valid_1 auc : 0.951942
[LightGBM] [Info] 51.755196 seconds elapsed, finished iteration 215
[LightGBM] [Debug] Trained a tree with leaves = 255
[LightGBM] [Info] Iteration:216, valid_1 auc : 0.951932
[LightGBM] [Info] 52.012091 seconds elapsed, finished iteration 216
[LightGBM] [Debug] Trained a tree with leaves = 255
[LightGBM] [Info] Iteration:217, valid_1 auc : 0.951943
[LightGBM] [Info] 52.327637 seconds elapsed, finished iteration 217
[LightGBM] [Debug] Trained a tree with leaves = 255
[LightGBM] [Info] Iteration:218, valid_1 auc : 0.951948
[LightGBM] [Info] 52.577417 seconds elapsed, finished iteration 218
[LightGBM] [Debug] Trained a tree with leaves = 255
[LightGBM] [Info] Iteration:219, valid_1 auc : 0.951885
[LightGBM] [Info] 52.862984 seconds elapsed, finished iteration 219
[LightGBM] [Debug] Trained a tree with leaves = 255
[LightGBM] [Info] Iteration:220, valid_1 auc : 0.951888
[LightGBM] [Info] 53.118753 seconds elapsed, finished iteration 220
[LightGBM] [Debug] Trained a tree with leaves = 255
[LightGBM] [Info] Iteration:221, valid_1 auc : 0.951896
[LightGBM] [Info] 53.398884 seconds elapsed, finished iteration 221
[LightGBM] [Debug] Trained a tree with leaves = 255
[LightGBM] [Info] Iteration:222, valid_1 auc : 0.951882
[LightGBM] [Info] 53.656440 seconds elapsed, finished iteration 222
[LightGBM] [Debug] Trained a tree with leaves = 255
[LightGBM] [Info] Iteration:223, valid_1 auc : 0.951896
[LightGBM] [Info] 53.926428 seconds elapsed, finished iteration 223
[LightGBM] [Debug] Trained a tree with leaves = 255
[LightGBM] [Info] Iteration:224, valid_1 auc : 0.951894
[LightGBM] [Info] 54.180194 seconds elapsed, finished iteration 224
[LightGBM] [Debug] Trained a tree with leaves = 255
[LightGBM] [Info] Iteration:225, valid_1 auc : 0.951914
[LightGBM] [Info] 54.445737 seconds elapsed, finished iteration 225
[LightGBM] [Debug] Trained a tree with leaves = 255
[LightGBM] [Info] Iteration:226, valid_1 auc : 0.951833
[LightGBM] [Info] 54.693312 seconds elapsed, finished iteration 226
[LightGBM] [Debug] Trained a tree with leaves = 255
[LightGBM] [Info] Iteration:227, valid_1 auc : 0.951816
[LightGBM] [Info] 54.955623 seconds elapsed, finished iteration 227
[LightGBM] [Debug] Trained a tree with leaves = 255
[LightGBM] [Info] Iteration:228, valid_1 auc : 0.951823
[LightGBM] [Info] 55.218578 seconds elapsed, finished iteration 228
[LightGBM] [Debug] Trained a tree with leaves = 255
[LightGBM] [Info] Iteration:229, valid_1 auc : 0.951837
[LightGBM] [Info] 55.482013 seconds elapsed, finished iteration 229
[LightGBM] [Debug] Trained a tree with leaves = 255
[LightGBM] [Info] Iteration:230, valid_1 auc : 0.95186
[LightGBM] [Info] 55.742357 seconds elapsed, finished iteration 230
[LightGBM] [Debug] Trained a tree with leaves = 255
[LightGBM] [Info] Iteration:231, valid_1 auc : 0.951869
[LightGBM] [Info] 56.003007 seconds elapsed, finished iteration 231
[LightGBM] [Debug] Trained a tree with leaves = 255
[LightGBM] [Info] Iteration:232, valid_1 auc : 0.951907
[LightGBM] [Info] 56.264909 seconds elapsed, finished iteration 232
[LightGBM] [Debug] Trained a tree with leaves = 255
[LightGBM] [Info] Iteration:233, valid_1 auc : 0.951932
[LightGBM] [Info] 56.566244 seconds elapsed, finished iteration 233
[LightGBM] [Debug] Trained a tree with leaves = 255
[LightGBM] [Info] Iteration:234, valid_1 auc : 0.951944
[LightGBM] [Info] 56.864541 seconds elapsed, finished iteration 234
[LightGBM] [Debug] Trained a tree with leaves = 255
[LightGBM] [Info] Iteration:235, valid_1 auc : 0.951934
[LightGBM] [Info] 57.134534 seconds elapsed, finished iteration 235
[LightGBM] [Debug] Trained a tree with leaves = 255
[LightGBM] [Info] Iteration:236, valid_1 auc : 0.951915
[LightGBM] [Info] 57.415829 seconds elapsed, finished iteration 236
[LightGBM] [Debug] Trained a tree with leaves = 255
[LightGBM] [Info] Iteration:237, valid_1 auc : 0.951919
[LightGBM] [Info] 57.709346 seconds elapsed, finished iteration 237
[LightGBM] [Debug] Trained a tree with leaves = 255
[LightGBM] [Info] Iteration:238, valid_1 auc : 0.951929
[LightGBM] [Info] 57.978460 seconds elapsed, finished iteration 238
[LightGBM] [Debug] Trained a tree with leaves = 255
[LightGBM] [Info] Iteration:239, valid_1 auc : 0.95199
[LightGBM] [Info] 58.266565 seconds elapsed, finished iteration 239
[LightGBM] [Debug] Trained a tree with leaves = 255
[LightGBM] [Info] Iteration:240, valid_1 auc : 0.95191
[LightGBM] [Info] 58.540803 seconds elapsed, finished iteration 240
[LightGBM] [Debug] Trained a tree with leaves = 255
[LightGBM] [Info] Iteration:241, valid_1 auc : 0.951949
[LightGBM] [Info] 58.830330 seconds elapsed, finished iteration 241
[LightGBM] [Debug] Trained a tree with leaves = 255
[LightGBM] [Info] Iteration:242, valid_1 auc : 0.951951
[LightGBM] [Info] 59.084764 seconds elapsed, finished iteration 242
[LightGBM] [Debug] Trained a tree with leaves = 255
[LightGBM] [Info] Iteration:243, valid_1 auc : 0.951954
[LightGBM] [Info] 59.367443 seconds elapsed, finished iteration 243
[LightGBM] [Debug] Trained a tree with leaves = 255
[LightGBM] [Info] Iteration:244, valid_1 auc : 0.951977
[LightGBM] [Info] 59.625579 seconds elapsed, finished iteration 244
[LightGBM] [Debug] Trained a tree with leaves = 255
[LightGBM] [Info] Iteration:245, valid_1 auc : 0.952039
[LightGBM] [Info] 59.897527 seconds elapsed, finished iteration 245
[LightGBM] [Debug] Trained a tree with leaves = 255
[LightGBM] [Info] Iteration:246, valid_1 auc : 0.952038
[LightGBM] [Info] 60.186127 seconds elapsed, finished iteration 246
[LightGBM] [Debug] Trained a tree with leaves = 255
[LightGBM] [Info] Iteration:247, valid_1 auc : 0.952005
[LightGBM] [Info] 60.456358 seconds elapsed, finished iteration 247
[LightGBM] [Debug] Trained a tree with leaves = 255
[LightGBM] [Info] Iteration:248, valid_1 auc : 0.952004
[LightGBM] [Info] 60.725982 seconds elapsed, finished iteration 248
[LightGBM] [Debug] Trained a tree with leaves = 255
[LightGBM] [Info] Iteration:249, valid_1 auc : 0.951996
[LightGBM] [Info] 60.999257 seconds elapsed, finished iteration 249
[LightGBM] [Debug] Trained a tree with leaves = 255
[LightGBM] [Info] Iteration:250, valid_1 auc : 0.951741
[LightGBM] [Info] 61.279461 seconds elapsed, finished iteration 250
[LightGBM] [Debug] Trained a tree with leaves = 255
[LightGBM] [Info] Iteration:251, valid_1 auc : 0.95181
[LightGBM] [Info] 61.552155 seconds elapsed, finished iteration 251
[LightGBM] [Debug] Trained a tree with leaves = 255
[LightGBM] [Info] Iteration:252, valid_1 auc : 0.951783
[LightGBM] [Info] 61.838147 seconds elapsed, finished iteration 252
[LightGBM] [Debug] Trained a tree with leaves = 255
[LightGBM] [Info] Iteration:253, valid_1 auc : 0.951798
[LightGBM] [Info] 62.108741 seconds elapsed, finished iteration 253
[LightGBM] [Debug] Trained a tree with leaves = 255
[LightGBM] [Info] Iteration:254, valid_1 auc : 0.951786
[LightGBM] [Info] 62.382406 seconds elapsed, finished iteration 254
[LightGBM] [Debug] Trained a tree with leaves = 255
[LightGBM] [Info] Iteration:255, valid_1 auc : 0.951799
[LightGBM] [Info] 62.662033 seconds elapsed, finished iteration 255
[LightGBM] [Debug] Trained a tree with leaves = 255
[LightGBM] [Info] Iteration:256, valid_1 auc : 0.951807
[LightGBM] [Info] 62.932462 seconds elapsed, finished iteration 256
[LightGBM] [Debug] Trained a tree with leaves = 255
[LightGBM] [Info] Iteration:257, valid_1 auc : 0.951847
[LightGBM] [Info] 63.204274 seconds elapsed, finished iteration 257
[LightGBM] [Debug] Trained a tree with leaves = 255
[LightGBM] [Info] Iteration:258, valid_1 auc : 0.951856
[LightGBM] [Info] 63.484774 seconds elapsed, finished iteration 258
[LightGBM] [Debug] Trained a tree with leaves = 255
[LightGBM] [Info] Iteration:259, valid_1 auc : 0.951862
[LightGBM] [Info] 63.744299 seconds elapsed, finished iteration 259
[LightGBM] [Debug] Trained a tree with leaves = 255
[LightGBM] [Info] Iteration:260, valid_1 auc : 0.951833
[LightGBM] [Info] 64.020471 seconds elapsed, finished iteration 260
[LightGBM] [Debug] Trained a tree with leaves = 255
[LightGBM] [Info] Iteration:261, valid_1 auc : 0.951835
[LightGBM] [Info] 64.309605 seconds elapsed, finished iteration 261
[LightGBM] [Debug] Trained a tree with leaves = 255
[LightGBM] [Info] Iteration:262, valid_1 auc : 0.951839
[LightGBM] [Info] 64.578080 seconds elapsed, finished iteration 262
[LightGBM] [Debug] Trained a tree with leaves = 255
[LightGBM] [Info] Iteration:263, valid_1 auc : 0.951849
[LightGBM] [Info] 64.845561 seconds elapsed, finished iteration 263
[LightGBM] [Debug] Trained a tree with leaves = 255
[LightGBM] [Info] Iteration:264, valid_1 auc : 0.951857
[LightGBM] [Info] 65.106017 seconds elapsed, finished iteration 264
[LightGBM] [Debug] Trained a tree with leaves = 255
[LightGBM] [Info] Iteration:265, valid_1 auc : 0.951867
[LightGBM] [Info] 65.399192 seconds elapsed, finished iteration 265
[LightGBM] [Debug] Trained a tree with leaves = 255
[LightGBM] [Info] Iteration:266, valid_1 auc : 0.951871
[LightGBM] [Info] 65.688228 seconds elapsed, finished iteration 266
[LightGBM] [Debug] Trained a tree with leaves = 255
[LightGBM] [Info] Iteration:267, valid_1 auc : 0.951885
[LightGBM] [Info] 65.986017 seconds elapsed, finished iteration 267
[LightGBM] [Debug] Trained a tree with leaves = 255
[LightGBM] [Info] Iteration:268, valid_1 auc : 0.951903
[LightGBM] [Info] 66.265790 seconds elapsed, finished iteration 268
[LightGBM] [Debug] Trained a tree with leaves = 255
[LightGBM] [Info] Iteration:269, valid_1 auc : 0.951887
[LightGBM] [Info] 66.549732 seconds elapsed, finished iteration 269
[LightGBM] [Debug] Trained a tree with leaves = 255
[LightGBM] [Info] Iteration:270, valid_1 auc : 0.951913
[LightGBM] [Info] 66.821281 seconds elapsed, finished iteration 270
[LightGBM] [Debug] Trained a tree with leaves = 255
[LightGBM] [Info] Iteration:271, valid_1 auc : 0.951924
[LightGBM] [Info] 67.099932 seconds elapsed, finished iteration 271
[LightGBM] [Debug] Trained a tree with leaves = 255
[LightGBM] [Info] Iteration:272, valid_1 auc : 0.951909
[LightGBM] [Info] 67.369176 seconds elapsed, finished iteration 272
[LightGBM] [Debug] Trained a tree with leaves = 255
[LightGBM] [Info] Iteration:273, valid_1 auc : 0.951844
[LightGBM] [Info] 67.638315 seconds elapsed, finished iteration 273
[LightGBM] [Debug] Trained a tree with leaves = 255
[LightGBM] [Info] Iteration:274, valid_1 auc : 0.951874
[LightGBM] [Info] 67.934307 seconds elapsed, finished iteration 274
[LightGBM] [Debug] Trained a tree with leaves = 255
[LightGBM] [Info] Iteration:275, valid_1 auc : 0.951855
[LightGBM] [Info] 68.199904 seconds elapsed, finished iteration 275
[LightGBM] [Debug] Trained a tree with leaves = 255
[LightGBM] [Info] Iteration:276, valid_1 auc : 0.951848
[LightGBM] [Info] 68.475983 seconds elapsed, finished iteration 276
[LightGBM] [Debug] Trained a tree with leaves = 255
[LightGBM] [Info] Iteration:277, valid_1 auc : 0.951857
[LightGBM] [Info] 68.733493 seconds elapsed, finished iteration 277
[LightGBM] [Debug] Trained a tree with leaves = 255
[LightGBM] [Info] Iteration:278, valid_1 auc : 0.951857
[LightGBM] [Info] 69.017156 seconds elapsed, finished iteration 278
[LightGBM] [Debug] Trained a tree with leaves = 255
[LightGBM] [Info] Iteration:279, valid_1 auc : 0.951888
[LightGBM] [Info] 69.305991 seconds elapsed, finished iteration 279
[LightGBM] [Debug] Trained a tree with leaves = 255
[LightGBM] [Info] Iteration:280, valid_1 auc : 0.951878
[LightGBM] [Info] 69.583201 seconds elapsed, finished iteration 280
[LightGBM] [Debug] Trained a tree with leaves = 255
[LightGBM] [Info] Iteration:281, valid_1 auc : 0.9518
[LightGBM] [Info] 69.870238 seconds elapsed, finished iteration 281
[LightGBM] [Debug] Trained a tree with leaves = 255
[LightGBM] [Info] Iteration:282, valid_1 auc : 0.951573
[LightGBM] [Info] 70.139693 seconds elapsed, finished iteration 282
[LightGBM] [Debug] Trained a tree with leaves = 255
[LightGBM] [Info] Iteration:283, valid_1 auc : 0.951629
[LightGBM] [Info] 70.409094 seconds elapsed, finished iteration 283
[LightGBM] [Debug] Trained a tree with leaves = 255
[LightGBM] [Info] Iteration:284, valid_1 auc : 0.951633
[LightGBM] [Info] 70.673451 seconds elapsed, finished iteration 284
[LightGBM] [Debug] Trained a tree with leaves = 255
[LightGBM] [Info] Iteration:285, valid_1 auc : 0.951674
[LightGBM] [Info] 70.945949 seconds elapsed, finished iteration 285
[LightGBM] [Debug] Trained a tree with leaves = 255
[LightGBM] [Info] Iteration:286, valid_1 auc : 0.951683
[LightGBM] [Info] 71.225318 seconds elapsed, finished iteration 286
[LightGBM] [Debug] Trained a tree with leaves = 255
[LightGBM] [Info] Iteration:287, valid_1 auc : 0.951671
[LightGBM] [Info] 71.505055 seconds elapsed, finished iteration 287
[LightGBM] [Debug] Trained a tree with leaves = 255
[LightGBM] [Info] Iteration:288, valid_1 auc : 0.951676
[LightGBM] [Info] 71.780789 seconds elapsed, finished iteration 288
[LightGBM] [Debug] Trained a tree with leaves = 255
[LightGBM] [Info] Iteration:289, valid_1 auc : 0.951672
[LightGBM] [Info] 72.070251 seconds elapsed, finished iteration 289
[LightGBM] [Debug] Trained a tree with leaves = 255
[LightGBM] [Info] Iteration:290, valid_1 auc : 0.951717
[LightGBM] [Info] 72.333211 seconds elapsed, finished iteration 290
[LightGBM] [Debug] Trained a tree with leaves = 255
[LightGBM] [Info] Iteration:291, valid_1 auc : 0.95154
[LightGBM] [Info] 72.605154 seconds elapsed, finished iteration 291
[LightGBM] [Debug] Trained a tree with leaves = 255
[LightGBM] [Info] Iteration:292, valid_1 auc : 0.951539
[LightGBM] [Info] 72.871825 seconds elapsed, finished iteration 292
[LightGBM] [Debug] Trained a tree with leaves = 255
[LightGBM] [Info] Iteration:293, valid_1 auc : 0.951539
[LightGBM] [Info] 73.153784 seconds elapsed, finished iteration 293
[LightGBM] [Debug] Trained a tree with leaves = 255
[LightGBM] [Info] Iteration:294, valid_1 auc : 0.951585
[LightGBM] [Info] 73.426646 seconds elapsed, finished iteration 294
[LightGBM] [Debug] Trained a tree with leaves = 255
[LightGBM] [Info] Iteration:295, valid_1 auc : 0.951394
[LightGBM] [Info] 73.709840 seconds elapsed, finished iteration 295
[LightGBM] [Debug] Trained a tree with leaves = 255
[LightGBM] [Info] Iteration:296, valid_1 auc : 0.951351
[LightGBM] [Info] 73.979412 seconds elapsed, finished iteration 296
[LightGBM] [Debug] Trained a tree with leaves = 255
[LightGBM] [Info] Iteration:297, valid_1 auc : 0.951345
[LightGBM] [Info] 74.281948 seconds elapsed, finished iteration 297
[LightGBM] [Debug] Trained a tree with leaves = 255
[LightGBM] [Info] Iteration:298, valid_1 auc : 0.951339
[LightGBM] [Info] 74.534909 seconds elapsed, finished iteration 298
[LightGBM] [Debug] Trained a tree with leaves = 255
[LightGBM] [Info] Iteration:299, valid_1 auc : 0.951334
[LightGBM] [Info] 74.805273 seconds elapsed, finished iteration 299
[LightGBM] [Debug] Trained a tree with leaves = 255
[LightGBM] [Info] Iteration:300, valid_1 auc : 0.951323
[LightGBM] [Info] 75.093106 seconds elapsed, finished iteration 300
[LightGBM] [Debug] Trained a tree with leaves = 255
[LightGBM] [Info] Iteration:301, valid_1 auc : 0.95133
[LightGBM] [Info] 75.371626 seconds elapsed, finished iteration 301
[LightGBM] [Debug] Trained a tree with leaves = 255
[LightGBM] [Info] Iteration:302, valid_1 auc : 0.951354
[LightGBM] [Info] 75.645257 seconds elapsed, finished iteration 302
[LightGBM] [Debug] Trained a tree with leaves = 255
[LightGBM] [Info] Iteration:303, valid_1 auc : 0.95136
[LightGBM] [Info] 75.919379 seconds elapsed, finished iteration 303
[LightGBM] [Debug] Trained a tree with leaves = 255
[LightGBM] [Info] Iteration:304, valid_1 auc : 0.951359
[LightGBM] [Info] 76.187775 seconds elapsed, finished iteration 304
[LightGBM] [Debug] Trained a tree with leaves = 255
[LightGBM] [Info] Iteration:305, valid_1 auc : 0.95136
[LightGBM] [Info] 76.438704 seconds elapsed, finished iteration 305
[LightGBM] [Debug] Trained a tree with leaves = 255
[LightGBM] [Info] Iteration:306, valid_1 auc : 0.951318
[LightGBM] [Info] 76.719330 seconds elapsed, finished iteration 306
[LightGBM] [Debug] Trained a tree with leaves = 255
[LightGBM] [Info] Iteration:307, valid_1 auc : 0.95132
[LightGBM] [Info] 76.987254 seconds elapsed, finished iteration 307
[LightGBM] [Debug] Trained a tree with leaves = 255
[LightGBM] [Info] Iteration:308, valid_1 auc : 0.951326
[LightGBM] [Info] 77.262598 seconds elapsed, finished iteration 308
[LightGBM] [Debug] Trained a tree with leaves = 255
[LightGBM] [Info] Iteration:309, valid_1 auc : 0.951323
[LightGBM] [Info] 77.529447 seconds elapsed, finished iteration 309
[LightGBM] [Debug] Trained a tree with leaves = 255
[LightGBM] [Info] Iteration:310, valid_1 auc : 0.951357
[LightGBM] [Info] 77.787160 seconds elapsed, finished iteration 310
[LightGBM] [Debug] Trained a tree with leaves = 255
[LightGBM] [Info] Iteration:311, valid_1 auc : 0.951353
[LightGBM] [Info] 78.096272 seconds elapsed, finished iteration 311
[LightGBM] [Debug] Trained a tree with leaves = 255
[LightGBM] [Info] Iteration:312, valid_1 auc : 0.951327
[LightGBM] [Info] 78.367268 seconds elapsed, finished iteration 312
[LightGBM] [Debug] Trained a tree with leaves = 255
[LightGBM] [Info] Iteration:313, valid_1 auc : 0.951302
[LightGBM] [Info] 78.636349 seconds elapsed, finished iteration 313
[LightGBM] [Debug] Trained a tree with leaves = 255
[LightGBM] [Info] Iteration:314, valid_1 auc : 0.951311
[LightGBM] [Info] 78.901952 seconds elapsed, finished iteration 314
[LightGBM] [Debug] Trained a tree with leaves = 255
[LightGBM] [Info] Iteration:315, valid_1 auc : 0.951302
[LightGBM] [Info] 79.176737 seconds elapsed, finished iteration 315
[LightGBM] [Debug] Trained a tree with leaves = 255
[LightGBM] [Info] Iteration:316, valid_1 auc : 0.951306
[LightGBM] [Info] 79.457199 seconds elapsed, finished iteration 316
[LightGBM] [Debug] Trained a tree with leaves = 255
[LightGBM] [Info] Iteration:317, valid_1 auc : 0.951305
[LightGBM] [Info] 79.720580 seconds elapsed, finished iteration 317
[LightGBM] [Debug] Trained a tree with leaves = 255
[LightGBM] [Info] Iteration:318, valid_1 auc : 0.951368
[LightGBM] [Info] 79.987715 seconds elapsed, finished iteration 318
[LightGBM] [Debug] Trained a tree with leaves = 255
[LightGBM] [Info] Iteration:319, valid_1 auc : 0.951335
[LightGBM] [Info] 80.251966 seconds elapsed, finished iteration 319
[LightGBM] [Debug] Trained a tree with leaves = 255
[LightGBM] [Info] Iteration:320, valid_1 auc : 0.951353
[LightGBM] [Info] 80.510174 seconds elapsed, finished iteration 320
[LightGBM] [Debug] Trained a tree with leaves = 255
[LightGBM] [Info] Iteration:321, valid_1 auc : 0.951314
[LightGBM] [Info] 80.790679 seconds elapsed, finished iteration 321
[LightGBM] [Debug] Trained a tree with leaves = 255
[LightGBM] [Info] Iteration:322, valid_1 auc : 0.95129
[LightGBM] [Info] 81.073950 seconds elapsed, finished iteration 322
[LightGBM] [Debug] Trained a tree with leaves = 255
[LightGBM] [Info] Iteration:323, valid_1 auc : 0.951318
[LightGBM] [Info] 81.368997 seconds elapsed, finished iteration 323
[LightGBM] [Debug] Trained a tree with leaves = 255
[LightGBM] [Info] Iteration:324, valid_1 auc : 0.951313
[LightGBM] [Info] 81.631123 seconds elapsed, finished iteration 324
[LightGBM] [Debug] Trained a tree with leaves = 255
[LightGBM] [Info] Iteration:325, valid_1 auc : 0.951347
[LightGBM] [Info] 81.907512 seconds elapsed, finished iteration 325
[LightGBM] [Debug] Trained a tree with leaves = 255
[LightGBM] [Info] Iteration:326, valid_1 auc : 0.951372
[LightGBM] [Info] 82.171489 seconds elapsed, finished iteration 326
[LightGBM] [Debug] Trained a tree with leaves = 255
[LightGBM] [Info] Iteration:327, valid_1 auc : 0.951376
[LightGBM] [Info] 82.458897 seconds elapsed, finished iteration 327
[LightGBM] [Debug] Trained a tree with leaves = 255
[LightGBM] [Info] Iteration:328, valid_1 auc : 0.951378
[LightGBM] [Info] 82.739235 seconds elapsed, finished iteration 328
[LightGBM] [Debug] Trained a tree with leaves = 255
[LightGBM] [Info] Iteration:329, valid_1 auc : 0.951346
[LightGBM] [Info] 83.017910 seconds elapsed, finished iteration 329
[LightGBM] [Debug] Trained a tree with leaves = 255
[LightGBM] [Info] Iteration:330, valid_1 auc : 0.95136
[LightGBM] [Info] 83.293113 seconds elapsed, finished iteration 330
[LightGBM] [Debug] Trained a tree with leaves = 255
[LightGBM] [Info] Iteration:331, valid_1 auc : 0.951341
[LightGBM] [Info] 83.552973 seconds elapsed, finished iteration 331
[LightGBM] [Debug] Trained a tree with leaves = 255
[LightGBM] [Info] Iteration:332, valid_1 auc : 0.951372
[LightGBM] [Info] 83.825426 seconds elapsed, finished iteration 332
[LightGBM] [Debug] Trained a tree with leaves = 255
[LightGBM] [Info] Iteration:333, valid_1 auc : 0.951381
[LightGBM] [Info] 84.088630 seconds elapsed, finished iteration 333
[LightGBM] [Debug] Trained a tree with leaves = 255
[LightGBM] [Info] Iteration:334, valid_1 auc : 0.951381
[LightGBM] [Info] 84.365039 seconds elapsed, finished iteration 334
[LightGBM] [Debug] Trained a tree with leaves = 255
[LightGBM] [Info] Iteration:335, valid_1 auc : 0.951388
[LightGBM] [Info] 84.617407 seconds elapsed, finished iteration 335
[LightGBM] [Debug] Trained a tree with leaves = 255
[LightGBM] [Info] Iteration:336, valid_1 auc : 0.951372
[LightGBM] [Info] 84.873032 seconds elapsed, finished iteration 336
[LightGBM] [Debug] Trained a tree with leaves = 255
[LightGBM] [Info] Iteration:337, valid_1 auc : 0.951427
[LightGBM] [Info] 85.149207 seconds elapsed, finished iteration 337
[LightGBM] [Debug] Trained a tree with leaves = 255
[LightGBM] [Info] Iteration:338, valid_1 auc : 0.951431
[LightGBM] [Info] 85.430857 seconds elapsed, finished iteration 338
[LightGBM] [Debug] Trained a tree with leaves = 255
[LightGBM] [Info] Iteration:339, valid_1 auc : 0.951418
[LightGBM] [Info] 85.694260 seconds elapsed, finished iteration 339
[LightGBM] [Debug] Trained a tree with leaves = 255
[LightGBM] [Info] Iteration:340, valid_1 auc : 0.951423
[LightGBM] [Info] 85.967347 seconds elapsed, finished iteration 340
[LightGBM] [Debug] Trained a tree with leaves = 255
[LightGBM] [Info] Iteration:341, valid_1 auc : 0.951416
[LightGBM] [Info] 86.233672 seconds elapsed, finished iteration 341
[LightGBM] [Debug] Trained a tree with leaves = 255
[LightGBM] [Info] Iteration:342, valid_1 auc : 0.951441
[LightGBM] [Info] 86.488718 seconds elapsed, finished iteration 342
[LightGBM] [Debug] Trained a tree with leaves = 255
[LightGBM] [Info] Iteration:343, valid_1 auc : 0.951424
[LightGBM] [Info] 86.740313 seconds elapsed, finished iteration 343
[LightGBM] [Debug] Trained a tree with leaves = 255
[LightGBM] [Info] Iteration:344, valid_1 auc : 0.951423
[LightGBM] [Info] 86.997496 seconds elapsed, finished iteration 344
[LightGBM] [Debug] Trained a tree with leaves = 255
[LightGBM] [Info] Iteration:345, valid_1 auc : 0.951453
[LightGBM] [Info] 87.309897 seconds elapsed, finished iteration 345
[LightGBM] [Debug] Trained a tree with leaves = 255
[LightGBM] [Info] Iteration:346, valid_1 auc : 0.951454
[LightGBM] [Info] 87.575809 seconds elapsed, finished iteration 346
[LightGBM] [Debug] Trained a tree with leaves = 255
[LightGBM] [Info] Iteration:347, valid_1 auc : 0.951449
[LightGBM] [Info] 87.862377 seconds elapsed, finished iteration 347
[LightGBM] [Debug] Trained a tree with leaves = 255
[LightGBM] [Info] Iteration:348, valid_1 auc : 0.951463
[LightGBM] [Info] 88.115160 seconds elapsed, finished iteration 348
[LightGBM] [Debug] Trained a tree with leaves = 255
[LightGBM] [Info] Iteration:349, valid_1 auc : 0.951471
[LightGBM] [Info] 88.423173 seconds elapsed, finished iteration 349
[LightGBM] [Debug] Trained a tree with leaves = 255
[LightGBM] [Info] Iteration:350, valid_1 auc : 0.951473
[LightGBM] [Info] 88.703955 seconds elapsed, finished iteration 350
[LightGBM] [Debug] Trained a tree with leaves = 255
[LightGBM] [Info] Iteration:351, valid_1 auc : 0.951481
[LightGBM] [Info] 88.967155 seconds elapsed, finished iteration 351
[LightGBM] [Debug] Trained a tree with leaves = 255
[LightGBM] [Info] Iteration:352, valid_1 auc : 0.951515
[LightGBM] [Info] 89.240400 seconds elapsed, finished iteration 352
[LightGBM] [Debug] Trained a tree with leaves = 255
[LightGBM] [Info] Iteration:353, valid_1 auc : 0.95152
[LightGBM] [Info] 89.501144 seconds elapsed, finished iteration 353
[LightGBM] [Debug] Trained a tree with leaves = 255
[LightGBM] [Info] Iteration:354, valid_1 auc : 0.951518
[LightGBM] [Info] 89.783605 seconds elapsed, finished iteration 354
[LightGBM] [Debug] Trained a tree with leaves = 255
[LightGBM] [Info] Iteration:355, valid_1 auc : 0.951517
[LightGBM] [Info] 90.052546 seconds elapsed, finished iteration 355
[LightGBM] [Debug] Trained a tree with leaves = 255
[LightGBM] [Info] Iteration:356, valid_1 auc : 0.951522
[LightGBM] [Info] 90.321355 seconds elapsed, finished iteration 356
[LightGBM] [Debug] Trained a tree with leaves = 255
[LightGBM] [Info] Iteration:357, valid_1 auc : 0.951467
[LightGBM] [Info] 90.586286 seconds elapsed, finished iteration 357
[LightGBM] [Debug] Trained a tree with leaves = 255
[LightGBM] [Info] Iteration:358, valid_1 auc : 0.951449
[LightGBM] [Info] 90.865455 seconds elapsed, finished iteration 358
[LightGBM] [Debug] Trained a tree with leaves = 255
[LightGBM] [Info] Iteration:359, valid_1 auc : 0.951445
[LightGBM] [Info] 91.140145 seconds elapsed, finished iteration 359
[LightGBM] [Debug] Trained a tree with leaves = 255
[LightGBM] [Info] Iteration:360, valid_1 auc : 0.951457
[LightGBM] [Info] 91.408423 seconds elapsed, finished iteration 360
[LightGBM] [Debug] Trained a tree with leaves = 255
[LightGBM] [Info] Iteration:361, valid_1 auc : 0.951481
[LightGBM] [Info] 91.681660 seconds elapsed, finished iteration 361
[LightGBM] [Debug] Trained a tree with leaves = 255
[LightGBM] [Info] Iteration:362, valid_1 auc : 0.951491
[LightGBM] [Info] 91.944997 seconds elapsed, finished iteration 362
[LightGBM] [Debug] Trained a tree with leaves = 255
[LightGBM] [Info] Iteration:363, valid_1 auc : 0.951517
[LightGBM] [Info] 92.216235 seconds elapsed, finished iteration 363
[LightGBM] [Debug] Trained a tree with leaves = 255
[LightGBM] [Info] Iteration:364, valid_1 auc : 0.951512
[LightGBM] [Info] 92.474284 seconds elapsed, finished iteration 364
[LightGBM] [Debug] Trained a tree with leaves = 255
[LightGBM] [Info] Iteration:365, valid_1 auc : 0.951506
[LightGBM] [Info] 92.730937 seconds elapsed, finished iteration 365
[LightGBM] [Debug] Trained a tree with leaves = 255
[LightGBM] [Info] Iteration:366, valid_1 auc : 0.951467
[LightGBM] [Info] 93.006438 seconds elapsed, finished iteration 366
[LightGBM] [Debug] Trained a tree with leaves = 255
[LightGBM] [Info] Iteration:367, valid_1 auc : 0.951461
[LightGBM] [Info] 93.285528 seconds elapsed, finished iteration 367
[LightGBM] [Debug] Trained a tree with leaves = 255
[LightGBM] [Info] Iteration:368, valid_1 auc : 0.951467
[LightGBM] [Info] 93.550236 seconds elapsed, finished iteration 368
[LightGBM] [Debug] Trained a tree with leaves = 255
[LightGBM] [Info] Iteration:369, valid_1 auc : 0.951458
[LightGBM] [Info] 93.819397 seconds elapsed, finished iteration 369
[LightGBM] [Debug] Trained a tree with leaves = 255
[LightGBM] [Info] Iteration:370, valid_1 auc : 0.951466
[LightGBM] [Info] 94.088245 seconds elapsed, finished iteration 370
[LightGBM] [Debug] Trained a tree with leaves = 255
[LightGBM] [Info] Iteration:371, valid_1 auc : 0.95147
[LightGBM] [Info] 94.369544 seconds elapsed, finished iteration 371
[LightGBM] [Debug] Trained a tree with leaves = 255
[LightGBM] [Info] Iteration:372, valid_1 auc : 0.951478
[LightGBM] [Info] 94.621792 seconds elapsed, finished iteration 372
[LightGBM] [Debug] Trained a tree with leaves = 255
[LightGBM] [Info] Iteration:373, valid_1 auc : 0.95145
[LightGBM] [Info] 94.901535 seconds elapsed, finished iteration 373
[LightGBM] [Debug] Trained a tree with leaves = 255
[LightGBM] [Info] Iteration:374, valid_1 auc : 0.951468
[LightGBM] [Info] 95.154370 seconds elapsed, finished iteration 374
[LightGBM] [Debug] Trained a tree with leaves = 255
[LightGBM] [Info] Iteration:375, valid_1 auc : 0.951494
[LightGBM] [Info] 95.420623 seconds elapsed, finished iteration 375
[LightGBM] [Debug] Trained a tree with leaves = 255
[LightGBM] [Info] Iteration:376, valid_1 auc : 0.951494
[LightGBM] [Info] 95.677827 seconds elapsed, finished iteration 376
[LightGBM] [Debug] Trained a tree with leaves = 255
[LightGBM] [Info] Iteration:377, valid_1 auc : 0.951494
[LightGBM] [Info] 95.960248 seconds elapsed, finished iteration 377
[LightGBM] [Debug] Trained a tree with leaves = 255
[LightGBM] [Info] Iteration:378, valid_1 auc : 0.951493
[LightGBM] [Info] 96.241250 seconds elapsed, finished iteration 378
[LightGBM] [Debug] Trained a tree with leaves = 255
[LightGBM] [Info] Iteration:379, valid_1 auc : 0.9515
[LightGBM] [Info] 96.554642 seconds elapsed, finished iteration 379
[LightGBM] [Debug] Trained a tree with leaves = 255
[LightGBM] [Info] Iteration:380, valid_1 auc : 0.951518
[LightGBM] [Info] 96.908301 seconds elapsed, finished iteration 380
[LightGBM] [Debug] Trained a tree with leaves = 255
[LightGBM] [Info] Iteration:381, valid_1 auc : 0.951525
[LightGBM] [Info] 97.217249 seconds elapsed, finished iteration 381
[LightGBM] [Debug] Trained a tree with leaves = 255
[LightGBM] [Info] Iteration:382, valid_1 auc : 0.951548
[LightGBM] [Info] 97.506238 seconds elapsed, finished iteration 382
[LightGBM] [Debug] Trained a tree with leaves = 255
[LightGBM] [Info] Iteration:383, valid_1 auc : 0.951514
[LightGBM] [Info] 97.798025 seconds elapsed, finished iteration 383
[LightGBM] [Debug] Trained a tree with leaves = 255
[LightGBM] [Info] Iteration:384, valid_1 auc : 0.951495
[LightGBM] [Info] 98.056953 seconds elapsed, finished iteration 384
[LightGBM] [Debug] Trained a tree with leaves = 255
[LightGBM] [Info] Iteration:385, valid_1 auc : 0.95149
[LightGBM] [Info] 98.327373 seconds elapsed, finished iteration 385
[LightGBM] [Debug] Trained a tree with leaves = 255
[LightGBM] [Info] Iteration:386, valid_1 auc : 0.951493
[LightGBM] [Info] 98.582514 seconds elapsed, finished iteration 386
[LightGBM] [Debug] Trained a tree with leaves = 255
[LightGBM] [Info] Iteration:387, valid_1 auc : 0.951505
[LightGBM] [Info] 98.868009 seconds elapsed, finished iteration 387
[LightGBM] [Debug] Trained a tree with leaves = 255
[LightGBM] [Info] Iteration:388, valid_1 auc : 0.951532
[LightGBM] [Info] 99.133259 seconds elapsed, finished iteration 388
[LightGBM] [Debug] Trained a tree with leaves = 255
[LightGBM] [Info] Iteration:389, valid_1 auc : 0.951534
[LightGBM] [Info] 99.430210 seconds elapsed, finished iteration 389
[LightGBM] [Debug] Trained a tree with leaves = 255
[LightGBM] [Info] Iteration:390, valid_1 auc : 0.95154
[LightGBM] [Info] 99.696591 seconds elapsed, finished iteration 390
[LightGBM] [Debug] Trained a tree with leaves = 255
[LightGBM] [Info] Iteration:391, valid_1 auc : 0.951537
[LightGBM] [Info] 99.951471 seconds elapsed, finished iteration 391
[LightGBM] [Debug] Trained a tree with leaves = 255
[LightGBM] [Info] Iteration:392, valid_1 auc : 0.951591
[LightGBM] [Info] 100.220670 seconds elapsed, finished iteration 392
[LightGBM] [Debug] Trained a tree with leaves = 255
[LightGBM] [Info] Iteration:393, valid_1 auc : 0.9516
[LightGBM] [Info] 100.491374 seconds elapsed, finished iteration 393
[LightGBM] [Debug] Trained a tree with leaves = 255
[LightGBM] [Info] Iteration:394, valid_1 auc : 0.951589
[LightGBM] [Info] 100.773693 seconds elapsed, finished iteration 394
[LightGBM] [Debug] Trained a tree with leaves = 255
[LightGBM] [Info] Iteration:395, valid_1 auc : 0.951527
[LightGBM] [Info] 101.035384 seconds elapsed, finished iteration 395
[LightGBM] [Debug] Trained a tree with leaves = 255
[LightGBM] [Info] Iteration:396, valid_1 auc : 0.951546
[LightGBM] [Info] 101.311164 seconds elapsed, finished iteration 396
[LightGBM] [Debug] Trained a tree with leaves = 255
[LightGBM] [Info] Iteration:397, valid_1 auc : 0.951549
[LightGBM] [Info] 101.569589 seconds elapsed, finished iteration 397
[LightGBM] [Debug] Trained a tree with leaves = 255
[LightGBM] [Info] Iteration:398, valid_1 auc : 0.951518
[LightGBM] [Info] 101.842792 seconds elapsed, finished iteration 398
[LightGBM] [Debug] Trained a tree with leaves = 255
[LightGBM] [Info] Iteration:399, valid_1 auc : 0.951513
[LightGBM] [Info] 102.135559 seconds elapsed, finished iteration 399
[LightGBM] [Debug] Trained a tree with leaves = 255
[LightGBM] [Info] Iteration:400, valid_1 auc : 0.95152
[LightGBM] [Info] 102.394508 seconds elapsed, finished iteration 400
[LightGBM] [Debug] Trained a tree with leaves = 255
[LightGBM] [Info] Iteration:401, valid_1 auc : 0.951522
[LightGBM] [Info] 102.685557 seconds elapsed, finished iteration 401
[LightGBM] [Debug] Trained a tree with leaves = 255
[LightGBM] [Info] Iteration:402, valid_1 auc : 0.951529
[LightGBM] [Info] 102.975777 seconds elapsed, finished iteration 402
[LightGBM] [Debug] Trained a tree with leaves = 255
[LightGBM] [Info] Iteration:403, valid_1 auc : 0.951512
[LightGBM] [Info] 103.256544 seconds elapsed, finished iteration 403
[LightGBM] [Debug] Trained a tree with leaves = 255
[LightGBM] [Info] Iteration:404, valid_1 auc : 0.951537
[LightGBM] [Info] 103.530046 seconds elapsed, finished iteration 404
[LightGBM] [Debug] Trained a tree with leaves = 255
[LightGBM] [Info] Iteration:405, valid_1 auc : 0.951552
[LightGBM] [Info] 103.785745 seconds elapsed, finished iteration 405
[LightGBM] [Debug] Trained a tree with leaves = 255
[LightGBM] [Info] Iteration:406, valid_1 auc : 0.951574
[LightGBM] [Info] 104.057037 seconds elapsed, finished iteration 406
[LightGBM] [Debug] Trained a tree with leaves = 255
[LightGBM] [Info] Iteration:407, valid_1 auc : 0.95157
[LightGBM] [Info] 104.328899 seconds elapsed, finished iteration 407
[LightGBM] [Debug] Trained a tree with leaves = 255
[LightGBM] [Info] Iteration:408, valid_1 auc : 0.95158
[LightGBM] [Info] 104.616894 seconds elapsed, finished iteration 408
[LightGBM] [Debug] Trained a tree with leaves = 255
[LightGBM] [Info] Iteration:409, valid_1 auc : 0.951529
[LightGBM] [Info] 104.874559 seconds elapsed, finished iteration 409
[LightGBM] [Debug] Trained a tree with leaves = 255
[LightGBM] [Info] Iteration:410, valid_1 auc : 0.951527
[LightGBM] [Info] 105.139016 seconds elapsed, finished iteration 410
[LightGBM] [Debug] Trained a tree with leaves = 255
[LightGBM] [Info] Iteration:411, valid_1 auc : 0.951511
[LightGBM] [Info] 105.428523 seconds elapsed, finished iteration 411
[LightGBM] [Debug] Trained a tree with leaves = 255
[LightGBM] [Info] Iteration:412, valid_1 auc : 0.951534
[LightGBM] [Info] 105.712066 seconds elapsed, finished iteration 412
[LightGBM] [Debug] Trained a tree with leaves = 255
[LightGBM] [Info] Iteration:413, valid_1 auc : 0.951524
[LightGBM] [Info] 105.981137 seconds elapsed, finished iteration 413
[LightGBM] [Debug] Trained a tree with leaves = 255
[LightGBM] [Info] Iteration:414, valid_1 auc : 0.951476
[LightGBM] [Info] 106.246139 seconds elapsed, finished iteration 414
[LightGBM] [Debug] Trained a tree with leaves = 255
[LightGBM] [Info] Iteration:415, valid_1 auc : 0.951494
[LightGBM] [Info] 106.516215 seconds elapsed, finished iteration 415
[LightGBM] [Debug] Trained a tree with leaves = 255
[LightGBM] [Info] Iteration:416, valid_1 auc : 0.951511
[LightGBM] [Info] 106.785547 seconds elapsed, finished iteration 416
[LightGBM] [Debug] Trained a tree with leaves = 255
[LightGBM] [Info] Iteration:417, valid_1 auc : 0.951507
[LightGBM] [Info] 107.065988 seconds elapsed, finished iteration 417
[LightGBM] [Debug] Trained a tree with leaves = 255
[LightGBM] [Info] Iteration:418, valid_1 auc : 0.951492
[LightGBM] [Info] 107.387546 seconds elapsed, finished iteration 418
[LightGBM] [Debug] Trained a tree with leaves = 255
[LightGBM] [Info] Iteration:419, valid_1 auc : 0.951486
[LightGBM] [Info] 107.668046 seconds elapsed, finished iteration 419
[LightGBM] [Debug] Trained a tree with leaves = 255
[LightGBM] [Info] Iteration:420, valid_1 auc : 0.951492
[LightGBM] [Info] 107.936059 seconds elapsed, finished iteration 420
[LightGBM] [Debug] Trained a tree with leaves = 255
[LightGBM] [Info] Iteration:421, valid_1 auc : 0.951467
[LightGBM] [Info] 108.203958 seconds elapsed, finished iteration 421
[LightGBM] [Debug] Trained a tree with leaves = 255
[LightGBM] [Info] Iteration:422, valid_1 auc : 0.951451
[LightGBM] [Info] 108.472530 seconds elapsed, finished iteration 422
[LightGBM] [Debug] Trained a tree with leaves = 255
[LightGBM] [Info] Iteration:423, valid_1 auc : 0.951505
[LightGBM] [Info] 108.745984 seconds elapsed, finished iteration 423
[LightGBM] [Debug] Trained a tree with leaves = 255
[LightGBM] [Info] Iteration:424, valid_1 auc : 0.951549
[LightGBM] [Info] 109.046672 seconds elapsed, finished iteration 424
[LightGBM] [Debug] Trained a tree with leaves = 255
[LightGBM] [Info] Iteration:425, valid_1 auc : 0.951553
[LightGBM] [Info] 109.331572 seconds elapsed, finished iteration 425
[LightGBM] [Debug] Trained a tree with leaves = 255
[LightGBM] [Info] Iteration:426, valid_1 auc : 0.951521
[LightGBM] [Info] 109.596437 seconds elapsed, finished iteration 426
[LightGBM] [Debug] Trained a tree with leaves = 255
[LightGBM] [Info] Iteration:427, valid_1 auc : 0.951523
[LightGBM] [Info] 109.863224 seconds elapsed, finished iteration 427
[LightGBM] [Debug] Trained a tree with leaves = 255
[LightGBM] [Info] Iteration:428, valid_1 auc : 0.951531
[LightGBM] [Info] 110.121064 seconds elapsed, finished iteration 428
[LightGBM] [Debug] Trained a tree with leaves = 255
[LightGBM] [Info] Iteration:429, valid_1 auc : 0.951546
[LightGBM] [Info] 110.408680 seconds elapsed, finished iteration 429
[LightGBM] [Debug] Trained a tree with leaves = 255
[LightGBM] [Info] Iteration:430, valid_1 auc : 0.95155
[LightGBM] [Info] 110.672685 seconds elapsed, finished iteration 430
[LightGBM] [Debug] Trained a tree with leaves = 255
[LightGBM] [Info] Iteration:431, valid_1 auc : 0.951548
[LightGBM] [Info] 110.949604 seconds elapsed, finished iteration 431
[LightGBM] [Debug] Trained a tree with leaves = 255
[LightGBM] [Info] Iteration:432, valid_1 auc : 0.951553
[LightGBM] [Info] 111.215954 seconds elapsed, finished iteration 432
[LightGBM] [Debug] Trained a tree with leaves = 255
[LightGBM] [Info] Iteration:433, valid_1 auc : 0.951568
[LightGBM] [Info] 111.486147 seconds elapsed, finished iteration 433
[LightGBM] [Debug] Trained a tree with leaves = 255
[LightGBM] [Info] Iteration:434, valid_1 auc : 0.951521
[LightGBM] [Info] 111.774305 seconds elapsed, finished iteration 434
[LightGBM] [Debug] Trained a tree with leaves = 255
[LightGBM] [Info] Iteration:435, valid_1 auc : 0.951503
[LightGBM] [Info] 112.071104 seconds elapsed, finished iteration 435
[LightGBM] [Debug] Trained a tree with leaves = 255
[LightGBM] [Info] Iteration:436, valid_1 auc : 0.951499
[LightGBM] [Info] 112.355609 seconds elapsed, finished iteration 436
[LightGBM] [Debug] Trained a tree with leaves = 255
[LightGBM] [Info] Iteration:437, valid_1 auc : 0.951521
[LightGBM] [Info] 112.646428 seconds elapsed, finished iteration 437
[LightGBM] [Debug] Trained a tree with leaves = 255
[LightGBM] [Info] Iteration:438, valid_1 auc : 0.951528
[LightGBM] [Info] 112.922275 seconds elapsed, finished iteration 438
[LightGBM] [Debug] Trained a tree with leaves = 255
[LightGBM] [Info] Iteration:439, valid_1 auc : 0.951542
[LightGBM] [Info] 113.182115 seconds elapsed, finished iteration 439
[LightGBM] [Debug] Trained a tree with leaves = 255
[LightGBM] [Info] Iteration:440, valid_1 auc : 0.951553
[LightGBM] [Info] 113.474266 seconds elapsed, finished iteration 440
[LightGBM] [Debug] Trained a tree with leaves = 255
[LightGBM] [Info] Iteration:441, valid_1 auc : 0.951583
[LightGBM] [Info] 113.766905 seconds elapsed, finished iteration 441
[LightGBM] [Debug] Trained a tree with leaves = 255
[LightGBM] [Info] Iteration:442, valid_1 auc : 0.951603
[LightGBM] [Info] 114.030619 seconds elapsed, finished iteration 442
[LightGBM] [Debug] Trained a tree with leaves = 255
[LightGBM] [Info] Iteration:443, valid_1 auc : 0.95159
[LightGBM] [Info] 114.312985 seconds elapsed, finished iteration 443
[LightGBM] [Debug] Trained a tree with leaves = 255
[LightGBM] [Info] Iteration:444, valid_1 auc : 0.951601
[LightGBM] [Info] 114.601430 seconds elapsed, finished iteration 444
[LightGBM] [Debug] Trained a tree with leaves = 255
[LightGBM] [Info] Iteration:445, valid_1 auc : 0.951573
[LightGBM] [Info] 114.917926 seconds elapsed, finished iteration 445
[LightGBM] [Debug] Trained a tree with leaves = 255
[LightGBM] [Info] Iteration:446, valid_1 auc : 0.951593
[LightGBM] [Info] 115.190764 seconds elapsed, finished iteration 446
[LightGBM] [Debug] Trained a tree with leaves = 255
[LightGBM] [Info] Iteration:447, valid_1 auc : 0.951581
[LightGBM] [Info] 115.456266 seconds elapsed, finished iteration 447
[LightGBM] [Debug] Trained a tree with leaves = 255
[LightGBM] [Info] Iteration:448, valid_1 auc : 0.951582
[LightGBM] [Info] 115.729733 seconds elapsed, finished iteration 448
[LightGBM] [Debug] Trained a tree with leaves = 255
[LightGBM] [Info] Iteration:449, valid_1 auc : 0.951582
[LightGBM] [Info] 116.006739 seconds elapsed, finished iteration 449
[LightGBM] [Debug] Trained a tree with leaves = 255
[LightGBM] [Info] Iteration:450, valid_1 auc : 0.95159
[LightGBM] [Info] 116.272998 seconds elapsed, finished iteration 450
[LightGBM] [Debug] Trained a tree with leaves = 255
[LightGBM] [Info] Iteration:451, valid_1 auc : 0.951563
[LightGBM] [Info] 116.540789 seconds elapsed, finished iteration 451
[LightGBM] [Debug] Trained a tree with leaves = 255
[LightGBM] [Info] Iteration:452, valid_1 auc : 0.951583
[LightGBM] [Info] 116.803694 seconds elapsed, finished iteration 452
[LightGBM] [Debug] Trained a tree with leaves = 255
[LightGBM] [Info] Iteration:453, valid_1 auc : 0.951582
[LightGBM] [Info] 117.071001 seconds elapsed, finished iteration 453
[LightGBM] [Debug] Trained a tree with leaves = 255
[LightGBM] [Info] Iteration:454, valid_1 auc : 0.951562
[LightGBM] [Info] 117.347921 seconds elapsed, finished iteration 454
[LightGBM] [Debug] Trained a tree with leaves = 255
[LightGBM] [Info] Iteration:455, valid_1 auc : 0.951542
[LightGBM] [Info] 117.617210 seconds elapsed, finished iteration 455
[LightGBM] [Debug] Trained a tree with leaves = 255
[LightGBM] [Info] Iteration:456, valid_1 auc : 0.951534
[LightGBM] [Info] 117.898275 seconds elapsed, finished iteration 456
[LightGBM] [Debug] Trained a tree with leaves = 255
[LightGBM] [Info] Iteration:457, valid_1 auc : 0.95155
[LightGBM] [Info] 118.163780 seconds elapsed, finished iteration 457
[LightGBM] [Debug] Trained a tree with leaves = 255
[LightGBM] [Info] Iteration:458, valid_1 auc : 0.951556
[LightGBM] [Info] 118.424790 seconds elapsed, finished iteration 458
[LightGBM] [Debug] Trained a tree with leaves = 255
[LightGBM] [Info] Iteration:459, valid_1 auc : 0.951557
[LightGBM] [Info] 118.682947 seconds elapsed, finished iteration 459
[LightGBM] [Debug] Trained a tree with leaves = 255
[LightGBM] [Info] Iteration:460, valid_1 auc : 0.951527
[LightGBM] [Info] 118.965588 seconds elapsed, finished iteration 460
[LightGBM] [Debug] Trained a tree with leaves = 255
[LightGBM] [Info] Iteration:461, valid_1 auc : 0.951519
[LightGBM] [Info] 119.230419 seconds elapsed, finished iteration 461
[LightGBM] [Debug] Trained a tree with leaves = 255
[LightGBM] [Info] Iteration:462, valid_1 auc : 0.951535
[LightGBM] [Info] 119.514496 seconds elapsed, finished iteration 462
[LightGBM] [Debug] Trained a tree with leaves = 255
[LightGBM] [Info] Iteration:463, valid_1 auc : 0.951584
[LightGBM] [Info] 119.775473 seconds elapsed, finished iteration 463
[LightGBM] [Debug] Trained a tree with leaves = 255
[LightGBM] [Info] Iteration:464, valid_1 auc : 0.951587
[LightGBM] [Info] 120.067783 seconds elapsed, finished iteration 464
[LightGBM] [Debug] Trained a tree with leaves = 255
[LightGBM] [Info] Iteration:465, valid_1 auc : 0.951585
[LightGBM] [Info] 120.375978 seconds elapsed, finished iteration 465
[LightGBM] [Debug] Trained a tree with leaves = 255
[LightGBM] [Info] Iteration:466, valid_1 auc : 0.951585
[LightGBM] [Info] 120.644965 seconds elapsed, finished iteration 466
[LightGBM] [Debug] Trained a tree with leaves = 255
[LightGBM] [Info] Iteration:467, valid_1 auc : 0.951589
[LightGBM] [Info] 120.920787 seconds elapsed, finished iteration 467
[LightGBM] [Debug] Trained a tree with leaves = 255
[LightGBM] [Info] Iteration:468, valid_1 auc : 0.951586
[LightGBM] [Info] 121.178167 seconds elapsed, finished iteration 468
[LightGBM] [Debug] Trained a tree with leaves = 255
[LightGBM] [Info] Iteration:469, valid_1 auc : 0.951597
[LightGBM] [Info] 121.481429 seconds elapsed, finished iteration 469
[LightGBM] [Debug] Trained a tree with leaves = 255
[LightGBM] [Info] Iteration:470, valid_1 auc : 0.951617
[LightGBM] [Info] 121.746360 seconds elapsed, finished iteration 470
[LightGBM] [Debug] Trained a tree with leaves = 255
[LightGBM] [Info] Iteration:471, valid_1 auc : 0.951602
[LightGBM] [Info] 122.031052 seconds elapsed, finished iteration 471
[LightGBM] [Debug] Trained a tree with leaves = 255
[LightGBM] [Info] Iteration:472, valid_1 auc : 0.95163
[LightGBM] [Info] 122.305553 seconds elapsed, finished iteration 472
[LightGBM] [Debug] Trained a tree with leaves = 255
[LightGBM] [Info] Iteration:473, valid_1 auc : 0.951647
[LightGBM] [Info] 122.582102 seconds elapsed, finished iteration 473
[LightGBM] [Debug] Trained a tree with leaves = 255
[LightGBM] [Info] Iteration:474, valid_1 auc : 0.951647
[LightGBM] [Info] 122.846071 seconds elapsed, finished iteration 474
[LightGBM] [Debug] Trained a tree with leaves = 255
[LightGBM] [Info] Iteration:475, valid_1 auc : 0.95165
[LightGBM] [Info] 123.129010 seconds elapsed, finished iteration 475
[LightGBM] [Debug] Trained a tree with leaves = 255
[LightGBM] [Info] Iteration:476, valid_1 auc : 0.95165
[LightGBM] [Info] 123.397200 seconds elapsed, finished iteration 476
[LightGBM] [Debug] Trained a tree with leaves = 255
[LightGBM] [Info] Iteration:477, valid_1 auc : 0.951649
[LightGBM] [Info] 123.665482 seconds elapsed, finished iteration 477
[LightGBM] [Debug] Trained a tree with leaves = 255
[LightGBM] [Info] Iteration:478, valid_1 auc : 0.951664
[LightGBM] [Info] 123.948353 seconds elapsed, finished iteration 478
[LightGBM] [Debug] Trained a tree with leaves = 255
[LightGBM] [Info] Iteration:479, valid_1 auc : 0.951607
[LightGBM] [Info] 124.237369 seconds elapsed, finished iteration 479
[LightGBM] [Debug] Trained a tree with leaves = 255
[LightGBM] [Info] Iteration:480, valid_1 auc : 0.951603
[LightGBM] [Info] 124.491051 seconds elapsed, finished iteration 480
[LightGBM] [Debug] Trained a tree with leaves = 255
[LightGBM] [Info] Iteration:481, valid_1 auc : 0.951623
[LightGBM] [Info] 124.757534 seconds elapsed, finished iteration 481
[LightGBM] [Debug] Trained a tree with leaves = 255
[LightGBM] [Info] Iteration:482, valid_1 auc : 0.95161
[LightGBM] [Info] 125.044867 seconds elapsed, finished iteration 482
[LightGBM] [Debug] Trained a tree with leaves = 255
[LightGBM] [Info] Iteration:483, valid_1 auc : 0.95163
[LightGBM] [Info] 125.327240 seconds elapsed, finished iteration 483
[LightGBM] [Debug] Trained a tree with leaves = 255
[LightGBM] [Info] Iteration:484, valid_1 auc : 0.951629
[LightGBM] [Info] 125.595950 seconds elapsed, finished iteration 484
[LightGBM] [Debug] Trained a tree with leaves = 255
[LightGBM] [Info] Iteration:485, valid_1 auc : 0.951602
[LightGBM] [Info] 125.861513 seconds elapsed, finished iteration 485
[LightGBM] [Debug] Trained a tree with leaves = 255
[LightGBM] [Info] Iteration:486, valid_1 auc : 0.951568
[LightGBM] [Info] 126.134422 seconds elapsed, finished iteration 486
[LightGBM] [Debug] Trained a tree with leaves = 255
[LightGBM] [Info] Iteration:487, valid_1 auc : 0.951575
[LightGBM] [Info] 126.399797 seconds elapsed, finished iteration 487
[LightGBM] [Debug] Trained a tree with leaves = 255
[LightGBM] [Info] Iteration:488, valid_1 auc : 0.951551
[LightGBM] [Info] 126.650165 seconds elapsed, finished iteration 488
[LightGBM] [Debug] Trained a tree with leaves = 255
[LightGBM] [Info] Iteration:489, valid_1 auc : 0.951542
[LightGBM] [Info] 126.930072 seconds elapsed, finished iteration 489
[LightGBM] [Debug] Trained a tree with leaves = 255
[LightGBM] [Info] Iteration:490, valid_1 auc : 0.951556
[LightGBM] [Info] 127.207229 seconds elapsed, finished iteration 490
[LightGBM] [Debug] Trained a tree with leaves = 255
[LightGBM] [Info] Iteration:491, valid_1 auc : 0.951552
[LightGBM] [Info] 127.468589 seconds elapsed, finished iteration 491
[LightGBM] [Debug] Trained a tree with leaves = 255
[LightGBM] [Info] Iteration:492, valid_1 auc : 0.951565
[LightGBM] [Info] 127.769601 seconds elapsed, finished iteration 492
[LightGBM] [Debug] Trained a tree with leaves = 255
[LightGBM] [Info] Iteration:493, valid_1 auc : 0.951564
[LightGBM] [Info] 128.061132 seconds elapsed, finished iteration 493
[LightGBM] [Debug] Trained a tree with leaves = 255
[LightGBM] [Info] Iteration:494, valid_1 auc : 0.951592
[LightGBM] [Info] 128.324371 seconds elapsed, finished iteration 494
[LightGBM] [Debug] Trained a tree with leaves = 255
[LightGBM] [Info] Iteration:495, valid_1 auc : 0.951592
[LightGBM] [Info] 128.609555 seconds elapsed, finished iteration 495
[LightGBM] [Debug] Trained a tree with leaves = 255
[LightGBM] [Info] Iteration:496, valid_1 auc : 0.951601
[LightGBM] [Info] 128.890304 seconds elapsed, finished iteration 496
[LightGBM] [Debug] Trained a tree with leaves = 255
[LightGBM] [Info] Iteration:497, valid_1 auc : 0.951584
[LightGBM] [Info] 129.162698 seconds elapsed, finished iteration 497
[LightGBM] [Debug] Trained a tree with leaves = 255
[LightGBM] [Info] Iteration:498, valid_1 auc : 0.951587
[LightGBM] [Info] 129.449435 seconds elapsed, finished iteration 498
[LightGBM] [Debug] Trained a tree with leaves = 255
[LightGBM] [Info] Iteration:499, valid_1 auc : 0.951578
[LightGBM] [Info] 129.718122 seconds elapsed, finished iteration 499
[LightGBM] [Debug] Trained a tree with leaves = 255
[LightGBM] [Info] Iteration:500, valid_1 auc : 0.951581
[LightGBM] [Info] 129.996728 seconds elapsed, finished iteration 500
[LightGBM] [Info] Finished training
[LightGBM] [Info] CUDABestSplitFinder::LaunchSyncBestSplitForLeafKernel costs:	 3.158130
[LightGBM] [Info] CUDADataPartition::AddPredictionToScoreKernel costs:	 0.442451
[LightGBM] [Info] CUDADataPartition::AggregateBlockOffsetKernel costs:	 4.222446
[LightGBM] [Info] CUDADataPartition::CopyDataIndicesKernel costs:	 0.386535
[LightGBM] [Info] CUDADataPartition::CopyFromCUDADeviceToHostAsync costs:	 3.065996
[LightGBM] [Info] CUDADataPartition::LaunchAddPredictionToScoreKernel::BitonicArgSortGlobal costs:	 0.023016
[LightGBM] [Info] CUDADataPartition::SplitInnerKernel costs:	 0.349579
[LightGBM] [Info] CUDADataPartition::SplitTreeStructureKernel costs:	 0.341270
[LightGBM] [Info] CUDAHistogramConstructor::ConstructHistogramForLeaf::LaunchSubtractHistogramKernel costs:	 0.840003
[LightGBM] [Info] CUDAHistogramConstructor::FixHistogramDiscretizedKernel costs:	 0.365810
[LightGBM] [Info] CUDAHistogramConstructor::SubtractHistogramDiscretizedKernel costs:	 0.352214
[LightGBM] [Info] CUDAScoreUpdater::AddScore costs:	 0.000025
[LightGBM] [Info] CUDASingleGPUTreeLearner::BeforeTrain costs:	 1.454769
[LightGBM] [Info] CUDASingleGPUTreeLearner::CPUFindBestFromAllSplits costs:	 0.033159
[LightGBM] [Info] CUDASingleGPUTreeLearner::ConstructHistogramForLeaf costs:	 16.113233
[LightGBM] [Info] CUDASingleGPUTreeLearner::FindBestFromAllSplits costs:	 2.474157
[LightGBM] [Info] CUDASingleGPUTreeLearner::FindBestSplitsForLeaf costs:	 5.405810
[LightGBM] [Info] CUDASingleGPUTreeLearner::NCCLReduceHistogram costs:	 0.008365
[LightGBM] [Info] CUDASingleGPUTreeLearner::RenewDiscretizedTreeLeaves costs:	 1.804296
[LightGBM] [Info] CUDASingleGPUTreeLearner::Split costs:	 9.574445
[LightGBM] [Info] Dataset::FastFeatureBundling costs:	 0.067804
[LightGBM] [Info] Dataset::GetMultiBinFromAllFeatures costs:	 3.044359
[LightGBM] [Info] Dataset::PushDataToMultiValBin costs:	 2.249238
[LightGBM] [Info] Dataset::TestMultiThreadingMethod costs:	 3.049840
[LightGBM] [Info] GBDT::Bagging costs:	 0.000177
[LightGBM] [Info] GBDT::BoostFromAverage costs:	 0.000412
[LightGBM] [Info] GBDT::Boosting costs:	 0.234171
[LightGBM] [Info] GBDT::Train costs:	 129.996738
[LightGBM] [Info] GBDT::TrainOneIter costs:	 39.328717
[LightGBM] [Info] GBDT::UpdateScore costs:	 0.796217
[LightGBM] [Info] GenDataToLeftBitVector costs:	 0.388633
[LightGBM] [Info] ScoreUpdater::AddScore costs:	 0.794615
[LightGBM] [Info] SplitInner costs:	 8.594464
