0:	learn: 10.6994387	test: 10.6323175	best: 10.6323175 (0)	total: 84.1ms	remaining: 42s
1:	learn: 10.4923962	test: 10.4479086	best: 10.4479086 (1)	total: 164ms	remaining: 40.8s
2:	learn: 10.3115971	test: 10.2870246	best: 10.2870246 (2)	total: 242ms	remaining: 40.1s
3:	learn: 10.1525774	test: 10.1489440	best: 10.1489440 (3)	total: 320ms	remaining: 39.7s
4:	learn: 10.0151078	test: 10.0310669	best: 10.0310669 (4)	total: 398ms	remaining: 39.4s
5:	learn: 9.8935969	test: 9.9299274	best: 9.9299274 (5)	total: 475ms	remaining: 39.1s
6:	learn: 9.7843921	test: 9.8404559	best: 9.8404559 (6)	total: 550ms	remaining: 38.7s
7:	learn: 9.6886016	test: 9.7648510	best: 9.7648510 (7)	total: 626ms	remaining: 38.5s
8:	learn: 9.6027897	test: 9.6996638	best: 9.6996638 (8)	total: 710ms	remaining: 38.7s
9:	learn: 9.5250021	test: 9.6439701	best: 9.6439701 (9)	total: 784ms	remaining: 38.4s
10:	learn: 9.4523752	test: 9.5906054	best: 9.5906054 (10)	total: 870ms	remaining: 38.7s
11:	learn: 9.3852980	test: 9.5427958	best: 9.5427958 (11)	total: 953ms	remaining: 38.8s
12:	learn: 9.3244519	test: 9.5011218	best: 9.5011218 (12)	total: 1.03s	remaining: 38.7s
13:	learn: 9.2703905	test: 9.4646421	best: 9.4646421 (13)	total: 1.1s	remaining: 38.4s
14:	learn: 9.2187844	test: 9.4304595	best: 9.4304595 (14)	total: 1.18s	remaining: 38s
15:	learn: 9.1690277	test: 9.3980034	best: 9.3980034 (15)	total: 1.25s	remaining: 37.7s
16:	learn: 9.1258107	test: 9.3729504	best: 9.3729504 (16)	total: 1.32s	remaining: 37.4s
17:	learn: 9.0839691	test: 9.3485326	best: 9.3485326 (17)	total: 1.39s	remaining: 37.1s
18:	learn: 9.0453205	test: 9.3282600	best: 9.3282600 (18)	total: 1.46s	remaining: 37s
19:	learn: 9.0081657	test: 9.3099204	best: 9.3099204 (19)	total: 1.53s	remaining: 36.9s
20:	learn: 8.9722757	test: 9.2919537	best: 9.2919537 (20)	total: 1.62s	remaining: 36.9s
21:	learn: 8.9393139	test: 9.2755581	best: 9.2755581 (21)	total: 1.7s	remaining: 36.9s
22:	learn: 8.9079598	test: 9.2602227	best: 9.2602227 (22)	total: 1.77s	remaining: 36.7s
23:	learn: 8.8789460	test: 9.2481133	best: 9.2481133 (23)	total: 1.84s	remaining: 36.5s
24:	learn: 8.8508569	test: 9.2363918	best: 9.2363918 (24)	total: 1.91s	remaining: 36.2s
25:	learn: 8.8244201	test: 9.2262478	best: 9.2262478 (25)	total: 1.99s	remaining: 36.2s
26:	learn: 8.7998660	test: 9.2146708	best: 9.2146708 (26)	total: 2.11s	remaining: 36.9s
27:	learn: 8.7748652	test: 9.2030977	best: 9.2030977 (27)	total: 2.26s	remaining: 38.1s
28:	learn: 8.7485690	test: 9.1927353	best: 9.1927353 (28)	total: 2.41s	remaining: 39.1s
29:	learn: 8.7252578	test: 9.1850074	best: 9.1850074 (29)	total: 2.55s	remaining: 40s
30:	learn: 8.7028421	test: 9.1764252	best: 9.1764252 (30)	total: 2.62s	remaining: 39.6s
31:	learn: 8.6780195	test: 9.1668408	best: 9.1668408 (31)	total: 2.7s	remaining: 39.5s
32:	learn: 8.6564098	test: 9.1593322	best: 9.1593322 (32)	total: 2.77s	remaining: 39.2s
33:	learn: 8.6362948	test: 9.1534268	best: 9.1534268 (33)	total: 2.84s	remaining: 38.9s
34:	learn: 8.6158190	test: 9.1476711	best: 9.1476711 (34)	total: 2.97s	remaining: 39.5s
35:	learn: 8.5955121	test: 9.1406908	best: 9.1406908 (35)	total: 3.12s	remaining: 40.2s
36:	learn: 8.5768379	test: 9.1356288	best: 9.1356288 (36)	total: 3.27s	remaining: 40.9s
37:	learn: 8.5575132	test: 9.1293967	best: 9.1293967 (37)	total: 3.34s	remaining: 40.6s
38:	learn: 8.5392807	test: 9.1241512	best: 9.1241512 (38)	total: 3.41s	remaining: 40.3s
39:	learn: 8.5211322	test: 9.1184248	best: 9.1184248 (39)	total: 3.48s	remaining: 40s
40:	learn: 8.5026304	test: 9.1135545	best: 9.1135545 (40)	total: 3.54s	remaining: 39.7s
41:	learn: 8.4853637	test: 9.1098936	best: 9.1098936 (41)	total: 3.61s	remaining: 39.4s
42:	learn: 8.4660113	test: 9.1064438	best: 9.1064438 (42)	total: 3.68s	remaining: 39.1s
43:	learn: 8.4498251	test: 9.1033907	best: 9.1033907 (43)	total: 3.75s	remaining: 38.9s
44:	learn: 8.4318884	test: 9.0979359	best: 9.0979359 (44)	total: 3.83s	remaining: 38.7s
45:	learn: 8.4149063	test: 9.0939689	best: 9.0939689 (45)	total: 3.9s	remaining: 38.5s
46:	learn: 8.3990962	test: 9.0899416	best: 9.0899416 (46)	total: 3.97s	remaining: 38.3s
47:	learn: 8.3832874	test: 9.0867497	best: 9.0867497 (47)	total: 4.04s	remaining: 38.1s
48:	learn: 8.3679278	test: 9.0846190	best: 9.0846190 (48)	total: 4.11s	remaining: 37.8s
49:	learn: 8.3520358	test: 9.0801017	best: 9.0801017 (49)	total: 4.18s	remaining: 37.6s
50:	learn: 8.3358731	test: 9.0764486	best: 9.0764486 (50)	total: 4.24s	remaining: 37.4s
51:	learn: 8.3201805	test: 9.0711373	best: 9.0711373 (51)	total: 4.31s	remaining: 37.2s
52:	learn: 8.3047673	test: 9.0682127	best: 9.0682127 (52)	total: 4.38s	remaining: 36.9s
53:	learn: 8.2896225	test: 9.0648032	best: 9.0648032 (53)	total: 4.45s	remaining: 36.7s
54:	learn: 8.2758260	test: 9.0624173	best: 9.0624173 (54)	total: 4.51s	remaining: 36.5s
55:	learn: 8.2623800	test: 9.0601825	best: 9.0601825 (55)	total: 4.58s	remaining: 36.3s
56:	learn: 8.2480913	test: 9.0582834	best: 9.0582834 (56)	total: 4.65s	remaining: 36.2s
57:	learn: 8.2334934	test: 9.0568528	best: 9.0568528 (57)	total: 4.72s	remaining: 36s
58:	learn: 8.2196549	test: 9.0552253	best: 9.0552253 (58)	total: 4.83s	remaining: 36.1s
59:	learn: 8.2057274	test: 9.0539482	best: 9.0539482 (59)	total: 4.91s	remaining: 36s
60:	learn: 8.1929465	test: 9.0514412	best: 9.0514412 (60)	total: 4.98s	remaining: 35.8s
61:	learn: 8.1798421	test: 9.0483963	best: 9.0483963 (61)	total: 5.05s	remaining: 35.7s
62:	learn: 8.1664139	test: 9.0457865	best: 9.0457865 (62)	total: 5.11s	remaining: 35.5s
63:	learn: 8.1532580	test: 9.0434914	best: 9.0434914 (63)	total: 5.18s	remaining: 35.3s
64:	learn: 8.1395649	test: 9.0404631	best: 9.0404631 (64)	total: 5.25s	remaining: 35.1s
65:	learn: 8.1277599	test: 9.0390506	best: 9.0390506 (65)	total: 5.31s	remaining: 34.9s
66:	learn: 8.1148389	test: 9.0372510	best: 9.0372510 (66)	total: 5.38s	remaining: 34.7s
67:	learn: 8.1031560	test: 9.0343406	best: 9.0343406 (67)	total: 5.44s	remaining: 34.6s
68:	learn: 8.0905918	test: 9.0311274	best: 9.0311274 (68)	total: 5.51s	remaining: 34.4s
69:	learn: 8.0795419	test: 9.0301038	best: 9.0301038 (69)	total: 5.57s	remaining: 34.2s
70:	learn: 8.0671799	test: 9.0291027	best: 9.0291027 (70)	total: 5.64s	remaining: 34.1s
71:	learn: 8.0554163	test: 9.0279657	best: 9.0279657 (71)	total: 5.71s	remaining: 34s
72:	learn: 8.0440803	test: 9.0264300	best: 9.0264300 (72)	total: 5.8s	remaining: 33.9s
73:	learn: 8.0327036	test: 9.0240591	best: 9.0240591 (73)	total: 5.87s	remaining: 33.8s
74:	learn: 8.0204245	test: 9.0232880	best: 9.0232880 (74)	total: 5.93s	remaining: 33.6s
75:	learn: 8.0094227	test: 9.0229167	best: 9.0229167 (75)	total: 6.01s	remaining: 33.5s
76:	learn: 7.9974800	test: 9.0208729	best: 9.0208729 (76)	total: 6.08s	remaining: 33.4s
77:	learn: 7.9866409	test: 9.0193043	best: 9.0193043 (77)	total: 6.2s	remaining: 33.5s
78:	learn: 7.9752610	test: 9.0182482	best: 9.0182482 (78)	total: 6.26s	remaining: 33.4s
79:	learn: 7.9634312	test: 9.0159316	best: 9.0159316 (79)	total: 6.33s	remaining: 33.2s
80:	learn: 7.9520481	test: 9.0144406	best: 9.0144406 (80)	total: 6.39s	remaining: 33.1s
81:	learn: 7.9404420	test: 9.0122710	best: 9.0122710 (81)	total: 6.46s	remaining: 32.9s
82:	learn: 7.9300169	test: 9.0110145	best: 9.0110145 (82)	total: 6.53s	remaining: 32.8s
83:	learn: 7.9193557	test: 9.0106118	best: 9.0106118 (83)	total: 6.59s	remaining: 32.6s
84:	learn: 7.9083474	test: 9.0095106	best: 9.0095106 (84)	total: 6.67s	remaining: 32.5s
85:	learn: 7.8972562	test: 9.0094789	best: 9.0094789 (85)	total: 6.73s	remaining: 32.4s
86:	learn: 7.8862368	test: 9.0075202	best: 9.0075202 (86)	total: 6.79s	remaining: 32.3s
87:	learn: 7.8756641	test: 9.0073401	best: 9.0073401 (87)	total: 6.86s	remaining: 32.1s
88:	learn: 7.8648299	test: 9.0061555	best: 9.0061555 (88)	total: 6.93s	remaining: 32s
89:	learn: 7.8541784	test: 9.0045209	best: 9.0045209 (89)	total: 6.99s	remaining: 31.9s
90:	learn: 7.8438639	test: 9.0032041	best: 9.0032041 (90)	total: 7.06s	remaining: 31.7s
91:	learn: 7.8334862	test: 9.0022190	best: 9.0022190 (91)	total: 7.12s	remaining: 31.6s
92:	learn: 7.8234572	test: 9.0018888	best: 9.0018888 (92)	total: 7.19s	remaining: 31.5s
93:	learn: 7.8129770	test: 9.0014805	best: 9.0014805 (93)	total: 7.25s	remaining: 31.3s
94:	learn: 7.8027597	test: 9.0010649	best: 9.0010649 (94)	total: 7.32s	remaining: 31.2s
95:	learn: 7.7926483	test: 9.0001030	best: 9.0001030 (95)	total: 7.38s	remaining: 31.1s
96:	learn: 7.7822566	test: 9.0004882	best: 9.0001030 (95)	total: 7.45s	remaining: 30.9s
97:	learn: 7.7727936	test: 8.9983538	best: 8.9983538 (97)	total: 7.51s	remaining: 30.8s
98:	learn: 7.7633935	test: 8.9973558	best: 8.9973558 (98)	total: 7.59s	remaining: 30.7s
99:	learn: 7.7537052	test: 8.9957349	best: 8.9957349 (99)	total: 7.66s	remaining: 30.6s
100:	learn: 7.7444086	test: 8.9953248	best: 8.9953248 (100)	total: 7.72s	remaining: 30.5s
101:	learn: 7.7345981	test: 8.9935447	best: 8.9935447 (101)	total: 7.79s	remaining: 30.4s
102:	learn: 7.7242769	test: 8.9925203	best: 8.9925203 (102)	total: 7.86s	remaining: 30.3s
103:	learn: 7.7138468	test: 8.9913041	best: 8.9913041 (103)	total: 7.92s	remaining: 30.2s
104:	learn: 7.7043450	test: 8.9900975	best: 8.9900975 (104)	total: 7.99s	remaining: 30.1s
105:	learn: 7.6948417	test: 8.9895904	best: 8.9895904 (105)	total: 8.06s	remaining: 30s
106:	learn: 7.6850510	test: 8.9885855	best: 8.9885855 (106)	total: 8.12s	remaining: 29.8s
107:	learn: 7.6755516	test: 8.9880729	best: 8.9880729 (107)	total: 8.2s	remaining: 29.8s
108:	learn: 7.6661951	test: 8.9874789	best: 8.9874789 (108)	total: 8.28s	remaining: 29.7s
109:	learn: 7.6565835	test: 8.9869485	best: 8.9869485 (109)	total: 8.34s	remaining: 29.6s
110:	learn: 7.6473710	test: 8.9867944	best: 8.9867944 (110)	total: 8.41s	remaining: 29.5s
111:	learn: 7.6387617	test: 8.9854338	best: 8.9854338 (111)	total: 8.47s	remaining: 29.3s
112:	learn: 7.6293463	test: 8.9845659	best: 8.9845659 (112)	total: 8.54s	remaining: 29.2s
113:	learn: 7.6207325	test: 8.9834211	best: 8.9834211 (113)	total: 8.6s	remaining: 29.1s
114:	learn: 7.6117670	test: 8.9835717	best: 8.9834211 (113)	total: 8.67s	remaining: 29s
115:	learn: 7.6026106	test: 8.9831182	best: 8.9831182 (115)	total: 8.74s	remaining: 28.9s
116:	learn: 7.5931545	test: 8.9820751	best: 8.9820751 (116)	total: 8.82s	remaining: 28.9s
117:	learn: 7.5845778	test: 8.9810559	best: 8.9810559 (117)	total: 8.95s	remaining: 29s
118:	learn: 7.5753182	test: 8.9818314	best: 8.9810559 (117)	total: 9.11s	remaining: 29.2s
119:	learn: 7.5669624	test: 8.9808553	best: 8.9808553 (119)	total: 9.25s	remaining: 29.3s
120:	learn: 7.5584456	test: 8.9802334	best: 8.9802334 (120)	total: 9.39s	remaining: 29.4s
121:	learn: 7.5492807	test: 8.9806693	best: 8.9802334 (120)	total: 9.53s	remaining: 29.5s
122:	learn: 7.5401290	test: 8.9807057	best: 8.9802334 (120)	total: 9.67s	remaining: 29.6s
123:	learn: 7.5315796	test: 8.9796656	best: 8.9796656 (123)	total: 9.81s	remaining: 29.7s
124:	learn: 7.5237080	test: 8.9794075	best: 8.9794075 (124)	total: 9.96s	remaining: 29.9s
125:	learn: 7.5149224	test: 8.9780822	best: 8.9780822 (125)	total: 10.1s	remaining: 30s
126:	learn: 7.5066326	test: 8.9776794	best: 8.9776794 (126)	total: 10.2s	remaining: 30.1s
127:	learn: 7.4987323	test: 8.9789432	best: 8.9776794 (126)	total: 10.3s	remaining: 30s
128:	learn: 7.4905819	test: 8.9776683	best: 8.9776683 (128)	total: 10.4s	remaining: 29.9s
129:	learn: 7.4819527	test: 8.9768042	best: 8.9768042 (129)	total: 10.5s	remaining: 29.8s
130:	learn: 7.4735641	test: 8.9762259	best: 8.9762259 (130)	total: 10.5s	remaining: 29.7s
131:	learn: 7.4652463	test: 8.9766931	best: 8.9762259 (130)	total: 10.6s	remaining: 29.5s
132:	learn: 7.4569135	test: 8.9773595	best: 8.9762259 (130)	total: 10.7s	remaining: 29.4s
133:	learn: 7.4502959	test: 8.9773711	best: 8.9762259 (130)	total: 10.7s	remaining: 29.3s
134:	learn: 7.4428257	test: 8.9777559	best: 8.9762259 (130)	total: 10.8s	remaining: 29.3s
135:	learn: 7.4347923	test: 8.9776224	best: 8.9762259 (130)	total: 10.9s	remaining: 29.1s
136:	learn: 7.4270386	test: 8.9769997	best: 8.9762259 (130)	total: 10.9s	remaining: 29s
137:	learn: 7.4189539	test: 8.9766648	best: 8.9762259 (130)	total: 11s	remaining: 28.9s
138:	learn: 7.4103586	test: 8.9760587	best: 8.9760587 (138)	total: 11.1s	remaining: 28.8s
139:	learn: 7.4021787	test: 8.9762041	best: 8.9760587 (138)	total: 11.1s	remaining: 28.7s
140:	learn: 7.3954826	test: 8.9755039	best: 8.9755039 (140)	total: 11.2s	remaining: 28.6s
141:	learn: 7.3875376	test: 8.9749619	best: 8.9749619 (141)	total: 11.3s	remaining: 28.4s
142:	learn: 7.3807636	test: 8.9746013	best: 8.9746013 (142)	total: 11.3s	remaining: 28.3s
143:	learn: 7.3742855	test: 8.9729685	best: 8.9729685 (143)	total: 11.4s	remaining: 28.2s
144:	learn: 7.3668911	test: 8.9730513	best: 8.9729685 (143)	total: 11.5s	remaining: 28.1s
145:	learn: 7.3598333	test: 8.9736268	best: 8.9729685 (143)	total: 11.5s	remaining: 28s
146:	learn: 7.3537752	test: 8.9741780	best: 8.9729685 (143)	total: 11.6s	remaining: 27.8s
147:	learn: 7.3459195	test: 8.9739786	best: 8.9729685 (143)	total: 11.7s	remaining: 27.7s
148:	learn: 7.3377406	test: 8.9736835	best: 8.9729685 (143)	total: 11.7s	remaining: 27.6s
149:	learn: 7.3306636	test: 8.9737372	best: 8.9729685 (143)	total: 11.8s	remaining: 27.5s
150:	learn: 7.3233288	test: 8.9737676	best: 8.9729685 (143)	total: 11.9s	remaining: 27.4s
151:	learn: 7.3166362	test: 8.9733740	best: 8.9729685 (143)	total: 11.9s	remaining: 27.3s
152:	learn: 7.3088017	test: 8.9737118	best: 8.9729685 (143)	total: 12s	remaining: 27.2s
153:	learn: 7.3024544	test: 8.9733476	best: 8.9729685 (143)	total: 12s	remaining: 27.1s
154:	learn: 7.2957936	test: 8.9732542	best: 8.9729685 (143)	total: 12.1s	remaining: 27s
155:	learn: 7.2891314	test: 8.9730848	best: 8.9729685 (143)	total: 12.2s	remaining: 26.9s
156:	learn: 7.2818522	test: 8.9733675	best: 8.9729685 (143)	total: 12.2s	remaining: 26.7s
157:	learn: 7.2742491	test: 8.9739206	best: 8.9729685 (143)	total: 12.3s	remaining: 26.6s
158:	learn: 7.2674075	test: 8.9741675	best: 8.9729685 (143)	total: 12.4s	remaining: 26.5s
159:	learn: 7.2602188	test: 8.9733843	best: 8.9729685 (143)	total: 12.4s	remaining: 26.4s
160:	learn: 7.2543733	test: 8.9728727	best: 8.9728727 (160)	total: 12.5s	remaining: 26.3s
161:	learn: 7.2478813	test: 8.9727097	best: 8.9727097 (161)	total: 12.6s	remaining: 26.2s
162:	learn: 7.2404805	test: 8.9719547	best: 8.9719547 (162)	total: 12.6s	remaining: 26.1s
163:	learn: 7.2334669	test: 8.9720454	best: 8.9719547 (162)	total: 12.7s	remaining: 26s
164:	learn: 7.2279068	test: 8.9723123	best: 8.9719547 (162)	total: 12.8s	remaining: 25.9s
165:	learn: 7.2227601	test: 8.9727138	best: 8.9719547 (162)	total: 12.8s	remaining: 25.9s
166:	learn: 7.2150424	test: 8.9724329	best: 8.9719547 (162)	total: 12.9s	remaining: 25.8s
167:	learn: 7.2095733	test: 8.9723946	best: 8.9719547 (162)	total: 13s	remaining: 25.6s
168:	learn: 7.2035870	test: 8.9721166	best: 8.9719547 (162)	total: 13s	remaining: 25.5s
169:	learn: 7.1963259	test: 8.9720948	best: 8.9719547 (162)	total: 13.1s	remaining: 25.4s
170:	learn: 7.1896492	test: 8.9724418	best: 8.9719547 (162)	total: 13.2s	remaining: 25.3s
171:	learn: 7.1828385	test: 8.9721803	best: 8.9719547 (162)	total: 13.2s	remaining: 25.2s
172:	learn: 7.1766460	test: 8.9724957	best: 8.9719547 (162)	total: 13.3s	remaining: 25.1s
173:	learn: 7.1682845	test: 8.9720087	best: 8.9719547 (162)	total: 13.3s	remaining: 25s
174:	learn: 7.1623589	test: 8.9715030	best: 8.9715030 (174)	total: 13.4s	remaining: 24.9s
175:	learn: 7.1564144	test: 8.9712617	best: 8.9712617 (175)	total: 13.5s	remaining: 24.8s
176:	learn: 7.1507624	test: 8.9712285	best: 8.9712285 (176)	total: 13.5s	remaining: 24.7s
177:	learn: 7.1458782	test: 8.9714347	best: 8.9712285 (176)	total: 13.6s	remaining: 24.6s
178:	learn: 7.1413458	test: 8.9710164	best: 8.9710164 (178)	total: 13.7s	remaining: 24.5s
179:	learn: 7.1353884	test: 8.9712577	best: 8.9710164 (178)	total: 13.7s	remaining: 24.4s
180:	learn: 7.1297313	test: 8.9713165	best: 8.9710164 (178)	total: 13.8s	remaining: 24.4s
181:	learn: 7.1235970	test: 8.9707956	best: 8.9707956 (181)	total: 13.9s	remaining: 24.3s
182:	learn: 7.1192655	test: 8.9703133	best: 8.9703133 (182)	total: 14s	remaining: 24.2s
183:	learn: 7.1130544	test: 8.9709721	best: 8.9703133 (182)	total: 14s	remaining: 24.1s
184:	learn: 7.1079310	test: 8.9710040	best: 8.9703133 (182)	total: 14.1s	remaining: 24s
185:	learn: 7.1030080	test: 8.9707473	best: 8.9703133 (182)	total: 14.1s	remaining: 23.9s
186:	learn: 7.0957679	test: 8.9698329	best: 8.9698329 (186)	total: 14.2s	remaining: 23.8s
187:	learn: 7.0896685	test: 8.9694529	best: 8.9694529 (187)	total: 14.3s	remaining: 23.7s
188:	learn: 7.0834983	test: 8.9688757	best: 8.9688757 (188)	total: 14.3s	remaining: 23.6s
189:	learn: 7.0756477	test: 8.9693260	best: 8.9688757 (188)	total: 14.4s	remaining: 23.5s
190:	learn: 7.0704176	test: 8.9693279	best: 8.9688757 (188)	total: 14.4s	remaining: 23.4s
191:	learn: 7.0653536	test: 8.9694558	best: 8.9688757 (188)	total: 14.5s	remaining: 23.3s
192:	learn: 7.0596385	test: 8.9696634	best: 8.9688757 (188)	total: 14.6s	remaining: 23.2s
193:	learn: 7.0542483	test: 8.9693462	best: 8.9688757 (188)	total: 14.6s	remaining: 23.1s
194:	learn: 7.0483571	test: 8.9697325	best: 8.9688757 (188)	total: 14.7s	remaining: 23s
195:	learn: 7.0436554	test: 8.9682867	best: 8.9682867 (195)	total: 14.7s	remaining: 22.9s
196:	learn: 7.0386779	test: 8.9682006	best: 8.9682006 (196)	total: 14.8s	remaining: 22.8s
197:	learn: 7.0341500	test: 8.9678623	best: 8.9678623 (197)	total: 14.9s	remaining: 22.7s
198:	learn: 7.0274374	test: 8.9672508	best: 8.9672508 (198)	total: 14.9s	remaining: 22.6s
199:	learn: 7.0211908	test: 8.9667581	best: 8.9667581 (199)	total: 15s	remaining: 22.5s
200:	learn: 7.0136400	test: 8.9658689	best: 8.9658689 (200)	total: 15s	remaining: 22.4s
201:	learn: 7.0067720	test: 8.9665580	best: 8.9658689 (200)	total: 15.1s	remaining: 22.3s
202:	learn: 7.0007533	test: 8.9665974	best: 8.9658689 (200)	total: 15.2s	remaining: 22.2s
203:	learn: 6.9935588	test: 8.9663112	best: 8.9658689 (200)	total: 15.2s	remaining: 22.1s
204:	learn: 6.9888999	test: 8.9665785	best: 8.9658689 (200)	total: 15.3s	remaining: 22s
205:	learn: 6.9826120	test: 8.9671091	best: 8.9658689 (200)	total: 15.4s	remaining: 21.9s
206:	learn: 6.9767382	test: 8.9678078	best: 8.9658689 (200)	total: 15.4s	remaining: 21.8s
207:	learn: 6.9729538	test: 8.9674088	best: 8.9658689 (200)	total: 15.5s	remaining: 21.7s
208:	learn: 6.9678788	test: 8.9678542	best: 8.9658689 (200)	total: 15.5s	remaining: 21.6s
209:	learn: 6.9622651	test: 8.9669271	best: 8.9658689 (200)	total: 15.6s	remaining: 21.5s
210:	learn: 6.9550528	test: 8.9670991	best: 8.9658689 (200)	total: 15.7s	remaining: 21.5s
211:	learn: 6.9491001	test: 8.9671169	best: 8.9658689 (200)	total: 15.7s	remaining: 21.4s
212:	learn: 6.9428768	test: 8.9663976	best: 8.9658689 (200)	total: 15.8s	remaining: 21.3s
213:	learn: 6.9383890	test: 8.9668434	best: 8.9658689 (200)	total: 15.8s	remaining: 21.2s
214:	learn: 6.9324529	test: 8.9668699	best: 8.9658689 (200)	total: 15.9s	remaining: 21.1s
215:	learn: 6.9278916	test: 8.9671949	best: 8.9658689 (200)	total: 16s	remaining: 21s
216:	learn: 6.9219487	test: 8.9672346	best: 8.9658689 (200)	total: 16s	remaining: 20.9s
217:	learn: 6.9152316	test: 8.9665070	best: 8.9658689 (200)	total: 16.1s	remaining: 20.8s
218:	learn: 6.9096823	test: 8.9661106	best: 8.9658689 (200)	total: 16.2s	remaining: 20.7s
219:	learn: 6.9045192	test: 8.9655648	best: 8.9655648 (219)	total: 16.2s	remaining: 20.6s
220:	learn: 6.9000361	test: 8.9662623	best: 8.9655648 (219)	total: 16.3s	remaining: 20.5s
221:	learn: 6.8951610	test: 8.9659027	best: 8.9655648 (219)	total: 16.3s	remaining: 20.5s
222:	learn: 6.8909563	test: 8.9660366	best: 8.9655648 (219)	total: 16.4s	remaining: 20.4s
223:	learn: 6.8842679	test: 8.9658735	best: 8.9655648 (219)	total: 16.5s	remaining: 20.3s
224:	learn: 6.8783368	test: 8.9654998	best: 8.9654998 (224)	total: 16.5s	remaining: 20.2s
225:	learn: 6.8734250	test: 8.9661014	best: 8.9654998 (224)	total: 16.6s	remaining: 20.1s
226:	learn: 6.8663722	test: 8.9667578	best: 8.9654998 (224)	total: 16.6s	remaining: 20s
227:	learn: 6.8612796	test: 8.9669336	best: 8.9654998 (224)	total: 16.7s	remaining: 19.9s
228:	learn: 6.8569626	test: 8.9670518	best: 8.9654998 (224)	total: 16.8s	remaining: 19.8s
229:	learn: 6.8523222	test: 8.9666647	best: 8.9654998 (224)	total: 16.8s	remaining: 19.8s
230:	learn: 6.8467344	test: 8.9665853	best: 8.9654998 (224)	total: 16.9s	remaining: 19.7s
231:	learn: 6.8408420	test: 8.9667259	best: 8.9654998 (224)	total: 17s	remaining: 19.6s
232:	learn: 6.8358736	test: 8.9670896	best: 8.9654998 (224)	total: 17s	remaining: 19.5s
233:	learn: 6.8303333	test: 8.9668164	best: 8.9654998 (224)	total: 17.1s	remaining: 19.5s
234:	learn: 6.8248931	test: 8.9672076	best: 8.9654998 (224)	total: 17.2s	remaining: 19.4s
235:	learn: 6.8204639	test: 8.9678351	best: 8.9654998 (224)	total: 17.2s	remaining: 19.3s
236:	learn: 6.8156576	test: 8.9680680	best: 8.9654998 (224)	total: 17.3s	remaining: 19.2s
237:	learn: 6.8099808	test: 8.9678553	best: 8.9654998 (224)	total: 17.4s	remaining: 19.1s
238:	learn: 6.8051585	test: 8.9676072	best: 8.9654998 (224)	total: 17.4s	remaining: 19s
239:	learn: 6.7982423	test: 8.9674228	best: 8.9654998 (224)	total: 17.5s	remaining: 19s
240:	learn: 6.7940039	test: 8.9671658	best: 8.9654998 (224)	total: 17.6s	remaining: 18.9s
241:	learn: 6.7870014	test: 8.9664316	best: 8.9654998 (224)	total: 17.6s	remaining: 18.8s
242:	learn: 6.7819230	test: 8.9659345	best: 8.9654998 (224)	total: 17.7s	remaining: 18.7s
243:	learn: 6.7759083	test: 8.9655424	best: 8.9654998 (224)	total: 17.7s	remaining: 18.6s
244:	learn: 6.7691403	test: 8.9645197	best: 8.9645197 (244)	total: 17.8s	remaining: 18.5s
245:	learn: 6.7635553	test: 8.9647690	best: 8.9645197 (244)	total: 17.9s	remaining: 18.5s
246:	learn: 6.7599868	test: 8.9651541	best: 8.9645197 (244)	total: 17.9s	remaining: 18.4s
247:	learn: 6.7556520	test: 8.9647142	best: 8.9645197 (244)	total: 18s	remaining: 18.3s
248:	learn: 6.7513745	test: 8.9651941	best: 8.9645197 (244)	total: 18.1s	remaining: 18.2s
249:	learn: 6.7462146	test: 8.9650769	best: 8.9645197 (244)	total: 18.1s	remaining: 18.1s
250:	learn: 6.7414496	test: 8.9653485	best: 8.9645197 (244)	total: 18.3s	remaining: 18.1s
251:	learn: 6.7359610	test: 8.9655324	best: 8.9645197 (244)	total: 18.4s	remaining: 18.1s
252:	learn: 6.7295291	test: 8.9658206	best: 8.9645197 (244)	total: 18.5s	remaining: 18.1s
253:	learn: 6.7237213	test: 8.9657841	best: 8.9645197 (244)	total: 18.7s	remaining: 18.1s
254:	learn: 6.7199940	test: 8.9657633	best: 8.9645197 (244)	total: 18.8s	remaining: 18.1s
255:	learn: 6.7163093	test: 8.9657987	best: 8.9645197 (244)	total: 18.9s	remaining: 18.1s
256:	learn: 6.7112812	test: 8.9662696	best: 8.9645197 (244)	total: 19.1s	remaining: 18.1s
257:	learn: 6.7062792	test: 8.9660798	best: 8.9645197 (244)	total: 19.2s	remaining: 18s
258:	learn: 6.7010073	test: 8.9660355	best: 8.9645197 (244)	total: 19.4s	remaining: 18s
259:	learn: 6.6951361	test: 8.9662297	best: 8.9645197 (244)	total: 19.5s	remaining: 18s
260:	learn: 6.6913404	test: 8.9663447	best: 8.9645197 (244)	total: 19.5s	remaining: 17.9s
261:	learn: 6.6870297	test: 8.9662869	best: 8.9645197 (244)	total: 19.6s	remaining: 17.8s
262:	learn: 6.6809958	test: 8.9664646	best: 8.9645197 (244)	total: 19.7s	remaining: 17.7s
263:	learn: 6.6779855	test: 8.9665145	best: 8.9645197 (244)	total: 19.7s	remaining: 17.6s
264:	learn: 6.6739313	test: 8.9665701	best: 8.9645197 (244)	total: 19.8s	remaining: 17.6s
265:	learn: 6.6696750	test: 8.9668744	best: 8.9645197 (244)	total: 19.9s	remaining: 17.5s
266:	learn: 6.6648059	test: 8.9669382	best: 8.9645197 (244)	total: 19.9s	remaining: 17.4s
267:	learn: 6.6614762	test: 8.9669079	best: 8.9645197 (244)	total: 20s	remaining: 17.3s
268:	learn: 6.6575068	test: 8.9671021	best: 8.9645197 (244)	total: 20.1s	remaining: 17.2s
269:	learn: 6.6527483	test: 8.9671010	best: 8.9645197 (244)	total: 20.1s	remaining: 17.1s
270:	learn: 6.6470174	test: 8.9669835	best: 8.9645197 (244)	total: 20.2s	remaining: 17.1s
271:	learn: 6.6428943	test: 8.9673486	best: 8.9645197 (244)	total: 20.2s	remaining: 17s
272:	learn: 6.6396579	test: 8.9673488	best: 8.9645197 (244)	total: 20.3s	remaining: 16.9s
273:	learn: 6.6361161	test: 8.9673993	best: 8.9645197 (244)	total: 20.4s	remaining: 16.8s
274:	learn: 6.6316109	test: 8.9678245	best: 8.9645197 (244)	total: 20.4s	remaining: 16.7s
275:	learn: 6.6277173	test: 8.9681982	best: 8.9645197 (244)	total: 20.5s	remaining: 16.6s
276:	learn: 6.6227935	test: 8.9678410	best: 8.9645197 (244)	total: 20.6s	remaining: 16.6s
277:	learn: 6.6185522	test: 8.9677646	best: 8.9645197 (244)	total: 20.6s	remaining: 16.5s
278:	learn: 6.6139516	test: 8.9682516	best: 8.9645197 (244)	total: 20.7s	remaining: 16.4s
279:	learn: 6.6088812	test: 8.9686503	best: 8.9645197 (244)	total: 20.8s	remaining: 16.3s
280:	learn: 6.6060845	test: 8.9689006	best: 8.9645197 (244)	total: 20.8s	remaining: 16.2s
281:	learn: 6.6013141	test: 8.9690032	best: 8.9645197 (244)	total: 20.9s	remaining: 16.1s
282:	learn: 6.5954124	test: 8.9688517	best: 8.9645197 (244)	total: 21s	remaining: 16.1s
283:	learn: 6.5904985	test: 8.9693519	best: 8.9645197 (244)	total: 21s	remaining: 16s
284:	learn: 6.5853550	test: 8.9690083	best: 8.9645197 (244)	total: 21.1s	remaining: 15.9s
285:	learn: 6.5792642	test: 8.9694907	best: 8.9645197 (244)	total: 21.2s	remaining: 15.8s
286:	learn: 6.5728151	test: 8.9691357	best: 8.9645197 (244)	total: 21.2s	remaining: 15.8s
287:	learn: 6.5674380	test: 8.9692420	best: 8.9645197 (244)	total: 21.3s	remaining: 15.7s
288:	learn: 6.5646289	test: 8.9695101	best: 8.9645197 (244)	total: 21.3s	remaining: 15.6s
289:	learn: 6.5611137	test: 8.9693446	best: 8.9645197 (244)	total: 21.4s	remaining: 15.5s
290:	learn: 6.5578817	test: 8.9697549	best: 8.9645197 (244)	total: 21.5s	remaining: 15.4s
291:	learn: 6.5529966	test: 8.9695846	best: 8.9645197 (244)	total: 21.5s	remaining: 15.3s
292:	learn: 6.5500799	test: 8.9694180	best: 8.9645197 (244)	total: 21.6s	remaining: 15.3s
293:	learn: 6.5448387	test: 8.9689967	best: 8.9645197 (244)	total: 21.7s	remaining: 15.2s
294:	learn: 6.5405107	test: 8.9693014	best: 8.9645197 (244)	total: 21.7s	remaining: 15.1s
295:	learn: 6.5377214	test: 8.9697463	best: 8.9645197 (244)	total: 21.8s	remaining: 15s
296:	learn: 6.5326947	test: 8.9699055	best: 8.9645197 (244)	total: 21.8s	remaining: 14.9s
297:	learn: 6.5267207	test: 8.9705730	best: 8.9645197 (244)	total: 21.9s	remaining: 14.8s
298:	learn: 6.5207511	test: 8.9699641	best: 8.9645197 (244)	total: 22s	remaining: 14.8s
299:	learn: 6.5146552	test: 8.9704086	best: 8.9645197 (244)	total: 22s	remaining: 14.7s
300:	learn: 6.5098287	test: 8.9699268	best: 8.9645197 (244)	total: 22.1s	remaining: 14.6s
301:	learn: 6.5063975	test: 8.9698831	best: 8.9645197 (244)	total: 22.2s	remaining: 14.5s
302:	learn: 6.5013825	test: 8.9695808	best: 8.9645197 (244)	total: 22.3s	remaining: 14.5s
303:	learn: 6.4954039	test: 8.9688515	best: 8.9645197 (244)	total: 22.3s	remaining: 14.4s
304:	learn: 6.4920415	test: 8.9688331	best: 8.9645197 (244)	total: 22.4s	remaining: 14.3s
305:	learn: 6.4882127	test: 8.9689330	best: 8.9645197 (244)	total: 22.4s	remaining: 14.2s
306:	learn: 6.4821574	test: 8.9695052	best: 8.9645197 (244)	total: 22.5s	remaining: 14.1s
307:	learn: 6.4773570	test: 8.9697306	best: 8.9645197 (244)	total: 22.6s	remaining: 14.1s
308:	learn: 6.4721876	test: 8.9702186	best: 8.9645197 (244)	total: 22.6s	remaining: 14s
309:	learn: 6.4674121	test: 8.9703638	best: 8.9645197 (244)	total: 22.7s	remaining: 13.9s
310:	learn: 6.4645362	test: 8.9701735	best: 8.9645197 (244)	total: 22.7s	remaining: 13.8s
311:	learn: 6.4597638	test: 8.9701808	best: 8.9645197 (244)	total: 22.8s	remaining: 13.7s
312:	learn: 6.4548616	test: 8.9702143	best: 8.9645197 (244)	total: 22.9s	remaining: 13.7s
313:	learn: 6.4499857	test: 8.9704472	best: 8.9645197 (244)	total: 22.9s	remaining: 13.6s
314:	learn: 6.4446160	test: 8.9706666	best: 8.9645197 (244)	total: 23.1s	remaining: 13.5s
315:	learn: 6.4389678	test: 8.9699878	best: 8.9645197 (244)	total: 23.2s	remaining: 13.5s
316:	learn: 6.4337853	test: 8.9701125	best: 8.9645197 (244)	total: 23.3s	remaining: 13.5s
317:	learn: 6.4306988	test: 8.9699131	best: 8.9645197 (244)	total: 23.5s	remaining: 13.4s
318:	learn: 6.4260114	test: 8.9701940	best: 8.9645197 (244)	total: 23.6s	remaining: 13.4s
319:	learn: 6.4206263	test: 8.9703805	best: 8.9645197 (244)	total: 23.7s	remaining: 13.3s
320:	learn: 6.4167367	test: 8.9698826	best: 8.9645197 (244)	total: 23.8s	remaining: 13.3s
321:	learn: 6.4134706	test: 8.9699061	best: 8.9645197 (244)	total: 23.9s	remaining: 13.2s
322:	learn: 6.4067048	test: 8.9692458	best: 8.9645197 (244)	total: 23.9s	remaining: 13.1s
323:	learn: 6.4013759	test: 8.9690140	best: 8.9645197 (244)	total: 24s	remaining: 13s
324:	learn: 6.3959576	test: 8.9690296	best: 8.9645197 (244)	total: 24.1s	remaining: 12.9s
325:	learn: 6.3905337	test: 8.9692196	best: 8.9645197 (244)	total: 24.1s	remaining: 12.9s
326:	learn: 6.3862500	test: 8.9691449	best: 8.9645197 (244)	total: 24.2s	remaining: 12.8s
327:	learn: 6.3813061	test: 8.9690982	best: 8.9645197 (244)	total: 24.2s	remaining: 12.7s
328:	learn: 6.3770551	test: 8.9691702	best: 8.9645197 (244)	total: 24.3s	remaining: 12.6s
329:	learn: 6.3741483	test: 8.9693052	best: 8.9645197 (244)	total: 24.4s	remaining: 12.5s
330:	learn: 6.3701802	test: 8.9694804	best: 8.9645197 (244)	total: 24.4s	remaining: 12.5s
331:	learn: 6.3644023	test: 8.9686071	best: 8.9645197 (244)	total: 24.5s	remaining: 12.4s
332:	learn: 6.3609405	test: 8.9690636	best: 8.9645197 (244)	total: 24.6s	remaining: 12.3s
333:	learn: 6.3554100	test: 8.9688787	best: 8.9645197 (244)	total: 24.6s	remaining: 12.2s
334:	learn: 6.3515063	test: 8.9685993	best: 8.9645197 (244)	total: 24.7s	remaining: 12.2s
335:	learn: 6.3465089	test: 8.9691435	best: 8.9645197 (244)	total: 24.8s	remaining: 12.1s
336:	learn: 6.3400999	test: 8.9691538	best: 8.9645197 (244)	total: 24.8s	remaining: 12s
337:	learn: 6.3372428	test: 8.9691106	best: 8.9645197 (244)	total: 24.9s	remaining: 11.9s
338:	learn: 6.3325968	test: 8.9688290	best: 8.9645197 (244)	total: 25s	remaining: 11.9s
339:	learn: 6.3296392	test: 8.9687683	best: 8.9645197 (244)	total: 25s	remaining: 11.8s
340:	learn: 6.3270078	test: 8.9685262	best: 8.9645197 (244)	total: 25.1s	remaining: 11.7s
341:	learn: 6.3224198	test: 8.9689926	best: 8.9645197 (244)	total: 25.1s	remaining: 11.6s
342:	learn: 6.3189841	test: 8.9693487	best: 8.9645197 (244)	total: 25.2s	remaining: 11.5s
343:	learn: 6.3156128	test: 8.9697549	best: 8.9645197 (244)	total: 25.3s	remaining: 11.5s
344:	learn: 6.3126862	test: 8.9695649	best: 8.9645197 (244)	total: 25.3s	remaining: 11.4s
345:	learn: 6.3077462	test: 8.9697077	best: 8.9645197 (244)	total: 25.4s	remaining: 11.3s
346:	learn: 6.3040925	test: 8.9692763	best: 8.9645197 (244)	total: 25.5s	remaining: 11.2s
347:	learn: 6.2991924	test: 8.9692852	best: 8.9645197 (244)	total: 25.5s	remaining: 11.1s
348:	learn: 6.2958427	test: 8.9699236	best: 8.9645197 (244)	total: 25.6s	remaining: 11.1s
349:	learn: 6.2920553	test: 8.9697328	best: 8.9645197 (244)	total: 25.6s	remaining: 11s
350:	learn: 6.2894637	test: 8.9698464	best: 8.9645197 (244)	total: 25.7s	remaining: 10.9s
351:	learn: 6.2851056	test: 8.9695390	best: 8.9645197 (244)	total: 25.8s	remaining: 10.8s
352:	learn: 6.2799104	test: 8.9690909	best: 8.9645197 (244)	total: 25.8s	remaining: 10.8s
353:	learn: 6.2752368	test: 8.9692720	best: 8.9645197 (244)	total: 25.9s	remaining: 10.7s
354:	learn: 6.2702013	test: 8.9694224	best: 8.9645197 (244)	total: 26s	remaining: 10.6s
355:	learn: 6.2656216	test: 8.9694075	best: 8.9645197 (244)	total: 26s	remaining: 10.5s
356:	learn: 6.2618744	test: 8.9693273	best: 8.9645197 (244)	total: 26.1s	remaining: 10.4s
357:	learn: 6.2579758	test: 8.9695598	best: 8.9645197 (244)	total: 26.1s	remaining: 10.4s
358:	learn: 6.2522873	test: 8.9694113	best: 8.9645197 (244)	total: 26.2s	remaining: 10.3s
359:	learn: 6.2466606	test: 8.9694674	best: 8.9645197 (244)	total: 26.3s	remaining: 10.2s
360:	learn: 6.2441614	test: 8.9693530	best: 8.9645197 (244)	total: 26.3s	remaining: 10.1s
361:	learn: 6.2404902	test: 8.9690550	best: 8.9645197 (244)	total: 26.4s	remaining: 10.1s
362:	learn: 6.2378612	test: 8.9690496	best: 8.9645197 (244)	total: 26.4s	remaining: 9.98s
363:	learn: 6.2315066	test: 8.9692693	best: 8.9645197 (244)	total: 26.5s	remaining: 9.9s
364:	learn: 6.2284996	test: 8.9690075	best: 8.9645197 (244)	total: 26.6s	remaining: 9.83s
365:	learn: 6.2249089	test: 8.9693219	best: 8.9645197 (244)	total: 26.6s	remaining: 9.75s
366:	learn: 6.2205097	test: 8.9699652	best: 8.9645197 (244)	total: 26.7s	remaining: 9.67s
367:	learn: 6.2167683	test: 8.9698610	best: 8.9645197 (244)	total: 26.8s	remaining: 9.6s
368:	learn: 6.2115900	test: 8.9697957	best: 8.9645197 (244)	total: 26.8s	remaining: 9.52s
369:	learn: 6.2059337	test: 8.9698907	best: 8.9645197 (244)	total: 26.9s	remaining: 9.45s
370:	learn: 6.2003314	test: 8.9698812	best: 8.9645197 (244)	total: 26.9s	remaining: 9.37s
371:	learn: 6.1971697	test: 8.9698912	best: 8.9645197 (244)	total: 27s	remaining: 9.3s
372:	learn: 6.1937526	test: 8.9696170	best: 8.9645197 (244)	total: 27.1s	remaining: 9.22s
373:	learn: 6.1911432	test: 8.9697935	best: 8.9645197 (244)	total: 27.1s	remaining: 9.14s
374:	learn: 6.1877559	test: 8.9698237	best: 8.9645197 (244)	total: 27.2s	remaining: 9.07s
375:	learn: 6.1848686	test: 8.9699147	best: 8.9645197 (244)	total: 27.3s	remaining: 8.99s
376:	learn: 6.1787020	test: 8.9693333	best: 8.9645197 (244)	total: 27.3s	remaining: 8.92s
377:	learn: 6.1735483	test: 8.9691735	best: 8.9645197 (244)	total: 27.4s	remaining: 8.84s
378:	learn: 6.1709380	test: 8.9694002	best: 8.9645197 (244)	total: 27.5s	remaining: 8.77s
379:	learn: 6.1680162	test: 8.9695951	best: 8.9645197 (244)	total: 27.5s	remaining: 8.69s
380:	learn: 6.1623210	test: 8.9700391	best: 8.9645197 (244)	total: 27.6s	remaining: 8.62s
381:	learn: 6.1602437	test: 8.9699147	best: 8.9645197 (244)	total: 27.7s	remaining: 8.55s
382:	learn: 6.1565809	test: 8.9697071	best: 8.9645197 (244)	total: 27.7s	remaining: 8.47s
383:	learn: 6.1512113	test: 8.9697492	best: 8.9645197 (244)	total: 27.8s	remaining: 8.4s
384:	learn: 6.1467208	test: 8.9697517	best: 8.9645197 (244)	total: 27.9s	remaining: 8.32s
385:	learn: 6.1433992	test: 8.9697522	best: 8.9645197 (244)	total: 27.9s	remaining: 8.25s
386:	learn: 6.1407203	test: 8.9700003	best: 8.9645197 (244)	total: 28s	remaining: 8.17s
387:	learn: 6.1355635	test: 8.9695581	best: 8.9645197 (244)	total: 28.1s	remaining: 8.1s
388:	learn: 6.1320108	test: 8.9697422	best: 8.9645197 (244)	total: 28.1s	remaining: 8.02s
389:	learn: 6.1293671	test: 8.9695498	best: 8.9645197 (244)	total: 28.2s	remaining: 7.95s
390:	learn: 6.1266538	test: 8.9697695	best: 8.9645197 (244)	total: 28.2s	remaining: 7.87s
391:	learn: 6.1230963	test: 8.9703398	best: 8.9645197 (244)	total: 28.3s	remaining: 7.8s
392:	learn: 6.1182515	test: 8.9708893	best: 8.9645197 (244)	total: 28.4s	remaining: 7.72s
393:	learn: 6.1155485	test: 8.9711759	best: 8.9645197 (244)	total: 28.4s	remaining: 7.65s
394:	learn: 6.1129395	test: 8.9711538	best: 8.9645197 (244)	total: 28.5s	remaining: 7.57s
395:	learn: 6.1092816	test: 8.9709622	best: 8.9645197 (244)	total: 28.6s	remaining: 7.5s
396:	learn: 6.1053230	test: 8.9712617	best: 8.9645197 (244)	total: 28.6s	remaining: 7.43s
397:	learn: 6.1019619	test: 8.9712342	best: 8.9645197 (244)	total: 28.7s	remaining: 7.35s
398:	learn: 6.0976990	test: 8.9713791	best: 8.9645197 (244)	total: 28.7s	remaining: 7.28s
399:	learn: 6.0947873	test: 8.9715005	best: 8.9645197 (244)	total: 28.8s	remaining: 7.2s
400:	learn: 6.0925408	test: 8.9715518	best: 8.9645197 (244)	total: 28.9s	remaining: 7.13s
401:	learn: 6.0897687	test: 8.9714234	best: 8.9645197 (244)	total: 28.9s	remaining: 7.05s
402:	learn: 6.0871533	test: 8.9712979	best: 8.9645197 (244)	total: 29s	remaining: 6.98s
403:	learn: 6.0845064	test: 8.9708045	best: 8.9645197 (244)	total: 29.1s	remaining: 6.91s
404:	learn: 6.0793250	test: 8.9711114	best: 8.9645197 (244)	total: 29.1s	remaining: 6.83s
405:	learn: 6.0767147	test: 8.9711225	best: 8.9645197 (244)	total: 29.2s	remaining: 6.76s
406:	learn: 6.0735221	test: 8.9713327	best: 8.9645197 (244)	total: 29.3s	remaining: 6.69s
407:	learn: 6.0699686	test: 8.9714293	best: 8.9645197 (244)	total: 29.3s	remaining: 6.61s
408:	learn: 6.0653355	test: 8.9713624	best: 8.9645197 (244)	total: 29.4s	remaining: 6.54s
409:	learn: 6.0625844	test: 8.9714485	best: 8.9645197 (244)	total: 29.5s	remaining: 6.46s
410:	learn: 6.0576427	test: 8.9713154	best: 8.9645197 (244)	total: 29.5s	remaining: 6.39s
411:	learn: 6.0545768	test: 8.9710016	best: 8.9645197 (244)	total: 29.6s	remaining: 6.32s
412:	learn: 6.0515442	test: 8.9708010	best: 8.9645197 (244)	total: 29.6s	remaining: 6.24s
413:	learn: 6.0475692	test: 8.9709875	best: 8.9645197 (244)	total: 29.7s	remaining: 6.17s
414:	learn: 6.0438160	test: 8.9707797	best: 8.9645197 (244)	total: 29.8s	remaining: 6.1s
415:	learn: 6.0416933	test: 8.9706901	best: 8.9645197 (244)	total: 29.8s	remaining: 6.02s
416:	learn: 6.0367088	test: 8.9706569	best: 8.9645197 (244)	total: 29.9s	remaining: 5.95s
417:	learn: 6.0319762	test: 8.9710736	best: 8.9645197 (244)	total: 30s	remaining: 5.88s
418:	learn: 6.0288389	test: 8.9707341	best: 8.9645197 (244)	total: 30s	remaining: 5.81s
419:	learn: 6.0231316	test: 8.9706394	best: 8.9645197 (244)	total: 30.1s	remaining: 5.74s
420:	learn: 6.0171290	test: 8.9709492	best: 8.9645197 (244)	total: 30.2s	remaining: 5.66s
421:	learn: 6.0124098	test: 8.9714517	best: 8.9645197 (244)	total: 30.2s	remaining: 5.59s
422:	learn: 6.0098114	test: 8.9714317	best: 8.9645197 (244)	total: 30.3s	remaining: 5.52s
423:	learn: 6.0058402	test: 8.9713707	best: 8.9645197 (244)	total: 30.4s	remaining: 5.44s
424:	learn: 6.0025127	test: 8.9716058	best: 8.9645197 (244)	total: 30.4s	remaining: 5.37s
425:	learn: 5.9999786	test: 8.9715529	best: 8.9645197 (244)	total: 30.5s	remaining: 5.3s
426:	learn: 5.9951941	test: 8.9714261	best: 8.9645197 (244)	total: 30.6s	remaining: 5.22s
427:	learn: 5.9905385	test: 8.9710841	best: 8.9645197 (244)	total: 30.6s	remaining: 5.15s
428:	learn: 5.9874306	test: 8.9708661	best: 8.9645197 (244)	total: 30.7s	remaining: 5.08s
429:	learn: 5.9830881	test: 8.9708580	best: 8.9645197 (244)	total: 30.8s	remaining: 5.01s
430:	learn: 5.9783402	test: 8.9705036	best: 8.9645197 (244)	total: 30.8s	remaining: 4.93s
431:	learn: 5.9759159	test: 8.9702410	best: 8.9645197 (244)	total: 30.9s	remaining: 4.86s
432:	learn: 5.9713153	test: 8.9709994	best: 8.9645197 (244)	total: 31s	remaining: 4.79s
433:	learn: 5.9688245	test: 8.9710145	best: 8.9645197 (244)	total: 31s	remaining: 4.72s
434:	learn: 5.9649861	test: 8.9712463	best: 8.9645197 (244)	total: 31.1s	remaining: 4.64s
435:	learn: 5.9622155	test: 8.9711535	best: 8.9645197 (244)	total: 31.1s	remaining: 4.57s
436:	learn: 5.9584331	test: 8.9716152	best: 8.9645197 (244)	total: 31.2s	remaining: 4.5s
437:	learn: 5.9533247	test: 8.9724917	best: 8.9645197 (244)	total: 31.3s	remaining: 4.43s
438:	learn: 5.9486582	test: 8.9725403	best: 8.9645197 (244)	total: 31.3s	remaining: 4.35s
439:	learn: 5.9445288	test: 8.9720934	best: 8.9645197 (244)	total: 31.4s	remaining: 4.28s
440:	learn: 5.9424674	test: 8.9723649	best: 8.9645197 (244)	total: 31.5s	remaining: 4.21s
441:	learn: 5.9393320	test: 8.9724075	best: 8.9645197 (244)	total: 31.5s	remaining: 4.14s
442:	learn: 5.9360183	test: 8.9727162	best: 8.9645197 (244)	total: 31.6s	remaining: 4.06s
443:	learn: 5.9334397	test: 8.9727016	best: 8.9645197 (244)	total: 31.7s	remaining: 3.99s
444:	learn: 5.9302486	test: 8.9727175	best: 8.9645197 (244)	total: 31.7s	remaining: 3.92s
445:	learn: 5.9248539	test: 8.9723244	best: 8.9645197 (244)	total: 31.8s	remaining: 3.85s
446:	learn: 5.9192721	test: 8.9721611	best: 8.9645197 (244)	total: 31.9s	remaining: 3.78s
447:	learn: 5.9169006	test: 8.9720022	best: 8.9645197 (244)	total: 31.9s	remaining: 3.71s
448:	learn: 5.9131867	test: 8.9718246	best: 8.9645197 (244)	total: 32s	remaining: 3.63s
449:	learn: 5.9110466	test: 8.9718600	best: 8.9645197 (244)	total: 32.1s	remaining: 3.56s
450:	learn: 5.9081884	test: 8.9718921	best: 8.9645197 (244)	total: 32.1s	remaining: 3.49s
451:	learn: 5.9052043	test: 8.9716630	best: 8.9645197 (244)	total: 32.2s	remaining: 3.42s
452:	learn: 5.9028280	test: 8.9718519	best: 8.9645197 (244)	total: 32.2s	remaining: 3.34s
453:	learn: 5.8990066	test: 8.9717248	best: 8.9645197 (244)	total: 32.3s	remaining: 3.27s
454:	learn: 5.8941264	test: 8.9714584	best: 8.9645197 (244)	total: 32.4s	remaining: 3.2s
455:	learn: 5.8899310	test: 8.9713243	best: 8.9645197 (244)	total: 32.4s	remaining: 3.13s
456:	learn: 5.8872239	test: 8.9714029	best: 8.9645197 (244)	total: 32.5s	remaining: 3.06s
457:	learn: 5.8850138	test: 8.9716724	best: 8.9645197 (244)	total: 32.6s	remaining: 2.98s
458:	learn: 5.8794957	test: 8.9719771	best: 8.9645197 (244)	total: 32.6s	remaining: 2.91s
459:	learn: 5.8746355	test: 8.9720063	best: 8.9645197 (244)	total: 32.7s	remaining: 2.84s
460:	learn: 5.8716169	test: 8.9721528	best: 8.9645197 (244)	total: 32.8s	remaining: 2.77s
461:	learn: 5.8672414	test: 8.9723546	best: 8.9645197 (244)	total: 32.8s	remaining: 2.7s
462:	learn: 5.8654771	test: 8.9723352	best: 8.9645197 (244)	total: 32.9s	remaining: 2.63s
463:	learn: 5.8607944	test: 8.9725805	best: 8.9645197 (244)	total: 33s	remaining: 2.56s
464:	learn: 5.8579542	test: 8.9722383	best: 8.9645197 (244)	total: 33s	remaining: 2.49s
465:	learn: 5.8556144	test: 8.9726835	best: 8.9645197 (244)	total: 33.1s	remaining: 2.41s
466:	learn: 5.8520051	test: 8.9726312	best: 8.9645197 (244)	total: 33.2s	remaining: 2.34s
467:	learn: 5.8479368	test: 8.9730292	best: 8.9645197 (244)	total: 33.2s	remaining: 2.27s
468:	learn: 5.8455892	test: 8.9732440	best: 8.9645197 (244)	total: 33.3s	remaining: 2.2s
469:	learn: 5.8417579	test: 8.9732658	best: 8.9645197 (244)	total: 33.4s	remaining: 2.13s
470:	learn: 5.8393897	test: 8.9730206	best: 8.9645197 (244)	total: 33.4s	remaining: 2.06s
471:	learn: 5.8367800	test: 8.9727710	best: 8.9645197 (244)	total: 33.5s	remaining: 1.99s
472:	learn: 5.8328864	test: 8.9725556	best: 8.9645197 (244)	total: 33.6s	remaining: 1.92s
473:	learn: 5.8292548	test: 8.9727202	best: 8.9645197 (244)	total: 33.6s	remaining: 1.84s
474:	learn: 5.8249347	test: 8.9718325	best: 8.9645197 (244)	total: 33.7s	remaining: 1.77s
475:	learn: 5.8206654	test: 8.9717272	best: 8.9645197 (244)	total: 33.8s	remaining: 1.7s
476:	learn: 5.8159518	test: 8.9716182	best: 8.9645197 (244)	total: 33.8s	remaining: 1.63s
477:	learn: 5.8119654	test: 8.9721034	best: 8.9645197 (244)	total: 33.9s	remaining: 1.56s
478:	learn: 5.8082619	test: 8.9720017	best: 8.9645197 (244)	total: 34s	remaining: 1.49s
479:	learn: 5.8058721	test: 8.9720559	best: 8.9645197 (244)	total: 34s	remaining: 1.42s
480:	learn: 5.8021874	test: 8.9719585	best: 8.9645197 (244)	total: 34.1s	remaining: 1.35s
481:	learn: 5.7973775	test: 8.9722850	best: 8.9645197 (244)	total: 34.2s	remaining: 1.28s
482:	learn: 5.7942301	test: 8.9722963	best: 8.9645197 (244)	total: 34.3s	remaining: 1.21s
483:	learn: 5.7906445	test: 8.9724221	best: 8.9645197 (244)	total: 34.3s	remaining: 1.13s
484:	learn: 5.7880784	test: 8.9724237	best: 8.9645197 (244)	total: 34.4s	remaining: 1.06s
485:	learn: 5.7838006	test: 8.9721374	best: 8.9645197 (244)	total: 34.4s	remaining: 992ms
486:	learn: 5.7792502	test: 8.9724612	best: 8.9645197 (244)	total: 34.5s	remaining: 921ms
487:	learn: 5.7756480	test: 8.9722866	best: 8.9645197 (244)	total: 34.6s	remaining: 850ms
488:	learn: 5.7722777	test: 8.9725090	best: 8.9645197 (244)	total: 34.6s	remaining: 779ms
489:	learn: 5.7703175	test: 8.9724617	best: 8.9645197 (244)	total: 34.7s	remaining: 708ms
490:	learn: 5.7685287	test: 8.9726056	best: 8.9645197 (244)	total: 34.8s	remaining: 637ms
491:	learn: 5.7662987	test: 8.9728527	best: 8.9645197 (244)	total: 34.9s	remaining: 567ms
492:	learn: 5.7617428	test: 8.9723552	best: 8.9645197 (244)	total: 34.9s	remaining: 496ms
493:	learn: 5.7572736	test: 8.9718371	best: 8.9645197 (244)	total: 35s	remaining: 425ms
494:	learn: 5.7535843	test: 8.9713912	best: 8.9645197 (244)	total: 35.1s	remaining: 354ms
495:	learn: 5.7487187	test: 8.9718627	best: 8.9645197 (244)	total: 35.1s	remaining: 283ms
496:	learn: 5.7453729	test: 8.9719102	best: 8.9645197 (244)	total: 35.2s	remaining: 212ms
497:	learn: 5.7424144	test: 8.9718738	best: 8.9645197 (244)	total: 35.2s	remaining: 142ms
498:	learn: 5.7388177	test: 8.9724585	best: 8.9645197 (244)	total: 35.3s	remaining: 70.8ms
499:	learn: 5.7371977	test: 8.9724952	best: 8.9645197 (244)	total: 35.4s	remaining: 0us
bestTest = 8.964519719
bestIteration = 244
Shrink model to first 245 iterations.
Skipping test eval output
0.6225205047 min passed
