[22:27:37] INFO: /home/shiyu/NeurIPS-2022-camera-ready/Quantized-GBDT/xgboost/src/cli_main.cc:226: Loading data: 104.043 sec
[22:27:37] INFO: /home/shiyu/NeurIPS-2022-camera-ready/Quantized-GBDT/xgboost/src/cli_main.cc:235: boosting round 0, 2.38419e-07 sec elapsed
[22:27:48] [0]	test-auc:0.75811375262708947
[22:27:48] INFO: /home/shiyu/NeurIPS-2022-camera-ready/Quantized-GBDT/xgboost/src/cli_main.cc:235: boosting round 1, 10.5157 sec elapsed
[22:27:49] [1]	test-auc:0.76338349592462806
[22:27:49] INFO: /home/shiyu/NeurIPS-2022-camera-ready/Quantized-GBDT/xgboost/src/cli_main.cc:235: boosting round 2, 11.8179 sec elapsed
[22:27:50] [2]	test-auc:0.76514542961496212
[22:27:50] INFO: /home/shiyu/NeurIPS-2022-camera-ready/Quantized-GBDT/xgboost/src/cli_main.cc:235: boosting round 3, 12.8352 sec elapsed
[22:27:51] [3]	test-auc:0.76662023480917840
[22:27:51] INFO: /home/shiyu/NeurIPS-2022-camera-ready/Quantized-GBDT/xgboost/src/cli_main.cc:235: boosting round 4, 13.8603 sec elapsed
[22:27:52] [4]	test-auc:0.76783544926025527
[22:27:52] INFO: /home/shiyu/NeurIPS-2022-camera-ready/Quantized-GBDT/xgboost/src/cli_main.cc:235: boosting round 5, 14.9018 sec elapsed
[22:27:53] [5]	test-auc:0.76914225689076909
[22:27:53] INFO: /home/shiyu/NeurIPS-2022-camera-ready/Quantized-GBDT/xgboost/src/cli_main.cc:235: boosting round 6, 15.9068 sec elapsed
[22:27:54] [6]	test-auc:0.76991733987751965
[22:27:54] INFO: /home/shiyu/NeurIPS-2022-camera-ready/Quantized-GBDT/xgboost/src/cli_main.cc:235: boosting round 7, 16.9299 sec elapsed
[22:27:55] [7]	test-auc:0.77082892201782582
[22:27:55] INFO: /home/shiyu/NeurIPS-2022-camera-ready/Quantized-GBDT/xgboost/src/cli_main.cc:235: boosting round 8, 17.9367 sec elapsed
[22:27:56] [8]	test-auc:0.77150898752476071
[22:27:56] INFO: /home/shiyu/NeurIPS-2022-camera-ready/Quantized-GBDT/xgboost/src/cli_main.cc:235: boosting round 9, 18.949 sec elapsed
[22:27:57] [9]	test-auc:0.77214789974303388
[22:27:57] INFO: /home/shiyu/NeurIPS-2022-camera-ready/Quantized-GBDT/xgboost/src/cli_main.cc:235: boosting round 10, 19.9713 sec elapsed
[22:27:58] [10]	test-auc:0.77278467354765212
[22:27:58] INFO: /home/shiyu/NeurIPS-2022-camera-ready/Quantized-GBDT/xgboost/src/cli_main.cc:235: boosting round 11, 21.0139 sec elapsed
[22:27:59] [11]	test-auc:0.77340190251569141
[22:27:59] INFO: /home/shiyu/NeurIPS-2022-camera-ready/Quantized-GBDT/xgboost/src/cli_main.cc:235: boosting round 12, 22.0284 sec elapsed
[22:28:00] [12]	test-auc:0.77399655231189790
[22:28:00] INFO: /home/shiyu/NeurIPS-2022-camera-ready/Quantized-GBDT/xgboost/src/cli_main.cc:235: boosting round 13, 23.0103 sec elapsed
[22:28:01] [13]	test-auc:0.77462067132527412
[22:28:01] INFO: /home/shiyu/NeurIPS-2022-camera-ready/Quantized-GBDT/xgboost/src/cli_main.cc:235: boosting round 14, 24.0348 sec elapsed
[22:28:03] [14]	test-auc:0.77525299541412362
[22:28:03] INFO: /home/shiyu/NeurIPS-2022-camera-ready/Quantized-GBDT/xgboost/src/cli_main.cc:235: boosting round 15, 25.045 sec elapsed
[22:28:04] [15]	test-auc:0.77586922103275291
[22:28:04] INFO: /home/shiyu/NeurIPS-2022-camera-ready/Quantized-GBDT/xgboost/src/cli_main.cc:235: boosting round 16, 26.0777 sec elapsed
[22:28:05] [16]	test-auc:0.77640021897079192
[22:28:05] INFO: /home/shiyu/NeurIPS-2022-camera-ready/Quantized-GBDT/xgboost/src/cli_main.cc:235: boosting round 17, 27.076 sec elapsed
[22:28:06] [17]	test-auc:0.77684616712783172
[22:28:06] INFO: /home/shiyu/NeurIPS-2022-camera-ready/Quantized-GBDT/xgboost/src/cli_main.cc:235: boosting round 18, 28.071 sec elapsed
[22:28:07] [18]	test-auc:0.77738057848639230
[22:28:07] INFO: /home/shiyu/NeurIPS-2022-camera-ready/Quantized-GBDT/xgboost/src/cli_main.cc:235: boosting round 19, 29.0848 sec elapsed
[22:28:08] [19]	test-auc:0.77792303874524016
[22:28:08] INFO: /home/shiyu/NeurIPS-2022-camera-ready/Quantized-GBDT/xgboost/src/cli_main.cc:235: boosting round 20, 30.0859 sec elapsed
[22:28:09] [20]	test-auc:0.77848420720806988
[22:28:09] INFO: /home/shiyu/NeurIPS-2022-camera-ready/Quantized-GBDT/xgboost/src/cli_main.cc:235: boosting round 21, 31.1127 sec elapsed
[22:28:10] [21]	test-auc:0.77896706639295299
[22:28:10] INFO: /home/shiyu/NeurIPS-2022-camera-ready/Quantized-GBDT/xgboost/src/cli_main.cc:235: boosting round 22, 32.0866 sec elapsed
[22:28:11] [22]	test-auc:0.77948002907534208
[22:28:11] INFO: /home/shiyu/NeurIPS-2022-camera-ready/Quantized-GBDT/xgboost/src/cli_main.cc:235: boosting round 23, 33.0725 sec elapsed
[22:28:12] [23]	test-auc:0.77999093400574859
[22:28:12] INFO: /home/shiyu/NeurIPS-2022-camera-ready/Quantized-GBDT/xgboost/src/cli_main.cc:235: boosting round 24, 34.0402 sec elapsed
[22:28:12] [24]	test-auc:0.78044394056578781
[22:28:12] INFO: /home/shiyu/NeurIPS-2022-camera-ready/Quantized-GBDT/xgboost/src/cli_main.cc:235: boosting round 25, 35.025 sec elapsed
[22:28:13] [25]	test-auc:0.78089447924661581
[22:28:13] INFO: /home/shiyu/NeurIPS-2022-camera-ready/Quantized-GBDT/xgboost/src/cli_main.cc:235: boosting round 26, 35.9777 sec elapsed
[22:28:14] [26]	test-auc:0.78132386809015941
[22:28:14] INFO: /home/shiyu/NeurIPS-2022-camera-ready/Quantized-GBDT/xgboost/src/cli_main.cc:235: boosting round 27, 36.9796 sec elapsed
[22:28:15] [27]	test-auc:0.78175760987181864
[22:28:15] INFO: /home/shiyu/NeurIPS-2022-camera-ready/Quantized-GBDT/xgboost/src/cli_main.cc:235: boosting round 28, 37.9211 sec elapsed
[22:28:16] [28]	test-auc:0.78219249955696035
[22:28:16] INFO: /home/shiyu/NeurIPS-2022-camera-ready/Quantized-GBDT/xgboost/src/cli_main.cc:235: boosting round 29, 38.8797 sec elapsed
[22:28:17] [29]	test-auc:0.78259212681108359
[22:28:17] INFO: /home/shiyu/NeurIPS-2022-camera-ready/Quantized-GBDT/xgboost/src/cli_main.cc:235: boosting round 30, 39.8284 sec elapsed
[22:28:18] [30]	test-auc:0.78294036508059051
[22:28:18] INFO: /home/shiyu/NeurIPS-2022-camera-ready/Quantized-GBDT/xgboost/src/cli_main.cc:235: boosting round 31, 40.7799 sec elapsed
[22:28:19] [31]	test-auc:0.78331014115372810
[22:28:19] INFO: /home/shiyu/NeurIPS-2022-camera-ready/Quantized-GBDT/xgboost/src/cli_main.cc:235: boosting round 32, 41.7242 sec elapsed
[22:28:20] [32]	test-auc:0.78362703106916010
[22:28:20] INFO: /home/shiyu/NeurIPS-2022-camera-ready/Quantized-GBDT/xgboost/src/cli_main.cc:235: boosting round 33, 42.6689 sec elapsed
[22:28:21] [33]	test-auc:0.78405879080996110
[22:28:21] INFO: /home/shiyu/NeurIPS-2022-camera-ready/Quantized-GBDT/xgboost/src/cli_main.cc:235: boosting round 34, 43.5762 sec elapsed
[22:28:22] [34]	test-auc:0.78438511488761398
[22:28:22] INFO: /home/shiyu/NeurIPS-2022-camera-ready/Quantized-GBDT/xgboost/src/cli_main.cc:235: boosting round 35, 44.4999 sec elapsed
[22:28:23] [35]	test-auc:0.78465439004393756
[22:28:23] INFO: /home/shiyu/NeurIPS-2022-camera-ready/Quantized-GBDT/xgboost/src/cli_main.cc:235: boosting round 36, 45.4485 sec elapsed
[22:28:24] [36]	test-auc:0.78500028319737014
[22:28:24] INFO: /home/shiyu/NeurIPS-2022-camera-ready/Quantized-GBDT/xgboost/src/cli_main.cc:235: boosting round 37, 46.3899 sec elapsed
[22:28:25] [37]	test-auc:0.78522799695714840
[22:28:25] INFO: /home/shiyu/NeurIPS-2022-camera-ready/Quantized-GBDT/xgboost/src/cli_main.cc:235: boosting round 38, 47.3397 sec elapsed
[22:28:26] [38]	test-auc:0.78548370068335904
[22:28:26] INFO: /home/shiyu/NeurIPS-2022-camera-ready/Quantized-GBDT/xgboost/src/cli_main.cc:235: boosting round 39, 48.2764 sec elapsed
[22:28:27] [39]	test-auc:0.78583544681688144
[22:28:27] INFO: /home/shiyu/NeurIPS-2022-camera-ready/Quantized-GBDT/xgboost/src/cli_main.cc:235: boosting round 40, 49.1873 sec elapsed
[22:28:28] [40]	test-auc:0.78612175494914394
[22:28:28] INFO: /home/shiyu/NeurIPS-2022-camera-ready/Quantized-GBDT/xgboost/src/cli_main.cc:235: boosting round 41, 50.1348 sec elapsed
[22:28:29] [41]	test-auc:0.78633710327596651
[22:28:29] INFO: /home/shiyu/NeurIPS-2022-camera-ready/Quantized-GBDT/xgboost/src/cli_main.cc:235: boosting round 42, 51.0927 sec elapsed
[22:28:29] [42]	test-auc:0.78663788289068404
[22:28:29] INFO: /home/shiyu/NeurIPS-2022-camera-ready/Quantized-GBDT/xgboost/src/cli_main.cc:235: boosting round 43, 52.0299 sec elapsed
[22:28:30] [43]	test-auc:0.78685261566235420
[22:28:30] INFO: /home/shiyu/NeurIPS-2022-camera-ready/Quantized-GBDT/xgboost/src/cli_main.cc:235: boosting round 44, 52.9817 sec elapsed
[22:28:31] [44]	test-auc:0.78705379222674143
[22:28:31] INFO: /home/shiyu/NeurIPS-2022-camera-ready/Quantized-GBDT/xgboost/src/cli_main.cc:235: boosting round 45, 53.9329 sec elapsed
[22:28:32] [45]	test-auc:0.78735173562910310
[22:28:32] INFO: /home/shiyu/NeurIPS-2022-camera-ready/Quantized-GBDT/xgboost/src/cli_main.cc:235: boosting round 46, 54.9084 sec elapsed
[22:28:33] [46]	test-auc:0.78752445378549973
[22:28:33] INFO: /home/shiyu/NeurIPS-2022-camera-ready/Quantized-GBDT/xgboost/src/cli_main.cc:235: boosting round 47, 55.8617 sec elapsed
[22:28:34] [47]	test-auc:0.78777057329961231
[22:28:34] INFO: /home/shiyu/NeurIPS-2022-camera-ready/Quantized-GBDT/xgboost/src/cli_main.cc:235: boosting round 48, 56.7892 sec elapsed
[22:28:35] [48]	test-auc:0.78795231275393973
[22:28:35] INFO: /home/shiyu/NeurIPS-2022-camera-ready/Quantized-GBDT/xgboost/src/cli_main.cc:235: boosting round 49, 57.7255 sec elapsed
[22:28:36] [49]	test-auc:0.78813767081487196
[22:28:36] INFO: /home/shiyu/NeurIPS-2022-camera-ready/Quantized-GBDT/xgboost/src/cli_main.cc:235: boosting round 50, 58.6297 sec elapsed
[22:28:37] [50]	test-auc:0.78837001020324882
[22:28:37] INFO: /home/shiyu/NeurIPS-2022-camera-ready/Quantized-GBDT/xgboost/src/cli_main.cc:235: boosting round 51, 59.5654 sec elapsed
[22:28:38] [51]	test-auc:0.78852840139496194
[22:28:38] INFO: /home/shiyu/NeurIPS-2022-camera-ready/Quantized-GBDT/xgboost/src/cli_main.cc:235: boosting round 52, 60.5391 sec elapsed
[22:28:39] [52]	test-auc:0.78875266741972694
[22:28:39] INFO: /home/shiyu/NeurIPS-2022-camera-ready/Quantized-GBDT/xgboost/src/cli_main.cc:235: boosting round 53, 61.5353 sec elapsed
[22:28:40] [53]	test-auc:0.78896047974289540
[22:28:40] INFO: /home/shiyu/NeurIPS-2022-camera-ready/Quantized-GBDT/xgboost/src/cli_main.cc:235: boosting round 54, 62.4818 sec elapsed
[22:28:41] [54]	test-auc:0.78916811377360596
[22:28:41] INFO: /home/shiyu/NeurIPS-2022-camera-ready/Quantized-GBDT/xgboost/src/cli_main.cc:235: boosting round 55, 63.4181 sec elapsed
[22:28:42] [55]	test-auc:0.78931999562825828
[22:28:42] INFO: /home/shiyu/NeurIPS-2022-camera-ready/Quantized-GBDT/xgboost/src/cli_main.cc:235: boosting round 56, 64.4083 sec elapsed
[22:28:43] [56]	test-auc:0.78948985337472655
[22:28:43] INFO: /home/shiyu/NeurIPS-2022-camera-ready/Quantized-GBDT/xgboost/src/cli_main.cc:235: boosting round 57, 65.3608 sec elapsed
[22:28:44] [57]	test-auc:0.78967781992973918
[22:28:44] INFO: /home/shiyu/NeurIPS-2022-camera-ready/Quantized-GBDT/xgboost/src/cli_main.cc:235: boosting round 58, 66.3244 sec elapsed
[22:28:45] [58]	test-auc:0.78984946091188446
[22:28:45] INFO: /home/shiyu/NeurIPS-2022-camera-ready/Quantized-GBDT/xgboost/src/cli_main.cc:235: boosting round 59, 67.2681 sec elapsed
[22:28:46] [59]	test-auc:0.78999318380024419
[22:28:46] INFO: /home/shiyu/NeurIPS-2022-camera-ready/Quantized-GBDT/xgboost/src/cli_main.cc:235: boosting round 60, 68.2011 sec elapsed
[22:28:47] [60]	test-auc:0.79018553073287401
[22:28:47] INFO: /home/shiyu/NeurIPS-2022-camera-ready/Quantized-GBDT/xgboost/src/cli_main.cc:235: boosting round 61, 69.1582 sec elapsed
[22:28:48] [61]	test-auc:0.79036986928307051
[22:28:48] INFO: /home/shiyu/NeurIPS-2022-camera-ready/Quantized-GBDT/xgboost/src/cli_main.cc:235: boosting round 62, 70.1056 sec elapsed
[22:28:48] [62]	test-auc:0.79053664454977679
[22:28:48] INFO: /home/shiyu/NeurIPS-2022-camera-ready/Quantized-GBDT/xgboost/src/cli_main.cc:235: boosting round 63, 71.0345 sec elapsed
[22:28:49] [63]	test-auc:0.79067873528647814
[22:28:49] INFO: /home/shiyu/NeurIPS-2022-camera-ready/Quantized-GBDT/xgboost/src/cli_main.cc:235: boosting round 64, 71.9879 sec elapsed
[22:28:50] [64]	test-auc:0.79079636687295463
[22:28:50] INFO: /home/shiyu/NeurIPS-2022-camera-ready/Quantized-GBDT/xgboost/src/cli_main.cc:235: boosting round 65, 72.9092 sec elapsed
[22:28:51] [65]	test-auc:0.79092821132437519
[22:28:51] INFO: /home/shiyu/NeurIPS-2022-camera-ready/Quantized-GBDT/xgboost/src/cli_main.cc:235: boosting round 66, 73.8314 sec elapsed
[22:28:52] [66]	test-auc:0.79104218034685359
[22:28:52] INFO: /home/shiyu/NeurIPS-2022-camera-ready/Quantized-GBDT/xgboost/src/cli_main.cc:235: boosting round 67, 74.8086 sec elapsed
[22:28:53] [67]	test-auc:0.79118091879408847
[22:28:53] INFO: /home/shiyu/NeurIPS-2022-camera-ready/Quantized-GBDT/xgboost/src/cli_main.cc:235: boosting round 68, 75.737 sec elapsed
[22:28:54] [68]	test-auc:0.79130182611642930
[22:28:54] INFO: /home/shiyu/NeurIPS-2022-camera-ready/Quantized-GBDT/xgboost/src/cli_main.cc:235: boosting round 69, 76.7305 sec elapsed
[22:28:55] [69]	test-auc:0.79141240077647257
[22:28:55] INFO: /home/shiyu/NeurIPS-2022-camera-ready/Quantized-GBDT/xgboost/src/cli_main.cc:235: boosting round 70, 77.673 sec elapsed
[22:28:56] [70]	test-auc:0.79156586827243458
[22:28:56] INFO: /home/shiyu/NeurIPS-2022-camera-ready/Quantized-GBDT/xgboost/src/cli_main.cc:235: boosting round 71, 78.6071 sec elapsed
[22:28:57] [71]	test-auc:0.79167857493450522
[22:28:57] INFO: /home/shiyu/NeurIPS-2022-camera-ready/Quantized-GBDT/xgboost/src/cli_main.cc:235: boosting round 72, 79.4887 sec elapsed
[22:28:58] [72]	test-auc:0.79178715267144395
[22:28:58] INFO: /home/shiyu/NeurIPS-2022-camera-ready/Quantized-GBDT/xgboost/src/cli_main.cc:235: boosting round 73, 80.4809 sec elapsed
[22:28:59] [73]	test-auc:0.79189340399073094
[22:28:59] INFO: /home/shiyu/NeurIPS-2022-camera-ready/Quantized-GBDT/xgboost/src/cli_main.cc:235: boosting round 74, 81.4217 sec elapsed
[22:29:00] [74]	test-auc:0.79203253988032851
[22:29:00] INFO: /home/shiyu/NeurIPS-2022-camera-ready/Quantized-GBDT/xgboost/src/cli_main.cc:235: boosting round 75, 82.3319 sec elapsed
[22:29:01] [75]	test-auc:0.79212923376468269
[22:29:01] INFO: /home/shiyu/NeurIPS-2022-camera-ready/Quantized-GBDT/xgboost/src/cli_main.cc:235: boosting round 76, 83.2212 sec elapsed
[22:29:02] [76]	test-auc:0.79224151984772062
[22:29:02] INFO: /home/shiyu/NeurIPS-2022-camera-ready/Quantized-GBDT/xgboost/src/cli_main.cc:235: boosting round 77, 84.1807 sec elapsed
[22:29:03] [77]	test-auc:0.79233934092869229
[22:29:03] INFO: /home/shiyu/NeurIPS-2022-camera-ready/Quantized-GBDT/xgboost/src/cli_main.cc:235: boosting round 78, 85.0801 sec elapsed
[22:29:03] [78]	test-auc:0.79242944380049030
[22:29:03] INFO: /home/shiyu/NeurIPS-2022-camera-ready/Quantized-GBDT/xgboost/src/cli_main.cc:235: boosting round 79, 85.9807 sec elapsed
[22:29:04] [79]	test-auc:0.79259541667153388
[22:29:04] INFO: /home/shiyu/NeurIPS-2022-camera-ready/Quantized-GBDT/xgboost/src/cli_main.cc:235: boosting round 80, 86.8934 sec elapsed
[22:29:05] [80]	test-auc:0.79269937253509493
[22:29:05] INFO: /home/shiyu/NeurIPS-2022-camera-ready/Quantized-GBDT/xgboost/src/cli_main.cc:235: boosting round 81, 87.8056 sec elapsed
[22:29:06] [81]	test-auc:0.79277765591254890
[22:29:06] INFO: /home/shiyu/NeurIPS-2022-camera-ready/Quantized-GBDT/xgboost/src/cli_main.cc:235: boosting round 82, 88.7002 sec elapsed
[22:29:07] [82]	test-auc:0.79285379468735739
[22:29:07] INFO: /home/shiyu/NeurIPS-2022-camera-ready/Quantized-GBDT/xgboost/src/cli_main.cc:235: boosting round 83, 89.6444 sec elapsed
[22:29:08] [83]	test-auc:0.79296083699862685
[22:29:08] INFO: /home/shiyu/NeurIPS-2022-camera-ready/Quantized-GBDT/xgboost/src/cli_main.cc:235: boosting round 84, 90.555 sec elapsed
[22:29:09] [84]	test-auc:0.79303608437569417
[22:29:09] INFO: /home/shiyu/NeurIPS-2022-camera-ready/Quantized-GBDT/xgboost/src/cli_main.cc:235: boosting round 85, 91.4335 sec elapsed
[22:29:10] [85]	test-auc:0.79313714012929581
[22:29:10] INFO: /home/shiyu/NeurIPS-2022-camera-ready/Quantized-GBDT/xgboost/src/cli_main.cc:235: boosting round 86, 92.3778 sec elapsed
[22:29:11] [86]	test-auc:0.79323185176142885
[22:29:11] INFO: /home/shiyu/NeurIPS-2022-camera-ready/Quantized-GBDT/xgboost/src/cli_main.cc:235: boosting round 87, 93.3578 sec elapsed
[22:29:12] [87]	test-auc:0.79331565627069112
[22:29:12] INFO: /home/shiyu/NeurIPS-2022-camera-ready/Quantized-GBDT/xgboost/src/cli_main.cc:235: boosting round 88, 94.194 sec elapsed
[22:29:13] [88]	test-auc:0.79340495518192400
[22:29:13] INFO: /home/shiyu/NeurIPS-2022-camera-ready/Quantized-GBDT/xgboost/src/cli_main.cc:235: boosting round 89, 95.1104 sec elapsed
[22:29:13] [89]	test-auc:0.79346595132575071
[22:29:13] INFO: /home/shiyu/NeurIPS-2022-camera-ready/Quantized-GBDT/xgboost/src/cli_main.cc:235: boosting round 90, 95.9522 sec elapsed
[22:29:14] [90]	test-auc:0.79355556888871792
[22:29:14] INFO: /home/shiyu/NeurIPS-2022-camera-ready/Quantized-GBDT/xgboost/src/cli_main.cc:235: boosting round 91, 96.8155 sec elapsed
[22:29:15] [91]	test-auc:0.79364669352240191
[22:29:15] INFO: /home/shiyu/NeurIPS-2022-camera-ready/Quantized-GBDT/xgboost/src/cli_main.cc:235: boosting round 92, 97.7136 sec elapsed
[22:29:16] [92]	test-auc:0.79371123594029280
[22:29:16] INFO: /home/shiyu/NeurIPS-2022-camera-ready/Quantized-GBDT/xgboost/src/cli_main.cc:235: boosting round 93, 98.6399 sec elapsed
[22:29:17] [93]	test-auc:0.79379199591016047
[22:29:17] INFO: /home/shiyu/NeurIPS-2022-camera-ready/Quantized-GBDT/xgboost/src/cli_main.cc:235: boosting round 94, 99.5748 sec elapsed
[22:29:18] [94]	test-auc:0.79391299454866815
[22:29:18] INFO: /home/shiyu/NeurIPS-2022-camera-ready/Quantized-GBDT/xgboost/src/cli_main.cc:235: boosting round 95, 100.517 sec elapsed
[22:29:19] [95]	test-auc:0.79399420703602519
[22:29:19] INFO: /home/shiyu/NeurIPS-2022-camera-ready/Quantized-GBDT/xgboost/src/cli_main.cc:235: boosting round 96, 101.395 sec elapsed
[22:29:20] [96]	test-auc:0.79406873148761570
[22:29:20] INFO: /home/shiyu/NeurIPS-2022-camera-ready/Quantized-GBDT/xgboost/src/cli_main.cc:235: boosting round 97, 102.364 sec elapsed
[22:29:21] [97]	test-auc:0.79416948965328593
[22:29:21] INFO: /home/shiyu/NeurIPS-2022-camera-ready/Quantized-GBDT/xgboost/src/cli_main.cc:235: boosting round 98, 103.349 sec elapsed
[22:29:22] [98]	test-auc:0.79423028077283464
[22:29:22] INFO: /home/shiyu/NeurIPS-2022-camera-ready/Quantized-GBDT/xgboost/src/cli_main.cc:235: boosting round 99, 104.219 sec elapsed
[22:29:23] [99]	test-auc:0.79434421298076852
[22:29:23] INFO: /home/shiyu/NeurIPS-2022-camera-ready/Quantized-GBDT/xgboost/src/cli_main.cc:235: boosting round 100, 105.106 sec elapsed
[22:29:23] [100]	test-auc:0.79440453414279444
[22:29:23] INFO: /home/shiyu/NeurIPS-2022-camera-ready/Quantized-GBDT/xgboost/src/cli_main.cc:235: boosting round 101, 106.002 sec elapsed
[22:29:24] [101]	test-auc:0.79445921618139692
[22:29:24] INFO: /home/shiyu/NeurIPS-2022-camera-ready/Quantized-GBDT/xgboost/src/cli_main.cc:235: boosting round 102, 106.853 sec elapsed
[22:29:25] [102]	test-auc:0.79452843737720780
[22:29:25] INFO: /home/shiyu/NeurIPS-2022-camera-ready/Quantized-GBDT/xgboost/src/cli_main.cc:235: boosting round 103, 107.737 sec elapsed
[22:29:26] [103]	test-auc:0.79460374414697654
[22:29:26] INFO: /home/shiyu/NeurIPS-2022-camera-ready/Quantized-GBDT/xgboost/src/cli_main.cc:235: boosting round 104, 108.637 sec elapsed
[22:29:27] [104]	test-auc:0.79469859862629710
[22:29:27] INFO: /home/shiyu/NeurIPS-2022-camera-ready/Quantized-GBDT/xgboost/src/cli_main.cc:235: boosting round 105, 109.533 sec elapsed
[22:29:28] [105]	test-auc:0.79477443336846698
[22:29:28] INFO: /home/shiyu/NeurIPS-2022-camera-ready/Quantized-GBDT/xgboost/src/cli_main.cc:235: boosting round 106, 110.474 sec elapsed
[22:29:29] [106]	test-auc:0.79482533173540337
[22:29:29] INFO: /home/shiyu/NeurIPS-2022-camera-ready/Quantized-GBDT/xgboost/src/cli_main.cc:235: boosting round 107, 111.312 sec elapsed
[22:29:30] [107]	test-auc:0.79488047660156480
[22:29:30] INFO: /home/shiyu/NeurIPS-2022-camera-ready/Quantized-GBDT/xgboost/src/cli_main.cc:235: boosting round 108, 112.178 sec elapsed
[22:29:30] [108]	test-auc:0.79494270565636882
[22:29:30] INFO: /home/shiyu/NeurIPS-2022-camera-ready/Quantized-GBDT/xgboost/src/cli_main.cc:235: boosting round 109, 113.035 sec elapsed
[22:29:31] [109]	test-auc:0.79500506297680462
[22:29:31] INFO: /home/shiyu/NeurIPS-2022-camera-ready/Quantized-GBDT/xgboost/src/cli_main.cc:235: boosting round 110, 113.919 sec elapsed
[22:29:32] [110]	test-auc:0.79506394732345109
[22:29:32] INFO: /home/shiyu/NeurIPS-2022-camera-ready/Quantized-GBDT/xgboost/src/cli_main.cc:235: boosting round 111, 114.867 sec elapsed
[22:29:33] [111]	test-auc:0.79514761825910008
[22:29:33] INFO: /home/shiyu/NeurIPS-2022-camera-ready/Quantized-GBDT/xgboost/src/cli_main.cc:235: boosting round 112, 115.752 sec elapsed
[22:29:34] [112]	test-auc:0.79521664514893275
[22:29:34] INFO: /home/shiyu/NeurIPS-2022-camera-ready/Quantized-GBDT/xgboost/src/cli_main.cc:235: boosting round 113, 116.651 sec elapsed
[22:29:35] [113]	test-auc:0.79527883916781150
[22:29:35] INFO: /home/shiyu/NeurIPS-2022-camera-ready/Quantized-GBDT/xgboost/src/cli_main.cc:235: boosting round 114, 117.539 sec elapsed
[22:29:36] [114]	test-auc:0.79533573482273312
[22:29:36] INFO: /home/shiyu/NeurIPS-2022-camera-ready/Quantized-GBDT/xgboost/src/cli_main.cc:235: boosting round 115, 118.466 sec elapsed
[22:29:37] [115]	test-auc:0.79541894384875222
[22:29:37] INFO: /home/shiyu/NeurIPS-2022-camera-ready/Quantized-GBDT/xgboost/src/cli_main.cc:235: boosting round 116, 119.41 sec elapsed
[22:29:38] [116]	test-auc:0.79547035431444568
[22:29:38] INFO: /home/shiyu/NeurIPS-2022-camera-ready/Quantized-GBDT/xgboost/src/cli_main.cc:235: boosting round 117, 120.228 sec elapsed
[22:29:39] [117]	test-auc:0.79553299525601784
[22:29:39] INFO: /home/shiyu/NeurIPS-2022-camera-ready/Quantized-GBDT/xgboost/src/cli_main.cc:235: boosting round 118, 121.192 sec elapsed
[22:29:40] [118]	test-auc:0.79557867397640436
[22:29:40] INFO: /home/shiyu/NeurIPS-2022-camera-ready/Quantized-GBDT/xgboost/src/cli_main.cc:235: boosting round 119, 122.067 sec elapsed
[22:29:40] [119]	test-auc:0.79562536112683757
[22:29:40] INFO: /home/shiyu/NeurIPS-2022-camera-ready/Quantized-GBDT/xgboost/src/cli_main.cc:235: boosting round 120, 122.993 sec elapsed
[22:29:41] [120]	test-auc:0.79567027703649507
[22:29:41] INFO: /home/shiyu/NeurIPS-2022-camera-ready/Quantized-GBDT/xgboost/src/cli_main.cc:235: boosting round 121, 123.869 sec elapsed
[22:29:42] [121]	test-auc:0.79571668386483563
[22:29:42] INFO: /home/shiyu/NeurIPS-2022-camera-ready/Quantized-GBDT/xgboost/src/cli_main.cc:235: boosting round 122, 124.735 sec elapsed
[22:29:43] [122]	test-auc:0.79577757540451466
[22:29:43] INFO: /home/shiyu/NeurIPS-2022-camera-ready/Quantized-GBDT/xgboost/src/cli_main.cc:235: boosting round 123, 125.643 sec elapsed
[22:29:44] [123]	test-auc:0.79582813296775468
[22:29:44] INFO: /home/shiyu/NeurIPS-2022-camera-ready/Quantized-GBDT/xgboost/src/cli_main.cc:235: boosting round 124, 126.557 sec elapsed
[22:29:45] [124]	test-auc:0.79589154420311703
[22:29:45] INFO: /home/shiyu/NeurIPS-2022-camera-ready/Quantized-GBDT/xgboost/src/cli_main.cc:235: boosting round 125, 127.389 sec elapsed
[22:29:46] [125]	test-auc:0.79594822706128365
[22:29:46] INFO: /home/shiyu/NeurIPS-2022-camera-ready/Quantized-GBDT/xgboost/src/cli_main.cc:235: boosting round 126, 128.245 sec elapsed
[22:29:47] [126]	test-auc:0.79600406858793371
[22:29:47] INFO: /home/shiyu/NeurIPS-2022-camera-ready/Quantized-GBDT/xgboost/src/cli_main.cc:235: boosting round 127, 129.095 sec elapsed
[22:29:47] [127]	test-auc:0.79605777553358303
[22:29:47] INFO: /home/shiyu/NeurIPS-2022-camera-ready/Quantized-GBDT/xgboost/src/cli_main.cc:235: boosting round 128, 130.039 sec elapsed
[22:29:48] [128]	test-auc:0.79613210285441682
[22:29:48] INFO: /home/shiyu/NeurIPS-2022-camera-ready/Quantized-GBDT/xgboost/src/cli_main.cc:235: boosting round 129, 130.954 sec elapsed
[22:29:49] [129]	test-auc:0.79617861040902937
[22:29:49] INFO: /home/shiyu/NeurIPS-2022-camera-ready/Quantized-GBDT/xgboost/src/cli_main.cc:235: boosting round 130, 131.836 sec elapsed
[22:29:50] [130]	test-auc:0.79624115344675417
[22:29:50] INFO: /home/shiyu/NeurIPS-2022-camera-ready/Quantized-GBDT/xgboost/src/cli_main.cc:235: boosting round 131, 132.791 sec elapsed
[22:29:51] [131]	test-auc:0.79627955895770497
[22:29:51] INFO: /home/shiyu/NeurIPS-2022-camera-ready/Quantized-GBDT/xgboost/src/cli_main.cc:235: boosting round 132, 133.686 sec elapsed
[22:29:52] [132]	test-auc:0.79632514225050910
[22:29:52] INFO: /home/shiyu/NeurIPS-2022-camera-ready/Quantized-GBDT/xgboost/src/cli_main.cc:235: boosting round 133, 134.55 sec elapsed
[22:29:53] [133]	test-auc:0.79640350515588343
[22:29:53] INFO: /home/shiyu/NeurIPS-2022-camera-ready/Quantized-GBDT/xgboost/src/cli_main.cc:235: boosting round 134, 135.409 sec elapsed
[22:29:54] [134]	test-auc:0.79643932338299928
[22:29:54] INFO: /home/shiyu/NeurIPS-2022-camera-ready/Quantized-GBDT/xgboost/src/cli_main.cc:235: boosting round 135, 136.175 sec elapsed
[22:29:55] [135]	test-auc:0.79648292538722820
[22:29:55] INFO: /home/shiyu/NeurIPS-2022-camera-ready/Quantized-GBDT/xgboost/src/cli_main.cc:235: boosting round 136, 137.091 sec elapsed
[22:29:55] [136]	test-auc:0.79652241248862465
[22:29:55] INFO: /home/shiyu/NeurIPS-2022-camera-ready/Quantized-GBDT/xgboost/src/cli_main.cc:235: boosting round 137, 137.968 sec elapsed
[22:29:56] [137]	test-auc:0.79658846011027662
[22:29:56] INFO: /home/shiyu/NeurIPS-2022-camera-ready/Quantized-GBDT/xgboost/src/cli_main.cc:235: boosting round 138, 138.91 sec elapsed
[22:29:57] [138]	test-auc:0.79663246952065481
[22:29:57] INFO: /home/shiyu/NeurIPS-2022-camera-ready/Quantized-GBDT/xgboost/src/cli_main.cc:235: boosting round 139, 139.862 sec elapsed
[22:29:58] [139]	test-auc:0.79667191461065767
[22:29:58] INFO: /home/shiyu/NeurIPS-2022-camera-ready/Quantized-GBDT/xgboost/src/cli_main.cc:235: boosting round 140, 140.82 sec elapsed
[22:29:59] [140]	test-auc:0.79674299864985354
[22:29:59] INFO: /home/shiyu/NeurIPS-2022-camera-ready/Quantized-GBDT/xgboost/src/cli_main.cc:235: boosting round 141, 141.701 sec elapsed
[22:30:00] [141]	test-auc:0.79678910331251107
[22:30:00] INFO: /home/shiyu/NeurIPS-2022-camera-ready/Quantized-GBDT/xgboost/src/cli_main.cc:235: boosting round 142, 142.532 sec elapsed
[22:30:01] [142]	test-auc:0.79681960742604319
[22:30:01] INFO: /home/shiyu/NeurIPS-2022-camera-ready/Quantized-GBDT/xgboost/src/cli_main.cc:235: boosting round 143, 143.415 sec elapsed
[22:30:02] [143]	test-auc:0.79687911645571741
[22:30:02] INFO: /home/shiyu/NeurIPS-2022-camera-ready/Quantized-GBDT/xgboost/src/cli_main.cc:235: boosting round 144, 144.305 sec elapsed
[22:30:03] [144]	test-auc:0.79695136163867741
[22:30:03] INFO: /home/shiyu/NeurIPS-2022-camera-ready/Quantized-GBDT/xgboost/src/cli_main.cc:235: boosting round 145, 145.176 sec elapsed
[22:30:03] [145]	test-auc:0.79698535515332436
[22:30:03] INFO: /home/shiyu/NeurIPS-2022-camera-ready/Quantized-GBDT/xgboost/src/cli_main.cc:235: boosting round 146, 146.017 sec elapsed
[22:30:04] [146]	test-auc:0.79701949327593746
[22:30:04] INFO: /home/shiyu/NeurIPS-2022-camera-ready/Quantized-GBDT/xgboost/src/cli_main.cc:235: boosting round 147, 146.9 sec elapsed
[22:30:05] [147]	test-auc:0.79706704614353063
[22:30:05] INFO: /home/shiyu/NeurIPS-2022-camera-ready/Quantized-GBDT/xgboost/src/cli_main.cc:235: boosting round 148, 147.73 sec elapsed
[22:30:06] [148]	test-auc:0.79709414844935411
[22:30:06] INFO: /home/shiyu/NeurIPS-2022-camera-ready/Quantized-GBDT/xgboost/src/cli_main.cc:235: boosting round 149, 148.608 sec elapsed
[22:30:07] [149]	test-auc:0.79713479825322242
[22:30:07] INFO: /home/shiyu/NeurIPS-2022-camera-ready/Quantized-GBDT/xgboost/src/cli_main.cc:235: boosting round 150, 149.489 sec elapsed
[22:30:08] [150]	test-auc:0.79717315158902857
[22:30:08] INFO: /home/shiyu/NeurIPS-2022-camera-ready/Quantized-GBDT/xgboost/src/cli_main.cc:235: boosting round 151, 150.345 sec elapsed
[22:30:09] [151]	test-auc:0.79720555753420685
[22:30:09] INFO: /home/shiyu/NeurIPS-2022-camera-ready/Quantized-GBDT/xgboost/src/cli_main.cc:235: boosting round 152, 151.204 sec elapsed
[22:30:09] [152]	test-auc:0.79724776368172434
[22:30:09] INFO: /home/shiyu/NeurIPS-2022-camera-ready/Quantized-GBDT/xgboost/src/cli_main.cc:235: boosting round 153, 151.997 sec elapsed
[22:30:10] [153]	test-auc:0.79730830611669912
[22:30:10] INFO: /home/shiyu/NeurIPS-2022-camera-ready/Quantized-GBDT/xgboost/src/cli_main.cc:235: boosting round 154, 152.912 sec elapsed
[22:30:11] [154]	test-auc:0.79733868850160761
[22:30:11] INFO: /home/shiyu/NeurIPS-2022-camera-ready/Quantized-GBDT/xgboost/src/cli_main.cc:235: boosting round 155, 153.789 sec elapsed
[22:30:12] [155]	test-auc:0.79737416169962916
[22:30:12] INFO: /home/shiyu/NeurIPS-2022-camera-ready/Quantized-GBDT/xgboost/src/cli_main.cc:235: boosting round 156, 154.666 sec elapsed
[22:30:13] [156]	test-auc:0.79734578485463825
[22:30:13] INFO: /home/shiyu/NeurIPS-2022-camera-ready/Quantized-GBDT/xgboost/src/cli_main.cc:235: boosting round 157, 155.512 sec elapsed
[22:30:14] [157]	test-auc:0.79738222988299379
[22:30:14] INFO: /home/shiyu/NeurIPS-2022-camera-ready/Quantized-GBDT/xgboost/src/cli_main.cc:235: boosting round 158, 156.393 sec elapsed
[22:30:15] [158]	test-auc:0.79744072081580819
[22:30:15] INFO: /home/shiyu/NeurIPS-2022-camera-ready/Quantized-GBDT/xgboost/src/cli_main.cc:235: boosting round 159, 157.221 sec elapsed
[22:30:16] [159]	test-auc:0.79747067793230408
[22:30:16] INFO: /home/shiyu/NeurIPS-2022-camera-ready/Quantized-GBDT/xgboost/src/cli_main.cc:235: boosting round 160, 158.038 sec elapsed
[22:30:16] [160]	test-auc:0.79749526078800170
[22:30:16] INFO: /home/shiyu/NeurIPS-2022-camera-ready/Quantized-GBDT/xgboost/src/cli_main.cc:235: boosting round 161, 158.874 sec elapsed
[22:30:17] [161]	test-auc:0.79753391065319068
[22:30:17] INFO: /home/shiyu/NeurIPS-2022-camera-ready/Quantized-GBDT/xgboost/src/cli_main.cc:235: boosting round 162, 159.768 sec elapsed
[22:30:18] [162]	test-auc:0.79756873547089524
[22:30:18] INFO: /home/shiyu/NeurIPS-2022-camera-ready/Quantized-GBDT/xgboost/src/cli_main.cc:235: boosting round 163, 160.646 sec elapsed
[22:30:19] [163]	test-auc:0.79761411137243066
[22:30:19] INFO: /home/shiyu/NeurIPS-2022-camera-ready/Quantized-GBDT/xgboost/src/cli_main.cc:235: boosting round 164, 161.492 sec elapsed
[22:30:20] [164]	test-auc:0.79765910604025636
[22:30:20] INFO: /home/shiyu/NeurIPS-2022-camera-ready/Quantized-GBDT/xgboost/src/cli_main.cc:235: boosting round 165, 162.244 sec elapsed
[22:30:21] [165]	test-auc:0.79768793440291363
[22:30:21] INFO: /home/shiyu/NeurIPS-2022-camera-ready/Quantized-GBDT/xgboost/src/cli_main.cc:235: boosting round 166, 163.053 sec elapsed
[22:30:21] [166]	test-auc:0.79772188566296354
[22:30:21] INFO: /home/shiyu/NeurIPS-2022-camera-ready/Quantized-GBDT/xgboost/src/cli_main.cc:235: boosting round 167, 163.861 sec elapsed
[22:30:22] [167]	test-auc:0.79776721101186732
[22:30:22] INFO: /home/shiyu/NeurIPS-2022-camera-ready/Quantized-GBDT/xgboost/src/cli_main.cc:235: boosting round 168, 164.648 sec elapsed
[22:30:23] [168]	test-auc:0.79779448859556501
[22:30:23] INFO: /home/shiyu/NeurIPS-2022-camera-ready/Quantized-GBDT/xgboost/src/cli_main.cc:235: boosting round 169, 165.496 sec elapsed
[22:30:24] [169]	test-auc:0.79782587808101602
[22:30:24] INFO: /home/shiyu/NeurIPS-2022-camera-ready/Quantized-GBDT/xgboost/src/cli_main.cc:235: boosting round 170, 166.287 sec elapsed
[22:30:25] [170]	test-auc:0.79785991551303859
[22:30:25] INFO: /home/shiyu/NeurIPS-2022-camera-ready/Quantized-GBDT/xgboost/src/cli_main.cc:235: boosting round 171, 167.205 sec elapsed
[22:30:26] [171]	test-auc:0.79790229131030710
[22:30:26] INFO: /home/shiyu/NeurIPS-2022-camera-ready/Quantized-GBDT/xgboost/src/cli_main.cc:235: boosting round 172, 168.109 sec elapsed
[22:30:26] [172]	test-auc:0.79793605868050144
[22:30:26] INFO: /home/shiyu/NeurIPS-2022-camera-ready/Quantized-GBDT/xgboost/src/cli_main.cc:235: boosting round 173, 168.872 sec elapsed
[22:30:27] [173]	test-auc:0.79796292298015681
[22:30:27] INFO: /home/shiyu/NeurIPS-2022-camera-ready/Quantized-GBDT/xgboost/src/cli_main.cc:235: boosting round 174, 169.769 sec elapsed
[22:30:28] [174]	test-auc:0.79800365366697190
[22:30:28] INFO: /home/shiyu/NeurIPS-2022-camera-ready/Quantized-GBDT/xgboost/src/cli_main.cc:235: boosting round 175, 170.451 sec elapsed
[22:30:29] [175]	test-auc:0.79804791793778174
[22:30:29] INFO: /home/shiyu/NeurIPS-2022-camera-ready/Quantized-GBDT/xgboost/src/cli_main.cc:235: boosting round 176, 171.341 sec elapsed
[22:30:30] [176]	test-auc:0.79807224034791568
[22:30:30] INFO: /home/shiyu/NeurIPS-2022-camera-ready/Quantized-GBDT/xgboost/src/cli_main.cc:235: boosting round 177, 172.197 sec elapsed
[22:30:31] [177]	test-auc:0.79809764888635304
[22:30:31] INFO: /home/shiyu/NeurIPS-2022-camera-ready/Quantized-GBDT/xgboost/src/cli_main.cc:235: boosting round 178, 173.052 sec elapsed
[22:30:31] [178]	test-auc:0.79812337879004647
[22:30:31] INFO: /home/shiyu/NeurIPS-2022-camera-ready/Quantized-GBDT/xgboost/src/cli_main.cc:235: boosting round 179, 173.867 sec elapsed
[22:30:32] [179]	test-auc:0.79815555817188710
[22:30:32] INFO: /home/shiyu/NeurIPS-2022-camera-ready/Quantized-GBDT/xgboost/src/cli_main.cc:235: boosting round 180, 174.613 sec elapsed
[22:30:33] [180]	test-auc:0.79818000993073224
[22:30:33] INFO: /home/shiyu/NeurIPS-2022-camera-ready/Quantized-GBDT/xgboost/src/cli_main.cc:235: boosting round 181, 175.441 sec elapsed
[22:30:34] [181]	test-auc:0.79821344713710496
[22:30:34] INFO: /home/shiyu/NeurIPS-2022-camera-ready/Quantized-GBDT/xgboost/src/cli_main.cc:235: boosting round 182, 176.159 sec elapsed
[22:30:34] [182]	test-auc:0.79824477021288198
[22:30:34] INFO: /home/shiyu/NeurIPS-2022-camera-ready/Quantized-GBDT/xgboost/src/cli_main.cc:235: boosting round 183, 176.957 sec elapsed
[22:30:35] [183]	test-auc:0.79828602432420492
[22:30:35] INFO: /home/shiyu/NeurIPS-2022-camera-ready/Quantized-GBDT/xgboost/src/cli_main.cc:235: boosting round 184, 177.721 sec elapsed
[22:30:36] [184]	test-auc:0.79832194290628300
[22:30:36] INFO: /home/shiyu/NeurIPS-2022-camera-ready/Quantized-GBDT/xgboost/src/cli_main.cc:235: boosting round 185, 178.527 sec elapsed
[22:30:37] [185]	test-auc:0.79835692914260670
[22:30:37] INFO: /home/shiyu/NeurIPS-2022-camera-ready/Quantized-GBDT/xgboost/src/cli_main.cc:235: boosting round 186, 179.271 sec elapsed
[22:30:37] [186]	test-auc:0.79840763161970663
[22:30:37] INFO: /home/shiyu/NeurIPS-2022-camera-ready/Quantized-GBDT/xgboost/src/cli_main.cc:235: boosting round 187, 179.938 sec elapsed
[22:30:38] [187]	test-auc:0.79843826687915331
[22:30:38] INFO: /home/shiyu/NeurIPS-2022-camera-ready/Quantized-GBDT/xgboost/src/cli_main.cc:235: boosting round 188, 180.742 sec elapsed
[22:30:39] [188]	test-auc:0.79846968434886667
[22:30:39] INFO: /home/shiyu/NeurIPS-2022-camera-ready/Quantized-GBDT/xgboost/src/cli_main.cc:235: boosting round 189, 181.487 sec elapsed
[22:30:40] [189]	test-auc:0.79851603512344360
[22:30:40] INFO: /home/shiyu/NeurIPS-2022-camera-ready/Quantized-GBDT/xgboost/src/cli_main.cc:235: boosting round 190, 182.369 sec elapsed
[22:30:40] [190]	test-auc:0.79855032496292466
[22:30:40] INFO: /home/shiyu/NeurIPS-2022-camera-ready/Quantized-GBDT/xgboost/src/cli_main.cc:235: boosting round 191, 182.913 sec elapsed
[22:30:41] [191]	test-auc:0.79858952181883136
[22:30:41] INFO: /home/shiyu/NeurIPS-2022-camera-ready/Quantized-GBDT/xgboost/src/cli_main.cc:235: boosting round 192, 183.741 sec elapsed
[22:30:42] [192]	test-auc:0.79861440882548629
[22:30:42] INFO: /home/shiyu/NeurIPS-2022-camera-ready/Quantized-GBDT/xgboost/src/cli_main.cc:235: boosting round 193, 184.364 sec elapsed
[22:30:43] [193]	test-auc:0.79864903832636314
[22:30:43] INFO: /home/shiyu/NeurIPS-2022-camera-ready/Quantized-GBDT/xgboost/src/cli_main.cc:235: boosting round 194, 185.097 sec elapsed
[22:30:43] [194]	test-auc:0.79867850973211674
[22:30:43] INFO: /home/shiyu/NeurIPS-2022-camera-ready/Quantized-GBDT/xgboost/src/cli_main.cc:235: boosting round 195, 185.976 sec elapsed
[22:30:44] [195]	test-auc:0.79870413546206964
[22:30:44] INFO: /home/shiyu/NeurIPS-2022-camera-ready/Quantized-GBDT/xgboost/src/cli_main.cc:235: boosting round 196, 186.769 sec elapsed
[22:30:45] [196]	test-auc:0.79873910198515663
[22:30:45] INFO: /home/shiyu/NeurIPS-2022-camera-ready/Quantized-GBDT/xgboost/src/cli_main.cc:235: boosting round 197, 187.539 sec elapsed
[22:30:46] [197]	test-auc:0.79877859286172070
[22:30:46] INFO: /home/shiyu/NeurIPS-2022-camera-ready/Quantized-GBDT/xgboost/src/cli_main.cc:235: boosting round 198, 188.297 sec elapsed
[22:30:47] [198]	test-auc:0.79881512036035029
[22:30:47] INFO: /home/shiyu/NeurIPS-2022-camera-ready/Quantized-GBDT/xgboost/src/cli_main.cc:235: boosting round 199, 189.165 sec elapsed
[22:30:47] [199]	test-auc:0.79884290302000927
[22:30:47] INFO: /home/shiyu/NeurIPS-2022-camera-ready/Quantized-GBDT/xgboost/src/cli_main.cc:235: boosting round 200, 189.95 sec elapsed
[22:30:48] [200]	test-auc:0.79886889534673544
[22:30:48] INFO: /home/shiyu/NeurIPS-2022-camera-ready/Quantized-GBDT/xgboost/src/cli_main.cc:235: boosting round 201, 190.772 sec elapsed
[22:30:49] [201]	test-auc:0.79888953117407735
[22:30:49] INFO: /home/shiyu/NeurIPS-2022-camera-ready/Quantized-GBDT/xgboost/src/cli_main.cc:235: boosting round 202, 191.697 sec elapsed
[22:30:50] [202]	test-auc:0.79891532566509105
[22:30:50] INFO: /home/shiyu/NeurIPS-2022-camera-ready/Quantized-GBDT/xgboost/src/cli_main.cc:235: boosting round 203, 192.23 sec elapsed
[22:30:50] [203]	test-auc:0.79894037519277206
[22:30:50] INFO: /home/shiyu/NeurIPS-2022-camera-ready/Quantized-GBDT/xgboost/src/cli_main.cc:235: boosting round 204, 192.968 sec elapsed
[22:30:51] [204]	test-auc:0.79896486244879905
[22:30:51] INFO: /home/shiyu/NeurIPS-2022-camera-ready/Quantized-GBDT/xgboost/src/cli_main.cc:235: boosting round 205, 193.623 sec elapsed
[22:30:52] [205]	test-auc:0.79895510933873759
[22:30:52] INFO: /home/shiyu/NeurIPS-2022-camera-ready/Quantized-GBDT/xgboost/src/cli_main.cc:235: boosting round 206, 194.379 sec elapsed
[22:30:53] [206]	test-auc:0.79897437634856860
[22:30:53] INFO: /home/shiyu/NeurIPS-2022-camera-ready/Quantized-GBDT/xgboost/src/cli_main.cc:235: boosting round 207, 195.204 sec elapsed
[22:30:53] [207]	test-auc:0.79899939022928013
[22:30:53] INFO: /home/shiyu/NeurIPS-2022-camera-ready/Quantized-GBDT/xgboost/src/cli_main.cc:235: boosting round 208, 195.993 sec elapsed
[22:30:54] [208]	test-auc:0.79902246558224344
[22:30:54] INFO: /home/shiyu/NeurIPS-2022-camera-ready/Quantized-GBDT/xgboost/src/cli_main.cc:235: boosting round 209, 196.759 sec elapsed
[22:30:55] [209]	test-auc:0.79906662143334872
[22:30:55] INFO: /home/shiyu/NeurIPS-2022-camera-ready/Quantized-GBDT/xgboost/src/cli_main.cc:235: boosting round 210, 197.484 sec elapsed
[22:30:56] [210]	test-auc:0.79909515393354347
[22:30:56] INFO: /home/shiyu/NeurIPS-2022-camera-ready/Quantized-GBDT/xgboost/src/cli_main.cc:235: boosting round 211, 198.085 sec elapsed
[22:30:56] [211]	test-auc:0.79913079422526312
[22:30:56] INFO: /home/shiyu/NeurIPS-2022-camera-ready/Quantized-GBDT/xgboost/src/cli_main.cc:235: boosting round 212, 198.817 sec elapsed
[22:30:57] [212]	test-auc:0.79915981838855343
[22:30:57] INFO: /home/shiyu/NeurIPS-2022-camera-ready/Quantized-GBDT/xgboost/src/cli_main.cc:235: boosting round 213, 199.641 sec elapsed
[22:30:58] [213]	test-auc:0.79917912682400816
[22:30:58] INFO: /home/shiyu/NeurIPS-2022-camera-ready/Quantized-GBDT/xgboost/src/cli_main.cc:235: boosting round 214, 200.386 sec elapsed
[22:30:58] [214]	test-auc:0.79920917993737828
[22:30:58] INFO: /home/shiyu/NeurIPS-2022-camera-ready/Quantized-GBDT/xgboost/src/cli_main.cc:235: boosting round 215, 201.023 sec elapsed
[22:30:59] [215]	test-auc:0.79924365009002507
[22:30:59] INFO: /home/shiyu/NeurIPS-2022-camera-ready/Quantized-GBDT/xgboost/src/cli_main.cc:235: boosting round 216, 201.799 sec elapsed
[22:31:00] [216]	test-auc:0.79927209884049466
[22:31:00] INFO: /home/shiyu/NeurIPS-2022-camera-ready/Quantized-GBDT/xgboost/src/cli_main.cc:235: boosting round 217, 202.597 sec elapsed
[22:31:01] [217]	test-auc:0.79929602676461953
[22:31:01] INFO: /home/shiyu/NeurIPS-2022-camera-ready/Quantized-GBDT/xgboost/src/cli_main.cc:235: boosting round 218, 203.137 sec elapsed
[22:31:01] [218]	test-auc:0.79932706991959590
[22:31:01] INFO: /home/shiyu/NeurIPS-2022-camera-ready/Quantized-GBDT/xgboost/src/cli_main.cc:235: boosting round 219, 203.908 sec elapsed
[22:31:02] [219]	test-auc:0.79934837113056256
[22:31:02] INFO: /home/shiyu/NeurIPS-2022-camera-ready/Quantized-GBDT/xgboost/src/cli_main.cc:235: boosting round 220, 204.747 sec elapsed
[22:31:03] [220]	test-auc:0.79936700905095948
[22:31:03] INFO: /home/shiyu/NeurIPS-2022-camera-ready/Quantized-GBDT/xgboost/src/cli_main.cc:235: boosting round 221, 205.579 sec elapsed
[22:31:04] [221]	test-auc:0.79937970460387830
[22:31:04] INFO: /home/shiyu/NeurIPS-2022-camera-ready/Quantized-GBDT/xgboost/src/cli_main.cc:235: boosting round 222, 206.474 sec elapsed
[22:31:05] [222]	test-auc:0.79940250247947431
[22:31:05] INFO: /home/shiyu/NeurIPS-2022-camera-ready/Quantized-GBDT/xgboost/src/cli_main.cc:235: boosting round 223, 207.367 sec elapsed
[22:31:06] [223]	test-auc:0.79942338992878814
[22:31:06] INFO: /home/shiyu/NeurIPS-2022-camera-ready/Quantized-GBDT/xgboost/src/cli_main.cc:235: boosting round 224, 208.186 sec elapsed
[22:31:06] [224]	test-auc:0.79944459628332309
[22:31:06] INFO: /home/shiyu/NeurIPS-2022-camera-ready/Quantized-GBDT/xgboost/src/cli_main.cc:235: boosting round 225, 208.99 sec elapsed
[22:31:07] [225]	test-auc:0.79947169941353580
[22:31:07] INFO: /home/shiyu/NeurIPS-2022-camera-ready/Quantized-GBDT/xgboost/src/cli_main.cc:235: boosting round 226, 209.46 sec elapsed
[22:31:08] [226]	test-auc:0.79949238538577483
[22:31:08] INFO: /home/shiyu/NeurIPS-2022-camera-ready/Quantized-GBDT/xgboost/src/cli_main.cc:235: boosting round 227, 210.213 sec elapsed
[22:31:08] [227]	test-auc:0.79951705624942726
[22:31:08] INFO: /home/shiyu/NeurIPS-2022-camera-ready/Quantized-GBDT/xgboost/src/cli_main.cc:235: boosting round 228, 210.925 sec elapsed
[22:31:09] [228]	test-auc:0.79953591153491488
[22:31:09] INFO: /home/shiyu/NeurIPS-2022-camera-ready/Quantized-GBDT/xgboost/src/cli_main.cc:235: boosting round 229, 211.649 sec elapsed
[22:31:10] [229]	test-auc:0.79955215350276510
[22:31:10] INFO: /home/shiyu/NeurIPS-2022-camera-ready/Quantized-GBDT/xgboost/src/cli_main.cc:235: boosting round 230, 212.353 sec elapsed
[22:31:10] [230]	test-auc:0.79956608522320960
[22:31:10] INFO: /home/shiyu/NeurIPS-2022-camera-ready/Quantized-GBDT/xgboost/src/cli_main.cc:235: boosting round 231, 212.864 sec elapsed
[22:31:11] [231]	test-auc:0.79958152717006947
[22:31:11] INFO: /home/shiyu/NeurIPS-2022-camera-ready/Quantized-GBDT/xgboost/src/cli_main.cc:235: boosting round 232, 213.599 sec elapsed
[22:31:12] [232]	test-auc:0.79960768718382125
[22:31:12] INFO: /home/shiyu/NeurIPS-2022-camera-ready/Quantized-GBDT/xgboost/src/cli_main.cc:235: boosting round 233, 214.437 sec elapsed
[22:31:13] [233]	test-auc:0.79963472993228846
[22:31:13] INFO: /home/shiyu/NeurIPS-2022-camera-ready/Quantized-GBDT/xgboost/src/cli_main.cc:235: boosting round 234, 215.093 sec elapsed
[22:31:13] [234]	test-auc:0.79966239036824427
[22:31:13] INFO: /home/shiyu/NeurIPS-2022-camera-ready/Quantized-GBDT/xgboost/src/cli_main.cc:235: boosting round 235, 215.857 sec elapsed
[22:31:14] [235]	test-auc:0.79967817859354340
[22:31:14] INFO: /home/shiyu/NeurIPS-2022-camera-ready/Quantized-GBDT/xgboost/src/cli_main.cc:235: boosting round 236, 216.557 sec elapsed
[22:31:15] [236]	test-auc:0.79969092589565993
[22:31:15] INFO: /home/shiyu/NeurIPS-2022-camera-ready/Quantized-GBDT/xgboost/src/cli_main.cc:235: boosting round 237, 217.347 sec elapsed
[22:31:16] [237]	test-auc:0.79972382523807506
[22:31:16] INFO: /home/shiyu/NeurIPS-2022-camera-ready/Quantized-GBDT/xgboost/src/cli_main.cc:235: boosting round 238, 218.232 sec elapsed
[22:31:16] [238]	test-auc:0.79974257849206976
[22:31:16] INFO: /home/shiyu/NeurIPS-2022-camera-ready/Quantized-GBDT/xgboost/src/cli_main.cc:235: boosting round 239, 218.998 sec elapsed
[22:31:17] [239]	test-auc:0.79975778938258368
[22:31:17] INFO: /home/shiyu/NeurIPS-2022-camera-ready/Quantized-GBDT/xgboost/src/cli_main.cc:235: boosting round 240, 219.719 sec elapsed
[22:31:18] [240]	test-auc:0.79977107850855123
[22:31:18] INFO: /home/shiyu/NeurIPS-2022-camera-ready/Quantized-GBDT/xgboost/src/cli_main.cc:235: boosting round 241, 220.266 sec elapsed
[22:31:18] [241]	test-auc:0.79978409359718661
[22:31:18] INFO: /home/shiyu/NeurIPS-2022-camera-ready/Quantized-GBDT/xgboost/src/cli_main.cc:235: boosting round 242, 220.745 sec elapsed
[22:31:19] [242]	test-auc:0.79979838996295316
[22:31:19] INFO: /home/shiyu/NeurIPS-2022-camera-ready/Quantized-GBDT/xgboost/src/cli_main.cc:235: boosting round 243, 221.128 sec elapsed
[22:31:19] [243]	test-auc:0.79981724675845833
[22:31:19] INFO: /home/shiyu/NeurIPS-2022-camera-ready/Quantized-GBDT/xgboost/src/cli_main.cc:235: boosting round 244, 221.614 sec elapsed
[22:31:19] [244]	test-auc:0.79983339826290267
[22:31:19] INFO: /home/shiyu/NeurIPS-2022-camera-ready/Quantized-GBDT/xgboost/src/cli_main.cc:235: boosting round 245, 222.004 sec elapsed
[22:31:20] [245]	test-auc:0.79985086193330679
[22:31:20] INFO: /home/shiyu/NeurIPS-2022-camera-ready/Quantized-GBDT/xgboost/src/cli_main.cc:235: boosting round 246, 222.666 sec elapsed
[22:31:21] [246]	test-auc:0.79985605072609034
[22:31:21] INFO: /home/shiyu/NeurIPS-2022-camera-ready/Quantized-GBDT/xgboost/src/cli_main.cc:235: boosting round 247, 223.444 sec elapsed
[22:31:22] [247]	test-auc:0.79985362559878581
[22:31:22] INFO: /home/shiyu/NeurIPS-2022-camera-ready/Quantized-GBDT/xgboost/src/cli_main.cc:235: boosting round 248, 224.085 sec elapsed
[22:31:22] [248]	test-auc:0.79987367707201606
[22:31:22] INFO: /home/shiyu/NeurIPS-2022-camera-ready/Quantized-GBDT/xgboost/src/cli_main.cc:235: boosting round 249, 224.466 sec elapsed
[22:31:22] [249]	test-auc:0.79990062409617546
[22:31:22] INFO: /home/shiyu/NeurIPS-2022-camera-ready/Quantized-GBDT/xgboost/src/cli_main.cc:235: boosting round 250, 225.024 sec elapsed
[22:31:23] [250]	test-auc:0.79991882158194894
[22:31:23] INFO: /home/shiyu/NeurIPS-2022-camera-ready/Quantized-GBDT/xgboost/src/cli_main.cc:235: boosting round 251, 225.708 sec elapsed
[22:31:24] [251]	test-auc:0.79994545374032044
[22:31:24] INFO: /home/shiyu/NeurIPS-2022-camera-ready/Quantized-GBDT/xgboost/src/cli_main.cc:235: boosting round 252, 226.538 sec elapsed
[22:31:25] [252]	test-auc:0.79995926077851331
[22:31:25] INFO: /home/shiyu/NeurIPS-2022-camera-ready/Quantized-GBDT/xgboost/src/cli_main.cc:235: boosting round 253, 227.295 sec elapsed
[22:31:25] [253]	test-auc:0.79995116041001957
[22:31:25] INFO: /home/shiyu/NeurIPS-2022-camera-ready/Quantized-GBDT/xgboost/src/cli_main.cc:235: boosting round 254, 227.932 sec elapsed
[22:31:26] [254]	test-auc:0.79997226303076063
[22:31:26] INFO: /home/shiyu/NeurIPS-2022-camera-ready/Quantized-GBDT/xgboost/src/cli_main.cc:235: boosting round 255, 228.452 sec elapsed
[22:31:27] [255]	test-auc:0.79999489506200361
[22:31:27] INFO: /home/shiyu/NeurIPS-2022-camera-ready/Quantized-GBDT/xgboost/src/cli_main.cc:235: boosting round 256, 229.171 sec elapsed
[22:31:27] [256]	test-auc:0.80000650451982236
[22:31:27] INFO: /home/shiyu/NeurIPS-2022-camera-ready/Quantized-GBDT/xgboost/src/cli_main.cc:235: boosting round 257, 229.57 sec elapsed
[22:31:27] [257]	test-auc:0.80001247968409328
[22:31:27] INFO: /home/shiyu/NeurIPS-2022-camera-ready/Quantized-GBDT/xgboost/src/cli_main.cc:235: boosting round 258, 229.884 sec elapsed
[22:31:28] [258]	test-auc:0.80002522071321935
[22:31:28] INFO: /home/shiyu/NeurIPS-2022-camera-ready/Quantized-GBDT/xgboost/src/cli_main.cc:235: boosting round 259, 230.462 sec elapsed
[22:31:28] [259]	test-auc:0.80003222033827859
[22:31:28] INFO: /home/shiyu/NeurIPS-2022-camera-ready/Quantized-GBDT/xgboost/src/cli_main.cc:235: boosting round 260, 230.818 sec elapsed
[22:31:29] [260]	test-auc:0.80004888596578061
[22:31:29] INFO: /home/shiyu/NeurIPS-2022-camera-ready/Quantized-GBDT/xgboost/src/cli_main.cc:235: boosting round 261, 231.395 sec elapsed
[22:31:30] [261]	test-auc:0.80007061951565484
[22:31:30] INFO: /home/shiyu/NeurIPS-2022-camera-ready/Quantized-GBDT/xgboost/src/cli_main.cc:235: boosting round 262, 232.192 sec elapsed
[22:31:30] [262]	test-auc:0.80008157337919283
[22:31:30] INFO: /home/shiyu/NeurIPS-2022-camera-ready/Quantized-GBDT/xgboost/src/cli_main.cc:235: boosting round 263, 232.702 sec elapsed
[22:31:30] [263]	test-auc:0.80009742356699831
[22:31:30] INFO: /home/shiyu/NeurIPS-2022-camera-ready/Quantized-GBDT/xgboost/src/cli_main.cc:235: boosting round 264, 233.03 sec elapsed
[22:31:31] [264]	test-auc:0.80011753961751331
[22:31:31] INFO: /home/shiyu/NeurIPS-2022-camera-ready/Quantized-GBDT/xgboost/src/cli_main.cc:235: boosting round 265, 233.739 sec elapsed
[22:31:32] [265]	test-auc:0.80012687110671921
[22:31:32] INFO: /home/shiyu/NeurIPS-2022-camera-ready/Quantized-GBDT/xgboost/src/cli_main.cc:235: boosting round 266, 234.115 sec elapsed
[22:31:32] [266]	test-auc:0.80013576896257532
[22:31:32] INFO: /home/shiyu/NeurIPS-2022-camera-ready/Quantized-GBDT/xgboost/src/cli_main.cc:235: boosting round 267, 234.56 sec elapsed
[22:31:33] [267]	test-auc:0.80015799470506710
[22:31:33] INFO: /home/shiyu/NeurIPS-2022-camera-ready/Quantized-GBDT/xgboost/src/cli_main.cc:235: boosting round 268, 235.358 sec elapsed
[22:31:33] [268]	test-auc:0.80017105127396326
[22:31:33] INFO: /home/shiyu/NeurIPS-2022-camera-ready/Quantized-GBDT/xgboost/src/cli_main.cc:235: boosting round 269, 235.934 sec elapsed
[22:31:34] [269]	test-auc:0.80019162643658637
[22:31:34] INFO: /home/shiyu/NeurIPS-2022-camera-ready/Quantized-GBDT/xgboost/src/cli_main.cc:235: boosting round 270, 236.4 sec elapsed
[22:31:34] [270]	test-auc:0.80020560636212279
[22:31:34] INFO: /home/shiyu/NeurIPS-2022-camera-ready/Quantized-GBDT/xgboost/src/cli_main.cc:235: boosting round 271, 236.764 sec elapsed
[22:31:35] [271]	test-auc:0.80021979567213142
[22:31:35] INFO: /home/shiyu/NeurIPS-2022-camera-ready/Quantized-GBDT/xgboost/src/cli_main.cc:235: boosting round 272, 237.141 sec elapsed
[22:31:35] [272]	test-auc:0.80024016920752028
[22:31:35] INFO: /home/shiyu/NeurIPS-2022-camera-ready/Quantized-GBDT/xgboost/src/cli_main.cc:235: boosting round 273, 237.964 sec elapsed
[22:31:36] [273]	test-auc:0.80025014881934409
[22:31:36] INFO: /home/shiyu/NeurIPS-2022-camera-ready/Quantized-GBDT/xgboost/src/cli_main.cc:235: boosting round 274, 238.518 sec elapsed
[22:31:37] [274]	test-auc:0.80027003424825649
[22:31:37] INFO: /home/shiyu/NeurIPS-2022-camera-ready/Quantized-GBDT/xgboost/src/cli_main.cc:235: boosting round 275, 239.29 sec elapsed
[22:31:37] [275]	test-auc:0.80027713753562268
[22:31:37] INFO: /home/shiyu/NeurIPS-2022-camera-ready/Quantized-GBDT/xgboost/src/cli_main.cc:235: boosting round 276, 239.646 sec elapsed
[22:31:38] [276]	test-auc:0.80029265895328794
[22:31:38] INFO: /home/shiyu/NeurIPS-2022-camera-ready/Quantized-GBDT/xgboost/src/cli_main.cc:235: boosting round 277, 240.213 sec elapsed
[22:31:38] [277]	test-auc:0.80030505196549706
[22:31:38] INFO: /home/shiyu/NeurIPS-2022-camera-ready/Quantized-GBDT/xgboost/src/cli_main.cc:235: boosting round 278, 240.692 sec elapsed
[22:31:39] [278]	test-auc:0.80031740165564036
[22:31:39] INFO: /home/shiyu/NeurIPS-2022-camera-ready/Quantized-GBDT/xgboost/src/cli_main.cc:235: boosting round 279, 241.074 sec elapsed
[22:31:39] [279]	test-auc:0.80033733122394601
[22:31:39] INFO: /home/shiyu/NeurIPS-2022-camera-ready/Quantized-GBDT/xgboost/src/cli_main.cc:235: boosting round 280, 241.673 sec elapsed
[22:31:40] [280]	test-auc:0.80034702167038618
[22:31:40] INFO: /home/shiyu/NeurIPS-2022-camera-ready/Quantized-GBDT/xgboost/src/cli_main.cc:235: boosting round 281, 242.188 sec elapsed
[22:31:40] [281]	test-auc:0.80035811457410344
[22:31:40] INFO: /home/shiyu/NeurIPS-2022-camera-ready/Quantized-GBDT/xgboost/src/cli_main.cc:235: boosting round 282, 242.537 sec elapsed
[22:31:40] [282]	test-auc:0.80036565504697832
[22:31:40] INFO: /home/shiyu/NeurIPS-2022-camera-ready/Quantized-GBDT/xgboost/src/cli_main.cc:235: boosting round 283, 243.009 sec elapsed
[22:31:41] [283]	test-auc:0.80036583760163049
[22:31:41] INFO: /home/shiyu/NeurIPS-2022-camera-ready/Quantized-GBDT/xgboost/src/cli_main.cc:235: boosting round 284, 243.53 sec elapsed
[22:31:42] [284]	test-auc:0.80037842990394126
[22:31:42] INFO: /home/shiyu/NeurIPS-2022-camera-ready/Quantized-GBDT/xgboost/src/cli_main.cc:235: boosting round 285, 244.071 sec elapsed
[22:31:42] [285]	test-auc:0.80039085542427069
[22:31:42] INFO: /home/shiyu/NeurIPS-2022-camera-ready/Quantized-GBDT/xgboost/src/cli_main.cc:235: boosting round 286, 244.907 sec elapsed
[22:31:43] [286]	test-auc:0.80040686946050044
[22:31:43] INFO: /home/shiyu/NeurIPS-2022-camera-ready/Quantized-GBDT/xgboost/src/cli_main.cc:235: boosting round 287, 245.675 sec elapsed
[22:31:44] [287]	test-auc:0.80041793807099904
[22:31:44] INFO: /home/shiyu/NeurIPS-2022-camera-ready/Quantized-GBDT/xgboost/src/cli_main.cc:235: boosting round 288, 246.087 sec elapsed
[22:31:44] [288]	test-auc:0.80042697662188367
[22:31:44] INFO: /home/shiyu/NeurIPS-2022-camera-ready/Quantized-GBDT/xgboost/src/cli_main.cc:235: boosting round 289, 246.501 sec elapsed
[22:31:45] [289]	test-auc:0.80044289437454885
[22:31:45] INFO: /home/shiyu/NeurIPS-2022-camera-ready/Quantized-GBDT/xgboost/src/cli_main.cc:235: boosting round 290, 247.418 sec elapsed
[22:31:45] [290]	test-auc:0.80044898596689529
[22:31:45] INFO: /home/shiyu/NeurIPS-2022-camera-ready/Quantized-GBDT/xgboost/src/cli_main.cc:235: boosting round 291, 247.772 sec elapsed
[22:31:46] [291]	test-auc:0.80045580568330188
[22:31:46] INFO: /home/shiyu/NeurIPS-2022-camera-ready/Quantized-GBDT/xgboost/src/cli_main.cc:235: boosting round 292, 248.189 sec elapsed
[22:31:46] [292]	test-auc:0.80046558484835162
[22:31:46] INFO: /home/shiyu/NeurIPS-2022-camera-ready/Quantized-GBDT/xgboost/src/cli_main.cc:235: boosting round 293, 248.481 sec elapsed
[22:31:47] [293]	test-auc:0.80048656793066364
[22:31:47] INFO: /home/shiyu/NeurIPS-2022-camera-ready/Quantized-GBDT/xgboost/src/cli_main.cc:235: boosting round 294, 249.226 sec elapsed
[22:31:47] [294]	test-auc:0.80050751670356357
[22:31:47] INFO: /home/shiyu/NeurIPS-2022-camera-ready/Quantized-GBDT/xgboost/src/cli_main.cc:235: boosting round 295, 249.981 sec elapsed
[22:31:48] [295]	test-auc:0.80051274567671427
[22:31:48] INFO: /home/shiyu/NeurIPS-2022-camera-ready/Quantized-GBDT/xgboost/src/cli_main.cc:235: boosting round 296, 250.467 sec elapsed
[22:31:49] [296]	test-auc:0.80052621438487415
[22:31:49] INFO: /home/shiyu/NeurIPS-2022-camera-ready/Quantized-GBDT/xgboost/src/cli_main.cc:235: boosting round 297, 251.061 sec elapsed
[22:31:49] [297]	test-auc:0.80054420979182062
[22:31:49] INFO: /home/shiyu/NeurIPS-2022-camera-ready/Quantized-GBDT/xgboost/src/cli_main.cc:235: boosting round 298, 251.438 sec elapsed
[22:31:50] [298]	test-auc:0.80056745876285307
[22:31:50] INFO: /home/shiyu/NeurIPS-2022-camera-ready/Quantized-GBDT/xgboost/src/cli_main.cc:235: boosting round 299, 252.305 sec elapsed
[22:31:50] [299]	test-auc:0.80058664108607414
[22:31:50] INFO: /home/shiyu/NeurIPS-2022-camera-ready/Quantized-GBDT/xgboost/src/cli_main.cc:235: boosting round 300, 253.017 sec elapsed
[22:31:51] [300]	test-auc:0.80059208489031586
[22:31:51] INFO: /home/shiyu/NeurIPS-2022-camera-ready/Quantized-GBDT/xgboost/src/cli_main.cc:235: boosting round 301, 253.498 sec elapsed
[22:31:52] [301]	test-auc:0.80062717255514149
[22:31:52] INFO: /home/shiyu/NeurIPS-2022-camera-ready/Quantized-GBDT/xgboost/src/cli_main.cc:235: boosting round 302, 254.09 sec elapsed
[22:31:52] [302]	test-auc:0.80064202582374855
[22:31:52] INFO: /home/shiyu/NeurIPS-2022-camera-ready/Quantized-GBDT/xgboost/src/cli_main.cc:235: boosting round 303, 254.713 sec elapsed
[22:31:53] [303]	test-auc:0.80064844456050088
[22:31:53] INFO: /home/shiyu/NeurIPS-2022-camera-ready/Quantized-GBDT/xgboost/src/cli_main.cc:235: boosting round 304, 255.31 sec elapsed
[22:31:53] [304]	test-auc:0.80066535977501929
[22:31:53] INFO: /home/shiyu/NeurIPS-2022-camera-ready/Quantized-GBDT/xgboost/src/cli_main.cc:235: boosting round 305, 255.821 sec elapsed
[22:31:54] [305]	test-auc:0.80068212095102398
[22:31:54] INFO: /home/shiyu/NeurIPS-2022-camera-ready/Quantized-GBDT/xgboost/src/cli_main.cc:235: boosting round 306, 256.486 sec elapsed
[22:31:55] [306]	test-auc:0.80069989244868567
[22:31:55] INFO: /home/shiyu/NeurIPS-2022-camera-ready/Quantized-GBDT/xgboost/src/cli_main.cc:235: boosting round 307, 257.213 sec elapsed
[22:31:55] [307]	test-auc:0.80072273054317999
[22:31:55] INFO: /home/shiyu/NeurIPS-2022-camera-ready/Quantized-GBDT/xgboost/src/cli_main.cc:235: boosting round 308, 258.03 sec elapsed
[22:31:56] [308]	test-auc:0.80074029596148422
[22:31:56] INFO: /home/shiyu/NeurIPS-2022-camera-ready/Quantized-GBDT/xgboost/src/cli_main.cc:235: boosting round 309, 258.796 sec elapsed
[22:31:57] [309]	test-auc:0.80075460631498374
[22:31:57] INFO: /home/shiyu/NeurIPS-2022-camera-ready/Quantized-GBDT/xgboost/src/cli_main.cc:235: boosting round 310, 259.551 sec elapsed
[22:31:57] [310]	test-auc:0.80075732249717602
[22:31:57] INFO: /home/shiyu/NeurIPS-2022-camera-ready/Quantized-GBDT/xgboost/src/cli_main.cc:235: boosting round 311, 259.96 sec elapsed
[22:31:58] [311]	test-auc:0.80076761746243363
[22:31:58] INFO: /home/shiyu/NeurIPS-2022-camera-ready/Quantized-GBDT/xgboost/src/cli_main.cc:235: boosting round 312, 260.747 sec elapsed
[22:31:59] [312]	test-auc:0.80077260674000050
[22:31:59] INFO: /home/shiyu/NeurIPS-2022-camera-ready/Quantized-GBDT/xgboost/src/cli_main.cc:235: boosting round 313, 261.043 sec elapsed
[22:31:59] [313]	test-auc:0.80080270794125896
[22:31:59] INFO: /home/shiyu/NeurIPS-2022-camera-ready/Quantized-GBDT/xgboost/src/cli_main.cc:235: boosting round 314, 261.569 sec elapsed
[22:31:59] [314]	test-auc:0.80081693681724553
[22:31:59] INFO: /home/shiyu/NeurIPS-2022-camera-ready/Quantized-GBDT/xgboost/src/cli_main.cc:235: boosting round 315, 261.953 sec elapsed
[22:32:00] [315]	test-auc:0.80083623483038280
[22:32:00] INFO: /home/shiyu/NeurIPS-2022-camera-ready/Quantized-GBDT/xgboost/src/cli_main.cc:235: boosting round 316, 262.751 sec elapsed
[22:32:01] [316]	test-auc:0.80085072818071146
[22:32:01] INFO: /home/shiyu/NeurIPS-2022-camera-ready/Quantized-GBDT/xgboost/src/cli_main.cc:235: boosting round 317, 263.182 sec elapsed
[22:32:01] [317]	test-auc:0.80085629883001874
[22:32:01] INFO: /home/shiyu/NeurIPS-2022-camera-ready/Quantized-GBDT/xgboost/src/cli_main.cc:235: boosting round 318, 263.543 sec elapsed
[22:32:02] [318]	test-auc:0.80087257111988319
[22:32:02] INFO: /home/shiyu/NeurIPS-2022-camera-ready/Quantized-GBDT/xgboost/src/cli_main.cc:235: boosting round 319, 264.197 sec elapsed
[22:32:02] [319]	test-auc:0.80087924581377512
[22:32:02] INFO: /home/shiyu/NeurIPS-2022-camera-ready/Quantized-GBDT/xgboost/src/cli_main.cc:235: boosting round 320, 264.715 sec elapsed
[22:32:03] [320]	test-auc:0.80088774165880883
[22:32:03] INFO: /home/shiyu/NeurIPS-2022-camera-ready/Quantized-GBDT/xgboost/src/cli_main.cc:235: boosting round 321, 265.078 sec elapsed
[22:32:03] [321]	test-auc:0.80090722098728873
[22:32:03] INFO: /home/shiyu/NeurIPS-2022-camera-ready/Quantized-GBDT/xgboost/src/cli_main.cc:235: boosting round 322, 265.769 sec elapsed
[22:32:04] [322]	test-auc:0.80091488235299968
[22:32:04] INFO: /home/shiyu/NeurIPS-2022-camera-ready/Quantized-GBDT/xgboost/src/cli_main.cc:235: boosting round 323, 266.296 sec elapsed
[22:32:04] [323]	test-auc:0.80091788526469976
[22:32:04] INFO: /home/shiyu/NeurIPS-2022-camera-ready/Quantized-GBDT/xgboost/src/cli_main.cc:235: boosting round 324, 266.606 sec elapsed
[22:32:05] [324]	test-auc:0.80092569284627058
[22:32:05] INFO: /home/shiyu/NeurIPS-2022-camera-ready/Quantized-GBDT/xgboost/src/cli_main.cc:235: boosting round 325, 267.135 sec elapsed
[22:32:05] [325]	test-auc:0.80092964285228962
[22:32:05] INFO: /home/shiyu/NeurIPS-2022-camera-ready/Quantized-GBDT/xgboost/src/cli_main.cc:235: boosting round 326, 267.413 sec elapsed
[22:32:05] [326]	test-auc:0.80093733276573198
[22:32:05] INFO: /home/shiyu/NeurIPS-2022-camera-ready/Quantized-GBDT/xgboost/src/cli_main.cc:235: boosting round 327, 267.859 sec elapsed
[22:32:06] [327]	test-auc:0.80094402621355099
[22:32:06] INFO: /home/shiyu/NeurIPS-2022-camera-ready/Quantized-GBDT/xgboost/src/cli_main.cc:235: boosting round 328, 268.174 sec elapsed
[22:32:06] [328]	test-auc:0.80096432344944402
[22:32:06] INFO: /home/shiyu/NeurIPS-2022-camera-ready/Quantized-GBDT/xgboost/src/cli_main.cc:235: boosting round 329, 268.86 sec elapsed
[22:32:07] [329]	test-auc:0.80097831147701493
[22:32:07] INFO: /home/shiyu/NeurIPS-2022-camera-ready/Quantized-GBDT/xgboost/src/cli_main.cc:235: boosting round 330, 269.689 sec elapsed
[22:32:08] [330]	test-auc:0.80098836679327268
[22:32:08] INFO: /home/shiyu/NeurIPS-2022-camera-ready/Quantized-GBDT/xgboost/src/cli_main.cc:235: boosting round 331, 270.243 sec elapsed
[22:32:08] [331]	test-auc:0.80099333605443468
[22:32:08] INFO: /home/shiyu/NeurIPS-2022-camera-ready/Quantized-GBDT/xgboost/src/cli_main.cc:235: boosting round 332, 270.618 sec elapsed
[22:32:08] [332]	test-auc:0.80100292787460270
[22:32:08] INFO: /home/shiyu/NeurIPS-2022-camera-ready/Quantized-GBDT/xgboost/src/cli_main.cc:235: boosting round 333, 270.927 sec elapsed
[22:32:09] [333]	test-auc:0.80101398020099690
[22:32:09] INFO: /home/shiyu/NeurIPS-2022-camera-ready/Quantized-GBDT/xgboost/src/cli_main.cc:235: boosting round 334, 271.286 sec elapsed
[22:32:09] [334]	test-auc:0.80101990108330923
[22:32:09] INFO: /home/shiyu/NeurIPS-2022-camera-ready/Quantized-GBDT/xgboost/src/cli_main.cc:235: boosting round 335, 271.58 sec elapsed
[22:32:10] [335]	test-auc:0.80102545294536198
[22:32:10] INFO: /home/shiyu/NeurIPS-2022-camera-ready/Quantized-GBDT/xgboost/src/cli_main.cc:235: boosting round 336, 272.058 sec elapsed
[22:32:10] [336]	test-auc:0.80104653802113157
[22:32:10] INFO: /home/shiyu/NeurIPS-2022-camera-ready/Quantized-GBDT/xgboost/src/cli_main.cc:235: boosting round 337, 272.578 sec elapsed
[22:32:10] [337]	test-auc:0.80105661524131622
[22:32:10] INFO: /home/shiyu/NeurIPS-2022-camera-ready/Quantized-GBDT/xgboost/src/cli_main.cc:235: boosting round 338, 272.959 sec elapsed
[22:32:11] [338]	test-auc:0.80106348533578808
[22:32:11] INFO: /home/shiyu/NeurIPS-2022-camera-ready/Quantized-GBDT/xgboost/src/cli_main.cc:235: boosting round 339, 273.244 sec elapsed
[22:32:11] [339]	test-auc:0.80106960882372380
[22:32:11] INFO: /home/shiyu/NeurIPS-2022-camera-ready/Quantized-GBDT/xgboost/src/cli_main.cc:235: boosting round 340, 273.902 sec elapsed
[22:32:12] [340]	test-auc:0.80107764055245534
[22:32:12] INFO: /home/shiyu/NeurIPS-2022-camera-ready/Quantized-GBDT/xgboost/src/cli_main.cc:235: boosting round 341, 274.354 sec elapsed
[22:32:12] [341]	test-auc:0.80108019315086054
[22:32:12] INFO: /home/shiyu/NeurIPS-2022-camera-ready/Quantized-GBDT/xgboost/src/cli_main.cc:235: boosting round 342, 274.692 sec elapsed
[22:32:12] [342]	test-auc:0.80108193643487835
[22:32:12] INFO: /home/shiyu/NeurIPS-2022-camera-ready/Quantized-GBDT/xgboost/src/cli_main.cc:235: boosting round 343, 274.961 sec elapsed
[22:32:13] [343]	test-auc:0.80108701662831105
[22:32:13] INFO: /home/shiyu/NeurIPS-2022-camera-ready/Quantized-GBDT/xgboost/src/cli_main.cc:235: boosting round 344, 275.263 sec elapsed
[22:32:13] [344]	test-auc:0.80109560976949323
[22:32:13] INFO: /home/shiyu/NeurIPS-2022-camera-ready/Quantized-GBDT/xgboost/src/cli_main.cc:235: boosting round 345, 275.749 sec elapsed
[22:32:14] [345]	test-auc:0.80109685096524841
[22:32:14] INFO: /home/shiyu/NeurIPS-2022-camera-ready/Quantized-GBDT/xgboost/src/cli_main.cc:235: boosting round 346, 276.057 sec elapsed
[22:32:14] [346]	test-auc:0.80110518725812296
[22:32:14] INFO: /home/shiyu/NeurIPS-2022-camera-ready/Quantized-GBDT/xgboost/src/cli_main.cc:235: boosting round 347, 276.456 sec elapsed
[22:32:14] [347]	test-auc:0.80110988413890827
[22:32:14] INFO: /home/shiyu/NeurIPS-2022-camera-ready/Quantized-GBDT/xgboost/src/cli_main.cc:235: boosting round 348, 276.804 sec elapsed
[22:32:15] [348]	test-auc:0.80111846297977340
[22:32:15] INFO: /home/shiyu/NeurIPS-2022-camera-ready/Quantized-GBDT/xgboost/src/cli_main.cc:235: boosting round 349, 277.503 sec elapsed
[22:32:16] [349]	test-auc:0.80114265230988679
[22:32:16] INFO: /home/shiyu/NeurIPS-2022-camera-ready/Quantized-GBDT/xgboost/src/cli_main.cc:235: boosting round 350, 278.1 sec elapsed
[22:32:16] [350]	test-auc:0.80115450265527155
[22:32:16] INFO: /home/shiyu/NeurIPS-2022-camera-ready/Quantized-GBDT/xgboost/src/cli_main.cc:235: boosting round 351, 278.868 sec elapsed
[22:32:17] [351]	test-auc:0.80116997190646466
[22:32:17] INFO: /home/shiyu/NeurIPS-2022-camera-ready/Quantized-GBDT/xgboost/src/cli_main.cc:235: boosting round 352, 279.728 sec elapsed
[22:32:18] [352]	test-auc:0.80117377188478378
[22:32:18] INFO: /home/shiyu/NeurIPS-2022-camera-ready/Quantized-GBDT/xgboost/src/cli_main.cc:235: boosting round 353, 280.223 sec elapsed
[22:32:18] [353]	test-auc:0.80118181782462883
[22:32:18] INFO: /home/shiyu/NeurIPS-2022-camera-ready/Quantized-GBDT/xgboost/src/cli_main.cc:235: boosting round 354, 280.529 sec elapsed
[22:32:18] [354]	test-auc:0.80118826746185556
[22:32:18] INFO: /home/shiyu/NeurIPS-2022-camera-ready/Quantized-GBDT/xgboost/src/cli_main.cc:235: boosting round 355, 280.853 sec elapsed
[22:32:19] [355]	test-auc:0.80119568770980576
[22:32:19] INFO: /home/shiyu/NeurIPS-2022-camera-ready/Quantized-GBDT/xgboost/src/cli_main.cc:235: boosting round 356, 281.162 sec elapsed
[22:32:19] [356]	test-auc:0.80120772107270999
[22:32:19] INFO: /home/shiyu/NeurIPS-2022-camera-ready/Quantized-GBDT/xgboost/src/cli_main.cc:235: boosting round 357, 281.911 sec elapsed
[22:32:20] [357]	test-auc:0.80121211676211301
[22:32:20] INFO: /home/shiyu/NeurIPS-2022-camera-ready/Quantized-GBDT/xgboost/src/cli_main.cc:235: boosting round 358, 282.22 sec elapsed
[22:32:20] [358]	test-auc:0.80121310921518807
[22:32:20] INFO: /home/shiyu/NeurIPS-2022-camera-ready/Quantized-GBDT/xgboost/src/cli_main.cc:235: boosting round 359, 282.486 sec elapsed
[22:32:20] [359]	test-auc:0.80121771072674508
[22:32:20] INFO: /home/shiyu/NeurIPS-2022-camera-ready/Quantized-GBDT/xgboost/src/cli_main.cc:235: boosting round 360, 282.795 sec elapsed
[22:32:21] [360]	test-auc:0.80122137600091992
[22:32:21] INFO: /home/shiyu/NeurIPS-2022-camera-ready/Quantized-GBDT/xgboost/src/cli_main.cc:235: boosting round 361, 283.077 sec elapsed
[22:32:21] [361]	test-auc:0.80122725990254606
[22:32:21] INFO: /home/shiyu/NeurIPS-2022-camera-ready/Quantized-GBDT/xgboost/src/cli_main.cc:235: boosting round 362, 283.396 sec elapsed
[22:32:21] [362]	test-auc:0.80123064211285877
[22:32:21] INFO: /home/shiyu/NeurIPS-2022-camera-ready/Quantized-GBDT/xgboost/src/cli_main.cc:235: boosting round 363, 283.66 sec elapsed
[22:32:22] [363]	test-auc:0.80124259823925825
[22:32:22] INFO: /home/shiyu/NeurIPS-2022-camera-ready/Quantized-GBDT/xgboost/src/cli_main.cc:235: boosting round 364, 284.138 sec elapsed
[22:32:22] [364]	test-auc:0.80125720797491906
[22:32:22] INFO: /home/shiyu/NeurIPS-2022-camera-ready/Quantized-GBDT/xgboost/src/cli_main.cc:235: boosting round 365, 284.909 sec elapsed
[22:32:23] [365]	test-auc:0.80125445016689067
[22:32:23] INFO: /home/shiyu/NeurIPS-2022-camera-ready/Quantized-GBDT/xgboost/src/cli_main.cc:235: boosting round 366, 285.43 sec elapsed
[22:32:23] [366]	test-auc:0.80126252791361718
[22:32:23] INFO: /home/shiyu/NeurIPS-2022-camera-ready/Quantized-GBDT/xgboost/src/cli_main.cc:235: boosting round 367, 285.716 sec elapsed
[22:32:24] [367]	test-auc:0.80126649858127996
[22:32:24] INFO: /home/shiyu/NeurIPS-2022-camera-ready/Quantized-GBDT/xgboost/src/cli_main.cc:235: boosting round 368, 286.105 sec elapsed
[22:32:24] [368]	test-auc:0.80127766614005080
[22:32:24] INFO: /home/shiyu/NeurIPS-2022-camera-ready/Quantized-GBDT/xgboost/src/cli_main.cc:235: boosting round 369, 286.525 sec elapsed
[22:32:25] [369]	test-auc:0.80127797697037006
[22:32:25] INFO: /home/shiyu/NeurIPS-2022-camera-ready/Quantized-GBDT/xgboost/src/cli_main.cc:235: boosting round 370, 287.153 sec elapsed
[22:32:25] [370]	test-auc:0.80129479962197847
[22:32:25] INFO: /home/shiyu/NeurIPS-2022-camera-ready/Quantized-GBDT/xgboost/src/cli_main.cc:235: boosting round 371, 287.659 sec elapsed
[22:32:25] [371]	test-auc:0.80130157344899200
[22:32:25] INFO: /home/shiyu/NeurIPS-2022-camera-ready/Quantized-GBDT/xgboost/src/cli_main.cc:235: boosting round 372, 287.967 sec elapsed
[22:32:26] [372]	test-auc:0.80131860806305466
[22:32:26] INFO: /home/shiyu/NeurIPS-2022-camera-ready/Quantized-GBDT/xgboost/src/cli_main.cc:235: boosting round 373, 288.827 sec elapsed
[22:32:27] [373]	test-auc:0.80131596934087135
[22:32:27] INFO: /home/shiyu/NeurIPS-2022-camera-ready/Quantized-GBDT/xgboost/src/cli_main.cc:235: boosting round 374, 289.18 sec elapsed
[22:32:27] [374]	test-auc:0.80131958385526425
[22:32:27] INFO: /home/shiyu/NeurIPS-2022-camera-ready/Quantized-GBDT/xgboost/src/cli_main.cc:235: boosting round 375, 289.54 sec elapsed
[22:32:27] [375]	test-auc:0.80132344141805478
[22:32:27] INFO: /home/shiyu/NeurIPS-2022-camera-ready/Quantized-GBDT/xgboost/src/cli_main.cc:235: boosting round 376, 289.878 sec elapsed
[22:32:28] [376]	test-auc:0.80133990350416362
[22:32:28] INFO: /home/shiyu/NeurIPS-2022-camera-ready/Quantized-GBDT/xgboost/src/cli_main.cc:235: boosting round 377, 290.528 sec elapsed
[22:32:29] [377]	test-auc:0.80135929556396301
[22:32:29] INFO: /home/shiyu/NeurIPS-2022-camera-ready/Quantized-GBDT/xgboost/src/cli_main.cc:235: boosting round 378, 291.281 sec elapsed
[22:32:29] [378]	test-auc:0.80136622608354313
[22:32:29] INFO: /home/shiyu/NeurIPS-2022-camera-ready/Quantized-GBDT/xgboost/src/cli_main.cc:235: boosting round 379, 291.859 sec elapsed
[22:32:30] [379]	test-auc:0.80136873407027198
[22:32:30] INFO: /home/shiyu/NeurIPS-2022-camera-ready/Quantized-GBDT/xgboost/src/cli_main.cc:235: boosting round 380, 292.221 sec elapsed
[22:32:30] [380]	test-auc:0.80138136603395893
[22:32:30] INFO: /home/shiyu/NeurIPS-2022-camera-ready/Quantized-GBDT/xgboost/src/cli_main.cc:235: boosting round 381, 292.985 sec elapsed
[22:32:31] [381]	test-auc:0.80139362809005887
[22:32:31] INFO: /home/shiyu/NeurIPS-2022-camera-ready/Quantized-GBDT/xgboost/src/cli_main.cc:235: boosting round 382, 293.581 sec elapsed
[22:32:31] [382]	test-auc:0.80139617870678292
[22:32:31] INFO: /home/shiyu/NeurIPS-2022-camera-ready/Quantized-GBDT/xgboost/src/cli_main.cc:235: boosting round 383, 293.911 sec elapsed
[22:32:32] [383]	test-auc:0.80139771901213308
[22:32:32] INFO: /home/shiyu/NeurIPS-2022-camera-ready/Quantized-GBDT/xgboost/src/cli_main.cc:235: boosting round 384, 294.173 sec elapsed
[22:32:32] [384]	test-auc:0.80140185446597223
[22:32:32] INFO: /home/shiyu/NeurIPS-2022-camera-ready/Quantized-GBDT/xgboost/src/cli_main.cc:235: boosting round 385, 294.86 sec elapsed
[22:32:33] [385]	test-auc:0.80142295899455385
[22:32:33] INFO: /home/shiyu/NeurIPS-2022-camera-ready/Quantized-GBDT/xgboost/src/cli_main.cc:235: boosting round 386, 295.272 sec elapsed
[22:32:33] [386]	test-auc:0.80143524760951801
[22:32:33] INFO: /home/shiyu/NeurIPS-2022-camera-ready/Quantized-GBDT/xgboost/src/cli_main.cc:235: boosting round 387, 295.828 sec elapsed
[22:32:34] [387]	test-auc:0.80143964407424839
[22:32:34] INFO: /home/shiyu/NeurIPS-2022-camera-ready/Quantized-GBDT/xgboost/src/cli_main.cc:235: boosting round 388, 296.103 sec elapsed
[22:32:34] [388]	test-auc:0.80145391898396423
[22:32:34] INFO: /home/shiyu/NeurIPS-2022-camera-ready/Quantized-GBDT/xgboost/src/cli_main.cc:235: boosting round 389, 296.576 sec elapsed
[22:32:35] [389]	test-auc:0.80146938354676855
[22:32:35] INFO: /home/shiyu/NeurIPS-2022-camera-ready/Quantized-GBDT/xgboost/src/cli_main.cc:235: boosting round 390, 297.064 sec elapsed
[22:32:35] [390]	test-auc:0.80148721543794565
[22:32:35] INFO: /home/shiyu/NeurIPS-2022-camera-ready/Quantized-GBDT/xgboost/src/cli_main.cc:235: boosting round 391, 297.851 sec elapsed
[22:32:36] [391]	test-auc:0.80149863228180374
[22:32:36] INFO: /home/shiyu/NeurIPS-2022-camera-ready/Quantized-GBDT/xgboost/src/cli_main.cc:235: boosting round 392, 298.577 sec elapsed
[22:32:36] [392]	test-auc:0.80150182501663303
[22:32:36] INFO: /home/shiyu/NeurIPS-2022-camera-ready/Quantized-GBDT/xgboost/src/cli_main.cc:235: boosting round 393, 298.904 sec elapsed
[22:32:37] [393]	test-auc:0.80152002031109704
[22:32:37] INFO: /home/shiyu/NeurIPS-2022-camera-ready/Quantized-GBDT/xgboost/src/cli_main.cc:235: boosting round 394, 299.361 sec elapsed
[22:32:37] [394]	test-auc:0.80152579388034617
[22:32:37] INFO: /home/shiyu/NeurIPS-2022-camera-ready/Quantized-GBDT/xgboost/src/cli_main.cc:235: boosting round 395, 299.774 sec elapsed
[22:32:38] [395]	test-auc:0.80153853057207447
[22:32:38] INFO: /home/shiyu/NeurIPS-2022-camera-ready/Quantized-GBDT/xgboost/src/cli_main.cc:235: boosting round 396, 300.418 sec elapsed
[22:32:38] [396]	test-auc:0.80154633136451325
[22:32:38] INFO: /home/shiyu/NeurIPS-2022-camera-ready/Quantized-GBDT/xgboost/src/cli_main.cc:235: boosting round 397, 300.77 sec elapsed
[22:32:39] [397]	test-auc:0.80155490727058232
[22:32:39] INFO: /home/shiyu/NeurIPS-2022-camera-ready/Quantized-GBDT/xgboost/src/cli_main.cc:235: boosting round 398, 301.227 sec elapsed
[22:32:39] [398]	test-auc:0.80156295918520537
[22:32:39] INFO: /home/shiyu/NeurIPS-2022-camera-ready/Quantized-GBDT/xgboost/src/cli_main.cc:235: boosting round 399, 301.7 sec elapsed
[22:32:39] [399]	test-auc:0.80156263799773675
[22:32:39] INFO: /home/shiyu/NeurIPS-2022-camera-ready/Quantized-GBDT/xgboost/src/cli_main.cc:235: boosting round 400, 301.97 sec elapsed
[22:32:40] [400]	test-auc:0.80156083837252179
[22:32:40] INFO: /home/shiyu/NeurIPS-2022-camera-ready/Quantized-GBDT/xgboost/src/cli_main.cc:235: boosting round 401, 302.412 sec elapsed
[22:32:40] [401]	test-auc:0.80156513267430785
[22:32:40] INFO: /home/shiyu/NeurIPS-2022-camera-ready/Quantized-GBDT/xgboost/src/cli_main.cc:235: boosting round 402, 302.727 sec elapsed
[22:32:41] [402]	test-auc:0.80156952175236640
[22:32:41] INFO: /home/shiyu/NeurIPS-2022-camera-ready/Quantized-GBDT/xgboost/src/cli_main.cc:235: boosting round 403, 303.063 sec elapsed
[22:32:41] [403]	test-auc:0.80157737156090592
[22:32:41] INFO: /home/shiyu/NeurIPS-2022-camera-ready/Quantized-GBDT/xgboost/src/cli_main.cc:235: boosting round 404, 303.45 sec elapsed
[22:32:41] [404]	test-auc:0.80157973072232391
[22:32:41] INFO: /home/shiyu/NeurIPS-2022-camera-ready/Quantized-GBDT/xgboost/src/cli_main.cc:235: boosting round 405, 303.741 sec elapsed
[22:32:41] [405]	test-auc:0.80158214435377118
[22:32:41] INFO: /home/shiyu/NeurIPS-2022-camera-ready/Quantized-GBDT/xgboost/src/cli_main.cc:235: boosting round 406, 304.018 sec elapsed
[22:32:42] [406]	test-auc:0.80158509537961875
[22:32:42] INFO: /home/shiyu/NeurIPS-2022-camera-ready/Quantized-GBDT/xgboost/src/cli_main.cc:235: boosting round 407, 304.378 sec elapsed
[22:32:42] [407]	test-auc:0.80159741237443816
[22:32:42] INFO: /home/shiyu/NeurIPS-2022-camera-ready/Quantized-GBDT/xgboost/src/cli_main.cc:235: boosting round 408, 304.938 sec elapsed
[22:32:43] [408]	test-auc:0.80159903368154917
[22:32:43] INFO: /home/shiyu/NeurIPS-2022-camera-ready/Quantized-GBDT/xgboost/src/cli_main.cc:235: boosting round 409, 305.307 sec elapsed
[22:32:43] [409]	test-auc:0.80161812431493973
[22:32:43] INFO: /home/shiyu/NeurIPS-2022-camera-ready/Quantized-GBDT/xgboost/src/cli_main.cc:235: boosting round 410, 305.995 sec elapsed
[22:32:44] [410]	test-auc:0.80162210867199934
[22:32:44] INFO: /home/shiyu/NeurIPS-2022-camera-ready/Quantized-GBDT/xgboost/src/cli_main.cc:235: boosting round 411, 306.585 sec elapsed
[22:32:45] [411]	test-auc:0.80163293374645439
[22:32:45] INFO: /home/shiyu/NeurIPS-2022-camera-ready/Quantized-GBDT/xgboost/src/cli_main.cc:235: boosting round 412, 307.329 sec elapsed
[22:32:45] [412]	test-auc:0.80162698511242825
[22:32:45] INFO: /home/shiyu/NeurIPS-2022-camera-ready/Quantized-GBDT/xgboost/src/cli_main.cc:235: boosting round 413, 307.697 sec elapsed
[22:32:45] [413]	test-auc:0.80163061460446550
[22:32:45] INFO: /home/shiyu/NeurIPS-2022-camera-ready/Quantized-GBDT/xgboost/src/cli_main.cc:235: boosting round 414, 307.983 sec elapsed
[22:32:46] [414]	test-auc:0.80163651342079800
[22:32:46] INFO: /home/shiyu/NeurIPS-2022-camera-ready/Quantized-GBDT/xgboost/src/cli_main.cc:235: boosting round 415, 308.439 sec elapsed
[22:32:46] [415]	test-auc:0.80163940591599714
[22:32:46] INFO: /home/shiyu/NeurIPS-2022-camera-ready/Quantized-GBDT/xgboost/src/cli_main.cc:235: boosting round 416, 308.75 sec elapsed
[22:32:47] [416]	test-auc:0.80164454291820242
[22:32:47] INFO: /home/shiyu/NeurIPS-2022-camera-ready/Quantized-GBDT/xgboost/src/cli_main.cc:235: boosting round 417, 309.075 sec elapsed
[22:32:47] [417]	test-auc:0.80166198893993590
[22:32:47] INFO: /home/shiyu/NeurIPS-2022-camera-ready/Quantized-GBDT/xgboost/src/cli_main.cc:235: boosting round 418, 309.492 sec elapsed
[22:32:47] [418]	test-auc:0.80167360539651489
[22:32:47] INFO: /home/shiyu/NeurIPS-2022-camera-ready/Quantized-GBDT/xgboost/src/cli_main.cc:235: boosting round 419, 310.029 sec elapsed
[22:32:48] [419]	test-auc:0.80167191712245567
[22:32:48] INFO: /home/shiyu/NeurIPS-2022-camera-ready/Quantized-GBDT/xgboost/src/cli_main.cc:235: boosting round 420, 310.482 sec elapsed
[22:32:48] [420]	test-auc:0.80168375603628428
[22:32:48] INFO: /home/shiyu/NeurIPS-2022-camera-ready/Quantized-GBDT/xgboost/src/cli_main.cc:235: boosting round 421, 310.972 sec elapsed
[22:32:49] [421]	test-auc:0.80170245523021411
[22:32:49] INFO: /home/shiyu/NeurIPS-2022-camera-ready/Quantized-GBDT/xgboost/src/cli_main.cc:235: boosting round 422, 311.624 sec elapsed
[22:32:50] [422]	test-auc:0.80170824003031149
[22:32:50] INFO: /home/shiyu/NeurIPS-2022-camera-ready/Quantized-GBDT/xgboost/src/cli_main.cc:235: boosting round 423, 312.174 sec elapsed
[22:32:50] [423]	test-auc:0.80171302470570649
[22:32:50] INFO: /home/shiyu/NeurIPS-2022-camera-ready/Quantized-GBDT/xgboost/src/cli_main.cc:235: boosting round 424, 312.522 sec elapsed
[22:32:51] [424]	test-auc:0.80172044734319636
[22:32:51] INFO: /home/shiyu/NeurIPS-2022-camera-ready/Quantized-GBDT/xgboost/src/cli_main.cc:235: boosting round 425, 313.06 sec elapsed
[22:32:51] [425]	test-auc:0.80172063727275034
[22:32:51] INFO: /home/shiyu/NeurIPS-2022-camera-ready/Quantized-GBDT/xgboost/src/cli_main.cc:235: boosting round 426, 313.482 sec elapsed
[22:32:51] [426]	test-auc:0.80172516742371358
[22:32:51] INFO: /home/shiyu/NeurIPS-2022-camera-ready/Quantized-GBDT/xgboost/src/cli_main.cc:235: boosting round 427, 313.764 sec elapsed
[22:32:52] [427]	test-auc:0.80173128235740243
[22:32:52] INFO: /home/shiyu/NeurIPS-2022-camera-ready/Quantized-GBDT/xgboost/src/cli_main.cc:235: boosting round 428, 314.094 sec elapsed
[22:32:52] [428]	test-auc:0.80173937317009203
[22:32:52] INFO: /home/shiyu/NeurIPS-2022-camera-ready/Quantized-GBDT/xgboost/src/cli_main.cc:235: boosting round 429, 314.692 sec elapsed
[22:32:53] [429]	test-auc:0.80175205709049879
[22:32:53] INFO: /home/shiyu/NeurIPS-2022-camera-ready/Quantized-GBDT/xgboost/src/cli_main.cc:235: boosting round 430, 315.393 sec elapsed
[22:32:53] [430]	test-auc:0.80175774269689049
[22:32:53] INFO: /home/shiyu/NeurIPS-2022-camera-ready/Quantized-GBDT/xgboost/src/cli_main.cc:235: boosting round 431, 315.723 sec elapsed
[22:32:54] [431]	test-auc:0.80176424789627043
[22:32:54] INFO: /home/shiyu/NeurIPS-2022-camera-ready/Quantized-GBDT/xgboost/src/cli_main.cc:235: boosting round 432, 316.323 sec elapsed
[22:32:54] [432]	test-auc:0.80177877155969302
[22:32:54] INFO: /home/shiyu/NeurIPS-2022-camera-ready/Quantized-GBDT/xgboost/src/cli_main.cc:235: boosting round 433, 316.681 sec elapsed
[22:32:54] [433]	test-auc:0.80178246876538639
[22:32:54] INFO: /home/shiyu/NeurIPS-2022-camera-ready/Quantized-GBDT/xgboost/src/cli_main.cc:235: boosting round 434, 316.958 sec elapsed
[22:32:55] [434]	test-auc:0.80178667306043905
[22:32:55] INFO: /home/shiyu/NeurIPS-2022-camera-ready/Quantized-GBDT/xgboost/src/cli_main.cc:235: boosting round 435, 317.327 sec elapsed
[22:32:55] [435]	test-auc:0.80179668261627723
[22:32:55] INFO: /home/shiyu/NeurIPS-2022-camera-ready/Quantized-GBDT/xgboost/src/cli_main.cc:235: boosting round 436, 317.834 sec elapsed
[22:32:56] [436]	test-auc:0.80180016465710968
[22:32:56] INFO: /home/shiyu/NeurIPS-2022-camera-ready/Quantized-GBDT/xgboost/src/cli_main.cc:235: boosting round 437, 318.195 sec elapsed
[22:32:56] [437]	test-auc:0.80180975878479954
[22:32:56] INFO: /home/shiyu/NeurIPS-2022-camera-ready/Quantized-GBDT/xgboost/src/cli_main.cc:235: boosting round 438, 318.949 sec elapsed
[22:32:57] [438]	test-auc:0.80181796076652090
[22:32:57] INFO: /home/shiyu/NeurIPS-2022-camera-ready/Quantized-GBDT/xgboost/src/cli_main.cc:235: boosting round 439, 319.366 sec elapsed
[22:32:57] [439]	test-auc:0.80182289597126188
[22:32:57] INFO: /home/shiyu/NeurIPS-2022-camera-ready/Quantized-GBDT/xgboost/src/cli_main.cc:235: boosting round 440, 319.696 sec elapsed
[22:32:58] [440]	test-auc:0.80182780046174085
[22:32:58] INFO: /home/shiyu/NeurIPS-2022-camera-ready/Quantized-GBDT/xgboost/src/cli_main.cc:235: boosting round 441, 320.223 sec elapsed
[22:32:58] [441]	test-auc:0.80183591890175476
[22:32:58] INFO: /home/shiyu/NeurIPS-2022-camera-ready/Quantized-GBDT/xgboost/src/cli_main.cc:235: boosting round 442, 320.947 sec elapsed
[22:32:59] [442]	test-auc:0.80183709342406606
[22:32:59] INFO: /home/shiyu/NeurIPS-2022-camera-ready/Quantized-GBDT/xgboost/src/cli_main.cc:235: boosting round 443, 321.265 sec elapsed
[22:32:59] [443]	test-auc:0.80183784160838956
[22:32:59] INFO: /home/shiyu/NeurIPS-2022-camera-ready/Quantized-GBDT/xgboost/src/cli_main.cc:235: boosting round 444, 321.524 sec elapsed
[22:32:59] [444]	test-auc:0.80183519313502161
[22:32:59] INFO: /home/shiyu/NeurIPS-2022-camera-ready/Quantized-GBDT/xgboost/src/cli_main.cc:235: boosting round 445, 321.891 sec elapsed
[22:33:00] [445]	test-auc:0.80183586853818511
[22:33:00] INFO: /home/shiyu/NeurIPS-2022-camera-ready/Quantized-GBDT/xgboost/src/cli_main.cc:235: boosting round 446, 322.265 sec elapsed
[22:33:00] [446]	test-auc:0.80183753115433576
[22:33:00] INFO: /home/shiyu/NeurIPS-2022-camera-ready/Quantized-GBDT/xgboost/src/cli_main.cc:235: boosting round 447, 322.528 sec elapsed
[22:33:01] [447]	test-auc:0.80184518583027753
[22:33:01] INFO: /home/shiyu/NeurIPS-2022-camera-ready/Quantized-GBDT/xgboost/src/cli_main.cc:235: boosting round 448, 323.207 sec elapsed
[22:33:01] [448]	test-auc:0.80185235577299918
[22:33:01] INFO: /home/shiyu/NeurIPS-2022-camera-ready/Quantized-GBDT/xgboost/src/cli_main.cc:235: boosting round 449, 323.789 sec elapsed
[22:33:02] [449]	test-auc:0.80186508116672872
[22:33:02] INFO: /home/shiyu/NeurIPS-2022-camera-ready/Quantized-GBDT/xgboost/src/cli_main.cc:235: boosting round 450, 324.246 sec elapsed
[22:33:02] [450]	test-auc:0.80187337753297050
[22:33:02] INFO: /home/shiyu/NeurIPS-2022-camera-ready/Quantized-GBDT/xgboost/src/cli_main.cc:235: boosting round 451, 324.725 sec elapsed
[22:33:03] [451]	test-auc:0.80187483417631233
[22:33:03] INFO: /home/shiyu/NeurIPS-2022-camera-ready/Quantized-GBDT/xgboost/src/cli_main.cc:235: boosting round 452, 325.039 sec elapsed
[22:33:03] [452]	test-auc:0.80187626282609969
[22:33:03] INFO: /home/shiyu/NeurIPS-2022-camera-ready/Quantized-GBDT/xgboost/src/cli_main.cc:235: boosting round 453, 325.335 sec elapsed
[22:33:03] [453]	test-auc:0.80187718699213806
[22:33:03] INFO: /home/shiyu/NeurIPS-2022-camera-ready/Quantized-GBDT/xgboost/src/cli_main.cc:235: boosting round 454, 325.602 sec elapsed
[22:33:03] [454]	test-auc:0.80188723129411399
[22:33:03] INFO: /home/shiyu/NeurIPS-2022-camera-ready/Quantized-GBDT/xgboost/src/cli_main.cc:235: boosting round 455, 326.011 sec elapsed
[22:33:04] [455]	test-auc:0.80189067316238449
[22:33:04] INFO: /home/shiyu/NeurIPS-2022-camera-ready/Quantized-GBDT/xgboost/src/cli_main.cc:235: boosting round 456, 326.583 sec elapsed
[22:33:05] [456]	test-auc:0.80190232601821620
[22:33:05] INFO: /home/shiyu/NeurIPS-2022-camera-ready/Quantized-GBDT/xgboost/src/cli_main.cc:235: boosting round 457, 327.215 sec elapsed
[22:33:05] [457]	test-auc:0.80191640443225487
[22:33:05] INFO: /home/shiyu/NeurIPS-2022-camera-ready/Quantized-GBDT/xgboost/src/cli_main.cc:235: boosting round 458, 327.728 sec elapsed
[22:33:06] [458]	test-auc:0.80192098130294742
[22:33:06] INFO: /home/shiyu/NeurIPS-2022-camera-ready/Quantized-GBDT/xgboost/src/cli_main.cc:235: boosting round 459, 328.277 sec elapsed
[22:33:06] [459]	test-auc:0.80192140071973239
[22:33:06] INFO: /home/shiyu/NeurIPS-2022-camera-ready/Quantized-GBDT/xgboost/src/cli_main.cc:235: boosting round 460, 328.554 sec elapsed
[22:33:06] [460]	test-auc:0.80192244877696051
[22:33:06] INFO: /home/shiyu/NeurIPS-2022-camera-ready/Quantized-GBDT/xgboost/src/cli_main.cc:235: boosting round 461, 328.924 sec elapsed
[22:33:07] [461]	test-auc:0.80193714349781542
[22:33:07] INFO: /home/shiyu/NeurIPS-2022-camera-ready/Quantized-GBDT/xgboost/src/cli_main.cc:235: boosting round 462, 329.356 sec elapsed
[22:33:07] [462]	test-auc:0.80195052146405621
[22:33:07] INFO: /home/shiyu/NeurIPS-2022-camera-ready/Quantized-GBDT/xgboost/src/cli_main.cc:235: boosting round 463, 329.835 sec elapsed
[22:33:08] [463]	test-auc:0.80195620364986420
[22:33:08] INFO: /home/shiyu/NeurIPS-2022-camera-ready/Quantized-GBDT/xgboost/src/cli_main.cc:235: boosting round 464, 330.179 sec elapsed
[22:33:08] [464]	test-auc:0.80196033197126171
[22:33:08] INFO: /home/shiyu/NeurIPS-2022-camera-ready/Quantized-GBDT/xgboost/src/cli_main.cc:235: boosting round 465, 330.725 sec elapsed
[22:33:09] [465]	test-auc:0.80196642983734190
[22:33:09] INFO: /home/shiyu/NeurIPS-2022-camera-ready/Quantized-GBDT/xgboost/src/cli_main.cc:235: boosting round 466, 331.285 sec elapsed
[22:33:09] [466]	test-auc:0.80197101370741419
[22:33:09] INFO: /home/shiyu/NeurIPS-2022-camera-ready/Quantized-GBDT/xgboost/src/cli_main.cc:235: boosting round 467, 331.644 sec elapsed
[22:33:09] [467]	test-auc:0.80197150497466907
[22:33:09] INFO: /home/shiyu/NeurIPS-2022-camera-ready/Quantized-GBDT/xgboost/src/cli_main.cc:235: boosting round 468, 331.934 sec elapsed
[22:33:10] [468]	test-auc:0.80197906131957752
[22:33:10] INFO: /home/shiyu/NeurIPS-2022-camera-ready/Quantized-GBDT/xgboost/src/cli_main.cc:235: boosting round 469, 332.496 sec elapsed
[22:33:10] [469]	test-auc:0.80197180291284820
[22:33:10] INFO: /home/shiyu/NeurIPS-2022-camera-ready/Quantized-GBDT/xgboost/src/cli_main.cc:235: boosting round 470, 333.008 sec elapsed
[22:33:11] [470]	test-auc:0.80197347046876821
[22:33:11] INFO: /home/shiyu/NeurIPS-2022-camera-ready/Quantized-GBDT/xgboost/src/cli_main.cc:235: boosting round 471, 333.323 sec elapsed
[22:33:11] [471]	test-auc:0.80198426958028801
[22:33:11] INFO: /home/shiyu/NeurIPS-2022-camera-ready/Quantized-GBDT/xgboost/src/cli_main.cc:235: boosting round 472, 333.833 sec elapsed
[22:33:12] [472]	test-auc:0.80198885868722702
[22:33:12] INFO: /home/shiyu/NeurIPS-2022-camera-ready/Quantized-GBDT/xgboost/src/cli_main.cc:235: boosting round 473, 334.206 sec elapsed
[22:33:12] [473]	test-auc:0.80198862563656270
[22:33:12] INFO: /home/shiyu/NeurIPS-2022-camera-ready/Quantized-GBDT/xgboost/src/cli_main.cc:235: boosting round 474, 334.466 sec elapsed
[22:33:12] [474]	test-auc:0.80200160959167943
[22:33:12] INFO: /home/shiyu/NeurIPS-2022-camera-ready/Quantized-GBDT/xgboost/src/cli_main.cc:235: boosting round 475, 334.912 sec elapsed
[22:33:13] [475]	test-auc:0.80201024385816666
[22:33:13] INFO: /home/shiyu/NeurIPS-2022-camera-ready/Quantized-GBDT/xgboost/src/cli_main.cc:235: boosting round 476, 335.441 sec elapsed
[22:33:14] [476]	test-auc:0.80201999023732617
[22:33:14] INFO: /home/shiyu/NeurIPS-2022-camera-ready/Quantized-GBDT/xgboost/src/cli_main.cc:235: boosting round 477, 336.042 sec elapsed
[22:33:14] [477]	test-auc:0.80202119902568680
[22:33:14] INFO: /home/shiyu/NeurIPS-2022-camera-ready/Quantized-GBDT/xgboost/src/cli_main.cc:235: boosting round 478, 336.336 sec elapsed
[22:33:15] [478]	test-auc:0.80203078025491792
[22:33:15] INFO: /home/shiyu/NeurIPS-2022-camera-ready/Quantized-GBDT/xgboost/src/cli_main.cc:235: boosting round 479, 337.22 sec elapsed
[22:33:15] [479]	test-auc:0.80204280924672533
[22:33:15] INFO: /home/shiyu/NeurIPS-2022-camera-ready/Quantized-GBDT/xgboost/src/cli_main.cc:235: boosting round 480, 337.694 sec elapsed
[22:33:15] [480]	test-auc:0.80204877312774081
[22:33:15] INFO: /home/shiyu/NeurIPS-2022-camera-ready/Quantized-GBDT/xgboost/src/cli_main.cc:235: boosting round 481, 337.989 sec elapsed
[22:33:16] [481]	test-auc:0.80205704438727743
[22:33:16] INFO: /home/shiyu/NeurIPS-2022-camera-ready/Quantized-GBDT/xgboost/src/cli_main.cc:235: boosting round 482, 338.459 sec elapsed
[22:33:17] [482]	test-auc:0.80207490930643321
[22:33:17] INFO: /home/shiyu/NeurIPS-2022-camera-ready/Quantized-GBDT/xgboost/src/cli_main.cc:235: boosting round 483, 339.144 sec elapsed
[22:33:17] [483]	test-auc:0.80208051147642712
[22:33:17] INFO: /home/shiyu/NeurIPS-2022-camera-ready/Quantized-GBDT/xgboost/src/cli_main.cc:235: boosting round 484, 339.644 sec elapsed
[22:33:18] [484]	test-auc:0.80208670998292086
[22:33:18] INFO: /home/shiyu/NeurIPS-2022-camera-ready/Quantized-GBDT/xgboost/src/cli_main.cc:235: boosting round 485, 340.327 sec elapsed
[22:33:18] [485]	test-auc:0.80208696485648534
[22:33:18] INFO: /home/shiyu/NeurIPS-2022-camera-ready/Quantized-GBDT/xgboost/src/cli_main.cc:235: boosting round 486, 340.597 sec elapsed
[22:33:19] [486]	test-auc:0.80209039798950033
[22:33:19] INFO: /home/shiyu/NeurIPS-2022-camera-ready/Quantized-GBDT/xgboost/src/cli_main.cc:235: boosting round 487, 341.163 sec elapsed
[22:33:19] [487]	test-auc:0.80209313252717729
[22:33:19] INFO: /home/shiyu/NeurIPS-2022-camera-ready/Quantized-GBDT/xgboost/src/cli_main.cc:235: boosting round 488, 341.467 sec elapsed
[22:33:19] [488]	test-auc:0.80209569850375806
[22:33:19] INFO: /home/shiyu/NeurIPS-2022-camera-ready/Quantized-GBDT/xgboost/src/cli_main.cc:235: boosting round 489, 341.776 sec elapsed
[22:33:20] [489]	test-auc:0.80209873815294075
[22:33:20] INFO: /home/shiyu/NeurIPS-2022-camera-ready/Quantized-GBDT/xgboost/src/cli_main.cc:235: boosting round 490, 342.118 sec elapsed
[22:33:20] [490]	test-auc:0.80210279446553212
[22:33:20] INFO: /home/shiyu/NeurIPS-2022-camera-ready/Quantized-GBDT/xgboost/src/cli_main.cc:235: boosting round 491, 342.661 sec elapsed
[22:33:20] [491]	test-auc:0.80210359447822155
[22:33:20] INFO: /home/shiyu/NeurIPS-2022-camera-ready/Quantized-GBDT/xgboost/src/cli_main.cc:235: boosting round 492, 342.997 sec elapsed
[22:33:21] [492]	test-auc:0.80210705830679052
[22:33:21] INFO: /home/shiyu/NeurIPS-2022-camera-ready/Quantized-GBDT/xgboost/src/cli_main.cc:235: boosting round 493, 343.29 sec elapsed
[22:33:21] [493]	test-auc:0.80212005504303852
[22:33:21] INFO: /home/shiyu/NeurIPS-2022-camera-ready/Quantized-GBDT/xgboost/src/cli_main.cc:235: boosting round 494, 343.892 sec elapsed
[22:33:22] [494]	test-auc:0.80212868511324309
[22:33:22] INFO: /home/shiyu/NeurIPS-2022-camera-ready/Quantized-GBDT/xgboost/src/cli_main.cc:235: boosting round 495, 344.167 sec elapsed
[22:33:22] [495]	test-auc:0.80214296746724123
[22:33:22] INFO: /home/shiyu/NeurIPS-2022-camera-ready/Quantized-GBDT/xgboost/src/cli_main.cc:235: boosting round 496, 344.684 sec elapsed
[22:33:23] [496]	test-auc:0.80215216652315224
[22:33:23] INFO: /home/shiyu/NeurIPS-2022-camera-ready/Quantized-GBDT/xgboost/src/cli_main.cc:235: boosting round 497, 345.206 sec elapsed
[22:33:23] [497]	test-auc:0.80215458269838691
[22:33:23] INFO: /home/shiyu/NeurIPS-2022-camera-ready/Quantized-GBDT/xgboost/src/cli_main.cc:235: boosting round 498, 345.543 sec elapsed
[22:33:23] [498]	test-auc:0.80215451635127921
[22:33:23] INFO: /home/shiyu/NeurIPS-2022-camera-ready/Quantized-GBDT/xgboost/src/cli_main.cc:235: boosting round 499, 345.801 sec elapsed
[22:33:24] [499]	test-auc:0.80215884962249451
[22:33:24] INFO: /home/shiyu/NeurIPS-2022-camera-ready/Quantized-GBDT/xgboost/src/cli_main.cc:258: Complete Training loop time: 346.168 sec
[22:33:24] INFO: /home/shiyu/NeurIPS-2022-camera-ready/Quantized-GBDT/xgboost/src/cli_main.cc:275: update end, 346.188 sec in all
