[LightGBM] [Warning] num_threads is set=24, num_threads=16 will be ignored. Current value: num_threads=24
[LightGBM] [Warning] device_type is set=cuda, device_type=cpu will be ignored. Current value: device_type=cuda
[LightGBM] [Warning] use_discretized_grad is set=true, use_discretized_grad=true will be ignored. Current value: use_discretized_grad=true
[LightGBM] [Warning] discretized_grad_renew is set=true, discretized_grad_renew=true will be ignored. Current value: discretized_grad_renew=true
[LightGBM] [Info] Finished loading parameters
[LightGBM] [Debug] Loading train file...
[LightGBM] [Debug] Read 10.0 GBs from /home/shiyu/boosting_tree_benchmarks/data/kitsune.train.
[LightGBM] [Debug] Read 20.0 GBs from /home/shiyu/boosting_tree_benchmarks/data/kitsune.train.
[LightGBM] [Debug] Read 30.0 GBs from /home/shiyu/boosting_tree_benchmarks/data/kitsune.train.
[LightGBM] [Debug] Read 40.0 GBs from /home/shiyu/boosting_tree_benchmarks/data/kitsune.train.
[LightGBM] [Debug] Read 50.0 GBs from /home/shiyu/boosting_tree_benchmarks/data/kitsune.train.
[LightGBM] [Warning] Using sparse features with CUDA is currently not supported.
[LightGBM] [Info] Construct bin mappers from text data time 10.69 seconds
[LightGBM] [Debug] Loading validation file #1...
[LightGBM] [Debug] Read 10.0 GBs from /home/shiyu/boosting_tree_benchmarks/data/kitsune.test.
[LightGBM] [Info] Finished loading data in 137.476458 seconds
[LightGBM] [Info] Number of positive: 2569562, number of negative: 14244516
[LightGBM] [Debug] Dataset::GetMultiBinFromAllFeatures: sparse rate 0.087265
[LightGBM] [Info] Total Bins 29325
[LightGBM] [Info] Number of data points in the train set: 16814078, number of used features: 115
[LightGBM] [Debug] Number of data points in validation set #1: 4203510
[LightGBM] [Info] Finished initializing training
[LightGBM] [Info] Started training...
[LightGBM] [Warning] boost_from_score = -1.712637
[LightGBM] [Warning] adding init score = -1.712637
[LightGBM] [Warning] adding init score = -1.712637
[LightGBM] [Info] Start training from score -1.712637
[LightGBM] [Debug] Trained a tree with leaves = 255
[LightGBM] [Info] Iteration:1, valid_1 auc : 0.916932
[LightGBM] [Info] 0.160763 seconds elapsed, finished iteration 1
[LightGBM] [Debug] Trained a tree with leaves = 255
[LightGBM] [Info] Iteration:2, valid_1 auc : 0.90996
[LightGBM] [Info] 0.324381 seconds elapsed, finished iteration 2
[LightGBM] [Debug] Trained a tree with leaves = 255
[LightGBM] [Info] Iteration:3, valid_1 auc : 0.910466
[LightGBM] [Info] 0.480969 seconds elapsed, finished iteration 3
[LightGBM] [Debug] Trained a tree with leaves = 255
[LightGBM] [Info] Iteration:4, valid_1 auc : 0.92447
[LightGBM] [Info] 0.650156 seconds elapsed, finished iteration 4
[LightGBM] [Debug] Trained a tree with leaves = 255
[LightGBM] [Info] Iteration:5, valid_1 auc : 0.923318
[LightGBM] [Info] 0.813330 seconds elapsed, finished iteration 5
[LightGBM] [Debug] Trained a tree with leaves = 255
[LightGBM] [Info] Iteration:6, valid_1 auc : 0.9228
[LightGBM] [Info] 0.989476 seconds elapsed, finished iteration 6
[LightGBM] [Debug] Trained a tree with leaves = 255
[LightGBM] [Info] Iteration:7, valid_1 auc : 0.924234
[LightGBM] [Info] 1.150056 seconds elapsed, finished iteration 7
[LightGBM] [Debug] Trained a tree with leaves = 255
[LightGBM] [Info] Iteration:8, valid_1 auc : 0.924296
[LightGBM] [Info] 1.312516 seconds elapsed, finished iteration 8
[LightGBM] [Debug] Trained a tree with leaves = 255
[LightGBM] [Info] Iteration:9, valid_1 auc : 0.924308
[LightGBM] [Info] 1.477508 seconds elapsed, finished iteration 9
[LightGBM] [Debug] Trained a tree with leaves = 255
[LightGBM] [Info] Iteration:10, valid_1 auc : 0.924331
[LightGBM] [Info] 1.661052 seconds elapsed, finished iteration 10
[LightGBM] [Debug] Trained a tree with leaves = 255
[LightGBM] [Info] Iteration:11, valid_1 auc : 0.926938
[LightGBM] [Info] 1.823330 seconds elapsed, finished iteration 11
[LightGBM] [Debug] Trained a tree with leaves = 255
[LightGBM] [Info] Iteration:12, valid_1 auc : 0.920719
[LightGBM] [Info] 1.988927 seconds elapsed, finished iteration 12
[LightGBM] [Debug] Trained a tree with leaves = 255
[LightGBM] [Info] Iteration:13, valid_1 auc : 0.922406
[LightGBM] [Info] 2.155611 seconds elapsed, finished iteration 13
[LightGBM] [Debug] Trained a tree with leaves = 255
[LightGBM] [Info] Iteration:14, valid_1 auc : 0.918999
[LightGBM] [Info] 2.326816 seconds elapsed, finished iteration 14
[LightGBM] [Debug] Trained a tree with leaves = 255
[LightGBM] [Info] Iteration:15, valid_1 auc : 0.918421
[LightGBM] [Info] 2.494472 seconds elapsed, finished iteration 15
[LightGBM] [Debug] Trained a tree with leaves = 255
[LightGBM] [Info] Iteration:16, valid_1 auc : 0.918451
[LightGBM] [Info] 2.664115 seconds elapsed, finished iteration 16
[LightGBM] [Debug] Trained a tree with leaves = 255
[LightGBM] [Info] Iteration:17, valid_1 auc : 0.918713
[LightGBM] [Info] 2.833597 seconds elapsed, finished iteration 17
[LightGBM] [Debug] Trained a tree with leaves = 255
[LightGBM] [Info] Iteration:18, valid_1 auc : 0.918248
[LightGBM] [Info] 3.003440 seconds elapsed, finished iteration 18
[LightGBM] [Debug] Trained a tree with leaves = 255
[LightGBM] [Info] Iteration:19, valid_1 auc : 0.91839
[LightGBM] [Info] 3.175059 seconds elapsed, finished iteration 19
[LightGBM] [Debug] Trained a tree with leaves = 255
[LightGBM] [Info] Iteration:20, valid_1 auc : 0.918781
[LightGBM] [Info] 3.348390 seconds elapsed, finished iteration 20
[LightGBM] [Debug] Trained a tree with leaves = 255
[LightGBM] [Info] Iteration:21, valid_1 auc : 0.918736
[LightGBM] [Info] 3.525358 seconds elapsed, finished iteration 21
[LightGBM] [Debug] Trained a tree with leaves = 255
[LightGBM] [Info] Iteration:22, valid_1 auc : 0.918726
[LightGBM] [Info] 3.704359 seconds elapsed, finished iteration 22
[LightGBM] [Debug] Trained a tree with leaves = 255
[LightGBM] [Info] Iteration:23, valid_1 auc : 0.918832
[LightGBM] [Info] 3.879469 seconds elapsed, finished iteration 23
[LightGBM] [Debug] Trained a tree with leaves = 255
[LightGBM] [Info] Iteration:24, valid_1 auc : 0.918952
[LightGBM] [Info] 4.055123 seconds elapsed, finished iteration 24
[LightGBM] [Debug] Trained a tree with leaves = 255
[LightGBM] [Info] Iteration:25, valid_1 auc : 0.91901
[LightGBM] [Info] 4.232424 seconds elapsed, finished iteration 25
[LightGBM] [Debug] Trained a tree with leaves = 255
[LightGBM] [Info] Iteration:26, valid_1 auc : 0.918829
[LightGBM] [Info] 4.418232 seconds elapsed, finished iteration 26
[LightGBM] [Debug] Trained a tree with leaves = 255
[LightGBM] [Info] Iteration:27, valid_1 auc : 0.919116
[LightGBM] [Info] 4.606723 seconds elapsed, finished iteration 27
[LightGBM] [Debug] Trained a tree with leaves = 255
[LightGBM] [Info] Iteration:28, valid_1 auc : 0.919343
[LightGBM] [Info] 4.792704 seconds elapsed, finished iteration 28
[LightGBM] [Debug] Trained a tree with leaves = 255
[LightGBM] [Info] Iteration:29, valid_1 auc : 0.919367
[LightGBM] [Info] 4.970999 seconds elapsed, finished iteration 29
[LightGBM] [Debug] Trained a tree with leaves = 255
[LightGBM] [Info] Iteration:30, valid_1 auc : 0.91955
[LightGBM] [Info] 5.158310 seconds elapsed, finished iteration 30
[LightGBM] [Debug] Trained a tree with leaves = 255
[LightGBM] [Info] Iteration:31, valid_1 auc : 0.919688
[LightGBM] [Info] 5.347608 seconds elapsed, finished iteration 31
[LightGBM] [Debug] Trained a tree with leaves = 255
[LightGBM] [Info] Iteration:32, valid_1 auc : 0.934215
[LightGBM] [Info] 5.531538 seconds elapsed, finished iteration 32
[LightGBM] [Debug] Trained a tree with leaves = 255
[LightGBM] [Info] Iteration:33, valid_1 auc : 0.934783
[LightGBM] [Info] 5.738207 seconds elapsed, finished iteration 33
[LightGBM] [Debug] Trained a tree with leaves = 255
[LightGBM] [Info] Iteration:34, valid_1 auc : 0.934806
[LightGBM] [Info] 5.921730 seconds elapsed, finished iteration 34
[LightGBM] [Debug] Trained a tree with leaves = 255
[LightGBM] [Info] Iteration:35, valid_1 auc : 0.934528
[LightGBM] [Info] 6.104609 seconds elapsed, finished iteration 35
[LightGBM] [Debug] Trained a tree with leaves = 255
[LightGBM] [Info] Iteration:36, valid_1 auc : 0.934709
[LightGBM] [Info] 6.296712 seconds elapsed, finished iteration 36
[LightGBM] [Debug] Trained a tree with leaves = 255
[LightGBM] [Info] Iteration:37, valid_1 auc : 0.934386
[LightGBM] [Info] 6.485953 seconds elapsed, finished iteration 37
[LightGBM] [Debug] Trained a tree with leaves = 255
[LightGBM] [Info] Iteration:38, valid_1 auc : 0.933947
[LightGBM] [Info] 6.697369 seconds elapsed, finished iteration 38
[LightGBM] [Debug] Trained a tree with leaves = 255
[LightGBM] [Info] Iteration:39, valid_1 auc : 0.933914
[LightGBM] [Info] 6.885681 seconds elapsed, finished iteration 39
[LightGBM] [Debug] Trained a tree with leaves = 255
[LightGBM] [Info] Iteration:40, valid_1 auc : 0.935609
[LightGBM] [Info] 7.073341 seconds elapsed, finished iteration 40
[LightGBM] [Debug] Trained a tree with leaves = 255
[LightGBM] [Info] Iteration:41, valid_1 auc : 0.936799
[LightGBM] [Info] 7.261768 seconds elapsed, finished iteration 41
[LightGBM] [Debug] Trained a tree with leaves = 255
[LightGBM] [Info] Iteration:42, valid_1 auc : 0.937424
[LightGBM] [Info] 7.454563 seconds elapsed, finished iteration 42
[LightGBM] [Debug] Trained a tree with leaves = 255
[LightGBM] [Info] Iteration:43, valid_1 auc : 0.937822
[LightGBM] [Info] 7.692261 seconds elapsed, finished iteration 43
[LightGBM] [Debug] Trained a tree with leaves = 255
[LightGBM] [Info] Iteration:44, valid_1 auc : 0.939208
[LightGBM] [Info] 7.887948 seconds elapsed, finished iteration 44
[LightGBM] [Debug] Trained a tree with leaves = 255
[LightGBM] [Info] Iteration:45, valid_1 auc : 0.943207
[LightGBM] [Info] 8.079055 seconds elapsed, finished iteration 45
[LightGBM] [Debug] Trained a tree with leaves = 255
[LightGBM] [Info] Iteration:46, valid_1 auc : 0.944826
[LightGBM] [Info] 8.276026 seconds elapsed, finished iteration 46
[LightGBM] [Debug] Trained a tree with leaves = 255
[LightGBM] [Info] Iteration:47, valid_1 auc : 0.946034
[LightGBM] [Info] 8.482223 seconds elapsed, finished iteration 47
[LightGBM] [Debug] Trained a tree with leaves = 255
[LightGBM] [Info] Iteration:48, valid_1 auc : 0.947008
[LightGBM] [Info] 8.688733 seconds elapsed, finished iteration 48
[LightGBM] [Debug] Trained a tree with leaves = 255
[LightGBM] [Info] Iteration:49, valid_1 auc : 0.947456
[LightGBM] [Info] 8.885661 seconds elapsed, finished iteration 49
[LightGBM] [Debug] Trained a tree with leaves = 255
[LightGBM] [Info] Iteration:50, valid_1 auc : 0.947742
[LightGBM] [Info] 9.085046 seconds elapsed, finished iteration 50
[LightGBM] [Debug] Trained a tree with leaves = 255
[LightGBM] [Info] Iteration:51, valid_1 auc : 0.947971
[LightGBM] [Info] 9.285064 seconds elapsed, finished iteration 51
[LightGBM] [Debug] Trained a tree with leaves = 255
[LightGBM] [Info] Iteration:52, valid_1 auc : 0.948125
[LightGBM] [Info] 9.487694 seconds elapsed, finished iteration 52
[LightGBM] [Debug] Trained a tree with leaves = 255
[LightGBM] [Info] Iteration:53, valid_1 auc : 0.947992
[LightGBM] [Info] 9.685665 seconds elapsed, finished iteration 53
[LightGBM] [Debug] Trained a tree with leaves = 255
[LightGBM] [Info] Iteration:54, valid_1 auc : 0.948399
[LightGBM] [Info] 9.890715 seconds elapsed, finished iteration 54
[LightGBM] [Debug] Trained a tree with leaves = 255
[LightGBM] [Info] Iteration:55, valid_1 auc : 0.948847
[LightGBM] [Info] 10.097655 seconds elapsed, finished iteration 55
[LightGBM] [Debug] Trained a tree with leaves = 255
[LightGBM] [Info] Iteration:56, valid_1 auc : 0.948725
[LightGBM] [Info] 10.308327 seconds elapsed, finished iteration 56
[LightGBM] [Debug] Trained a tree with leaves = 255
[LightGBM] [Info] Iteration:57, valid_1 auc : 0.949249
[LightGBM] [Info] 10.509813 seconds elapsed, finished iteration 57
[LightGBM] [Debug] Trained a tree with leaves = 255
[LightGBM] [Info] Iteration:58, valid_1 auc : 0.949452
[LightGBM] [Info] 10.720603 seconds elapsed, finished iteration 58
[LightGBM] [Debug] Trained a tree with leaves = 255
[LightGBM] [Info] Iteration:59, valid_1 auc : 0.949408
[LightGBM] [Info] 10.939130 seconds elapsed, finished iteration 59
[LightGBM] [Debug] Trained a tree with leaves = 255
[LightGBM] [Info] Iteration:60, valid_1 auc : 0.949387
[LightGBM] [Info] 11.148512 seconds elapsed, finished iteration 60
[LightGBM] [Debug] Trained a tree with leaves = 255
[LightGBM] [Info] Iteration:61, valid_1 auc : 0.950146
[LightGBM] [Info] 11.354508 seconds elapsed, finished iteration 61
[LightGBM] [Debug] Trained a tree with leaves = 255
[LightGBM] [Info] Iteration:62, valid_1 auc : 0.950154
[LightGBM] [Info] 11.563543 seconds elapsed, finished iteration 62
[LightGBM] [Debug] Trained a tree with leaves = 255
[LightGBM] [Info] Iteration:63, valid_1 auc : 0.950561
[LightGBM] [Info] 11.778762 seconds elapsed, finished iteration 63
[LightGBM] [Debug] Trained a tree with leaves = 255
[LightGBM] [Info] Iteration:64, valid_1 auc : 0.950472
[LightGBM] [Info] 11.990061 seconds elapsed, finished iteration 64
[LightGBM] [Debug] Trained a tree with leaves = 255
[LightGBM] [Info] Iteration:65, valid_1 auc : 0.95033
[LightGBM] [Info] 12.207663 seconds elapsed, finished iteration 65
[LightGBM] [Debug] Trained a tree with leaves = 255
[LightGBM] [Info] Iteration:66, valid_1 auc : 0.950249
[LightGBM] [Info] 12.431317 seconds elapsed, finished iteration 66
[LightGBM] [Debug] Trained a tree with leaves = 255
[LightGBM] [Info] Iteration:67, valid_1 auc : 0.950367
[LightGBM] [Info] 12.653376 seconds elapsed, finished iteration 67
[LightGBM] [Debug] Trained a tree with leaves = 255
[LightGBM] [Info] Iteration:68, valid_1 auc : 0.950244
[LightGBM] [Info] 12.862141 seconds elapsed, finished iteration 68
[LightGBM] [Debug] Trained a tree with leaves = 255
[LightGBM] [Info] Iteration:69, valid_1 auc : 0.950557
[LightGBM] [Info] 13.076673 seconds elapsed, finished iteration 69
[LightGBM] [Debug] Trained a tree with leaves = 255
[LightGBM] [Info] Iteration:70, valid_1 auc : 0.950432
[LightGBM] [Info] 13.301465 seconds elapsed, finished iteration 70
[LightGBM] [Debug] Trained a tree with leaves = 255
[LightGBM] [Info] Iteration:71, valid_1 auc : 0.950507
[LightGBM] [Info] 13.527595 seconds elapsed, finished iteration 71
[LightGBM] [Debug] Trained a tree with leaves = 255
[LightGBM] [Info] Iteration:72, valid_1 auc : 0.950429
[LightGBM] [Info] 13.748758 seconds elapsed, finished iteration 72
[LightGBM] [Debug] Trained a tree with leaves = 255
[LightGBM] [Info] Iteration:73, valid_1 auc : 0.950491
[LightGBM] [Info] 13.964355 seconds elapsed, finished iteration 73
[LightGBM] [Debug] Trained a tree with leaves = 255
[LightGBM] [Info] Iteration:74, valid_1 auc : 0.950132
[LightGBM] [Info] 14.182879 seconds elapsed, finished iteration 74
[LightGBM] [Debug] Trained a tree with leaves = 255
[LightGBM] [Info] Iteration:75, valid_1 auc : 0.949609
[LightGBM] [Info] 14.396893 seconds elapsed, finished iteration 75
[LightGBM] [Debug] Trained a tree with leaves = 255
[LightGBM] [Info] Iteration:76, valid_1 auc : 0.949442
[LightGBM] [Info] 14.620431 seconds elapsed, finished iteration 76
[LightGBM] [Debug] Trained a tree with leaves = 255
[LightGBM] [Info] Iteration:77, valid_1 auc : 0.949317
[LightGBM] [Info] 14.834878 seconds elapsed, finished iteration 77
[LightGBM] [Debug] Trained a tree with leaves = 255
[LightGBM] [Info] Iteration:78, valid_1 auc : 0.949145
[LightGBM] [Info] 15.050823 seconds elapsed, finished iteration 78
[LightGBM] [Debug] Trained a tree with leaves = 255
[LightGBM] [Info] Iteration:79, valid_1 auc : 0.949286
[LightGBM] [Info] 15.279550 seconds elapsed, finished iteration 79
[LightGBM] [Debug] Trained a tree with leaves = 255
[LightGBM] [Info] Iteration:80, valid_1 auc : 0.949272
[LightGBM] [Info] 15.512753 seconds elapsed, finished iteration 80
[LightGBM] [Debug] Trained a tree with leaves = 255
[LightGBM] [Info] Iteration:81, valid_1 auc : 0.949448
[LightGBM] [Info] 15.743366 seconds elapsed, finished iteration 81
[LightGBM] [Debug] Trained a tree with leaves = 255
[LightGBM] [Info] Iteration:82, valid_1 auc : 0.949346
[LightGBM] [Info] 15.959608 seconds elapsed, finished iteration 82
[LightGBM] [Debug] Trained a tree with leaves = 255
[LightGBM] [Info] Iteration:83, valid_1 auc : 0.949324
[LightGBM] [Info] 16.179617 seconds elapsed, finished iteration 83
[LightGBM] [Debug] Trained a tree with leaves = 255
[LightGBM] [Info] Iteration:84, valid_1 auc : 0.949412
[LightGBM] [Info] 16.402908 seconds elapsed, finished iteration 84
[LightGBM] [Debug] Trained a tree with leaves = 255
[LightGBM] [Info] Iteration:85, valid_1 auc : 0.949495
[LightGBM] [Info] 16.633304 seconds elapsed, finished iteration 85
[LightGBM] [Debug] Trained a tree with leaves = 255
[LightGBM] [Info] Iteration:86, valid_1 auc : 0.949452
[LightGBM] [Info] 16.867914 seconds elapsed, finished iteration 86
[LightGBM] [Debug] Trained a tree with leaves = 255
[LightGBM] [Info] Iteration:87, valid_1 auc : 0.949487
[LightGBM] [Info] 17.099534 seconds elapsed, finished iteration 87
[LightGBM] [Debug] Trained a tree with leaves = 255
[LightGBM] [Info] Iteration:88, valid_1 auc : 0.949658
[LightGBM] [Info] 17.339070 seconds elapsed, finished iteration 88
[LightGBM] [Debug] Trained a tree with leaves = 255
[LightGBM] [Info] Iteration:89, valid_1 auc : 0.949605
[LightGBM] [Info] 17.588301 seconds elapsed, finished iteration 89
[LightGBM] [Debug] Trained a tree with leaves = 255
[LightGBM] [Info] Iteration:90, valid_1 auc : 0.949731
[LightGBM] [Info] 17.828822 seconds elapsed, finished iteration 90
[LightGBM] [Debug] Trained a tree with leaves = 255
[LightGBM] [Info] Iteration:91, valid_1 auc : 0.949678
[LightGBM] [Info] 18.061231 seconds elapsed, finished iteration 91
[LightGBM] [Debug] Trained a tree with leaves = 255
[LightGBM] [Info] Iteration:92, valid_1 auc : 0.94976
[LightGBM] [Info] 18.304943 seconds elapsed, finished iteration 92
[LightGBM] [Debug] Trained a tree with leaves = 255
[LightGBM] [Info] Iteration:93, valid_1 auc : 0.949694
[LightGBM] [Info] 18.551581 seconds elapsed, finished iteration 93
[LightGBM] [Debug] Trained a tree with leaves = 255
[LightGBM] [Info] Iteration:94, valid_1 auc : 0.949756
[LightGBM] [Info] 18.813683 seconds elapsed, finished iteration 94
[LightGBM] [Debug] Trained a tree with leaves = 255
[LightGBM] [Info] Iteration:95, valid_1 auc : 0.949778
[LightGBM] [Info] 19.039551 seconds elapsed, finished iteration 95
[LightGBM] [Debug] Trained a tree with leaves = 255
[LightGBM] [Info] Iteration:96, valid_1 auc : 0.949869
[LightGBM] [Info] 19.275671 seconds elapsed, finished iteration 96
[LightGBM] [Debug] Trained a tree with leaves = 255
[LightGBM] [Info] Iteration:97, valid_1 auc : 0.949876
[LightGBM] [Info] 19.521702 seconds elapsed, finished iteration 97
[LightGBM] [Debug] Trained a tree with leaves = 255
[LightGBM] [Info] Iteration:98, valid_1 auc : 0.949954
[LightGBM] [Info] 19.778469 seconds elapsed, finished iteration 98
[LightGBM] [Debug] Trained a tree with leaves = 255
[LightGBM] [Info] Iteration:99, valid_1 auc : 0.950009
[LightGBM] [Info] 20.032993 seconds elapsed, finished iteration 99
[LightGBM] [Debug] Trained a tree with leaves = 255
[LightGBM] [Info] Iteration:100, valid_1 auc : 0.950073
[LightGBM] [Info] 20.282158 seconds elapsed, finished iteration 100
[LightGBM] [Debug] Trained a tree with leaves = 255
[LightGBM] [Info] Iteration:101, valid_1 auc : 0.950082
[LightGBM] [Info] 20.523482 seconds elapsed, finished iteration 101
[LightGBM] [Debug] Trained a tree with leaves = 255
[LightGBM] [Info] Iteration:102, valid_1 auc : 0.950148
[LightGBM] [Info] 20.774166 seconds elapsed, finished iteration 102
[LightGBM] [Debug] Trained a tree with leaves = 255
[LightGBM] [Info] Iteration:103, valid_1 auc : 0.950191
[LightGBM] [Info] 21.005844 seconds elapsed, finished iteration 103
[LightGBM] [Debug] Trained a tree with leaves = 255
[LightGBM] [Info] Iteration:104, valid_1 auc : 0.950198
[LightGBM] [Info] 21.256915 seconds elapsed, finished iteration 104
[LightGBM] [Debug] Trained a tree with leaves = 255
[LightGBM] [Info] Iteration:105, valid_1 auc : 0.950002
[LightGBM] [Info] 21.495521 seconds elapsed, finished iteration 105
[LightGBM] [Debug] Trained a tree with leaves = 255
[LightGBM] [Info] Iteration:106, valid_1 auc : 0.950042
[LightGBM] [Info] 21.771348 seconds elapsed, finished iteration 106
[LightGBM] [Debug] Trained a tree with leaves = 255
[LightGBM] [Info] Iteration:107, valid_1 auc : 0.949994
[LightGBM] [Info] 22.067956 seconds elapsed, finished iteration 107
[LightGBM] [Debug] Trained a tree with leaves = 255
[LightGBM] [Info] Iteration:108, valid_1 auc : 0.950037
[LightGBM] [Info] 22.333974 seconds elapsed, finished iteration 108
[LightGBM] [Debug] Trained a tree with leaves = 255
[LightGBM] [Info] Iteration:109, valid_1 auc : 0.95
[LightGBM] [Info] 22.594370 seconds elapsed, finished iteration 109
[LightGBM] [Debug] Trained a tree with leaves = 255
[LightGBM] [Info] Iteration:110, valid_1 auc : 0.950001
[LightGBM] [Info] 22.858338 seconds elapsed, finished iteration 110
[LightGBM] [Debug] Trained a tree with leaves = 255
[LightGBM] [Info] Iteration:111, valid_1 auc : 0.950008
[LightGBM] [Info] 23.114877 seconds elapsed, finished iteration 111
[LightGBM] [Debug] Trained a tree with leaves = 255
[LightGBM] [Info] Iteration:112, valid_1 auc : 0.949864
[LightGBM] [Info] 23.411654 seconds elapsed, finished iteration 112
[LightGBM] [Debug] Trained a tree with leaves = 255
[LightGBM] [Info] Iteration:113, valid_1 auc : 0.949929
[LightGBM] [Info] 23.678049 seconds elapsed, finished iteration 113
[LightGBM] [Debug] Trained a tree with leaves = 255
[LightGBM] [Info] Iteration:114, valid_1 auc : 0.94996
[LightGBM] [Info] 23.924595 seconds elapsed, finished iteration 114
[LightGBM] [Debug] Trained a tree with leaves = 255
[LightGBM] [Info] Iteration:115, valid_1 auc : 0.950001
[LightGBM] [Info] 24.208167 seconds elapsed, finished iteration 115
[LightGBM] [Debug] Trained a tree with leaves = 255
[LightGBM] [Info] Iteration:116, valid_1 auc : 0.949953
[LightGBM] [Info] 24.474369 seconds elapsed, finished iteration 116
[LightGBM] [Debug] Trained a tree with leaves = 255
[LightGBM] [Info] Iteration:117, valid_1 auc : 0.949977
[LightGBM] [Info] 24.752003 seconds elapsed, finished iteration 117
[LightGBM] [Debug] Trained a tree with leaves = 255
[LightGBM] [Info] Iteration:118, valid_1 auc : 0.949961
[LightGBM] [Info] 25.002234 seconds elapsed, finished iteration 118
[LightGBM] [Debug] Trained a tree with leaves = 255
[LightGBM] [Info] Iteration:119, valid_1 auc : 0.949904
[LightGBM] [Info] 25.286834 seconds elapsed, finished iteration 119
[LightGBM] [Debug] Trained a tree with leaves = 255
[LightGBM] [Info] Iteration:120, valid_1 auc : 0.949895
[LightGBM] [Info] 25.552205 seconds elapsed, finished iteration 120
[LightGBM] [Debug] Trained a tree with leaves = 255
[LightGBM] [Info] Iteration:121, valid_1 auc : 0.949909
[LightGBM] [Info] 25.810459 seconds elapsed, finished iteration 121
[LightGBM] [Debug] Trained a tree with leaves = 255
[LightGBM] [Info] Iteration:122, valid_1 auc : 0.94986
[LightGBM] [Info] 26.051168 seconds elapsed, finished iteration 122
[LightGBM] [Debug] Trained a tree with leaves = 255
[LightGBM] [Info] Iteration:123, valid_1 auc : 0.949764
[LightGBM] [Info] 26.319444 seconds elapsed, finished iteration 123
[LightGBM] [Debug] Trained a tree with leaves = 255
[LightGBM] [Info] Iteration:124, valid_1 auc : 0.949803
[LightGBM] [Info] 26.600977 seconds elapsed, finished iteration 124
[LightGBM] [Debug] Trained a tree with leaves = 255
[LightGBM] [Info] Iteration:125, valid_1 auc : 0.949805
[LightGBM] [Info] 26.858876 seconds elapsed, finished iteration 125
[LightGBM] [Debug] Trained a tree with leaves = 255
[LightGBM] [Info] Iteration:126, valid_1 auc : 0.949732
[LightGBM] [Info] 27.104694 seconds elapsed, finished iteration 126
[LightGBM] [Debug] Trained a tree with leaves = 255
[LightGBM] [Info] Iteration:127, valid_1 auc : 0.949728
[LightGBM] [Info] 27.367498 seconds elapsed, finished iteration 127
[LightGBM] [Debug] Trained a tree with leaves = 255
[LightGBM] [Info] Iteration:128, valid_1 auc : 0.949759
[LightGBM] [Info] 27.622568 seconds elapsed, finished iteration 128
[LightGBM] [Debug] Trained a tree with leaves = 255
[LightGBM] [Info] Iteration:129, valid_1 auc : 0.949767
[LightGBM] [Info] 27.899045 seconds elapsed, finished iteration 129
[LightGBM] [Debug] Trained a tree with leaves = 255
[LightGBM] [Info] Iteration:130, valid_1 auc : 0.949676
[LightGBM] [Info] 28.149174 seconds elapsed, finished iteration 130
[LightGBM] [Debug] Trained a tree with leaves = 255
[LightGBM] [Info] Iteration:131, valid_1 auc : 0.949649
[LightGBM] [Info] 28.414205 seconds elapsed, finished iteration 131
[LightGBM] [Debug] Trained a tree with leaves = 255
[LightGBM] [Info] Iteration:132, valid_1 auc : 0.949651
[LightGBM] [Info] 28.689998 seconds elapsed, finished iteration 132
[LightGBM] [Debug] Trained a tree with leaves = 255
[LightGBM] [Info] Iteration:133, valid_1 auc : 0.949622
[LightGBM] [Info] 28.981019 seconds elapsed, finished iteration 133
[LightGBM] [Debug] Trained a tree with leaves = 255
[LightGBM] [Info] Iteration:134, valid_1 auc : 0.949577
[LightGBM] [Info] 29.277809 seconds elapsed, finished iteration 134
[LightGBM] [Debug] Trained a tree with leaves = 255
[LightGBM] [Info] Iteration:135, valid_1 auc : 0.949567
[LightGBM] [Info] 29.605478 seconds elapsed, finished iteration 135
[LightGBM] [Debug] Trained a tree with leaves = 255
[LightGBM] [Info] Iteration:136, valid_1 auc : 0.949571
[LightGBM] [Info] 29.893946 seconds elapsed, finished iteration 136
[LightGBM] [Debug] Trained a tree with leaves = 255
[LightGBM] [Info] Iteration:137, valid_1 auc : 0.949619
[LightGBM] [Info] 30.171193 seconds elapsed, finished iteration 137
[LightGBM] [Debug] Trained a tree with leaves = 255
[LightGBM] [Info] Iteration:138, valid_1 auc : 0.949691
[LightGBM] [Info] 30.442341 seconds elapsed, finished iteration 138
[LightGBM] [Debug] Trained a tree with leaves = 255
[LightGBM] [Info] Iteration:139, valid_1 auc : 0.949662
[LightGBM] [Info] 30.702471 seconds elapsed, finished iteration 139
[LightGBM] [Debug] Trained a tree with leaves = 255
[LightGBM] [Info] Iteration:140, valid_1 auc : 0.949445
[LightGBM] [Info] 30.972346 seconds elapsed, finished iteration 140
[LightGBM] [Debug] Trained a tree with leaves = 255
[LightGBM] [Info] Iteration:141, valid_1 auc : 0.949469
[LightGBM] [Info] 31.246006 seconds elapsed, finished iteration 141
[LightGBM] [Debug] Trained a tree with leaves = 255
[LightGBM] [Info] Iteration:142, valid_1 auc : 0.949471
[LightGBM] [Info] 31.517226 seconds elapsed, finished iteration 142
[LightGBM] [Debug] Trained a tree with leaves = 255
[LightGBM] [Info] Iteration:143, valid_1 auc : 0.949464
[LightGBM] [Info] 31.800858 seconds elapsed, finished iteration 143
[LightGBM] [Debug] Trained a tree with leaves = 255
[LightGBM] [Info] Iteration:144, valid_1 auc : 0.949464
[LightGBM] [Info] 32.060912 seconds elapsed, finished iteration 144
[LightGBM] [Debug] Trained a tree with leaves = 255
[LightGBM] [Info] Iteration:145, valid_1 auc : 0.949367
[LightGBM] [Info] 32.335738 seconds elapsed, finished iteration 145
[LightGBM] [Debug] Trained a tree with leaves = 255
[LightGBM] [Info] Iteration:146, valid_1 auc : 0.949401
[LightGBM] [Info] 32.630858 seconds elapsed, finished iteration 146
[LightGBM] [Debug] Trained a tree with leaves = 255
[LightGBM] [Info] Iteration:147, valid_1 auc : 0.949408
[LightGBM] [Info] 32.902270 seconds elapsed, finished iteration 147
[LightGBM] [Debug] Trained a tree with leaves = 255
[LightGBM] [Info] Iteration:148, valid_1 auc : 0.949413
[LightGBM] [Info] 33.154996 seconds elapsed, finished iteration 148
[LightGBM] [Debug] Trained a tree with leaves = 255
[LightGBM] [Info] Iteration:149, valid_1 auc : 0.949391
[LightGBM] [Info] 33.414753 seconds elapsed, finished iteration 149
[LightGBM] [Debug] Trained a tree with leaves = 255
[LightGBM] [Info] Iteration:150, valid_1 auc : 0.949422
[LightGBM] [Info] 33.686437 seconds elapsed, finished iteration 150
[LightGBM] [Debug] Trained a tree with leaves = 255
[LightGBM] [Info] Iteration:151, valid_1 auc : 0.94944
[LightGBM] [Info] 33.957886 seconds elapsed, finished iteration 151
[LightGBM] [Debug] Trained a tree with leaves = 255
[LightGBM] [Info] Iteration:152, valid_1 auc : 0.949599
[LightGBM] [Info] 34.236070 seconds elapsed, finished iteration 152
[LightGBM] [Debug] Trained a tree with leaves = 255
[LightGBM] [Info] Iteration:153, valid_1 auc : 0.949627
[LightGBM] [Info] 34.496278 seconds elapsed, finished iteration 153
[LightGBM] [Debug] Trained a tree with leaves = 255
[LightGBM] [Info] Iteration:154, valid_1 auc : 0.949624
[LightGBM] [Info] 34.772060 seconds elapsed, finished iteration 154
[LightGBM] [Debug] Trained a tree with leaves = 255
[LightGBM] [Info] Iteration:155, valid_1 auc : 0.949654
[LightGBM] [Info] 35.068599 seconds elapsed, finished iteration 155
[LightGBM] [Debug] Trained a tree with leaves = 255
[LightGBM] [Info] Iteration:156, valid_1 auc : 0.949653
[LightGBM] [Info] 35.347801 seconds elapsed, finished iteration 156
[LightGBM] [Debug] Trained a tree with leaves = 255
[LightGBM] [Info] Iteration:157, valid_1 auc : 0.949643
[LightGBM] [Info] 35.610933 seconds elapsed, finished iteration 157
[LightGBM] [Debug] Trained a tree with leaves = 255
[LightGBM] [Info] Iteration:158, valid_1 auc : 0.94964
[LightGBM] [Info] 35.860391 seconds elapsed, finished iteration 158
[LightGBM] [Debug] Trained a tree with leaves = 255
[LightGBM] [Info] Iteration:159, valid_1 auc : 0.949614
[LightGBM] [Info] 36.115218 seconds elapsed, finished iteration 159
[LightGBM] [Debug] Trained a tree with leaves = 255
[LightGBM] [Info] Iteration:160, valid_1 auc : 0.949632
[LightGBM] [Info] 36.370196 seconds elapsed, finished iteration 160
[LightGBM] [Debug] Trained a tree with leaves = 255
[LightGBM] [Info] Iteration:161, valid_1 auc : 0.949632
[LightGBM] [Info] 36.648908 seconds elapsed, finished iteration 161
[LightGBM] [Debug] Trained a tree with leaves = 255
[LightGBM] [Info] Iteration:162, valid_1 auc : 0.949647
[LightGBM] [Info] 36.894554 seconds elapsed, finished iteration 162
[LightGBM] [Debug] Trained a tree with leaves = 255
[LightGBM] [Info] Iteration:163, valid_1 auc : 0.949659
[LightGBM] [Info] 37.149544 seconds elapsed, finished iteration 163
[LightGBM] [Debug] Trained a tree with leaves = 255
[LightGBM] [Info] Iteration:164, valid_1 auc : 0.949495
[LightGBM] [Info] 37.414312 seconds elapsed, finished iteration 164
[LightGBM] [Debug] Trained a tree with leaves = 255
[LightGBM] [Info] Iteration:165, valid_1 auc : 0.949521
[LightGBM] [Info] 37.675390 seconds elapsed, finished iteration 165
[LightGBM] [Debug] Trained a tree with leaves = 255
[LightGBM] [Info] Iteration:166, valid_1 auc : 0.949517
[LightGBM] [Info] 37.934740 seconds elapsed, finished iteration 166
[LightGBM] [Debug] Trained a tree with leaves = 255
[LightGBM] [Info] Iteration:167, valid_1 auc : 0.949526
[LightGBM] [Info] 38.199125 seconds elapsed, finished iteration 167
[LightGBM] [Debug] Trained a tree with leaves = 255
[LightGBM] [Info] Iteration:168, valid_1 auc : 0.949537
[LightGBM] [Info] 38.488982 seconds elapsed, finished iteration 168
[LightGBM] [Debug] Trained a tree with leaves = 255
[LightGBM] [Info] Iteration:169, valid_1 auc : 0.949529
[LightGBM] [Info] 38.750665 seconds elapsed, finished iteration 169
[LightGBM] [Debug] Trained a tree with leaves = 255
[LightGBM] [Info] Iteration:170, valid_1 auc : 0.949543
[LightGBM] [Info] 39.023340 seconds elapsed, finished iteration 170
[LightGBM] [Debug] Trained a tree with leaves = 255
[LightGBM] [Info] Iteration:171, valid_1 auc : 0.949544
[LightGBM] [Info] 39.286211 seconds elapsed, finished iteration 171
[LightGBM] [Debug] Trained a tree with leaves = 255
[LightGBM] [Info] Iteration:172, valid_1 auc : 0.949627
[LightGBM] [Info] 39.567971 seconds elapsed, finished iteration 172
[LightGBM] [Debug] Trained a tree with leaves = 255
[LightGBM] [Info] Iteration:173, valid_1 auc : 0.949642
[LightGBM] [Info] 39.838907 seconds elapsed, finished iteration 173
[LightGBM] [Debug] Trained a tree with leaves = 255
[LightGBM] [Info] Iteration:174, valid_1 auc : 0.949782
[LightGBM] [Info] 40.114765 seconds elapsed, finished iteration 174
[LightGBM] [Debug] Trained a tree with leaves = 255
[LightGBM] [Info] Iteration:175, valid_1 auc : 0.949786
[LightGBM] [Info] 40.396006 seconds elapsed, finished iteration 175
[LightGBM] [Debug] Trained a tree with leaves = 255
[LightGBM] [Info] Iteration:176, valid_1 auc : 0.949822
[LightGBM] [Info] 40.688520 seconds elapsed, finished iteration 176
[LightGBM] [Debug] Trained a tree with leaves = 255
[LightGBM] [Info] Iteration:177, valid_1 auc : 0.949816
[LightGBM] [Info] 40.975234 seconds elapsed, finished iteration 177
[LightGBM] [Debug] Trained a tree with leaves = 255
[LightGBM] [Info] Iteration:178, valid_1 auc : 0.949824
[LightGBM] [Info] 41.241926 seconds elapsed, finished iteration 178
[LightGBM] [Debug] Trained a tree with leaves = 255
[LightGBM] [Info] Iteration:179, valid_1 auc : 0.949772
[LightGBM] [Info] 41.515769 seconds elapsed, finished iteration 179
[LightGBM] [Debug] Trained a tree with leaves = 255
[LightGBM] [Info] Iteration:180, valid_1 auc : 0.949799
[LightGBM] [Info] 41.802959 seconds elapsed, finished iteration 180
[LightGBM] [Debug] Trained a tree with leaves = 255
[LightGBM] [Info] Iteration:181, valid_1 auc : 0.949761
[LightGBM] [Info] 42.086902 seconds elapsed, finished iteration 181
[LightGBM] [Debug] Trained a tree with leaves = 255
[LightGBM] [Info] Iteration:182, valid_1 auc : 0.949797
[LightGBM] [Info] 42.368123 seconds elapsed, finished iteration 182
[LightGBM] [Debug] Trained a tree with leaves = 255
[LightGBM] [Info] Iteration:183, valid_1 auc : 0.949806
[LightGBM] [Info] 42.656164 seconds elapsed, finished iteration 183
[LightGBM] [Debug] Trained a tree with leaves = 255
[LightGBM] [Info] Iteration:184, valid_1 auc : 0.949672
[LightGBM] [Info] 42.908981 seconds elapsed, finished iteration 184
[LightGBM] [Debug] Trained a tree with leaves = 255
[LightGBM] [Info] Iteration:185, valid_1 auc : 0.949677
[LightGBM] [Info] 43.163540 seconds elapsed, finished iteration 185
[LightGBM] [Debug] Trained a tree with leaves = 255
[LightGBM] [Info] Iteration:186, valid_1 auc : 0.949675
[LightGBM] [Info] 43.440683 seconds elapsed, finished iteration 186
[LightGBM] [Debug] Trained a tree with leaves = 255
[LightGBM] [Info] Iteration:187, valid_1 auc : 0.949767
[LightGBM] [Info] 43.719083 seconds elapsed, finished iteration 187
[LightGBM] [Debug] Trained a tree with leaves = 255
[LightGBM] [Info] Iteration:188, valid_1 auc : 0.949765
[LightGBM] [Info] 43.971511 seconds elapsed, finished iteration 188
[LightGBM] [Debug] Trained a tree with leaves = 255
[LightGBM] [Info] Iteration:189, valid_1 auc : 0.949753
[LightGBM] [Info] 44.258954 seconds elapsed, finished iteration 189
[LightGBM] [Debug] Trained a tree with leaves = 255
[LightGBM] [Info] Iteration:190, valid_1 auc : 0.949756
[LightGBM] [Info] 44.558347 seconds elapsed, finished iteration 190
[LightGBM] [Debug] Trained a tree with leaves = 255
[LightGBM] [Info] Iteration:191, valid_1 auc : 0.949778
[LightGBM] [Info] 44.848392 seconds elapsed, finished iteration 191
[LightGBM] [Debug] Trained a tree with leaves = 255
[LightGBM] [Info] Iteration:192, valid_1 auc : 0.949799
[LightGBM] [Info] 45.131293 seconds elapsed, finished iteration 192
[LightGBM] [Debug] Trained a tree with leaves = 255
[LightGBM] [Info] Iteration:193, valid_1 auc : 0.949808
[LightGBM] [Info] 45.403618 seconds elapsed, finished iteration 193
[LightGBM] [Debug] Trained a tree with leaves = 255
[LightGBM] [Info] Iteration:194, valid_1 auc : 0.949715
[LightGBM] [Info] 45.674602 seconds elapsed, finished iteration 194
[LightGBM] [Debug] Trained a tree with leaves = 255
[LightGBM] [Info] Iteration:195, valid_1 auc : 0.949712
[LightGBM] [Info] 45.929547 seconds elapsed, finished iteration 195
[LightGBM] [Debug] Trained a tree with leaves = 255
[LightGBM] [Info] Iteration:196, valid_1 auc : 0.949679
[LightGBM] [Info] 46.194187 seconds elapsed, finished iteration 196
[LightGBM] [Debug] Trained a tree with leaves = 255
[LightGBM] [Info] Iteration:197, valid_1 auc : 0.949758
[LightGBM] [Info] 46.471045 seconds elapsed, finished iteration 197
[LightGBM] [Debug] Trained a tree with leaves = 255
[LightGBM] [Info] Iteration:198, valid_1 auc : 0.949776
[LightGBM] [Info] 46.736215 seconds elapsed, finished iteration 198
[LightGBM] [Debug] Trained a tree with leaves = 255
[LightGBM] [Info] Iteration:199, valid_1 auc : 0.949804
[LightGBM] [Info] 47.025221 seconds elapsed, finished iteration 199
[LightGBM] [Debug] Trained a tree with leaves = 255
[LightGBM] [Info] Iteration:200, valid_1 auc : 0.94984
[LightGBM] [Info] 47.283155 seconds elapsed, finished iteration 200
[LightGBM] [Debug] Trained a tree with leaves = 255
[LightGBM] [Info] Iteration:201, valid_1 auc : 0.949788
[LightGBM] [Info] 47.550001 seconds elapsed, finished iteration 201
[LightGBM] [Debug] Trained a tree with leaves = 255
[LightGBM] [Info] Iteration:202, valid_1 auc : 0.949808
[LightGBM] [Info] 47.830057 seconds elapsed, finished iteration 202
[LightGBM] [Debug] Trained a tree with leaves = 255
[LightGBM] [Info] Iteration:203, valid_1 auc : 0.949825
[LightGBM] [Info] 48.108412 seconds elapsed, finished iteration 203
[LightGBM] [Debug] Trained a tree with leaves = 255
[LightGBM] [Info] Iteration:204, valid_1 auc : 0.949826
[LightGBM] [Info] 48.370272 seconds elapsed, finished iteration 204
[LightGBM] [Debug] Trained a tree with leaves = 255
[LightGBM] [Info] Iteration:205, valid_1 auc : 0.94983
[LightGBM] [Info] 48.635540 seconds elapsed, finished iteration 205
[LightGBM] [Debug] Trained a tree with leaves = 255
[LightGBM] [Info] Iteration:206, valid_1 auc : 0.949774
[LightGBM] [Info] 48.914841 seconds elapsed, finished iteration 206
[LightGBM] [Debug] Trained a tree with leaves = 255
[LightGBM] [Info] Iteration:207, valid_1 auc : 0.949648
[LightGBM] [Info] 49.197486 seconds elapsed, finished iteration 207
[LightGBM] [Debug] Trained a tree with leaves = 255
[LightGBM] [Info] Iteration:208, valid_1 auc : 0.949657
[LightGBM] [Info] 49.475140 seconds elapsed, finished iteration 208
[LightGBM] [Debug] Trained a tree with leaves = 255
[LightGBM] [Info] Iteration:209, valid_1 auc : 0.949627
[LightGBM] [Info] 49.759669 seconds elapsed, finished iteration 209
[LightGBM] [Debug] Trained a tree with leaves = 255
[LightGBM] [Info] Iteration:210, valid_1 auc : 0.94951
[LightGBM] [Info] 50.028890 seconds elapsed, finished iteration 210
[LightGBM] [Debug] Trained a tree with leaves = 255
[LightGBM] [Info] Iteration:211, valid_1 auc : 0.949532
[LightGBM] [Info] 50.315993 seconds elapsed, finished iteration 211
[LightGBM] [Debug] Trained a tree with leaves = 255
[LightGBM] [Info] Iteration:212, valid_1 auc : 0.949518
[LightGBM] [Info] 50.572160 seconds elapsed, finished iteration 212
[LightGBM] [Debug] Trained a tree with leaves = 255
[LightGBM] [Info] Iteration:213, valid_1 auc : 0.949536
[LightGBM] [Info] 50.840564 seconds elapsed, finished iteration 213
[LightGBM] [Debug] Trained a tree with leaves = 255
[LightGBM] [Info] Iteration:214, valid_1 auc : 0.949541
[LightGBM] [Info] 51.088857 seconds elapsed, finished iteration 214
[LightGBM] [Debug] Trained a tree with leaves = 255
[LightGBM] [Info] Iteration:215, valid_1 auc : 0.949502
[LightGBM] [Info] 51.359099 seconds elapsed, finished iteration 215
[LightGBM] [Debug] Trained a tree with leaves = 255
[LightGBM] [Info] Iteration:216, valid_1 auc : 0.949507
[LightGBM] [Info] 51.634592 seconds elapsed, finished iteration 216
[LightGBM] [Debug] Trained a tree with leaves = 255
[LightGBM] [Info] Iteration:217, valid_1 auc : 0.949514
[LightGBM] [Info] 51.923685 seconds elapsed, finished iteration 217
[LightGBM] [Debug] Trained a tree with leaves = 255
[LightGBM] [Info] Iteration:218, valid_1 auc : 0.949525
[LightGBM] [Info] 52.195284 seconds elapsed, finished iteration 218
[LightGBM] [Debug] Trained a tree with leaves = 255
[LightGBM] [Info] Iteration:219, valid_1 auc : 0.949473
[LightGBM] [Info] 52.491992 seconds elapsed, finished iteration 219
[LightGBM] [Debug] Trained a tree with leaves = 255
[LightGBM] [Info] Iteration:220, valid_1 auc : 0.949509
[LightGBM] [Info] 52.791089 seconds elapsed, finished iteration 220
[LightGBM] [Debug] Trained a tree with leaves = 255
[LightGBM] [Info] Iteration:221, valid_1 auc : 0.949502
[LightGBM] [Info] 53.075262 seconds elapsed, finished iteration 221
[LightGBM] [Debug] Trained a tree with leaves = 255
[LightGBM] [Info] Iteration:222, valid_1 auc : 0.949505
[LightGBM] [Info] 53.390587 seconds elapsed, finished iteration 222
[LightGBM] [Debug] Trained a tree with leaves = 255
[LightGBM] [Info] Iteration:223, valid_1 auc : 0.949518
[LightGBM] [Info] 53.690082 seconds elapsed, finished iteration 223
[LightGBM] [Debug] Trained a tree with leaves = 255
[LightGBM] [Info] Iteration:224, valid_1 auc : 0.949513
[LightGBM] [Info] 53.973845 seconds elapsed, finished iteration 224
[LightGBM] [Debug] Trained a tree with leaves = 255
[LightGBM] [Info] Iteration:225, valid_1 auc : 0.949511
[LightGBM] [Info] 54.245573 seconds elapsed, finished iteration 225
[LightGBM] [Debug] Trained a tree with leaves = 255
[LightGBM] [Info] Iteration:226, valid_1 auc : 0.949502
[LightGBM] [Info] 54.526102 seconds elapsed, finished iteration 226
[LightGBM] [Debug] Trained a tree with leaves = 255
[LightGBM] [Info] Iteration:227, valid_1 auc : 0.949501
[LightGBM] [Info] 54.817448 seconds elapsed, finished iteration 227
[LightGBM] [Debug] Trained a tree with leaves = 255
[LightGBM] [Info] Iteration:228, valid_1 auc : 0.949487
[LightGBM] [Info] 55.109105 seconds elapsed, finished iteration 228
[LightGBM] [Debug] Trained a tree with leaves = 255
[LightGBM] [Info] Iteration:229, valid_1 auc : 0.949488
[LightGBM] [Info] 55.398260 seconds elapsed, finished iteration 229
[LightGBM] [Debug] Trained a tree with leaves = 255
[LightGBM] [Info] Iteration:230, valid_1 auc : 0.949491
[LightGBM] [Info] 55.677701 seconds elapsed, finished iteration 230
[LightGBM] [Debug] Trained a tree with leaves = 255
[LightGBM] [Info] Iteration:231, valid_1 auc : 0.949501
[LightGBM] [Info] 55.952694 seconds elapsed, finished iteration 231
[LightGBM] [Debug] Trained a tree with leaves = 255
[LightGBM] [Info] Iteration:232, valid_1 auc : 0.949504
[LightGBM] [Info] 56.244189 seconds elapsed, finished iteration 232
[LightGBM] [Debug] Trained a tree with leaves = 255
[LightGBM] [Info] Iteration:233, valid_1 auc : 0.949463
[LightGBM] [Info] 56.514504 seconds elapsed, finished iteration 233
[LightGBM] [Debug] Trained a tree with leaves = 255
[LightGBM] [Info] Iteration:234, valid_1 auc : 0.949488
[LightGBM] [Info] 56.792168 seconds elapsed, finished iteration 234
[LightGBM] [Debug] Trained a tree with leaves = 255
[LightGBM] [Info] Iteration:235, valid_1 auc : 0.949502
[LightGBM] [Info] 57.053926 seconds elapsed, finished iteration 235
[LightGBM] [Debug] Trained a tree with leaves = 255
[LightGBM] [Info] Iteration:236, valid_1 auc : 0.949536
[LightGBM] [Info] 57.349360 seconds elapsed, finished iteration 236
[LightGBM] [Debug] Trained a tree with leaves = 255
[LightGBM] [Info] Iteration:237, valid_1 auc : 0.949572
[LightGBM] [Info] 57.643538 seconds elapsed, finished iteration 237
[LightGBM] [Debug] Trained a tree with leaves = 255
[LightGBM] [Info] Iteration:238, valid_1 auc : 0.949496
[LightGBM] [Info] 57.918161 seconds elapsed, finished iteration 238
[LightGBM] [Debug] Trained a tree with leaves = 255
[LightGBM] [Info] Iteration:239, valid_1 auc : 0.94951
[LightGBM] [Info] 58.193762 seconds elapsed, finished iteration 239
[LightGBM] [Debug] Trained a tree with leaves = 255
[LightGBM] [Info] Iteration:240, valid_1 auc : 0.949527
[LightGBM] [Info] 58.470489 seconds elapsed, finished iteration 240
[LightGBM] [Debug] Trained a tree with leaves = 255
[LightGBM] [Info] Iteration:241, valid_1 auc : 0.949562
[LightGBM] [Info] 58.759832 seconds elapsed, finished iteration 241
[LightGBM] [Debug] Trained a tree with leaves = 255
[LightGBM] [Info] Iteration:242, valid_1 auc : 0.949536
[LightGBM] [Info] 59.053144 seconds elapsed, finished iteration 242
[LightGBM] [Debug] Trained a tree with leaves = 255
[LightGBM] [Info] Iteration:243, valid_1 auc : 0.949598
[LightGBM] [Info] 59.323316 seconds elapsed, finished iteration 243
[LightGBM] [Debug] Trained a tree with leaves = 255
[LightGBM] [Info] Iteration:244, valid_1 auc : 0.949618
[LightGBM] [Info] 59.593607 seconds elapsed, finished iteration 244
[LightGBM] [Debug] Trained a tree with leaves = 255
[LightGBM] [Info] Iteration:245, valid_1 auc : 0.9496
[LightGBM] [Info] 59.900886 seconds elapsed, finished iteration 245
[LightGBM] [Debug] Trained a tree with leaves = 255
[LightGBM] [Info] Iteration:246, valid_1 auc : 0.949572
[LightGBM] [Info] 60.191764 seconds elapsed, finished iteration 246
[LightGBM] [Debug] Trained a tree with leaves = 255
[LightGBM] [Info] Iteration:247, valid_1 auc : 0.949681
[LightGBM] [Info] 60.489176 seconds elapsed, finished iteration 247
[LightGBM] [Debug] Trained a tree with leaves = 255
[LightGBM] [Info] Iteration:248, valid_1 auc : 0.949706
[LightGBM] [Info] 60.799245 seconds elapsed, finished iteration 248
[LightGBM] [Debug] Trained a tree with leaves = 255
[LightGBM] [Info] Iteration:249, valid_1 auc : 0.949706
[LightGBM] [Info] 61.091700 seconds elapsed, finished iteration 249
[LightGBM] [Debug] Trained a tree with leaves = 255
[LightGBM] [Info] Iteration:250, valid_1 auc : 0.949724
[LightGBM] [Info] 61.368568 seconds elapsed, finished iteration 250
[LightGBM] [Debug] Trained a tree with leaves = 255
[LightGBM] [Info] Iteration:251, valid_1 auc : 0.949679
[LightGBM] [Info] 61.651052 seconds elapsed, finished iteration 251
[LightGBM] [Debug] Trained a tree with leaves = 255
[LightGBM] [Info] Iteration:252, valid_1 auc : 0.949695
[LightGBM] [Info] 61.922521 seconds elapsed, finished iteration 252
[LightGBM] [Debug] Trained a tree with leaves = 255
[LightGBM] [Info] Iteration:253, valid_1 auc : 0.949701
[LightGBM] [Info] 62.193591 seconds elapsed, finished iteration 253
[LightGBM] [Debug] Trained a tree with leaves = 255
[LightGBM] [Info] Iteration:254, valid_1 auc : 0.949702
[LightGBM] [Info] 62.473290 seconds elapsed, finished iteration 254
[LightGBM] [Debug] Trained a tree with leaves = 255
[LightGBM] [Info] Iteration:255, valid_1 auc : 0.949704
[LightGBM] [Info] 62.789681 seconds elapsed, finished iteration 255
[LightGBM] [Debug] Trained a tree with leaves = 255
[LightGBM] [Info] Iteration:256, valid_1 auc : 0.949712
[LightGBM] [Info] 63.070749 seconds elapsed, finished iteration 256
[LightGBM] [Debug] Trained a tree with leaves = 255
[LightGBM] [Info] Iteration:257, valid_1 auc : 0.949707
[LightGBM] [Info] 63.356466 seconds elapsed, finished iteration 257
[LightGBM] [Debug] Trained a tree with leaves = 255
[LightGBM] [Info] Iteration:258, valid_1 auc : 0.949729
[LightGBM] [Info] 63.628220 seconds elapsed, finished iteration 258
[LightGBM] [Debug] Trained a tree with leaves = 255
[LightGBM] [Info] Iteration:259, valid_1 auc : 0.949666
[LightGBM] [Info] 63.900738 seconds elapsed, finished iteration 259
[LightGBM] [Debug] Trained a tree with leaves = 255
[LightGBM] [Info] Iteration:260, valid_1 auc : 0.949676
[LightGBM] [Info] 64.161272 seconds elapsed, finished iteration 260
[LightGBM] [Debug] Trained a tree with leaves = 255
[LightGBM] [Info] Iteration:261, valid_1 auc : 0.949698
[LightGBM] [Info] 64.434177 seconds elapsed, finished iteration 261
[LightGBM] [Debug] Trained a tree with leaves = 255
[LightGBM] [Info] Iteration:262, valid_1 auc : 0.949702
[LightGBM] [Info] 64.702781 seconds elapsed, finished iteration 262
[LightGBM] [Debug] Trained a tree with leaves = 255
[LightGBM] [Info] Iteration:263, valid_1 auc : 0.949729
[LightGBM] [Info] 64.985193 seconds elapsed, finished iteration 263
[LightGBM] [Debug] Trained a tree with leaves = 255
[LightGBM] [Info] Iteration:264, valid_1 auc : 0.949705
[LightGBM] [Info] 65.245200 seconds elapsed, finished iteration 264
[LightGBM] [Debug] Trained a tree with leaves = 255
[LightGBM] [Info] Iteration:265, valid_1 auc : 0.949709
[LightGBM] [Info] 65.517530 seconds elapsed, finished iteration 265
[LightGBM] [Debug] Trained a tree with leaves = 255
[LightGBM] [Info] Iteration:266, valid_1 auc : 0.949709
[LightGBM] [Info] 65.798332 seconds elapsed, finished iteration 266
[LightGBM] [Debug] Trained a tree with leaves = 255
[LightGBM] [Info] Iteration:267, valid_1 auc : 0.949718
[LightGBM] [Info] 66.065091 seconds elapsed, finished iteration 267
[LightGBM] [Debug] Trained a tree with leaves = 255
[LightGBM] [Info] Iteration:268, valid_1 auc : 0.94971
[LightGBM] [Info] 66.364754 seconds elapsed, finished iteration 268
[LightGBM] [Debug] Trained a tree with leaves = 255
[LightGBM] [Info] Iteration:269, valid_1 auc : 0.949716
[LightGBM] [Info] 66.630254 seconds elapsed, finished iteration 269
[LightGBM] [Debug] Trained a tree with leaves = 255
[LightGBM] [Info] Iteration:270, valid_1 auc : 0.94971
[LightGBM] [Info] 66.912306 seconds elapsed, finished iteration 270
[LightGBM] [Debug] Trained a tree with leaves = 255
[LightGBM] [Info] Iteration:271, valid_1 auc : 0.949697
[LightGBM] [Info] 67.176453 seconds elapsed, finished iteration 271
[LightGBM] [Debug] Trained a tree with leaves = 255
[LightGBM] [Info] Iteration:272, valid_1 auc : 0.949695
[LightGBM] [Info] 67.457652 seconds elapsed, finished iteration 272
[LightGBM] [Debug] Trained a tree with leaves = 255
[LightGBM] [Info] Iteration:273, valid_1 auc : 0.949621
[LightGBM] [Info] 67.773757 seconds elapsed, finished iteration 273
[LightGBM] [Debug] Trained a tree with leaves = 255
[LightGBM] [Info] Iteration:274, valid_1 auc : 0.949621
[LightGBM] [Info] 68.040040 seconds elapsed, finished iteration 274
[LightGBM] [Debug] Trained a tree with leaves = 255
[LightGBM] [Info] Iteration:275, valid_1 auc : 0.949626
[LightGBM] [Info] 68.314822 seconds elapsed, finished iteration 275
[LightGBM] [Debug] Trained a tree with leaves = 255
[LightGBM] [Info] Iteration:276, valid_1 auc : 0.949636
[LightGBM] [Info] 68.593645 seconds elapsed, finished iteration 276
[LightGBM] [Debug] Trained a tree with leaves = 255
[LightGBM] [Info] Iteration:277, valid_1 auc : 0.949654
[LightGBM] [Info] 68.913279 seconds elapsed, finished iteration 277
[LightGBM] [Debug] Trained a tree with leaves = 255
[LightGBM] [Info] Iteration:278, valid_1 auc : 0.949675
[LightGBM] [Info] 69.195128 seconds elapsed, finished iteration 278
[LightGBM] [Debug] Trained a tree with leaves = 255
[LightGBM] [Info] Iteration:279, valid_1 auc : 0.949629
[LightGBM] [Info] 69.500612 seconds elapsed, finished iteration 279
[LightGBM] [Debug] Trained a tree with leaves = 255
[LightGBM] [Info] Iteration:280, valid_1 auc : 0.949515
[LightGBM] [Info] 69.785691 seconds elapsed, finished iteration 280
[LightGBM] [Debug] Trained a tree with leaves = 255
[LightGBM] [Info] Iteration:281, valid_1 auc : 0.949536
[LightGBM] [Info] 70.054003 seconds elapsed, finished iteration 281
[LightGBM] [Debug] Trained a tree with leaves = 255
[LightGBM] [Info] Iteration:282, valid_1 auc : 0.94953
[LightGBM] [Info] 70.317229 seconds elapsed, finished iteration 282
[LightGBM] [Debug] Trained a tree with leaves = 255
[LightGBM] [Info] Iteration:283, valid_1 auc : 0.949553
[LightGBM] [Info] 70.604120 seconds elapsed, finished iteration 283
[LightGBM] [Debug] Trained a tree with leaves = 255
[LightGBM] [Info] Iteration:284, valid_1 auc : 0.94955
[LightGBM] [Info] 70.876620 seconds elapsed, finished iteration 284
[LightGBM] [Debug] Trained a tree with leaves = 255
[LightGBM] [Info] Iteration:285, valid_1 auc : 0.949536
[LightGBM] [Info] 71.159899 seconds elapsed, finished iteration 285
[LightGBM] [Debug] Trained a tree with leaves = 255
[LightGBM] [Info] Iteration:286, valid_1 auc : 0.949515
[LightGBM] [Info] 71.453420 seconds elapsed, finished iteration 286
[LightGBM] [Debug] Trained a tree with leaves = 255
[LightGBM] [Info] Iteration:287, valid_1 auc : 0.949498
[LightGBM] [Info] 71.771747 seconds elapsed, finished iteration 287
[LightGBM] [Debug] Trained a tree with leaves = 255
[LightGBM] [Info] Iteration:288, valid_1 auc : 0.949528
[LightGBM] [Info] 72.060012 seconds elapsed, finished iteration 288
[LightGBM] [Debug] Trained a tree with leaves = 255
[LightGBM] [Info] Iteration:289, valid_1 auc : 0.949535
[LightGBM] [Info] 72.333066 seconds elapsed, finished iteration 289
[LightGBM] [Debug] Trained a tree with leaves = 255
[LightGBM] [Info] Iteration:290, valid_1 auc : 0.949573
[LightGBM] [Info] 72.637579 seconds elapsed, finished iteration 290
[LightGBM] [Debug] Trained a tree with leaves = 255
[LightGBM] [Info] Iteration:291, valid_1 auc : 0.949606
[LightGBM] [Info] 72.930378 seconds elapsed, finished iteration 291
[LightGBM] [Debug] Trained a tree with leaves = 255
[LightGBM] [Info] Iteration:292, valid_1 auc : 0.949586
[LightGBM] [Info] 73.197124 seconds elapsed, finished iteration 292
[LightGBM] [Debug] Trained a tree with leaves = 255
[LightGBM] [Info] Iteration:293, valid_1 auc : 0.949599
[LightGBM] [Info] 73.483595 seconds elapsed, finished iteration 293
[LightGBM] [Debug] Trained a tree with leaves = 255
[LightGBM] [Info] Iteration:294, valid_1 auc : 0.949628
[LightGBM] [Info] 73.795536 seconds elapsed, finished iteration 294
[LightGBM] [Debug] Trained a tree with leaves = 255
[LightGBM] [Info] Iteration:295, valid_1 auc : 0.94963
[LightGBM] [Info] 74.085709 seconds elapsed, finished iteration 295
[LightGBM] [Debug] Trained a tree with leaves = 255
[LightGBM] [Info] Iteration:296, valid_1 auc : 0.949629
[LightGBM] [Info] 74.365400 seconds elapsed, finished iteration 296
[LightGBM] [Debug] Trained a tree with leaves = 255
[LightGBM] [Info] Iteration:297, valid_1 auc : 0.949621
[LightGBM] [Info] 74.662820 seconds elapsed, finished iteration 297
[LightGBM] [Debug] Trained a tree with leaves = 255
[LightGBM] [Info] Iteration:298, valid_1 auc : 0.94963
[LightGBM] [Info] 74.945667 seconds elapsed, finished iteration 298
[LightGBM] [Debug] Trained a tree with leaves = 255
[LightGBM] [Info] Iteration:299, valid_1 auc : 0.949619
[LightGBM] [Info] 75.251163 seconds elapsed, finished iteration 299
[LightGBM] [Debug] Trained a tree with leaves = 255
[LightGBM] [Info] Iteration:300, valid_1 auc : 0.949631
[LightGBM] [Info] 75.565389 seconds elapsed, finished iteration 300
[LightGBM] [Debug] Trained a tree with leaves = 255
[LightGBM] [Info] Iteration:301, valid_1 auc : 0.949606
[LightGBM] [Info] 75.871596 seconds elapsed, finished iteration 301
[LightGBM] [Debug] Trained a tree with leaves = 255
[LightGBM] [Info] Iteration:302, valid_1 auc : 0.949593
[LightGBM] [Info] 76.162072 seconds elapsed, finished iteration 302
[LightGBM] [Debug] Trained a tree with leaves = 255
[LightGBM] [Info] Iteration:303, valid_1 auc : 0.949606
[LightGBM] [Info] 76.467678 seconds elapsed, finished iteration 303
[LightGBM] [Debug] Trained a tree with leaves = 255
[LightGBM] [Info] Iteration:304, valid_1 auc : 0.949622
[LightGBM] [Info] 76.772247 seconds elapsed, finished iteration 304
[LightGBM] [Debug] Trained a tree with leaves = 255
[LightGBM] [Info] Iteration:305, valid_1 auc : 0.949582
[LightGBM] [Info] 77.076258 seconds elapsed, finished iteration 305
[LightGBM] [Debug] Trained a tree with leaves = 255
[LightGBM] [Info] Iteration:306, valid_1 auc : 0.949543
[LightGBM] [Info] 77.357497 seconds elapsed, finished iteration 306
[LightGBM] [Debug] Trained a tree with leaves = 255
[LightGBM] [Info] Iteration:307, valid_1 auc : 0.949493
[LightGBM] [Info] 77.665549 seconds elapsed, finished iteration 307
[LightGBM] [Debug] Trained a tree with leaves = 255
[LightGBM] [Info] Iteration:308, valid_1 auc : 0.949473
[LightGBM] [Info] 77.952626 seconds elapsed, finished iteration 308
[LightGBM] [Debug] Trained a tree with leaves = 255
[LightGBM] [Info] Iteration:309, valid_1 auc : 0.94948
[LightGBM] [Info] 78.230434 seconds elapsed, finished iteration 309
[LightGBM] [Debug] Trained a tree with leaves = 255
[LightGBM] [Info] Iteration:310, valid_1 auc : 0.949508
[LightGBM] [Info] 78.513869 seconds elapsed, finished iteration 310
[LightGBM] [Debug] Trained a tree with leaves = 255
[LightGBM] [Info] Iteration:311, valid_1 auc : 0.949514
[LightGBM] [Info] 78.803252 seconds elapsed, finished iteration 311
[LightGBM] [Debug] Trained a tree with leaves = 255
[LightGBM] [Info] Iteration:312, valid_1 auc : 0.94952
[LightGBM] [Info] 79.087311 seconds elapsed, finished iteration 312
[LightGBM] [Debug] Trained a tree with leaves = 255
[LightGBM] [Info] Iteration:313, valid_1 auc : 0.949524
[LightGBM] [Info] 79.366591 seconds elapsed, finished iteration 313
[LightGBM] [Debug] Trained a tree with leaves = 255
[LightGBM] [Info] Iteration:314, valid_1 auc : 0.949539
[LightGBM] [Info] 79.646090 seconds elapsed, finished iteration 314
[LightGBM] [Debug] Trained a tree with leaves = 255
[LightGBM] [Info] Iteration:315, valid_1 auc : 0.949549
[LightGBM] [Info] 79.913334 seconds elapsed, finished iteration 315
[LightGBM] [Debug] Trained a tree with leaves = 255
[LightGBM] [Info] Iteration:316, valid_1 auc : 0.94956
[LightGBM] [Info] 80.191378 seconds elapsed, finished iteration 316
[LightGBM] [Debug] Trained a tree with leaves = 255
[LightGBM] [Info] Iteration:317, valid_1 auc : 0.94955
[LightGBM] [Info] 80.495712 seconds elapsed, finished iteration 317
[LightGBM] [Debug] Trained a tree with leaves = 255
[LightGBM] [Info] Iteration:318, valid_1 auc : 0.949543
[LightGBM] [Info] 80.773858 seconds elapsed, finished iteration 318
[LightGBM] [Debug] Trained a tree with leaves = 255
[LightGBM] [Info] Iteration:319, valid_1 auc : 0.949502
[LightGBM] [Info] 81.063875 seconds elapsed, finished iteration 319
[LightGBM] [Debug] Trained a tree with leaves = 255
[LightGBM] [Info] Iteration:320, valid_1 auc : 0.949462
[LightGBM] [Info] 81.358410 seconds elapsed, finished iteration 320
[LightGBM] [Debug] Trained a tree with leaves = 255
[LightGBM] [Info] Iteration:321, valid_1 auc : 0.949456
[LightGBM] [Info] 81.659630 seconds elapsed, finished iteration 321
[LightGBM] [Debug] Trained a tree with leaves = 255
[LightGBM] [Info] Iteration:322, valid_1 auc : 0.949444
[LightGBM] [Info] 81.944969 seconds elapsed, finished iteration 322
[LightGBM] [Debug] Trained a tree with leaves = 255
[LightGBM] [Info] Iteration:323, valid_1 auc : 0.949455
[LightGBM] [Info] 82.226136 seconds elapsed, finished iteration 323
[LightGBM] [Debug] Trained a tree with leaves = 255
[LightGBM] [Info] Iteration:324, valid_1 auc : 0.949463
[LightGBM] [Info] 82.525947 seconds elapsed, finished iteration 324
[LightGBM] [Debug] Trained a tree with leaves = 255
[LightGBM] [Info] Iteration:325, valid_1 auc : 0.949457
[LightGBM] [Info] 82.809378 seconds elapsed, finished iteration 325
[LightGBM] [Debug] Trained a tree with leaves = 255
[LightGBM] [Info] Iteration:326, valid_1 auc : 0.949413
[LightGBM] [Info] 83.098890 seconds elapsed, finished iteration 326
[LightGBM] [Debug] Trained a tree with leaves = 255
[LightGBM] [Info] Iteration:327, valid_1 auc : 0.94947
[LightGBM] [Info] 83.377780 seconds elapsed, finished iteration 327
[LightGBM] [Debug] Trained a tree with leaves = 255
[LightGBM] [Info] Iteration:328, valid_1 auc : 0.9495
[LightGBM] [Info] 83.673312 seconds elapsed, finished iteration 328
[LightGBM] [Debug] Trained a tree with leaves = 255
[LightGBM] [Info] Iteration:329, valid_1 auc : 0.949505
[LightGBM] [Info] 83.967248 seconds elapsed, finished iteration 329
[LightGBM] [Debug] Trained a tree with leaves = 255
[LightGBM] [Info] Iteration:330, valid_1 auc : 0.949509
[LightGBM] [Info] 84.285287 seconds elapsed, finished iteration 330
[LightGBM] [Debug] Trained a tree with leaves = 255
[LightGBM] [Info] Iteration:331, valid_1 auc : 0.949488
[LightGBM] [Info] 84.576466 seconds elapsed, finished iteration 331
[LightGBM] [Debug] Trained a tree with leaves = 255
[LightGBM] [Info] Iteration:332, valid_1 auc : 0.949502
[LightGBM] [Info] 84.888316 seconds elapsed, finished iteration 332
[LightGBM] [Debug] Trained a tree with leaves = 255
[LightGBM] [Info] Iteration:333, valid_1 auc : 0.949502
[LightGBM] [Info] 85.181312 seconds elapsed, finished iteration 333
[LightGBM] [Debug] Trained a tree with leaves = 255
[LightGBM] [Info] Iteration:334, valid_1 auc : 0.949506
[LightGBM] [Info] 85.476140 seconds elapsed, finished iteration 334
[LightGBM] [Debug] Trained a tree with leaves = 255
[LightGBM] [Info] Iteration:335, valid_1 auc : 0.949514
[LightGBM] [Info] 85.754973 seconds elapsed, finished iteration 335
[LightGBM] [Debug] Trained a tree with leaves = 255
[LightGBM] [Info] Iteration:336, valid_1 auc : 0.949554
[LightGBM] [Info] 86.051527 seconds elapsed, finished iteration 336
[LightGBM] [Debug] Trained a tree with leaves = 255
[LightGBM] [Info] Iteration:337, valid_1 auc : 0.949539
[LightGBM] [Info] 86.340157 seconds elapsed, finished iteration 337
[LightGBM] [Debug] Trained a tree with leaves = 255
[LightGBM] [Info] Iteration:338, valid_1 auc : 0.949529
[LightGBM] [Info] 86.633108 seconds elapsed, finished iteration 338
[LightGBM] [Debug] Trained a tree with leaves = 255
[LightGBM] [Info] Iteration:339, valid_1 auc : 0.949543
[LightGBM] [Info] 86.927706 seconds elapsed, finished iteration 339
[LightGBM] [Debug] Trained a tree with leaves = 255
[LightGBM] [Info] Iteration:340, valid_1 auc : 0.94953
[LightGBM] [Info] 87.205646 seconds elapsed, finished iteration 340
[LightGBM] [Debug] Trained a tree with leaves = 255
[LightGBM] [Info] Iteration:341, valid_1 auc : 0.949524
[LightGBM] [Info] 87.482804 seconds elapsed, finished iteration 341
[LightGBM] [Debug] Trained a tree with leaves = 255
[LightGBM] [Info] Iteration:342, valid_1 auc : 0.949512
[LightGBM] [Info] 87.811809 seconds elapsed, finished iteration 342
[LightGBM] [Debug] Trained a tree with leaves = 255
[LightGBM] [Info] Iteration:343, valid_1 auc : 0.949514
[LightGBM] [Info] 88.091292 seconds elapsed, finished iteration 343
[LightGBM] [Debug] Trained a tree with leaves = 255
[LightGBM] [Info] Iteration:344, valid_1 auc : 0.949509
[LightGBM] [Info] 88.372370 seconds elapsed, finished iteration 344
[LightGBM] [Debug] Trained a tree with leaves = 255
[LightGBM] [Info] Iteration:345, valid_1 auc : 0.949475
[LightGBM] [Info] 88.660779 seconds elapsed, finished iteration 345
[LightGBM] [Debug] Trained a tree with leaves = 255
[LightGBM] [Info] Iteration:346, valid_1 auc : 0.94946
[LightGBM] [Info] 88.968334 seconds elapsed, finished iteration 346
[LightGBM] [Debug] Trained a tree with leaves = 255
[LightGBM] [Info] Iteration:347, valid_1 auc : 0.949493
[LightGBM] [Info] 89.246662 seconds elapsed, finished iteration 347
[LightGBM] [Debug] Trained a tree with leaves = 255
[LightGBM] [Info] Iteration:348, valid_1 auc : 0.949495
[LightGBM] [Info] 89.533293 seconds elapsed, finished iteration 348
[LightGBM] [Debug] Trained a tree with leaves = 255
[LightGBM] [Info] Iteration:349, valid_1 auc : 0.949493
[LightGBM] [Info] 89.835404 seconds elapsed, finished iteration 349
[LightGBM] [Debug] Trained a tree with leaves = 255
[LightGBM] [Info] Iteration:350, valid_1 auc : 0.949499
[LightGBM] [Info] 90.117316 seconds elapsed, finished iteration 350
[LightGBM] [Debug] Trained a tree with leaves = 255
[LightGBM] [Info] Iteration:351, valid_1 auc : 0.949418
[LightGBM] [Info] 90.426379 seconds elapsed, finished iteration 351
[LightGBM] [Debug] Trained a tree with leaves = 255
[LightGBM] [Info] Iteration:352, valid_1 auc : 0.949447
[LightGBM] [Info] 90.710671 seconds elapsed, finished iteration 352
[LightGBM] [Debug] Trained a tree with leaves = 255
[LightGBM] [Info] Iteration:353, valid_1 auc : 0.94946
[LightGBM] [Info] 91.018036 seconds elapsed, finished iteration 353
[LightGBM] [Debug] Trained a tree with leaves = 255
[LightGBM] [Info] Iteration:354, valid_1 auc : 0.949455
[LightGBM] [Info] 91.320189 seconds elapsed, finished iteration 354
[LightGBM] [Debug] Trained a tree with leaves = 255
[LightGBM] [Info] Iteration:355, valid_1 auc : 0.949462
[LightGBM] [Info] 91.603985 seconds elapsed, finished iteration 355
[LightGBM] [Debug] Trained a tree with leaves = 255
[LightGBM] [Info] Iteration:356, valid_1 auc : 0.949483
[LightGBM] [Info] 91.894726 seconds elapsed, finished iteration 356
[LightGBM] [Debug] Trained a tree with leaves = 255
[LightGBM] [Info] Iteration:357, valid_1 auc : 0.949485
[LightGBM] [Info] 92.171057 seconds elapsed, finished iteration 357
[LightGBM] [Debug] Trained a tree with leaves = 255
[LightGBM] [Info] Iteration:358, valid_1 auc : 0.949478
[LightGBM] [Info] 92.477137 seconds elapsed, finished iteration 358
[LightGBM] [Debug] Trained a tree with leaves = 255
[LightGBM] [Info] Iteration:359, valid_1 auc : 0.949476
[LightGBM] [Info] 92.778737 seconds elapsed, finished iteration 359
[LightGBM] [Debug] Trained a tree with leaves = 255
[LightGBM] [Info] Iteration:360, valid_1 auc : 0.949484
[LightGBM] [Info] 93.074274 seconds elapsed, finished iteration 360
[LightGBM] [Debug] Trained a tree with leaves = 255
[LightGBM] [Info] Iteration:361, valid_1 auc : 0.949479
[LightGBM] [Info] 93.374888 seconds elapsed, finished iteration 361
[LightGBM] [Debug] Trained a tree with leaves = 255
[LightGBM] [Info] Iteration:362, valid_1 auc : 0.949452
[LightGBM] [Info] 93.682729 seconds elapsed, finished iteration 362
[LightGBM] [Debug] Trained a tree with leaves = 255
[LightGBM] [Info] Iteration:363, valid_1 auc : 0.949442
[LightGBM] [Info] 93.977995 seconds elapsed, finished iteration 363
[LightGBM] [Debug] Trained a tree with leaves = 255
[LightGBM] [Info] Iteration:364, valid_1 auc : 0.94946
[LightGBM] [Info] 94.272142 seconds elapsed, finished iteration 364
[LightGBM] [Debug] Trained a tree with leaves = 255
[LightGBM] [Info] Iteration:365, valid_1 auc : 0.949463
[LightGBM] [Info] 94.559771 seconds elapsed, finished iteration 365
[LightGBM] [Debug] Trained a tree with leaves = 255
[LightGBM] [Info] Iteration:366, valid_1 auc : 0.949462
[LightGBM] [Info] 94.839726 seconds elapsed, finished iteration 366
[LightGBM] [Debug] Trained a tree with leaves = 255
[LightGBM] [Info] Iteration:367, valid_1 auc : 0.949455
[LightGBM] [Info] 95.147927 seconds elapsed, finished iteration 367
[LightGBM] [Debug] Trained a tree with leaves = 255
[LightGBM] [Info] Iteration:368, valid_1 auc : 0.949471
[LightGBM] [Info] 95.464073 seconds elapsed, finished iteration 368
[LightGBM] [Debug] Trained a tree with leaves = 255
[LightGBM] [Info] Iteration:369, valid_1 auc : 0.949469
[LightGBM] [Info] 95.750553 seconds elapsed, finished iteration 369
[LightGBM] [Debug] Trained a tree with leaves = 255
[LightGBM] [Info] Iteration:370, valid_1 auc : 0.949506
[LightGBM] [Info] 96.060255 seconds elapsed, finished iteration 370
[LightGBM] [Debug] Trained a tree with leaves = 255
[LightGBM] [Info] Iteration:371, valid_1 auc : 0.949511
[LightGBM] [Info] 96.354184 seconds elapsed, finished iteration 371
[LightGBM] [Debug] Trained a tree with leaves = 255
[LightGBM] [Info] Iteration:372, valid_1 auc : 0.949529
[LightGBM] [Info] 96.637744 seconds elapsed, finished iteration 372
[LightGBM] [Debug] Trained a tree with leaves = 255
[LightGBM] [Info] Iteration:373, valid_1 auc : 0.949532
[LightGBM] [Info] 96.915074 seconds elapsed, finished iteration 373
[LightGBM] [Debug] Trained a tree with leaves = 255
[LightGBM] [Info] Iteration:374, valid_1 auc : 0.949535
[LightGBM] [Info] 97.191132 seconds elapsed, finished iteration 374
[LightGBM] [Debug] Trained a tree with leaves = 255
[LightGBM] [Info] Iteration:375, valid_1 auc : 0.949506
[LightGBM] [Info] 97.497018 seconds elapsed, finished iteration 375
[LightGBM] [Debug] Trained a tree with leaves = 255
[LightGBM] [Info] Iteration:376, valid_1 auc : 0.949465
[LightGBM] [Info] 97.797607 seconds elapsed, finished iteration 376
[LightGBM] [Debug] Trained a tree with leaves = 255
[LightGBM] [Info] Iteration:377, valid_1 auc : 0.949489
[LightGBM] [Info] 98.087456 seconds elapsed, finished iteration 377
[LightGBM] [Debug] Trained a tree with leaves = 255
[LightGBM] [Info] Iteration:378, valid_1 auc : 0.949509
[LightGBM] [Info] 98.381238 seconds elapsed, finished iteration 378
[LightGBM] [Debug] Trained a tree with leaves = 255
[LightGBM] [Info] Iteration:379, valid_1 auc : 0.949483
[LightGBM] [Info] 98.707332 seconds elapsed, finished iteration 379
[LightGBM] [Debug] Trained a tree with leaves = 255
[LightGBM] [Info] Iteration:380, valid_1 auc : 0.949491
[LightGBM] [Info] 98.989981 seconds elapsed, finished iteration 380
[LightGBM] [Debug] Trained a tree with leaves = 255
[LightGBM] [Info] Iteration:381, valid_1 auc : 0.949458
[LightGBM] [Info] 99.290702 seconds elapsed, finished iteration 381
[LightGBM] [Debug] Trained a tree with leaves = 255
[LightGBM] [Info] Iteration:382, valid_1 auc : 0.949479
[LightGBM] [Info] 99.585719 seconds elapsed, finished iteration 382
[LightGBM] [Debug] Trained a tree with leaves = 255
[LightGBM] [Info] Iteration:383, valid_1 auc : 0.949504
[LightGBM] [Info] 99.893086 seconds elapsed, finished iteration 383
[LightGBM] [Debug] Trained a tree with leaves = 255
[LightGBM] [Info] Iteration:384, valid_1 auc : 0.949519
[LightGBM] [Info] 100.176073 seconds elapsed, finished iteration 384
[LightGBM] [Debug] Trained a tree with leaves = 255
[LightGBM] [Info] Iteration:385, valid_1 auc : 0.949509
[LightGBM] [Info] 100.482790 seconds elapsed, finished iteration 385
[LightGBM] [Debug] Trained a tree with leaves = 255
[LightGBM] [Info] Iteration:386, valid_1 auc : 0.949509
[LightGBM] [Info] 100.763763 seconds elapsed, finished iteration 386
[LightGBM] [Debug] Trained a tree with leaves = 255
[LightGBM] [Info] Iteration:387, valid_1 auc : 0.949519
[LightGBM] [Info] 101.075036 seconds elapsed, finished iteration 387
[LightGBM] [Debug] Trained a tree with leaves = 255
[LightGBM] [Info] Iteration:388, valid_1 auc : 0.949556
[LightGBM] [Info] 101.363883 seconds elapsed, finished iteration 388
[LightGBM] [Debug] Trained a tree with leaves = 255
[LightGBM] [Info] Iteration:389, valid_1 auc : 0.949579
[LightGBM] [Info] 101.660621 seconds elapsed, finished iteration 389
[LightGBM] [Debug] Trained a tree with leaves = 255
[LightGBM] [Info] Iteration:390, valid_1 auc : 0.949555
[LightGBM] [Info] 101.936913 seconds elapsed, finished iteration 390
[LightGBM] [Debug] Trained a tree with leaves = 255
[LightGBM] [Info] Iteration:391, valid_1 auc : 0.949544
[LightGBM] [Info] 102.224899 seconds elapsed, finished iteration 391
[LightGBM] [Debug] Trained a tree with leaves = 255
[LightGBM] [Info] Iteration:392, valid_1 auc : 0.949495
[LightGBM] [Info] 102.516123 seconds elapsed, finished iteration 392
[LightGBM] [Debug] Trained a tree with leaves = 255
[LightGBM] [Info] Iteration:393, valid_1 auc : 0.949467
[LightGBM] [Info] 102.820935 seconds elapsed, finished iteration 393
[LightGBM] [Debug] Trained a tree with leaves = 255
[LightGBM] [Info] Iteration:394, valid_1 auc : 0.949467
[LightGBM] [Info] 103.124630 seconds elapsed, finished iteration 394
[LightGBM] [Debug] Trained a tree with leaves = 255
[LightGBM] [Info] Iteration:395, valid_1 auc : 0.949458
[LightGBM] [Info] 103.415383 seconds elapsed, finished iteration 395
[LightGBM] [Debug] Trained a tree with leaves = 255
[LightGBM] [Info] Iteration:396, valid_1 auc : 0.949462
[LightGBM] [Info] 103.698761 seconds elapsed, finished iteration 396
[LightGBM] [Debug] Trained a tree with leaves = 255
[LightGBM] [Info] Iteration:397, valid_1 auc : 0.949461
[LightGBM] [Info] 104.008828 seconds elapsed, finished iteration 397
[LightGBM] [Debug] Trained a tree with leaves = 255
[LightGBM] [Info] Iteration:398, valid_1 auc : 0.949413
[LightGBM] [Info] 104.307982 seconds elapsed, finished iteration 398
[LightGBM] [Debug] Trained a tree with leaves = 255
[LightGBM] [Info] Iteration:399, valid_1 auc : 0.949404
[LightGBM] [Info] 104.588996 seconds elapsed, finished iteration 399
[LightGBM] [Debug] Trained a tree with leaves = 255
[LightGBM] [Info] Iteration:400, valid_1 auc : 0.949408
[LightGBM] [Info] 104.910364 seconds elapsed, finished iteration 400
[LightGBM] [Debug] Trained a tree with leaves = 255
[LightGBM] [Info] Iteration:401, valid_1 auc : 0.949414
[LightGBM] [Info] 105.203578 seconds elapsed, finished iteration 401
[LightGBM] [Debug] Trained a tree with leaves = 255
[LightGBM] [Info] Iteration:402, valid_1 auc : 0.949413
[LightGBM] [Info] 105.479319 seconds elapsed, finished iteration 402
[LightGBM] [Debug] Trained a tree with leaves = 255
[LightGBM] [Info] Iteration:403, valid_1 auc : 0.94942
[LightGBM] [Info] 105.770284 seconds elapsed, finished iteration 403
[LightGBM] [Debug] Trained a tree with leaves = 255
[LightGBM] [Info] Iteration:404, valid_1 auc : 0.949425
[LightGBM] [Info] 106.053178 seconds elapsed, finished iteration 404
[LightGBM] [Debug] Trained a tree with leaves = 255
[LightGBM] [Info] Iteration:405, valid_1 auc : 0.949448
[LightGBM] [Info] 106.331705 seconds elapsed, finished iteration 405
[LightGBM] [Debug] Trained a tree with leaves = 255
[LightGBM] [Info] Iteration:406, valid_1 auc : 0.949454
[LightGBM] [Info] 106.647743 seconds elapsed, finished iteration 406
[LightGBM] [Debug] Trained a tree with leaves = 255
[LightGBM] [Info] Iteration:407, valid_1 auc : 0.949447
[LightGBM] [Info] 106.961231 seconds elapsed, finished iteration 407
[LightGBM] [Debug] Trained a tree with leaves = 255
[LightGBM] [Info] Iteration:408, valid_1 auc : 0.949426
[LightGBM] [Info] 107.246405 seconds elapsed, finished iteration 408
[LightGBM] [Debug] Trained a tree with leaves = 255
[LightGBM] [Info] Iteration:409, valid_1 auc : 0.949442
[LightGBM] [Info] 107.525308 seconds elapsed, finished iteration 409
[LightGBM] [Debug] Trained a tree with leaves = 255
[LightGBM] [Info] Iteration:410, valid_1 auc : 0.949478
[LightGBM] [Info] 107.818549 seconds elapsed, finished iteration 410
[LightGBM] [Debug] Trained a tree with leaves = 255
[LightGBM] [Info] Iteration:411, valid_1 auc : 0.949438
[LightGBM] [Info] 108.086666 seconds elapsed, finished iteration 411
[LightGBM] [Debug] Trained a tree with leaves = 255
[LightGBM] [Info] Iteration:412, valid_1 auc : 0.949454
[LightGBM] [Info] 108.366764 seconds elapsed, finished iteration 412
[LightGBM] [Debug] Trained a tree with leaves = 255
[LightGBM] [Info] Iteration:413, valid_1 auc : 0.949426
[LightGBM] [Info] 108.664206 seconds elapsed, finished iteration 413
[LightGBM] [Debug] Trained a tree with leaves = 255
[LightGBM] [Info] Iteration:414, valid_1 auc : 0.949409
[LightGBM] [Info] 108.946531 seconds elapsed, finished iteration 414
[LightGBM] [Debug] Trained a tree with leaves = 255
[LightGBM] [Info] Iteration:415, valid_1 auc : 0.94938
[LightGBM] [Info] 109.226305 seconds elapsed, finished iteration 415
[LightGBM] [Debug] Trained a tree with leaves = 255
[LightGBM] [Info] Iteration:416, valid_1 auc : 0.949388
[LightGBM] [Info] 109.507228 seconds elapsed, finished iteration 416
[LightGBM] [Debug] Trained a tree with leaves = 255
[LightGBM] [Info] Iteration:417, valid_1 auc : 0.949379
[LightGBM] [Info] 109.785685 seconds elapsed, finished iteration 417
[LightGBM] [Debug] Trained a tree with leaves = 255
[LightGBM] [Info] Iteration:418, valid_1 auc : 0.949378
[LightGBM] [Info] 110.083647 seconds elapsed, finished iteration 418
[LightGBM] [Debug] Trained a tree with leaves = 255
[LightGBM] [Info] Iteration:419, valid_1 auc : 0.949406
[LightGBM] [Info] 110.382035 seconds elapsed, finished iteration 419
[LightGBM] [Debug] Trained a tree with leaves = 255
[LightGBM] [Info] Iteration:420, valid_1 auc : 0.949407
[LightGBM] [Info] 110.678206 seconds elapsed, finished iteration 420
[LightGBM] [Debug] Trained a tree with leaves = 255
[LightGBM] [Info] Iteration:421, valid_1 auc : 0.949416
[LightGBM] [Info] 110.975570 seconds elapsed, finished iteration 421
[LightGBM] [Debug] Trained a tree with leaves = 255
[LightGBM] [Info] Iteration:422, valid_1 auc : 0.949423
[LightGBM] [Info] 111.249688 seconds elapsed, finished iteration 422
[LightGBM] [Debug] Trained a tree with leaves = 255
[LightGBM] [Info] Iteration:423, valid_1 auc : 0.949429
[LightGBM] [Info] 111.527972 seconds elapsed, finished iteration 423
[LightGBM] [Debug] Trained a tree with leaves = 255
[LightGBM] [Info] Iteration:424, valid_1 auc : 0.94947
[LightGBM] [Info] 111.818291 seconds elapsed, finished iteration 424
[LightGBM] [Debug] Trained a tree with leaves = 255
[LightGBM] [Info] Iteration:425, valid_1 auc : 0.949465
[LightGBM] [Info] 112.082085 seconds elapsed, finished iteration 425
[LightGBM] [Debug] Trained a tree with leaves = 255
[LightGBM] [Info] Iteration:426, valid_1 auc : 0.949477
[LightGBM] [Info] 112.381306 seconds elapsed, finished iteration 426
[LightGBM] [Debug] Trained a tree with leaves = 255
[LightGBM] [Info] Iteration:427, valid_1 auc : 0.949495
[LightGBM] [Info] 112.670150 seconds elapsed, finished iteration 427
[LightGBM] [Debug] Trained a tree with leaves = 255
[LightGBM] [Info] Iteration:428, valid_1 auc : 0.949482
[LightGBM] [Info] 112.958388 seconds elapsed, finished iteration 428
[LightGBM] [Debug] Trained a tree with leaves = 255
[LightGBM] [Info] Iteration:429, valid_1 auc : 0.949507
[LightGBM] [Info] 113.287402 seconds elapsed, finished iteration 429
[LightGBM] [Debug] Trained a tree with leaves = 255
[LightGBM] [Info] Iteration:430, valid_1 auc : 0.9495
[LightGBM] [Info] 113.567040 seconds elapsed, finished iteration 430
[LightGBM] [Debug] Trained a tree with leaves = 255
[LightGBM] [Info] Iteration:431, valid_1 auc : 0.949476
[LightGBM] [Info] 113.876619 seconds elapsed, finished iteration 431
[LightGBM] [Debug] Trained a tree with leaves = 255
[LightGBM] [Info] Iteration:432, valid_1 auc : 0.94946
[LightGBM] [Info] 114.172081 seconds elapsed, finished iteration 432
[LightGBM] [Debug] Trained a tree with leaves = 255
[LightGBM] [Info] Iteration:433, valid_1 auc : 0.949499
[LightGBM] [Info] 114.487340 seconds elapsed, finished iteration 433
[LightGBM] [Debug] Trained a tree with leaves = 255
[LightGBM] [Info] Iteration:434, valid_1 auc : 0.949508
[LightGBM] [Info] 114.785301 seconds elapsed, finished iteration 434
[LightGBM] [Debug] Trained a tree with leaves = 255
[LightGBM] [Info] Iteration:435, valid_1 auc : 0.949525
[LightGBM] [Info] 115.091571 seconds elapsed, finished iteration 435
[LightGBM] [Debug] Trained a tree with leaves = 255
[LightGBM] [Info] Iteration:436, valid_1 auc : 0.949512
[LightGBM] [Info] 115.401700 seconds elapsed, finished iteration 436
[LightGBM] [Debug] Trained a tree with leaves = 255
[LightGBM] [Info] Iteration:437, valid_1 auc : 0.949517
[LightGBM] [Info] 115.694709 seconds elapsed, finished iteration 437
[LightGBM] [Debug] Trained a tree with leaves = 255
[LightGBM] [Info] Iteration:438, valid_1 auc : 0.949509
[LightGBM] [Info] 115.967888 seconds elapsed, finished iteration 438
[LightGBM] [Debug] Trained a tree with leaves = 255
[LightGBM] [Info] Iteration:439, valid_1 auc : 0.949519
[LightGBM] [Info] 116.275199 seconds elapsed, finished iteration 439
[LightGBM] [Debug] Trained a tree with leaves = 255
[LightGBM] [Info] Iteration:440, valid_1 auc : 0.949521
[LightGBM] [Info] 116.553158 seconds elapsed, finished iteration 440
[LightGBM] [Debug] Trained a tree with leaves = 255
[LightGBM] [Info] Iteration:441, valid_1 auc : 0.949531
[LightGBM] [Info] 116.847065 seconds elapsed, finished iteration 441
[LightGBM] [Debug] Trained a tree with leaves = 255
[LightGBM] [Info] Iteration:442, valid_1 auc : 0.949519
[LightGBM] [Info] 117.126311 seconds elapsed, finished iteration 442
[LightGBM] [Debug] Trained a tree with leaves = 255
[LightGBM] [Info] Iteration:443, valid_1 auc : 0.949514
[LightGBM] [Info] 117.442634 seconds elapsed, finished iteration 443
[LightGBM] [Debug] Trained a tree with leaves = 255
[LightGBM] [Info] Iteration:444, valid_1 auc : 0.949522
[LightGBM] [Info] 117.730687 seconds elapsed, finished iteration 444
[LightGBM] [Debug] Trained a tree with leaves = 255
[LightGBM] [Info] Iteration:445, valid_1 auc : 0.94952
[LightGBM] [Info] 118.014688 seconds elapsed, finished iteration 445
[LightGBM] [Debug] Trained a tree with leaves = 255
[LightGBM] [Info] Iteration:446, valid_1 auc : 0.949521
[LightGBM] [Info] 118.288680 seconds elapsed, finished iteration 446
[LightGBM] [Debug] Trained a tree with leaves = 255
[LightGBM] [Info] Iteration:447, valid_1 auc : 0.949531
[LightGBM] [Info] 118.581590 seconds elapsed, finished iteration 447
[LightGBM] [Debug] Trained a tree with leaves = 255
[LightGBM] [Info] Iteration:448, valid_1 auc : 0.949544
[LightGBM] [Info] 118.885261 seconds elapsed, finished iteration 448
[LightGBM] [Debug] Trained a tree with leaves = 255
[LightGBM] [Info] Iteration:449, valid_1 auc : 0.949524
[LightGBM] [Info] 119.171544 seconds elapsed, finished iteration 449
[LightGBM] [Debug] Trained a tree with leaves = 255
[LightGBM] [Info] Iteration:450, valid_1 auc : 0.949515
[LightGBM] [Info] 119.469741 seconds elapsed, finished iteration 450
[LightGBM] [Debug] Trained a tree with leaves = 255
[LightGBM] [Info] Iteration:451, valid_1 auc : 0.949494
[LightGBM] [Info] 119.767400 seconds elapsed, finished iteration 451
[LightGBM] [Debug] Trained a tree with leaves = 255
[LightGBM] [Info] Iteration:452, valid_1 auc : 0.949487
[LightGBM] [Info] 120.071037 seconds elapsed, finished iteration 452
[LightGBM] [Debug] Trained a tree with leaves = 255
[LightGBM] [Info] Iteration:453, valid_1 auc : 0.949491
[LightGBM] [Info] 120.365681 seconds elapsed, finished iteration 453
[LightGBM] [Debug] Trained a tree with leaves = 255
[LightGBM] [Info] Iteration:454, valid_1 auc : 0.949502
[LightGBM] [Info] 120.686255 seconds elapsed, finished iteration 454
[LightGBM] [Debug] Trained a tree with leaves = 255
[LightGBM] [Info] Iteration:455, valid_1 auc : 0.949488
[LightGBM] [Info] 120.994363 seconds elapsed, finished iteration 455
[LightGBM] [Debug] Trained a tree with leaves = 255
[LightGBM] [Info] Iteration:456, valid_1 auc : 0.949502
[LightGBM] [Info] 121.275114 seconds elapsed, finished iteration 456
[LightGBM] [Debug] Trained a tree with leaves = 255
[LightGBM] [Info] Iteration:457, valid_1 auc : 0.949516
[LightGBM] [Info] 121.557470 seconds elapsed, finished iteration 457
[LightGBM] [Debug] Trained a tree with leaves = 255
[LightGBM] [Info] Iteration:458, valid_1 auc : 0.949522
[LightGBM] [Info] 121.860030 seconds elapsed, finished iteration 458
[LightGBM] [Debug] Trained a tree with leaves = 255
[LightGBM] [Info] Iteration:459, valid_1 auc : 0.949518
[LightGBM] [Info] 122.185754 seconds elapsed, finished iteration 459
[LightGBM] [Debug] Trained a tree with leaves = 255
[LightGBM] [Info] Iteration:460, valid_1 auc : 0.949541
[LightGBM] [Info] 122.505650 seconds elapsed, finished iteration 460
[LightGBM] [Debug] Trained a tree with leaves = 255
[LightGBM] [Info] Iteration:461, valid_1 auc : 0.949536
[LightGBM] [Info] 122.845940 seconds elapsed, finished iteration 461
[LightGBM] [Debug] Trained a tree with leaves = 255
[LightGBM] [Info] Iteration:462, valid_1 auc : 0.949537
[LightGBM] [Info] 123.147829 seconds elapsed, finished iteration 462
[LightGBM] [Debug] Trained a tree with leaves = 255
[LightGBM] [Info] Iteration:463, valid_1 auc : 0.949556
[LightGBM] [Info] 123.444858 seconds elapsed, finished iteration 463
[LightGBM] [Debug] Trained a tree with leaves = 255
[LightGBM] [Info] Iteration:464, valid_1 auc : 0.949556
[LightGBM] [Info] 123.717260 seconds elapsed, finished iteration 464
[LightGBM] [Debug] Trained a tree with leaves = 255
[LightGBM] [Info] Iteration:465, valid_1 auc : 0.949543
[LightGBM] [Info] 123.999017 seconds elapsed, finished iteration 465
[LightGBM] [Debug] Trained a tree with leaves = 255
[LightGBM] [Info] Iteration:466, valid_1 auc : 0.94953
[LightGBM] [Info] 124.326315 seconds elapsed, finished iteration 466
[LightGBM] [Debug] Trained a tree with leaves = 255
[LightGBM] [Info] Iteration:467, valid_1 auc : 0.949523
[LightGBM] [Info] 124.616651 seconds elapsed, finished iteration 467
[LightGBM] [Debug] Trained a tree with leaves = 255
[LightGBM] [Info] Iteration:468, valid_1 auc : 0.949554
[LightGBM] [Info] 124.896804 seconds elapsed, finished iteration 468
[LightGBM] [Debug] Trained a tree with leaves = 255
[LightGBM] [Info] Iteration:469, valid_1 auc : 0.949529
[LightGBM] [Info] 125.190509 seconds elapsed, finished iteration 469
[LightGBM] [Debug] Trained a tree with leaves = 255
[LightGBM] [Info] Iteration:470, valid_1 auc : 0.949536
[LightGBM] [Info] 125.519482 seconds elapsed, finished iteration 470
[LightGBM] [Debug] Trained a tree with leaves = 255
[LightGBM] [Info] Iteration:471, valid_1 auc : 0.949484
[LightGBM] [Info] 125.808309 seconds elapsed, finished iteration 471
[LightGBM] [Debug] Trained a tree with leaves = 255
[LightGBM] [Info] Iteration:472, valid_1 auc : 0.949489
[LightGBM] [Info] 126.109050 seconds elapsed, finished iteration 472
[LightGBM] [Debug] Trained a tree with leaves = 255
[LightGBM] [Info] Iteration:473, valid_1 auc : 0.949488
[LightGBM] [Info] 126.422936 seconds elapsed, finished iteration 473
[LightGBM] [Debug] Trained a tree with leaves = 255
[LightGBM] [Info] Iteration:474, valid_1 auc : 0.9495
[LightGBM] [Info] 126.720262 seconds elapsed, finished iteration 474
[LightGBM] [Debug] Trained a tree with leaves = 255
[LightGBM] [Info] Iteration:475, valid_1 auc : 0.949511
[LightGBM] [Info] 127.023499 seconds elapsed, finished iteration 475
[LightGBM] [Debug] Trained a tree with leaves = 255
[LightGBM] [Info] Iteration:476, valid_1 auc : 0.949524
[LightGBM] [Info] 127.320212 seconds elapsed, finished iteration 476
[LightGBM] [Debug] Trained a tree with leaves = 255
[LightGBM] [Info] Iteration:477, valid_1 auc : 0.949531
[LightGBM] [Info] 127.617445 seconds elapsed, finished iteration 477
[LightGBM] [Debug] Trained a tree with leaves = 255
[LightGBM] [Info] Iteration:478, valid_1 auc : 0.949546
[LightGBM] [Info] 127.887955 seconds elapsed, finished iteration 478
[LightGBM] [Debug] Trained a tree with leaves = 255
[LightGBM] [Info] Iteration:479, valid_1 auc : 0.949545
[LightGBM] [Info] 128.173750 seconds elapsed, finished iteration 479
[LightGBM] [Debug] Trained a tree with leaves = 255
[LightGBM] [Info] Iteration:480, valid_1 auc : 0.949537
[LightGBM] [Info] 128.449764 seconds elapsed, finished iteration 480
[LightGBM] [Debug] Trained a tree with leaves = 255
[LightGBM] [Info] Iteration:481, valid_1 auc : 0.949553
[LightGBM] [Info] 128.730690 seconds elapsed, finished iteration 481
[LightGBM] [Debug] Trained a tree with leaves = 255
[LightGBM] [Info] Iteration:482, valid_1 auc : 0.949552
[LightGBM] [Info] 129.018000 seconds elapsed, finished iteration 482
[LightGBM] [Debug] Trained a tree with leaves = 255
[LightGBM] [Info] Iteration:483, valid_1 auc : 0.949546
[LightGBM] [Info] 129.319492 seconds elapsed, finished iteration 483
[LightGBM] [Debug] Trained a tree with leaves = 255
[LightGBM] [Info] Iteration:484, valid_1 auc : 0.949568
[LightGBM] [Info] 129.630980 seconds elapsed, finished iteration 484
[LightGBM] [Debug] Trained a tree with leaves = 255
[LightGBM] [Info] Iteration:485, valid_1 auc : 0.949583
[LightGBM] [Info] 129.924988 seconds elapsed, finished iteration 485
[LightGBM] [Debug] Trained a tree with leaves = 255
[LightGBM] [Info] Iteration:486, valid_1 auc : 0.949542
[LightGBM] [Info] 130.208868 seconds elapsed, finished iteration 486
[LightGBM] [Debug] Trained a tree with leaves = 255
[LightGBM] [Info] Iteration:487, valid_1 auc : 0.94954
[LightGBM] [Info] 130.512565 seconds elapsed, finished iteration 487
[LightGBM] [Debug] Trained a tree with leaves = 255
[LightGBM] [Info] Iteration:488, valid_1 auc : 0.94948
[LightGBM] [Info] 130.798944 seconds elapsed, finished iteration 488
[LightGBM] [Debug] Trained a tree with leaves = 255
[LightGBM] [Info] Iteration:489, valid_1 auc : 0.949481
[LightGBM] [Info] 131.105019 seconds elapsed, finished iteration 489
[LightGBM] [Debug] Trained a tree with leaves = 255
[LightGBM] [Info] Iteration:490, valid_1 auc : 0.949488
[LightGBM] [Info] 131.396346 seconds elapsed, finished iteration 490
[LightGBM] [Debug] Trained a tree with leaves = 255
[LightGBM] [Info] Iteration:491, valid_1 auc : 0.949441
[LightGBM] [Info] 131.688105 seconds elapsed, finished iteration 491
[LightGBM] [Debug] Trained a tree with leaves = 255
[LightGBM] [Info] Iteration:492, valid_1 auc : 0.949468
[LightGBM] [Info] 131.976877 seconds elapsed, finished iteration 492
[LightGBM] [Debug] Trained a tree with leaves = 255
[LightGBM] [Info] Iteration:493, valid_1 auc : 0.949463
[LightGBM] [Info] 132.292000 seconds elapsed, finished iteration 493
[LightGBM] [Debug] Trained a tree with leaves = 255
[LightGBM] [Info] Iteration:494, valid_1 auc : 0.949466
[LightGBM] [Info] 132.605442 seconds elapsed, finished iteration 494
[LightGBM] [Debug] Trained a tree with leaves = 255
[LightGBM] [Info] Iteration:495, valid_1 auc : 0.94946
[LightGBM] [Info] 132.904953 seconds elapsed, finished iteration 495
[LightGBM] [Debug] Trained a tree with leaves = 255
[LightGBM] [Info] Iteration:496, valid_1 auc : 0.94946
[LightGBM] [Info] 133.181627 seconds elapsed, finished iteration 496
[LightGBM] [Debug] Trained a tree with leaves = 255
[LightGBM] [Info] Iteration:497, valid_1 auc : 0.94947
[LightGBM] [Info] 133.466415 seconds elapsed, finished iteration 497
[LightGBM] [Debug] Trained a tree with leaves = 255
[LightGBM] [Info] Iteration:498, valid_1 auc : 0.949438
[LightGBM] [Info] 133.771650 seconds elapsed, finished iteration 498
[LightGBM] [Debug] Trained a tree with leaves = 255
[LightGBM] [Info] Iteration:499, valid_1 auc : 0.949456
[LightGBM] [Info] 134.068688 seconds elapsed, finished iteration 499
[LightGBM] [Debug] Trained a tree with leaves = 255
[LightGBM] [Info] Iteration:500, valid_1 auc : 0.949442
[LightGBM] [Info] 134.356397 seconds elapsed, finished iteration 500
[LightGBM] [Info] Finished training
[LightGBM] [Info] CUDABestSplitFinder::LaunchSyncBestSplitForLeafKernel costs:	 3.159558
[LightGBM] [Info] CUDADataPartition::AddPredictionToScoreKernel costs:	 0.427111
[LightGBM] [Info] CUDADataPartition::AggregateBlockOffsetKernel costs:	 4.732965
[LightGBM] [Info] CUDADataPartition::CopyDataIndicesKernel costs:	 0.391495
[LightGBM] [Info] CUDADataPartition::CopyFromCUDADeviceToHostAsync costs:	 3.328091
[LightGBM] [Info] CUDADataPartition::LaunchAddPredictionToScoreKernel::BitonicArgSortGlobal costs:	 0.023151
[LightGBM] [Info] CUDADataPartition::SplitInnerKernel costs:	 0.372137
[LightGBM] [Info] CUDADataPartition::SplitTreeStructureKernel costs:	 0.353389
[LightGBM] [Info] CUDAHistogramConstructor::ConstructHistogramForLeaf::LaunchSubtractHistogramKernel costs:	 0.874783
[LightGBM] [Info] CUDAHistogramConstructor::FixHistogramDiscretizedKernel costs:	 0.389606
[LightGBM] [Info] CUDAHistogramConstructor::SubtractHistogramDiscretizedKernel costs:	 0.371566
[LightGBM] [Info] CUDAScoreUpdater::AddScore costs:	 0.000072
[LightGBM] [Info] CUDASingleGPUTreeLearner::BeforeTrain costs:	 1.449932
[LightGBM] [Info] CUDASingleGPUTreeLearner::CPUFindBestFromAllSplits costs:	 0.030129
[LightGBM] [Info] CUDASingleGPUTreeLearner::ConstructHistogramForLeaf costs:	 16.344065
[LightGBM] [Info] CUDASingleGPUTreeLearner::FindBestFromAllSplits costs:	 2.374212
[LightGBM] [Info] CUDASingleGPUTreeLearner::FindBestSplitsForLeaf costs:	 5.357597
[LightGBM] [Info] CUDASingleGPUTreeLearner::NCCLReduceHistogram costs:	 0.008032
[LightGBM] [Info] CUDASingleGPUTreeLearner::RenewDiscretizedTreeLeaves costs:	 1.790462
[LightGBM] [Info] CUDASingleGPUTreeLearner::Split costs:	 10.440434
[LightGBM] [Info] Dataset::FastFeatureBundling costs:	 0.068767
[LightGBM] [Info] Dataset::GetMultiBinFromAllFeatures costs:	 2.871725
[LightGBM] [Info] Dataset::PushDataToMultiValBin costs:	 2.074312
[LightGBM] [Info] Dataset::TestMultiThreadingMethod costs:	 2.873099
[LightGBM] [Info] GBDT::Bagging costs:	 0.000188
[LightGBM] [Info] GBDT::BoostFromAverage costs:	 0.000608
[LightGBM] [Info] GBDT::Boosting costs:	 0.235498
[LightGBM] [Info] GBDT::Train costs:	 134.356405
[LightGBM] [Info] GBDT::TrainOneIter costs:	 40.293195
[LightGBM] [Info] GBDT::UpdateScore costs:	 0.809494
[LightGBM] [Info] GenDataToLeftBitVector costs:	 0.422489
[LightGBM] [Info] ScoreUpdater::AddScore costs:	 0.807985
[LightGBM] [Info] SplitInner costs:	 9.413468
