[LightGBM] [Warning] use_discretized_grad is set=true, use_discretized_grad=true will be ignored. Current value: use_discretized_grad=true
[LightGBM] [Warning] discretized_grad_renew is set=true, discretized_grad_renew=true will be ignored. Current value: discretized_grad_renew=true
[LightGBM] [Info] Finished loading parameters
[LightGBM] [Debug] Loading train file...
[LightGBM] [Info] Construct bin mappers from text data time 0.69 seconds
[LightGBM] [Debug] Loading validation file #1...
[LightGBM] [Info] Finished loading data in 16.361341 seconds
[LightGBM] [Info] Number of positive: 5564616, number of negative: 4935384
[LightGBM] [Debug] Dataset::GetMultiBinFromAllFeatures: sparse rate 0.078949
[LightGBM] [Info] Total Bins 6132
[LightGBM] [Info] Number of data points in the train set: 10500000, number of used features: 28
[LightGBM] [Debug] Number of data points in validation set #1: 500000
[LightGBM] [Info] Finished initializing training
[LightGBM] [Info] Started training...
[LightGBM] [Info] [binary:BoostFromScore]: pavg=0.529963 -> initscore=0.119997
[LightGBM] [Info] Start training from score 0.119997
[LightGBM] [Debug] Trained a tree with leaves = 255 and depth = 13
[LightGBM] [Info] Iteration:1, valid_1 auc : 0.771652
[LightGBM] [Info] 0.434719 seconds elapsed, finished iteration 1
[LightGBM] [Debug] Trained a tree with leaves = 255 and depth = 13
[LightGBM] [Info] Iteration:2, valid_1 auc : 0.777344
[LightGBM] [Info] 0.933837 seconds elapsed, finished iteration 2
[LightGBM] [Debug] Trained a tree with leaves = 255 and depth = 13
[LightGBM] [Info] Iteration:3, valid_1 auc : 0.78145
[LightGBM] [Info] 1.467594 seconds elapsed, finished iteration 3
[LightGBM] [Debug] Trained a tree with leaves = 255 and depth = 15
[LightGBM] [Info] Iteration:4, valid_1 auc : 0.784401
[LightGBM] [Info] 2.033774 seconds elapsed, finished iteration 4
[LightGBM] [Debug] Trained a tree with leaves = 255 and depth = 14
[LightGBM] [Info] Iteration:5, valid_1 auc : 0.78672
[LightGBM] [Info] 2.549899 seconds elapsed, finished iteration 5
[LightGBM] [Debug] Trained a tree with leaves = 255 and depth = 14
[LightGBM] [Info] Iteration:6, valid_1 auc : 0.788769
[LightGBM] [Info] 3.059049 seconds elapsed, finished iteration 6
[LightGBM] [Debug] Trained a tree with leaves = 255 and depth = 13
[LightGBM] [Info] Iteration:7, valid_1 auc : 0.790238
[LightGBM] [Info] 3.511753 seconds elapsed, finished iteration 7
[LightGBM] [Debug] Trained a tree with leaves = 255 and depth = 13
[LightGBM] [Info] Iteration:8, valid_1 auc : 0.791688
[LightGBM] [Info] 3.953836 seconds elapsed, finished iteration 8
[LightGBM] [Debug] Trained a tree with leaves = 255 and depth = 14
[LightGBM] [Info] Iteration:9, valid_1 auc : 0.79296
[LightGBM] [Info] 4.474912 seconds elapsed, finished iteration 9
[LightGBM] [Debug] Trained a tree with leaves = 255 and depth = 15
[LightGBM] [Info] Iteration:10, valid_1 auc : 0.794322
[LightGBM] [Info] 4.967029 seconds elapsed, finished iteration 10
[LightGBM] [Debug] Trained a tree with leaves = 255 and depth = 15
[LightGBM] [Info] Iteration:11, valid_1 auc : 0.795592
[LightGBM] [Info] 5.495537 seconds elapsed, finished iteration 11
[LightGBM] [Debug] Trained a tree with leaves = 255 and depth = 13
[LightGBM] [Info] Iteration:12, valid_1 auc : 0.796933
[LightGBM] [Info] 5.995704 seconds elapsed, finished iteration 12
[LightGBM] [Debug] Trained a tree with leaves = 255 and depth = 13
[LightGBM] [Info] Iteration:13, valid_1 auc : 0.798185
[LightGBM] [Info] 6.632806 seconds elapsed, finished iteration 13
[LightGBM] [Debug] Trained a tree with leaves = 255 and depth = 15
[LightGBM] [Info] Iteration:14, valid_1 auc : 0.799193
[LightGBM] [Info] 7.305930 seconds elapsed, finished iteration 14
[LightGBM] [Debug] Trained a tree with leaves = 255 and depth = 16
[LightGBM] [Info] Iteration:15, valid_1 auc : 0.800174
[LightGBM] [Info] 7.876062 seconds elapsed, finished iteration 15
[LightGBM] [Debug] Trained a tree with leaves = 255 and depth = 16
[LightGBM] [Info] Iteration:16, valid_1 auc : 0.801375
[LightGBM] [Info] 8.276155 seconds elapsed, finished iteration 16
[LightGBM] [Debug] Trained a tree with leaves = 255 and depth = 16
[LightGBM] [Info] Iteration:17, valid_1 auc : 0.802315
[LightGBM] [Info] 8.701307 seconds elapsed, finished iteration 17
[LightGBM] [Debug] Trained a tree with leaves = 255 and depth = 15
[LightGBM] [Info] Iteration:18, valid_1 auc : 0.803408
[LightGBM] [Info] 9.193057 seconds elapsed, finished iteration 18
[LightGBM] [Debug] Trained a tree with leaves = 255 and depth = 17
[LightGBM] [Info] Iteration:19, valid_1 auc : 0.804709
[LightGBM] [Info] 9.579607 seconds elapsed, finished iteration 19
[LightGBM] [Debug] Trained a tree with leaves = 255 and depth = 15
[LightGBM] [Info] Iteration:20, valid_1 auc : 0.805517
[LightGBM] [Info] 9.987698 seconds elapsed, finished iteration 20
[LightGBM] [Debug] Trained a tree with leaves = 255 and depth = 17
[LightGBM] [Info] Iteration:21, valid_1 auc : 0.806659
[LightGBM] [Info] 10.369394 seconds elapsed, finished iteration 21
[LightGBM] [Debug] Trained a tree with leaves = 255 and depth = 13
[LightGBM] [Info] Iteration:22, valid_1 auc : 0.807441
[LightGBM] [Info] 10.779235 seconds elapsed, finished iteration 22
[LightGBM] [Debug] Trained a tree with leaves = 255 and depth = 16
[LightGBM] [Info] Iteration:23, valid_1 auc : 0.808316
[LightGBM] [Info] 11.200088 seconds elapsed, finished iteration 23
[LightGBM] [Debug] Trained a tree with leaves = 255 and depth = 15
[LightGBM] [Info] Iteration:24, valid_1 auc : 0.80896
[LightGBM] [Info] 11.697476 seconds elapsed, finished iteration 24
[LightGBM] [Debug] Trained a tree with leaves = 255 and depth = 16
[LightGBM] [Info] Iteration:25, valid_1 auc : 0.809735
[LightGBM] [Info] 12.092002 seconds elapsed, finished iteration 25
[LightGBM] [Debug] Trained a tree with leaves = 255 and depth = 17
[LightGBM] [Info] Iteration:26, valid_1 auc : 0.810557
[LightGBM] [Info] 12.500043 seconds elapsed, finished iteration 26
[LightGBM] [Debug] Trained a tree with leaves = 255 and depth = 16
[LightGBM] [Info] Iteration:27, valid_1 auc : 0.811248
[LightGBM] [Info] 12.996582 seconds elapsed, finished iteration 27
[LightGBM] [Debug] Trained a tree with leaves = 255 and depth = 17
[LightGBM] [Info] Iteration:28, valid_1 auc : 0.8119
[LightGBM] [Info] 13.561822 seconds elapsed, finished iteration 28
[LightGBM] [Debug] Trained a tree with leaves = 255 and depth = 17
[LightGBM] [Info] Iteration:29, valid_1 auc : 0.812514
[LightGBM] [Info] 14.181465 seconds elapsed, finished iteration 29
[LightGBM] [Debug] Trained a tree with leaves = 255 and depth = 17
[LightGBM] [Info] Iteration:30, valid_1 auc : 0.813018
[LightGBM] [Info] 14.743154 seconds elapsed, finished iteration 30
[LightGBM] [Debug] Trained a tree with leaves = 255 and depth = 18
[LightGBM] [Info] Iteration:31, valid_1 auc : 0.813586
[LightGBM] [Info] 15.289451 seconds elapsed, finished iteration 31
[LightGBM] [Debug] Trained a tree with leaves = 255 and depth = 17
[LightGBM] [Info] Iteration:32, valid_1 auc : 0.814212
[LightGBM] [Info] 15.727677 seconds elapsed, finished iteration 32
[LightGBM] [Debug] Trained a tree with leaves = 255 and depth = 15
[LightGBM] [Info] Iteration:33, valid_1 auc : 0.814677
[LightGBM] [Info] 16.139677 seconds elapsed, finished iteration 33
[LightGBM] [Debug] Trained a tree with leaves = 255 and depth = 16
[LightGBM] [Info] Iteration:34, valid_1 auc : 0.815135
[LightGBM] [Info] 16.593264 seconds elapsed, finished iteration 34
[LightGBM] [Debug] Trained a tree with leaves = 255 and depth = 20
[LightGBM] [Info] Iteration:35, valid_1 auc : 0.815617
[LightGBM] [Info] 17.117926 seconds elapsed, finished iteration 35
[LightGBM] [Debug] Trained a tree with leaves = 255 and depth = 17
[LightGBM] [Info] Iteration:36, valid_1 auc : 0.816098
[LightGBM] [Info] 17.661178 seconds elapsed, finished iteration 36
[LightGBM] [Debug] Trained a tree with leaves = 255 and depth = 16
[LightGBM] [Info] Iteration:37, valid_1 auc : 0.816552
[LightGBM] [Info] 18.114229 seconds elapsed, finished iteration 37
[LightGBM] [Debug] Trained a tree with leaves = 255 and depth = 20
[LightGBM] [Info] Iteration:38, valid_1 auc : 0.817009
[LightGBM] [Info] 18.535480 seconds elapsed, finished iteration 38
[LightGBM] [Debug] Trained a tree with leaves = 255 and depth = 22
[LightGBM] [Info] Iteration:39, valid_1 auc : 0.817456
[LightGBM] [Info] 19.041055 seconds elapsed, finished iteration 39
[LightGBM] [Debug] Trained a tree with leaves = 255 and depth = 17
[LightGBM] [Info] Iteration:40, valid_1 auc : 0.817867
[LightGBM] [Info] 19.470607 seconds elapsed, finished iteration 40
[LightGBM] [Debug] Trained a tree with leaves = 255 and depth = 18
[LightGBM] [Info] Iteration:41, valid_1 auc : 0.818286
[LightGBM] [Info] 19.974597 seconds elapsed, finished iteration 41
[LightGBM] [Debug] Trained a tree with leaves = 255 and depth = 15
[LightGBM] [Info] Iteration:42, valid_1 auc : 0.818636
[LightGBM] [Info] 20.353863 seconds elapsed, finished iteration 42
[LightGBM] [Debug] Trained a tree with leaves = 255 and depth = 20
[LightGBM] [Info] Iteration:43, valid_1 auc : 0.81903
[LightGBM] [Info] 20.793200 seconds elapsed, finished iteration 43
[LightGBM] [Debug] Trained a tree with leaves = 255 and depth = 21
[LightGBM] [Info] Iteration:44, valid_1 auc : 0.819361
[LightGBM] [Info] 21.329218 seconds elapsed, finished iteration 44
[LightGBM] [Debug] Trained a tree with leaves = 255 and depth = 17
[LightGBM] [Info] Iteration:45, valid_1 auc : 0.819754
[LightGBM] [Info] 21.776816 seconds elapsed, finished iteration 45
[LightGBM] [Debug] Trained a tree with leaves = 255 and depth = 19
[LightGBM] [Info] Iteration:46, valid_1 auc : 0.820103
[LightGBM] [Info] 22.183391 seconds elapsed, finished iteration 46
[LightGBM] [Debug] Trained a tree with leaves = 255 and depth = 20
[LightGBM] [Info] Iteration:47, valid_1 auc : 0.820483
[LightGBM] [Info] 22.574491 seconds elapsed, finished iteration 47
[LightGBM] [Debug] Trained a tree with leaves = 255 and depth = 19
[LightGBM] [Info] Iteration:48, valid_1 auc : 0.820754
[LightGBM] [Info] 22.998290 seconds elapsed, finished iteration 48
[LightGBM] [Debug] Trained a tree with leaves = 255 and depth = 13
[LightGBM] [Info] Iteration:49, valid_1 auc : 0.821048
[LightGBM] [Info] 23.403842 seconds elapsed, finished iteration 49
[LightGBM] [Debug] Trained a tree with leaves = 255 and depth = 16
[LightGBM] [Info] Iteration:50, valid_1 auc : 0.821324
[LightGBM] [Info] 23.825664 seconds elapsed, finished iteration 50
[LightGBM] [Debug] Trained a tree with leaves = 255 and depth = 19
[LightGBM] [Info] Iteration:51, valid_1 auc : 0.821679
[LightGBM] [Info] 24.193268 seconds elapsed, finished iteration 51
[LightGBM] [Debug] Trained a tree with leaves = 255 and depth = 16
[LightGBM] [Info] Iteration:52, valid_1 auc : 0.821998
[LightGBM] [Info] 24.591363 seconds elapsed, finished iteration 52
[LightGBM] [Debug] Trained a tree with leaves = 255 and depth = 20
[LightGBM] [Info] Iteration:53, valid_1 auc : 0.82229
[LightGBM] [Info] 25.007017 seconds elapsed, finished iteration 53
[LightGBM] [Debug] Trained a tree with leaves = 255 and depth = 19
[LightGBM] [Info] Iteration:54, valid_1 auc : 0.822542
[LightGBM] [Info] 25.431274 seconds elapsed, finished iteration 54
[LightGBM] [Debug] Trained a tree with leaves = 255 and depth = 21
[LightGBM] [Info] Iteration:55, valid_1 auc : 0.822846
[LightGBM] [Info] 25.832862 seconds elapsed, finished iteration 55
[LightGBM] [Debug] Trained a tree with leaves = 255 and depth = 21
[LightGBM] [Info] Iteration:56, valid_1 auc : 0.823171
[LightGBM] [Info] 26.193388 seconds elapsed, finished iteration 56
[LightGBM] [Debug] Trained a tree with leaves = 255 and depth = 18
[LightGBM] [Info] Iteration:57, valid_1 auc : 0.823407
[LightGBM] [Info] 26.673370 seconds elapsed, finished iteration 57
[LightGBM] [Debug] Trained a tree with leaves = 255 and depth = 21
[LightGBM] [Info] Iteration:58, valid_1 auc : 0.823714
[LightGBM] [Info] 27.211176 seconds elapsed, finished iteration 58
[LightGBM] [Debug] Trained a tree with leaves = 255 and depth = 23
[LightGBM] [Info] Iteration:59, valid_1 auc : 0.824007
[LightGBM] [Info] 27.689694 seconds elapsed, finished iteration 59
[LightGBM] [Debug] Trained a tree with leaves = 255 and depth = 21
[LightGBM] [Info] Iteration:60, valid_1 auc : 0.824298
[LightGBM] [Info] 28.195012 seconds elapsed, finished iteration 60
[LightGBM] [Debug] Trained a tree with leaves = 255 and depth = 20
[LightGBM] [Info] Iteration:61, valid_1 auc : 0.824548
[LightGBM] [Info] 28.733622 seconds elapsed, finished iteration 61
[LightGBM] [Debug] Trained a tree with leaves = 255 and depth = 14
[LightGBM] [Info] Iteration:62, valid_1 auc : 0.82475
[LightGBM] [Info] 29.174717 seconds elapsed, finished iteration 62
[LightGBM] [Debug] Trained a tree with leaves = 255 and depth = 26
[LightGBM] [Info] Iteration:63, valid_1 auc : 0.82503
[LightGBM] [Info] 29.611180 seconds elapsed, finished iteration 63
[LightGBM] [Debug] Trained a tree with leaves = 255 and depth = 19
[LightGBM] [Info] Iteration:64, valid_1 auc : 0.825257
[LightGBM] [Info] 30.099499 seconds elapsed, finished iteration 64
[LightGBM] [Debug] Trained a tree with leaves = 255 and depth = 25
[LightGBM] [Info] Iteration:65, valid_1 auc : 0.825494
[LightGBM] [Info] 30.513298 seconds elapsed, finished iteration 65
[LightGBM] [Debug] Trained a tree with leaves = 255 and depth = 18
[LightGBM] [Info] Iteration:66, valid_1 auc : 0.825695
[LightGBM] [Info] 31.056672 seconds elapsed, finished iteration 66
[LightGBM] [Debug] Trained a tree with leaves = 255 and depth = 20
[LightGBM] [Info] Iteration:67, valid_1 auc : 0.825905
[LightGBM] [Info] 31.488210 seconds elapsed, finished iteration 67
[LightGBM] [Debug] Trained a tree with leaves = 255 and depth = 21
[LightGBM] [Info] Iteration:68, valid_1 auc : 0.826097
[LightGBM] [Info] 31.946763 seconds elapsed, finished iteration 68
[LightGBM] [Debug] Trained a tree with leaves = 255 and depth = 22
[LightGBM] [Info] Iteration:69, valid_1 auc : 0.826287
[LightGBM] [Info] 32.402730 seconds elapsed, finished iteration 69
[LightGBM] [Debug] Trained a tree with leaves = 255 and depth = 21
[LightGBM] [Info] Iteration:70, valid_1 auc : 0.826496
[LightGBM] [Info] 32.808247 seconds elapsed, finished iteration 70
[LightGBM] [Debug] Trained a tree with leaves = 255 and depth = 23
[LightGBM] [Info] Iteration:71, valid_1 auc : 0.826701
[LightGBM] [Info] 33.211332 seconds elapsed, finished iteration 71
[LightGBM] [Debug] Trained a tree with leaves = 255 and depth = 20
[LightGBM] [Info] Iteration:72, valid_1 auc : 0.826913
[LightGBM] [Info] 33.618389 seconds elapsed, finished iteration 72
[LightGBM] [Debug] Trained a tree with leaves = 255 and depth = 17
[LightGBM] [Info] Iteration:73, valid_1 auc : 0.827106
[LightGBM] [Info] 34.070704 seconds elapsed, finished iteration 73
[LightGBM] [Debug] Trained a tree with leaves = 255 and depth = 22
[LightGBM] [Info] Iteration:74, valid_1 auc : 0.82732
[LightGBM] [Info] 34.512276 seconds elapsed, finished iteration 74
[LightGBM] [Debug] Trained a tree with leaves = 255 and depth = 18
[LightGBM] [Info] Iteration:75, valid_1 auc : 0.827489
[LightGBM] [Info] 34.903179 seconds elapsed, finished iteration 75
[LightGBM] [Debug] Trained a tree with leaves = 255 and depth = 23
[LightGBM] [Info] Iteration:76, valid_1 auc : 0.827681
[LightGBM] [Info] 35.265030 seconds elapsed, finished iteration 76
[LightGBM] [Debug] Trained a tree with leaves = 255 and depth = 19
[LightGBM] [Info] Iteration:77, valid_1 auc : 0.827824
[LightGBM] [Info] 35.677679 seconds elapsed, finished iteration 77
[LightGBM] [Debug] Trained a tree with leaves = 255 and depth = 20
[LightGBM] [Info] Iteration:78, valid_1 auc : 0.828007
[LightGBM] [Info] 36.092100 seconds elapsed, finished iteration 78
[LightGBM] [Debug] Trained a tree with leaves = 255 and depth = 22
[LightGBM] [Info] Iteration:79, valid_1 auc : 0.828201
[LightGBM] [Info] 36.595444 seconds elapsed, finished iteration 79
[LightGBM] [Debug] Trained a tree with leaves = 255 and depth = 21
[LightGBM] [Info] Iteration:80, valid_1 auc : 0.828374
[LightGBM] [Info] 37.085594 seconds elapsed, finished iteration 80
[LightGBM] [Debug] Trained a tree with leaves = 255 and depth = 28
[LightGBM] [Info] Iteration:81, valid_1 auc : 0.828548
[LightGBM] [Info] 37.481854 seconds elapsed, finished iteration 81
[LightGBM] [Debug] Trained a tree with leaves = 255 and depth = 19
[LightGBM] [Info] Iteration:82, valid_1 auc : 0.828812
[LightGBM] [Info] 37.898678 seconds elapsed, finished iteration 82
[LightGBM] [Debug] Trained a tree with leaves = 255 and depth = 26
[LightGBM] [Info] Iteration:83, valid_1 auc : 0.828998
[LightGBM] [Info] 38.296972 seconds elapsed, finished iteration 83
[LightGBM] [Debug] Trained a tree with leaves = 255 and depth = 15
[LightGBM] [Info] Iteration:84, valid_1 auc : 0.829158
[LightGBM] [Info] 38.697615 seconds elapsed, finished iteration 84
[LightGBM] [Debug] Trained a tree with leaves = 255 and depth = 16
[LightGBM] [Info] Iteration:85, valid_1 auc : 0.829304
[LightGBM] [Info] 39.097878 seconds elapsed, finished iteration 85
[LightGBM] [Debug] Trained a tree with leaves = 255 and depth = 26
[LightGBM] [Info] Iteration:86, valid_1 auc : 0.829491
[LightGBM] [Info] 39.514152 seconds elapsed, finished iteration 86
[LightGBM] [Debug] Trained a tree with leaves = 255 and depth = 21
[LightGBM] [Info] Iteration:87, valid_1 auc : 0.829619
[LightGBM] [Info] 39.907375 seconds elapsed, finished iteration 87
[LightGBM] [Debug] Trained a tree with leaves = 255 and depth = 22
[LightGBM] [Info] Iteration:88, valid_1 auc : 0.829754
[LightGBM] [Info] 40.334077 seconds elapsed, finished iteration 88
[LightGBM] [Debug] Trained a tree with leaves = 255 and depth = 23
[LightGBM] [Info] Iteration:89, valid_1 auc : 0.829925
[LightGBM] [Info] 40.716385 seconds elapsed, finished iteration 89
[LightGBM] [Debug] Trained a tree with leaves = 255 and depth = 20
[LightGBM] [Info] Iteration:90, valid_1 auc : 0.830085
[LightGBM] [Info] 41.065516 seconds elapsed, finished iteration 90
[LightGBM] [Debug] Trained a tree with leaves = 255 and depth = 23
[LightGBM] [Info] Iteration:91, valid_1 auc : 0.83023
[LightGBM] [Info] 41.445691 seconds elapsed, finished iteration 91
[LightGBM] [Debug] Trained a tree with leaves = 255 and depth = 18
[LightGBM] [Info] Iteration:92, valid_1 auc : 0.830376
[LightGBM] [Info] 41.825972 seconds elapsed, finished iteration 92
[LightGBM] [Debug] Trained a tree with leaves = 255 and depth = 28
[LightGBM] [Info] Iteration:93, valid_1 auc : 0.830525
[LightGBM] [Info] 42.314843 seconds elapsed, finished iteration 93
[LightGBM] [Debug] Trained a tree with leaves = 255 and depth = 23
[LightGBM] [Info] Iteration:94, valid_1 auc : 0.830672
[LightGBM] [Info] 42.775529 seconds elapsed, finished iteration 94
[LightGBM] [Debug] Trained a tree with leaves = 255 and depth = 22
[LightGBM] [Info] Iteration:95, valid_1 auc : 0.830887
[LightGBM] [Info] 43.237902 seconds elapsed, finished iteration 95
[LightGBM] [Debug] Trained a tree with leaves = 255 and depth = 20
[LightGBM] [Info] Iteration:96, valid_1 auc : 0.83105
[LightGBM] [Info] 43.706760 seconds elapsed, finished iteration 96
[LightGBM] [Debug] Trained a tree with leaves = 255 and depth = 18
[LightGBM] [Info] Iteration:97, valid_1 auc : 0.831255
[LightGBM] [Info] 44.106325 seconds elapsed, finished iteration 97
[LightGBM] [Debug] Trained a tree with leaves = 255 and depth = 15
[LightGBM] [Info] Iteration:98, valid_1 auc : 0.83137
[LightGBM] [Info] 44.582790 seconds elapsed, finished iteration 98
[LightGBM] [Debug] Trained a tree with leaves = 255 and depth = 26
[LightGBM] [Info] Iteration:99, valid_1 auc : 0.83149
[LightGBM] [Info] 45.041381 seconds elapsed, finished iteration 99
[LightGBM] [Debug] Trained a tree with leaves = 255 and depth = 23
[LightGBM] [Info] Iteration:100, valid_1 auc : 0.831638
[LightGBM] [Info] 45.526971 seconds elapsed, finished iteration 100
[LightGBM] [Debug] Trained a tree with leaves = 255 and depth = 25
[LightGBM] [Info] Iteration:101, valid_1 auc : 0.831748
[LightGBM] [Info] 45.943870 seconds elapsed, finished iteration 101
[LightGBM] [Debug] Trained a tree with leaves = 255 and depth = 31
[LightGBM] [Info] Iteration:102, valid_1 auc : 0.831886
[LightGBM] [Info] 46.453444 seconds elapsed, finished iteration 102
[LightGBM] [Debug] Trained a tree with leaves = 255 and depth = 17
[LightGBM] [Info] Iteration:103, valid_1 auc : 0.832018
[LightGBM] [Info] 46.855441 seconds elapsed, finished iteration 103
[LightGBM] [Debug] Trained a tree with leaves = 255 and depth = 19
[LightGBM] [Info] Iteration:104, valid_1 auc : 0.83213
[LightGBM] [Info] 47.276889 seconds elapsed, finished iteration 104
[LightGBM] [Debug] Trained a tree with leaves = 255 and depth = 20
[LightGBM] [Info] Iteration:105, valid_1 auc : 0.832288
[LightGBM] [Info] 47.663156 seconds elapsed, finished iteration 105
[LightGBM] [Debug] Trained a tree with leaves = 255 and depth = 26
[LightGBM] [Info] Iteration:106, valid_1 auc : 0.832423
[LightGBM] [Info] 48.045142 seconds elapsed, finished iteration 106
[LightGBM] [Debug] Trained a tree with leaves = 255 and depth = 22
[LightGBM] [Info] Iteration:107, valid_1 auc : 0.832536
[LightGBM] [Info] 48.466466 seconds elapsed, finished iteration 107
[LightGBM] [Debug] Trained a tree with leaves = 255 and depth = 20
[LightGBM] [Info] Iteration:108, valid_1 auc : 0.832703
[LightGBM] [Info] 48.844972 seconds elapsed, finished iteration 108
[LightGBM] [Debug] Trained a tree with leaves = 255 and depth = 17
[LightGBM] [Info] Iteration:109, valid_1 auc : 0.832807
[LightGBM] [Info] 49.241253 seconds elapsed, finished iteration 109
[LightGBM] [Debug] Trained a tree with leaves = 255 and depth = 21
[LightGBM] [Info] Iteration:110, valid_1 auc : 0.832918
[LightGBM] [Info] 49.664532 seconds elapsed, finished iteration 110
[LightGBM] [Debug] Trained a tree with leaves = 255 and depth = 21
[LightGBM] [Info] Iteration:111, valid_1 auc : 0.833006
[LightGBM] [Info] 50.041572 seconds elapsed, finished iteration 111
[LightGBM] [Debug] Trained a tree with leaves = 255 and depth = 21
[LightGBM] [Info] Iteration:112, valid_1 auc : 0.833139
[LightGBM] [Info] 50.390867 seconds elapsed, finished iteration 112
[LightGBM] [Debug] Trained a tree with leaves = 255 and depth = 20
[LightGBM] [Info] Iteration:113, valid_1 auc : 0.833269
[LightGBM] [Info] 50.809758 seconds elapsed, finished iteration 113
[LightGBM] [Debug] Trained a tree with leaves = 255 and depth = 20
[LightGBM] [Info] Iteration:114, valid_1 auc : 0.833366
[LightGBM] [Info] 51.173258 seconds elapsed, finished iteration 114
[LightGBM] [Debug] Trained a tree with leaves = 255 and depth = 24
[LightGBM] [Info] Iteration:115, valid_1 auc : 0.833516
[LightGBM] [Info] 51.590035 seconds elapsed, finished iteration 115
[LightGBM] [Debug] Trained a tree with leaves = 255 and depth = 22
[LightGBM] [Info] Iteration:116, valid_1 auc : 0.833645
[LightGBM] [Info] 52.102928 seconds elapsed, finished iteration 116
[LightGBM] [Debug] Trained a tree with leaves = 255 and depth = 17
[LightGBM] [Info] Iteration:117, valid_1 auc : 0.833779
[LightGBM] [Info] 52.562865 seconds elapsed, finished iteration 117
[LightGBM] [Debug] Trained a tree with leaves = 255 and depth = 17
[LightGBM] [Info] Iteration:118, valid_1 auc : 0.833882
[LightGBM] [Info] 53.099486 seconds elapsed, finished iteration 118
[LightGBM] [Debug] Trained a tree with leaves = 255 and depth = 17
[LightGBM] [Info] Iteration:119, valid_1 auc : 0.833972
[LightGBM] [Info] 53.542101 seconds elapsed, finished iteration 119
[LightGBM] [Debug] Trained a tree with leaves = 255 and depth = 23
[LightGBM] [Info] Iteration:120, valid_1 auc : 0.834079
[LightGBM] [Info] 53.948157 seconds elapsed, finished iteration 120
[LightGBM] [Debug] Trained a tree with leaves = 255 and depth = 16
[LightGBM] [Info] Iteration:121, valid_1 auc : 0.83416
[LightGBM] [Info] 54.396048 seconds elapsed, finished iteration 121
[LightGBM] [Debug] Trained a tree with leaves = 255 and depth = 26
[LightGBM] [Info] Iteration:122, valid_1 auc : 0.834264
[LightGBM] [Info] 54.837500 seconds elapsed, finished iteration 122
[LightGBM] [Debug] Trained a tree with leaves = 255 and depth = 23
[LightGBM] [Info] Iteration:123, valid_1 auc : 0.834364
[LightGBM] [Info] 55.330556 seconds elapsed, finished iteration 123
[LightGBM] [Debug] Trained a tree with leaves = 255 and depth = 16
[LightGBM] [Info] Iteration:124, valid_1 auc : 0.834492
[LightGBM] [Info] 55.713552 seconds elapsed, finished iteration 124
[LightGBM] [Debug] Trained a tree with leaves = 255 and depth = 19
[LightGBM] [Info] Iteration:125, valid_1 auc : 0.834569
[LightGBM] [Info] 56.073724 seconds elapsed, finished iteration 125
[LightGBM] [Debug] Trained a tree with leaves = 255 and depth = 18
[LightGBM] [Info] Iteration:126, valid_1 auc : 0.834686
[LightGBM] [Info] 56.436995 seconds elapsed, finished iteration 126
[LightGBM] [Debug] Trained a tree with leaves = 255 and depth = 23
[LightGBM] [Info] Iteration:127, valid_1 auc : 0.834755
[LightGBM] [Info] 56.803504 seconds elapsed, finished iteration 127
[LightGBM] [Debug] Trained a tree with leaves = 255 and depth = 19
[LightGBM] [Info] Iteration:128, valid_1 auc : 0.83483
[LightGBM] [Info] 57.166857 seconds elapsed, finished iteration 128
[LightGBM] [Debug] Trained a tree with leaves = 255 and depth = 23
[LightGBM] [Info] Iteration:129, valid_1 auc : 0.834924
[LightGBM] [Info] 57.547216 seconds elapsed, finished iteration 129
[LightGBM] [Debug] Trained a tree with leaves = 255 and depth = 18
[LightGBM] [Info] Iteration:130, valid_1 auc : 0.835004
[LightGBM] [Info] 57.912346 seconds elapsed, finished iteration 130
[LightGBM] [Debug] Trained a tree with leaves = 255 and depth = 16
[LightGBM] [Info] Iteration:131, valid_1 auc : 0.835116
[LightGBM] [Info] 58.272969 seconds elapsed, finished iteration 131
[LightGBM] [Debug] Trained a tree with leaves = 255 and depth = 17
[LightGBM] [Info] Iteration:132, valid_1 auc : 0.835185
[LightGBM] [Info] 58.662430 seconds elapsed, finished iteration 132
[LightGBM] [Debug] Trained a tree with leaves = 255 and depth = 19
[LightGBM] [Info] Iteration:133, valid_1 auc : 0.835303
[LightGBM] [Info] 59.087248 seconds elapsed, finished iteration 133
[LightGBM] [Debug] Trained a tree with leaves = 255 and depth = 17
[LightGBM] [Info] Iteration:134, valid_1 auc : 0.835386
[LightGBM] [Info] 59.507880 seconds elapsed, finished iteration 134
[LightGBM] [Debug] Trained a tree with leaves = 255 and depth = 18
[LightGBM] [Info] Iteration:135, valid_1 auc : 0.835513
[LightGBM] [Info] 59.929349 seconds elapsed, finished iteration 135
[LightGBM] [Debug] Trained a tree with leaves = 255 and depth = 19
[LightGBM] [Info] Iteration:136, valid_1 auc : 0.835583
[LightGBM] [Info] 60.337706 seconds elapsed, finished iteration 136
[LightGBM] [Debug] Trained a tree with leaves = 255 and depth = 20
[LightGBM] [Info] Iteration:137, valid_1 auc : 0.835657
[LightGBM] [Info] 60.715067 seconds elapsed, finished iteration 137
[LightGBM] [Debug] Trained a tree with leaves = 255 and depth = 19
[LightGBM] [Info] Iteration:138, valid_1 auc : 0.835729
[LightGBM] [Info] 61.104580 seconds elapsed, finished iteration 138
[LightGBM] [Debug] Trained a tree with leaves = 255 and depth = 21
[LightGBM] [Info] Iteration:139, valid_1 auc : 0.835818
[LightGBM] [Info] 61.432114 seconds elapsed, finished iteration 139
[LightGBM] [Debug] Trained a tree with leaves = 255 and depth = 13
[LightGBM] [Info] Iteration:140, valid_1 auc : 0.835928
[LightGBM] [Info] 61.793164 seconds elapsed, finished iteration 140
[LightGBM] [Debug] Trained a tree with leaves = 255 and depth = 23
[LightGBM] [Info] Iteration:141, valid_1 auc : 0.835988
[LightGBM] [Info] 62.079281 seconds elapsed, finished iteration 141
[LightGBM] [Debug] Trained a tree with leaves = 255 and depth = 18
[LightGBM] [Info] Iteration:142, valid_1 auc : 0.836032
[LightGBM] [Info] 62.373042 seconds elapsed, finished iteration 142
[LightGBM] [Debug] Trained a tree with leaves = 255 and depth = 18
[LightGBM] [Info] Iteration:143, valid_1 auc : 0.836105
[LightGBM] [Info] 62.764203 seconds elapsed, finished iteration 143
[LightGBM] [Debug] Trained a tree with leaves = 255 and depth = 23
[LightGBM] [Info] Iteration:144, valid_1 auc : 0.836232
[LightGBM] [Info] 63.131944 seconds elapsed, finished iteration 144
[LightGBM] [Debug] Trained a tree with leaves = 255 and depth = 19
[LightGBM] [Info] Iteration:145, valid_1 auc : 0.836315
[LightGBM] [Info] 63.493396 seconds elapsed, finished iteration 145
[LightGBM] [Debug] Trained a tree with leaves = 255 and depth = 30
[LightGBM] [Info] Iteration:146, valid_1 auc : 0.8364
[LightGBM] [Info] 63.883283 seconds elapsed, finished iteration 146
[LightGBM] [Debug] Trained a tree with leaves = 255 and depth = 15
[LightGBM] [Info] Iteration:147, valid_1 auc : 0.836462
[LightGBM] [Info] 64.283900 seconds elapsed, finished iteration 147
[LightGBM] [Debug] Trained a tree with leaves = 255 and depth = 21
[LightGBM] [Info] Iteration:148, valid_1 auc : 0.836554
[LightGBM] [Info] 64.658733 seconds elapsed, finished iteration 148
[LightGBM] [Debug] Trained a tree with leaves = 255 and depth = 19
[LightGBM] [Info] Iteration:149, valid_1 auc : 0.836627
[LightGBM] [Info] 65.001963 seconds elapsed, finished iteration 149
[LightGBM] [Debug] Trained a tree with leaves = 255 and depth = 19
[LightGBM] [Info] Iteration:150, valid_1 auc : 0.836688
[LightGBM] [Info] 65.354601 seconds elapsed, finished iteration 150
[LightGBM] [Debug] Trained a tree with leaves = 255 and depth = 14
[LightGBM] [Info] Iteration:151, valid_1 auc : 0.83677
[LightGBM] [Info] 65.761938 seconds elapsed, finished iteration 151
[LightGBM] [Debug] Trained a tree with leaves = 255 and depth = 20
[LightGBM] [Info] Iteration:152, valid_1 auc : 0.836855
[LightGBM] [Info] 66.185661 seconds elapsed, finished iteration 152
[LightGBM] [Debug] Trained a tree with leaves = 255 and depth = 21
[LightGBM] [Info] Iteration:153, valid_1 auc : 0.836905
[LightGBM] [Info] 66.517604 seconds elapsed, finished iteration 153
[LightGBM] [Debug] Trained a tree with leaves = 255 and depth = 16
[LightGBM] [Info] Iteration:154, valid_1 auc : 0.836977
[LightGBM] [Info] 66.802199 seconds elapsed, finished iteration 154
[LightGBM] [Debug] Trained a tree with leaves = 255 and depth = 22
[LightGBM] [Info] Iteration:155, valid_1 auc : 0.837047
[LightGBM] [Info] 67.171942 seconds elapsed, finished iteration 155
[LightGBM] [Debug] Trained a tree with leaves = 255 and depth = 18
[LightGBM] [Info] Iteration:156, valid_1 auc : 0.837106
[LightGBM] [Info] 67.584215 seconds elapsed, finished iteration 156
[LightGBM] [Debug] Trained a tree with leaves = 255 and depth = 18
[LightGBM] [Info] Iteration:157, valid_1 auc : 0.837177
[LightGBM] [Info] 67.982299 seconds elapsed, finished iteration 157
[LightGBM] [Debug] Trained a tree with leaves = 255 and depth = 21
[LightGBM] [Info] Iteration:158, valid_1 auc : 0.83723
[LightGBM] [Info] 68.295400 seconds elapsed, finished iteration 158
[LightGBM] [Debug] Trained a tree with leaves = 255 and depth = 17
[LightGBM] [Info] Iteration:159, valid_1 auc : 0.837288
[LightGBM] [Info] 68.755243 seconds elapsed, finished iteration 159
[LightGBM] [Debug] Trained a tree with leaves = 255 and depth = 22
[LightGBM] [Info] Iteration:160, valid_1 auc : 0.837348
[LightGBM] [Info] 69.139612 seconds elapsed, finished iteration 160
[LightGBM] [Debug] Trained a tree with leaves = 255 and depth = 17
[LightGBM] [Info] Iteration:161, valid_1 auc : 0.837394
[LightGBM] [Info] 69.582486 seconds elapsed, finished iteration 161
[LightGBM] [Debug] Trained a tree with leaves = 255 and depth = 18
[LightGBM] [Info] Iteration:162, valid_1 auc : 0.837446
[LightGBM] [Info] 70.019638 seconds elapsed, finished iteration 162
[LightGBM] [Debug] Trained a tree with leaves = 255 and depth = 20
[LightGBM] [Info] Iteration:163, valid_1 auc : 0.837487
[LightGBM] [Info] 70.372743 seconds elapsed, finished iteration 163
[LightGBM] [Debug] Trained a tree with leaves = 255 and depth = 18
[LightGBM] [Info] Iteration:164, valid_1 auc : 0.837558
[LightGBM] [Info] 70.871353 seconds elapsed, finished iteration 164
[LightGBM] [Debug] Trained a tree with leaves = 255 and depth = 25
[LightGBM] [Info] Iteration:165, valid_1 auc : 0.837598
[LightGBM] [Info] 71.177904 seconds elapsed, finished iteration 165
[LightGBM] [Debug] Trained a tree with leaves = 255 and depth = 19
[LightGBM] [Info] Iteration:166, valid_1 auc : 0.837656
[LightGBM] [Info] 71.552960 seconds elapsed, finished iteration 166
[LightGBM] [Debug] Trained a tree with leaves = 255 and depth = 20
[LightGBM] [Info] Iteration:167, valid_1 auc : 0.837691
[LightGBM] [Info] 71.875925 seconds elapsed, finished iteration 167
[LightGBM] [Debug] Trained a tree with leaves = 255 and depth = 19
[LightGBM] [Info] Iteration:168, valid_1 auc : 0.837733
[LightGBM] [Info] 72.223613 seconds elapsed, finished iteration 168
[LightGBM] [Debug] Trained a tree with leaves = 255 and depth = 23
[LightGBM] [Info] Iteration:169, valid_1 auc : 0.837842
[LightGBM] [Info] 72.647770 seconds elapsed, finished iteration 169
[LightGBM] [Debug] Trained a tree with leaves = 255 and depth = 16
[LightGBM] [Info] Iteration:170, valid_1 auc : 0.837886
[LightGBM] [Info] 73.034970 seconds elapsed, finished iteration 170
[LightGBM] [Debug] Trained a tree with leaves = 255 and depth = 16
[LightGBM] [Info] Iteration:171, valid_1 auc : 0.837944
[LightGBM] [Info] 73.459854 seconds elapsed, finished iteration 171
[LightGBM] [Debug] Trained a tree with leaves = 255 and depth = 19
[LightGBM] [Info] Iteration:172, valid_1 auc : 0.837988
[LightGBM] [Info] 73.758844 seconds elapsed, finished iteration 172
[LightGBM] [Debug] Trained a tree with leaves = 255 and depth = 19
[LightGBM] [Info] Iteration:173, valid_1 auc : 0.838041
[LightGBM] [Info] 74.016138 seconds elapsed, finished iteration 173
[LightGBM] [Debug] Trained a tree with leaves = 255 and depth = 20
[LightGBM] [Info] Iteration:174, valid_1 auc : 0.838076
[LightGBM] [Info] 74.349747 seconds elapsed, finished iteration 174
[LightGBM] [Debug] Trained a tree with leaves = 255 and depth = 20
[LightGBM] [Info] Iteration:175, valid_1 auc : 0.838117
[LightGBM] [Info] 74.732473 seconds elapsed, finished iteration 175
[LightGBM] [Debug] Trained a tree with leaves = 255 and depth = 18
[LightGBM] [Info] Iteration:176, valid_1 auc : 0.838195
[LightGBM] [Info] 75.199864 seconds elapsed, finished iteration 176
[LightGBM] [Debug] Trained a tree with leaves = 255 and depth = 17
[LightGBM] [Info] Iteration:177, valid_1 auc : 0.83824
[LightGBM] [Info] 75.613336 seconds elapsed, finished iteration 177
[LightGBM] [Debug] Trained a tree with leaves = 255 and depth = 20
[LightGBM] [Info] Iteration:178, valid_1 auc : 0.838254
[LightGBM] [Info] 75.884468 seconds elapsed, finished iteration 178
[LightGBM] [Debug] Trained a tree with leaves = 255 and depth = 24
[LightGBM] [Info] Iteration:179, valid_1 auc : 0.838306
[LightGBM] [Info] 76.266640 seconds elapsed, finished iteration 179
[LightGBM] [Debug] Trained a tree with leaves = 255 and depth = 17
[LightGBM] [Info] Iteration:180, valid_1 auc : 0.838359
[LightGBM] [Info] 76.677754 seconds elapsed, finished iteration 180
[LightGBM] [Debug] Trained a tree with leaves = 255 and depth = 26
[LightGBM] [Info] Iteration:181, valid_1 auc : 0.838397
[LightGBM] [Info] 76.984635 seconds elapsed, finished iteration 181
[LightGBM] [Debug] Trained a tree with leaves = 255 and depth = 17
[LightGBM] [Info] Iteration:182, valid_1 auc : 0.83847
[LightGBM] [Info] 77.426186 seconds elapsed, finished iteration 182
[LightGBM] [Debug] Trained a tree with leaves = 255 and depth = 16
[LightGBM] [Info] Iteration:183, valid_1 auc : 0.838533
[LightGBM] [Info] 77.799808 seconds elapsed, finished iteration 183
[LightGBM] [Debug] Trained a tree with leaves = 255 and depth = 17
[LightGBM] [Info] Iteration:184, valid_1 auc : 0.83859
[LightGBM] [Info] 78.250424 seconds elapsed, finished iteration 184
[LightGBM] [Debug] Trained a tree with leaves = 255 and depth = 20
[LightGBM] [Info] Iteration:185, valid_1 auc : 0.838629
[LightGBM] [Info] 78.625092 seconds elapsed, finished iteration 185
[LightGBM] [Debug] Trained a tree with leaves = 255 and depth = 15
[LightGBM] [Info] Iteration:186, valid_1 auc : 0.838654
[LightGBM] [Info] 78.889123 seconds elapsed, finished iteration 186
[LightGBM] [Debug] Trained a tree with leaves = 255 and depth = 16
[LightGBM] [Info] Iteration:187, valid_1 auc : 0.838713
[LightGBM] [Info] 79.384259 seconds elapsed, finished iteration 187
[LightGBM] [Debug] Trained a tree with leaves = 255 and depth = 16
[LightGBM] [Info] Iteration:188, valid_1 auc : 0.838739
[LightGBM] [Info] 79.639111 seconds elapsed, finished iteration 188
[LightGBM] [Debug] Trained a tree with leaves = 255 and depth = 20
[LightGBM] [Info] Iteration:189, valid_1 auc : 0.838782
[LightGBM] [Info] 80.004027 seconds elapsed, finished iteration 189
[LightGBM] [Debug] Trained a tree with leaves = 255 and depth = 22
[LightGBM] [Info] Iteration:190, valid_1 auc : 0.838804
[LightGBM] [Info] 80.290056 seconds elapsed, finished iteration 190
[LightGBM] [Debug] Trained a tree with leaves = 255 and depth = 22
[LightGBM] [Info] Iteration:191, valid_1 auc : 0.83886
[LightGBM] [Info] 80.716582 seconds elapsed, finished iteration 191
[LightGBM] [Debug] Trained a tree with leaves = 255 and depth = 19
[LightGBM] [Info] Iteration:192, valid_1 auc : 0.838901
[LightGBM] [Info] 81.048473 seconds elapsed, finished iteration 192
[LightGBM] [Debug] Trained a tree with leaves = 255 and depth = 20
[LightGBM] [Info] Iteration:193, valid_1 auc : 0.839008
[LightGBM] [Info] 81.551127 seconds elapsed, finished iteration 193
[LightGBM] [Debug] Trained a tree with leaves = 255 and depth = 17
[LightGBM] [Info] Iteration:194, valid_1 auc : 0.839043
[LightGBM] [Info] 81.861337 seconds elapsed, finished iteration 194
[LightGBM] [Debug] Trained a tree with leaves = 255 and depth = 21
[LightGBM] [Info] Iteration:195, valid_1 auc : 0.83909
[LightGBM] [Info] 82.246649 seconds elapsed, finished iteration 195
[LightGBM] [Debug] Trained a tree with leaves = 255 and depth = 21
[LightGBM] [Info] Iteration:196, valid_1 auc : 0.839171
[LightGBM] [Info] 82.649089 seconds elapsed, finished iteration 196
[LightGBM] [Debug] Trained a tree with leaves = 255 and depth = 18
[LightGBM] [Info] Iteration:197, valid_1 auc : 0.83919
[LightGBM] [Info] 82.882112 seconds elapsed, finished iteration 197
[LightGBM] [Debug] Trained a tree with leaves = 255 and depth = 23
[LightGBM] [Info] Iteration:198, valid_1 auc : 0.839201
[LightGBM] [Info] 83.158201 seconds elapsed, finished iteration 198
[LightGBM] [Debug] Trained a tree with leaves = 255 and depth = 17
[LightGBM] [Info] Iteration:199, valid_1 auc : 0.839244
[LightGBM] [Info] 83.544678 seconds elapsed, finished iteration 199
[LightGBM] [Debug] Trained a tree with leaves = 255 and depth = 19
[LightGBM] [Info] Iteration:200, valid_1 auc : 0.839256
[LightGBM] [Info] 83.791008 seconds elapsed, finished iteration 200
[LightGBM] [Debug] Trained a tree with leaves = 255 and depth = 17
[LightGBM] [Info] Iteration:201, valid_1 auc : 0.839296
[LightGBM] [Info] 84.141391 seconds elapsed, finished iteration 201
[LightGBM] [Debug] Trained a tree with leaves = 255 and depth = 17
[LightGBM] [Info] Iteration:202, valid_1 auc : 0.839313
[LightGBM] [Info] 84.409511 seconds elapsed, finished iteration 202
[LightGBM] [Debug] Trained a tree with leaves = 255 and depth = 16
[LightGBM] [Info] Iteration:203, valid_1 auc : 0.839338
[LightGBM] [Info] 84.728663 seconds elapsed, finished iteration 203
[LightGBM] [Debug] Trained a tree with leaves = 255 and depth = 17
[LightGBM] [Info] Iteration:204, valid_1 auc : 0.839365
[LightGBM] [Info] 85.037697 seconds elapsed, finished iteration 204
[LightGBM] [Debug] Trained a tree with leaves = 255 and depth = 19
[LightGBM] [Info] Iteration:205, valid_1 auc : 0.839376
[LightGBM] [Info] 85.280899 seconds elapsed, finished iteration 205
[LightGBM] [Debug] Trained a tree with leaves = 255 and depth = 16
[LightGBM] [Info] Iteration:206, valid_1 auc : 0.839415
[LightGBM] [Info] 85.699960 seconds elapsed, finished iteration 206
[LightGBM] [Debug] Trained a tree with leaves = 255 and depth = 22
[LightGBM] [Info] Iteration:207, valid_1 auc : 0.839428
[LightGBM] [Info] 86.001977 seconds elapsed, finished iteration 207
[LightGBM] [Debug] Trained a tree with leaves = 255 and depth = 18
[LightGBM] [Info] Iteration:208, valid_1 auc : 0.839463
[LightGBM] [Info] 86.362542 seconds elapsed, finished iteration 208
[LightGBM] [Debug] Trained a tree with leaves = 255 and depth = 17
[LightGBM] [Info] Iteration:209, valid_1 auc : 0.839523
[LightGBM] [Info] 86.742046 seconds elapsed, finished iteration 209
[LightGBM] [Debug] Trained a tree with leaves = 255 and depth = 18
[LightGBM] [Info] Iteration:210, valid_1 auc : 0.839552
[LightGBM] [Info] 86.967039 seconds elapsed, finished iteration 210
[LightGBM] [Debug] Trained a tree with leaves = 255 and depth = 17
[LightGBM] [Info] Iteration:211, valid_1 auc : 0.839571
[LightGBM] [Info] 87.168109 seconds elapsed, finished iteration 211
[LightGBM] [Debug] Trained a tree with leaves = 255 and depth = 18
[LightGBM] [Info] Iteration:212, valid_1 auc : 0.839611
[LightGBM] [Info] 87.508230 seconds elapsed, finished iteration 212
[LightGBM] [Debug] Trained a tree with leaves = 255 and depth = 19
[LightGBM] [Info] Iteration:213, valid_1 auc : 0.839652
[LightGBM] [Info] 87.870599 seconds elapsed, finished iteration 213
[LightGBM] [Debug] Trained a tree with leaves = 255 and depth = 20
[LightGBM] [Info] Iteration:214, valid_1 auc : 0.839696
[LightGBM] [Info] 88.290988 seconds elapsed, finished iteration 214
[LightGBM] [Debug] Trained a tree with leaves = 255 and depth = 15
[LightGBM] [Info] Iteration:215, valid_1 auc : 0.839732
[LightGBM] [Info] 88.624194 seconds elapsed, finished iteration 215
[LightGBM] [Debug] Trained a tree with leaves = 255 and depth = 20
[LightGBM] [Info] Iteration:216, valid_1 auc : 0.839759
[LightGBM] [Info] 88.892822 seconds elapsed, finished iteration 216
[LightGBM] [Debug] Trained a tree with leaves = 255 and depth = 22
[LightGBM] [Info] Iteration:217, valid_1 auc : 0.839781
[LightGBM] [Info] 89.272359 seconds elapsed, finished iteration 217
[LightGBM] [Debug] Trained a tree with leaves = 255 and depth = 20
[LightGBM] [Info] Iteration:218, valid_1 auc : 0.839788
[LightGBM] [Info] 89.515168 seconds elapsed, finished iteration 218
[LightGBM] [Debug] Trained a tree with leaves = 255 and depth = 21
[LightGBM] [Info] Iteration:219, valid_1 auc : 0.839801
[LightGBM] [Info] 89.751548 seconds elapsed, finished iteration 219
[LightGBM] [Debug] Trained a tree with leaves = 255 and depth = 20
[LightGBM] [Info] Iteration:220, valid_1 auc : 0.839839
[LightGBM] [Info] 90.099969 seconds elapsed, finished iteration 220
[LightGBM] [Debug] Trained a tree with leaves = 255 and depth = 18
[LightGBM] [Info] Iteration:221, valid_1 auc : 0.839851
[LightGBM] [Info] 90.318951 seconds elapsed, finished iteration 221
[LightGBM] [Debug] Trained a tree with leaves = 255 and depth = 20
[LightGBM] [Info] Iteration:222, valid_1 auc : 0.839892
[LightGBM] [Info] 90.656572 seconds elapsed, finished iteration 222
[LightGBM] [Debug] Trained a tree with leaves = 255 and depth = 17
[LightGBM] [Info] Iteration:223, valid_1 auc : 0.839907
[LightGBM] [Info] 90.915925 seconds elapsed, finished iteration 223
[LightGBM] [Debug] Trained a tree with leaves = 255 and depth = 24
[LightGBM] [Info] Iteration:224, valid_1 auc : 0.839918
[LightGBM] [Info] 91.104532 seconds elapsed, finished iteration 224
[LightGBM] [Debug] Trained a tree with leaves = 255 and depth = 19
[LightGBM] [Info] Iteration:225, valid_1 auc : 0.839924
[LightGBM] [Info] 91.282494 seconds elapsed, finished iteration 225
[LightGBM] [Debug] Trained a tree with leaves = 255 and depth = 16
[LightGBM] [Info] Iteration:226, valid_1 auc : 0.839984
[LightGBM] [Info] 91.710690 seconds elapsed, finished iteration 226
[LightGBM] [Debug] Trained a tree with leaves = 255 and depth = 16
[LightGBM] [Info] Iteration:227, valid_1 auc : 0.840023
[LightGBM] [Info] 91.995300 seconds elapsed, finished iteration 227
[LightGBM] [Debug] Trained a tree with leaves = 255 and depth = 20
[LightGBM] [Info] Iteration:228, valid_1 auc : 0.84004
[LightGBM] [Info] 92.337825 seconds elapsed, finished iteration 228
[LightGBM] [Debug] Trained a tree with leaves = 255 and depth = 21
[LightGBM] [Info] Iteration:229, valid_1 auc : 0.840051
[LightGBM] [Info] 92.589374 seconds elapsed, finished iteration 229
[LightGBM] [Debug] Trained a tree with leaves = 255 and depth = 23
[LightGBM] [Info] Iteration:230, valid_1 auc : 0.840089
[LightGBM] [Info] 92.971269 seconds elapsed, finished iteration 230
[LightGBM] [Debug] Trained a tree with leaves = 255 and depth = 20
[LightGBM] [Info] Iteration:231, valid_1 auc : 0.840099
[LightGBM] [Info] 93.168569 seconds elapsed, finished iteration 231
[LightGBM] [Debug] Trained a tree with leaves = 255 and depth = 16
[LightGBM] [Info] Iteration:232, valid_1 auc : 0.840107
[LightGBM] [Info] 93.350835 seconds elapsed, finished iteration 232
[LightGBM] [Debug] Trained a tree with leaves = 255 and depth = 17
[LightGBM] [Info] Iteration:233, valid_1 auc : 0.840135
[LightGBM] [Info] 93.569226 seconds elapsed, finished iteration 233
[LightGBM] [Debug] Trained a tree with leaves = 255 and depth = 14
[LightGBM] [Info] Iteration:234, valid_1 auc : 0.840259
[LightGBM] [Info] 94.057994 seconds elapsed, finished iteration 234
[LightGBM] [Debug] Trained a tree with leaves = 255 and depth = 21
[LightGBM] [Info] Iteration:235, valid_1 auc : 0.840313
[LightGBM] [Info] 94.412291 seconds elapsed, finished iteration 235
[LightGBM] [Debug] Trained a tree with leaves = 255 and depth = 21
[LightGBM] [Info] Iteration:236, valid_1 auc : 0.840332
[LightGBM] [Info] 94.621420 seconds elapsed, finished iteration 236
[LightGBM] [Debug] Trained a tree with leaves = 255 and depth = 17
[LightGBM] [Info] Iteration:237, valid_1 auc : 0.840346
[LightGBM] [Info] 94.811853 seconds elapsed, finished iteration 237
[LightGBM] [Debug] Trained a tree with leaves = 255 and depth = 19
[LightGBM] [Info] Iteration:238, valid_1 auc : 0.840378
[LightGBM] [Info] 95.165673 seconds elapsed, finished iteration 238
[LightGBM] [Debug] Trained a tree with leaves = 255 and depth = 17
[LightGBM] [Info] Iteration:239, valid_1 auc : 0.84043
[LightGBM] [Info] 95.654699 seconds elapsed, finished iteration 239
[LightGBM] [Debug] Trained a tree with leaves = 255 and depth = 19
[LightGBM] [Info] Iteration:240, valid_1 auc : 0.840472
[LightGBM] [Info] 96.103173 seconds elapsed, finished iteration 240
[LightGBM] [Debug] Trained a tree with leaves = 255 and depth = 20
[LightGBM] [Info] Iteration:241, valid_1 auc : 0.840514
[LightGBM] [Info] 96.488915 seconds elapsed, finished iteration 241
[LightGBM] [Debug] Trained a tree with leaves = 255 and depth = 19
[LightGBM] [Info] Iteration:242, valid_1 auc : 0.840548
[LightGBM] [Info] 96.856420 seconds elapsed, finished iteration 242
[LightGBM] [Debug] Trained a tree with leaves = 255 and depth = 19
[LightGBM] [Info] Iteration:243, valid_1 auc : 0.840574
[LightGBM] [Info] 97.091483 seconds elapsed, finished iteration 243
[LightGBM] [Debug] Trained a tree with leaves = 255 and depth = 15
[LightGBM] [Info] Iteration:244, valid_1 auc : 0.840616
[LightGBM] [Info] 97.476552 seconds elapsed, finished iteration 244
[LightGBM] [Debug] Trained a tree with leaves = 255 and depth = 18
[LightGBM] [Info] Iteration:245, valid_1 auc : 0.840647
[LightGBM] [Info] 97.737878 seconds elapsed, finished iteration 245
[LightGBM] [Debug] Trained a tree with leaves = 255 and depth = 23
[LightGBM] [Info] Iteration:246, valid_1 auc : 0.840657
[LightGBM] [Info] 97.959735 seconds elapsed, finished iteration 246
[LightGBM] [Debug] Trained a tree with leaves = 255 and depth = 21
[LightGBM] [Info] Iteration:247, valid_1 auc : 0.840672
[LightGBM] [Info] 98.320593 seconds elapsed, finished iteration 247
[LightGBM] [Debug] Trained a tree with leaves = 255 and depth = 16
[LightGBM] [Info] Iteration:248, valid_1 auc : 0.840691
[LightGBM] [Info] 98.578023 seconds elapsed, finished iteration 248
[LightGBM] [Debug] Trained a tree with leaves = 255 and depth = 18
[LightGBM] [Info] Iteration:249, valid_1 auc : 0.840711
[LightGBM] [Info] 98.859116 seconds elapsed, finished iteration 249
[LightGBM] [Debug] Trained a tree with leaves = 255 and depth = 19
[LightGBM] [Info] Iteration:250, valid_1 auc : 0.840732
[LightGBM] [Info] 99.128017 seconds elapsed, finished iteration 250
[LightGBM] [Debug] Trained a tree with leaves = 255 and depth = 17
[LightGBM] [Info] Iteration:251, valid_1 auc : 0.840764
[LightGBM] [Info] 99.379982 seconds elapsed, finished iteration 251
[LightGBM] [Debug] Trained a tree with leaves = 255 and depth = 22
[LightGBM] [Info] Iteration:252, valid_1 auc : 0.840772
[LightGBM] [Info] 99.558905 seconds elapsed, finished iteration 252
[LightGBM] [Debug] Trained a tree with leaves = 255 and depth = 17
[LightGBM] [Info] Iteration:253, valid_1 auc : 0.840832
[LightGBM] [Info] 99.836800 seconds elapsed, finished iteration 253
[LightGBM] [Debug] Trained a tree with leaves = 255 and depth = 22
[LightGBM] [Info] Iteration:254, valid_1 auc : 0.840856
[LightGBM] [Info] 100.074839 seconds elapsed, finished iteration 254
[LightGBM] [Debug] Trained a tree with leaves = 255 and depth = 22
[LightGBM] [Info] Iteration:255, valid_1 auc : 0.840891
[LightGBM] [Info] 100.367335 seconds elapsed, finished iteration 255
[LightGBM] [Debug] Trained a tree with leaves = 255 and depth = 25
[LightGBM] [Info] Iteration:256, valid_1 auc : 0.840896
[LightGBM] [Info] 100.553499 seconds elapsed, finished iteration 256
[LightGBM] [Debug] Trained a tree with leaves = 255 and depth = 14
[LightGBM] [Info] Iteration:257, valid_1 auc : 0.840913
[LightGBM] [Info] 100.775133 seconds elapsed, finished iteration 257
[LightGBM] [Debug] Trained a tree with leaves = 255 and depth = 20
[LightGBM] [Info] Iteration:258, valid_1 auc : 0.84094
[LightGBM] [Info] 101.060100 seconds elapsed, finished iteration 258
[LightGBM] [Debug] Trained a tree with leaves = 255 and depth = 18
[LightGBM] [Info] Iteration:259, valid_1 auc : 0.840998
[LightGBM] [Info] 101.379209 seconds elapsed, finished iteration 259
[LightGBM] [Debug] Trained a tree with leaves = 255 and depth = 18
[LightGBM] [Info] Iteration:260, valid_1 auc : 0.841008
[LightGBM] [Info] 101.594020 seconds elapsed, finished iteration 260
[LightGBM] [Debug] Trained a tree with leaves = 255 and depth = 18
[LightGBM] [Info] Iteration:261, valid_1 auc : 0.841038
[LightGBM] [Info] 101.872259 seconds elapsed, finished iteration 261
[LightGBM] [Debug] Trained a tree with leaves = 255 and depth = 25
[LightGBM] [Info] Iteration:262, valid_1 auc : 0.841076
[LightGBM] [Info] 102.145333 seconds elapsed, finished iteration 262
[LightGBM] [Debug] Trained a tree with leaves = 255 and depth = 19
[LightGBM] [Info] Iteration:263, valid_1 auc : 0.841108
[LightGBM] [Info] 102.450932 seconds elapsed, finished iteration 263
[LightGBM] [Debug] Trained a tree with leaves = 255 and depth = 15
[LightGBM] [Info] Iteration:264, valid_1 auc : 0.841142
[LightGBM] [Info] 102.681217 seconds elapsed, finished iteration 264
[LightGBM] [Debug] Trained a tree with leaves = 255 and depth = 18
[LightGBM] [Info] Iteration:265, valid_1 auc : 0.841157
[LightGBM] [Info] 102.874302 seconds elapsed, finished iteration 265
[LightGBM] [Debug] Trained a tree with leaves = 255 and depth = 16
[LightGBM] [Info] Iteration:266, valid_1 auc : 0.841187
[LightGBM] [Info] 103.085168 seconds elapsed, finished iteration 266
[LightGBM] [Debug] Trained a tree with leaves = 255 and depth = 18
[LightGBM] [Info] Iteration:267, valid_1 auc : 0.841223
[LightGBM] [Info] 103.347147 seconds elapsed, finished iteration 267
[LightGBM] [Debug] Trained a tree with leaves = 255 and depth = 18
[LightGBM] [Info] Iteration:268, valid_1 auc : 0.841236
[LightGBM] [Info] 103.565050 seconds elapsed, finished iteration 268
[LightGBM] [Debug] Trained a tree with leaves = 255 and depth = 21
[LightGBM] [Info] Iteration:269, valid_1 auc : 0.841261
[LightGBM] [Info] 103.860369 seconds elapsed, finished iteration 269
[LightGBM] [Debug] Trained a tree with leaves = 255 and depth = 20
[LightGBM] [Info] Iteration:270, valid_1 auc : 0.841286
[LightGBM] [Info] 104.110060 seconds elapsed, finished iteration 270
[LightGBM] [Debug] Trained a tree with leaves = 255 and depth = 20
[LightGBM] [Info] Iteration:271, valid_1 auc : 0.841298
[LightGBM] [Info] 104.312706 seconds elapsed, finished iteration 271
[LightGBM] [Debug] Trained a tree with leaves = 255 and depth = 20
[LightGBM] [Info] Iteration:272, valid_1 auc : 0.841344
[LightGBM] [Info] 104.655926 seconds elapsed, finished iteration 272
[LightGBM] [Debug] Trained a tree with leaves = 255 and depth = 19
[LightGBM] [Info] Iteration:273, valid_1 auc : 0.841362
[LightGBM] [Info] 104.865528 seconds elapsed, finished iteration 273
[LightGBM] [Debug] Trained a tree with leaves = 255 and depth = 17
[LightGBM] [Info] Iteration:274, valid_1 auc : 0.841395
[LightGBM] [Info] 105.126124 seconds elapsed, finished iteration 274
[LightGBM] [Debug] Trained a tree with leaves = 255 and depth = 17
[LightGBM] [Info] Iteration:275, valid_1 auc : 0.841438
[LightGBM] [Info] 105.410329 seconds elapsed, finished iteration 275
[LightGBM] [Debug] Trained a tree with leaves = 255 and depth = 18
[LightGBM] [Info] Iteration:276, valid_1 auc : 0.841446
[LightGBM] [Info] 105.595486 seconds elapsed, finished iteration 276
[LightGBM] [Debug] Trained a tree with leaves = 255 and depth = 19
[LightGBM] [Info] Iteration:277, valid_1 auc : 0.841457
[LightGBM] [Info] 105.791936 seconds elapsed, finished iteration 277
[LightGBM] [Debug] Trained a tree with leaves = 255 and depth = 21
[LightGBM] [Info] Iteration:278, valid_1 auc : 0.84149
[LightGBM] [Info] 106.109774 seconds elapsed, finished iteration 278
[LightGBM] [Debug] Trained a tree with leaves = 255 and depth = 23
[LightGBM] [Info] Iteration:279, valid_1 auc : 0.841501
[LightGBM] [Info] 106.294960 seconds elapsed, finished iteration 279
[LightGBM] [Debug] Trained a tree with leaves = 255 and depth = 23
[LightGBM] [Info] Iteration:280, valid_1 auc : 0.841508
[LightGBM] [Info] 106.508388 seconds elapsed, finished iteration 280
[LightGBM] [Debug] Trained a tree with leaves = 255 and depth = 17
[LightGBM] [Info] Iteration:281, valid_1 auc : 0.841542
[LightGBM] [Info] 106.743004 seconds elapsed, finished iteration 281
[LightGBM] [Debug] Trained a tree with leaves = 255 and depth = 21
[LightGBM] [Info] Iteration:282, valid_1 auc : 0.841558
[LightGBM] [Info] 106.952017 seconds elapsed, finished iteration 282
[LightGBM] [Debug] Trained a tree with leaves = 255 and depth = 18
[LightGBM] [Info] Iteration:283, valid_1 auc : 0.841586
[LightGBM] [Info] 107.323527 seconds elapsed, finished iteration 283
[LightGBM] [Debug] Trained a tree with leaves = 255 and depth = 17
[LightGBM] [Info] Iteration:284, valid_1 auc : 0.841635
[LightGBM] [Info] 107.726034 seconds elapsed, finished iteration 284
[LightGBM] [Debug] Trained a tree with leaves = 255 and depth = 16
[LightGBM] [Info] Iteration:285, valid_1 auc : 0.841657
[LightGBM] [Info] 107.937715 seconds elapsed, finished iteration 285
[LightGBM] [Debug] Trained a tree with leaves = 255 and depth = 18
[LightGBM] [Info] Iteration:286, valid_1 auc : 0.841668
[LightGBM] [Info] 108.145168 seconds elapsed, finished iteration 286
[LightGBM] [Debug] Trained a tree with leaves = 255 and depth = 19
[LightGBM] [Info] Iteration:287, valid_1 auc : 0.841692
[LightGBM] [Info] 108.359884 seconds elapsed, finished iteration 287
[LightGBM] [Debug] Trained a tree with leaves = 255 and depth = 21
[LightGBM] [Info] Iteration:288, valid_1 auc : 0.841728
[LightGBM] [Info] 108.590105 seconds elapsed, finished iteration 288
[LightGBM] [Debug] Trained a tree with leaves = 255 and depth = 22
[LightGBM] [Info] Iteration:289, valid_1 auc : 0.841748
[LightGBM] [Info] 108.809052 seconds elapsed, finished iteration 289
[LightGBM] [Debug] Trained a tree with leaves = 255 and depth = 20
[LightGBM] [Info] Iteration:290, valid_1 auc : 0.841754
[LightGBM] [Info] 108.988657 seconds elapsed, finished iteration 290
[LightGBM] [Debug] Trained a tree with leaves = 255 and depth = 23
[LightGBM] [Info] Iteration:291, valid_1 auc : 0.841765
[LightGBM] [Info] 109.177785 seconds elapsed, finished iteration 291
[LightGBM] [Debug] Trained a tree with leaves = 255 and depth = 23
[LightGBM] [Info] Iteration:292, valid_1 auc : 0.841774
[LightGBM] [Info] 109.385439 seconds elapsed, finished iteration 292
[LightGBM] [Debug] Trained a tree with leaves = 255 and depth = 18
[LightGBM] [Info] Iteration:293, valid_1 auc : 0.841811
[LightGBM] [Info] 109.749470 seconds elapsed, finished iteration 293
[LightGBM] [Debug] Trained a tree with leaves = 255 and depth = 17
[LightGBM] [Info] Iteration:294, valid_1 auc : 0.841826
[LightGBM] [Info] 109.950364 seconds elapsed, finished iteration 294
[LightGBM] [Debug] Trained a tree with leaves = 255 and depth = 22
[LightGBM] [Info] Iteration:295, valid_1 auc : 0.841831
[LightGBM] [Info] 110.132084 seconds elapsed, finished iteration 295
[LightGBM] [Debug] Trained a tree with leaves = 255 and depth = 15
[LightGBM] [Info] Iteration:296, valid_1 auc : 0.84195
[LightGBM] [Info] 110.518093 seconds elapsed, finished iteration 296
[LightGBM] [Debug] Trained a tree with leaves = 255 and depth = 19
[LightGBM] [Info] Iteration:297, valid_1 auc : 0.841968
[LightGBM] [Info] 110.828232 seconds elapsed, finished iteration 297
[LightGBM] [Debug] Trained a tree with leaves = 255 and depth = 19
[LightGBM] [Info] Iteration:298, valid_1 auc : 0.842003
[LightGBM] [Info] 111.145086 seconds elapsed, finished iteration 298
[LightGBM] [Debug] Trained a tree with leaves = 255 and depth = 28
[LightGBM] [Info] Iteration:299, valid_1 auc : 0.842006
[LightGBM] [Info] 111.343403 seconds elapsed, finished iteration 299
[LightGBM] [Debug] Trained a tree with leaves = 255 and depth = 18
[LightGBM] [Info] Iteration:300, valid_1 auc : 0.842018
[LightGBM] [Info] 111.545909 seconds elapsed, finished iteration 300
[LightGBM] [Debug] Trained a tree with leaves = 255 and depth = 26
[LightGBM] [Info] Iteration:301, valid_1 auc : 0.842031
[LightGBM] [Info] 111.779237 seconds elapsed, finished iteration 301
[LightGBM] [Debug] Trained a tree with leaves = 255 and depth = 19
[LightGBM] [Info] Iteration:302, valid_1 auc : 0.842042
[LightGBM] [Info] 111.962044 seconds elapsed, finished iteration 302
[LightGBM] [Debug] Trained a tree with leaves = 255 and depth = 12
[LightGBM] [Info] Iteration:303, valid_1 auc : 0.842145
[LightGBM] [Info] 112.391581 seconds elapsed, finished iteration 303
[LightGBM] [Debug] Trained a tree with leaves = 255 and depth = 19
[LightGBM] [Info] Iteration:304, valid_1 auc : 0.842169
[LightGBM] [Info] 112.661612 seconds elapsed, finished iteration 304
[LightGBM] [Debug] Trained a tree with leaves = 255 and depth = 20
[LightGBM] [Info] Iteration:305, valid_1 auc : 0.842197
[LightGBM] [Info] 112.913210 seconds elapsed, finished iteration 305
[LightGBM] [Debug] Trained a tree with leaves = 255 and depth = 19
[LightGBM] [Info] Iteration:306, valid_1 auc : 0.842209
[LightGBM] [Info] 113.108781 seconds elapsed, finished iteration 306
[LightGBM] [Debug] Trained a tree with leaves = 255 and depth = 17
[LightGBM] [Info] Iteration:307, valid_1 auc : 0.842257
[LightGBM] [Info] 113.478974 seconds elapsed, finished iteration 307
[LightGBM] [Debug] Trained a tree with leaves = 255 and depth = 15
[LightGBM] [Info] Iteration:308, valid_1 auc : 0.842267
[LightGBM] [Info] 113.659045 seconds elapsed, finished iteration 308
[LightGBM] [Debug] Trained a tree with leaves = 255 and depth = 17
[LightGBM] [Info] Iteration:309, valid_1 auc : 0.842295
[LightGBM] [Info] 113.963301 seconds elapsed, finished iteration 309
[LightGBM] [Debug] Trained a tree with leaves = 255 and depth = 16
[LightGBM] [Info] Iteration:310, valid_1 auc : 0.842318
[LightGBM] [Info] 114.263442 seconds elapsed, finished iteration 310
[LightGBM] [Debug] Trained a tree with leaves = 255 and depth = 26
[LightGBM] [Info] Iteration:311, valid_1 auc : 0.842325
[LightGBM] [Info] 114.451546 seconds elapsed, finished iteration 311
[LightGBM] [Debug] Trained a tree with leaves = 255 and depth = 18
[LightGBM] [Info] Iteration:312, valid_1 auc : 0.84234
[LightGBM] [Info] 114.673568 seconds elapsed, finished iteration 312
[LightGBM] [Debug] Trained a tree with leaves = 255 and depth = 20
[LightGBM] [Info] Iteration:313, valid_1 auc : 0.842355
[LightGBM] [Info] 114.963558 seconds elapsed, finished iteration 313
[LightGBM] [Debug] Trained a tree with leaves = 255 and depth = 21
[LightGBM] [Info] Iteration:314, valid_1 auc : 0.842371
[LightGBM] [Info] 115.211211 seconds elapsed, finished iteration 314
[LightGBM] [Debug] Trained a tree with leaves = 255 and depth = 16
[LightGBM] [Info] Iteration:315, valid_1 auc : 0.842401
[LightGBM] [Info] 115.552539 seconds elapsed, finished iteration 315
[LightGBM] [Debug] Trained a tree with leaves = 255 and depth = 22
[LightGBM] [Info] Iteration:316, valid_1 auc : 0.842412
[LightGBM] [Info] 115.770634 seconds elapsed, finished iteration 316
[LightGBM] [Debug] Trained a tree with leaves = 255 and depth = 22
[LightGBM] [Info] Iteration:317, valid_1 auc : 0.842423
[LightGBM] [Info] 115.985717 seconds elapsed, finished iteration 317
[LightGBM] [Debug] Trained a tree with leaves = 255 and depth = 18
[LightGBM] [Info] Iteration:318, valid_1 auc : 0.842427
[LightGBM] [Info] 116.199420 seconds elapsed, finished iteration 318
[LightGBM] [Debug] Trained a tree with leaves = 255 and depth = 21
[LightGBM] [Info] Iteration:319, valid_1 auc : 0.842447
[LightGBM] [Info] 116.466743 seconds elapsed, finished iteration 319
[LightGBM] [Debug] Trained a tree with leaves = 255 and depth = 15
[LightGBM] [Info] Iteration:320, valid_1 auc : 0.842549
[LightGBM] [Info] 116.921059 seconds elapsed, finished iteration 320
[LightGBM] [Debug] Trained a tree with leaves = 255 and depth = 22
[LightGBM] [Info] Iteration:321, valid_1 auc : 0.842575
[LightGBM] [Info] 117.158948 seconds elapsed, finished iteration 321
[LightGBM] [Debug] Trained a tree with leaves = 255 and depth = 19
[LightGBM] [Info] Iteration:322, valid_1 auc : 0.842582
[LightGBM] [Info] 117.341612 seconds elapsed, finished iteration 322
[LightGBM] [Debug] Trained a tree with leaves = 255 and depth = 18
[LightGBM] [Info] Iteration:323, valid_1 auc : 0.842588
[LightGBM] [Info] 117.525663 seconds elapsed, finished iteration 323
[LightGBM] [Debug] Trained a tree with leaves = 255 and depth = 22
[LightGBM] [Info] Iteration:324, valid_1 auc : 0.842594
[LightGBM] [Info] 117.729079 seconds elapsed, finished iteration 324
[LightGBM] [Debug] Trained a tree with leaves = 255 and depth = 18
[LightGBM] [Info] Iteration:325, valid_1 auc : 0.842605
[LightGBM] [Info] 117.957551 seconds elapsed, finished iteration 325
[LightGBM] [Debug] Trained a tree with leaves = 255 and depth = 23
[LightGBM] [Info] Iteration:326, valid_1 auc : 0.842646
[LightGBM] [Info] 118.196001 seconds elapsed, finished iteration 326
[LightGBM] [Debug] Trained a tree with leaves = 255 and depth = 18
[LightGBM] [Info] Iteration:327, valid_1 auc : 0.842684
[LightGBM] [Info] 118.437510 seconds elapsed, finished iteration 327
[LightGBM] [Debug] Trained a tree with leaves = 255 and depth = 17
[LightGBM] [Info] Iteration:328, valid_1 auc : 0.842704
[LightGBM] [Info] 118.730277 seconds elapsed, finished iteration 328
[LightGBM] [Debug] Trained a tree with leaves = 255 and depth = 18
[LightGBM] [Info] Iteration:329, valid_1 auc : 0.842746
[LightGBM] [Info] 119.091364 seconds elapsed, finished iteration 329
[LightGBM] [Debug] Trained a tree with leaves = 255 and depth = 24
[LightGBM] [Info] Iteration:330, valid_1 auc : 0.842753
[LightGBM] [Info] 119.307184 seconds elapsed, finished iteration 330
[LightGBM] [Debug] Trained a tree with leaves = 255 and depth = 17
[LightGBM] [Info] Iteration:331, valid_1 auc : 0.842756
[LightGBM] [Info] 119.557259 seconds elapsed, finished iteration 331
[LightGBM] [Debug] Trained a tree with leaves = 255 and depth = 21
[LightGBM] [Info] Iteration:332, valid_1 auc : 0.84277
[LightGBM] [Info] 119.847872 seconds elapsed, finished iteration 332
[LightGBM] [Debug] Trained a tree with leaves = 255 and depth = 20
[LightGBM] [Info] Iteration:333, valid_1 auc : 0.842817
[LightGBM] [Info] 120.251325 seconds elapsed, finished iteration 333
[LightGBM] [Debug] Trained a tree with leaves = 255 and depth = 24
[LightGBM] [Info] Iteration:334, valid_1 auc : 0.842825
[LightGBM] [Info] 120.482374 seconds elapsed, finished iteration 334
[LightGBM] [Debug] Trained a tree with leaves = 255 and depth = 17
[LightGBM] [Info] Iteration:335, valid_1 auc : 0.842839
[LightGBM] [Info] 120.717901 seconds elapsed, finished iteration 335
[LightGBM] [Debug] Trained a tree with leaves = 255 and depth = 19
[LightGBM] [Info] Iteration:336, valid_1 auc : 0.84284
[LightGBM] [Info] 120.952732 seconds elapsed, finished iteration 336
[LightGBM] [Debug] Trained a tree with leaves = 255 and depth = 19
[LightGBM] [Info] Iteration:337, valid_1 auc : 0.842861
[LightGBM] [Info] 121.218663 seconds elapsed, finished iteration 337
[LightGBM] [Debug] Trained a tree with leaves = 255 and depth = 21
[LightGBM] [Info] Iteration:338, valid_1 auc : 0.842913
[LightGBM] [Info] 121.698173 seconds elapsed, finished iteration 338
[LightGBM] [Debug] Trained a tree with leaves = 255 and depth = 20
[LightGBM] [Info] Iteration:339, valid_1 auc : 0.842927
[LightGBM] [Info] 121.955829 seconds elapsed, finished iteration 339
[LightGBM] [Debug] Trained a tree with leaves = 255 and depth = 21
[LightGBM] [Info] Iteration:340, valid_1 auc : 0.842935
[LightGBM] [Info] 122.182640 seconds elapsed, finished iteration 340
[LightGBM] [Debug] Trained a tree with leaves = 255 and depth = 20
[LightGBM] [Info] Iteration:341, valid_1 auc : 0.842946
[LightGBM] [Info] 122.412711 seconds elapsed, finished iteration 341
[LightGBM] [Debug] Trained a tree with leaves = 255 and depth = 16
[LightGBM] [Info] Iteration:342, valid_1 auc : 0.843031
[LightGBM] [Info] 122.894242 seconds elapsed, finished iteration 342
[LightGBM] [Debug] Trained a tree with leaves = 255 and depth = 19
[LightGBM] [Info] Iteration:343, valid_1 auc : 0.843044
[LightGBM] [Info] 123.215457 seconds elapsed, finished iteration 343
[LightGBM] [Debug] Trained a tree with leaves = 255 and depth = 18
[LightGBM] [Info] Iteration:344, valid_1 auc : 0.84306
[LightGBM] [Info] 123.537818 seconds elapsed, finished iteration 344
[LightGBM] [Debug] Trained a tree with leaves = 255 and depth = 16
[LightGBM] [Info] Iteration:345, valid_1 auc : 0.843098
[LightGBM] [Info] 123.892413 seconds elapsed, finished iteration 345
[LightGBM] [Debug] Trained a tree with leaves = 255 and depth = 17
[LightGBM] [Info] Iteration:346, valid_1 auc : 0.843148
[LightGBM] [Info] 124.298306 seconds elapsed, finished iteration 346
[LightGBM] [Debug] Trained a tree with leaves = 255 and depth = 18
[LightGBM] [Info] Iteration:347, valid_1 auc : 0.843182
[LightGBM] [Info] 124.617352 seconds elapsed, finished iteration 347
[LightGBM] [Debug] Trained a tree with leaves = 255 and depth = 28
[LightGBM] [Info] Iteration:348, valid_1 auc : 0.843193
[LightGBM] [Info] 124.836842 seconds elapsed, finished iteration 348
[LightGBM] [Debug] Trained a tree with leaves = 255 and depth = 15
[LightGBM] [Info] Iteration:349, valid_1 auc : 0.843207
[LightGBM] [Info] 125.105338 seconds elapsed, finished iteration 349
[LightGBM] [Debug] Trained a tree with leaves = 255 and depth = 23
[LightGBM] [Info] Iteration:350, valid_1 auc : 0.843213
[LightGBM] [Info] 125.322449 seconds elapsed, finished iteration 350
[LightGBM] [Debug] Trained a tree with leaves = 255 and depth = 19
[LightGBM] [Info] Iteration:351, valid_1 auc : 0.843242
[LightGBM] [Info] 125.602990 seconds elapsed, finished iteration 351
[LightGBM] [Debug] Trained a tree with leaves = 255 and depth = 23
[LightGBM] [Info] Iteration:352, valid_1 auc : 0.843249
[LightGBM] [Info] 125.820920 seconds elapsed, finished iteration 352
[LightGBM] [Debug] Trained a tree with leaves = 255 and depth = 21
[LightGBM] [Info] Iteration:353, valid_1 auc : 0.843264
[LightGBM] [Info] 126.087627 seconds elapsed, finished iteration 353
[LightGBM] [Debug] Trained a tree with leaves = 255 and depth = 19
[LightGBM] [Info] Iteration:354, valid_1 auc : 0.843268
[LightGBM] [Info] 126.339052 seconds elapsed, finished iteration 354
[LightGBM] [Debug] Trained a tree with leaves = 255 and depth = 19
[LightGBM] [Info] Iteration:355, valid_1 auc : 0.84327
[LightGBM] [Info] 126.558244 seconds elapsed, finished iteration 355
[LightGBM] [Debug] Trained a tree with leaves = 255 and depth = 21
[LightGBM] [Info] Iteration:356, valid_1 auc : 0.843272
[LightGBM] [Info] 126.805122 seconds elapsed, finished iteration 356
[LightGBM] [Debug] Trained a tree with leaves = 255 and depth = 26
[LightGBM] [Info] Iteration:357, valid_1 auc : 0.843306
[LightGBM] [Info] 127.113150 seconds elapsed, finished iteration 357
[LightGBM] [Debug] Trained a tree with leaves = 255 and depth = 24
[LightGBM] [Info] Iteration:358, valid_1 auc : 0.843313
[LightGBM] [Info] 127.322298 seconds elapsed, finished iteration 358
[LightGBM] [Debug] Trained a tree with leaves = 255 and depth = 25
[LightGBM] [Info] Iteration:359, valid_1 auc : 0.843322
[LightGBM] [Info] 127.548702 seconds elapsed, finished iteration 359
[LightGBM] [Debug] Trained a tree with leaves = 255 and depth = 17
[LightGBM] [Info] Iteration:360, valid_1 auc : 0.843354
[LightGBM] [Info] 127.772553 seconds elapsed, finished iteration 360
[LightGBM] [Debug] Trained a tree with leaves = 255 and depth = 20
[LightGBM] [Info] Iteration:361, valid_1 auc : 0.843392
[LightGBM] [Info] 128.079195 seconds elapsed, finished iteration 361
[LightGBM] [Debug] Trained a tree with leaves = 255 and depth = 23
[LightGBM] [Info] Iteration:362, valid_1 auc : 0.843414
[LightGBM] [Info] 128.356988 seconds elapsed, finished iteration 362
[LightGBM] [Debug] Trained a tree with leaves = 255 and depth = 27
[LightGBM] [Info] Iteration:363, valid_1 auc : 0.843416
[LightGBM] [Info] 128.536781 seconds elapsed, finished iteration 363
[LightGBM] [Debug] Trained a tree with leaves = 255 and depth = 27
[LightGBM] [Info] Iteration:364, valid_1 auc : 0.843421
[LightGBM] [Info] 128.747975 seconds elapsed, finished iteration 364
[LightGBM] [Debug] Trained a tree with leaves = 255 and depth = 21
[LightGBM] [Info] Iteration:365, valid_1 auc : 0.843462
[LightGBM] [Info] 129.162415 seconds elapsed, finished iteration 365
[LightGBM] [Debug] Trained a tree with leaves = 255 and depth = 21
[LightGBM] [Info] Iteration:366, valid_1 auc : 0.843467
[LightGBM] [Info] 129.404344 seconds elapsed, finished iteration 366
[LightGBM] [Debug] Trained a tree with leaves = 255 and depth = 19
[LightGBM] [Info] Iteration:367, valid_1 auc : 0.843478
[LightGBM] [Info] 129.732488 seconds elapsed, finished iteration 367
[LightGBM] [Debug] Trained a tree with leaves = 255 and depth = 16
[LightGBM] [Info] Iteration:368, valid_1 auc : 0.843487
[LightGBM] [Info] 129.997907 seconds elapsed, finished iteration 368
[LightGBM] [Debug] Trained a tree with leaves = 255 and depth = 21
[LightGBM] [Info] Iteration:369, valid_1 auc : 0.84349
[LightGBM] [Info] 130.211481 seconds elapsed, finished iteration 369
[LightGBM] [Debug] Trained a tree with leaves = 255 and depth = 17
[LightGBM] [Info] Iteration:370, valid_1 auc : 0.843537
[LightGBM] [Info] 130.568642 seconds elapsed, finished iteration 370
[LightGBM] [Debug] Trained a tree with leaves = 255 and depth = 21
[LightGBM] [Info] Iteration:371, valid_1 auc : 0.843542
[LightGBM] [Info] 130.785478 seconds elapsed, finished iteration 371
[LightGBM] [Debug] Trained a tree with leaves = 255 and depth = 15
[LightGBM] [Info] Iteration:372, valid_1 auc : 0.843578
[LightGBM] [Info] 131.090847 seconds elapsed, finished iteration 372
[LightGBM] [Debug] Trained a tree with leaves = 255 and depth = 19
[LightGBM] [Info] Iteration:373, valid_1 auc : 0.843628
[LightGBM] [Info] 131.340552 seconds elapsed, finished iteration 373
[LightGBM] [Debug] Trained a tree with leaves = 255 and depth = 19
[LightGBM] [Info] Iteration:374, valid_1 auc : 0.843643
[LightGBM] [Info] 131.662461 seconds elapsed, finished iteration 374
[LightGBM] [Debug] Trained a tree with leaves = 255 and depth = 19
[LightGBM] [Info] Iteration:375, valid_1 auc : 0.843667
[LightGBM] [Info] 131.986242 seconds elapsed, finished iteration 375
[LightGBM] [Debug] Trained a tree with leaves = 255 and depth = 21
[LightGBM] [Info] Iteration:376, valid_1 auc : 0.843678
[LightGBM] [Info] 132.214422 seconds elapsed, finished iteration 376
[LightGBM] [Debug] Trained a tree with leaves = 255 and depth = 19
[LightGBM] [Info] Iteration:377, valid_1 auc : 0.843685
[LightGBM] [Info] 132.458482 seconds elapsed, finished iteration 377
[LightGBM] [Debug] Trained a tree with leaves = 255 and depth = 23
[LightGBM] [Info] Iteration:378, valid_1 auc : 0.843692
[LightGBM] [Info] 132.684901 seconds elapsed, finished iteration 378
[LightGBM] [Debug] Trained a tree with leaves = 255 and depth = 23
[LightGBM] [Info] Iteration:379, valid_1 auc : 0.84373
[LightGBM] [Info] 133.055549 seconds elapsed, finished iteration 379
[LightGBM] [Debug] Trained a tree with leaves = 255 and depth = 15
[LightGBM] [Info] Iteration:380, valid_1 auc : 0.843754
[LightGBM] [Info] 133.485886 seconds elapsed, finished iteration 380
[LightGBM] [Debug] Trained a tree with leaves = 255 and depth = 17
[LightGBM] [Info] Iteration:381, valid_1 auc : 0.843776
[LightGBM] [Info] 133.877981 seconds elapsed, finished iteration 381
[LightGBM] [Debug] Trained a tree with leaves = 255 and depth = 21
[LightGBM] [Info] Iteration:382, valid_1 auc : 0.84378
[LightGBM] [Info] 134.092115 seconds elapsed, finished iteration 382
[LightGBM] [Debug] Trained a tree with leaves = 255 and depth = 19
[LightGBM] [Info] Iteration:383, valid_1 auc : 0.843807
[LightGBM] [Info] 134.401748 seconds elapsed, finished iteration 383
[LightGBM] [Debug] Trained a tree with leaves = 255 and depth = 17
[LightGBM] [Info] Iteration:384, valid_1 auc : 0.843838
[LightGBM] [Info] 134.726122 seconds elapsed, finished iteration 384
[LightGBM] [Debug] Trained a tree with leaves = 255 and depth = 20
[LightGBM] [Info] Iteration:385, valid_1 auc : 0.84386
[LightGBM] [Info] 135.013847 seconds elapsed, finished iteration 385
[LightGBM] [Debug] Trained a tree with leaves = 255 and depth = 16
[LightGBM] [Info] Iteration:386, valid_1 auc : 0.843876
[LightGBM] [Info] 135.285924 seconds elapsed, finished iteration 386
[LightGBM] [Debug] Trained a tree with leaves = 255 and depth = 21
[LightGBM] [Info] Iteration:387, valid_1 auc : 0.843883
[LightGBM] [Info] 135.507730 seconds elapsed, finished iteration 387
[LightGBM] [Debug] Trained a tree with leaves = 255 and depth = 23
[LightGBM] [Info] Iteration:388, valid_1 auc : 0.843906
[LightGBM] [Info] 135.803022 seconds elapsed, finished iteration 388
[LightGBM] [Debug] Trained a tree with leaves = 255 and depth = 17
[LightGBM] [Info] Iteration:389, valid_1 auc : 0.843944
[LightGBM] [Info] 136.098121 seconds elapsed, finished iteration 389
[LightGBM] [Debug] Trained a tree with leaves = 255 and depth = 21
[LightGBM] [Info] Iteration:390, valid_1 auc : 0.843965
[LightGBM] [Info] 136.309638 seconds elapsed, finished iteration 390
[LightGBM] [Debug] Trained a tree with leaves = 255 and depth = 24
[LightGBM] [Info] Iteration:391, valid_1 auc : 0.843988
[LightGBM] [Info] 136.549253 seconds elapsed, finished iteration 391
[LightGBM] [Debug] Trained a tree with leaves = 255 and depth = 19
[LightGBM] [Info] Iteration:392, valid_1 auc : 0.843997
[LightGBM] [Info] 136.747706 seconds elapsed, finished iteration 392
[LightGBM] [Debug] Trained a tree with leaves = 255 and depth = 21
[LightGBM] [Info] Iteration:393, valid_1 auc : 0.844001
[LightGBM] [Info] 136.937874 seconds elapsed, finished iteration 393
[LightGBM] [Debug] Trained a tree with leaves = 255 and depth = 20
[LightGBM] [Info] Iteration:394, valid_1 auc : 0.844003
[LightGBM] [Info] 137.106312 seconds elapsed, finished iteration 394
[LightGBM] [Debug] Trained a tree with leaves = 255 and depth = 18
[LightGBM] [Info] Iteration:395, valid_1 auc : 0.844041
[LightGBM] [Info] 137.377625 seconds elapsed, finished iteration 395
[LightGBM] [Debug] Trained a tree with leaves = 255 and depth = 18
[LightGBM] [Info] Iteration:396, valid_1 auc : 0.844048
[LightGBM] [Info] 137.570881 seconds elapsed, finished iteration 396
[LightGBM] [Debug] Trained a tree with leaves = 255 and depth = 18
[LightGBM] [Info] Iteration:397, valid_1 auc : 0.844052
[LightGBM] [Info] 137.766010 seconds elapsed, finished iteration 397
[LightGBM] [Debug] Trained a tree with leaves = 255 and depth = 21
[LightGBM] [Info] Iteration:398, valid_1 auc : 0.844053
[LightGBM] [Info] 137.943747 seconds elapsed, finished iteration 398
[LightGBM] [Debug] Trained a tree with leaves = 255 and depth = 27
[LightGBM] [Info] Iteration:399, valid_1 auc : 0.844061
[LightGBM] [Info] 138.121679 seconds elapsed, finished iteration 399
[LightGBM] [Debug] Trained a tree with leaves = 255 and depth = 26
[LightGBM] [Info] Iteration:400, valid_1 auc : 0.844084
[LightGBM] [Info] 138.340535 seconds elapsed, finished iteration 400
[LightGBM] [Debug] Trained a tree with leaves = 255 and depth = 17
[LightGBM] [Info] Iteration:401, valid_1 auc : 0.8441
[LightGBM] [Info] 138.540897 seconds elapsed, finished iteration 401
[LightGBM] [Debug] Trained a tree with leaves = 255 and depth = 16
[LightGBM] [Info] Iteration:402, valid_1 auc : 0.84411
[LightGBM] [Info] 138.734350 seconds elapsed, finished iteration 402
[LightGBM] [Debug] Trained a tree with leaves = 255 and depth = 19
[LightGBM] [Info] Iteration:403, valid_1 auc : 0.844123
[LightGBM] [Info] 138.938821 seconds elapsed, finished iteration 403
[LightGBM] [Debug] Trained a tree with leaves = 255 and depth = 23
[LightGBM] [Info] Iteration:404, valid_1 auc : 0.844132
[LightGBM] [Info] 139.112376 seconds elapsed, finished iteration 404
[LightGBM] [Debug] Trained a tree with leaves = 255 and depth = 15
[LightGBM] [Info] Iteration:405, valid_1 auc : 0.844141
[LightGBM] [Info] 139.319330 seconds elapsed, finished iteration 405
[LightGBM] [Debug] Trained a tree with leaves = 255 and depth = 19
[LightGBM] [Info] Iteration:406, valid_1 auc : 0.84415
[LightGBM] [Info] 139.512523 seconds elapsed, finished iteration 406
[LightGBM] [Debug] Trained a tree with leaves = 255 and depth = 21
[LightGBM] [Info] Iteration:407, valid_1 auc : 0.84416
[LightGBM] [Info] 139.731273 seconds elapsed, finished iteration 407
[LightGBM] [Debug] Trained a tree with leaves = 255 and depth = 19
[LightGBM] [Info] Iteration:408, valid_1 auc : 0.844165
[LightGBM] [Info] 139.902281 seconds elapsed, finished iteration 408
[LightGBM] [Debug] Trained a tree with leaves = 255 and depth = 18
[LightGBM] [Info] Iteration:409, valid_1 auc : 0.844176
[LightGBM] [Info] 140.083641 seconds elapsed, finished iteration 409
[LightGBM] [Debug] Trained a tree with leaves = 255 and depth = 20
[LightGBM] [Info] Iteration:410, valid_1 auc : 0.844189
[LightGBM] [Info] 140.281610 seconds elapsed, finished iteration 410
[LightGBM] [Debug] Trained a tree with leaves = 255 and depth = 24
[LightGBM] [Info] Iteration:411, valid_1 auc : 0.844195
[LightGBM] [Info] 140.455553 seconds elapsed, finished iteration 411
[LightGBM] [Debug] Trained a tree with leaves = 255 and depth = 30
[LightGBM] [Info] Iteration:412, valid_1 auc : 0.844225
[LightGBM] [Info] 140.668235 seconds elapsed, finished iteration 412
[LightGBM] [Debug] Trained a tree with leaves = 255 and depth = 25
[LightGBM] [Info] Iteration:413, valid_1 auc : 0.844262
[LightGBM] [Info] 140.924848 seconds elapsed, finished iteration 413
[LightGBM] [Debug] Trained a tree with leaves = 255 and depth = 23
[LightGBM] [Info] Iteration:414, valid_1 auc : 0.844284
[LightGBM] [Info] 141.143615 seconds elapsed, finished iteration 414
[LightGBM] [Debug] Trained a tree with leaves = 255 and depth = 28
[LightGBM] [Info] Iteration:415, valid_1 auc : 0.844286
[LightGBM] [Info] 141.319567 seconds elapsed, finished iteration 415
[LightGBM] [Debug] Trained a tree with leaves = 255 and depth = 23
[LightGBM] [Info] Iteration:416, valid_1 auc : 0.844314
[LightGBM] [Info] 141.571611 seconds elapsed, finished iteration 416
[LightGBM] [Debug] Trained a tree with leaves = 255 and depth = 21
[LightGBM] [Info] Iteration:417, valid_1 auc : 0.84432
[LightGBM] [Info] 141.744593 seconds elapsed, finished iteration 417
[LightGBM] [Debug] Trained a tree with leaves = 255 and depth = 20
[LightGBM] [Info] Iteration:418, valid_1 auc : 0.844335
[LightGBM] [Info] 141.951700 seconds elapsed, finished iteration 418
[LightGBM] [Debug] Trained a tree with leaves = 255 and depth = 23
[LightGBM] [Info] Iteration:419, valid_1 auc : 0.84434
[LightGBM] [Info] 142.125619 seconds elapsed, finished iteration 419
[LightGBM] [Debug] Trained a tree with leaves = 255 and depth = 20
[LightGBM] [Info] Iteration:420, valid_1 auc : 0.84436
[LightGBM] [Info] 142.411506 seconds elapsed, finished iteration 420
[LightGBM] [Debug] Trained a tree with leaves = 255 and depth = 21
[LightGBM] [Info] Iteration:421, valid_1 auc : 0.844365
[LightGBM] [Info] 142.612946 seconds elapsed, finished iteration 421
[LightGBM] [Debug] Trained a tree with leaves = 255 and depth = 22
[LightGBM] [Info] Iteration:422, valid_1 auc : 0.844371
[LightGBM] [Info] 142.804225 seconds elapsed, finished iteration 422
[LightGBM] [Debug] Trained a tree with leaves = 255 and depth = 19
[LightGBM] [Info] Iteration:423, valid_1 auc : 0.844379
[LightGBM] [Info] 142.978614 seconds elapsed, finished iteration 423
[LightGBM] [Debug] Trained a tree with leaves = 255 and depth = 22
[LightGBM] [Info] Iteration:424, valid_1 auc : 0.84439
[LightGBM] [Info] 143.193519 seconds elapsed, finished iteration 424
[LightGBM] [Debug] Trained a tree with leaves = 255 and depth = 20
[LightGBM] [Info] Iteration:425, valid_1 auc : 0.844402
[LightGBM] [Info] 143.397414 seconds elapsed, finished iteration 425
[LightGBM] [Debug] Trained a tree with leaves = 255 and depth = 17
[LightGBM] [Info] Iteration:426, valid_1 auc : 0.84441
[LightGBM] [Info] 143.591732 seconds elapsed, finished iteration 426
[LightGBM] [Debug] Trained a tree with leaves = 255 and depth = 17
[LightGBM] [Info] Iteration:427, valid_1 auc : 0.844424
[LightGBM] [Info] 143.819174 seconds elapsed, finished iteration 427
[LightGBM] [Debug] Trained a tree with leaves = 255 and depth = 26
[LightGBM] [Info] Iteration:428, valid_1 auc : 0.844424
[LightGBM] [Info] 143.999753 seconds elapsed, finished iteration 428
[LightGBM] [Debug] Trained a tree with leaves = 255 and depth = 15
[LightGBM] [Info] Iteration:429, valid_1 auc : 0.844431
[LightGBM] [Info] 144.185262 seconds elapsed, finished iteration 429
[LightGBM] [Debug] Trained a tree with leaves = 255 and depth = 17
[LightGBM] [Info] Iteration:430, valid_1 auc : 0.844437
[LightGBM] [Info] 144.369038 seconds elapsed, finished iteration 430
[LightGBM] [Debug] Trained a tree with leaves = 255 and depth = 16
[LightGBM] [Info] Iteration:431, valid_1 auc : 0.844498
[LightGBM] [Info] 144.695199 seconds elapsed, finished iteration 431
[LightGBM] [Debug] Trained a tree with leaves = 255 and depth = 22
[LightGBM] [Info] Iteration:432, valid_1 auc : 0.844508
[LightGBM] [Info] 144.919255 seconds elapsed, finished iteration 432
[LightGBM] [Debug] Trained a tree with leaves = 255 and depth = 20
[LightGBM] [Info] Iteration:433, valid_1 auc : 0.844513
[LightGBM] [Info] 145.161921 seconds elapsed, finished iteration 433
[LightGBM] [Debug] Trained a tree with leaves = 255 and depth = 19
[LightGBM] [Info] Iteration:434, valid_1 auc : 0.844528
[LightGBM] [Info] 145.428812 seconds elapsed, finished iteration 434
[LightGBM] [Debug] Trained a tree with leaves = 255 and depth = 18
[LightGBM] [Info] Iteration:435, valid_1 auc : 0.844536
[LightGBM] [Info] 145.671151 seconds elapsed, finished iteration 435
[LightGBM] [Debug] Trained a tree with leaves = 255 and depth = 24
[LightGBM] [Info] Iteration:436, valid_1 auc : 0.844541
[LightGBM] [Info] 145.914823 seconds elapsed, finished iteration 436
[LightGBM] [Debug] Trained a tree with leaves = 255 and depth = 21
[LightGBM] [Info] Iteration:437, valid_1 auc : 0.844545
[LightGBM] [Info] 146.140005 seconds elapsed, finished iteration 437
[LightGBM] [Debug] Trained a tree with leaves = 255 and depth = 24
[LightGBM] [Info] Iteration:438, valid_1 auc : 0.84458
[LightGBM] [Info] 146.483370 seconds elapsed, finished iteration 438
[LightGBM] [Debug] Trained a tree with leaves = 255 and depth = 18
[LightGBM] [Info] Iteration:439, valid_1 auc : 0.844592
[LightGBM] [Info] 146.706882 seconds elapsed, finished iteration 439
[LightGBM] [Debug] Trained a tree with leaves = 255 and depth = 21
[LightGBM] [Info] Iteration:440, valid_1 auc : 0.844623
[LightGBM] [Info] 146.982196 seconds elapsed, finished iteration 440
[LightGBM] [Debug] Trained a tree with leaves = 255 and depth = 17
[LightGBM] [Info] Iteration:441, valid_1 auc : 0.844638
[LightGBM] [Info] 147.272565 seconds elapsed, finished iteration 441
[LightGBM] [Debug] Trained a tree with leaves = 255 and depth = 16
[LightGBM] [Info] Iteration:442, valid_1 auc : 0.844644
[LightGBM] [Info] 147.495882 seconds elapsed, finished iteration 442
[LightGBM] [Debug] Trained a tree with leaves = 255 and depth = 22
[LightGBM] [Info] Iteration:443, valid_1 auc : 0.844657
[LightGBM] [Info] 147.743611 seconds elapsed, finished iteration 443
[LightGBM] [Debug] Trained a tree with leaves = 255 and depth = 21
[LightGBM] [Info] Iteration:444, valid_1 auc : 0.844675
[LightGBM] [Info] 148.085114 seconds elapsed, finished iteration 444
[LightGBM] [Debug] Trained a tree with leaves = 255 and depth = 24
[LightGBM] [Info] Iteration:445, valid_1 auc : 0.844678
[LightGBM] [Info] 148.272167 seconds elapsed, finished iteration 445
[LightGBM] [Debug] Trained a tree with leaves = 255 and depth = 18
[LightGBM] [Info] Iteration:446, valid_1 auc : 0.844684
[LightGBM] [Info] 148.460979 seconds elapsed, finished iteration 446
[LightGBM] [Debug] Trained a tree with leaves = 255 and depth = 22
[LightGBM] [Info] Iteration:447, valid_1 auc : 0.844691
[LightGBM] [Info] 148.644507 seconds elapsed, finished iteration 447
[LightGBM] [Debug] Trained a tree with leaves = 255 and depth = 21
[LightGBM] [Info] Iteration:448, valid_1 auc : 0.844696
[LightGBM] [Info] 148.854005 seconds elapsed, finished iteration 448
[LightGBM] [Debug] Trained a tree with leaves = 255 and depth = 19
[LightGBM] [Info] Iteration:449, valid_1 auc : 0.844709
[LightGBM] [Info] 149.045174 seconds elapsed, finished iteration 449
[LightGBM] [Debug] Trained a tree with leaves = 255 and depth = 19
[LightGBM] [Info] Iteration:450, valid_1 auc : 0.844712
[LightGBM] [Info] 149.220641 seconds elapsed, finished iteration 450
[LightGBM] [Debug] Trained a tree with leaves = 255 and depth = 22
[LightGBM] [Info] Iteration:451, valid_1 auc : 0.844721
[LightGBM] [Info] 149.407048 seconds elapsed, finished iteration 451
[LightGBM] [Debug] Trained a tree with leaves = 255 and depth = 22
[LightGBM] [Info] Iteration:452, valid_1 auc : 0.844727
[LightGBM] [Info] 149.591688 seconds elapsed, finished iteration 452
[LightGBM] [Debug] Trained a tree with leaves = 255 and depth = 21
[LightGBM] [Info] Iteration:453, valid_1 auc : 0.844733
[LightGBM] [Info] 149.783375 seconds elapsed, finished iteration 453
[LightGBM] [Debug] Trained a tree with leaves = 255 and depth = 21
[LightGBM] [Info] Iteration:454, valid_1 auc : 0.844741
[LightGBM] [Info] 150.001010 seconds elapsed, finished iteration 454
[LightGBM] [Debug] Trained a tree with leaves = 255 and depth = 25
[LightGBM] [Info] Iteration:455, valid_1 auc : 0.844748
[LightGBM] [Info] 150.189418 seconds elapsed, finished iteration 455
[LightGBM] [Debug] Trained a tree with leaves = 255 and depth = 17
[LightGBM] [Info] Iteration:456, valid_1 auc : 0.844774
[LightGBM] [Info] 150.483727 seconds elapsed, finished iteration 456
[LightGBM] [Debug] Trained a tree with leaves = 255 and depth = 19
[LightGBM] [Info] Iteration:457, valid_1 auc : 0.844779
[LightGBM] [Info] 150.674678 seconds elapsed, finished iteration 457
[LightGBM] [Debug] Trained a tree with leaves = 255 and depth = 20
[LightGBM] [Info] Iteration:458, valid_1 auc : 0.844781
[LightGBM] [Info] 150.875492 seconds elapsed, finished iteration 458
[LightGBM] [Debug] Trained a tree with leaves = 255 and depth = 19
[LightGBM] [Info] Iteration:459, valid_1 auc : 0.844782
[LightGBM] [Info] 151.054930 seconds elapsed, finished iteration 459
[LightGBM] [Debug] Trained a tree with leaves = 255 and depth = 21
[LightGBM] [Info] Iteration:460, valid_1 auc : 0.844788
[LightGBM] [Info] 151.261681 seconds elapsed, finished iteration 460
[LightGBM] [Debug] Trained a tree with leaves = 255 and depth = 19
[LightGBM] [Info] Iteration:461, valid_1 auc : 0.8448
[LightGBM] [Info] 151.486084 seconds elapsed, finished iteration 461
[LightGBM] [Debug] Trained a tree with leaves = 255 and depth = 18
[LightGBM] [Info] Iteration:462, valid_1 auc : 0.844832
[LightGBM] [Info] 151.852633 seconds elapsed, finished iteration 462
[LightGBM] [Debug] Trained a tree with leaves = 255 and depth = 20
[LightGBM] [Info] Iteration:463, valid_1 auc : 0.844844
[LightGBM] [Info] 152.068634 seconds elapsed, finished iteration 463
[LightGBM] [Debug] Trained a tree with leaves = 255 and depth = 23
[LightGBM] [Info] Iteration:464, valid_1 auc : 0.844843
[LightGBM] [Info] 152.270804 seconds elapsed, finished iteration 464
[LightGBM] [Debug] Trained a tree with leaves = 255 and depth = 18
[LightGBM] [Info] Iteration:465, valid_1 auc : 0.844854
[LightGBM] [Info] 152.517645 seconds elapsed, finished iteration 465
[LightGBM] [Debug] Trained a tree with leaves = 255 and depth = 23
[LightGBM] [Info] Iteration:466, valid_1 auc : 0.844871
[LightGBM] [Info] 152.760137 seconds elapsed, finished iteration 466
[LightGBM] [Debug] Trained a tree with leaves = 255 and depth = 21
[LightGBM] [Info] Iteration:467, valid_1 auc : 0.844893
[LightGBM] [Info] 153.036772 seconds elapsed, finished iteration 467
[LightGBM] [Debug] Trained a tree with leaves = 255 and depth = 22
[LightGBM] [Info] Iteration:468, valid_1 auc : 0.844914
[LightGBM] [Info] 153.256348 seconds elapsed, finished iteration 468
[LightGBM] [Debug] Trained a tree with leaves = 255 and depth = 20
[LightGBM] [Info] Iteration:469, valid_1 auc : 0.844939
[LightGBM] [Info] 153.470942 seconds elapsed, finished iteration 469
[LightGBM] [Debug] Trained a tree with leaves = 255 and depth = 19
[LightGBM] [Info] Iteration:470, valid_1 auc : 0.844964
[LightGBM] [Info] 153.743638 seconds elapsed, finished iteration 470
[LightGBM] [Debug] Trained a tree with leaves = 255 and depth = 17
[LightGBM] [Info] Iteration:471, valid_1 auc : 0.845
[LightGBM] [Info] 154.024215 seconds elapsed, finished iteration 471
[LightGBM] [Debug] Trained a tree with leaves = 255 and depth = 20
[LightGBM] [Info] Iteration:472, valid_1 auc : 0.845008
[LightGBM] [Info] 154.215208 seconds elapsed, finished iteration 472
[LightGBM] [Debug] Trained a tree with leaves = 255 and depth = 21
[LightGBM] [Info] Iteration:473, valid_1 auc : 0.845012
[LightGBM] [Info] 154.417550 seconds elapsed, finished iteration 473
[LightGBM] [Debug] Trained a tree with leaves = 255 and depth = 19
[LightGBM] [Info] Iteration:474, valid_1 auc : 0.845033
[LightGBM] [Info] 154.657050 seconds elapsed, finished iteration 474
[LightGBM] [Debug] Trained a tree with leaves = 255 and depth = 17
[LightGBM] [Info] Iteration:475, valid_1 auc : 0.845046
[LightGBM] [Info] 154.892909 seconds elapsed, finished iteration 475
[LightGBM] [Debug] Trained a tree with leaves = 255 and depth = 26
[LightGBM] [Info] Iteration:476, valid_1 auc : 0.84507
[LightGBM] [Info] 155.180321 seconds elapsed, finished iteration 476
[LightGBM] [Debug] Trained a tree with leaves = 255 and depth = 23
[LightGBM] [Info] Iteration:477, valid_1 auc : 0.845083
[LightGBM] [Info] 155.432356 seconds elapsed, finished iteration 477
[LightGBM] [Debug] Trained a tree with leaves = 255 and depth = 20
[LightGBM] [Info] Iteration:478, valid_1 auc : 0.845099
[LightGBM] [Info] 155.760609 seconds elapsed, finished iteration 478
[LightGBM] [Debug] Trained a tree with leaves = 255 and depth = 22
[LightGBM] [Info] Iteration:479, valid_1 auc : 0.845105
[LightGBM] [Info] 156.001460 seconds elapsed, finished iteration 479
[LightGBM] [Debug] Trained a tree with leaves = 255 and depth = 24
[LightGBM] [Info] Iteration:480, valid_1 auc : 0.845106
[LightGBM] [Info] 156.217879 seconds elapsed, finished iteration 480
[LightGBM] [Debug] Trained a tree with leaves = 255 and depth = 29
[LightGBM] [Info] Iteration:481, valid_1 auc : 0.845116
[LightGBM] [Info] 156.464456 seconds elapsed, finished iteration 481
[LightGBM] [Debug] Trained a tree with leaves = 255 and depth = 21
[LightGBM] [Info] Iteration:482, valid_1 auc : 0.845118
[LightGBM] [Info] 156.699560 seconds elapsed, finished iteration 482
[LightGBM] [Debug] Trained a tree with leaves = 255 and depth = 19
[LightGBM] [Info] Iteration:483, valid_1 auc : 0.845132
[LightGBM] [Info] 156.954807 seconds elapsed, finished iteration 483
[LightGBM] [Debug] Trained a tree with leaves = 255 and depth = 19
[LightGBM] [Info] Iteration:484, valid_1 auc : 0.845135
[LightGBM] [Info] 157.195128 seconds elapsed, finished iteration 484
[LightGBM] [Debug] Trained a tree with leaves = 255 and depth = 23
[LightGBM] [Info] Iteration:485, valid_1 auc : 0.845148
[LightGBM] [Info] 157.435959 seconds elapsed, finished iteration 485
[LightGBM] [Debug] Trained a tree with leaves = 255 and depth = 19
[LightGBM] [Info] Iteration:486, valid_1 auc : 0.845162
[LightGBM] [Info] 157.670383 seconds elapsed, finished iteration 486
[LightGBM] [Debug] Trained a tree with leaves = 255 and depth = 19
[LightGBM] [Info] Iteration:487, valid_1 auc : 0.84517
[LightGBM] [Info] 157.909710 seconds elapsed, finished iteration 487
[LightGBM] [Debug] Trained a tree with leaves = 255 and depth = 27
[LightGBM] [Info] Iteration:488, valid_1 auc : 0.845169
[LightGBM] [Info] 158.169294 seconds elapsed, finished iteration 488
[LightGBM] [Debug] Trained a tree with leaves = 255 and depth = 28
[LightGBM] [Info] Iteration:489, valid_1 auc : 0.845173
[LightGBM] [Info] 158.381516 seconds elapsed, finished iteration 489
[LightGBM] [Debug] Trained a tree with leaves = 255 and depth = 18
[LightGBM] [Info] Iteration:490, valid_1 auc : 0.845197
[LightGBM] [Info] 158.703973 seconds elapsed, finished iteration 490
[LightGBM] [Debug] Trained a tree with leaves = 255 and depth = 23
[LightGBM] [Info] Iteration:491, valid_1 auc : 0.845206
[LightGBM] [Info] 158.943644 seconds elapsed, finished iteration 491
[LightGBM] [Debug] Trained a tree with leaves = 255 and depth = 21
[LightGBM] [Info] Iteration:492, valid_1 auc : 0.845207
[LightGBM] [Info] 159.180633 seconds elapsed, finished iteration 492
[LightGBM] [Debug] Trained a tree with leaves = 255 and depth = 19
[LightGBM] [Info] Iteration:493, valid_1 auc : 0.845211
[LightGBM] [Info] 159.415516 seconds elapsed, finished iteration 493
[LightGBM] [Debug] Trained a tree with leaves = 255 and depth = 25
[LightGBM] [Info] Iteration:494, valid_1 auc : 0.845212
[LightGBM] [Info] 159.641242 seconds elapsed, finished iteration 494
[LightGBM] [Debug] Trained a tree with leaves = 255 and depth = 20
[LightGBM] [Info] Iteration:495, valid_1 auc : 0.845221
[LightGBM] [Info] 159.910560 seconds elapsed, finished iteration 495
[LightGBM] [Debug] Trained a tree with leaves = 255 and depth = 21
[LightGBM] [Info] Iteration:496, valid_1 auc : 0.845224
[LightGBM] [Info] 160.148226 seconds elapsed, finished iteration 496
[LightGBM] [Debug] Trained a tree with leaves = 255 and depth = 29
[LightGBM] [Info] Iteration:497, valid_1 auc : 0.845233
[LightGBM] [Info] 160.399301 seconds elapsed, finished iteration 497
[LightGBM] [Debug] Trained a tree with leaves = 255 and depth = 17
[LightGBM] [Info] Iteration:498, valid_1 auc : 0.845244
[LightGBM] [Info] 160.651266 seconds elapsed, finished iteration 498
[LightGBM] [Debug] Trained a tree with leaves = 255 and depth = 23
[LightGBM] [Info] Iteration:499, valid_1 auc : 0.845252
[LightGBM] [Info] 160.882870 seconds elapsed, finished iteration 499
[LightGBM] [Debug] Trained a tree with leaves = 255 and depth = 28
[LightGBM] [Info] Iteration:500, valid_1 auc : 0.845272
[LightGBM] [Info] 161.192385 seconds elapsed, finished iteration 500
[LightGBM] [Info] Finished training
