0:	test: 0.7428273	best: 0.7428273 (0)	total: 19.9s	remaining: 2h 45m 40s
1:	test: 0.7520403	best: 0.7520403 (1)	total: 39.4s	remaining: 2h 43m 41s
2:	test: 0.7574237	best: 0.7574237 (2)	total: 59s	remaining: 2h 42m 59s
3:	test: 0.7598611	best: 0.7598611 (3)	total: 1m 17s	remaining: 2h 40m 19s
4:	test: 0.7619731	best: 0.7619731 (4)	total: 1m 36s	remaining: 2h 39m 40s
5:	test: 0.7634329	best: 0.7634329 (5)	total: 1m 54s	remaining: 2h 37m 45s
6:	test: 0.7646214	best: 0.7646214 (6)	total: 2m 13s	remaining: 2h 36m 44s
7:	test: 0.7658432	best: 0.7658432 (7)	total: 2m 31s	remaining: 2h 35m 41s
8:	test: 0.7673756	best: 0.7673756 (8)	total: 2m 52s	remaining: 2h 36m 31s
9:	test: 0.7682513	best: 0.7682513 (9)	total: 3m 11s	remaining: 2h 36m 25s
10:	test: 0.7693638	best: 0.7693638 (10)	total: 3m 30s	remaining: 2h 36m 19s
11:	test: 0.7701525	best: 0.7701525 (11)	total: 3m 50s	remaining: 2h 36m 26s
12:	test: 0.7712791	best: 0.7712791 (12)	total: 4m 12s	remaining: 2h 37m 39s
13:	test: 0.7720934	best: 0.7720934 (13)	total: 4m 32s	remaining: 2h 37m 50s
14:	test: 0.7728483	best: 0.7728483 (14)	total: 4m 52s	remaining: 2h 37m 48s
15:	test: 0.7735642	best: 0.7735642 (15)	total: 5m 15s	remaining: 2h 38m 53s
16:	test: 0.7743708	best: 0.7743708 (16)	total: 5m 37s	remaining: 2h 39m 37s
17:	test: 0.7750958	best: 0.7750958 (17)	total: 5m 57s	remaining: 2h 39m 43s
18:	test: 0.7758242	best: 0.7758242 (18)	total: 6m 19s	remaining: 2h 40m 10s
19:	test: 0.7764657	best: 0.7764657 (19)	total: 6m 42s	remaining: 2h 40m 56s
20:	test: 0.7770705	best: 0.7770705 (20)	total: 7m 3s	remaining: 2h 40m 49s
21:	test: 0.7776546	best: 0.7776546 (21)	total: 7m 27s	remaining: 2h 41m 57s
22:	test: 0.7782434	best: 0.7782434 (22)	total: 7m 52s	remaining: 2h 43m 10s
23:	test: 0.7787818	best: 0.7787818 (23)	total: 8m 15s	remaining: 2h 43m 46s
24:	test: 0.7793832	best: 0.7793832 (24)	total: 8m 41s	remaining: 2h 45m 8s
25:	test: 0.7799001	best: 0.7799001 (25)	total: 9m 5s	remaining: 2h 45m 43s
26:	test: 0.7803705	best: 0.7803705 (26)	total: 9m 28s	remaining: 2h 45m 59s
27:	test: 0.7808045	best: 0.7808045 (27)	total: 9m 51s	remaining: 2h 46m 12s
28:	test: 0.7812303	best: 0.7812303 (28)	total: 10m 18s	remaining: 2h 47m 24s
29:	test: 0.7816136	best: 0.7816136 (29)	total: 10m 41s	remaining: 2h 47m 29s
30:	test: 0.7820573	best: 0.7820573 (30)	total: 11m 6s	remaining: 2h 47m 58s
31:	test: 0.7825494	best: 0.7825494 (31)	total: 11m 31s	remaining: 2h 48m 39s
32:	test: 0.7829114	best: 0.7829114 (32)	total: 11m 54s	remaining: 2h 48m 35s
33:	test: 0.7832296	best: 0.7832296 (33)	total: 12m 19s	remaining: 2h 48m 50s
34:	test: 0.7835541	best: 0.7835541 (34)	total: 12m 44s	remaining: 2h 49m 14s
35:	test: 0.7838378	best: 0.7838378 (35)	total: 13m 10s	remaining: 2h 49m 44s
36:	test: 0.7841570	best: 0.7841570 (36)	total: 13m 35s	remaining: 2h 50m
37:	test: 0.7844447	best: 0.7844447 (37)	total: 13m 59s	remaining: 2h 50m 8s
38:	test: 0.7847461	best: 0.7847461 (38)	total: 14m 26s	remaining: 2h 50m 44s
39:	test: 0.7850130	best: 0.7850130 (39)	total: 14m 49s	remaining: 2h 50m 29s
40:	test: 0.7852560	best: 0.7852560 (40)	total: 15m 17s	remaining: 2h 51m 6s
41:	test: 0.7856230	best: 0.7856230 (41)	total: 15m 43s	remaining: 2h 51m 32s
42:	test: 0.7858848	best: 0.7858848 (42)	total: 16m 7s	remaining: 2h 51m 17s
43:	test: 0.7860951	best: 0.7860951 (43)	total: 16m 32s	remaining: 2h 51m 26s
44:	test: 0.7863079	best: 0.7863079 (44)	total: 16m 56s	remaining: 2h 51m 22s
45:	test: 0.7865380	best: 0.7865380 (45)	total: 17m 21s	remaining: 2h 51m 18s
46:	test: 0.7867722	best: 0.7867722 (46)	total: 17m 51s	remaining: 2h 52m 10s
47:	test: 0.7869723	best: 0.7869723 (47)	total: 18m 16s	remaining: 2h 52m 8s
48:	test: 0.7872019	best: 0.7872019 (48)	total: 18m 45s	remaining: 2h 52m 36s
49:	test: 0.7874418	best: 0.7874418 (49)	total: 19m 11s	remaining: 2h 52m 42s
50:	test: 0.7876188	best: 0.7876188 (50)	total: 19m 37s	remaining: 2h 52m 44s
51:	test: 0.7877996	best: 0.7877996 (51)	total: 20m	remaining: 2h 52m 25s
52:	test: 0.7880534	best: 0.7880534 (52)	total: 20m 30s	remaining: 2h 53m
53:	test: 0.7882815	best: 0.7882815 (53)	total: 20m 57s	remaining: 2h 53m 10s
54:	test: 0.7885175	best: 0.7885175 (54)	total: 21m 27s	remaining: 2h 53m 37s
55:	test: 0.7886450	best: 0.7886450 (55)	total: 21m 51s	remaining: 2h 53m 19s
56:	test: 0.7888138	best: 0.7888138 (56)	total: 22m 15s	remaining: 2h 53m
57:	test: 0.7889882	best: 0.7889882 (57)	total: 22m 45s	remaining: 2h 53m 26s
58:	test: 0.7892111	best: 0.7892111 (58)	total: 23m 10s	remaining: 2h 53m 11s
59:	test: 0.7894395	best: 0.7894395 (59)	total: 23m 34s	remaining: 2h 52m 55s
60:	test: 0.7895937	best: 0.7895937 (60)	total: 24m 2s	remaining: 2h 53m 4s
61:	test: 0.7897648	best: 0.7897648 (61)	total: 24m 25s	remaining: 2h 52m 31s
62:	test: 0.7899057	best: 0.7899057 (62)	total: 24m 49s	remaining: 2h 52m 12s
63:	test: 0.7900591	best: 0.7900591 (63)	total: 25m 14s	remaining: 2h 52m
64:	test: 0.7902407	best: 0.7902407 (64)	total: 25m 39s	remaining: 2h 51m 40s
65:	test: 0.7903959	best: 0.7903959 (65)	total: 26m 3s	remaining: 2h 51m 22s
66:	test: 0.7905005	best: 0.7905005 (66)	total: 26m 28s	remaining: 2h 51m 3s
67:	test: 0.7906303	best: 0.7906303 (67)	total: 26m 57s	remaining: 2h 51m 17s
68:	test: 0.7907514	best: 0.7907514 (68)	total: 27m 20s	remaining: 2h 50m 47s
69:	test: 0.7909106	best: 0.7909106 (69)	total: 27m 49s	remaining: 2h 50m 53s
70:	test: 0.7910097	best: 0.7910097 (70)	total: 28m 14s	remaining: 2h 50m 35s
71:	test: 0.7911242	best: 0.7911242 (71)	total: 28m 43s	remaining: 2h 50m 42s
72:	test: 0.7912648	best: 0.7912648 (72)	total: 29m 9s	remaining: 2h 50m 36s
73:	test: 0.7913765	best: 0.7913765 (73)	total: 29m 37s	remaining: 2h 50m 32s
74:	test: 0.7914913	best: 0.7914913 (74)	total: 30m 1s	remaining: 2h 50m 10s
75:	test: 0.7915863	best: 0.7915863 (75)	total: 30m 29s	remaining: 2h 50m 5s
76:	test: 0.7916939	best: 0.7916939 (76)	total: 30m 50s	remaining: 2h 49m 23s
77:	test: 0.7918319	best: 0.7918319 (77)	total: 31m 18s	remaining: 2h 49m 22s
78:	test: 0.7919381	best: 0.7919381 (78)	total: 31m 43s	remaining: 2h 49m 4s
79:	test: 0.7920221	best: 0.7920221 (79)	total: 32m 6s	remaining: 2h 48m 31s
80:	test: 0.7921172	best: 0.7921172 (80)	total: 32m 30s	remaining: 2h 48m 9s
81:	test: 0.7922172	best: 0.7922172 (81)	total: 32m 53s	remaining: 2h 47m 40s
82:	test: 0.7923148	best: 0.7923148 (82)	total: 33m 24s	remaining: 2h 47m 52s
83:	test: 0.7924550	best: 0.7924550 (83)	total: 33m 50s	remaining: 2h 47m 34s
84:	test: 0.7925222	best: 0.7925222 (84)	total: 34m 15s	remaining: 2h 47m 15s
85:	test: 0.7926017	best: 0.7926017 (85)	total: 34m 39s	remaining: 2h 46m 51s
86:	test: 0.7927169	best: 0.7927169 (86)	total: 35m 3s	remaining: 2h 46m 26s
87:	test: 0.7928529	best: 0.7928529 (87)	total: 35m 31s	remaining: 2h 46m 17s
88:	test: 0.7929282	best: 0.7929282 (88)	total: 35m 54s	remaining: 2h 45m 47s
89:	test: 0.7930156	best: 0.7930156 (89)	total: 36m 17s	remaining: 2h 45m 21s
90:	test: 0.7930981	best: 0.7930981 (90)	total: 36m 43s	remaining: 2h 45m 5s
91:	test: 0.7931693	best: 0.7931693 (91)	total: 37m 14s	remaining: 2h 45m 10s
92:	test: 0.7932945	best: 0.7932945 (92)	total: 37m 39s	remaining: 2h 44m 49s
93:	test: 0.7933861	best: 0.7933861 (93)	total: 38m 4s	remaining: 2h 44m 25s
94:	test: 0.7934634	best: 0.7934634 (94)	total: 38m 30s	remaining: 2h 44m 10s
95:	test: 0.7935243	best: 0.7935243 (95)	total: 38m 53s	remaining: 2h 43m 41s
96:	test: 0.7936064	best: 0.7936064 (96)	total: 39m 18s	remaining: 2h 43m 16s
97:	test: 0.7936875	best: 0.7936875 (97)	total: 39m 41s	remaining: 2h 42m 47s
98:	test: 0.7937702	best: 0.7937702 (98)	total: 40m 9s	remaining: 2h 42m 38s
99:	test: 0.7938281	best: 0.7938281 (99)	total: 40m 37s	remaining: 2h 42m 31s
100:	test: 0.7939449	best: 0.7939449 (100)	total: 41m 6s	remaining: 2h 42m 25s
101:	test: 0.7940355	best: 0.7940355 (101)	total: 41m 29s	remaining: 2h 41m 55s
102:	test: 0.7941119	best: 0.7941119 (102)	total: 41m 58s	remaining: 2h 41m 45s
103:	test: 0.7941863	best: 0.7941863 (103)	total: 42m 22s	remaining: 2h 41m 22s
104:	test: 0.7942459	best: 0.7942459 (104)	total: 42m 47s	remaining: 2h 40m 59s
105:	test: 0.7943041	best: 0.7943041 (105)	total: 43m 12s	remaining: 2h 40m 35s
106:	test: 0.7944257	best: 0.7944257 (106)	total: 43m 42s	remaining: 2h 40m 31s
107:	test: 0.7945127	best: 0.7945127 (107)	total: 44m 7s	remaining: 2h 40m 7s
108:	test: 0.7946069	best: 0.7946069 (108)	total: 44m 29s	remaining: 2h 39m 37s
109:	test: 0.7946580	best: 0.7946580 (109)	total: 44m 55s	remaining: 2h 39m 16s
110:	test: 0.7947421	best: 0.7947421 (110)	total: 45m 24s	remaining: 2h 39m 6s
111:	test: 0.7948310	best: 0.7948310 (111)	total: 45m 53s	remaining: 2h 38m 57s
112:	test: 0.7949061	best: 0.7949061 (112)	total: 46m 21s	remaining: 2h 38m 46s
113:	test: 0.7949673	best: 0.7949673 (113)	total: 46m 48s	remaining: 2h 38m 28s
114:	test: 0.7950365	best: 0.7950365 (114)	total: 47m 18s	remaining: 2h 38m 23s
115:	test: 0.7951047	best: 0.7951047 (115)	total: 47m 44s	remaining: 2h 38m 1s
116:	test: 0.7951740	best: 0.7951740 (116)	total: 48m 7s	remaining: 2h 37m 31s
117:	test: 0.7952240	best: 0.7952240 (117)	total: 48m 33s	remaining: 2h 37m 11s
118:	test: 0.7952790	best: 0.7952790 (118)	total: 49m 2s	remaining: 2h 37m 1s
119:	test: 0.7953341	best: 0.7953341 (119)	total: 49m 36s	remaining: 2h 37m 5s
120:	test: 0.7953857	best: 0.7953857 (120)	total: 50m 1s	remaining: 2h 36m 42s
121:	test: 0.7954306	best: 0.7954306 (121)	total: 50m 23s	remaining: 2h 36m 8s
122:	test: 0.7954808	best: 0.7954808 (122)	total: 50m 53s	remaining: 2h 35m 58s
123:	test: 0.7955325	best: 0.7955325 (123)	total: 51m 17s	remaining: 2h 35m 32s
124:	test: 0.7956080	best: 0.7956080 (124)	total: 51m 44s	remaining: 2h 35m 13s
125:	test: 0.7956754	best: 0.7956754 (125)	total: 52m 9s	remaining: 2h 34m 48s
126:	test: 0.7957321	best: 0.7957321 (126)	total: 52m 33s	remaining: 2h 34m 21s
127:	test: 0.7957831	best: 0.7957831 (127)	total: 53m 2s	remaining: 2h 34m 9s
128:	test: 0.7958245	best: 0.7958245 (128)	total: 53m 22s	remaining: 2h 33m 31s
129:	test: 0.7958777	best: 0.7958777 (129)	total: 53m 49s	remaining: 2h 33m 12s
130:	test: 0.7959303	best: 0.7959303 (130)	total: 54m 19s	remaining: 2h 33m 1s
131:	test: 0.7959819	best: 0.7959819 (131)	total: 54m 46s	remaining: 2h 32m 42s
132:	test: 0.7960435	best: 0.7960435 (132)	total: 55m 13s	remaining: 2h 32m 21s
133:	test: 0.7961186	best: 0.7961186 (133)	total: 55m 39s	remaining: 2h 32m 2s
134:	test: 0.7961480	best: 0.7961480 (134)	total: 56m 4s	remaining: 2h 31m 37s
135:	test: 0.7961857	best: 0.7961857 (135)	total: 56m 33s	remaining: 2h 31m 21s
136:	test: 0.7962295	best: 0.7962295 (136)	total: 57m 10s	remaining: 2h 31m 30s
137:	test: 0.7962671	best: 0.7962671 (137)	total: 57m 34s	remaining: 2h 31m 1s
138:	test: 0.7963591	best: 0.7963591 (138)	total: 58m 9s	remaining: 2h 31m 3s
139:	test: 0.7964064	best: 0.7964064 (139)	total: 58m 34s	remaining: 2h 30m 38s
140:	test: 0.7964773	best: 0.7964773 (140)	total: 58m 57s	remaining: 2h 30m 6s
141:	test: 0.7965131	best: 0.7965131 (141)	total: 59m 22s	remaining: 2h 29m 41s
142:	test: 0.7965633	best: 0.7965633 (142)	total: 59m 46s	remaining: 2h 29m 13s
143:	test: 0.7966093	best: 0.7966093 (143)	total: 1h 18s	remaining: 2h 29m 5s
144:	test: 0.7966365	best: 0.7966365 (144)	total: 1h 47s	remaining: 2h 28m 50s
145:	test: 0.7966728	best: 0.7966728 (145)	total: 1h 1m 17s	remaining: 2h 28m 35s
146:	test: 0.7967384	best: 0.7967384 (146)	total: 1h 1m 44s	remaining: 2h 28m 15s
147:	test: 0.7967849	best: 0.7967849 (147)	total: 1h 2m 12s	remaining: 2h 27m 56s
148:	test: 0.7968260	best: 0.7968260 (148)	total: 1h 2m 35s	remaining: 2h 27m 26s
149:	test: 0.7968636	best: 0.7968636 (149)	total: 1h 2m 59s	remaining: 2h 26m 58s
150:	test: 0.7969042	best: 0.7969042 (150)	total: 1h 3m 24s	remaining: 2h 26m 32s
151:	test: 0.7969370	best: 0.7969370 (151)	total: 1h 3m 51s	remaining: 2h 26m 12s
152:	test: 0.7969802	best: 0.7969802 (152)	total: 1h 4m 20s	remaining: 2h 25m 56s
153:	test: 0.7970352	best: 0.7970352 (153)	total: 1h 4m 44s	remaining: 2h 25m 27s
154:	test: 0.7970709	best: 0.7970709 (154)	total: 1h 5m 12s	remaining: 2h 25m 8s
155:	test: 0.7971026	best: 0.7971026 (155)	total: 1h 5m 38s	remaining: 2h 24m 45s
156:	test: 0.7971741	best: 0.7971741 (156)	total: 1h 6m 5s	remaining: 2h 24m 23s
157:	test: 0.7972051	best: 0.7972051 (157)	total: 1h 6m 28s	remaining: 2h 23m 53s
158:	test: 0.7972310	best: 0.7972310 (158)	total: 1h 7m 1s	remaining: 2h 23m 44s
159:	test: 0.7972690	best: 0.7972690 (159)	total: 1h 7m 27s	remaining: 2h 23m 21s
160:	test: 0.7972933	best: 0.7972933 (160)	total: 1h 7m 53s	remaining: 2h 22m 58s
161:	test: 0.7973275	best: 0.7973275 (161)	total: 1h 8m 26s	remaining: 2h 22m 47s
162:	test: 0.7973870	best: 0.7973870 (162)	total: 1h 8m 55s	remaining: 2h 22m 30s
163:	test: 0.7974305	best: 0.7974305 (163)	total: 1h 9m 26s	remaining: 2h 22m 17s
164:	test: 0.7974633	best: 0.7974633 (164)	total: 1h 9m 52s	remaining: 2h 21m 53s
165:	test: 0.7975009	best: 0.7975009 (165)	total: 1h 10m 17s	remaining: 2h 21m 26s
166:	test: 0.7975346	best: 0.7975346 (166)	total: 1h 10m 41s	remaining: 2h 20m 56s
167:	test: 0.7976016	best: 0.7976016 (167)	total: 1h 11m 6s	remaining: 2h 20m 31s
168:	test: 0.7976331	best: 0.7976331 (168)	total: 1h 11m 31s	remaining: 2h 20m 5s
169:	test: 0.7976669	best: 0.7976669 (169)	total: 1h 12m 1s	remaining: 2h 19m 48s
170:	test: 0.7977194	best: 0.7977194 (170)	total: 1h 12m 31s	remaining: 2h 19m 31s
171:	test: 0.7977658	best: 0.7977658 (171)	total: 1h 12m 54s	remaining: 2h 19m 2s
172:	test: 0.7977896	best: 0.7977896 (172)	total: 1h 13m 17s	remaining: 2h 18m 32s
173:	test: 0.7978181	best: 0.7978181 (173)	total: 1h 13m 43s	remaining: 2h 18m 7s
174:	test: 0.7978617	best: 0.7978617 (174)	total: 1h 14m 14s	remaining: 2h 17m 52s
175:	test: 0.7979023	best: 0.7979023 (175)	total: 1h 14m 38s	remaining: 2h 17m 23s
176:	test: 0.7979466	best: 0.7979466 (176)	total: 1h 15m 5s	remaining: 2h 17m 1s
177:	test: 0.7979787	best: 0.7979787 (177)	total: 1h 15m 36s	remaining: 2h 16m 46s
178:	test: 0.7980357	best: 0.7980357 (178)	total: 1h 16m 4s	remaining: 2h 16m 24s
179:	test: 0.7980738	best: 0.7980738 (179)	total: 1h 16m 27s	remaining: 2h 15m 54s
180:	test: 0.7980952	best: 0.7980952 (180)	total: 1h 16m 55s	remaining: 2h 15m 33s
181:	test: 0.7981309	best: 0.7981309 (181)	total: 1h 17m 19s	remaining: 2h 15m 7s
182:	test: 0.7981753	best: 0.7981753 (182)	total: 1h 17m 48s	remaining: 2h 14m 47s
183:	test: 0.7982037	best: 0.7982037 (183)	total: 1h 18m 18s	remaining: 2h 14m 28s
184:	test: 0.7982452	best: 0.7982452 (184)	total: 1h 18m 45s	remaining: 2h 14m 6s
185:	test: 0.7982778	best: 0.7982778 (185)	total: 1h 19m 9s	remaining: 2h 13m 38s
186:	test: 0.7983071	best: 0.7983071 (186)	total: 1h 19m 37s	remaining: 2h 13m 16s
187:	test: 0.7983338	best: 0.7983338 (187)	total: 1h 20m 4s	remaining: 2h 12m 53s
188:	test: 0.7983612	best: 0.7983612 (188)	total: 1h 20m 29s	remaining: 2h 12m 26s
189:	test: 0.7984081	best: 0.7984081 (189)	total: 1h 21m	remaining: 2h 12m 9s
190:	test: 0.7984577	best: 0.7984577 (190)	total: 1h 21m 22s	remaining: 2h 11m 38s
191:	test: 0.7984955	best: 0.7984955 (191)	total: 1h 21m 47s	remaining: 2h 11m 12s
192:	test: 0.7985281	best: 0.7985281 (192)	total: 1h 22m 8s	remaining: 2h 10m 40s
193:	test: 0.7985596	best: 0.7985596 (193)	total: 1h 22m 45s	remaining: 2h 10m 31s
194:	test: 0.7985867	best: 0.7985867 (194)	total: 1h 23m 9s	remaining: 2h 10m 4s
195:	test: 0.7986179	best: 0.7986179 (195)	total: 1h 23m 43s	remaining: 2h 9m 51s
196:	test: 0.7986395	best: 0.7986395 (196)	total: 1h 24m 6s	remaining: 2h 9m 21s
197:	test: 0.7986616	best: 0.7986616 (197)	total: 1h 24m 33s	remaining: 2h 8m 58s
198:	test: 0.7986840	best: 0.7986840 (198)	total: 1h 24m 56s	remaining: 2h 8m 29s
199:	test: 0.7986940	best: 0.7986940 (199)	total: 1h 25m 18s	remaining: 2h 7m 58s
200:	test: 0.7987345	best: 0.7987345 (200)	total: 1h 25m 45s	remaining: 2h 7m 34s
201:	test: 0.7987628	best: 0.7987628 (201)	total: 1h 26m 13s	remaining: 2h 7m 12s
202:	test: 0.7987919	best: 0.7987919 (202)	total: 1h 26m 36s	remaining: 2h 6m 42s
203:	test: 0.7988282	best: 0.7988282 (203)	total: 1h 27m 22s	remaining: 2h 6m 47s
204:	test: 0.7988555	best: 0.7988555 (204)	total: 1h 27m 49s	remaining: 2h 6m 22s
205:	test: 0.7988826	best: 0.7988826 (205)	total: 1h 28m 15s	remaining: 2h 5m 57s
206:	test: 0.7989252	best: 0.7989252 (206)	total: 1h 28m 47s	remaining: 2h 5m 40s
207:	test: 0.7989537	best: 0.7989537 (207)	total: 1h 29m 13s	remaining: 2h 5m 14s
208:	test: 0.7989966	best: 0.7989966 (208)	total: 1h 29m 51s	remaining: 2h 5m 7s
209:	test: 0.7990247	best: 0.7990247 (209)	total: 1h 30m 21s	remaining: 2h 4m 46s
210:	test: 0.7990512	best: 0.7990512 (210)	total: 1h 30m 48s	remaining: 2h 4m 22s
211:	test: 0.7990830	best: 0.7990830 (211)	total: 1h 31m 15s	remaining: 2h 3m 58s
212:	test: 0.7991097	best: 0.7991097 (212)	total: 1h 31m 39s	remaining: 2h 3m 30s
213:	test: 0.7991290	best: 0.7991290 (213)	total: 1h 32m 3s	remaining: 2h 3m 1s
214:	test: 0.7991619	best: 0.7991619 (214)	total: 1h 32m 33s	remaining: 2h 2m 41s
215:	test: 0.7991837	best: 0.7991837 (215)	total: 1h 32m 57s	remaining: 2h 2m 12s
216:	test: 0.7992124	best: 0.7992124 (216)	total: 1h 33m 18s	remaining: 2h 1m 40s
217:	test: 0.7992409	best: 0.7992409 (217)	total: 1h 33m 41s	remaining: 2h 1m 12s
218:	test: 0.7992636	best: 0.7992636 (218)	total: 1h 34m 8s	remaining: 2h 48s
219:	test: 0.7993019	best: 0.7993019 (219)	total: 1h 34m 46s	remaining: 2h 37s
220:	test: 0.7993412	best: 0.7993412 (220)	total: 1h 35m 15s	remaining: 2h 14s
221:	test: 0.7993651	best: 0.7993651 (221)	total: 1h 35m 38s	remaining: 1h 59m 45s
222:	test: 0.7993864	best: 0.7993864 (222)	total: 1h 36m 14s	remaining: 1h 59m 33s
223:	test: 0.7994150	best: 0.7994150 (223)	total: 1h 36m 46s	remaining: 1h 59m 15s
224:	test: 0.7994358	best: 0.7994358 (224)	total: 1h 37m 5s	remaining: 1h 58m 40s
225:	test: 0.7994594	best: 0.7994594 (225)	total: 1h 37m 29s	remaining: 1h 58m 12s
226:	test: 0.7994881	best: 0.7994881 (226)	total: 1h 38m	remaining: 1h 57m 52s
227:	test: 0.7995172	best: 0.7995172 (227)	total: 1h 38m 29s	remaining: 1h 57m 29s
228:	test: 0.7995345	best: 0.7995345 (228)	total: 1h 38m 53s	remaining: 1h 57m 1s
229:	test: 0.7995643	best: 0.7995643 (229)	total: 1h 39m 23s	remaining: 1h 56m 40s
230:	test: 0.7995827	best: 0.7995827 (230)	total: 1h 39m 46s	remaining: 1h 56m 11s
231:	test: 0.7996045	best: 0.7996045 (231)	total: 1h 40m 11s	remaining: 1h 55m 44s
232:	test: 0.7996197	best: 0.7996197 (232)	total: 1h 40m 34s	remaining: 1h 55m 14s
233:	test: 0.7996396	best: 0.7996396 (233)	total: 1h 40m 54s	remaining: 1h 54m 42s
234:	test: 0.7996666	best: 0.7996666 (234)	total: 1h 41m 30s	remaining: 1h 54m 27s
235:	test: 0.7996877	best: 0.7996877 (235)	total: 1h 41m 55s	remaining: 1h 54m 1s
236:	test: 0.7997150	best: 0.7997150 (236)	total: 1h 42m 14s	remaining: 1h 53m 27s
237:	test: 0.7997340	best: 0.7997340 (237)	total: 1h 42m 42s	remaining: 1h 53m 3s
238:	test: 0.7997558	best: 0.7997558 (238)	total: 1h 43m 10s	remaining: 1h 52m 40s
239:	test: 0.7997749	best: 0.7997749 (239)	total: 1h 43m 38s	remaining: 1h 52m 16s
240:	test: 0.7998010	best: 0.7998010 (240)	total: 1h 44m 1s	remaining: 1h 51m 47s
241:	test: 0.7998252	best: 0.7998252 (241)	total: 1h 44m 25s	remaining: 1h 51m 20s
242:	test: 0.7998650	best: 0.7998650 (242)	total: 1h 44m 57s	remaining: 1h 51m
243:	test: 0.7998801	best: 0.7998801 (243)	total: 1h 45m 16s	remaining: 1h 50m 27s
244:	test: 0.7998966	best: 0.7998966 (244)	total: 1h 45m 40s	remaining: 1h 49m 59s
245:	test: 0.7999134	best: 0.7999134 (245)	total: 1h 46m 14s	remaining: 1h 49m 42s
246:	test: 0.7999386	best: 0.7999386 (246)	total: 1h 46m 45s	remaining: 1h 49m 20s
247:	test: 0.7999629	best: 0.7999629 (247)	total: 1h 47m 11s	remaining: 1h 48m 54s
248:	test: 0.7999792	best: 0.7999792 (248)	total: 1h 47m 33s	remaining: 1h 48m 25s
249:	test: 0.8000052	best: 0.8000052 (249)	total: 1h 48m 6s	remaining: 1h 48m 6s
250:	test: 0.8000162	best: 0.8000162 (250)	total: 1h 48m 32s	remaining: 1h 47m 40s
251:	test: 0.8000472	best: 0.8000472 (251)	total: 1h 49m 11s	remaining: 1h 47m 27s
252:	test: 0.8000661	best: 0.8000661 (252)	total: 1h 49m 42s	remaining: 1h 47m 6s
253:	test: 0.8000882	best: 0.8000882 (253)	total: 1h 50m 12s	remaining: 1h 46m 44s
254:	test: 0.8001159	best: 0.8001159 (254)	total: 1h 50m 33s	remaining: 1h 46m 13s
255:	test: 0.8001362	best: 0.8001362 (255)	total: 1h 50m 57s	remaining: 1h 45m 45s
256:	test: 0.8001560	best: 0.8001560 (256)	total: 1h 51m 34s	remaining: 1h 45m 29s
257:	test: 0.8001794	best: 0.8001794 (257)	total: 1h 51m 57s	remaining: 1h 45m 1s
258:	test: 0.8001954	best: 0.8001954 (258)	total: 1h 52m 22s	remaining: 1h 44m 33s
259:	test: 0.8002291	best: 0.8002291 (259)	total: 1h 52m 55s	remaining: 1h 44m 14s
260:	test: 0.8002467	best: 0.8002467 (260)	total: 1h 53m 24s	remaining: 1h 43m 51s
261:	test: 0.8002612	best: 0.8002612 (261)	total: 1h 53m 54s	remaining: 1h 43m 28s
262:	test: 0.8002770	best: 0.8002770 (262)	total: 1h 54m 22s	remaining: 1h 43m 4s
263:	test: 0.8003010	best: 0.8003010 (263)	total: 1h 54m 55s	remaining: 1h 42m 43s
264:	test: 0.8003166	best: 0.8003166 (264)	total: 1h 55m 15s	remaining: 1h 42m 12s
265:	test: 0.8003437	best: 0.8003437 (265)	total: 1h 55m 42s	remaining: 1h 41m 47s
266:	test: 0.8003651	best: 0.8003651 (266)	total: 1h 56m	remaining: 1h 41m 14s
267:	test: 0.8003805	best: 0.8003805 (267)	total: 1h 56m 16s	remaining: 1h 40m 38s
268:	test: 0.8004040	best: 0.8004040 (268)	total: 1h 56m 52s	remaining: 1h 40m 21s
269:	test: 0.8004309	best: 0.8004309 (269)	total: 1h 57m 24s	remaining: 1h 40m
270:	test: 0.8004440	best: 0.8004440 (270)	total: 1h 57m 46s	remaining: 1h 39m 31s
271:	test: 0.8004636	best: 0.8004636 (271)	total: 1h 58m 17s	remaining: 1h 39m 9s
272:	test: 0.8004843	best: 0.8004843 (272)	total: 1h 58m 47s	remaining: 1h 38m 46s
273:	test: 0.8004974	best: 0.8004974 (273)	total: 1h 59m 12s	remaining: 1h 38m 19s
274:	test: 0.8005179	best: 0.8005179 (274)	total: 1h 59m 35s	remaining: 1h 37m 51s
275:	test: 0.8005401	best: 0.8005401 (275)	total: 2h 22s	remaining: 1h 37m 42s
276:	test: 0.8005599	best: 0.8005599 (276)	total: 2h 45s	remaining: 1h 37m 12s
277:	test: 0.8005791	best: 0.8005791 (277)	total: 2h 1m 22s	remaining: 1h 36m 55s
278:	test: 0.8005972	best: 0.8005972 (278)	total: 2h 1m 37s	remaining: 1h 36m 20s
279:	test: 0.8006129	best: 0.8006129 (279)	total: 2h 2m 5s	remaining: 1h 35m 55s
280:	test: 0.8006336	best: 0.8006336 (280)	total: 2h 2m 30s	remaining: 1h 35m 28s
281:	test: 0.8006676	best: 0.8006676 (281)	total: 2h 3m 4s	remaining: 1h 35m 8s
282:	test: 0.8006801	best: 0.8006801 (282)	total: 2h 3m 31s	remaining: 1h 34m 42s
283:	test: 0.8007076	best: 0.8007076 (283)	total: 2h 4m 6s	remaining: 1h 34m 23s
284:	test: 0.8007335	best: 0.8007335 (284)	total: 2h 4m 25s	remaining: 1h 33m 51s
285:	test: 0.8007600	best: 0.8007600 (285)	total: 2h 4m 59s	remaining: 1h 33m 31s
286:	test: 0.8007754	best: 0.8007754 (286)	total: 2h 5m 24s	remaining: 1h 33m 4s
287:	test: 0.8007866	best: 0.8007866 (287)	total: 2h 5m 46s	remaining: 1h 32m 35s
288:	test: 0.8008024	best: 0.8008024 (288)	total: 2h 6m 10s	remaining: 1h 32m 7s
289:	test: 0.8008154	best: 0.8008154 (289)	total: 2h 6m 33s	remaining: 1h 31m 38s
290:	test: 0.8008253	best: 0.8008253 (290)	total: 2h 6m 53s	remaining: 1h 31m 8s
291:	test: 0.8008551	best: 0.8008551 (291)	total: 2h 7m 21s	remaining: 1h 30m 42s
292:	test: 0.8008729	best: 0.8008729 (292)	total: 2h 7m 45s	remaining: 1h 30m 15s
293:	test: 0.8008859	best: 0.8008859 (293)	total: 2h 8m 19s	remaining: 1h 29m 54s
294:	test: 0.8009073	best: 0.8009073 (294)	total: 2h 8m 47s	remaining: 1h 29m 29s
295:	test: 0.8009358	best: 0.8009358 (295)	total: 2h 9m 9s	remaining: 1h 29m 1s
296:	test: 0.8009467	best: 0.8009467 (296)	total: 2h 9m 30s	remaining: 1h 28m 31s
297:	test: 0.8009684	best: 0.8009684 (297)	total: 2h 9m 56s	remaining: 1h 28m 4s
298:	test: 0.8009899	best: 0.8009899 (298)	total: 2h 10m 32s	remaining: 1h 27m 45s
299:	test: 0.8009990	best: 0.8009990 (299)	total: 2h 10m 53s	remaining: 1h 27m 15s
300:	test: 0.8010095	best: 0.8010095 (300)	total: 2h 11m 14s	remaining: 1h 26m 46s
301:	test: 0.8010249	best: 0.8010249 (301)	total: 2h 11m 35s	remaining: 1h 26m 16s
302:	test: 0.8010359	best: 0.8010359 (302)	total: 2h 12m 3s	remaining: 1h 25m 51s
303:	test: 0.8010656	best: 0.8010656 (303)	total: 2h 12m 29s	remaining: 1h 25m 25s
304:	test: 0.8010900	best: 0.8010900 (304)	total: 2h 12m 43s	remaining: 1h 24m 51s
305:	test: 0.8011087	best: 0.8011087 (305)	total: 2h 13m 13s	remaining: 1h 24m 27s
306:	test: 0.8011272	best: 0.8011272 (306)	total: 2h 13m 42s	remaining: 1h 24m 3s
307:	test: 0.8011431	best: 0.8011431 (307)	total: 2h 14m 3s	remaining: 1h 23m 34s
308:	test: 0.8011748	best: 0.8011748 (308)	total: 2h 14m 39s	remaining: 1h 23m 14s
309:	test: 0.8011893	best: 0.8011893 (309)	total: 2h 14m 55s	remaining: 1h 22m 41s
310:	test: 0.8011995	best: 0.8011995 (310)	total: 2h 15m 16s	remaining: 1h 22m 12s
311:	test: 0.8012246	best: 0.8012246 (311)	total: 2h 15m 39s	remaining: 1h 21m 44s
312:	test: 0.8012445	best: 0.8012445 (312)	total: 2h 16m 8s	remaining: 1h 21m 20s
313:	test: 0.8012657	best: 0.8012657 (313)	total: 2h 16m 32s	remaining: 1h 20m 53s
314:	test: 0.8012893	best: 0.8012893 (314)	total: 2h 16m 56s	remaining: 1h 20m 25s
315:	test: 0.8013057	best: 0.8013057 (315)	total: 2h 17m 25s	remaining: 1h 20m 1s
316:	test: 0.8013250	best: 0.8013250 (316)	total: 2h 17m 51s	remaining: 1h 19m 35s
317:	test: 0.8013385	best: 0.8013385 (317)	total: 2h 18m 14s	remaining: 1h 19m 7s
318:	test: 0.8013536	best: 0.8013536 (318)	total: 2h 18m 39s	remaining: 1h 18m 40s
319:	test: 0.8013628	best: 0.8013628 (319)	total: 2h 18m 56s	remaining: 1h 18m 9s
320:	test: 0.8013855	best: 0.8013855 (320)	total: 2h 19m 29s	remaining: 1h 17m 46s
321:	test: 0.8014054	best: 0.8014054 (321)	total: 2h 20m 2s	remaining: 1h 17m 24s
322:	test: 0.8014167	best: 0.8014167 (322)	total: 2h 20m 28s	remaining: 1h 16m 58s
323:	test: 0.8014334	best: 0.8014334 (323)	total: 2h 20m 56s	remaining: 1h 16m 33s
324:	test: 0.8014383	best: 0.8014383 (324)	total: 2h 21m 9s	remaining: 1h 16m
325:	test: 0.8014485	best: 0.8014485 (325)	total: 2h 21m 39s	remaining: 1h 15m 36s
326:	test: 0.8014639	best: 0.8014639 (326)	total: 2h 22m 3s	remaining: 1h 15m 9s
327:	test: 0.8014766	best: 0.8014766 (327)	total: 2h 22m 31s	remaining: 1h 14m 44s
328:	test: 0.8014873	best: 0.8014873 (328)	total: 2h 22m 52s	remaining: 1h 14m 15s
329:	test: 0.8015005	best: 0.8015005 (329)	total: 2h 23m 19s	remaining: 1h 13m 50s
330:	test: 0.8015135	best: 0.8015135 (330)	total: 2h 23m 51s	remaining: 1h 13m 27s
331:	test: 0.8015239	best: 0.8015239 (331)	total: 2h 24m 18s	remaining: 1h 13m 1s
332:	test: 0.8015366	best: 0.8015366 (332)	total: 2h 24m 39s	remaining: 1h 12m 32s
333:	test: 0.8015532	best: 0.8015532 (333)	total: 2h 25m 15s	remaining: 1h 12m 11s
334:	test: 0.8015729	best: 0.8015729 (334)	total: 2h 25m 35s	remaining: 1h 11m 42s
335:	test: 0.8015941	best: 0.8015941 (335)	total: 2h 25m 54s	remaining: 1h 11m 13s
336:	test: 0.8016060	best: 0.8016060 (336)	total: 2h 26m 15s	remaining: 1h 10m 44s
337:	test: 0.8016189	best: 0.8016189 (337)	total: 2h 26m 25s	remaining: 1h 10m 10s
338:	test: 0.8016342	best: 0.8016342 (338)	total: 2h 26m 46s	remaining: 1h 9m 42s
339:	test: 0.8016533	best: 0.8016533 (339)	total: 2h 27m 8s	remaining: 1h 9m 14s
340:	test: 0.8016675	best: 0.8016675 (340)	total: 2h 27m 36s	remaining: 1h 8m 49s
341:	test: 0.8016773	best: 0.8016773 (341)	total: 2h 28m 2s	remaining: 1h 8m 23s
342:	test: 0.8016876	best: 0.8016876 (342)	total: 2h 28m 28s	remaining: 1h 7m 57s
343:	test: 0.8016920	best: 0.8016920 (343)	total: 2h 28m 43s	remaining: 1h 7m 26s
344:	test: 0.8017021	best: 0.8017021 (344)	total: 2h 29m 4s	remaining: 1h 6m 58s
345:	test: 0.8017145	best: 0.8017145 (345)	total: 2h 29m 34s	remaining: 1h 6m 34s
346:	test: 0.8017306	best: 0.8017306 (346)	total: 2h 30m 8s	remaining: 1h 6m 11s
347:	test: 0.8017464	best: 0.8017464 (347)	total: 2h 30m 23s	remaining: 1h 5m 41s
348:	test: 0.8017584	best: 0.8017584 (348)	total: 2h 31m 12s	remaining: 1h 5m 25s
349:	test: 0.8017675	best: 0.8017675 (349)	total: 2h 31m 33s	remaining: 1h 4m 57s
350:	test: 0.8017781	best: 0.8017781 (350)	total: 2h 31m 59s	remaining: 1h 4m 31s
351:	test: 0.8017956	best: 0.8017956 (351)	total: 2h 32m 22s	remaining: 1h 4m 4s
352:	test: 0.8018100	best: 0.8018100 (352)	total: 2h 32m 44s	remaining: 1h 3m 36s
353:	test: 0.8018305	best: 0.8018305 (353)	total: 2h 33m 7s	remaining: 1h 3m 9s
354:	test: 0.8018406	best: 0.8018406 (354)	total: 2h 33m 31s	remaining: 1h 2m 42s
355:	test: 0.8018552	best: 0.8018552 (355)	total: 2h 33m 58s	remaining: 1h 2m 16s
356:	test: 0.8018728	best: 0.8018728 (356)	total: 2h 34m 22s	remaining: 1h 1m 50s
357:	test: 0.8018942	best: 0.8018942 (357)	total: 2h 34m 39s	remaining: 1h 1m 20s
358:	test: 0.8019039	best: 0.8019039 (358)	total: 2h 35m 8s	remaining: 1h 56s
359:	test: 0.8019207	best: 0.8019207 (359)	total: 2h 35m 37s	remaining: 1h 31s
360:	test: 0.8019338	best: 0.8019338 (360)	total: 2h 36m	remaining: 1h 4s
361:	test: 0.8019412	best: 0.8019412 (361)	total: 2h 36m 24s	remaining: 59m 37s
362:	test: 0.8019618	best: 0.8019618 (362)	total: 2h 36m 48s	remaining: 59m 10s
363:	test: 0.8019655	best: 0.8019655 (363)	total: 2h 37m 8s	remaining: 58m 42s
364:	test: 0.8019776	best: 0.8019776 (364)	total: 2h 37m 24s	remaining: 58m 13s
365:	test: 0.8019845	best: 0.8019845 (365)	total: 2h 37m 43s	remaining: 57m 44s
366:	test: 0.8019909	best: 0.8019909 (366)	total: 2h 38m 14s	remaining: 57m 20s
367:	test: 0.8020063	best: 0.8020063 (367)	total: 2h 38m 40s	remaining: 56m 54s
368:	test: 0.8020252	best: 0.8020252 (368)	total: 2h 39m 9s	remaining: 56m 30s
369:	test: 0.8020397	best: 0.8020397 (369)	total: 2h 39m 31s	remaining: 56m 3s
370:	test: 0.8020462	best: 0.8020462 (370)	total: 2h 40m	remaining: 55m 38s
371:	test: 0.8020723	best: 0.8020723 (371)	total: 2h 40m 30s	remaining: 55m 13s
372:	test: 0.8020785	best: 0.8020785 (372)	total: 2h 40m 58s	remaining: 54m 48s
373:	test: 0.8020964	best: 0.8020964 (373)	total: 2h 41m 28s	remaining: 54m 24s
374:	test: 0.8021123	best: 0.8021123 (374)	total: 2h 41m 55s	remaining: 53m 58s
375:	test: 0.8021301	best: 0.8021301 (375)	total: 2h 42m 16s	remaining: 53m 31s
376:	test: 0.8021348	best: 0.8021348 (376)	total: 2h 42m 31s	remaining: 53m 1s
377:	test: 0.8021483	best: 0.8021483 (377)	total: 2h 43m	remaining: 52m 36s
378:	test: 0.8021592	best: 0.8021592 (378)	total: 2h 43m 26s	remaining: 52m 10s
379:	test: 0.8021649	best: 0.8021649 (379)	total: 2h 43m 52s	remaining: 51m 44s
380:	test: 0.8021772	best: 0.8021772 (380)	total: 2h 44m 7s	remaining: 51m 15s
381:	test: 0.8021850	best: 0.8021850 (381)	total: 2h 44m 40s	remaining: 50m 51s
382:	test: 0.8022034	best: 0.8022034 (382)	total: 2h 45m 8s	remaining: 50m 26s
383:	test: 0.8022229	best: 0.8022229 (383)	total: 2h 45m 34s	remaining: 50m 1s
384:	test: 0.8022366	best: 0.8022366 (384)	total: 2h 45m 55s	remaining: 49m 33s
385:	test: 0.8022473	best: 0.8022473 (385)	total: 2h 46m 24s	remaining: 49m 8s
386:	test: 0.8022617	best: 0.8022617 (386)	total: 2h 46m 48s	remaining: 48m 42s
387:	test: 0.8022750	best: 0.8022750 (387)	total: 2h 47m 16s	remaining: 48m 17s
388:	test: 0.8022837	best: 0.8022837 (388)	total: 2h 47m 39s	remaining: 47m 50s
389:	test: 0.8022927	best: 0.8022927 (389)	total: 2h 47m 59s	remaining: 47m 22s
390:	test: 0.8023048	best: 0.8023048 (390)	total: 2h 48m 24s	remaining: 46m 56s
391:	test: 0.8023179	best: 0.8023179 (391)	total: 2h 48m 49s	remaining: 46m 30s
392:	test: 0.8023296	best: 0.8023296 (392)	total: 2h 49m 20s	remaining: 46m 6s
393:	test: 0.8023376	best: 0.8023376 (393)	total: 2h 49m 42s	remaining: 45m 39s
394:	test: 0.8023432	best: 0.8023432 (394)	total: 2h 49m 59s	remaining: 45m 11s
395:	test: 0.8023490	best: 0.8023490 (395)	total: 2h 50m 14s	remaining: 44m 42s
396:	test: 0.8023662	best: 0.8023662 (396)	total: 2h 50m 40s	remaining: 44m 16s
397:	test: 0.8023765	best: 0.8023765 (397)	total: 2h 51m 3s	remaining: 43m 50s
398:	test: 0.8023888	best: 0.8023888 (398)	total: 2h 51m 28s	remaining: 43m 24s
399:	test: 0.8023974	best: 0.8023974 (399)	total: 2h 51m 52s	remaining: 42m 58s
400:	test: 0.8024066	best: 0.8024066 (400)	total: 2h 52m 16s	remaining: 42m 31s
401:	test: 0.8024276	best: 0.8024276 (401)	total: 2h 52m 49s	remaining: 42m 7s
402:	test: 0.8024316	best: 0.8024316 (402)	total: 2h 52m 56s	remaining: 41m 37s
403:	test: 0.8024464	best: 0.8024464 (403)	total: 2h 53m 21s	remaining: 41m 11s
404:	test: 0.8024531	best: 0.8024531 (404)	total: 2h 53m 45s	remaining: 40m 45s
405:	test: 0.8024692	best: 0.8024692 (405)	total: 2h 54m 16s	remaining: 40m 20s
406:	test: 0.8024738	best: 0.8024738 (406)	total: 2h 54m 36s	remaining: 39m 53s
407:	test: 0.8024872	best: 0.8024872 (407)	total: 2h 55m 3s	remaining: 39m 28s
408:	test: 0.8024953	best: 0.8024953 (408)	total: 2h 55m 29s	remaining: 39m 2s
409:	test: 0.8025111	best: 0.8025111 (409)	total: 2h 56m 9s	remaining: 38m 40s
410:	test: 0.8025250	best: 0.8025250 (410)	total: 2h 56m 35s	remaining: 38m 14s
411:	test: 0.8025306	best: 0.8025306 (411)	total: 2h 57m 16s	remaining: 37m 51s
412:	test: 0.8025383	best: 0.8025383 (412)	total: 2h 57m 39s	remaining: 37m 25s
413:	test: 0.8025509	best: 0.8025509 (413)	total: 2h 58m 11s	remaining: 37m
414:	test: 0.8025656	best: 0.8025656 (414)	total: 2h 59m 2s	remaining: 36m 40s
415:	test: 0.8025745	best: 0.8025745 (415)	total: 2h 59m 28s	remaining: 36m 14s
416:	test: 0.8025817	best: 0.8025817 (416)	total: 2h 59m 50s	remaining: 35m 47s
417:	test: 0.8025952	best: 0.8025952 (417)	total: 3h 10s	remaining: 35m 20s
418:	test: 0.8026003	best: 0.8026003 (418)	total: 3h 41s	remaining: 34m 55s
419:	test: 0.8026037	best: 0.8026037 (419)	total: 3h 1m 2s	remaining: 34m 29s
420:	test: 0.8026117	best: 0.8026117 (420)	total: 3h 1m 23s	remaining: 34m 2s
421:	test: 0.8026164	best: 0.8026164 (421)	total: 3h 1m 37s	remaining: 33m 34s
422:	test: 0.8026250	best: 0.8026250 (422)	total: 3h 2m 4s	remaining: 33m 8s
423:	test: 0.8026381	best: 0.8026381 (423)	total: 3h 2m 27s	remaining: 32m 42s
424:	test: 0.8026431	best: 0.8026431 (424)	total: 3h 2m 34s	remaining: 32m 13s
425:	test: 0.8026499	best: 0.8026499 (425)	total: 3h 2m 57s	remaining: 31m 46s
426:	test: 0.8026638	best: 0.8026638 (426)	total: 3h 3m 25s	remaining: 31m 21s
427:	test: 0.8026748	best: 0.8026748 (427)	total: 3h 3m 47s	remaining: 30m 55s
428:	test: 0.8026789	best: 0.8026789 (428)	total: 3h 4m 11s	remaining: 30m 29s
429:	test: 0.8026830	best: 0.8026830 (429)	total: 3h 4m 28s	remaining: 30m 1s
430:	test: 0.8026896	best: 0.8026896 (430)	total: 3h 4m 44s	remaining: 29m 34s
431:	test: 0.8027022	best: 0.8027022 (431)	total: 3h 5m 5s	remaining: 29m 8s
432:	test: 0.8027069	best: 0.8027069 (432)	total: 3h 5m 19s	remaining: 28m 40s
433:	test: 0.8027150	best: 0.8027150 (433)	total: 3h 5m 41s	remaining: 28m 14s
434:	test: 0.8027297	best: 0.8027297 (434)	total: 3h 6m 3s	remaining: 27m 48s
435:	test: 0.8027313	best: 0.8027313 (435)	total: 3h 6m 12s	remaining: 27m 20s
436:	test: 0.8027448	best: 0.8027448 (436)	total: 3h 6m 40s	remaining: 26m 54s
437:	test: 0.8027641	best: 0.8027641 (437)	total: 3h 7m 8s	remaining: 26m 29s
438:	test: 0.8027655	best: 0.8027655 (438)	total: 3h 7m 17s	remaining: 26m 1s
439:	test: 0.8027729	best: 0.8027729 (439)	total: 3h 8m 5s	remaining: 25m 38s
440:	test: 0.8027888	best: 0.8027888 (440)	total: 3h 8m 22s	remaining: 25m 12s
441:	test: 0.8027988	best: 0.8027988 (441)	total: 3h 8m 50s	remaining: 24m 46s
442:	test: 0.8028072	best: 0.8028072 (442)	total: 3h 9m 11s	remaining: 24m 20s
443:	test: 0.8028121	best: 0.8028121 (443)	total: 3h 9m 32s	remaining: 23m 54s
444:	test: 0.8028193	best: 0.8028193 (444)	total: 3h 9m 53s	remaining: 23m 28s
445:	test: 0.8028218	best: 0.8028218 (445)	total: 3h 9m 59s	remaining: 23m
446:	test: 0.8028248	best: 0.8028248 (446)	total: 3h 10m 8s	remaining: 22m 32s
447:	test: 0.8028308	best: 0.8028308 (447)	total: 3h 10m 30s	remaining: 22m 6s
448:	test: 0.8028162	best: 0.8028308 (447)	total: 3h 10m 54s	remaining: 21m 41s
449:	test: 0.8028236	best: 0.8028308 (447)	total: 3h 11m 15s	remaining: 21m 15s
450:	test: 0.8028142	best: 0.8028308 (447)	total: 3h 11m 38s	remaining: 20m 49s
451:	test: 0.8028304	best: 0.8028308 (447)	total: 3h 12m 16s	remaining: 20m 25s
452:	test: 0.8028412	best: 0.8028412 (452)	total: 3h 12m 48s	remaining: 20m
453:	test: 0.8028554	best: 0.8028554 (453)	total: 3h 12m 53s	remaining: 19m 32s
454:	test: 0.8028598	best: 0.8028598 (454)	total: 3h 13m 7s	remaining: 19m 6s
455:	test: 0.8028620	best: 0.8028620 (455)	total: 3h 13m 20s	remaining: 18m 39s
456:	test: 0.8028728	best: 0.8028728 (456)	total: 3h 13m 47s	remaining: 18m 14s
457:	test: 0.8028720	best: 0.8028728 (456)	total: 3h 14m 3s	remaining: 17m 47s
458:	test: 0.8028891	best: 0.8028891 (458)	total: 3h 14m 22s	remaining: 17m 21s
459:	test: 0.8028987	best: 0.8028987 (459)	total: 3h 14m 45s	remaining: 16m 56s
460:	test: 0.8029094	best: 0.8029094 (460)	total: 3h 15m 1s	remaining: 16m 29s
461:	test: 0.8029157	best: 0.8029157 (461)	total: 3h 15m 26s	remaining: 16m 4s
462:	test: 0.8029233	best: 0.8029233 (462)	total: 3h 15m 45s	remaining: 15m 38s
463:	test: 0.8029326	best: 0.8029326 (463)	total: 3h 16m 13s	remaining: 15m 13s
464:	test: 0.8029467	best: 0.8029467 (464)	total: 3h 16m 41s	remaining: 14m 48s
465:	test: 0.8029571	best: 0.8029571 (465)	total: 3h 17m 12s	remaining: 14m 23s
466:	test: 0.8029627	best: 0.8029627 (466)	total: 3h 17m 31s	remaining: 13m 57s
467:	test: 0.8029742	best: 0.8029742 (467)	total: 3h 17m 58s	remaining: 13m 32s
468:	test: 0.8029754	best: 0.8029754 (468)	total: 3h 18m 4s	remaining: 13m 5s
469:	test: 0.8029955	best: 0.8029955 (469)	total: 3h 18m 20s	remaining: 12m 39s
470:	test: 0.8030035	best: 0.8030035 (470)	total: 3h 18m 39s	remaining: 12m 13s
471:	test: 0.8030119	best: 0.8030119 (471)	total: 3h 19m 9s	remaining: 11m 48s
472:	test: 0.8030171	best: 0.8030171 (472)	total: 3h 19m 27s	remaining: 11m 23s
473:	test: 0.8030238	best: 0.8030238 (473)	total: 3h 19m 53s	remaining: 10m 57s
474:	test: 0.8030297	best: 0.8030297 (474)	total: 3h 20m 14s	remaining: 10m 32s
475:	test: 0.8030461	best: 0.8030461 (475)	total: 3h 20m 38s	remaining: 10m 6s
476:	test: 0.8030490	best: 0.8030490 (476)	total: 3h 20m 50s	remaining: 9m 41s
477:	test: 0.8030559	best: 0.8030559 (477)	total: 3h 21m 5s	remaining: 9m 15s
478:	test: 0.8030716	best: 0.8030716 (478)	total: 3h 21m 30s	remaining: 8m 50s
479:	test: 0.8030769	best: 0.8030769 (479)	total: 3h 21m 56s	remaining: 8m 24s
480:	test: 0.8030798	best: 0.8030798 (480)	total: 3h 22m 5s	remaining: 7m 58s
481:	test: 0.8030905	best: 0.8030905 (481)	total: 3h 22m 23s	remaining: 7m 33s
482:	test: 0.8030978	best: 0.8030978 (482)	total: 3h 22m 39s	remaining: 7m 7s
483:	test: 0.8031073	best: 0.8031073 (483)	total: 3h 23m	remaining: 6m 42s
484:	test: 0.8031171	best: 0.8031171 (484)	total: 3h 23m 36s	remaining: 6m 17s
485:	test: 0.8031242	best: 0.8031242 (485)	total: 3h 23m 52s	remaining: 5m 52s
486:	test: 0.8031362	best: 0.8031362 (486)	total: 3h 24m 19s	remaining: 5m 27s
487:	test: 0.8031461	best: 0.8031461 (487)	total: 3h 24m 40s	remaining: 5m 1s
488:	test: 0.8031600	best: 0.8031600 (488)	total: 3h 24m 54s	remaining: 4m 36s
489:	test: 0.8031681	best: 0.8031681 (489)	total: 3h 25m 20s	remaining: 4m 11s
490:	test: 0.8031723	best: 0.8031723 (490)	total: 3h 25m 40s	remaining: 3m 46s
491:	test: 0.8031765	best: 0.8031765 (491)	total: 3h 25m 50s	remaining: 3m 20s
492:	test: 0.8031885	best: 0.8031885 (492)	total: 3h 26m 22s	remaining: 2m 55s
493:	test: 0.8032064	best: 0.8032064 (493)	total: 3h 26m 41s	remaining: 2m 30s
494:	test: 0.8032147	best: 0.8032147 (494)	total: 3h 27m 11s	remaining: 2m 5s
495:	test: 0.8032233	best: 0.8032233 (495)	total: 3h 27m 27s	remaining: 1m 40s
496:	test: 0.8032271	best: 0.8032271 (496)	total: 3h 27m 49s	remaining: 1m 15s
497:	test: 0.8032298	best: 0.8032298 (497)	total: 3h 28m 2s	remaining: 50.1s
498:	test: 0.8032347	best: 0.8032347 (498)	total: 3h 28m 11s	remaining: 25s
499:	test: 0.8032418	best: 0.8032418 (499)	total: 3h 28m 30s	remaining: 0us

bestTest = 0.8032418113
bestIteration = 499

Skipping test eval output
211.3344107 min passed
