0:	learn: 0.6695316	total: 240ms	remaining: 1m 59s
1:	learn: 0.6493634	total: 463ms	remaining: 1m 55s
2:	learn: 0.6316985	total: 688ms	remaining: 1m 53s
3:	learn: 0.6162054	total: 908ms	remaining: 1m 52s
4:	learn: 0.6022771	total: 1.13s	remaining: 1m 51s
5:	learn: 0.5894404	total: 1.35s	remaining: 1m 51s
6:	learn: 0.5780899	total: 1.58s	remaining: 1m 51s
7:	learn: 0.5672211	total: 1.81s	remaining: 1m 51s
8:	learn: 0.5567302	total: 2.03s	remaining: 1m 51s
9:	learn: 0.5476861	total: 2.26s	remaining: 1m 50s
10:	learn: 0.5393549	total: 2.49s	remaining: 1m 50s
11:	learn: 0.5308629	total: 2.72s	remaining: 1m 50s
12:	learn: 0.5228632	total: 2.94s	remaining: 1m 50s
13:	learn: 0.5156096	total: 3.16s	remaining: 1m 49s
14:	learn: 0.5084365	total: 3.38s	remaining: 1m 49s
15:	learn: 0.5019120	total: 3.6s	remaining: 1m 48s
16:	learn: 0.4957406	total: 3.83s	remaining: 1m 48s
17:	learn: 0.4896400	total: 4.05s	remaining: 1m 48s
18:	learn: 0.4836907	total: 4.27s	remaining: 1m 48s
19:	learn: 0.4782110	total: 4.49s	remaining: 1m 47s
20:	learn: 0.4729430	total: 4.72s	remaining: 1m 47s
21:	learn: 0.4678962	total: 4.94s	remaining: 1m 47s
22:	learn: 0.4629066	total: 5.16s	remaining: 1m 46s
23:	learn: 0.4581956	total: 5.38s	remaining: 1m 46s
24:	learn: 0.4532889	total: 5.6s	remaining: 1m 46s
25:	learn: 0.4488091	total: 5.82s	remaining: 1m 46s
26:	learn: 0.4444787	total: 6.05s	remaining: 1m 45s
27:	learn: 0.4402945	total: 6.27s	remaining: 1m 45s
28:	learn: 0.4361266	total: 6.49s	remaining: 1m 45s
29:	learn: 0.4321143	total: 6.72s	remaining: 1m 45s
30:	learn: 0.4282701	total: 6.94s	remaining: 1m 44s
31:	learn: 0.4244169	total: 7.15s	remaining: 1m 44s
32:	learn: 0.4208170	total: 7.38s	remaining: 1m 44s
33:	learn: 0.4172779	total: 7.6s	remaining: 1m 44s
34:	learn: 0.4137927	total: 7.82s	remaining: 1m 43s
35:	learn: 0.4104570	total: 8.04s	remaining: 1m 43s
36:	learn: 0.4071603	total: 8.26s	remaining: 1m 43s
37:	learn: 0.4039370	total: 8.48s	remaining: 1m 43s
38:	learn: 0.4006406	total: 8.72s	remaining: 1m 43s
39:	learn: 0.3976046	total: 8.94s	remaining: 1m 42s
40:	learn: 0.3943968	total: 9.16s	remaining: 1m 42s
41:	learn: 0.3914089	total: 9.37s	remaining: 1m 42s
42:	learn: 0.3885665	total: 9.6s	remaining: 1m 41s
43:	learn: 0.3856791	total: 9.82s	remaining: 1m 41s
44:	learn: 0.3828322	total: 10s	remaining: 1m 41s
45:	learn: 0.3801055	total: 10.3s	remaining: 1m 41s
46:	learn: 0.3773100	total: 10.5s	remaining: 1m 41s
47:	learn: 0.3746817	total: 10.7s	remaining: 1m 40s
48:	learn: 0.3720524	total: 10.9s	remaining: 1m 40s
49:	learn: 0.3694890	total: 11.2s	remaining: 1m 40s
50:	learn: 0.3669055	total: 11.4s	remaining: 1m 40s
51:	learn: 0.3643905	total: 11.6s	remaining: 1m 39s
52:	learn: 0.3618972	total: 11.8s	remaining: 1m 39s
53:	learn: 0.3594602	total: 12s	remaining: 1m 39s
54:	learn: 0.3570504	total: 12.2s	remaining: 1m 39s
55:	learn: 0.3547318	total: 12.5s	remaining: 1m 38s
56:	learn: 0.3524563	total: 12.7s	remaining: 1m 38s
57:	learn: 0.3501720	total: 12.9s	remaining: 1m 38s
58:	learn: 0.3479600	total: 13.1s	remaining: 1m 38s
59:	learn: 0.3457577	total: 13.4s	remaining: 1m 38s
60:	learn: 0.3436307	total: 13.6s	remaining: 1m 37s
61:	learn: 0.3414579	total: 13.8s	remaining: 1m 37s
62:	learn: 0.3393495	total: 14s	remaining: 1m 37s
63:	learn: 0.3372839	total: 14.2s	remaining: 1m 36s
64:	learn: 0.3353038	total: 14.4s	remaining: 1m 36s
65:	learn: 0.3333204	total: 14.7s	remaining: 1m 36s
66:	learn: 0.3313373	total: 14.9s	remaining: 1m 36s
67:	learn: 0.3294207	total: 15.1s	remaining: 1m 35s
68:	learn: 0.3275121	total: 15.3s	remaining: 1m 35s
69:	learn: 0.3256304	total: 15.5s	remaining: 1m 35s
70:	learn: 0.3237731	total: 15.7s	remaining: 1m 35s
71:	learn: 0.3218987	total: 16s	remaining: 1m 34s
72:	learn: 0.3200504	total: 16.2s	remaining: 1m 34s
73:	learn: 0.3182126	total: 16.4s	remaining: 1m 34s
74:	learn: 0.3164091	total: 16.6s	remaining: 1m 34s
75:	learn: 0.3146398	total: 16.8s	remaining: 1m 33s
76:	learn: 0.3128583	total: 17.1s	remaining: 1m 33s
77:	learn: 0.3111426	total: 17.3s	remaining: 1m 33s
78:	learn: 0.3094446	total: 17.5s	remaining: 1m 33s
79:	learn: 0.3077823	total: 17.7s	remaining: 1m 32s
80:	learn: 0.3061871	total: 17.9s	remaining: 1m 32s
81:	learn: 0.3045696	total: 18.1s	remaining: 1m 32s
82:	learn: 0.3029534	total: 18.3s	remaining: 1m 32s
83:	learn: 0.3013409	total: 18.6s	remaining: 1m 31s
84:	learn: 0.2997289	total: 18.8s	remaining: 1m 31s
85:	learn: 0.2982092	total: 19s	remaining: 1m 31s
86:	learn: 0.2966362	total: 19.2s	remaining: 1m 31s
87:	learn: 0.2950990	total: 19.4s	remaining: 1m 30s
88:	learn: 0.2935883	total: 19.6s	remaining: 1m 30s
89:	learn: 0.2921189	total: 19.8s	remaining: 1m 30s
90:	learn: 0.2906263	total: 20.1s	remaining: 1m 30s
91:	learn: 0.2891811	total: 20.3s	remaining: 1m 29s
92:	learn: 0.2877424	total: 20.5s	remaining: 1m 29s
93:	learn: 0.2863469	total: 20.7s	remaining: 1m 29s
94:	learn: 0.2849371	total: 20.9s	remaining: 1m 29s
95:	learn: 0.2835312	total: 21.1s	remaining: 1m 28s
96:	learn: 0.2821460	total: 21.3s	remaining: 1m 28s
97:	learn: 0.2807670	total: 21.6s	remaining: 1m 28s
98:	learn: 0.2793763	total: 21.8s	remaining: 1m 28s
99:	learn: 0.2780255	total: 22s	remaining: 1m 27s
100:	learn: 0.2767149	total: 22.2s	remaining: 1m 27s
101:	learn: 0.2754021	total: 22.4s	remaining: 1m 27s
102:	learn: 0.2741093	total: 22.6s	remaining: 1m 27s
103:	learn: 0.2727843	total: 22.8s	remaining: 1m 26s
104:	learn: 0.2714539	total: 23.1s	remaining: 1m 26s
105:	learn: 0.2701194	total: 23.3s	remaining: 1m 26s
106:	learn: 0.2688492	total: 23.5s	remaining: 1m 26s
107:	learn: 0.2675830	total: 23.7s	remaining: 1m 26s
108:	learn: 0.2662965	total: 23.9s	remaining: 1m 25s
109:	learn: 0.2650833	total: 24.1s	remaining: 1m 25s
110:	learn: 0.2638868	total: 24.3s	remaining: 1m 25s
111:	learn: 0.2626734	total: 24.6s	remaining: 1m 25s
112:	learn: 0.2614414	total: 24.8s	remaining: 1m 24s
113:	learn: 0.2602768	total: 25s	remaining: 1m 24s
114:	learn: 0.2590711	total: 25.2s	remaining: 1m 24s
115:	learn: 0.2578862	total: 25.4s	remaining: 1m 24s
116:	learn: 0.2567186	total: 25.6s	remaining: 1m 23s
117:	learn: 0.2555333	total: 25.8s	remaining: 1m 23s
118:	learn: 0.2543814	total: 26.1s	remaining: 1m 23s
119:	learn: 0.2532845	total: 26.3s	remaining: 1m 23s
120:	learn: 0.2521651	total: 26.5s	remaining: 1m 22s
121:	learn: 0.2510441	total: 26.7s	remaining: 1m 22s
122:	learn: 0.2499219	total: 26.9s	remaining: 1m 22s
123:	learn: 0.2488288	total: 27.1s	remaining: 1m 22s
124:	learn: 0.2477068	total: 27.3s	remaining: 1m 22s
125:	learn: 0.2466089	total: 27.6s	remaining: 1m 21s
126:	learn: 0.2455014	total: 27.8s	remaining: 1m 21s
127:	learn: 0.2444540	total: 28s	remaining: 1m 21s
128:	learn: 0.2434016	total: 28.2s	remaining: 1m 21s
129:	learn: 0.2422999	total: 28.4s	remaining: 1m 20s
130:	learn: 0.2412646	total: 28.6s	remaining: 1m 20s
131:	learn: 0.2402248	total: 28.8s	remaining: 1m 20s
132:	learn: 0.2391615	total: 29.1s	remaining: 1m 20s
133:	learn: 0.2381158	total: 29.3s	remaining: 1m 19s
134:	learn: 0.2371099	total: 29.5s	remaining: 1m 19s
135:	learn: 0.2361063	total: 29.7s	remaining: 1m 19s
136:	learn: 0.2350961	total: 29.9s	remaining: 1m 19s
137:	learn: 0.2340873	total: 30.1s	remaining: 1m 19s
138:	learn: 0.2330840	total: 30.4s	remaining: 1m 18s
139:	learn: 0.2320917	total: 30.6s	remaining: 1m 18s
140:	learn: 0.2310962	total: 30.8s	remaining: 1m 18s
141:	learn: 0.2301314	total: 31s	remaining: 1m 18s
142:	learn: 0.2291783	total: 31.2s	remaining: 1m 17s
143:	learn: 0.2282281	total: 31.4s	remaining: 1m 17s
144:	learn: 0.2272839	total: 31.6s	remaining: 1m 17s
145:	learn: 0.2263105	total: 31.8s	remaining: 1m 17s
146:	learn: 0.2253706	total: 32s	remaining: 1m 16s
147:	learn: 0.2244152	total: 32.2s	remaining: 1m 16s
148:	learn: 0.2234690	total: 32.5s	remaining: 1m 16s
149:	learn: 0.2225423	total: 32.7s	remaining: 1m 16s
150:	learn: 0.2216208	total: 32.9s	remaining: 1m 15s
151:	learn: 0.2207048	total: 33.1s	remaining: 1m 15s
152:	learn: 0.2198061	total: 33.3s	remaining: 1m 15s
153:	learn: 0.2189006	total: 33.5s	remaining: 1m 15s
154:	learn: 0.2180098	total: 33.7s	remaining: 1m 15s
155:	learn: 0.2171087	total: 33.9s	remaining: 1m 14s
156:	learn: 0.2162111	total: 34.1s	remaining: 1m 14s
157:	learn: 0.2153207	total: 34.3s	remaining: 1m 14s
158:	learn: 0.2144338	total: 34.5s	remaining: 1m 14s
159:	learn: 0.2135251	total: 34.7s	remaining: 1m 13s
160:	learn: 0.2126609	total: 35s	remaining: 1m 13s
161:	learn: 0.2118160	total: 35.2s	remaining: 1m 13s
162:	learn: 0.2109444	total: 35.4s	remaining: 1m 13s
163:	learn: 0.2100686	total: 35.6s	remaining: 1m 12s
164:	learn: 0.2092209	total: 35.8s	remaining: 1m 12s
165:	learn: 0.2083550	total: 36.1s	remaining: 1m 12s
166:	learn: 0.2075318	total: 36.3s	remaining: 1m 12s
167:	learn: 0.2066906	total: 36.5s	remaining: 1m 12s
168:	learn: 0.2058580	total: 36.7s	remaining: 1m 11s
169:	learn: 0.2050483	total: 36.9s	remaining: 1m 11s
170:	learn: 0.2042220	total: 37.2s	remaining: 1m 11s
171:	learn: 0.2033800	total: 37.4s	remaining: 1m 11s
172:	learn: 0.2025851	total: 37.6s	remaining: 1m 10s
173:	learn: 0.2017499	total: 37.8s	remaining: 1m 10s
174:	learn: 0.2009345	total: 38s	remaining: 1m 10s
175:	learn: 0.2001083	total: 38.2s	remaining: 1m 10s
176:	learn: 0.1993324	total: 38.4s	remaining: 1m 10s
177:	learn: 0.1985283	total: 38.6s	remaining: 1m 9s
178:	learn: 0.1977211	total: 38.9s	remaining: 1m 9s
179:	learn: 0.1969321	total: 39.1s	remaining: 1m 9s
180:	learn: 0.1961696	total: 39.3s	remaining: 1m 9s
181:	learn: 0.1953967	total: 39.5s	remaining: 1m 8s
182:	learn: 0.1946364	total: 39.7s	remaining: 1m 8s
183:	learn: 0.1938651	total: 39.9s	remaining: 1m 8s
184:	learn: 0.1930803	total: 40.1s	remaining: 1m 8s
185:	learn: 0.1923074	total: 40.3s	remaining: 1m 8s
186:	learn: 0.1915375	total: 40.5s	remaining: 1m 7s
187:	learn: 0.1907789	total: 40.8s	remaining: 1m 7s
188:	learn: 0.1900363	total: 41s	remaining: 1m 7s
189:	learn: 0.1892873	total: 41.2s	remaining: 1m 7s
190:	learn: 0.1885369	total: 41.4s	remaining: 1m 6s
191:	learn: 0.1877944	total: 41.6s	remaining: 1m 6s
192:	learn: 0.1870836	total: 41.8s	remaining: 1m 6s
193:	learn: 0.1863609	total: 42s	remaining: 1m 6s
194:	learn: 0.1856398	total: 42.2s	remaining: 1m 6s
195:	learn: 0.1849225	total: 42.4s	remaining: 1m 5s
196:	learn: 0.1842005	total: 42.6s	remaining: 1m 5s
197:	learn: 0.1834873	total: 42.8s	remaining: 1m 5s
198:	learn: 0.1827829	total: 43.1s	remaining: 1m 5s
199:	learn: 0.1820707	total: 43.3s	remaining: 1m 4s
200:	learn: 0.1813820	total: 43.5s	remaining: 1m 4s
201:	learn: 0.1806974	total: 43.7s	remaining: 1m 4s
202:	learn: 0.1800129	total: 43.9s	remaining: 1m 4s
203:	learn: 0.1793183	total: 44.1s	remaining: 1m 3s
204:	learn: 0.1786142	total: 44.3s	remaining: 1m 3s
205:	learn: 0.1779327	total: 44.5s	remaining: 1m 3s
206:	learn: 0.1772541	total: 44.7s	remaining: 1m 3s
207:	learn: 0.1765706	total: 44.9s	remaining: 1m 3s
208:	learn: 0.1758829	total: 45.1s	remaining: 1m 2s
209:	learn: 0.1752119	total: 45.4s	remaining: 1m 2s
210:	learn: 0.1745367	total: 45.6s	remaining: 1m 2s
211:	learn: 0.1738741	total: 45.8s	remaining: 1m 2s
212:	learn: 0.1732061	total: 46s	remaining: 1m 1s
213:	learn: 0.1725434	total: 46.2s	remaining: 1m 1s
214:	learn: 0.1718827	total: 46.4s	remaining: 1m 1s
215:	learn: 0.1712402	total: 46.6s	remaining: 1m 1s
216:	learn: 0.1706042	total: 46.9s	remaining: 1m 1s
217:	learn: 0.1699443	total: 47.1s	remaining: 1m
218:	learn: 0.1692949	total: 47.3s	remaining: 1m
219:	learn: 0.1686481	total: 47.5s	remaining: 1m
220:	learn: 0.1680073	total: 47.7s	remaining: 1m
221:	learn: 0.1673663	total: 47.9s	remaining: 60s
222:	learn: 0.1667294	total: 48.1s	remaining: 59.7s
223:	learn: 0.1660960	total: 48.3s	remaining: 59.5s
224:	learn: 0.1654613	total: 48.5s	remaining: 59.3s
225:	learn: 0.1648417	total: 48.7s	remaining: 59.1s
226:	learn: 0.1642154	total: 48.9s	remaining: 58.9s
227:	learn: 0.1635934	total: 49.1s	remaining: 58.6s
228:	learn: 0.1629745	total: 49.3s	remaining: 58.4s
229:	learn: 0.1623636	total: 49.6s	remaining: 58.2s
230:	learn: 0.1617557	total: 49.8s	remaining: 58s
231:	learn: 0.1611531	total: 50s	remaining: 57.8s
232:	learn: 0.1605575	total: 50.2s	remaining: 57.6s
233:	learn: 0.1599542	total: 50.4s	remaining: 57.3s
234:	learn: 0.1593524	total: 50.6s	remaining: 57.1s
235:	learn: 0.1587526	total: 50.8s	remaining: 56.9s
236:	learn: 0.1581488	total: 51s	remaining: 56.6s
237:	learn: 0.1575538	total: 51.2s	remaining: 56.4s
238:	learn: 0.1569662	total: 51.4s	remaining: 56.2s
239:	learn: 0.1563795	total: 51.7s	remaining: 56s
240:	learn: 0.1557970	total: 51.9s	remaining: 55.7s
241:	learn: 0.1552063	total: 52.1s	remaining: 55.5s
242:	learn: 0.1546265	total: 52.3s	remaining: 55.3s
243:	learn: 0.1540491	total: 52.5s	remaining: 55.1s
244:	learn: 0.1534638	total: 52.7s	remaining: 54.8s
245:	learn: 0.1528932	total: 53s	remaining: 54.7s
246:	learn: 0.1523267	total: 53.2s	remaining: 54.5s
247:	learn: 0.1517567	total: 53.4s	remaining: 54.2s
248:	learn: 0.1512076	total: 53.7s	remaining: 54.1s
249:	learn: 0.1506374	total: 53.9s	remaining: 53.9s
250:	learn: 0.1500739	total: 54.1s	remaining: 53.6s
251:	learn: 0.1495074	total: 54.3s	remaining: 53.4s
252:	learn: 0.1489388	total: 54.5s	remaining: 53.2s
253:	learn: 0.1483925	total: 54.7s	remaining: 53s
254:	learn: 0.1478379	total: 54.9s	remaining: 52.7s
255:	learn: 0.1472667	total: 55.1s	remaining: 52.5s
256:	learn: 0.1467227	total: 55.3s	remaining: 52.3s
257:	learn: 0.1461763	total: 55.5s	remaining: 52.1s
258:	learn: 0.1456246	total: 55.7s	remaining: 51.9s
259:	learn: 0.1450742	total: 55.9s	remaining: 51.6s
260:	learn: 0.1445283	total: 56.1s	remaining: 51.4s
261:	learn: 0.1439926	total: 56.3s	remaining: 51.2s
262:	learn: 0.1434573	total: 56.6s	remaining: 51s
263:	learn: 0.1429303	total: 56.8s	remaining: 50.7s
264:	learn: 0.1423955	total: 57s	remaining: 50.5s
265:	learn: 0.1418714	total: 57.2s	remaining: 50.3s
266:	learn: 0.1413503	total: 57.4s	remaining: 50.1s
267:	learn: 0.1408241	total: 57.6s	remaining: 49.9s
268:	learn: 0.1403126	total: 57.8s	remaining: 49.6s
269:	learn: 0.1397948	total: 58s	remaining: 49.4s
270:	learn: 0.1392737	total: 58.2s	remaining: 49.2s
271:	learn: 0.1387595	total: 58.4s	remaining: 49s
272:	learn: 0.1382336	total: 58.6s	remaining: 48.8s
273:	learn: 0.1377376	total: 58.9s	remaining: 48.6s
274:	learn: 0.1372242	total: 59.1s	remaining: 48.4s
275:	learn: 0.1367242	total: 59.3s	remaining: 48.1s
276:	learn: 0.1362118	total: 59.5s	remaining: 47.9s
277:	learn: 0.1357091	total: 59.7s	remaining: 47.7s
278:	learn: 0.1352048	total: 59.9s	remaining: 47.5s
279:	learn: 0.1347024	total: 1m	remaining: 47.2s
280:	learn: 0.1342081	total: 1m	remaining: 47s
281:	learn: 0.1337171	total: 1m	remaining: 46.8s
282:	learn: 0.1332311	total: 1m	remaining: 46.6s
283:	learn: 0.1327468	total: 1m	remaining: 46.4s
284:	learn: 0.1322601	total: 1m 1s	remaining: 46.1s
285:	learn: 0.1317790	total: 1m 1s	remaining: 45.9s
286:	learn: 0.1313027	total: 1m 1s	remaining: 45.7s
287:	learn: 0.1308249	total: 1m 1s	remaining: 45.5s
288:	learn: 0.1303424	total: 1m 1s	remaining: 45.2s
289:	learn: 0.1298662	total: 1m 2s	remaining: 45s
290:	learn: 0.1293917	total: 1m 2s	remaining: 44.8s
291:	learn: 0.1289176	total: 1m 2s	remaining: 44.6s
292:	learn: 0.1284468	total: 1m 2s	remaining: 44.4s
293:	learn: 0.1279738	total: 1m 2s	remaining: 44.1s
294:	learn: 0.1275034	total: 1m 3s	remaining: 43.9s
295:	learn: 0.1270403	total: 1m 3s	remaining: 43.7s
296:	learn: 0.1265778	total: 1m 3s	remaining: 43.5s
297:	learn: 0.1261105	total: 1m 3s	remaining: 43.3s
298:	learn: 0.1256455	total: 1m 4s	remaining: 43s
299:	learn: 0.1251857	total: 1m 4s	remaining: 42.8s
300:	learn: 0.1247406	total: 1m 4s	remaining: 42.6s
301:	learn: 0.1242839	total: 1m 4s	remaining: 42.4s
302:	learn: 0.1238250	total: 1m 4s	remaining: 42.2s
303:	learn: 0.1233704	total: 1m 5s	remaining: 42s
304:	learn: 0.1229195	total: 1m 5s	remaining: 41.8s
305:	learn: 0.1224760	total: 1m 5s	remaining: 41.5s
306:	learn: 0.1220276	total: 1m 5s	remaining: 41.3s
307:	learn: 0.1215867	total: 1m 5s	remaining: 41.1s
308:	learn: 0.1211448	total: 1m 6s	remaining: 40.9s
309:	learn: 0.1207047	total: 1m 6s	remaining: 40.7s
310:	learn: 0.1202628	total: 1m 6s	remaining: 40.4s
311:	learn: 0.1198260	total: 1m 6s	remaining: 40.2s
312:	learn: 0.1193911	total: 1m 6s	remaining: 40s
313:	learn: 0.1189559	total: 1m 7s	remaining: 39.8s
314:	learn: 0.1185204	total: 1m 7s	remaining: 39.6s
315:	learn: 0.1180956	total: 1m 7s	remaining: 39.3s
316:	learn: 0.1176686	total: 1m 7s	remaining: 39.1s
317:	learn: 0.1172423	total: 1m 7s	remaining: 38.9s
318:	learn: 0.1168167	total: 1m 8s	remaining: 38.7s
319:	learn: 0.1163985	total: 1m 8s	remaining: 38.5s
320:	learn: 0.1159712	total: 1m 8s	remaining: 38.2s
321:	learn: 0.1155535	total: 1m 8s	remaining: 38s
322:	learn: 0.1151407	total: 1m 8s	remaining: 37.8s
323:	learn: 0.1147271	total: 1m 9s	remaining: 37.6s
324:	learn: 0.1143061	total: 1m 9s	remaining: 37.4s
325:	learn: 0.1138906	total: 1m 9s	remaining: 37.2s
326:	learn: 0.1134781	total: 1m 9s	remaining: 36.9s
327:	learn: 0.1130761	total: 1m 10s	remaining: 36.7s
328:	learn: 0.1126673	total: 1m 10s	remaining: 36.5s
329:	learn: 0.1122659	total: 1m 10s	remaining: 36.3s
330:	learn: 0.1118641	total: 1m 10s	remaining: 36.1s
331:	learn: 0.1114688	total: 1m 10s	remaining: 35.8s
332:	learn: 0.1110650	total: 1m 11s	remaining: 35.6s
333:	learn: 0.1106647	total: 1m 11s	remaining: 35.4s
334:	learn: 0.1102704	total: 1m 11s	remaining: 35.2s
335:	learn: 0.1098747	total: 1m 11s	remaining: 35s
336:	learn: 0.1094816	total: 1m 11s	remaining: 34.7s
337:	learn: 0.1090849	total: 1m 12s	remaining: 34.5s
338:	learn: 0.1086884	total: 1m 12s	remaining: 34.3s
339:	learn: 0.1082892	total: 1m 12s	remaining: 34.1s
340:	learn: 0.1079001	total: 1m 12s	remaining: 33.9s
341:	learn: 0.1075090	total: 1m 12s	remaining: 33.7s
342:	learn: 0.1071177	total: 1m 13s	remaining: 33.5s
343:	learn: 0.1067388	total: 1m 13s	remaining: 33.2s
344:	learn: 0.1063500	total: 1m 13s	remaining: 33s
345:	learn: 0.1059713	total: 1m 13s	remaining: 32.8s
346:	learn: 0.1055988	total: 1m 13s	remaining: 32.6s
347:	learn: 0.1052179	total: 1m 14s	remaining: 32.4s
348:	learn: 0.1048428	total: 1m 14s	remaining: 32.2s
349:	learn: 0.1044657	total: 1m 14s	remaining: 32s
350:	learn: 0.1040864	total: 1m 14s	remaining: 31.8s
351:	learn: 0.1037192	total: 1m 15s	remaining: 31.6s
352:	learn: 0.1033546	total: 1m 15s	remaining: 31.3s
353:	learn: 0.1029811	total: 1m 15s	remaining: 31.1s
354:	learn: 0.1026156	total: 1m 15s	remaining: 30.9s
355:	learn: 0.1022523	total: 1m 15s	remaining: 30.7s
356:	learn: 0.1018807	total: 1m 16s	remaining: 30.5s
357:	learn: 0.1015162	total: 1m 16s	remaining: 30.2s
358:	learn: 0.1011530	total: 1m 16s	remaining: 30s
359:	learn: 0.1007879	total: 1m 16s	remaining: 29.8s
360:	learn: 0.1004244	total: 1m 16s	remaining: 29.6s
361:	learn: 0.1000695	total: 1m 17s	remaining: 29.4s
362:	learn: 0.0997122	total: 1m 17s	remaining: 29.2s
363:	learn: 0.0993610	total: 1m 17s	remaining: 28.9s
364:	learn: 0.0990039	total: 1m 17s	remaining: 28.7s
365:	learn: 0.0986471	total: 1m 17s	remaining: 28.5s
366:	learn: 0.0982969	total: 1m 18s	remaining: 28.3s
367:	learn: 0.0979519	total: 1m 18s	remaining: 28.1s
368:	learn: 0.0976036	total: 1m 18s	remaining: 27.9s
369:	learn: 0.0972563	total: 1m 18s	remaining: 27.6s
370:	learn: 0.0969174	total: 1m 18s	remaining: 27.4s
371:	learn: 0.0965722	total: 1m 19s	remaining: 27.2s
372:	learn: 0.0962353	total: 1m 19s	remaining: 27s
373:	learn: 0.0958939	total: 1m 19s	remaining: 26.8s
374:	learn: 0.0955573	total: 1m 19s	remaining: 26.6s
375:	learn: 0.0952209	total: 1m 19s	remaining: 26.4s
376:	learn: 0.0948900	total: 1m 20s	remaining: 26.1s
377:	learn: 0.0945539	total: 1m 20s	remaining: 25.9s
378:	learn: 0.0942189	total: 1m 20s	remaining: 25.7s
379:	learn: 0.0938825	total: 1m 20s	remaining: 25.5s
380:	learn: 0.0935498	total: 1m 20s	remaining: 25.3s
381:	learn: 0.0932175	total: 1m 21s	remaining: 25.1s
382:	learn: 0.0928900	total: 1m 21s	remaining: 24.9s
383:	learn: 0.0925595	total: 1m 21s	remaining: 24.6s
384:	learn: 0.0922310	total: 1m 21s	remaining: 24.4s
385:	learn: 0.0918976	total: 1m 21s	remaining: 24.2s
386:	learn: 0.0915711	total: 1m 22s	remaining: 24s
387:	learn: 0.0912533	total: 1m 22s	remaining: 23.8s
388:	learn: 0.0909268	total: 1m 22s	remaining: 23.6s
389:	learn: 0.0906052	total: 1m 22s	remaining: 23.4s
390:	learn: 0.0902921	total: 1m 23s	remaining: 23.1s
391:	learn: 0.0899699	total: 1m 23s	remaining: 22.9s
392:	learn: 0.0896516	total: 1m 23s	remaining: 22.7s
393:	learn: 0.0893414	total: 1m 23s	remaining: 22.5s
394:	learn: 0.0890303	total: 1m 23s	remaining: 22.3s
395:	learn: 0.0887156	total: 1m 24s	remaining: 22.1s
396:	learn: 0.0884060	total: 1m 24s	remaining: 21.9s
397:	learn: 0.0880975	total: 1m 24s	remaining: 21.6s
398:	learn: 0.0877893	total: 1m 24s	remaining: 21.4s
399:	learn: 0.0874844	total: 1m 24s	remaining: 21.2s
400:	learn: 0.0871833	total: 1m 25s	remaining: 21s
401:	learn: 0.0868720	total: 1m 25s	remaining: 20.8s
402:	learn: 0.0865720	total: 1m 25s	remaining: 20.6s
403:	learn: 0.0862723	total: 1m 25s	remaining: 20.4s
404:	learn: 0.0859657	total: 1m 25s	remaining: 20.1s
405:	learn: 0.0856637	total: 1m 26s	remaining: 19.9s
406:	learn: 0.0853632	total: 1m 26s	remaining: 19.7s
407:	learn: 0.0850606	total: 1m 26s	remaining: 19.5s
408:	learn: 0.0847588	total: 1m 26s	remaining: 19.3s
409:	learn: 0.0844632	total: 1m 26s	remaining: 19.1s
410:	learn: 0.0841659	total: 1m 27s	remaining: 18.9s
411:	learn: 0.0838712	total: 1m 27s	remaining: 18.6s
412:	learn: 0.0835826	total: 1m 27s	remaining: 18.4s
413:	learn: 0.0832896	total: 1m 27s	remaining: 18.2s
414:	learn: 0.0830032	total: 1m 27s	remaining: 18s
415:	learn: 0.0827102	total: 1m 28s	remaining: 17.8s
416:	learn: 0.0824233	total: 1m 28s	remaining: 17.6s
417:	learn: 0.0821297	total: 1m 28s	remaining: 17.4s
418:	learn: 0.0818462	total: 1m 28s	remaining: 17.2s
419:	learn: 0.0815672	total: 1m 28s	remaining: 16.9s
420:	learn: 0.0812828	total: 1m 29s	remaining: 16.7s
421:	learn: 0.0809991	total: 1m 29s	remaining: 16.5s
422:	learn: 0.0807134	total: 1m 29s	remaining: 16.3s
423:	learn: 0.0804329	total: 1m 29s	remaining: 16.1s
424:	learn: 0.0801494	total: 1m 30s	remaining: 15.9s
425:	learn: 0.0798701	total: 1m 30s	remaining: 15.7s
426:	learn: 0.0795907	total: 1m 30s	remaining: 15.5s
427:	learn: 0.0793187	total: 1m 30s	remaining: 15.3s
428:	learn: 0.0790415	total: 1m 30s	remaining: 15s
429:	learn: 0.0787684	total: 1m 31s	remaining: 14.8s
430:	learn: 0.0784993	total: 1m 31s	remaining: 14.6s
431:	learn: 0.0782263	total: 1m 31s	remaining: 14.4s
432:	learn: 0.0779477	total: 1m 31s	remaining: 14.2s
433:	learn: 0.0776797	total: 1m 31s	remaining: 14s
434:	learn: 0.0774164	total: 1m 32s	remaining: 13.8s
435:	learn: 0.0771492	total: 1m 32s	remaining: 13.5s
436:	learn: 0.0768827	total: 1m 32s	remaining: 13.3s
437:	learn: 0.0766215	total: 1m 32s	remaining: 13.1s
438:	learn: 0.0763572	total: 1m 32s	remaining: 12.9s
439:	learn: 0.0760895	total: 1m 33s	remaining: 12.7s
440:	learn: 0.0758289	total: 1m 33s	remaining: 12.5s
441:	learn: 0.0755662	total: 1m 33s	remaining: 12.3s
442:	learn: 0.0753106	total: 1m 33s	remaining: 12.1s
443:	learn: 0.0750496	total: 1m 33s	remaining: 11.8s
444:	learn: 0.0747886	total: 1m 34s	remaining: 11.6s
445:	learn: 0.0745273	total: 1m 34s	remaining: 11.4s
446:	learn: 0.0742708	total: 1m 34s	remaining: 11.2s
447:	learn: 0.0740128	total: 1m 34s	remaining: 11s
448:	learn: 0.0737557	total: 1m 34s	remaining: 10.8s
449:	learn: 0.0735002	total: 1m 35s	remaining: 10.6s
450:	learn: 0.0732469	total: 1m 35s	remaining: 10.4s
451:	learn: 0.0729964	total: 1m 35s	remaining: 10.2s
452:	learn: 0.0727440	total: 1m 35s	remaining: 9.94s
453:	learn: 0.0724952	total: 1m 35s	remaining: 9.72s
454:	learn: 0.0722486	total: 1m 36s	remaining: 9.51s
455:	learn: 0.0720009	total: 1m 36s	remaining: 9.3s
456:	learn: 0.0717487	total: 1m 36s	remaining: 9.09s
457:	learn: 0.0715017	total: 1m 36s	remaining: 8.88s
458:	learn: 0.0712573	total: 1m 37s	remaining: 8.66s
459:	learn: 0.0710122	total: 1m 37s	remaining: 8.45s
460:	learn: 0.0707709	total: 1m 37s	remaining: 8.24s
461:	learn: 0.0705329	total: 1m 37s	remaining: 8.03s
462:	learn: 0.0702893	total: 1m 37s	remaining: 7.82s
463:	learn: 0.0700444	total: 1m 38s	remaining: 7.61s
464:	learn: 0.0698061	total: 1m 38s	remaining: 7.39s
465:	learn: 0.0695645	total: 1m 38s	remaining: 7.18s
466:	learn: 0.0693268	total: 1m 38s	remaining: 6.97s
467:	learn: 0.0690895	total: 1m 38s	remaining: 6.76s
468:	learn: 0.0688524	total: 1m 39s	remaining: 6.55s
469:	learn: 0.0686112	total: 1m 39s	remaining: 6.33s
470:	learn: 0.0683734	total: 1m 39s	remaining: 6.12s
471:	learn: 0.0681376	total: 1m 39s	remaining: 5.91s
472:	learn: 0.0678996	total: 1m 39s	remaining: 5.7s
473:	learn: 0.0676690	total: 1m 40s	remaining: 5.49s
474:	learn: 0.0674409	total: 1m 40s	remaining: 5.28s
475:	learn: 0.0672138	total: 1m 40s	remaining: 5.07s
476:	learn: 0.0669828	total: 1m 40s	remaining: 4.85s
477:	learn: 0.0667576	total: 1m 40s	remaining: 4.64s
478:	learn: 0.0665280	total: 1m 41s	remaining: 4.43s
479:	learn: 0.0663007	total: 1m 41s	remaining: 4.22s
480:	learn: 0.0660690	total: 1m 41s	remaining: 4.01s
481:	learn: 0.0658432	total: 1m 41s	remaining: 3.8s
482:	learn: 0.0656171	total: 1m 41s	remaining: 3.59s
483:	learn: 0.0653932	total: 1m 42s	remaining: 3.38s
484:	learn: 0.0651713	total: 1m 42s	remaining: 3.17s
485:	learn: 0.0649469	total: 1m 42s	remaining: 2.95s
486:	learn: 0.0647249	total: 1m 42s	remaining: 2.74s
487:	learn: 0.0645062	total: 1m 42s	remaining: 2.53s
488:	learn: 0.0642907	total: 1m 43s	remaining: 2.32s
489:	learn: 0.0640708	total: 1m 43s	remaining: 2.11s
490:	learn: 0.0638538	total: 1m 43s	remaining: 1.9s
491:	learn: 0.0636356	total: 1m 43s	remaining: 1.69s
492:	learn: 0.0634159	total: 1m 43s	remaining: 1.48s
493:	learn: 0.0631987	total: 1m 44s	remaining: 1.26s
494:	learn: 0.0629823	total: 1m 44s	remaining: 1.05s
495:	learn: 0.0627679	total: 1m 44s	remaining: 843ms
496:	learn: 0.0625549	total: 1m 44s	remaining: 633ms
497:	learn: 0.0623470	total: 1m 44s	remaining: 422ms
498:	learn: 0.0621362	total: 1m 45s	remaining: 211ms
499:	learn: 0.0619293	total: 1m 45s	remaining: 0us
Skipping test eval output
2.23164217 min passed
