[LightGBM] [Warning] learning_rate is set=0.015, learning_rate=0.1 will be ignored. Current value: learning_rate=0.015
[LightGBM] [Warning] num_threads is set=24, num_threads=16 will be ignored. Current value: num_threads=24
[LightGBM] [Warning] num_leaves is set=45, num_leaves=255 will be ignored. Current value: num_leaves=45
[LightGBM] [Warning] device_type is set=cuda, device_type=cpu will be ignored. Current value: device_type=cuda
[LightGBM] [Warning] use_discretized_grad is set=false, use_discretized_grad=true will be ignored. Current value: use_discretized_grad=false
[LightGBM] [Warning] discretized_grad_renew is set=false, discretized_grad_renew=true will be ignored. Current value: discretized_grad_renew=false
[LightGBM] [Warning] force_row_wise is set=false, force_row_wise=true will be ignored. Current value: force_row_wise=false
[LightGBM] [Info] Finished loading parameters
[LightGBM] [Debug] Loading train file...
[LightGBM] [Debug] Read 10.0 GBs from /home/shiyu/boosting_tree_benchmarks/data/bosch.train.
[LightGBM] [Debug] Read 20.0 GBs from /home/shiyu/boosting_tree_benchmarks/data/bosch.train.
[LightGBM] [Warning] Using sparse features with CUDA is currently not supported.
[LightGBM] [Info] Construct bin mappers from text data time 31.12 seconds
[LightGBM] [Info] Finished loading data in 75.898338 seconds
[LightGBM] [Info] Number of positive: 5828, number of negative: 994172
[LightGBM] [Debug] Dataset::GetMultiBinFromAllFeatures: sparse rate 0.807647
[LightGBM] [Info] Total Bins 119616
[LightGBM] [Info] Number of data points in the train set: 1000000, number of used features: 968
[LightGBM] [Info] Finished initializing training
[LightGBM] [Info] Started training...
[LightGBM] [Warning] boost_from_score = -5.139236
[LightGBM] [Warning] adding init score = -5.139236
[LightGBM] [Info] Start training from score -5.139236
[LightGBM] [Debug] Trained a tree with leaves = 45
[LightGBM] [Info] 0.050805 seconds elapsed, finished iteration 1
[LightGBM] [Warning] No further splits with positive gain, training stopped with 43 leaves.
[LightGBM] [Debug] Trained a tree with leaves = 43
[LightGBM] [Info] 0.096052 seconds elapsed, finished iteration 2
[LightGBM] [Debug] Trained a tree with leaves = 45
[LightGBM] [Info] 0.142411 seconds elapsed, finished iteration 3
[LightGBM] [Debug] Trained a tree with leaves = 45
[LightGBM] [Info] 0.187583 seconds elapsed, finished iteration 4
[LightGBM] [Warning] No further splits with positive gain, training stopped with 44 leaves.
[LightGBM] [Debug] Trained a tree with leaves = 44
[LightGBM] [Info] 0.234268 seconds elapsed, finished iteration 5
[LightGBM] [Debug] Trained a tree with leaves = 45
[LightGBM] [Info] 0.279222 seconds elapsed, finished iteration 6
[LightGBM] [Debug] Trained a tree with leaves = 45
[LightGBM] [Info] 0.324474 seconds elapsed, finished iteration 7
[LightGBM] [Debug] Trained a tree with leaves = 45
[LightGBM] [Info] 0.370175 seconds elapsed, finished iteration 8
[LightGBM] [Debug] Trained a tree with leaves = 45
[LightGBM] [Info] 0.415103 seconds elapsed, finished iteration 9
[LightGBM] [Debug] Trained a tree with leaves = 45
[LightGBM] [Info] 0.460502 seconds elapsed, finished iteration 10
[LightGBM] [Warning] No further splits with positive gain, training stopped with 44 leaves.
[LightGBM] [Debug] Trained a tree with leaves = 44
[LightGBM] [Info] 0.505827 seconds elapsed, finished iteration 11
[LightGBM] [Warning] No further splits with positive gain, training stopped with 44 leaves.
[LightGBM] [Debug] Trained a tree with leaves = 44
[LightGBM] [Info] 0.550496 seconds elapsed, finished iteration 12
[LightGBM] [Debug] Trained a tree with leaves = 45
[LightGBM] [Info] 0.594726 seconds elapsed, finished iteration 13
[LightGBM] [Debug] Trained a tree with leaves = 45
[LightGBM] [Info] 0.639477 seconds elapsed, finished iteration 14
[LightGBM] [Debug] Trained a tree with leaves = 45
[LightGBM] [Info] 0.685189 seconds elapsed, finished iteration 15
[LightGBM] [Warning] No further splits with positive gain, training stopped with 44 leaves.
[LightGBM] [Debug] Trained a tree with leaves = 44
[LightGBM] [Info] 0.730929 seconds elapsed, finished iteration 16
[LightGBM] [Debug] Trained a tree with leaves = 45
[LightGBM] [Info] 0.776032 seconds elapsed, finished iteration 17
[LightGBM] [Debug] Trained a tree with leaves = 45
[LightGBM] [Info] 0.820869 seconds elapsed, finished iteration 18
[LightGBM] [Warning] No further splits with positive gain, training stopped with 44 leaves.
[LightGBM] [Debug] Trained a tree with leaves = 44
[LightGBM] [Info] 0.865561 seconds elapsed, finished iteration 19
[LightGBM] [Warning] No further splits with positive gain, training stopped with 44 leaves.
[LightGBM] [Debug] Trained a tree with leaves = 44
[LightGBM] [Info] 0.912750 seconds elapsed, finished iteration 20
[LightGBM] [Debug] Trained a tree with leaves = 45
[LightGBM] [Info] 0.956293 seconds elapsed, finished iteration 21
[LightGBM] [Warning] No further splits with positive gain, training stopped with 44 leaves.
[LightGBM] [Debug] Trained a tree with leaves = 44
[LightGBM] [Info] 1.002143 seconds elapsed, finished iteration 22
[LightGBM] [Warning] No further splits with positive gain, training stopped with 44 leaves.
[LightGBM] [Debug] Trained a tree with leaves = 44
[LightGBM] [Info] 1.044988 seconds elapsed, finished iteration 23
[LightGBM] [Warning] No further splits with positive gain, training stopped with 44 leaves.
[LightGBM] [Debug] Trained a tree with leaves = 44
[LightGBM] [Info] 1.087762 seconds elapsed, finished iteration 24
[LightGBM] [Debug] Trained a tree with leaves = 45
[LightGBM] [Info] 1.135024 seconds elapsed, finished iteration 25
[LightGBM] [Warning] No further splits with positive gain, training stopped with 43 leaves.
[LightGBM] [Debug] Trained a tree with leaves = 43
[LightGBM] [Info] 1.180250 seconds elapsed, finished iteration 26
[LightGBM] [Warning] No further splits with positive gain, training stopped with 43 leaves.
[LightGBM] [Debug] Trained a tree with leaves = 43
[LightGBM] [Info] 1.225469 seconds elapsed, finished iteration 27
[LightGBM] [Debug] Trained a tree with leaves = 45
[LightGBM] [Info] 1.270499 seconds elapsed, finished iteration 28
[LightGBM] [Warning] No further splits with positive gain, training stopped with 43 leaves.
[LightGBM] [Debug] Trained a tree with leaves = 43
[LightGBM] [Info] 1.317104 seconds elapsed, finished iteration 29
[LightGBM] [Debug] Trained a tree with leaves = 45
[LightGBM] [Info] 1.360638 seconds elapsed, finished iteration 30
[LightGBM] [Debug] Trained a tree with leaves = 45
[LightGBM] [Info] 1.405727 seconds elapsed, finished iteration 31
[LightGBM] [Warning] No further splits with positive gain, training stopped with 44 leaves.
[LightGBM] [Debug] Trained a tree with leaves = 44
[LightGBM] [Info] 1.452465 seconds elapsed, finished iteration 32
[LightGBM] [Warning] No further splits with positive gain, training stopped with 43 leaves.
[LightGBM] [Debug] Trained a tree with leaves = 43
[LightGBM] [Info] 1.497623 seconds elapsed, finished iteration 33
[LightGBM] [Debug] Trained a tree with leaves = 45
[LightGBM] [Info] 1.551340 seconds elapsed, finished iteration 34
[LightGBM] [Debug] Trained a tree with leaves = 45
[LightGBM] [Info] 1.597485 seconds elapsed, finished iteration 35
[LightGBM] [Warning] No further splits with positive gain, training stopped with 44 leaves.
[LightGBM] [Debug] Trained a tree with leaves = 44
[LightGBM] [Info] 1.643669 seconds elapsed, finished iteration 36
[LightGBM] [Debug] Trained a tree with leaves = 45
[LightGBM] [Info] 1.689088 seconds elapsed, finished iteration 37
[LightGBM] [Warning] No further splits with positive gain, training stopped with 44 leaves.
[LightGBM] [Debug] Trained a tree with leaves = 44
[LightGBM] [Info] 1.733823 seconds elapsed, finished iteration 38
[LightGBM] [Debug] Trained a tree with leaves = 45
[LightGBM] [Info] 1.778862 seconds elapsed, finished iteration 39
[LightGBM] [Debug] Trained a tree with leaves = 45
[LightGBM] [Info] 1.823626 seconds elapsed, finished iteration 40
[LightGBM] [Debug] Trained a tree with leaves = 45
[LightGBM] [Info] 1.868733 seconds elapsed, finished iteration 41
[LightGBM] [Debug] Trained a tree with leaves = 45
[LightGBM] [Info] 1.915149 seconds elapsed, finished iteration 42
[LightGBM] [Debug] Trained a tree with leaves = 45
[LightGBM] [Info] 1.958670 seconds elapsed, finished iteration 43
[LightGBM] [Debug] Trained a tree with leaves = 45
[LightGBM] [Info] 2.002123 seconds elapsed, finished iteration 44
[LightGBM] [Debug] Trained a tree with leaves = 45
[LightGBM] [Info] 2.046602 seconds elapsed, finished iteration 45
[LightGBM] [Debug] Trained a tree with leaves = 45
[LightGBM] [Info] 2.091037 seconds elapsed, finished iteration 46
[LightGBM] [Debug] Trained a tree with leaves = 45
[LightGBM] [Info] 2.135471 seconds elapsed, finished iteration 47
[LightGBM] [Warning] No further splits with positive gain, training stopped with 44 leaves.
[LightGBM] [Debug] Trained a tree with leaves = 44
[LightGBM] [Info] 2.178517 seconds elapsed, finished iteration 48
[LightGBM] [Warning] No further splits with positive gain, training stopped with 44 leaves.
[LightGBM] [Debug] Trained a tree with leaves = 44
[LightGBM] [Info] 2.223223 seconds elapsed, finished iteration 49
[LightGBM] [Warning] No further splits with positive gain, training stopped with 42 leaves.
[LightGBM] [Debug] Trained a tree with leaves = 42
[LightGBM] [Info] 2.267053 seconds elapsed, finished iteration 50
[LightGBM] [Debug] Trained a tree with leaves = 45
[LightGBM] [Info] 2.307489 seconds elapsed, finished iteration 51
[LightGBM] [Debug] Trained a tree with leaves = 45
[LightGBM] [Info] 2.349049 seconds elapsed, finished iteration 52
[LightGBM] [Debug] Trained a tree with leaves = 45
[LightGBM] [Info] 2.392584 seconds elapsed, finished iteration 53
[LightGBM] [Debug] Trained a tree with leaves = 45
[LightGBM] [Info] 2.438435 seconds elapsed, finished iteration 54
[LightGBM] [Warning] No further splits with positive gain, training stopped with 42 leaves.
[LightGBM] [Debug] Trained a tree with leaves = 42
[LightGBM] [Info] 2.480132 seconds elapsed, finished iteration 55
[LightGBM] [Debug] Trained a tree with leaves = 45
[LightGBM] [Info] 2.521137 seconds elapsed, finished iteration 56
[LightGBM] [Debug] Trained a tree with leaves = 45
[LightGBM] [Info] 2.562057 seconds elapsed, finished iteration 57
[LightGBM] [Debug] Trained a tree with leaves = 45
[LightGBM] [Info] 2.606158 seconds elapsed, finished iteration 58
[LightGBM] [Debug] Trained a tree with leaves = 45
[LightGBM] [Info] 2.653130 seconds elapsed, finished iteration 59
[LightGBM] [Debug] Trained a tree with leaves = 45
[LightGBM] [Info] 2.693884 seconds elapsed, finished iteration 60
[LightGBM] [Warning] No further splits with positive gain, training stopped with 44 leaves.
[LightGBM] [Debug] Trained a tree with leaves = 44
[LightGBM] [Info] 2.738122 seconds elapsed, finished iteration 61
[LightGBM] [Debug] Trained a tree with leaves = 45
[LightGBM] [Info] 2.780088 seconds elapsed, finished iteration 62
[LightGBM] [Warning] No further splits with positive gain, training stopped with 44 leaves.
[LightGBM] [Debug] Trained a tree with leaves = 44
[LightGBM] [Info] 2.823892 seconds elapsed, finished iteration 63
[LightGBM] [Debug] Trained a tree with leaves = 45
[LightGBM] [Info] 2.865115 seconds elapsed, finished iteration 64
[LightGBM] [Debug] Trained a tree with leaves = 45
[LightGBM] [Info] 2.909879 seconds elapsed, finished iteration 65
[LightGBM] [Warning] No further splits with positive gain, training stopped with 44 leaves.
[LightGBM] [Debug] Trained a tree with leaves = 44
[LightGBM] [Info] 2.954729 seconds elapsed, finished iteration 66
[LightGBM] [Debug] Trained a tree with leaves = 45
[LightGBM] [Info] 2.999146 seconds elapsed, finished iteration 67
[LightGBM] [Debug] Trained a tree with leaves = 45
[LightGBM] [Info] 3.043923 seconds elapsed, finished iteration 68
[LightGBM] [Debug] Trained a tree with leaves = 45
[LightGBM] [Info] 3.086439 seconds elapsed, finished iteration 69
[LightGBM] [Debug] Trained a tree with leaves = 45
[LightGBM] [Info] 3.130193 seconds elapsed, finished iteration 70
[LightGBM] [Warning] No further splits with positive gain, training stopped with 44 leaves.
[LightGBM] [Debug] Trained a tree with leaves = 44
[LightGBM] [Info] 3.171305 seconds elapsed, finished iteration 71
[LightGBM] [Debug] Trained a tree with leaves = 45
[LightGBM] [Info] 3.213806 seconds elapsed, finished iteration 72
[LightGBM] [Warning] No further splits with positive gain, training stopped with 44 leaves.
[LightGBM] [Debug] Trained a tree with leaves = 44
[LightGBM] [Info] 3.258311 seconds elapsed, finished iteration 73
[LightGBM] [Debug] Trained a tree with leaves = 45
[LightGBM] [Info] 3.298780 seconds elapsed, finished iteration 74
[LightGBM] [Debug] Trained a tree with leaves = 45
[LightGBM] [Info] 3.340806 seconds elapsed, finished iteration 75
[LightGBM] [Debug] Trained a tree with leaves = 45
[LightGBM] [Info] 3.388684 seconds elapsed, finished iteration 76
[LightGBM] [Debug] Trained a tree with leaves = 45
[LightGBM] [Info] 3.430430 seconds elapsed, finished iteration 77
[LightGBM] [Debug] Trained a tree with leaves = 45
[LightGBM] [Info] 3.472508 seconds elapsed, finished iteration 78
[LightGBM] [Warning] No further splits with positive gain, training stopped with 43 leaves.
[LightGBM] [Debug] Trained a tree with leaves = 43
[LightGBM] [Info] 3.519085 seconds elapsed, finished iteration 79
[LightGBM] [Warning] No further splits with positive gain, training stopped with 43 leaves.
[LightGBM] [Debug] Trained a tree with leaves = 43
[LightGBM] [Info] 3.560959 seconds elapsed, finished iteration 80
[LightGBM] [Warning] No further splits with positive gain, training stopped with 44 leaves.
[LightGBM] [Debug] Trained a tree with leaves = 44
[LightGBM] [Info] 3.603017 seconds elapsed, finished iteration 81
[LightGBM] [Warning] No further splits with positive gain, training stopped with 43 leaves.
[LightGBM] [Debug] Trained a tree with leaves = 43
[LightGBM] [Info] 3.644373 seconds elapsed, finished iteration 82
[LightGBM] [Warning] No further splits with positive gain, training stopped with 42 leaves.
[LightGBM] [Debug] Trained a tree with leaves = 42
[LightGBM] [Info] 3.684208 seconds elapsed, finished iteration 83
[LightGBM] [Debug] Trained a tree with leaves = 45
[LightGBM] [Info] 3.732580 seconds elapsed, finished iteration 84
[LightGBM] [Debug] Trained a tree with leaves = 45
[LightGBM] [Info] 3.776582 seconds elapsed, finished iteration 85
[LightGBM] [Warning] No further splits with positive gain, training stopped with 44 leaves.
[LightGBM] [Debug] Trained a tree with leaves = 44
[LightGBM] [Info] 3.821372 seconds elapsed, finished iteration 86
[LightGBM] [Debug] Trained a tree with leaves = 45
[LightGBM] [Info] 3.862091 seconds elapsed, finished iteration 87
[LightGBM] [Warning] No further splits with positive gain, training stopped with 44 leaves.
[LightGBM] [Debug] Trained a tree with leaves = 44
[LightGBM] [Info] 3.904881 seconds elapsed, finished iteration 88
[LightGBM] [Warning] No further splits with positive gain, training stopped with 44 leaves.
[LightGBM] [Debug] Trained a tree with leaves = 44
[LightGBM] [Info] 3.951842 seconds elapsed, finished iteration 89
[LightGBM] [Debug] Trained a tree with leaves = 45
[LightGBM] [Info] 3.994205 seconds elapsed, finished iteration 90
[LightGBM] [Warning] No further splits with positive gain, training stopped with 43 leaves.
[LightGBM] [Debug] Trained a tree with leaves = 43
[LightGBM] [Info] 4.035448 seconds elapsed, finished iteration 91
[LightGBM] [Debug] Trained a tree with leaves = 45
[LightGBM] [Info] 4.079172 seconds elapsed, finished iteration 92
[LightGBM] [Debug] Trained a tree with leaves = 45
[LightGBM] [Info] 4.120413 seconds elapsed, finished iteration 93
[LightGBM] [Debug] Trained a tree with leaves = 45
[LightGBM] [Info] 4.162823 seconds elapsed, finished iteration 94
[LightGBM] [Debug] Trained a tree with leaves = 45
[LightGBM] [Info] 4.205481 seconds elapsed, finished iteration 95
[LightGBM] [Debug] Trained a tree with leaves = 45
[LightGBM] [Info] 4.246397 seconds elapsed, finished iteration 96
[LightGBM] [Warning] No further splits with positive gain, training stopped with 44 leaves.
[LightGBM] [Debug] Trained a tree with leaves = 44
[LightGBM] [Info] 4.290235 seconds elapsed, finished iteration 97
[LightGBM] [Warning] No further splits with positive gain, training stopped with 43 leaves.
[LightGBM] [Debug] Trained a tree with leaves = 43
[LightGBM] [Info] 4.334612 seconds elapsed, finished iteration 98
[LightGBM] [Debug] Trained a tree with leaves = 45
[LightGBM] [Info] 4.377343 seconds elapsed, finished iteration 99
[LightGBM] [Debug] Trained a tree with leaves = 45
[LightGBM] [Info] 4.420348 seconds elapsed, finished iteration 100
[LightGBM] [Warning] No further splits with positive gain, training stopped with 44 leaves.
[LightGBM] [Debug] Trained a tree with leaves = 44
[LightGBM] [Info] 4.461006 seconds elapsed, finished iteration 101
[LightGBM] [Warning] No further splits with positive gain, training stopped with 42 leaves.
[LightGBM] [Debug] Trained a tree with leaves = 42
[LightGBM] [Info] 4.502180 seconds elapsed, finished iteration 102
[LightGBM] [Warning] No further splits with positive gain, training stopped with 44 leaves.
[LightGBM] [Debug] Trained a tree with leaves = 44
[LightGBM] [Info] 4.545087 seconds elapsed, finished iteration 103
[LightGBM] [Debug] Trained a tree with leaves = 45
[LightGBM] [Info] 4.585175 seconds elapsed, finished iteration 104
[LightGBM] [Debug] Trained a tree with leaves = 45
[LightGBM] [Info] 4.627649 seconds elapsed, finished iteration 105
[LightGBM] [Warning] No further splits with positive gain, training stopped with 44 leaves.
[LightGBM] [Debug] Trained a tree with leaves = 44
[LightGBM] [Info] 4.669904 seconds elapsed, finished iteration 106
[LightGBM] [Debug] Trained a tree with leaves = 45
[LightGBM] [Info] 4.710851 seconds elapsed, finished iteration 107
[LightGBM] [Debug] Trained a tree with leaves = 45
[LightGBM] [Info] 4.753658 seconds elapsed, finished iteration 108
[LightGBM] [Warning] No further splits with positive gain, training stopped with 44 leaves.
[LightGBM] [Debug] Trained a tree with leaves = 44
[LightGBM] [Info] 4.793722 seconds elapsed, finished iteration 109
[LightGBM] [Warning] No further splits with positive gain, training stopped with 42 leaves.
[LightGBM] [Debug] Trained a tree with leaves = 42
[LightGBM] [Info] 4.836553 seconds elapsed, finished iteration 110
[LightGBM] [Warning] No further splits with positive gain, training stopped with 42 leaves.
[LightGBM] [Debug] Trained a tree with leaves = 42
[LightGBM] [Info] 4.877052 seconds elapsed, finished iteration 111
[LightGBM] [Warning] No further splits with positive gain, training stopped with 41 leaves.
[LightGBM] [Debug] Trained a tree with leaves = 41
[LightGBM] [Info] 4.920175 seconds elapsed, finished iteration 112
[LightGBM] [Debug] Trained a tree with leaves = 45
[LightGBM] [Info] 4.963950 seconds elapsed, finished iteration 113
[LightGBM] [Warning] No further splits with positive gain, training stopped with 44 leaves.
[LightGBM] [Debug] Trained a tree with leaves = 44
[LightGBM] [Info] 5.005230 seconds elapsed, finished iteration 114
[LightGBM] [Warning] No further splits with positive gain, training stopped with 42 leaves.
[LightGBM] [Debug] Trained a tree with leaves = 42
[LightGBM] [Info] 5.048535 seconds elapsed, finished iteration 115
[LightGBM] [Debug] Trained a tree with leaves = 45
[LightGBM] [Info] 5.089187 seconds elapsed, finished iteration 116
[LightGBM] [Debug] Trained a tree with leaves = 45
[LightGBM] [Info] 5.128957 seconds elapsed, finished iteration 117
[LightGBM] [Warning] No further splits with positive gain, training stopped with 44 leaves.
[LightGBM] [Debug] Trained a tree with leaves = 44
[LightGBM] [Info] 5.171453 seconds elapsed, finished iteration 118
[LightGBM] [Debug] Trained a tree with leaves = 45
[LightGBM] [Info] 5.212235 seconds elapsed, finished iteration 119
[LightGBM] [Debug] Trained a tree with leaves = 45
[LightGBM] [Info] 5.252957 seconds elapsed, finished iteration 120
[LightGBM] [Debug] Trained a tree with leaves = 45
[LightGBM] [Info] 5.293068 seconds elapsed, finished iteration 121
[LightGBM] [Debug] Trained a tree with leaves = 45
[LightGBM] [Info] 5.336780 seconds elapsed, finished iteration 122
[LightGBM] [Warning] No further splits with positive gain, training stopped with 43 leaves.
[LightGBM] [Debug] Trained a tree with leaves = 43
[LightGBM] [Info] 5.380394 seconds elapsed, finished iteration 123
[LightGBM] [Debug] Trained a tree with leaves = 45
[LightGBM] [Info] 5.420700 seconds elapsed, finished iteration 124
[LightGBM] [Debug] Trained a tree with leaves = 45
[LightGBM] [Info] 5.466973 seconds elapsed, finished iteration 125
[LightGBM] [Warning] No further splits with positive gain, training stopped with 43 leaves.
[LightGBM] [Debug] Trained a tree with leaves = 43
[LightGBM] [Info] 5.509546 seconds elapsed, finished iteration 126
[LightGBM] [Debug] Trained a tree with leaves = 45
[LightGBM] [Info] 5.550776 seconds elapsed, finished iteration 127
[LightGBM] [Warning] No further splits with positive gain, training stopped with 44 leaves.
[LightGBM] [Debug] Trained a tree with leaves = 44
[LightGBM] [Info] 5.598534 seconds elapsed, finished iteration 128
[LightGBM] [Debug] Trained a tree with leaves = 45
[LightGBM] [Info] 5.637780 seconds elapsed, finished iteration 129
[LightGBM] [Debug] Trained a tree with leaves = 45
[LightGBM] [Info] 5.679283 seconds elapsed, finished iteration 130
[LightGBM] [Warning] No further splits with positive gain, training stopped with 44 leaves.
[LightGBM] [Debug] Trained a tree with leaves = 44
[LightGBM] [Info] 5.718392 seconds elapsed, finished iteration 131
[LightGBM] [Debug] Trained a tree with leaves = 45
[LightGBM] [Info] 5.758139 seconds elapsed, finished iteration 132
[LightGBM] [Warning] No further splits with positive gain, training stopped with 44 leaves.
[LightGBM] [Debug] Trained a tree with leaves = 44
[LightGBM] [Info] 5.798249 seconds elapsed, finished iteration 133
[LightGBM] [Debug] Trained a tree with leaves = 45
[LightGBM] [Info] 5.836994 seconds elapsed, finished iteration 134
[LightGBM] [Warning] No further splits with positive gain, training stopped with 43 leaves.
[LightGBM] [Debug] Trained a tree with leaves = 43
[LightGBM] [Info] 5.878271 seconds elapsed, finished iteration 135
[LightGBM] [Debug] Trained a tree with leaves = 45
[LightGBM] [Info] 5.925583 seconds elapsed, finished iteration 136
[LightGBM] [Warning] No further splits with positive gain, training stopped with 43 leaves.
[LightGBM] [Debug] Trained a tree with leaves = 43
[LightGBM] [Info] 5.966562 seconds elapsed, finished iteration 137
[LightGBM] [Warning] No further splits with positive gain, training stopped with 44 leaves.
[LightGBM] [Debug] Trained a tree with leaves = 44
[LightGBM] [Info] 6.014387 seconds elapsed, finished iteration 138
[LightGBM] [Warning] No further splits with positive gain, training stopped with 43 leaves.
[LightGBM] [Debug] Trained a tree with leaves = 43
[LightGBM] [Info] 6.053410 seconds elapsed, finished iteration 139
[LightGBM] [Debug] Trained a tree with leaves = 45
[LightGBM] [Info] 6.095318 seconds elapsed, finished iteration 140
[LightGBM] [Debug] Trained a tree with leaves = 45
[LightGBM] [Info] 6.136692 seconds elapsed, finished iteration 141
[LightGBM] [Warning] No further splits with positive gain, training stopped with 43 leaves.
[LightGBM] [Debug] Trained a tree with leaves = 43
[LightGBM] [Info] 6.184865 seconds elapsed, finished iteration 142
[LightGBM] [Debug] Trained a tree with leaves = 45
[LightGBM] [Info] 6.225532 seconds elapsed, finished iteration 143
[LightGBM] [Debug] Trained a tree with leaves = 45
[LightGBM] [Info] 6.266144 seconds elapsed, finished iteration 144
[LightGBM] [Warning] No further splits with positive gain, training stopped with 44 leaves.
[LightGBM] [Debug] Trained a tree with leaves = 44
[LightGBM] [Info] 6.307103 seconds elapsed, finished iteration 145
[LightGBM] [Debug] Trained a tree with leaves = 45
[LightGBM] [Info] 6.349455 seconds elapsed, finished iteration 146
[LightGBM] [Warning] No further splits with positive gain, training stopped with 44 leaves.
[LightGBM] [Debug] Trained a tree with leaves = 44
[LightGBM] [Info] 6.390904 seconds elapsed, finished iteration 147
[LightGBM] [Debug] Trained a tree with leaves = 45
[LightGBM] [Info] 6.435873 seconds elapsed, finished iteration 148
[LightGBM] [Debug] Trained a tree with leaves = 45
[LightGBM] [Info] 6.477430 seconds elapsed, finished iteration 149
[LightGBM] [Warning] No further splits with positive gain, training stopped with 44 leaves.
[LightGBM] [Debug] Trained a tree with leaves = 44
[LightGBM] [Info] 6.519036 seconds elapsed, finished iteration 150
[LightGBM] [Debug] Trained a tree with leaves = 45
[LightGBM] [Info] 6.561760 seconds elapsed, finished iteration 151
[LightGBM] [Warning] No further splits with positive gain, training stopped with 44 leaves.
[LightGBM] [Debug] Trained a tree with leaves = 44
[LightGBM] [Info] 6.601561 seconds elapsed, finished iteration 152
[LightGBM] [Debug] Trained a tree with leaves = 45
[LightGBM] [Info] 6.641789 seconds elapsed, finished iteration 153
[LightGBM] [Warning] No further splits with positive gain, training stopped with 43 leaves.
[LightGBM] [Debug] Trained a tree with leaves = 43
[LightGBM] [Info] 6.683627 seconds elapsed, finished iteration 154
[LightGBM] [Debug] Trained a tree with leaves = 45
[LightGBM] [Info] 6.724454 seconds elapsed, finished iteration 155
[LightGBM] [Warning] No further splits with positive gain, training stopped with 44 leaves.
[LightGBM] [Debug] Trained a tree with leaves = 44
[LightGBM] [Info] 6.767144 seconds elapsed, finished iteration 156
[LightGBM] [Debug] Trained a tree with leaves = 45
[LightGBM] [Info] 6.806951 seconds elapsed, finished iteration 157
[LightGBM] [Debug] Trained a tree with leaves = 45
[LightGBM] [Info] 6.844956 seconds elapsed, finished iteration 158
[LightGBM] [Warning] No further splits with positive gain, training stopped with 43 leaves.
[LightGBM] [Debug] Trained a tree with leaves = 43
[LightGBM] [Info] 6.886914 seconds elapsed, finished iteration 159
[LightGBM] [Debug] Trained a tree with leaves = 45
[LightGBM] [Info] 6.928637 seconds elapsed, finished iteration 160
[LightGBM] [Debug] Trained a tree with leaves = 45
[LightGBM] [Info] 6.970619 seconds elapsed, finished iteration 161
[LightGBM] [Warning] No further splits with positive gain, training stopped with 44 leaves.
[LightGBM] [Debug] Trained a tree with leaves = 44
[LightGBM] [Info] 7.011199 seconds elapsed, finished iteration 162
[LightGBM] [Warning] No further splits with positive gain, training stopped with 43 leaves.
[LightGBM] [Debug] Trained a tree with leaves = 43
[LightGBM] [Info] 7.052855 seconds elapsed, finished iteration 163
[LightGBM] [Debug] Trained a tree with leaves = 45
[LightGBM] [Info] 7.093761 seconds elapsed, finished iteration 164
[LightGBM] [Debug] Trained a tree with leaves = 45
[LightGBM] [Info] 7.140641 seconds elapsed, finished iteration 165
[LightGBM] [Warning] No further splits with positive gain, training stopped with 43 leaves.
[LightGBM] [Debug] Trained a tree with leaves = 43
[LightGBM] [Info] 7.189154 seconds elapsed, finished iteration 166
[LightGBM] [Warning] No further splits with positive gain, training stopped with 43 leaves.
[LightGBM] [Debug] Trained a tree with leaves = 43
[LightGBM] [Info] 7.230405 seconds elapsed, finished iteration 167
[LightGBM] [Debug] Trained a tree with leaves = 45
[LightGBM] [Info] 7.270724 seconds elapsed, finished iteration 168
[LightGBM] [Warning] No further splits with positive gain, training stopped with 44 leaves.
[LightGBM] [Debug] Trained a tree with leaves = 44
[LightGBM] [Info] 7.311670 seconds elapsed, finished iteration 169
[LightGBM] [Warning] No further splits with positive gain, training stopped with 43 leaves.
[LightGBM] [Debug] Trained a tree with leaves = 43
[LightGBM] [Info] 7.352799 seconds elapsed, finished iteration 170
[LightGBM] [Warning] No further splits with positive gain, training stopped with 42 leaves.
[LightGBM] [Debug] Trained a tree with leaves = 42
[LightGBM] [Info] 7.395846 seconds elapsed, finished iteration 171
[LightGBM] [Debug] Trained a tree with leaves = 45
[LightGBM] [Info] 7.435692 seconds elapsed, finished iteration 172
[LightGBM] [Warning] No further splits with positive gain, training stopped with 43 leaves.
[LightGBM] [Debug] Trained a tree with leaves = 43
[LightGBM] [Info] 7.477481 seconds elapsed, finished iteration 173
[LightGBM] [Warning] No further splits with positive gain, training stopped with 42 leaves.
[LightGBM] [Debug] Trained a tree with leaves = 42
[LightGBM] [Info] 7.519719 seconds elapsed, finished iteration 174
[LightGBM] [Warning] No further splits with positive gain, training stopped with 44 leaves.
[LightGBM] [Debug] Trained a tree with leaves = 44
[LightGBM] [Info] 7.560330 seconds elapsed, finished iteration 175
[LightGBM] [Warning] No further splits with positive gain, training stopped with 43 leaves.
[LightGBM] [Debug] Trained a tree with leaves = 43
[LightGBM] [Info] 7.605573 seconds elapsed, finished iteration 176
[LightGBM] [Warning] No further splits with positive gain, training stopped with 42 leaves.
[LightGBM] [Debug] Trained a tree with leaves = 42
[LightGBM] [Info] 7.650940 seconds elapsed, finished iteration 177
[LightGBM] [Warning] No further splits with positive gain, training stopped with 44 leaves.
[LightGBM] [Debug] Trained a tree with leaves = 44
[LightGBM] [Info] 7.691891 seconds elapsed, finished iteration 178
[LightGBM] [Debug] Trained a tree with leaves = 45
[LightGBM] [Info] 7.731102 seconds elapsed, finished iteration 179
[LightGBM] [Warning] No further splits with positive gain, training stopped with 44 leaves.
[LightGBM] [Debug] Trained a tree with leaves = 44
[LightGBM] [Info] 7.770766 seconds elapsed, finished iteration 180
[LightGBM] [Debug] Trained a tree with leaves = 45
[LightGBM] [Info] 7.814106 seconds elapsed, finished iteration 181
[LightGBM] [Debug] Trained a tree with leaves = 45
[LightGBM] [Info] 7.854248 seconds elapsed, finished iteration 182
[LightGBM] [Warning] No further splits with positive gain, training stopped with 44 leaves.
[LightGBM] [Debug] Trained a tree with leaves = 44
[LightGBM] [Info] 7.893868 seconds elapsed, finished iteration 183
[LightGBM] [Warning] No further splits with positive gain, training stopped with 44 leaves.
[LightGBM] [Debug] Trained a tree with leaves = 44
[LightGBM] [Info] 7.935818 seconds elapsed, finished iteration 184
[LightGBM] [Warning] No further splits with positive gain, training stopped with 44 leaves.
[LightGBM] [Debug] Trained a tree with leaves = 44
[LightGBM] [Info] 7.983773 seconds elapsed, finished iteration 185
[LightGBM] [Warning] No further splits with positive gain, training stopped with 44 leaves.
[LightGBM] [Debug] Trained a tree with leaves = 44
[LightGBM] [Info] 8.028100 seconds elapsed, finished iteration 186
[LightGBM] [Warning] No further splits with positive gain, training stopped with 43 leaves.
[LightGBM] [Debug] Trained a tree with leaves = 43
[LightGBM] [Info] 8.068317 seconds elapsed, finished iteration 187
[LightGBM] [Warning] No further splits with positive gain, training stopped with 43 leaves.
[LightGBM] [Debug] Trained a tree with leaves = 43
[LightGBM] [Info] 8.106771 seconds elapsed, finished iteration 188
[LightGBM] [Debug] Trained a tree with leaves = 45
[LightGBM] [Info] 8.147206 seconds elapsed, finished iteration 189
[LightGBM] [Warning] No further splits with positive gain, training stopped with 42 leaves.
[LightGBM] [Debug] Trained a tree with leaves = 42
[LightGBM] [Info] 8.187486 seconds elapsed, finished iteration 190
[LightGBM] [Debug] Trained a tree with leaves = 45
[LightGBM] [Info] 8.231161 seconds elapsed, finished iteration 191
[LightGBM] [Warning] No further splits with positive gain, training stopped with 42 leaves.
[LightGBM] [Debug] Trained a tree with leaves = 42
[LightGBM] [Info] 8.273229 seconds elapsed, finished iteration 192
[LightGBM] [Debug] Trained a tree with leaves = 45
[LightGBM] [Info] 8.313990 seconds elapsed, finished iteration 193
[LightGBM] [Warning] No further splits with positive gain, training stopped with 44 leaves.
[LightGBM] [Debug] Trained a tree with leaves = 44
[LightGBM] [Info] 8.355228 seconds elapsed, finished iteration 194
[LightGBM] [Warning] No further splits with positive gain, training stopped with 44 leaves.
[LightGBM] [Debug] Trained a tree with leaves = 44
[LightGBM] [Info] 8.397223 seconds elapsed, finished iteration 195
[LightGBM] [Warning] No further splits with positive gain, training stopped with 44 leaves.
[LightGBM] [Debug] Trained a tree with leaves = 44
[LightGBM] [Info] 8.439379 seconds elapsed, finished iteration 196
[LightGBM] [Warning] No further splits with positive gain, training stopped with 44 leaves.
[LightGBM] [Debug] Trained a tree with leaves = 44
[LightGBM] [Info] 8.479001 seconds elapsed, finished iteration 197
[LightGBM] [Warning] No further splits with positive gain, training stopped with 44 leaves.
[LightGBM] [Debug] Trained a tree with leaves = 44
[LightGBM] [Info] 8.520333 seconds elapsed, finished iteration 198
[LightGBM] [Debug] Trained a tree with leaves = 45
[LightGBM] [Info] 8.558237 seconds elapsed, finished iteration 199
[LightGBM] [Warning] No further splits with positive gain, training stopped with 44 leaves.
[LightGBM] [Debug] Trained a tree with leaves = 44
[LightGBM] [Info] 8.599571 seconds elapsed, finished iteration 200
[LightGBM] [Warning] No further splits with positive gain, training stopped with 42 leaves.
[LightGBM] [Debug] Trained a tree with leaves = 42
[LightGBM] [Info] 8.641883 seconds elapsed, finished iteration 201
[LightGBM] [Warning] No further splits with positive gain, training stopped with 42 leaves.
[LightGBM] [Debug] Trained a tree with leaves = 42
[LightGBM] [Info] 8.681467 seconds elapsed, finished iteration 202
[LightGBM] [Warning] No further splits with positive gain, training stopped with 43 leaves.
[LightGBM] [Debug] Trained a tree with leaves = 43
[LightGBM] [Info] 8.721034 seconds elapsed, finished iteration 203
[LightGBM] [Warning] No further splits with positive gain, training stopped with 43 leaves.
[LightGBM] [Debug] Trained a tree with leaves = 43
[LightGBM] [Info] 8.762227 seconds elapsed, finished iteration 204
[LightGBM] [Warning] No further splits with positive gain, training stopped with 42 leaves.
[LightGBM] [Debug] Trained a tree with leaves = 42
[LightGBM] [Info] 8.801357 seconds elapsed, finished iteration 205
[LightGBM] [Warning] No further splits with positive gain, training stopped with 44 leaves.
[LightGBM] [Debug] Trained a tree with leaves = 44
[LightGBM] [Info] 8.843271 seconds elapsed, finished iteration 206
[LightGBM] [Warning] No further splits with positive gain, training stopped with 44 leaves.
[LightGBM] [Debug] Trained a tree with leaves = 44
[LightGBM] [Info] 8.885871 seconds elapsed, finished iteration 207
[LightGBM] [Warning] No further splits with positive gain, training stopped with 43 leaves.
[LightGBM] [Debug] Trained a tree with leaves = 43
[LightGBM] [Info] 8.926543 seconds elapsed, finished iteration 208
[LightGBM] [Debug] Trained a tree with leaves = 45
[LightGBM] [Info] 8.968813 seconds elapsed, finished iteration 209
[LightGBM] [Warning] No further splits with positive gain, training stopped with 42 leaves.
[LightGBM] [Debug] Trained a tree with leaves = 42
[LightGBM] [Info] 9.008025 seconds elapsed, finished iteration 210
[LightGBM] [Warning] No further splits with positive gain, training stopped with 44 leaves.
[LightGBM] [Debug] Trained a tree with leaves = 44
[LightGBM] [Info] 9.052215 seconds elapsed, finished iteration 211
[LightGBM] [Warning] No further splits with positive gain, training stopped with 41 leaves.
[LightGBM] [Debug] Trained a tree with leaves = 41
[LightGBM] [Info] 9.091373 seconds elapsed, finished iteration 212
[LightGBM] [Warning] No further splits with positive gain, training stopped with 44 leaves.
[LightGBM] [Debug] Trained a tree with leaves = 44
[LightGBM] [Info] 9.131817 seconds elapsed, finished iteration 213
[LightGBM] [Debug] Trained a tree with leaves = 45
[LightGBM] [Info] 9.173210 seconds elapsed, finished iteration 214
[LightGBM] [Warning] No further splits with positive gain, training stopped with 44 leaves.
[LightGBM] [Debug] Trained a tree with leaves = 44
[LightGBM] [Info] 9.215577 seconds elapsed, finished iteration 215
[LightGBM] [Warning] No further splits with positive gain, training stopped with 42 leaves.
[LightGBM] [Debug] Trained a tree with leaves = 42
[LightGBM] [Info] 9.254092 seconds elapsed, finished iteration 216
[LightGBM] [Debug] Trained a tree with leaves = 45
[LightGBM] [Info] 9.296955 seconds elapsed, finished iteration 217
[LightGBM] [Debug] Trained a tree with leaves = 45
[LightGBM] [Info] 9.336925 seconds elapsed, finished iteration 218
[LightGBM] [Warning] No further splits with positive gain, training stopped with 43 leaves.
[LightGBM] [Debug] Trained a tree with leaves = 43
[LightGBM] [Info] 9.401458 seconds elapsed, finished iteration 219
[LightGBM] [Warning] No further splits with positive gain, training stopped with 43 leaves.
[LightGBM] [Debug] Trained a tree with leaves = 43
[LightGBM] [Info] 9.439996 seconds elapsed, finished iteration 220
[LightGBM] [Debug] Trained a tree with leaves = 45
[LightGBM] [Info] 9.478707 seconds elapsed, finished iteration 221
[LightGBM] [Warning] No further splits with positive gain, training stopped with 41 leaves.
[LightGBM] [Debug] Trained a tree with leaves = 41
[LightGBM] [Info] 9.516606 seconds elapsed, finished iteration 222
[LightGBM] [Debug] Trained a tree with leaves = 45
[LightGBM] [Info] 9.556026 seconds elapsed, finished iteration 223
[LightGBM] [Debug] Trained a tree with leaves = 45
[LightGBM] [Info] 9.594952 seconds elapsed, finished iteration 224
[LightGBM] [Debug] Trained a tree with leaves = 45
[LightGBM] [Info] 9.636629 seconds elapsed, finished iteration 225
[LightGBM] [Warning] No further splits with positive gain, training stopped with 42 leaves.
[LightGBM] [Debug] Trained a tree with leaves = 42
[LightGBM] [Info] 9.674994 seconds elapsed, finished iteration 226
[LightGBM] [Debug] Trained a tree with leaves = 45
[LightGBM] [Info] 9.715491 seconds elapsed, finished iteration 227
[LightGBM] [Debug] Trained a tree with leaves = 45
[LightGBM] [Info] 9.755529 seconds elapsed, finished iteration 228
[LightGBM] [Debug] Trained a tree with leaves = 45
[LightGBM] [Info] 9.794790 seconds elapsed, finished iteration 229
[LightGBM] [Debug] Trained a tree with leaves = 45
[LightGBM] [Info] 9.835174 seconds elapsed, finished iteration 230
[LightGBM] [Debug] Trained a tree with leaves = 45
[LightGBM] [Info] 9.873764 seconds elapsed, finished iteration 231
[LightGBM] [Warning] No further splits with positive gain, training stopped with 43 leaves.
[LightGBM] [Debug] Trained a tree with leaves = 43
[LightGBM] [Info] 9.913005 seconds elapsed, finished iteration 232
[LightGBM] [Debug] Trained a tree with leaves = 45
[LightGBM] [Info] 9.951460 seconds elapsed, finished iteration 233
[LightGBM] [Warning] No further splits with positive gain, training stopped with 43 leaves.
[LightGBM] [Debug] Trained a tree with leaves = 43
[LightGBM] [Info] 9.990314 seconds elapsed, finished iteration 234
[LightGBM] [Warning] No further splits with positive gain, training stopped with 43 leaves.
[LightGBM] [Debug] Trained a tree with leaves = 43
[LightGBM] [Info] 10.039615 seconds elapsed, finished iteration 235
[LightGBM] [Warning] No further splits with positive gain, training stopped with 44 leaves.
[LightGBM] [Debug] Trained a tree with leaves = 44
[LightGBM] [Info] 10.081399 seconds elapsed, finished iteration 236
[LightGBM] [Debug] Trained a tree with leaves = 45
[LightGBM] [Info] 10.121692 seconds elapsed, finished iteration 237
[LightGBM] [Warning] No further splits with positive gain, training stopped with 42 leaves.
[LightGBM] [Debug] Trained a tree with leaves = 42
[LightGBM] [Info] 10.161673 seconds elapsed, finished iteration 238
[LightGBM] [Warning] No further splits with positive gain, training stopped with 43 leaves.
[LightGBM] [Debug] Trained a tree with leaves = 43
[LightGBM] [Info] 10.200622 seconds elapsed, finished iteration 239
[LightGBM] [Warning] No further splits with positive gain, training stopped with 42 leaves.
[LightGBM] [Debug] Trained a tree with leaves = 42
[LightGBM] [Info] 10.243440 seconds elapsed, finished iteration 240
[LightGBM] [Debug] Trained a tree with leaves = 45
[LightGBM] [Info] 10.282265 seconds elapsed, finished iteration 241
[LightGBM] [Warning] No further splits with positive gain, training stopped with 43 leaves.
[LightGBM] [Debug] Trained a tree with leaves = 43
[LightGBM] [Info] 10.320365 seconds elapsed, finished iteration 242
[LightGBM] [Debug] Trained a tree with leaves = 45
[LightGBM] [Info] 10.360139 seconds elapsed, finished iteration 243
[LightGBM] [Warning] No further splits with positive gain, training stopped with 43 leaves.
[LightGBM] [Debug] Trained a tree with leaves = 43
[LightGBM] [Info] 10.400408 seconds elapsed, finished iteration 244
[LightGBM] [Warning] No further splits with positive gain, training stopped with 42 leaves.
[LightGBM] [Debug] Trained a tree with leaves = 42
[LightGBM] [Info] 10.440147 seconds elapsed, finished iteration 245
[LightGBM] [Debug] Trained a tree with leaves = 45
[LightGBM] [Info] 10.482082 seconds elapsed, finished iteration 246
[LightGBM] [Warning] No further splits with positive gain, training stopped with 42 leaves.
[LightGBM] [Debug] Trained a tree with leaves = 42
[LightGBM] [Info] 10.530861 seconds elapsed, finished iteration 247
[LightGBM] [Warning] No further splits with positive gain, training stopped with 43 leaves.
[LightGBM] [Debug] Trained a tree with leaves = 43
[LightGBM] [Info] 10.570025 seconds elapsed, finished iteration 248
[LightGBM] [Warning] No further splits with positive gain, training stopped with 44 leaves.
[LightGBM] [Debug] Trained a tree with leaves = 44
[LightGBM] [Info] 10.609636 seconds elapsed, finished iteration 249
[LightGBM] [Warning] No further splits with positive gain, training stopped with 43 leaves.
[LightGBM] [Debug] Trained a tree with leaves = 43
[LightGBM] [Info] 10.647921 seconds elapsed, finished iteration 250
[LightGBM] [Debug] Trained a tree with leaves = 45
[LightGBM] [Info] 10.687311 seconds elapsed, finished iteration 251
[LightGBM] [Warning] No further splits with positive gain, training stopped with 43 leaves.
[LightGBM] [Debug] Trained a tree with leaves = 43
[LightGBM] [Info] 10.726884 seconds elapsed, finished iteration 252
[LightGBM] [Warning] No further splits with positive gain, training stopped with 43 leaves.
[LightGBM] [Debug] Trained a tree with leaves = 43
[LightGBM] [Info] 10.767570 seconds elapsed, finished iteration 253
[LightGBM] [Warning] No further splits with positive gain, training stopped with 42 leaves.
[LightGBM] [Debug] Trained a tree with leaves = 42
[LightGBM] [Info] 10.807475 seconds elapsed, finished iteration 254
[LightGBM] [Warning] No further splits with positive gain, training stopped with 44 leaves.
[LightGBM] [Debug] Trained a tree with leaves = 44
[LightGBM] [Info] 10.846992 seconds elapsed, finished iteration 255
[LightGBM] [Warning] No further splits with positive gain, training stopped with 43 leaves.
[LightGBM] [Debug] Trained a tree with leaves = 43
[LightGBM] [Info] 10.888217 seconds elapsed, finished iteration 256
[LightGBM] [Warning] No further splits with positive gain, training stopped with 43 leaves.
[LightGBM] [Debug] Trained a tree with leaves = 43
[LightGBM] [Info] 10.928620 seconds elapsed, finished iteration 257
[LightGBM] [Debug] Trained a tree with leaves = 45
[LightGBM] [Info] 10.969701 seconds elapsed, finished iteration 258
[LightGBM] [Warning] No further splits with positive gain, training stopped with 43 leaves.
[LightGBM] [Debug] Trained a tree with leaves = 43
[LightGBM] [Info] 11.025023 seconds elapsed, finished iteration 259
[LightGBM] [Warning] No further splits with positive gain, training stopped with 43 leaves.
[LightGBM] [Debug] Trained a tree with leaves = 43
[LightGBM] [Info] 11.065171 seconds elapsed, finished iteration 260
[LightGBM] [Warning] No further splits with positive gain, training stopped with 41 leaves.
[LightGBM] [Debug] Trained a tree with leaves = 41
[LightGBM] [Info] 11.104313 seconds elapsed, finished iteration 261
[LightGBM] [Warning] No further splits with positive gain, training stopped with 43 leaves.
[LightGBM] [Debug] Trained a tree with leaves = 43
[LightGBM] [Info] 11.144119 seconds elapsed, finished iteration 262
[LightGBM] [Warning] No further splits with positive gain, training stopped with 44 leaves.
[LightGBM] [Debug] Trained a tree with leaves = 44
[LightGBM] [Info] 11.183589 seconds elapsed, finished iteration 263
[LightGBM] [Warning] No further splits with positive gain, training stopped with 44 leaves.
[LightGBM] [Debug] Trained a tree with leaves = 44
[LightGBM] [Info] 11.225294 seconds elapsed, finished iteration 264
[LightGBM] [Warning] No further splits with positive gain, training stopped with 44 leaves.
[LightGBM] [Debug] Trained a tree with leaves = 44
[LightGBM] [Info] 11.264238 seconds elapsed, finished iteration 265
[LightGBM] [Debug] Trained a tree with leaves = 45
[LightGBM] [Info] 11.305310 seconds elapsed, finished iteration 266
[LightGBM] [Warning] No further splits with positive gain, training stopped with 42 leaves.
[LightGBM] [Debug] Trained a tree with leaves = 42
[LightGBM] [Info] 11.344331 seconds elapsed, finished iteration 267
[LightGBM] [Warning] No further splits with positive gain, training stopped with 43 leaves.
[LightGBM] [Debug] Trained a tree with leaves = 43
[LightGBM] [Info] 11.385700 seconds elapsed, finished iteration 268
[LightGBM] [Warning] No further splits with positive gain, training stopped with 44 leaves.
[LightGBM] [Debug] Trained a tree with leaves = 44
[LightGBM] [Info] 11.426487 seconds elapsed, finished iteration 269
[LightGBM] [Warning] No further splits with positive gain, training stopped with 43 leaves.
[LightGBM] [Debug] Trained a tree with leaves = 43
[LightGBM] [Info] 11.466881 seconds elapsed, finished iteration 270
[LightGBM] [Warning] No further splits with positive gain, training stopped with 42 leaves.
[LightGBM] [Debug] Trained a tree with leaves = 42
[LightGBM] [Info] 11.507000 seconds elapsed, finished iteration 271
[LightGBM] [Warning] No further splits with positive gain, training stopped with 44 leaves.
[LightGBM] [Debug] Trained a tree with leaves = 44
[LightGBM] [Info] 11.549219 seconds elapsed, finished iteration 272
[LightGBM] [Warning] No further splits with positive gain, training stopped with 44 leaves.
[LightGBM] [Debug] Trained a tree with leaves = 44
[LightGBM] [Info] 11.590460 seconds elapsed, finished iteration 273
[LightGBM] [Warning] No further splits with positive gain, training stopped with 44 leaves.
[LightGBM] [Debug] Trained a tree with leaves = 44
[LightGBM] [Info] 11.637782 seconds elapsed, finished iteration 274
[LightGBM] [Warning] No further splits with positive gain, training stopped with 43 leaves.
[LightGBM] [Debug] Trained a tree with leaves = 43
[LightGBM] [Info] 11.677909 seconds elapsed, finished iteration 275
[LightGBM] [Warning] No further splits with positive gain, training stopped with 44 leaves.
[LightGBM] [Debug] Trained a tree with leaves = 44
[LightGBM] [Info] 11.719060 seconds elapsed, finished iteration 276
[LightGBM] [Debug] Trained a tree with leaves = 45
[LightGBM] [Info] 11.757902 seconds elapsed, finished iteration 277
[LightGBM] [Warning] No further splits with positive gain, training stopped with 44 leaves.
[LightGBM] [Debug] Trained a tree with leaves = 44
[LightGBM] [Info] 11.798047 seconds elapsed, finished iteration 278
[LightGBM] [Warning] No further splits with positive gain, training stopped with 42 leaves.
[LightGBM] [Debug] Trained a tree with leaves = 42
[LightGBM] [Info] 11.835824 seconds elapsed, finished iteration 279
[LightGBM] [Warning] No further splits with positive gain, training stopped with 42 leaves.
[LightGBM] [Debug] Trained a tree with leaves = 42
[LightGBM] [Info] 11.878975 seconds elapsed, finished iteration 280
[LightGBM] [Warning] No further splits with positive gain, training stopped with 44 leaves.
[LightGBM] [Debug] Trained a tree with leaves = 44
[LightGBM] [Info] 11.919595 seconds elapsed, finished iteration 281
[LightGBM] [Warning] No further splits with positive gain, training stopped with 44 leaves.
[LightGBM] [Debug] Trained a tree with leaves = 44
[LightGBM] [Info] 11.959017 seconds elapsed, finished iteration 282
[LightGBM] [Warning] No further splits with positive gain, training stopped with 41 leaves.
[LightGBM] [Debug] Trained a tree with leaves = 41
[LightGBM] [Info] 11.997754 seconds elapsed, finished iteration 283
[LightGBM] [Debug] Trained a tree with leaves = 45
[LightGBM] [Info] 12.037350 seconds elapsed, finished iteration 284
[LightGBM] [Debug] Trained a tree with leaves = 45
[LightGBM] [Info] 12.079741 seconds elapsed, finished iteration 285
[LightGBM] [Debug] Trained a tree with leaves = 45
[LightGBM] [Info] 12.122072 seconds elapsed, finished iteration 286
[LightGBM] [Warning] No further splits with positive gain, training stopped with 43 leaves.
[LightGBM] [Debug] Trained a tree with leaves = 43
[LightGBM] [Info] 12.167476 seconds elapsed, finished iteration 287
[LightGBM] [Warning] No further splits with positive gain, training stopped with 41 leaves.
[LightGBM] [Debug] Trained a tree with leaves = 41
[LightGBM] [Info] 12.213832 seconds elapsed, finished iteration 288
[LightGBM] [Debug] Trained a tree with leaves = 45
[LightGBM] [Info] 12.253573 seconds elapsed, finished iteration 289
[LightGBM] [Warning] No further splits with positive gain, training stopped with 44 leaves.
[LightGBM] [Debug] Trained a tree with leaves = 44
[LightGBM] [Info] 12.294087 seconds elapsed, finished iteration 290
[LightGBM] [Warning] No further splits with positive gain, training stopped with 44 leaves.
[LightGBM] [Debug] Trained a tree with leaves = 44
[LightGBM] [Info] 12.333515 seconds elapsed, finished iteration 291
[LightGBM] [Warning] No further splits with positive gain, training stopped with 42 leaves.
[LightGBM] [Debug] Trained a tree with leaves = 42
[LightGBM] [Info] 12.373615 seconds elapsed, finished iteration 292
[LightGBM] [Debug] Trained a tree with leaves = 45
[LightGBM] [Info] 12.414441 seconds elapsed, finished iteration 293
[LightGBM] [Warning] No further splits with positive gain, training stopped with 42 leaves.
[LightGBM] [Debug] Trained a tree with leaves = 42
[LightGBM] [Info] 12.455456 seconds elapsed, finished iteration 294
[LightGBM] [Warning] No further splits with positive gain, training stopped with 43 leaves.
[LightGBM] [Debug] Trained a tree with leaves = 43
[LightGBM] [Info] 12.501292 seconds elapsed, finished iteration 295
[LightGBM] [Debug] Trained a tree with leaves = 45
[LightGBM] [Info] 12.541709 seconds elapsed, finished iteration 296
[LightGBM] [Warning] No further splits with positive gain, training stopped with 42 leaves.
[LightGBM] [Debug] Trained a tree with leaves = 42
[LightGBM] [Info] 12.585774 seconds elapsed, finished iteration 297
[LightGBM] [Warning] No further splits with positive gain, training stopped with 44 leaves.
[LightGBM] [Debug] Trained a tree with leaves = 44
[LightGBM] [Info] 12.627098 seconds elapsed, finished iteration 298
[LightGBM] [Debug] Trained a tree with leaves = 45
[LightGBM] [Info] 12.667839 seconds elapsed, finished iteration 299
[LightGBM] [Warning] No further splits with positive gain, training stopped with 43 leaves.
[LightGBM] [Debug] Trained a tree with leaves = 43
[LightGBM] [Info] 12.706696 seconds elapsed, finished iteration 300
[LightGBM] [Warning] No further splits with positive gain, training stopped with 43 leaves.
[LightGBM] [Debug] Trained a tree with leaves = 43
[LightGBM] [Info] 12.745575 seconds elapsed, finished iteration 301
[LightGBM] [Warning] No further splits with positive gain, training stopped with 44 leaves.
[LightGBM] [Debug] Trained a tree with leaves = 44
[LightGBM] [Info] 12.786425 seconds elapsed, finished iteration 302
[LightGBM] [Warning] No further splits with positive gain, training stopped with 44 leaves.
[LightGBM] [Debug] Trained a tree with leaves = 44
[LightGBM] [Info] 12.829238 seconds elapsed, finished iteration 303
[LightGBM] [Debug] Trained a tree with leaves = 45
[LightGBM] [Info] 12.870553 seconds elapsed, finished iteration 304
[LightGBM] [Warning] No further splits with positive gain, training stopped with 41 leaves.
[LightGBM] [Debug] Trained a tree with leaves = 41
[LightGBM] [Info] 12.907972 seconds elapsed, finished iteration 305
[LightGBM] [Warning] No further splits with positive gain, training stopped with 42 leaves.
[LightGBM] [Debug] Trained a tree with leaves = 42
[LightGBM] [Info] 12.947280 seconds elapsed, finished iteration 306
[LightGBM] [Warning] No further splits with positive gain, training stopped with 44 leaves.
[LightGBM] [Debug] Trained a tree with leaves = 44
[LightGBM] [Info] 12.987933 seconds elapsed, finished iteration 307
[LightGBM] [Debug] Trained a tree with leaves = 45
[LightGBM] [Info] 13.029361 seconds elapsed, finished iteration 308
[LightGBM] [Warning] No further splits with positive gain, training stopped with 44 leaves.
[LightGBM] [Debug] Trained a tree with leaves = 44
[LightGBM] [Info] 13.072705 seconds elapsed, finished iteration 309
[LightGBM] [Debug] Trained a tree with leaves = 45
[LightGBM] [Info] 13.112343 seconds elapsed, finished iteration 310
[LightGBM] [Warning] No further splits with positive gain, training stopped with 44 leaves.
[LightGBM] [Debug] Trained a tree with leaves = 44
[LightGBM] [Info] 13.165314 seconds elapsed, finished iteration 311
[LightGBM] [Debug] Trained a tree with leaves = 45
[LightGBM] [Info] 13.208102 seconds elapsed, finished iteration 312
[LightGBM] [Debug] Trained a tree with leaves = 45
[LightGBM] [Info] 13.248173 seconds elapsed, finished iteration 313
[LightGBM] [Warning] No further splits with positive gain, training stopped with 42 leaves.
[LightGBM] [Debug] Trained a tree with leaves = 42
[LightGBM] [Info] 13.288969 seconds elapsed, finished iteration 314
[LightGBM] [Warning] No further splits with positive gain, training stopped with 43 leaves.
[LightGBM] [Debug] Trained a tree with leaves = 43
[LightGBM] [Info] 13.328516 seconds elapsed, finished iteration 315
[LightGBM] [Warning] No further splits with positive gain, training stopped with 44 leaves.
[LightGBM] [Debug] Trained a tree with leaves = 44
[LightGBM] [Info] 13.368847 seconds elapsed, finished iteration 316
[LightGBM] [Warning] No further splits with positive gain, training stopped with 43 leaves.
[LightGBM] [Debug] Trained a tree with leaves = 43
[LightGBM] [Info] 13.410323 seconds elapsed, finished iteration 317
[LightGBM] [Warning] No further splits with positive gain, training stopped with 43 leaves.
[LightGBM] [Debug] Trained a tree with leaves = 43
[LightGBM] [Info] 13.450227 seconds elapsed, finished iteration 318
[LightGBM] [Warning] No further splits with positive gain, training stopped with 43 leaves.
[LightGBM] [Debug] Trained a tree with leaves = 43
[LightGBM] [Info] 13.494170 seconds elapsed, finished iteration 319
[LightGBM] [Warning] No further splits with positive gain, training stopped with 43 leaves.
[LightGBM] [Debug] Trained a tree with leaves = 43
[LightGBM] [Info] 13.535868 seconds elapsed, finished iteration 320
[LightGBM] [Warning] No further splits with positive gain, training stopped with 44 leaves.
[LightGBM] [Debug] Trained a tree with leaves = 44
[LightGBM] [Info] 13.577231 seconds elapsed, finished iteration 321
[LightGBM] [Warning] No further splits with positive gain, training stopped with 43 leaves.
[LightGBM] [Debug] Trained a tree with leaves = 43
[LightGBM] [Info] 13.615989 seconds elapsed, finished iteration 322
[LightGBM] [Debug] Trained a tree with leaves = 45
[LightGBM] [Info] 13.655117 seconds elapsed, finished iteration 323
[LightGBM] [Warning] No further splits with positive gain, training stopped with 43 leaves.
[LightGBM] [Debug] Trained a tree with leaves = 43
[LightGBM] [Info] 13.697022 seconds elapsed, finished iteration 324
[LightGBM] [Warning] No further splits with positive gain, training stopped with 43 leaves.
[LightGBM] [Debug] Trained a tree with leaves = 43
[LightGBM] [Info] 13.738171 seconds elapsed, finished iteration 325
[LightGBM] [Warning] No further splits with positive gain, training stopped with 43 leaves.
[LightGBM] [Debug] Trained a tree with leaves = 43
[LightGBM] [Info] 13.777685 seconds elapsed, finished iteration 326
[LightGBM] [Warning] No further splits with positive gain, training stopped with 44 leaves.
[LightGBM] [Debug] Trained a tree with leaves = 44
[LightGBM] [Info] 13.817503 seconds elapsed, finished iteration 327
[LightGBM] [Warning] No further splits with positive gain, training stopped with 42 leaves.
[LightGBM] [Debug] Trained a tree with leaves = 42
[LightGBM] [Info] 13.859196 seconds elapsed, finished iteration 328
[LightGBM] [Warning] No further splits with positive gain, training stopped with 42 leaves.
[LightGBM] [Debug] Trained a tree with leaves = 42
[LightGBM] [Info] 13.899000 seconds elapsed, finished iteration 329
[LightGBM] [Warning] No further splits with positive gain, training stopped with 44 leaves.
[LightGBM] [Debug] Trained a tree with leaves = 44
[LightGBM] [Info] 13.941957 seconds elapsed, finished iteration 330
[LightGBM] [Warning] No further splits with positive gain, training stopped with 44 leaves.
[LightGBM] [Debug] Trained a tree with leaves = 44
[LightGBM] [Info] 13.982456 seconds elapsed, finished iteration 331
[LightGBM] [Warning] No further splits with positive gain, training stopped with 41 leaves.
[LightGBM] [Debug] Trained a tree with leaves = 41
[LightGBM] [Info] 14.020850 seconds elapsed, finished iteration 332
[LightGBM] [Warning] No further splits with positive gain, training stopped with 43 leaves.
[LightGBM] [Debug] Trained a tree with leaves = 43
[LightGBM] [Info] 14.060273 seconds elapsed, finished iteration 333
[LightGBM] [Warning] No further splits with positive gain, training stopped with 42 leaves.
[LightGBM] [Debug] Trained a tree with leaves = 42
[LightGBM] [Info] 14.097277 seconds elapsed, finished iteration 334
[LightGBM] [Warning] No further splits with positive gain, training stopped with 44 leaves.
[LightGBM] [Debug] Trained a tree with leaves = 44
[LightGBM] [Info] 14.137925 seconds elapsed, finished iteration 335
[LightGBM] [Warning] No further splits with positive gain, training stopped with 43 leaves.
[LightGBM] [Debug] Trained a tree with leaves = 43
[LightGBM] [Info] 14.177886 seconds elapsed, finished iteration 336
[LightGBM] [Debug] Trained a tree with leaves = 45
[LightGBM] [Info] 14.218409 seconds elapsed, finished iteration 337
[LightGBM] [Warning] No further splits with positive gain, training stopped with 44 leaves.
[LightGBM] [Debug] Trained a tree with leaves = 44
[LightGBM] [Info] 14.258888 seconds elapsed, finished iteration 338
[LightGBM] [Warning] No further splits with positive gain, training stopped with 44 leaves.
[LightGBM] [Debug] Trained a tree with leaves = 44
[LightGBM] [Info] 14.297631 seconds elapsed, finished iteration 339
[LightGBM] [Warning] No further splits with positive gain, training stopped with 44 leaves.
[LightGBM] [Debug] Trained a tree with leaves = 44
[LightGBM] [Info] 14.336615 seconds elapsed, finished iteration 340
[LightGBM] [Warning] No further splits with positive gain, training stopped with 44 leaves.
[LightGBM] [Debug] Trained a tree with leaves = 44
[LightGBM] [Info] 14.379638 seconds elapsed, finished iteration 341
[LightGBM] [Warning] No further splits with positive gain, training stopped with 44 leaves.
[LightGBM] [Debug] Trained a tree with leaves = 44
[LightGBM] [Info] 14.422694 seconds elapsed, finished iteration 342
[LightGBM] [Warning] No further splits with positive gain, training stopped with 43 leaves.
[LightGBM] [Debug] Trained a tree with leaves = 43
[LightGBM] [Info] 14.465979 seconds elapsed, finished iteration 343
[LightGBM] [Debug] Trained a tree with leaves = 45
[LightGBM] [Info] 14.511403 seconds elapsed, finished iteration 344
[LightGBM] [Warning] No further splits with positive gain, training stopped with 42 leaves.
[LightGBM] [Debug] Trained a tree with leaves = 42
[LightGBM] [Info] 14.551921 seconds elapsed, finished iteration 345
[LightGBM] [Debug] Trained a tree with leaves = 45
[LightGBM] [Info] 14.617757 seconds elapsed, finished iteration 346
[LightGBM] [Warning] No further splits with positive gain, training stopped with 42 leaves.
[LightGBM] [Debug] Trained a tree with leaves = 42
[LightGBM] [Info] 14.655603 seconds elapsed, finished iteration 347
[LightGBM] [Warning] No further splits with positive gain, training stopped with 43 leaves.
[LightGBM] [Debug] Trained a tree with leaves = 43
[LightGBM] [Info] 14.694217 seconds elapsed, finished iteration 348
[LightGBM] [Warning] No further splits with positive gain, training stopped with 41 leaves.
[LightGBM] [Debug] Trained a tree with leaves = 41
[LightGBM] [Info] 14.733428 seconds elapsed, finished iteration 349
[LightGBM] [Warning] No further splits with positive gain, training stopped with 43 leaves.
[LightGBM] [Debug] Trained a tree with leaves = 43
[LightGBM] [Info] 14.774218 seconds elapsed, finished iteration 350
[LightGBM] [Warning] No further splits with positive gain, training stopped with 44 leaves.
[LightGBM] [Debug] Trained a tree with leaves = 44
[LightGBM] [Info] 14.817628 seconds elapsed, finished iteration 351
[LightGBM] [Warning] No further splits with positive gain, training stopped with 44 leaves.
[LightGBM] [Debug] Trained a tree with leaves = 44
[LightGBM] [Info] 14.858454 seconds elapsed, finished iteration 352
[LightGBM] [Debug] Trained a tree with leaves = 45
[LightGBM] [Info] 14.898350 seconds elapsed, finished iteration 353
[LightGBM] [Warning] No further splits with positive gain, training stopped with 41 leaves.
[LightGBM] [Debug] Trained a tree with leaves = 41
[LightGBM] [Info] 14.937957 seconds elapsed, finished iteration 354
[LightGBM] [Warning] No further splits with positive gain, training stopped with 43 leaves.
[LightGBM] [Debug] Trained a tree with leaves = 43
[LightGBM] [Info] 14.975903 seconds elapsed, finished iteration 355
[LightGBM] [Warning] No further splits with positive gain, training stopped with 43 leaves.
[LightGBM] [Debug] Trained a tree with leaves = 43
[LightGBM] [Info] 15.015558 seconds elapsed, finished iteration 356
[LightGBM] [Warning] No further splits with positive gain, training stopped with 44 leaves.
[LightGBM] [Debug] Trained a tree with leaves = 44
[LightGBM] [Info] 15.054817 seconds elapsed, finished iteration 357
[LightGBM] [Warning] No further splits with positive gain, training stopped with 43 leaves.
[LightGBM] [Debug] Trained a tree with leaves = 43
[LightGBM] [Info] 15.093173 seconds elapsed, finished iteration 358
[LightGBM] [Warning] No further splits with positive gain, training stopped with 43 leaves.
[LightGBM] [Debug] Trained a tree with leaves = 43
[LightGBM] [Info] 15.131780 seconds elapsed, finished iteration 359
[LightGBM] [Warning] No further splits with positive gain, training stopped with 43 leaves.
[LightGBM] [Debug] Trained a tree with leaves = 43
[LightGBM] [Info] 15.171474 seconds elapsed, finished iteration 360
[LightGBM] [Warning] No further splits with positive gain, training stopped with 43 leaves.
[LightGBM] [Debug] Trained a tree with leaves = 43
[LightGBM] [Info] 15.209870 seconds elapsed, finished iteration 361
[LightGBM] [Warning] No further splits with positive gain, training stopped with 44 leaves.
[LightGBM] [Debug] Trained a tree with leaves = 44
[LightGBM] [Info] 15.249255 seconds elapsed, finished iteration 362
[LightGBM] [Debug] Trained a tree with leaves = 45
[LightGBM] [Info] 15.291565 seconds elapsed, finished iteration 363
[LightGBM] [Warning] No further splits with positive gain, training stopped with 44 leaves.
[LightGBM] [Debug] Trained a tree with leaves = 44
[LightGBM] [Info] 15.331722 seconds elapsed, finished iteration 364
[LightGBM] [Warning] No further splits with positive gain, training stopped with 44 leaves.
[LightGBM] [Debug] Trained a tree with leaves = 44
[LightGBM] [Info] 15.373228 seconds elapsed, finished iteration 365
[LightGBM] [Warning] No further splits with positive gain, training stopped with 41 leaves.
[LightGBM] [Debug] Trained a tree with leaves = 41
[LightGBM] [Info] 15.412826 seconds elapsed, finished iteration 366
[LightGBM] [Debug] Trained a tree with leaves = 45
[LightGBM] [Info] 15.452382 seconds elapsed, finished iteration 367
[LightGBM] [Debug] Trained a tree with leaves = 45
[LightGBM] [Info] 15.497015 seconds elapsed, finished iteration 368
[LightGBM] [Warning] No further splits with positive gain, training stopped with 44 leaves.
[LightGBM] [Debug] Trained a tree with leaves = 44
[LightGBM] [Info] 15.542249 seconds elapsed, finished iteration 369
[LightGBM] [Warning] No further splits with positive gain, training stopped with 44 leaves.
[LightGBM] [Debug] Trained a tree with leaves = 44
[LightGBM] [Info] 15.583951 seconds elapsed, finished iteration 370
[LightGBM] [Warning] No further splits with positive gain, training stopped with 44 leaves.
[LightGBM] [Debug] Trained a tree with leaves = 44
[LightGBM] [Info] 15.623847 seconds elapsed, finished iteration 371
[LightGBM] [Warning] No further splits with positive gain, training stopped with 43 leaves.
[LightGBM] [Debug] Trained a tree with leaves = 43
[LightGBM] [Info] 15.663250 seconds elapsed, finished iteration 372
[LightGBM] [Debug] Trained a tree with leaves = 45
[LightGBM] [Info] 15.703563 seconds elapsed, finished iteration 373
[LightGBM] [Warning] No further splits with positive gain, training stopped with 43 leaves.
[LightGBM] [Debug] Trained a tree with leaves = 43
[LightGBM] [Info] 15.745820 seconds elapsed, finished iteration 374
[LightGBM] [Debug] Trained a tree with leaves = 45
[LightGBM] [Info] 15.793701 seconds elapsed, finished iteration 375
[LightGBM] [Warning] No further splits with positive gain, training stopped with 44 leaves.
[LightGBM] [Debug] Trained a tree with leaves = 44
[LightGBM] [Info] 15.834014 seconds elapsed, finished iteration 376
[LightGBM] [Warning] No further splits with positive gain, training stopped with 42 leaves.
[LightGBM] [Debug] Trained a tree with leaves = 42
[LightGBM] [Info] 15.900776 seconds elapsed, finished iteration 377
[LightGBM] [Warning] No further splits with positive gain, training stopped with 43 leaves.
[LightGBM] [Debug] Trained a tree with leaves = 43
[LightGBM] [Info] 15.945315 seconds elapsed, finished iteration 378
[LightGBM] [Warning] No further splits with positive gain, training stopped with 43 leaves.
[LightGBM] [Debug] Trained a tree with leaves = 43
[LightGBM] [Info] 15.984486 seconds elapsed, finished iteration 379
[LightGBM] [Warning] No further splits with positive gain, training stopped with 41 leaves.
[LightGBM] [Debug] Trained a tree with leaves = 41
[LightGBM] [Info] 16.023247 seconds elapsed, finished iteration 380
[LightGBM] [Warning] No further splits with positive gain, training stopped with 43 leaves.
[LightGBM] [Debug] Trained a tree with leaves = 43
[LightGBM] [Info] 16.064911 seconds elapsed, finished iteration 381
[LightGBM] [Warning] No further splits with positive gain, training stopped with 44 leaves.
[LightGBM] [Debug] Trained a tree with leaves = 44
[LightGBM] [Info] 16.107086 seconds elapsed, finished iteration 382
[LightGBM] [Warning] No further splits with positive gain, training stopped with 41 leaves.
[LightGBM] [Debug] Trained a tree with leaves = 41
[LightGBM] [Info] 16.149084 seconds elapsed, finished iteration 383
[LightGBM] [Warning] No further splits with positive gain, training stopped with 40 leaves.
[LightGBM] [Debug] Trained a tree with leaves = 40
[LightGBM] [Info] 16.188826 seconds elapsed, finished iteration 384
[LightGBM] [Warning] No further splits with positive gain, training stopped with 43 leaves.
[LightGBM] [Debug] Trained a tree with leaves = 43
[LightGBM] [Info] 16.228781 seconds elapsed, finished iteration 385
[LightGBM] [Warning] No further splits with positive gain, training stopped with 43 leaves.
[LightGBM] [Debug] Trained a tree with leaves = 43
[LightGBM] [Info] 16.267114 seconds elapsed, finished iteration 386
[LightGBM] [Warning] No further splits with positive gain, training stopped with 44 leaves.
[LightGBM] [Debug] Trained a tree with leaves = 44
[LightGBM] [Info] 16.306130 seconds elapsed, finished iteration 387
[LightGBM] [Warning] No further splits with positive gain, training stopped with 42 leaves.
[LightGBM] [Debug] Trained a tree with leaves = 42
[LightGBM] [Info] 16.347266 seconds elapsed, finished iteration 388
[LightGBM] [Warning] No further splits with positive gain, training stopped with 43 leaves.
[LightGBM] [Debug] Trained a tree with leaves = 43
[LightGBM] [Info] 16.386471 seconds elapsed, finished iteration 389
[LightGBM] [Warning] No further splits with positive gain, training stopped with 43 leaves.
[LightGBM] [Debug] Trained a tree with leaves = 43
[LightGBM] [Info] 16.429484 seconds elapsed, finished iteration 390
[LightGBM] [Debug] Trained a tree with leaves = 45
[LightGBM] [Info] 16.468126 seconds elapsed, finished iteration 391
[LightGBM] [Warning] No further splits with positive gain, training stopped with 44 leaves.
[LightGBM] [Debug] Trained a tree with leaves = 44
[LightGBM] [Info] 16.508157 seconds elapsed, finished iteration 392
[LightGBM] [Warning] No further splits with positive gain, training stopped with 44 leaves.
[LightGBM] [Debug] Trained a tree with leaves = 44
[LightGBM] [Info] 16.548317 seconds elapsed, finished iteration 393
[LightGBM] [Debug] Trained a tree with leaves = 45
[LightGBM] [Info] 16.589252 seconds elapsed, finished iteration 394
[LightGBM] [Warning] No further splits with positive gain, training stopped with 43 leaves.
[LightGBM] [Debug] Trained a tree with leaves = 43
[LightGBM] [Info] 16.635282 seconds elapsed, finished iteration 395
[LightGBM] [Warning] No further splits with positive gain, training stopped with 42 leaves.
[LightGBM] [Debug] Trained a tree with leaves = 42
[LightGBM] [Info] 16.677722 seconds elapsed, finished iteration 396
[LightGBM] [Warning] No further splits with positive gain, training stopped with 44 leaves.
[LightGBM] [Debug] Trained a tree with leaves = 44
[LightGBM] [Info] 16.717437 seconds elapsed, finished iteration 397
[LightGBM] [Warning] No further splits with positive gain, training stopped with 43 leaves.
[LightGBM] [Debug] Trained a tree with leaves = 43
[LightGBM] [Info] 16.755949 seconds elapsed, finished iteration 398
[LightGBM] [Debug] Trained a tree with leaves = 45
[LightGBM] [Info] 16.797008 seconds elapsed, finished iteration 399
[LightGBM] [Warning] No further splits with positive gain, training stopped with 44 leaves.
[LightGBM] [Debug] Trained a tree with leaves = 44
[LightGBM] [Info] 16.837704 seconds elapsed, finished iteration 400
[LightGBM] [Warning] No further splits with positive gain, training stopped with 41 leaves.
[LightGBM] [Debug] Trained a tree with leaves = 41
[LightGBM] [Info] 16.884448 seconds elapsed, finished iteration 401
[LightGBM] [Warning] No further splits with positive gain, training stopped with 44 leaves.
[LightGBM] [Debug] Trained a tree with leaves = 44
[LightGBM] [Info] 16.925302 seconds elapsed, finished iteration 402
[LightGBM] [Warning] No further splits with positive gain, training stopped with 44 leaves.
[LightGBM] [Debug] Trained a tree with leaves = 44
[LightGBM] [Info] 16.964329 seconds elapsed, finished iteration 403
[LightGBM] [Warning] No further splits with positive gain, training stopped with 42 leaves.
[LightGBM] [Debug] Trained a tree with leaves = 42
[LightGBM] [Info] 17.001580 seconds elapsed, finished iteration 404
[LightGBM] [Warning] No further splits with positive gain, training stopped with 42 leaves.
[LightGBM] [Debug] Trained a tree with leaves = 42
[LightGBM] [Info] 17.041430 seconds elapsed, finished iteration 405
[LightGBM] [Warning] No further splits with positive gain, training stopped with 44 leaves.
[LightGBM] [Debug] Trained a tree with leaves = 44
[LightGBM] [Info] 17.086994 seconds elapsed, finished iteration 406
[LightGBM] [Warning] No further splits with positive gain, training stopped with 43 leaves.
[LightGBM] [Debug] Trained a tree with leaves = 43
[LightGBM] [Info] 17.126212 seconds elapsed, finished iteration 407
[LightGBM] [Warning] No further splits with positive gain, training stopped with 43 leaves.
[LightGBM] [Debug] Trained a tree with leaves = 43
[LightGBM] [Info] 17.165198 seconds elapsed, finished iteration 408
[LightGBM] [Warning] No further splits with positive gain, training stopped with 43 leaves.
[LightGBM] [Debug] Trained a tree with leaves = 43
[LightGBM] [Info] 17.223932 seconds elapsed, finished iteration 409
[LightGBM] [Debug] Trained a tree with leaves = 45
[LightGBM] [Info] 17.266916 seconds elapsed, finished iteration 410
[LightGBM] [Warning] No further splits with positive gain, training stopped with 41 leaves.
[LightGBM] [Debug] Trained a tree with leaves = 41
[LightGBM] [Info] 17.306710 seconds elapsed, finished iteration 411
[LightGBM] [Warning] No further splits with positive gain, training stopped with 42 leaves.
[LightGBM] [Debug] Trained a tree with leaves = 42
[LightGBM] [Info] 17.344492 seconds elapsed, finished iteration 412
[LightGBM] [Warning] No further splits with positive gain, training stopped with 43 leaves.
[LightGBM] [Debug] Trained a tree with leaves = 43
[LightGBM] [Info] 17.383291 seconds elapsed, finished iteration 413
[LightGBM] [Warning] No further splits with positive gain, training stopped with 42 leaves.
[LightGBM] [Debug] Trained a tree with leaves = 42
[LightGBM] [Info] 17.423112 seconds elapsed, finished iteration 414
[LightGBM] [Warning] No further splits with positive gain, training stopped with 43 leaves.
[LightGBM] [Debug] Trained a tree with leaves = 43
[LightGBM] [Info] 17.463289 seconds elapsed, finished iteration 415
[LightGBM] [Warning] No further splits with positive gain, training stopped with 42 leaves.
[LightGBM] [Debug] Trained a tree with leaves = 42
[LightGBM] [Info] 17.508351 seconds elapsed, finished iteration 416
[LightGBM] [Warning] No further splits with positive gain, training stopped with 43 leaves.
[LightGBM] [Debug] Trained a tree with leaves = 43
[LightGBM] [Info] 17.546959 seconds elapsed, finished iteration 417
[LightGBM] [Warning] No further splits with positive gain, training stopped with 44 leaves.
[LightGBM] [Debug] Trained a tree with leaves = 44
[LightGBM] [Info] 17.589679 seconds elapsed, finished iteration 418
[LightGBM] [Warning] No further splits with positive gain, training stopped with 44 leaves.
[LightGBM] [Debug] Trained a tree with leaves = 44
[LightGBM] [Info] 17.630698 seconds elapsed, finished iteration 419
[LightGBM] [Warning] No further splits with positive gain, training stopped with 41 leaves.
[LightGBM] [Debug] Trained a tree with leaves = 41
[LightGBM] [Info] 17.671454 seconds elapsed, finished iteration 420
[LightGBM] [Warning] No further splits with positive gain, training stopped with 44 leaves.
[LightGBM] [Debug] Trained a tree with leaves = 44
[LightGBM] [Info] 17.713634 seconds elapsed, finished iteration 421
[LightGBM] [Warning] No further splits with positive gain, training stopped with 44 leaves.
[LightGBM] [Debug] Trained a tree with leaves = 44
[LightGBM] [Info] 17.753193 seconds elapsed, finished iteration 422
[LightGBM] [Warning] No further splits with positive gain, training stopped with 43 leaves.
[LightGBM] [Debug] Trained a tree with leaves = 43
[LightGBM] [Info] 17.792868 seconds elapsed, finished iteration 423
[LightGBM] [Warning] No further splits with positive gain, training stopped with 44 leaves.
[LightGBM] [Debug] Trained a tree with leaves = 44
[LightGBM] [Info] 17.832072 seconds elapsed, finished iteration 424
[LightGBM] [Warning] No further splits with positive gain, training stopped with 44 leaves.
[LightGBM] [Debug] Trained a tree with leaves = 44
[LightGBM] [Info] 17.872335 seconds elapsed, finished iteration 425
[LightGBM] [Warning] No further splits with positive gain, training stopped with 43 leaves.
[LightGBM] [Debug] Trained a tree with leaves = 43
[LightGBM] [Info] 17.929094 seconds elapsed, finished iteration 426
[LightGBM] [Warning] No further splits with positive gain, training stopped with 43 leaves.
[LightGBM] [Debug] Trained a tree with leaves = 43
[LightGBM] [Info] 17.969387 seconds elapsed, finished iteration 427
[LightGBM] [Warning] No further splits with positive gain, training stopped with 43 leaves.
[LightGBM] [Debug] Trained a tree with leaves = 43
[LightGBM] [Info] 18.010150 seconds elapsed, finished iteration 428
[LightGBM] [Warning] No further splits with positive gain, training stopped with 42 leaves.
[LightGBM] [Debug] Trained a tree with leaves = 42
[LightGBM] [Info] 18.050652 seconds elapsed, finished iteration 429
[LightGBM] [Warning] No further splits with positive gain, training stopped with 43 leaves.
[LightGBM] [Debug] Trained a tree with leaves = 43
[LightGBM] [Info] 18.090644 seconds elapsed, finished iteration 430
[LightGBM] [Warning] No further splits with positive gain, training stopped with 43 leaves.
[LightGBM] [Debug] Trained a tree with leaves = 43
[LightGBM] [Info] 18.132820 seconds elapsed, finished iteration 431
[LightGBM] [Warning] No further splits with positive gain, training stopped with 43 leaves.
[LightGBM] [Debug] Trained a tree with leaves = 43
[LightGBM] [Info] 18.175603 seconds elapsed, finished iteration 432
[LightGBM] [Warning] No further splits with positive gain, training stopped with 44 leaves.
[LightGBM] [Debug] Trained a tree with leaves = 44
[LightGBM] [Info] 18.215758 seconds elapsed, finished iteration 433
[LightGBM] [Warning] No further splits with positive gain, training stopped with 42 leaves.
[LightGBM] [Debug] Trained a tree with leaves = 42
[LightGBM] [Info] 18.254033 seconds elapsed, finished iteration 434
[LightGBM] [Debug] Trained a tree with leaves = 45
[LightGBM] [Info] 18.293335 seconds elapsed, finished iteration 435
[LightGBM] [Warning] No further splits with positive gain, training stopped with 42 leaves.
[LightGBM] [Debug] Trained a tree with leaves = 42
[LightGBM] [Info] 18.332814 seconds elapsed, finished iteration 436
[LightGBM] [Warning] No further splits with positive gain, training stopped with 42 leaves.
[LightGBM] [Debug] Trained a tree with leaves = 42
[LightGBM] [Info] 18.371382 seconds elapsed, finished iteration 437
[LightGBM] [Warning] No further splits with positive gain, training stopped with 44 leaves.
[LightGBM] [Debug] Trained a tree with leaves = 44
[LightGBM] [Info] 18.414956 seconds elapsed, finished iteration 438
[LightGBM] [Warning] No further splits with positive gain, training stopped with 40 leaves.
[LightGBM] [Debug] Trained a tree with leaves = 40
[LightGBM] [Info] 18.453565 seconds elapsed, finished iteration 439
[LightGBM] [Warning] No further splits with positive gain, training stopped with 41 leaves.
[LightGBM] [Debug] Trained a tree with leaves = 41
[LightGBM] [Info] 18.492926 seconds elapsed, finished iteration 440
[LightGBM] [Warning] No further splits with positive gain, training stopped with 40 leaves.
[LightGBM] [Debug] Trained a tree with leaves = 40
[LightGBM] [Info] 18.530185 seconds elapsed, finished iteration 441
[LightGBM] [Warning] No further splits with positive gain, training stopped with 43 leaves.
[LightGBM] [Debug] Trained a tree with leaves = 43
[LightGBM] [Info] 18.570768 seconds elapsed, finished iteration 442
[LightGBM] [Warning] No further splits with positive gain, training stopped with 43 leaves.
[LightGBM] [Debug] Trained a tree with leaves = 43
[LightGBM] [Info] 18.610177 seconds elapsed, finished iteration 443
[LightGBM] [Warning] No further splits with positive gain, training stopped with 42 leaves.
[LightGBM] [Debug] Trained a tree with leaves = 42
[LightGBM] [Info] 18.669217 seconds elapsed, finished iteration 444
[LightGBM] [Warning] No further splits with positive gain, training stopped with 44 leaves.
[LightGBM] [Debug] Trained a tree with leaves = 44
[LightGBM] [Info] 18.710333 seconds elapsed, finished iteration 445
[LightGBM] [Warning] No further splits with positive gain, training stopped with 42 leaves.
[LightGBM] [Debug] Trained a tree with leaves = 42
[LightGBM] [Info] 18.749264 seconds elapsed, finished iteration 446
[LightGBM] [Warning] No further splits with positive gain, training stopped with 42 leaves.
[LightGBM] [Debug] Trained a tree with leaves = 42
[LightGBM] [Info] 18.788800 seconds elapsed, finished iteration 447
[LightGBM] [Warning] No further splits with positive gain, training stopped with 43 leaves.
[LightGBM] [Debug] Trained a tree with leaves = 43
[LightGBM] [Info] 18.829816 seconds elapsed, finished iteration 448
[LightGBM] [Warning] No further splits with positive gain, training stopped with 44 leaves.
[LightGBM] [Debug] Trained a tree with leaves = 44
[LightGBM] [Info] 18.870039 seconds elapsed, finished iteration 449
[LightGBM] [Warning] No further splits with positive gain, training stopped with 44 leaves.
[LightGBM] [Debug] Trained a tree with leaves = 44
[LightGBM] [Info] 18.910434 seconds elapsed, finished iteration 450
[LightGBM] [Debug] Trained a tree with leaves = 45
[LightGBM] [Info] 18.952019 seconds elapsed, finished iteration 451
[LightGBM] [Warning] No further splits with positive gain, training stopped with 37 leaves.
[LightGBM] [Debug] Trained a tree with leaves = 37
[LightGBM] [Info] 18.991070 seconds elapsed, finished iteration 452
[LightGBM] [Warning] No further splits with positive gain, training stopped with 42 leaves.
[LightGBM] [Debug] Trained a tree with leaves = 42
[LightGBM] [Info] 19.030850 seconds elapsed, finished iteration 453
[LightGBM] [Debug] Trained a tree with leaves = 45
[LightGBM] [Info] 19.072359 seconds elapsed, finished iteration 454
[LightGBM] [Warning] No further splits with positive gain, training stopped with 44 leaves.
[LightGBM] [Debug] Trained a tree with leaves = 44
[LightGBM] [Info] 19.112802 seconds elapsed, finished iteration 455
[LightGBM] [Warning] No further splits with positive gain, training stopped with 43 leaves.
[LightGBM] [Debug] Trained a tree with leaves = 43
[LightGBM] [Info] 19.153623 seconds elapsed, finished iteration 456
[LightGBM] [Warning] No further splits with positive gain, training stopped with 44 leaves.
[LightGBM] [Debug] Trained a tree with leaves = 44
[LightGBM] [Info] 19.194227 seconds elapsed, finished iteration 457
[LightGBM] [Warning] No further splits with positive gain, training stopped with 44 leaves.
[LightGBM] [Debug] Trained a tree with leaves = 44
[LightGBM] [Info] 19.235977 seconds elapsed, finished iteration 458
[LightGBM] [Warning] No further splits with positive gain, training stopped with 44 leaves.
[LightGBM] [Debug] Trained a tree with leaves = 44
[LightGBM] [Info] 19.275926 seconds elapsed, finished iteration 459
[LightGBM] [Debug] Trained a tree with leaves = 45
[LightGBM] [Info] 19.317402 seconds elapsed, finished iteration 460
[LightGBM] [Warning] No further splits with positive gain, training stopped with 43 leaves.
[LightGBM] [Debug] Trained a tree with leaves = 43
[LightGBM] [Info] 19.372050 seconds elapsed, finished iteration 461
[LightGBM] [Warning] No further splits with positive gain, training stopped with 44 leaves.
[LightGBM] [Debug] Trained a tree with leaves = 44
[LightGBM] [Info] 19.414645 seconds elapsed, finished iteration 462
[LightGBM] [Warning] No further splits with positive gain, training stopped with 42 leaves.
[LightGBM] [Debug] Trained a tree with leaves = 42
[LightGBM] [Info] 19.455293 seconds elapsed, finished iteration 463
[LightGBM] [Warning] No further splits with positive gain, training stopped with 42 leaves.
[LightGBM] [Debug] Trained a tree with leaves = 42
[LightGBM] [Info] 19.495643 seconds elapsed, finished iteration 464
[LightGBM] [Warning] No further splits with positive gain, training stopped with 41 leaves.
[LightGBM] [Debug] Trained a tree with leaves = 41
[LightGBM] [Info] 19.534429 seconds elapsed, finished iteration 465
[LightGBM] [Warning] No further splits with positive gain, training stopped with 44 leaves.
[LightGBM] [Debug] Trained a tree with leaves = 44
[LightGBM] [Info] 19.575346 seconds elapsed, finished iteration 466
[LightGBM] [Warning] No further splits with positive gain, training stopped with 44 leaves.
[LightGBM] [Debug] Trained a tree with leaves = 44
[LightGBM] [Info] 19.614731 seconds elapsed, finished iteration 467
[LightGBM] [Warning] No further splits with positive gain, training stopped with 41 leaves.
[LightGBM] [Debug] Trained a tree with leaves = 41
[LightGBM] [Info] 19.652840 seconds elapsed, finished iteration 468
[LightGBM] [Warning] No further splits with positive gain, training stopped with 43 leaves.
[LightGBM] [Debug] Trained a tree with leaves = 43
[LightGBM] [Info] 19.694145 seconds elapsed, finished iteration 469
[LightGBM] [Warning] No further splits with positive gain, training stopped with 43 leaves.
[LightGBM] [Debug] Trained a tree with leaves = 43
[LightGBM] [Info] 19.734164 seconds elapsed, finished iteration 470
[LightGBM] [Warning] No further splits with positive gain, training stopped with 42 leaves.
[LightGBM] [Debug] Trained a tree with leaves = 42
[LightGBM] [Info] 19.774737 seconds elapsed, finished iteration 471
[LightGBM] [Warning] No further splits with positive gain, training stopped with 41 leaves.
[LightGBM] [Debug] Trained a tree with leaves = 41
[LightGBM] [Info] 19.813127 seconds elapsed, finished iteration 472
[LightGBM] [Warning] No further splits with positive gain, training stopped with 43 leaves.
[LightGBM] [Debug] Trained a tree with leaves = 43
[LightGBM] [Info] 19.853272 seconds elapsed, finished iteration 473
[LightGBM] [Warning] No further splits with positive gain, training stopped with 44 leaves.
[LightGBM] [Debug] Trained a tree with leaves = 44
[LightGBM] [Info] 19.892677 seconds elapsed, finished iteration 474
[LightGBM] [Warning] No further splits with positive gain, training stopped with 42 leaves.
[LightGBM] [Debug] Trained a tree with leaves = 42
[LightGBM] [Info] 19.933236 seconds elapsed, finished iteration 475
[LightGBM] [Warning] No further splits with positive gain, training stopped with 44 leaves.
[LightGBM] [Debug] Trained a tree with leaves = 44
[LightGBM] [Info] 19.982358 seconds elapsed, finished iteration 476
[LightGBM] [Warning] No further splits with positive gain, training stopped with 44 leaves.
[LightGBM] [Debug] Trained a tree with leaves = 44
[LightGBM] [Info] 20.023746 seconds elapsed, finished iteration 477
[LightGBM] [Warning] No further splits with positive gain, training stopped with 43 leaves.
[LightGBM] [Debug] Trained a tree with leaves = 43
[LightGBM] [Info] 20.063013 seconds elapsed, finished iteration 478
[LightGBM] [Warning] No further splits with positive gain, training stopped with 44 leaves.
[LightGBM] [Debug] Trained a tree with leaves = 44
[LightGBM] [Info] 20.107216 seconds elapsed, finished iteration 479
[LightGBM] [Warning] No further splits with positive gain, training stopped with 43 leaves.
[LightGBM] [Debug] Trained a tree with leaves = 43
[LightGBM] [Info] 20.149992 seconds elapsed, finished iteration 480
[LightGBM] [Debug] Trained a tree with leaves = 45
[LightGBM] [Info] 20.190084 seconds elapsed, finished iteration 481
[LightGBM] [Warning] No further splits with positive gain, training stopped with 43 leaves.
[LightGBM] [Debug] Trained a tree with leaves = 43
[LightGBM] [Info] 20.229218 seconds elapsed, finished iteration 482
[LightGBM] [Debug] Trained a tree with leaves = 45
[LightGBM] [Info] 20.268178 seconds elapsed, finished iteration 483
[LightGBM] [Warning] No further splits with positive gain, training stopped with 40 leaves.
[LightGBM] [Debug] Trained a tree with leaves = 40
[LightGBM] [Info] 20.305395 seconds elapsed, finished iteration 484
[LightGBM] [Warning] No further splits with positive gain, training stopped with 43 leaves.
[LightGBM] [Debug] Trained a tree with leaves = 43
[LightGBM] [Info] 20.344391 seconds elapsed, finished iteration 485
[LightGBM] [Debug] Trained a tree with leaves = 45
[LightGBM] [Info] 20.384915 seconds elapsed, finished iteration 486
[LightGBM] [Warning] No further splits with positive gain, training stopped with 43 leaves.
[LightGBM] [Debug] Trained a tree with leaves = 43
[LightGBM] [Info] 20.423559 seconds elapsed, finished iteration 487
[LightGBM] [Warning] No further splits with positive gain, training stopped with 43 leaves.
[LightGBM] [Debug] Trained a tree with leaves = 43
[LightGBM] [Info] 20.463710 seconds elapsed, finished iteration 488
[LightGBM] [Warning] No further splits with positive gain, training stopped with 42 leaves.
[LightGBM] [Debug] Trained a tree with leaves = 42
[LightGBM] [Info] 20.504796 seconds elapsed, finished iteration 489
[LightGBM] [Warning] No further splits with positive gain, training stopped with 41 leaves.
[LightGBM] [Debug] Trained a tree with leaves = 41
[LightGBM] [Info] 20.557877 seconds elapsed, finished iteration 490
[LightGBM] [Warning] No further splits with positive gain, training stopped with 42 leaves.
[LightGBM] [Debug] Trained a tree with leaves = 42
[LightGBM] [Info] 20.597863 seconds elapsed, finished iteration 491
[LightGBM] [Warning] No further splits with positive gain, training stopped with 41 leaves.
[LightGBM] [Debug] Trained a tree with leaves = 41
[LightGBM] [Info] 20.639084 seconds elapsed, finished iteration 492
[LightGBM] [Debug] Trained a tree with leaves = 45
[LightGBM] [Info] 20.679631 seconds elapsed, finished iteration 493
[LightGBM] [Warning] No further splits with positive gain, training stopped with 41 leaves.
[LightGBM] [Debug] Trained a tree with leaves = 41
[LightGBM] [Info] 20.716652 seconds elapsed, finished iteration 494
[LightGBM] [Warning] No further splits with positive gain, training stopped with 42 leaves.
[LightGBM] [Debug] Trained a tree with leaves = 42
[LightGBM] [Info] 20.755595 seconds elapsed, finished iteration 495
[LightGBM] [Debug] Trained a tree with leaves = 45
[LightGBM] [Info] 20.799294 seconds elapsed, finished iteration 496
[LightGBM] [Warning] No further splits with positive gain, training stopped with 44 leaves.
[LightGBM] [Debug] Trained a tree with leaves = 44
[LightGBM] [Info] 20.839830 seconds elapsed, finished iteration 497
[LightGBM] [Warning] No further splits with positive gain, training stopped with 38 leaves.
[LightGBM] [Debug] Trained a tree with leaves = 38
[LightGBM] [Info] 20.879195 seconds elapsed, finished iteration 498
[LightGBM] [Warning] No further splits with positive gain, training stopped with 44 leaves.
[LightGBM] [Debug] Trained a tree with leaves = 44
[LightGBM] [Info] 20.919678 seconds elapsed, finished iteration 499
[LightGBM] [Warning] No further splits with positive gain, training stopped with 43 leaves.
[LightGBM] [Debug] Trained a tree with leaves = 43
[LightGBM] [Info] 20.959131 seconds elapsed, finished iteration 500
[LightGBM] [Info] Finished training
[LightGBM] [Info] CUDABestSplitFinder::LaunchSyncBestSplitForLeafKernel costs:	 1.239607
[LightGBM] [Info] CUDADataPartition::AddPredictionToScoreKernel costs:	 0.106432
[LightGBM] [Info] CUDADataPartition::AggregateBlockOffsetKernel costs:	 0.416701
[LightGBM] [Info] CUDADataPartition::CopyDataIndicesKernel costs:	 0.067583
[LightGBM] [Info] CUDADataPartition::CopyFromCUDADeviceToHostAsync costs:	 0.330733
[LightGBM] [Info] CUDADataPartition::LaunchAddPredictionToScoreKernel::BitonicArgSortGlobal costs:	 0.022605
[LightGBM] [Info] CUDADataPartition::SplitInnerKernel costs:	 0.063134
[LightGBM] [Info] CUDADataPartition::SplitTreeStructureKernel costs:	 0.059155
[LightGBM] [Info] CUDAHistogramConstructor::ConstructHistogramForLeaf::LaunchSubtractHistogramKernel costs:	 0.157146
[LightGBM] [Info] CUDAHistogramConstructor::FixHistogramKernel costs:	 0.081981
[LightGBM] [Info] CUDAHistogramConstructor::SubtractHistogramKernel costs:	 0.057530
[LightGBM] [Info] CUDAScoreUpdater::AddScore costs:	 0.000017
[LightGBM] [Info] CUDASingleGPUTreeLearner::BeforeTrain costs:	 0.138274
[LightGBM] [Info] CUDASingleGPUTreeLearner::CPUFindBestFromAllSplits costs:	 0.003674
[LightGBM] [Info] CUDASingleGPUTreeLearner::ConstructHistogramForLeaf costs:	 16.105375
[LightGBM] [Info] CUDASingleGPUTreeLearner::FindBestFromAllSplits costs:	 0.435335
[LightGBM] [Info] CUDASingleGPUTreeLearner::FindBestSplitsForLeaf costs:	 2.522375
[LightGBM] [Info] CUDASingleGPUTreeLearner::NCCLReduceHistogram costs:	 0.001626
[LightGBM] [Info] CUDASingleGPUTreeLearner::Split costs:	 1.166516
[LightGBM] [Info] Dataset::FastFeatureBundling costs:	 2.148819
[LightGBM] [Info] Dataset::GetMultiBinFromAllFeatures costs:	 2.208937
[LightGBM] [Info] Dataset::PushDataToMultiValBin costs:	 1.641403
[LightGBM] [Info] Dataset::TestMultiThreadingMethod costs:	 2.213384
[LightGBM] [Info] GBDT::Bagging costs:	 0.000071
[LightGBM] [Info] GBDT::BoostFromAverage costs:	 0.000178
[LightGBM] [Info] GBDT::Boosting costs:	 0.018073
[LightGBM] [Info] GBDT::Train costs:	 20.959146
[LightGBM] [Info] GBDT::TrainOneIter costs:	 20.951528
[LightGBM] [Info] GBDT::UpdateScore costs:	 0.107539
[LightGBM] [Info] GenDataToLeftBitVector costs:	 0.070965
[LightGBM] [Info] MultiValSparseBin::MergeData costs:	 0.285350
[LightGBM] [Info] ScoreUpdater::AddScore costs:	 0.106953
[LightGBM] [Info] SplitInner costs:	 0.978169
