[LightGBM] [Warning] num_threads is set=24, num_threads=16 will be ignored. Current value: num_threads=24
[LightGBM] [Warning] device_type is set=cuda, device_type=cpu will be ignored. Current value: device_type=cuda
[LightGBM] [Warning] use_discretized_grad is set=true, use_discretized_grad=true will be ignored. Current value: use_discretized_grad=true
[LightGBM] [Warning] discretized_grad_renew is set=true, discretized_grad_renew=true will be ignored. Current value: discretized_grad_renew=true
[LightGBM] [Info] Finished loading parameters
[LightGBM] [Debug] Loading train file...
[LightGBM] [Info] Loading query boundaries...
[LightGBM] [Warning] Using sparse features with CUDA is currently not supported.
[LightGBM] [Info] Construct bin mappers from text data time 8.23 seconds
[LightGBM] [Debug] Number of queries in /home/shiyu/boosting_tree_benchmarks/data/msltr.train: 18919. Average number of rows per query: 120.000846.
[LightGBM] [Info] Finished loading data in 15.420032 seconds
[LightGBM] [Debug] Dataset::GetMultiBinFromAllFeatures: sparse rate 0.377905
[LightGBM] [Info] Total Bins 25525
[LightGBM] [Info] Number of data points in the train set: 2270296, number of used features: 136
[LightGBM] [Info] Finished initializing training
[LightGBM] [Info] Started training...
[LightGBM] [Debug] Trained a tree with leaves = 255
[LightGBM] [Info] 0.076104 seconds elapsed, finished iteration 1
[LightGBM] [Debug] Trained a tree with leaves = 255
[LightGBM] [Info] 0.148785 seconds elapsed, finished iteration 2
[LightGBM] [Debug] Trained a tree with leaves = 255
[LightGBM] [Info] 0.217903 seconds elapsed, finished iteration 3
[LightGBM] [Debug] Trained a tree with leaves = 255
[LightGBM] [Info] 0.290867 seconds elapsed, finished iteration 4
[LightGBM] [Debug] Trained a tree with leaves = 255
[LightGBM] [Info] 0.358132 seconds elapsed, finished iteration 5
[LightGBM] [Debug] Trained a tree with leaves = 255
[LightGBM] [Info] 0.426176 seconds elapsed, finished iteration 6
[LightGBM] [Debug] Trained a tree with leaves = 255
[LightGBM] [Info] 0.497650 seconds elapsed, finished iteration 7
[LightGBM] [Debug] Trained a tree with leaves = 255
[LightGBM] [Info] 0.565463 seconds elapsed, finished iteration 8
[LightGBM] [Debug] Trained a tree with leaves = 255
[LightGBM] [Info] 0.636900 seconds elapsed, finished iteration 9
[LightGBM] [Debug] Trained a tree with leaves = 255
[LightGBM] [Info] 0.704372 seconds elapsed, finished iteration 10
[LightGBM] [Debug] Trained a tree with leaves = 255
[LightGBM] [Info] 0.771760 seconds elapsed, finished iteration 11
[LightGBM] [Debug] Trained a tree with leaves = 255
[LightGBM] [Info] 0.841689 seconds elapsed, finished iteration 12
[LightGBM] [Debug] Trained a tree with leaves = 255
[LightGBM] [Info] 0.911260 seconds elapsed, finished iteration 13
[LightGBM] [Debug] Trained a tree with leaves = 255
[LightGBM] [Info] 0.986015 seconds elapsed, finished iteration 14
[LightGBM] [Debug] Trained a tree with leaves = 255
[LightGBM] [Info] 1.054330 seconds elapsed, finished iteration 15
[LightGBM] [Debug] Trained a tree with leaves = 255
[LightGBM] [Info] 1.127305 seconds elapsed, finished iteration 16
[LightGBM] [Debug] Trained a tree with leaves = 255
[LightGBM] [Info] 1.195625 seconds elapsed, finished iteration 17
[LightGBM] [Debug] Trained a tree with leaves = 255
[LightGBM] [Info] 1.264606 seconds elapsed, finished iteration 18
[LightGBM] [Debug] Trained a tree with leaves = 255
[LightGBM] [Info] 1.332495 seconds elapsed, finished iteration 19
[LightGBM] [Debug] Trained a tree with leaves = 255
[LightGBM] [Info] 1.404591 seconds elapsed, finished iteration 20
[LightGBM] [Debug] Trained a tree with leaves = 255
[LightGBM] [Info] 1.472803 seconds elapsed, finished iteration 21
[LightGBM] [Debug] Trained a tree with leaves = 255
[LightGBM] [Info] 1.540605 seconds elapsed, finished iteration 22
[LightGBM] [Debug] Trained a tree with leaves = 255
[LightGBM] [Info] 1.613016 seconds elapsed, finished iteration 23
[LightGBM] [Debug] Trained a tree with leaves = 255
[LightGBM] [Info] 1.683770 seconds elapsed, finished iteration 24
[LightGBM] [Debug] Trained a tree with leaves = 255
[LightGBM] [Info] 1.756832 seconds elapsed, finished iteration 25
[LightGBM] [Debug] Trained a tree with leaves = 255
[LightGBM] [Info] 1.827008 seconds elapsed, finished iteration 26
[LightGBM] [Debug] Trained a tree with leaves = 255
[LightGBM] [Info] 1.896190 seconds elapsed, finished iteration 27
[LightGBM] [Debug] Trained a tree with leaves = 255
[LightGBM] [Info] 1.964236 seconds elapsed, finished iteration 28
[LightGBM] [Debug] Trained a tree with leaves = 255
[LightGBM] [Info] 2.032314 seconds elapsed, finished iteration 29
[LightGBM] [Debug] Trained a tree with leaves = 255
[LightGBM] [Info] 2.100404 seconds elapsed, finished iteration 30
[LightGBM] [Debug] Trained a tree with leaves = 255
[LightGBM] [Info] 2.168647 seconds elapsed, finished iteration 31
[LightGBM] [Debug] Trained a tree with leaves = 255
[LightGBM] [Info] 2.237916 seconds elapsed, finished iteration 32
[LightGBM] [Debug] Trained a tree with leaves = 255
[LightGBM] [Info] 2.319755 seconds elapsed, finished iteration 33
[LightGBM] [Debug] Trained a tree with leaves = 255
[LightGBM] [Info] 2.387352 seconds elapsed, finished iteration 34
[LightGBM] [Debug] Trained a tree with leaves = 255
[LightGBM] [Info] 2.455215 seconds elapsed, finished iteration 35
[LightGBM] [Debug] Trained a tree with leaves = 255
[LightGBM] [Info] 2.522846 seconds elapsed, finished iteration 36
[LightGBM] [Debug] Trained a tree with leaves = 255
[LightGBM] [Info] 2.600252 seconds elapsed, finished iteration 37
[LightGBM] [Debug] Trained a tree with leaves = 255
[LightGBM] [Info] 2.669171 seconds elapsed, finished iteration 38
[LightGBM] [Debug] Trained a tree with leaves = 255
[LightGBM] [Info] 2.737454 seconds elapsed, finished iteration 39
[LightGBM] [Debug] Trained a tree with leaves = 255
[LightGBM] [Info] 2.805890 seconds elapsed, finished iteration 40
[LightGBM] [Debug] Trained a tree with leaves = 255
[LightGBM] [Info] 2.873406 seconds elapsed, finished iteration 41
[LightGBM] [Debug] Trained a tree with leaves = 255
[LightGBM] [Info] 2.941956 seconds elapsed, finished iteration 42
[LightGBM] [Debug] Trained a tree with leaves = 255
[LightGBM] [Info] 3.009081 seconds elapsed, finished iteration 43
[LightGBM] [Debug] Trained a tree with leaves = 255
[LightGBM] [Info] 3.079063 seconds elapsed, finished iteration 44
[LightGBM] [Debug] Trained a tree with leaves = 255
[LightGBM] [Info] 3.146954 seconds elapsed, finished iteration 45
[LightGBM] [Debug] Trained a tree with leaves = 255
[LightGBM] [Info] 3.214447 seconds elapsed, finished iteration 46
[LightGBM] [Debug] Trained a tree with leaves = 255
[LightGBM] [Info] 3.283663 seconds elapsed, finished iteration 47
[LightGBM] [Debug] Trained a tree with leaves = 255
[LightGBM] [Info] 3.354802 seconds elapsed, finished iteration 48
[LightGBM] [Debug] Trained a tree with leaves = 255
[LightGBM] [Info] 3.422918 seconds elapsed, finished iteration 49
[LightGBM] [Debug] Trained a tree with leaves = 255
[LightGBM] [Info] 3.493701 seconds elapsed, finished iteration 50
[LightGBM] [Debug] Trained a tree with leaves = 255
[LightGBM] [Info] 3.561644 seconds elapsed, finished iteration 51
[LightGBM] [Debug] Trained a tree with leaves = 255
[LightGBM] [Info] 3.638091 seconds elapsed, finished iteration 52
[LightGBM] [Debug] Trained a tree with leaves = 255
[LightGBM] [Info] 3.705784 seconds elapsed, finished iteration 53
[LightGBM] [Debug] Trained a tree with leaves = 255
[LightGBM] [Info] 3.774448 seconds elapsed, finished iteration 54
[LightGBM] [Debug] Trained a tree with leaves = 255
[LightGBM] [Info] 3.864859 seconds elapsed, finished iteration 55
[LightGBM] [Debug] Trained a tree with leaves = 255
[LightGBM] [Info] 3.934661 seconds elapsed, finished iteration 56
[LightGBM] [Debug] Trained a tree with leaves = 255
[LightGBM] [Info] 4.004546 seconds elapsed, finished iteration 57
[LightGBM] [Debug] Trained a tree with leaves = 255
[LightGBM] [Info] 4.071944 seconds elapsed, finished iteration 58
[LightGBM] [Debug] Trained a tree with leaves = 255
[LightGBM] [Info] 4.139850 seconds elapsed, finished iteration 59
[LightGBM] [Debug] Trained a tree with leaves = 255
[LightGBM] [Info] 4.207564 seconds elapsed, finished iteration 60
[LightGBM] [Debug] Trained a tree with leaves = 255
[LightGBM] [Info] 4.274338 seconds elapsed, finished iteration 61
[LightGBM] [Debug] Trained a tree with leaves = 255
[LightGBM] [Info] 4.342899 seconds elapsed, finished iteration 62
[LightGBM] [Debug] Trained a tree with leaves = 255
[LightGBM] [Info] 4.410026 seconds elapsed, finished iteration 63
[LightGBM] [Debug] Trained a tree with leaves = 255
[LightGBM] [Info] 4.477972 seconds elapsed, finished iteration 64
[LightGBM] [Debug] Trained a tree with leaves = 255
[LightGBM] [Info] 4.544905 seconds elapsed, finished iteration 65
[LightGBM] [Debug] Trained a tree with leaves = 255
[LightGBM] [Info] 4.619599 seconds elapsed, finished iteration 66
[LightGBM] [Debug] Trained a tree with leaves = 255
[LightGBM] [Info] 4.687350 seconds elapsed, finished iteration 67
[LightGBM] [Debug] Trained a tree with leaves = 255
[LightGBM] [Info] 4.753781 seconds elapsed, finished iteration 68
[LightGBM] [Debug] Trained a tree with leaves = 255
[LightGBM] [Info] 4.823435 seconds elapsed, finished iteration 69
[LightGBM] [Debug] Trained a tree with leaves = 255
[LightGBM] [Info] 4.890477 seconds elapsed, finished iteration 70
[LightGBM] [Debug] Trained a tree with leaves = 255
[LightGBM] [Info] 4.958271 seconds elapsed, finished iteration 71
[LightGBM] [Debug] Trained a tree with leaves = 255
[LightGBM] [Info] 5.027835 seconds elapsed, finished iteration 72
[LightGBM] [Debug] Trained a tree with leaves = 255
[LightGBM] [Info] 5.094134 seconds elapsed, finished iteration 73
[LightGBM] [Debug] Trained a tree with leaves = 255
[LightGBM] [Info] 5.163627 seconds elapsed, finished iteration 74
[LightGBM] [Debug] Trained a tree with leaves = 255
[LightGBM] [Info] 5.230474 seconds elapsed, finished iteration 75
[LightGBM] [Debug] Trained a tree with leaves = 255
[LightGBM] [Info] 5.298752 seconds elapsed, finished iteration 76
[LightGBM] [Debug] Trained a tree with leaves = 255
[LightGBM] [Info] 5.369334 seconds elapsed, finished iteration 77
[LightGBM] [Debug] Trained a tree with leaves = 255
[LightGBM] [Info] 5.437322 seconds elapsed, finished iteration 78
[LightGBM] [Debug] Trained a tree with leaves = 255
[LightGBM] [Info] 5.504898 seconds elapsed, finished iteration 79
[LightGBM] [Debug] Trained a tree with leaves = 255
[LightGBM] [Info] 5.577283 seconds elapsed, finished iteration 80
[LightGBM] [Debug] Trained a tree with leaves = 255
[LightGBM] [Info] 5.644237 seconds elapsed, finished iteration 81
[LightGBM] [Debug] Trained a tree with leaves = 255
[LightGBM] [Info] 5.711916 seconds elapsed, finished iteration 82
[LightGBM] [Debug] Trained a tree with leaves = 255
[LightGBM] [Info] 5.778046 seconds elapsed, finished iteration 83
[LightGBM] [Debug] Trained a tree with leaves = 255
[LightGBM] [Info] 5.845352 seconds elapsed, finished iteration 84
[LightGBM] [Debug] Trained a tree with leaves = 255
[LightGBM] [Info] 5.930105 seconds elapsed, finished iteration 85
[LightGBM] [Debug] Trained a tree with leaves = 255
[LightGBM] [Info] 5.998770 seconds elapsed, finished iteration 86
[LightGBM] [Debug] Trained a tree with leaves = 255
[LightGBM] [Info] 6.067600 seconds elapsed, finished iteration 87
[LightGBM] [Debug] Trained a tree with leaves = 255
[LightGBM] [Info] 6.137166 seconds elapsed, finished iteration 88
[LightGBM] [Debug] Trained a tree with leaves = 255
[LightGBM] [Info] 6.205913 seconds elapsed, finished iteration 89
[LightGBM] [Debug] Trained a tree with leaves = 255
[LightGBM] [Info] 6.272890 seconds elapsed, finished iteration 90
[LightGBM] [Debug] Trained a tree with leaves = 255
[LightGBM] [Info] 6.336821 seconds elapsed, finished iteration 91
[LightGBM] [Debug] Trained a tree with leaves = 255
[LightGBM] [Info] 6.403696 seconds elapsed, finished iteration 92
[LightGBM] [Debug] Trained a tree with leaves = 255
[LightGBM] [Info] 6.470559 seconds elapsed, finished iteration 93
[LightGBM] [Debug] Trained a tree with leaves = 255
[LightGBM] [Info] 6.538445 seconds elapsed, finished iteration 94
[LightGBM] [Debug] Trained a tree with leaves = 255
[LightGBM] [Info] 6.610208 seconds elapsed, finished iteration 95
[LightGBM] [Debug] Trained a tree with leaves = 255
[LightGBM] [Info] 6.680766 seconds elapsed, finished iteration 96
[LightGBM] [Debug] Trained a tree with leaves = 255
[LightGBM] [Info] 6.747212 seconds elapsed, finished iteration 97
[LightGBM] [Debug] Trained a tree with leaves = 255
[LightGBM] [Info] 6.818256 seconds elapsed, finished iteration 98
[LightGBM] [Debug] Trained a tree with leaves = 255
[LightGBM] [Info] 6.886229 seconds elapsed, finished iteration 99
[LightGBM] [Debug] Trained a tree with leaves = 255
[LightGBM] [Info] 6.952377 seconds elapsed, finished iteration 100
[LightGBM] [Debug] Trained a tree with leaves = 255
[LightGBM] [Info] 7.022376 seconds elapsed, finished iteration 101
[LightGBM] [Debug] Trained a tree with leaves = 255
[LightGBM] [Info] 7.091944 seconds elapsed, finished iteration 102
[LightGBM] [Debug] Trained a tree with leaves = 255
[LightGBM] [Info] 7.158903 seconds elapsed, finished iteration 103
[LightGBM] [Debug] Trained a tree with leaves = 255
[LightGBM] [Info] 7.224503 seconds elapsed, finished iteration 104
[LightGBM] [Debug] Trained a tree with leaves = 255
[LightGBM] [Info] 7.293355 seconds elapsed, finished iteration 105
[LightGBM] [Debug] Trained a tree with leaves = 255
[LightGBM] [Info] 7.361511 seconds elapsed, finished iteration 106
[LightGBM] [Debug] Trained a tree with leaves = 255
[LightGBM] [Info] 7.426992 seconds elapsed, finished iteration 107
[LightGBM] [Debug] Trained a tree with leaves = 255
[LightGBM] [Info] 7.493373 seconds elapsed, finished iteration 108
[LightGBM] [Debug] Trained a tree with leaves = 255
[LightGBM] [Info] 7.564036 seconds elapsed, finished iteration 109
[LightGBM] [Debug] Trained a tree with leaves = 255
[LightGBM] [Info] 7.631886 seconds elapsed, finished iteration 110
[LightGBM] [Debug] Trained a tree with leaves = 255
[LightGBM] [Info] 7.699656 seconds elapsed, finished iteration 111
[LightGBM] [Debug] Trained a tree with leaves = 255
[LightGBM] [Info] 7.768803 seconds elapsed, finished iteration 112
[LightGBM] [Debug] Trained a tree with leaves = 255
[LightGBM] [Info] 7.835418 seconds elapsed, finished iteration 113
[LightGBM] [Debug] Trained a tree with leaves = 255
[LightGBM] [Info] 7.921130 seconds elapsed, finished iteration 114
[LightGBM] [Debug] Trained a tree with leaves = 255
[LightGBM] [Info] 7.985547 seconds elapsed, finished iteration 115
[LightGBM] [Debug] Trained a tree with leaves = 255
[LightGBM] [Info] 8.051608 seconds elapsed, finished iteration 116
[LightGBM] [Debug] Trained a tree with leaves = 255
[LightGBM] [Info] 8.117004 seconds elapsed, finished iteration 117
[LightGBM] [Debug] Trained a tree with leaves = 255
[LightGBM] [Info] 8.184911 seconds elapsed, finished iteration 118
[LightGBM] [Debug] Trained a tree with leaves = 255
[LightGBM] [Info] 8.251070 seconds elapsed, finished iteration 119
[LightGBM] [Debug] Trained a tree with leaves = 255
[LightGBM] [Info] 8.319443 seconds elapsed, finished iteration 120
[LightGBM] [Debug] Trained a tree with leaves = 255
[LightGBM] [Info] 8.386044 seconds elapsed, finished iteration 121
[LightGBM] [Debug] Trained a tree with leaves = 255
[LightGBM] [Info] 8.452136 seconds elapsed, finished iteration 122
[LightGBM] [Debug] Trained a tree with leaves = 255
[LightGBM] [Info] 8.519873 seconds elapsed, finished iteration 123
[LightGBM] [Debug] Trained a tree with leaves = 255
[LightGBM] [Info] 8.587878 seconds elapsed, finished iteration 124
[LightGBM] [Debug] Trained a tree with leaves = 255
[LightGBM] [Info] 8.654307 seconds elapsed, finished iteration 125
[LightGBM] [Debug] Trained a tree with leaves = 255
[LightGBM] [Info] 8.721149 seconds elapsed, finished iteration 126
[LightGBM] [Debug] Trained a tree with leaves = 255
[LightGBM] [Info] 8.789221 seconds elapsed, finished iteration 127
[LightGBM] [Debug] Trained a tree with leaves = 255
[LightGBM] [Info] 8.856422 seconds elapsed, finished iteration 128
[LightGBM] [Debug] Trained a tree with leaves = 255
[LightGBM] [Info] 8.926224 seconds elapsed, finished iteration 129
[LightGBM] [Debug] Trained a tree with leaves = 255
[LightGBM] [Info] 8.998288 seconds elapsed, finished iteration 130
[LightGBM] [Debug] Trained a tree with leaves = 255
[LightGBM] [Info] 9.061739 seconds elapsed, finished iteration 131
[LightGBM] [Debug] Trained a tree with leaves = 255
[LightGBM] [Info] 9.128712 seconds elapsed, finished iteration 132
[LightGBM] [Debug] Trained a tree with leaves = 255
[LightGBM] [Info] 9.200083 seconds elapsed, finished iteration 133
[LightGBM] [Debug] Trained a tree with leaves = 255
[LightGBM] [Info] 9.266767 seconds elapsed, finished iteration 134
[LightGBM] [Debug] Trained a tree with leaves = 255
[LightGBM] [Info] 9.335501 seconds elapsed, finished iteration 135
[LightGBM] [Debug] Trained a tree with leaves = 255
[LightGBM] [Info] 9.402159 seconds elapsed, finished iteration 136
[LightGBM] [Debug] Trained a tree with leaves = 255
[LightGBM] [Info] 9.468805 seconds elapsed, finished iteration 137
[LightGBM] [Debug] Trained a tree with leaves = 255
[LightGBM] [Info] 9.537972 seconds elapsed, finished iteration 138
[LightGBM] [Debug] Trained a tree with leaves = 255
[LightGBM] [Info] 9.612280 seconds elapsed, finished iteration 139
[LightGBM] [Debug] Trained a tree with leaves = 255
[LightGBM] [Info] 9.680183 seconds elapsed, finished iteration 140
[LightGBM] [Debug] Trained a tree with leaves = 255
[LightGBM] [Info] 9.746904 seconds elapsed, finished iteration 141
[LightGBM] [Debug] Trained a tree with leaves = 255
[LightGBM] [Info] 9.812520 seconds elapsed, finished iteration 142
[LightGBM] [Debug] Trained a tree with leaves = 255
[LightGBM] [Info] 9.880187 seconds elapsed, finished iteration 143
[LightGBM] [Debug] Trained a tree with leaves = 255
[LightGBM] [Info] 9.947418 seconds elapsed, finished iteration 144
[LightGBM] [Debug] Trained a tree with leaves = 255
[LightGBM] [Info] 10.022780 seconds elapsed, finished iteration 145
[LightGBM] [Debug] Trained a tree with leaves = 255
[LightGBM] [Info] 10.089404 seconds elapsed, finished iteration 146
[LightGBM] [Debug] Trained a tree with leaves = 255
[LightGBM] [Info] 10.159369 seconds elapsed, finished iteration 147
[LightGBM] [Debug] Trained a tree with leaves = 255
[LightGBM] [Info] 10.226203 seconds elapsed, finished iteration 148
[LightGBM] [Debug] Trained a tree with leaves = 255
[LightGBM] [Info] 10.311643 seconds elapsed, finished iteration 149
[LightGBM] [Debug] Trained a tree with leaves = 255
[LightGBM] [Info] 10.378619 seconds elapsed, finished iteration 150
[LightGBM] [Debug] Trained a tree with leaves = 255
[LightGBM] [Info] 10.448386 seconds elapsed, finished iteration 151
[LightGBM] [Debug] Trained a tree with leaves = 255
[LightGBM] [Info] 10.517997 seconds elapsed, finished iteration 152
[LightGBM] [Debug] Trained a tree with leaves = 255
[LightGBM] [Info] 10.583910 seconds elapsed, finished iteration 153
[LightGBM] [Debug] Trained a tree with leaves = 255
[LightGBM] [Info] 10.649773 seconds elapsed, finished iteration 154
[LightGBM] [Debug] Trained a tree with leaves = 255
[LightGBM] [Info] 10.714830 seconds elapsed, finished iteration 155
[LightGBM] [Debug] Trained a tree with leaves = 255
[LightGBM] [Info] 10.779540 seconds elapsed, finished iteration 156
[LightGBM] [Debug] Trained a tree with leaves = 255
[LightGBM] [Info] 10.846122 seconds elapsed, finished iteration 157
[LightGBM] [Debug] Trained a tree with leaves = 255
[LightGBM] [Info] 10.912100 seconds elapsed, finished iteration 158
[LightGBM] [Debug] Trained a tree with leaves = 255
[LightGBM] [Info] 10.977642 seconds elapsed, finished iteration 159
[LightGBM] [Debug] Trained a tree with leaves = 255
[LightGBM] [Info] 11.043692 seconds elapsed, finished iteration 160
[LightGBM] [Debug] Trained a tree with leaves = 255
[LightGBM] [Info] 11.113122 seconds elapsed, finished iteration 161
[LightGBM] [Debug] Trained a tree with leaves = 255
[LightGBM] [Info] 11.177988 seconds elapsed, finished iteration 162
[LightGBM] [Debug] Trained a tree with leaves = 255
[LightGBM] [Info] 11.244013 seconds elapsed, finished iteration 163
[LightGBM] [Debug] Trained a tree with leaves = 255
[LightGBM] [Info] 11.311955 seconds elapsed, finished iteration 164
[LightGBM] [Debug] Trained a tree with leaves = 255
[LightGBM] [Info] 11.387174 seconds elapsed, finished iteration 165
[LightGBM] [Debug] Trained a tree with leaves = 255
[LightGBM] [Info] 11.457789 seconds elapsed, finished iteration 166
[LightGBM] [Debug] Trained a tree with leaves = 255
[LightGBM] [Info] 11.523846 seconds elapsed, finished iteration 167
[LightGBM] [Debug] Trained a tree with leaves = 255
[LightGBM] [Info] 11.596952 seconds elapsed, finished iteration 168
[LightGBM] [Debug] Trained a tree with leaves = 255
[LightGBM] [Info] 11.663105 seconds elapsed, finished iteration 169
[LightGBM] [Debug] Trained a tree with leaves = 255
[LightGBM] [Info] 11.728683 seconds elapsed, finished iteration 170
[LightGBM] [Debug] Trained a tree with leaves = 255
[LightGBM] [Info] 11.803263 seconds elapsed, finished iteration 171
[LightGBM] [Debug] Trained a tree with leaves = 255
[LightGBM] [Info] 11.870488 seconds elapsed, finished iteration 172
[LightGBM] [Debug] Trained a tree with leaves = 255
[LightGBM] [Info] 11.936702 seconds elapsed, finished iteration 173
[LightGBM] [Debug] Trained a tree with leaves = 255
[LightGBM] [Info] 12.003911 seconds elapsed, finished iteration 174
[LightGBM] [Debug] Trained a tree with leaves = 255
[LightGBM] [Info] 12.070573 seconds elapsed, finished iteration 175
[LightGBM] [Debug] Trained a tree with leaves = 255
[LightGBM] [Info] 12.136348 seconds elapsed, finished iteration 176
[LightGBM] [Debug] Trained a tree with leaves = 255
[LightGBM] [Info] 12.203643 seconds elapsed, finished iteration 177
[LightGBM] [Debug] Trained a tree with leaves = 255
[LightGBM] [Info] 12.268829 seconds elapsed, finished iteration 178
[LightGBM] [Debug] Trained a tree with leaves = 255
[LightGBM] [Info] 12.337667 seconds elapsed, finished iteration 179
[LightGBM] [Debug] Trained a tree with leaves = 255
[LightGBM] [Info] 12.407338 seconds elapsed, finished iteration 180
[LightGBM] [Debug] Trained a tree with leaves = 255
[LightGBM] [Info] 12.474860 seconds elapsed, finished iteration 181
[LightGBM] [Debug] Trained a tree with leaves = 255
[LightGBM] [Info] 12.542933 seconds elapsed, finished iteration 182
[LightGBM] [Debug] Trained a tree with leaves = 255
[LightGBM] [Info] 12.612468 seconds elapsed, finished iteration 183
[LightGBM] [Debug] Trained a tree with leaves = 255
[LightGBM] [Info] 12.680492 seconds elapsed, finished iteration 184
[LightGBM] [Debug] Trained a tree with leaves = 255
[LightGBM] [Info] 12.751481 seconds elapsed, finished iteration 185
[LightGBM] [Debug] Trained a tree with leaves = 255
[LightGBM] [Info] 12.816468 seconds elapsed, finished iteration 186
[LightGBM] [Debug] Trained a tree with leaves = 255
[LightGBM] [Info] 12.881947 seconds elapsed, finished iteration 187
[LightGBM] [Debug] Trained a tree with leaves = 255
[LightGBM] [Info] 12.948484 seconds elapsed, finished iteration 188
[LightGBM] [Debug] Trained a tree with leaves = 255
[LightGBM] [Info] 13.014341 seconds elapsed, finished iteration 189
[LightGBM] [Debug] Trained a tree with leaves = 255
[LightGBM] [Info] 13.080645 seconds elapsed, finished iteration 190
[LightGBM] [Debug] Trained a tree with leaves = 255
[LightGBM] [Info] 13.145616 seconds elapsed, finished iteration 191
[LightGBM] [Debug] Trained a tree with leaves = 255
[LightGBM] [Info] 13.232131 seconds elapsed, finished iteration 192
[LightGBM] [Debug] Trained a tree with leaves = 255
[LightGBM] [Info] 13.299900 seconds elapsed, finished iteration 193
[LightGBM] [Debug] Trained a tree with leaves = 255
[LightGBM] [Info] 13.365921 seconds elapsed, finished iteration 194
[LightGBM] [Debug] Trained a tree with leaves = 255
[LightGBM] [Info] 13.433524 seconds elapsed, finished iteration 195
[LightGBM] [Debug] Trained a tree with leaves = 255
[LightGBM] [Info] 13.498687 seconds elapsed, finished iteration 196
[LightGBM] [Debug] Trained a tree with leaves = 255
[LightGBM] [Info] 13.565823 seconds elapsed, finished iteration 197
[LightGBM] [Debug] Trained a tree with leaves = 255
[LightGBM] [Info] 13.633761 seconds elapsed, finished iteration 198
[LightGBM] [Debug] Trained a tree with leaves = 255
[LightGBM] [Info] 13.700460 seconds elapsed, finished iteration 199
[LightGBM] [Debug] Trained a tree with leaves = 255
[LightGBM] [Info] 13.766291 seconds elapsed, finished iteration 200
[LightGBM] [Debug] Trained a tree with leaves = 255
[LightGBM] [Info] 13.833245 seconds elapsed, finished iteration 201
[LightGBM] [Debug] Trained a tree with leaves = 255
[LightGBM] [Info] 13.898968 seconds elapsed, finished iteration 202
[LightGBM] [Debug] Trained a tree with leaves = 255
[LightGBM] [Info] 13.963599 seconds elapsed, finished iteration 203
[LightGBM] [Debug] Trained a tree with leaves = 255
[LightGBM] [Info] 14.028387 seconds elapsed, finished iteration 204
[LightGBM] [Debug] Trained a tree with leaves = 255
[LightGBM] [Info] 14.097046 seconds elapsed, finished iteration 205
[LightGBM] [Debug] Trained a tree with leaves = 255
[LightGBM] [Info] 14.162535 seconds elapsed, finished iteration 206
[LightGBM] [Debug] Trained a tree with leaves = 255
[LightGBM] [Info] 14.229423 seconds elapsed, finished iteration 207
[LightGBM] [Debug] Trained a tree with leaves = 255
[LightGBM] [Info] 14.296046 seconds elapsed, finished iteration 208
[LightGBM] [Debug] Trained a tree with leaves = 255
[LightGBM] [Info] 14.363610 seconds elapsed, finished iteration 209
[LightGBM] [Debug] Trained a tree with leaves = 255
[LightGBM] [Info] 14.430346 seconds elapsed, finished iteration 210
[LightGBM] [Debug] Trained a tree with leaves = 255
[LightGBM] [Info] 14.497623 seconds elapsed, finished iteration 211
[LightGBM] [Debug] Trained a tree with leaves = 255
[LightGBM] [Info] 14.564388 seconds elapsed, finished iteration 212
[LightGBM] [Debug] Trained a tree with leaves = 255
[LightGBM] [Info] 14.636268 seconds elapsed, finished iteration 213
[LightGBM] [Debug] Trained a tree with leaves = 255
[LightGBM] [Info] 14.702884 seconds elapsed, finished iteration 214
[LightGBM] [Debug] Trained a tree with leaves = 255
[LightGBM] [Info] 14.770674 seconds elapsed, finished iteration 215
[LightGBM] [Debug] Trained a tree with leaves = 255
[LightGBM] [Info] 14.839185 seconds elapsed, finished iteration 216
[LightGBM] [Debug] Trained a tree with leaves = 255
[LightGBM] [Info] 14.907111 seconds elapsed, finished iteration 217
[LightGBM] [Debug] Trained a tree with leaves = 255
[LightGBM] [Info] 14.976317 seconds elapsed, finished iteration 218
[LightGBM] [Debug] Trained a tree with leaves = 255
[LightGBM] [Info] 15.040908 seconds elapsed, finished iteration 219
[LightGBM] [Debug] Trained a tree with leaves = 255
[LightGBM] [Info] 15.107099 seconds elapsed, finished iteration 220
[LightGBM] [Debug] Trained a tree with leaves = 255
[LightGBM] [Info] 15.174444 seconds elapsed, finished iteration 221
[LightGBM] [Debug] Trained a tree with leaves = 255
[LightGBM] [Info] 15.240859 seconds elapsed, finished iteration 222
[LightGBM] [Debug] Trained a tree with leaves = 255
[LightGBM] [Info] 15.306270 seconds elapsed, finished iteration 223
[LightGBM] [Debug] Trained a tree with leaves = 255
[LightGBM] [Info] 15.372023 seconds elapsed, finished iteration 224
[LightGBM] [Debug] Trained a tree with leaves = 255
[LightGBM] [Info] 15.441332 seconds elapsed, finished iteration 225
[LightGBM] [Debug] Trained a tree with leaves = 255
[LightGBM] [Info] 15.511112 seconds elapsed, finished iteration 226
[LightGBM] [Debug] Trained a tree with leaves = 255
[LightGBM] [Info] 15.577732 seconds elapsed, finished iteration 227
[LightGBM] [Debug] Trained a tree with leaves = 255
[LightGBM] [Info] 15.643763 seconds elapsed, finished iteration 228
[LightGBM] [Debug] Trained a tree with leaves = 255
[LightGBM] [Info] 15.710424 seconds elapsed, finished iteration 229
[LightGBM] [Debug] Trained a tree with leaves = 255
[LightGBM] [Info] 15.776508 seconds elapsed, finished iteration 230
[LightGBM] [Debug] Trained a tree with leaves = 255
[LightGBM] [Info] 15.843345 seconds elapsed, finished iteration 231
[LightGBM] [Debug] Trained a tree with leaves = 255
[LightGBM] [Info] 15.914286 seconds elapsed, finished iteration 232
[LightGBM] [Debug] Trained a tree with leaves = 255
[LightGBM] [Info] 15.982074 seconds elapsed, finished iteration 233
[LightGBM] [Debug] Trained a tree with leaves = 255
[LightGBM] [Info] 16.047425 seconds elapsed, finished iteration 234
[LightGBM] [Debug] Trained a tree with leaves = 255
[LightGBM] [Info] 16.113728 seconds elapsed, finished iteration 235
[LightGBM] [Debug] Trained a tree with leaves = 255
[LightGBM] [Info] 16.179972 seconds elapsed, finished iteration 236
[LightGBM] [Debug] Trained a tree with leaves = 255
[LightGBM] [Info] 16.247025 seconds elapsed, finished iteration 237
[LightGBM] [Debug] Trained a tree with leaves = 255
[LightGBM] [Info] 16.314920 seconds elapsed, finished iteration 238
[LightGBM] [Debug] Trained a tree with leaves = 255
[LightGBM] [Info] 16.381790 seconds elapsed, finished iteration 239
[LightGBM] [Debug] Trained a tree with leaves = 255
[LightGBM] [Info] 16.450881 seconds elapsed, finished iteration 240
[LightGBM] [Debug] Trained a tree with leaves = 255
[LightGBM] [Info] 16.534970 seconds elapsed, finished iteration 241
[LightGBM] [Debug] Trained a tree with leaves = 255
[LightGBM] [Info] 16.606713 seconds elapsed, finished iteration 242
[LightGBM] [Debug] Trained a tree with leaves = 255
[LightGBM] [Info] 16.672922 seconds elapsed, finished iteration 243
[LightGBM] [Debug] Trained a tree with leaves = 255
[LightGBM] [Info] 16.744124 seconds elapsed, finished iteration 244
[LightGBM] [Debug] Trained a tree with leaves = 255
[LightGBM] [Info] 16.809773 seconds elapsed, finished iteration 245
[LightGBM] [Debug] Trained a tree with leaves = 255
[LightGBM] [Info] 16.878232 seconds elapsed, finished iteration 246
[LightGBM] [Debug] Trained a tree with leaves = 255
[LightGBM] [Info] 16.947025 seconds elapsed, finished iteration 247
[LightGBM] [Debug] Trained a tree with leaves = 255
[LightGBM] [Info] 17.018945 seconds elapsed, finished iteration 248
[LightGBM] [Debug] Trained a tree with leaves = 255
[LightGBM] [Info] 17.085543 seconds elapsed, finished iteration 249
[LightGBM] [Debug] Trained a tree with leaves = 255
[LightGBM] [Info] 17.152485 seconds elapsed, finished iteration 250
[LightGBM] [Debug] Trained a tree with leaves = 255
[LightGBM] [Info] 17.222860 seconds elapsed, finished iteration 251
[LightGBM] [Debug] Trained a tree with leaves = 255
[LightGBM] [Info] 17.291859 seconds elapsed, finished iteration 252
[LightGBM] [Debug] Trained a tree with leaves = 255
[LightGBM] [Info] 17.360532 seconds elapsed, finished iteration 253
[LightGBM] [Debug] Trained a tree with leaves = 255
[LightGBM] [Info] 17.428622 seconds elapsed, finished iteration 254
[LightGBM] [Debug] Trained a tree with leaves = 255
[LightGBM] [Info] 17.495252 seconds elapsed, finished iteration 255
[LightGBM] [Debug] Trained a tree with leaves = 255
[LightGBM] [Info] 17.562082 seconds elapsed, finished iteration 256
[LightGBM] [Debug] Trained a tree with leaves = 255
[LightGBM] [Info] 17.628550 seconds elapsed, finished iteration 257
[LightGBM] [Debug] Trained a tree with leaves = 255
[LightGBM] [Info] 17.695611 seconds elapsed, finished iteration 258
[LightGBM] [Debug] Trained a tree with leaves = 255
[LightGBM] [Info] 17.762809 seconds elapsed, finished iteration 259
[LightGBM] [Debug] Trained a tree with leaves = 255
[LightGBM] [Info] 17.830396 seconds elapsed, finished iteration 260
[LightGBM] [Debug] Trained a tree with leaves = 255
[LightGBM] [Info] 17.897899 seconds elapsed, finished iteration 261
[LightGBM] [Debug] Trained a tree with leaves = 255
[LightGBM] [Info] 17.966230 seconds elapsed, finished iteration 262
[LightGBM] [Debug] Trained a tree with leaves = 255
[LightGBM] [Info] 18.033949 seconds elapsed, finished iteration 263
[LightGBM] [Debug] Trained a tree with leaves = 255
[LightGBM] [Info] 18.099262 seconds elapsed, finished iteration 264
[LightGBM] [Debug] Trained a tree with leaves = 255
[LightGBM] [Info] 18.166619 seconds elapsed, finished iteration 265
[LightGBM] [Debug] Trained a tree with leaves = 255
[LightGBM] [Info] 18.234354 seconds elapsed, finished iteration 266
[LightGBM] [Debug] Trained a tree with leaves = 255
[LightGBM] [Info] 18.301446 seconds elapsed, finished iteration 267
[LightGBM] [Debug] Trained a tree with leaves = 255
[LightGBM] [Info] 18.368459 seconds elapsed, finished iteration 268
[LightGBM] [Debug] Trained a tree with leaves = 255
[LightGBM] [Info] 18.434006 seconds elapsed, finished iteration 269
[LightGBM] [Debug] Trained a tree with leaves = 255
[LightGBM] [Info] 18.500750 seconds elapsed, finished iteration 270
[LightGBM] [Debug] Trained a tree with leaves = 255
[LightGBM] [Info] 18.568910 seconds elapsed, finished iteration 271
[LightGBM] [Debug] Trained a tree with leaves = 255
[LightGBM] [Info] 18.635513 seconds elapsed, finished iteration 272
[LightGBM] [Debug] Trained a tree with leaves = 255
[LightGBM] [Info] 18.701053 seconds elapsed, finished iteration 273
[LightGBM] [Debug] Trained a tree with leaves = 255
[LightGBM] [Info] 18.769091 seconds elapsed, finished iteration 274
[LightGBM] [Debug] Trained a tree with leaves = 255
[LightGBM] [Info] 18.836787 seconds elapsed, finished iteration 275
[LightGBM] [Debug] Trained a tree with leaves = 255
[LightGBM] [Info] 18.903180 seconds elapsed, finished iteration 276
[LightGBM] [Debug] Trained a tree with leaves = 255
[LightGBM] [Info] 18.970699 seconds elapsed, finished iteration 277
[LightGBM] [Debug] Trained a tree with leaves = 255
[LightGBM] [Info] 19.041473 seconds elapsed, finished iteration 278
[LightGBM] [Debug] Trained a tree with leaves = 255
[LightGBM] [Info] 19.110514 seconds elapsed, finished iteration 279
[LightGBM] [Debug] Trained a tree with leaves = 255
[LightGBM] [Info] 19.180882 seconds elapsed, finished iteration 280
[LightGBM] [Debug] Trained a tree with leaves = 255
[LightGBM] [Info] 19.246272 seconds elapsed, finished iteration 281
[LightGBM] [Debug] Trained a tree with leaves = 255
[LightGBM] [Info] 19.312460 seconds elapsed, finished iteration 282
[LightGBM] [Debug] Trained a tree with leaves = 255
[LightGBM] [Info] 19.380029 seconds elapsed, finished iteration 283
[LightGBM] [Debug] Trained a tree with leaves = 255
[LightGBM] [Info] 19.447427 seconds elapsed, finished iteration 284
[LightGBM] [Debug] Trained a tree with leaves = 255
[LightGBM] [Info] 19.515114 seconds elapsed, finished iteration 285
[LightGBM] [Debug] Trained a tree with leaves = 255
[LightGBM] [Info] 19.583021 seconds elapsed, finished iteration 286
[LightGBM] [Debug] Trained a tree with leaves = 255
[LightGBM] [Info] 19.649954 seconds elapsed, finished iteration 287
[LightGBM] [Debug] Trained a tree with leaves = 255
[LightGBM] [Info] 19.717168 seconds elapsed, finished iteration 288
[LightGBM] [Debug] Trained a tree with leaves = 255
[LightGBM] [Info] 19.789256 seconds elapsed, finished iteration 289
[LightGBM] [Debug] Trained a tree with leaves = 255
[LightGBM] [Info] 19.856798 seconds elapsed, finished iteration 290
[LightGBM] [Debug] Trained a tree with leaves = 255
[LightGBM] [Info] 19.922420 seconds elapsed, finished iteration 291
[LightGBM] [Debug] Trained a tree with leaves = 255
[LightGBM] [Info] 19.988058 seconds elapsed, finished iteration 292
[LightGBM] [Debug] Trained a tree with leaves = 255
[LightGBM] [Info] 20.054606 seconds elapsed, finished iteration 293
[LightGBM] [Debug] Trained a tree with leaves = 255
[LightGBM] [Info] 20.122248 seconds elapsed, finished iteration 294
[LightGBM] [Debug] Trained a tree with leaves = 255
[LightGBM] [Info] 20.188730 seconds elapsed, finished iteration 295
[LightGBM] [Debug] Trained a tree with leaves = 255
[LightGBM] [Info] 20.254071 seconds elapsed, finished iteration 296
[LightGBM] [Debug] Trained a tree with leaves = 255
[LightGBM] [Info] 20.321267 seconds elapsed, finished iteration 297
[LightGBM] [Debug] Trained a tree with leaves = 255
[LightGBM] [Info] 20.387649 seconds elapsed, finished iteration 298
[LightGBM] [Debug] Trained a tree with leaves = 255
[LightGBM] [Info] 20.475188 seconds elapsed, finished iteration 299
[LightGBM] [Debug] Trained a tree with leaves = 255
[LightGBM] [Info] 20.542380 seconds elapsed, finished iteration 300
[LightGBM] [Debug] Trained a tree with leaves = 255
[LightGBM] [Info] 20.611345 seconds elapsed, finished iteration 301
[LightGBM] [Debug] Trained a tree with leaves = 255
[LightGBM] [Info] 20.677788 seconds elapsed, finished iteration 302
[LightGBM] [Debug] Trained a tree with leaves = 255
[LightGBM] [Info] 20.745240 seconds elapsed, finished iteration 303
[LightGBM] [Debug] Trained a tree with leaves = 255
[LightGBM] [Info] 20.813362 seconds elapsed, finished iteration 304
[LightGBM] [Debug] Trained a tree with leaves = 255
[LightGBM] [Info] 20.880770 seconds elapsed, finished iteration 305
[LightGBM] [Debug] Trained a tree with leaves = 255
[LightGBM] [Info] 20.947396 seconds elapsed, finished iteration 306
[LightGBM] [Debug] Trained a tree with leaves = 255
[LightGBM] [Info] 21.013807 seconds elapsed, finished iteration 307
[LightGBM] [Debug] Trained a tree with leaves = 255
[LightGBM] [Info] 21.080049 seconds elapsed, finished iteration 308
[LightGBM] [Debug] Trained a tree with leaves = 255
[LightGBM] [Info] 21.147399 seconds elapsed, finished iteration 309
[LightGBM] [Debug] Trained a tree with leaves = 255
[LightGBM] [Info] 21.221688 seconds elapsed, finished iteration 310
[LightGBM] [Debug] Trained a tree with leaves = 255
[LightGBM] [Info] 21.291285 seconds elapsed, finished iteration 311
[LightGBM] [Debug] Trained a tree with leaves = 255
[LightGBM] [Info] 21.357321 seconds elapsed, finished iteration 312
[LightGBM] [Debug] Trained a tree with leaves = 255
[LightGBM] [Info] 21.422831 seconds elapsed, finished iteration 313
[LightGBM] [Debug] Trained a tree with leaves = 255
[LightGBM] [Info] 21.491358 seconds elapsed, finished iteration 314
[LightGBM] [Debug] Trained a tree with leaves = 255
[LightGBM] [Info] 21.560282 seconds elapsed, finished iteration 315
[LightGBM] [Debug] Trained a tree with leaves = 255
[LightGBM] [Info] 21.629943 seconds elapsed, finished iteration 316
[LightGBM] [Debug] Trained a tree with leaves = 255
[LightGBM] [Info] 21.702418 seconds elapsed, finished iteration 317
[LightGBM] [Debug] Trained a tree with leaves = 255
[LightGBM] [Info] 21.772135 seconds elapsed, finished iteration 318
[LightGBM] [Debug] Trained a tree with leaves = 255
[LightGBM] [Info] 21.838871 seconds elapsed, finished iteration 319
[LightGBM] [Debug] Trained a tree with leaves = 255
[LightGBM] [Info] 21.905410 seconds elapsed, finished iteration 320
[LightGBM] [Debug] Trained a tree with leaves = 255
[LightGBM] [Info] 21.972562 seconds elapsed, finished iteration 321
[LightGBM] [Debug] Trained a tree with leaves = 255
[LightGBM] [Info] 22.039840 seconds elapsed, finished iteration 322
[LightGBM] [Debug] Trained a tree with leaves = 255
[LightGBM] [Info] 22.107890 seconds elapsed, finished iteration 323
[LightGBM] [Debug] Trained a tree with leaves = 255
[LightGBM] [Info] 22.175840 seconds elapsed, finished iteration 324
[LightGBM] [Debug] Trained a tree with leaves = 255
[LightGBM] [Info] 22.244156 seconds elapsed, finished iteration 325
[LightGBM] [Debug] Trained a tree with leaves = 255
[LightGBM] [Info] 22.310314 seconds elapsed, finished iteration 326
[LightGBM] [Debug] Trained a tree with leaves = 255
[LightGBM] [Info] 22.377539 seconds elapsed, finished iteration 327
[LightGBM] [Debug] Trained a tree with leaves = 255
[LightGBM] [Info] 22.444878 seconds elapsed, finished iteration 328
[LightGBM] [Debug] Trained a tree with leaves = 255
[LightGBM] [Info] 22.513233 seconds elapsed, finished iteration 329
[LightGBM] [Debug] Trained a tree with leaves = 255
[LightGBM] [Info] 22.580781 seconds elapsed, finished iteration 330
[LightGBM] [Debug] Trained a tree with leaves = 255
[LightGBM] [Info] 22.648802 seconds elapsed, finished iteration 331
[LightGBM] [Debug] Trained a tree with leaves = 255
[LightGBM] [Info] 22.716086 seconds elapsed, finished iteration 332
[LightGBM] [Debug] Trained a tree with leaves = 255
[LightGBM] [Info] 22.783222 seconds elapsed, finished iteration 333
[LightGBM] [Debug] Trained a tree with leaves = 255
[LightGBM] [Info] 22.853959 seconds elapsed, finished iteration 334
[LightGBM] [Debug] Trained a tree with leaves = 255
[LightGBM] [Info] 22.921502 seconds elapsed, finished iteration 335
[LightGBM] [Debug] Trained a tree with leaves = 255
[LightGBM] [Info] 22.989339 seconds elapsed, finished iteration 336
[LightGBM] [Debug] Trained a tree with leaves = 255
[LightGBM] [Info] 23.057956 seconds elapsed, finished iteration 337
[LightGBM] [Debug] Trained a tree with leaves = 255
[LightGBM] [Info] 23.126596 seconds elapsed, finished iteration 338
[LightGBM] [Debug] Trained a tree with leaves = 255
[LightGBM] [Info] 23.193961 seconds elapsed, finished iteration 339
[LightGBM] [Debug] Trained a tree with leaves = 255
[LightGBM] [Info] 23.259978 seconds elapsed, finished iteration 340
[LightGBM] [Debug] Trained a tree with leaves = 255
[LightGBM] [Info] 23.328952 seconds elapsed, finished iteration 341
[LightGBM] [Debug] Trained a tree with leaves = 255
[LightGBM] [Info] 23.400577 seconds elapsed, finished iteration 342
[LightGBM] [Debug] Trained a tree with leaves = 255
[LightGBM] [Info] 23.471578 seconds elapsed, finished iteration 343
[LightGBM] [Debug] Trained a tree with leaves = 255
[LightGBM] [Info] 23.540314 seconds elapsed, finished iteration 344
[LightGBM] [Debug] Trained a tree with leaves = 255
[LightGBM] [Info] 23.606691 seconds elapsed, finished iteration 345
[LightGBM] [Debug] Trained a tree with leaves = 255
[LightGBM] [Info] 23.674785 seconds elapsed, finished iteration 346
[LightGBM] [Debug] Trained a tree with leaves = 255
[LightGBM] [Info] 23.743091 seconds elapsed, finished iteration 347
[LightGBM] [Debug] Trained a tree with leaves = 255
[LightGBM] [Info] 23.810701 seconds elapsed, finished iteration 348
[LightGBM] [Debug] Trained a tree with leaves = 255
[LightGBM] [Info] 23.879461 seconds elapsed, finished iteration 349
[LightGBM] [Debug] Trained a tree with leaves = 255
[LightGBM] [Info] 23.947836 seconds elapsed, finished iteration 350
[LightGBM] [Debug] Trained a tree with leaves = 255
[LightGBM] [Info] 24.014249 seconds elapsed, finished iteration 351
[LightGBM] [Debug] Trained a tree with leaves = 255
[LightGBM] [Info] 24.083450 seconds elapsed, finished iteration 352
[LightGBM] [Debug] Trained a tree with leaves = 255
[LightGBM] [Info] 24.148400 seconds elapsed, finished iteration 353
[LightGBM] [Debug] Trained a tree with leaves = 255
[LightGBM] [Info] 24.222104 seconds elapsed, finished iteration 354
[LightGBM] [Debug] Trained a tree with leaves = 255
[LightGBM] [Info] 24.289906 seconds elapsed, finished iteration 355
[LightGBM] [Debug] Trained a tree with leaves = 255
[LightGBM] [Info] 24.357415 seconds elapsed, finished iteration 356
[LightGBM] [Debug] Trained a tree with leaves = 255
[LightGBM] [Info] 24.426607 seconds elapsed, finished iteration 357
[LightGBM] [Debug] Trained a tree with leaves = 255
[LightGBM] [Info] 24.495246 seconds elapsed, finished iteration 358
[LightGBM] [Debug] Trained a tree with leaves = 255
[LightGBM] [Info] 24.561303 seconds elapsed, finished iteration 359
[LightGBM] [Debug] Trained a tree with leaves = 255
[LightGBM] [Info] 24.630942 seconds elapsed, finished iteration 360
[LightGBM] [Debug] Trained a tree with leaves = 255
[LightGBM] [Info] 24.698145 seconds elapsed, finished iteration 361
[LightGBM] [Debug] Trained a tree with leaves = 255
[LightGBM] [Info] 24.767652 seconds elapsed, finished iteration 362
[LightGBM] [Debug] Trained a tree with leaves = 255
[LightGBM] [Info] 24.836580 seconds elapsed, finished iteration 363
[LightGBM] [Debug] Trained a tree with leaves = 255
[LightGBM] [Info] 24.906515 seconds elapsed, finished iteration 364
[LightGBM] [Debug] Trained a tree with leaves = 255
[LightGBM] [Info] 24.973266 seconds elapsed, finished iteration 365
[LightGBM] [Debug] Trained a tree with leaves = 255
[LightGBM] [Info] 25.058975 seconds elapsed, finished iteration 366
[LightGBM] [Debug] Trained a tree with leaves = 255
[LightGBM] [Info] 25.128230 seconds elapsed, finished iteration 367
[LightGBM] [Debug] Trained a tree with leaves = 255
[LightGBM] [Info] 25.206432 seconds elapsed, finished iteration 368
[LightGBM] [Debug] Trained a tree with leaves = 255
[LightGBM] [Info] 25.274342 seconds elapsed, finished iteration 369
[LightGBM] [Debug] Trained a tree with leaves = 255
[LightGBM] [Info] 25.341070 seconds elapsed, finished iteration 370
[LightGBM] [Debug] Trained a tree with leaves = 255
[LightGBM] [Info] 25.407127 seconds elapsed, finished iteration 371
[LightGBM] [Debug] Trained a tree with leaves = 255
[LightGBM] [Info] 25.475948 seconds elapsed, finished iteration 372
[LightGBM] [Debug] Trained a tree with leaves = 255
[LightGBM] [Info] 25.546587 seconds elapsed, finished iteration 373
[LightGBM] [Debug] Trained a tree with leaves = 255
[LightGBM] [Info] 25.616750 seconds elapsed, finished iteration 374
[LightGBM] [Debug] Trained a tree with leaves = 255
[LightGBM] [Info] 25.683493 seconds elapsed, finished iteration 375
[LightGBM] [Debug] Trained a tree with leaves = 255
[LightGBM] [Info] 25.749515 seconds elapsed, finished iteration 376
[LightGBM] [Debug] Trained a tree with leaves = 255
[LightGBM] [Info] 25.814705 seconds elapsed, finished iteration 377
[LightGBM] [Debug] Trained a tree with leaves = 255
[LightGBM] [Info] 25.883084 seconds elapsed, finished iteration 378
[LightGBM] [Debug] Trained a tree with leaves = 255
[LightGBM] [Info] 25.950308 seconds elapsed, finished iteration 379
[LightGBM] [Debug] Trained a tree with leaves = 255
[LightGBM] [Info] 26.017517 seconds elapsed, finished iteration 380
[LightGBM] [Debug] Trained a tree with leaves = 255
[LightGBM] [Info] 26.085403 seconds elapsed, finished iteration 381
[LightGBM] [Debug] Trained a tree with leaves = 255
[LightGBM] [Info] 26.155351 seconds elapsed, finished iteration 382
[LightGBM] [Debug] Trained a tree with leaves = 255
[LightGBM] [Info] 26.222270 seconds elapsed, finished iteration 383
[LightGBM] [Debug] Trained a tree with leaves = 255
[LightGBM] [Info] 26.291142 seconds elapsed, finished iteration 384
[LightGBM] [Debug] Trained a tree with leaves = 255
[LightGBM] [Info] 26.358784 seconds elapsed, finished iteration 385
[LightGBM] [Debug] Trained a tree with leaves = 255
[LightGBM] [Info] 26.426125 seconds elapsed, finished iteration 386
[LightGBM] [Debug] Trained a tree with leaves = 255
[LightGBM] [Info] 26.492898 seconds elapsed, finished iteration 387
[LightGBM] [Debug] Trained a tree with leaves = 255
[LightGBM] [Info] 26.560381 seconds elapsed, finished iteration 388
[LightGBM] [Debug] Trained a tree with leaves = 255
[LightGBM] [Info] 26.626799 seconds elapsed, finished iteration 389
[LightGBM] [Debug] Trained a tree with leaves = 255
[LightGBM] [Info] 26.692835 seconds elapsed, finished iteration 390
[LightGBM] [Debug] Trained a tree with leaves = 255
[LightGBM] [Info] 26.760264 seconds elapsed, finished iteration 391
[LightGBM] [Debug] Trained a tree with leaves = 255
[LightGBM] [Info] 26.834723 seconds elapsed, finished iteration 392
[LightGBM] [Debug] Trained a tree with leaves = 255
[LightGBM] [Info] 26.904623 seconds elapsed, finished iteration 393
[LightGBM] [Debug] Trained a tree with leaves = 255
[LightGBM] [Info] 26.977408 seconds elapsed, finished iteration 394
[LightGBM] [Debug] Trained a tree with leaves = 255
[LightGBM] [Info] 27.046105 seconds elapsed, finished iteration 395
[LightGBM] [Debug] Trained a tree with leaves = 255
[LightGBM] [Info] 27.112866 seconds elapsed, finished iteration 396
[LightGBM] [Debug] Trained a tree with leaves = 255
[LightGBM] [Info] 27.181402 seconds elapsed, finished iteration 397
[LightGBM] [Debug] Trained a tree with leaves = 255
[LightGBM] [Info] 27.251049 seconds elapsed, finished iteration 398
[LightGBM] [Debug] Trained a tree with leaves = 255
[LightGBM] [Info] 27.319878 seconds elapsed, finished iteration 399
[LightGBM] [Debug] Trained a tree with leaves = 255
[LightGBM] [Info] 27.388220 seconds elapsed, finished iteration 400
[LightGBM] [Debug] Trained a tree with leaves = 255
[LightGBM] [Info] 27.457952 seconds elapsed, finished iteration 401
[LightGBM] [Debug] Trained a tree with leaves = 255
[LightGBM] [Info] 27.524949 seconds elapsed, finished iteration 402
[LightGBM] [Debug] Trained a tree with leaves = 255
[LightGBM] [Info] 27.591708 seconds elapsed, finished iteration 403
[LightGBM] [Debug] Trained a tree with leaves = 255
[LightGBM] [Info] 27.662763 seconds elapsed, finished iteration 404
[LightGBM] [Debug] Trained a tree with leaves = 255
[LightGBM] [Info] 27.732247 seconds elapsed, finished iteration 405
[LightGBM] [Debug] Trained a tree with leaves = 255
[LightGBM] [Info] 27.804817 seconds elapsed, finished iteration 406
[LightGBM] [Debug] Trained a tree with leaves = 255
[LightGBM] [Info] 27.873331 seconds elapsed, finished iteration 407
[LightGBM] [Debug] Trained a tree with leaves = 255
[LightGBM] [Info] 27.939844 seconds elapsed, finished iteration 408
[LightGBM] [Debug] Trained a tree with leaves = 255
[LightGBM] [Info] 28.008790 seconds elapsed, finished iteration 409
[LightGBM] [Debug] Trained a tree with leaves = 255
[LightGBM] [Info] 28.076588 seconds elapsed, finished iteration 410
[LightGBM] [Debug] Trained a tree with leaves = 255
[LightGBM] [Info] 28.146686 seconds elapsed, finished iteration 411
[LightGBM] [Debug] Trained a tree with leaves = 255
[LightGBM] [Info] 28.214787 seconds elapsed, finished iteration 412
[LightGBM] [Debug] Trained a tree with leaves = 255
[LightGBM] [Info] 28.283558 seconds elapsed, finished iteration 413
[LightGBM] [Debug] Trained a tree with leaves = 255
[LightGBM] [Info] 28.352086 seconds elapsed, finished iteration 414
[LightGBM] [Debug] Trained a tree with leaves = 255
[LightGBM] [Info] 28.420514 seconds elapsed, finished iteration 415
[LightGBM] [Debug] Trained a tree with leaves = 255
[LightGBM] [Info] 28.487557 seconds elapsed, finished iteration 416
[LightGBM] [Debug] Trained a tree with leaves = 255
[LightGBM] [Info] 28.555441 seconds elapsed, finished iteration 417
[LightGBM] [Debug] Trained a tree with leaves = 255
[LightGBM] [Info] 28.624904 seconds elapsed, finished iteration 418
[LightGBM] [Debug] Trained a tree with leaves = 255
[LightGBM] [Info] 28.693384 seconds elapsed, finished iteration 419
[LightGBM] [Debug] Trained a tree with leaves = 255
[LightGBM] [Info] 28.762807 seconds elapsed, finished iteration 420
[LightGBM] [Debug] Trained a tree with leaves = 255
[LightGBM] [Info] 28.831383 seconds elapsed, finished iteration 421
[LightGBM] [Debug] Trained a tree with leaves = 255
[LightGBM] [Info] 28.899503 seconds elapsed, finished iteration 422
[LightGBM] [Debug] Trained a tree with leaves = 255
[LightGBM] [Info] 28.967020 seconds elapsed, finished iteration 423
[LightGBM] [Debug] Trained a tree with leaves = 255
[LightGBM] [Info] 29.035446 seconds elapsed, finished iteration 424
[LightGBM] [Debug] Trained a tree with leaves = 255
[LightGBM] [Info] 29.103825 seconds elapsed, finished iteration 425
[LightGBM] [Debug] Trained a tree with leaves = 255
[LightGBM] [Info] 29.172639 seconds elapsed, finished iteration 426
[LightGBM] [Debug] Trained a tree with leaves = 255
[LightGBM] [Info] 29.240143 seconds elapsed, finished iteration 427
[LightGBM] [Debug] Trained a tree with leaves = 255
[LightGBM] [Info] 29.308062 seconds elapsed, finished iteration 428
[LightGBM] [Debug] Trained a tree with leaves = 255
[LightGBM] [Info] 29.375033 seconds elapsed, finished iteration 429
[LightGBM] [Debug] Trained a tree with leaves = 255
[LightGBM] [Info] 29.442996 seconds elapsed, finished iteration 430
[LightGBM] [Debug] Trained a tree with leaves = 255
[LightGBM] [Info] 29.513655 seconds elapsed, finished iteration 431
[LightGBM] [Debug] Trained a tree with leaves = 255
[LightGBM] [Info] 29.585147 seconds elapsed, finished iteration 432
[LightGBM] [Debug] Trained a tree with leaves = 255
[LightGBM] [Info] 29.653311 seconds elapsed, finished iteration 433
[LightGBM] [Debug] Trained a tree with leaves = 255
[LightGBM] [Info] 29.723615 seconds elapsed, finished iteration 434
[LightGBM] [Debug] Trained a tree with leaves = 255
[LightGBM] [Info] 29.791840 seconds elapsed, finished iteration 435
[LightGBM] [Debug] Trained a tree with leaves = 255
[LightGBM] [Info] 29.861818 seconds elapsed, finished iteration 436
[LightGBM] [Debug] Trained a tree with leaves = 255
[LightGBM] [Info] 29.934301 seconds elapsed, finished iteration 437
[LightGBM] [Debug] Trained a tree with leaves = 255
[LightGBM] [Info] 30.003141 seconds elapsed, finished iteration 438
[LightGBM] [Debug] Trained a tree with leaves = 255
[LightGBM] [Info] 30.070412 seconds elapsed, finished iteration 439
[LightGBM] [Debug] Trained a tree with leaves = 255
[LightGBM] [Info] 30.139214 seconds elapsed, finished iteration 440
[LightGBM] [Debug] Trained a tree with leaves = 255
[LightGBM] [Info] 30.210769 seconds elapsed, finished iteration 441
[LightGBM] [Debug] Trained a tree with leaves = 255
[LightGBM] [Info] 30.279880 seconds elapsed, finished iteration 442
[LightGBM] [Debug] Trained a tree with leaves = 255
[LightGBM] [Info] 30.350757 seconds elapsed, finished iteration 443
[LightGBM] [Debug] Trained a tree with leaves = 255
[LightGBM] [Info] 30.436965 seconds elapsed, finished iteration 444
[LightGBM] [Debug] Trained a tree with leaves = 255
[LightGBM] [Info] 30.507995 seconds elapsed, finished iteration 445
[LightGBM] [Debug] Trained a tree with leaves = 255
[LightGBM] [Info] 30.574696 seconds elapsed, finished iteration 446
[LightGBM] [Debug] Trained a tree with leaves = 255
[LightGBM] [Info] 30.642791 seconds elapsed, finished iteration 447
[LightGBM] [Debug] Trained a tree with leaves = 255
[LightGBM] [Info] 30.710299 seconds elapsed, finished iteration 448
[LightGBM] [Debug] Trained a tree with leaves = 255
[LightGBM] [Info] 30.779404 seconds elapsed, finished iteration 449
[LightGBM] [Debug] Trained a tree with leaves = 255
[LightGBM] [Info] 30.848518 seconds elapsed, finished iteration 450
[LightGBM] [Debug] Trained a tree with leaves = 255
[LightGBM] [Info] 30.916099 seconds elapsed, finished iteration 451
[LightGBM] [Debug] Trained a tree with leaves = 255
[LightGBM] [Info] 30.983968 seconds elapsed, finished iteration 452
[LightGBM] [Debug] Trained a tree with leaves = 255
[LightGBM] [Info] 31.051443 seconds elapsed, finished iteration 453
[LightGBM] [Debug] Trained a tree with leaves = 255
[LightGBM] [Info] 31.120414 seconds elapsed, finished iteration 454
[LightGBM] [Debug] Trained a tree with leaves = 255
[LightGBM] [Info] 31.189441 seconds elapsed, finished iteration 455
[LightGBM] [Debug] Trained a tree with leaves = 255
[LightGBM] [Info] 31.257698 seconds elapsed, finished iteration 456
[LightGBM] [Debug] Trained a tree with leaves = 255
[LightGBM] [Info] 31.326247 seconds elapsed, finished iteration 457
[LightGBM] [Debug] Trained a tree with leaves = 255
[LightGBM] [Info] 31.395441 seconds elapsed, finished iteration 458
[LightGBM] [Debug] Trained a tree with leaves = 255
[LightGBM] [Info] 31.463302 seconds elapsed, finished iteration 459
[LightGBM] [Debug] Trained a tree with leaves = 255
[LightGBM] [Info] 31.530650 seconds elapsed, finished iteration 460
[LightGBM] [Debug] Trained a tree with leaves = 255
[LightGBM] [Info] 31.600146 seconds elapsed, finished iteration 461
[LightGBM] [Debug] Trained a tree with leaves = 255
[LightGBM] [Info] 31.670321 seconds elapsed, finished iteration 462
[LightGBM] [Debug] Trained a tree with leaves = 255
[LightGBM] [Info] 31.738852 seconds elapsed, finished iteration 463
[LightGBM] [Debug] Trained a tree with leaves = 255
[LightGBM] [Info] 31.809549 seconds elapsed, finished iteration 464
[LightGBM] [Debug] Trained a tree with leaves = 255
[LightGBM] [Info] 31.880192 seconds elapsed, finished iteration 465
[LightGBM] [Debug] Trained a tree with leaves = 255
[LightGBM] [Info] 31.949851 seconds elapsed, finished iteration 466
[LightGBM] [Debug] Trained a tree with leaves = 255
[LightGBM] [Info] 32.023155 seconds elapsed, finished iteration 467
[LightGBM] [Debug] Trained a tree with leaves = 255
[LightGBM] [Info] 32.093743 seconds elapsed, finished iteration 468
[LightGBM] [Debug] Trained a tree with leaves = 255
[LightGBM] [Info] 32.161396 seconds elapsed, finished iteration 469
[LightGBM] [Debug] Trained a tree with leaves = 255
[LightGBM] [Info] 32.229752 seconds elapsed, finished iteration 470
[LightGBM] [Debug] Trained a tree with leaves = 255
[LightGBM] [Info] 32.298436 seconds elapsed, finished iteration 471
[LightGBM] [Debug] Trained a tree with leaves = 255
[LightGBM] [Info] 32.367419 seconds elapsed, finished iteration 472
[LightGBM] [Debug] Trained a tree with leaves = 255
[LightGBM] [Info] 32.434969 seconds elapsed, finished iteration 473
[LightGBM] [Debug] Trained a tree with leaves = 255
[LightGBM] [Info] 32.504366 seconds elapsed, finished iteration 474
[LightGBM] [Debug] Trained a tree with leaves = 255
[LightGBM] [Info] 32.573255 seconds elapsed, finished iteration 475
[LightGBM] [Debug] Trained a tree with leaves = 255
[LightGBM] [Info] 32.648668 seconds elapsed, finished iteration 476
[LightGBM] [Debug] Trained a tree with leaves = 255
[LightGBM] [Info] 32.722995 seconds elapsed, finished iteration 477
[LightGBM] [Debug] Trained a tree with leaves = 255
[LightGBM] [Info] 32.790776 seconds elapsed, finished iteration 478
[LightGBM] [Debug] Trained a tree with leaves = 255
[LightGBM] [Info] 32.858007 seconds elapsed, finished iteration 479
[LightGBM] [Debug] Trained a tree with leaves = 255
[LightGBM] [Info] 32.927891 seconds elapsed, finished iteration 480
[LightGBM] [Debug] Trained a tree with leaves = 255
[LightGBM] [Info] 32.995321 seconds elapsed, finished iteration 481
[LightGBM] [Debug] Trained a tree with leaves = 255
[LightGBM] [Info] 33.064852 seconds elapsed, finished iteration 482
[LightGBM] [Debug] Trained a tree with leaves = 255
[LightGBM] [Info] 33.133839 seconds elapsed, finished iteration 483
[LightGBM] [Debug] Trained a tree with leaves = 255
[LightGBM] [Info] 33.204193 seconds elapsed, finished iteration 484
[LightGBM] [Debug] Trained a tree with leaves = 255
[LightGBM] [Info] 33.273290 seconds elapsed, finished iteration 485
[LightGBM] [Debug] Trained a tree with leaves = 255
[LightGBM] [Info] 33.340546 seconds elapsed, finished iteration 486
[LightGBM] [Debug] Trained a tree with leaves = 255
[LightGBM] [Info] 33.410629 seconds elapsed, finished iteration 487
[LightGBM] [Debug] Trained a tree with leaves = 255
[LightGBM] [Info] 33.477870 seconds elapsed, finished iteration 488
[LightGBM] [Debug] Trained a tree with leaves = 255
[LightGBM] [Info] 33.546789 seconds elapsed, finished iteration 489
[LightGBM] [Debug] Trained a tree with leaves = 255
[LightGBM] [Info] 33.619581 seconds elapsed, finished iteration 490
[LightGBM] [Debug] Trained a tree with leaves = 255
[LightGBM] [Info] 33.688116 seconds elapsed, finished iteration 491
[LightGBM] [Debug] Trained a tree with leaves = 255
[LightGBM] [Info] 33.758084 seconds elapsed, finished iteration 492
[LightGBM] [Debug] Trained a tree with leaves = 255
[LightGBM] [Info] 33.827577 seconds elapsed, finished iteration 493
[LightGBM] [Debug] Trained a tree with leaves = 255
[LightGBM] [Info] 33.899161 seconds elapsed, finished iteration 494
[LightGBM] [Debug] Trained a tree with leaves = 255
[LightGBM] [Info] 33.967310 seconds elapsed, finished iteration 495
[LightGBM] [Debug] Trained a tree with leaves = 255
[LightGBM] [Info] 34.039046 seconds elapsed, finished iteration 496
[LightGBM] [Debug] Trained a tree with leaves = 255
[LightGBM] [Info] 34.106910 seconds elapsed, finished iteration 497
[LightGBM] [Debug] Trained a tree with leaves = 255
[LightGBM] [Info] 34.176656 seconds elapsed, finished iteration 498
[LightGBM] [Debug] Trained a tree with leaves = 255
[LightGBM] [Info] 34.245798 seconds elapsed, finished iteration 499
[LightGBM] [Debug] Trained a tree with leaves = 255
[LightGBM] [Info] 34.315808 seconds elapsed, finished iteration 500
[LightGBM] [Info] Finished training
[LightGBM] [Info] CUDABestSplitFinder::LaunchSyncBestSplitForLeafKernel costs:	 3.112911
[LightGBM] [Info] CUDADataPartition::AddPredictionToScoreKernel costs:	 0.207041
[LightGBM] [Info] CUDADataPartition::AggregateBlockOffsetKernel costs:	 1.904021
[LightGBM] [Info] CUDADataPartition::CopyDataIndicesKernel costs:	 0.360007
[LightGBM] [Info] CUDADataPartition::CopyFromCUDADeviceToHostAsync costs:	 1.628541
[LightGBM] [Info] CUDADataPartition::LaunchAddPredictionToScoreKernel::BitonicArgSortGlobal costs:	 0.022557
[LightGBM] [Info] CUDADataPartition::SplitInnerKernel costs:	 0.343121
[LightGBM] [Info] CUDADataPartition::SplitTreeStructureKernel costs:	 0.315288
[LightGBM] [Info] CUDAHistogramConstructor::ConstructHistogramForLeaf::LaunchSubtractHistogramKernel costs:	 0.770222
[LightGBM] [Info] CUDAHistogramConstructor::FixHistogramDiscretizedKernel costs:	 0.349046
[LightGBM] [Info] CUDAHistogramConstructor::SubtractHistogramDiscretizedKernel costs:	 0.309197
[LightGBM] [Info] CUDASingleGPUTreeLearner::BeforeTrain costs:	 0.316968
[LightGBM] [Info] CUDASingleGPUTreeLearner::CPUFindBestFromAllSplits costs:	 0.030229
[LightGBM] [Info] CUDASingleGPUTreeLearner::ConstructHistogramForLeaf costs:	 10.769992
[LightGBM] [Info] CUDASingleGPUTreeLearner::FindBestFromAllSplits costs:	 2.402740
[LightGBM] [Info] CUDASingleGPUTreeLearner::FindBestSplitsForLeaf costs:	 5.281745
[LightGBM] [Info] CUDASingleGPUTreeLearner::NCCLReduceHistogram costs:	 0.008244
[LightGBM] [Info] CUDASingleGPUTreeLearner::RenewDiscretizedTreeLeaves costs:	 0.231202
[LightGBM] [Info] CUDASingleGPUTreeLearner::Split costs:	 5.726989
[LightGBM] [Info] Dataset::FastFeatureBundling costs:	 0.056137
[LightGBM] [Info] Dataset::GetMultiBinFromAllFeatures costs:	 0.809565
[LightGBM] [Info] Dataset::PushDataToMultiValBin costs:	 0.572704
[LightGBM] [Info] Dataset::TestMultiThreadingMethod costs:	 0.816757
[LightGBM] [Info] GBDT::Bagging costs:	 0.000150
[LightGBM] [Info] GBDT::BoostFromAverage costs:	 0.000047
[LightGBM] [Info] GBDT::Boosting costs:	 8.035501
[LightGBM] [Info] GBDT::Train costs:	 34.315818
[LightGBM] [Info] GBDT::TrainOneIter costs:	 34.308071
[LightGBM] [Info] GBDT::UpdateScore costs:	 0.208179
[LightGBM] [Info] GenDataToLeftBitVector costs:	 0.371316
[LightGBM] [Info] MultiValSparseBin::MergeData costs:	 0.112722
[LightGBM] [Info] ScoreUpdater::AddScore costs:	 0.207606
[LightGBM] [Info] SplitInner costs:	 4.772723
