[LightGBM] [Warning] num_threads is set=24, num_threads=16 will be ignored. Current value: num_threads=24
[LightGBM] [Warning] device_type is set=cuda, device_type=cpu will be ignored. Current value: device_type=cuda
[LightGBM] [Warning] use_discretized_grad is set=false, use_discretized_grad=true will be ignored. Current value: use_discretized_grad=false
[LightGBM] [Warning] discretized_grad_renew is set=false, discretized_grad_renew=true will be ignored. Current value: discretized_grad_renew=false
[LightGBM] [Warning] force_row_wise is set=false, force_row_wise=true will be ignored. Current value: force_row_wise=false
[LightGBM] [Info] Finished loading parameters
[LightGBM] [Debug] Loading train file...
[LightGBM] [Debug] Read 10.0 GBs from /home/shiyu/boosting_tree_benchmarks/data/epsilon.train.
[LightGBM] [Warning] Using sparse features with CUDA is currently not supported.
[LightGBM] [Info] Construct bin mappers from text data time 57.78 seconds
[LightGBM] [Info] Finished loading data in 89.420783 seconds
[LightGBM] [Info] Number of positive: 199823, number of negative: 200177
[LightGBM] [Debug] Dataset::GetMultiBinFromAllFeatures: sparse rate 0.000000
[LightGBM] [Info] Total Bins 510000
[LightGBM] [Info] Number of data points in the train set: 400000, number of used features: 2000
[LightGBM] [Info] Finished initializing training
[LightGBM] [Info] Started training...
[LightGBM] [Warning] boost_from_score = -0.001770
[LightGBM] [Warning] adding init score = -0.001770
[LightGBM] [Info] Start training from score -0.001770
[LightGBM] [Debug] Trained a tree with leaves = 255
[LightGBM] [Info] 0.208652 seconds elapsed, finished iteration 1
[LightGBM] [Debug] Trained a tree with leaves = 255
[LightGBM] [Info] 0.400663 seconds elapsed, finished iteration 2
[LightGBM] [Debug] Trained a tree with leaves = 255
[LightGBM] [Info] 0.592715 seconds elapsed, finished iteration 3
[LightGBM] [Debug] Trained a tree with leaves = 255
[LightGBM] [Info] 0.781832 seconds elapsed, finished iteration 4
[LightGBM] [Debug] Trained a tree with leaves = 255
[LightGBM] [Info] 0.968952 seconds elapsed, finished iteration 5
[LightGBM] [Debug] Trained a tree with leaves = 255
[LightGBM] [Info] 1.154790 seconds elapsed, finished iteration 6
[LightGBM] [Debug] Trained a tree with leaves = 255
[LightGBM] [Info] 1.341805 seconds elapsed, finished iteration 7
[LightGBM] [Debug] Trained a tree with leaves = 255
[LightGBM] [Info] 1.535127 seconds elapsed, finished iteration 8
[LightGBM] [Debug] Trained a tree with leaves = 255
[LightGBM] [Info] 1.722741 seconds elapsed, finished iteration 9
[LightGBM] [Debug] Trained a tree with leaves = 255
[LightGBM] [Info] 1.912478 seconds elapsed, finished iteration 10
[LightGBM] [Debug] Trained a tree with leaves = 255
[LightGBM] [Info] 2.100586 seconds elapsed, finished iteration 11
[LightGBM] [Debug] Trained a tree with leaves = 255
[LightGBM] [Info] 2.290271 seconds elapsed, finished iteration 12
[LightGBM] [Debug] Trained a tree with leaves = 255
[LightGBM] [Info] 2.476523 seconds elapsed, finished iteration 13
[LightGBM] [Debug] Trained a tree with leaves = 255
[LightGBM] [Info] 2.673450 seconds elapsed, finished iteration 14
[LightGBM] [Debug] Trained a tree with leaves = 255
[LightGBM] [Info] 2.861857 seconds elapsed, finished iteration 15
[LightGBM] [Debug] Trained a tree with leaves = 255
[LightGBM] [Info] 3.050910 seconds elapsed, finished iteration 16
[LightGBM] [Debug] Trained a tree with leaves = 255
[LightGBM] [Info] 3.234504 seconds elapsed, finished iteration 17
[LightGBM] [Debug] Trained a tree with leaves = 255
[LightGBM] [Info] 3.424389 seconds elapsed, finished iteration 18
[LightGBM] [Debug] Trained a tree with leaves = 255
[LightGBM] [Info] 3.609963 seconds elapsed, finished iteration 19
[LightGBM] [Debug] Trained a tree with leaves = 255
[LightGBM] [Info] 3.795007 seconds elapsed, finished iteration 20
[LightGBM] [Debug] Trained a tree with leaves = 255
[LightGBM] [Info] 3.978718 seconds elapsed, finished iteration 21
[LightGBM] [Debug] Trained a tree with leaves = 255
[LightGBM] [Info] 4.175572 seconds elapsed, finished iteration 22
[LightGBM] [Debug] Trained a tree with leaves = 255
[LightGBM] [Info] 4.362385 seconds elapsed, finished iteration 23
[LightGBM] [Debug] Trained a tree with leaves = 255
[LightGBM] [Info] 4.547846 seconds elapsed, finished iteration 24
[LightGBM] [Debug] Trained a tree with leaves = 255
[LightGBM] [Info] 4.734886 seconds elapsed, finished iteration 25
[LightGBM] [Debug] Trained a tree with leaves = 255
[LightGBM] [Info] 4.919569 seconds elapsed, finished iteration 26
[LightGBM] [Debug] Trained a tree with leaves = 255
[LightGBM] [Info] 5.102738 seconds elapsed, finished iteration 27
[LightGBM] [Debug] Trained a tree with leaves = 255
[LightGBM] [Info] 5.298030 seconds elapsed, finished iteration 28
[LightGBM] [Debug] Trained a tree with leaves = 255
[LightGBM] [Info] 5.482554 seconds elapsed, finished iteration 29
[LightGBM] [Debug] Trained a tree with leaves = 255
[LightGBM] [Info] 5.668382 seconds elapsed, finished iteration 30
[LightGBM] [Debug] Trained a tree with leaves = 255
[LightGBM] [Info] 5.851461 seconds elapsed, finished iteration 31
[LightGBM] [Debug] Trained a tree with leaves = 255
[LightGBM] [Info] 6.035206 seconds elapsed, finished iteration 32
[LightGBM] [Debug] Trained a tree with leaves = 255
[LightGBM] [Info] 6.217011 seconds elapsed, finished iteration 33
[LightGBM] [Debug] Trained a tree with leaves = 255
[LightGBM] [Info] 6.414605 seconds elapsed, finished iteration 34
[LightGBM] [Debug] Trained a tree with leaves = 255
[LightGBM] [Info] 6.597688 seconds elapsed, finished iteration 35
[LightGBM] [Debug] Trained a tree with leaves = 255
[LightGBM] [Info] 6.786126 seconds elapsed, finished iteration 36
[LightGBM] [Debug] Trained a tree with leaves = 255
[LightGBM] [Info] 6.974973 seconds elapsed, finished iteration 37
[LightGBM] [Debug] Trained a tree with leaves = 255
[LightGBM] [Info] 7.166206 seconds elapsed, finished iteration 38
[LightGBM] [Debug] Trained a tree with leaves = 255
[LightGBM] [Info] 7.348104 seconds elapsed, finished iteration 39
[LightGBM] [Debug] Trained a tree with leaves = 255
[LightGBM] [Info] 7.535248 seconds elapsed, finished iteration 40
[LightGBM] [Debug] Trained a tree with leaves = 255
[LightGBM] [Info] 7.720635 seconds elapsed, finished iteration 41
[LightGBM] [Debug] Trained a tree with leaves = 255
[LightGBM] [Info] 7.901567 seconds elapsed, finished iteration 42
[LightGBM] [Debug] Trained a tree with leaves = 255
[LightGBM] [Info] 8.084511 seconds elapsed, finished iteration 43
[LightGBM] [Debug] Trained a tree with leaves = 255
[LightGBM] [Info] 8.268337 seconds elapsed, finished iteration 44
[LightGBM] [Debug] Trained a tree with leaves = 255
[LightGBM] [Info] 8.457092 seconds elapsed, finished iteration 45
[LightGBM] [Debug] Trained a tree with leaves = 255
[LightGBM] [Info] 8.640837 seconds elapsed, finished iteration 46
[LightGBM] [Debug] Trained a tree with leaves = 255
[LightGBM] [Info] 8.827740 seconds elapsed, finished iteration 47
[LightGBM] [Debug] Trained a tree with leaves = 255
[LightGBM] [Info] 9.021878 seconds elapsed, finished iteration 48
[LightGBM] [Debug] Trained a tree with leaves = 255
[LightGBM] [Info] 9.205360 seconds elapsed, finished iteration 49
[LightGBM] [Debug] Trained a tree with leaves = 255
[LightGBM] [Info] 9.401953 seconds elapsed, finished iteration 50
[LightGBM] [Debug] Trained a tree with leaves = 255
[LightGBM] [Info] 9.582459 seconds elapsed, finished iteration 51
[LightGBM] [Debug] Trained a tree with leaves = 255
[LightGBM] [Info] 9.765170 seconds elapsed, finished iteration 52
[LightGBM] [Debug] Trained a tree with leaves = 255
[LightGBM] [Info] 9.951900 seconds elapsed, finished iteration 53
[LightGBM] [Debug] Trained a tree with leaves = 255
[LightGBM] [Info] 10.134766 seconds elapsed, finished iteration 54
[LightGBM] [Debug] Trained a tree with leaves = 255
[LightGBM] [Info] 10.316637 seconds elapsed, finished iteration 55
[LightGBM] [Debug] Trained a tree with leaves = 255
[LightGBM] [Info] 10.497740 seconds elapsed, finished iteration 56
[LightGBM] [Debug] Trained a tree with leaves = 255
[LightGBM] [Info] 10.685142 seconds elapsed, finished iteration 57
[LightGBM] [Debug] Trained a tree with leaves = 255
[LightGBM] [Info] 10.866717 seconds elapsed, finished iteration 58
[LightGBM] [Debug] Trained a tree with leaves = 255
[LightGBM] [Info] 11.050159 seconds elapsed, finished iteration 59
[LightGBM] [Debug] Trained a tree with leaves = 255
[LightGBM] [Info] 11.232198 seconds elapsed, finished iteration 60
[LightGBM] [Debug] Trained a tree with leaves = 255
[LightGBM] [Info] 11.420876 seconds elapsed, finished iteration 61
[LightGBM] [Debug] Trained a tree with leaves = 255
[LightGBM] [Info] 11.607513 seconds elapsed, finished iteration 62
[LightGBM] [Debug] Trained a tree with leaves = 255
[LightGBM] [Info] 11.794962 seconds elapsed, finished iteration 63
[LightGBM] [Debug] Trained a tree with leaves = 255
[LightGBM] [Info] 11.985318 seconds elapsed, finished iteration 64
[LightGBM] [Debug] Trained a tree with leaves = 255
[LightGBM] [Info] 12.171910 seconds elapsed, finished iteration 65
[LightGBM] [Debug] Trained a tree with leaves = 255
[LightGBM] [Info] 12.356837 seconds elapsed, finished iteration 66
[LightGBM] [Debug] Trained a tree with leaves = 255
[LightGBM] [Info] 12.541922 seconds elapsed, finished iteration 67
[LightGBM] [Debug] Trained a tree with leaves = 255
[LightGBM] [Info] 12.732588 seconds elapsed, finished iteration 68
[LightGBM] [Debug] Trained a tree with leaves = 255
[LightGBM] [Info] 12.919726 seconds elapsed, finished iteration 69
[LightGBM] [Debug] Trained a tree with leaves = 255
[LightGBM] [Info] 13.105174 seconds elapsed, finished iteration 70
[LightGBM] [Debug] Trained a tree with leaves = 255
[LightGBM] [Info] 13.290469 seconds elapsed, finished iteration 71
[LightGBM] [Debug] Trained a tree with leaves = 255
[LightGBM] [Info] 13.494673 seconds elapsed, finished iteration 72
[LightGBM] [Debug] Trained a tree with leaves = 255
[LightGBM] [Info] 13.686402 seconds elapsed, finished iteration 73
[LightGBM] [Debug] Trained a tree with leaves = 255
[LightGBM] [Info] 13.876237 seconds elapsed, finished iteration 74
[LightGBM] [Debug] Trained a tree with leaves = 255
[LightGBM] [Info] 14.073738 seconds elapsed, finished iteration 75
[LightGBM] [Debug] Trained a tree with leaves = 255
[LightGBM] [Info] 14.255128 seconds elapsed, finished iteration 76
[LightGBM] [Debug] Trained a tree with leaves = 255
[LightGBM] [Info] 14.433992 seconds elapsed, finished iteration 77
[LightGBM] [Debug] Trained a tree with leaves = 255
[LightGBM] [Info] 14.612666 seconds elapsed, finished iteration 78
[LightGBM] [Debug] Trained a tree with leaves = 255
[LightGBM] [Info] 14.818810 seconds elapsed, finished iteration 79
[LightGBM] [Debug] Trained a tree with leaves = 255
[LightGBM] [Info] 15.006613 seconds elapsed, finished iteration 80
[LightGBM] [Debug] Trained a tree with leaves = 255
[LightGBM] [Info] 15.188727 seconds elapsed, finished iteration 81
[LightGBM] [Debug] Trained a tree with leaves = 255
[LightGBM] [Info] 15.385425 seconds elapsed, finished iteration 82
[LightGBM] [Debug] Trained a tree with leaves = 255
[LightGBM] [Info] 15.567820 seconds elapsed, finished iteration 83
[LightGBM] [Debug] Trained a tree with leaves = 255
[LightGBM] [Info] 15.750882 seconds elapsed, finished iteration 84
[LightGBM] [Debug] Trained a tree with leaves = 255
[LightGBM] [Info] 15.932209 seconds elapsed, finished iteration 85
[LightGBM] [Debug] Trained a tree with leaves = 255
[LightGBM] [Info] 16.125090 seconds elapsed, finished iteration 86
[LightGBM] [Debug] Trained a tree with leaves = 255
[LightGBM] [Info] 16.303715 seconds elapsed, finished iteration 87
[LightGBM] [Debug] Trained a tree with leaves = 255
[LightGBM] [Info] 16.486650 seconds elapsed, finished iteration 88
[LightGBM] [Debug] Trained a tree with leaves = 255
[LightGBM] [Info] 16.670861 seconds elapsed, finished iteration 89
[LightGBM] [Debug] Trained a tree with leaves = 255
[LightGBM] [Info] 16.866638 seconds elapsed, finished iteration 90
[LightGBM] [Debug] Trained a tree with leaves = 255
[LightGBM] [Info] 17.050287 seconds elapsed, finished iteration 91
[LightGBM] [Debug] Trained a tree with leaves = 255
[LightGBM] [Info] 17.243047 seconds elapsed, finished iteration 92
[LightGBM] [Debug] Trained a tree with leaves = 255
[LightGBM] [Info] 17.426736 seconds elapsed, finished iteration 93
[LightGBM] [Debug] Trained a tree with leaves = 255
[LightGBM] [Info] 17.607885 seconds elapsed, finished iteration 94
[LightGBM] [Debug] Trained a tree with leaves = 255
[LightGBM] [Info] 17.790561 seconds elapsed, finished iteration 95
[LightGBM] [Debug] Trained a tree with leaves = 255
[LightGBM] [Info] 17.980776 seconds elapsed, finished iteration 96
[LightGBM] [Debug] Trained a tree with leaves = 255
[LightGBM] [Info] 18.161839 seconds elapsed, finished iteration 97
[LightGBM] [Debug] Trained a tree with leaves = 255
[LightGBM] [Info] 18.353606 seconds elapsed, finished iteration 98
[LightGBM] [Debug] Trained a tree with leaves = 255
[LightGBM] [Info] 18.539658 seconds elapsed, finished iteration 99
[LightGBM] [Debug] Trained a tree with leaves = 255
[LightGBM] [Info] 18.728940 seconds elapsed, finished iteration 100
[LightGBM] [Debug] Trained a tree with leaves = 255
[LightGBM] [Info] 18.925527 seconds elapsed, finished iteration 101
[LightGBM] [Debug] Trained a tree with leaves = 255
[LightGBM] [Info] 19.104260 seconds elapsed, finished iteration 102
[LightGBM] [Debug] Trained a tree with leaves = 255
[LightGBM] [Info] 19.288705 seconds elapsed, finished iteration 103
[LightGBM] [Debug] Trained a tree with leaves = 255
[LightGBM] [Info] 19.471668 seconds elapsed, finished iteration 104
[LightGBM] [Debug] Trained a tree with leaves = 255
[LightGBM] [Info] 19.653801 seconds elapsed, finished iteration 105
[LightGBM] [Debug] Trained a tree with leaves = 255
[LightGBM] [Info] 19.834122 seconds elapsed, finished iteration 106
[LightGBM] [Debug] Trained a tree with leaves = 255
[LightGBM] [Info] 20.017474 seconds elapsed, finished iteration 107
[LightGBM] [Debug] Trained a tree with leaves = 255
[LightGBM] [Info] 20.198581 seconds elapsed, finished iteration 108
[LightGBM] [Debug] Trained a tree with leaves = 255
[LightGBM] [Info] 20.378399 seconds elapsed, finished iteration 109
[LightGBM] [Debug] Trained a tree with leaves = 255
[LightGBM] [Info] 20.565291 seconds elapsed, finished iteration 110
[LightGBM] [Debug] Trained a tree with leaves = 255
[LightGBM] [Info] 20.745874 seconds elapsed, finished iteration 111
[LightGBM] [Debug] Trained a tree with leaves = 255
[LightGBM] [Info] 20.943066 seconds elapsed, finished iteration 112
[LightGBM] [Debug] Trained a tree with leaves = 255
[LightGBM] [Info] 21.128326 seconds elapsed, finished iteration 113
[LightGBM] [Debug] Trained a tree with leaves = 255
[LightGBM] [Info] 21.333156 seconds elapsed, finished iteration 114
[LightGBM] [Debug] Trained a tree with leaves = 255
[LightGBM] [Info] 21.516539 seconds elapsed, finished iteration 115
[LightGBM] [Debug] Trained a tree with leaves = 255
[LightGBM] [Info] 21.695258 seconds elapsed, finished iteration 116
[LightGBM] [Debug] Trained a tree with leaves = 255
[LightGBM] [Info] 21.874702 seconds elapsed, finished iteration 117
[LightGBM] [Debug] Trained a tree with leaves = 255
[LightGBM] [Info] 22.074637 seconds elapsed, finished iteration 118
[LightGBM] [Debug] Trained a tree with leaves = 255
[LightGBM] [Info] 22.256005 seconds elapsed, finished iteration 119
[LightGBM] [Debug] Trained a tree with leaves = 255
[LightGBM] [Info] 22.434444 seconds elapsed, finished iteration 120
[LightGBM] [Debug] Trained a tree with leaves = 255
[LightGBM] [Info] 22.613922 seconds elapsed, finished iteration 121
[LightGBM] [Debug] Trained a tree with leaves = 255
[LightGBM] [Info] 22.813156 seconds elapsed, finished iteration 122
[LightGBM] [Debug] Trained a tree with leaves = 255
[LightGBM] [Info] 22.992158 seconds elapsed, finished iteration 123
[LightGBM] [Debug] Trained a tree with leaves = 255
[LightGBM] [Info] 23.169867 seconds elapsed, finished iteration 124
[LightGBM] [Debug] Trained a tree with leaves = 255
[LightGBM] [Info] 23.350889 seconds elapsed, finished iteration 125
[LightGBM] [Debug] Trained a tree with leaves = 255
[LightGBM] [Info] 23.553537 seconds elapsed, finished iteration 126
[LightGBM] [Debug] Trained a tree with leaves = 255
[LightGBM] [Info] 23.735396 seconds elapsed, finished iteration 127
[LightGBM] [Debug] Trained a tree with leaves = 255
[LightGBM] [Info] 23.922311 seconds elapsed, finished iteration 128
[LightGBM] [Debug] Trained a tree with leaves = 255
[LightGBM] [Info] 24.117000 seconds elapsed, finished iteration 129
[LightGBM] [Debug] Trained a tree with leaves = 255
[LightGBM] [Info] 24.298764 seconds elapsed, finished iteration 130
[LightGBM] [Debug] Trained a tree with leaves = 255
[LightGBM] [Info] 24.487199 seconds elapsed, finished iteration 131
[LightGBM] [Debug] Trained a tree with leaves = 255
[LightGBM] [Info] 24.668892 seconds elapsed, finished iteration 132
[LightGBM] [Debug] Trained a tree with leaves = 255
[LightGBM] [Info] 24.852502 seconds elapsed, finished iteration 133
[LightGBM] [Debug] Trained a tree with leaves = 255
[LightGBM] [Info] 25.029763 seconds elapsed, finished iteration 134
[LightGBM] [Debug] Trained a tree with leaves = 255
[LightGBM] [Info] 25.213540 seconds elapsed, finished iteration 135
[LightGBM] [Debug] Trained a tree with leaves = 255
[LightGBM] [Info] 25.391745 seconds elapsed, finished iteration 136
[LightGBM] [Debug] Trained a tree with leaves = 255
[LightGBM] [Info] 25.573276 seconds elapsed, finished iteration 137
[LightGBM] [Debug] Trained a tree with leaves = 255
[LightGBM] [Info] 25.753958 seconds elapsed, finished iteration 138
[LightGBM] [Debug] Trained a tree with leaves = 255
[LightGBM] [Info] 25.946318 seconds elapsed, finished iteration 139
[LightGBM] [Debug] Trained a tree with leaves = 255
[LightGBM] [Info] 26.123151 seconds elapsed, finished iteration 140
[LightGBM] [Debug] Trained a tree with leaves = 255
[LightGBM] [Info] 26.301943 seconds elapsed, finished iteration 141
[LightGBM] [Debug] Trained a tree with leaves = 255
[LightGBM] [Info] 26.496020 seconds elapsed, finished iteration 142
[LightGBM] [Debug] Trained a tree with leaves = 255
[LightGBM] [Info] 26.686169 seconds elapsed, finished iteration 143
[LightGBM] [Debug] Trained a tree with leaves = 255
[LightGBM] [Info] 26.872227 seconds elapsed, finished iteration 144
[LightGBM] [Debug] Trained a tree with leaves = 255
[LightGBM] [Info] 27.052570 seconds elapsed, finished iteration 145
[LightGBM] [Debug] Trained a tree with leaves = 255
[LightGBM] [Info] 27.238980 seconds elapsed, finished iteration 146
[LightGBM] [Debug] Trained a tree with leaves = 255
[LightGBM] [Info] 27.418444 seconds elapsed, finished iteration 147
[LightGBM] [Debug] Trained a tree with leaves = 255
[LightGBM] [Info] 27.598314 seconds elapsed, finished iteration 148
[LightGBM] [Debug] Trained a tree with leaves = 255
[LightGBM] [Info] 27.779030 seconds elapsed, finished iteration 149
[LightGBM] [Debug] Trained a tree with leaves = 255
[LightGBM] [Info] 27.961327 seconds elapsed, finished iteration 150
[LightGBM] [Debug] Trained a tree with leaves = 255
[LightGBM] [Info] 28.140283 seconds elapsed, finished iteration 151
[LightGBM] [Debug] Trained a tree with leaves = 255
[LightGBM] [Info] 28.319493 seconds elapsed, finished iteration 152
[LightGBM] [Debug] Trained a tree with leaves = 255
[LightGBM] [Info] 28.504110 seconds elapsed, finished iteration 153
[LightGBM] [Debug] Trained a tree with leaves = 255
[LightGBM] [Info] 28.691741 seconds elapsed, finished iteration 154
[LightGBM] [Debug] Trained a tree with leaves = 255
[LightGBM] [Info] 28.870363 seconds elapsed, finished iteration 155
[LightGBM] [Debug] Trained a tree with leaves = 255
[LightGBM] [Info] 29.053606 seconds elapsed, finished iteration 156
[LightGBM] [Debug] Trained a tree with leaves = 255
[LightGBM] [Info] 29.232185 seconds elapsed, finished iteration 157
[LightGBM] [Debug] Trained a tree with leaves = 255
[LightGBM] [Info] 29.414590 seconds elapsed, finished iteration 158
[LightGBM] [Debug] Trained a tree with leaves = 255
[LightGBM] [Info] 29.591890 seconds elapsed, finished iteration 159
[LightGBM] [Debug] Trained a tree with leaves = 255
[LightGBM] [Info] 29.792139 seconds elapsed, finished iteration 160
[LightGBM] [Debug] Trained a tree with leaves = 255
[LightGBM] [Info] 29.973184 seconds elapsed, finished iteration 161
[LightGBM] [Debug] Trained a tree with leaves = 255
[LightGBM] [Info] 30.157422 seconds elapsed, finished iteration 162
[LightGBM] [Debug] Trained a tree with leaves = 255
[LightGBM] [Info] 30.335862 seconds elapsed, finished iteration 163
[LightGBM] [Debug] Trained a tree with leaves = 255
[LightGBM] [Info] 30.531430 seconds elapsed, finished iteration 164
[LightGBM] [Debug] Trained a tree with leaves = 255
[LightGBM] [Info] 30.709891 seconds elapsed, finished iteration 165
[LightGBM] [Debug] Trained a tree with leaves = 255
[LightGBM] [Info] 30.887556 seconds elapsed, finished iteration 166
[LightGBM] [Debug] Trained a tree with leaves = 255
[LightGBM] [Info] 31.085693 seconds elapsed, finished iteration 167
[LightGBM] [Debug] Trained a tree with leaves = 255
[LightGBM] [Info] 31.280840 seconds elapsed, finished iteration 168
[LightGBM] [Debug] Trained a tree with leaves = 255
[LightGBM] [Info] 31.464532 seconds elapsed, finished iteration 169
[LightGBM] [Debug] Trained a tree with leaves = 255
[LightGBM] [Info] 31.648517 seconds elapsed, finished iteration 170
[LightGBM] [Debug] Trained a tree with leaves = 255
[LightGBM] [Info] 31.825956 seconds elapsed, finished iteration 171
[LightGBM] [Debug] Trained a tree with leaves = 255
[LightGBM] [Info] 32.020630 seconds elapsed, finished iteration 172
[LightGBM] [Debug] Trained a tree with leaves = 255
[LightGBM] [Info] 32.196557 seconds elapsed, finished iteration 173
[LightGBM] [Debug] Trained a tree with leaves = 255
[LightGBM] [Info] 32.374202 seconds elapsed, finished iteration 174
[LightGBM] [Debug] Trained a tree with leaves = 255
[LightGBM] [Info] 32.563649 seconds elapsed, finished iteration 175
[LightGBM] [Debug] Trained a tree with leaves = 255
[LightGBM] [Info] 32.745133 seconds elapsed, finished iteration 176
[LightGBM] [Debug] Trained a tree with leaves = 255
[LightGBM] [Info] 32.932151 seconds elapsed, finished iteration 177
[LightGBM] [Debug] Trained a tree with leaves = 255
[LightGBM] [Info] 33.119934 seconds elapsed, finished iteration 178
[LightGBM] [Debug] Trained a tree with leaves = 255
[LightGBM] [Info] 33.298500 seconds elapsed, finished iteration 179
[LightGBM] [Debug] Trained a tree with leaves = 255
[LightGBM] [Info] 33.488968 seconds elapsed, finished iteration 180
[LightGBM] [Debug] Trained a tree with leaves = 255
[LightGBM] [Info] 33.667303 seconds elapsed, finished iteration 181
[LightGBM] [Debug] Trained a tree with leaves = 255
[LightGBM] [Info] 33.851343 seconds elapsed, finished iteration 182
[LightGBM] [Debug] Trained a tree with leaves = 255
[LightGBM] [Info] 34.033747 seconds elapsed, finished iteration 183
[LightGBM] [Debug] Trained a tree with leaves = 255
[LightGBM] [Info] 34.215578 seconds elapsed, finished iteration 184
[LightGBM] [Debug] Trained a tree with leaves = 255
[LightGBM] [Info] 34.399617 seconds elapsed, finished iteration 185
[LightGBM] [Debug] Trained a tree with leaves = 255
[LightGBM] [Info] 34.588615 seconds elapsed, finished iteration 186
[LightGBM] [Debug] Trained a tree with leaves = 255
[LightGBM] [Info] 34.767267 seconds elapsed, finished iteration 187
[LightGBM] [Debug] Trained a tree with leaves = 255
[LightGBM] [Info] 34.961679 seconds elapsed, finished iteration 188
[LightGBM] [Debug] Trained a tree with leaves = 255
[LightGBM] [Info] 35.154239 seconds elapsed, finished iteration 189
[LightGBM] [Debug] Trained a tree with leaves = 255
[LightGBM] [Info] 35.334214 seconds elapsed, finished iteration 190
[LightGBM] [Debug] Trained a tree with leaves = 255
[LightGBM] [Info] 35.520995 seconds elapsed, finished iteration 191
[LightGBM] [Debug] Trained a tree with leaves = 255
[LightGBM] [Info] 35.704618 seconds elapsed, finished iteration 192
[LightGBM] [Debug] Trained a tree with leaves = 255
[LightGBM] [Info] 35.884001 seconds elapsed, finished iteration 193
[LightGBM] [Debug] Trained a tree with leaves = 255
[LightGBM] [Info] 36.064142 seconds elapsed, finished iteration 194
[LightGBM] [Debug] Trained a tree with leaves = 255
[LightGBM] [Info] 36.242694 seconds elapsed, finished iteration 195
[LightGBM] [Debug] Trained a tree with leaves = 255
[LightGBM] [Info] 36.420281 seconds elapsed, finished iteration 196
[LightGBM] [Debug] Trained a tree with leaves = 255
[LightGBM] [Info] 36.611104 seconds elapsed, finished iteration 197
[LightGBM] [Debug] Trained a tree with leaves = 255
[LightGBM] [Info] 36.792496 seconds elapsed, finished iteration 198
[LightGBM] [Debug] Trained a tree with leaves = 255
[LightGBM] [Info] 36.969694 seconds elapsed, finished iteration 199
[LightGBM] [Debug] Trained a tree with leaves = 255
[LightGBM] [Info] 37.145413 seconds elapsed, finished iteration 200
[LightGBM] [Debug] Trained a tree with leaves = 255
[LightGBM] [Info] 37.328579 seconds elapsed, finished iteration 201
[LightGBM] [Debug] Trained a tree with leaves = 255
[LightGBM] [Info] 37.516328 seconds elapsed, finished iteration 202
[LightGBM] [Debug] Trained a tree with leaves = 255
[LightGBM] [Info] 37.701830 seconds elapsed, finished iteration 203
[LightGBM] [Debug] Trained a tree with leaves = 255
[LightGBM] [Info] 37.881220 seconds elapsed, finished iteration 204
[LightGBM] [Debug] Trained a tree with leaves = 255
[LightGBM] [Info] 38.084310 seconds elapsed, finished iteration 205
[LightGBM] [Debug] Trained a tree with leaves = 255
[LightGBM] [Info] 38.263105 seconds elapsed, finished iteration 206
[LightGBM] [Debug] Trained a tree with leaves = 255
[LightGBM] [Info] 38.442918 seconds elapsed, finished iteration 207
[LightGBM] [Debug] Trained a tree with leaves = 255
[LightGBM] [Info] 38.644392 seconds elapsed, finished iteration 208
[LightGBM] [Debug] Trained a tree with leaves = 255
[LightGBM] [Info] 38.821892 seconds elapsed, finished iteration 209
[LightGBM] [Debug] Trained a tree with leaves = 255
[LightGBM] [Info] 38.999070 seconds elapsed, finished iteration 210
[LightGBM] [Debug] Trained a tree with leaves = 255
[LightGBM] [Info] 39.176298 seconds elapsed, finished iteration 211
[LightGBM] [Debug] Trained a tree with leaves = 255
[LightGBM] [Info] 39.359697 seconds elapsed, finished iteration 212
[LightGBM] [Debug] Trained a tree with leaves = 255
[LightGBM] [Info] 39.552905 seconds elapsed, finished iteration 213
[LightGBM] [Debug] Trained a tree with leaves = 255
[LightGBM] [Info] 39.734564 seconds elapsed, finished iteration 214
[LightGBM] [Debug] Trained a tree with leaves = 255
[LightGBM] [Info] 39.911106 seconds elapsed, finished iteration 215
[LightGBM] [Debug] Trained a tree with leaves = 255
[LightGBM] [Info] 40.088218 seconds elapsed, finished iteration 216
[LightGBM] [Debug] Trained a tree with leaves = 255
[LightGBM] [Info] 40.265800 seconds elapsed, finished iteration 217
[LightGBM] [Debug] Trained a tree with leaves = 255
[LightGBM] [Info] 40.450831 seconds elapsed, finished iteration 218
[LightGBM] [Debug] Trained a tree with leaves = 255
[LightGBM] [Info] 40.629077 seconds elapsed, finished iteration 219
[LightGBM] [Debug] Trained a tree with leaves = 255
[LightGBM] [Info] 40.808690 seconds elapsed, finished iteration 220
[LightGBM] [Debug] Trained a tree with leaves = 255
[LightGBM] [Info] 40.990711 seconds elapsed, finished iteration 221
[LightGBM] [Debug] Trained a tree with leaves = 255
[LightGBM] [Info] 41.182905 seconds elapsed, finished iteration 222
[LightGBM] [Debug] Trained a tree with leaves = 255
[LightGBM] [Info] 41.359678 seconds elapsed, finished iteration 223
[LightGBM] [Debug] Trained a tree with leaves = 255
[LightGBM] [Info] 41.536220 seconds elapsed, finished iteration 224
[LightGBM] [Debug] Trained a tree with leaves = 255
[LightGBM] [Info] 41.725322 seconds elapsed, finished iteration 225
[LightGBM] [Debug] Trained a tree with leaves = 255
[LightGBM] [Info] 41.911389 seconds elapsed, finished iteration 226
[LightGBM] [Debug] Trained a tree with leaves = 255
[LightGBM] [Info] 42.099563 seconds elapsed, finished iteration 227
[LightGBM] [Debug] Trained a tree with leaves = 255
[LightGBM] [Info] 42.285179 seconds elapsed, finished iteration 228
[LightGBM] [Debug] Trained a tree with leaves = 255
[LightGBM] [Info] 42.460914 seconds elapsed, finished iteration 229
[LightGBM] [Debug] Trained a tree with leaves = 255
[LightGBM] [Info] 42.646892 seconds elapsed, finished iteration 230
[LightGBM] [Debug] Trained a tree with leaves = 255
[LightGBM] [Info] 42.826453 seconds elapsed, finished iteration 231
[LightGBM] [Debug] Trained a tree with leaves = 255
[LightGBM] [Info] 43.010372 seconds elapsed, finished iteration 232
[LightGBM] [Debug] Trained a tree with leaves = 255
[LightGBM] [Info] 43.191310 seconds elapsed, finished iteration 233
[LightGBM] [Debug] Trained a tree with leaves = 255
[LightGBM] [Info] 43.369547 seconds elapsed, finished iteration 234
[LightGBM] [Debug] Trained a tree with leaves = 255
[LightGBM] [Info] 43.547900 seconds elapsed, finished iteration 235
[LightGBM] [Debug] Trained a tree with leaves = 255
[LightGBM] [Info] 43.730655 seconds elapsed, finished iteration 236
[LightGBM] [Debug] Trained a tree with leaves = 255
[LightGBM] [Info] 43.909401 seconds elapsed, finished iteration 237
[LightGBM] [Debug] Trained a tree with leaves = 255
[LightGBM] [Info] 44.090673 seconds elapsed, finished iteration 238
[LightGBM] [Debug] Trained a tree with leaves = 255
[LightGBM] [Info] 44.277633 seconds elapsed, finished iteration 239
[LightGBM] [Debug] Trained a tree with leaves = 255
[LightGBM] [Info] 44.457795 seconds elapsed, finished iteration 240
[LightGBM] [Debug] Trained a tree with leaves = 255
[LightGBM] [Info] 44.635430 seconds elapsed, finished iteration 241
[LightGBM] [Debug] Trained a tree with leaves = 255
[LightGBM] [Info] 44.823875 seconds elapsed, finished iteration 242
[LightGBM] [Debug] Trained a tree with leaves = 255
[LightGBM] [Info] 45.014672 seconds elapsed, finished iteration 243
[LightGBM] [Debug] Trained a tree with leaves = 255
[LightGBM] [Info] 45.198407 seconds elapsed, finished iteration 244
[LightGBM] [Debug] Trained a tree with leaves = 255
[LightGBM] [Info] 45.383052 seconds elapsed, finished iteration 245
[LightGBM] [Debug] Trained a tree with leaves = 255
[LightGBM] [Info] 45.564286 seconds elapsed, finished iteration 246
[LightGBM] [Debug] Trained a tree with leaves = 255
[LightGBM] [Info] 45.741016 seconds elapsed, finished iteration 247
[LightGBM] [Debug] Trained a tree with leaves = 255
[LightGBM] [Info] 45.922970 seconds elapsed, finished iteration 248
[LightGBM] [Debug] Trained a tree with leaves = 255
[LightGBM] [Info] 46.106307 seconds elapsed, finished iteration 249
[LightGBM] [Debug] Trained a tree with leaves = 255
[LightGBM] [Info] 46.284819 seconds elapsed, finished iteration 250
[LightGBM] [Debug] Trained a tree with leaves = 255
[LightGBM] [Info] 46.466644 seconds elapsed, finished iteration 251
[LightGBM] [Debug] Trained a tree with leaves = 255
[LightGBM] [Info] 46.645154 seconds elapsed, finished iteration 252
[LightGBM] [Debug] Trained a tree with leaves = 255
[LightGBM] [Info] 46.835550 seconds elapsed, finished iteration 253
[LightGBM] [Debug] Trained a tree with leaves = 255
[LightGBM] [Info] 47.017477 seconds elapsed, finished iteration 254
[LightGBM] [Debug] Trained a tree with leaves = 255
[LightGBM] [Info] 47.198419 seconds elapsed, finished iteration 255
[LightGBM] [Debug] Trained a tree with leaves = 255
[LightGBM] [Info] 47.381993 seconds elapsed, finished iteration 256
[LightGBM] [Debug] Trained a tree with leaves = 255
[LightGBM] [Info] 47.561624 seconds elapsed, finished iteration 257
[LightGBM] [Debug] Trained a tree with leaves = 255
[LightGBM] [Info] 47.741335 seconds elapsed, finished iteration 258
[LightGBM] [Debug] Trained a tree with leaves = 255
[LightGBM] [Info] 47.921223 seconds elapsed, finished iteration 259
[LightGBM] [Debug] Trained a tree with leaves = 255
[LightGBM] [Info] 48.099222 seconds elapsed, finished iteration 260
[LightGBM] [Debug] Trained a tree with leaves = 255
[LightGBM] [Info] 48.287310 seconds elapsed, finished iteration 261
[LightGBM] [Debug] Trained a tree with leaves = 255
[LightGBM] [Info] 48.463124 seconds elapsed, finished iteration 262
[LightGBM] [Debug] Trained a tree with leaves = 255
[LightGBM] [Info] 48.640036 seconds elapsed, finished iteration 263
[LightGBM] [Debug] Trained a tree with leaves = 255
[LightGBM] [Info] 48.843707 seconds elapsed, finished iteration 264
[LightGBM] [Debug] Trained a tree with leaves = 255
[LightGBM] [Info] 49.028578 seconds elapsed, finished iteration 265
[LightGBM] [Debug] Trained a tree with leaves = 255
[LightGBM] [Info] 49.204852 seconds elapsed, finished iteration 266
[LightGBM] [Debug] Trained a tree with leaves = 255
[LightGBM] [Info] 49.383045 seconds elapsed, finished iteration 267
[LightGBM] [Debug] Trained a tree with leaves = 255
[LightGBM] [Info] 49.564257 seconds elapsed, finished iteration 268
[LightGBM] [Debug] Trained a tree with leaves = 255
[LightGBM] [Info] 49.770991 seconds elapsed, finished iteration 269
[LightGBM] [Debug] Trained a tree with leaves = 255
[LightGBM] [Info] 49.954372 seconds elapsed, finished iteration 270
[LightGBM] [Debug] Trained a tree with leaves = 255
[LightGBM] [Info] 50.130965 seconds elapsed, finished iteration 271
[LightGBM] [Debug] Trained a tree with leaves = 255
[LightGBM] [Info] 50.309914 seconds elapsed, finished iteration 272
[LightGBM] [Debug] Trained a tree with leaves = 255
[LightGBM] [Info] 50.506497 seconds elapsed, finished iteration 273
[LightGBM] [Debug] Trained a tree with leaves = 255
[LightGBM] [Info] 50.686609 seconds elapsed, finished iteration 274
[LightGBM] [Debug] Trained a tree with leaves = 255
[LightGBM] [Info] 50.870235 seconds elapsed, finished iteration 275
[LightGBM] [Debug] Trained a tree with leaves = 255
[LightGBM] [Info] 51.050422 seconds elapsed, finished iteration 276
[LightGBM] [Debug] Trained a tree with leaves = 255
[LightGBM] [Info] 51.228950 seconds elapsed, finished iteration 277
[LightGBM] [Debug] Trained a tree with leaves = 255
[LightGBM] [Info] 51.428611 seconds elapsed, finished iteration 278
[LightGBM] [Debug] Trained a tree with leaves = 255
[LightGBM] [Info] 51.609765 seconds elapsed, finished iteration 279
[LightGBM] [Debug] Trained a tree with leaves = 255
[LightGBM] [Info] 51.786015 seconds elapsed, finished iteration 280
[LightGBM] [Debug] Trained a tree with leaves = 255
[LightGBM] [Info] 51.976390 seconds elapsed, finished iteration 281
[LightGBM] [Debug] Trained a tree with leaves = 255
[LightGBM] [Info] 52.153638 seconds elapsed, finished iteration 282
[LightGBM] [Debug] Trained a tree with leaves = 255
[LightGBM] [Info] 52.331105 seconds elapsed, finished iteration 283
[LightGBM] [Debug] Trained a tree with leaves = 255
[LightGBM] [Info] 52.508076 seconds elapsed, finished iteration 284
[LightGBM] [Debug] Trained a tree with leaves = 255
[LightGBM] [Info] 52.696962 seconds elapsed, finished iteration 285
[LightGBM] [Debug] Trained a tree with leaves = 255
[LightGBM] [Info] 52.872572 seconds elapsed, finished iteration 286
[LightGBM] [Debug] Trained a tree with leaves = 255
[LightGBM] [Info] 53.063200 seconds elapsed, finished iteration 287
[LightGBM] [Debug] Trained a tree with leaves = 255
[LightGBM] [Info] 53.240011 seconds elapsed, finished iteration 288
[LightGBM] [Debug] Trained a tree with leaves = 255
[LightGBM] [Info] 53.425353 seconds elapsed, finished iteration 289
[LightGBM] [Debug] Trained a tree with leaves = 255
[LightGBM] [Info] 53.602464 seconds elapsed, finished iteration 290
[LightGBM] [Debug] Trained a tree with leaves = 255
[LightGBM] [Info] 53.786013 seconds elapsed, finished iteration 291
[LightGBM] [Debug] Trained a tree with leaves = 255
[LightGBM] [Info] 53.966480 seconds elapsed, finished iteration 292
[LightGBM] [Debug] Trained a tree with leaves = 255
[LightGBM] [Info] 54.145706 seconds elapsed, finished iteration 293
[LightGBM] [Debug] Trained a tree with leaves = 255
[LightGBM] [Info] 54.324256 seconds elapsed, finished iteration 294
[LightGBM] [Debug] Trained a tree with leaves = 255
[LightGBM] [Info] 54.504692 seconds elapsed, finished iteration 295
[LightGBM] [Debug] Trained a tree with leaves = 255
[LightGBM] [Info] 54.699141 seconds elapsed, finished iteration 296
[LightGBM] [Warning] No further splits with positive gain, training stopped with 251 leaves.
[LightGBM] [Debug] Trained a tree with leaves = 251
[LightGBM] [Info] 54.880150 seconds elapsed, finished iteration 297
[LightGBM] [Debug] Trained a tree with leaves = 255
[LightGBM] [Info] 55.058424 seconds elapsed, finished iteration 298
[LightGBM] [Warning] No further splits with positive gain, training stopped with 254 leaves.
[LightGBM] [Debug] Trained a tree with leaves = 254
[LightGBM] [Info] 55.237914 seconds elapsed, finished iteration 299
[LightGBM] [Debug] Trained a tree with leaves = 255
[LightGBM] [Info] 55.432432 seconds elapsed, finished iteration 300
[LightGBM] [Debug] Trained a tree with leaves = 255
[LightGBM] [Info] 55.611094 seconds elapsed, finished iteration 301
[LightGBM] [Debug] Trained a tree with leaves = 255
[LightGBM] [Info] 55.789912 seconds elapsed, finished iteration 302
[LightGBM] [Debug] Trained a tree with leaves = 255
[LightGBM] [Info] 55.978787 seconds elapsed, finished iteration 303
[LightGBM] [Warning] No further splits with positive gain, training stopped with 254 leaves.
[LightGBM] [Debug] Trained a tree with leaves = 254
[LightGBM] [Info] 56.161060 seconds elapsed, finished iteration 304
[LightGBM] [Debug] Trained a tree with leaves = 255
[LightGBM] [Info] 56.339465 seconds elapsed, finished iteration 305
[LightGBM] [Debug] Trained a tree with leaves = 255
[LightGBM] [Info] 56.538331 seconds elapsed, finished iteration 306
[LightGBM] [Warning] No further splits with positive gain, training stopped with 249 leaves.
[LightGBM] [Debug] Trained a tree with leaves = 249
[LightGBM] [Info] 56.718400 seconds elapsed, finished iteration 307
[LightGBM] [Debug] Trained a tree with leaves = 255
[LightGBM] [Info] 56.894941 seconds elapsed, finished iteration 308
[LightGBM] [Debug] Trained a tree with leaves = 255
[LightGBM] [Info] 57.076311 seconds elapsed, finished iteration 309
[LightGBM] [Debug] Trained a tree with leaves = 255
[LightGBM] [Info] 57.253030 seconds elapsed, finished iteration 310
[LightGBM] [Warning] No further splits with positive gain, training stopped with 253 leaves.
[LightGBM] [Debug] Trained a tree with leaves = 253
[LightGBM] [Info] 57.432952 seconds elapsed, finished iteration 311
[LightGBM] [Debug] Trained a tree with leaves = 255
[LightGBM] [Info] 57.610666 seconds elapsed, finished iteration 312
[LightGBM] [Debug] Trained a tree with leaves = 255
[LightGBM] [Info] 57.793803 seconds elapsed, finished iteration 313
[LightGBM] [Warning] No further splits with positive gain, training stopped with 252 leaves.
[LightGBM] [Debug] Trained a tree with leaves = 252
[LightGBM] [Info] 57.971056 seconds elapsed, finished iteration 314
[LightGBM] [Warning] No further splits with positive gain, training stopped with 246 leaves.
[LightGBM] [Debug] Trained a tree with leaves = 246
[LightGBM] [Info] 58.157511 seconds elapsed, finished iteration 315
[LightGBM] [Warning] No further splits with positive gain, training stopped with 250 leaves.
[LightGBM] [Debug] Trained a tree with leaves = 250
[LightGBM] [Info] 58.336810 seconds elapsed, finished iteration 316
[LightGBM] [Warning] No further splits with positive gain, training stopped with 242 leaves.
[LightGBM] [Debug] Trained a tree with leaves = 242
[LightGBM] [Info] 58.511762 seconds elapsed, finished iteration 317
[LightGBM] [Warning] No further splits with positive gain, training stopped with 249 leaves.
[LightGBM] [Debug] Trained a tree with leaves = 249
[LightGBM] [Info] 58.686432 seconds elapsed, finished iteration 318
[LightGBM] [Warning] No further splits with positive gain, training stopped with 248 leaves.
[LightGBM] [Debug] Trained a tree with leaves = 248
[LightGBM] [Info] 58.866138 seconds elapsed, finished iteration 319
[LightGBM] [Warning] No further splits with positive gain, training stopped with 251 leaves.
[LightGBM] [Debug] Trained a tree with leaves = 251
[LightGBM] [Info] 59.043660 seconds elapsed, finished iteration 320
[LightGBM] [Warning] No further splits with positive gain, training stopped with 247 leaves.
[LightGBM] [Debug] Trained a tree with leaves = 247
[LightGBM] [Info] 59.218497 seconds elapsed, finished iteration 321
[LightGBM] [Warning] No further splits with positive gain, training stopped with 254 leaves.
[LightGBM] [Debug] Trained a tree with leaves = 254
[LightGBM] [Info] 59.407328 seconds elapsed, finished iteration 322
[LightGBM] [Warning] No further splits with positive gain, training stopped with 243 leaves.
[LightGBM] [Debug] Trained a tree with leaves = 243
[LightGBM] [Info] 59.576450 seconds elapsed, finished iteration 323
[LightGBM] [Warning] No further splits with positive gain, training stopped with 242 leaves.
[LightGBM] [Debug] Trained a tree with leaves = 242
[LightGBM] [Info] 59.749290 seconds elapsed, finished iteration 324
[LightGBM] [Warning] No further splits with positive gain, training stopped with 241 leaves.
[LightGBM] [Debug] Trained a tree with leaves = 241
[LightGBM] [Info] 59.921217 seconds elapsed, finished iteration 325
[LightGBM] [Warning] No further splits with positive gain, training stopped with 238 leaves.
[LightGBM] [Debug] Trained a tree with leaves = 238
[LightGBM] [Info] 60.105322 seconds elapsed, finished iteration 326
[LightGBM] [Warning] No further splits with positive gain, training stopped with 248 leaves.
[LightGBM] [Debug] Trained a tree with leaves = 248
[LightGBM] [Info] 60.287374 seconds elapsed, finished iteration 327
[LightGBM] [Warning] No further splits with positive gain, training stopped with 244 leaves.
[LightGBM] [Debug] Trained a tree with leaves = 244
[LightGBM] [Info] 60.459928 seconds elapsed, finished iteration 328
[LightGBM] [Warning] No further splits with positive gain, training stopped with 245 leaves.
[LightGBM] [Debug] Trained a tree with leaves = 245
[LightGBM] [Info] 60.635425 seconds elapsed, finished iteration 329
[LightGBM] [Warning] No further splits with positive gain, training stopped with 247 leaves.
[LightGBM] [Debug] Trained a tree with leaves = 247
[LightGBM] [Info] 60.809791 seconds elapsed, finished iteration 330
[LightGBM] [Warning] No further splits with positive gain, training stopped with 243 leaves.
[LightGBM] [Debug] Trained a tree with leaves = 243
[LightGBM] [Info] 60.990095 seconds elapsed, finished iteration 331
[LightGBM] [Warning] No further splits with positive gain, training stopped with 248 leaves.
[LightGBM] [Debug] Trained a tree with leaves = 248
[LightGBM] [Info] 61.167036 seconds elapsed, finished iteration 332
[LightGBM] [Warning] No further splits with positive gain, training stopped with 240 leaves.
[LightGBM] [Debug] Trained a tree with leaves = 240
[LightGBM] [Info] 61.338839 seconds elapsed, finished iteration 333
[LightGBM] [Warning] No further splits with positive gain, training stopped with 236 leaves.
[LightGBM] [Debug] Trained a tree with leaves = 236
[LightGBM] [Info] 61.512998 seconds elapsed, finished iteration 334
[LightGBM] [Warning] No further splits with positive gain, training stopped with 245 leaves.
[LightGBM] [Debug] Trained a tree with leaves = 245
[LightGBM] [Info] 61.693428 seconds elapsed, finished iteration 335
[LightGBM] [Warning] No further splits with positive gain, training stopped with 231 leaves.
[LightGBM] [Debug] Trained a tree with leaves = 231
[LightGBM] [Info] 61.877917 seconds elapsed, finished iteration 336
[LightGBM] [Warning] No further splits with positive gain, training stopped with 235 leaves.
[LightGBM] [Debug] Trained a tree with leaves = 235
[LightGBM] [Info] 62.047637 seconds elapsed, finished iteration 337
[LightGBM] [Warning] No further splits with positive gain, training stopped with 236 leaves.
[LightGBM] [Debug] Trained a tree with leaves = 236
[LightGBM] [Info] 62.217622 seconds elapsed, finished iteration 338
[LightGBM] [Warning] No further splits with positive gain, training stopped with 238 leaves.
[LightGBM] [Debug] Trained a tree with leaves = 238
[LightGBM] [Info] 62.399456 seconds elapsed, finished iteration 339
[LightGBM] [Warning] No further splits with positive gain, training stopped with 243 leaves.
[LightGBM] [Debug] Trained a tree with leaves = 243
[LightGBM] [Info] 62.577351 seconds elapsed, finished iteration 340
[LightGBM] [Warning] No further splits with positive gain, training stopped with 244 leaves.
[LightGBM] [Debug] Trained a tree with leaves = 244
[LightGBM] [Info] 62.769812 seconds elapsed, finished iteration 341
[LightGBM] [Warning] No further splits with positive gain, training stopped with 239 leaves.
[LightGBM] [Debug] Trained a tree with leaves = 239
[LightGBM] [Info] 62.942851 seconds elapsed, finished iteration 342
[LightGBM] [Warning] No further splits with positive gain, training stopped with 243 leaves.
[LightGBM] [Debug] Trained a tree with leaves = 243
[LightGBM] [Info] 63.118130 seconds elapsed, finished iteration 343
[LightGBM] [Warning] No further splits with positive gain, training stopped with 230 leaves.
[LightGBM] [Debug] Trained a tree with leaves = 230
[LightGBM] [Info] 63.286926 seconds elapsed, finished iteration 344
[LightGBM] [Warning] No further splits with positive gain, training stopped with 236 leaves.
[LightGBM] [Debug] Trained a tree with leaves = 236
[LightGBM] [Info] 63.455379 seconds elapsed, finished iteration 345
[LightGBM] [Warning] No further splits with positive gain, training stopped with 235 leaves.
[LightGBM] [Debug] Trained a tree with leaves = 235
[LightGBM] [Info] 63.633194 seconds elapsed, finished iteration 346
[LightGBM] [Warning] No further splits with positive gain, training stopped with 233 leaves.
[LightGBM] [Debug] Trained a tree with leaves = 233
[LightGBM] [Info] 63.803335 seconds elapsed, finished iteration 347
[LightGBM] [Warning] No further splits with positive gain, training stopped with 236 leaves.
[LightGBM] [Debug] Trained a tree with leaves = 236
[LightGBM] [Info] 63.970181 seconds elapsed, finished iteration 348
[LightGBM] [Warning] No further splits with positive gain, training stopped with 238 leaves.
[LightGBM] [Debug] Trained a tree with leaves = 238
[LightGBM] [Info] 64.146261 seconds elapsed, finished iteration 349
[LightGBM] [Warning] No further splits with positive gain, training stopped with 241 leaves.
[LightGBM] [Debug] Trained a tree with leaves = 241
[LightGBM] [Info] 64.320327 seconds elapsed, finished iteration 350
[LightGBM] [Warning] No further splits with positive gain, training stopped with 236 leaves.
[LightGBM] [Debug] Trained a tree with leaves = 236
[LightGBM] [Info] 64.502428 seconds elapsed, finished iteration 351
[LightGBM] [Warning] No further splits with positive gain, training stopped with 235 leaves.
[LightGBM] [Debug] Trained a tree with leaves = 235
[LightGBM] [Info] 64.674293 seconds elapsed, finished iteration 352
[LightGBM] [Warning] No further splits with positive gain, training stopped with 227 leaves.
[LightGBM] [Debug] Trained a tree with leaves = 227
[LightGBM] [Info] 64.845377 seconds elapsed, finished iteration 353
[LightGBM] [Warning] No further splits with positive gain, training stopped with 232 leaves.
[LightGBM] [Debug] Trained a tree with leaves = 232
[LightGBM] [Info] 65.012890 seconds elapsed, finished iteration 354
[LightGBM] [Warning] No further splits with positive gain, training stopped with 233 leaves.
[LightGBM] [Debug] Trained a tree with leaves = 233
[LightGBM] [Info] 65.181333 seconds elapsed, finished iteration 355
[LightGBM] [Warning] No further splits with positive gain, training stopped with 227 leaves.
[LightGBM] [Debug] Trained a tree with leaves = 227
[LightGBM] [Info] 65.346710 seconds elapsed, finished iteration 356
[LightGBM] [Warning] No further splits with positive gain, training stopped with 230 leaves.
[LightGBM] [Debug] Trained a tree with leaves = 230
[LightGBM] [Info] 65.515273 seconds elapsed, finished iteration 357
[LightGBM] [Warning] No further splits with positive gain, training stopped with 232 leaves.
[LightGBM] [Debug] Trained a tree with leaves = 232
[LightGBM] [Info] 65.687641 seconds elapsed, finished iteration 358
[LightGBM] [Warning] No further splits with positive gain, training stopped with 228 leaves.
[LightGBM] [Debug] Trained a tree with leaves = 228
[LightGBM] [Info] 65.852559 seconds elapsed, finished iteration 359
[LightGBM] [Warning] No further splits with positive gain, training stopped with 232 leaves.
[LightGBM] [Debug] Trained a tree with leaves = 232
[LightGBM] [Info] 66.022764 seconds elapsed, finished iteration 360
[LightGBM] [Warning] No further splits with positive gain, training stopped with 229 leaves.
[LightGBM] [Debug] Trained a tree with leaves = 229
[LightGBM] [Info] 66.185587 seconds elapsed, finished iteration 361
[LightGBM] [Warning] No further splits with positive gain, training stopped with 234 leaves.
[LightGBM] [Debug] Trained a tree with leaves = 234
[LightGBM] [Info] 66.352174 seconds elapsed, finished iteration 362
[LightGBM] [Warning] No further splits with positive gain, training stopped with 228 leaves.
[LightGBM] [Debug] Trained a tree with leaves = 228
[LightGBM] [Info] 66.518180 seconds elapsed, finished iteration 363
[LightGBM] [Warning] No further splits with positive gain, training stopped with 230 leaves.
[LightGBM] [Debug] Trained a tree with leaves = 230
[LightGBM] [Info] 66.699782 seconds elapsed, finished iteration 364
[LightGBM] [Warning] No further splits with positive gain, training stopped with 232 leaves.
[LightGBM] [Debug] Trained a tree with leaves = 232
[LightGBM] [Info] 66.872159 seconds elapsed, finished iteration 365
[LightGBM] [Warning] No further splits with positive gain, training stopped with 227 leaves.
[LightGBM] [Debug] Trained a tree with leaves = 227
[LightGBM] [Info] 67.037072 seconds elapsed, finished iteration 366
[LightGBM] [Warning] No further splits with positive gain, training stopped with 227 leaves.
[LightGBM] [Debug] Trained a tree with leaves = 227
[LightGBM] [Info] 67.203799 seconds elapsed, finished iteration 367
[LightGBM] [Warning] No further splits with positive gain, training stopped with 229 leaves.
[LightGBM] [Debug] Trained a tree with leaves = 229
[LightGBM] [Info] 67.374362 seconds elapsed, finished iteration 368
[LightGBM] [Warning] No further splits with positive gain, training stopped with 223 leaves.
[LightGBM] [Debug] Trained a tree with leaves = 223
[LightGBM] [Info] 67.536720 seconds elapsed, finished iteration 369
[LightGBM] [Warning] No further splits with positive gain, training stopped with 230 leaves.
[LightGBM] [Debug] Trained a tree with leaves = 230
[LightGBM] [Info] 67.711040 seconds elapsed, finished iteration 370
[LightGBM] [Warning] No further splits with positive gain, training stopped with 223 leaves.
[LightGBM] [Debug] Trained a tree with leaves = 223
[LightGBM] [Info] 67.878371 seconds elapsed, finished iteration 371
[LightGBM] [Warning] No further splits with positive gain, training stopped with 219 leaves.
[LightGBM] [Debug] Trained a tree with leaves = 219
[LightGBM] [Info] 68.037700 seconds elapsed, finished iteration 372
[LightGBM] [Warning] No further splits with positive gain, training stopped with 221 leaves.
[LightGBM] [Debug] Trained a tree with leaves = 221
[LightGBM] [Info] 68.200991 seconds elapsed, finished iteration 373
[LightGBM] [Warning] No further splits with positive gain, training stopped with 223 leaves.
[LightGBM] [Debug] Trained a tree with leaves = 223
[LightGBM] [Info] 68.369466 seconds elapsed, finished iteration 374
[LightGBM] [Warning] No further splits with positive gain, training stopped with 224 leaves.
[LightGBM] [Debug] Trained a tree with leaves = 224
[LightGBM] [Info] 68.532662 seconds elapsed, finished iteration 375
[LightGBM] [Warning] No further splits with positive gain, training stopped with 218 leaves.
[LightGBM] [Debug] Trained a tree with leaves = 218
[LightGBM] [Info] 68.694994 seconds elapsed, finished iteration 376
[LightGBM] [Warning] No further splits with positive gain, training stopped with 229 leaves.
[LightGBM] [Debug] Trained a tree with leaves = 229
[LightGBM] [Info] 68.876207 seconds elapsed, finished iteration 377
[LightGBM] [Warning] No further splits with positive gain, training stopped with 216 leaves.
[LightGBM] [Debug] Trained a tree with leaves = 216
[LightGBM] [Info] 69.036259 seconds elapsed, finished iteration 378
[LightGBM] [Warning] No further splits with positive gain, training stopped with 221 leaves.
[LightGBM] [Debug] Trained a tree with leaves = 221
[LightGBM] [Info] 69.198364 seconds elapsed, finished iteration 379
[LightGBM] [Warning] No further splits with positive gain, training stopped with 222 leaves.
[LightGBM] [Debug] Trained a tree with leaves = 222
[LightGBM] [Info] 69.365574 seconds elapsed, finished iteration 380
[LightGBM] [Warning] No further splits with positive gain, training stopped with 224 leaves.
[LightGBM] [Debug] Trained a tree with leaves = 224
[LightGBM] [Info] 69.532650 seconds elapsed, finished iteration 381
[LightGBM] [Warning] No further splits with positive gain, training stopped with 220 leaves.
[LightGBM] [Debug] Trained a tree with leaves = 220
[LightGBM] [Info] 69.694170 seconds elapsed, finished iteration 382
[LightGBM] [Warning] No further splits with positive gain, training stopped with 214 leaves.
[LightGBM] [Debug] Trained a tree with leaves = 214
[LightGBM] [Info] 69.855036 seconds elapsed, finished iteration 383
[LightGBM] [Warning] No further splits with positive gain, training stopped with 214 leaves.
[LightGBM] [Debug] Trained a tree with leaves = 214
[LightGBM] [Info] 70.012353 seconds elapsed, finished iteration 384
[LightGBM] [Warning] No further splits with positive gain, training stopped with 215 leaves.
[LightGBM] [Debug] Trained a tree with leaves = 215
[LightGBM] [Info] 70.170658 seconds elapsed, finished iteration 385
[LightGBM] [Warning] No further splits with positive gain, training stopped with 222 leaves.
[LightGBM] [Debug] Trained a tree with leaves = 222
[LightGBM] [Info] 70.334591 seconds elapsed, finished iteration 386
[LightGBM] [Warning] No further splits with positive gain, training stopped with 220 leaves.
[LightGBM] [Debug] Trained a tree with leaves = 220
[LightGBM] [Info] 70.506910 seconds elapsed, finished iteration 387
[LightGBM] [Warning] No further splits with positive gain, training stopped with 217 leaves.
[LightGBM] [Debug] Trained a tree with leaves = 217
[LightGBM] [Info] 70.670049 seconds elapsed, finished iteration 388
[LightGBM] [Warning] No further splits with positive gain, training stopped with 216 leaves.
[LightGBM] [Debug] Trained a tree with leaves = 216
[LightGBM] [Info] 70.828956 seconds elapsed, finished iteration 389
[LightGBM] [Warning] No further splits with positive gain, training stopped with 214 leaves.
[LightGBM] [Debug] Trained a tree with leaves = 214
[LightGBM] [Info] 70.998164 seconds elapsed, finished iteration 390
[LightGBM] [Warning] No further splits with positive gain, training stopped with 217 leaves.
[LightGBM] [Debug] Trained a tree with leaves = 217
[LightGBM] [Info] 71.160630 seconds elapsed, finished iteration 391
[LightGBM] [Warning] No further splits with positive gain, training stopped with 213 leaves.
[LightGBM] [Debug] Trained a tree with leaves = 213
[LightGBM] [Info] 71.321024 seconds elapsed, finished iteration 392
[LightGBM] [Warning] No further splits with positive gain, training stopped with 218 leaves.
[LightGBM] [Debug] Trained a tree with leaves = 218
[LightGBM] [Info] 71.483640 seconds elapsed, finished iteration 393
[LightGBM] [Warning] No further splits with positive gain, training stopped with 217 leaves.
[LightGBM] [Debug] Trained a tree with leaves = 217
[LightGBM] [Info] 71.645324 seconds elapsed, finished iteration 394
[LightGBM] [Warning] No further splits with positive gain, training stopped with 215 leaves.
[LightGBM] [Debug] Trained a tree with leaves = 215
[LightGBM] [Info] 71.805052 seconds elapsed, finished iteration 395
[LightGBM] [Warning] No further splits with positive gain, training stopped with 209 leaves.
[LightGBM] [Debug] Trained a tree with leaves = 209
[LightGBM] [Info] 71.977434 seconds elapsed, finished iteration 396
[LightGBM] [Warning] No further splits with positive gain, training stopped with 215 leaves.
[LightGBM] [Debug] Trained a tree with leaves = 215
[LightGBM] [Info] 72.133475 seconds elapsed, finished iteration 397
[LightGBM] [Warning] No further splits with positive gain, training stopped with 216 leaves.
[LightGBM] [Debug] Trained a tree with leaves = 216
[LightGBM] [Info] 72.294527 seconds elapsed, finished iteration 398
[LightGBM] [Warning] No further splits with positive gain, training stopped with 208 leaves.
[LightGBM] [Debug] Trained a tree with leaves = 208
[LightGBM] [Info] 72.450694 seconds elapsed, finished iteration 399
[LightGBM] [Warning] No further splits with positive gain, training stopped with 217 leaves.
[LightGBM] [Debug] Trained a tree with leaves = 217
[LightGBM] [Info] 72.611053 seconds elapsed, finished iteration 400
[LightGBM] [Warning] No further splits with positive gain, training stopped with 207 leaves.
[LightGBM] [Debug] Trained a tree with leaves = 207
[LightGBM] [Info] 72.768033 seconds elapsed, finished iteration 401
[LightGBM] [Warning] No further splits with positive gain, training stopped with 215 leaves.
[LightGBM] [Debug] Trained a tree with leaves = 215
[LightGBM] [Info] 72.925657 seconds elapsed, finished iteration 402
[LightGBM] [Warning] No further splits with positive gain, training stopped with 213 leaves.
[LightGBM] [Debug] Trained a tree with leaves = 213
[LightGBM] [Info] 73.086198 seconds elapsed, finished iteration 403
[LightGBM] [Warning] No further splits with positive gain, training stopped with 207 leaves.
[LightGBM] [Debug] Trained a tree with leaves = 207
[LightGBM] [Info] 73.250207 seconds elapsed, finished iteration 404
[LightGBM] [Warning] No further splits with positive gain, training stopped with 206 leaves.
[LightGBM] [Debug] Trained a tree with leaves = 206
[LightGBM] [Info] 73.406071 seconds elapsed, finished iteration 405
[LightGBM] [Warning] No further splits with positive gain, training stopped with 207 leaves.
[LightGBM] [Debug] Trained a tree with leaves = 207
[LightGBM] [Info] 73.581937 seconds elapsed, finished iteration 406
[LightGBM] [Warning] No further splits with positive gain, training stopped with 207 leaves.
[LightGBM] [Debug] Trained a tree with leaves = 207
[LightGBM] [Info] 73.737266 seconds elapsed, finished iteration 407
[LightGBM] [Warning] No further splits with positive gain, training stopped with 202 leaves.
[LightGBM] [Debug] Trained a tree with leaves = 202
[LightGBM] [Info] 73.887575 seconds elapsed, finished iteration 408
[LightGBM] [Warning] No further splits with positive gain, training stopped with 207 leaves.
[LightGBM] [Debug] Trained a tree with leaves = 207
[LightGBM] [Info] 74.042351 seconds elapsed, finished iteration 409
[LightGBM] [Warning] No further splits with positive gain, training stopped with 210 leaves.
[LightGBM] [Debug] Trained a tree with leaves = 210
[LightGBM] [Info] 74.197502 seconds elapsed, finished iteration 410
[LightGBM] [Warning] No further splits with positive gain, training stopped with 201 leaves.
[LightGBM] [Debug] Trained a tree with leaves = 201
[LightGBM] [Info] 74.352225 seconds elapsed, finished iteration 411
[LightGBM] [Warning] No further splits with positive gain, training stopped with 214 leaves.
[LightGBM] [Debug] Trained a tree with leaves = 214
[LightGBM] [Info] 74.511261 seconds elapsed, finished iteration 412
[LightGBM] [Warning] No further splits with positive gain, training stopped with 207 leaves.
[LightGBM] [Debug] Trained a tree with leaves = 207
[LightGBM] [Info] 74.669323 seconds elapsed, finished iteration 413
[LightGBM] [Warning] No further splits with positive gain, training stopped with 206 leaves.
[LightGBM] [Debug] Trained a tree with leaves = 206
[LightGBM] [Info] 74.823974 seconds elapsed, finished iteration 414
[LightGBM] [Warning] No further splits with positive gain, training stopped with 205 leaves.
[LightGBM] [Debug] Trained a tree with leaves = 205
[LightGBM] [Info] 74.980300 seconds elapsed, finished iteration 415
[LightGBM] [Warning] No further splits with positive gain, training stopped with 211 leaves.
[LightGBM] [Debug] Trained a tree with leaves = 211
[LightGBM] [Info] 75.148309 seconds elapsed, finished iteration 416
[LightGBM] [Warning] No further splits with positive gain, training stopped with 202 leaves.
[LightGBM] [Debug] Trained a tree with leaves = 202
[LightGBM] [Info] 75.311980 seconds elapsed, finished iteration 417
[LightGBM] [Warning] No further splits with positive gain, training stopped with 206 leaves.
[LightGBM] [Debug] Trained a tree with leaves = 206
[LightGBM] [Info] 75.471257 seconds elapsed, finished iteration 418
[LightGBM] [Warning] No further splits with positive gain, training stopped with 210 leaves.
[LightGBM] [Debug] Trained a tree with leaves = 210
[LightGBM] [Info] 75.628348 seconds elapsed, finished iteration 419
[LightGBM] [Warning] No further splits with positive gain, training stopped with 205 leaves.
[LightGBM] [Debug] Trained a tree with leaves = 205
[LightGBM] [Info] 75.784524 seconds elapsed, finished iteration 420
[LightGBM] [Warning] No further splits with positive gain, training stopped with 203 leaves.
[LightGBM] [Debug] Trained a tree with leaves = 203
[LightGBM] [Info] 75.936494 seconds elapsed, finished iteration 421
[LightGBM] [Warning] No further splits with positive gain, training stopped with 209 leaves.
[LightGBM] [Debug] Trained a tree with leaves = 209
[LightGBM] [Info] 76.093619 seconds elapsed, finished iteration 422
[LightGBM] [Warning] No further splits with positive gain, training stopped with 201 leaves.
[LightGBM] [Debug] Trained a tree with leaves = 201
[LightGBM] [Info] 76.251860 seconds elapsed, finished iteration 423
[LightGBM] [Warning] No further splits with positive gain, training stopped with 195 leaves.
[LightGBM] [Debug] Trained a tree with leaves = 195
[LightGBM] [Info] 76.400582 seconds elapsed, finished iteration 424
[LightGBM] [Warning] No further splits with positive gain, training stopped with 203 leaves.
[LightGBM] [Debug] Trained a tree with leaves = 203
[LightGBM] [Info] 76.557527 seconds elapsed, finished iteration 425
[LightGBM] [Warning] No further splits with positive gain, training stopped with 198 leaves.
[LightGBM] [Debug] Trained a tree with leaves = 198
[LightGBM] [Info] 76.710730 seconds elapsed, finished iteration 426
[LightGBM] [Warning] No further splits with positive gain, training stopped with 207 leaves.
[LightGBM] [Debug] Trained a tree with leaves = 207
[LightGBM] [Info] 76.869075 seconds elapsed, finished iteration 427
[LightGBM] [Warning] No further splits with positive gain, training stopped with 198 leaves.
[LightGBM] [Debug] Trained a tree with leaves = 198
[LightGBM] [Info] 77.019453 seconds elapsed, finished iteration 428
[LightGBM] [Warning] No further splits with positive gain, training stopped with 201 leaves.
[LightGBM] [Debug] Trained a tree with leaves = 201
[LightGBM] [Info] 77.172031 seconds elapsed, finished iteration 429
[LightGBM] [Warning] No further splits with positive gain, training stopped with 199 leaves.
[LightGBM] [Debug] Trained a tree with leaves = 199
[LightGBM] [Info] 77.323536 seconds elapsed, finished iteration 430
[LightGBM] [Warning] No further splits with positive gain, training stopped with 209 leaves.
[LightGBM] [Debug] Trained a tree with leaves = 209
[LightGBM] [Info] 77.481055 seconds elapsed, finished iteration 431
[LightGBM] [Warning] No further splits with positive gain, training stopped with 201 leaves.
[LightGBM] [Debug] Trained a tree with leaves = 201
[LightGBM] [Info] 77.634803 seconds elapsed, finished iteration 432
[LightGBM] [Warning] No further splits with positive gain, training stopped with 201 leaves.
[LightGBM] [Debug] Trained a tree with leaves = 201
[LightGBM] [Info] 77.794652 seconds elapsed, finished iteration 433
[LightGBM] [Warning] No further splits with positive gain, training stopped with 203 leaves.
[LightGBM] [Debug] Trained a tree with leaves = 203
[LightGBM] [Info] 77.951099 seconds elapsed, finished iteration 434
[LightGBM] [Warning] No further splits with positive gain, training stopped with 198 leaves.
[LightGBM] [Debug] Trained a tree with leaves = 198
[LightGBM] [Info] 78.106274 seconds elapsed, finished iteration 435
[LightGBM] [Warning] No further splits with positive gain, training stopped with 204 leaves.
[LightGBM] [Debug] Trained a tree with leaves = 204
[LightGBM] [Info] 78.261523 seconds elapsed, finished iteration 436
[LightGBM] [Warning] No further splits with positive gain, training stopped with 203 leaves.
[LightGBM] [Debug] Trained a tree with leaves = 203
[LightGBM] [Info] 78.414326 seconds elapsed, finished iteration 437
[LightGBM] [Warning] No further splits with positive gain, training stopped with 198 leaves.
[LightGBM] [Debug] Trained a tree with leaves = 198
[LightGBM] [Info] 78.562811 seconds elapsed, finished iteration 438
[LightGBM] [Warning] No further splits with positive gain, training stopped with 202 leaves.
[LightGBM] [Debug] Trained a tree with leaves = 202
[LightGBM] [Info] 78.720119 seconds elapsed, finished iteration 439
[LightGBM] [Warning] No further splits with positive gain, training stopped with 203 leaves.
[LightGBM] [Debug] Trained a tree with leaves = 203
[LightGBM] [Info] 78.883916 seconds elapsed, finished iteration 440
[LightGBM] [Warning] No further splits with positive gain, training stopped with 197 leaves.
[LightGBM] [Debug] Trained a tree with leaves = 197
[LightGBM] [Info] 79.053467 seconds elapsed, finished iteration 441
[LightGBM] [Warning] No further splits with positive gain, training stopped with 199 leaves.
[LightGBM] [Debug] Trained a tree with leaves = 199
[LightGBM] [Info] 79.204865 seconds elapsed, finished iteration 442
[LightGBM] [Warning] No further splits with positive gain, training stopped with 200 leaves.
[LightGBM] [Debug] Trained a tree with leaves = 200
[LightGBM] [Info] 79.356125 seconds elapsed, finished iteration 443
[LightGBM] [Warning] No further splits with positive gain, training stopped with 200 leaves.
[LightGBM] [Debug] Trained a tree with leaves = 200
[LightGBM] [Info] 79.507876 seconds elapsed, finished iteration 444
[LightGBM] [Warning] No further splits with positive gain, training stopped with 199 leaves.
[LightGBM] [Debug] Trained a tree with leaves = 199
[LightGBM] [Info] 79.663347 seconds elapsed, finished iteration 445
[LightGBM] [Warning] No further splits with positive gain, training stopped with 197 leaves.
[LightGBM] [Debug] Trained a tree with leaves = 197
[LightGBM] [Info] 79.812314 seconds elapsed, finished iteration 446
[LightGBM] [Warning] No further splits with positive gain, training stopped with 189 leaves.
[LightGBM] [Debug] Trained a tree with leaves = 189
[LightGBM] [Info] 79.955433 seconds elapsed, finished iteration 447
[LightGBM] [Warning] No further splits with positive gain, training stopped with 196 leaves.
[LightGBM] [Debug] Trained a tree with leaves = 196
[LightGBM] [Info] 80.107606 seconds elapsed, finished iteration 448
[LightGBM] [Warning] No further splits with positive gain, training stopped with 193 leaves.
[LightGBM] [Debug] Trained a tree with leaves = 193
[LightGBM] [Info] 80.255614 seconds elapsed, finished iteration 449
[LightGBM] [Warning] No further splits with positive gain, training stopped with 200 leaves.
[LightGBM] [Debug] Trained a tree with leaves = 200
[LightGBM] [Info] 80.408667 seconds elapsed, finished iteration 450
[LightGBM] [Warning] No further splits with positive gain, training stopped with 194 leaves.
[LightGBM] [Debug] Trained a tree with leaves = 194
[LightGBM] [Info] 80.558030 seconds elapsed, finished iteration 451
[LightGBM] [Warning] No further splits with positive gain, training stopped with 203 leaves.
[LightGBM] [Debug] Trained a tree with leaves = 203
[LightGBM] [Info] 80.709887 seconds elapsed, finished iteration 452
[LightGBM] [Warning] No further splits with positive gain, training stopped with 195 leaves.
[LightGBM] [Debug] Trained a tree with leaves = 195
[LightGBM] [Info] 80.858076 seconds elapsed, finished iteration 453
[LightGBM] [Warning] No further splits with positive gain, training stopped with 197 leaves.
[LightGBM] [Debug] Trained a tree with leaves = 197
[LightGBM] [Info] 81.005064 seconds elapsed, finished iteration 454
[LightGBM] [Warning] No further splits with positive gain, training stopped with 197 leaves.
[LightGBM] [Debug] Trained a tree with leaves = 197
[LightGBM] [Info] 81.153037 seconds elapsed, finished iteration 455
[LightGBM] [Warning] No further splits with positive gain, training stopped with 186 leaves.
[LightGBM] [Debug] Trained a tree with leaves = 186
[LightGBM] [Info] 81.296259 seconds elapsed, finished iteration 456
[LightGBM] [Warning] No further splits with positive gain, training stopped with 194 leaves.
[LightGBM] [Debug] Trained a tree with leaves = 194
[LightGBM] [Info] 81.450820 seconds elapsed, finished iteration 457
[LightGBM] [Warning] No further splits with positive gain, training stopped with 197 leaves.
[LightGBM] [Debug] Trained a tree with leaves = 197
[LightGBM] [Info] 81.601491 seconds elapsed, finished iteration 458
[LightGBM] [Warning] No further splits with positive gain, training stopped with 193 leaves.
[LightGBM] [Debug] Trained a tree with leaves = 193
[LightGBM] [Info] 81.753932 seconds elapsed, finished iteration 459
[LightGBM] [Warning] No further splits with positive gain, training stopped with 196 leaves.
[LightGBM] [Debug] Trained a tree with leaves = 196
[LightGBM] [Info] 81.904383 seconds elapsed, finished iteration 460
[LightGBM] [Warning] No further splits with positive gain, training stopped with 198 leaves.
[LightGBM] [Debug] Trained a tree with leaves = 198
[LightGBM] [Info] 82.056138 seconds elapsed, finished iteration 461
[LightGBM] [Warning] No further splits with positive gain, training stopped with 192 leaves.
[LightGBM] [Debug] Trained a tree with leaves = 192
[LightGBM] [Info] 82.206204 seconds elapsed, finished iteration 462
[LightGBM] [Warning] No further splits with positive gain, training stopped with 188 leaves.
[LightGBM] [Debug] Trained a tree with leaves = 188
[LightGBM] [Info] 82.349843 seconds elapsed, finished iteration 463
[LightGBM] [Warning] No further splits with positive gain, training stopped with 193 leaves.
[LightGBM] [Debug] Trained a tree with leaves = 193
[LightGBM] [Info] 82.498894 seconds elapsed, finished iteration 464
[LightGBM] [Warning] No further splits with positive gain, training stopped with 188 leaves.
[LightGBM] [Debug] Trained a tree with leaves = 188
[LightGBM] [Info] 82.644676 seconds elapsed, finished iteration 465
[LightGBM] [Warning] No further splits with positive gain, training stopped with 189 leaves.
[LightGBM] [Debug] Trained a tree with leaves = 189
[LightGBM] [Info] 82.795033 seconds elapsed, finished iteration 466
[LightGBM] [Warning] No further splits with positive gain, training stopped with 188 leaves.
[LightGBM] [Debug] Trained a tree with leaves = 188
[LightGBM] [Info] 82.938600 seconds elapsed, finished iteration 467
[LightGBM] [Warning] No further splits with positive gain, training stopped with 194 leaves.
[LightGBM] [Debug] Trained a tree with leaves = 194
[LightGBM] [Info] 83.087906 seconds elapsed, finished iteration 468
[LightGBM] [Warning] No further splits with positive gain, training stopped with 185 leaves.
[LightGBM] [Debug] Trained a tree with leaves = 185
[LightGBM] [Info] 83.231759 seconds elapsed, finished iteration 469
[LightGBM] [Warning] No further splits with positive gain, training stopped with 193 leaves.
[LightGBM] [Debug] Trained a tree with leaves = 193
[LightGBM] [Info] 83.379812 seconds elapsed, finished iteration 470
[LightGBM] [Warning] No further splits with positive gain, training stopped with 189 leaves.
[LightGBM] [Debug] Trained a tree with leaves = 189
[LightGBM] [Info] 83.523813 seconds elapsed, finished iteration 471
[LightGBM] [Warning] No further splits with positive gain, training stopped with 190 leaves.
[LightGBM] [Debug] Trained a tree with leaves = 190
[LightGBM] [Info] 83.668255 seconds elapsed, finished iteration 472
[LightGBM] [Warning] No further splits with positive gain, training stopped with 193 leaves.
[LightGBM] [Debug] Trained a tree with leaves = 193
[LightGBM] [Info] 83.816724 seconds elapsed, finished iteration 473
[LightGBM] [Warning] No further splits with positive gain, training stopped with 190 leaves.
[LightGBM] [Debug] Trained a tree with leaves = 190
[LightGBM] [Info] 83.970907 seconds elapsed, finished iteration 474
[LightGBM] [Warning] No further splits with positive gain, training stopped with 187 leaves.
[LightGBM] [Debug] Trained a tree with leaves = 187
[LightGBM] [Info] 84.114706 seconds elapsed, finished iteration 475
[LightGBM] [Warning] No further splits with positive gain, training stopped with 184 leaves.
[LightGBM] [Debug] Trained a tree with leaves = 184
[LightGBM] [Info] 84.257170 seconds elapsed, finished iteration 476
[LightGBM] [Warning] No further splits with positive gain, training stopped with 187 leaves.
[LightGBM] [Debug] Trained a tree with leaves = 187
[LightGBM] [Info] 84.401690 seconds elapsed, finished iteration 477
[LightGBM] [Warning] No further splits with positive gain, training stopped with 186 leaves.
[LightGBM] [Debug] Trained a tree with leaves = 186
[LightGBM] [Info] 84.551402 seconds elapsed, finished iteration 478
[LightGBM] [Warning] No further splits with positive gain, training stopped with 191 leaves.
[LightGBM] [Debug] Trained a tree with leaves = 191
[LightGBM] [Info] 84.702071 seconds elapsed, finished iteration 479
[LightGBM] [Warning] No further splits with positive gain, training stopped with 185 leaves.
[LightGBM] [Debug] Trained a tree with leaves = 185
[LightGBM] [Info] 84.851344 seconds elapsed, finished iteration 480
[LightGBM] [Warning] No further splits with positive gain, training stopped with 186 leaves.
[LightGBM] [Debug] Trained a tree with leaves = 186
[LightGBM] [Info] 84.993112 seconds elapsed, finished iteration 481
[LightGBM] [Warning] No further splits with positive gain, training stopped with 189 leaves.
[LightGBM] [Debug] Trained a tree with leaves = 189
[LightGBM] [Info] 85.139812 seconds elapsed, finished iteration 482
[LightGBM] [Warning] No further splits with positive gain, training stopped with 189 leaves.
[LightGBM] [Debug] Trained a tree with leaves = 189
[LightGBM] [Info] 85.285723 seconds elapsed, finished iteration 483
[LightGBM] [Warning] No further splits with positive gain, training stopped with 189 leaves.
[LightGBM] [Debug] Trained a tree with leaves = 189
[LightGBM] [Info] 85.433646 seconds elapsed, finished iteration 484
[LightGBM] [Warning] No further splits with positive gain, training stopped with 189 leaves.
[LightGBM] [Debug] Trained a tree with leaves = 189
[LightGBM] [Info] 85.580486 seconds elapsed, finished iteration 485
[LightGBM] [Warning] No further splits with positive gain, training stopped with 192 leaves.
[LightGBM] [Debug] Trained a tree with leaves = 192
[LightGBM] [Info] 85.726934 seconds elapsed, finished iteration 486
[LightGBM] [Warning] No further splits with positive gain, training stopped with 185 leaves.
[LightGBM] [Debug] Trained a tree with leaves = 185
[LightGBM] [Info] 85.870120 seconds elapsed, finished iteration 487
[LightGBM] [Warning] No further splits with positive gain, training stopped with 184 leaves.
[LightGBM] [Debug] Trained a tree with leaves = 184
[LightGBM] [Info] 86.012419 seconds elapsed, finished iteration 488
[LightGBM] [Warning] No further splits with positive gain, training stopped with 186 leaves.
[LightGBM] [Debug] Trained a tree with leaves = 186
[LightGBM] [Info] 86.156221 seconds elapsed, finished iteration 489
[LightGBM] [Warning] No further splits with positive gain, training stopped with 180 leaves.
[LightGBM] [Debug] Trained a tree with leaves = 180
[LightGBM] [Info] 86.308566 seconds elapsed, finished iteration 490
[LightGBM] [Warning] No further splits with positive gain, training stopped with 182 leaves.
[LightGBM] [Debug] Trained a tree with leaves = 182
[LightGBM] [Info] 86.458147 seconds elapsed, finished iteration 491
[LightGBM] [Warning] No further splits with positive gain, training stopped with 185 leaves.
[LightGBM] [Debug] Trained a tree with leaves = 185
[LightGBM] [Info] 86.604493 seconds elapsed, finished iteration 492
[LightGBM] [Warning] No further splits with positive gain, training stopped with 184 leaves.
[LightGBM] [Debug] Trained a tree with leaves = 184
[LightGBM] [Info] 86.750507 seconds elapsed, finished iteration 493
[LightGBM] [Warning] No further splits with positive gain, training stopped with 179 leaves.
[LightGBM] [Debug] Trained a tree with leaves = 179
[LightGBM] [Info] 86.893135 seconds elapsed, finished iteration 494
[LightGBM] [Warning] No further splits with positive gain, training stopped with 183 leaves.
[LightGBM] [Debug] Trained a tree with leaves = 183
[LightGBM] [Info] 87.035030 seconds elapsed, finished iteration 495
[LightGBM] [Warning] No further splits with positive gain, training stopped with 180 leaves.
[LightGBM] [Debug] Trained a tree with leaves = 180
[LightGBM] [Info] 87.177171 seconds elapsed, finished iteration 496
[LightGBM] [Warning] No further splits with positive gain, training stopped with 177 leaves.
[LightGBM] [Debug] Trained a tree with leaves = 177
[LightGBM] [Info] 87.316098 seconds elapsed, finished iteration 497
[LightGBM] [Warning] No further splits with positive gain, training stopped with 180 leaves.
[LightGBM] [Debug] Trained a tree with leaves = 180
[LightGBM] [Info] 87.460169 seconds elapsed, finished iteration 498
[LightGBM] [Warning] No further splits with positive gain, training stopped with 182 leaves.
[LightGBM] [Debug] Trained a tree with leaves = 182
[LightGBM] [Info] 87.602381 seconds elapsed, finished iteration 499
[LightGBM] [Warning] No further splits with positive gain, training stopped with 179 leaves.
[LightGBM] [Debug] Trained a tree with leaves = 179
[LightGBM] [Info] 87.741755 seconds elapsed, finished iteration 500
[LightGBM] [Info] Finished training
[LightGBM] [Info] CUDABestSplitFinder::LaunchSyncBestSplitForLeafKernel costs:	 13.039143
[LightGBM] [Info] CUDADataPartition::AddPredictionToScoreKernel costs:	 0.044541
[LightGBM] [Info] CUDADataPartition::AggregateBlockOffsetKernel costs:	 1.512394
[LightGBM] [Info] CUDADataPartition::CopyDataIndicesKernel costs:	 0.342791
[LightGBM] [Info] CUDADataPartition::CopyFromCUDADeviceToHostAsync costs:	 1.391719
[LightGBM] [Info] CUDADataPartition::LaunchAddPredictionToScoreKernel::BitonicArgSortGlobal costs:	 0.023011
[LightGBM] [Info] CUDADataPartition::SplitInnerKernel costs:	 0.348373
[LightGBM] [Info] CUDADataPartition::SplitTreeStructureKernel costs:	 0.311904
[LightGBM] [Info] CUDAHistogramConstructor::ConstructHistogramForLeaf::LaunchSubtractHistogramKernel costs:	 0.826642
[LightGBM] [Info] CUDAHistogramConstructor::FixHistogramKernel costs:	 0.411917
[LightGBM] [Info] CUDAHistogramConstructor::SubtractHistogramKernel costs:	 0.316465
[LightGBM] [Info] CUDAScoreUpdater::AddScore costs:	 0.000018
[LightGBM] [Info] CUDASingleGPUTreeLearner::BeforeTrain costs:	 1.259421
[LightGBM] [Info] CUDASingleGPUTreeLearner::CPUFindBestFromAllSplits costs:	 0.034939
[LightGBM] [Info] CUDASingleGPUTreeLearner::ConstructHistogramForLeaf costs:	 47.256237
[LightGBM] [Info] CUDASingleGPUTreeLearner::FindBestFromAllSplits costs:	 2.320598
[LightGBM] [Info] CUDASingleGPUTreeLearner::FindBestSplitsForLeaf costs:	 30.193247
[LightGBM] [Info] CUDASingleGPUTreeLearner::NCCLReduceHistogram costs:	 0.007661
[LightGBM] [Info] CUDASingleGPUTreeLearner::Split costs:	 5.164214
[LightGBM] [Info] Dataset::FastFeatureBundling costs:	 1.751736
[LightGBM] [Info] Dataset::GetMultiBinFromAllFeatures costs:	 1.906876
[LightGBM] [Info] Dataset::PushDataToMultiValBin costs:	 1.326952
[LightGBM] [Info] Dataset::TestMultiThreadingMethod costs:	 1.911506
[LightGBM] [Info] GBDT::Bagging costs:	 0.000103
[LightGBM] [Info] GBDT::BoostFromAverage costs:	 0.000194
[LightGBM] [Info] GBDT::Boosting costs:	 0.010545
[LightGBM] [Info] GBDT::Train costs:	 87.741770
[LightGBM] [Info] GBDT::TrainOneIter costs:	 87.732518
[LightGBM] [Info] GBDT::UpdateScore costs:	 0.046279
[LightGBM] [Info] GenDataToLeftBitVector costs:	 0.377874
[LightGBM] [Info] ScoreUpdater::AddScore costs:	 0.045288
[LightGBM] [Info] SplitInner costs:	 4.119758
