[08:46:22] INFO: /home/shiyu/NeurIPS-2022-camera-ready/Quantized-GBDT/xgboost/src/cli_main.cc:226: Loading data: 14.3369 sec
[08:46:22] INFO: /home/shiyu/NeurIPS-2022-camera-ready/Quantized-GBDT/xgboost/src/cli_main.cc:235: boosting round 0, 4.76837e-07 sec elapsed
[08:46:23] [0]
[08:46:23] INFO: /home/shiyu/NeurIPS-2022-camera-ready/Quantized-GBDT/xgboost/src/cli_main.cc:235: boosting round 1, 1.24788 sec elapsed
[08:46:23] [1]
[08:46:23] INFO: /home/shiyu/NeurIPS-2022-camera-ready/Quantized-GBDT/xgboost/src/cli_main.cc:235: boosting round 2, 1.38695 sec elapsed
[08:46:23] [2]
[08:46:23] INFO: /home/shiyu/NeurIPS-2022-camera-ready/Quantized-GBDT/xgboost/src/cli_main.cc:235: boosting round 3, 1.52513 sec elapsed
[08:46:23] [3]
[08:46:23] INFO: /home/shiyu/NeurIPS-2022-camera-ready/Quantized-GBDT/xgboost/src/cli_main.cc:235: boosting round 4, 1.66427 sec elapsed
[08:46:24] [4]
[08:46:24] INFO: /home/shiyu/NeurIPS-2022-camera-ready/Quantized-GBDT/xgboost/src/cli_main.cc:235: boosting round 5, 1.80215 sec elapsed
[08:46:24] [5]
[08:46:24] INFO: /home/shiyu/NeurIPS-2022-camera-ready/Quantized-GBDT/xgboost/src/cli_main.cc:235: boosting round 6, 1.95398 sec elapsed
[08:46:24] [6]
[08:46:24] INFO: /home/shiyu/NeurIPS-2022-camera-ready/Quantized-GBDT/xgboost/src/cli_main.cc:235: boosting round 7, 2.09926 sec elapsed
[08:46:24] [7]
[08:46:24] INFO: /home/shiyu/NeurIPS-2022-camera-ready/Quantized-GBDT/xgboost/src/cli_main.cc:235: boosting round 8, 2.23762 sec elapsed
[08:46:24] [8]
[08:46:24] INFO: /home/shiyu/NeurIPS-2022-camera-ready/Quantized-GBDT/xgboost/src/cli_main.cc:235: boosting round 9, 2.37589 sec elapsed
[08:46:24] [9]
[08:46:24] INFO: /home/shiyu/NeurIPS-2022-camera-ready/Quantized-GBDT/xgboost/src/cli_main.cc:235: boosting round 10, 2.51737 sec elapsed
[08:46:24] [10]
[08:46:24] INFO: /home/shiyu/NeurIPS-2022-camera-ready/Quantized-GBDT/xgboost/src/cli_main.cc:235: boosting round 11, 2.65595 sec elapsed
[08:46:25] [11]
[08:46:25] INFO: /home/shiyu/NeurIPS-2022-camera-ready/Quantized-GBDT/xgboost/src/cli_main.cc:235: boosting round 12, 2.79277 sec elapsed
[08:46:25] [12]
[08:46:25] INFO: /home/shiyu/NeurIPS-2022-camera-ready/Quantized-GBDT/xgboost/src/cli_main.cc:235: boosting round 13, 2.93035 sec elapsed
[08:46:25] [13]
[08:46:25] INFO: /home/shiyu/NeurIPS-2022-camera-ready/Quantized-GBDT/xgboost/src/cli_main.cc:235: boosting round 14, 3.06552 sec elapsed
[08:46:25] [14]
[08:46:25] INFO: /home/shiyu/NeurIPS-2022-camera-ready/Quantized-GBDT/xgboost/src/cli_main.cc:235: boosting round 15, 3.2025 sec elapsed
[08:46:25] [15]
[08:46:25] INFO: /home/shiyu/NeurIPS-2022-camera-ready/Quantized-GBDT/xgboost/src/cli_main.cc:235: boosting round 16, 3.33689 sec elapsed
[08:46:25] [16]
[08:46:25] INFO: /home/shiyu/NeurIPS-2022-camera-ready/Quantized-GBDT/xgboost/src/cli_main.cc:235: boosting round 17, 3.47204 sec elapsed
[08:46:25] [17]
[08:46:25] INFO: /home/shiyu/NeurIPS-2022-camera-ready/Quantized-GBDT/xgboost/src/cli_main.cc:235: boosting round 18, 3.60736 sec elapsed
[08:46:25] [18]
[08:46:25] INFO: /home/shiyu/NeurIPS-2022-camera-ready/Quantized-GBDT/xgboost/src/cli_main.cc:235: boosting round 19, 3.74274 sec elapsed
[08:46:26] [19]
[08:46:26] INFO: /home/shiyu/NeurIPS-2022-camera-ready/Quantized-GBDT/xgboost/src/cli_main.cc:235: boosting round 20, 3.88721 sec elapsed
[08:46:26] [20]
[08:46:26] INFO: /home/shiyu/NeurIPS-2022-camera-ready/Quantized-GBDT/xgboost/src/cli_main.cc:235: boosting round 21, 4.0282 sec elapsed
[08:46:26] [21]
[08:46:26] INFO: /home/shiyu/NeurIPS-2022-camera-ready/Quantized-GBDT/xgboost/src/cli_main.cc:235: boosting round 22, 4.1823 sec elapsed
[08:46:26] [22]
[08:46:26] INFO: /home/shiyu/NeurIPS-2022-camera-ready/Quantized-GBDT/xgboost/src/cli_main.cc:235: boosting round 23, 4.31782 sec elapsed
[08:46:26] [23]
[08:46:26] INFO: /home/shiyu/NeurIPS-2022-camera-ready/Quantized-GBDT/xgboost/src/cli_main.cc:235: boosting round 24, 4.45286 sec elapsed
[08:46:26] [24]
[08:46:26] INFO: /home/shiyu/NeurIPS-2022-camera-ready/Quantized-GBDT/xgboost/src/cli_main.cc:235: boosting round 25, 4.58786 sec elapsed
[08:46:26] [25]
[08:46:26] INFO: /home/shiyu/NeurIPS-2022-camera-ready/Quantized-GBDT/xgboost/src/cli_main.cc:235: boosting round 26, 4.72315 sec elapsed
[08:46:27] [26]
[08:46:27] INFO: /home/shiyu/NeurIPS-2022-camera-ready/Quantized-GBDT/xgboost/src/cli_main.cc:235: boosting round 27, 4.85742 sec elapsed
[08:46:27] [27]
[08:46:27] INFO: /home/shiyu/NeurIPS-2022-camera-ready/Quantized-GBDT/xgboost/src/cli_main.cc:235: boosting round 28, 4.99196 sec elapsed
[08:46:27] [28]
[08:46:27] INFO: /home/shiyu/NeurIPS-2022-camera-ready/Quantized-GBDT/xgboost/src/cli_main.cc:235: boosting round 29, 5.12678 sec elapsed
[08:46:27] [29]
[08:46:27] INFO: /home/shiyu/NeurIPS-2022-camera-ready/Quantized-GBDT/xgboost/src/cli_main.cc:235: boosting round 30, 5.26519 sec elapsed
[08:46:27] [30]
[08:46:27] INFO: /home/shiyu/NeurIPS-2022-camera-ready/Quantized-GBDT/xgboost/src/cli_main.cc:235: boosting round 31, 5.40226 sec elapsed
[08:46:27] [31]
[08:46:27] INFO: /home/shiyu/NeurIPS-2022-camera-ready/Quantized-GBDT/xgboost/src/cli_main.cc:235: boosting round 32, 5.53736 sec elapsed
[08:46:27] [32]
[08:46:27] INFO: /home/shiyu/NeurIPS-2022-camera-ready/Quantized-GBDT/xgboost/src/cli_main.cc:235: boosting round 33, 5.67522 sec elapsed
[08:46:28] [33]
[08:46:28] INFO: /home/shiyu/NeurIPS-2022-camera-ready/Quantized-GBDT/xgboost/src/cli_main.cc:235: boosting round 34, 5.80811 sec elapsed
[08:46:28] [34]
[08:46:28] INFO: /home/shiyu/NeurIPS-2022-camera-ready/Quantized-GBDT/xgboost/src/cli_main.cc:235: boosting round 35, 5.94156 sec elapsed
[08:46:28] [35]
[08:46:28] INFO: /home/shiyu/NeurIPS-2022-camera-ready/Quantized-GBDT/xgboost/src/cli_main.cc:235: boosting round 36, 6.07747 sec elapsed
[08:46:28] [36]
[08:46:28] INFO: /home/shiyu/NeurIPS-2022-camera-ready/Quantized-GBDT/xgboost/src/cli_main.cc:235: boosting round 37, 6.22376 sec elapsed
[08:46:28] [37]
[08:46:28] INFO: /home/shiyu/NeurIPS-2022-camera-ready/Quantized-GBDT/xgboost/src/cli_main.cc:235: boosting round 38, 6.36698 sec elapsed
[08:46:28] [38]
[08:46:28] INFO: /home/shiyu/NeurIPS-2022-camera-ready/Quantized-GBDT/xgboost/src/cli_main.cc:235: boosting round 39, 6.50395 sec elapsed
[08:46:28] [39]
[08:46:28] INFO: /home/shiyu/NeurIPS-2022-camera-ready/Quantized-GBDT/xgboost/src/cli_main.cc:235: boosting round 40, 6.6391 sec elapsed
[08:46:29] [40]
[08:46:29] INFO: /home/shiyu/NeurIPS-2022-camera-ready/Quantized-GBDT/xgboost/src/cli_main.cc:235: boosting round 41, 6.77049 sec elapsed
[08:46:29] [41]
[08:46:29] INFO: /home/shiyu/NeurIPS-2022-camera-ready/Quantized-GBDT/xgboost/src/cli_main.cc:235: boosting round 42, 6.90776 sec elapsed
[08:46:29] [42]
[08:46:29] INFO: /home/shiyu/NeurIPS-2022-camera-ready/Quantized-GBDT/xgboost/src/cli_main.cc:235: boosting round 43, 7.04331 sec elapsed
[08:46:29] [43]
[08:46:29] INFO: /home/shiyu/NeurIPS-2022-camera-ready/Quantized-GBDT/xgboost/src/cli_main.cc:235: boosting round 44, 7.17686 sec elapsed
[08:46:29] [44]
[08:46:29] INFO: /home/shiyu/NeurIPS-2022-camera-ready/Quantized-GBDT/xgboost/src/cli_main.cc:235: boosting round 45, 7.30772 sec elapsed
[08:46:29] [45]
[08:46:29] INFO: /home/shiyu/NeurIPS-2022-camera-ready/Quantized-GBDT/xgboost/src/cli_main.cc:235: boosting round 46, 7.4385 sec elapsed
[08:46:29] [46]
[08:46:29] INFO: /home/shiyu/NeurIPS-2022-camera-ready/Quantized-GBDT/xgboost/src/cli_main.cc:235: boosting round 47, 7.57019 sec elapsed
[08:46:29] [47]
[08:46:29] INFO: /home/shiyu/NeurIPS-2022-camera-ready/Quantized-GBDT/xgboost/src/cli_main.cc:235: boosting round 48, 7.70398 sec elapsed
[08:46:30] [48]
[08:46:30] INFO: /home/shiyu/NeurIPS-2022-camera-ready/Quantized-GBDT/xgboost/src/cli_main.cc:235: boosting round 49, 7.8361 sec elapsed
[08:46:30] [49]
[08:46:30] INFO: /home/shiyu/NeurIPS-2022-camera-ready/Quantized-GBDT/xgboost/src/cli_main.cc:235: boosting round 50, 7.96811 sec elapsed
[08:46:30] [50]
[08:46:30] INFO: /home/shiyu/NeurIPS-2022-camera-ready/Quantized-GBDT/xgboost/src/cli_main.cc:235: boosting round 51, 8.10159 sec elapsed
[08:46:30] [51]
[08:46:30] INFO: /home/shiyu/NeurIPS-2022-camera-ready/Quantized-GBDT/xgboost/src/cli_main.cc:235: boosting round 52, 8.2321 sec elapsed
[08:46:30] [52]
[08:46:30] INFO: /home/shiyu/NeurIPS-2022-camera-ready/Quantized-GBDT/xgboost/src/cli_main.cc:235: boosting round 53, 8.37462 sec elapsed
[08:46:30] [53]
[08:46:30] INFO: /home/shiyu/NeurIPS-2022-camera-ready/Quantized-GBDT/xgboost/src/cli_main.cc:235: boosting round 54, 8.51292 sec elapsed
[08:46:30] [54]
[08:46:30] INFO: /home/shiyu/NeurIPS-2022-camera-ready/Quantized-GBDT/xgboost/src/cli_main.cc:235: boosting round 55, 8.64175 sec elapsed
[08:46:31] [55]
[08:46:31] INFO: /home/shiyu/NeurIPS-2022-camera-ready/Quantized-GBDT/xgboost/src/cli_main.cc:235: boosting round 56, 8.77206 sec elapsed
[08:46:31] [56]
[08:46:31] INFO: /home/shiyu/NeurIPS-2022-camera-ready/Quantized-GBDT/xgboost/src/cli_main.cc:235: boosting round 57, 8.90132 sec elapsed
[08:46:31] [57]
[08:46:31] INFO: /home/shiyu/NeurIPS-2022-camera-ready/Quantized-GBDT/xgboost/src/cli_main.cc:235: boosting round 58, 9.03001 sec elapsed
[08:46:31] [58]
[08:46:31] INFO: /home/shiyu/NeurIPS-2022-camera-ready/Quantized-GBDT/xgboost/src/cli_main.cc:235: boosting round 59, 9.16287 sec elapsed
[08:46:31] [59]
[08:46:31] INFO: /home/shiyu/NeurIPS-2022-camera-ready/Quantized-GBDT/xgboost/src/cli_main.cc:235: boosting round 60, 9.2931 sec elapsed
[08:46:31] [60]
[08:46:31] INFO: /home/shiyu/NeurIPS-2022-camera-ready/Quantized-GBDT/xgboost/src/cli_main.cc:235: boosting round 61, 9.42621 sec elapsed
[08:46:31] [61]
[08:46:31] INFO: /home/shiyu/NeurIPS-2022-camera-ready/Quantized-GBDT/xgboost/src/cli_main.cc:235: boosting round 62, 9.55516 sec elapsed
[08:46:31] [62]
[08:46:31] INFO: /home/shiyu/NeurIPS-2022-camera-ready/Quantized-GBDT/xgboost/src/cli_main.cc:235: boosting round 63, 9.68401 sec elapsed
[08:46:32] [63]
[08:46:32] INFO: /home/shiyu/NeurIPS-2022-camera-ready/Quantized-GBDT/xgboost/src/cli_main.cc:235: boosting round 64, 9.81482 sec elapsed
[08:46:32] [64]
[08:46:32] INFO: /home/shiyu/NeurIPS-2022-camera-ready/Quantized-GBDT/xgboost/src/cli_main.cc:235: boosting round 65, 9.93964 sec elapsed
[08:46:32] [65]
[08:46:32] INFO: /home/shiyu/NeurIPS-2022-camera-ready/Quantized-GBDT/xgboost/src/cli_main.cc:235: boosting round 66, 10.0656 sec elapsed
[08:46:32] [66]
[08:46:32] INFO: /home/shiyu/NeurIPS-2022-camera-ready/Quantized-GBDT/xgboost/src/cli_main.cc:235: boosting round 67, 10.1959 sec elapsed
[08:46:32] [67]
[08:46:32] INFO: /home/shiyu/NeurIPS-2022-camera-ready/Quantized-GBDT/xgboost/src/cli_main.cc:235: boosting round 68, 10.3228 sec elapsed
[08:46:32] [68]
[08:46:32] INFO: /home/shiyu/NeurIPS-2022-camera-ready/Quantized-GBDT/xgboost/src/cli_main.cc:235: boosting round 69, 10.4562 sec elapsed
[08:46:32] [69]
[08:46:32] INFO: /home/shiyu/NeurIPS-2022-camera-ready/Quantized-GBDT/xgboost/src/cli_main.cc:235: boosting round 70, 10.5864 sec elapsed
[08:46:32] [70]
[08:46:32] INFO: /home/shiyu/NeurIPS-2022-camera-ready/Quantized-GBDT/xgboost/src/cli_main.cc:235: boosting round 71, 10.714 sec elapsed
[08:46:33] [71]
[08:46:33] INFO: /home/shiyu/NeurIPS-2022-camera-ready/Quantized-GBDT/xgboost/src/cli_main.cc:235: boosting round 72, 10.8411 sec elapsed
[08:46:33] [72]
[08:46:33] INFO: /home/shiyu/NeurIPS-2022-camera-ready/Quantized-GBDT/xgboost/src/cli_main.cc:235: boosting round 73, 10.9655 sec elapsed
[08:46:33] [73]
[08:46:33] INFO: /home/shiyu/NeurIPS-2022-camera-ready/Quantized-GBDT/xgboost/src/cli_main.cc:235: boosting round 74, 11.0912 sec elapsed
[08:46:33] [74]
[08:46:33] INFO: /home/shiyu/NeurIPS-2022-camera-ready/Quantized-GBDT/xgboost/src/cli_main.cc:235: boosting round 75, 11.2178 sec elapsed
[08:46:33] [75]
[08:46:33] INFO: /home/shiyu/NeurIPS-2022-camera-ready/Quantized-GBDT/xgboost/src/cli_main.cc:235: boosting round 76, 11.343 sec elapsed
[08:46:33] [76]
[08:46:33] INFO: /home/shiyu/NeurIPS-2022-camera-ready/Quantized-GBDT/xgboost/src/cli_main.cc:235: boosting round 77, 11.4693 sec elapsed
[08:46:33] [77]
[08:46:33] INFO: /home/shiyu/NeurIPS-2022-camera-ready/Quantized-GBDT/xgboost/src/cli_main.cc:235: boosting round 78, 11.5939 sec elapsed
[08:46:33] [78]
[08:46:33] INFO: /home/shiyu/NeurIPS-2022-camera-ready/Quantized-GBDT/xgboost/src/cli_main.cc:235: boosting round 79, 11.7166 sec elapsed
[08:46:34] [79]
[08:46:34] INFO: /home/shiyu/NeurIPS-2022-camera-ready/Quantized-GBDT/xgboost/src/cli_main.cc:235: boosting round 80, 11.8447 sec elapsed
[08:46:34] [80]
[08:46:34] INFO: /home/shiyu/NeurIPS-2022-camera-ready/Quantized-GBDT/xgboost/src/cli_main.cc:235: boosting round 81, 11.9682 sec elapsed
[08:46:34] [81]
[08:46:34] INFO: /home/shiyu/NeurIPS-2022-camera-ready/Quantized-GBDT/xgboost/src/cli_main.cc:235: boosting round 82, 12.1023 sec elapsed
[08:46:34] [82]
[08:46:34] INFO: /home/shiyu/NeurIPS-2022-camera-ready/Quantized-GBDT/xgboost/src/cli_main.cc:235: boosting round 83, 12.2263 sec elapsed
[08:46:34] [83]
[08:46:34] INFO: /home/shiyu/NeurIPS-2022-camera-ready/Quantized-GBDT/xgboost/src/cli_main.cc:235: boosting round 84, 12.3495 sec elapsed
[08:46:34] [84]
[08:46:34] INFO: /home/shiyu/NeurIPS-2022-camera-ready/Quantized-GBDT/xgboost/src/cli_main.cc:235: boosting round 85, 12.4748 sec elapsed
[08:46:34] [85]
[08:46:34] INFO: /home/shiyu/NeurIPS-2022-camera-ready/Quantized-GBDT/xgboost/src/cli_main.cc:235: boosting round 86, 12.6023 sec elapsed
[08:46:34] [86]
[08:46:34] INFO: /home/shiyu/NeurIPS-2022-camera-ready/Quantized-GBDT/xgboost/src/cli_main.cc:235: boosting round 87, 12.7349 sec elapsed
[08:46:35] [87]
[08:46:35] INFO: /home/shiyu/NeurIPS-2022-camera-ready/Quantized-GBDT/xgboost/src/cli_main.cc:235: boosting round 88, 12.8557 sec elapsed
[08:46:35] [88]
[08:46:35] INFO: /home/shiyu/NeurIPS-2022-camera-ready/Quantized-GBDT/xgboost/src/cli_main.cc:235: boosting round 89, 12.9953 sec elapsed
[08:46:35] [89]
[08:46:35] INFO: /home/shiyu/NeurIPS-2022-camera-ready/Quantized-GBDT/xgboost/src/cli_main.cc:235: boosting round 90, 13.1237 sec elapsed
[08:46:35] [90]
[08:46:35] INFO: /home/shiyu/NeurIPS-2022-camera-ready/Quantized-GBDT/xgboost/src/cli_main.cc:235: boosting round 91, 13.2482 sec elapsed
[08:46:35] [91]
[08:46:35] INFO: /home/shiyu/NeurIPS-2022-camera-ready/Quantized-GBDT/xgboost/src/cli_main.cc:235: boosting round 92, 13.3727 sec elapsed
[08:46:35] [92]
[08:46:35] INFO: /home/shiyu/NeurIPS-2022-camera-ready/Quantized-GBDT/xgboost/src/cli_main.cc:235: boosting round 93, 13.4932 sec elapsed
[08:46:35] [93]
[08:46:35] INFO: /home/shiyu/NeurIPS-2022-camera-ready/Quantized-GBDT/xgboost/src/cli_main.cc:235: boosting round 94, 13.6172 sec elapsed
[08:46:35] [94]
[08:46:35] INFO: /home/shiyu/NeurIPS-2022-camera-ready/Quantized-GBDT/xgboost/src/cli_main.cc:235: boosting round 95, 13.7414 sec elapsed
[08:46:36] [95]
[08:46:36] INFO: /home/shiyu/NeurIPS-2022-camera-ready/Quantized-GBDT/xgboost/src/cli_main.cc:235: boosting round 96, 13.8653 sec elapsed
[08:46:36] [96]
[08:46:36] INFO: /home/shiyu/NeurIPS-2022-camera-ready/Quantized-GBDT/xgboost/src/cli_main.cc:235: boosting round 97, 13.9961 sec elapsed
[08:46:36] [97]
[08:46:36] INFO: /home/shiyu/NeurIPS-2022-camera-ready/Quantized-GBDT/xgboost/src/cli_main.cc:235: boosting round 98, 14.1166 sec elapsed
[08:46:36] [98]
[08:46:36] INFO: /home/shiyu/NeurIPS-2022-camera-ready/Quantized-GBDT/xgboost/src/cli_main.cc:235: boosting round 99, 14.2452 sec elapsed
[08:46:36] [99]
[08:46:36] INFO: /home/shiyu/NeurIPS-2022-camera-ready/Quantized-GBDT/xgboost/src/cli_main.cc:235: boosting round 100, 14.3679 sec elapsed
[08:46:36] [100]
[08:46:36] INFO: /home/shiyu/NeurIPS-2022-camera-ready/Quantized-GBDT/xgboost/src/cli_main.cc:235: boosting round 101, 14.4957 sec elapsed
[08:46:36] [101]
[08:46:36] INFO: /home/shiyu/NeurIPS-2022-camera-ready/Quantized-GBDT/xgboost/src/cli_main.cc:235: boosting round 102, 14.6182 sec elapsed
[08:46:36] [102]
[08:46:36] INFO: /home/shiyu/NeurIPS-2022-camera-ready/Quantized-GBDT/xgboost/src/cli_main.cc:235: boosting round 103, 14.7337 sec elapsed
[08:46:37] [103]
[08:46:37] INFO: /home/shiyu/NeurIPS-2022-camera-ready/Quantized-GBDT/xgboost/src/cli_main.cc:235: boosting round 104, 14.8679 sec elapsed
[08:46:37] [104]
[08:46:37] INFO: /home/shiyu/NeurIPS-2022-camera-ready/Quantized-GBDT/xgboost/src/cli_main.cc:235: boosting round 105, 14.9991 sec elapsed
[08:46:37] [105]
[08:46:37] INFO: /home/shiyu/NeurIPS-2022-camera-ready/Quantized-GBDT/xgboost/src/cli_main.cc:235: boosting round 106, 15.1198 sec elapsed
[08:46:37] [106]
[08:46:37] INFO: /home/shiyu/NeurIPS-2022-camera-ready/Quantized-GBDT/xgboost/src/cli_main.cc:235: boosting round 107, 15.2394 sec elapsed
[08:46:37] [107]
[08:46:37] INFO: /home/shiyu/NeurIPS-2022-camera-ready/Quantized-GBDT/xgboost/src/cli_main.cc:235: boosting round 108, 15.3573 sec elapsed
[08:46:37] [108]
[08:46:37] INFO: /home/shiyu/NeurIPS-2022-camera-ready/Quantized-GBDT/xgboost/src/cli_main.cc:235: boosting round 109, 15.4779 sec elapsed
[08:46:37] [109]
[08:46:37] INFO: /home/shiyu/NeurIPS-2022-camera-ready/Quantized-GBDT/xgboost/src/cli_main.cc:235: boosting round 110, 15.6046 sec elapsed
[08:46:37] [110]
[08:46:37] INFO: /home/shiyu/NeurIPS-2022-camera-ready/Quantized-GBDT/xgboost/src/cli_main.cc:235: boosting round 111, 15.7384 sec elapsed
[08:46:38] [111]
[08:46:38] INFO: /home/shiyu/NeurIPS-2022-camera-ready/Quantized-GBDT/xgboost/src/cli_main.cc:235: boosting round 112, 15.8656 sec elapsed
[08:46:38] [112]
[08:46:38] INFO: /home/shiyu/NeurIPS-2022-camera-ready/Quantized-GBDT/xgboost/src/cli_main.cc:235: boosting round 113, 15.9806 sec elapsed
[08:46:38] [113]
[08:46:38] INFO: /home/shiyu/NeurIPS-2022-camera-ready/Quantized-GBDT/xgboost/src/cli_main.cc:235: boosting round 114, 16.0931 sec elapsed
[08:46:38] [114]
[08:46:38] INFO: /home/shiyu/NeurIPS-2022-camera-ready/Quantized-GBDT/xgboost/src/cli_main.cc:235: boosting round 115, 16.2137 sec elapsed
[08:46:38] [115]
[08:46:38] INFO: /home/shiyu/NeurIPS-2022-camera-ready/Quantized-GBDT/xgboost/src/cli_main.cc:235: boosting round 116, 16.3463 sec elapsed
[08:46:38] [116]
[08:46:38] INFO: /home/shiyu/NeurIPS-2022-camera-ready/Quantized-GBDT/xgboost/src/cli_main.cc:235: boosting round 117, 16.4634 sec elapsed
[08:46:38] [117]
[08:46:38] INFO: /home/shiyu/NeurIPS-2022-camera-ready/Quantized-GBDT/xgboost/src/cli_main.cc:235: boosting round 118, 16.6017 sec elapsed
[08:46:38] [118]
[08:46:38] INFO: /home/shiyu/NeurIPS-2022-camera-ready/Quantized-GBDT/xgboost/src/cli_main.cc:235: boosting round 119, 16.7169 sec elapsed
[08:46:39] [119]
[08:46:39] INFO: /home/shiyu/NeurIPS-2022-camera-ready/Quantized-GBDT/xgboost/src/cli_main.cc:235: boosting round 120, 16.8405 sec elapsed
[08:46:39] [120]
[08:46:39] INFO: /home/shiyu/NeurIPS-2022-camera-ready/Quantized-GBDT/xgboost/src/cli_main.cc:235: boosting round 121, 16.9836 sec elapsed
[08:46:39] [121]
[08:46:39] INFO: /home/shiyu/NeurIPS-2022-camera-ready/Quantized-GBDT/xgboost/src/cli_main.cc:235: boosting round 122, 17.1 sec elapsed
[08:46:39] [122]
[08:46:39] INFO: /home/shiyu/NeurIPS-2022-camera-ready/Quantized-GBDT/xgboost/src/cli_main.cc:235: boosting round 123, 17.2241 sec elapsed
[08:46:39] [123]
[08:46:39] INFO: /home/shiyu/NeurIPS-2022-camera-ready/Quantized-GBDT/xgboost/src/cli_main.cc:235: boosting round 124, 17.3519 sec elapsed
[08:46:39] [124]
[08:46:39] INFO: /home/shiyu/NeurIPS-2022-camera-ready/Quantized-GBDT/xgboost/src/cli_main.cc:235: boosting round 125, 17.4728 sec elapsed
[08:46:39] [125]
[08:46:39] INFO: /home/shiyu/NeurIPS-2022-camera-ready/Quantized-GBDT/xgboost/src/cli_main.cc:235: boosting round 126, 17.6007 sec elapsed
[08:46:39] [126]
[08:46:39] INFO: /home/shiyu/NeurIPS-2022-camera-ready/Quantized-GBDT/xgboost/src/cli_main.cc:235: boosting round 127, 17.7093 sec elapsed
[08:46:40] [127]
[08:46:40] INFO: /home/shiyu/NeurIPS-2022-camera-ready/Quantized-GBDT/xgboost/src/cli_main.cc:235: boosting round 128, 17.8324 sec elapsed
[08:46:40] [128]
[08:46:40] INFO: /home/shiyu/NeurIPS-2022-camera-ready/Quantized-GBDT/xgboost/src/cli_main.cc:235: boosting round 129, 17.9497 sec elapsed
[08:46:40] [129]
[08:46:40] INFO: /home/shiyu/NeurIPS-2022-camera-ready/Quantized-GBDT/xgboost/src/cli_main.cc:235: boosting round 130, 18.0525 sec elapsed
[08:46:40] [130]
[08:46:40] INFO: /home/shiyu/NeurIPS-2022-camera-ready/Quantized-GBDT/xgboost/src/cli_main.cc:235: boosting round 131, 18.171 sec elapsed
[08:46:40] [131]
[08:46:40] INFO: /home/shiyu/NeurIPS-2022-camera-ready/Quantized-GBDT/xgboost/src/cli_main.cc:235: boosting round 132, 18.2952 sec elapsed
[08:46:40] [132]
[08:46:40] INFO: /home/shiyu/NeurIPS-2022-camera-ready/Quantized-GBDT/xgboost/src/cli_main.cc:235: boosting round 133, 18.4147 sec elapsed
[08:46:40] [133]
[08:46:40] INFO: /home/shiyu/NeurIPS-2022-camera-ready/Quantized-GBDT/xgboost/src/cli_main.cc:235: boosting round 134, 18.5291 sec elapsed
[08:46:40] [134]
[08:46:40] INFO: /home/shiyu/NeurIPS-2022-camera-ready/Quantized-GBDT/xgboost/src/cli_main.cc:235: boosting round 135, 18.6525 sec elapsed
[08:46:41] [135]
[08:46:41] INFO: /home/shiyu/NeurIPS-2022-camera-ready/Quantized-GBDT/xgboost/src/cli_main.cc:235: boosting round 136, 18.7652 sec elapsed
[08:46:41] [136]
[08:46:41] INFO: /home/shiyu/NeurIPS-2022-camera-ready/Quantized-GBDT/xgboost/src/cli_main.cc:235: boosting round 137, 18.8778 sec elapsed
[08:46:41] [137]
[08:46:41] INFO: /home/shiyu/NeurIPS-2022-camera-ready/Quantized-GBDT/xgboost/src/cli_main.cc:235: boosting round 138, 19.0143 sec elapsed
[08:46:41] [138]
[08:46:41] INFO: /home/shiyu/NeurIPS-2022-camera-ready/Quantized-GBDT/xgboost/src/cli_main.cc:235: boosting round 139, 19.1352 sec elapsed
[08:46:41] [139]
[08:46:41] INFO: /home/shiyu/NeurIPS-2022-camera-ready/Quantized-GBDT/xgboost/src/cli_main.cc:235: boosting round 140, 19.2516 sec elapsed
[08:46:41] [140]
[08:46:41] INFO: /home/shiyu/NeurIPS-2022-camera-ready/Quantized-GBDT/xgboost/src/cli_main.cc:235: boosting round 141, 19.3601 sec elapsed
[08:46:41] [141]
[08:46:41] INFO: /home/shiyu/NeurIPS-2022-camera-ready/Quantized-GBDT/xgboost/src/cli_main.cc:235: boosting round 142, 19.476 sec elapsed
[08:46:41] [142]
[08:46:41] INFO: /home/shiyu/NeurIPS-2022-camera-ready/Quantized-GBDT/xgboost/src/cli_main.cc:235: boosting round 143, 19.5947 sec elapsed
[08:46:41] [143]
[08:46:41] INFO: /home/shiyu/NeurIPS-2022-camera-ready/Quantized-GBDT/xgboost/src/cli_main.cc:235: boosting round 144, 19.7077 sec elapsed
[08:46:42] [144]
[08:46:42] INFO: /home/shiyu/NeurIPS-2022-camera-ready/Quantized-GBDT/xgboost/src/cli_main.cc:235: boosting round 145, 19.8044 sec elapsed
[08:46:42] [145]
[08:46:42] INFO: /home/shiyu/NeurIPS-2022-camera-ready/Quantized-GBDT/xgboost/src/cli_main.cc:235: boosting round 146, 19.9105 sec elapsed
[08:46:42] [146]
[08:46:42] INFO: /home/shiyu/NeurIPS-2022-camera-ready/Quantized-GBDT/xgboost/src/cli_main.cc:235: boosting round 147, 20.0218 sec elapsed
[08:46:42] [147]
[08:46:42] INFO: /home/shiyu/NeurIPS-2022-camera-ready/Quantized-GBDT/xgboost/src/cli_main.cc:235: boosting round 148, 20.1373 sec elapsed
[08:46:42] [148]
[08:46:42] INFO: /home/shiyu/NeurIPS-2022-camera-ready/Quantized-GBDT/xgboost/src/cli_main.cc:235: boosting round 149, 20.2484 sec elapsed
[08:46:42] [149]
[08:46:42] INFO: /home/shiyu/NeurIPS-2022-camera-ready/Quantized-GBDT/xgboost/src/cli_main.cc:235: boosting round 150, 20.3675 sec elapsed
[08:46:42] [150]
[08:46:42] INFO: /home/shiyu/NeurIPS-2022-camera-ready/Quantized-GBDT/xgboost/src/cli_main.cc:235: boosting round 151, 20.4901 sec elapsed
[08:46:42] [151]
[08:46:42] INFO: /home/shiyu/NeurIPS-2022-camera-ready/Quantized-GBDT/xgboost/src/cli_main.cc:235: boosting round 152, 20.5996 sec elapsed
[08:46:42] [152]
[08:46:42] INFO: /home/shiyu/NeurIPS-2022-camera-ready/Quantized-GBDT/xgboost/src/cli_main.cc:235: boosting round 153, 20.7099 sec elapsed
[08:46:43] [153]
[08:46:43] INFO: /home/shiyu/NeurIPS-2022-camera-ready/Quantized-GBDT/xgboost/src/cli_main.cc:235: boosting round 154, 20.801 sec elapsed
[08:46:43] [154]
[08:46:43] INFO: /home/shiyu/NeurIPS-2022-camera-ready/Quantized-GBDT/xgboost/src/cli_main.cc:235: boosting round 155, 20.9104 sec elapsed
[08:46:43] [155]
[08:46:43] INFO: /home/shiyu/NeurIPS-2022-camera-ready/Quantized-GBDT/xgboost/src/cli_main.cc:235: boosting round 156, 21.0068 sec elapsed
[08:46:43] [156]
[08:46:43] INFO: /home/shiyu/NeurIPS-2022-camera-ready/Quantized-GBDT/xgboost/src/cli_main.cc:235: boosting round 157, 21.1201 sec elapsed
[08:46:43] [157]
[08:46:43] INFO: /home/shiyu/NeurIPS-2022-camera-ready/Quantized-GBDT/xgboost/src/cli_main.cc:235: boosting round 158, 21.2296 sec elapsed
[08:46:43] [158]
[08:46:43] INFO: /home/shiyu/NeurIPS-2022-camera-ready/Quantized-GBDT/xgboost/src/cli_main.cc:235: boosting round 159, 21.3494 sec elapsed
[08:46:43] [159]
[08:46:43] INFO: /home/shiyu/NeurIPS-2022-camera-ready/Quantized-GBDT/xgboost/src/cli_main.cc:235: boosting round 160, 21.4589 sec elapsed
[08:46:43] [160]
[08:46:43] INFO: /home/shiyu/NeurIPS-2022-camera-ready/Quantized-GBDT/xgboost/src/cli_main.cc:235: boosting round 161, 21.5799 sec elapsed
[08:46:43] [161]
[08:46:43] INFO: /home/shiyu/NeurIPS-2022-camera-ready/Quantized-GBDT/xgboost/src/cli_main.cc:235: boosting round 162, 21.6742 sec elapsed
[08:46:44] [162]
[08:46:44] INFO: /home/shiyu/NeurIPS-2022-camera-ready/Quantized-GBDT/xgboost/src/cli_main.cc:235: boosting round 163, 21.7822 sec elapsed
[08:46:44] [163]
[08:46:44] INFO: /home/shiyu/NeurIPS-2022-camera-ready/Quantized-GBDT/xgboost/src/cli_main.cc:235: boosting round 164, 21.8738 sec elapsed
[08:46:44] [164]
[08:46:44] INFO: /home/shiyu/NeurIPS-2022-camera-ready/Quantized-GBDT/xgboost/src/cli_main.cc:235: boosting round 165, 21.9966 sec elapsed
[08:46:44] [165]
[08:46:44] INFO: /home/shiyu/NeurIPS-2022-camera-ready/Quantized-GBDT/xgboost/src/cli_main.cc:235: boosting round 166, 22.0982 sec elapsed
[08:46:44] [166]
[08:46:44] INFO: /home/shiyu/NeurIPS-2022-camera-ready/Quantized-GBDT/xgboost/src/cli_main.cc:235: boosting round 167, 22.1933 sec elapsed
[08:46:44] [167]
[08:46:44] INFO: /home/shiyu/NeurIPS-2022-camera-ready/Quantized-GBDT/xgboost/src/cli_main.cc:235: boosting round 168, 22.312 sec elapsed
[08:46:44] [168]
[08:46:44] INFO: /home/shiyu/NeurIPS-2022-camera-ready/Quantized-GBDT/xgboost/src/cli_main.cc:235: boosting round 169, 22.4246 sec elapsed
[08:46:44] [169]
[08:46:44] INFO: /home/shiyu/NeurIPS-2022-camera-ready/Quantized-GBDT/xgboost/src/cli_main.cc:235: boosting round 170, 22.533 sec elapsed
[08:46:44] [170]
[08:46:44] INFO: /home/shiyu/NeurIPS-2022-camera-ready/Quantized-GBDT/xgboost/src/cli_main.cc:235: boosting round 171, 22.6509 sec elapsed
[08:46:45] [171]
[08:46:45] INFO: /home/shiyu/NeurIPS-2022-camera-ready/Quantized-GBDT/xgboost/src/cli_main.cc:235: boosting round 172, 22.7678 sec elapsed
[08:46:45] [172]
[08:46:45] INFO: /home/shiyu/NeurIPS-2022-camera-ready/Quantized-GBDT/xgboost/src/cli_main.cc:235: boosting round 173, 22.8724 sec elapsed
[08:46:45] [173]
[08:46:45] INFO: /home/shiyu/NeurIPS-2022-camera-ready/Quantized-GBDT/xgboost/src/cli_main.cc:235: boosting round 174, 22.9869 sec elapsed
[08:46:45] [174]
[08:46:45] INFO: /home/shiyu/NeurIPS-2022-camera-ready/Quantized-GBDT/xgboost/src/cli_main.cc:235: boosting round 175, 23.1037 sec elapsed
[08:46:45] [175]
[08:46:45] INFO: /home/shiyu/NeurIPS-2022-camera-ready/Quantized-GBDT/xgboost/src/cli_main.cc:235: boosting round 176, 23.179 sec elapsed
[08:46:45] [176]
[08:46:45] INFO: /home/shiyu/NeurIPS-2022-camera-ready/Quantized-GBDT/xgboost/src/cli_main.cc:235: boosting round 177, 23.2887 sec elapsed
[08:46:45] [177]
[08:46:45] INFO: /home/shiyu/NeurIPS-2022-camera-ready/Quantized-GBDT/xgboost/src/cli_main.cc:235: boosting round 178, 23.3873 sec elapsed
[08:46:45] [178]
[08:46:45] INFO: /home/shiyu/NeurIPS-2022-camera-ready/Quantized-GBDT/xgboost/src/cli_main.cc:235: boosting round 179, 23.5121 sec elapsed
[08:46:45] [179]
[08:46:45] INFO: /home/shiyu/NeurIPS-2022-camera-ready/Quantized-GBDT/xgboost/src/cli_main.cc:235: boosting round 180, 23.6442 sec elapsed
[08:46:45] [180]
[08:46:45] INFO: /home/shiyu/NeurIPS-2022-camera-ready/Quantized-GBDT/xgboost/src/cli_main.cc:235: boosting round 181, 23.7365 sec elapsed
[08:46:46] [181]
[08:46:46] INFO: /home/shiyu/NeurIPS-2022-camera-ready/Quantized-GBDT/xgboost/src/cli_main.cc:235: boosting round 182, 23.8441 sec elapsed
[08:46:46] [182]
[08:46:46] INFO: /home/shiyu/NeurIPS-2022-camera-ready/Quantized-GBDT/xgboost/src/cli_main.cc:235: boosting round 183, 23.9487 sec elapsed
[08:46:46] [183]
[08:46:46] INFO: /home/shiyu/NeurIPS-2022-camera-ready/Quantized-GBDT/xgboost/src/cli_main.cc:235: boosting round 184, 24.0584 sec elapsed
[08:46:46] [184]
[08:46:46] INFO: /home/shiyu/NeurIPS-2022-camera-ready/Quantized-GBDT/xgboost/src/cli_main.cc:235: boosting round 185, 24.1501 sec elapsed
[08:46:46] [185]
[08:46:46] INFO: /home/shiyu/NeurIPS-2022-camera-ready/Quantized-GBDT/xgboost/src/cli_main.cc:235: boosting round 186, 24.2518 sec elapsed
[08:46:46] [186]
[08:46:46] INFO: /home/shiyu/NeurIPS-2022-camera-ready/Quantized-GBDT/xgboost/src/cli_main.cc:235: boosting round 187, 24.3662 sec elapsed
[08:46:46] [187]
[08:46:46] INFO: /home/shiyu/NeurIPS-2022-camera-ready/Quantized-GBDT/xgboost/src/cli_main.cc:235: boosting round 188, 24.4793 sec elapsed
[08:46:46] [188]
[08:46:46] INFO: /home/shiyu/NeurIPS-2022-camera-ready/Quantized-GBDT/xgboost/src/cli_main.cc:235: boosting round 189, 24.5745 sec elapsed
[08:46:46] [189]
[08:46:46] INFO: /home/shiyu/NeurIPS-2022-camera-ready/Quantized-GBDT/xgboost/src/cli_main.cc:235: boosting round 190, 24.6785 sec elapsed
[08:46:47] [190]
[08:46:47] INFO: /home/shiyu/NeurIPS-2022-camera-ready/Quantized-GBDT/xgboost/src/cli_main.cc:235: boosting round 191, 24.783 sec elapsed
[08:46:47] [191]
[08:46:47] INFO: /home/shiyu/NeurIPS-2022-camera-ready/Quantized-GBDT/xgboost/src/cli_main.cc:235: boosting round 192, 24.8831 sec elapsed
[08:46:47] [192]
[08:46:47] INFO: /home/shiyu/NeurIPS-2022-camera-ready/Quantized-GBDT/xgboost/src/cli_main.cc:235: boosting round 193, 24.9957 sec elapsed
[08:46:47] [193]
[08:46:47] INFO: /home/shiyu/NeurIPS-2022-camera-ready/Quantized-GBDT/xgboost/src/cli_main.cc:235: boosting round 194, 25.0673 sec elapsed
[08:46:47] [194]
[08:46:47] INFO: /home/shiyu/NeurIPS-2022-camera-ready/Quantized-GBDT/xgboost/src/cli_main.cc:235: boosting round 195, 25.1713 sec elapsed
[08:46:47] [195]
[08:46:47] INFO: /home/shiyu/NeurIPS-2022-camera-ready/Quantized-GBDT/xgboost/src/cli_main.cc:235: boosting round 196, 25.264 sec elapsed
[08:46:47] [196]
[08:46:47] INFO: /home/shiyu/NeurIPS-2022-camera-ready/Quantized-GBDT/xgboost/src/cli_main.cc:235: boosting round 197, 25.3785 sec elapsed
[08:46:47] [197]
[08:46:47] INFO: /home/shiyu/NeurIPS-2022-camera-ready/Quantized-GBDT/xgboost/src/cli_main.cc:235: boosting round 198, 25.472 sec elapsed
[08:46:47] [198]
[08:46:47] INFO: /home/shiyu/NeurIPS-2022-camera-ready/Quantized-GBDT/xgboost/src/cli_main.cc:235: boosting round 199, 25.5689 sec elapsed
[08:46:47] [199]
[08:46:47] INFO: /home/shiyu/NeurIPS-2022-camera-ready/Quantized-GBDT/xgboost/src/cli_main.cc:235: boosting round 200, 25.6795 sec elapsed
[08:46:48] [200]
[08:46:48] INFO: /home/shiyu/NeurIPS-2022-camera-ready/Quantized-GBDT/xgboost/src/cli_main.cc:235: boosting round 201, 25.7824 sec elapsed
[08:46:48] [201]
[08:46:48] INFO: /home/shiyu/NeurIPS-2022-camera-ready/Quantized-GBDT/xgboost/src/cli_main.cc:235: boosting round 202, 25.8794 sec elapsed
[08:46:48] [202]
[08:46:48] INFO: /home/shiyu/NeurIPS-2022-camera-ready/Quantized-GBDT/xgboost/src/cli_main.cc:235: boosting round 203, 25.9615 sec elapsed
[08:46:48] [203]
[08:46:48] INFO: /home/shiyu/NeurIPS-2022-camera-ready/Quantized-GBDT/xgboost/src/cli_main.cc:235: boosting round 204, 26.0716 sec elapsed
[08:46:48] [204]
[08:46:48] INFO: /home/shiyu/NeurIPS-2022-camera-ready/Quantized-GBDT/xgboost/src/cli_main.cc:235: boosting round 205, 26.179 sec elapsed
[08:46:48] [205]
[08:46:48] INFO: /home/shiyu/NeurIPS-2022-camera-ready/Quantized-GBDT/xgboost/src/cli_main.cc:235: boosting round 206, 26.2605 sec elapsed
[08:46:48] [206]
[08:46:48] INFO: /home/shiyu/NeurIPS-2022-camera-ready/Quantized-GBDT/xgboost/src/cli_main.cc:235: boosting round 207, 26.3604 sec elapsed
[08:46:48] [207]
[08:46:48] INFO: /home/shiyu/NeurIPS-2022-camera-ready/Quantized-GBDT/xgboost/src/cli_main.cc:235: boosting round 208, 26.463 sec elapsed
[08:46:48] [208]
[08:46:48] INFO: /home/shiyu/NeurIPS-2022-camera-ready/Quantized-GBDT/xgboost/src/cli_main.cc:235: boosting round 209, 26.5706 sec elapsed
[08:46:48] [209]
[08:46:48] INFO: /home/shiyu/NeurIPS-2022-camera-ready/Quantized-GBDT/xgboost/src/cli_main.cc:235: boosting round 210, 26.6673 sec elapsed
[08:46:48] [210]
[08:46:48] INFO: /home/shiyu/NeurIPS-2022-camera-ready/Quantized-GBDT/xgboost/src/cli_main.cc:235: boosting round 211, 26.7415 sec elapsed
[08:46:49] [211]
[08:46:49] INFO: /home/shiyu/NeurIPS-2022-camera-ready/Quantized-GBDT/xgboost/src/cli_main.cc:235: boosting round 212, 26.8309 sec elapsed
[08:46:49] [212]
[08:46:49] INFO: /home/shiyu/NeurIPS-2022-camera-ready/Quantized-GBDT/xgboost/src/cli_main.cc:235: boosting round 213, 26.9303 sec elapsed
[08:46:49] [213]
[08:46:49] INFO: /home/shiyu/NeurIPS-2022-camera-ready/Quantized-GBDT/xgboost/src/cli_main.cc:235: boosting round 214, 27.0024 sec elapsed
[08:46:49] [214]
[08:46:49] INFO: /home/shiyu/NeurIPS-2022-camera-ready/Quantized-GBDT/xgboost/src/cli_main.cc:235: boosting round 215, 27.114 sec elapsed
[08:46:49] [215]
[08:46:49] INFO: /home/shiyu/NeurIPS-2022-camera-ready/Quantized-GBDT/xgboost/src/cli_main.cc:235: boosting round 216, 27.2089 sec elapsed
[08:46:49] [216]
[08:46:49] INFO: /home/shiyu/NeurIPS-2022-camera-ready/Quantized-GBDT/xgboost/src/cli_main.cc:235: boosting round 217, 27.3166 sec elapsed
[08:46:49] [217]
[08:46:49] INFO: /home/shiyu/NeurIPS-2022-camera-ready/Quantized-GBDT/xgboost/src/cli_main.cc:235: boosting round 218, 27.438 sec elapsed
[08:46:49] [218]
[08:46:49] INFO: /home/shiyu/NeurIPS-2022-camera-ready/Quantized-GBDT/xgboost/src/cli_main.cc:235: boosting round 219, 27.5401 sec elapsed
[08:46:49] [219]
[08:46:49] INFO: /home/shiyu/NeurIPS-2022-camera-ready/Quantized-GBDT/xgboost/src/cli_main.cc:235: boosting round 220, 27.653 sec elapsed
[08:46:49] [220]
[08:46:49] INFO: /home/shiyu/NeurIPS-2022-camera-ready/Quantized-GBDT/xgboost/src/cli_main.cc:235: boosting round 221, 27.7296 sec elapsed
[08:46:50] [221]
[08:46:50] INFO: /home/shiyu/NeurIPS-2022-camera-ready/Quantized-GBDT/xgboost/src/cli_main.cc:235: boosting round 222, 27.8495 sec elapsed
[08:46:50] [222]
[08:46:50] INFO: /home/shiyu/NeurIPS-2022-camera-ready/Quantized-GBDT/xgboost/src/cli_main.cc:235: boosting round 223, 27.9625 sec elapsed
[08:46:50] [223]
[08:46:50] INFO: /home/shiyu/NeurIPS-2022-camera-ready/Quantized-GBDT/xgboost/src/cli_main.cc:235: boosting round 224, 28.0835 sec elapsed
[08:46:50] [224]
[08:46:50] INFO: /home/shiyu/NeurIPS-2022-camera-ready/Quantized-GBDT/xgboost/src/cli_main.cc:235: boosting round 225, 28.2096 sec elapsed
[08:46:50] [225]
[08:46:50] INFO: /home/shiyu/NeurIPS-2022-camera-ready/Quantized-GBDT/xgboost/src/cli_main.cc:235: boosting round 226, 28.2931 sec elapsed
[08:46:50] [226]
[08:46:50] INFO: /home/shiyu/NeurIPS-2022-camera-ready/Quantized-GBDT/xgboost/src/cli_main.cc:235: boosting round 227, 28.3975 sec elapsed
[08:46:50] [227]
[08:46:50] INFO: /home/shiyu/NeurIPS-2022-camera-ready/Quantized-GBDT/xgboost/src/cli_main.cc:235: boosting round 228, 28.4946 sec elapsed
[08:46:50] [228]
[08:46:50] INFO: /home/shiyu/NeurIPS-2022-camera-ready/Quantized-GBDT/xgboost/src/cli_main.cc:235: boosting round 229, 28.5849 sec elapsed
[08:46:50] [229]
[08:46:50] INFO: /home/shiyu/NeurIPS-2022-camera-ready/Quantized-GBDT/xgboost/src/cli_main.cc:235: boosting round 230, 28.6884 sec elapsed
[08:46:51] [230]
[08:46:51] INFO: /home/shiyu/NeurIPS-2022-camera-ready/Quantized-GBDT/xgboost/src/cli_main.cc:235: boosting round 231, 28.7654 sec elapsed
[08:46:51] [231]
[08:46:51] INFO: /home/shiyu/NeurIPS-2022-camera-ready/Quantized-GBDT/xgboost/src/cli_main.cc:235: boosting round 232, 28.8656 sec elapsed
[08:46:51] [232]
[08:46:51] INFO: /home/shiyu/NeurIPS-2022-camera-ready/Quantized-GBDT/xgboost/src/cli_main.cc:235: boosting round 233, 28.9479 sec elapsed
[08:46:51] [233]
[08:46:51] INFO: /home/shiyu/NeurIPS-2022-camera-ready/Quantized-GBDT/xgboost/src/cli_main.cc:235: boosting round 234, 29.0453 sec elapsed
[08:46:51] [234]
[08:46:51] INFO: /home/shiyu/NeurIPS-2022-camera-ready/Quantized-GBDT/xgboost/src/cli_main.cc:235: boosting round 235, 29.1394 sec elapsed
[08:46:51] [235]
[08:46:51] INFO: /home/shiyu/NeurIPS-2022-camera-ready/Quantized-GBDT/xgboost/src/cli_main.cc:235: boosting round 236, 29.2336 sec elapsed
[08:46:51] [236]
[08:46:51] INFO: /home/shiyu/NeurIPS-2022-camera-ready/Quantized-GBDT/xgboost/src/cli_main.cc:235: boosting round 237, 29.3028 sec elapsed
[08:46:51] [237]
[08:46:51] INFO: /home/shiyu/NeurIPS-2022-camera-ready/Quantized-GBDT/xgboost/src/cli_main.cc:235: boosting round 238, 29.3848 sec elapsed
[08:46:51] [238]
[08:46:51] INFO: /home/shiyu/NeurIPS-2022-camera-ready/Quantized-GBDT/xgboost/src/cli_main.cc:235: boosting round 239, 29.4786 sec elapsed
[08:46:51] [239]
[08:46:51] INFO: /home/shiyu/NeurIPS-2022-camera-ready/Quantized-GBDT/xgboost/src/cli_main.cc:235: boosting round 240, 29.5766 sec elapsed
[08:46:51] [240]
[08:46:51] INFO: /home/shiyu/NeurIPS-2022-camera-ready/Quantized-GBDT/xgboost/src/cli_main.cc:235: boosting round 241, 29.6506 sec elapsed
[08:46:52] [241]
[08:46:52] INFO: /home/shiyu/NeurIPS-2022-camera-ready/Quantized-GBDT/xgboost/src/cli_main.cc:235: boosting round 242, 29.7622 sec elapsed
[08:46:52] [242]
[08:46:52] INFO: /home/shiyu/NeurIPS-2022-camera-ready/Quantized-GBDT/xgboost/src/cli_main.cc:235: boosting round 243, 29.8767 sec elapsed
[08:46:52] [243]
[08:46:52] INFO: /home/shiyu/NeurIPS-2022-camera-ready/Quantized-GBDT/xgboost/src/cli_main.cc:235: boosting round 244, 29.9692 sec elapsed
[08:46:52] [244]
[08:46:52] INFO: /home/shiyu/NeurIPS-2022-camera-ready/Quantized-GBDT/xgboost/src/cli_main.cc:235: boosting round 245, 30.0434 sec elapsed
[08:46:52] [245]
[08:46:52] INFO: /home/shiyu/NeurIPS-2022-camera-ready/Quantized-GBDT/xgboost/src/cli_main.cc:235: boosting round 246, 30.1339 sec elapsed
[08:46:52] [246]
[08:46:52] INFO: /home/shiyu/NeurIPS-2022-camera-ready/Quantized-GBDT/xgboost/src/cli_main.cc:235: boosting round 247, 30.218 sec elapsed
[08:46:52] [247]
[08:46:52] INFO: /home/shiyu/NeurIPS-2022-camera-ready/Quantized-GBDT/xgboost/src/cli_main.cc:235: boosting round 248, 30.3269 sec elapsed
[08:46:52] [248]
[08:46:52] INFO: /home/shiyu/NeurIPS-2022-camera-ready/Quantized-GBDT/xgboost/src/cli_main.cc:235: boosting round 249, 30.4171 sec elapsed
[08:46:52] [249]
[08:46:52] INFO: /home/shiyu/NeurIPS-2022-camera-ready/Quantized-GBDT/xgboost/src/cli_main.cc:235: boosting round 250, 30.5189 sec elapsed
[08:46:52] [250]
[08:46:52] INFO: /home/shiyu/NeurIPS-2022-camera-ready/Quantized-GBDT/xgboost/src/cli_main.cc:235: boosting round 251, 30.6075 sec elapsed
[08:46:52] [251]
[08:46:52] INFO: /home/shiyu/NeurIPS-2022-camera-ready/Quantized-GBDT/xgboost/src/cli_main.cc:235: boosting round 252, 30.6886 sec elapsed
[08:46:53] [252]
[08:46:53] INFO: /home/shiyu/NeurIPS-2022-camera-ready/Quantized-GBDT/xgboost/src/cli_main.cc:235: boosting round 253, 30.7953 sec elapsed
[08:46:53] [253]
[08:46:53] INFO: /home/shiyu/NeurIPS-2022-camera-ready/Quantized-GBDT/xgboost/src/cli_main.cc:235: boosting round 254, 30.8918 sec elapsed
[08:46:53] [254]
[08:46:53] INFO: /home/shiyu/NeurIPS-2022-camera-ready/Quantized-GBDT/xgboost/src/cli_main.cc:235: boosting round 255, 30.9664 sec elapsed
[08:46:53] [255]
[08:46:53] INFO: /home/shiyu/NeurIPS-2022-camera-ready/Quantized-GBDT/xgboost/src/cli_main.cc:235: boosting round 256, 31.0584 sec elapsed
[08:46:53] [256]
[08:46:53] INFO: /home/shiyu/NeurIPS-2022-camera-ready/Quantized-GBDT/xgboost/src/cli_main.cc:235: boosting round 257, 31.1537 sec elapsed
[08:46:53] [257]
[08:46:53] INFO: /home/shiyu/NeurIPS-2022-camera-ready/Quantized-GBDT/xgboost/src/cli_main.cc:235: boosting round 258, 31.2394 sec elapsed
[08:46:53] [258]
[08:46:53] INFO: /home/shiyu/NeurIPS-2022-camera-ready/Quantized-GBDT/xgboost/src/cli_main.cc:235: boosting round 259, 31.3347 sec elapsed
[08:46:53] [259]
[08:46:53] INFO: /home/shiyu/NeurIPS-2022-camera-ready/Quantized-GBDT/xgboost/src/cli_main.cc:235: boosting round 260, 31.4404 sec elapsed
[08:46:53] [260]
[08:46:53] INFO: /home/shiyu/NeurIPS-2022-camera-ready/Quantized-GBDT/xgboost/src/cli_main.cc:235: boosting round 261, 31.5372 sec elapsed
[08:46:53] [261]
[08:46:53] INFO: /home/shiyu/NeurIPS-2022-camera-ready/Quantized-GBDT/xgboost/src/cli_main.cc:235: boosting round 262, 31.6492 sec elapsed
[08:46:53] [262]
[08:46:53] INFO: /home/shiyu/NeurIPS-2022-camera-ready/Quantized-GBDT/xgboost/src/cli_main.cc:235: boosting round 263, 31.7316 sec elapsed
[08:46:54] [263]
[08:46:54] INFO: /home/shiyu/NeurIPS-2022-camera-ready/Quantized-GBDT/xgboost/src/cli_main.cc:235: boosting round 264, 31.8279 sec elapsed
[08:46:54] [264]
[08:46:54] INFO: /home/shiyu/NeurIPS-2022-camera-ready/Quantized-GBDT/xgboost/src/cli_main.cc:235: boosting round 265, 31.9175 sec elapsed
[08:46:54] [265]
[08:46:54] INFO: /home/shiyu/NeurIPS-2022-camera-ready/Quantized-GBDT/xgboost/src/cli_main.cc:235: boosting round 266, 32.0202 sec elapsed
[08:46:54] [266]
[08:46:54] INFO: /home/shiyu/NeurIPS-2022-camera-ready/Quantized-GBDT/xgboost/src/cli_main.cc:235: boosting round 267, 32.0892 sec elapsed
[08:46:54] [267]
[08:46:54] INFO: /home/shiyu/NeurIPS-2022-camera-ready/Quantized-GBDT/xgboost/src/cli_main.cc:235: boosting round 268, 32.1666 sec elapsed
[08:46:54] [268]
[08:46:54] INFO: /home/shiyu/NeurIPS-2022-camera-ready/Quantized-GBDT/xgboost/src/cli_main.cc:235: boosting round 269, 32.2543 sec elapsed
[08:46:54] [269]
[08:46:54] INFO: /home/shiyu/NeurIPS-2022-camera-ready/Quantized-GBDT/xgboost/src/cli_main.cc:235: boosting round 270, 32.3382 sec elapsed
[08:46:54] [270]
[08:46:54] INFO: /home/shiyu/NeurIPS-2022-camera-ready/Quantized-GBDT/xgboost/src/cli_main.cc:235: boosting round 271, 32.4354 sec elapsed
[08:46:54] [271]
[08:46:54] INFO: /home/shiyu/NeurIPS-2022-camera-ready/Quantized-GBDT/xgboost/src/cli_main.cc:235: boosting round 272, 32.5483 sec elapsed
[08:46:54] [272]
[08:46:54] INFO: /home/shiyu/NeurIPS-2022-camera-ready/Quantized-GBDT/xgboost/src/cli_main.cc:235: boosting round 273, 32.6557 sec elapsed
[08:46:54] [273]
[08:46:54] INFO: /home/shiyu/NeurIPS-2022-camera-ready/Quantized-GBDT/xgboost/src/cli_main.cc:235: boosting round 274, 32.7254 sec elapsed
[08:46:55] [274]
[08:46:55] INFO: /home/shiyu/NeurIPS-2022-camera-ready/Quantized-GBDT/xgboost/src/cli_main.cc:235: boosting round 275, 32.8236 sec elapsed
[08:46:55] [275]
[08:46:55] INFO: /home/shiyu/NeurIPS-2022-camera-ready/Quantized-GBDT/xgboost/src/cli_main.cc:235: boosting round 276, 32.9281 sec elapsed
[08:46:55] [276]
[08:46:55] INFO: /home/shiyu/NeurIPS-2022-camera-ready/Quantized-GBDT/xgboost/src/cli_main.cc:235: boosting round 277, 33.0055 sec elapsed
[08:46:55] [277]
[08:46:55] INFO: /home/shiyu/NeurIPS-2022-camera-ready/Quantized-GBDT/xgboost/src/cli_main.cc:235: boosting round 278, 33.089 sec elapsed
[08:46:55] [278]
[08:46:55] INFO: /home/shiyu/NeurIPS-2022-camera-ready/Quantized-GBDT/xgboost/src/cli_main.cc:235: boosting round 279, 33.1574 sec elapsed
[08:46:55] [279]
[08:46:55] INFO: /home/shiyu/NeurIPS-2022-camera-ready/Quantized-GBDT/xgboost/src/cli_main.cc:235: boosting round 280, 33.2448 sec elapsed
[08:46:55] [280]
[08:46:55] INFO: /home/shiyu/NeurIPS-2022-camera-ready/Quantized-GBDT/xgboost/src/cli_main.cc:235: boosting round 281, 33.3419 sec elapsed
[08:46:55] [281]
[08:46:55] INFO: /home/shiyu/NeurIPS-2022-camera-ready/Quantized-GBDT/xgboost/src/cli_main.cc:235: boosting round 282, 33.4293 sec elapsed
[08:46:55] [282]
[08:46:55] INFO: /home/shiyu/NeurIPS-2022-camera-ready/Quantized-GBDT/xgboost/src/cli_main.cc:235: boosting round 283, 33.5106 sec elapsed
[08:46:55] [283]
[08:46:55] INFO: /home/shiyu/NeurIPS-2022-camera-ready/Quantized-GBDT/xgboost/src/cli_main.cc:235: boosting round 284, 33.5987 sec elapsed
[08:46:55] [284]
[08:46:55] INFO: /home/shiyu/NeurIPS-2022-camera-ready/Quantized-GBDT/xgboost/src/cli_main.cc:235: boosting round 285, 33.7019 sec elapsed
[08:46:56] [285]
[08:46:56] INFO: /home/shiyu/NeurIPS-2022-camera-ready/Quantized-GBDT/xgboost/src/cli_main.cc:235: boosting round 286, 33.7821 sec elapsed
[08:46:56] [286]
[08:46:56] INFO: /home/shiyu/NeurIPS-2022-camera-ready/Quantized-GBDT/xgboost/src/cli_main.cc:235: boosting round 287, 33.8503 sec elapsed
[08:46:56] [287]
[08:46:56] INFO: /home/shiyu/NeurIPS-2022-camera-ready/Quantized-GBDT/xgboost/src/cli_main.cc:235: boosting round 288, 33.9411 sec elapsed
[08:46:56] [288]
[08:46:56] INFO: /home/shiyu/NeurIPS-2022-camera-ready/Quantized-GBDT/xgboost/src/cli_main.cc:235: boosting round 289, 34.0319 sec elapsed
[08:46:56] [289]
[08:46:56] INFO: /home/shiyu/NeurIPS-2022-camera-ready/Quantized-GBDT/xgboost/src/cli_main.cc:235: boosting round 290, 34.1197 sec elapsed
[08:46:56] [290]
[08:46:56] INFO: /home/shiyu/NeurIPS-2022-camera-ready/Quantized-GBDT/xgboost/src/cli_main.cc:235: boosting round 291, 34.2181 sec elapsed
[08:46:56] [291]
[08:46:56] INFO: /home/shiyu/NeurIPS-2022-camera-ready/Quantized-GBDT/xgboost/src/cli_main.cc:235: boosting round 292, 34.2971 sec elapsed
[08:46:56] [292]
[08:46:56] INFO: /home/shiyu/NeurIPS-2022-camera-ready/Quantized-GBDT/xgboost/src/cli_main.cc:235: boosting round 293, 34.3868 sec elapsed
[08:46:56] [293]
[08:46:56] INFO: /home/shiyu/NeurIPS-2022-camera-ready/Quantized-GBDT/xgboost/src/cli_main.cc:235: boosting round 294, 34.4869 sec elapsed
[08:46:56] [294]
[08:46:56] INFO: /home/shiyu/NeurIPS-2022-camera-ready/Quantized-GBDT/xgboost/src/cli_main.cc:235: boosting round 295, 34.5958 sec elapsed
[08:46:56] [295]
[08:46:56] INFO: /home/shiyu/NeurIPS-2022-camera-ready/Quantized-GBDT/xgboost/src/cli_main.cc:235: boosting round 296, 34.6676 sec elapsed
[08:46:57] [296]
[08:46:57] INFO: /home/shiyu/NeurIPS-2022-camera-ready/Quantized-GBDT/xgboost/src/cli_main.cc:235: boosting round 297, 34.7678 sec elapsed
[08:46:57] [297]
[08:46:57] INFO: /home/shiyu/NeurIPS-2022-camera-ready/Quantized-GBDT/xgboost/src/cli_main.cc:235: boosting round 298, 34.8773 sec elapsed
[08:46:57] [298]
[08:46:57] INFO: /home/shiyu/NeurIPS-2022-camera-ready/Quantized-GBDT/xgboost/src/cli_main.cc:235: boosting round 299, 34.9496 sec elapsed
[08:46:57] [299]
[08:46:57] INFO: /home/shiyu/NeurIPS-2022-camera-ready/Quantized-GBDT/xgboost/src/cli_main.cc:235: boosting round 300, 35.0256 sec elapsed
[08:46:57] [300]
[08:46:57] INFO: /home/shiyu/NeurIPS-2022-camera-ready/Quantized-GBDT/xgboost/src/cli_main.cc:235: boosting round 301, 35.0965 sec elapsed
[08:46:57] [301]
[08:46:57] INFO: /home/shiyu/NeurIPS-2022-camera-ready/Quantized-GBDT/xgboost/src/cli_main.cc:235: boosting round 302, 35.1788 sec elapsed
[08:46:57] [302]
[08:46:57] INFO: /home/shiyu/NeurIPS-2022-camera-ready/Quantized-GBDT/xgboost/src/cli_main.cc:235: boosting round 303, 35.2856 sec elapsed
[08:46:57] [303]
[08:46:57] INFO: /home/shiyu/NeurIPS-2022-camera-ready/Quantized-GBDT/xgboost/src/cli_main.cc:235: boosting round 304, 35.3756 sec elapsed
[08:46:57] [304]
[08:46:57] INFO: /home/shiyu/NeurIPS-2022-camera-ready/Quantized-GBDT/xgboost/src/cli_main.cc:235: boosting round 305, 35.4449 sec elapsed
[08:46:57] [305]
[08:46:57] INFO: /home/shiyu/NeurIPS-2022-camera-ready/Quantized-GBDT/xgboost/src/cli_main.cc:235: boosting round 306, 35.5398 sec elapsed
[08:46:57] [306]
[08:46:57] INFO: /home/shiyu/NeurIPS-2022-camera-ready/Quantized-GBDT/xgboost/src/cli_main.cc:235: boosting round 307, 35.6111 sec elapsed
[08:46:57] [307]
[08:46:57] INFO: /home/shiyu/NeurIPS-2022-camera-ready/Quantized-GBDT/xgboost/src/cli_main.cc:235: boosting round 308, 35.7115 sec elapsed
[08:46:58] [308]
[08:46:58] INFO: /home/shiyu/NeurIPS-2022-camera-ready/Quantized-GBDT/xgboost/src/cli_main.cc:235: boosting round 309, 35.8264 sec elapsed
[08:46:58] [309]
[08:46:58] INFO: /home/shiyu/NeurIPS-2022-camera-ready/Quantized-GBDT/xgboost/src/cli_main.cc:235: boosting round 310, 35.9149 sec elapsed
[08:46:58] [310]
[08:46:58] INFO: /home/shiyu/NeurIPS-2022-camera-ready/Quantized-GBDT/xgboost/src/cli_main.cc:235: boosting round 311, 35.9884 sec elapsed
[08:46:58] [311]
[08:46:58] INFO: /home/shiyu/NeurIPS-2022-camera-ready/Quantized-GBDT/xgboost/src/cli_main.cc:235: boosting round 312, 36.0629 sec elapsed
[08:46:58] [312]
[08:46:58] INFO: /home/shiyu/NeurIPS-2022-camera-ready/Quantized-GBDT/xgboost/src/cli_main.cc:235: boosting round 313, 36.1739 sec elapsed
[08:46:58] [313]
[08:46:58] INFO: /home/shiyu/NeurIPS-2022-camera-ready/Quantized-GBDT/xgboost/src/cli_main.cc:235: boosting round 314, 36.2555 sec elapsed
[08:46:58] [314]
[08:46:58] INFO: /home/shiyu/NeurIPS-2022-camera-ready/Quantized-GBDT/xgboost/src/cli_main.cc:235: boosting round 315, 36.3513 sec elapsed
[08:46:58] [315]
[08:46:58] INFO: /home/shiyu/NeurIPS-2022-camera-ready/Quantized-GBDT/xgboost/src/cli_main.cc:235: boosting round 316, 36.4342 sec elapsed
[08:46:58] [316]
[08:46:58] INFO: /home/shiyu/NeurIPS-2022-camera-ready/Quantized-GBDT/xgboost/src/cli_main.cc:235: boosting round 317, 36.5141 sec elapsed
[08:46:58] [317]
[08:46:58] INFO: /home/shiyu/NeurIPS-2022-camera-ready/Quantized-GBDT/xgboost/src/cli_main.cc:235: boosting round 318, 36.6083 sec elapsed
[08:46:58] [318]
[08:46:58] INFO: /home/shiyu/NeurIPS-2022-camera-ready/Quantized-GBDT/xgboost/src/cli_main.cc:235: boosting round 319, 36.7103 sec elapsed
[08:46:59] [319]
[08:46:59] INFO: /home/shiyu/NeurIPS-2022-camera-ready/Quantized-GBDT/xgboost/src/cli_main.cc:235: boosting round 320, 36.8095 sec elapsed
[08:46:59] [320]
[08:46:59] INFO: /home/shiyu/NeurIPS-2022-camera-ready/Quantized-GBDT/xgboost/src/cli_main.cc:235: boosting round 321, 36.8826 sec elapsed
[08:46:59] [321]
[08:46:59] INFO: /home/shiyu/NeurIPS-2022-camera-ready/Quantized-GBDT/xgboost/src/cli_main.cc:235: boosting round 322, 36.9476 sec elapsed
[08:46:59] [322]
[08:46:59] INFO: /home/shiyu/NeurIPS-2022-camera-ready/Quantized-GBDT/xgboost/src/cli_main.cc:235: boosting round 323, 37.0419 sec elapsed
[08:46:59] [323]
[08:46:59] INFO: /home/shiyu/NeurIPS-2022-camera-ready/Quantized-GBDT/xgboost/src/cli_main.cc:235: boosting round 324, 37.1307 sec elapsed
[08:46:59] [324]
[08:46:59] INFO: /home/shiyu/NeurIPS-2022-camera-ready/Quantized-GBDT/xgboost/src/cli_main.cc:235: boosting round 325, 37.1945 sec elapsed
[08:46:59] [325]
[08:46:59] INFO: /home/shiyu/NeurIPS-2022-camera-ready/Quantized-GBDT/xgboost/src/cli_main.cc:235: boosting round 326, 37.2888 sec elapsed
[08:46:59] [326]
[08:46:59] INFO: /home/shiyu/NeurIPS-2022-camera-ready/Quantized-GBDT/xgboost/src/cli_main.cc:235: boosting round 327, 37.3788 sec elapsed
[08:46:59] [327]
[08:46:59] INFO: /home/shiyu/NeurIPS-2022-camera-ready/Quantized-GBDT/xgboost/src/cli_main.cc:235: boosting round 328, 37.4499 sec elapsed
[08:46:59] [328]
[08:46:59] INFO: /home/shiyu/NeurIPS-2022-camera-ready/Quantized-GBDT/xgboost/src/cli_main.cc:235: boosting round 329, 37.5418 sec elapsed
[08:46:59] [329]
[08:46:59] INFO: /home/shiyu/NeurIPS-2022-camera-ready/Quantized-GBDT/xgboost/src/cli_main.cc:235: boosting round 330, 37.6392 sec elapsed
[08:46:59] [330]
[08:46:59] INFO: /home/shiyu/NeurIPS-2022-camera-ready/Quantized-GBDT/xgboost/src/cli_main.cc:235: boosting round 331, 37.7204 sec elapsed
[08:47:00] [331]
[08:47:00] INFO: /home/shiyu/NeurIPS-2022-camera-ready/Quantized-GBDT/xgboost/src/cli_main.cc:235: boosting round 332, 37.7876 sec elapsed
[08:47:00] [332]
[08:47:00] INFO: /home/shiyu/NeurIPS-2022-camera-ready/Quantized-GBDT/xgboost/src/cli_main.cc:235: boosting round 333, 37.8663 sec elapsed
[08:47:00] [333]
[08:47:00] INFO: /home/shiyu/NeurIPS-2022-camera-ready/Quantized-GBDT/xgboost/src/cli_main.cc:235: boosting round 334, 37.9478 sec elapsed
[08:47:00] [334]
[08:47:00] INFO: /home/shiyu/NeurIPS-2022-camera-ready/Quantized-GBDT/xgboost/src/cli_main.cc:235: boosting round 335, 38.0212 sec elapsed
[08:47:00] [335]
[08:47:00] INFO: /home/shiyu/NeurIPS-2022-camera-ready/Quantized-GBDT/xgboost/src/cli_main.cc:235: boosting round 336, 38.102 sec elapsed
[08:47:00] [336]
[08:47:00] INFO: /home/shiyu/NeurIPS-2022-camera-ready/Quantized-GBDT/xgboost/src/cli_main.cc:235: boosting round 337, 38.1847 sec elapsed
[08:47:00] [337]
[08:47:00] INFO: /home/shiyu/NeurIPS-2022-camera-ready/Quantized-GBDT/xgboost/src/cli_main.cc:235: boosting round 338, 38.2825 sec elapsed
[08:47:00] [338]
[08:47:00] INFO: /home/shiyu/NeurIPS-2022-camera-ready/Quantized-GBDT/xgboost/src/cli_main.cc:235: boosting round 339, 38.3717 sec elapsed
[08:47:00] [339]
[08:47:00] INFO: /home/shiyu/NeurIPS-2022-camera-ready/Quantized-GBDT/xgboost/src/cli_main.cc:235: boosting round 340, 38.4744 sec elapsed
[08:47:00] [340]
[08:47:00] INFO: /home/shiyu/NeurIPS-2022-camera-ready/Quantized-GBDT/xgboost/src/cli_main.cc:235: boosting round 341, 38.5582 sec elapsed
[08:47:00] [341]
[08:47:00] INFO: /home/shiyu/NeurIPS-2022-camera-ready/Quantized-GBDT/xgboost/src/cli_main.cc:235: boosting round 342, 38.6373 sec elapsed
[08:47:00] [342]
[08:47:00] INFO: /home/shiyu/NeurIPS-2022-camera-ready/Quantized-GBDT/xgboost/src/cli_main.cc:235: boosting round 343, 38.712 sec elapsed
[08:47:01] [343]
[08:47:01] INFO: /home/shiyu/NeurIPS-2022-camera-ready/Quantized-GBDT/xgboost/src/cli_main.cc:235: boosting round 344, 38.7786 sec elapsed
[08:47:01] [344]
[08:47:01] INFO: /home/shiyu/NeurIPS-2022-camera-ready/Quantized-GBDT/xgboost/src/cli_main.cc:235: boosting round 345, 38.8623 sec elapsed
[08:47:01] [345]
[08:47:01] INFO: /home/shiyu/NeurIPS-2022-camera-ready/Quantized-GBDT/xgboost/src/cli_main.cc:235: boosting round 346, 38.9499 sec elapsed
[08:47:01] [346]
[08:47:01] INFO: /home/shiyu/NeurIPS-2022-camera-ready/Quantized-GBDT/xgboost/src/cli_main.cc:235: boosting round 347, 39.0455 sec elapsed
[08:47:01] [347]
[08:47:01] INFO: /home/shiyu/NeurIPS-2022-camera-ready/Quantized-GBDT/xgboost/src/cli_main.cc:235: boosting round 348, 39.1196 sec elapsed
[08:47:01] [348]
[08:47:01] INFO: /home/shiyu/NeurIPS-2022-camera-ready/Quantized-GBDT/xgboost/src/cli_main.cc:235: boosting round 349, 39.226 sec elapsed
[08:47:01] [349]
[08:47:01] INFO: /home/shiyu/NeurIPS-2022-camera-ready/Quantized-GBDT/xgboost/src/cli_main.cc:235: boosting round 350, 39.3097 sec elapsed
[08:47:01] [350]
[08:47:01] INFO: /home/shiyu/NeurIPS-2022-camera-ready/Quantized-GBDT/xgboost/src/cli_main.cc:235: boosting round 351, 39.4095 sec elapsed
[08:47:01] [351]
[08:47:01] INFO: /home/shiyu/NeurIPS-2022-camera-ready/Quantized-GBDT/xgboost/src/cli_main.cc:235: boosting round 352, 39.5217 sec elapsed
[08:47:01] [352]
[08:47:01] INFO: /home/shiyu/NeurIPS-2022-camera-ready/Quantized-GBDT/xgboost/src/cli_main.cc:235: boosting round 353, 39.6163 sec elapsed
[08:47:01] [353]
[08:47:01] INFO: /home/shiyu/NeurIPS-2022-camera-ready/Quantized-GBDT/xgboost/src/cli_main.cc:235: boosting round 354, 39.7037 sec elapsed
[08:47:02] [354]
[08:47:02] INFO: /home/shiyu/NeurIPS-2022-camera-ready/Quantized-GBDT/xgboost/src/cli_main.cc:235: boosting round 355, 39.7997 sec elapsed
[08:47:02] [355]
[08:47:02] INFO: /home/shiyu/NeurIPS-2022-camera-ready/Quantized-GBDT/xgboost/src/cli_main.cc:235: boosting round 356, 39.8779 sec elapsed
[08:47:02] [356]
[08:47:02] INFO: /home/shiyu/NeurIPS-2022-camera-ready/Quantized-GBDT/xgboost/src/cli_main.cc:235: boosting round 357, 39.9784 sec elapsed
[08:47:02] [357]
[08:47:02] INFO: /home/shiyu/NeurIPS-2022-camera-ready/Quantized-GBDT/xgboost/src/cli_main.cc:235: boosting round 358, 40.0705 sec elapsed
[08:47:02] [358]
[08:47:02] INFO: /home/shiyu/NeurIPS-2022-camera-ready/Quantized-GBDT/xgboost/src/cli_main.cc:235: boosting round 359, 40.178 sec elapsed
[08:47:02] [359]
[08:47:02] INFO: /home/shiyu/NeurIPS-2022-camera-ready/Quantized-GBDT/xgboost/src/cli_main.cc:235: boosting round 360, 40.2823 sec elapsed
[08:47:02] [360]
[08:47:02] INFO: /home/shiyu/NeurIPS-2022-camera-ready/Quantized-GBDT/xgboost/src/cli_main.cc:235: boosting round 361, 40.3737 sec elapsed
[08:47:02] [361]
[08:47:02] INFO: /home/shiyu/NeurIPS-2022-camera-ready/Quantized-GBDT/xgboost/src/cli_main.cc:235: boosting round 362, 40.4827 sec elapsed
[08:47:02] [362]
[08:47:02] INFO: /home/shiyu/NeurIPS-2022-camera-ready/Quantized-GBDT/xgboost/src/cli_main.cc:235: boosting round 363, 40.5529 sec elapsed
[08:47:02] [363]
[08:47:02] INFO: /home/shiyu/NeurIPS-2022-camera-ready/Quantized-GBDT/xgboost/src/cli_main.cc:235: boosting round 364, 40.6493 sec elapsed
[08:47:02] [364]
[08:47:02] INFO: /home/shiyu/NeurIPS-2022-camera-ready/Quantized-GBDT/xgboost/src/cli_main.cc:235: boosting round 365, 40.7334 sec elapsed
[08:47:03] [365]
[08:47:03] INFO: /home/shiyu/NeurIPS-2022-camera-ready/Quantized-GBDT/xgboost/src/cli_main.cc:235: boosting round 366, 40.7967 sec elapsed
[08:47:03] [366]
[08:47:03] INFO: /home/shiyu/NeurIPS-2022-camera-ready/Quantized-GBDT/xgboost/src/cli_main.cc:235: boosting round 367, 40.8648 sec elapsed
[08:47:03] [367]
[08:47:03] INFO: /home/shiyu/NeurIPS-2022-camera-ready/Quantized-GBDT/xgboost/src/cli_main.cc:235: boosting round 368, 40.9399 sec elapsed
[08:47:03] [368]
[08:47:03] INFO: /home/shiyu/NeurIPS-2022-camera-ready/Quantized-GBDT/xgboost/src/cli_main.cc:235: boosting round 369, 41.0332 sec elapsed
[08:47:03] [369]
[08:47:03] INFO: /home/shiyu/NeurIPS-2022-camera-ready/Quantized-GBDT/xgboost/src/cli_main.cc:235: boosting round 370, 41.127 sec elapsed
[08:47:03] [370]
[08:47:03] INFO: /home/shiyu/NeurIPS-2022-camera-ready/Quantized-GBDT/xgboost/src/cli_main.cc:235: boosting round 371, 41.2166 sec elapsed
[08:47:03] [371]
[08:47:03] INFO: /home/shiyu/NeurIPS-2022-camera-ready/Quantized-GBDT/xgboost/src/cli_main.cc:235: boosting round 372, 41.29 sec elapsed
[08:47:03] [372]
[08:47:03] INFO: /home/shiyu/NeurIPS-2022-camera-ready/Quantized-GBDT/xgboost/src/cli_main.cc:235: boosting round 373, 41.3865 sec elapsed
[08:47:03] [373]
[08:47:03] INFO: /home/shiyu/NeurIPS-2022-camera-ready/Quantized-GBDT/xgboost/src/cli_main.cc:235: boosting round 374, 41.4888 sec elapsed
[08:47:03] [374]
[08:47:03] INFO: /home/shiyu/NeurIPS-2022-camera-ready/Quantized-GBDT/xgboost/src/cli_main.cc:235: boosting round 375, 41.5611 sec elapsed
[08:47:03] [375]
[08:47:03] INFO: /home/shiyu/NeurIPS-2022-camera-ready/Quantized-GBDT/xgboost/src/cli_main.cc:235: boosting round 376, 41.6477 sec elapsed
[08:47:03] [376]
[08:47:03] INFO: /home/shiyu/NeurIPS-2022-camera-ready/Quantized-GBDT/xgboost/src/cli_main.cc:235: boosting round 377, 41.7247 sec elapsed
[08:47:04] [377]
[08:47:04] INFO: /home/shiyu/NeurIPS-2022-camera-ready/Quantized-GBDT/xgboost/src/cli_main.cc:235: boosting round 378, 41.8288 sec elapsed
[08:47:04] [378]
[08:47:04] INFO: /home/shiyu/NeurIPS-2022-camera-ready/Quantized-GBDT/xgboost/src/cli_main.cc:235: boosting round 379, 41.923 sec elapsed
[08:47:04] [379]
[08:47:04] INFO: /home/shiyu/NeurIPS-2022-camera-ready/Quantized-GBDT/xgboost/src/cli_main.cc:235: boosting round 380, 42.0273 sec elapsed
[08:47:04] [380]
[08:47:04] INFO: /home/shiyu/NeurIPS-2022-camera-ready/Quantized-GBDT/xgboost/src/cli_main.cc:235: boosting round 381, 42.125 sec elapsed
[08:47:04] [381]
[08:47:04] INFO: /home/shiyu/NeurIPS-2022-camera-ready/Quantized-GBDT/xgboost/src/cli_main.cc:235: boosting round 382, 42.2197 sec elapsed
[08:47:04] [382]
[08:47:04] INFO: /home/shiyu/NeurIPS-2022-camera-ready/Quantized-GBDT/xgboost/src/cli_main.cc:235: boosting round 383, 42.296 sec elapsed
[08:47:04] [383]
[08:47:04] INFO: /home/shiyu/NeurIPS-2022-camera-ready/Quantized-GBDT/xgboost/src/cli_main.cc:235: boosting round 384, 42.37 sec elapsed
[08:47:04] [384]
[08:47:04] INFO: /home/shiyu/NeurIPS-2022-camera-ready/Quantized-GBDT/xgboost/src/cli_main.cc:235: boosting round 385, 42.4471 sec elapsed
[08:47:04] [385]
[08:47:04] INFO: /home/shiyu/NeurIPS-2022-camera-ready/Quantized-GBDT/xgboost/src/cli_main.cc:235: boosting round 386, 42.5332 sec elapsed
[08:47:04] [386]
[08:47:04] INFO: /home/shiyu/NeurIPS-2022-camera-ready/Quantized-GBDT/xgboost/src/cli_main.cc:235: boosting round 387, 42.6252 sec elapsed
[08:47:04] [387]
[08:47:04] INFO: /home/shiyu/NeurIPS-2022-camera-ready/Quantized-GBDT/xgboost/src/cli_main.cc:235: boosting round 388, 42.7155 sec elapsed
[08:47:05] [388]
[08:47:05] INFO: /home/shiyu/NeurIPS-2022-camera-ready/Quantized-GBDT/xgboost/src/cli_main.cc:235: boosting round 389, 42.7861 sec elapsed
[08:47:05] [389]
[08:47:05] INFO: /home/shiyu/NeurIPS-2022-camera-ready/Quantized-GBDT/xgboost/src/cli_main.cc:235: boosting round 390, 42.8752 sec elapsed
[08:47:05] [390]
[08:47:05] INFO: /home/shiyu/NeurIPS-2022-camera-ready/Quantized-GBDT/xgboost/src/cli_main.cc:235: boosting round 391, 42.9627 sec elapsed
[08:47:05] [391]
[08:47:05] INFO: /home/shiyu/NeurIPS-2022-camera-ready/Quantized-GBDT/xgboost/src/cli_main.cc:235: boosting round 392, 43.0566 sec elapsed
[08:47:05] [392]
[08:47:05] INFO: /home/shiyu/NeurIPS-2022-camera-ready/Quantized-GBDT/xgboost/src/cli_main.cc:235: boosting round 393, 43.1653 sec elapsed
[08:47:05] [393]
[08:47:05] INFO: /home/shiyu/NeurIPS-2022-camera-ready/Quantized-GBDT/xgboost/src/cli_main.cc:235: boosting round 394, 43.2625 sec elapsed
[08:47:05] [394]
[08:47:05] INFO: /home/shiyu/NeurIPS-2022-camera-ready/Quantized-GBDT/xgboost/src/cli_main.cc:235: boosting round 395, 43.3478 sec elapsed
[08:47:05] [395]
[08:47:05] INFO: /home/shiyu/NeurIPS-2022-camera-ready/Quantized-GBDT/xgboost/src/cli_main.cc:235: boosting round 396, 43.4213 sec elapsed
[08:47:05] [396]
[08:47:05] INFO: /home/shiyu/NeurIPS-2022-camera-ready/Quantized-GBDT/xgboost/src/cli_main.cc:235: boosting round 397, 43.5184 sec elapsed
[08:47:05] [397]
[08:47:05] INFO: /home/shiyu/NeurIPS-2022-camera-ready/Quantized-GBDT/xgboost/src/cli_main.cc:235: boosting round 398, 43.611 sec elapsed
[08:47:05] [398]
[08:47:05] INFO: /home/shiyu/NeurIPS-2022-camera-ready/Quantized-GBDT/xgboost/src/cli_main.cc:235: boosting round 399, 43.7101 sec elapsed
[08:47:06] [399]
[08:47:06] INFO: /home/shiyu/NeurIPS-2022-camera-ready/Quantized-GBDT/xgboost/src/cli_main.cc:235: boosting round 400, 43.7926 sec elapsed
[08:47:06] [400]
[08:47:06] INFO: /home/shiyu/NeurIPS-2022-camera-ready/Quantized-GBDT/xgboost/src/cli_main.cc:235: boosting round 401, 43.87 sec elapsed
[08:47:06] [401]
[08:47:06] INFO: /home/shiyu/NeurIPS-2022-camera-ready/Quantized-GBDT/xgboost/src/cli_main.cc:235: boosting round 402, 43.9547 sec elapsed
[08:47:06] [402]
[08:47:06] INFO: /home/shiyu/NeurIPS-2022-camera-ready/Quantized-GBDT/xgboost/src/cli_main.cc:235: boosting round 403, 44.0243 sec elapsed
[08:47:06] [403]
[08:47:06] INFO: /home/shiyu/NeurIPS-2022-camera-ready/Quantized-GBDT/xgboost/src/cli_main.cc:235: boosting round 404, 44.112 sec elapsed
[08:47:06] [404]
[08:47:06] INFO: /home/shiyu/NeurIPS-2022-camera-ready/Quantized-GBDT/xgboost/src/cli_main.cc:235: boosting round 405, 44.2122 sec elapsed
[08:47:06] [405]
[08:47:06] INFO: /home/shiyu/NeurIPS-2022-camera-ready/Quantized-GBDT/xgboost/src/cli_main.cc:235: boosting round 406, 44.2908 sec elapsed
[08:47:06] [406]
[08:47:06] INFO: /home/shiyu/NeurIPS-2022-camera-ready/Quantized-GBDT/xgboost/src/cli_main.cc:235: boosting round 407, 44.3834 sec elapsed
[08:47:06] [407]
[08:47:06] INFO: /home/shiyu/NeurIPS-2022-camera-ready/Quantized-GBDT/xgboost/src/cli_main.cc:235: boosting round 408, 44.4769 sec elapsed
[08:47:06] [408]
[08:47:06] INFO: /home/shiyu/NeurIPS-2022-camera-ready/Quantized-GBDT/xgboost/src/cli_main.cc:235: boosting round 409, 44.565 sec elapsed
[08:47:06] [409]
[08:47:06] INFO: /home/shiyu/NeurIPS-2022-camera-ready/Quantized-GBDT/xgboost/src/cli_main.cc:235: boosting round 410, 44.662 sec elapsed
[08:47:06] [410]
[08:47:06] INFO: /home/shiyu/NeurIPS-2022-camera-ready/Quantized-GBDT/xgboost/src/cli_main.cc:235: boosting round 411, 44.7333 sec elapsed
[08:47:07] [411]
[08:47:07] INFO: /home/shiyu/NeurIPS-2022-camera-ready/Quantized-GBDT/xgboost/src/cli_main.cc:235: boosting round 412, 44.8307 sec elapsed
[08:47:07] [412]
[08:47:07] INFO: /home/shiyu/NeurIPS-2022-camera-ready/Quantized-GBDT/xgboost/src/cli_main.cc:235: boosting round 413, 44.9283 sec elapsed
[08:47:07] [413]
[08:47:07] INFO: /home/shiyu/NeurIPS-2022-camera-ready/Quantized-GBDT/xgboost/src/cli_main.cc:235: boosting round 414, 45.0155 sec elapsed
[08:47:07] [414]
[08:47:07] INFO: /home/shiyu/NeurIPS-2022-camera-ready/Quantized-GBDT/xgboost/src/cli_main.cc:235: boosting round 415, 45.09 sec elapsed
[08:47:07] [415]
[08:47:07] INFO: /home/shiyu/NeurIPS-2022-camera-ready/Quantized-GBDT/xgboost/src/cli_main.cc:235: boosting round 416, 45.1666 sec elapsed
[08:47:07] [416]
[08:47:07] INFO: /home/shiyu/NeurIPS-2022-camera-ready/Quantized-GBDT/xgboost/src/cli_main.cc:235: boosting round 417, 45.2363 sec elapsed
[08:47:07] [417]
[08:47:07] INFO: /home/shiyu/NeurIPS-2022-camera-ready/Quantized-GBDT/xgboost/src/cli_main.cc:235: boosting round 418, 45.3293 sec elapsed
[08:47:07] [418]
[08:47:07] INFO: /home/shiyu/NeurIPS-2022-camera-ready/Quantized-GBDT/xgboost/src/cli_main.cc:235: boosting round 419, 45.4312 sec elapsed
[08:47:07] [419]
[08:47:07] INFO: /home/shiyu/NeurIPS-2022-camera-ready/Quantized-GBDT/xgboost/src/cli_main.cc:235: boosting round 420, 45.5124 sec elapsed
[08:47:07] [420]
[08:47:07] INFO: /home/shiyu/NeurIPS-2022-camera-ready/Quantized-GBDT/xgboost/src/cli_main.cc:235: boosting round 421, 45.6037 sec elapsed
[08:47:07] [421]
[08:47:07] INFO: /home/shiyu/NeurIPS-2022-camera-ready/Quantized-GBDT/xgboost/src/cli_main.cc:235: boosting round 422, 45.6969 sec elapsed
[08:47:08] [422]
[08:47:08] INFO: /home/shiyu/NeurIPS-2022-camera-ready/Quantized-GBDT/xgboost/src/cli_main.cc:235: boosting round 423, 45.7916 sec elapsed
[08:47:08] [423]
[08:47:08] INFO: /home/shiyu/NeurIPS-2022-camera-ready/Quantized-GBDT/xgboost/src/cli_main.cc:235: boosting round 424, 45.885 sec elapsed
[08:47:08] [424]
[08:47:08] INFO: /home/shiyu/NeurIPS-2022-camera-ready/Quantized-GBDT/xgboost/src/cli_main.cc:235: boosting round 425, 45.9779 sec elapsed
[08:47:08] [425]
[08:47:08] INFO: /home/shiyu/NeurIPS-2022-camera-ready/Quantized-GBDT/xgboost/src/cli_main.cc:235: boosting round 426, 46.0626 sec elapsed
[08:47:08] [426]
[08:47:08] INFO: /home/shiyu/NeurIPS-2022-camera-ready/Quantized-GBDT/xgboost/src/cli_main.cc:235: boosting round 427, 46.1418 sec elapsed
[08:47:08] [427]
[08:47:08] INFO: /home/shiyu/NeurIPS-2022-camera-ready/Quantized-GBDT/xgboost/src/cli_main.cc:235: boosting round 428, 46.2215 sec elapsed
[08:47:08] [428]
[08:47:08] INFO: /home/shiyu/NeurIPS-2022-camera-ready/Quantized-GBDT/xgboost/src/cli_main.cc:235: boosting round 429, 46.3337 sec elapsed
[08:47:08] [429]
[08:47:08] INFO: /home/shiyu/NeurIPS-2022-camera-ready/Quantized-GBDT/xgboost/src/cli_main.cc:235: boosting round 430, 46.4347 sec elapsed
[08:47:08] [430]
[08:47:08] INFO: /home/shiyu/NeurIPS-2022-camera-ready/Quantized-GBDT/xgboost/src/cli_main.cc:235: boosting round 431, 46.5164 sec elapsed
[08:47:08] [431]
[08:47:08] INFO: /home/shiyu/NeurIPS-2022-camera-ready/Quantized-GBDT/xgboost/src/cli_main.cc:235: boosting round 432, 46.6119 sec elapsed
[08:47:08] [432]
[08:47:08] INFO: /home/shiyu/NeurIPS-2022-camera-ready/Quantized-GBDT/xgboost/src/cli_main.cc:235: boosting round 433, 46.6981 sec elapsed
[08:47:09] [433]
[08:47:09] INFO: /home/shiyu/NeurIPS-2022-camera-ready/Quantized-GBDT/xgboost/src/cli_main.cc:235: boosting round 434, 46.7782 sec elapsed
[08:47:09] [434]
[08:47:09] INFO: /home/shiyu/NeurIPS-2022-camera-ready/Quantized-GBDT/xgboost/src/cli_main.cc:235: boosting round 435, 46.8663 sec elapsed
[08:47:09] [435]
[08:47:09] INFO: /home/shiyu/NeurIPS-2022-camera-ready/Quantized-GBDT/xgboost/src/cli_main.cc:235: boosting round 436, 46.968 sec elapsed
[08:47:09] [436]
[08:47:09] INFO: /home/shiyu/NeurIPS-2022-camera-ready/Quantized-GBDT/xgboost/src/cli_main.cc:235: boosting round 437, 47.0418 sec elapsed
[08:47:09] [437]
[08:47:09] INFO: /home/shiyu/NeurIPS-2022-camera-ready/Quantized-GBDT/xgboost/src/cli_main.cc:235: boosting round 438, 47.1283 sec elapsed
[08:47:09] [438]
[08:47:09] INFO: /home/shiyu/NeurIPS-2022-camera-ready/Quantized-GBDT/xgboost/src/cli_main.cc:235: boosting round 439, 47.2111 sec elapsed
[08:47:09] [439]
[08:47:09] INFO: /home/shiyu/NeurIPS-2022-camera-ready/Quantized-GBDT/xgboost/src/cli_main.cc:235: boosting round 440, 47.3079 sec elapsed
[08:47:09] [440]
[08:47:09] INFO: /home/shiyu/NeurIPS-2022-camera-ready/Quantized-GBDT/xgboost/src/cli_main.cc:235: boosting round 441, 47.4095 sec elapsed
[08:47:09] [441]
[08:47:09] INFO: /home/shiyu/NeurIPS-2022-camera-ready/Quantized-GBDT/xgboost/src/cli_main.cc:235: boosting round 442, 47.5049 sec elapsed
[08:47:09] [442]
[08:47:09] INFO: /home/shiyu/NeurIPS-2022-camera-ready/Quantized-GBDT/xgboost/src/cli_main.cc:235: boosting round 443, 47.6159 sec elapsed
[08:47:09] [443]
[08:47:09] INFO: /home/shiyu/NeurIPS-2022-camera-ready/Quantized-GBDT/xgboost/src/cli_main.cc:235: boosting round 444, 47.7129 sec elapsed
[08:47:10] [444]
[08:47:10] INFO: /home/shiyu/NeurIPS-2022-camera-ready/Quantized-GBDT/xgboost/src/cli_main.cc:235: boosting round 445, 47.7827 sec elapsed
[08:47:10] [445]
[08:47:10] INFO: /home/shiyu/NeurIPS-2022-camera-ready/Quantized-GBDT/xgboost/src/cli_main.cc:235: boosting round 446, 47.8766 sec elapsed
[08:47:10] [446]
[08:47:10] INFO: /home/shiyu/NeurIPS-2022-camera-ready/Quantized-GBDT/xgboost/src/cli_main.cc:235: boosting round 447, 47.9695 sec elapsed
[08:47:10] [447]
[08:47:10] INFO: /home/shiyu/NeurIPS-2022-camera-ready/Quantized-GBDT/xgboost/src/cli_main.cc:235: boosting round 448, 48.0665 sec elapsed
[08:47:10] [448]
[08:47:10] INFO: /home/shiyu/NeurIPS-2022-camera-ready/Quantized-GBDT/xgboost/src/cli_main.cc:235: boosting round 449, 48.1509 sec elapsed
[08:47:10] [449]
[08:47:10] INFO: /home/shiyu/NeurIPS-2022-camera-ready/Quantized-GBDT/xgboost/src/cli_main.cc:235: boosting round 450, 48.221 sec elapsed
[08:47:10] [450]
[08:47:10] INFO: /home/shiyu/NeurIPS-2022-camera-ready/Quantized-GBDT/xgboost/src/cli_main.cc:235: boosting round 451, 48.3221 sec elapsed
[08:47:10] [451]
[08:47:10] INFO: /home/shiyu/NeurIPS-2022-camera-ready/Quantized-GBDT/xgboost/src/cli_main.cc:235: boosting round 452, 48.4047 sec elapsed
[08:47:10] [452]
[08:47:10] INFO: /home/shiyu/NeurIPS-2022-camera-ready/Quantized-GBDT/xgboost/src/cli_main.cc:235: boosting round 453, 48.5061 sec elapsed
[08:47:10] [453]
[08:47:10] INFO: /home/shiyu/NeurIPS-2022-camera-ready/Quantized-GBDT/xgboost/src/cli_main.cc:235: boosting round 454, 48.5711 sec elapsed
[08:47:10] [454]
[08:47:10] INFO: /home/shiyu/NeurIPS-2022-camera-ready/Quantized-GBDT/xgboost/src/cli_main.cc:235: boosting round 455, 48.6555 sec elapsed
[08:47:10] [455]
[08:47:10] INFO: /home/shiyu/NeurIPS-2022-camera-ready/Quantized-GBDT/xgboost/src/cli_main.cc:235: boosting round 456, 48.7446 sec elapsed
[08:47:11] [456]
[08:47:11] INFO: /home/shiyu/NeurIPS-2022-camera-ready/Quantized-GBDT/xgboost/src/cli_main.cc:235: boosting round 457, 48.8313 sec elapsed
[08:47:11] [457]
[08:47:11] INFO: /home/shiyu/NeurIPS-2022-camera-ready/Quantized-GBDT/xgboost/src/cli_main.cc:235: boosting round 458, 48.9296 sec elapsed
[08:47:11] [458]
[08:47:11] INFO: /home/shiyu/NeurIPS-2022-camera-ready/Quantized-GBDT/xgboost/src/cli_main.cc:235: boosting round 459, 49.0175 sec elapsed
[08:47:11] [459]
[08:47:11] INFO: /home/shiyu/NeurIPS-2022-camera-ready/Quantized-GBDT/xgboost/src/cli_main.cc:235: boosting round 460, 49.0924 sec elapsed
[08:47:11] [460]
[08:47:11] INFO: /home/shiyu/NeurIPS-2022-camera-ready/Quantized-GBDT/xgboost/src/cli_main.cc:235: boosting round 461, 49.1632 sec elapsed
[08:47:11] [461]
[08:47:11] INFO: /home/shiyu/NeurIPS-2022-camera-ready/Quantized-GBDT/xgboost/src/cli_main.cc:235: boosting round 462, 49.2352 sec elapsed
[08:47:11] [462]
[08:47:11] INFO: /home/shiyu/NeurIPS-2022-camera-ready/Quantized-GBDT/xgboost/src/cli_main.cc:235: boosting round 463, 49.3354 sec elapsed
[08:47:11] [463]
[08:47:11] INFO: /home/shiyu/NeurIPS-2022-camera-ready/Quantized-GBDT/xgboost/src/cli_main.cc:235: boosting round 464, 49.4052 sec elapsed
[08:47:11] [464]
[08:47:11] INFO: /home/shiyu/NeurIPS-2022-camera-ready/Quantized-GBDT/xgboost/src/cli_main.cc:235: boosting round 465, 49.491 sec elapsed
[08:47:11] [465]
[08:47:11] INFO: /home/shiyu/NeurIPS-2022-camera-ready/Quantized-GBDT/xgboost/src/cli_main.cc:235: boosting round 466, 49.5726 sec elapsed
[08:47:11] [466]
[08:47:11] INFO: /home/shiyu/NeurIPS-2022-camera-ready/Quantized-GBDT/xgboost/src/cli_main.cc:235: boosting round 467, 49.6406 sec elapsed
[08:47:11] [467]
[08:47:11] INFO: /home/shiyu/NeurIPS-2022-camera-ready/Quantized-GBDT/xgboost/src/cli_main.cc:235: boosting round 468, 49.716 sec elapsed
[08:47:12] [468]
[08:47:12] INFO: /home/shiyu/NeurIPS-2022-camera-ready/Quantized-GBDT/xgboost/src/cli_main.cc:235: boosting round 469, 49.7831 sec elapsed
[08:47:12] [469]
[08:47:12] INFO: /home/shiyu/NeurIPS-2022-camera-ready/Quantized-GBDT/xgboost/src/cli_main.cc:235: boosting round 470, 49.8802 sec elapsed
[08:47:12] [470]
[08:47:12] INFO: /home/shiyu/NeurIPS-2022-camera-ready/Quantized-GBDT/xgboost/src/cli_main.cc:235: boosting round 471, 49.9565 sec elapsed
[08:47:12] [471]
[08:47:12] INFO: /home/shiyu/NeurIPS-2022-camera-ready/Quantized-GBDT/xgboost/src/cli_main.cc:235: boosting round 472, 50.0429 sec elapsed
[08:47:12] [472]
[08:47:12] INFO: /home/shiyu/NeurIPS-2022-camera-ready/Quantized-GBDT/xgboost/src/cli_main.cc:235: boosting round 473, 50.1459 sec elapsed
[08:47:12] [473]
[08:47:12] INFO: /home/shiyu/NeurIPS-2022-camera-ready/Quantized-GBDT/xgboost/src/cli_main.cc:235: boosting round 474, 50.2323 sec elapsed
[08:47:12] [474]
[08:47:12] INFO: /home/shiyu/NeurIPS-2022-camera-ready/Quantized-GBDT/xgboost/src/cli_main.cc:235: boosting round 475, 50.3073 sec elapsed
[08:47:12] [475]
[08:47:12] INFO: /home/shiyu/NeurIPS-2022-camera-ready/Quantized-GBDT/xgboost/src/cli_main.cc:235: boosting round 476, 50.3983 sec elapsed
[08:47:12] [476]
[08:47:12] INFO: /home/shiyu/NeurIPS-2022-camera-ready/Quantized-GBDT/xgboost/src/cli_main.cc:235: boosting round 477, 50.4678 sec elapsed
[08:47:12] [477]
[08:47:12] INFO: /home/shiyu/NeurIPS-2022-camera-ready/Quantized-GBDT/xgboost/src/cli_main.cc:235: boosting round 478, 50.5433 sec elapsed
[08:47:12] [478]
[08:47:12] INFO: /home/shiyu/NeurIPS-2022-camera-ready/Quantized-GBDT/xgboost/src/cli_main.cc:235: boosting round 479, 50.6356 sec elapsed
[08:47:12] [479]
[08:47:12] INFO: /home/shiyu/NeurIPS-2022-camera-ready/Quantized-GBDT/xgboost/src/cli_main.cc:235: boosting round 480, 50.7095 sec elapsed
[08:47:13] [480]
[08:47:13] INFO: /home/shiyu/NeurIPS-2022-camera-ready/Quantized-GBDT/xgboost/src/cli_main.cc:235: boosting round 481, 50.8057 sec elapsed
[08:47:13] [481]
[08:47:13] INFO: /home/shiyu/NeurIPS-2022-camera-ready/Quantized-GBDT/xgboost/src/cli_main.cc:235: boosting round 482, 50.9023 sec elapsed
[08:47:13] [482]
[08:47:13] INFO: /home/shiyu/NeurIPS-2022-camera-ready/Quantized-GBDT/xgboost/src/cli_main.cc:235: boosting round 483, 50.9852 sec elapsed
[08:47:13] [483]
[08:47:13] INFO: /home/shiyu/NeurIPS-2022-camera-ready/Quantized-GBDT/xgboost/src/cli_main.cc:235: boosting round 484, 51.0803 sec elapsed
[08:47:13] [484]
[08:47:13] INFO: /home/shiyu/NeurIPS-2022-camera-ready/Quantized-GBDT/xgboost/src/cli_main.cc:235: boosting round 485, 51.1541 sec elapsed
[08:47:13] [485]
[08:47:13] INFO: /home/shiyu/NeurIPS-2022-camera-ready/Quantized-GBDT/xgboost/src/cli_main.cc:235: boosting round 486, 51.2481 sec elapsed
[08:47:13] [486]
[08:47:13] INFO: /home/shiyu/NeurIPS-2022-camera-ready/Quantized-GBDT/xgboost/src/cli_main.cc:235: boosting round 487, 51.326 sec elapsed
[08:47:13] [487]
[08:47:13] INFO: /home/shiyu/NeurIPS-2022-camera-ready/Quantized-GBDT/xgboost/src/cli_main.cc:235: boosting round 488, 51.4179 sec elapsed
[08:47:13] [488]
[08:47:13] INFO: /home/shiyu/NeurIPS-2022-camera-ready/Quantized-GBDT/xgboost/src/cli_main.cc:235: boosting round 489, 51.5079 sec elapsed
[08:47:13] [489]
[08:47:13] INFO: /home/shiyu/NeurIPS-2022-camera-ready/Quantized-GBDT/xgboost/src/cli_main.cc:235: boosting round 490, 51.5983 sec elapsed
[08:47:13] [490]
[08:47:13] INFO: /home/shiyu/NeurIPS-2022-camera-ready/Quantized-GBDT/xgboost/src/cli_main.cc:235: boosting round 491, 51.693 sec elapsed
[08:47:14] [491]
[08:47:14] INFO: /home/shiyu/NeurIPS-2022-camera-ready/Quantized-GBDT/xgboost/src/cli_main.cc:235: boosting round 492, 51.8033 sec elapsed
[08:47:14] [492]
[08:47:14] INFO: /home/shiyu/NeurIPS-2022-camera-ready/Quantized-GBDT/xgboost/src/cli_main.cc:235: boosting round 493, 51.894 sec elapsed
[08:47:14] [493]
[08:47:14] INFO: /home/shiyu/NeurIPS-2022-camera-ready/Quantized-GBDT/xgboost/src/cli_main.cc:235: boosting round 494, 51.9775 sec elapsed
[08:47:14] [494]
[08:47:14] INFO: /home/shiyu/NeurIPS-2022-camera-ready/Quantized-GBDT/xgboost/src/cli_main.cc:235: boosting round 495, 52.0796 sec elapsed
[08:47:14] [495]
[08:47:14] INFO: /home/shiyu/NeurIPS-2022-camera-ready/Quantized-GBDT/xgboost/src/cli_main.cc:235: boosting round 496, 52.1654 sec elapsed
[08:47:14] [496]
[08:47:14] INFO: /home/shiyu/NeurIPS-2022-camera-ready/Quantized-GBDT/xgboost/src/cli_main.cc:235: boosting round 497, 52.2577 sec elapsed
[08:47:14] [497]
[08:47:14] INFO: /home/shiyu/NeurIPS-2022-camera-ready/Quantized-GBDT/xgboost/src/cli_main.cc:235: boosting round 498, 52.3446 sec elapsed
[08:47:14] [498]
[08:47:14] INFO: /home/shiyu/NeurIPS-2022-camera-ready/Quantized-GBDT/xgboost/src/cli_main.cc:235: boosting round 499, 52.4213 sec elapsed
[08:47:14] [499]
[08:47:14] INFO: /home/shiyu/NeurIPS-2022-camera-ready/Quantized-GBDT/xgboost/src/cli_main.cc:258: Complete Training loop time: 52.5035 sec
[08:47:14] INFO: /home/shiyu/NeurIPS-2022-camera-ready/Quantized-GBDT/xgboost/src/cli_main.cc:275: update end, 52.5209 sec in all
