[LightGBM] [Warning] use_discretized_grad is set=true, use_discretized_grad=true will be ignored. Current value: use_discretized_grad=true
[LightGBM] [Warning] discretized_grad_renew is set=false, discretized_grad_renew=true will be ignored. Current value: discretized_grad_renew=false
[LightGBM] [Warning] force_row_wise is set=false, force_row_wise=true will be ignored. Current value: force_row_wise=false
[LightGBM] [Info] Finished loading parameters
[LightGBM] [Debug] Loading train file...
[LightGBM] [Info] Construct bin mappers from text data time 1.30 seconds
[LightGBM] [Debug] Loading validation file #1...
[LightGBM] [Info] Finished loading data in 3.490524 seconds
[LightGBM] [Info] Total Bins 22950
[LightGBM] [Info] Number of data points in the train set: 463715, number of used features: 90
[LightGBM] [Debug] Number of data points in validation set #1: 51630
[LightGBM] [Info] Finished initializing training
[LightGBM] [Info] Started training...
[LightGBM] [Info] Start training from score 1998.386095
[LightGBM] [Debug] Trained a tree with leaves = 255 and depth = 16
[LightGBM] [Info] Iteration:1, valid_1 rmse : 10.6312
[LightGBM] [Info] 0.090255 seconds elapsed, finished iteration 1
[LightGBM] [Debug] Trained a tree with leaves = 255 and depth = 13
[LightGBM] [Info] Iteration:2, valid_1 rmse : 10.4448
[LightGBM] [Info] 0.158692 seconds elapsed, finished iteration 2
[LightGBM] [Debug] Trained a tree with leaves = 255 and depth = 13
[LightGBM] [Info] Iteration:3, valid_1 rmse : 10.2811
[LightGBM] [Info] 0.234092 seconds elapsed, finished iteration 3
[LightGBM] [Debug] Trained a tree with leaves = 255 and depth = 16
[LightGBM] [Info] Iteration:4, valid_1 rmse : 10.1426
[LightGBM] [Info] 0.315760 seconds elapsed, finished iteration 4
[LightGBM] [Debug] Trained a tree with leaves = 255 and depth = 15
[LightGBM] [Info] Iteration:5, valid_1 rmse : 10.0232
[LightGBM] [Info] 0.408206 seconds elapsed, finished iteration 5
[LightGBM] [Debug] Trained a tree with leaves = 255 and depth = 17
[LightGBM] [Info] Iteration:6, valid_1 rmse : 9.92006
[LightGBM] [Info] 0.494817 seconds elapsed, finished iteration 6
[LightGBM] [Debug] Trained a tree with leaves = 255 and depth = 14
[LightGBM] [Info] Iteration:7, valid_1 rmse : 9.83148
[LightGBM] [Info] 0.552070 seconds elapsed, finished iteration 7
[LightGBM] [Debug] Trained a tree with leaves = 255 and depth = 17
[LightGBM] [Info] Iteration:8, valid_1 rmse : 9.75325
[LightGBM] [Info] 0.595016 seconds elapsed, finished iteration 8
[LightGBM] [Debug] Trained a tree with leaves = 255 and depth = 17
[LightGBM] [Info] Iteration:9, valid_1 rmse : 9.68751
[LightGBM] [Info] 0.639776 seconds elapsed, finished iteration 9
[LightGBM] [Debug] Trained a tree with leaves = 255 and depth = 17
[LightGBM] [Info] Iteration:10, valid_1 rmse : 9.62338
[LightGBM] [Info] 0.682580 seconds elapsed, finished iteration 10
[LightGBM] [Debug] Trained a tree with leaves = 255 and depth = 20
[LightGBM] [Info] Iteration:11, valid_1 rmse : 9.56931
[LightGBM] [Info] 0.755002 seconds elapsed, finished iteration 11
[LightGBM] [Debug] Trained a tree with leaves = 255 and depth = 18
[LightGBM] [Info] Iteration:12, valid_1 rmse : 9.52343
[LightGBM] [Info] 0.813816 seconds elapsed, finished iteration 12
[LightGBM] [Debug] Trained a tree with leaves = 255 and depth = 16
[LightGBM] [Info] Iteration:13, valid_1 rmse : 9.48265
[LightGBM] [Info] 0.881679 seconds elapsed, finished iteration 13
[LightGBM] [Debug] Trained a tree with leaves = 255 and depth = 20
[LightGBM] [Info] Iteration:14, valid_1 rmse : 9.44525
[LightGBM] [Info] 0.944857 seconds elapsed, finished iteration 14
[LightGBM] [Debug] Trained a tree with leaves = 255 and depth = 17
[LightGBM] [Info] Iteration:15, valid_1 rmse : 9.41079
[LightGBM] [Info] 0.994554 seconds elapsed, finished iteration 15
[LightGBM] [Debug] Trained a tree with leaves = 255 and depth = 17
[LightGBM] [Info] Iteration:16, valid_1 rmse : 9.37865
[LightGBM] [Info] 1.049765 seconds elapsed, finished iteration 16
[LightGBM] [Debug] Trained a tree with leaves = 255 and depth = 17
[LightGBM] [Info] Iteration:17, valid_1 rmse : 9.35151
[LightGBM] [Info] 1.111603 seconds elapsed, finished iteration 17
[LightGBM] [Debug] Trained a tree with leaves = 255 and depth = 16
[LightGBM] [Info] Iteration:18, valid_1 rmse : 9.32757
[LightGBM] [Info] 1.156591 seconds elapsed, finished iteration 18
[LightGBM] [Debug] Trained a tree with leaves = 255 and depth = 20
[LightGBM] [Info] Iteration:19, valid_1 rmse : 9.30297
[LightGBM] [Info] 1.202929 seconds elapsed, finished iteration 19
[LightGBM] [Debug] Trained a tree with leaves = 255 and depth = 20
[LightGBM] [Info] Iteration:20, valid_1 rmse : 9.28581
[LightGBM] [Info] 1.270883 seconds elapsed, finished iteration 20
[LightGBM] [Debug] Trained a tree with leaves = 255 and depth = 19
[LightGBM] [Info] Iteration:21, valid_1 rmse : 9.26598
[LightGBM] [Info] 1.336487 seconds elapsed, finished iteration 21
[LightGBM] [Debug] Trained a tree with leaves = 255 and depth = 16
[LightGBM] [Info] Iteration:22, valid_1 rmse : 9.2478
[LightGBM] [Info] 1.402529 seconds elapsed, finished iteration 22
[LightGBM] [Debug] Trained a tree with leaves = 255 and depth = 19
[LightGBM] [Info] Iteration:23, valid_1 rmse : 9.23154
[LightGBM] [Info] 1.467069 seconds elapsed, finished iteration 23
[LightGBM] [Debug] Trained a tree with leaves = 255 and depth = 22
[LightGBM] [Info] Iteration:24, valid_1 rmse : 9.21826
[LightGBM] [Info] 1.533794 seconds elapsed, finished iteration 24
[LightGBM] [Debug] Trained a tree with leaves = 255 and depth = 22
[LightGBM] [Info] Iteration:25, valid_1 rmse : 9.20505
[LightGBM] [Info] 1.598625 seconds elapsed, finished iteration 25
[LightGBM] [Debug] Trained a tree with leaves = 255 and depth = 17
[LightGBM] [Info] Iteration:26, valid_1 rmse : 9.19563
[LightGBM] [Info] 1.659920 seconds elapsed, finished iteration 26
[LightGBM] [Debug] Trained a tree with leaves = 255 and depth = 21
[LightGBM] [Info] Iteration:27, valid_1 rmse : 9.1834
[LightGBM] [Info] 1.735007 seconds elapsed, finished iteration 27
[LightGBM] [Debug] Trained a tree with leaves = 255 and depth = 22
[LightGBM] [Info] Iteration:28, valid_1 rmse : 9.1722
[LightGBM] [Info] 1.798008 seconds elapsed, finished iteration 28
[LightGBM] [Debug] Trained a tree with leaves = 255 and depth = 19
[LightGBM] [Info] Iteration:29, valid_1 rmse : 9.16385
[LightGBM] [Info] 1.862751 seconds elapsed, finished iteration 29
[LightGBM] [Debug] Trained a tree with leaves = 255 and depth = 22
[LightGBM] [Info] Iteration:30, valid_1 rmse : 9.15522
[LightGBM] [Info] 1.945061 seconds elapsed, finished iteration 30
[LightGBM] [Debug] Trained a tree with leaves = 255 and depth = 21
[LightGBM] [Info] Iteration:31, valid_1 rmse : 9.1466
[LightGBM] [Info] 2.016619 seconds elapsed, finished iteration 31
[LightGBM] [Debug] Trained a tree with leaves = 255 and depth = 17
[LightGBM] [Info] Iteration:32, valid_1 rmse : 9.13982
[LightGBM] [Info] 2.078991 seconds elapsed, finished iteration 32
[LightGBM] [Debug] Trained a tree with leaves = 255 and depth = 20
[LightGBM] [Info] Iteration:33, valid_1 rmse : 9.1321
[LightGBM] [Info] 2.150809 seconds elapsed, finished iteration 33
[LightGBM] [Debug] Trained a tree with leaves = 255 and depth = 19
[LightGBM] [Info] Iteration:34, valid_1 rmse : 9.12229
[LightGBM] [Info] 2.189816 seconds elapsed, finished iteration 34
[LightGBM] [Debug] Trained a tree with leaves = 255 and depth = 17
[LightGBM] [Info] Iteration:35, valid_1 rmse : 9.11829
[LightGBM] [Info] 2.236918 seconds elapsed, finished iteration 35
[LightGBM] [Debug] Trained a tree with leaves = 255 and depth = 24
[LightGBM] [Info] Iteration:36, valid_1 rmse : 9.11131
[LightGBM] [Info] 2.277306 seconds elapsed, finished iteration 36
[LightGBM] [Debug] Trained a tree with leaves = 255 and depth = 18
[LightGBM] [Info] Iteration:37, valid_1 rmse : 9.10579
[LightGBM] [Info] 2.321930 seconds elapsed, finished iteration 37
[LightGBM] [Debug] Trained a tree with leaves = 255 and depth = 18
[LightGBM] [Info] Iteration:38, valid_1 rmse : 9.10155
[LightGBM] [Info] 2.374231 seconds elapsed, finished iteration 38
[LightGBM] [Debug] Trained a tree with leaves = 255 and depth = 18
[LightGBM] [Info] Iteration:39, valid_1 rmse : 9.09711
[LightGBM] [Info] 2.420228 seconds elapsed, finished iteration 39
[LightGBM] [Debug] Trained a tree with leaves = 255 and depth = 21
[LightGBM] [Info] Iteration:40, valid_1 rmse : 9.09344
[LightGBM] [Info] 2.460855 seconds elapsed, finished iteration 40
[LightGBM] [Debug] Trained a tree with leaves = 255 and depth = 23
[LightGBM] [Info] Iteration:41, valid_1 rmse : 9.08755
[LightGBM] [Info] 2.502593 seconds elapsed, finished iteration 41
[LightGBM] [Debug] Trained a tree with leaves = 255 and depth = 16
[LightGBM] [Info] Iteration:42, valid_1 rmse : 9.08203
[LightGBM] [Info] 2.548598 seconds elapsed, finished iteration 42
[LightGBM] [Debug] Trained a tree with leaves = 255 and depth = 19
[LightGBM] [Info] Iteration:43, valid_1 rmse : 9.0802
[LightGBM] [Info] 2.612339 seconds elapsed, finished iteration 43
[LightGBM] [Debug] Trained a tree with leaves = 255 and depth = 18
[LightGBM] [Info] Iteration:44, valid_1 rmse : 9.07697
[LightGBM] [Info] 2.652017 seconds elapsed, finished iteration 44
[LightGBM] [Debug] Trained a tree with leaves = 255 and depth = 19
[LightGBM] [Info] Iteration:45, valid_1 rmse : 9.07433
[LightGBM] [Info] 2.691654 seconds elapsed, finished iteration 45
[LightGBM] [Debug] Trained a tree with leaves = 255 and depth = 21
[LightGBM] [Info] Iteration:46, valid_1 rmse : 9.0688
[LightGBM] [Info] 2.738070 seconds elapsed, finished iteration 46
[LightGBM] [Debug] Trained a tree with leaves = 255 and depth = 24
[LightGBM] [Info] Iteration:47, valid_1 rmse : 9.06425
[LightGBM] [Info] 2.807362 seconds elapsed, finished iteration 47
[LightGBM] [Debug] Trained a tree with leaves = 255 and depth = 20
[LightGBM] [Info] Iteration:48, valid_1 rmse : 9.06045
[LightGBM] [Info] 2.852121 seconds elapsed, finished iteration 48
[LightGBM] [Debug] Trained a tree with leaves = 255 and depth = 17
[LightGBM] [Info] Iteration:49, valid_1 rmse : 9.05641
[LightGBM] [Info] 2.897563 seconds elapsed, finished iteration 49
[LightGBM] [Debug] Trained a tree with leaves = 255 and depth = 18
[LightGBM] [Info] Iteration:50, valid_1 rmse : 9.05289
[LightGBM] [Info] 2.954917 seconds elapsed, finished iteration 50
[LightGBM] [Debug] Trained a tree with leaves = 255 and depth = 24
[LightGBM] [Info] Iteration:51, valid_1 rmse : 9.05014
[LightGBM] [Info] 3.006355 seconds elapsed, finished iteration 51
[LightGBM] [Debug] Trained a tree with leaves = 255 and depth = 25
[LightGBM] [Info] Iteration:52, valid_1 rmse : 9.04746
[LightGBM] [Info] 3.124072 seconds elapsed, finished iteration 52
[LightGBM] [Debug] Trained a tree with leaves = 255 and depth = 20
[LightGBM] [Info] Iteration:53, valid_1 rmse : 9.04558
[LightGBM] [Info] 3.181059 seconds elapsed, finished iteration 53
[LightGBM] [Debug] Trained a tree with leaves = 255 and depth = 19
[LightGBM] [Info] Iteration:54, valid_1 rmse : 9.04247
[LightGBM] [Info] 3.237798 seconds elapsed, finished iteration 54
[LightGBM] [Debug] Trained a tree with leaves = 255 and depth = 25
[LightGBM] [Info] Iteration:55, valid_1 rmse : 9.04139
[LightGBM] [Info] 3.298670 seconds elapsed, finished iteration 55
[LightGBM] [Debug] Trained a tree with leaves = 255 and depth = 20
[LightGBM] [Info] Iteration:56, valid_1 rmse : 9.03869
[LightGBM] [Info] 3.355348 seconds elapsed, finished iteration 56
[LightGBM] [Debug] Trained a tree with leaves = 255 and depth = 21
[LightGBM] [Info] Iteration:57, valid_1 rmse : 9.03681
[LightGBM] [Info] 3.410806 seconds elapsed, finished iteration 57
[LightGBM] [Debug] Trained a tree with leaves = 255 and depth = 20
[LightGBM] [Info] Iteration:58, valid_1 rmse : 9.03518
[LightGBM] [Info] 3.458076 seconds elapsed, finished iteration 58
[LightGBM] [Debug] Trained a tree with leaves = 255 and depth = 20
[LightGBM] [Info] Iteration:59, valid_1 rmse : 9.03164
[LightGBM] [Info] 3.498763 seconds elapsed, finished iteration 59
[LightGBM] [Debug] Trained a tree with leaves = 255 and depth = 20
[LightGBM] [Info] Iteration:60, valid_1 rmse : 9.03025
[LightGBM] [Info] 3.547247 seconds elapsed, finished iteration 60
[LightGBM] [Debug] Trained a tree with leaves = 255 and depth = 30
[LightGBM] [Info] Iteration:61, valid_1 rmse : 9.02656
[LightGBM] [Info] 3.588812 seconds elapsed, finished iteration 61
[LightGBM] [Debug] Trained a tree with leaves = 255 and depth = 19
[LightGBM] [Info] Iteration:62, valid_1 rmse : 9.02415
[LightGBM] [Info] 3.631301 seconds elapsed, finished iteration 62
[LightGBM] [Debug] Trained a tree with leaves = 255 and depth = 20
[LightGBM] [Info] Iteration:63, valid_1 rmse : 9.02213
[LightGBM] [Info] 3.669718 seconds elapsed, finished iteration 63
[LightGBM] [Debug] Trained a tree with leaves = 255 and depth = 21
[LightGBM] [Info] Iteration:64, valid_1 rmse : 9.02055
[LightGBM] [Info] 3.710906 seconds elapsed, finished iteration 64
[LightGBM] [Debug] Trained a tree with leaves = 255 and depth = 22
[LightGBM] [Info] Iteration:65, valid_1 rmse : 9.01976
[LightGBM] [Info] 3.752421 seconds elapsed, finished iteration 65
[LightGBM] [Debug] Trained a tree with leaves = 255 and depth = 21
[LightGBM] [Info] Iteration:66, valid_1 rmse : 9.01961
[LightGBM] [Info] 3.792199 seconds elapsed, finished iteration 66
[LightGBM] [Debug] Trained a tree with leaves = 255 and depth = 20
[LightGBM] [Info] Iteration:67, valid_1 rmse : 9.0204
[LightGBM] [Info] 3.834296 seconds elapsed, finished iteration 67
[LightGBM] [Debug] Trained a tree with leaves = 255 and depth = 27
[LightGBM] [Info] Iteration:68, valid_1 rmse : 9.01845
[LightGBM] [Info] 3.889353 seconds elapsed, finished iteration 68
[LightGBM] [Debug] Trained a tree with leaves = 255 and depth = 24
[LightGBM] [Info] Iteration:69, valid_1 rmse : 9.01639
[LightGBM] [Info] 3.934560 seconds elapsed, finished iteration 69
[LightGBM] [Debug] Trained a tree with leaves = 255 and depth = 22
[LightGBM] [Info] Iteration:70, valid_1 rmse : 9.01534
[LightGBM] [Info] 3.975885 seconds elapsed, finished iteration 70
[LightGBM] [Debug] Trained a tree with leaves = 255 and depth = 22
[LightGBM] [Info] Iteration:71, valid_1 rmse : 9.01354
[LightGBM] [Info] 4.027792 seconds elapsed, finished iteration 71
[LightGBM] [Debug] Trained a tree with leaves = 255 and depth = 24
[LightGBM] [Info] Iteration:72, valid_1 rmse : 9.01131
[LightGBM] [Info] 4.075285 seconds elapsed, finished iteration 72
[LightGBM] [Debug] Trained a tree with leaves = 255 and depth = 21
[LightGBM] [Info] Iteration:73, valid_1 rmse : 9.01004
[LightGBM] [Info] 4.115859 seconds elapsed, finished iteration 73
[LightGBM] [Debug] Trained a tree with leaves = 255 and depth = 26
[LightGBM] [Info] Iteration:74, valid_1 rmse : 9.00873
[LightGBM] [Info] 4.155137 seconds elapsed, finished iteration 74
[LightGBM] [Debug] Trained a tree with leaves = 255 and depth = 20
[LightGBM] [Info] Iteration:75, valid_1 rmse : 9.0085
[LightGBM] [Info] 4.192251 seconds elapsed, finished iteration 75
[LightGBM] [Debug] Trained a tree with leaves = 255 and depth = 24
[LightGBM] [Info] Iteration:76, valid_1 rmse : 9.00741
[LightGBM] [Info] 4.234652 seconds elapsed, finished iteration 76
[LightGBM] [Debug] Trained a tree with leaves = 255 and depth = 19
[LightGBM] [Info] Iteration:77, valid_1 rmse : 9.00602
[LightGBM] [Info] 4.295530 seconds elapsed, finished iteration 77
[LightGBM] [Debug] Trained a tree with leaves = 255 and depth = 19
[LightGBM] [Info] Iteration:78, valid_1 rmse : 9.00368
[LightGBM] [Info] 4.338658 seconds elapsed, finished iteration 78
[LightGBM] [Debug] Trained a tree with leaves = 255 and depth = 22
[LightGBM] [Info] Iteration:79, valid_1 rmse : 9.00414
[LightGBM] [Info] 4.376912 seconds elapsed, finished iteration 79
[LightGBM] [Debug] Trained a tree with leaves = 255 and depth = 17
[LightGBM] [Info] Iteration:80, valid_1 rmse : 9.00354
[LightGBM] [Info] 4.423762 seconds elapsed, finished iteration 80
[LightGBM] [Debug] Trained a tree with leaves = 255 and depth = 30
[LightGBM] [Info] Iteration:81, valid_1 rmse : 9.00265
[LightGBM] [Info] 4.461706 seconds elapsed, finished iteration 81
[LightGBM] [Debug] Trained a tree with leaves = 255 and depth = 24
[LightGBM] [Info] Iteration:82, valid_1 rmse : 9.00098
[LightGBM] [Info] 4.549902 seconds elapsed, finished iteration 82
[LightGBM] [Debug] Trained a tree with leaves = 255 and depth = 19
[LightGBM] [Info] Iteration:83, valid_1 rmse : 9.00037
[LightGBM] [Info] 4.598725 seconds elapsed, finished iteration 83
[LightGBM] [Debug] Trained a tree with leaves = 255 and depth = 20
[LightGBM] [Info] Iteration:84, valid_1 rmse : 8.99831
[LightGBM] [Info] 4.648995 seconds elapsed, finished iteration 84
[LightGBM] [Debug] Trained a tree with leaves = 255 and depth = 20
[LightGBM] [Info] Iteration:85, valid_1 rmse : 8.99805
[LightGBM] [Info] 4.695912 seconds elapsed, finished iteration 85
[LightGBM] [Debug] Trained a tree with leaves = 255 and depth = 20
[LightGBM] [Info] Iteration:86, valid_1 rmse : 8.99719
[LightGBM] [Info] 4.734662 seconds elapsed, finished iteration 86
[LightGBM] [Debug] Trained a tree with leaves = 255 and depth = 19
[LightGBM] [Info] Iteration:87, valid_1 rmse : 8.99569
[LightGBM] [Info] 4.770415 seconds elapsed, finished iteration 87
[LightGBM] [Debug] Trained a tree with leaves = 255 and depth = 21
[LightGBM] [Info] Iteration:88, valid_1 rmse : 8.99478
[LightGBM] [Info] 4.806841 seconds elapsed, finished iteration 88
[LightGBM] [Debug] Trained a tree with leaves = 255 and depth = 22
[LightGBM] [Info] Iteration:89, valid_1 rmse : 8.99298
[LightGBM] [Info] 4.845828 seconds elapsed, finished iteration 89
[LightGBM] [Debug] Trained a tree with leaves = 255 and depth = 25
[LightGBM] [Info] Iteration:90, valid_1 rmse : 8.99299
[LightGBM] [Info] 4.906146 seconds elapsed, finished iteration 90
[LightGBM] [Debug] Trained a tree with leaves = 255 and depth = 23
[LightGBM] [Info] Iteration:91, valid_1 rmse : 8.9931
[LightGBM] [Info] 4.982043 seconds elapsed, finished iteration 91
[LightGBM] [Debug] Trained a tree with leaves = 255 and depth = 26
[LightGBM] [Info] Iteration:92, valid_1 rmse : 8.99133
[LightGBM] [Info] 5.032900 seconds elapsed, finished iteration 92
[LightGBM] [Debug] Trained a tree with leaves = 255 and depth = 25
[LightGBM] [Info] Iteration:93, valid_1 rmse : 8.99103
[LightGBM] [Info] 5.087277 seconds elapsed, finished iteration 93
[LightGBM] [Debug] Trained a tree with leaves = 255 and depth = 22
[LightGBM] [Info] Iteration:94, valid_1 rmse : 8.98915
[LightGBM] [Info] 5.144973 seconds elapsed, finished iteration 94
[LightGBM] [Debug] Trained a tree with leaves = 255 and depth = 23
[LightGBM] [Info] Iteration:95, valid_1 rmse : 8.98769
[LightGBM] [Info] 5.194949 seconds elapsed, finished iteration 95
[LightGBM] [Debug] Trained a tree with leaves = 255 and depth = 21
[LightGBM] [Info] Iteration:96, valid_1 rmse : 8.98762
[LightGBM] [Info] 5.228424 seconds elapsed, finished iteration 96
[LightGBM] [Debug] Trained a tree with leaves = 255 and depth = 21
[LightGBM] [Info] Iteration:97, valid_1 rmse : 8.98797
[LightGBM] [Info] 5.263361 seconds elapsed, finished iteration 97
[LightGBM] [Debug] Trained a tree with leaves = 255 and depth = 22
[LightGBM] [Info] Iteration:98, valid_1 rmse : 8.98841
[LightGBM] [Info] 5.298389 seconds elapsed, finished iteration 98
[LightGBM] [Debug] Trained a tree with leaves = 255 and depth = 23
[LightGBM] [Info] Iteration:99, valid_1 rmse : 8.98879
[LightGBM] [Info] 5.332849 seconds elapsed, finished iteration 99
[LightGBM] [Debug] Trained a tree with leaves = 255 and depth = 22
[LightGBM] [Info] Iteration:100, valid_1 rmse : 8.98998
[LightGBM] [Info] 5.377170 seconds elapsed, finished iteration 100
[LightGBM] [Debug] Trained a tree with leaves = 255 and depth = 24
[LightGBM] [Info] Iteration:101, valid_1 rmse : 8.98913
[LightGBM] [Info] 5.420956 seconds elapsed, finished iteration 101
[LightGBM] [Debug] Trained a tree with leaves = 255 and depth = 24
[LightGBM] [Info] Iteration:102, valid_1 rmse : 8.98729
[LightGBM] [Info] 5.460378 seconds elapsed, finished iteration 102
[LightGBM] [Debug] Trained a tree with leaves = 255 and depth = 26
[LightGBM] [Info] Iteration:103, valid_1 rmse : 8.98662
[LightGBM] [Info] 5.505520 seconds elapsed, finished iteration 103
[LightGBM] [Debug] Trained a tree with leaves = 255 and depth = 21
[LightGBM] [Info] Iteration:104, valid_1 rmse : 8.98687
[LightGBM] [Info] 5.557520 seconds elapsed, finished iteration 104
[LightGBM] [Debug] Trained a tree with leaves = 255 and depth = 27
[LightGBM] [Info] Iteration:105, valid_1 rmse : 8.98646
[LightGBM] [Info] 5.622517 seconds elapsed, finished iteration 105
[LightGBM] [Debug] Trained a tree with leaves = 255 and depth = 23
[LightGBM] [Info] Iteration:106, valid_1 rmse : 8.98637
[LightGBM] [Info] 5.694342 seconds elapsed, finished iteration 106
[LightGBM] [Debug] Trained a tree with leaves = 255 and depth = 24
[LightGBM] [Info] Iteration:107, valid_1 rmse : 8.98682
[LightGBM] [Info] 5.771423 seconds elapsed, finished iteration 107
[LightGBM] [Debug] Trained a tree with leaves = 255 and depth = 22
[LightGBM] [Info] Iteration:108, valid_1 rmse : 8.98763
[LightGBM] [Info] 5.851847 seconds elapsed, finished iteration 108
[LightGBM] [Debug] Trained a tree with leaves = 255 and depth = 21
[LightGBM] [Info] Iteration:109, valid_1 rmse : 8.98811
[LightGBM] [Info] 5.914708 seconds elapsed, finished iteration 109
[LightGBM] [Debug] Trained a tree with leaves = 255 and depth = 17
[LightGBM] [Info] Iteration:110, valid_1 rmse : 8.98829
[LightGBM] [Info] 5.974608 seconds elapsed, finished iteration 110
[LightGBM] [Debug] Trained a tree with leaves = 255 and depth = 23
[LightGBM] [Info] Iteration:111, valid_1 rmse : 8.98671
[LightGBM] [Info] 6.027793 seconds elapsed, finished iteration 111
[LightGBM] [Debug] Trained a tree with leaves = 255 and depth = 24
[LightGBM] [Info] Iteration:112, valid_1 rmse : 8.98724
[LightGBM] [Info] 6.090403 seconds elapsed, finished iteration 112
[LightGBM] [Debug] Trained a tree with leaves = 255 and depth = 19
[LightGBM] [Info] Iteration:113, valid_1 rmse : 8.98644
[LightGBM] [Info] 6.141231 seconds elapsed, finished iteration 113
[LightGBM] [Debug] Trained a tree with leaves = 255 and depth = 21
[LightGBM] [Info] Iteration:114, valid_1 rmse : 8.98662
[LightGBM] [Info] 6.187494 seconds elapsed, finished iteration 114
[LightGBM] [Debug] Trained a tree with leaves = 255 and depth = 22
[LightGBM] [Info] Iteration:115, valid_1 rmse : 8.9873
[LightGBM] [Info] 6.221487 seconds elapsed, finished iteration 115
[LightGBM] [Debug] Trained a tree with leaves = 255 and depth = 21
[LightGBM] [Info] Iteration:116, valid_1 rmse : 8.98739
[LightGBM] [Info] 6.268311 seconds elapsed, finished iteration 116
[LightGBM] [Debug] Trained a tree with leaves = 255 and depth = 19
[LightGBM] [Info] Iteration:117, valid_1 rmse : 8.98712
[LightGBM] [Info] 6.302706 seconds elapsed, finished iteration 117
[LightGBM] [Debug] Trained a tree with leaves = 255 and depth = 19
[LightGBM] [Info] Iteration:118, valid_1 rmse : 8.98743
[LightGBM] [Info] 6.344523 seconds elapsed, finished iteration 118
[LightGBM] [Debug] Trained a tree with leaves = 255 and depth = 16
[LightGBM] [Info] Iteration:119, valid_1 rmse : 8.98796
[LightGBM] [Info] 6.382684 seconds elapsed, finished iteration 119
[LightGBM] [Debug] Trained a tree with leaves = 255 and depth = 29
[LightGBM] [Info] Iteration:120, valid_1 rmse : 8.98849
[LightGBM] [Info] 6.419235 seconds elapsed, finished iteration 120
[LightGBM] [Debug] Trained a tree with leaves = 255 and depth = 19
[LightGBM] [Info] Iteration:121, valid_1 rmse : 8.98802
[LightGBM] [Info] 6.463567 seconds elapsed, finished iteration 121
[LightGBM] [Debug] Trained a tree with leaves = 255 and depth = 20
[LightGBM] [Info] Iteration:122, valid_1 rmse : 8.98702
[LightGBM] [Info] 6.495964 seconds elapsed, finished iteration 122
[LightGBM] [Debug] Trained a tree with leaves = 255 and depth = 24
[LightGBM] [Info] Iteration:123, valid_1 rmse : 8.98642
[LightGBM] [Info] 6.530896 seconds elapsed, finished iteration 123
[LightGBM] [Debug] Trained a tree with leaves = 255 and depth = 24
[LightGBM] [Info] Iteration:124, valid_1 rmse : 8.98599
[LightGBM] [Info] 6.563683 seconds elapsed, finished iteration 124
[LightGBM] [Debug] Trained a tree with leaves = 255 and depth = 26
[LightGBM] [Info] Iteration:125, valid_1 rmse : 8.98557
[LightGBM] [Info] 6.607793 seconds elapsed, finished iteration 125
[LightGBM] [Debug] Trained a tree with leaves = 255 and depth = 23
[LightGBM] [Info] Iteration:126, valid_1 rmse : 8.98609
[LightGBM] [Info] 6.643371 seconds elapsed, finished iteration 126
[LightGBM] [Debug] Trained a tree with leaves = 255 and depth = 28
[LightGBM] [Info] Iteration:127, valid_1 rmse : 8.9863
[LightGBM] [Info] 6.687055 seconds elapsed, finished iteration 127
[LightGBM] [Debug] Trained a tree with leaves = 255 and depth = 22
[LightGBM] [Info] Iteration:128, valid_1 rmse : 8.98588
[LightGBM] [Info] 6.724227 seconds elapsed, finished iteration 128
[LightGBM] [Debug] Trained a tree with leaves = 255 and depth = 20
[LightGBM] [Info] Iteration:129, valid_1 rmse : 8.98538
[LightGBM] [Info] 6.759004 seconds elapsed, finished iteration 129
[LightGBM] [Debug] Trained a tree with leaves = 255 and depth = 24
[LightGBM] [Info] Iteration:130, valid_1 rmse : 8.98479
[LightGBM] [Info] 6.795385 seconds elapsed, finished iteration 130
[LightGBM] [Debug] Trained a tree with leaves = 255 and depth = 24
[LightGBM] [Info] Iteration:131, valid_1 rmse : 8.9839
[LightGBM] [Info] 6.842877 seconds elapsed, finished iteration 131
[LightGBM] [Debug] Trained a tree with leaves = 255 and depth = 19
[LightGBM] [Info] Iteration:132, valid_1 rmse : 8.98439
[LightGBM] [Info] 6.878104 seconds elapsed, finished iteration 132
[LightGBM] [Debug] Trained a tree with leaves = 255 and depth = 23
[LightGBM] [Info] Iteration:133, valid_1 rmse : 8.98377
[LightGBM] [Info] 6.914168 seconds elapsed, finished iteration 133
[LightGBM] [Debug] Trained a tree with leaves = 255 and depth = 23
[LightGBM] [Info] Iteration:134, valid_1 rmse : 8.98258
[LightGBM] [Info] 6.949886 seconds elapsed, finished iteration 134
[LightGBM] [Debug] Trained a tree with leaves = 255 and depth = 19
[LightGBM] [Info] Iteration:135, valid_1 rmse : 8.98185
[LightGBM] [Info] 6.982375 seconds elapsed, finished iteration 135
[LightGBM] [Debug] Trained a tree with leaves = 255 and depth = 22
[LightGBM] [Info] Iteration:136, valid_1 rmse : 8.98286
[LightGBM] [Info] 7.016034 seconds elapsed, finished iteration 136
[LightGBM] [Debug] Trained a tree with leaves = 255 and depth = 21
[LightGBM] [Info] Iteration:137, valid_1 rmse : 8.98271
[LightGBM] [Info] 7.046064 seconds elapsed, finished iteration 137
[LightGBM] [Debug] Trained a tree with leaves = 255 and depth = 24
[LightGBM] [Info] Iteration:138, valid_1 rmse : 8.98169
[LightGBM] [Info] 7.077197 seconds elapsed, finished iteration 138
[LightGBM] [Debug] Trained a tree with leaves = 255 and depth = 21
[LightGBM] [Info] Iteration:139, valid_1 rmse : 8.98101
[LightGBM] [Info] 7.107057 seconds elapsed, finished iteration 139
[LightGBM] [Debug] Trained a tree with leaves = 255 and depth = 29
[LightGBM] [Info] Iteration:140, valid_1 rmse : 8.98217
[LightGBM] [Info] 7.141898 seconds elapsed, finished iteration 140
[LightGBM] [Debug] Trained a tree with leaves = 255 and depth = 21
[LightGBM] [Info] Iteration:141, valid_1 rmse : 8.98206
[LightGBM] [Info] 7.171784 seconds elapsed, finished iteration 141
[LightGBM] [Debug] Trained a tree with leaves = 255 and depth = 19
[LightGBM] [Info] Iteration:142, valid_1 rmse : 8.98169
[LightGBM] [Info] 7.204946 seconds elapsed, finished iteration 142
[LightGBM] [Debug] Trained a tree with leaves = 255 and depth = 36
[LightGBM] [Info] Iteration:143, valid_1 rmse : 8.98153
[LightGBM] [Info] 7.234442 seconds elapsed, finished iteration 143
[LightGBM] [Debug] Trained a tree with leaves = 255 and depth = 19
[LightGBM] [Info] Iteration:144, valid_1 rmse : 8.98129
[LightGBM] [Info] 7.270228 seconds elapsed, finished iteration 144
[LightGBM] [Debug] Trained a tree with leaves = 255 and depth = 28
[LightGBM] [Info] Iteration:145, valid_1 rmse : 8.98033
[LightGBM] [Info] 7.307370 seconds elapsed, finished iteration 145
[LightGBM] [Debug] Trained a tree with leaves = 255 and depth = 26
[LightGBM] [Info] Iteration:146, valid_1 rmse : 8.98024
[LightGBM] [Info] 7.340222 seconds elapsed, finished iteration 146
[LightGBM] [Debug] Trained a tree with leaves = 255 and depth = 17
[LightGBM] [Info] Iteration:147, valid_1 rmse : 8.98263
[LightGBM] [Info] 7.377037 seconds elapsed, finished iteration 147
[LightGBM] [Debug] Trained a tree with leaves = 255 and depth = 24
[LightGBM] [Info] Iteration:148, valid_1 rmse : 8.98258
[LightGBM] [Info] 7.414122 seconds elapsed, finished iteration 148
[LightGBM] [Debug] Trained a tree with leaves = 255 and depth = 21
[LightGBM] [Info] Iteration:149, valid_1 rmse : 8.98177
[LightGBM] [Info] 7.449485 seconds elapsed, finished iteration 149
[LightGBM] [Debug] Trained a tree with leaves = 255 and depth = 20
[LightGBM] [Info] Iteration:150, valid_1 rmse : 8.98223
[LightGBM] [Info] 7.483528 seconds elapsed, finished iteration 150
[LightGBM] [Debug] Trained a tree with leaves = 255 and depth = 21
[LightGBM] [Info] Iteration:151, valid_1 rmse : 8.9802
[LightGBM] [Info] 7.518204 seconds elapsed, finished iteration 151
[LightGBM] [Debug] Trained a tree with leaves = 255 and depth = 20
[LightGBM] [Info] Iteration:152, valid_1 rmse : 8.98085
[LightGBM] [Info] 7.553649 seconds elapsed, finished iteration 152
[LightGBM] [Debug] Trained a tree with leaves = 255 and depth = 21
[LightGBM] [Info] Iteration:153, valid_1 rmse : 8.98203
[LightGBM] [Info] 7.591165 seconds elapsed, finished iteration 153
[LightGBM] [Debug] Trained a tree with leaves = 255 and depth = 21
[LightGBM] [Info] Iteration:154, valid_1 rmse : 8.98149
[LightGBM] [Info] 7.618858 seconds elapsed, finished iteration 154
[LightGBM] [Debug] Trained a tree with leaves = 255 and depth = 21
[LightGBM] [Info] Iteration:155, valid_1 rmse : 8.98163
[LightGBM] [Info] 7.653732 seconds elapsed, finished iteration 155
[LightGBM] [Debug] Trained a tree with leaves = 255 and depth = 27
[LightGBM] [Info] Iteration:156, valid_1 rmse : 8.98136
[LightGBM] [Info] 7.693119 seconds elapsed, finished iteration 156
[LightGBM] [Debug] Trained a tree with leaves = 255 and depth = 21
[LightGBM] [Info] Iteration:157, valid_1 rmse : 8.98158
[LightGBM] [Info] 7.730810 seconds elapsed, finished iteration 157
[LightGBM] [Debug] Trained a tree with leaves = 255 and depth = 22
[LightGBM] [Info] Iteration:158, valid_1 rmse : 8.98211
[LightGBM] [Info] 7.764292 seconds elapsed, finished iteration 158
[LightGBM] [Debug] Trained a tree with leaves = 255 and depth = 22
[LightGBM] [Info] Iteration:159, valid_1 rmse : 8.98261
[LightGBM] [Info] 7.811886 seconds elapsed, finished iteration 159
[LightGBM] [Debug] Trained a tree with leaves = 255 and depth = 26
[LightGBM] [Info] Iteration:160, valid_1 rmse : 8.98219
[LightGBM] [Info] 7.859837 seconds elapsed, finished iteration 160
[LightGBM] [Debug] Trained a tree with leaves = 255 and depth = 27
[LightGBM] [Info] Iteration:161, valid_1 rmse : 8.98321
[LightGBM] [Info] 7.909430 seconds elapsed, finished iteration 161
[LightGBM] [Debug] Trained a tree with leaves = 255 and depth = 29
[LightGBM] [Info] Iteration:162, valid_1 rmse : 8.98297
[LightGBM] [Info] 7.970627 seconds elapsed, finished iteration 162
[LightGBM] [Debug] Trained a tree with leaves = 255 and depth = 18
[LightGBM] [Info] Iteration:163, valid_1 rmse : 8.98373
[LightGBM] [Info] 8.025357 seconds elapsed, finished iteration 163
[LightGBM] [Debug] Trained a tree with leaves = 255 and depth = 21
[LightGBM] [Info] Iteration:164, valid_1 rmse : 8.98305
[LightGBM] [Info] 8.066187 seconds elapsed, finished iteration 164
[LightGBM] [Debug] Trained a tree with leaves = 255 and depth = 23
[LightGBM] [Info] Iteration:165, valid_1 rmse : 8.98329
[LightGBM] [Info] 8.108334 seconds elapsed, finished iteration 165
[LightGBM] [Debug] Trained a tree with leaves = 255 and depth = 25
[LightGBM] [Info] Iteration:166, valid_1 rmse : 8.98274
[LightGBM] [Info] 8.143658 seconds elapsed, finished iteration 166
[LightGBM] [Debug] Trained a tree with leaves = 255 and depth = 17
[LightGBM] [Info] Iteration:167, valid_1 rmse : 8.98202
[LightGBM] [Info] 8.176067 seconds elapsed, finished iteration 167
[LightGBM] [Debug] Trained a tree with leaves = 255 and depth = 19
[LightGBM] [Info] Iteration:168, valid_1 rmse : 8.98164
[LightGBM] [Info] 8.202568 seconds elapsed, finished iteration 168
[LightGBM] [Debug] Trained a tree with leaves = 255 and depth = 18
[LightGBM] [Info] Iteration:169, valid_1 rmse : 8.98175
[LightGBM] [Info] 8.237193 seconds elapsed, finished iteration 169
[LightGBM] [Debug] Trained a tree with leaves = 255 and depth = 22
[LightGBM] [Info] Iteration:170, valid_1 rmse : 8.98164
[LightGBM] [Info] 8.272073 seconds elapsed, finished iteration 170
[LightGBM] [Debug] Trained a tree with leaves = 255 and depth = 21
[LightGBM] [Info] Iteration:171, valid_1 rmse : 8.98128
[LightGBM] [Info] 8.302972 seconds elapsed, finished iteration 171
[LightGBM] [Debug] Trained a tree with leaves = 255 and depth = 23
[LightGBM] [Info] Iteration:172, valid_1 rmse : 8.98175
[LightGBM] [Info] 8.339491 seconds elapsed, finished iteration 172
[LightGBM] [Debug] Trained a tree with leaves = 255 and depth = 19
[LightGBM] [Info] Iteration:173, valid_1 rmse : 8.98132
[LightGBM] [Info] 8.372450 seconds elapsed, finished iteration 173
[LightGBM] [Debug] Trained a tree with leaves = 255 and depth = 29
[LightGBM] [Info] Iteration:174, valid_1 rmse : 8.98149
[LightGBM] [Info] 8.404111 seconds elapsed, finished iteration 174
[LightGBM] [Debug] Trained a tree with leaves = 255 and depth = 25
[LightGBM] [Info] Iteration:175, valid_1 rmse : 8.98183
[LightGBM] [Info] 8.449781 seconds elapsed, finished iteration 175
[LightGBM] [Debug] Trained a tree with leaves = 255 and depth = 19
[LightGBM] [Info] Iteration:176, valid_1 rmse : 8.98205
[LightGBM] [Info] 8.492529 seconds elapsed, finished iteration 176
[LightGBM] [Debug] Trained a tree with leaves = 255 and depth = 17
[LightGBM] [Info] Iteration:177, valid_1 rmse : 8.9812
[LightGBM] [Info] 8.527477 seconds elapsed, finished iteration 177
[LightGBM] [Debug] Trained a tree with leaves = 255 and depth = 25
[LightGBM] [Info] Iteration:178, valid_1 rmse : 8.98049
[LightGBM] [Info] 8.560092 seconds elapsed, finished iteration 178
[LightGBM] [Debug] Trained a tree with leaves = 255 and depth = 21
[LightGBM] [Info] Iteration:179, valid_1 rmse : 8.97984
[LightGBM] [Info] 8.591239 seconds elapsed, finished iteration 179
[LightGBM] [Debug] Trained a tree with leaves = 255 and depth = 18
[LightGBM] [Info] Iteration:180, valid_1 rmse : 8.97911
[LightGBM] [Info] 8.624137 seconds elapsed, finished iteration 180
[LightGBM] [Debug] Trained a tree with leaves = 255 and depth = 22
[LightGBM] [Info] Iteration:181, valid_1 rmse : 8.97859
[LightGBM] [Info] 8.655657 seconds elapsed, finished iteration 181
[LightGBM] [Debug] Trained a tree with leaves = 255 and depth = 17
[LightGBM] [Info] Iteration:182, valid_1 rmse : 8.97897
[LightGBM] [Info] 8.692806 seconds elapsed, finished iteration 182
[LightGBM] [Debug] Trained a tree with leaves = 255 and depth = 18
[LightGBM] [Info] Iteration:183, valid_1 rmse : 8.97798
[LightGBM] [Info] 8.722660 seconds elapsed, finished iteration 183
[LightGBM] [Debug] Trained a tree with leaves = 255 and depth = 24
[LightGBM] [Info] Iteration:184, valid_1 rmse : 8.97767
[LightGBM] [Info] 8.762527 seconds elapsed, finished iteration 184
[LightGBM] [Debug] Trained a tree with leaves = 255 and depth = 20
[LightGBM] [Info] Iteration:185, valid_1 rmse : 8.97716
[LightGBM] [Info] 8.795920 seconds elapsed, finished iteration 185
[LightGBM] [Debug] Trained a tree with leaves = 255 and depth = 18
[LightGBM] [Info] Iteration:186, valid_1 rmse : 8.97749
[LightGBM] [Info] 8.836982 seconds elapsed, finished iteration 186
[LightGBM] [Debug] Trained a tree with leaves = 255 and depth = 18
[LightGBM] [Info] Iteration:187, valid_1 rmse : 8.97787
[LightGBM] [Info] 8.869834 seconds elapsed, finished iteration 187
[LightGBM] [Debug] Trained a tree with leaves = 255 and depth = 19
[LightGBM] [Info] Iteration:188, valid_1 rmse : 8.97757
[LightGBM] [Info] 8.916222 seconds elapsed, finished iteration 188
[LightGBM] [Debug] Trained a tree with leaves = 255 and depth = 23
[LightGBM] [Info] Iteration:189, valid_1 rmse : 8.97856
[LightGBM] [Info] 8.965653 seconds elapsed, finished iteration 189
[LightGBM] [Debug] Trained a tree with leaves = 255 and depth = 19
[LightGBM] [Info] Iteration:190, valid_1 rmse : 8.97849
[LightGBM] [Info] 9.027129 seconds elapsed, finished iteration 190
[LightGBM] [Debug] Trained a tree with leaves = 255 and depth = 21
[LightGBM] [Info] Iteration:191, valid_1 rmse : 8.97816
[LightGBM] [Info] 9.086690 seconds elapsed, finished iteration 191
[LightGBM] [Debug] Trained a tree with leaves = 255 and depth = 25
[LightGBM] [Info] Iteration:192, valid_1 rmse : 8.9781
[LightGBM] [Info] 9.133257 seconds elapsed, finished iteration 192
[LightGBM] [Debug] Trained a tree with leaves = 255 and depth = 18
[LightGBM] [Info] Iteration:193, valid_1 rmse : 8.97811
[LightGBM] [Info] 9.177184 seconds elapsed, finished iteration 193
[LightGBM] [Debug] Trained a tree with leaves = 255 and depth = 22
[LightGBM] [Info] Iteration:194, valid_1 rmse : 8.97826
[LightGBM] [Info] 9.208339 seconds elapsed, finished iteration 194
[LightGBM] [Debug] Trained a tree with leaves = 255 and depth = 26
[LightGBM] [Info] Iteration:195, valid_1 rmse : 8.97746
[LightGBM] [Info] 9.241873 seconds elapsed, finished iteration 195
[LightGBM] [Debug] Trained a tree with leaves = 255 and depth = 20
[LightGBM] [Info] Iteration:196, valid_1 rmse : 8.97686
[LightGBM] [Info] 9.277607 seconds elapsed, finished iteration 196
[LightGBM] [Debug] Trained a tree with leaves = 255 and depth = 28
[LightGBM] [Info] Iteration:197, valid_1 rmse : 8.97802
[LightGBM] [Info] 9.314055 seconds elapsed, finished iteration 197
[LightGBM] [Debug] Trained a tree with leaves = 255 and depth = 19
[LightGBM] [Info] Iteration:198, valid_1 rmse : 8.97778
[LightGBM] [Info] 9.342239 seconds elapsed, finished iteration 198
[LightGBM] [Debug] Trained a tree with leaves = 255 and depth = 21
[LightGBM] [Info] Iteration:199, valid_1 rmse : 8.97838
[LightGBM] [Info] 9.374260 seconds elapsed, finished iteration 199
[LightGBM] [Debug] Trained a tree with leaves = 255 and depth = 23
[LightGBM] [Info] Iteration:200, valid_1 rmse : 8.97998
[LightGBM] [Info] 9.429595 seconds elapsed, finished iteration 200
[LightGBM] [Debug] Trained a tree with leaves = 255 and depth = 22
[LightGBM] [Info] Iteration:201, valid_1 rmse : 8.98132
[LightGBM] [Info] 9.462365 seconds elapsed, finished iteration 201
[LightGBM] [Debug] Trained a tree with leaves = 255 and depth = 20
[LightGBM] [Info] Iteration:202, valid_1 rmse : 8.98223
[LightGBM] [Info] 9.498932 seconds elapsed, finished iteration 202
[LightGBM] [Debug] Trained a tree with leaves = 255 and depth = 21
[LightGBM] [Info] Iteration:203, valid_1 rmse : 8.98207
[LightGBM] [Info] 9.531308 seconds elapsed, finished iteration 203
[LightGBM] [Debug] Trained a tree with leaves = 255 and depth = 17
[LightGBM] [Info] Iteration:204, valid_1 rmse : 8.98245
[LightGBM] [Info] 9.576512 seconds elapsed, finished iteration 204
[LightGBM] [Debug] Trained a tree with leaves = 255 and depth = 21
[LightGBM] [Info] Iteration:205, valid_1 rmse : 8.98231
[LightGBM] [Info] 9.607707 seconds elapsed, finished iteration 205
[LightGBM] [Debug] Trained a tree with leaves = 255 and depth = 18
[LightGBM] [Info] Iteration:206, valid_1 rmse : 8.98288
[LightGBM] [Info] 9.643499 seconds elapsed, finished iteration 206
[LightGBM] [Debug] Trained a tree with leaves = 255 and depth = 25
[LightGBM] [Info] Iteration:207, valid_1 rmse : 8.98217
[LightGBM] [Info] 9.674423 seconds elapsed, finished iteration 207
[LightGBM] [Debug] Trained a tree with leaves = 255 and depth = 25
[LightGBM] [Info] Iteration:208, valid_1 rmse : 8.98185
[LightGBM] [Info] 9.719672 seconds elapsed, finished iteration 208
[LightGBM] [Debug] Trained a tree with leaves = 255 and depth = 22
[LightGBM] [Info] Iteration:209, valid_1 rmse : 8.98159
[LightGBM] [Info] 9.769793 seconds elapsed, finished iteration 209
[LightGBM] [Debug] Trained a tree with leaves = 255 and depth = 18
[LightGBM] [Info] Iteration:210, valid_1 rmse : 8.98131
[LightGBM] [Info] 9.819707 seconds elapsed, finished iteration 210
[LightGBM] [Debug] Trained a tree with leaves = 255 and depth = 20
[LightGBM] [Info] Iteration:211, valid_1 rmse : 8.98148
[LightGBM] [Info] 9.865273 seconds elapsed, finished iteration 211
[LightGBM] [Debug] Trained a tree with leaves = 255 and depth = 19
[LightGBM] [Info] Iteration:212, valid_1 rmse : 8.98103
[LightGBM] [Info] 9.902452 seconds elapsed, finished iteration 212
[LightGBM] [Debug] Trained a tree with leaves = 255 and depth = 21
[LightGBM] [Info] Iteration:213, valid_1 rmse : 8.98137
[LightGBM] [Info] 9.973296 seconds elapsed, finished iteration 213
[LightGBM] [Debug] Trained a tree with leaves = 255 and depth = 24
[LightGBM] [Info] Iteration:214, valid_1 rmse : 8.98173
[LightGBM] [Info] 10.017327 seconds elapsed, finished iteration 214
[LightGBM] [Debug] Trained a tree with leaves = 255 and depth = 24
[LightGBM] [Info] Iteration:215, valid_1 rmse : 8.98331
[LightGBM] [Info] 10.056918 seconds elapsed, finished iteration 215
[LightGBM] [Debug] Trained a tree with leaves = 255 and depth = 30
[LightGBM] [Info] Iteration:216, valid_1 rmse : 8.98345
[LightGBM] [Info] 10.098408 seconds elapsed, finished iteration 216
[LightGBM] [Debug] Trained a tree with leaves = 255 and depth = 21
[LightGBM] [Info] Iteration:217, valid_1 rmse : 8.98356
[LightGBM] [Info] 10.134238 seconds elapsed, finished iteration 217
[LightGBM] [Debug] Trained a tree with leaves = 255 and depth = 20
[LightGBM] [Info] Iteration:218, valid_1 rmse : 8.98347
[LightGBM] [Info] 10.177797 seconds elapsed, finished iteration 218
[LightGBM] [Debug] Trained a tree with leaves = 255 and depth = 29
[LightGBM] [Info] Iteration:219, valid_1 rmse : 8.9837
[LightGBM] [Info] 10.214142 seconds elapsed, finished iteration 219
[LightGBM] [Debug] Trained a tree with leaves = 255 and depth = 19
[LightGBM] [Info] Iteration:220, valid_1 rmse : 8.98386
[LightGBM] [Info] 10.246905 seconds elapsed, finished iteration 220
[LightGBM] [Debug] Trained a tree with leaves = 255 and depth = 20
[LightGBM] [Info] Iteration:221, valid_1 rmse : 8.98513
[LightGBM] [Info] 10.282538 seconds elapsed, finished iteration 221
[LightGBM] [Debug] Trained a tree with leaves = 255 and depth = 28
[LightGBM] [Info] Iteration:222, valid_1 rmse : 8.98486
[LightGBM] [Info] 10.316336 seconds elapsed, finished iteration 222
[LightGBM] [Debug] Trained a tree with leaves = 255 and depth = 23
[LightGBM] [Info] Iteration:223, valid_1 rmse : 8.98517
[LightGBM] [Info] 10.343090 seconds elapsed, finished iteration 223
[LightGBM] [Debug] Trained a tree with leaves = 255 and depth = 26
[LightGBM] [Info] Iteration:224, valid_1 rmse : 8.98542
[LightGBM] [Info] 10.373949 seconds elapsed, finished iteration 224
[LightGBM] [Debug] Trained a tree with leaves = 255 and depth = 27
[LightGBM] [Info] Iteration:225, valid_1 rmse : 8.98533
[LightGBM] [Info] 10.403587 seconds elapsed, finished iteration 225
[LightGBM] [Debug] Trained a tree with leaves = 255 and depth = 24
[LightGBM] [Info] Iteration:226, valid_1 rmse : 8.98623
[LightGBM] [Info] 10.437724 seconds elapsed, finished iteration 226
[LightGBM] [Debug] Trained a tree with leaves = 255 and depth = 23
[LightGBM] [Info] Iteration:227, valid_1 rmse : 8.9857
[LightGBM] [Info] 10.482732 seconds elapsed, finished iteration 227
[LightGBM] [Debug] Trained a tree with leaves = 255 and depth = 20
[LightGBM] [Info] Iteration:228, valid_1 rmse : 8.98591
[LightGBM] [Info] 10.521002 seconds elapsed, finished iteration 228
[LightGBM] [Debug] Trained a tree with leaves = 255 and depth = 20
[LightGBM] [Info] Iteration:229, valid_1 rmse : 8.98604
[LightGBM] [Info] 10.552681 seconds elapsed, finished iteration 229
[LightGBM] [Debug] Trained a tree with leaves = 255 and depth = 24
[LightGBM] [Info] Iteration:230, valid_1 rmse : 8.98527
[LightGBM] [Info] 10.585537 seconds elapsed, finished iteration 230
[LightGBM] [Debug] Trained a tree with leaves = 255 and depth = 19
[LightGBM] [Info] Iteration:231, valid_1 rmse : 8.98584
[LightGBM] [Info] 10.621505 seconds elapsed, finished iteration 231
[LightGBM] [Debug] Trained a tree with leaves = 255 and depth = 21
[LightGBM] [Info] Iteration:232, valid_1 rmse : 8.98617
[LightGBM] [Info] 10.651887 seconds elapsed, finished iteration 232
[LightGBM] [Debug] Trained a tree with leaves = 255 and depth = 25
[LightGBM] [Info] Iteration:233, valid_1 rmse : 8.98637
[LightGBM] [Info] 10.700623 seconds elapsed, finished iteration 233
[LightGBM] [Debug] Trained a tree with leaves = 255 and depth = 17
[LightGBM] [Info] Iteration:234, valid_1 rmse : 8.98799
[LightGBM] [Info] 10.764238 seconds elapsed, finished iteration 234
[LightGBM] [Debug] Trained a tree with leaves = 255 and depth = 21
[LightGBM] [Info] Iteration:235, valid_1 rmse : 8.98906
[LightGBM] [Info] 10.798645 seconds elapsed, finished iteration 235
[LightGBM] [Debug] Trained a tree with leaves = 255 and depth = 24
[LightGBM] [Info] Iteration:236, valid_1 rmse : 8.98874
[LightGBM] [Info] 10.855599 seconds elapsed, finished iteration 236
[LightGBM] [Debug] Trained a tree with leaves = 255 and depth = 20
[LightGBM] [Info] Iteration:237, valid_1 rmse : 8.9887
[LightGBM] [Info] 10.891149 seconds elapsed, finished iteration 237
[LightGBM] [Debug] Trained a tree with leaves = 255 and depth = 26
[LightGBM] [Info] Iteration:238, valid_1 rmse : 8.98922
[LightGBM] [Info] 10.948052 seconds elapsed, finished iteration 238
[LightGBM] [Debug] Trained a tree with leaves = 255 and depth = 26
[LightGBM] [Info] Iteration:239, valid_1 rmse : 8.98898
[LightGBM] [Info] 10.977070 seconds elapsed, finished iteration 239
[LightGBM] [Debug] Trained a tree with leaves = 255 and depth = 20
[LightGBM] [Info] Iteration:240, valid_1 rmse : 8.98919
[LightGBM] [Info] 11.012808 seconds elapsed, finished iteration 240
[LightGBM] [Debug] Trained a tree with leaves = 255 and depth = 19
[LightGBM] [Info] Iteration:241, valid_1 rmse : 8.99016
[LightGBM] [Info] 11.057203 seconds elapsed, finished iteration 241
[LightGBM] [Debug] Trained a tree with leaves = 255 and depth = 19
[LightGBM] [Info] Iteration:242, valid_1 rmse : 8.99006
[LightGBM] [Info] 11.098036 seconds elapsed, finished iteration 242
[LightGBM] [Debug] Trained a tree with leaves = 255 and depth = 22
[LightGBM] [Info] Iteration:243, valid_1 rmse : 8.98927
[LightGBM] [Info] 11.147553 seconds elapsed, finished iteration 243
[LightGBM] [Debug] Trained a tree with leaves = 255 and depth = 23
[LightGBM] [Info] Iteration:244, valid_1 rmse : 8.98811
[LightGBM] [Info] 11.196914 seconds elapsed, finished iteration 244
[LightGBM] [Debug] Trained a tree with leaves = 255 and depth = 21
[LightGBM] [Info] Iteration:245, valid_1 rmse : 8.98956
[LightGBM] [Info] 11.240772 seconds elapsed, finished iteration 245
[LightGBM] [Debug] Trained a tree with leaves = 255 and depth = 18
[LightGBM] [Info] Iteration:246, valid_1 rmse : 8.99011
[LightGBM] [Info] 11.310759 seconds elapsed, finished iteration 246
[LightGBM] [Debug] Trained a tree with leaves = 255 and depth = 17
[LightGBM] [Info] Iteration:247, valid_1 rmse : 8.98983
[LightGBM] [Info] 11.343497 seconds elapsed, finished iteration 247
[LightGBM] [Debug] Trained a tree with leaves = 255 and depth = 22
[LightGBM] [Info] Iteration:248, valid_1 rmse : 8.99102
[LightGBM] [Info] 11.379599 seconds elapsed, finished iteration 248
[LightGBM] [Debug] Trained a tree with leaves = 255 and depth = 23
[LightGBM] [Info] Iteration:249, valid_1 rmse : 8.99041
[LightGBM] [Info] 11.424894 seconds elapsed, finished iteration 249
[LightGBM] [Debug] Trained a tree with leaves = 255 and depth = 26
[LightGBM] [Info] Iteration:250, valid_1 rmse : 8.99017
[LightGBM] [Info] 11.458440 seconds elapsed, finished iteration 250
[LightGBM] [Debug] Trained a tree with leaves = 255 and depth = 23
[LightGBM] [Info] Iteration:251, valid_1 rmse : 8.99021
[LightGBM] [Info] 11.505418 seconds elapsed, finished iteration 251
[LightGBM] [Debug] Trained a tree with leaves = 255 and depth = 21
[LightGBM] [Info] Iteration:252, valid_1 rmse : 8.98913
[LightGBM] [Info] 11.541967 seconds elapsed, finished iteration 252
[LightGBM] [Debug] Trained a tree with leaves = 255 and depth = 20
[LightGBM] [Info] Iteration:253, valid_1 rmse : 8.98979
[LightGBM] [Info] 11.585855 seconds elapsed, finished iteration 253
[LightGBM] [Debug] Trained a tree with leaves = 255 and depth = 21
[LightGBM] [Info] Iteration:254, valid_1 rmse : 8.99029
[LightGBM] [Info] 11.622939 seconds elapsed, finished iteration 254
[LightGBM] [Debug] Trained a tree with leaves = 255 and depth = 20
[LightGBM] [Info] Iteration:255, valid_1 rmse : 8.99067
[LightGBM] [Info] 11.656231 seconds elapsed, finished iteration 255
[LightGBM] [Debug] Trained a tree with leaves = 255 and depth = 25
[LightGBM] [Info] Iteration:256, valid_1 rmse : 8.99072
[LightGBM] [Info] 11.692170 seconds elapsed, finished iteration 256
[LightGBM] [Debug] Trained a tree with leaves = 255 and depth = 18
[LightGBM] [Info] Iteration:257, valid_1 rmse : 8.99129
[LightGBM] [Info] 11.724674 seconds elapsed, finished iteration 257
[LightGBM] [Debug] Trained a tree with leaves = 255 and depth = 20
[LightGBM] [Info] Iteration:258, valid_1 rmse : 8.99218
[LightGBM] [Info] 11.771618 seconds elapsed, finished iteration 258
[LightGBM] [Debug] Trained a tree with leaves = 255 and depth = 22
[LightGBM] [Info] Iteration:259, valid_1 rmse : 8.99272
[LightGBM] [Info] 11.806806 seconds elapsed, finished iteration 259
[LightGBM] [Debug] Trained a tree with leaves = 255 and depth = 24
[LightGBM] [Info] Iteration:260, valid_1 rmse : 8.99358
[LightGBM] [Info] 11.867276 seconds elapsed, finished iteration 260
[LightGBM] [Debug] Trained a tree with leaves = 255 and depth = 28
[LightGBM] [Info] Iteration:261, valid_1 rmse : 8.9934
[LightGBM] [Info] 11.917834 seconds elapsed, finished iteration 261
[LightGBM] [Debug] Trained a tree with leaves = 255 and depth = 21
[LightGBM] [Info] Iteration:262, valid_1 rmse : 8.99379
[LightGBM] [Info] 11.963281 seconds elapsed, finished iteration 262
[LightGBM] [Debug] Trained a tree with leaves = 255 and depth = 18
[LightGBM] [Info] Iteration:263, valid_1 rmse : 8.99341
[LightGBM] [Info] 11.998164 seconds elapsed, finished iteration 263
[LightGBM] [Debug] Trained a tree with leaves = 255 and depth = 24
[LightGBM] [Info] Iteration:264, valid_1 rmse : 8.99272
[LightGBM] [Info] 12.053315 seconds elapsed, finished iteration 264
[LightGBM] [Debug] Trained a tree with leaves = 255 and depth = 21
[LightGBM] [Info] Iteration:265, valid_1 rmse : 8.99204
[LightGBM] [Info] 12.106091 seconds elapsed, finished iteration 265
[LightGBM] [Debug] Trained a tree with leaves = 255 and depth = 18
[LightGBM] [Info] Iteration:266, valid_1 rmse : 8.9926
[LightGBM] [Info] 12.149933 seconds elapsed, finished iteration 266
[LightGBM] [Debug] Trained a tree with leaves = 255 and depth = 23
[LightGBM] [Info] Iteration:267, valid_1 rmse : 8.9936
[LightGBM] [Info] 12.187051 seconds elapsed, finished iteration 267
[LightGBM] [Debug] Trained a tree with leaves = 255 and depth = 31
[LightGBM] [Info] Iteration:268, valid_1 rmse : 8.99348
[LightGBM] [Info] 12.232899 seconds elapsed, finished iteration 268
[LightGBM] [Debug] Trained a tree with leaves = 255 and depth = 22
[LightGBM] [Info] Iteration:269, valid_1 rmse : 8.99367
[LightGBM] [Info] 12.283880 seconds elapsed, finished iteration 269
[LightGBM] [Debug] Trained a tree with leaves = 255 and depth = 23
[LightGBM] [Info] Iteration:270, valid_1 rmse : 8.99362
[LightGBM] [Info] 12.326330 seconds elapsed, finished iteration 270
[LightGBM] [Debug] Trained a tree with leaves = 255 and depth = 30
[LightGBM] [Info] Iteration:271, valid_1 rmse : 8.99402
[LightGBM] [Info] 12.362641 seconds elapsed, finished iteration 271
[LightGBM] [Debug] Trained a tree with leaves = 255 and depth = 23
[LightGBM] [Info] Iteration:272, valid_1 rmse : 8.9937
[LightGBM] [Info] 12.397459 seconds elapsed, finished iteration 272
[LightGBM] [Debug] Trained a tree with leaves = 255 and depth = 21
[LightGBM] [Info] Iteration:273, valid_1 rmse : 8.99369
[LightGBM] [Info] 12.438695 seconds elapsed, finished iteration 273
[LightGBM] [Debug] Trained a tree with leaves = 255 and depth = 19
[LightGBM] [Info] Iteration:274, valid_1 rmse : 8.99317
[LightGBM] [Info] 12.467714 seconds elapsed, finished iteration 274
[LightGBM] [Debug] Trained a tree with leaves = 255 and depth = 20
[LightGBM] [Info] Iteration:275, valid_1 rmse : 8.99305
[LightGBM] [Info] 12.504353 seconds elapsed, finished iteration 275
[LightGBM] [Debug] Trained a tree with leaves = 255 and depth = 22
[LightGBM] [Info] Iteration:276, valid_1 rmse : 8.99342
[LightGBM] [Info] 12.534651 seconds elapsed, finished iteration 276
[LightGBM] [Debug] Trained a tree with leaves = 255 and depth = 24
[LightGBM] [Info] Iteration:277, valid_1 rmse : 8.99344
[LightGBM] [Info] 12.565801 seconds elapsed, finished iteration 277
[LightGBM] [Debug] Trained a tree with leaves = 255 and depth = 19
[LightGBM] [Info] Iteration:278, valid_1 rmse : 8.9942
[LightGBM] [Info] 12.598450 seconds elapsed, finished iteration 278
[LightGBM] [Debug] Trained a tree with leaves = 255 and depth = 18
[LightGBM] [Info] Iteration:279, valid_1 rmse : 8.99358
[LightGBM] [Info] 12.630868 seconds elapsed, finished iteration 279
[LightGBM] [Debug] Trained a tree with leaves = 255 and depth = 23
[LightGBM] [Info] Iteration:280, valid_1 rmse : 8.99392
[LightGBM] [Info] 12.660001 seconds elapsed, finished iteration 280
[LightGBM] [Debug] Trained a tree with leaves = 255 and depth = 27
[LightGBM] [Info] Iteration:281, valid_1 rmse : 8.99332
[LightGBM] [Info] 12.692369 seconds elapsed, finished iteration 281
[LightGBM] [Debug] Trained a tree with leaves = 255 and depth = 21
[LightGBM] [Info] Iteration:282, valid_1 rmse : 8.99294
[LightGBM] [Info] 12.722183 seconds elapsed, finished iteration 282
[LightGBM] [Debug] Trained a tree with leaves = 255 and depth = 17
[LightGBM] [Info] Iteration:283, valid_1 rmse : 8.9932
[LightGBM] [Info] 12.747456 seconds elapsed, finished iteration 283
[LightGBM] [Debug] Trained a tree with leaves = 255 and depth = 18
[LightGBM] [Info] Iteration:284, valid_1 rmse : 8.99309
[LightGBM] [Info] 12.781236 seconds elapsed, finished iteration 284
[LightGBM] [Debug] Trained a tree with leaves = 255 and depth = 18
[LightGBM] [Info] Iteration:285, valid_1 rmse : 8.99338
[LightGBM] [Info] 12.822055 seconds elapsed, finished iteration 285
[LightGBM] [Debug] Trained a tree with leaves = 255 and depth = 25
[LightGBM] [Info] Iteration:286, valid_1 rmse : 8.99365
[LightGBM] [Info] 12.860133 seconds elapsed, finished iteration 286
[LightGBM] [Debug] Trained a tree with leaves = 255 and depth = 24
[LightGBM] [Info] Iteration:287, valid_1 rmse : 8.99422
[LightGBM] [Info] 12.897571 seconds elapsed, finished iteration 287
[LightGBM] [Debug] Trained a tree with leaves = 255 and depth = 26
[LightGBM] [Info] Iteration:288, valid_1 rmse : 8.99444
[LightGBM] [Info] 12.931902 seconds elapsed, finished iteration 288
[LightGBM] [Debug] Trained a tree with leaves = 255 and depth = 28
[LightGBM] [Info] Iteration:289, valid_1 rmse : 8.99448
[LightGBM] [Info] 12.970252 seconds elapsed, finished iteration 289
[LightGBM] [Debug] Trained a tree with leaves = 255 and depth = 21
[LightGBM] [Info] Iteration:290, valid_1 rmse : 8.99516
[LightGBM] [Info] 13.004559 seconds elapsed, finished iteration 290
[LightGBM] [Debug] Trained a tree with leaves = 255 and depth = 20
[LightGBM] [Info] Iteration:291, valid_1 rmse : 8.99472
[LightGBM] [Info] 13.038688 seconds elapsed, finished iteration 291
[LightGBM] [Debug] Trained a tree with leaves = 255 and depth = 31
[LightGBM] [Info] Iteration:292, valid_1 rmse : 8.9951
[LightGBM] [Info] 13.069254 seconds elapsed, finished iteration 292
[LightGBM] [Debug] Trained a tree with leaves = 255 and depth = 20
[LightGBM] [Info] Iteration:293, valid_1 rmse : 8.99545
[LightGBM] [Info] 13.100888 seconds elapsed, finished iteration 293
[LightGBM] [Debug] Trained a tree with leaves = 255 and depth = 24
[LightGBM] [Info] Iteration:294, valid_1 rmse : 8.99546
[LightGBM] [Info] 13.133283 seconds elapsed, finished iteration 294
[LightGBM] [Debug] Trained a tree with leaves = 255 and depth = 19
[LightGBM] [Info] Iteration:295, valid_1 rmse : 8.99608
[LightGBM] [Info] 13.169549 seconds elapsed, finished iteration 295
[LightGBM] [Debug] Trained a tree with leaves = 255 and depth = 25
[LightGBM] [Info] Iteration:296, valid_1 rmse : 8.99658
[LightGBM] [Info] 13.203688 seconds elapsed, finished iteration 296
[LightGBM] [Debug] Trained a tree with leaves = 255 and depth = 23
[LightGBM] [Info] Iteration:297, valid_1 rmse : 8.99669
[LightGBM] [Info] 13.239740 seconds elapsed, finished iteration 297
[LightGBM] [Debug] Trained a tree with leaves = 255 and depth = 24
[LightGBM] [Info] Iteration:298, valid_1 rmse : 8.99654
[LightGBM] [Info] 13.288271 seconds elapsed, finished iteration 298
[LightGBM] [Debug] Trained a tree with leaves = 255 and depth = 20
[LightGBM] [Info] Iteration:299, valid_1 rmse : 8.9967
[LightGBM] [Info] 13.327814 seconds elapsed, finished iteration 299
[LightGBM] [Debug] Trained a tree with leaves = 255 and depth = 23
[LightGBM] [Info] Iteration:300, valid_1 rmse : 8.99706
[LightGBM] [Info] 13.374791 seconds elapsed, finished iteration 300
[LightGBM] [Debug] Trained a tree with leaves = 255 and depth = 21
[LightGBM] [Info] Iteration:301, valid_1 rmse : 8.99749
[LightGBM] [Info] 13.419132 seconds elapsed, finished iteration 301
[LightGBM] [Debug] Trained a tree with leaves = 255 and depth = 21
[LightGBM] [Info] Iteration:302, valid_1 rmse : 8.99795
[LightGBM] [Info] 13.458811 seconds elapsed, finished iteration 302
[LightGBM] [Debug] Trained a tree with leaves = 255 and depth = 22
[LightGBM] [Info] Iteration:303, valid_1 rmse : 8.99831
[LightGBM] [Info] 13.500678 seconds elapsed, finished iteration 303
[LightGBM] [Debug] Trained a tree with leaves = 255 and depth = 22
[LightGBM] [Info] Iteration:304, valid_1 rmse : 8.99851
[LightGBM] [Info] 13.537923 seconds elapsed, finished iteration 304
[LightGBM] [Debug] Trained a tree with leaves = 255 and depth = 21
[LightGBM] [Info] Iteration:305, valid_1 rmse : 8.99819
[LightGBM] [Info] 13.571710 seconds elapsed, finished iteration 305
[LightGBM] [Debug] Trained a tree with leaves = 255 and depth = 20
[LightGBM] [Info] Iteration:306, valid_1 rmse : 8.99762
[LightGBM] [Info] 13.602144 seconds elapsed, finished iteration 306
[LightGBM] [Debug] Trained a tree with leaves = 255 and depth = 22
[LightGBM] [Info] Iteration:307, valid_1 rmse : 8.99784
[LightGBM] [Info] 13.634659 seconds elapsed, finished iteration 307
[LightGBM] [Debug] Trained a tree with leaves = 255 and depth = 20
[LightGBM] [Info] Iteration:308, valid_1 rmse : 8.99829
[LightGBM] [Info] 13.660917 seconds elapsed, finished iteration 308
[LightGBM] [Debug] Trained a tree with leaves = 255 and depth = 28
[LightGBM] [Info] Iteration:309, valid_1 rmse : 8.99836
[LightGBM] [Info] 13.688363 seconds elapsed, finished iteration 309
[LightGBM] [Debug] Trained a tree with leaves = 255 and depth = 17
[LightGBM] [Info] Iteration:310, valid_1 rmse : 8.99828
[LightGBM] [Info] 13.717890 seconds elapsed, finished iteration 310
[LightGBM] [Debug] Trained a tree with leaves = 255 and depth = 27
[LightGBM] [Info] Iteration:311, valid_1 rmse : 8.99925
[LightGBM] [Info] 13.757509 seconds elapsed, finished iteration 311
[LightGBM] [Debug] Trained a tree with leaves = 255 and depth = 22
[LightGBM] [Info] Iteration:312, valid_1 rmse : 8.99933
[LightGBM] [Info] 13.791938 seconds elapsed, finished iteration 312
[LightGBM] [Debug] Trained a tree with leaves = 255 and depth = 20
[LightGBM] [Info] Iteration:313, valid_1 rmse : 8.99991
[LightGBM] [Info] 13.822731 seconds elapsed, finished iteration 313
[LightGBM] [Debug] Trained a tree with leaves = 255 and depth = 21
[LightGBM] [Info] Iteration:314, valid_1 rmse : 8.99948
[LightGBM] [Info] 13.854390 seconds elapsed, finished iteration 314
[LightGBM] [Debug] Trained a tree with leaves = 255 and depth = 22
[LightGBM] [Info] Iteration:315, valid_1 rmse : 8.9995
[LightGBM] [Info] 13.902098 seconds elapsed, finished iteration 315
[LightGBM] [Debug] Trained a tree with leaves = 255 and depth = 22
[LightGBM] [Info] Iteration:316, valid_1 rmse : 8.99932
[LightGBM] [Info] 13.953361 seconds elapsed, finished iteration 316
[LightGBM] [Debug] Trained a tree with leaves = 255 and depth = 29
[LightGBM] [Info] Iteration:317, valid_1 rmse : 8.99971
[LightGBM] [Info] 13.983776 seconds elapsed, finished iteration 317
[LightGBM] [Debug] Trained a tree with leaves = 255 and depth = 18
[LightGBM] [Info] Iteration:318, valid_1 rmse : 9.00001
[LightGBM] [Info] 14.018519 seconds elapsed, finished iteration 318
[LightGBM] [Debug] Trained a tree with leaves = 255 and depth = 23
[LightGBM] [Info] Iteration:319, valid_1 rmse : 8.99981
[LightGBM] [Info] 14.050818 seconds elapsed, finished iteration 319
[LightGBM] [Debug] Trained a tree with leaves = 255 and depth = 24
[LightGBM] [Info] Iteration:320, valid_1 rmse : 9.00095
[LightGBM] [Info] 14.085894 seconds elapsed, finished iteration 320
[LightGBM] [Debug] Trained a tree with leaves = 255 and depth = 24
[LightGBM] [Info] Iteration:321, valid_1 rmse : 9.00053
[LightGBM] [Info] 14.121679 seconds elapsed, finished iteration 321
[LightGBM] [Debug] Trained a tree with leaves = 255 and depth = 17
[LightGBM] [Info] Iteration:322, valid_1 rmse : 9.00156
[LightGBM] [Info] 14.155746 seconds elapsed, finished iteration 322
[LightGBM] [Debug] Trained a tree with leaves = 255 and depth = 22
[LightGBM] [Info] Iteration:323, valid_1 rmse : 9.00139
[LightGBM] [Info] 14.182092 seconds elapsed, finished iteration 323
[LightGBM] [Debug] Trained a tree with leaves = 255 and depth = 23
[LightGBM] [Info] Iteration:324, valid_1 rmse : 9.00211
[LightGBM] [Info] 14.208911 seconds elapsed, finished iteration 324
[LightGBM] [Debug] Trained a tree with leaves = 255 and depth = 23
[LightGBM] [Info] Iteration:325, valid_1 rmse : 9.00234
[LightGBM] [Info] 14.234784 seconds elapsed, finished iteration 325
[LightGBM] [Debug] Trained a tree with leaves = 255 and depth = 20
[LightGBM] [Info] Iteration:326, valid_1 rmse : 9.00176
[LightGBM] [Info] 14.271364 seconds elapsed, finished iteration 326
[LightGBM] [Debug] Trained a tree with leaves = 255 and depth = 20
[LightGBM] [Info] Iteration:327, valid_1 rmse : 9.00252
[LightGBM] [Info] 14.325639 seconds elapsed, finished iteration 327
[LightGBM] [Debug] Trained a tree with leaves = 255 and depth = 19
[LightGBM] [Info] Iteration:328, valid_1 rmse : 9.00365
[LightGBM] [Info] 14.361965 seconds elapsed, finished iteration 328
[LightGBM] [Debug] Trained a tree with leaves = 255 and depth = 23
[LightGBM] [Info] Iteration:329, valid_1 rmse : 9.00418
[LightGBM] [Info] 14.395974 seconds elapsed, finished iteration 329
[LightGBM] [Debug] Trained a tree with leaves = 255 and depth = 20
[LightGBM] [Info] Iteration:330, valid_1 rmse : 9.00405
[LightGBM] [Info] 14.425594 seconds elapsed, finished iteration 330
[LightGBM] [Debug] Trained a tree with leaves = 255 and depth = 22
[LightGBM] [Info] Iteration:331, valid_1 rmse : 9.00442
[LightGBM] [Info] 14.460184 seconds elapsed, finished iteration 331
[LightGBM] [Debug] Trained a tree with leaves = 255 and depth = 21
[LightGBM] [Info] Iteration:332, valid_1 rmse : 9.00459
[LightGBM] [Info] 14.489198 seconds elapsed, finished iteration 332
[LightGBM] [Debug] Trained a tree with leaves = 255 and depth = 26
[LightGBM] [Info] Iteration:333, valid_1 rmse : 9.00436
[LightGBM] [Info] 14.517685 seconds elapsed, finished iteration 333
[LightGBM] [Debug] Trained a tree with leaves = 255 and depth = 20
[LightGBM] [Info] Iteration:334, valid_1 rmse : 9.0043
[LightGBM] [Info] 14.548611 seconds elapsed, finished iteration 334
[LightGBM] [Debug] Trained a tree with leaves = 255 and depth = 18
[LightGBM] [Info] Iteration:335, valid_1 rmse : 9.00478
[LightGBM] [Info] 14.578662 seconds elapsed, finished iteration 335
[LightGBM] [Debug] Trained a tree with leaves = 255 and depth = 20
[LightGBM] [Info] Iteration:336, valid_1 rmse : 9.00622
[LightGBM] [Info] 14.613415 seconds elapsed, finished iteration 336
[LightGBM] [Debug] Trained a tree with leaves = 255 and depth = 22
[LightGBM] [Info] Iteration:337, valid_1 rmse : 9.00704
[LightGBM] [Info] 14.650821 seconds elapsed, finished iteration 337
[LightGBM] [Debug] Trained a tree with leaves = 255 and depth = 22
[LightGBM] [Info] Iteration:338, valid_1 rmse : 9.00667
[LightGBM] [Info] 14.679723 seconds elapsed, finished iteration 338
[LightGBM] [Debug] Trained a tree with leaves = 255 and depth = 28
[LightGBM] [Info] Iteration:339, valid_1 rmse : 9.00784
[LightGBM] [Info] 14.710925 seconds elapsed, finished iteration 339
[LightGBM] [Debug] Trained a tree with leaves = 255 and depth = 25
[LightGBM] [Info] Iteration:340, valid_1 rmse : 9.00813
[LightGBM] [Info] 14.743424 seconds elapsed, finished iteration 340
[LightGBM] [Debug] Trained a tree with leaves = 255 and depth = 26
[LightGBM] [Info] Iteration:341, valid_1 rmse : 9.00791
[LightGBM] [Info] 14.773438 seconds elapsed, finished iteration 341
[LightGBM] [Debug] Trained a tree with leaves = 255 and depth = 21
[LightGBM] [Info] Iteration:342, valid_1 rmse : 9.00916
[LightGBM] [Info] 14.804471 seconds elapsed, finished iteration 342
[LightGBM] [Debug] Trained a tree with leaves = 255 and depth = 36
[LightGBM] [Info] Iteration:343, valid_1 rmse : 9.00985
[LightGBM] [Info] 14.836874 seconds elapsed, finished iteration 343
[LightGBM] [Debug] Trained a tree with leaves = 255 and depth = 22
[LightGBM] [Info] Iteration:344, valid_1 rmse : 9.00979
[LightGBM] [Info] 14.870025 seconds elapsed, finished iteration 344
[LightGBM] [Debug] Trained a tree with leaves = 255 and depth = 20
[LightGBM] [Info] Iteration:345, valid_1 rmse : 9.00967
[LightGBM] [Info] 14.906257 seconds elapsed, finished iteration 345
[LightGBM] [Debug] Trained a tree with leaves = 255 and depth = 23
[LightGBM] [Info] Iteration:346, valid_1 rmse : 9.00961
[LightGBM] [Info] 14.948412 seconds elapsed, finished iteration 346
[LightGBM] [Debug] Trained a tree with leaves = 255 and depth = 23
[LightGBM] [Info] Iteration:347, valid_1 rmse : 9.00919
[LightGBM] [Info] 14.990369 seconds elapsed, finished iteration 347
[LightGBM] [Debug] Trained a tree with leaves = 255 and depth = 22
[LightGBM] [Info] Iteration:348, valid_1 rmse : 9.00954
[LightGBM] [Info] 15.037143 seconds elapsed, finished iteration 348
[LightGBM] [Debug] Trained a tree with leaves = 255 and depth = 21
[LightGBM] [Info] Iteration:349, valid_1 rmse : 9.00942
[LightGBM] [Info] 15.089339 seconds elapsed, finished iteration 349
[LightGBM] [Debug] Trained a tree with leaves = 255 and depth = 17
[LightGBM] [Info] Iteration:350, valid_1 rmse : 9.01023
[LightGBM] [Info] 15.131017 seconds elapsed, finished iteration 350
[LightGBM] [Debug] Trained a tree with leaves = 255 and depth = 22
[LightGBM] [Info] Iteration:351, valid_1 rmse : 9.0105
[LightGBM] [Info] 15.176376 seconds elapsed, finished iteration 351
[LightGBM] [Debug] Trained a tree with leaves = 255 and depth = 23
[LightGBM] [Info] Iteration:352, valid_1 rmse : 9.01036
[LightGBM] [Info] 15.224048 seconds elapsed, finished iteration 352
[LightGBM] [Debug] Trained a tree with leaves = 255 and depth = 20
[LightGBM] [Info] Iteration:353, valid_1 rmse : 9.01111
[LightGBM] [Info] 15.257732 seconds elapsed, finished iteration 353
[LightGBM] [Debug] Trained a tree with leaves = 255 and depth = 28
[LightGBM] [Info] Iteration:354, valid_1 rmse : 9.01124
[LightGBM] [Info] 15.285253 seconds elapsed, finished iteration 354
[LightGBM] [Debug] Trained a tree with leaves = 255 and depth = 18
[LightGBM] [Info] Iteration:355, valid_1 rmse : 9.01102
[LightGBM] [Info] 15.317446 seconds elapsed, finished iteration 355
[LightGBM] [Debug] Trained a tree with leaves = 255 and depth = 24
[LightGBM] [Info] Iteration:356, valid_1 rmse : 9.01129
[LightGBM] [Info] 15.349472 seconds elapsed, finished iteration 356
[LightGBM] [Debug] Trained a tree with leaves = 255 and depth = 22
[LightGBM] [Info] Iteration:357, valid_1 rmse : 9.01235
[LightGBM] [Info] 15.384820 seconds elapsed, finished iteration 357
[LightGBM] [Debug] Trained a tree with leaves = 255 and depth = 26
[LightGBM] [Info] Iteration:358, valid_1 rmse : 9.01245
[LightGBM] [Info] 15.420149 seconds elapsed, finished iteration 358
[LightGBM] [Debug] Trained a tree with leaves = 255 and depth = 27
[LightGBM] [Info] Iteration:359, valid_1 rmse : 9.01138
[LightGBM] [Info] 15.454684 seconds elapsed, finished iteration 359
[LightGBM] [Debug] Trained a tree with leaves = 255 and depth = 20
[LightGBM] [Info] Iteration:360, valid_1 rmse : 9.01151
[LightGBM] [Info] 15.483859 seconds elapsed, finished iteration 360
[LightGBM] [Debug] Trained a tree with leaves = 255 and depth = 20
[LightGBM] [Info] Iteration:361, valid_1 rmse : 9.01147
[LightGBM] [Info] 15.522538 seconds elapsed, finished iteration 361
[LightGBM] [Debug] Trained a tree with leaves = 255 and depth = 21
[LightGBM] [Info] Iteration:362, valid_1 rmse : 9.01166
[LightGBM] [Info] 15.560461 seconds elapsed, finished iteration 362
[LightGBM] [Debug] Trained a tree with leaves = 255 and depth = 21
[LightGBM] [Info] Iteration:363, valid_1 rmse : 9.01128
[LightGBM] [Info] 15.590194 seconds elapsed, finished iteration 363
[LightGBM] [Debug] Trained a tree with leaves = 255 and depth = 24
[LightGBM] [Info] Iteration:364, valid_1 rmse : 9.01198
[LightGBM] [Info] 15.637140 seconds elapsed, finished iteration 364
[LightGBM] [Debug] Trained a tree with leaves = 255 and depth = 22
[LightGBM] [Info] Iteration:365, valid_1 rmse : 9.01339
[LightGBM] [Info] 15.669482 seconds elapsed, finished iteration 365
[LightGBM] [Debug] Trained a tree with leaves = 255 and depth = 25
[LightGBM] [Info] Iteration:366, valid_1 rmse : 9.01383
[LightGBM] [Info] 15.696605 seconds elapsed, finished iteration 366
[LightGBM] [Debug] Trained a tree with leaves = 255 and depth = 22
[LightGBM] [Info] Iteration:367, valid_1 rmse : 9.0132
[LightGBM] [Info] 15.730440 seconds elapsed, finished iteration 367
[LightGBM] [Debug] Trained a tree with leaves = 255 and depth = 19
[LightGBM] [Info] Iteration:368, valid_1 rmse : 9.01346
[LightGBM] [Info] 15.760860 seconds elapsed, finished iteration 368
[LightGBM] [Debug] Trained a tree with leaves = 255 and depth = 24
[LightGBM] [Info] Iteration:369, valid_1 rmse : 9.01358
[LightGBM] [Info] 15.794073 seconds elapsed, finished iteration 369
[LightGBM] [Debug] Trained a tree with leaves = 255 and depth = 19
[LightGBM] [Info] Iteration:370, valid_1 rmse : 9.01389
[LightGBM] [Info] 15.825606 seconds elapsed, finished iteration 370
[LightGBM] [Debug] Trained a tree with leaves = 255 and depth = 22
[LightGBM] [Info] Iteration:371, valid_1 rmse : 9.01364
[LightGBM] [Info] 15.863698 seconds elapsed, finished iteration 371
[LightGBM] [Debug] Trained a tree with leaves = 255 and depth = 26
[LightGBM] [Info] Iteration:372, valid_1 rmse : 9.01323
[LightGBM] [Info] 15.892514 seconds elapsed, finished iteration 372
[LightGBM] [Debug] Trained a tree with leaves = 255 and depth = 20
[LightGBM] [Info] Iteration:373, valid_1 rmse : 9.01354
[LightGBM] [Info] 15.922498 seconds elapsed, finished iteration 373
[LightGBM] [Debug] Trained a tree with leaves = 255 and depth = 22
[LightGBM] [Info] Iteration:374, valid_1 rmse : 9.01318
[LightGBM] [Info] 15.965179 seconds elapsed, finished iteration 374
[LightGBM] [Debug] Trained a tree with leaves = 255 and depth = 21
[LightGBM] [Info] Iteration:375, valid_1 rmse : 9.01389
[LightGBM] [Info] 15.998467 seconds elapsed, finished iteration 375
[LightGBM] [Debug] Trained a tree with leaves = 255 and depth = 21
[LightGBM] [Info] Iteration:376, valid_1 rmse : 9.01471
[LightGBM] [Info] 16.031909 seconds elapsed, finished iteration 376
[LightGBM] [Debug] Trained a tree with leaves = 255 and depth = 22
[LightGBM] [Info] Iteration:377, valid_1 rmse : 9.0149
[LightGBM] [Info] 16.062645 seconds elapsed, finished iteration 377
[LightGBM] [Debug] Trained a tree with leaves = 255 and depth = 17
[LightGBM] [Info] Iteration:378, valid_1 rmse : 9.01454
[LightGBM] [Info] 16.106245 seconds elapsed, finished iteration 378
[LightGBM] [Debug] Trained a tree with leaves = 255 and depth = 20
[LightGBM] [Info] Iteration:379, valid_1 rmse : 9.01485
[LightGBM] [Info] 16.142834 seconds elapsed, finished iteration 379
[LightGBM] [Debug] Trained a tree with leaves = 255 and depth = 23
[LightGBM] [Info] Iteration:380, valid_1 rmse : 9.01543
[LightGBM] [Info] 16.184397 seconds elapsed, finished iteration 380
[LightGBM] [Debug] Trained a tree with leaves = 255 and depth = 22
[LightGBM] [Info] Iteration:381, valid_1 rmse : 9.01504
[LightGBM] [Info] 16.213095 seconds elapsed, finished iteration 381
[LightGBM] [Debug] Trained a tree with leaves = 255 and depth = 24
[LightGBM] [Info] Iteration:382, valid_1 rmse : 9.01487
[LightGBM] [Info] 16.242773 seconds elapsed, finished iteration 382
[LightGBM] [Debug] Trained a tree with leaves = 255 and depth = 22
[LightGBM] [Info] Iteration:383, valid_1 rmse : 9.01463
[LightGBM] [Info] 16.272573 seconds elapsed, finished iteration 383
[LightGBM] [Debug] Trained a tree with leaves = 255 and depth = 18
[LightGBM] [Info] Iteration:384, valid_1 rmse : 9.01454
[LightGBM] [Info] 16.317787 seconds elapsed, finished iteration 384
[LightGBM] [Debug] Trained a tree with leaves = 255 and depth = 21
[LightGBM] [Info] Iteration:385, valid_1 rmse : 9.0137
[LightGBM] [Info] 16.353312 seconds elapsed, finished iteration 385
[LightGBM] [Debug] Trained a tree with leaves = 255 and depth = 32
[LightGBM] [Info] Iteration:386, valid_1 rmse : 9.01443
[LightGBM] [Info] 16.389262 seconds elapsed, finished iteration 386
[LightGBM] [Debug] Trained a tree with leaves = 255 and depth = 25
[LightGBM] [Info] Iteration:387, valid_1 rmse : 9.01465
[LightGBM] [Info] 16.417225 seconds elapsed, finished iteration 387
[LightGBM] [Debug] Trained a tree with leaves = 255 and depth = 22
[LightGBM] [Info] Iteration:388, valid_1 rmse : 9.01466
[LightGBM] [Info] 16.453569 seconds elapsed, finished iteration 388
[LightGBM] [Debug] Trained a tree with leaves = 255 and depth = 25
[LightGBM] [Info] Iteration:389, valid_1 rmse : 9.01496
[LightGBM] [Info] 16.502179 seconds elapsed, finished iteration 389
[LightGBM] [Debug] Trained a tree with leaves = 255 and depth = 18
[LightGBM] [Info] Iteration:390, valid_1 rmse : 9.01473
[LightGBM] [Info] 16.531091 seconds elapsed, finished iteration 390
[LightGBM] [Debug] Trained a tree with leaves = 255 and depth = 30
[LightGBM] [Info] Iteration:391, valid_1 rmse : 9.01423
[LightGBM] [Info] 16.567095 seconds elapsed, finished iteration 391
[LightGBM] [Debug] Trained a tree with leaves = 255 and depth = 17
[LightGBM] [Info] Iteration:392, valid_1 rmse : 9.01381
[LightGBM] [Info] 16.597814 seconds elapsed, finished iteration 392
[LightGBM] [Debug] Trained a tree with leaves = 255 and depth = 34
[LightGBM] [Info] Iteration:393, valid_1 rmse : 9.0141
[LightGBM] [Info] 16.627841 seconds elapsed, finished iteration 393
[LightGBM] [Debug] Trained a tree with leaves = 255 and depth = 23
[LightGBM] [Info] Iteration:394, valid_1 rmse : 9.01466
[LightGBM] [Info] 16.658443 seconds elapsed, finished iteration 394
[LightGBM] [Debug] Trained a tree with leaves = 255 and depth = 19
[LightGBM] [Info] Iteration:395, valid_1 rmse : 9.01468
[LightGBM] [Info] 16.692574 seconds elapsed, finished iteration 395
[LightGBM] [Debug] Trained a tree with leaves = 255 and depth = 23
[LightGBM] [Info] Iteration:396, valid_1 rmse : 9.01509
[LightGBM] [Info] 16.729525 seconds elapsed, finished iteration 396
[LightGBM] [Debug] Trained a tree with leaves = 255 and depth = 21
[LightGBM] [Info] Iteration:397, valid_1 rmse : 9.01531
[LightGBM] [Info] 16.773062 seconds elapsed, finished iteration 397
[LightGBM] [Debug] Trained a tree with leaves = 255 and depth = 27
[LightGBM] [Info] Iteration:398, valid_1 rmse : 9.01502
[LightGBM] [Info] 16.815481 seconds elapsed, finished iteration 398
[LightGBM] [Debug] Trained a tree with leaves = 255 and depth = 20
[LightGBM] [Info] Iteration:399, valid_1 rmse : 9.01507
[LightGBM] [Info] 16.863535 seconds elapsed, finished iteration 399
[LightGBM] [Debug] Trained a tree with leaves = 255 and depth = 25
[LightGBM] [Info] Iteration:400, valid_1 rmse : 9.01511
[LightGBM] [Info] 16.904902 seconds elapsed, finished iteration 400
[LightGBM] [Debug] Trained a tree with leaves = 255 and depth = 22
[LightGBM] [Info] Iteration:401, valid_1 rmse : 9.01527
[LightGBM] [Info] 16.956078 seconds elapsed, finished iteration 401
[LightGBM] [Debug] Trained a tree with leaves = 255 and depth = 18
[LightGBM] [Info] Iteration:402, valid_1 rmse : 9.01542
[LightGBM] [Info] 16.992462 seconds elapsed, finished iteration 402
[LightGBM] [Debug] Trained a tree with leaves = 255 and depth = 19
[LightGBM] [Info] Iteration:403, valid_1 rmse : 9.01581
[LightGBM] [Info] 17.041207 seconds elapsed, finished iteration 403
[LightGBM] [Debug] Trained a tree with leaves = 255 and depth = 18
[LightGBM] [Info] Iteration:404, valid_1 rmse : 9.01633
[LightGBM] [Info] 17.083021 seconds elapsed, finished iteration 404
[LightGBM] [Debug] Trained a tree with leaves = 255 and depth = 23
[LightGBM] [Info] Iteration:405, valid_1 rmse : 9.01679
[LightGBM] [Info] 17.128171 seconds elapsed, finished iteration 405
[LightGBM] [Debug] Trained a tree with leaves = 255 and depth = 22
[LightGBM] [Info] Iteration:406, valid_1 rmse : 9.0169
[LightGBM] [Info] 17.181966 seconds elapsed, finished iteration 406
[LightGBM] [Debug] Trained a tree with leaves = 255 and depth = 28
[LightGBM] [Info] Iteration:407, valid_1 rmse : 9.01725
[LightGBM] [Info] 17.251324 seconds elapsed, finished iteration 407
[LightGBM] [Debug] Trained a tree with leaves = 255 and depth = 16
[LightGBM] [Info] Iteration:408, valid_1 rmse : 9.01737
[LightGBM] [Info] 17.304593 seconds elapsed, finished iteration 408
[LightGBM] [Debug] Trained a tree with leaves = 255 and depth = 17
[LightGBM] [Info] Iteration:409, valid_1 rmse : 9.0179
[LightGBM] [Info] 17.347999 seconds elapsed, finished iteration 409
[LightGBM] [Debug] Trained a tree with leaves = 255 and depth = 22
[LightGBM] [Info] Iteration:410, valid_1 rmse : 9.01799
[LightGBM] [Info] 17.392814 seconds elapsed, finished iteration 410
[LightGBM] [Debug] Trained a tree with leaves = 255 and depth = 19
[LightGBM] [Info] Iteration:411, valid_1 rmse : 9.01838
[LightGBM] [Info] 17.452210 seconds elapsed, finished iteration 411
[LightGBM] [Debug] Trained a tree with leaves = 255 and depth = 18
[LightGBM] [Info] Iteration:412, valid_1 rmse : 9.01842
[LightGBM] [Info] 17.486150 seconds elapsed, finished iteration 412
[LightGBM] [Debug] Trained a tree with leaves = 255 and depth = 20
[LightGBM] [Info] Iteration:413, valid_1 rmse : 9.01762
[LightGBM] [Info] 17.528608 seconds elapsed, finished iteration 413
[LightGBM] [Debug] Trained a tree with leaves = 255 and depth = 26
[LightGBM] [Info] Iteration:414, valid_1 rmse : 9.01778
[LightGBM] [Info] 17.561427 seconds elapsed, finished iteration 414
[LightGBM] [Debug] Trained a tree with leaves = 255 and depth = 21
[LightGBM] [Info] Iteration:415, valid_1 rmse : 9.01789
[LightGBM] [Info] 17.600844 seconds elapsed, finished iteration 415
[LightGBM] [Debug] Trained a tree with leaves = 255 and depth = 21
[LightGBM] [Info] Iteration:416, valid_1 rmse : 9.0175
[LightGBM] [Info] 17.649291 seconds elapsed, finished iteration 416
[LightGBM] [Debug] Trained a tree with leaves = 255 and depth = 20
[LightGBM] [Info] Iteration:417, valid_1 rmse : 9.017
[LightGBM] [Info] 17.685965 seconds elapsed, finished iteration 417
[LightGBM] [Debug] Trained a tree with leaves = 255 and depth = 21
[LightGBM] [Info] Iteration:418, valid_1 rmse : 9.01697
[LightGBM] [Info] 17.720192 seconds elapsed, finished iteration 418
[LightGBM] [Debug] Trained a tree with leaves = 255 and depth = 20
[LightGBM] [Info] Iteration:419, valid_1 rmse : 9.01748
[LightGBM] [Info] 17.751733 seconds elapsed, finished iteration 419
[LightGBM] [Debug] Trained a tree with leaves = 255 and depth = 20
[LightGBM] [Info] Iteration:420, valid_1 rmse : 9.01751
[LightGBM] [Info] 17.780515 seconds elapsed, finished iteration 420
[LightGBM] [Debug] Trained a tree with leaves = 255 and depth = 18
[LightGBM] [Info] Iteration:421, valid_1 rmse : 9.01736
[LightGBM] [Info] 17.807254 seconds elapsed, finished iteration 421
[LightGBM] [Debug] Trained a tree with leaves = 255 and depth = 24
[LightGBM] [Info] Iteration:422, valid_1 rmse : 9.01708
[LightGBM] [Info] 17.841458 seconds elapsed, finished iteration 422
[LightGBM] [Debug] Trained a tree with leaves = 255 and depth = 21
[LightGBM] [Info] Iteration:423, valid_1 rmse : 9.01733
[LightGBM] [Info] 17.874718 seconds elapsed, finished iteration 423
[LightGBM] [Debug] Trained a tree with leaves = 255 and depth = 23
[LightGBM] [Info] Iteration:424, valid_1 rmse : 9.01746
[LightGBM] [Info] 17.904339 seconds elapsed, finished iteration 424
[LightGBM] [Debug] Trained a tree with leaves = 255 and depth = 23
[LightGBM] [Info] Iteration:425, valid_1 rmse : 9.01745
[LightGBM] [Info] 17.961832 seconds elapsed, finished iteration 425
[LightGBM] [Debug] Trained a tree with leaves = 255 and depth = 25
[LightGBM] [Info] Iteration:426, valid_1 rmse : 9.0175
[LightGBM] [Info] 17.994639 seconds elapsed, finished iteration 426
[LightGBM] [Debug] Trained a tree with leaves = 255 and depth = 26
[LightGBM] [Info] Iteration:427, valid_1 rmse : 9.01827
[LightGBM] [Info] 18.024876 seconds elapsed, finished iteration 427
[LightGBM] [Debug] Trained a tree with leaves = 255 and depth = 17
[LightGBM] [Info] Iteration:428, valid_1 rmse : 9.01889
[LightGBM] [Info] 18.057839 seconds elapsed, finished iteration 428
[LightGBM] [Debug] Trained a tree with leaves = 255 and depth = 18
[LightGBM] [Info] Iteration:429, valid_1 rmse : 9.01785
[LightGBM] [Info] 18.101566 seconds elapsed, finished iteration 429
[LightGBM] [Debug] Trained a tree with leaves = 255 and depth = 22
[LightGBM] [Info] Iteration:430, valid_1 rmse : 9.01886
[LightGBM] [Info] 18.148228 seconds elapsed, finished iteration 430
[LightGBM] [Debug] Trained a tree with leaves = 255 and depth = 25
[LightGBM] [Info] Iteration:431, valid_1 rmse : 9.01911
[LightGBM] [Info] 18.183841 seconds elapsed, finished iteration 431
[LightGBM] [Debug] Trained a tree with leaves = 255 and depth = 22
[LightGBM] [Info] Iteration:432, valid_1 rmse : 9.01868
[LightGBM] [Info] 18.215330 seconds elapsed, finished iteration 432
[LightGBM] [Debug] Trained a tree with leaves = 255 and depth = 20
[LightGBM] [Info] Iteration:433, valid_1 rmse : 9.01888
[LightGBM] [Info] 18.250181 seconds elapsed, finished iteration 433
[LightGBM] [Debug] Trained a tree with leaves = 255 and depth = 23
[LightGBM] [Info] Iteration:434, valid_1 rmse : 9.01892
[LightGBM] [Info] 18.280214 seconds elapsed, finished iteration 434
[LightGBM] [Debug] Trained a tree with leaves = 255 and depth = 21
[LightGBM] [Info] Iteration:435, valid_1 rmse : 9.01917
[LightGBM] [Info] 18.310355 seconds elapsed, finished iteration 435
[LightGBM] [Debug] Trained a tree with leaves = 255 and depth = 21
[LightGBM] [Info] Iteration:436, valid_1 rmse : 9.01912
[LightGBM] [Info] 18.344585 seconds elapsed, finished iteration 436
[LightGBM] [Debug] Trained a tree with leaves = 255 and depth = 20
[LightGBM] [Info] Iteration:437, valid_1 rmse : 9.01906
[LightGBM] [Info] 18.372150 seconds elapsed, finished iteration 437
[LightGBM] [Debug] Trained a tree with leaves = 255 and depth = 20
[LightGBM] [Info] Iteration:438, valid_1 rmse : 9.01979
[LightGBM] [Info] 18.410167 seconds elapsed, finished iteration 438
[LightGBM] [Debug] Trained a tree with leaves = 255 and depth = 19
[LightGBM] [Info] Iteration:439, valid_1 rmse : 9.02003
[LightGBM] [Info] 18.450368 seconds elapsed, finished iteration 439
[LightGBM] [Debug] Trained a tree with leaves = 255 and depth = 27
[LightGBM] [Info] Iteration:440, valid_1 rmse : 9.01997
[LightGBM] [Info] 18.481032 seconds elapsed, finished iteration 440
[LightGBM] [Debug] Trained a tree with leaves = 255 and depth = 18
[LightGBM] [Info] Iteration:441, valid_1 rmse : 9.01958
[LightGBM] [Info] 18.518753 seconds elapsed, finished iteration 441
[LightGBM] [Debug] Trained a tree with leaves = 255 and depth = 21
[LightGBM] [Info] Iteration:442, valid_1 rmse : 9.01961
[LightGBM] [Info] 18.554695 seconds elapsed, finished iteration 442
[LightGBM] [Debug] Trained a tree with leaves = 255 and depth = 22
[LightGBM] [Info] Iteration:443, valid_1 rmse : 9.01965
[LightGBM] [Info] 18.587149 seconds elapsed, finished iteration 443
[LightGBM] [Debug] Trained a tree with leaves = 255 and depth = 21
[LightGBM] [Info] Iteration:444, valid_1 rmse : 9.02
[LightGBM] [Info] 18.618489 seconds elapsed, finished iteration 444
[LightGBM] [Debug] Trained a tree with leaves = 255 and depth = 21
[LightGBM] [Info] Iteration:445, valid_1 rmse : 9.01949
[LightGBM] [Info] 18.650421 seconds elapsed, finished iteration 445
[LightGBM] [Debug] Trained a tree with leaves = 255 and depth = 21
[LightGBM] [Info] Iteration:446, valid_1 rmse : 9.0196
[LightGBM] [Info] 18.682512 seconds elapsed, finished iteration 446
[LightGBM] [Debug] Trained a tree with leaves = 255 and depth = 23
[LightGBM] [Info] Iteration:447, valid_1 rmse : 9.02037
[LightGBM] [Info] 18.721758 seconds elapsed, finished iteration 447
[LightGBM] [Debug] Trained a tree with leaves = 255 and depth = 22
[LightGBM] [Info] Iteration:448, valid_1 rmse : 9.02107
[LightGBM] [Info] 18.752573 seconds elapsed, finished iteration 448
[LightGBM] [Debug] Trained a tree with leaves = 255 and depth = 20
[LightGBM] [Info] Iteration:449, valid_1 rmse : 9.02142
[LightGBM] [Info] 18.789554 seconds elapsed, finished iteration 449
[LightGBM] [Debug] Trained a tree with leaves = 255 and depth = 22
[LightGBM] [Info] Iteration:450, valid_1 rmse : 9.02185
[LightGBM] [Info] 18.823357 seconds elapsed, finished iteration 450
[LightGBM] [Debug] Trained a tree with leaves = 255 and depth = 20
[LightGBM] [Info] Iteration:451, valid_1 rmse : 9.02195
[LightGBM] [Info] 18.855564 seconds elapsed, finished iteration 451
[LightGBM] [Debug] Trained a tree with leaves = 255 and depth = 21
[LightGBM] [Info] Iteration:452, valid_1 rmse : 9.02228
[LightGBM] [Info] 18.889918 seconds elapsed, finished iteration 452
[LightGBM] [Debug] Trained a tree with leaves = 255 and depth = 23
[LightGBM] [Info] Iteration:453, valid_1 rmse : 9.02289
[LightGBM] [Info] 18.916020 seconds elapsed, finished iteration 453
[LightGBM] [Debug] Trained a tree with leaves = 255 and depth = 20
[LightGBM] [Info] Iteration:454, valid_1 rmse : 9.02322
[LightGBM] [Info] 18.951549 seconds elapsed, finished iteration 454
[LightGBM] [Debug] Trained a tree with leaves = 255 and depth = 18
[LightGBM] [Info] Iteration:455, valid_1 rmse : 9.02368
[LightGBM] [Info] 18.980085 seconds elapsed, finished iteration 455
[LightGBM] [Debug] Trained a tree with leaves = 255 and depth = 19
[LightGBM] [Info] Iteration:456, valid_1 rmse : 9.02296
[LightGBM] [Info] 19.020132 seconds elapsed, finished iteration 456
[LightGBM] [Debug] Trained a tree with leaves = 255 and depth = 22
[LightGBM] [Info] Iteration:457, valid_1 rmse : 9.02321
[LightGBM] [Info] 19.052291 seconds elapsed, finished iteration 457
[LightGBM] [Debug] Trained a tree with leaves = 255 and depth = 21
[LightGBM] [Info] Iteration:458, valid_1 rmse : 9.02313
[LightGBM] [Info] 19.084367 seconds elapsed, finished iteration 458
[LightGBM] [Debug] Trained a tree with leaves = 255 and depth = 20
[LightGBM] [Info] Iteration:459, valid_1 rmse : 9.02347
[LightGBM] [Info] 19.117733 seconds elapsed, finished iteration 459
[LightGBM] [Debug] Trained a tree with leaves = 255 and depth = 22
[LightGBM] [Info] Iteration:460, valid_1 rmse : 9.02333
[LightGBM] [Info] 19.146029 seconds elapsed, finished iteration 460
[LightGBM] [Debug] Trained a tree with leaves = 255 and depth = 21
[LightGBM] [Info] Iteration:461, valid_1 rmse : 9.02331
[LightGBM] [Info] 19.181652 seconds elapsed, finished iteration 461
[LightGBM] [Debug] Trained a tree with leaves = 255 and depth = 18
[LightGBM] [Info] Iteration:462, valid_1 rmse : 9.02359
[LightGBM] [Info] 19.216091 seconds elapsed, finished iteration 462
[LightGBM] [Debug] Trained a tree with leaves = 255 and depth = 26
[LightGBM] [Info] Iteration:463, valid_1 rmse : 9.024
[LightGBM] [Info] 19.252592 seconds elapsed, finished iteration 463
[LightGBM] [Debug] Trained a tree with leaves = 255 and depth = 35
[LightGBM] [Info] Iteration:464, valid_1 rmse : 9.02428
[LightGBM] [Info] 19.288433 seconds elapsed, finished iteration 464
[LightGBM] [Debug] Trained a tree with leaves = 255 and depth = 25
[LightGBM] [Info] Iteration:465, valid_1 rmse : 9.02489
[LightGBM] [Info] 19.323102 seconds elapsed, finished iteration 465
[LightGBM] [Debug] Trained a tree with leaves = 255 and depth = 23
[LightGBM] [Info] Iteration:466, valid_1 rmse : 9.02544
[LightGBM] [Info] 19.351593 seconds elapsed, finished iteration 466
[LightGBM] [Debug] Trained a tree with leaves = 255 and depth = 19
[LightGBM] [Info] Iteration:467, valid_1 rmse : 9.02595
[LightGBM] [Info] 19.381259 seconds elapsed, finished iteration 467
[LightGBM] [Debug] Trained a tree with leaves = 255 and depth = 19
[LightGBM] [Info] Iteration:468, valid_1 rmse : 9.02617
[LightGBM] [Info] 19.408776 seconds elapsed, finished iteration 468
[LightGBM] [Debug] Trained a tree with leaves = 255 and depth = 19
[LightGBM] [Info] Iteration:469, valid_1 rmse : 9.02739
[LightGBM] [Info] 19.439287 seconds elapsed, finished iteration 469
[LightGBM] [Debug] Trained a tree with leaves = 255 and depth = 24
[LightGBM] [Info] Iteration:470, valid_1 rmse : 9.02794
[LightGBM] [Info] 19.464912 seconds elapsed, finished iteration 470
[LightGBM] [Debug] Trained a tree with leaves = 255 and depth = 21
[LightGBM] [Info] Iteration:471, valid_1 rmse : 9.02859
[LightGBM] [Info] 19.496033 seconds elapsed, finished iteration 471
[LightGBM] [Debug] Trained a tree with leaves = 255 and depth = 21
[LightGBM] [Info] Iteration:472, valid_1 rmse : 9.02769
[LightGBM] [Info] 19.530158 seconds elapsed, finished iteration 472
[LightGBM] [Debug] Trained a tree with leaves = 255 and depth = 22
[LightGBM] [Info] Iteration:473, valid_1 rmse : 9.02796
[LightGBM] [Info] 19.563994 seconds elapsed, finished iteration 473
[LightGBM] [Debug] Trained a tree with leaves = 255 and depth = 19
[LightGBM] [Info] Iteration:474, valid_1 rmse : 9.02815
[LightGBM] [Info] 19.598544 seconds elapsed, finished iteration 474
[LightGBM] [Debug] Trained a tree with leaves = 255 and depth = 23
[LightGBM] [Info] Iteration:475, valid_1 rmse : 9.0281
[LightGBM] [Info] 19.632248 seconds elapsed, finished iteration 475
[LightGBM] [Debug] Trained a tree with leaves = 255 and depth = 21
[LightGBM] [Info] Iteration:476, valid_1 rmse : 9.02856
[LightGBM] [Info] 19.661097 seconds elapsed, finished iteration 476
[LightGBM] [Debug] Trained a tree with leaves = 255 and depth = 26
[LightGBM] [Info] Iteration:477, valid_1 rmse : 9.02835
[LightGBM] [Info] 19.692215 seconds elapsed, finished iteration 477
[LightGBM] [Debug] Trained a tree with leaves = 255 and depth = 21
[LightGBM] [Info] Iteration:478, valid_1 rmse : 9.028
[LightGBM] [Info] 19.722571 seconds elapsed, finished iteration 478
[LightGBM] [Debug] Trained a tree with leaves = 255 and depth = 25
[LightGBM] [Info] Iteration:479, valid_1 rmse : 9.0287
[LightGBM] [Info] 19.750086 seconds elapsed, finished iteration 479
[LightGBM] [Debug] Trained a tree with leaves = 255 and depth = 28
[LightGBM] [Info] Iteration:480, valid_1 rmse : 9.02929
[LightGBM] [Info] 19.783560 seconds elapsed, finished iteration 480
[LightGBM] [Debug] Trained a tree with leaves = 255 and depth = 19
[LightGBM] [Info] Iteration:481, valid_1 rmse : 9.0299
[LightGBM] [Info] 19.812112 seconds elapsed, finished iteration 481
[LightGBM] [Debug] Trained a tree with leaves = 255 and depth = 20
[LightGBM] [Info] Iteration:482, valid_1 rmse : 9.03057
[LightGBM] [Info] 19.840412 seconds elapsed, finished iteration 482
[LightGBM] [Debug] Trained a tree with leaves = 255 and depth = 21
[LightGBM] [Info] Iteration:483, valid_1 rmse : 9.03086
[LightGBM] [Info] 19.877829 seconds elapsed, finished iteration 483
[LightGBM] [Debug] Trained a tree with leaves = 255 and depth = 19
[LightGBM] [Info] Iteration:484, valid_1 rmse : 9.0315
[LightGBM] [Info] 19.908416 seconds elapsed, finished iteration 484
[LightGBM] [Debug] Trained a tree with leaves = 255 and depth = 21
[LightGBM] [Info] Iteration:485, valid_1 rmse : 9.03128
[LightGBM] [Info] 19.942397 seconds elapsed, finished iteration 485
[LightGBM] [Debug] Trained a tree with leaves = 255 and depth = 18
[LightGBM] [Info] Iteration:486, valid_1 rmse : 9.03125
[LightGBM] [Info] 19.974350 seconds elapsed, finished iteration 486
[LightGBM] [Debug] Trained a tree with leaves = 255 and depth = 19
[LightGBM] [Info] Iteration:487, valid_1 rmse : 9.03154
[LightGBM] [Info] 20.015659 seconds elapsed, finished iteration 487
[LightGBM] [Debug] Trained a tree with leaves = 255 and depth = 24
[LightGBM] [Info] Iteration:488, valid_1 rmse : 9.03135
[LightGBM] [Info] 20.043632 seconds elapsed, finished iteration 488
[LightGBM] [Debug] Trained a tree with leaves = 255 and depth = 21
[LightGBM] [Info] Iteration:489, valid_1 rmse : 9.03158
[LightGBM] [Info] 20.076214 seconds elapsed, finished iteration 489
[LightGBM] [Debug] Trained a tree with leaves = 255 and depth = 25
[LightGBM] [Info] Iteration:490, valid_1 rmse : 9.03112
[LightGBM] [Info] 20.111954 seconds elapsed, finished iteration 490
[LightGBM] [Debug] Trained a tree with leaves = 255 and depth = 21
[LightGBM] [Info] Iteration:491, valid_1 rmse : 9.03139
[LightGBM] [Info] 20.140354 seconds elapsed, finished iteration 491
[LightGBM] [Debug] Trained a tree with leaves = 255 and depth = 21
[LightGBM] [Info] Iteration:492, valid_1 rmse : 9.0314
[LightGBM] [Info] 20.170269 seconds elapsed, finished iteration 492
[LightGBM] [Debug] Trained a tree with leaves = 255 and depth = 22
[LightGBM] [Info] Iteration:493, valid_1 rmse : 9.03189
[LightGBM] [Info] 20.214303 seconds elapsed, finished iteration 493
[LightGBM] [Debug] Trained a tree with leaves = 255 and depth = 24
[LightGBM] [Info] Iteration:494, valid_1 rmse : 9.03261
[LightGBM] [Info] 20.251900 seconds elapsed, finished iteration 494
[LightGBM] [Debug] Trained a tree with leaves = 255 and depth = 17
[LightGBM] [Info] Iteration:495, valid_1 rmse : 9.03279
[LightGBM] [Info] 20.284226 seconds elapsed, finished iteration 495
[LightGBM] [Debug] Trained a tree with leaves = 255 and depth = 20
[LightGBM] [Info] Iteration:496, valid_1 rmse : 9.0333
[LightGBM] [Info] 20.316595 seconds elapsed, finished iteration 496
[LightGBM] [Debug] Trained a tree with leaves = 255 and depth = 22
[LightGBM] [Info] Iteration:497, valid_1 rmse : 9.03348
[LightGBM] [Info] 20.357224 seconds elapsed, finished iteration 497
[LightGBM] [Debug] Trained a tree with leaves = 255 and depth = 20
[LightGBM] [Info] Iteration:498, valid_1 rmse : 9.0338
[LightGBM] [Info] 20.386162 seconds elapsed, finished iteration 498
[LightGBM] [Debug] Trained a tree with leaves = 255 and depth = 28
[LightGBM] [Info] Iteration:499, valid_1 rmse : 9.0339
[LightGBM] [Info] 20.420626 seconds elapsed, finished iteration 499
[LightGBM] [Debug] Trained a tree with leaves = 255 and depth = 24
[LightGBM] [Info] Iteration:500, valid_1 rmse : 9.03428
[LightGBM] [Info] 20.459943 seconds elapsed, finished iteration 500
[LightGBM] [Info] Finished training
