[LightGBM] [Warning] use_discretized_grad is set=true, use_discretized_grad=true will be ignored. Current value: use_discretized_grad=true
[LightGBM] [Warning] discretized_grad_renew is set=false, discretized_grad_renew=true will be ignored. Current value: discretized_grad_renew=false
[LightGBM] [Info] Finished loading parameters
[LightGBM] [Debug] Loading train file...
[LightGBM] [Info] Construct bin mappers from text data time 0.52 seconds
[LightGBM] [Debug] Loading validation file #1...
[LightGBM] [Info] Finished loading data in 14.746649 seconds
[LightGBM] [Info] Number of positive: 5564616, number of negative: 4935384
[LightGBM] [Debug] Dataset::GetMultiBinFromAllFeatures: sparse rate 0.078910
[LightGBM] [Info] Total Bins 6132
[LightGBM] [Info] Number of data points in the train set: 10500000, number of used features: 28
[LightGBM] [Debug] Number of data points in validation set #1: 500000
[LightGBM] [Info] Finished initializing training
[LightGBM] [Info] Started training...
[LightGBM] [Info] [binary:BoostFromScore]: pavg=0.529963 -> initscore=0.119997
[LightGBM] [Info] Start training from score 0.119997
[LightGBM] [Debug] Trained a tree with leaves = 255 and depth = 13
[LightGBM] [Info] Iteration:1, valid_1 auc : 0.771848
[LightGBM] [Info] 0.521402 seconds elapsed, finished iteration 1
[LightGBM] [Debug] Trained a tree with leaves = 255 and depth = 14
[LightGBM] [Info] Iteration:2, valid_1 auc : 0.777715
[LightGBM] [Info] 1.025625 seconds elapsed, finished iteration 2
[LightGBM] [Debug] Trained a tree with leaves = 255 and depth = 13
[LightGBM] [Info] Iteration:3, valid_1 auc : 0.781558
[LightGBM] [Info] 1.547725 seconds elapsed, finished iteration 3
[LightGBM] [Debug] Trained a tree with leaves = 255 and depth = 15
[LightGBM] [Info] Iteration:4, valid_1 auc : 0.7843
[LightGBM] [Info] 2.062863 seconds elapsed, finished iteration 4
[LightGBM] [Debug] Trained a tree with leaves = 255 and depth = 14
[LightGBM] [Info] Iteration:5, valid_1 auc : 0.786584
[LightGBM] [Info] 2.622143 seconds elapsed, finished iteration 5
[LightGBM] [Debug] Trained a tree with leaves = 255 and depth = 13
[LightGBM] [Info] Iteration:6, valid_1 auc : 0.788163
[LightGBM] [Info] 3.191777 seconds elapsed, finished iteration 6
[LightGBM] [Debug] Trained a tree with leaves = 255 and depth = 13
[LightGBM] [Info] Iteration:7, valid_1 auc : 0.79023
[LightGBM] [Info] 3.734780 seconds elapsed, finished iteration 7
[LightGBM] [Debug] Trained a tree with leaves = 255 and depth = 15
[LightGBM] [Info] Iteration:8, valid_1 auc : 0.791842
[LightGBM] [Info] 4.282614 seconds elapsed, finished iteration 8
[LightGBM] [Debug] Trained a tree with leaves = 255 and depth = 14
[LightGBM] [Info] Iteration:9, valid_1 auc : 0.793375
[LightGBM] [Info] 4.856376 seconds elapsed, finished iteration 9
[LightGBM] [Debug] Trained a tree with leaves = 255 and depth = 14
[LightGBM] [Info] Iteration:10, valid_1 auc : 0.794453
[LightGBM] [Info] 5.420607 seconds elapsed, finished iteration 10
[LightGBM] [Debug] Trained a tree with leaves = 255 and depth = 14
[LightGBM] [Info] Iteration:11, valid_1 auc : 0.795743
[LightGBM] [Info] 5.935866 seconds elapsed, finished iteration 11
[LightGBM] [Debug] Trained a tree with leaves = 255 and depth = 14
[LightGBM] [Info] Iteration:12, valid_1 auc : 0.796959
[LightGBM] [Info] 6.462105 seconds elapsed, finished iteration 12
[LightGBM] [Debug] Trained a tree with leaves = 255 and depth = 14
[LightGBM] [Info] Iteration:13, valid_1 auc : 0.798008
[LightGBM] [Info] 6.976075 seconds elapsed, finished iteration 13
[LightGBM] [Debug] Trained a tree with leaves = 255 and depth = 14
[LightGBM] [Info] Iteration:14, valid_1 auc : 0.799292
[LightGBM] [Info] 7.477310 seconds elapsed, finished iteration 14
[LightGBM] [Debug] Trained a tree with leaves = 255 and depth = 15
[LightGBM] [Info] Iteration:15, valid_1 auc : 0.800346
[LightGBM] [Info] 8.011478 seconds elapsed, finished iteration 15
[LightGBM] [Debug] Trained a tree with leaves = 255 and depth = 16
[LightGBM] [Info] Iteration:16, valid_1 auc : 0.801462
[LightGBM] [Info] 8.510954 seconds elapsed, finished iteration 16
[LightGBM] [Debug] Trained a tree with leaves = 255 and depth = 15
[LightGBM] [Info] Iteration:17, valid_1 auc : 0.802999
[LightGBM] [Info] 9.049098 seconds elapsed, finished iteration 17
[LightGBM] [Debug] Trained a tree with leaves = 255 and depth = 17
[LightGBM] [Info] Iteration:18, valid_1 auc : 0.803797
[LightGBM] [Info] 9.556167 seconds elapsed, finished iteration 18
[LightGBM] [Debug] Trained a tree with leaves = 255 and depth = 15
[LightGBM] [Info] Iteration:19, valid_1 auc : 0.804626
[LightGBM] [Info] 10.118535 seconds elapsed, finished iteration 19
[LightGBM] [Debug] Trained a tree with leaves = 255 and depth = 18
[LightGBM] [Info] Iteration:20, valid_1 auc : 0.805741
[LightGBM] [Info] 10.629593 seconds elapsed, finished iteration 20
[LightGBM] [Debug] Trained a tree with leaves = 255 and depth = 17
[LightGBM] [Info] Iteration:21, valid_1 auc : 0.806767
[LightGBM] [Info] 11.167111 seconds elapsed, finished iteration 21
[LightGBM] [Debug] Trained a tree with leaves = 255 and depth = 13
[LightGBM] [Info] Iteration:22, valid_1 auc : 0.807408
[LightGBM] [Info] 11.666275 seconds elapsed, finished iteration 22
[LightGBM] [Debug] Trained a tree with leaves = 255 and depth = 16
[LightGBM] [Info] Iteration:23, valid_1 auc : 0.808412
[LightGBM] [Info] 12.166630 seconds elapsed, finished iteration 23
[LightGBM] [Debug] Trained a tree with leaves = 255 and depth = 16
[LightGBM] [Info] Iteration:24, valid_1 auc : 0.809152
[LightGBM] [Info] 12.699235 seconds elapsed, finished iteration 24
[LightGBM] [Debug] Trained a tree with leaves = 255 and depth = 18
[LightGBM] [Info] Iteration:25, valid_1 auc : 0.80991
[LightGBM] [Info] 13.257831 seconds elapsed, finished iteration 25
[LightGBM] [Debug] Trained a tree with leaves = 255 and depth = 16
[LightGBM] [Info] Iteration:26, valid_1 auc : 0.810677
[LightGBM] [Info] 13.785926 seconds elapsed, finished iteration 26
[LightGBM] [Debug] Trained a tree with leaves = 255 and depth = 15
[LightGBM] [Info] Iteration:27, valid_1 auc : 0.811344
[LightGBM] [Info] 14.317152 seconds elapsed, finished iteration 27
[LightGBM] [Debug] Trained a tree with leaves = 255 and depth = 16
[LightGBM] [Info] Iteration:28, valid_1 auc : 0.811975
[LightGBM] [Info] 14.895969 seconds elapsed, finished iteration 28
[LightGBM] [Debug] Trained a tree with leaves = 255 and depth = 18
[LightGBM] [Info] Iteration:29, valid_1 auc : 0.812618
[LightGBM] [Info] 15.453423 seconds elapsed, finished iteration 29
[LightGBM] [Debug] Trained a tree with leaves = 255 and depth = 17
[LightGBM] [Info] Iteration:30, valid_1 auc : 0.813203
[LightGBM] [Info] 15.965085 seconds elapsed, finished iteration 30
[LightGBM] [Debug] Trained a tree with leaves = 255 and depth = 15
[LightGBM] [Info] Iteration:31, valid_1 auc : 0.813811
[LightGBM] [Info] 16.515551 seconds elapsed, finished iteration 31
[LightGBM] [Debug] Trained a tree with leaves = 255 and depth = 15
[LightGBM] [Info] Iteration:32, valid_1 auc : 0.814316
[LightGBM] [Info] 17.083510 seconds elapsed, finished iteration 32
[LightGBM] [Debug] Trained a tree with leaves = 255 and depth = 14
[LightGBM] [Info] Iteration:33, valid_1 auc : 0.814896
[LightGBM] [Info] 17.634223 seconds elapsed, finished iteration 33
[LightGBM] [Debug] Trained a tree with leaves = 255 and depth = 17
[LightGBM] [Info] Iteration:34, valid_1 auc : 0.815366
[LightGBM] [Info] 18.180269 seconds elapsed, finished iteration 34
[LightGBM] [Debug] Trained a tree with leaves = 255 and depth = 16
[LightGBM] [Info] Iteration:35, valid_1 auc : 0.81585
[LightGBM] [Info] 18.681482 seconds elapsed, finished iteration 35
[LightGBM] [Debug] Trained a tree with leaves = 255 and depth = 18
[LightGBM] [Info] Iteration:36, valid_1 auc : 0.816299
[LightGBM] [Info] 19.192021 seconds elapsed, finished iteration 36
[LightGBM] [Debug] Trained a tree with leaves = 255 and depth = 19
[LightGBM] [Info] Iteration:37, valid_1 auc : 0.816708
[LightGBM] [Info] 19.713977 seconds elapsed, finished iteration 37
[LightGBM] [Debug] Trained a tree with leaves = 255 and depth = 21
[LightGBM] [Info] Iteration:38, valid_1 auc : 0.817128
[LightGBM] [Info] 20.212250 seconds elapsed, finished iteration 38
[LightGBM] [Debug] Trained a tree with leaves = 255 and depth = 15
[LightGBM] [Info] Iteration:39, valid_1 auc : 0.817541
[LightGBM] [Info] 20.709485 seconds elapsed, finished iteration 39
[LightGBM] [Debug] Trained a tree with leaves = 255 and depth = 19
[LightGBM] [Info] Iteration:40, valid_1 auc : 0.817941
[LightGBM] [Info] 21.222140 seconds elapsed, finished iteration 40
[LightGBM] [Debug] Trained a tree with leaves = 255 and depth = 21
[LightGBM] [Info] Iteration:41, valid_1 auc : 0.818363
[LightGBM] [Info] 21.774334 seconds elapsed, finished iteration 41
[LightGBM] [Debug] Trained a tree with leaves = 255 and depth = 20
[LightGBM] [Info] Iteration:42, valid_1 auc : 0.818751
[LightGBM] [Info] 22.315493 seconds elapsed, finished iteration 42
[LightGBM] [Debug] Trained a tree with leaves = 255 and depth = 20
[LightGBM] [Info] Iteration:43, valid_1 auc : 0.819194
[LightGBM] [Info] 22.840841 seconds elapsed, finished iteration 43
[LightGBM] [Debug] Trained a tree with leaves = 255 and depth = 16
[LightGBM] [Info] Iteration:44, valid_1 auc : 0.819524
[LightGBM] [Info] 23.370118 seconds elapsed, finished iteration 44
[LightGBM] [Debug] Trained a tree with leaves = 255 and depth = 18
[LightGBM] [Info] Iteration:45, valid_1 auc : 0.819873
[LightGBM] [Info] 23.900116 seconds elapsed, finished iteration 45
[LightGBM] [Debug] Trained a tree with leaves = 255 and depth = 18
[LightGBM] [Info] Iteration:46, valid_1 auc : 0.820255
[LightGBM] [Info] 24.391850 seconds elapsed, finished iteration 46
[LightGBM] [Debug] Trained a tree with leaves = 255 and depth = 20
[LightGBM] [Info] Iteration:47, valid_1 auc : 0.820598
[LightGBM] [Info] 24.933264 seconds elapsed, finished iteration 47
[LightGBM] [Debug] Trained a tree with leaves = 255 and depth = 18
[LightGBM] [Info] Iteration:48, valid_1 auc : 0.820948
[LightGBM] [Info] 25.452350 seconds elapsed, finished iteration 48
[LightGBM] [Debug] Trained a tree with leaves = 255 and depth = 24
[LightGBM] [Info] Iteration:49, valid_1 auc : 0.821235
[LightGBM] [Info] 25.997157 seconds elapsed, finished iteration 49
[LightGBM] [Debug] Trained a tree with leaves = 255 and depth = 22
[LightGBM] [Info] Iteration:50, valid_1 auc : 0.821597
[LightGBM] [Info] 26.482261 seconds elapsed, finished iteration 50
[LightGBM] [Debug] Trained a tree with leaves = 255 and depth = 17
[LightGBM] [Info] Iteration:51, valid_1 auc : 0.821864
[LightGBM] [Info] 26.980708 seconds elapsed, finished iteration 51
[LightGBM] [Debug] Trained a tree with leaves = 255 and depth = 22
[LightGBM] [Info] Iteration:52, valid_1 auc : 0.822197
[LightGBM] [Info] 27.460604 seconds elapsed, finished iteration 52
[LightGBM] [Debug] Trained a tree with leaves = 255 and depth = 22
[LightGBM] [Info] Iteration:53, valid_1 auc : 0.82249
[LightGBM] [Info] 27.908185 seconds elapsed, finished iteration 53
[LightGBM] [Debug] Trained a tree with leaves = 255 and depth = 18
[LightGBM] [Info] Iteration:54, valid_1 auc : 0.822801
[LightGBM] [Info] 28.382196 seconds elapsed, finished iteration 54
[LightGBM] [Debug] Trained a tree with leaves = 255 and depth = 27
[LightGBM] [Info] Iteration:55, valid_1 auc : 0.823121
[LightGBM] [Info] 28.888263 seconds elapsed, finished iteration 55
[LightGBM] [Debug] Trained a tree with leaves = 255 and depth = 16
[LightGBM] [Info] Iteration:56, valid_1 auc : 0.82335
[LightGBM] [Info] 29.390969 seconds elapsed, finished iteration 56
[LightGBM] [Debug] Trained a tree with leaves = 255 and depth = 18
[LightGBM] [Info] Iteration:57, valid_1 auc : 0.823573
[LightGBM] [Info] 29.920598 seconds elapsed, finished iteration 57
[LightGBM] [Debug] Trained a tree with leaves = 255 and depth = 18
[LightGBM] [Info] Iteration:58, valid_1 auc : 0.823886
[LightGBM] [Info] 30.436602 seconds elapsed, finished iteration 58
[LightGBM] [Debug] Trained a tree with leaves = 255 and depth = 27
[LightGBM] [Info] Iteration:59, valid_1 auc : 0.824173
[LightGBM] [Info] 30.937435 seconds elapsed, finished iteration 59
[LightGBM] [Debug] Trained a tree with leaves = 255 and depth = 18
[LightGBM] [Info] Iteration:60, valid_1 auc : 0.824443
[LightGBM] [Info] 31.465236 seconds elapsed, finished iteration 60
[LightGBM] [Debug] Trained a tree with leaves = 255 and depth = 18
[LightGBM] [Info] Iteration:61, valid_1 auc : 0.824678
[LightGBM] [Info] 31.977555 seconds elapsed, finished iteration 61
[LightGBM] [Debug] Trained a tree with leaves = 255 and depth = 23
[LightGBM] [Info] Iteration:62, valid_1 auc : 0.824924
[LightGBM] [Info] 32.483457 seconds elapsed, finished iteration 62
[LightGBM] [Debug] Trained a tree with leaves = 255 and depth = 21
[LightGBM] [Info] Iteration:63, valid_1 auc : 0.825186
[LightGBM] [Info] 32.962195 seconds elapsed, finished iteration 63
[LightGBM] [Debug] Trained a tree with leaves = 255 and depth = 20
[LightGBM] [Info] Iteration:64, valid_1 auc : 0.82544
[LightGBM] [Info] 33.473372 seconds elapsed, finished iteration 64
[LightGBM] [Debug] Trained a tree with leaves = 255 and depth = 21
[LightGBM] [Info] Iteration:65, valid_1 auc : 0.825701
[LightGBM] [Info] 33.979444 seconds elapsed, finished iteration 65
[LightGBM] [Debug] Trained a tree with leaves = 255 and depth = 16
[LightGBM] [Info] Iteration:66, valid_1 auc : 0.825875
[LightGBM] [Info] 34.482854 seconds elapsed, finished iteration 66
[LightGBM] [Debug] Trained a tree with leaves = 255 and depth = 23
[LightGBM] [Info] Iteration:67, valid_1 auc : 0.826127
[LightGBM] [Info] 34.996810 seconds elapsed, finished iteration 67
[LightGBM] [Debug] Trained a tree with leaves = 255 and depth = 20
[LightGBM] [Info] Iteration:68, valid_1 auc : 0.82635
[LightGBM] [Info] 35.486160 seconds elapsed, finished iteration 68
[LightGBM] [Debug] Trained a tree with leaves = 255 and depth = 21
[LightGBM] [Info] Iteration:69, valid_1 auc : 0.826581
[LightGBM] [Info] 35.976708 seconds elapsed, finished iteration 69
[LightGBM] [Debug] Trained a tree with leaves = 255 and depth = 23
[LightGBM] [Info] Iteration:70, valid_1 auc : 0.826811
[LightGBM] [Info] 36.451495 seconds elapsed, finished iteration 70
[LightGBM] [Debug] Trained a tree with leaves = 255 and depth = 20
[LightGBM] [Info] Iteration:71, valid_1 auc : 0.827014
[LightGBM] [Info] 36.943570 seconds elapsed, finished iteration 71
[LightGBM] [Debug] Trained a tree with leaves = 255 and depth = 20
[LightGBM] [Info] Iteration:72, valid_1 auc : 0.827187
[LightGBM] [Info] 37.421114 seconds elapsed, finished iteration 72
[LightGBM] [Debug] Trained a tree with leaves = 255 and depth = 18
[LightGBM] [Info] Iteration:73, valid_1 auc : 0.827382
[LightGBM] [Info] 37.903474 seconds elapsed, finished iteration 73
[LightGBM] [Debug] Trained a tree with leaves = 255 and depth = 21
[LightGBM] [Info] Iteration:74, valid_1 auc : 0.827559
[LightGBM] [Info] 38.442558 seconds elapsed, finished iteration 74
[LightGBM] [Debug] Trained a tree with leaves = 255 and depth = 19
[LightGBM] [Info] Iteration:75, valid_1 auc : 0.827771
[LightGBM] [Info] 38.915980 seconds elapsed, finished iteration 75
[LightGBM] [Debug] Trained a tree with leaves = 255 and depth = 21
[LightGBM] [Info] Iteration:76, valid_1 auc : 0.827943
[LightGBM] [Info] 39.444257 seconds elapsed, finished iteration 76
[LightGBM] [Debug] Trained a tree with leaves = 255 and depth = 19
[LightGBM] [Info] Iteration:77, valid_1 auc : 0.828198
[LightGBM] [Info] 39.939390 seconds elapsed, finished iteration 77
[LightGBM] [Debug] Trained a tree with leaves = 255 and depth = 18
[LightGBM] [Info] Iteration:78, valid_1 auc : 0.828386
[LightGBM] [Info] 40.460264 seconds elapsed, finished iteration 78
[LightGBM] [Debug] Trained a tree with leaves = 255 and depth = 19
[LightGBM] [Info] Iteration:79, valid_1 auc : 0.828563
[LightGBM] [Info] 41.058212 seconds elapsed, finished iteration 79
[LightGBM] [Debug] Trained a tree with leaves = 255 and depth = 23
[LightGBM] [Info] Iteration:80, valid_1 auc : 0.828734
[LightGBM] [Info] 41.594922 seconds elapsed, finished iteration 80
[LightGBM] [Debug] Trained a tree with leaves = 255 and depth = 21
[LightGBM] [Info] Iteration:81, valid_1 auc : 0.828873
[LightGBM] [Info] 42.095621 seconds elapsed, finished iteration 81
[LightGBM] [Debug] Trained a tree with leaves = 255 and depth = 19
[LightGBM] [Info] Iteration:82, valid_1 auc : 0.829056
[LightGBM] [Info] 42.600246 seconds elapsed, finished iteration 82
[LightGBM] [Debug] Trained a tree with leaves = 255 and depth = 20
[LightGBM] [Info] Iteration:83, valid_1 auc : 0.829204
[LightGBM] [Info] 43.099271 seconds elapsed, finished iteration 83
[LightGBM] [Debug] Trained a tree with leaves = 255 and depth = 23
[LightGBM] [Info] Iteration:84, valid_1 auc : 0.829343
[LightGBM] [Info] 43.606621 seconds elapsed, finished iteration 84
[LightGBM] [Debug] Trained a tree with leaves = 255 and depth = 19
[LightGBM] [Info] Iteration:85, valid_1 auc : 0.829552
[LightGBM] [Info] 44.124992 seconds elapsed, finished iteration 85
[LightGBM] [Debug] Trained a tree with leaves = 255 and depth = 23
[LightGBM] [Info] Iteration:86, valid_1 auc : 0.829689
[LightGBM] [Info] 44.618065 seconds elapsed, finished iteration 86
[LightGBM] [Debug] Trained a tree with leaves = 255 and depth = 22
[LightGBM] [Info] Iteration:87, valid_1 auc : 0.829861
[LightGBM] [Info] 45.085108 seconds elapsed, finished iteration 87
[LightGBM] [Debug] Trained a tree with leaves = 255 and depth = 20
[LightGBM] [Info] Iteration:88, valid_1 auc : 0.83003
[LightGBM] [Info] 45.590627 seconds elapsed, finished iteration 88
[LightGBM] [Debug] Trained a tree with leaves = 255 and depth = 26
[LightGBM] [Info] Iteration:89, valid_1 auc : 0.830167
[LightGBM] [Info] 46.074816 seconds elapsed, finished iteration 89
[LightGBM] [Debug] Trained a tree with leaves = 255 and depth = 24
[LightGBM] [Info] Iteration:90, valid_1 auc : 0.830321
[LightGBM] [Info] 46.590336 seconds elapsed, finished iteration 90
[LightGBM] [Debug] Trained a tree with leaves = 255 and depth = 16
[LightGBM] [Info] Iteration:91, valid_1 auc : 0.830462
[LightGBM] [Info] 47.081782 seconds elapsed, finished iteration 91
[LightGBM] [Debug] Trained a tree with leaves = 255 and depth = 17
[LightGBM] [Info] Iteration:92, valid_1 auc : 0.830602
[LightGBM] [Info] 47.573388 seconds elapsed, finished iteration 92
[LightGBM] [Debug] Trained a tree with leaves = 255 and depth = 16
[LightGBM] [Info] Iteration:93, valid_1 auc : 0.830732
[LightGBM] [Info] 48.069027 seconds elapsed, finished iteration 93
[LightGBM] [Debug] Trained a tree with leaves = 255 and depth = 19
[LightGBM] [Info] Iteration:94, valid_1 auc : 0.830878
[LightGBM] [Info] 48.522594 seconds elapsed, finished iteration 94
[LightGBM] [Debug] Trained a tree with leaves = 255 and depth = 26
[LightGBM] [Info] Iteration:95, valid_1 auc : 0.83106
[LightGBM] [Info] 49.016576 seconds elapsed, finished iteration 95
[LightGBM] [Debug] Trained a tree with leaves = 255 and depth = 27
[LightGBM] [Info] Iteration:96, valid_1 auc : 0.831212
[LightGBM] [Info] 49.524826 seconds elapsed, finished iteration 96
[LightGBM] [Debug] Trained a tree with leaves = 255 and depth = 22
[LightGBM] [Info] Iteration:97, valid_1 auc : 0.831341
[LightGBM] [Info] 50.022177 seconds elapsed, finished iteration 97
[LightGBM] [Debug] Trained a tree with leaves = 255 and depth = 17
[LightGBM] [Info] Iteration:98, valid_1 auc : 0.831462
[LightGBM] [Info] 50.509574 seconds elapsed, finished iteration 98
[LightGBM] [Debug] Trained a tree with leaves = 255 and depth = 30
[LightGBM] [Info] Iteration:99, valid_1 auc : 0.831603
[LightGBM] [Info] 51.043029 seconds elapsed, finished iteration 99
[LightGBM] [Debug] Trained a tree with leaves = 255 and depth = 23
[LightGBM] [Info] Iteration:100, valid_1 auc : 0.831724
[LightGBM] [Info] 51.537737 seconds elapsed, finished iteration 100
[LightGBM] [Debug] Trained a tree with leaves = 255 and depth = 22
[LightGBM] [Info] Iteration:101, valid_1 auc : 0.831841
[LightGBM] [Info] 52.075700 seconds elapsed, finished iteration 101
[LightGBM] [Debug] Trained a tree with leaves = 255 and depth = 25
[LightGBM] [Info] Iteration:102, valid_1 auc : 0.831982
[LightGBM] [Info] 52.599545 seconds elapsed, finished iteration 102
[LightGBM] [Debug] Trained a tree with leaves = 255 and depth = 25
[LightGBM] [Info] Iteration:103, valid_1 auc : 0.832105
[LightGBM] [Info] 53.047693 seconds elapsed, finished iteration 103
[LightGBM] [Debug] Trained a tree with leaves = 255 and depth = 15
[LightGBM] [Info] Iteration:104, valid_1 auc : 0.832201
[LightGBM] [Info] 53.521946 seconds elapsed, finished iteration 104
[LightGBM] [Debug] Trained a tree with leaves = 255 and depth = 24
[LightGBM] [Info] Iteration:105, valid_1 auc : 0.832353
[LightGBM] [Info] 54.032667 seconds elapsed, finished iteration 105
[LightGBM] [Debug] Trained a tree with leaves = 255 and depth = 20
[LightGBM] [Info] Iteration:106, valid_1 auc : 0.832491
[LightGBM] [Info] 54.515640 seconds elapsed, finished iteration 106
[LightGBM] [Debug] Trained a tree with leaves = 255 and depth = 19
[LightGBM] [Info] Iteration:107, valid_1 auc : 0.832624
[LightGBM] [Info] 55.016251 seconds elapsed, finished iteration 107
[LightGBM] [Debug] Trained a tree with leaves = 255 and depth = 15
[LightGBM] [Info] Iteration:108, valid_1 auc : 0.832791
[LightGBM] [Info] 55.485434 seconds elapsed, finished iteration 108
[LightGBM] [Debug] Trained a tree with leaves = 255 and depth = 16
[LightGBM] [Info] Iteration:109, valid_1 auc : 0.832902
[LightGBM] [Info] 56.006103 seconds elapsed, finished iteration 109
[LightGBM] [Debug] Trained a tree with leaves = 255 and depth = 21
[LightGBM] [Info] Iteration:110, valid_1 auc : 0.833052
[LightGBM] [Info] 56.533871 seconds elapsed, finished iteration 110
[LightGBM] [Debug] Trained a tree with leaves = 255 and depth = 18
[LightGBM] [Info] Iteration:111, valid_1 auc : 0.833154
[LightGBM] [Info] 57.042090 seconds elapsed, finished iteration 111
[LightGBM] [Debug] Trained a tree with leaves = 255 and depth = 28
[LightGBM] [Info] Iteration:112, valid_1 auc : 0.833256
[LightGBM] [Info] 57.547274 seconds elapsed, finished iteration 112
[LightGBM] [Debug] Trained a tree with leaves = 255 and depth = 17
[LightGBM] [Info] Iteration:113, valid_1 auc : 0.83336
[LightGBM] [Info] 58.016452 seconds elapsed, finished iteration 113
[LightGBM] [Debug] Trained a tree with leaves = 255 and depth = 18
[LightGBM] [Info] Iteration:114, valid_1 auc : 0.833525
[LightGBM] [Info] 58.467567 seconds elapsed, finished iteration 114
[LightGBM] [Debug] Trained a tree with leaves = 255 and depth = 19
[LightGBM] [Info] Iteration:115, valid_1 auc : 0.833637
[LightGBM] [Info] 58.945807 seconds elapsed, finished iteration 115
[LightGBM] [Debug] Trained a tree with leaves = 255 and depth = 22
[LightGBM] [Info] Iteration:116, valid_1 auc : 0.83374
[LightGBM] [Info] 59.400539 seconds elapsed, finished iteration 116
[LightGBM] [Debug] Trained a tree with leaves = 255 and depth = 18
[LightGBM] [Info] Iteration:117, valid_1 auc : 0.833881
[LightGBM] [Info] 59.879039 seconds elapsed, finished iteration 117
[LightGBM] [Debug] Trained a tree with leaves = 255 and depth = 22
[LightGBM] [Info] Iteration:118, valid_1 auc : 0.833976
[LightGBM] [Info] 60.353366 seconds elapsed, finished iteration 118
[LightGBM] [Debug] Trained a tree with leaves = 255 and depth = 27
[LightGBM] [Info] Iteration:119, valid_1 auc : 0.834059
[LightGBM] [Info] 60.756789 seconds elapsed, finished iteration 119
[LightGBM] [Debug] Trained a tree with leaves = 255 and depth = 21
[LightGBM] [Info] Iteration:120, valid_1 auc : 0.834176
[LightGBM] [Info] 61.286731 seconds elapsed, finished iteration 120
[LightGBM] [Debug] Trained a tree with leaves = 255 and depth = 28
[LightGBM] [Info] Iteration:121, valid_1 auc : 0.834312
[LightGBM] [Info] 61.776364 seconds elapsed, finished iteration 121
[LightGBM] [Debug] Trained a tree with leaves = 255 and depth = 22
[LightGBM] [Info] Iteration:122, valid_1 auc : 0.834399
[LightGBM] [Info] 62.250612 seconds elapsed, finished iteration 122
[LightGBM] [Debug] Trained a tree with leaves = 255 and depth = 24
[LightGBM] [Info] Iteration:123, valid_1 auc : 0.834476
[LightGBM] [Info] 62.700064 seconds elapsed, finished iteration 123
[LightGBM] [Debug] Trained a tree with leaves = 255 and depth = 17
[LightGBM] [Info] Iteration:124, valid_1 auc : 0.834561
[LightGBM] [Info] 63.117664 seconds elapsed, finished iteration 124
[LightGBM] [Debug] Trained a tree with leaves = 255 and depth = 18
[LightGBM] [Info] Iteration:125, valid_1 auc : 0.834632
[LightGBM] [Info] 63.535723 seconds elapsed, finished iteration 125
[LightGBM] [Debug] Trained a tree with leaves = 255 and depth = 19
[LightGBM] [Info] Iteration:126, valid_1 auc : 0.834748
[LightGBM] [Info] 63.973027 seconds elapsed, finished iteration 126
[LightGBM] [Debug] Trained a tree with leaves = 255 and depth = 28
[LightGBM] [Info] Iteration:127, valid_1 auc : 0.834845
[LightGBM] [Info] 64.418257 seconds elapsed, finished iteration 127
[LightGBM] [Debug] Trained a tree with leaves = 255 and depth = 19
[LightGBM] [Info] Iteration:128, valid_1 auc : 0.834914
[LightGBM] [Info] 64.810604 seconds elapsed, finished iteration 128
[LightGBM] [Debug] Trained a tree with leaves = 255 and depth = 21
[LightGBM] [Info] Iteration:129, valid_1 auc : 0.835013
[LightGBM] [Info] 65.304227 seconds elapsed, finished iteration 129
[LightGBM] [Debug] Trained a tree with leaves = 255 and depth = 14
[LightGBM] [Info] Iteration:130, valid_1 auc : 0.835108
[LightGBM] [Info] 65.797068 seconds elapsed, finished iteration 130
[LightGBM] [Debug] Trained a tree with leaves = 255 and depth = 17
[LightGBM] [Info] Iteration:131, valid_1 auc : 0.835178
[LightGBM] [Info] 66.240284 seconds elapsed, finished iteration 131
[LightGBM] [Debug] Trained a tree with leaves = 255 and depth = 17
[LightGBM] [Info] Iteration:132, valid_1 auc : 0.835277
[LightGBM] [Info] 66.693645 seconds elapsed, finished iteration 132
[LightGBM] [Debug] Trained a tree with leaves = 255 and depth = 17
[LightGBM] [Info] Iteration:133, valid_1 auc : 0.835395
[LightGBM] [Info] 67.144734 seconds elapsed, finished iteration 133
[LightGBM] [Debug] Trained a tree with leaves = 255 and depth = 18
[LightGBM] [Info] Iteration:134, valid_1 auc : 0.835482
[LightGBM] [Info] 67.569583 seconds elapsed, finished iteration 134
[LightGBM] [Debug] Trained a tree with leaves = 255 and depth = 17
[LightGBM] [Info] Iteration:135, valid_1 auc : 0.835557
[LightGBM] [Info] 68.012892 seconds elapsed, finished iteration 135
[LightGBM] [Debug] Trained a tree with leaves = 255 and depth = 20
[LightGBM] [Info] Iteration:136, valid_1 auc : 0.835634
[LightGBM] [Info] 68.453608 seconds elapsed, finished iteration 136
[LightGBM] [Debug] Trained a tree with leaves = 255 and depth = 25
[LightGBM] [Info] Iteration:137, valid_1 auc : 0.835709
[LightGBM] [Info] 68.866995 seconds elapsed, finished iteration 137
[LightGBM] [Debug] Trained a tree with leaves = 255 and depth = 27
[LightGBM] [Info] Iteration:138, valid_1 auc : 0.835802
[LightGBM] [Info] 69.302241 seconds elapsed, finished iteration 138
[LightGBM] [Debug] Trained a tree with leaves = 255 and depth = 23
[LightGBM] [Info] Iteration:139, valid_1 auc : 0.835925
[LightGBM] [Info] 69.786554 seconds elapsed, finished iteration 139
[LightGBM] [Debug] Trained a tree with leaves = 255 and depth = 26
[LightGBM] [Info] Iteration:140, valid_1 auc : 0.83599
[LightGBM] [Info] 70.169757 seconds elapsed, finished iteration 140
[LightGBM] [Debug] Trained a tree with leaves = 255 and depth = 17
[LightGBM] [Info] Iteration:141, valid_1 auc : 0.836057
[LightGBM] [Info] 70.597173 seconds elapsed, finished iteration 141
[LightGBM] [Debug] Trained a tree with leaves = 255 and depth = 19
[LightGBM] [Info] Iteration:142, valid_1 auc : 0.836163
[LightGBM] [Info] 71.094867 seconds elapsed, finished iteration 142
[LightGBM] [Debug] Trained a tree with leaves = 255 and depth = 18
[LightGBM] [Info] Iteration:143, valid_1 auc : 0.836258
[LightGBM] [Info] 71.566257 seconds elapsed, finished iteration 143
[LightGBM] [Debug] Trained a tree with leaves = 255 and depth = 21
[LightGBM] [Info] Iteration:144, valid_1 auc : 0.83634
[LightGBM] [Info] 72.021254 seconds elapsed, finished iteration 144
[LightGBM] [Debug] Trained a tree with leaves = 255 and depth = 16
[LightGBM] [Info] Iteration:145, valid_1 auc : 0.836406
[LightGBM] [Info] 72.378860 seconds elapsed, finished iteration 145
[LightGBM] [Debug] Trained a tree with leaves = 255 and depth = 20
[LightGBM] [Info] Iteration:146, valid_1 auc : 0.836511
[LightGBM] [Info] 72.777986 seconds elapsed, finished iteration 146
[LightGBM] [Debug] Trained a tree with leaves = 255 and depth = 18
[LightGBM] [Info] Iteration:147, valid_1 auc : 0.836578
[LightGBM] [Info] 73.204083 seconds elapsed, finished iteration 147
[LightGBM] [Debug] Trained a tree with leaves = 255 and depth = 18
[LightGBM] [Info] Iteration:148, valid_1 auc : 0.836691
[LightGBM] [Info] 73.662001 seconds elapsed, finished iteration 148
[LightGBM] [Debug] Trained a tree with leaves = 255 and depth = 18
[LightGBM] [Info] Iteration:149, valid_1 auc : 0.836765
[LightGBM] [Info] 74.113591 seconds elapsed, finished iteration 149
[LightGBM] [Debug] Trained a tree with leaves = 255 and depth = 16
[LightGBM] [Info] Iteration:150, valid_1 auc : 0.836826
[LightGBM] [Info] 74.453090 seconds elapsed, finished iteration 150
[LightGBM] [Debug] Trained a tree with leaves = 255 and depth = 17
[LightGBM] [Info] Iteration:151, valid_1 auc : 0.836893
[LightGBM] [Info] 74.891652 seconds elapsed, finished iteration 151
[LightGBM] [Debug] Trained a tree with leaves = 255 and depth = 20
[LightGBM] [Info] Iteration:152, valid_1 auc : 0.836994
[LightGBM] [Info] 75.313242 seconds elapsed, finished iteration 152
[LightGBM] [Debug] Trained a tree with leaves = 255 and depth = 15
[LightGBM] [Info] Iteration:153, valid_1 auc : 0.837059
[LightGBM] [Info] 75.780121 seconds elapsed, finished iteration 153
[LightGBM] [Debug] Trained a tree with leaves = 255 and depth = 15
[LightGBM] [Info] Iteration:154, valid_1 auc : 0.837116
[LightGBM] [Info] 76.265889 seconds elapsed, finished iteration 154
[LightGBM] [Debug] Trained a tree with leaves = 255 and depth = 25
[LightGBM] [Info] Iteration:155, valid_1 auc : 0.83717
[LightGBM] [Info] 76.669774 seconds elapsed, finished iteration 155
[LightGBM] [Debug] Trained a tree with leaves = 255 and depth = 26
[LightGBM] [Info] Iteration:156, valid_1 auc : 0.837223
[LightGBM] [Info] 77.083576 seconds elapsed, finished iteration 156
[LightGBM] [Debug] Trained a tree with leaves = 255 and depth = 20
[LightGBM] [Info] Iteration:157, valid_1 auc : 0.837288
[LightGBM] [Info] 77.433470 seconds elapsed, finished iteration 157
[LightGBM] [Debug] Trained a tree with leaves = 255 and depth = 17
[LightGBM] [Info] Iteration:158, valid_1 auc : 0.837349
[LightGBM] [Info] 77.866716 seconds elapsed, finished iteration 158
[LightGBM] [Debug] Trained a tree with leaves = 255 and depth = 21
[LightGBM] [Info] Iteration:159, valid_1 auc : 0.837393
[LightGBM] [Info] 78.250715 seconds elapsed, finished iteration 159
[LightGBM] [Debug] Trained a tree with leaves = 255 and depth = 22
[LightGBM] [Info] Iteration:160, valid_1 auc : 0.837439
[LightGBM] [Info] 78.585435 seconds elapsed, finished iteration 160
[LightGBM] [Debug] Trained a tree with leaves = 255 and depth = 17
[LightGBM] [Info] Iteration:161, valid_1 auc : 0.837495
[LightGBM] [Info] 79.013763 seconds elapsed, finished iteration 161
[LightGBM] [Debug] Trained a tree with leaves = 255 and depth = 16
[LightGBM] [Info] Iteration:162, valid_1 auc : 0.837549
[LightGBM] [Info] 79.496979 seconds elapsed, finished iteration 162
[LightGBM] [Debug] Trained a tree with leaves = 255 and depth = 15
[LightGBM] [Info] Iteration:163, valid_1 auc : 0.837649
[LightGBM] [Info] 79.943288 seconds elapsed, finished iteration 163
[LightGBM] [Debug] Trained a tree with leaves = 255 and depth = 18
[LightGBM] [Info] Iteration:164, valid_1 auc : 0.837712
[LightGBM] [Info] 80.381792 seconds elapsed, finished iteration 164
[LightGBM] [Debug] Trained a tree with leaves = 255 and depth = 16
[LightGBM] [Info] Iteration:165, valid_1 auc : 0.83773
[LightGBM] [Info] 80.618825 seconds elapsed, finished iteration 165
[LightGBM] [Debug] Trained a tree with leaves = 255 and depth = 20
[LightGBM] [Info] Iteration:166, valid_1 auc : 0.837776
[LightGBM] [Info] 81.047089 seconds elapsed, finished iteration 166
[LightGBM] [Debug] Trained a tree with leaves = 255 and depth = 24
[LightGBM] [Info] Iteration:167, valid_1 auc : 0.837832
[LightGBM] [Info] 81.468403 seconds elapsed, finished iteration 167
[LightGBM] [Debug] Trained a tree with leaves = 255 and depth = 16
[LightGBM] [Info] Iteration:168, valid_1 auc : 0.837914
[LightGBM] [Info] 81.960705 seconds elapsed, finished iteration 168
[LightGBM] [Debug] Trained a tree with leaves = 255 and depth = 19
[LightGBM] [Info] Iteration:169, valid_1 auc : 0.837937
[LightGBM] [Info] 82.302881 seconds elapsed, finished iteration 169
[LightGBM] [Debug] Trained a tree with leaves = 255 and depth = 20
[LightGBM] [Info] Iteration:170, valid_1 auc : 0.837988
[LightGBM] [Info] 82.684067 seconds elapsed, finished iteration 170
[LightGBM] [Debug] Trained a tree with leaves = 255 and depth = 20
[LightGBM] [Info] Iteration:171, valid_1 auc : 0.838025
[LightGBM] [Info] 83.022712 seconds elapsed, finished iteration 171
[LightGBM] [Debug] Trained a tree with leaves = 255 and depth = 15
[LightGBM] [Info] Iteration:172, valid_1 auc : 0.838093
[LightGBM] [Info] 83.490699 seconds elapsed, finished iteration 172
[LightGBM] [Debug] Trained a tree with leaves = 255 and depth = 18
[LightGBM] [Info] Iteration:173, valid_1 auc : 0.838145
[LightGBM] [Info] 83.979529 seconds elapsed, finished iteration 173
[LightGBM] [Debug] Trained a tree with leaves = 255 and depth = 18
[LightGBM] [Info] Iteration:174, valid_1 auc : 0.838182
[LightGBM] [Info] 84.260843 seconds elapsed, finished iteration 174
[LightGBM] [Debug] Trained a tree with leaves = 255 and depth = 19
[LightGBM] [Info] Iteration:175, valid_1 auc : 0.838217
[LightGBM] [Info] 84.614602 seconds elapsed, finished iteration 175
[LightGBM] [Debug] Trained a tree with leaves = 255 and depth = 17
[LightGBM] [Info] Iteration:176, valid_1 auc : 0.838306
[LightGBM] [Info] 85.099601 seconds elapsed, finished iteration 176
[LightGBM] [Debug] Trained a tree with leaves = 255 and depth = 18
[LightGBM] [Info] Iteration:177, valid_1 auc : 0.838403
[LightGBM] [Info] 85.568900 seconds elapsed, finished iteration 177
[LightGBM] [Debug] Trained a tree with leaves = 255 and depth = 19
[LightGBM] [Info] Iteration:178, valid_1 auc : 0.838452
[LightGBM] [Info] 85.903735 seconds elapsed, finished iteration 178
[LightGBM] [Debug] Trained a tree with leaves = 255 and depth = 16
[LightGBM] [Info] Iteration:179, valid_1 auc : 0.838502
[LightGBM] [Info] 86.300487 seconds elapsed, finished iteration 179
[LightGBM] [Debug] Trained a tree with leaves = 255 and depth = 17
[LightGBM] [Info] Iteration:180, valid_1 auc : 0.838526
[LightGBM] [Info] 86.565996 seconds elapsed, finished iteration 180
[LightGBM] [Debug] Trained a tree with leaves = 255 and depth = 17
[LightGBM] [Info] Iteration:181, valid_1 auc : 0.838574
[LightGBM] [Info] 86.978638 seconds elapsed, finished iteration 181
[LightGBM] [Debug] Trained a tree with leaves = 255 and depth = 19
[LightGBM] [Info] Iteration:182, valid_1 auc : 0.838625
[LightGBM] [Info] 87.345505 seconds elapsed, finished iteration 182
[LightGBM] [Debug] Trained a tree with leaves = 255 and depth = 19
[LightGBM] [Info] Iteration:183, valid_1 auc : 0.838653
[LightGBM] [Info] 87.717122 seconds elapsed, finished iteration 183
[LightGBM] [Debug] Trained a tree with leaves = 255 and depth = 21
[LightGBM] [Info] Iteration:184, valid_1 auc : 0.838718
[LightGBM] [Info] 88.174612 seconds elapsed, finished iteration 184
[LightGBM] [Debug] Trained a tree with leaves = 255 and depth = 18
[LightGBM] [Info] Iteration:185, valid_1 auc : 0.838748
[LightGBM] [Info] 88.495375 seconds elapsed, finished iteration 185
[LightGBM] [Debug] Trained a tree with leaves = 255 and depth = 25
[LightGBM] [Info] Iteration:186, valid_1 auc : 0.838824
[LightGBM] [Info] 88.966478 seconds elapsed, finished iteration 186
[LightGBM] [Debug] Trained a tree with leaves = 255 and depth = 14
[LightGBM] [Info] Iteration:187, valid_1 auc : 0.838897
[LightGBM] [Info] 89.445612 seconds elapsed, finished iteration 187
[LightGBM] [Debug] Trained a tree with leaves = 255 and depth = 21
[LightGBM] [Info] Iteration:188, valid_1 auc : 0.838932
[LightGBM] [Info] 89.762520 seconds elapsed, finished iteration 188
[LightGBM] [Debug] Trained a tree with leaves = 255 and depth = 15
[LightGBM] [Info] Iteration:189, valid_1 auc : 0.838999
[LightGBM] [Info] 90.236759 seconds elapsed, finished iteration 189
[LightGBM] [Debug] Trained a tree with leaves = 255 and depth = 21
[LightGBM] [Info] Iteration:190, valid_1 auc : 0.839041
[LightGBM] [Info] 90.601447 seconds elapsed, finished iteration 190
[LightGBM] [Debug] Trained a tree with leaves = 255 and depth = 21
[LightGBM] [Info] Iteration:191, valid_1 auc : 0.839095
[LightGBM] [Info] 91.011450 seconds elapsed, finished iteration 191
[LightGBM] [Debug] Trained a tree with leaves = 255 and depth = 19
[LightGBM] [Info] Iteration:192, valid_1 auc : 0.839146
[LightGBM] [Info] 91.352579 seconds elapsed, finished iteration 192
[LightGBM] [Debug] Trained a tree with leaves = 255 and depth = 19
[LightGBM] [Info] Iteration:193, valid_1 auc : 0.839188
[LightGBM] [Info] 91.732290 seconds elapsed, finished iteration 193
[LightGBM] [Debug] Trained a tree with leaves = 255 and depth = 17
[LightGBM] [Info] Iteration:194, valid_1 auc : 0.839211
[LightGBM] [Info] 91.982018 seconds elapsed, finished iteration 194
[LightGBM] [Debug] Trained a tree with leaves = 255 and depth = 17
[LightGBM] [Info] Iteration:195, valid_1 auc : 0.839244
[LightGBM] [Info] 92.327256 seconds elapsed, finished iteration 195
[LightGBM] [Debug] Trained a tree with leaves = 255 and depth = 18
[LightGBM] [Info] Iteration:196, valid_1 auc : 0.839296
[LightGBM] [Info] 92.610281 seconds elapsed, finished iteration 196
[LightGBM] [Debug] Trained a tree with leaves = 255 and depth = 18
[LightGBM] [Info] Iteration:197, valid_1 auc : 0.839351
[LightGBM] [Info] 92.957302 seconds elapsed, finished iteration 197
[LightGBM] [Debug] Trained a tree with leaves = 255 and depth = 17
[LightGBM] [Info] Iteration:198, valid_1 auc : 0.8394
[LightGBM] [Info] 93.315309 seconds elapsed, finished iteration 198
[LightGBM] [Debug] Trained a tree with leaves = 255 and depth = 20
[LightGBM] [Info] Iteration:199, valid_1 auc : 0.83943
[LightGBM] [Info] 93.549772 seconds elapsed, finished iteration 199
[LightGBM] [Debug] Trained a tree with leaves = 255 and depth = 16
[LightGBM] [Info] Iteration:200, valid_1 auc : 0.839461
[LightGBM] [Info] 93.834139 seconds elapsed, finished iteration 200
[LightGBM] [Debug] Trained a tree with leaves = 255 and depth = 16
[LightGBM] [Info] Iteration:201, valid_1 auc : 0.839478
[LightGBM] [Info] 94.050684 seconds elapsed, finished iteration 201
[LightGBM] [Debug] Trained a tree with leaves = 255 and depth = 20
[LightGBM] [Info] Iteration:202, valid_1 auc : 0.839497
[LightGBM] [Info] 94.309483 seconds elapsed, finished iteration 202
[LightGBM] [Debug] Trained a tree with leaves = 255 and depth = 20
[LightGBM] [Info] Iteration:203, valid_1 auc : 0.83954
[LightGBM] [Info] 94.612778 seconds elapsed, finished iteration 203
[LightGBM] [Debug] Trained a tree with leaves = 255 and depth = 19
[LightGBM] [Info] Iteration:204, valid_1 auc : 0.839554
[LightGBM] [Info] 94.861240 seconds elapsed, finished iteration 204
[LightGBM] [Debug] Trained a tree with leaves = 255 and depth = 19
[LightGBM] [Info] Iteration:205, valid_1 auc : 0.83958
[LightGBM] [Info] 95.110296 seconds elapsed, finished iteration 205
[LightGBM] [Debug] Trained a tree with leaves = 255 and depth = 20
[LightGBM] [Info] Iteration:206, valid_1 auc : 0.839597
[LightGBM] [Info] 95.383362 seconds elapsed, finished iteration 206
[LightGBM] [Debug] Trained a tree with leaves = 255 and depth = 21
[LightGBM] [Info] Iteration:207, valid_1 auc : 0.839623
[LightGBM] [Info] 95.706354 seconds elapsed, finished iteration 207
[LightGBM] [Debug] Trained a tree with leaves = 255 and depth = 20
[LightGBM] [Info] Iteration:208, valid_1 auc : 0.839661
[LightGBM] [Info] 96.053141 seconds elapsed, finished iteration 208
[LightGBM] [Debug] Trained a tree with leaves = 255 and depth = 19
[LightGBM] [Info] Iteration:209, valid_1 auc : 0.839686
[LightGBM] [Info] 96.399841 seconds elapsed, finished iteration 209
[LightGBM] [Debug] Trained a tree with leaves = 255 and depth = 19
[LightGBM] [Info] Iteration:210, valid_1 auc : 0.839701
[LightGBM] [Info] 96.648036 seconds elapsed, finished iteration 210
[LightGBM] [Debug] Trained a tree with leaves = 255 and depth = 28
[LightGBM] [Info] Iteration:211, valid_1 auc : 0.839744
[LightGBM] [Info] 96.986508 seconds elapsed, finished iteration 211
[LightGBM] [Debug] Trained a tree with leaves = 255 and depth = 19
[LightGBM] [Info] Iteration:212, valid_1 auc : 0.839763
[LightGBM] [Info] 97.328058 seconds elapsed, finished iteration 212
[LightGBM] [Debug] Trained a tree with leaves = 255 and depth = 21
[LightGBM] [Info] Iteration:213, valid_1 auc : 0.839787
[LightGBM] [Info] 97.585522 seconds elapsed, finished iteration 213
[LightGBM] [Debug] Trained a tree with leaves = 255 and depth = 17
[LightGBM] [Info] Iteration:214, valid_1 auc : 0.839817
[LightGBM] [Info] 97.965491 seconds elapsed, finished iteration 214
[LightGBM] [Debug] Trained a tree with leaves = 255 and depth = 18
[LightGBM] [Info] Iteration:215, valid_1 auc : 0.839874
[LightGBM] [Info] 98.394175 seconds elapsed, finished iteration 215
[LightGBM] [Debug] Trained a tree with leaves = 255 and depth = 19
[LightGBM] [Info] Iteration:216, valid_1 auc : 0.839908
[LightGBM] [Info] 98.721198 seconds elapsed, finished iteration 216
[LightGBM] [Debug] Trained a tree with leaves = 255 and depth = 19
[LightGBM] [Info] Iteration:217, valid_1 auc : 0.839939
[LightGBM] [Info] 99.040755 seconds elapsed, finished iteration 217
[LightGBM] [Debug] Trained a tree with leaves = 255 and depth = 21
[LightGBM] [Info] Iteration:218, valid_1 auc : 0.839978
[LightGBM] [Info] 99.364911 seconds elapsed, finished iteration 218
[LightGBM] [Debug] Trained a tree with leaves = 255 and depth = 18
[LightGBM] [Info] Iteration:219, valid_1 auc : 0.839987
[LightGBM] [Info] 99.579745 seconds elapsed, finished iteration 219
[LightGBM] [Debug] Trained a tree with leaves = 255 and depth = 25
[LightGBM] [Info] Iteration:220, valid_1 auc : 0.83999
[LightGBM] [Info] 99.792077 seconds elapsed, finished iteration 220
[LightGBM] [Debug] Trained a tree with leaves = 255 and depth = 18
[LightGBM] [Info] Iteration:221, valid_1 auc : 0.840029
[LightGBM] [Info] 100.189156 seconds elapsed, finished iteration 221
[LightGBM] [Debug] Trained a tree with leaves = 255 and depth = 17
[LightGBM] [Info] Iteration:222, valid_1 auc : 0.840095
[LightGBM] [Info] 100.548411 seconds elapsed, finished iteration 222
[LightGBM] [Debug] Trained a tree with leaves = 255 and depth = 19
[LightGBM] [Info] Iteration:223, valid_1 auc : 0.840112
[LightGBM] [Info] 100.778339 seconds elapsed, finished iteration 223
[LightGBM] [Debug] Trained a tree with leaves = 255 and depth = 21
[LightGBM] [Info] Iteration:224, valid_1 auc : 0.840128
[LightGBM] [Info] 100.990996 seconds elapsed, finished iteration 224
[LightGBM] [Debug] Trained a tree with leaves = 255 and depth = 17
[LightGBM] [Info] Iteration:225, valid_1 auc : 0.840161
[LightGBM] [Info] 101.317841 seconds elapsed, finished iteration 225
[LightGBM] [Debug] Trained a tree with leaves = 255 and depth = 22
[LightGBM] [Info] Iteration:226, valid_1 auc : 0.840211
[LightGBM] [Info] 101.710701 seconds elapsed, finished iteration 226
[LightGBM] [Debug] Trained a tree with leaves = 255 and depth = 20
[LightGBM] [Info] Iteration:227, valid_1 auc : 0.840265
[LightGBM] [Info] 102.032015 seconds elapsed, finished iteration 227
[LightGBM] [Debug] Trained a tree with leaves = 255 and depth = 24
[LightGBM] [Info] Iteration:228, valid_1 auc : 0.840341
[LightGBM] [Info] 102.481739 seconds elapsed, finished iteration 228
[LightGBM] [Debug] Trained a tree with leaves = 255 and depth = 18
[LightGBM] [Info] Iteration:229, valid_1 auc : 0.840368
[LightGBM] [Info] 102.706435 seconds elapsed, finished iteration 229
[LightGBM] [Debug] Trained a tree with leaves = 255 and depth = 17
[LightGBM] [Info] Iteration:230, valid_1 auc : 0.8404
[LightGBM] [Info] 102.977100 seconds elapsed, finished iteration 230
[LightGBM] [Debug] Trained a tree with leaves = 255 and depth = 18
[LightGBM] [Info] Iteration:231, valid_1 auc : 0.840458
[LightGBM] [Info] 103.331024 seconds elapsed, finished iteration 231
[LightGBM] [Debug] Trained a tree with leaves = 255 and depth = 15
[LightGBM] [Info] Iteration:232, valid_1 auc : 0.840505
[LightGBM] [Info] 103.775667 seconds elapsed, finished iteration 232
[LightGBM] [Debug] Trained a tree with leaves = 255 and depth = 17
[LightGBM] [Info] Iteration:233, valid_1 auc : 0.840564
[LightGBM] [Info] 104.217766 seconds elapsed, finished iteration 233
[LightGBM] [Debug] Trained a tree with leaves = 255 and depth = 18
[LightGBM] [Info] Iteration:234, valid_1 auc : 0.840601
[LightGBM] [Info] 104.592934 seconds elapsed, finished iteration 234
[LightGBM] [Debug] Trained a tree with leaves = 255 and depth = 19
[LightGBM] [Info] Iteration:235, valid_1 auc : 0.840625
[LightGBM] [Info] 104.835107 seconds elapsed, finished iteration 235
[LightGBM] [Debug] Trained a tree with leaves = 255 and depth = 19
[LightGBM] [Info] Iteration:236, valid_1 auc : 0.840648
[LightGBM] [Info] 105.087466 seconds elapsed, finished iteration 236
[LightGBM] [Debug] Trained a tree with leaves = 255 and depth = 21
[LightGBM] [Info] Iteration:237, valid_1 auc : 0.840663
[LightGBM] [Info] 105.348883 seconds elapsed, finished iteration 237
[LightGBM] [Debug] Trained a tree with leaves = 255 and depth = 16
[LightGBM] [Info] Iteration:238, valid_1 auc : 0.840673
[LightGBM] [Info] 105.617700 seconds elapsed, finished iteration 238
[LightGBM] [Debug] Trained a tree with leaves = 255 and depth = 20
[LightGBM] [Info] Iteration:239, valid_1 auc : 0.840706
[LightGBM] [Info] 105.924595 seconds elapsed, finished iteration 239
[LightGBM] [Debug] Trained a tree with leaves = 255 and depth = 17
[LightGBM] [Info] Iteration:240, valid_1 auc : 0.840724
[LightGBM] [Info] 106.189431 seconds elapsed, finished iteration 240
[LightGBM] [Debug] Trained a tree with leaves = 255 and depth = 16
[LightGBM] [Info] Iteration:241, valid_1 auc : 0.840729
[LightGBM] [Info] 106.418017 seconds elapsed, finished iteration 241
[LightGBM] [Debug] Trained a tree with leaves = 255 and depth = 20
[LightGBM] [Info] Iteration:242, valid_1 auc : 0.84078
[LightGBM] [Info] 106.751191 seconds elapsed, finished iteration 242
[LightGBM] [Debug] Trained a tree with leaves = 255 and depth = 18
[LightGBM] [Info] Iteration:243, valid_1 auc : 0.840829
[LightGBM] [Info] 107.195709 seconds elapsed, finished iteration 243
[LightGBM] [Debug] Trained a tree with leaves = 255 and depth = 17
[LightGBM] [Info] Iteration:244, valid_1 auc : 0.840861
[LightGBM] [Info] 107.486391 seconds elapsed, finished iteration 244
[LightGBM] [Debug] Trained a tree with leaves = 255 and depth = 22
[LightGBM] [Info] Iteration:245, valid_1 auc : 0.840867
[LightGBM] [Info] 107.717456 seconds elapsed, finished iteration 245
[LightGBM] [Debug] Trained a tree with leaves = 255 and depth = 24
[LightGBM] [Info] Iteration:246, valid_1 auc : 0.840876
[LightGBM] [Info] 107.928388 seconds elapsed, finished iteration 246
[LightGBM] [Debug] Trained a tree with leaves = 255 and depth = 15
[LightGBM] [Info] Iteration:247, valid_1 auc : 0.841025
[LightGBM] [Info] 108.400654 seconds elapsed, finished iteration 247
[LightGBM] [Debug] Trained a tree with leaves = 255 and depth = 17
[LightGBM] [Info] Iteration:248, valid_1 auc : 0.841043
[LightGBM] [Info] 108.680135 seconds elapsed, finished iteration 248
[LightGBM] [Debug] Trained a tree with leaves = 255 and depth = 15
[LightGBM] [Info] Iteration:249, valid_1 auc : 0.841091
[LightGBM] [Info] 109.004377 seconds elapsed, finished iteration 249
[LightGBM] [Debug] Trained a tree with leaves = 255 and depth = 20
[LightGBM] [Info] Iteration:250, valid_1 auc : 0.841098
[LightGBM] [Info] 109.216085 seconds elapsed, finished iteration 250
[LightGBM] [Debug] Trained a tree with leaves = 255 and depth = 29
[LightGBM] [Info] Iteration:251, valid_1 auc : 0.841147
[LightGBM] [Info] 109.503718 seconds elapsed, finished iteration 251
[LightGBM] [Debug] Trained a tree with leaves = 255 and depth = 15
[LightGBM] [Info] Iteration:252, valid_1 auc : 0.84127
[LightGBM] [Info] 109.945045 seconds elapsed, finished iteration 252
[LightGBM] [Debug] Trained a tree with leaves = 255 and depth = 15
[LightGBM] [Info] Iteration:253, valid_1 auc : 0.841292
[LightGBM] [Info] 110.223236 seconds elapsed, finished iteration 253
[LightGBM] [Debug] Trained a tree with leaves = 255 and depth = 18
[LightGBM] [Info] Iteration:254, valid_1 auc : 0.841304
[LightGBM] [Info] 110.427166 seconds elapsed, finished iteration 254
[LightGBM] [Debug] Trained a tree with leaves = 255 and depth = 21
[LightGBM] [Info] Iteration:255, valid_1 auc : 0.841334
[LightGBM] [Info] 110.757546 seconds elapsed, finished iteration 255
[LightGBM] [Debug] Trained a tree with leaves = 255 and depth = 21
[LightGBM] [Info] Iteration:256, valid_1 auc : 0.841378
[LightGBM] [Info] 111.154863 seconds elapsed, finished iteration 256
[LightGBM] [Debug] Trained a tree with leaves = 255 and depth = 26
[LightGBM] [Info] Iteration:257, valid_1 auc : 0.841384
[LightGBM] [Info] 111.376406 seconds elapsed, finished iteration 257
[LightGBM] [Debug] Trained a tree with leaves = 255 and depth = 20
[LightGBM] [Info] Iteration:258, valid_1 auc : 0.841415
[LightGBM] [Info] 111.663240 seconds elapsed, finished iteration 258
[LightGBM] [Debug] Trained a tree with leaves = 255 and depth = 16
[LightGBM] [Info] Iteration:259, valid_1 auc : 0.841434
[LightGBM] [Info] 111.895751 seconds elapsed, finished iteration 259
[LightGBM] [Debug] Trained a tree with leaves = 255 and depth = 17
[LightGBM] [Info] Iteration:260, valid_1 auc : 0.841455
[LightGBM] [Info] 112.265588 seconds elapsed, finished iteration 260
[LightGBM] [Debug] Trained a tree with leaves = 255 and depth = 14
[LightGBM] [Info] Iteration:261, valid_1 auc : 0.841562
[LightGBM] [Info] 112.751782 seconds elapsed, finished iteration 261
[LightGBM] [Debug] Trained a tree with leaves = 255 and depth = 18
[LightGBM] [Info] Iteration:262, valid_1 auc : 0.841575
[LightGBM] [Info] 113.002853 seconds elapsed, finished iteration 262
[LightGBM] [Debug] Trained a tree with leaves = 255 and depth = 20
[LightGBM] [Info] Iteration:263, valid_1 auc : 0.841589
[LightGBM] [Info] 113.239500 seconds elapsed, finished iteration 263
[LightGBM] [Debug] Trained a tree with leaves = 255 and depth = 33
[LightGBM] [Info] Iteration:264, valid_1 auc : 0.841651
[LightGBM] [Info] 113.690203 seconds elapsed, finished iteration 264
[LightGBM] [Debug] Trained a tree with leaves = 255 and depth = 19
[LightGBM] [Info] Iteration:265, valid_1 auc : 0.841665
[LightGBM] [Info] 113.938254 seconds elapsed, finished iteration 265
[LightGBM] [Debug] Trained a tree with leaves = 255 and depth = 20
[LightGBM] [Info] Iteration:266, valid_1 auc : 0.841706
[LightGBM] [Info] 114.232961 seconds elapsed, finished iteration 266
[LightGBM] [Debug] Trained a tree with leaves = 255 and depth = 18
[LightGBM] [Info] Iteration:267, valid_1 auc : 0.841718
[LightGBM] [Info] 114.471580 seconds elapsed, finished iteration 267
[LightGBM] [Debug] Trained a tree with leaves = 255 and depth = 21
[LightGBM] [Info] Iteration:268, valid_1 auc : 0.841724
[LightGBM] [Info] 114.683874 seconds elapsed, finished iteration 268
[LightGBM] [Debug] Trained a tree with leaves = 255 and depth = 16
[LightGBM] [Info] Iteration:269, valid_1 auc : 0.841738
[LightGBM] [Info] 114.941486 seconds elapsed, finished iteration 269
[LightGBM] [Debug] Trained a tree with leaves = 255 and depth = 21
[LightGBM] [Info] Iteration:270, valid_1 auc : 0.841784
[LightGBM] [Info] 115.334572 seconds elapsed, finished iteration 270
[LightGBM] [Debug] Trained a tree with leaves = 255 and depth = 31
[LightGBM] [Info] Iteration:271, valid_1 auc : 0.841789
[LightGBM] [Info] 115.548982 seconds elapsed, finished iteration 271
[LightGBM] [Debug] Trained a tree with leaves = 255 and depth = 21
[LightGBM] [Info] Iteration:272, valid_1 auc : 0.841794
[LightGBM] [Info] 115.831718 seconds elapsed, finished iteration 272
[LightGBM] [Debug] Trained a tree with leaves = 255 and depth = 20
[LightGBM] [Info] Iteration:273, valid_1 auc : 0.841801
[LightGBM] [Info] 116.066367 seconds elapsed, finished iteration 273
[LightGBM] [Debug] Trained a tree with leaves = 255 and depth = 18
[LightGBM] [Info] Iteration:274, valid_1 auc : 0.841811
[LightGBM] [Info] 116.294162 seconds elapsed, finished iteration 274
[LightGBM] [Debug] Trained a tree with leaves = 255 and depth = 20
[LightGBM] [Info] Iteration:275, valid_1 auc : 0.841829
[LightGBM] [Info] 116.556209 seconds elapsed, finished iteration 275
[LightGBM] [Debug] Trained a tree with leaves = 255 and depth = 21
[LightGBM] [Info] Iteration:276, valid_1 auc : 0.841851
[LightGBM] [Info] 116.814012 seconds elapsed, finished iteration 276
[LightGBM] [Debug] Trained a tree with leaves = 255 and depth = 19
[LightGBM] [Info] Iteration:277, valid_1 auc : 0.841894
[LightGBM] [Info] 117.239743 seconds elapsed, finished iteration 277
[LightGBM] [Debug] Trained a tree with leaves = 255 and depth = 21
[LightGBM] [Info] Iteration:278, valid_1 auc : 0.841914
[LightGBM] [Info] 117.565731 seconds elapsed, finished iteration 278
[LightGBM] [Debug] Trained a tree with leaves = 255 and depth = 17
[LightGBM] [Info] Iteration:279, valid_1 auc : 0.842019
[LightGBM] [Info] 118.044464 seconds elapsed, finished iteration 279
[LightGBM] [Debug] Trained a tree with leaves = 255 and depth = 21
[LightGBM] [Info] Iteration:280, valid_1 auc : 0.842053
[LightGBM] [Info] 118.372257 seconds elapsed, finished iteration 280
[LightGBM] [Debug] Trained a tree with leaves = 255 and depth = 24
[LightGBM] [Info] Iteration:281, valid_1 auc : 0.84206
[LightGBM] [Info] 118.590008 seconds elapsed, finished iteration 281
[LightGBM] [Debug] Trained a tree with leaves = 255 and depth = 17
[LightGBM] [Info] Iteration:282, valid_1 auc : 0.842089
[LightGBM] [Info] 118.898068 seconds elapsed, finished iteration 282
[LightGBM] [Debug] Trained a tree with leaves = 255 and depth = 22
[LightGBM] [Info] Iteration:283, valid_1 auc : 0.842098
[LightGBM] [Info] 119.127144 seconds elapsed, finished iteration 283
[LightGBM] [Debug] Trained a tree with leaves = 255 and depth = 17
[LightGBM] [Info] Iteration:284, valid_1 auc : 0.842146
[LightGBM] [Info] 119.539933 seconds elapsed, finished iteration 284
[LightGBM] [Debug] Trained a tree with leaves = 255 and depth = 18
[LightGBM] [Info] Iteration:285, valid_1 auc : 0.842174
[LightGBM] [Info] 119.884247 seconds elapsed, finished iteration 285
[LightGBM] [Debug] Trained a tree with leaves = 255 and depth = 18
[LightGBM] [Info] Iteration:286, valid_1 auc : 0.842184
[LightGBM] [Info] 120.101115 seconds elapsed, finished iteration 286
[LightGBM] [Debug] Trained a tree with leaves = 255 and depth = 21
[LightGBM] [Info] Iteration:287, valid_1 auc : 0.842221
[LightGBM] [Info] 120.525118 seconds elapsed, finished iteration 287
[LightGBM] [Debug] Trained a tree with leaves = 255 and depth = 23
[LightGBM] [Info] Iteration:288, valid_1 auc : 0.842234
[LightGBM] [Info] 120.826861 seconds elapsed, finished iteration 288
[LightGBM] [Debug] Trained a tree with leaves = 255 and depth = 21
[LightGBM] [Info] Iteration:289, valid_1 auc : 0.842235
[LightGBM] [Info] 121.033045 seconds elapsed, finished iteration 289
[LightGBM] [Debug] Trained a tree with leaves = 255 and depth = 22
[LightGBM] [Info] Iteration:290, valid_1 auc : 0.842259
[LightGBM] [Info] 121.312925 seconds elapsed, finished iteration 290
[LightGBM] [Debug] Trained a tree with leaves = 255 and depth = 17
[LightGBM] [Info] Iteration:291, valid_1 auc : 0.842266
[LightGBM] [Info] 121.526600 seconds elapsed, finished iteration 291
[LightGBM] [Debug] Trained a tree with leaves = 255 and depth = 21
[LightGBM] [Info] Iteration:292, valid_1 auc : 0.842298
[LightGBM] [Info] 121.836406 seconds elapsed, finished iteration 292
[LightGBM] [Debug] Trained a tree with leaves = 255 and depth = 24
[LightGBM] [Info] Iteration:293, valid_1 auc : 0.842306
[LightGBM] [Info] 122.061978 seconds elapsed, finished iteration 293
[LightGBM] [Debug] Trained a tree with leaves = 255 and depth = 24
[LightGBM] [Info] Iteration:294, valid_1 auc : 0.84231
[LightGBM] [Info] 122.294324 seconds elapsed, finished iteration 294
[LightGBM] [Debug] Trained a tree with leaves = 255 and depth = 17
[LightGBM] [Info] Iteration:295, valid_1 auc : 0.842329
[LightGBM] [Info] 122.549710 seconds elapsed, finished iteration 295
[LightGBM] [Debug] Trained a tree with leaves = 255 and depth = 17
[LightGBM] [Info] Iteration:296, valid_1 auc : 0.84235
[LightGBM] [Info] 122.808127 seconds elapsed, finished iteration 296
[LightGBM] [Debug] Trained a tree with leaves = 255 and depth = 19
[LightGBM] [Info] Iteration:297, valid_1 auc : 0.842401
[LightGBM] [Info] 123.249384 seconds elapsed, finished iteration 297
[LightGBM] [Debug] Trained a tree with leaves = 255 and depth = 21
[LightGBM] [Info] Iteration:298, valid_1 auc : 0.842412
[LightGBM] [Info] 123.474347 seconds elapsed, finished iteration 298
[LightGBM] [Debug] Trained a tree with leaves = 255 and depth = 17
[LightGBM] [Info] Iteration:299, valid_1 auc : 0.842418
[LightGBM] [Info] 123.692680 seconds elapsed, finished iteration 299
[LightGBM] [Debug] Trained a tree with leaves = 255 and depth = 32
[LightGBM] [Info] Iteration:300, valid_1 auc : 0.842419
[LightGBM] [Info] 123.901858 seconds elapsed, finished iteration 300
[LightGBM] [Debug] Trained a tree with leaves = 255 and depth = 20
[LightGBM] [Info] Iteration:301, valid_1 auc : 0.842423
[LightGBM] [Info] 124.112532 seconds elapsed, finished iteration 301
[LightGBM] [Debug] Trained a tree with leaves = 255 and depth = 20
[LightGBM] [Info] Iteration:302, valid_1 auc : 0.842428
[LightGBM] [Info] 124.317118 seconds elapsed, finished iteration 302
[LightGBM] [Debug] Trained a tree with leaves = 255 and depth = 22
[LightGBM] [Info] Iteration:303, valid_1 auc : 0.84245
[LightGBM] [Info] 124.592719 seconds elapsed, finished iteration 303
[LightGBM] [Debug] Trained a tree with leaves = 255 and depth = 22
[LightGBM] [Info] Iteration:304, valid_1 auc : 0.842472
[LightGBM] [Info] 124.861517 seconds elapsed, finished iteration 304
[LightGBM] [Debug] Trained a tree with leaves = 255 and depth = 19
[LightGBM] [Info] Iteration:305, valid_1 auc : 0.84248
[LightGBM] [Info] 125.100469 seconds elapsed, finished iteration 305
[LightGBM] [Debug] Trained a tree with leaves = 255 and depth = 21
[LightGBM] [Info] Iteration:306, valid_1 auc : 0.842492
[LightGBM] [Info] 125.340743 seconds elapsed, finished iteration 306
[LightGBM] [Debug] Trained a tree with leaves = 255 and depth = 21
[LightGBM] [Info] Iteration:307, valid_1 auc : 0.842512
[LightGBM] [Info] 125.589270 seconds elapsed, finished iteration 307
[LightGBM] [Debug] Trained a tree with leaves = 255 and depth = 24
[LightGBM] [Info] Iteration:308, valid_1 auc : 0.842516
[LightGBM] [Info] 125.816536 seconds elapsed, finished iteration 308
[LightGBM] [Debug] Trained a tree with leaves = 255 and depth = 21
[LightGBM] [Info] Iteration:309, valid_1 auc : 0.842537
[LightGBM] [Info] 126.082526 seconds elapsed, finished iteration 309
[LightGBM] [Debug] Trained a tree with leaves = 255 and depth = 16
[LightGBM] [Info] Iteration:310, valid_1 auc : 0.842636
[LightGBM] [Info] 126.507402 seconds elapsed, finished iteration 310
[LightGBM] [Debug] Trained a tree with leaves = 255 and depth = 20
[LightGBM] [Info] Iteration:311, valid_1 auc : 0.842667
[LightGBM] [Info] 126.809797 seconds elapsed, finished iteration 311
[LightGBM] [Debug] Trained a tree with leaves = 255 and depth = 20
[LightGBM] [Info] Iteration:312, valid_1 auc : 0.842683
[LightGBM] [Info] 127.116987 seconds elapsed, finished iteration 312
[LightGBM] [Debug] Trained a tree with leaves = 255 and depth = 20
[LightGBM] [Info] Iteration:313, valid_1 auc : 0.842693
[LightGBM] [Info] 127.331245 seconds elapsed, finished iteration 313
[LightGBM] [Debug] Trained a tree with leaves = 255 and depth = 21
[LightGBM] [Info] Iteration:314, valid_1 auc : 0.842721
[LightGBM] [Info] 127.628731 seconds elapsed, finished iteration 314
[LightGBM] [Debug] Trained a tree with leaves = 255 and depth = 22
[LightGBM] [Info] Iteration:315, valid_1 auc : 0.842744
[LightGBM] [Info] 127.913062 seconds elapsed, finished iteration 315
[LightGBM] [Debug] Trained a tree with leaves = 255 and depth = 20
[LightGBM] [Info] Iteration:316, valid_1 auc : 0.842754
[LightGBM] [Info] 128.130237 seconds elapsed, finished iteration 316
[LightGBM] [Debug] Trained a tree with leaves = 255 and depth = 18
[LightGBM] [Info] Iteration:317, valid_1 auc : 0.84276
[LightGBM] [Info] 128.361489 seconds elapsed, finished iteration 317
[LightGBM] [Debug] Trained a tree with leaves = 255 and depth = 15
[LightGBM] [Info] Iteration:318, valid_1 auc : 0.842873
[LightGBM] [Info] 128.869893 seconds elapsed, finished iteration 318
[LightGBM] [Debug] Trained a tree with leaves = 255 and depth = 27
[LightGBM] [Info] Iteration:319, valid_1 auc : 0.842881
[LightGBM] [Info] 129.071338 seconds elapsed, finished iteration 319
[LightGBM] [Debug] Trained a tree with leaves = 255 and depth = 17
[LightGBM] [Info] Iteration:320, valid_1 auc : 0.842884
[LightGBM] [Info] 129.300940 seconds elapsed, finished iteration 320
[LightGBM] [Debug] Trained a tree with leaves = 255 and depth = 17
[LightGBM] [Info] Iteration:321, valid_1 auc : 0.842895
[LightGBM] [Info] 129.524640 seconds elapsed, finished iteration 321
[LightGBM] [Debug] Trained a tree with leaves = 255 and depth = 22
[LightGBM] [Info] Iteration:322, valid_1 auc : 0.842913
[LightGBM] [Info] 129.770104 seconds elapsed, finished iteration 322
[LightGBM] [Debug] Trained a tree with leaves = 255 and depth = 21
[LightGBM] [Info] Iteration:323, valid_1 auc : 0.842918
[LightGBM] [Info] 129.984225 seconds elapsed, finished iteration 323
[LightGBM] [Debug] Trained a tree with leaves = 255 and depth = 22
[LightGBM] [Info] Iteration:324, valid_1 auc : 0.842914
[LightGBM] [Info] 130.202736 seconds elapsed, finished iteration 324
[LightGBM] [Debug] Trained a tree with leaves = 255 and depth = 20
[LightGBM] [Info] Iteration:325, valid_1 auc : 0.842915
[LightGBM] [Info] 130.404557 seconds elapsed, finished iteration 325
[LightGBM] [Debug] Trained a tree with leaves = 255 and depth = 18
[LightGBM] [Info] Iteration:326, valid_1 auc : 0.842937
[LightGBM] [Info] 130.795808 seconds elapsed, finished iteration 326
[LightGBM] [Debug] Trained a tree with leaves = 255 and depth = 22
[LightGBM] [Info] Iteration:327, valid_1 auc : 0.842945
[LightGBM] [Info] 131.019338 seconds elapsed, finished iteration 327
[LightGBM] [Debug] Trained a tree with leaves = 255 and depth = 20
[LightGBM] [Info] Iteration:328, valid_1 auc : 0.842988
[LightGBM] [Info] 131.453141 seconds elapsed, finished iteration 328
[LightGBM] [Debug] Trained a tree with leaves = 255 and depth = 18
[LightGBM] [Info] Iteration:329, valid_1 auc : 0.843081
[LightGBM] [Info] 131.980496 seconds elapsed, finished iteration 329
[LightGBM] [Debug] Trained a tree with leaves = 255 and depth = 19
[LightGBM] [Info] Iteration:330, valid_1 auc : 0.843084
[LightGBM] [Info] 132.194111 seconds elapsed, finished iteration 330
[LightGBM] [Debug] Trained a tree with leaves = 255 and depth = 25
[LightGBM] [Info] Iteration:331, valid_1 auc : 0.843104
[LightGBM] [Info] 132.424982 seconds elapsed, finished iteration 331
[LightGBM] [Debug] Trained a tree with leaves = 255 and depth = 17
[LightGBM] [Info] Iteration:332, valid_1 auc : 0.843113
[LightGBM] [Info] 132.696756 seconds elapsed, finished iteration 332
[LightGBM] [Debug] Trained a tree with leaves = 255 and depth = 18
[LightGBM] [Info] Iteration:333, valid_1 auc : 0.843133
[LightGBM] [Info] 133.027623 seconds elapsed, finished iteration 333
[LightGBM] [Debug] Trained a tree with leaves = 255 and depth = 22
[LightGBM] [Info] Iteration:334, valid_1 auc : 0.843151
[LightGBM] [Info] 133.266644 seconds elapsed, finished iteration 334
[LightGBM] [Debug] Trained a tree with leaves = 255 and depth = 16
[LightGBM] [Info] Iteration:335, valid_1 auc : 0.843189
[LightGBM] [Info] 133.699349 seconds elapsed, finished iteration 335
[LightGBM] [Debug] Trained a tree with leaves = 255 and depth = 15
[LightGBM] [Info] Iteration:336, valid_1 auc : 0.84324
[LightGBM] [Info] 134.148994 seconds elapsed, finished iteration 336
[LightGBM] [Debug] Trained a tree with leaves = 255 and depth = 21
[LightGBM] [Info] Iteration:337, valid_1 auc : 0.843248
[LightGBM] [Info] 134.363254 seconds elapsed, finished iteration 337
[LightGBM] [Debug] Trained a tree with leaves = 255 and depth = 19
[LightGBM] [Info] Iteration:338, valid_1 auc : 0.843273
[LightGBM] [Info] 134.654300 seconds elapsed, finished iteration 338
[LightGBM] [Debug] Trained a tree with leaves = 255 and depth = 20
[LightGBM] [Info] Iteration:339, valid_1 auc : 0.843313
[LightGBM] [Info] 134.968998 seconds elapsed, finished iteration 339
[LightGBM] [Debug] Trained a tree with leaves = 255 and depth = 20
[LightGBM] [Info] Iteration:340, valid_1 auc : 0.843333
[LightGBM] [Info] 135.255253 seconds elapsed, finished iteration 340
[LightGBM] [Debug] Trained a tree with leaves = 255 and depth = 16
[LightGBM] [Info] Iteration:341, valid_1 auc : 0.843384
[LightGBM] [Info] 135.652200 seconds elapsed, finished iteration 341
[LightGBM] [Debug] Trained a tree with leaves = 255 and depth = 16
[LightGBM] [Info] Iteration:342, valid_1 auc : 0.843398
[LightGBM] [Info] 135.920355 seconds elapsed, finished iteration 342
[LightGBM] [Debug] Trained a tree with leaves = 255 and depth = 19
[LightGBM] [Info] Iteration:343, valid_1 auc : 0.843419
[LightGBM] [Info] 136.205492 seconds elapsed, finished iteration 343
[LightGBM] [Debug] Trained a tree with leaves = 255 and depth = 20
[LightGBM] [Info] Iteration:344, valid_1 auc : 0.843436
[LightGBM] [Info] 136.556207 seconds elapsed, finished iteration 344
[LightGBM] [Debug] Trained a tree with leaves = 255 and depth = 26
[LightGBM] [Info] Iteration:345, valid_1 auc : 0.843439
[LightGBM] [Info] 136.757848 seconds elapsed, finished iteration 345
[LightGBM] [Debug] Trained a tree with leaves = 255 and depth = 20
[LightGBM] [Info] Iteration:346, valid_1 auc : 0.843446
[LightGBM] [Info] 136.950786 seconds elapsed, finished iteration 346
[LightGBM] [Debug] Trained a tree with leaves = 255 and depth = 18
[LightGBM] [Info] Iteration:347, valid_1 auc : 0.843487
[LightGBM] [Info] 137.382202 seconds elapsed, finished iteration 347
[LightGBM] [Debug] Trained a tree with leaves = 255 and depth = 17
[LightGBM] [Info] Iteration:348, valid_1 auc : 0.843489
[LightGBM] [Info] 137.628748 seconds elapsed, finished iteration 348
[LightGBM] [Debug] Trained a tree with leaves = 255 and depth = 17
[LightGBM] [Info] Iteration:349, valid_1 auc : 0.843509
[LightGBM] [Info] 137.870849 seconds elapsed, finished iteration 349
[LightGBM] [Debug] Trained a tree with leaves = 255 and depth = 28
[LightGBM] [Info] Iteration:350, valid_1 auc : 0.84354
[LightGBM] [Info] 138.215886 seconds elapsed, finished iteration 350
[LightGBM] [Debug] Trained a tree with leaves = 255 and depth = 16
[LightGBM] [Info] Iteration:351, valid_1 auc : 0.843576
[LightGBM] [Info] 138.609675 seconds elapsed, finished iteration 351
[LightGBM] [Debug] Trained a tree with leaves = 255 and depth = 23
[LightGBM] [Info] Iteration:352, valid_1 auc : 0.84358
[LightGBM] [Info] 138.830498 seconds elapsed, finished iteration 352
[LightGBM] [Debug] Trained a tree with leaves = 255 and depth = 20
[LightGBM] [Info] Iteration:353, valid_1 auc : 0.843602
[LightGBM] [Info] 139.127975 seconds elapsed, finished iteration 353
[LightGBM] [Debug] Trained a tree with leaves = 255 and depth = 17
[LightGBM] [Info] Iteration:354, valid_1 auc : 0.843609
[LightGBM] [Info] 139.361253 seconds elapsed, finished iteration 354
[LightGBM] [Debug] Trained a tree with leaves = 255 and depth = 21
[LightGBM] [Info] Iteration:355, valid_1 auc : 0.843641
[LightGBM] [Info] 139.617367 seconds elapsed, finished iteration 355
[LightGBM] [Debug] Trained a tree with leaves = 255 and depth = 16
[LightGBM] [Info] Iteration:356, valid_1 auc : 0.843654
[LightGBM] [Info] 139.839002 seconds elapsed, finished iteration 356
[LightGBM] [Debug] Trained a tree with leaves = 255 and depth = 18
[LightGBM] [Info] Iteration:357, valid_1 auc : 0.84366
[LightGBM] [Info] 140.058784 seconds elapsed, finished iteration 357
[LightGBM] [Debug] Trained a tree with leaves = 255 and depth = 14
[LightGBM] [Info] Iteration:358, valid_1 auc : 0.843753
[LightGBM] [Info] 140.565741 seconds elapsed, finished iteration 358
[LightGBM] [Debug] Trained a tree with leaves = 255 and depth = 21
[LightGBM] [Info] Iteration:359, valid_1 auc : 0.843762
[LightGBM] [Info] 140.798933 seconds elapsed, finished iteration 359
[LightGBM] [Debug] Trained a tree with leaves = 255 and depth = 19
[LightGBM] [Info] Iteration:360, valid_1 auc : 0.843776
[LightGBM] [Info] 141.025637 seconds elapsed, finished iteration 360
[LightGBM] [Debug] Trained a tree with leaves = 255 and depth = 24
[LightGBM] [Info] Iteration:361, valid_1 auc : 0.843789
[LightGBM] [Info] 141.254997 seconds elapsed, finished iteration 361
[LightGBM] [Debug] Trained a tree with leaves = 255 and depth = 21
[LightGBM] [Info] Iteration:362, valid_1 auc : 0.843818
[LightGBM] [Info] 141.509422 seconds elapsed, finished iteration 362
[LightGBM] [Debug] Trained a tree with leaves = 255 and depth = 27
[LightGBM] [Info] Iteration:363, valid_1 auc : 0.843822
[LightGBM] [Info] 141.735727 seconds elapsed, finished iteration 363
[LightGBM] [Debug] Trained a tree with leaves = 255 and depth = 21
[LightGBM] [Info] Iteration:364, valid_1 auc : 0.843857
[LightGBM] [Info] 142.044121 seconds elapsed, finished iteration 364
[LightGBM] [Debug] Trained a tree with leaves = 255 and depth = 24
[LightGBM] [Info] Iteration:365, valid_1 auc : 0.843857
[LightGBM] [Info] 142.258563 seconds elapsed, finished iteration 365
[LightGBM] [Debug] Trained a tree with leaves = 255 and depth = 16
[LightGBM] [Info] Iteration:366, valid_1 auc : 0.843865
[LightGBM] [Info] 142.538919 seconds elapsed, finished iteration 366
[LightGBM] [Debug] Trained a tree with leaves = 255 and depth = 17
[LightGBM] [Info] Iteration:367, valid_1 auc : 0.843889
[LightGBM] [Info] 142.889533 seconds elapsed, finished iteration 367
[LightGBM] [Debug] Trained a tree with leaves = 255 and depth = 22
[LightGBM] [Info] Iteration:368, valid_1 auc : 0.843895
[LightGBM] [Info] 143.115786 seconds elapsed, finished iteration 368
[LightGBM] [Debug] Trained a tree with leaves = 255 and depth = 19
[LightGBM] [Info] Iteration:369, valid_1 auc : 0.843931
[LightGBM] [Info] 143.524221 seconds elapsed, finished iteration 369
[LightGBM] [Debug] Trained a tree with leaves = 255 and depth = 21
[LightGBM] [Info] Iteration:370, valid_1 auc : 0.843947
[LightGBM] [Info] 143.817378 seconds elapsed, finished iteration 370
[LightGBM] [Debug] Trained a tree with leaves = 255 and depth = 26
[LightGBM] [Info] Iteration:371, valid_1 auc : 0.843955
[LightGBM] [Info] 144.049029 seconds elapsed, finished iteration 371
[LightGBM] [Debug] Trained a tree with leaves = 255 and depth = 18
[LightGBM] [Info] Iteration:372, valid_1 auc : 0.844003
[LightGBM] [Info] 144.489091 seconds elapsed, finished iteration 372
[LightGBM] [Debug] Trained a tree with leaves = 255 and depth = 26
[LightGBM] [Info] Iteration:373, valid_1 auc : 0.844032
[LightGBM] [Info] 144.751898 seconds elapsed, finished iteration 373
[LightGBM] [Debug] Trained a tree with leaves = 255 and depth = 18
[LightGBM] [Info] Iteration:374, valid_1 auc : 0.844073
[LightGBM] [Info] 145.161867 seconds elapsed, finished iteration 374
[LightGBM] [Debug] Trained a tree with leaves = 255 and depth = 21
[LightGBM] [Info] Iteration:375, valid_1 auc : 0.844073
[LightGBM] [Info] 145.402229 seconds elapsed, finished iteration 375
[LightGBM] [Debug] Trained a tree with leaves = 255 and depth = 22
[LightGBM] [Info] Iteration:376, valid_1 auc : 0.844115
[LightGBM] [Info] 145.712542 seconds elapsed, finished iteration 376
[LightGBM] [Debug] Trained a tree with leaves = 255 and depth = 21
[LightGBM] [Info] Iteration:377, valid_1 auc : 0.844121
[LightGBM] [Info] 145.944446 seconds elapsed, finished iteration 377
[LightGBM] [Debug] Trained a tree with leaves = 255 and depth = 18
[LightGBM] [Info] Iteration:378, valid_1 auc : 0.844137
[LightGBM] [Info] 146.193653 seconds elapsed, finished iteration 378
[LightGBM] [Debug] Trained a tree with leaves = 255 and depth = 19
[LightGBM] [Info] Iteration:379, valid_1 auc : 0.844148
[LightGBM] [Info] 146.490264 seconds elapsed, finished iteration 379
[LightGBM] [Debug] Trained a tree with leaves = 255 and depth = 22
[LightGBM] [Info] Iteration:380, valid_1 auc : 0.844161
[LightGBM] [Info] 146.722048 seconds elapsed, finished iteration 380
[LightGBM] [Debug] Trained a tree with leaves = 255 and depth = 21
[LightGBM] [Info] Iteration:381, valid_1 auc : 0.844165
[LightGBM] [Info] 146.937551 seconds elapsed, finished iteration 381
[LightGBM] [Debug] Trained a tree with leaves = 255 and depth = 20
[LightGBM] [Info] Iteration:382, valid_1 auc : 0.844182
[LightGBM] [Info] 147.236969 seconds elapsed, finished iteration 382
[LightGBM] [Debug] Trained a tree with leaves = 255 and depth = 19
[LightGBM] [Info] Iteration:383, valid_1 auc : 0.844195
[LightGBM] [Info] 147.473682 seconds elapsed, finished iteration 383
[LightGBM] [Debug] Trained a tree with leaves = 255 and depth = 19
[LightGBM] [Info] Iteration:384, valid_1 auc : 0.844228
[LightGBM] [Info] 147.905515 seconds elapsed, finished iteration 384
[LightGBM] [Debug] Trained a tree with leaves = 255 and depth = 18
[LightGBM] [Info] Iteration:385, valid_1 auc : 0.844241
[LightGBM] [Info] 148.131695 seconds elapsed, finished iteration 385
[LightGBM] [Debug] Trained a tree with leaves = 255 and depth = 19
[LightGBM] [Info] Iteration:386, valid_1 auc : 0.844246
[LightGBM] [Info] 148.393210 seconds elapsed, finished iteration 386
[LightGBM] [Debug] Trained a tree with leaves = 255 and depth = 19
[LightGBM] [Info] Iteration:387, valid_1 auc : 0.844258
[LightGBM] [Info] 148.608879 seconds elapsed, finished iteration 387
[LightGBM] [Debug] Trained a tree with leaves = 255 and depth = 16
[LightGBM] [Info] Iteration:388, valid_1 auc : 0.84427
[LightGBM] [Info] 148.874205 seconds elapsed, finished iteration 388
[LightGBM] [Debug] Trained a tree with leaves = 255 and depth = 20
[LightGBM] [Info] Iteration:389, valid_1 auc : 0.844305
[LightGBM] [Info] 149.275052 seconds elapsed, finished iteration 389
[LightGBM] [Debug] Trained a tree with leaves = 255 and depth = 16
[LightGBM] [Info] Iteration:390, valid_1 auc : 0.844345
[LightGBM] [Info] 149.602195 seconds elapsed, finished iteration 390
[LightGBM] [Debug] Trained a tree with leaves = 255 and depth = 21
[LightGBM] [Info] Iteration:391, valid_1 auc : 0.844353
[LightGBM] [Info] 149.821285 seconds elapsed, finished iteration 391
[LightGBM] [Debug] Trained a tree with leaves = 255 and depth = 19
[LightGBM] [Info] Iteration:392, valid_1 auc : 0.844358
[LightGBM] [Info] 150.042467 seconds elapsed, finished iteration 392
[LightGBM] [Debug] Trained a tree with leaves = 255 and depth = 20
[LightGBM] [Info] Iteration:393, valid_1 auc : 0.844363
[LightGBM] [Info] 150.273267 seconds elapsed, finished iteration 393
[LightGBM] [Debug] Trained a tree with leaves = 255 and depth = 19
[LightGBM] [Info] Iteration:394, valid_1 auc : 0.844368
[LightGBM] [Info] 150.538439 seconds elapsed, finished iteration 394
[LightGBM] [Debug] Trained a tree with leaves = 255 and depth = 23
[LightGBM] [Info] Iteration:395, valid_1 auc : 0.844415
[LightGBM] [Info] 150.942870 seconds elapsed, finished iteration 395
[LightGBM] [Debug] Trained a tree with leaves = 255 and depth = 24
[LightGBM] [Info] Iteration:396, valid_1 auc : 0.844417
[LightGBM] [Info] 151.140592 seconds elapsed, finished iteration 396
[LightGBM] [Debug] Trained a tree with leaves = 255 and depth = 23
[LightGBM] [Info] Iteration:397, valid_1 auc : 0.84442
[LightGBM] [Info] 151.373553 seconds elapsed, finished iteration 397
[LightGBM] [Debug] Trained a tree with leaves = 255 and depth = 22
[LightGBM] [Info] Iteration:398, valid_1 auc : 0.844429
[LightGBM] [Info] 151.592930 seconds elapsed, finished iteration 398
[LightGBM] [Debug] Trained a tree with leaves = 255 and depth = 19
[LightGBM] [Info] Iteration:399, valid_1 auc : 0.844433
[LightGBM] [Info] 151.815536 seconds elapsed, finished iteration 399
[LightGBM] [Debug] Trained a tree with leaves = 255 and depth = 22
[LightGBM] [Info] Iteration:400, valid_1 auc : 0.844447
[LightGBM] [Info] 152.138524 seconds elapsed, finished iteration 400
[LightGBM] [Debug] Trained a tree with leaves = 255 and depth = 18
[LightGBM] [Info] Iteration:401, valid_1 auc : 0.844451
[LightGBM] [Info] 152.367765 seconds elapsed, finished iteration 401
[LightGBM] [Debug] Trained a tree with leaves = 255 and depth = 16
[LightGBM] [Info] Iteration:402, valid_1 auc : 0.844474
[LightGBM] [Info] 152.621240 seconds elapsed, finished iteration 402
[LightGBM] [Debug] Trained a tree with leaves = 255 and depth = 19
[LightGBM] [Info] Iteration:403, valid_1 auc : 0.844478
[LightGBM] [Info] 152.849680 seconds elapsed, finished iteration 403
[LightGBM] [Debug] Trained a tree with leaves = 255 and depth = 24
[LightGBM] [Info] Iteration:404, valid_1 auc : 0.844485
[LightGBM] [Info] 153.079884 seconds elapsed, finished iteration 404
[LightGBM] [Debug] Trained a tree with leaves = 255 and depth = 19
[LightGBM] [Info] Iteration:405, valid_1 auc : 0.844502
[LightGBM] [Info] 153.458967 seconds elapsed, finished iteration 405
[LightGBM] [Debug] Trained a tree with leaves = 255 and depth = 19
[LightGBM] [Info] Iteration:406, valid_1 auc : 0.844507
[LightGBM] [Info] 153.689299 seconds elapsed, finished iteration 406
[LightGBM] [Debug] Trained a tree with leaves = 255 and depth = 17
[LightGBM] [Info] Iteration:407, valid_1 auc : 0.84452
[LightGBM] [Info] 153.976722 seconds elapsed, finished iteration 407
[LightGBM] [Debug] Trained a tree with leaves = 255 and depth = 16
[LightGBM] [Info] Iteration:408, valid_1 auc : 0.844563
[LightGBM] [Info] 154.369843 seconds elapsed, finished iteration 408
[LightGBM] [Debug] Trained a tree with leaves = 255 and depth = 24
[LightGBM] [Info] Iteration:409, valid_1 auc : 0.844565
[LightGBM] [Info] 154.584005 seconds elapsed, finished iteration 409
[LightGBM] [Debug] Trained a tree with leaves = 255 and depth = 17
[LightGBM] [Info] Iteration:410, valid_1 auc : 0.844573
[LightGBM] [Info] 154.820923 seconds elapsed, finished iteration 410
[LightGBM] [Debug] Trained a tree with leaves = 255 and depth = 22
[LightGBM] [Info] Iteration:411, valid_1 auc : 0.844596
[LightGBM] [Info] 155.142059 seconds elapsed, finished iteration 411
[LightGBM] [Debug] Trained a tree with leaves = 255 and depth = 17
[LightGBM] [Info] Iteration:412, valid_1 auc : 0.844611
[LightGBM] [Info] 155.381781 seconds elapsed, finished iteration 412
[LightGBM] [Debug] Trained a tree with leaves = 255 and depth = 21
[LightGBM] [Info] Iteration:413, valid_1 auc : 0.844631
[LightGBM] [Info] 155.614825 seconds elapsed, finished iteration 413
[LightGBM] [Debug] Trained a tree with leaves = 255 and depth = 21
[LightGBM] [Info] Iteration:414, valid_1 auc : 0.84467
[LightGBM] [Info] 156.002112 seconds elapsed, finished iteration 414
[LightGBM] [Debug] Trained a tree with leaves = 255 and depth = 19
[LightGBM] [Info] Iteration:415, valid_1 auc : 0.84468
[LightGBM] [Info] 156.238257 seconds elapsed, finished iteration 415
[LightGBM] [Debug] Trained a tree with leaves = 255 and depth = 17
[LightGBM] [Info] Iteration:416, valid_1 auc : 0.844684
[LightGBM] [Info] 156.452867 seconds elapsed, finished iteration 416
[LightGBM] [Debug] Trained a tree with leaves = 255 and depth = 23
[LightGBM] [Info] Iteration:417, valid_1 auc : 0.844692
[LightGBM] [Info] 156.666393 seconds elapsed, finished iteration 417
[LightGBM] [Debug] Trained a tree with leaves = 255 and depth = 19
[LightGBM] [Info] Iteration:418, valid_1 auc : 0.844698
[LightGBM] [Info] 156.883651 seconds elapsed, finished iteration 418
[LightGBM] [Debug] Trained a tree with leaves = 255 and depth = 20
[LightGBM] [Info] Iteration:419, valid_1 auc : 0.844707
[LightGBM] [Info] 157.103156 seconds elapsed, finished iteration 419
[LightGBM] [Debug] Trained a tree with leaves = 255 and depth = 20
[LightGBM] [Info] Iteration:420, valid_1 auc : 0.844726
[LightGBM] [Info] 157.355499 seconds elapsed, finished iteration 420
[LightGBM] [Debug] Trained a tree with leaves = 255 and depth = 24
[LightGBM] [Info] Iteration:421, valid_1 auc : 0.844731
[LightGBM] [Info] 157.583297 seconds elapsed, finished iteration 421
[LightGBM] [Debug] Trained a tree with leaves = 255 and depth = 20
[LightGBM] [Info] Iteration:422, valid_1 auc : 0.844735
[LightGBM] [Info] 157.790102 seconds elapsed, finished iteration 422
[LightGBM] [Debug] Trained a tree with leaves = 255 and depth = 19
[LightGBM] [Info] Iteration:423, valid_1 auc : 0.844753
[LightGBM] [Info] 158.015880 seconds elapsed, finished iteration 423
[LightGBM] [Debug] Trained a tree with leaves = 255 and depth = 25
[LightGBM] [Info] Iteration:424, valid_1 auc : 0.844758
[LightGBM] [Info] 158.242407 seconds elapsed, finished iteration 424
[LightGBM] [Debug] Trained a tree with leaves = 255 and depth = 23
[LightGBM] [Info] Iteration:425, valid_1 auc : 0.84476
[LightGBM] [Info] 158.449246 seconds elapsed, finished iteration 425
[LightGBM] [Debug] Trained a tree with leaves = 255 and depth = 24
[LightGBM] [Info] Iteration:426, valid_1 auc : 0.844788
[LightGBM] [Info] 158.751779 seconds elapsed, finished iteration 426
[LightGBM] [Debug] Trained a tree with leaves = 255 and depth = 22
[LightGBM] [Info] Iteration:427, valid_1 auc : 0.844806
[LightGBM] [Info] 158.979098 seconds elapsed, finished iteration 427
[LightGBM] [Debug] Trained a tree with leaves = 255 and depth = 17
[LightGBM] [Info] Iteration:428, valid_1 auc : 0.844817
[LightGBM] [Info] 159.235290 seconds elapsed, finished iteration 428
[LightGBM] [Debug] Trained a tree with leaves = 255 and depth = 15
[LightGBM] [Info] Iteration:429, valid_1 auc : 0.844842
[LightGBM] [Info] 159.586138 seconds elapsed, finished iteration 429
[LightGBM] [Debug] Trained a tree with leaves = 255 and depth = 21
[LightGBM] [Info] Iteration:430, valid_1 auc : 0.844858
[LightGBM] [Info] 159.837577 seconds elapsed, finished iteration 430
[LightGBM] [Debug] Trained a tree with leaves = 255 and depth = 21
[LightGBM] [Info] Iteration:431, valid_1 auc : 0.844863
[LightGBM] [Info] 160.075748 seconds elapsed, finished iteration 431
[LightGBM] [Debug] Trained a tree with leaves = 255 and depth = 19
[LightGBM] [Info] Iteration:432, valid_1 auc : 0.844875
[LightGBM] [Info] 160.366400 seconds elapsed, finished iteration 432
[LightGBM] [Debug] Trained a tree with leaves = 255 and depth = 16
[LightGBM] [Info] Iteration:433, valid_1 auc : 0.844889
[LightGBM] [Info] 160.708138 seconds elapsed, finished iteration 433
[LightGBM] [Debug] Trained a tree with leaves = 255 and depth = 16
[LightGBM] [Info] Iteration:434, valid_1 auc : 0.844905
[LightGBM] [Info] 160.953688 seconds elapsed, finished iteration 434
[LightGBM] [Debug] Trained a tree with leaves = 255 and depth = 17
[LightGBM] [Info] Iteration:435, valid_1 auc : 0.844909
[LightGBM] [Info] 161.194065 seconds elapsed, finished iteration 435
[LightGBM] [Debug] Trained a tree with leaves = 255 and depth = 17
[LightGBM] [Info] Iteration:436, valid_1 auc : 0.844924
[LightGBM] [Info] 161.496990 seconds elapsed, finished iteration 436
[LightGBM] [Debug] Trained a tree with leaves = 255 and depth = 20
[LightGBM] [Info] Iteration:437, valid_1 auc : 0.844958
[LightGBM] [Info] 161.865348 seconds elapsed, finished iteration 437
[LightGBM] [Debug] Trained a tree with leaves = 255 and depth = 25
[LightGBM] [Info] Iteration:438, valid_1 auc : 0.844958
[LightGBM] [Info] 162.074810 seconds elapsed, finished iteration 438
[LightGBM] [Debug] Trained a tree with leaves = 255 and depth = 20
[LightGBM] [Info] Iteration:439, valid_1 auc : 0.844962
[LightGBM] [Info] 162.286053 seconds elapsed, finished iteration 439
[LightGBM] [Debug] Trained a tree with leaves = 255 and depth = 20
[LightGBM] [Info] Iteration:440, valid_1 auc : 0.844965
[LightGBM] [Info] 162.503788 seconds elapsed, finished iteration 440
[LightGBM] [Debug] Trained a tree with leaves = 255 and depth = 19
[LightGBM] [Info] Iteration:441, valid_1 auc : 0.84497
[LightGBM] [Info] 162.739653 seconds elapsed, finished iteration 441
[LightGBM] [Debug] Trained a tree with leaves = 255 and depth = 17
[LightGBM] [Info] Iteration:442, valid_1 auc : 0.845045
[LightGBM] [Info] 163.189245 seconds elapsed, finished iteration 442
[LightGBM] [Debug] Trained a tree with leaves = 255 and depth = 21
[LightGBM] [Info] Iteration:443, valid_1 auc : 0.845061
[LightGBM] [Info] 163.445584 seconds elapsed, finished iteration 443
[LightGBM] [Debug] Trained a tree with leaves = 255 and depth = 20
[LightGBM] [Info] Iteration:444, valid_1 auc : 0.845087
[LightGBM] [Info] 163.754493 seconds elapsed, finished iteration 444
[LightGBM] [Debug] Trained a tree with leaves = 255 and depth = 17
[LightGBM] [Info] Iteration:445, valid_1 auc : 0.845104
[LightGBM] [Info] 164.058456 seconds elapsed, finished iteration 445
[LightGBM] [Debug] Trained a tree with leaves = 255 and depth = 17
[LightGBM] [Info] Iteration:446, valid_1 auc : 0.845133
[LightGBM] [Info] 164.386784 seconds elapsed, finished iteration 446
[LightGBM] [Debug] Trained a tree with leaves = 255 and depth = 17
[LightGBM] [Info] Iteration:447, valid_1 auc : 0.845145
[LightGBM] [Info] 164.620279 seconds elapsed, finished iteration 447
[LightGBM] [Debug] Trained a tree with leaves = 255 and depth = 20
[LightGBM] [Info] Iteration:448, valid_1 auc : 0.845163
[LightGBM] [Info] 164.895239 seconds elapsed, finished iteration 448
[LightGBM] [Debug] Trained a tree with leaves = 255 and depth = 20
[LightGBM] [Info] Iteration:449, valid_1 auc : 0.845169
[LightGBM] [Info] 165.174428 seconds elapsed, finished iteration 449
[LightGBM] [Debug] Trained a tree with leaves = 255 and depth = 17
[LightGBM] [Info] Iteration:450, valid_1 auc : 0.845188
[LightGBM] [Info] 165.417870 seconds elapsed, finished iteration 450
[LightGBM] [Debug] Trained a tree with leaves = 255 and depth = 14
[LightGBM] [Info] Iteration:451, valid_1 auc : 0.845263
[LightGBM] [Info] 165.904945 seconds elapsed, finished iteration 451
[LightGBM] [Debug] Trained a tree with leaves = 255 and depth = 20
[LightGBM] [Info] Iteration:452, valid_1 auc : 0.845301
[LightGBM] [Info] 166.249193 seconds elapsed, finished iteration 452
[LightGBM] [Debug] Trained a tree with leaves = 255 and depth = 20
[LightGBM] [Info] Iteration:453, valid_1 auc : 0.845327
[LightGBM] [Info] 166.522026 seconds elapsed, finished iteration 453
[LightGBM] [Debug] Trained a tree with leaves = 255 and depth = 16
[LightGBM] [Info] Iteration:454, valid_1 auc : 0.845385
[LightGBM] [Info] 166.940096 seconds elapsed, finished iteration 454
[LightGBM] [Debug] Trained a tree with leaves = 255 and depth = 16
[LightGBM] [Info] Iteration:455, valid_1 auc : 0.845401
[LightGBM] [Info] 167.199600 seconds elapsed, finished iteration 455
[LightGBM] [Debug] Trained a tree with leaves = 255 and depth = 23
[LightGBM] [Info] Iteration:456, valid_1 auc : 0.845403
[LightGBM] [Info] 167.400914 seconds elapsed, finished iteration 456
[LightGBM] [Debug] Trained a tree with leaves = 255 and depth = 16
[LightGBM] [Info] Iteration:457, valid_1 auc : 0.845434
[LightGBM] [Info] 167.696824 seconds elapsed, finished iteration 457
[LightGBM] [Debug] Trained a tree with leaves = 255 and depth = 22
[LightGBM] [Info] Iteration:458, valid_1 auc : 0.845439
[LightGBM] [Info] 167.932989 seconds elapsed, finished iteration 458
[LightGBM] [Debug] Trained a tree with leaves = 255 and depth = 24
[LightGBM] [Info] Iteration:459, valid_1 auc : 0.845442
[LightGBM] [Info] 168.171289 seconds elapsed, finished iteration 459
[LightGBM] [Debug] Trained a tree with leaves = 255 and depth = 17
[LightGBM] [Info] Iteration:460, valid_1 auc : 0.845468
[LightGBM] [Info] 168.513661 seconds elapsed, finished iteration 460
[LightGBM] [Debug] Trained a tree with leaves = 255 and depth = 27
[LightGBM] [Info] Iteration:461, valid_1 auc : 0.845478
[LightGBM] [Info] 168.740739 seconds elapsed, finished iteration 461
[LightGBM] [Debug] Trained a tree with leaves = 255 and depth = 17
[LightGBM] [Info] Iteration:462, valid_1 auc : 0.845509
[LightGBM] [Info] 169.102354 seconds elapsed, finished iteration 462
[LightGBM] [Debug] Trained a tree with leaves = 255 and depth = 21
[LightGBM] [Info] Iteration:463, valid_1 auc : 0.84552
[LightGBM] [Info] 169.365278 seconds elapsed, finished iteration 463
[LightGBM] [Debug] Trained a tree with leaves = 255 and depth = 21
[LightGBM] [Info] Iteration:464, valid_1 auc : 0.845522
[LightGBM] [Info] 169.606699 seconds elapsed, finished iteration 464
[LightGBM] [Debug] Trained a tree with leaves = 255 and depth = 18
[LightGBM] [Info] Iteration:465, valid_1 auc : 0.845553
[LightGBM] [Info] 169.949791 seconds elapsed, finished iteration 465
[LightGBM] [Debug] Trained a tree with leaves = 255 and depth = 18
[LightGBM] [Info] Iteration:466, valid_1 auc : 0.845565
[LightGBM] [Info] 170.325450 seconds elapsed, finished iteration 466
[LightGBM] [Debug] Trained a tree with leaves = 255 and depth = 18
[LightGBM] [Info] Iteration:467, valid_1 auc : 0.845581
[LightGBM] [Info] 170.576085 seconds elapsed, finished iteration 467
[LightGBM] [Debug] Trained a tree with leaves = 255 and depth = 20
[LightGBM] [Info] Iteration:468, valid_1 auc : 0.845591
[LightGBM] [Info] 170.843084 seconds elapsed, finished iteration 468
[LightGBM] [Debug] Trained a tree with leaves = 255 and depth = 16
[LightGBM] [Info] Iteration:469, valid_1 auc : 0.845627
[LightGBM] [Info] 171.355138 seconds elapsed, finished iteration 469
[LightGBM] [Debug] Trained a tree with leaves = 255 and depth = 19
[LightGBM] [Info] Iteration:470, valid_1 auc : 0.845632
[LightGBM] [Info] 171.597541 seconds elapsed, finished iteration 470
[LightGBM] [Debug] Trained a tree with leaves = 255 and depth = 20
[LightGBM] [Info] Iteration:471, valid_1 auc : 0.845663
[LightGBM] [Info] 171.919091 seconds elapsed, finished iteration 471
[LightGBM] [Debug] Trained a tree with leaves = 255 and depth = 24
[LightGBM] [Info] Iteration:472, valid_1 auc : 0.845665
[LightGBM] [Info] 172.156063 seconds elapsed, finished iteration 472
[LightGBM] [Debug] Trained a tree with leaves = 255 and depth = 18
[LightGBM] [Info] Iteration:473, valid_1 auc : 0.845673
[LightGBM] [Info] 172.409492 seconds elapsed, finished iteration 473
[LightGBM] [Debug] Trained a tree with leaves = 255 and depth = 21
[LightGBM] [Info] Iteration:474, valid_1 auc : 0.845677
[LightGBM] [Info] 172.663556 seconds elapsed, finished iteration 474
[LightGBM] [Debug] Trained a tree with leaves = 255 and depth = 20
[LightGBM] [Info] Iteration:475, valid_1 auc : 0.845695
[LightGBM] [Info] 172.959502 seconds elapsed, finished iteration 475
[LightGBM] [Debug] Trained a tree with leaves = 255 and depth = 18
[LightGBM] [Info] Iteration:476, valid_1 auc : 0.845726
[LightGBM] [Info] 173.369376 seconds elapsed, finished iteration 476
[LightGBM] [Debug] Trained a tree with leaves = 255 and depth = 21
[LightGBM] [Info] Iteration:477, valid_1 auc : 0.845731
[LightGBM] [Info] 173.607349 seconds elapsed, finished iteration 477
[LightGBM] [Debug] Trained a tree with leaves = 255 and depth = 18
[LightGBM] [Info] Iteration:478, valid_1 auc : 0.845772
[LightGBM] [Info] 173.970148 seconds elapsed, finished iteration 478
[LightGBM] [Debug] Trained a tree with leaves = 255 and depth = 17
[LightGBM] [Info] Iteration:479, valid_1 auc : 0.845804
[LightGBM] [Info] 174.372375 seconds elapsed, finished iteration 479
[LightGBM] [Debug] Trained a tree with leaves = 255 and depth = 16
[LightGBM] [Info] Iteration:480, valid_1 auc : 0.84585
[LightGBM] [Info] 174.783308 seconds elapsed, finished iteration 480
[LightGBM] [Debug] Trained a tree with leaves = 255 and depth = 19
[LightGBM] [Info] Iteration:481, valid_1 auc : 0.845856
[LightGBM] [Info] 175.010566 seconds elapsed, finished iteration 481
[LightGBM] [Debug] Trained a tree with leaves = 255 and depth = 22
[LightGBM] [Info] Iteration:482, valid_1 auc : 0.845882
[LightGBM] [Info] 175.435800 seconds elapsed, finished iteration 482
[LightGBM] [Debug] Trained a tree with leaves = 255 and depth = 25
[LightGBM] [Info] Iteration:483, valid_1 auc : 0.845889
[LightGBM] [Info] 175.691570 seconds elapsed, finished iteration 483
[LightGBM] [Debug] Trained a tree with leaves = 255 and depth = 20
[LightGBM] [Info] Iteration:484, valid_1 auc : 0.845904
[LightGBM] [Info] 175.946685 seconds elapsed, finished iteration 484
[LightGBM] [Debug] Trained a tree with leaves = 255 and depth = 27
[LightGBM] [Info] Iteration:485, valid_1 auc : 0.845931
[LightGBM] [Info] 176.261115 seconds elapsed, finished iteration 485
[LightGBM] [Debug] Trained a tree with leaves = 255 and depth = 24
[LightGBM] [Info] Iteration:486, valid_1 auc : 0.845943
[LightGBM] [Info] 176.539771 seconds elapsed, finished iteration 486
[LightGBM] [Debug] Trained a tree with leaves = 255 and depth = 17
[LightGBM] [Info] Iteration:487, valid_1 auc : 0.845954
[LightGBM] [Info] 176.812202 seconds elapsed, finished iteration 487
[LightGBM] [Debug] Trained a tree with leaves = 255 and depth = 18
[LightGBM] [Info] Iteration:488, valid_1 auc : 0.845966
[LightGBM] [Info] 177.133439 seconds elapsed, finished iteration 488
[LightGBM] [Debug] Trained a tree with leaves = 255 and depth = 18
[LightGBM] [Info] Iteration:489, valid_1 auc : 0.845976
[LightGBM] [Info] 177.428877 seconds elapsed, finished iteration 489
[LightGBM] [Debug] Trained a tree with leaves = 255 and depth = 17
[LightGBM] [Info] Iteration:490, valid_1 auc : 0.845991
[LightGBM] [Info] 177.706893 seconds elapsed, finished iteration 490
[LightGBM] [Debug] Trained a tree with leaves = 255 and depth = 23
[LightGBM] [Info] Iteration:491, valid_1 auc : 0.845991
[LightGBM] [Info] 177.924111 seconds elapsed, finished iteration 491
[LightGBM] [Debug] Trained a tree with leaves = 255 and depth = 19
[LightGBM] [Info] Iteration:492, valid_1 auc : 0.846015
[LightGBM] [Info] 178.204111 seconds elapsed, finished iteration 492
[LightGBM] [Debug] Trained a tree with leaves = 255 and depth = 24
[LightGBM] [Info] Iteration:493, valid_1 auc : 0.84602
[LightGBM] [Info] 178.433071 seconds elapsed, finished iteration 493
[LightGBM] [Debug] Trained a tree with leaves = 255 and depth = 19
[LightGBM] [Info] Iteration:494, valid_1 auc : 0.846031
[LightGBM] [Info] 178.672986 seconds elapsed, finished iteration 494
[LightGBM] [Debug] Trained a tree with leaves = 255 and depth = 23
[LightGBM] [Info] Iteration:495, valid_1 auc : 0.846035
[LightGBM] [Info] 178.891220 seconds elapsed, finished iteration 495
[LightGBM] [Debug] Trained a tree with leaves = 255 and depth = 19
[LightGBM] [Info] Iteration:496, valid_1 auc : 0.846043
[LightGBM] [Info] 179.149827 seconds elapsed, finished iteration 496
[LightGBM] [Debug] Trained a tree with leaves = 255 and depth = 18
[LightGBM] [Info] Iteration:497, valid_1 auc : 0.846045
[LightGBM] [Info] 179.387524 seconds elapsed, finished iteration 497
[LightGBM] [Debug] Trained a tree with leaves = 255 and depth = 21
[LightGBM] [Info] Iteration:498, valid_1 auc : 0.846069
[LightGBM] [Info] 179.817653 seconds elapsed, finished iteration 498
[LightGBM] [Debug] Trained a tree with leaves = 255 and depth = 21
[LightGBM] [Info] Iteration:499, valid_1 auc : 0.846084
[LightGBM] [Info] 180.086797 seconds elapsed, finished iteration 499
[LightGBM] [Debug] Trained a tree with leaves = 255 and depth = 24
[LightGBM] [Info] Iteration:500, valid_1 auc : 0.846103
[LightGBM] [Info] 180.434255 seconds elapsed, finished iteration 500
[LightGBM] [Info] Finished training
