[LightGBM] [Warning] use_discretized_grad is set=true, use_discretized_grad=true will be ignored. Current value: use_discretized_grad=true
[LightGBM] [Warning] discretized_grad_renew is set=false, discretized_grad_renew=true will be ignored. Current value: discretized_grad_renew=false
[LightGBM] [Info] Finished loading parameters
[LightGBM] [Debug] Loading train file...
[LightGBM] [Debug] Read 10.0 GBs from /data/shiyu/boosting_tree_benchmarks/data//criteo.train.
[LightGBM] [Debug] Read 20.0 GBs from /data/shiyu/boosting_tree_benchmarks/data//criteo.train.
[LightGBM] [Debug] Read 30.0 GBs from /data/shiyu/boosting_tree_benchmarks/data//criteo.train.
[LightGBM] [Info] Construct bin mappers from text data time 3.78 seconds
[LightGBM] [Debug] Loading validation file #1...
[LightGBM] [Info] Finished loading data in 120.882101 seconds
[LightGBM] [Info] Number of positive: 10556897, number of negative: 30699658
[LightGBM] [Debug] Dataset::GetMultiBinFromAllFeatures: sparse rate 0.061951
[LightGBM] [Info] Total Bins 11420
[LightGBM] [Info] Number of data points in the train set: 41256555, number of used features: 65
[LightGBM] [Debug] Number of data points in validation set #1: 4584061
[LightGBM] [Info] Finished initializing training
[LightGBM] [Info] Started training...
[LightGBM] [Info] [binary:BoostFromScore]: pavg=0.255884 -> initscore=-1.067472
[LightGBM] [Info] Start training from score -1.067472
[LightGBM] [Debug] Trained a tree with leaves = 255 and depth = 13
[LightGBM] [Info] Iteration:1, valid_1 auc : 0.75834
[LightGBM] [Info] 3.307650 seconds elapsed, finished iteration 1
[LightGBM] [Debug] Trained a tree with leaves = 255 and depth = 13
[LightGBM] [Info] Iteration:2, valid_1 auc : 0.763447
[LightGBM] [Info] 6.619195 seconds elapsed, finished iteration 2
[LightGBM] [Debug] Trained a tree with leaves = 255 and depth = 13
[LightGBM] [Info] Iteration:3, valid_1 auc : 0.765391
[LightGBM] [Info] 10.253483 seconds elapsed, finished iteration 3
[LightGBM] [Debug] Trained a tree with leaves = 255 and depth = 13
[LightGBM] [Info] Iteration:4, valid_1 auc : 0.766576
[LightGBM] [Info] 13.714232 seconds elapsed, finished iteration 4
[LightGBM] [Debug] Trained a tree with leaves = 255 and depth = 12
[LightGBM] [Info] Iteration:5, valid_1 auc : 0.76804
[LightGBM] [Info] 17.313122 seconds elapsed, finished iteration 5
[LightGBM] [Debug] Trained a tree with leaves = 255 and depth = 15
[LightGBM] [Info] Iteration:6, valid_1 auc : 0.769275
[LightGBM] [Info] 20.735047 seconds elapsed, finished iteration 6
[LightGBM] [Debug] Trained a tree with leaves = 255 and depth = 13
[LightGBM] [Info] Iteration:7, valid_1 auc : 0.770031
[LightGBM] [Info] 24.476848 seconds elapsed, finished iteration 7
[LightGBM] [Debug] Trained a tree with leaves = 255 and depth = 14
[LightGBM] [Info] Iteration:8, valid_1 auc : 0.770895
[LightGBM] [Info] 28.259972 seconds elapsed, finished iteration 8
[LightGBM] [Debug] Trained a tree with leaves = 255 and depth = 14
[LightGBM] [Info] Iteration:9, valid_1 auc : 0.771763
[LightGBM] [Info] 31.702244 seconds elapsed, finished iteration 9
[LightGBM] [Debug] Trained a tree with leaves = 255 and depth = 13
[LightGBM] [Info] Iteration:10, valid_1 auc : 0.772461
[LightGBM] [Info] 35.245133 seconds elapsed, finished iteration 10
[LightGBM] [Debug] Trained a tree with leaves = 255 and depth = 14
[LightGBM] [Info] Iteration:11, valid_1 auc : 0.773129
[LightGBM] [Info] 38.490344 seconds elapsed, finished iteration 11
[LightGBM] [Debug] Trained a tree with leaves = 255 and depth = 14
[LightGBM] [Info] Iteration:12, valid_1 auc : 0.773747
[LightGBM] [Info] 42.094927 seconds elapsed, finished iteration 12
[LightGBM] [Debug] Trained a tree with leaves = 255 and depth = 13
[LightGBM] [Info] Iteration:13, valid_1 auc : 0.774385
[LightGBM] [Info] 45.181441 seconds elapsed, finished iteration 13
[LightGBM] [Debug] Trained a tree with leaves = 255 and depth = 16
[LightGBM] [Info] Iteration:14, valid_1 auc : 0.774966
[LightGBM] [Info] 48.485211 seconds elapsed, finished iteration 14
[LightGBM] [Debug] Trained a tree with leaves = 255 and depth = 16
[LightGBM] [Info] Iteration:15, valid_1 auc : 0.775632
[LightGBM] [Info] 52.139547 seconds elapsed, finished iteration 15
[LightGBM] [Debug] Trained a tree with leaves = 255 and depth = 16
[LightGBM] [Info] Iteration:16, valid_1 auc : 0.776181
[LightGBM] [Info] 55.295397 seconds elapsed, finished iteration 16
[LightGBM] [Debug] Trained a tree with leaves = 255 and depth = 16
[LightGBM] [Info] Iteration:17, valid_1 auc : 0.776817
[LightGBM] [Info] 58.671128 seconds elapsed, finished iteration 17
[LightGBM] [Debug] Trained a tree with leaves = 255 and depth = 16
[LightGBM] [Info] Iteration:18, valid_1 auc : 0.777358
[LightGBM] [Info] 62.068370 seconds elapsed, finished iteration 18
[LightGBM] [Debug] Trained a tree with leaves = 255 and depth = 17
[LightGBM] [Info] Iteration:19, valid_1 auc : 0.777955
[LightGBM] [Info] 65.752214 seconds elapsed, finished iteration 19
[LightGBM] [Debug] Trained a tree with leaves = 255 and depth = 15
[LightGBM] [Info] Iteration:20, valid_1 auc : 0.778474
[LightGBM] [Info] 69.897475 seconds elapsed, finished iteration 20
[LightGBM] [Debug] Trained a tree with leaves = 255 and depth = 15
[LightGBM] [Info] Iteration:21, valid_1 auc : 0.778964
[LightGBM] [Info] 73.056271 seconds elapsed, finished iteration 21
[LightGBM] [Debug] Trained a tree with leaves = 255 and depth = 15
[LightGBM] [Info] Iteration:22, valid_1 auc : 0.779498
[LightGBM] [Info] 76.322028 seconds elapsed, finished iteration 22
[LightGBM] [Debug] Trained a tree with leaves = 255 and depth = 15
[LightGBM] [Info] Iteration:23, valid_1 auc : 0.77997
[LightGBM] [Info] 79.398536 seconds elapsed, finished iteration 23
[LightGBM] [Debug] Trained a tree with leaves = 255 and depth = 15
[LightGBM] [Info] Iteration:24, valid_1 auc : 0.780416
[LightGBM] [Info] 82.644903 seconds elapsed, finished iteration 24
[LightGBM] [Debug] Trained a tree with leaves = 255 and depth = 17
[LightGBM] [Info] Iteration:25, valid_1 auc : 0.780889
[LightGBM] [Info] 86.090813 seconds elapsed, finished iteration 25
[LightGBM] [Debug] Trained a tree with leaves = 255 and depth = 17
[LightGBM] [Info] Iteration:26, valid_1 auc : 0.781271
[LightGBM] [Info] 89.567177 seconds elapsed, finished iteration 26
[LightGBM] [Debug] Trained a tree with leaves = 255 and depth = 16
[LightGBM] [Info] Iteration:27, valid_1 auc : 0.781683
[LightGBM] [Info] 93.049325 seconds elapsed, finished iteration 27
[LightGBM] [Debug] Trained a tree with leaves = 255 and depth = 18
[LightGBM] [Info] Iteration:28, valid_1 auc : 0.782092
[LightGBM] [Info] 95.984071 seconds elapsed, finished iteration 28
[LightGBM] [Debug] Trained a tree with leaves = 255 and depth = 20
[LightGBM] [Info] Iteration:29, valid_1 auc : 0.782505
[LightGBM] [Info] 99.070263 seconds elapsed, finished iteration 29
[LightGBM] [Debug] Trained a tree with leaves = 255 and depth = 20
[LightGBM] [Info] Iteration:30, valid_1 auc : 0.782895
[LightGBM] [Info] 101.875550 seconds elapsed, finished iteration 30
[LightGBM] [Debug] Trained a tree with leaves = 255 and depth = 18
[LightGBM] [Info] Iteration:31, valid_1 auc : 0.783239
[LightGBM] [Info] 105.209780 seconds elapsed, finished iteration 31
[LightGBM] [Debug] Trained a tree with leaves = 255 and depth = 19
[LightGBM] [Info] Iteration:32, valid_1 auc : 0.783619
[LightGBM] [Info] 108.525957 seconds elapsed, finished iteration 32
[LightGBM] [Debug] Trained a tree with leaves = 255 and depth = 21
[LightGBM] [Info] Iteration:33, valid_1 auc : 0.783972
[LightGBM] [Info] 111.793299 seconds elapsed, finished iteration 33
[LightGBM] [Debug] Trained a tree with leaves = 255 and depth = 23
[LightGBM] [Info] Iteration:34, valid_1 auc : 0.784257
[LightGBM] [Info] 115.372592 seconds elapsed, finished iteration 34
[LightGBM] [Debug] Trained a tree with leaves = 255 and depth = 19
[LightGBM] [Info] Iteration:35, valid_1 auc : 0.784667
[LightGBM] [Info] 118.347230 seconds elapsed, finished iteration 35
[LightGBM] [Debug] Trained a tree with leaves = 255 and depth = 21
[LightGBM] [Info] Iteration:36, valid_1 auc : 0.785073
[LightGBM] [Info] 121.837836 seconds elapsed, finished iteration 36
[LightGBM] [Debug] Trained a tree with leaves = 255 and depth = 22
[LightGBM] [Info] Iteration:37, valid_1 auc : 0.785352
[LightGBM] [Info] 125.078565 seconds elapsed, finished iteration 37
[LightGBM] [Debug] Trained a tree with leaves = 255 and depth = 19
[LightGBM] [Info] Iteration:38, valid_1 auc : 0.785669
[LightGBM] [Info] 128.589709 seconds elapsed, finished iteration 38
[LightGBM] [Debug] Trained a tree with leaves = 255 and depth = 18
[LightGBM] [Info] Iteration:39, valid_1 auc : 0.785905
[LightGBM] [Info] 132.956937 seconds elapsed, finished iteration 39
[LightGBM] [Debug] Trained a tree with leaves = 255 and depth = 19
[LightGBM] [Info] Iteration:40, valid_1 auc : 0.78612
[LightGBM] [Info] 135.864630 seconds elapsed, finished iteration 40
[LightGBM] [Debug] Trained a tree with leaves = 255 and depth = 22
[LightGBM] [Info] Iteration:41, valid_1 auc : 0.786453
[LightGBM] [Info] 138.608509 seconds elapsed, finished iteration 41
[LightGBM] [Debug] Trained a tree with leaves = 255 and depth = 17
[LightGBM] [Info] Iteration:42, valid_1 auc : 0.78669
[LightGBM] [Info] 141.483535 seconds elapsed, finished iteration 42
[LightGBM] [Debug] Trained a tree with leaves = 255 and depth = 15
[LightGBM] [Info] Iteration:43, valid_1 auc : 0.786935
[LightGBM] [Info] 144.462199 seconds elapsed, finished iteration 43
[LightGBM] [Debug] Trained a tree with leaves = 255 and depth = 19
[LightGBM] [Info] Iteration:44, valid_1 auc : 0.787234
[LightGBM] [Info] 147.353105 seconds elapsed, finished iteration 44
[LightGBM] [Debug] Trained a tree with leaves = 255 and depth = 21
[LightGBM] [Info] Iteration:45, valid_1 auc : 0.787487
[LightGBM] [Info] 150.353497 seconds elapsed, finished iteration 45
[LightGBM] [Debug] Trained a tree with leaves = 255 and depth = 24
[LightGBM] [Info] Iteration:46, valid_1 auc : 0.787786
[LightGBM] [Info] 153.877338 seconds elapsed, finished iteration 46
[LightGBM] [Debug] Trained a tree with leaves = 255 and depth = 16
[LightGBM] [Info] Iteration:47, valid_1 auc : 0.787973
[LightGBM] [Info] 156.967304 seconds elapsed, finished iteration 47
[LightGBM] [Debug] Trained a tree with leaves = 255 and depth = 17
[LightGBM] [Info] Iteration:48, valid_1 auc : 0.788249
[LightGBM] [Info] 160.629245 seconds elapsed, finished iteration 48
[LightGBM] [Debug] Trained a tree with leaves = 255 and depth = 24
[LightGBM] [Info] Iteration:49, valid_1 auc : 0.788449
[LightGBM] [Info] 164.161023 seconds elapsed, finished iteration 49
[LightGBM] [Debug] Trained a tree with leaves = 255 and depth = 17
[LightGBM] [Info] Iteration:50, valid_1 auc : 0.788678
[LightGBM] [Info] 167.391875 seconds elapsed, finished iteration 50
[LightGBM] [Debug] Trained a tree with leaves = 255 and depth = 23
[LightGBM] [Info] Iteration:51, valid_1 auc : 0.788901
[LightGBM] [Info] 170.541995 seconds elapsed, finished iteration 51
[LightGBM] [Debug] Trained a tree with leaves = 255 and depth = 18
[LightGBM] [Info] Iteration:52, valid_1 auc : 0.789145
[LightGBM] [Info] 173.703095 seconds elapsed, finished iteration 52
[LightGBM] [Debug] Trained a tree with leaves = 255 and depth = 24
[LightGBM] [Info] Iteration:53, valid_1 auc : 0.789444
[LightGBM] [Info] 176.917276 seconds elapsed, finished iteration 53
[LightGBM] [Debug] Trained a tree with leaves = 255 and depth = 20
[LightGBM] [Info] Iteration:54, valid_1 auc : 0.789623
[LightGBM] [Info] 180.433223 seconds elapsed, finished iteration 54
[LightGBM] [Debug] Trained a tree with leaves = 255 and depth = 16
[LightGBM] [Info] Iteration:55, valid_1 auc : 0.789759
[LightGBM] [Info] 184.045993 seconds elapsed, finished iteration 55
[LightGBM] [Debug] Trained a tree with leaves = 255 and depth = 28
[LightGBM] [Info] Iteration:56, valid_1 auc : 0.789918
[LightGBM] [Info] 187.176541 seconds elapsed, finished iteration 56
[LightGBM] [Debug] Trained a tree with leaves = 255 and depth = 20
[LightGBM] [Info] Iteration:57, valid_1 auc : 0.790079
[LightGBM] [Info] 190.775822 seconds elapsed, finished iteration 57
[LightGBM] [Debug] Trained a tree with leaves = 255 and depth = 17
[LightGBM] [Info] Iteration:58, valid_1 auc : 0.790232
[LightGBM] [Info] 194.783269 seconds elapsed, finished iteration 58
[LightGBM] [Debug] Trained a tree with leaves = 255 and depth = 22
[LightGBM] [Info] Iteration:59, valid_1 auc : 0.790407
[LightGBM] [Info] 197.784662 seconds elapsed, finished iteration 59
[LightGBM] [Debug] Trained a tree with leaves = 255 and depth = 23
[LightGBM] [Info] Iteration:60, valid_1 auc : 0.790539
[LightGBM] [Info] 200.624765 seconds elapsed, finished iteration 60
[LightGBM] [Debug] Trained a tree with leaves = 255 and depth = 21
[LightGBM] [Info] Iteration:61, valid_1 auc : 0.790675
[LightGBM] [Info] 204.251082 seconds elapsed, finished iteration 61
[LightGBM] [Debug] Trained a tree with leaves = 255 and depth = 19
[LightGBM] [Info] Iteration:62, valid_1 auc : 0.790828
[LightGBM] [Info] 207.686197 seconds elapsed, finished iteration 62
[LightGBM] [Debug] Trained a tree with leaves = 255 and depth = 25
[LightGBM] [Info] Iteration:63, valid_1 auc : 0.790993
[LightGBM] [Info] 210.834012 seconds elapsed, finished iteration 63
[LightGBM] [Debug] Trained a tree with leaves = 255 and depth = 19
[LightGBM] [Info] Iteration:64, valid_1 auc : 0.791154
[LightGBM] [Info] 214.219672 seconds elapsed, finished iteration 64
[LightGBM] [Debug] Trained a tree with leaves = 255 and depth = 22
[LightGBM] [Info] Iteration:65, valid_1 auc : 0.791328
[LightGBM] [Info] 217.369012 seconds elapsed, finished iteration 65
[LightGBM] [Debug] Trained a tree with leaves = 255 and depth = 26
[LightGBM] [Info] Iteration:66, valid_1 auc : 0.791456
[LightGBM] [Info] 220.570873 seconds elapsed, finished iteration 66
[LightGBM] [Debug] Trained a tree with leaves = 255 and depth = 19
[LightGBM] [Info] Iteration:67, valid_1 auc : 0.791577
[LightGBM] [Info] 223.920574 seconds elapsed, finished iteration 67
[LightGBM] [Debug] Trained a tree with leaves = 255 and depth = 17
[LightGBM] [Info] Iteration:68, valid_1 auc : 0.791708
[LightGBM] [Info] 227.657328 seconds elapsed, finished iteration 68
[LightGBM] [Debug] Trained a tree with leaves = 255 and depth = 23
[LightGBM] [Info] Iteration:69, valid_1 auc : 0.79188
[LightGBM] [Info] 231.252396 seconds elapsed, finished iteration 69
[LightGBM] [Debug] Trained a tree with leaves = 255 and depth = 23
[LightGBM] [Info] Iteration:70, valid_1 auc : 0.792001
[LightGBM] [Info] 234.916661 seconds elapsed, finished iteration 70
[LightGBM] [Debug] Trained a tree with leaves = 255 and depth = 17
[LightGBM] [Info] Iteration:71, valid_1 auc : 0.792125
[LightGBM] [Info] 238.087447 seconds elapsed, finished iteration 71
[LightGBM] [Debug] Trained a tree with leaves = 255 and depth = 23
[LightGBM] [Info] Iteration:72, valid_1 auc : 0.792229
[LightGBM] [Info] 241.719981 seconds elapsed, finished iteration 72
[LightGBM] [Debug] Trained a tree with leaves = 255 and depth = 19
[LightGBM] [Info] Iteration:73, valid_1 auc : 0.792348
[LightGBM] [Info] 244.613124 seconds elapsed, finished iteration 73
[LightGBM] [Debug] Trained a tree with leaves = 255 and depth = 21
[LightGBM] [Info] Iteration:74, valid_1 auc : 0.792461
[LightGBM] [Info] 247.949681 seconds elapsed, finished iteration 74
[LightGBM] [Debug] Trained a tree with leaves = 255 and depth = 20
[LightGBM] [Info] Iteration:75, valid_1 auc : 0.792586
[LightGBM] [Info] 251.005820 seconds elapsed, finished iteration 75
[LightGBM] [Debug] Trained a tree with leaves = 255 and depth = 22
[LightGBM] [Info] Iteration:76, valid_1 auc : 0.792679
[LightGBM] [Info] 254.270188 seconds elapsed, finished iteration 76
[LightGBM] [Debug] Trained a tree with leaves = 255 and depth = 19
[LightGBM] [Info] Iteration:77, valid_1 auc : 0.792784
[LightGBM] [Info] 257.509407 seconds elapsed, finished iteration 77
[LightGBM] [Debug] Trained a tree with leaves = 255 and depth = 24
[LightGBM] [Info] Iteration:78, valid_1 auc : 0.792886
[LightGBM] [Info] 260.458753 seconds elapsed, finished iteration 78
[LightGBM] [Debug] Trained a tree with leaves = 255 and depth = 27
[LightGBM] [Info] Iteration:79, valid_1 auc : 0.793046
[LightGBM] [Info] 264.296019 seconds elapsed, finished iteration 79
[LightGBM] [Debug] Trained a tree with leaves = 255 and depth = 19
[LightGBM] [Info] Iteration:80, valid_1 auc : 0.793138
[LightGBM] [Info] 268.347298 seconds elapsed, finished iteration 80
[LightGBM] [Debug] Trained a tree with leaves = 255 and depth = 25
[LightGBM] [Info] Iteration:81, valid_1 auc : 0.793253
[LightGBM] [Info] 272.114390 seconds elapsed, finished iteration 81
[LightGBM] [Debug] Trained a tree with leaves = 255 and depth = 22
[LightGBM] [Info] Iteration:82, valid_1 auc : 0.793371
[LightGBM] [Info] 276.087155 seconds elapsed, finished iteration 82
[LightGBM] [Debug] Trained a tree with leaves = 255 and depth = 22
[LightGBM] [Info] Iteration:83, valid_1 auc : 0.793463
[LightGBM] [Info] 279.621163 seconds elapsed, finished iteration 83
[LightGBM] [Debug] Trained a tree with leaves = 255 and depth = 22
[LightGBM] [Info] Iteration:84, valid_1 auc : 0.79361
[LightGBM] [Info] 283.586759 seconds elapsed, finished iteration 84
[LightGBM] [Debug] Trained a tree with leaves = 255 and depth = 20
[LightGBM] [Info] Iteration:85, valid_1 auc : 0.793687
[LightGBM] [Info] 287.224497 seconds elapsed, finished iteration 85
[LightGBM] [Debug] Trained a tree with leaves = 255 and depth = 25
[LightGBM] [Info] Iteration:86, valid_1 auc : 0.793823
[LightGBM] [Info] 290.617994 seconds elapsed, finished iteration 86
[LightGBM] [Debug] Trained a tree with leaves = 255 and depth = 22
[LightGBM] [Info] Iteration:87, valid_1 auc : 0.793972
[LightGBM] [Info] 293.856800 seconds elapsed, finished iteration 87
[LightGBM] [Debug] Trained a tree with leaves = 255 and depth = 20
[LightGBM] [Info] Iteration:88, valid_1 auc : 0.794068
[LightGBM] [Info] 297.531230 seconds elapsed, finished iteration 88
[LightGBM] [Debug] Trained a tree with leaves = 255 and depth = 27
[LightGBM] [Info] Iteration:89, valid_1 auc : 0.794156
[LightGBM] [Info] 301.208269 seconds elapsed, finished iteration 89
[LightGBM] [Debug] Trained a tree with leaves = 255 and depth = 21
[LightGBM] [Info] Iteration:90, valid_1 auc : 0.794241
[LightGBM] [Info] 304.320142 seconds elapsed, finished iteration 90
[LightGBM] [Debug] Trained a tree with leaves = 255 and depth = 19
[LightGBM] [Info] Iteration:91, valid_1 auc : 0.794331
[LightGBM] [Info] 307.429085 seconds elapsed, finished iteration 91
[LightGBM] [Debug] Trained a tree with leaves = 255 and depth = 22
[LightGBM] [Info] Iteration:92, valid_1 auc : 0.794409
[LightGBM] [Info] 311.477481 seconds elapsed, finished iteration 92
[LightGBM] [Debug] Trained a tree with leaves = 255 and depth = 22
[LightGBM] [Info] Iteration:93, valid_1 auc : 0.794508
[LightGBM] [Info] 314.987389 seconds elapsed, finished iteration 93
[LightGBM] [Debug] Trained a tree with leaves = 255 and depth = 22
[LightGBM] [Info] Iteration:94, valid_1 auc : 0.794636
[LightGBM] [Info] 318.291483 seconds elapsed, finished iteration 94
[LightGBM] [Debug] Trained a tree with leaves = 255 and depth = 27
[LightGBM] [Info] Iteration:95, valid_1 auc : 0.794699
[LightGBM] [Info] 321.275878 seconds elapsed, finished iteration 95
[LightGBM] [Debug] Trained a tree with leaves = 255 and depth = 20
[LightGBM] [Info] Iteration:96, valid_1 auc : 0.794775
[LightGBM] [Info] 324.190431 seconds elapsed, finished iteration 96
[LightGBM] [Debug] Trained a tree with leaves = 255 and depth = 24
[LightGBM] [Info] Iteration:97, valid_1 auc : 0.794877
[LightGBM] [Info] 327.005969 seconds elapsed, finished iteration 97
[LightGBM] [Debug] Trained a tree with leaves = 255 and depth = 22
[LightGBM] [Info] Iteration:98, valid_1 auc : 0.794944
[LightGBM] [Info] 330.167012 seconds elapsed, finished iteration 98
[LightGBM] [Debug] Trained a tree with leaves = 255 and depth = 21
[LightGBM] [Info] Iteration:99, valid_1 auc : 0.795008
[LightGBM] [Info] 333.564661 seconds elapsed, finished iteration 99
[LightGBM] [Debug] Trained a tree with leaves = 255 and depth = 18
[LightGBM] [Info] Iteration:100, valid_1 auc : 0.795076
[LightGBM] [Info] 337.315200 seconds elapsed, finished iteration 100
[LightGBM] [Debug] Trained a tree with leaves = 255 and depth = 24
[LightGBM] [Info] Iteration:101, valid_1 auc : 0.795152
[LightGBM] [Info] 340.529152 seconds elapsed, finished iteration 101
[LightGBM] [Debug] Trained a tree with leaves = 255 and depth = 29
[LightGBM] [Info] Iteration:102, valid_1 auc : 0.795215
[LightGBM] [Info] 343.711779 seconds elapsed, finished iteration 102
[LightGBM] [Debug] Trained a tree with leaves = 255 and depth = 21
[LightGBM] [Info] Iteration:103, valid_1 auc : 0.795282
[LightGBM] [Info] 346.879969 seconds elapsed, finished iteration 103
[LightGBM] [Debug] Trained a tree with leaves = 255 and depth = 23
[LightGBM] [Info] Iteration:104, valid_1 auc : 0.795381
[LightGBM] [Info] 349.735568 seconds elapsed, finished iteration 104
[LightGBM] [Debug] Trained a tree with leaves = 255 and depth = 22
[LightGBM] [Info] Iteration:105, valid_1 auc : 0.795464
[LightGBM] [Info] 352.870293 seconds elapsed, finished iteration 105
[LightGBM] [Debug] Trained a tree with leaves = 255 and depth = 19
[LightGBM] [Info] Iteration:106, valid_1 auc : 0.795531
[LightGBM] [Info] 356.200917 seconds elapsed, finished iteration 106
[LightGBM] [Debug] Trained a tree with leaves = 255 and depth = 22
[LightGBM] [Info] Iteration:107, valid_1 auc : 0.795595
[LightGBM] [Info] 359.202094 seconds elapsed, finished iteration 107
[LightGBM] [Debug] Trained a tree with leaves = 255 and depth = 23
[LightGBM] [Info] Iteration:108, valid_1 auc : 0.795652
[LightGBM] [Info] 362.238782 seconds elapsed, finished iteration 108
[LightGBM] [Debug] Trained a tree with leaves = 255 and depth = 23
[LightGBM] [Info] Iteration:109, valid_1 auc : 0.795706
[LightGBM] [Info] 365.287082 seconds elapsed, finished iteration 109
[LightGBM] [Debug] Trained a tree with leaves = 255 and depth = 23
[LightGBM] [Info] Iteration:110, valid_1 auc : 0.795761
[LightGBM] [Info] 368.844194 seconds elapsed, finished iteration 110
[LightGBM] [Debug] Trained a tree with leaves = 255 and depth = 24
[LightGBM] [Info] Iteration:111, valid_1 auc : 0.795826
[LightGBM] [Info] 372.157935 seconds elapsed, finished iteration 111
[LightGBM] [Debug] Trained a tree with leaves = 255 and depth = 30
[LightGBM] [Info] Iteration:112, valid_1 auc : 0.795906
[LightGBM] [Info] 375.561316 seconds elapsed, finished iteration 112
[LightGBM] [Debug] Trained a tree with leaves = 255 and depth = 25
[LightGBM] [Info] Iteration:113, valid_1 auc : 0.795956
[LightGBM] [Info] 378.901969 seconds elapsed, finished iteration 113
[LightGBM] [Debug] Trained a tree with leaves = 255 and depth = 31
[LightGBM] [Info] Iteration:114, valid_1 auc : 0.796051
[LightGBM] [Info] 382.430529 seconds elapsed, finished iteration 114
[LightGBM] [Debug] Trained a tree with leaves = 255 and depth = 29
[LightGBM] [Info] Iteration:115, valid_1 auc : 0.796109
[LightGBM] [Info] 385.764190 seconds elapsed, finished iteration 115
[LightGBM] [Debug] Trained a tree with leaves = 255 and depth = 25
[LightGBM] [Info] Iteration:116, valid_1 auc : 0.796153
[LightGBM] [Info] 389.118847 seconds elapsed, finished iteration 116
[LightGBM] [Debug] Trained a tree with leaves = 255 and depth = 18
[LightGBM] [Info] Iteration:117, valid_1 auc : 0.796218
[LightGBM] [Info] 392.328216 seconds elapsed, finished iteration 117
[LightGBM] [Debug] Trained a tree with leaves = 255 and depth = 21
[LightGBM] [Info] Iteration:118, valid_1 auc : 0.796284
[LightGBM] [Info] 395.935603 seconds elapsed, finished iteration 118
[LightGBM] [Debug] Trained a tree with leaves = 255 and depth = 20
[LightGBM] [Info] Iteration:119, valid_1 auc : 0.796365
[LightGBM] [Info] 399.749729 seconds elapsed, finished iteration 119
[LightGBM] [Debug] Trained a tree with leaves = 255 and depth = 28
[LightGBM] [Info] Iteration:120, valid_1 auc : 0.796425
[LightGBM] [Info] 403.680204 seconds elapsed, finished iteration 120
[LightGBM] [Debug] Trained a tree with leaves = 255 and depth = 26
[LightGBM] [Info] Iteration:121, valid_1 auc : 0.796482
[LightGBM] [Info] 406.856929 seconds elapsed, finished iteration 121
[LightGBM] [Debug] Trained a tree with leaves = 255 and depth = 20
[LightGBM] [Info] Iteration:122, valid_1 auc : 0.796524
[LightGBM] [Info] 409.924958 seconds elapsed, finished iteration 122
[LightGBM] [Debug] Trained a tree with leaves = 255 and depth = 26
[LightGBM] [Info] Iteration:123, valid_1 auc : 0.796598
[LightGBM] [Info] 413.501514 seconds elapsed, finished iteration 123
[LightGBM] [Debug] Trained a tree with leaves = 255 and depth = 28
[LightGBM] [Info] Iteration:124, valid_1 auc : 0.796664
[LightGBM] [Info] 416.595371 seconds elapsed, finished iteration 124
[LightGBM] [Debug] Trained a tree with leaves = 255 and depth = 28
[LightGBM] [Info] Iteration:125, valid_1 auc : 0.796742
[LightGBM] [Info] 420.098413 seconds elapsed, finished iteration 125
[LightGBM] [Debug] Trained a tree with leaves = 255 and depth = 20
[LightGBM] [Info] Iteration:126, valid_1 auc : 0.796803
[LightGBM] [Info] 423.564840 seconds elapsed, finished iteration 126
[LightGBM] [Debug] Trained a tree with leaves = 255 and depth = 21
[LightGBM] [Info] Iteration:127, valid_1 auc : 0.796858
[LightGBM] [Info] 426.917394 seconds elapsed, finished iteration 127
[LightGBM] [Debug] Trained a tree with leaves = 255 and depth = 22
[LightGBM] [Info] Iteration:128, valid_1 auc : 0.796919
[LightGBM] [Info] 429.908210 seconds elapsed, finished iteration 128
[LightGBM] [Debug] Trained a tree with leaves = 255 and depth = 20
[LightGBM] [Info] Iteration:129, valid_1 auc : 0.796963
[LightGBM] [Info] 433.162919 seconds elapsed, finished iteration 129
[LightGBM] [Debug] Trained a tree with leaves = 255 and depth = 25
[LightGBM] [Info] Iteration:130, valid_1 auc : 0.797009
[LightGBM] [Info] 436.450821 seconds elapsed, finished iteration 130
[LightGBM] [Debug] Trained a tree with leaves = 255 and depth = 22
[LightGBM] [Info] Iteration:131, valid_1 auc : 0.797063
[LightGBM] [Info] 439.639144 seconds elapsed, finished iteration 131
[LightGBM] [Debug] Trained a tree with leaves = 255 and depth = 27
[LightGBM] [Info] Iteration:132, valid_1 auc : 0.797135
[LightGBM] [Info] 442.711300 seconds elapsed, finished iteration 132
[LightGBM] [Debug] Trained a tree with leaves = 255 and depth = 30
[LightGBM] [Info] Iteration:133, valid_1 auc : 0.797209
[LightGBM] [Info] 445.346400 seconds elapsed, finished iteration 133
[LightGBM] [Debug] Trained a tree with leaves = 255 and depth = 21
[LightGBM] [Info] Iteration:134, valid_1 auc : 0.797256
[LightGBM] [Info] 448.775936 seconds elapsed, finished iteration 134
[LightGBM] [Debug] Trained a tree with leaves = 255 and depth = 22
[LightGBM] [Info] Iteration:135, valid_1 auc : 0.797298
[LightGBM] [Info] 451.750191 seconds elapsed, finished iteration 135
[LightGBM] [Debug] Trained a tree with leaves = 255 and depth = 20
[LightGBM] [Info] Iteration:136, valid_1 auc : 0.797336
[LightGBM] [Info] 454.946751 seconds elapsed, finished iteration 136
[LightGBM] [Debug] Trained a tree with leaves = 255 and depth = 25
[LightGBM] [Info] Iteration:137, valid_1 auc : 0.797374
[LightGBM] [Info] 457.937602 seconds elapsed, finished iteration 137
[LightGBM] [Debug] Trained a tree with leaves = 255 and depth = 24
[LightGBM] [Info] Iteration:138, valid_1 auc : 0.797432
[LightGBM] [Info] 460.765920 seconds elapsed, finished iteration 138
[LightGBM] [Debug] Trained a tree with leaves = 255 and depth = 23
[LightGBM] [Info] Iteration:139, valid_1 auc : 0.797506
[LightGBM] [Info] 464.035570 seconds elapsed, finished iteration 139
[LightGBM] [Debug] Trained a tree with leaves = 255 and depth = 29
[LightGBM] [Info] Iteration:140, valid_1 auc : 0.797547
[LightGBM] [Info] 467.420715 seconds elapsed, finished iteration 140
[LightGBM] [Debug] Trained a tree with leaves = 255 and depth = 20
[LightGBM] [Info] Iteration:141, valid_1 auc : 0.797585
[LightGBM] [Info] 470.891639 seconds elapsed, finished iteration 141
[LightGBM] [Debug] Trained a tree with leaves = 255 and depth = 30
[LightGBM] [Info] Iteration:142, valid_1 auc : 0.79758
[LightGBM] [Info] 474.273206 seconds elapsed, finished iteration 142
[LightGBM] [Debug] Trained a tree with leaves = 255 and depth = 24
[LightGBM] [Info] Iteration:143, valid_1 auc : 0.797622
[LightGBM] [Info] 476.788199 seconds elapsed, finished iteration 143
[LightGBM] [Debug] Trained a tree with leaves = 255 and depth = 21
[LightGBM] [Info] Iteration:144, valid_1 auc : 0.797679
[LightGBM] [Info] 480.307976 seconds elapsed, finished iteration 144
[LightGBM] [Debug] Trained a tree with leaves = 255 and depth = 30
[LightGBM] [Info] Iteration:145, valid_1 auc : 0.797722
[LightGBM] [Info] 483.586687 seconds elapsed, finished iteration 145
[LightGBM] [Debug] Trained a tree with leaves = 255 and depth = 22
[LightGBM] [Info] Iteration:146, valid_1 auc : 0.797761
[LightGBM] [Info] 486.303821 seconds elapsed, finished iteration 146
[LightGBM] [Debug] Trained a tree with leaves = 255 and depth = 24
[LightGBM] [Info] Iteration:147, valid_1 auc : 0.7978
[LightGBM] [Info] 488.817482 seconds elapsed, finished iteration 147
[LightGBM] [Debug] Trained a tree with leaves = 255 and depth = 32
[LightGBM] [Info] Iteration:148, valid_1 auc : 0.797846
[LightGBM] [Info] 491.731806 seconds elapsed, finished iteration 148
[LightGBM] [Debug] Trained a tree with leaves = 255 and depth = 30
[LightGBM] [Info] Iteration:149, valid_1 auc : 0.79789
[LightGBM] [Info] 494.701555 seconds elapsed, finished iteration 149
[LightGBM] [Debug] Trained a tree with leaves = 255 and depth = 26
[LightGBM] [Info] Iteration:150, valid_1 auc : 0.797936
[LightGBM] [Info] 498.203519 seconds elapsed, finished iteration 150
[LightGBM] [Debug] Trained a tree with leaves = 255 and depth = 25
[LightGBM] [Info] Iteration:151, valid_1 auc : 0.797971
[LightGBM] [Info] 501.523919 seconds elapsed, finished iteration 151
[LightGBM] [Debug] Trained a tree with leaves = 255 and depth = 27
[LightGBM] [Info] Iteration:152, valid_1 auc : 0.798009
[LightGBM] [Info] 504.855225 seconds elapsed, finished iteration 152
[LightGBM] [Debug] Trained a tree with leaves = 255 and depth = 31
[LightGBM] [Info] Iteration:153, valid_1 auc : 0.798039
[LightGBM] [Info] 507.827393 seconds elapsed, finished iteration 153
[LightGBM] [Debug] Trained a tree with leaves = 255 and depth = 25
[LightGBM] [Info] Iteration:154, valid_1 auc : 0.798077
[LightGBM] [Info] 510.776977 seconds elapsed, finished iteration 154
[LightGBM] [Debug] Trained a tree with leaves = 255 and depth = 23
[LightGBM] [Info] Iteration:155, valid_1 auc : 0.798124
[LightGBM] [Info] 513.633350 seconds elapsed, finished iteration 155
[LightGBM] [Debug] Trained a tree with leaves = 255 and depth = 28
[LightGBM] [Info] Iteration:156, valid_1 auc : 0.798156
[LightGBM] [Info] 516.999022 seconds elapsed, finished iteration 156
[LightGBM] [Debug] Trained a tree with leaves = 255 and depth = 30
[LightGBM] [Info] Iteration:157, valid_1 auc : 0.798217
[LightGBM] [Info] 519.754365 seconds elapsed, finished iteration 157
[LightGBM] [Debug] Trained a tree with leaves = 255 and depth = 27
[LightGBM] [Info] Iteration:158, valid_1 auc : 0.798254
[LightGBM] [Info] 522.647016 seconds elapsed, finished iteration 158
[LightGBM] [Debug] Trained a tree with leaves = 255 and depth = 23
[LightGBM] [Info] Iteration:159, valid_1 auc : 0.798289
[LightGBM] [Info] 525.712570 seconds elapsed, finished iteration 159
[LightGBM] [Debug] Trained a tree with leaves = 255 and depth = 20
[LightGBM] [Info] Iteration:160, valid_1 auc : 0.798323
[LightGBM] [Info] 529.062784 seconds elapsed, finished iteration 160
[LightGBM] [Debug] Trained a tree with leaves = 255 and depth = 25
[LightGBM] [Info] Iteration:161, valid_1 auc : 0.798348
[LightGBM] [Info] 532.289700 seconds elapsed, finished iteration 161
[LightGBM] [Debug] Trained a tree with leaves = 255 and depth = 29
[LightGBM] [Info] Iteration:162, valid_1 auc : 0.798413
[LightGBM] [Info] 535.662260 seconds elapsed, finished iteration 162
[LightGBM] [Debug] Trained a tree with leaves = 255 and depth = 25
[LightGBM] [Info] Iteration:163, valid_1 auc : 0.798452
[LightGBM] [Info] 538.835045 seconds elapsed, finished iteration 163
[LightGBM] [Debug] Trained a tree with leaves = 255 and depth = 21
[LightGBM] [Info] Iteration:164, valid_1 auc : 0.798498
[LightGBM] [Info] 541.955990 seconds elapsed, finished iteration 164
[LightGBM] [Debug] Trained a tree with leaves = 255 and depth = 22
[LightGBM] [Info] Iteration:165, valid_1 auc : 0.798551
[LightGBM] [Info] 544.853098 seconds elapsed, finished iteration 165
[LightGBM] [Debug] Trained a tree with leaves = 255 and depth = 27
[LightGBM] [Info] Iteration:166, valid_1 auc : 0.798583
[LightGBM] [Info] 548.238589 seconds elapsed, finished iteration 166
[LightGBM] [Debug] Trained a tree with leaves = 255 and depth = 19
[LightGBM] [Info] Iteration:167, valid_1 auc : 0.798624
[LightGBM] [Info] 551.614568 seconds elapsed, finished iteration 167
[LightGBM] [Debug] Trained a tree with leaves = 255 and depth = 20
[LightGBM] [Info] Iteration:168, valid_1 auc : 0.798654
[LightGBM] [Info] 554.335895 seconds elapsed, finished iteration 168
[LightGBM] [Debug] Trained a tree with leaves = 255 and depth = 21
[LightGBM] [Info] Iteration:169, valid_1 auc : 0.798695
[LightGBM] [Info] 556.976038 seconds elapsed, finished iteration 169
[LightGBM] [Debug] Trained a tree with leaves = 255 and depth = 19
[LightGBM] [Info] Iteration:170, valid_1 auc : 0.798731
[LightGBM] [Info] 559.250895 seconds elapsed, finished iteration 170
[LightGBM] [Debug] Trained a tree with leaves = 255 and depth = 21
[LightGBM] [Info] Iteration:171, valid_1 auc : 0.798766
[LightGBM] [Info] 562.452293 seconds elapsed, finished iteration 171
[LightGBM] [Debug] Trained a tree with leaves = 255 and depth = 27
[LightGBM] [Info] Iteration:172, valid_1 auc : 0.798792
[LightGBM] [Info] 566.302808 seconds elapsed, finished iteration 172
[LightGBM] [Debug] Trained a tree with leaves = 255 and depth = 27
[LightGBM] [Info] Iteration:173, valid_1 auc : 0.798831
[LightGBM] [Info] 569.096333 seconds elapsed, finished iteration 173
[LightGBM] [Debug] Trained a tree with leaves = 255 and depth = 23
[LightGBM] [Info] Iteration:174, valid_1 auc : 0.798856
[LightGBM] [Info] 572.198014 seconds elapsed, finished iteration 174
[LightGBM] [Debug] Trained a tree with leaves = 255 and depth = 30
[LightGBM] [Info] Iteration:175, valid_1 auc : 0.798898
[LightGBM] [Info] 574.692076 seconds elapsed, finished iteration 175
[LightGBM] [Debug] Trained a tree with leaves = 255 and depth = 25
[LightGBM] [Info] Iteration:176, valid_1 auc : 0.798933
[LightGBM] [Info] 577.480629 seconds elapsed, finished iteration 176
[LightGBM] [Debug] Trained a tree with leaves = 255 and depth = 26
[LightGBM] [Info] Iteration:177, valid_1 auc : 0.79897
[LightGBM] [Info] 580.086539 seconds elapsed, finished iteration 177
[LightGBM] [Debug] Trained a tree with leaves = 255 and depth = 21
[LightGBM] [Info] Iteration:178, valid_1 auc : 0.798995
[LightGBM] [Info] 583.352000 seconds elapsed, finished iteration 178
[LightGBM] [Debug] Trained a tree with leaves = 255 and depth = 24
[LightGBM] [Info] Iteration:179, valid_1 auc : 0.799019
[LightGBM] [Info] 586.047120 seconds elapsed, finished iteration 179
[LightGBM] [Debug] Trained a tree with leaves = 255 and depth = 26
[LightGBM] [Info] Iteration:180, valid_1 auc : 0.799061
[LightGBM] [Info] 588.324640 seconds elapsed, finished iteration 180
[LightGBM] [Debug] Trained a tree with leaves = 255 and depth = 22
[LightGBM] [Info] Iteration:181, valid_1 auc : 0.799094
[LightGBM] [Info] 591.339747 seconds elapsed, finished iteration 181
[LightGBM] [Debug] Trained a tree with leaves = 255 and depth = 26
[LightGBM] [Info] Iteration:182, valid_1 auc : 0.799133
[LightGBM] [Info] 594.273596 seconds elapsed, finished iteration 182
[LightGBM] [Debug] Trained a tree with leaves = 255 and depth = 19
[LightGBM] [Info] Iteration:183, valid_1 auc : 0.799183
[LightGBM] [Info] 597.390164 seconds elapsed, finished iteration 183
[LightGBM] [Debug] Trained a tree with leaves = 255 and depth = 29
[LightGBM] [Info] Iteration:184, valid_1 auc : 0.799215
[LightGBM] [Info] 600.934201 seconds elapsed, finished iteration 184
[LightGBM] [Debug] Trained a tree with leaves = 255 and depth = 25
[LightGBM] [Info] Iteration:185, valid_1 auc : 0.799252
[LightGBM] [Info] 603.869512 seconds elapsed, finished iteration 185
[LightGBM] [Debug] Trained a tree with leaves = 255 and depth = 31
[LightGBM] [Info] Iteration:186, valid_1 auc : 0.799287
[LightGBM] [Info] 607.274062 seconds elapsed, finished iteration 186
[LightGBM] [Debug] Trained a tree with leaves = 255 and depth = 24
[LightGBM] [Info] Iteration:187, valid_1 auc : 0.799317
[LightGBM] [Info] 610.158631 seconds elapsed, finished iteration 187
[LightGBM] [Debug] Trained a tree with leaves = 255 and depth = 22
[LightGBM] [Info] Iteration:188, valid_1 auc : 0.799342
[LightGBM] [Info] 613.079155 seconds elapsed, finished iteration 188
[LightGBM] [Debug] Trained a tree with leaves = 255 and depth = 22
[LightGBM] [Info] Iteration:189, valid_1 auc : 0.799395
[LightGBM] [Info] 615.216445 seconds elapsed, finished iteration 189
[LightGBM] [Debug] Trained a tree with leaves = 255 and depth = 20
[LightGBM] [Info] Iteration:190, valid_1 auc : 0.799428
[LightGBM] [Info] 617.994297 seconds elapsed, finished iteration 190
[LightGBM] [Debug] Trained a tree with leaves = 255 and depth = 22
[LightGBM] [Info] Iteration:191, valid_1 auc : 0.799463
[LightGBM] [Info] 621.071100 seconds elapsed, finished iteration 191
[LightGBM] [Debug] Trained a tree with leaves = 255 and depth = 23
[LightGBM] [Info] Iteration:192, valid_1 auc : 0.799495
[LightGBM] [Info] 624.072555 seconds elapsed, finished iteration 192
[LightGBM] [Debug] Trained a tree with leaves = 255 and depth = 26
[LightGBM] [Info] Iteration:193, valid_1 auc : 0.799529
[LightGBM] [Info] 627.068318 seconds elapsed, finished iteration 193
[LightGBM] [Debug] Trained a tree with leaves = 255 and depth = 20
[LightGBM] [Info] Iteration:194, valid_1 auc : 0.799561
[LightGBM] [Info] 629.861187 seconds elapsed, finished iteration 194
[LightGBM] [Debug] Trained a tree with leaves = 255 and depth = 23
[LightGBM] [Info] Iteration:195, valid_1 auc : 0.799606
[LightGBM] [Info] 632.020373 seconds elapsed, finished iteration 195
[LightGBM] [Debug] Trained a tree with leaves = 255 and depth = 17
[LightGBM] [Info] Iteration:196, valid_1 auc : 0.799636
[LightGBM] [Info] 634.500012 seconds elapsed, finished iteration 196
[LightGBM] [Debug] Trained a tree with leaves = 255 and depth = 21
[LightGBM] [Info] Iteration:197, valid_1 auc : 0.799664
[LightGBM] [Info] 637.615507 seconds elapsed, finished iteration 197
[LightGBM] [Debug] Trained a tree with leaves = 255 and depth = 24
[LightGBM] [Info] Iteration:198, valid_1 auc : 0.799691
[LightGBM] [Info] 640.613485 seconds elapsed, finished iteration 198
[LightGBM] [Debug] Trained a tree with leaves = 255 and depth = 24
[LightGBM] [Info] Iteration:199, valid_1 auc : 0.799734
[LightGBM] [Info] 643.068098 seconds elapsed, finished iteration 199
[LightGBM] [Debug] Trained a tree with leaves = 255 and depth = 22
[LightGBM] [Info] Iteration:200, valid_1 auc : 0.799762
[LightGBM] [Info] 645.888850 seconds elapsed, finished iteration 200
[LightGBM] [Debug] Trained a tree with leaves = 255 and depth = 18
[LightGBM] [Info] Iteration:201, valid_1 auc : 0.799785
[LightGBM] [Info] 648.213262 seconds elapsed, finished iteration 201
[LightGBM] [Debug] Trained a tree with leaves = 255 and depth = 27
[LightGBM] [Info] Iteration:202, valid_1 auc : 0.79981
[LightGBM] [Info] 650.929144 seconds elapsed, finished iteration 202
[LightGBM] [Debug] Trained a tree with leaves = 255 and depth = 26
[LightGBM] [Info] Iteration:203, valid_1 auc : 0.79984
[LightGBM] [Info] 654.107765 seconds elapsed, finished iteration 203
[LightGBM] [Debug] Trained a tree with leaves = 255 and depth = 18
[LightGBM] [Info] Iteration:204, valid_1 auc : 0.799863
[LightGBM] [Info] 656.921639 seconds elapsed, finished iteration 204
[LightGBM] [Debug] Trained a tree with leaves = 255 and depth = 21
[LightGBM] [Info] Iteration:205, valid_1 auc : 0.799899
[LightGBM] [Info] 659.734574 seconds elapsed, finished iteration 205
[LightGBM] [Debug] Trained a tree with leaves = 255 and depth = 21
[LightGBM] [Info] Iteration:206, valid_1 auc : 0.799939
[LightGBM] [Info] 662.490106 seconds elapsed, finished iteration 206
[LightGBM] [Debug] Trained a tree with leaves = 255 and depth = 24
[LightGBM] [Info] Iteration:207, valid_1 auc : 0.799964
[LightGBM] [Info] 665.861204 seconds elapsed, finished iteration 207
[LightGBM] [Debug] Trained a tree with leaves = 255 and depth = 21
[LightGBM] [Info] Iteration:208, valid_1 auc : 0.800003
[LightGBM] [Info] 668.294124 seconds elapsed, finished iteration 208
[LightGBM] [Debug] Trained a tree with leaves = 255 and depth = 28
[LightGBM] [Info] Iteration:209, valid_1 auc : 0.800031
[LightGBM] [Info] 671.346944 seconds elapsed, finished iteration 209
[LightGBM] [Debug] Trained a tree with leaves = 255 and depth = 20
[LightGBM] [Info] Iteration:210, valid_1 auc : 0.800064
[LightGBM] [Info] 674.282656 seconds elapsed, finished iteration 210
[LightGBM] [Debug] Trained a tree with leaves = 255 and depth = 18
[LightGBM] [Info] Iteration:211, valid_1 auc : 0.800084
[LightGBM] [Info] 677.185826 seconds elapsed, finished iteration 211
[LightGBM] [Debug] Trained a tree with leaves = 255 and depth = 21
[LightGBM] [Info] Iteration:212, valid_1 auc : 0.800105
[LightGBM] [Info] 679.898399 seconds elapsed, finished iteration 212
[LightGBM] [Debug] Trained a tree with leaves = 255 and depth = 22
[LightGBM] [Info] Iteration:213, valid_1 auc : 0.800147
[LightGBM] [Info] 682.597293 seconds elapsed, finished iteration 213
[LightGBM] [Debug] Trained a tree with leaves = 255 and depth = 18
[LightGBM] [Info] Iteration:214, valid_1 auc : 0.800168
[LightGBM] [Info] 685.854713 seconds elapsed, finished iteration 214
[LightGBM] [Debug] Trained a tree with leaves = 255 and depth = 24
[LightGBM] [Info] Iteration:215, valid_1 auc : 0.800182
[LightGBM] [Info] 688.244694 seconds elapsed, finished iteration 215
[LightGBM] [Debug] Trained a tree with leaves = 255 and depth = 28
[LightGBM] [Info] Iteration:216, valid_1 auc : 0.800206
[LightGBM] [Info] 690.945057 seconds elapsed, finished iteration 216
[LightGBM] [Debug] Trained a tree with leaves = 255 and depth = 24
[LightGBM] [Info] Iteration:217, valid_1 auc : 0.800228
[LightGBM] [Info] 693.973886 seconds elapsed, finished iteration 217
[LightGBM] [Debug] Trained a tree with leaves = 255 and depth = 25
[LightGBM] [Info] Iteration:218, valid_1 auc : 0.80026
[LightGBM] [Info] 696.161163 seconds elapsed, finished iteration 218
[LightGBM] [Debug] Trained a tree with leaves = 255 and depth = 22
[LightGBM] [Info] Iteration:219, valid_1 auc : 0.80029
[LightGBM] [Info] 699.120970 seconds elapsed, finished iteration 219
[LightGBM] [Debug] Trained a tree with leaves = 255 and depth = 18
[LightGBM] [Info] Iteration:220, valid_1 auc : 0.800306
[LightGBM] [Info] 702.484979 seconds elapsed, finished iteration 220
[LightGBM] [Debug] Trained a tree with leaves = 255 and depth = 22
[LightGBM] [Info] Iteration:221, valid_1 auc : 0.800334
[LightGBM] [Info] 705.136794 seconds elapsed, finished iteration 221
[LightGBM] [Debug] Trained a tree with leaves = 255 and depth = 19
[LightGBM] [Info] Iteration:222, valid_1 auc : 0.800367
[LightGBM] [Info] 707.041668 seconds elapsed, finished iteration 222
[LightGBM] [Debug] Trained a tree with leaves = 255 and depth = 24
[LightGBM] [Info] Iteration:223, valid_1 auc : 0.80038
[LightGBM] [Info] 709.501951 seconds elapsed, finished iteration 223
[LightGBM] [Debug] Trained a tree with leaves = 255 and depth = 19
[LightGBM] [Info] Iteration:224, valid_1 auc : 0.800398
[LightGBM] [Info] 712.545410 seconds elapsed, finished iteration 224
[LightGBM] [Debug] Trained a tree with leaves = 255 and depth = 27
[LightGBM] [Info] Iteration:225, valid_1 auc : 0.800418
[LightGBM] [Info] 715.872111 seconds elapsed, finished iteration 225
[LightGBM] [Debug] Trained a tree with leaves = 255 and depth = 22
[LightGBM] [Info] Iteration:226, valid_1 auc : 0.800431
[LightGBM] [Info] 718.925603 seconds elapsed, finished iteration 226
[LightGBM] [Debug] Trained a tree with leaves = 255 and depth = 22
[LightGBM] [Info] Iteration:227, valid_1 auc : 0.800465
[LightGBM] [Info] 721.676042 seconds elapsed, finished iteration 227
[LightGBM] [Debug] Trained a tree with leaves = 255 and depth = 19
[LightGBM] [Info] Iteration:228, valid_1 auc : 0.800487
[LightGBM] [Info] 724.232431 seconds elapsed, finished iteration 228
[LightGBM] [Debug] Trained a tree with leaves = 255 and depth = 28
[LightGBM] [Info] Iteration:229, valid_1 auc : 0.800507
[LightGBM] [Info] 726.435741 seconds elapsed, finished iteration 229
[LightGBM] [Debug] Trained a tree with leaves = 255 and depth = 21
[LightGBM] [Info] Iteration:230, valid_1 auc : 0.800523
[LightGBM] [Info] 729.271295 seconds elapsed, finished iteration 230
[LightGBM] [Debug] Trained a tree with leaves = 255 and depth = 18
[LightGBM] [Info] Iteration:231, valid_1 auc : 0.800543
[LightGBM] [Info] 731.697514 seconds elapsed, finished iteration 231
[LightGBM] [Debug] Trained a tree with leaves = 255 and depth = 24
[LightGBM] [Info] Iteration:232, valid_1 auc : 0.800578
[LightGBM] [Info] 734.420763 seconds elapsed, finished iteration 232
[LightGBM] [Debug] Trained a tree with leaves = 255 and depth = 22
[LightGBM] [Info] Iteration:233, valid_1 auc : 0.800601
[LightGBM] [Info] 737.735842 seconds elapsed, finished iteration 233
[LightGBM] [Debug] Trained a tree with leaves = 255 and depth = 22
[LightGBM] [Info] Iteration:234, valid_1 auc : 0.80062
[LightGBM] [Info] 740.648078 seconds elapsed, finished iteration 234
[LightGBM] [Debug] Trained a tree with leaves = 255 and depth = 26
[LightGBM] [Info] Iteration:235, valid_1 auc : 0.800643
[LightGBM] [Info] 742.871874 seconds elapsed, finished iteration 235
[LightGBM] [Debug] Trained a tree with leaves = 255 and depth = 21
[LightGBM] [Info] Iteration:236, valid_1 auc : 0.800663
[LightGBM] [Info] 745.059925 seconds elapsed, finished iteration 236
[LightGBM] [Debug] Trained a tree with leaves = 255 and depth = 33
[LightGBM] [Info] Iteration:237, valid_1 auc : 0.80069
[LightGBM] [Info] 747.734898 seconds elapsed, finished iteration 237
[LightGBM] [Debug] Trained a tree with leaves = 255 and depth = 21
[LightGBM] [Info] Iteration:238, valid_1 auc : 0.800707
[LightGBM] [Info] 750.452753 seconds elapsed, finished iteration 238
[LightGBM] [Debug] Trained a tree with leaves = 255 and depth = 27
[LightGBM] [Info] Iteration:239, valid_1 auc : 0.80073
[LightGBM] [Info] 753.684888 seconds elapsed, finished iteration 239
[LightGBM] [Debug] Trained a tree with leaves = 255 and depth = 26
[LightGBM] [Info] Iteration:240, valid_1 auc : 0.80076
[LightGBM] [Info] 756.216327 seconds elapsed, finished iteration 240
[LightGBM] [Debug] Trained a tree with leaves = 255 and depth = 25
[LightGBM] [Info] Iteration:241, valid_1 auc : 0.800789
[LightGBM] [Info] 758.560322 seconds elapsed, finished iteration 241
[LightGBM] [Debug] Trained a tree with leaves = 255 and depth = 19
[LightGBM] [Info] Iteration:242, valid_1 auc : 0.800802
[LightGBM] [Info] 760.924986 seconds elapsed, finished iteration 242
[LightGBM] [Debug] Trained a tree with leaves = 255 and depth = 23
[LightGBM] [Info] Iteration:243, valid_1 auc : 0.800813
[LightGBM] [Info] 763.117556 seconds elapsed, finished iteration 243
[LightGBM] [Debug] Trained a tree with leaves = 255 and depth = 23
[LightGBM] [Info] Iteration:244, valid_1 auc : 0.800831
[LightGBM] [Info] 765.228512 seconds elapsed, finished iteration 244
[LightGBM] [Debug] Trained a tree with leaves = 255 and depth = 20
[LightGBM] [Info] Iteration:245, valid_1 auc : 0.800855
[LightGBM] [Info] 767.791202 seconds elapsed, finished iteration 245
[LightGBM] [Debug] Trained a tree with leaves = 255 and depth = 18
[LightGBM] [Info] Iteration:246, valid_1 auc : 0.800881
[LightGBM] [Info] 771.086461 seconds elapsed, finished iteration 246
[LightGBM] [Debug] Trained a tree with leaves = 255 and depth = 26
[LightGBM] [Info] Iteration:247, valid_1 auc : 0.800913
[LightGBM] [Info] 774.587047 seconds elapsed, finished iteration 247
[LightGBM] [Debug] Trained a tree with leaves = 255 and depth = 20
[LightGBM] [Info] Iteration:248, valid_1 auc : 0.800932
[LightGBM] [Info] 777.372744 seconds elapsed, finished iteration 248
[LightGBM] [Debug] Trained a tree with leaves = 255 and depth = 18
[LightGBM] [Info] Iteration:249, valid_1 auc : 0.800954
[LightGBM] [Info] 780.406512 seconds elapsed, finished iteration 249
[LightGBM] [Debug] Trained a tree with leaves = 255 and depth = 20
[LightGBM] [Info] Iteration:250, valid_1 auc : 0.800977
[LightGBM] [Info] 783.159657 seconds elapsed, finished iteration 250
[LightGBM] [Debug] Trained a tree with leaves = 255 and depth = 32
[LightGBM] [Info] Iteration:251, valid_1 auc : 0.801003
[LightGBM] [Info] 785.954876 seconds elapsed, finished iteration 251
[LightGBM] [Debug] Trained a tree with leaves = 255 and depth = 22
[LightGBM] [Info] Iteration:252, valid_1 auc : 0.801022
[LightGBM] [Info] 788.076244 seconds elapsed, finished iteration 252
[LightGBM] [Debug] Trained a tree with leaves = 255 and depth = 24
[LightGBM] [Info] Iteration:253, valid_1 auc : 0.801048
[LightGBM] [Info] 790.132174 seconds elapsed, finished iteration 253
[LightGBM] [Debug] Trained a tree with leaves = 255 and depth = 21
[LightGBM] [Info] Iteration:254, valid_1 auc : 0.801062
[LightGBM] [Info] 792.592088 seconds elapsed, finished iteration 254
[LightGBM] [Debug] Trained a tree with leaves = 255 and depth = 18
[LightGBM] [Info] Iteration:255, valid_1 auc : 0.801081
[LightGBM] [Info] 795.326541 seconds elapsed, finished iteration 255
[LightGBM] [Debug] Trained a tree with leaves = 255 and depth = 22
[LightGBM] [Info] Iteration:256, valid_1 auc : 0.801109
[LightGBM] [Info] 797.511697 seconds elapsed, finished iteration 256
[LightGBM] [Debug] Trained a tree with leaves = 255 and depth = 20
[LightGBM] [Info] Iteration:257, valid_1 auc : 0.801124
[LightGBM] [Info] 799.468708 seconds elapsed, finished iteration 257
[LightGBM] [Debug] Trained a tree with leaves = 255 and depth = 23
[LightGBM] [Info] Iteration:258, valid_1 auc : 0.801143
[LightGBM] [Info] 802.159013 seconds elapsed, finished iteration 258
[LightGBM] [Debug] Trained a tree with leaves = 255 and depth = 23
[LightGBM] [Info] Iteration:259, valid_1 auc : 0.801167
[LightGBM] [Info] 805.344842 seconds elapsed, finished iteration 259
[LightGBM] [Debug] Trained a tree with leaves = 255 and depth = 20
[LightGBM] [Info] Iteration:260, valid_1 auc : 0.801181
[LightGBM] [Info] 808.202645 seconds elapsed, finished iteration 260
[LightGBM] [Debug] Trained a tree with leaves = 255 and depth = 20
[LightGBM] [Info] Iteration:261, valid_1 auc : 0.801207
[LightGBM] [Info] 810.819073 seconds elapsed, finished iteration 261
[LightGBM] [Debug] Trained a tree with leaves = 255 and depth = 22
[LightGBM] [Info] Iteration:262, valid_1 auc : 0.801225
[LightGBM] [Info] 813.651081 seconds elapsed, finished iteration 262
[LightGBM] [Debug] Trained a tree with leaves = 255 and depth = 19
[LightGBM] [Info] Iteration:263, valid_1 auc : 0.801242
[LightGBM] [Info] 815.354537 seconds elapsed, finished iteration 263
[LightGBM] [Debug] Trained a tree with leaves = 255 and depth = 31
[LightGBM] [Info] Iteration:264, valid_1 auc : 0.801267
[LightGBM] [Info] 818.500477 seconds elapsed, finished iteration 264
[LightGBM] [Debug] Trained a tree with leaves = 255 and depth = 23
[LightGBM] [Info] Iteration:265, valid_1 auc : 0.801284
[LightGBM] [Info] 820.639535 seconds elapsed, finished iteration 265
[LightGBM] [Debug] Trained a tree with leaves = 255 and depth = 24
[LightGBM] [Info] Iteration:266, valid_1 auc : 0.801336
[LightGBM] [Info] 823.271689 seconds elapsed, finished iteration 266
[LightGBM] [Debug] Trained a tree with leaves = 255 and depth = 22
[LightGBM] [Info] Iteration:267, valid_1 auc : 0.801344
[LightGBM] [Info] 825.345270 seconds elapsed, finished iteration 267
[LightGBM] [Debug] Trained a tree with leaves = 255 and depth = 22
[LightGBM] [Info] Iteration:268, valid_1 auc : 0.80136
[LightGBM] [Info] 828.183072 seconds elapsed, finished iteration 268
[LightGBM] [Debug] Trained a tree with leaves = 255 and depth = 21
[LightGBM] [Info] Iteration:269, valid_1 auc : 0.801378
[LightGBM] [Info] 830.850944 seconds elapsed, finished iteration 269
[LightGBM] [Debug] Trained a tree with leaves = 255 and depth = 24
[LightGBM] [Info] Iteration:270, valid_1 auc : 0.801397
[LightGBM] [Info] 833.026624 seconds elapsed, finished iteration 270
[LightGBM] [Debug] Trained a tree with leaves = 255 and depth = 22
[LightGBM] [Info] Iteration:271, valid_1 auc : 0.801423
[LightGBM] [Info] 835.472031 seconds elapsed, finished iteration 271
[LightGBM] [Debug] Trained a tree with leaves = 255 and depth = 24
[LightGBM] [Info] Iteration:272, valid_1 auc : 0.801445
[LightGBM] [Info] 837.996411 seconds elapsed, finished iteration 272
[LightGBM] [Debug] Trained a tree with leaves = 255 and depth = 17
[LightGBM] [Info] Iteration:273, valid_1 auc : 0.801457
[LightGBM] [Info] 840.372134 seconds elapsed, finished iteration 273
[LightGBM] [Debug] Trained a tree with leaves = 255 and depth = 21
[LightGBM] [Info] Iteration:274, valid_1 auc : 0.801473
[LightGBM] [Info] 843.262073 seconds elapsed, finished iteration 274
[LightGBM] [Debug] Trained a tree with leaves = 255 and depth = 19
[LightGBM] [Info] Iteration:275, valid_1 auc : 0.801488
[LightGBM] [Info] 846.138751 seconds elapsed, finished iteration 275
[LightGBM] [Debug] Trained a tree with leaves = 255 and depth = 24
[LightGBM] [Info] Iteration:276, valid_1 auc : 0.801502
[LightGBM] [Info] 848.391550 seconds elapsed, finished iteration 276
[LightGBM] [Debug] Trained a tree with leaves = 255 and depth = 17
[LightGBM] [Info] Iteration:277, valid_1 auc : 0.80152
[LightGBM] [Info] 851.055376 seconds elapsed, finished iteration 277
[LightGBM] [Debug] Trained a tree with leaves = 255 and depth = 22
[LightGBM] [Info] Iteration:278, valid_1 auc : 0.801539
[LightGBM] [Info] 853.248857 seconds elapsed, finished iteration 278
[LightGBM] [Debug] Trained a tree with leaves = 255 and depth = 18
[LightGBM] [Info] Iteration:279, valid_1 auc : 0.801549
[LightGBM] [Info] 855.741733 seconds elapsed, finished iteration 279
[LightGBM] [Debug] Trained a tree with leaves = 255 and depth = 21
[LightGBM] [Info] Iteration:280, valid_1 auc : 0.801577
[LightGBM] [Info] 858.733428 seconds elapsed, finished iteration 280
[LightGBM] [Debug] Trained a tree with leaves = 255 and depth = 21
[LightGBM] [Info] Iteration:281, valid_1 auc : 0.801589
[LightGBM] [Info] 860.725141 seconds elapsed, finished iteration 281
[LightGBM] [Debug] Trained a tree with leaves = 255 and depth = 25
[LightGBM] [Info] Iteration:282, valid_1 auc : 0.801605
[LightGBM] [Info] 863.463510 seconds elapsed, finished iteration 282
[LightGBM] [Debug] Trained a tree with leaves = 255 and depth = 25
[LightGBM] [Info] Iteration:283, valid_1 auc : 0.801617
[LightGBM] [Info] 865.651925 seconds elapsed, finished iteration 283
[LightGBM] [Debug] Trained a tree with leaves = 255 and depth = 17
[LightGBM] [Info] Iteration:284, valid_1 auc : 0.80164
[LightGBM] [Info] 867.806817 seconds elapsed, finished iteration 284
[LightGBM] [Debug] Trained a tree with leaves = 255 and depth = 21
[LightGBM] [Info] Iteration:285, valid_1 auc : 0.801646
[LightGBM] [Info] 869.930373 seconds elapsed, finished iteration 285
[LightGBM] [Debug] Trained a tree with leaves = 255 and depth = 24
[LightGBM] [Info] Iteration:286, valid_1 auc : 0.801654
[LightGBM] [Info] 871.667444 seconds elapsed, finished iteration 286
[LightGBM] [Debug] Trained a tree with leaves = 255 and depth = 19
[LightGBM] [Info] Iteration:287, valid_1 auc : 0.80166
[LightGBM] [Info] 873.894374 seconds elapsed, finished iteration 287
[LightGBM] [Debug] Trained a tree with leaves = 255 and depth = 21
[LightGBM] [Info] Iteration:288, valid_1 auc : 0.801676
[LightGBM] [Info] 877.193417 seconds elapsed, finished iteration 288
[LightGBM] [Debug] Trained a tree with leaves = 255 and depth = 17
[LightGBM] [Info] Iteration:289, valid_1 auc : 0.801688
[LightGBM] [Info] 879.254108 seconds elapsed, finished iteration 289
[LightGBM] [Debug] Trained a tree with leaves = 255 and depth = 20
[LightGBM] [Info] Iteration:290, valid_1 auc : 0.801711
[LightGBM] [Info] 881.995124 seconds elapsed, finished iteration 290
[LightGBM] [Debug] Trained a tree with leaves = 255 and depth = 19
[LightGBM] [Info] Iteration:291, valid_1 auc : 0.801718
[LightGBM] [Info] 884.912413 seconds elapsed, finished iteration 291
[LightGBM] [Debug] Trained a tree with leaves = 255 and depth = 20
[LightGBM] [Info] Iteration:292, valid_1 auc : 0.801731
[LightGBM] [Info] 887.554557 seconds elapsed, finished iteration 292
[LightGBM] [Debug] Trained a tree with leaves = 255 and depth = 18
[LightGBM] [Info] Iteration:293, valid_1 auc : 0.801741
[LightGBM] [Info] 889.908578 seconds elapsed, finished iteration 293
[LightGBM] [Debug] Trained a tree with leaves = 255 and depth = 22
[LightGBM] [Info] Iteration:294, valid_1 auc : 0.801761
[LightGBM] [Info] 892.676166 seconds elapsed, finished iteration 294
[LightGBM] [Debug] Trained a tree with leaves = 255 and depth = 19
[LightGBM] [Info] Iteration:295, valid_1 auc : 0.801767
[LightGBM] [Info] 894.672031 seconds elapsed, finished iteration 295
[LightGBM] [Debug] Trained a tree with leaves = 255 and depth = 18
[LightGBM] [Info] Iteration:296, valid_1 auc : 0.801787
[LightGBM] [Info] 897.204527 seconds elapsed, finished iteration 296
[LightGBM] [Debug] Trained a tree with leaves = 255 and depth = 25
[LightGBM] [Info] Iteration:297, valid_1 auc : 0.801805
[LightGBM] [Info] 899.919554 seconds elapsed, finished iteration 297
[LightGBM] [Debug] Trained a tree with leaves = 255 and depth = 20
[LightGBM] [Info] Iteration:298, valid_1 auc : 0.80182
[LightGBM] [Info] 902.500454 seconds elapsed, finished iteration 298
[LightGBM] [Debug] Trained a tree with leaves = 255 and depth = 21
[LightGBM] [Info] Iteration:299, valid_1 auc : 0.801832
[LightGBM] [Info] 905.037297 seconds elapsed, finished iteration 299
[LightGBM] [Debug] Trained a tree with leaves = 255 and depth = 20
[LightGBM] [Info] Iteration:300, valid_1 auc : 0.801835
[LightGBM] [Info] 906.949837 seconds elapsed, finished iteration 300
[LightGBM] [Debug] Trained a tree with leaves = 255 and depth = 22
[LightGBM] [Info] Iteration:301, valid_1 auc : 0.801853
[LightGBM] [Info] 909.800994 seconds elapsed, finished iteration 301
[LightGBM] [Debug] Trained a tree with leaves = 255 and depth = 23
[LightGBM] [Info] Iteration:302, valid_1 auc : 0.801869
[LightGBM] [Info] 911.410880 seconds elapsed, finished iteration 302
[LightGBM] [Debug] Trained a tree with leaves = 255 and depth = 20
[LightGBM] [Info] Iteration:303, valid_1 auc : 0.801884
[LightGBM] [Info] 913.297781 seconds elapsed, finished iteration 303
[LightGBM] [Debug] Trained a tree with leaves = 255 and depth = 23
[LightGBM] [Info] Iteration:304, valid_1 auc : 0.801911
[LightGBM] [Info] 915.922839 seconds elapsed, finished iteration 304
[LightGBM] [Debug] Trained a tree with leaves = 255 and depth = 18
[LightGBM] [Info] Iteration:305, valid_1 auc : 0.801921
[LightGBM] [Info] 918.165049 seconds elapsed, finished iteration 305
[LightGBM] [Debug] Trained a tree with leaves = 255 and depth = 17
[LightGBM] [Info] Iteration:306, valid_1 auc : 0.801938
[LightGBM] [Info] 920.563759 seconds elapsed, finished iteration 306
[LightGBM] [Debug] Trained a tree with leaves = 255 and depth = 20
[LightGBM] [Info] Iteration:307, valid_1 auc : 0.801948
[LightGBM] [Info] 923.169816 seconds elapsed, finished iteration 307
[LightGBM] [Debug] Trained a tree with leaves = 255 and depth = 19
[LightGBM] [Info] Iteration:308, valid_1 auc : 0.801964
[LightGBM] [Info] 925.284485 seconds elapsed, finished iteration 308
[LightGBM] [Debug] Trained a tree with leaves = 255 and depth = 29
[LightGBM] [Info] Iteration:309, valid_1 auc : 0.801983
[LightGBM] [Info] 927.778971 seconds elapsed, finished iteration 309
[LightGBM] [Debug] Trained a tree with leaves = 255 and depth = 21
[LightGBM] [Info] Iteration:310, valid_1 auc : 0.801993
[LightGBM] [Info] 930.244426 seconds elapsed, finished iteration 310
[LightGBM] [Debug] Trained a tree with leaves = 255 and depth = 24
[LightGBM] [Info] Iteration:311, valid_1 auc : 0.802005
[LightGBM] [Info] 931.885620 seconds elapsed, finished iteration 311
[LightGBM] [Debug] Trained a tree with leaves = 255 and depth = 22
[LightGBM] [Info] Iteration:312, valid_1 auc : 0.802009
[LightGBM] [Info] 933.720464 seconds elapsed, finished iteration 312
[LightGBM] [Debug] Trained a tree with leaves = 255 and depth = 16
[LightGBM] [Info] Iteration:313, valid_1 auc : 0.802027
[LightGBM] [Info] 936.367739 seconds elapsed, finished iteration 313
[LightGBM] [Debug] Trained a tree with leaves = 255 and depth = 21
[LightGBM] [Info] Iteration:314, valid_1 auc : 0.802032
[LightGBM] [Info] 938.213779 seconds elapsed, finished iteration 314
[LightGBM] [Debug] Trained a tree with leaves = 255 and depth = 22
[LightGBM] [Info] Iteration:315, valid_1 auc : 0.802042
[LightGBM] [Info] 940.382134 seconds elapsed, finished iteration 315
[LightGBM] [Debug] Trained a tree with leaves = 255 and depth = 20
[LightGBM] [Info] Iteration:316, valid_1 auc : 0.802052
[LightGBM] [Info] 942.170010 seconds elapsed, finished iteration 316
[LightGBM] [Debug] Trained a tree with leaves = 255 and depth = 19
[LightGBM] [Info] Iteration:317, valid_1 auc : 0.802061
[LightGBM] [Info] 943.987071 seconds elapsed, finished iteration 317
[LightGBM] [Debug] Trained a tree with leaves = 255 and depth = 18
[LightGBM] [Info] Iteration:318, valid_1 auc : 0.80208
[LightGBM] [Info] 946.037660 seconds elapsed, finished iteration 318
[LightGBM] [Debug] Trained a tree with leaves = 255 and depth = 20
[LightGBM] [Info] Iteration:319, valid_1 auc : 0.802097
[LightGBM] [Info] 948.212998 seconds elapsed, finished iteration 319
[LightGBM] [Debug] Trained a tree with leaves = 255 and depth = 22
[LightGBM] [Info] Iteration:320, valid_1 auc : 0.80211
[LightGBM] [Info] 950.979844 seconds elapsed, finished iteration 320
[LightGBM] [Debug] Trained a tree with leaves = 255 and depth = 28
[LightGBM] [Info] Iteration:321, valid_1 auc : 0.802122
[LightGBM] [Info] 952.874331 seconds elapsed, finished iteration 321
[LightGBM] [Debug] Trained a tree with leaves = 255 and depth = 19
[LightGBM] [Info] Iteration:322, valid_1 auc : 0.802132
[LightGBM] [Info] 955.071703 seconds elapsed, finished iteration 322
[LightGBM] [Debug] Trained a tree with leaves = 255 and depth = 19
[LightGBM] [Info] Iteration:323, valid_1 auc : 0.802148
[LightGBM] [Info] 957.004025 seconds elapsed, finished iteration 323
[LightGBM] [Debug] Trained a tree with leaves = 255 and depth = 23
[LightGBM] [Info] Iteration:324, valid_1 auc : 0.802161
[LightGBM] [Info] 958.641390 seconds elapsed, finished iteration 324
[LightGBM] [Debug] Trained a tree with leaves = 255 and depth = 23
[LightGBM] [Info] Iteration:325, valid_1 auc : 0.802166
[LightGBM] [Info] 961.138080 seconds elapsed, finished iteration 325
[LightGBM] [Debug] Trained a tree with leaves = 255 and depth = 23
[LightGBM] [Info] Iteration:326, valid_1 auc : 0.802178
[LightGBM] [Info] 963.526428 seconds elapsed, finished iteration 326
[LightGBM] [Debug] Trained a tree with leaves = 255 and depth = 20
[LightGBM] [Info] Iteration:327, valid_1 auc : 0.802191
[LightGBM] [Info] 966.641450 seconds elapsed, finished iteration 327
[LightGBM] [Debug] Trained a tree with leaves = 255 and depth = 21
[LightGBM] [Info] Iteration:328, valid_1 auc : 0.802204
[LightGBM] [Info] 968.792580 seconds elapsed, finished iteration 328
[LightGBM] [Debug] Trained a tree with leaves = 255 and depth = 20
[LightGBM] [Info] Iteration:329, valid_1 auc : 0.802211
[LightGBM] [Info] 970.499799 seconds elapsed, finished iteration 329
[LightGBM] [Debug] Trained a tree with leaves = 255 and depth = 18
[LightGBM] [Info] Iteration:330, valid_1 auc : 0.802228
[LightGBM] [Info] 972.623830 seconds elapsed, finished iteration 330
[LightGBM] [Debug] Trained a tree with leaves = 255 and depth = 24
[LightGBM] [Info] Iteration:331, valid_1 auc : 0.802236
[LightGBM] [Info] 974.643551 seconds elapsed, finished iteration 331
[LightGBM] [Debug] Trained a tree with leaves = 255 and depth = 26
[LightGBM] [Info] Iteration:332, valid_1 auc : 0.802255
[LightGBM] [Info] 976.822199 seconds elapsed, finished iteration 332
[LightGBM] [Debug] Trained a tree with leaves = 255 and depth = 20
[LightGBM] [Info] Iteration:333, valid_1 auc : 0.802262
[LightGBM] [Info] 978.660528 seconds elapsed, finished iteration 333
[LightGBM] [Debug] Trained a tree with leaves = 255 and depth = 20
[LightGBM] [Info] Iteration:334, valid_1 auc : 0.802273
[LightGBM] [Info] 980.799027 seconds elapsed, finished iteration 334
[LightGBM] [Debug] Trained a tree with leaves = 255 and depth = 21
[LightGBM] [Info] Iteration:335, valid_1 auc : 0.802301
[LightGBM] [Info] 983.089694 seconds elapsed, finished iteration 335
[LightGBM] [Debug] Trained a tree with leaves = 255 and depth = 19
[LightGBM] [Info] Iteration:336, valid_1 auc : 0.802322
[LightGBM] [Info] 986.000809 seconds elapsed, finished iteration 336
[LightGBM] [Debug] Trained a tree with leaves = 255 and depth = 24
[LightGBM] [Info] Iteration:337, valid_1 auc : 0.80234
[LightGBM] [Info] 988.417587 seconds elapsed, finished iteration 337
[LightGBM] [Debug] Trained a tree with leaves = 255 and depth = 21
[LightGBM] [Info] Iteration:338, valid_1 auc : 0.802338
[LightGBM] [Info] 989.823858 seconds elapsed, finished iteration 338
[LightGBM] [Debug] Trained a tree with leaves = 255 and depth = 20
[LightGBM] [Info] Iteration:339, valid_1 auc : 0.802354
[LightGBM] [Info] 992.270668 seconds elapsed, finished iteration 339
[LightGBM] [Debug] Trained a tree with leaves = 255 and depth = 16
[LightGBM] [Info] Iteration:340, valid_1 auc : 0.802364
[LightGBM] [Info] 994.880390 seconds elapsed, finished iteration 340
[LightGBM] [Debug] Trained a tree with leaves = 255 and depth = 23
[LightGBM] [Info] Iteration:341, valid_1 auc : 0.802369
[LightGBM] [Info] 996.734259 seconds elapsed, finished iteration 341
[LightGBM] [Debug] Trained a tree with leaves = 255 and depth = 24
[LightGBM] [Info] Iteration:342, valid_1 auc : 0.80238
[LightGBM] [Info] 999.446526 seconds elapsed, finished iteration 342
[LightGBM] [Debug] Trained a tree with leaves = 255 and depth = 23
[LightGBM] [Info] Iteration:343, valid_1 auc : 0.802383
[LightGBM] [Info] 1001.213240 seconds elapsed, finished iteration 343
[LightGBM] [Debug] Trained a tree with leaves = 255 and depth = 19
[LightGBM] [Info] Iteration:344, valid_1 auc : 0.802405
[LightGBM] [Info] 1003.972151 seconds elapsed, finished iteration 344
[LightGBM] [Debug] Trained a tree with leaves = 255 and depth = 18
[LightGBM] [Info] Iteration:345, valid_1 auc : 0.802422
[LightGBM] [Info] 1006.132253 seconds elapsed, finished iteration 345
[LightGBM] [Debug] Trained a tree with leaves = 255 and depth = 19
[LightGBM] [Info] Iteration:346, valid_1 auc : 0.802429
[LightGBM] [Info] 1008.106054 seconds elapsed, finished iteration 346
[LightGBM] [Debug] Trained a tree with leaves = 255 and depth = 24
[LightGBM] [Info] Iteration:347, valid_1 auc : 0.802443
[LightGBM] [Info] 1010.249516 seconds elapsed, finished iteration 347
[LightGBM] [Debug] Trained a tree with leaves = 255 and depth = 24
[LightGBM] [Info] Iteration:348, valid_1 auc : 0.802457
[LightGBM] [Info] 1012.523393 seconds elapsed, finished iteration 348
[LightGBM] [Debug] Trained a tree with leaves = 255 and depth = 24
[LightGBM] [Info] Iteration:349, valid_1 auc : 0.802468
[LightGBM] [Info] 1015.201691 seconds elapsed, finished iteration 349
[LightGBM] [Debug] Trained a tree with leaves = 255 and depth = 21
[LightGBM] [Info] Iteration:350, valid_1 auc : 0.802502
[LightGBM] [Info] 1017.922951 seconds elapsed, finished iteration 350
[LightGBM] [Debug] Trained a tree with leaves = 255 and depth = 27
[LightGBM] [Info] Iteration:351, valid_1 auc : 0.802513
[LightGBM] [Info] 1020.197467 seconds elapsed, finished iteration 351
[LightGBM] [Debug] Trained a tree with leaves = 255 and depth = 23
[LightGBM] [Info] Iteration:352, valid_1 auc : 0.802523
[LightGBM] [Info] 1022.470840 seconds elapsed, finished iteration 352
[LightGBM] [Debug] Trained a tree with leaves = 255 and depth = 18
[LightGBM] [Info] Iteration:353, valid_1 auc : 0.802532
[LightGBM] [Info] 1024.634882 seconds elapsed, finished iteration 353
[LightGBM] [Debug] Trained a tree with leaves = 255 and depth = 25
[LightGBM] [Info] Iteration:354, valid_1 auc : 0.802541
[LightGBM] [Info] 1026.614219 seconds elapsed, finished iteration 354
[LightGBM] [Debug] Trained a tree with leaves = 255 and depth = 21
[LightGBM] [Info] Iteration:355, valid_1 auc : 0.802555
[LightGBM] [Info] 1029.040058 seconds elapsed, finished iteration 355
[LightGBM] [Debug] Trained a tree with leaves = 255 and depth = 27
[LightGBM] [Info] Iteration:356, valid_1 auc : 0.802573
[LightGBM] [Info] 1032.068345 seconds elapsed, finished iteration 356
[LightGBM] [Debug] Trained a tree with leaves = 255 and depth = 17
[LightGBM] [Info] Iteration:357, valid_1 auc : 0.802588
[LightGBM] [Info] 1034.641024 seconds elapsed, finished iteration 357
[LightGBM] [Debug] Trained a tree with leaves = 255 and depth = 19
[LightGBM] [Info] Iteration:358, valid_1 auc : 0.802599
[LightGBM] [Info] 1038.079632 seconds elapsed, finished iteration 358
[LightGBM] [Debug] Trained a tree with leaves = 255 and depth = 32
[LightGBM] [Info] Iteration:359, valid_1 auc : 0.802604
[LightGBM] [Info] 1040.256385 seconds elapsed, finished iteration 359
[LightGBM] [Debug] Trained a tree with leaves = 255 and depth = 19
[LightGBM] [Info] Iteration:360, valid_1 auc : 0.802619
[LightGBM] [Info] 1042.204270 seconds elapsed, finished iteration 360
[LightGBM] [Debug] Trained a tree with leaves = 255 and depth = 26
[LightGBM] [Info] Iteration:361, valid_1 auc : 0.802629
[LightGBM] [Info] 1044.206294 seconds elapsed, finished iteration 361
[LightGBM] [Debug] Trained a tree with leaves = 255 and depth = 20
[LightGBM] [Info] Iteration:362, valid_1 auc : 0.802655
[LightGBM] [Info] 1046.875991 seconds elapsed, finished iteration 362
[LightGBM] [Debug] Trained a tree with leaves = 255 and depth = 23
[LightGBM] [Info] Iteration:363, valid_1 auc : 0.802672
[LightGBM] [Info] 1049.530686 seconds elapsed, finished iteration 363
[LightGBM] [Debug] Trained a tree with leaves = 255 and depth = 22
[LightGBM] [Info] Iteration:364, valid_1 auc : 0.802692
[LightGBM] [Info] 1051.935816 seconds elapsed, finished iteration 364
[LightGBM] [Debug] Trained a tree with leaves = 255 and depth = 18
[LightGBM] [Info] Iteration:365, valid_1 auc : 0.8027
[LightGBM] [Info] 1054.021074 seconds elapsed, finished iteration 365
[LightGBM] [Debug] Trained a tree with leaves = 255 and depth = 19
[LightGBM] [Info] Iteration:366, valid_1 auc : 0.80271
[LightGBM] [Info] 1056.565940 seconds elapsed, finished iteration 366
[LightGBM] [Debug] Trained a tree with leaves = 255 and depth = 17
[LightGBM] [Info] Iteration:367, valid_1 auc : 0.802715
[LightGBM] [Info] 1058.810547 seconds elapsed, finished iteration 367
[LightGBM] [Debug] Trained a tree with leaves = 255 and depth = 24
[LightGBM] [Info] Iteration:368, valid_1 auc : 0.802721
[LightGBM] [Info] 1061.050746 seconds elapsed, finished iteration 368
[LightGBM] [Debug] Trained a tree with leaves = 255 and depth = 23
[LightGBM] [Info] Iteration:369, valid_1 auc : 0.802727
[LightGBM] [Info] 1063.518376 seconds elapsed, finished iteration 369
[LightGBM] [Debug] Trained a tree with leaves = 255 and depth = 25
[LightGBM] [Info] Iteration:370, valid_1 auc : 0.802736
[LightGBM] [Info] 1066.019456 seconds elapsed, finished iteration 370
[LightGBM] [Debug] Trained a tree with leaves = 255 and depth = 20
[LightGBM] [Info] Iteration:371, valid_1 auc : 0.802752
[LightGBM] [Info] 1068.397847 seconds elapsed, finished iteration 371
[LightGBM] [Debug] Trained a tree with leaves = 255 and depth = 18
[LightGBM] [Info] Iteration:372, valid_1 auc : 0.80276
[LightGBM] [Info] 1071.673707 seconds elapsed, finished iteration 372
[LightGBM] [Debug] Trained a tree with leaves = 255 and depth = 18
[LightGBM] [Info] Iteration:373, valid_1 auc : 0.802771
[LightGBM] [Info] 1074.976097 seconds elapsed, finished iteration 373
[LightGBM] [Debug] Trained a tree with leaves = 255 and depth = 18
[LightGBM] [Info] Iteration:374, valid_1 auc : 0.802784
[LightGBM] [Info] 1077.860484 seconds elapsed, finished iteration 374
[LightGBM] [Debug] Trained a tree with leaves = 255 and depth = 21
[LightGBM] [Info] Iteration:375, valid_1 auc : 0.802801
[LightGBM] [Info] 1081.100380 seconds elapsed, finished iteration 375
[LightGBM] [Debug] Trained a tree with leaves = 255 and depth = 21
[LightGBM] [Info] Iteration:376, valid_1 auc : 0.802814
[LightGBM] [Info] 1083.751273 seconds elapsed, finished iteration 376
[LightGBM] [Debug] Trained a tree with leaves = 255 and depth = 22
[LightGBM] [Info] Iteration:377, valid_1 auc : 0.80282
[LightGBM] [Info] 1086.455638 seconds elapsed, finished iteration 377
[LightGBM] [Debug] Trained a tree with leaves = 255 and depth = 18
[LightGBM] [Info] Iteration:378, valid_1 auc : 0.802833
[LightGBM] [Info] 1089.641054 seconds elapsed, finished iteration 378
[LightGBM] [Debug] Trained a tree with leaves = 255 and depth = 17
[LightGBM] [Info] Iteration:379, valid_1 auc : 0.802834
[LightGBM] [Info] 1091.638062 seconds elapsed, finished iteration 379
[LightGBM] [Debug] Trained a tree with leaves = 255 and depth = 28
[LightGBM] [Info] Iteration:380, valid_1 auc : 0.802834
[LightGBM] [Info] 1093.572347 seconds elapsed, finished iteration 380
[LightGBM] [Debug] Trained a tree with leaves = 255 and depth = 17
[LightGBM] [Info] Iteration:381, valid_1 auc : 0.802838
[LightGBM] [Info] 1095.924995 seconds elapsed, finished iteration 381
[LightGBM] [Debug] Trained a tree with leaves = 255 and depth = 18
[LightGBM] [Info] Iteration:382, valid_1 auc : 0.802867
[LightGBM] [Info] 1098.272712 seconds elapsed, finished iteration 382
[LightGBM] [Debug] Trained a tree with leaves = 255 and depth = 21
[LightGBM] [Info] Iteration:383, valid_1 auc : 0.802869
[LightGBM] [Info] 1100.487554 seconds elapsed, finished iteration 383
[LightGBM] [Debug] Trained a tree with leaves = 255 and depth = 18
[LightGBM] [Info] Iteration:384, valid_1 auc : 0.802884
[LightGBM] [Info] 1103.373574 seconds elapsed, finished iteration 384
[LightGBM] [Debug] Trained a tree with leaves = 255 and depth = 18
[LightGBM] [Info] Iteration:385, valid_1 auc : 0.8029
[LightGBM] [Info] 1106.185941 seconds elapsed, finished iteration 385
[LightGBM] [Debug] Trained a tree with leaves = 255 and depth = 24
[LightGBM] [Info] Iteration:386, valid_1 auc : 0.80291
[LightGBM] [Info] 1109.041929 seconds elapsed, finished iteration 386
[LightGBM] [Debug] Trained a tree with leaves = 255 and depth = 17
[LightGBM] [Info] Iteration:387, valid_1 auc : 0.802922
[LightGBM] [Info] 1110.919478 seconds elapsed, finished iteration 387
[LightGBM] [Debug] Trained a tree with leaves = 255 and depth = 21
[LightGBM] [Info] Iteration:388, valid_1 auc : 0.802936
[LightGBM] [Info] 1113.362607 seconds elapsed, finished iteration 388
[LightGBM] [Debug] Trained a tree with leaves = 255 and depth = 22
[LightGBM] [Info] Iteration:389, valid_1 auc : 0.802939
[LightGBM] [Info] 1116.191504 seconds elapsed, finished iteration 389
[LightGBM] [Debug] Trained a tree with leaves = 255 and depth = 27
[LightGBM] [Info] Iteration:390, valid_1 auc : 0.802951
[LightGBM] [Info] 1118.335293 seconds elapsed, finished iteration 390
[LightGBM] [Debug] Trained a tree with leaves = 255 and depth = 24
[LightGBM] [Info] Iteration:391, valid_1 auc : 0.802953
[LightGBM] [Info] 1120.014061 seconds elapsed, finished iteration 391
[LightGBM] [Debug] Trained a tree with leaves = 255 and depth = 21
[LightGBM] [Info] Iteration:392, valid_1 auc : 0.80297
[LightGBM] [Info] 1123.053602 seconds elapsed, finished iteration 392
[LightGBM] [Debug] Trained a tree with leaves = 255 and depth = 23
[LightGBM] [Info] Iteration:393, valid_1 auc : 0.802975
[LightGBM] [Info] 1125.166930 seconds elapsed, finished iteration 393
[LightGBM] [Debug] Trained a tree with leaves = 255 and depth = 17
[LightGBM] [Info] Iteration:394, valid_1 auc : 0.802984
[LightGBM] [Info] 1127.820111 seconds elapsed, finished iteration 394
[LightGBM] [Debug] Trained a tree with leaves = 255 and depth = 22
[LightGBM] [Info] Iteration:395, valid_1 auc : 0.802997
[LightGBM] [Info] 1130.260228 seconds elapsed, finished iteration 395
[LightGBM] [Debug] Trained a tree with leaves = 255 and depth = 21
[LightGBM] [Info] Iteration:396, valid_1 auc : 0.803003
[LightGBM] [Info] 1132.548957 seconds elapsed, finished iteration 396
[LightGBM] [Debug] Trained a tree with leaves = 255 and depth = 18
[LightGBM] [Info] Iteration:397, valid_1 auc : 0.803007
[LightGBM] [Info] 1135.009044 seconds elapsed, finished iteration 397
[LightGBM] [Debug] Trained a tree with leaves = 255 and depth = 22
[LightGBM] [Info] Iteration:398, valid_1 auc : 0.803011
[LightGBM] [Info] 1137.045461 seconds elapsed, finished iteration 398
[LightGBM] [Debug] Trained a tree with leaves = 255 and depth = 24
[LightGBM] [Info] Iteration:399, valid_1 auc : 0.803018
[LightGBM] [Info] 1139.580150 seconds elapsed, finished iteration 399
[LightGBM] [Debug] Trained a tree with leaves = 255 and depth = 25
[LightGBM] [Info] Iteration:400, valid_1 auc : 0.803018
[LightGBM] [Info] 1141.530901 seconds elapsed, finished iteration 400
[LightGBM] [Debug] Trained a tree with leaves = 255 and depth = 21
[LightGBM] [Info] Iteration:401, valid_1 auc : 0.803022
[LightGBM] [Info] 1143.506616 seconds elapsed, finished iteration 401
[LightGBM] [Debug] Trained a tree with leaves = 255 and depth = 19
[LightGBM] [Info] Iteration:402, valid_1 auc : 0.803029
[LightGBM] [Info] 1146.507456 seconds elapsed, finished iteration 402
[LightGBM] [Debug] Trained a tree with leaves = 255 and depth = 24
[LightGBM] [Info] Iteration:403, valid_1 auc : 0.803034
[LightGBM] [Info] 1148.433934 seconds elapsed, finished iteration 403
[LightGBM] [Debug] Trained a tree with leaves = 255 and depth = 22
[LightGBM] [Info] Iteration:404, valid_1 auc : 0.803041
[LightGBM] [Info] 1150.988212 seconds elapsed, finished iteration 404
[LightGBM] [Debug] Trained a tree with leaves = 255 and depth = 23
[LightGBM] [Info] Iteration:405, valid_1 auc : 0.803052
[LightGBM] [Info] 1153.372149 seconds elapsed, finished iteration 405
[LightGBM] [Debug] Trained a tree with leaves = 255 and depth = 28
[LightGBM] [Info] Iteration:406, valid_1 auc : 0.803067
[LightGBM] [Info] 1155.350051 seconds elapsed, finished iteration 406
[LightGBM] [Debug] Trained a tree with leaves = 255 and depth = 20
[LightGBM] [Info] Iteration:407, valid_1 auc : 0.803072
[LightGBM] [Info] 1157.138956 seconds elapsed, finished iteration 407
[LightGBM] [Debug] Trained a tree with leaves = 255 and depth = 17
[LightGBM] [Info] Iteration:408, valid_1 auc : 0.803054
[LightGBM] [Info] 1158.811213 seconds elapsed, finished iteration 408
[LightGBM] [Debug] Trained a tree with leaves = 255 and depth = 22
[LightGBM] [Info] Iteration:409, valid_1 auc : 0.803057
[LightGBM] [Info] 1160.647547 seconds elapsed, finished iteration 409
[LightGBM] [Debug] Trained a tree with leaves = 255 and depth = 24
[LightGBM] [Info] Iteration:410, valid_1 auc : 0.803066
[LightGBM] [Info] 1162.655707 seconds elapsed, finished iteration 410
[LightGBM] [Debug] Trained a tree with leaves = 255 and depth = 24
[LightGBM] [Info] Iteration:411, valid_1 auc : 0.803075
[LightGBM] [Info] 1164.968154 seconds elapsed, finished iteration 411
[LightGBM] [Debug] Trained a tree with leaves = 255 and depth = 25
[LightGBM] [Info] Iteration:412, valid_1 auc : 0.803085
[LightGBM] [Info] 1167.779838 seconds elapsed, finished iteration 412
[LightGBM] [Debug] Trained a tree with leaves = 255 and depth = 25
[LightGBM] [Info] Iteration:413, valid_1 auc : 0.803091
[LightGBM] [Info] 1170.422143 seconds elapsed, finished iteration 413
[LightGBM] [Debug] Trained a tree with leaves = 255 and depth = 18
[LightGBM] [Info] Iteration:414, valid_1 auc : 0.803099
[LightGBM] [Info] 1172.514004 seconds elapsed, finished iteration 414
[LightGBM] [Debug] Trained a tree with leaves = 255 and depth = 18
[LightGBM] [Info] Iteration:415, valid_1 auc : 0.803101
[LightGBM] [Info] 1174.572864 seconds elapsed, finished iteration 415
[LightGBM] [Debug] Trained a tree with leaves = 255 and depth = 22
[LightGBM] [Info] Iteration:416, valid_1 auc : 0.803105
[LightGBM] [Info] 1176.846945 seconds elapsed, finished iteration 416
[LightGBM] [Debug] Trained a tree with leaves = 255 and depth = 25
[LightGBM] [Info] Iteration:417, valid_1 auc : 0.803119
[LightGBM] [Info] 1179.403884 seconds elapsed, finished iteration 417
[LightGBM] [Debug] Trained a tree with leaves = 255 and depth = 20
[LightGBM] [Info] Iteration:418, valid_1 auc : 0.803128
[LightGBM] [Info] 1182.168662 seconds elapsed, finished iteration 418
[LightGBM] [Debug] Trained a tree with leaves = 255 and depth = 19
[LightGBM] [Info] Iteration:419, valid_1 auc : 0.80313
[LightGBM] [Info] 1184.092860 seconds elapsed, finished iteration 419
[LightGBM] [Debug] Trained a tree with leaves = 255 and depth = 22
[LightGBM] [Info] Iteration:420, valid_1 auc : 0.803132
[LightGBM] [Info] 1186.668799 seconds elapsed, finished iteration 420
[LightGBM] [Debug] Trained a tree with leaves = 255 and depth = 23
[LightGBM] [Info] Iteration:421, valid_1 auc : 0.803141
[LightGBM] [Info] 1188.880762 seconds elapsed, finished iteration 421
[LightGBM] [Debug] Trained a tree with leaves = 255 and depth = 20
[LightGBM] [Info] Iteration:422, valid_1 auc : 0.803119
[LightGBM] [Info] 1191.872212 seconds elapsed, finished iteration 422
[LightGBM] [Debug] Trained a tree with leaves = 255 and depth = 25
[LightGBM] [Info] Iteration:423, valid_1 auc : 0.803127
[LightGBM] [Info] 1194.392039 seconds elapsed, finished iteration 423
[LightGBM] [Debug] Trained a tree with leaves = 255 and depth = 21
[LightGBM] [Info] Iteration:424, valid_1 auc : 0.803133
[LightGBM] [Info] 1196.383347 seconds elapsed, finished iteration 424
[LightGBM] [Debug] Trained a tree with leaves = 255 and depth = 26
[LightGBM] [Info] Iteration:425, valid_1 auc : 0.803137
[LightGBM] [Info] 1198.958599 seconds elapsed, finished iteration 425
[LightGBM] [Debug] Trained a tree with leaves = 255 and depth = 25
[LightGBM] [Info] Iteration:426, valid_1 auc : 0.803141
[LightGBM] [Info] 1201.218101 seconds elapsed, finished iteration 426
[LightGBM] [Debug] Trained a tree with leaves = 255 and depth = 21
[LightGBM] [Info] Iteration:427, valid_1 auc : 0.803153
[LightGBM] [Info] 1203.852492 seconds elapsed, finished iteration 427
[LightGBM] [Debug] Trained a tree with leaves = 255 and depth = 21
[LightGBM] [Info] Iteration:428, valid_1 auc : 0.803195
[LightGBM] [Info] 1205.958446 seconds elapsed, finished iteration 428
[LightGBM] [Debug] Trained a tree with leaves = 255 and depth = 21
[LightGBM] [Info] Iteration:429, valid_1 auc : 0.803202
[LightGBM] [Info] 1208.319469 seconds elapsed, finished iteration 429
[LightGBM] [Debug] Trained a tree with leaves = 255 and depth = 21
[LightGBM] [Info] Iteration:430, valid_1 auc : 0.803208
[LightGBM] [Info] 1209.850762 seconds elapsed, finished iteration 430
[LightGBM] [Debug] Trained a tree with leaves = 255 and depth = 23
[LightGBM] [Info] Iteration:431, valid_1 auc : 0.803223
[LightGBM] [Info] 1211.835767 seconds elapsed, finished iteration 431
[LightGBM] [Debug] Trained a tree with leaves = 255 and depth = 26
[LightGBM] [Info] Iteration:432, valid_1 auc : 0.803226
[LightGBM] [Info] 1213.635647 seconds elapsed, finished iteration 432
[LightGBM] [Debug] Trained a tree with leaves = 255 and depth = 22
[LightGBM] [Info] Iteration:433, valid_1 auc : 0.803226
[LightGBM] [Info] 1215.320147 seconds elapsed, finished iteration 433
[LightGBM] [Debug] Trained a tree with leaves = 255 and depth = 21
[LightGBM] [Info] Iteration:434, valid_1 auc : 0.803239
[LightGBM] [Info] 1217.475485 seconds elapsed, finished iteration 434
[LightGBM] [Debug] Trained a tree with leaves = 255 and depth = 19
[LightGBM] [Info] Iteration:435, valid_1 auc : 0.803246
[LightGBM] [Info] 1220.296283 seconds elapsed, finished iteration 435
[LightGBM] [Debug] Trained a tree with leaves = 255 and depth = 22
[LightGBM] [Info] Iteration:436, valid_1 auc : 0.803256
[LightGBM] [Info] 1222.871705 seconds elapsed, finished iteration 436
[LightGBM] [Debug] Trained a tree with leaves = 255 and depth = 20
[LightGBM] [Info] Iteration:437, valid_1 auc : 0.80326
[LightGBM] [Info] 1224.947779 seconds elapsed, finished iteration 437
[LightGBM] [Debug] Trained a tree with leaves = 255 and depth = 25
[LightGBM] [Info] Iteration:438, valid_1 auc : 0.803266
[LightGBM] [Info] 1227.822068 seconds elapsed, finished iteration 438
[LightGBM] [Debug] Trained a tree with leaves = 255 and depth = 19
[LightGBM] [Info] Iteration:439, valid_1 auc : 0.803271
[LightGBM] [Info] 1229.659787 seconds elapsed, finished iteration 439
[LightGBM] [Debug] Trained a tree with leaves = 255 and depth = 21
[LightGBM] [Info] Iteration:440, valid_1 auc : 0.803273
[LightGBM] [Info] 1231.463724 seconds elapsed, finished iteration 440
[LightGBM] [Debug] Trained a tree with leaves = 255 and depth = 20
[LightGBM] [Info] Iteration:441, valid_1 auc : 0.803277
[LightGBM] [Info] 1233.825598 seconds elapsed, finished iteration 441
[LightGBM] [Debug] Trained a tree with leaves = 255 and depth = 20
[LightGBM] [Info] Iteration:442, valid_1 auc : 0.803285
[LightGBM] [Info] 1236.020985 seconds elapsed, finished iteration 442
[LightGBM] [Debug] Trained a tree with leaves = 255 and depth = 21
[LightGBM] [Info] Iteration:443, valid_1 auc : 0.803298
[LightGBM] [Info] 1237.800727 seconds elapsed, finished iteration 443
[LightGBM] [Debug] Trained a tree with leaves = 255 and depth = 23
[LightGBM] [Info] Iteration:444, valid_1 auc : 0.803299
[LightGBM] [Info] 1239.247165 seconds elapsed, finished iteration 444
[LightGBM] [Debug] Trained a tree with leaves = 255 and depth = 20
[LightGBM] [Info] Iteration:445, valid_1 auc : 0.803301
[LightGBM] [Info] 1241.111788 seconds elapsed, finished iteration 445
[LightGBM] [Debug] Trained a tree with leaves = 255 and depth = 18
[LightGBM] [Info] Iteration:446, valid_1 auc : 0.803308
[LightGBM] [Info] 1243.128297 seconds elapsed, finished iteration 446
[LightGBM] [Debug] Trained a tree with leaves = 255 and depth = 24
[LightGBM] [Info] Iteration:447, valid_1 auc : 0.803315
[LightGBM] [Info] 1244.974744 seconds elapsed, finished iteration 447
[LightGBM] [Debug] Trained a tree with leaves = 255 and depth = 24
[LightGBM] [Info] Iteration:448, valid_1 auc : 0.803319
[LightGBM] [Info] 1246.396807 seconds elapsed, finished iteration 448
[LightGBM] [Debug] Trained a tree with leaves = 255 and depth = 23
[LightGBM] [Info] Iteration:449, valid_1 auc : 0.803338
[LightGBM] [Info] 1247.831591 seconds elapsed, finished iteration 449
[LightGBM] [Debug] Trained a tree with leaves = 255 and depth = 18
[LightGBM] [Info] Iteration:450, valid_1 auc : 0.803351
[LightGBM] [Info] 1250.089201 seconds elapsed, finished iteration 450
[LightGBM] [Debug] Trained a tree with leaves = 255 and depth = 22
[LightGBM] [Info] Iteration:451, valid_1 auc : 0.803363
[LightGBM] [Info] 1252.069441 seconds elapsed, finished iteration 451
[LightGBM] [Debug] Trained a tree with leaves = 255 and depth = 20
[LightGBM] [Info] Iteration:452, valid_1 auc : 0.803374
[LightGBM] [Info] 1254.361217 seconds elapsed, finished iteration 452
[LightGBM] [Debug] Trained a tree with leaves = 255 and depth = 17
[LightGBM] [Info] Iteration:453, valid_1 auc : 0.803388
[LightGBM] [Info] 1256.983427 seconds elapsed, finished iteration 453
[LightGBM] [Debug] Trained a tree with leaves = 255 and depth = 23
[LightGBM] [Info] Iteration:454, valid_1 auc : 0.803396
[LightGBM] [Info] 1259.295266 seconds elapsed, finished iteration 454
[LightGBM] [Debug] Trained a tree with leaves = 255 and depth = 16
[LightGBM] [Info] Iteration:455, valid_1 auc : 0.803421
[LightGBM] [Info] 1261.392180 seconds elapsed, finished iteration 455
[LightGBM] [Debug] Trained a tree with leaves = 255 and depth = 27
[LightGBM] [Info] Iteration:456, valid_1 auc : 0.803423
[LightGBM] [Info] 1263.415971 seconds elapsed, finished iteration 456
[LightGBM] [Debug] Trained a tree with leaves = 255 and depth = 17
[LightGBM] [Info] Iteration:457, valid_1 auc : 0.803432
[LightGBM] [Info] 1265.708818 seconds elapsed, finished iteration 457
[LightGBM] [Debug] Trained a tree with leaves = 255 and depth = 20
[LightGBM] [Info] Iteration:458, valid_1 auc : 0.803437
[LightGBM] [Info] 1267.545455 seconds elapsed, finished iteration 458
[LightGBM] [Debug] Trained a tree with leaves = 255 and depth = 19
[LightGBM] [Info] Iteration:459, valid_1 auc : 0.80344
[LightGBM] [Info] 1269.393132 seconds elapsed, finished iteration 459
[LightGBM] [Debug] Trained a tree with leaves = 255 and depth = 25
[LightGBM] [Info] Iteration:460, valid_1 auc : 0.803459
[LightGBM] [Info] 1271.295150 seconds elapsed, finished iteration 460
[LightGBM] [Debug] Trained a tree with leaves = 255 and depth = 22
[LightGBM] [Info] Iteration:461, valid_1 auc : 0.803464
[LightGBM] [Info] 1273.137083 seconds elapsed, finished iteration 461
[LightGBM] [Debug] Trained a tree with leaves = 255 and depth = 18
[LightGBM] [Info] Iteration:462, valid_1 auc : 0.803468
[LightGBM] [Info] 1275.373552 seconds elapsed, finished iteration 462
[LightGBM] [Debug] Trained a tree with leaves = 255 and depth = 22
[LightGBM] [Info] Iteration:463, valid_1 auc : 0.803474
[LightGBM] [Info] 1276.917251 seconds elapsed, finished iteration 463
[LightGBM] [Debug] Trained a tree with leaves = 255 and depth = 22
[LightGBM] [Info] Iteration:464, valid_1 auc : 0.803487
[LightGBM] [Info] 1279.371118 seconds elapsed, finished iteration 464
[LightGBM] [Debug] Trained a tree with leaves = 255 and depth = 16
[LightGBM] [Info] Iteration:465, valid_1 auc : 0.803492
[LightGBM] [Info] 1281.544261 seconds elapsed, finished iteration 465
[LightGBM] [Debug] Trained a tree with leaves = 255 and depth = 21
[LightGBM] [Info] Iteration:466, valid_1 auc : 0.803498
[LightGBM] [Info] 1283.360496 seconds elapsed, finished iteration 466
[LightGBM] [Debug] Trained a tree with leaves = 255 and depth = 24
[LightGBM] [Info] Iteration:467, valid_1 auc : 0.803508
[LightGBM] [Info] 1285.513842 seconds elapsed, finished iteration 467
[LightGBM] [Debug] Trained a tree with leaves = 255 and depth = 24
[LightGBM] [Info] Iteration:468, valid_1 auc : 0.80351
[LightGBM] [Info] 1287.066053 seconds elapsed, finished iteration 468
[LightGBM] [Debug] Trained a tree with leaves = 255 and depth = 22
[LightGBM] [Info] Iteration:469, valid_1 auc : 0.803512
[LightGBM] [Info] 1288.700784 seconds elapsed, finished iteration 469
[LightGBM] [Debug] Trained a tree with leaves = 255 and depth = 24
[LightGBM] [Info] Iteration:470, valid_1 auc : 0.803518
[LightGBM] [Info] 1291.006006 seconds elapsed, finished iteration 470
[LightGBM] [Debug] Trained a tree with leaves = 255 and depth = 19
[LightGBM] [Info] Iteration:471, valid_1 auc : 0.803523
[LightGBM] [Info] 1292.950228 seconds elapsed, finished iteration 471
[LightGBM] [Debug] Trained a tree with leaves = 255 and depth = 21
[LightGBM] [Info] Iteration:472, valid_1 auc : 0.803527
[LightGBM] [Info] 1294.713256 seconds elapsed, finished iteration 472
[LightGBM] [Debug] Trained a tree with leaves = 255 and depth = 23
[LightGBM] [Info] Iteration:473, valid_1 auc : 0.803533
[LightGBM] [Info] 1296.901583 seconds elapsed, finished iteration 473
[LightGBM] [Debug] Trained a tree with leaves = 255 and depth = 23
[LightGBM] [Info] Iteration:474, valid_1 auc : 0.803535
[LightGBM] [Info] 1298.843228 seconds elapsed, finished iteration 474
[LightGBM] [Debug] Trained a tree with leaves = 255 and depth = 20
[LightGBM] [Info] Iteration:475, valid_1 auc : 0.803539
[LightGBM] [Info] 1300.875204 seconds elapsed, finished iteration 475
[LightGBM] [Debug] Trained a tree with leaves = 255 and depth = 24
[LightGBM] [Info] Iteration:476, valid_1 auc : 0.803541
[LightGBM] [Info] 1302.693696 seconds elapsed, finished iteration 476
[LightGBM] [Debug] Trained a tree with leaves = 255 and depth = 21
[LightGBM] [Info] Iteration:477, valid_1 auc : 0.803548
[LightGBM] [Info] 1304.819641 seconds elapsed, finished iteration 477
[LightGBM] [Debug] Trained a tree with leaves = 255 and depth = 24
[LightGBM] [Info] Iteration:478, valid_1 auc : 0.803555
[LightGBM] [Info] 1307.145236 seconds elapsed, finished iteration 478
[LightGBM] [Debug] Trained a tree with leaves = 255 and depth = 22
[LightGBM] [Info] Iteration:479, valid_1 auc : 0.803565
[LightGBM] [Info] 1309.093688 seconds elapsed, finished iteration 479
[LightGBM] [Debug] Trained a tree with leaves = 255 and depth = 19
[LightGBM] [Info] Iteration:480, valid_1 auc : 0.803569
[LightGBM] [Info] 1311.339851 seconds elapsed, finished iteration 480
[LightGBM] [Debug] Trained a tree with leaves = 255 and depth = 20
[LightGBM] [Info] Iteration:481, valid_1 auc : 0.803571
[LightGBM] [Info] 1313.680861 seconds elapsed, finished iteration 481
[LightGBM] [Debug] Trained a tree with leaves = 255 and depth = 24
[LightGBM] [Info] Iteration:482, valid_1 auc : 0.803589
[LightGBM] [Info] 1315.876206 seconds elapsed, finished iteration 482
[LightGBM] [Debug] Trained a tree with leaves = 255 and depth = 21
[LightGBM] [Info] Iteration:483, valid_1 auc : 0.803594
[LightGBM] [Info] 1317.712393 seconds elapsed, finished iteration 483
[LightGBM] [Debug] Trained a tree with leaves = 255 and depth = 20
[LightGBM] [Info] Iteration:484, valid_1 auc : 0.803599
[LightGBM] [Info] 1319.931918 seconds elapsed, finished iteration 484
[LightGBM] [Debug] Trained a tree with leaves = 255 and depth = 22
[LightGBM] [Info] Iteration:485, valid_1 auc : 0.803615
[LightGBM] [Info] 1322.495887 seconds elapsed, finished iteration 485
[LightGBM] [Debug] Trained a tree with leaves = 255 and depth = 20
[LightGBM] [Info] Iteration:486, valid_1 auc : 0.803628
[LightGBM] [Info] 1324.742757 seconds elapsed, finished iteration 486
[LightGBM] [Debug] Trained a tree with leaves = 255 and depth = 18
[LightGBM] [Info] Iteration:487, valid_1 auc : 0.80363
[LightGBM] [Info] 1326.736443 seconds elapsed, finished iteration 487
[LightGBM] [Debug] Trained a tree with leaves = 255 and depth = 24
[LightGBM] [Info] Iteration:488, valid_1 auc : 0.80364
[LightGBM] [Info] 1328.740409 seconds elapsed, finished iteration 488
[LightGBM] [Debug] Trained a tree with leaves = 255 and depth = 20
[LightGBM] [Info] Iteration:489, valid_1 auc : 0.803654
[LightGBM] [Info] 1331.058823 seconds elapsed, finished iteration 489
[LightGBM] [Debug] Trained a tree with leaves = 255 and depth = 19
[LightGBM] [Info] Iteration:490, valid_1 auc : 0.803661
[LightGBM] [Info] 1333.527902 seconds elapsed, finished iteration 490
[LightGBM] [Debug] Trained a tree with leaves = 255 and depth = 22
[LightGBM] [Info] Iteration:491, valid_1 auc : 0.80367
[LightGBM] [Info] 1335.707800 seconds elapsed, finished iteration 491
[LightGBM] [Debug] Trained a tree with leaves = 255 and depth = 20
[LightGBM] [Info] Iteration:492, valid_1 auc : 0.803683
[LightGBM] [Info] 1337.643071 seconds elapsed, finished iteration 492
[LightGBM] [Debug] Trained a tree with leaves = 255 and depth = 24
[LightGBM] [Info] Iteration:493, valid_1 auc : 0.803685
[LightGBM] [Info] 1340.030848 seconds elapsed, finished iteration 493
[LightGBM] [Debug] Trained a tree with leaves = 255 and depth = 26
[LightGBM] [Info] Iteration:494, valid_1 auc : 0.803686
[LightGBM] [Info] 1342.114250 seconds elapsed, finished iteration 494
[LightGBM] [Debug] Trained a tree with leaves = 255 and depth = 20
[LightGBM] [Info] Iteration:495, valid_1 auc : 0.803693
[LightGBM] [Info] 1344.186059 seconds elapsed, finished iteration 495
[LightGBM] [Debug] Trained a tree with leaves = 255 and depth = 18
[LightGBM] [Info] Iteration:496, valid_1 auc : 0.803717
[LightGBM] [Info] 1345.995203 seconds elapsed, finished iteration 496
[LightGBM] [Debug] Trained a tree with leaves = 255 and depth = 19
[LightGBM] [Info] Iteration:497, valid_1 auc : 0.803727
[LightGBM] [Info] 1348.474818 seconds elapsed, finished iteration 497
[LightGBM] [Debug] Trained a tree with leaves = 255 and depth = 20
[LightGBM] [Info] Iteration:498, valid_1 auc : 0.803738
[LightGBM] [Info] 1350.215390 seconds elapsed, finished iteration 498
[LightGBM] [Debug] Trained a tree with leaves = 255 and depth = 23
[LightGBM] [Info] Iteration:499, valid_1 auc : 0.803745
[LightGBM] [Info] 1351.992804 seconds elapsed, finished iteration 499
[LightGBM] [Debug] Trained a tree with leaves = 255 and depth = 20
[LightGBM] [Info] Iteration:500, valid_1 auc : 0.803748
[LightGBM] [Info] 1353.911902 seconds elapsed, finished iteration 500
[LightGBM] [Info] Finished training
